SET
                                                                                         QUERY PLAN                                                                                         
--------------------------------------------------------------------------------------------------------------------------------------------------------------------------------------------
 Finalize Aggregate  (cost=46680.35..46680.36 rows=1 width=64) (actual time=442.386..442.386 rows=1 loops=1)
   ->  Gather  (cost=46680.13..46680.34 rows=2 width=64) (actual time=442.260..455.436 rows=3 loops=1)
         Workers Planned: 2
         Workers Launched: 2
         ->  Partial Aggregate  (cost=45680.13..45680.14 rows=1 width=64) (actual time=439.551..439.552 rows=1 loops=3)
               ->  Nested Loop  (cost=4736.00..45680.12 rows=2 width=33) (actual time=64.384..439.519 rows=35 loops=3)
                     ->  Nested Loop  (cost=4735.87..45679.82 rows=2 width=37) (actual time=64.351..439.404 rows=35 loops=3)
                           ->  Hash Join  (cost=4735.44..45655.14 rows=5 width=25) (actual time=64.304..438.970 rows=37 loops=3)
                                 Hash Cond: (ci.role_id = rt.id)
                                 ->  Nested Loop  (cost=4734.28..45653.76 rows=62 width=29) (actual time=59.251..438.844 rows=50 loops=3)
                                       Join Filter: (t.id = ci.movie_id)
                                       ->  Nested Loop  (cost=4733.71..40613.13 rows=2585 width=29) (actual time=16.564..201.479 rows=1513 loops=3)
                                             ->  Parallel Hash Join  (cost=4733.28..37248.44 rows=6523 width=8) (actual time=16.479..177.945 rows=2930 loops=3)
                                                   Hash Cond: (mc.company_id = cn.id)
                                                   ->  Parallel Seq Scan on movie_companies mc  (cost=0.00..29661.37 rows=1087137 width=12) (actual time=0.023..77.238 rows=869710 loops=3)
                                                   ->  Parallel Hash  (cost=4722.92..4722.92 rows=829 width=4) (actual time=15.849..15.849 rows=454 loops=3)
                                                         Buckets: 2048  Batches: 1  Memory Usage: 112kB
                                                         ->  Parallel Seq Scan on company_name cn  (cost=0.00..4722.92 rows=829 width=4) (actual time=0.036..15.682 rows=454 loops=3)
                                                               Filter: ((country_code)::text = '[ru]'::text)
                                                               Rows Removed by Filter: 77879
                                             ->  Index Scan using title_pkey on title t  (cost=0.43..0.52 rows=1 width=21) (actual time=0.008..0.008 rows=1 loops=8790)
                                                   Index Cond: (id = mc.movie_id)
                                                   Filter: (production_year > 2005)
                                                   Rows Removed by Filter: 0
                                       ->  Index Scan using movie_id_cast_info on cast_info ci  (cost=0.56..1.94 rows=1 width=12) (actual time=0.147..0.157 rows=0 loops=4539)
                                             Index Cond: (movie_id = mc.movie_id)
                                             Filter: (((note)::text ~~ '%(voice)%'::text) AND ((note)::text ~~ '%(uncredited)%'::text))
                                             Rows Removed by Filter: 50
                                 ->  Hash  (cost=1.15..1.15 rows=1 width=4) (actual time=0.020..0.020 rows=1 loops=3)
                                       Buckets: 1024  Batches: 1  Memory Usage: 9kB
                                       ->  Seq Scan on role_type rt  (cost=0.00..1.15 rows=1 width=4) (actual time=0.014..0.016 rows=1 loops=3)
                                             Filter: ((role)::text = 'actor'::text)
                                             Rows Removed by Filter: 11
                           ->  Index Scan using char_name_pkey on char_name chn  (cost=0.43..4.94 rows=1 width=20) (actual time=0.011..0.011 rows=1 loops=112)
                                 Index Cond: (id = ci.person_role_id)
                     ->  Index Only Scan using company_type_pkey on company_type ct  (cost=0.13..0.15 rows=1 width=4) (actual time=0.002..0.002 rows=1 loops=104)
                           Index Cond: (id = mc.company_type_id)
                           Heap Fetches: 104
 Planning Time: 4.241 ms
 Execution Time: 455.663 ms
(40 rows)

SET
                                                                                         QUERY PLAN                                                                                         
--------------------------------------------------------------------------------------------------------------------------------------------------------------------------------------------
 Finalize Aggregate  (cost=43581.05..43581.06 rows=1 width=64) (actual time=270.376..270.376 rows=1 loops=1)
   ->  Gather  (cost=43580.83..43581.04 rows=2 width=64) (actual time=270.247..274.593 rows=3 loops=1)
         Workers Planned: 2
         Workers Launched: 2
         ->  Partial Aggregate  (cost=42580.83..42580.84 rows=1 width=64) (actual time=267.649..267.649 rows=1 loops=3)
               ->  Hash Join  (cost=4736.96..42580.54 rows=58 width=33) (actual time=267.645..267.645 rows=0 loops=3)
                     Hash Cond: (mc.company_type_id = ct.id)
                     ->  Nested Loop  (cost=4735.87..42579.14 rows=58 width=37) (actual time=267.569..267.569 rows=0 loops=3)
                           ->  Hash Join  (cost=4735.44..42510.24 rows=119 width=25) (actual time=267.568..267.568 rows=0 loops=3)
                                 Hash Cond: (ci.role_id = rt.id)
                                 ->  Nested Loop  (cost=4734.28..42504.02 rows=1424 width=29) (actual time=18.228..267.443 rows=871 loops=3)
                                       Join Filter: (t.id = ci.movie_id)
                                       ->  Nested Loop  (cost=4733.71..40613.13 rows=1018 width=29) (actual time=17.276..201.852 rows=420 loops=3)
                                             ->  Parallel Hash Join  (cost=4733.28..37248.44 rows=6523 width=8) (actual time=16.129..175.954 rows=2930 loops=3)
                                                   Hash Cond: (mc.company_id = cn.id)
                                                   ->  Parallel Seq Scan on movie_companies mc  (cost=0.00..29661.37 rows=1087137 width=12) (actual time=0.014..76.867 rows=869710 loops=3)
                                                   ->  Parallel Hash  (cost=4722.92..4722.92 rows=829 width=4) (actual time=15.687..15.688 rows=454 loops=3)
                                                         Buckets: 2048  Batches: 1  Memory Usage: 112kB
                                                         ->  Parallel Seq Scan on company_name cn  (cost=0.00..4722.92 rows=829 width=4) (actual time=0.036..15.512 rows=454 loops=3)
                                                               Filter: ((country_code)::text = '[ru]'::text)
                                                               Rows Removed by Filter: 77879
                                             ->  Index Scan using title_pkey on title t  (cost=0.43..0.52 rows=1 width=21) (actual time=0.009..0.009 rows=0 loops=8790)
                                                   Index Cond: (id = mc.movie_id)
                                                   Filter: (production_year > 2010)
                                                   Rows Removed by Filter: 1
                                       ->  Index Scan using movie_id_cast_info on cast_info ci  (cost=0.56..1.84 rows=1 width=12) (actual time=0.082..0.156 rows=2 loops=1259)
                                             Index Cond: (movie_id = mc.movie_id)
                                             Filter: ((note)::text ~~ '%(producer)%'::text)
                                             Rows Removed by Filter: 44
                                 ->  Hash  (cost=1.15..1.15 rows=1 width=4) (actual time=0.015..0.015 rows=1 loops=3)
                                       Buckets: 1024  Batches: 1  Memory Usage: 9kB
                                       ->  Seq Scan on role_type rt  (cost=0.00..1.15 rows=1 width=4) (actual time=0.011..0.013 rows=1 loops=3)
                                             Filter: ((role)::text = 'actor'::text)
                                             Rows Removed by Filter: 11
                           ->  Index Scan using char_name_pkey on char_name chn  (cost=0.43..0.58 rows=1 width=20) (never executed)
                                 Index Cond: (id = ci.person_role_id)
                     ->  Hash  (cost=1.04..1.04 rows=4 width=4) (actual time=0.021..0.021 rows=4 loops=3)
                           Buckets: 1024  Batches: 1  Memory Usage: 9kB
                           ->  Seq Scan on company_type ct  (cost=0.00..1.04 rows=4 width=4) (actual time=0.016..0.017 rows=4 loops=3)
 Planning Time: 4.272 ms
 Execution Time: 274.785 ms
(41 rows)

SET
                                                                                            QUERY PLAN                                                                                            
--------------------------------------------------------------------------------------------------------------------------------------------------------------------------------------------------
 Finalize Aggregate  (cost=652454.39..652454.40 rows=1 width=64) (actual time=2641.655..2641.655 rows=1 loops=1)
   ->  Gather  (cost=652454.17..652454.38 rows=2 width=64) (actual time=2638.242..2703.444 rows=3 loops=1)
         Workers Planned: 2
         Workers Launched: 2
         ->  Partial Aggregate  (cost=651454.17..651454.18 rows=1 width=64) (actual time=2635.759..2635.759 rows=1 loops=3)
               ->  Hash Join  (cost=186238.47..650533.03 rows=184228 width=33) (actual time=2624.142..2635.745 rows=3 loops=3)
                     Hash Cond: (ci.role_id = rt.id)
                     ->  Hash Join  (cost=186237.20..649877.37 rows=184228 width=37) (actual time=2624.018..2635.619 rows=3 loops=3)
                           Hash Cond: (mc.company_type_id = ct.id)
                           ->  Parallel Hash Join  (cost=186236.11..648880.30 rows=184228 width=41) (actual time=2623.993..2635.593 rows=3 loops=3)
                                 Hash Cond: (ci.movie_id = t.id)
                                 ->  Parallel Hash Join  (cost=73555.68..529761.99 rows=276569 width=24) (actual time=1832.005..1869.684 rows=5 loops=3)
                                       Hash Cond: (ci.person_role_id = chn.id)
                                       ->  Parallel Seq Scan on cast_info ci  (cost=0.00..441459.62 rows=571306 width=12) (actual time=152.336..1408.317 rows=478480 loops=3)
                                             Filter: ((note)::text ~~ '%(producer)%'::text)
                                             Rows Removed by Filter: 11602968
                                       ->  Parallel Hash  (cost=49532.75..49532.75 rows=1308475 width=20) (actual time=361.296..361.296 rows=1046780 loops=3)
                                             Buckets: 65536  Batches: 64  Memory Usage: 3264kB
                                             ->  Parallel Seq Scan on char_name chn  (cost=0.00..49532.75 rows=1308475 width=20) (actual time=0.022..130.809 rows=1046780 loops=3)
                                 ->  Parallel Hash  (cost=107416.88..107416.88 rows=272203 width=29) (actual time=751.178..751.178 rows=198750 loops=3)
                                       Buckets: 65536  Batches: 16  Memory Usage: 3008kB
                                       ->  Parallel Hash Join  (cost=44358.48..107416.88 rows=272203 width=29) (actual time=564.730..709.431 rows=198750 loops=3)
                                             Hash Cond: (t.id = mc.movie_id)
                                             ->  Parallel Seq Scan on title t  (cost=0.00..49166.29 rows=724782 width=21) (actual time=0.020..128.782 rows=583011 loops=3)
                                                   Filter: (production_year > 1990)
                                                   Rows Removed by Filter: 259760
                                             ->  Parallel Hash  (cost=37866.93..37866.93 rows=395644 width=8) (actual time=308.894..308.894 rows=384599 loops=3)
                                                   Buckets: 131072  Batches: 16  Memory Usage: 3904kB
                                                   ->  Parallel Hash Join  (cost=5351.77..37866.93 rows=395644 width=8) (actual time=25.026..252.156 rows=384599 loops=3)
                                                         Hash Cond: (mc.company_id = cn.id)
                                                         ->  Parallel Seq Scan on movie_companies mc  (cost=0.00..29661.37 rows=1087137 width=12) (actual time=0.014..78.159 rows=869710 loops=3)
                                                         ->  Parallel Hash  (cost=4722.92..4722.92 rows=50308 width=4) (actual time=24.748..24.748 rows=28281 loops=3)
                                                               Buckets: 131072  Batches: 1  Memory Usage: 4416kB
                                                               ->  Parallel Seq Scan on company_name cn  (cost=0.00..4722.92 rows=50308 width=4) (actual time=0.021..17.416 rows=28281 loops=3)
                                                                     Filter: ((country_code)::text = '[us]'::text)
                                                                     Rows Removed by Filter: 50051
                           ->  Hash  (cost=1.04..1.04 rows=4 width=4) (actual time=0.008..0.008 rows=4 loops=3)
                                 Buckets: 1024  Batches: 1  Memory Usage: 9kB
                                 ->  Seq Scan on company_type ct  (cost=0.00..1.04 rows=4 width=4) (actual time=0.005..0.006 rows=4 loops=3)
                     ->  Hash  (cost=1.12..1.12 rows=12 width=4) (actual time=0.021..0.022 rows=12 loops=3)
                           Buckets: 1024  Batches: 1  Memory Usage: 9kB
                           ->  Seq Scan on role_type rt  (cost=0.00..1.12 rows=12 width=4) (actual time=0.013..0.015 rows=12 loops=3)
 Planning Time: 4.265 ms
 Execution Time: 2704.548 ms
(44 rows)

SET
                                                                                      QUERY PLAN                                                                                       
---------------------------------------------------------------------------------------------------------------------------------------------------------------------------------------
 Aggregate  (cost=3751.33..3751.34 rows=1 width=96) (actual time=100.090..100.090 rows=1 loops=1)
   ->  Nested Loop  (cost=8.32..3751.32 rows=1 width=118) (actual time=3.933..100.007 rows=310 loops=1)
         Join Filter: (ml.movie_id = t.id)
         ->  Nested Loop  (cost=7.89..3750.82 rows=1 width=113) (actual time=3.907..99.165 rows=402 loops=1)
               Join Filter: (mc.company_type_id = ct.id)
               Rows Removed by Join Filter: 20
               ->  Nested Loop  (cost=7.89..3749.75 rows=1 width=117) (actual time=3.904..98.741 rows=422 loops=1)
                     ->  Nested Loop  (cost=7.47..3749.30 rows=1 width=102) (actual time=3.457..96.345 rows=1021 loops=1)
                           Join Filter: (ml.movie_id = mc.movie_id)
                           ->  Nested Loop  (cost=7.04..3748.73 rows=1 width=90) (actual time=3.421..95.096 rows=199 loops=1)
                                 Join Filter: (ml.link_type_id = lt.id)
                                 Rows Removed by Join Filter: 303
                                 ->  Seq Scan on link_type lt  (cost=0.00..1.23 rows=1 width=86) (actual time=0.019..0.025 rows=2 loops=1)
                                       Filter: ((link)::text ~~ '%follow%'::text)
                                       Rows Removed by Filter: 16
                                 ->  Nested Loop  (cost=7.04..3747.37 rows=11 width=12) (actual time=3.033..47.508 rows=251 loops=2)
                                       ->  Nested Loop  (cost=6.75..3732.91 rows=34 width=4) (actual time=3.026..37.890 rows=10544 loops=2)
                                             ->  Seq Scan on keyword k  (cost=0.00..2626.12 rows=1 width=4) (actual time=0.747..12.204 rows=1 loops=2)
                                                   Filter: ((keyword)::text = 'sequel'::text)
                                                   Rows Removed by Filter: 134169
                                             ->  Bitmap Heap Scan on movie_keyword mk  (cost=6.75..1103.80 rows=299 width=8) (actual time=2.258..24.664 rows=10544 loops=2)
                                                   Recheck Cond: (keyword_id = k.id)
                                                   Heap Blocks: exact=11140
                                                   ->  Bitmap Index Scan on keyword_id_movie_keyword  (cost=0.00..6.67 rows=299 width=0) (actual time=1.343..1.343 rows=10544 loops=2)
                                                         Index Cond: (keyword_id = k.id)
                                       ->  Index Scan using movie_id_movie_link on movie_link ml  (cost=0.29..0.38 rows=5 width=8) (actual time=0.001..0.001 rows=0 loops=21088)
                                             Index Cond: (movie_id = mk.movie_id)
                           ->  Index Scan using movie_id_movie_companies on movie_companies mc  (cost=0.43..0.54 rows=2 width=12) (actual time=0.004..0.005 rows=5 loops=199)
                                 Index Cond: (movie_id = mk.movie_id)
                                 Filter: (note IS NULL)
                                 Rows Removed by Filter: 2
                     ->  Index Scan using company_name_pkey on company_name cn  (cost=0.42..0.46 rows=1 width=23) (actual time=0.002..0.002 rows=0 loops=1021)
                           Index Cond: (id = mc.company_id)
                           Filter: (((country_code)::text <> '[pl]'::text) AND (((name)::text ~~ '%Film%'::text) OR ((name)::text ~~ '%Warner%'::text)))
                           Rows Removed by Filter: 1
               ->  Seq Scan on company_type ct  (cost=0.00..1.05 rows=1 width=4) (actual time=0.000..0.000 rows=1 loops=422)
                     Filter: ((kind)::text = 'production companies'::text)
                     Rows Removed by Filter: 1
         ->  Index Scan using title_pkey on title t  (cost=0.43..0.49 rows=1 width=21) (actual time=0.002..0.002 rows=1 loops=402)
               Index Cond: (id = mk.movie_id)
               Filter: ((production_year >= 1950) AND (production_year <= 2000))
               Rows Removed by Filter: 0
 Planning Time: 6.809 ms
 Execution Time: 100.304 ms
(44 rows)

SET
                                                                                      QUERY PLAN                                                                                       
---------------------------------------------------------------------------------------------------------------------------------------------------------------------------------------
 Aggregate  (cost=3751.33..3751.34 rows=1 width=96) (actual time=34.027..34.027 rows=1 loops=1)
   ->  Nested Loop  (cost=8.32..3751.32 rows=1 width=118) (actual time=4.728..34.014 rows=14 loops=1)
         Join Filter: (ml.movie_id = t.id)
         ->  Nested Loop  (cost=7.89..3750.82 rows=1 width=113) (actual time=3.397..33.793 rows=102 loops=1)
               Join Filter: (mc.company_type_id = ct.id)
               Rows Removed by Join Filter: 1
               ->  Nested Loop  (cost=7.89..3749.75 rows=1 width=117) (actual time=3.394..33.689 rows=103 loops=1)
                     ->  Nested Loop  (cost=7.47..3749.30 rows=1 width=102) (actual time=3.088..32.842 rows=288 loops=1)
                           Join Filter: (ml.movie_id = mc.movie_id)
                           ->  Nested Loop  (cost=7.04..3748.73 rows=1 width=90) (actual time=3.066..32.386 rows=64 loops=1)
                                 Join Filter: (ml.link_type_id = lt.id)
                                 Rows Removed by Join Filter: 187
                                 ->  Seq Scan on link_type lt  (cost=0.00..1.23 rows=1 width=86) (actual time=0.010..0.014 rows=1 loops=1)
                                       Filter: ((link)::text ~~ '%follows%'::text)
                                       Rows Removed by Filter: 17
                                 ->  Nested Loop  (cost=7.04..3747.37 rows=11 width=12) (actual time=3.052..32.347 rows=251 loops=1)
                                       ->  Nested Loop  (cost=6.75..3732.91 rows=34 width=4) (actual time=3.045..23.350 rows=10544 loops=1)
                                             ->  Seq Scan on keyword k  (cost=0.00..2626.12 rows=1 width=4) (actual time=0.762..10.186 rows=1 loops=1)
                                                   Filter: ((keyword)::text = 'sequel'::text)
                                                   Rows Removed by Filter: 134169
                                             ->  Bitmap Heap Scan on movie_keyword mk  (cost=6.75..1103.80 rows=299 width=8) (actual time=2.278..12.198 rows=10544 loops=1)
                                                   Recheck Cond: (keyword_id = k.id)
                                                   Heap Blocks: exact=5570
                                                   ->  Bitmap Index Scan on keyword_id_movie_keyword  (cost=0.00..6.67 rows=299 width=0) (actual time=1.354..1.354 rows=10544 loops=1)
                                                         Index Cond: (keyword_id = k.id)
                                       ->  Index Scan using movie_id_movie_link on movie_link ml  (cost=0.29..0.38 rows=5 width=8) (actual time=0.001..0.001 rows=0 loops=10544)
                                             Index Cond: (movie_id = mk.movie_id)
                           ->  Index Scan using movie_id_movie_companies on movie_companies mc  (cost=0.43..0.54 rows=2 width=12) (actual time=0.005..0.006 rows=4 loops=64)
                                 Index Cond: (movie_id = mk.movie_id)
                                 Filter: (note IS NULL)
                                 Rows Removed by Filter: 2
                     ->  Index Scan using company_name_pkey on company_name cn  (cost=0.42..0.46 rows=1 width=23) (actual time=0.003..0.003 rows=0 loops=288)
                           Index Cond: (id = mc.company_id)
                           Filter: (((country_code)::text <> '[pl]'::text) AND (((name)::text ~~ '%Film%'::text) OR ((name)::text ~~ '%Warner%'::text)))
                           Rows Removed by Filter: 1
               ->  Seq Scan on company_type ct  (cost=0.00..1.05 rows=1 width=4) (actual time=0.000..0.000 rows=1 loops=103)
                     Filter: ((kind)::text = 'production companies'::text)
                     Rows Removed by Filter: 1
         ->  Index Scan using title_pkey on title t  (cost=0.43..0.49 rows=1 width=21) (actual time=0.002..0.002 rows=0 loops=102)
               Index Cond: (id = mk.movie_id)
               Filter: (((title)::text ~~ '%Money%'::text) AND (production_year = 1998))
               Rows Removed by Filter: 1
 Planning Time: 6.607 ms
 Execution Time: 34.228 ms
(44 rows)

SET
                                                                                      QUERY PLAN                                                                                       
---------------------------------------------------------------------------------------------------------------------------------------------------------------------------------------
 Aggregate  (cost=6166.44..6166.45 rows=1 width=96) (actual time=222.302..222.303 rows=1 loops=1)
   ->  Nested Loop  (cost=8.32..6166.44 rows=1 width=60) (actual time=3.495..220.662 rows=6946 loops=1)
         Join Filter: (ml.movie_id = t.id)
         ->  Nested Loop  (cost=7.89..6165.94 rows=1 width=55) (actual time=3.475..209.148 rows=6946 loops=1)
               Join Filter: (ml.link_type_id = lt.id)
               Rows Removed by Join Filter: 42158
               ->  Nested Loop  (cost=7.89..6164.53 rows=1 width=59) (actual time=3.466..196.168 rows=6946 loops=1)
                     ->  Nested Loop  (cost=7.47..6137.17 rows=60 width=44) (actual time=3.125..170.031 rows=14916 loops=1)
                           Join Filter: (mc.company_type_id = ct.id)
                           Rows Removed by Join Filter: 1782
                           ->  Nested Loop  (cost=7.47..6133.01 rows=79 width=48) (actual time=3.113..166.259 rows=15510 loops=1)
                                 Join Filter: (ml.movie_id = mc.movie_id)
                                 ->  Nested Loop  (cost=7.04..6115.09 rows=31 width=12) (actual time=3.092..157.298 rows=1460 loops=1)
                                       ->  Nested Loop  (cost=6.75..6072.14 rows=101 width=4) (actual time=3.085..115.254 rows=47403 loops=1)
                                             ->  Seq Scan on keyword k  (cost=0.00..2793.84 rows=3 width=4) (actual time=0.794..17.237 rows=3 loops=1)
                                                   Filter: ((keyword)::text = ANY ('{sequel,revenge,based-on-novel}'::text[]))
                                                   Rows Removed by Filter: 134167
                                             ->  Bitmap Heap Scan on movie_keyword mk  (cost=6.75..1089.78 rows=299 width=8) (actual time=3.251..31.105 rows=15801 loops=3)
                                                   Recheck Cond: (keyword_id = k.id)
                                                   Heap Blocks: exact=23953
                                                   ->  Bitmap Index Scan on keyword_id_movie_keyword  (cost=0.00..6.67 rows=299 width=0) (actual time=1.892..1.892 rows=15801 loops=3)
                                                         Index Cond: (keyword_id = k.id)
                                       ->  Index Scan using movie_id_movie_link on movie_link ml  (cost=0.29..0.38 rows=5 width=8) (actual time=0.001..0.001 rows=0 loops=47403)
                                             Index Cond: (movie_id = mk.movie_id)
                                 ->  Index Scan using movie_id_movie_companies on movie_companies mc  (cost=0.43..0.54 rows=3 width=36) (actual time=0.002..0.005 rows=11 loops=1460)
                                       Index Cond: (movie_id = mk.movie_id)
                                       Filter: (note IS NOT NULL)
                                       Rows Removed by Filter: 2
                           ->  Materialize  (cost=0.00..1.06 rows=3 width=4) (actual time=0.000..0.000 rows=1 loops=15510)
                                 ->  Seq Scan on company_type ct  (cost=0.00..1.05 rows=3 width=4) (actual time=0.008..0.010 rows=3 loops=1)
                                       Filter: ((kind IS NOT NULL) AND ((kind)::text <> 'production companies'::text))
                                       Rows Removed by Filter: 1
                     ->  Index Scan using company_name_pkey on company_name cn  (cost=0.42..0.46 rows=1 width=23) (actual time=0.002..0.002 rows=0 loops=14916)
                           Index Cond: (id = mc.company_id)
                           Filter: (((country_code)::text <> '[pl]'::text) AND (((name)::text ~~ '20th Century Fox%'::text) OR ((name)::text ~~ 'Twentieth Century Fox%'::text)))
                           Rows Removed by Filter: 1
               ->  Seq Scan on link_type lt  (cost=0.00..1.18 rows=18 width=4) (actual time=0.001..0.001 rows=7 loops=6946)
         ->  Index Scan using title_pkey on title t  (cost=0.43..0.49 rows=1 width=21) (actual time=0.001..0.001 rows=1 loops=6946)
               Index Cond: (id = mk.movie_id)
               Filter: (production_year > 1950)
 Planning Time: 6.525 ms
 Execution Time: 222.468 ms
(42 rows)

SET
                                                                                      QUERY PLAN                                                                                       
---------------------------------------------------------------------------------------------------------------------------------------------------------------------------------------
 Aggregate  (cost=6183.65..6183.66 rows=1 width=96) (actual time=200.024..200.025 rows=1 loops=1)
   ->  Nested Loop  (cost=8.32..6183.29 rows=48 width=60) (actual time=3.190..196.956 rows=14899 loops=1)
         ->  Nested Loop  (cost=7.90..6158.94 rows=54 width=45) (actual time=3.183..173.322 rows=14916 loops=1)
               Join Filter: (mc.company_type_id = ct.id)
               Rows Removed by Join Filter: 1782
               ->  Nested Loop  (cost=7.90..6155.09 rows=71 width=49) (actual time=3.175..169.931 rows=15510 loops=1)
                     Join Filter: (ml.movie_id = mc.movie_id)
                     ->  Nested Loop  (cost=7.47..6138.91 rows=28 width=29) (actual time=3.169..161.914 rows=1460 loops=1)
                           Join Filter: (ml.link_type_id = lt.id)
                           Rows Removed by Join Filter: 10576
                           ->  Nested Loop  (cost=7.47..6130.60 rows=28 width=33) (actual time=3.156..160.397 rows=1460 loops=1)
                                 Join Filter: (ml.movie_id = t.id)
                                 ->  Nested Loop  (cost=7.04..6115.09 rows=31 width=12) (actual time=3.130..156.718 rows=1460 loops=1)
                                       ->  Nested Loop  (cost=6.75..6072.14 rows=101 width=4) (actual time=3.123..114.284 rows=47403 loops=1)
                                             ->  Seq Scan on keyword k  (cost=0.00..2793.84 rows=3 width=4) (actual time=0.813..19.943 rows=3 loops=1)
                                                   Filter: ((keyword)::text = ANY ('{sequel,revenge,based-on-novel}'::text[]))
                                                   Rows Removed by Filter: 134167
                                             ->  Bitmap Heap Scan on movie_keyword mk  (cost=6.75..1089.78 rows=299 width=8) (actual time=3.259..29.912 rows=15801 loops=3)
                                                   Recheck Cond: (keyword_id = k.id)
                                                   Heap Blocks: exact=23953
                                                   ->  Bitmap Index Scan on keyword_id_movie_keyword  (cost=0.00..6.67 rows=299 width=0) (actual time=1.889..1.889 rows=15801 loops=3)
                                                         Index Cond: (keyword_id = k.id)
                                       ->  Index Scan using movie_id_movie_link on movie_link ml  (cost=0.29..0.38 rows=5 width=8) (actual time=0.001..0.001 rows=0 loops=47403)
                                             Index Cond: (movie_id = mk.movie_id)
                                 ->  Index Scan using title_pkey on title t  (cost=0.43..0.49 rows=1 width=21) (actual time=0.002..0.002 rows=1 loops=1460)
                                       Index Cond: (id = mk.movie_id)
                                       Filter: (production_year > 1950)
                           ->  Materialize  (cost=0.00..1.27 rows=18 width=4) (actual time=0.000..0.000 rows=8 loops=1460)
                                 ->  Seq Scan on link_type lt  (cost=0.00..1.18 rows=18 width=4) (actual time=0.009..0.011 rows=16 loops=1)
                     ->  Index Scan using movie_id_movie_companies on movie_companies mc  (cost=0.43..0.54 rows=3 width=36) (actual time=0.002..0.004 rows=11 loops=1460)
                           Index Cond: (movie_id = mk.movie_id)
                           Filter: (note IS NOT NULL)
                           Rows Removed by Filter: 2
               ->  Materialize  (cost=0.00..1.06 rows=3 width=4) (actual time=0.000..0.000 rows=1 loops=15510)
                     ->  Seq Scan on company_type ct  (cost=0.00..1.05 rows=3 width=4) (actual time=0.007..0.008 rows=3 loops=1)
                           Filter: ((kind IS NOT NULL) AND ((kind)::text <> 'production companies'::text))
                           Rows Removed by Filter: 1
         ->  Index Scan using company_name_pkey on company_name cn  (cost=0.42..0.45 rows=1 width=23) (actual time=0.001..0.001 rows=1 loops=14916)
               Index Cond: (id = mc.company_id)
               Filter: ((country_code)::text <> '[pl]'::text)
               Rows Removed by Filter: 0
 Planning Time: 6.723 ms
 Execution Time: 200.195 ms
(43 rows)

SET
                                                                                            QUERY PLAN                                                                                            
--------------------------------------------------------------------------------------------------------------------------------------------------------------------------------------------------
 Aggregate  (cost=16845.82..16845.83 rows=1 width=96) (actual time=208.158..208.158 rows=1 loops=1)
   ->  Gather  (cost=1005.35..16845.81 rows=1 width=42) (actual time=25.277..212.184 rows=397 loops=1)
         Workers Planned: 2
         Workers Launched: 2
         ->  Nested Loop  (cost=5.34..15845.71 rows=1 width=42) (actual time=15.212..205.313 rows=132 loops=3)
               ->  Nested Loop  (cost=5.20..15844.23 rows=9 width=46) (actual time=15.205..205.079 rows=132 loops=3)
                     Join Filter: (t.id = mi.movie_id)
                     ->  Nested Loop  (cost=4.77..15820.25 rows=15 width=54) (actual time=1.076..158.181 rows=1891 loops=3)
                           ->  Nested Loop  (cost=4.35..15801.98 rows=41 width=39) (actual time=1.042..148.504 rows=2203 loops=3)
                                 Join Filter: (mi_idx.movie_id = t.id)
                                 ->  Hash Join  (cost=3.92..15677.77 rows=234 width=18) (actual time=0.190..100.818 rows=8078 loops=3)
                                       Hash Cond: (mc.company_type_id = ct.id)
                                       ->  Nested Loop  (cost=2.86..15671.64 rows=938 width=22) (actual time=0.093..98.065 rows=21569 loops=3)
                                             ->  Hash Join  (cost=2.43..15182.64 rows=187 width=10) (actual time=0.056..58.036 rows=5283 loops=3)
                                                   Hash Cond: (mi_idx.info_type_id = it2.id)
                                                   ->  Parallel Seq Scan on movie_info_idx mi_idx  (cost=0.00..15122.68 rows=21125 width=14) (actual time=0.022..55.996 rows=17543 loops=3)
                                                         Filter: ((info)::text > '8.0'::text)
                                                         Rows Removed by Filter: 442469
                                                   ->  Hash  (cost=2.41..2.41 rows=1 width=4) (actual time=0.019..0.020 rows=1 loops=3)
                                                         Buckets: 1024  Batches: 1  Memory Usage: 9kB
                                                         ->  Seq Scan on info_type it2  (cost=0.00..2.41 rows=1 width=4) (actual time=0.015..0.016 rows=1 loops=3)
                                                               Filter: ((info)::text = 'rating'::text)
                                                               Rows Removed by Filter: 112
                                             ->  Index Scan using movie_id_movie_companies on movie_companies mc  (cost=0.43..2.56 rows=5 width=12) (actual time=0.005..0.007 rows=4 loops=15849)
                                                   Index Cond: (movie_id = mi_idx.movie_id)
                                       ->  Hash  (cost=1.05..1.05 rows=1 width=4) (actual time=0.019..0.019 rows=1 loops=3)
                                             Buckets: 1024  Batches: 1  Memory Usage: 9kB
                                             ->  Seq Scan on company_type ct  (cost=0.00..1.05 rows=1 width=4) (actual time=0.014..0.015 rows=1 loops=3)
                                                   Filter: ((kind)::text = 'production companies'::text)
                                                   Rows Removed by Filter: 3
                                 ->  Index Scan using title_pkey on title t  (cost=0.43..0.52 rows=1 width=21) (actual time=0.006..0.006 rows=0 loops=24233)
                                       Index Cond: (id = mc.movie_id)
                                       Filter: ((production_year >= 2005) AND (production_year <= 2008))
                                       Rows Removed by Filter: 1
                           ->  Index Scan using company_name_pkey on company_name cn  (cost=0.42..0.45 rows=1 width=23) (actual time=0.004..0.004 rows=1 loops=6610)
                                 Index Cond: (id = mc.company_id)
                                 Filter: ((country_code)::text = '[us]'::text)
                                 Rows Removed by Filter: 0
                     ->  Index Scan using movie_id_movie_info on movie_info mi  (cost=0.43..1.59 rows=1 width=8) (actual time=0.025..0.025 rows=0 loops=5674)
                           Index Cond: (movie_id = mc.movie_id)
                           Filter: ((info)::text = ANY ('{Drama,Horror}'::text[]))
                           Rows Removed by Filter: 28
               ->  Index Scan using info_type_pkey on info_type it1  (cost=0.14..0.16 rows=1 width=4) (actual time=0.001..0.001 rows=1 loops=397)
                     Index Cond: (id = mi.info_type_id)
                     Filter: ((info)::text = 'genres'::text)
 Planning Time: 6.759 ms
 Execution Time: 212.506 ms
(47 rows)

SET
                                                                                         QUERY PLAN                                                                                          
---------------------------------------------------------------------------------------------------------------------------------------------------------------------------------------------
 Aggregate  (cost=19208.36..19208.37 rows=1 width=64) (actual time=75.551..75.552 rows=1 loops=1)
   ->  Gather  (cost=1004.41..19208.36 rows=1 width=59) (actual time=73.367..75.605 rows=10 loops=1)
         Workers Planned: 2
         Workers Launched: 2
         ->  Nested Loop  (cost=4.41..18208.26 rows=1 width=59) (actual time=70.502..71.223 rows=3 loops=3)
               ->  Nested Loop  (cost=4.27..18205.80 rows=15 width=63) (actual time=70.450..70.837 rows=403 loops=3)
                     Join Filter: (t.id = mi.movie_id)
                     ->  Nested Loop  (cost=3.84..18203.79 rows=1 width=29) (actual time=70.441..70.594 rows=3 loops=3)
                           ->  Nested Loop  (cost=3.42..18203.35 rows=1 width=33) (actual time=70.431..70.477 rows=11 loops=3)
                                 ->  Nested Loop  (cost=3.29..18203.03 rows=2 width=37) (actual time=70.423..70.457 rows=11 loops=3)
                                       Join Filter: (t.id = mc.movie_id)
                                       ->  Nested Loop  (cost=2.86..18202.37 rows=1 width=25) (actual time=70.412..70.431 rows=1 loops=3)
                                             ->  Hash Join  (cost=2.43..15253.60 rows=5089 width=4) (actual time=70.339..70.341 rows=3 loops=3)
                                                   Hash Cond: (mi_idx.info_type_id = it2.id)
                                                   ->  Parallel Seq Scan on movie_info_idx mi_idx  (cost=0.00..13685.15 rows=575015 width=8) (actual time=0.017..38.123 rows=460012 loops=3)
                                                   ->  Hash  (cost=2.41..2.41 rows=1 width=4) (actual time=0.027..0.027 rows=1 loops=3)
                                                         Buckets: 1024  Batches: 1  Memory Usage: 9kB
                                                         ->  Seq Scan on info_type it2  (cost=0.00..2.41 rows=1 width=4) (actual time=0.022..0.023 rows=1 loops=3)
                                                               Filter: ((info)::text = 'bottom 10 rank'::text)
                                                               Rows Removed by Filter: 112
                                             ->  Index Scan using title_pkey on title t  (cost=0.43..0.58 rows=1 width=21) (actual time=0.026..0.026 rows=0 loops=10)
                                                   Index Cond: (id = mi_idx.movie_id)
                                                   Filter: ((production_year > 2000) AND (((title)::text ~~ 'Birdemic%'::text) OR ((title)::text ~~ '%Movie%'::text)))
                                                   Rows Removed by Filter: 1
                                       ->  Index Scan using movie_id_movie_companies on movie_companies mc  (cost=0.43..0.59 rows=5 width=12) (actual time=0.023..0.034 rows=16 loops=2)
                                             Index Cond: (movie_id = mi_idx.movie_id)
                                 ->  Index Scan using company_type_pkey on company_type ct  (cost=0.13..0.15 rows=1 width=4) (actual time=0.001..0.001 rows=1 loops=33)
                                       Index Cond: (id = mc.company_type_id)
                                       Filter: ((kind IS NOT NULL) AND (((kind)::text = 'production companies'::text) OR ((kind)::text = 'distributors'::text)))
                           ->  Index Scan using company_name_pkey on company_name cn  (cost=0.42..0.45 rows=1 width=4) (actual time=0.010..0.010 rows=0 loops=33)
                                 Index Cond: (id = mc.company_id)
                                 Filter: ((country_code)::text = '[us]'::text)
                                 Rows Removed by Filter: 1
                     ->  Index Scan using movie_id_movie_info on movie_info mi  (cost=0.43..1.48 rows=42 width=50) (actual time=0.007..0.054 rows=121 loops=10)
                           Index Cond: (movie_id = mc.movie_id)
               ->  Index Scan using info_type_pkey on info_type it1  (cost=0.14..0.16 rows=1 width=4) (actual time=0.001..0.001 rows=0 loops=1210)
                     Index Cond: (id = mi.info_type_id)
                     Filter: ((info)::text = 'budget'::text)
                     Rows Removed by Filter: 1
 Planning Time: 7.154 ms
 Execution Time: 75.832 ms
(41 rows)

SET
                                                                                         QUERY PLAN                                                                                         
--------------------------------------------------------------------------------------------------------------------------------------------------------------------------------------------
 Aggregate  (cost=17912.37..17912.38 rows=1 width=96) (actual time=681.264..681.264 rows=1 loops=1)
   ->  Gather  (cost=1007.63..17912.35 rows=2 width=42) (actual time=3.048..692.158 rows=4711 loops=1)
         Workers Planned: 2
         Workers Launched: 2
         ->  Hash Join  (cost=7.63..16912.15 rows=1 width=42) (actual time=5.069..677.381 rows=1570 loops=3)
               Hash Cond: (mi.info_type_id = it1.id)
               ->  Nested Loop  (cost=5.20..16909.46 rows=98 width=46) (actual time=4.984..676.885 rows=1570 loops=3)
                     Join Filter: (t.id = mi.movie_id)
                     ->  Nested Loop  (cost=4.77..16679.52 rows=135 width=54) (actual time=0.356..414.527 rows=14111 loops=3)
                           ->  Hash Join  (cost=4.35..16514.65 rows=370 width=39) (actual time=0.166..341.626 rows=22822 loops=3)
                                 Hash Cond: (mc.company_type_id = ct.id)
                                 ->  Nested Loop  (cost=3.29..16505.58 rows=1482 width=43) (actual time=0.121..334.015 rows=56386 loops=3)
                                       ->  Nested Loop  (cost=2.86..16307.87 rows=296 width=31) (actual time=0.091..246.813 rows=17435 loops=3)
                                             ->  Hash Join  (cost=2.43..15347.68 rows=723 width=10) (actual time=0.051..71.765 rows=40524 loops=3)
                                                   Hash Cond: (mi_idx.info_type_id = it2.id)
                                                   ->  Parallel Seq Scan on movie_info_idx mi_idx  (cost=0.00..15122.68 rows=81724 width=14) (actual time=0.023..62.161 rows=64280 loops=3)
                                                         Filter: ((info)::text > '7.0'::text)
                                                         Rows Removed by Filter: 395732
                                                   ->  Hash  (cost=2.41..2.41 rows=1 width=4) (actual time=0.012..0.012 rows=1 loops=3)
                                                         Buckets: 1024  Batches: 1  Memory Usage: 9kB
                                                         ->  Seq Scan on info_type it2  (cost=0.00..2.41 rows=1 width=4) (actual time=0.009..0.010 rows=1 loops=3)
                                                               Filter: ((info)::text = 'rating'::text)
                                                               Rows Removed by Filter: 112
                                             ->  Index Scan using title_pkey on title t  (cost=0.43..1.33 rows=1 width=21) (actual time=0.004..0.004 rows=0 loops=121572)
                                                   Index Cond: (id = mi_idx.movie_id)
                                                   Filter: ((production_year >= 2000) AND (production_year <= 2010))
                                                   Rows Removed by Filter: 1
                                       ->  Index Scan using movie_id_movie_companies on movie_companies mc  (cost=0.43..0.62 rows=5 width=12) (actual time=0.003..0.004 rows=3 loops=52304)
                                             Index Cond: (movie_id = t.id)
                                 ->  Hash  (cost=1.05..1.05 rows=1 width=4) (actual time=0.014..0.014 rows=1 loops=3)
                                       Buckets: 1024  Batches: 1  Memory Usage: 9kB
                                       ->  Seq Scan on company_type ct  (cost=0.00..1.05 rows=1 width=4) (actual time=0.011..0.011 rows=1 loops=3)
                                             Filter: ((kind)::text = 'production companies'::text)
                                             Rows Removed by Filter: 3
                           ->  Index Scan using company_name_pkey on company_name cn  (cost=0.42..0.45 rows=1 width=23) (actual time=0.003..0.003 rows=1 loops=68466)
                                 Index Cond: (id = mc.company_id)
                                 Filter: ((country_code)::text = '[us]'::text)
                                 Rows Removed by Filter: 0
                     ->  Index Scan using movie_id_movie_info on movie_info mi  (cost=0.43..1.69 rows=1 width=8) (actual time=0.018..0.018 rows=0 loops=42332)
                           Index Cond: (movie_id = mc.movie_id)
                           Filter: ((info)::text = ANY ('{Drama,Horror,Western,Family}'::text[]))
                           Rows Removed by Filter: 29
               ->  Hash  (cost=2.41..2.41 rows=1 width=4) (actual time=0.027..0.027 rows=1 loops=3)
                     Buckets: 1024  Batches: 1  Memory Usage: 9kB
                     ->  Seq Scan on info_type it1  (cost=0.00..2.41 rows=1 width=4) (actual time=0.016..0.023 rows=1 loops=3)
                           Filter: ((info)::text = 'genres'::text)
                           Rows Removed by Filter: 112
 Planning Time: 6.518 ms
 Execution Time: 693.534 ms
(49 rows)

SET
                                                                                               QUERY PLAN                                                                                                
---------------------------------------------------------------------------------------------------------------------------------------------------------------------------------------------------------
 Finalize Aggregate  (cost=20132.55..20132.56 rows=1 width=96) (actual time=1318.615..1318.616 rows=1 loops=1)
   ->  Gather  (cost=20132.32..20132.53 rows=2 width=96) (actual time=1318.012..1323.004 rows=3 loops=1)
         Workers Planned: 2
         Workers Launched: 2
         ->  Partial Aggregate  (cost=19132.32..19132.33 rows=1 width=96) (actual time=1315.467..1315.467 rows=1 loops=3)
               ->  Hash Join  (cost=8.73..19132.25 rows=10 width=65) (actual time=266.888..1308.560 rows=37034 loops=3)
                     Hash Cond: (mi.info_type_id = it2.id)
                     ->  Nested Loop  (cost=6.30..19126.56 rows=1197 width=69) (actual time=266.787..1292.974 rows=172109 loops=3)
                           ->  Nested Loop  (cost=5.87..19055.86 rows=37 width=35) (actual time=266.756..1149.739 rows=5490 loops=3)
                                 ->  Hash Join  (cost=5.45..18649.93 rows=911 width=39) (actual time=265.692..880.750 rows=100870 loops=3)
                                       Hash Cond: (mc.company_type_id = ct.id)
                                       ->  Nested Loop  (cost=4.39..18629.17 rows=3643 width=43) (actual time=265.663..850.170 rows=257695 loops=3)
                                             ->  Hash Join  (cost=3.96..18186.75 rows=727 width=31) (actual time=265.609..597.946 rows=69960 loops=3)
                                                   Hash Cond: (t.kind_id = kt.id)
                                                   ->  Nested Loop  (cost=2.86..18164.20 rows=5089 width=35) (actual time=0.096..578.093 rows=153308 loops=3)
                                                         ->  Hash Join  (cost=2.43..15253.60 rows=5089 width=10) (actual time=0.049..110.294 rows=153308 loops=3)
                                                               Hash Cond: (miidx.info_type_id = it.id)
                                                               ->  Parallel Seq Scan on movie_info_idx miidx  (cost=0.00..13685.15 rows=575015 width=14) (actual time=0.019..43.366 rows=460012 loops=3)
                                                               ->  Hash  (cost=2.41..2.41 rows=1 width=4) (actual time=0.013..0.013 rows=1 loops=3)
                                                                     Buckets: 1024  Batches: 1  Memory Usage: 9kB
                                                                     ->  Seq Scan on info_type it  (cost=0.00..2.41 rows=1 width=4) (actual time=0.009..0.010 rows=1 loops=3)
                                                                           Filter: ((info)::text = 'rating'::text)
                                                                           Rows Removed by Filter: 112
                                                         ->  Index Scan using title_pkey on title t  (cost=0.43..0.57 rows=1 width=25) (actual time=0.003..0.003 rows=1 loops=459925)
                                                               Index Cond: (id = miidx.movie_id)
                                                   ->  Hash  (cost=1.09..1.09 rows=1 width=4) (actual time=0.010..0.010 rows=1 loops=3)
                                                         Buckets: 1024  Batches: 1  Memory Usage: 9kB
                                                         ->  Seq Scan on kind_type kt  (cost=0.00..1.09 rows=1 width=4) (actual time=0.006..0.007 rows=1 loops=3)
                                                               Filter: ((kind)::text = 'movie'::text)
                                                               Rows Removed by Filter: 6
                                             ->  Index Scan using movie_id_movie_companies on movie_companies mc  (cost=0.43..0.56 rows=5 width=12) (actual time=0.002..0.003 rows=4 loops=209880)
                                                   Index Cond: (movie_id = t.id)
                                       ->  Hash  (cost=1.05..1.05 rows=1 width=4) (actual time=0.014..0.014 rows=1 loops=3)
                                             Buckets: 1024  Batches: 1  Memory Usage: 9kB
                                             ->  Seq Scan on company_type ct  (cost=0.00..1.05 rows=1 width=4) (actual time=0.011..0.011 rows=1 loops=3)
                                                   Filter: ((kind)::text = 'production companies'::text)
                                                   Rows Removed by Filter: 3
                                 ->  Index Scan using company_name_pkey on company_name cn  (cost=0.42..0.45 rows=1 width=4) (actual time=0.002..0.002 rows=0 loops=302610)
                                       Index Cond: (id = mc.company_id)
                                       Filter: ((country_code)::text = '[de]'::text)
                                       Rows Removed by Filter: 1
                           ->  Index Scan using movie_id_movie_info on movie_info mi  (cost=0.43..1.49 rows=42 width=50) (actual time=0.005..0.022 rows=31 loops=16470)
                                 Index Cond: (movie_id = t.id)
                     ->  Hash  (cost=2.41..2.41 rows=1 width=4) (actual time=0.024..0.024 rows=1 loops=3)
                           Buckets: 1024  Batches: 1  Memory Usage: 9kB
                           ->  Seq Scan on info_type it2  (cost=0.00..2.41 rows=1 width=4) (actual time=0.014..0.020 rows=1 loops=3)
                                 Filter: ((info)::text = 'release dates'::text)
                                 Rows Removed by Filter: 112
 Planning Time: 10.200 ms
 Execution Time: 1323.280 ms
(50 rows)

SET
                                                                                            QUERY PLAN                                                                                             
---------------------------------------------------------------------------------------------------------------------------------------------------------------------------------------------------
 Aggregate  (cost=19206.33..19206.34 rows=1 width=96) (actual time=633.163..633.163 rows=1 loops=1)
   ->  Gather  (cost=1004.54..19206.32 rows=1 width=42) (actual time=301.284..639.182 rows=372 loops=1)
         Workers Planned: 2
         Workers Launched: 2
         ->  Nested Loop  (cost=4.54..18206.22 rows=1 width=42) (actual time=295.486..630.157 rows=124 loops=3)
               ->  Nested Loop  (cost=4.40..18205.87 rows=2 width=46) (actual time=295.454..629.392 rows=707 loops=3)
                     Join Filter: (t.id = mi.movie_id)
                     ->  Nested Loop  (cost=3.97..18203.87 rows=1 width=54) (actual time=295.419..628.427 rows=20 loops=3)
                           ->  Nested Loop  (cost=3.84..18203.70 rows=1 width=58) (actual time=295.393..628.335 rows=54 loops=3)
                                 ->  Nested Loop  (cost=3.42..18203.25 rows=1 width=43) (actual time=288.267..627.540 rows=104 loops=3)
                                       Join Filter: (t.id = mc.movie_id)
                                       ->  Nested Loop  (cost=2.99..18202.60 rows=1 width=31) (actual time=288.219..627.106 rows=30 loops=3)
                                             ->  Nested Loop  (cost=2.86..18202.37 rows=1 width=35) (actual time=2.329..626.884 rows=117 loops=3)
                                                   ->  Hash Join  (cost=2.43..15253.60 rows=5089 width=10) (actual time=0.131..107.534 rows=153308 loops=3)
                                                         Hash Cond: (miidx.info_type_id = it.id)
                                                         ->  Parallel Seq Scan on movie_info_idx miidx  (cost=0.00..13685.15 rows=575015 width=14) (actual time=0.020..41.450 rows=460012 loops=3)
                                                         ->  Hash  (cost=2.41..2.41 rows=1 width=4) (actual time=0.023..0.023 rows=1 loops=3)
                                                               Buckets: 1024  Batches: 1  Memory Usage: 9kB
                                                               ->  Seq Scan on info_type it  (cost=0.00..2.41 rows=1 width=4) (actual time=0.017..0.019 rows=1 loops=3)
                                                                     Filter: ((info)::text = 'rating'::text)
                                                                     Rows Removed by Filter: 112
                                                   ->  Index Scan using title_pkey on title t  (cost=0.43..0.58 rows=1 width=25) (actual time=0.003..0.003 rows=0 loops=459925)
                                                         Index Cond: (id = miidx.movie_id)
                                                         Filter: (((title)::text <> ''::text) AND (((title)::text ~~ '%Champion%'::text) OR ((title)::text ~~ '%Loser%'::text)))
                                                         Rows Removed by Filter: 1
                                             ->  Index Scan using kind_type_pkey on kind_type kt  (cost=0.13..0.18 rows=1 width=4) (actual time=0.001..0.001 rows=0 loops=352)
                                                   Index Cond: (id = t.kind_id)
                                                   Filter: ((kind)::text = 'movie'::text)
                                                   Rows Removed by Filter: 1
                                       ->  Index Scan using movie_id_movie_companies on movie_companies mc  (cost=0.43..0.59 rows=5 width=12) (actual time=0.011..0.013 rows=3 loops=90)
                                             Index Cond: (movie_id = miidx.movie_id)
                                 ->  Index Scan using company_name_pkey on company_name cn  (cost=0.42..0.45 rows=1 width=23) (actual time=0.007..0.007 rows=1 loops=313)
                                       Index Cond: (id = mc.company_id)
                                       Filter: ((country_code)::text = '[us]'::text)
                                       Rows Removed by Filter: 0
                           ->  Index Scan using company_type_pkey on company_type ct  (cost=0.13..0.15 rows=1 width=4) (actual time=0.001..0.001 rows=0 loops=161)
                                 Index Cond: (id = mc.company_type_id)
                                 Filter: ((kind)::text = 'production companies'::text)
                                 Rows Removed by Filter: 1
                     ->  Index Scan using movie_id_movie_info on movie_info mi  (cost=0.43..1.48 rows=42 width=8) (actual time=0.010..0.042 rows=35 loops=61)
                           Index Cond: (movie_id = mc.movie_id)
               ->  Index Scan using info_type_pkey on info_type it2  (cost=0.14..0.16 rows=1 width=4) (actual time=0.001..0.001 rows=0 loops=2122)
                     Index Cond: (id = mi.info_type_id)
                     Filter: ((info)::text = 'release dates'::text)
                     Rows Removed by Filter: 1
 Planning Time: 10.693 ms
 Execution Time: 639.495 ms
(47 rows)

SET
                                                                                            QUERY PLAN                                                                                             
---------------------------------------------------------------------------------------------------------------------------------------------------------------------------------------------------
 Aggregate  (cost=19206.33..19206.34 rows=1 width=96) (actual time=612.891..612.891 rows=1 loops=1)
   ->  Gather  (cost=1004.54..19206.32 rows=1 width=42) (actual time=322.293..618.860 rows=53 loops=1)
         Workers Planned: 2
         Workers Launched: 2
         ->  Nested Loop  (cost=4.54..18206.22 rows=1 width=42) (actual time=456.422..609.966 rows=18 loops=3)
               ->  Nested Loop  (cost=4.40..18205.87 rows=2 width=46) (actual time=456.396..609.873 rows=73 loops=3)
                     Join Filter: (t.id = mi.movie_id)
                     ->  Nested Loop  (cost=3.97..18203.87 rows=1 width=54) (actual time=456.372..609.735 rows=5 loops=3)
                           ->  Nested Loop  (cost=3.84..18203.70 rows=1 width=58) (actual time=456.304..609.703 rows=16 loops=3)
                                 ->  Nested Loop  (cost=3.42..18203.25 rows=1 width=43) (actual time=456.277..609.438 rows=32 loops=3)
                                       Join Filter: (t.id = mc.movie_id)
                                       ->  Nested Loop  (cost=2.99..18202.60 rows=1 width=31) (actual time=456.240..609.358 rows=10 loops=3)
                                             ->  Nested Loop  (cost=2.86..18202.37 rows=1 width=35) (actual time=47.967..609.302 rows=22 loops=3)
                                                   ->  Hash Join  (cost=2.43..15253.60 rows=5089 width=10) (actual time=0.128..107.275 rows=153308 loops=3)
                                                         Hash Cond: (miidx.info_type_id = it.id)
                                                         ->  Parallel Seq Scan on movie_info_idx miidx  (cost=0.00..13685.15 rows=575015 width=14) (actual time=0.021..41.214 rows=460012 loops=3)
                                                         ->  Hash  (cost=2.41..2.41 rows=1 width=4) (actual time=0.026..0.026 rows=1 loops=3)
                                                               Buckets: 1024  Batches: 1  Memory Usage: 9kB
                                                               ->  Seq Scan on info_type it  (cost=0.00..2.41 rows=1 width=4) (actual time=0.020..0.022 rows=1 loops=3)
                                                                     Filter: ((info)::text = 'rating'::text)
                                                                     Rows Removed by Filter: 112
                                                   ->  Index Scan using title_pkey on title t  (cost=0.43..0.58 rows=1 width=25) (actual time=0.003..0.003 rows=0 loops=459925)
                                                         Index Cond: (id = miidx.movie_id)
                                                         Filter: (((title)::text <> ''::text) AND (((title)::text ~~ 'Champion%'::text) OR ((title)::text ~~ 'Loser%'::text)))
                                                         Rows Removed by Filter: 1
                                             ->  Index Scan using kind_type_pkey on kind_type kt  (cost=0.13..0.18 rows=1 width=4) (actual time=0.002..0.002 rows=0 loops=66)
                                                   Index Cond: (id = t.kind_id)
                                                   Filter: ((kind)::text = 'movie'::text)
                                                   Rows Removed by Filter: 1
                                       ->  Index Scan using movie_id_movie_companies on movie_companies mc  (cost=0.43..0.59 rows=5 width=12) (actual time=0.006..0.007 rows=3 loops=29)
                                             Index Cond: (movie_id = miidx.movie_id)
                                 ->  Index Scan using company_name_pkey on company_name cn  (cost=0.42..0.45 rows=1 width=23) (actual time=0.008..0.008 rows=0 loops=95)
                                       Index Cond: (id = mc.company_id)
                                       Filter: ((country_code)::text = '[us]'::text)
                                       Rows Removed by Filter: 1
                           ->  Index Scan using company_type_pkey on company_type ct  (cost=0.13..0.15 rows=1 width=4) (actual time=0.002..0.002 rows=0 loops=47)
                                 Index Cond: (id = mc.company_type_id)
                                 Filter: ((kind)::text = 'production companies'::text)
                                 Rows Removed by Filter: 1
                     ->  Index Scan using movie_id_movie_info on movie_info mi  (cost=0.43..1.48 rows=42 width=8) (actual time=0.008..0.026 rows=16 loops=14)
                           Index Cond: (movie_id = mc.movie_id)
               ->  Index Scan using info_type_pkey on info_type it2  (cost=0.14..0.16 rows=1 width=4) (actual time=0.001..0.001 rows=0 loops=218)
                     Index Cond: (id = mi.info_type_id)
                     Filter: ((info)::text = 'release dates'::text)
                     Rows Removed by Filter: 1
 Planning Time: 10.724 ms
 Execution Time: 619.235 ms
(47 rows)

SET
                                                                                               QUERY PLAN                                                                                                
---------------------------------------------------------------------------------------------------------------------------------------------------------------------------------------------------------
 Finalize Aggregate  (cost=20720.69..20720.70 rows=1 width=96) (actual time=2035.160..2035.160 rows=1 loops=1)
   ->  Gather  (cost=20720.46..20720.67 rows=2 width=96) (actual time=2034.942..2039.434 rows=3 loops=1)
         Workers Planned: 2
         Workers Launched: 2
         ->  Partial Aggregate  (cost=19720.46..19720.47 rows=1 width=96) (actual time=2032.063..2032.063 rows=1 loops=3)
               ->  Hash Join  (cost=8.73..19719.76 rows=94 width=42) (actual time=266.004..1991.780 rows=223463 loops=3)
                     Hash Cond: (mi.info_type_id = it2.id)
                     ->  Nested Loop  (cost=6.30..19688.31 rows=10660 width=46) (actual time=265.890..1877.368 rows=1438861 loops=3)
                           ->  Nested Loop  (cost=5.87..19055.86 rows=331 width=54) (actual time=265.860..1168.264 rows=29098 loops=3)
                                 ->  Hash Join  (cost=5.45..18649.93 rows=911 width=39) (actual time=265.798..880.848 rows=100870 loops=3)
                                       Hash Cond: (mc.company_type_id = ct.id)
                                       ->  Nested Loop  (cost=4.39..18629.17 rows=3643 width=43) (actual time=265.768..849.224 rows=257695 loops=3)
                                             ->  Hash Join  (cost=3.96..18186.75 rows=727 width=31) (actual time=265.710..597.604 rows=69960 loops=3)
                                                   Hash Cond: (t.kind_id = kt.id)
                                                   ->  Nested Loop  (cost=2.86..18164.20 rows=5089 width=35) (actual time=0.095..577.380 rows=153308 loops=3)
                                                         ->  Hash Join  (cost=2.43..15253.60 rows=5089 width=10) (actual time=0.050..111.493 rows=153308 loops=3)
                                                               Hash Cond: (miidx.info_type_id = it.id)
                                                               ->  Parallel Seq Scan on movie_info_idx miidx  (cost=0.00..13685.15 rows=575015 width=14) (actual time=0.019..44.150 rows=460012 loops=3)
                                                               ->  Hash  (cost=2.41..2.41 rows=1 width=4) (actual time=0.013..0.013 rows=1 loops=3)
                                                                     Buckets: 1024  Batches: 1  Memory Usage: 9kB
                                                                     ->  Seq Scan on info_type it  (cost=0.00..2.41 rows=1 width=4) (actual time=0.009..0.010 rows=1 loops=3)
                                                                           Filter: ((info)::text = 'rating'::text)
                                                                           Rows Removed by Filter: 112
                                                         ->  Index Scan using title_pkey on title t  (cost=0.43..0.57 rows=1 width=25) (actual time=0.003..0.003 rows=1 loops=459925)
                                                               Index Cond: (id = miidx.movie_id)
                                                   ->  Hash  (cost=1.09..1.09 rows=1 width=4) (actual time=0.014..0.015 rows=1 loops=3)
                                                         Buckets: 1024  Batches: 1  Memory Usage: 9kB
                                                         ->  Seq Scan on kind_type kt  (cost=0.00..1.09 rows=1 width=4) (actual time=0.012..0.012 rows=1 loops=3)
                                                               Filter: ((kind)::text = 'movie'::text)
                                                               Rows Removed by Filter: 6
                                             ->  Index Scan using movie_id_movie_companies on movie_companies mc  (cost=0.43..0.56 rows=5 width=12) (actual time=0.002..0.003 rows=4 loops=209880)
                                                   Index Cond: (movie_id = t.id)
                                       ->  Hash  (cost=1.05..1.05 rows=1 width=4) (actual time=0.012..0.012 rows=1 loops=3)
                                             Buckets: 1024  Batches: 1  Memory Usage: 9kB
                                             ->  Seq Scan on company_type ct  (cost=0.00..1.05 rows=1 width=4) (actual time=0.009..0.010 rows=1 loops=3)
                                                   Filter: ((kind)::text = 'production companies'::text)
                                                   Rows Removed by Filter: 3
                                 ->  Index Scan using company_name_pkey on company_name cn  (cost=0.42..0.45 rows=1 width=23) (actual time=0.003..0.003 rows=0 loops=302610)
                                       Index Cond: (id = mc.company_id)
                                       Filter: ((country_code)::text = '[us]'::text)
                                       Rows Removed by Filter: 1
                           ->  Index Scan using movie_id_movie_info on movie_info mi  (cost=0.43..1.49 rows=42 width=8) (actual time=0.004..0.019 rows=49 loops=87293)
                                 Index Cond: (movie_id = t.id)
                     ->  Hash  (cost=2.41..2.41 rows=1 width=4) (actual time=0.027..0.027 rows=1 loops=3)
                           Buckets: 1024  Batches: 1  Memory Usage: 9kB
                           ->  Seq Scan on info_type it2  (cost=0.00..2.41 rows=1 width=4) (actual time=0.016..0.023 rows=1 loops=3)
                                 Filter: ((info)::text = 'release dates'::text)
                                 Rows Removed by Filter: 112
 Planning Time: 10.482 ms
 Execution Time: 2039.684 ms
(50 rows)

SET
                                                                                      QUERY PLAN                                                                                       
---------------------------------------------------------------------------------------------------------------------------------------------------------------------------------------
 Aggregate  (cost=7380.25..7380.26 rows=1 width=64) (actual time=424.014..424.014 rows=1 loops=1)
   ->  Nested Loop  (cost=8.04..7380.24 rows=1 width=23) (actual time=16.747..423.786 rows=761 loops=1)
         Join Filter: (mi.info_type_id = it1.id)
         Rows Removed by Join Filter: 117
         ->  Nested Loop  (cost=8.04..7377.82 rows=1 width=27) (actual time=16.741..420.459 rows=878 loops=1)
               Join Filter: (t.id = mi.movie_id)
               ->  Nested Loop  (cost=7.61..7375.92 rows=1 width=35) (actual time=16.168..332.776 rows=1147 loops=1)
                     Join Filter: (mi_idx.info_type_id = it2.id)
                     Rows Removed by Join Filter: 2233
                     ->  Seq Scan on info_type it2  (cost=0.00..2.41 rows=1 width=4) (actual time=0.012..0.013 rows=1 loops=1)
                           Filter: ((info)::text = 'rating'::text)
                           Rows Removed by Filter: 112
                     ->  Nested Loop  (cost=7.61..7373.39 rows=9 width=39) (actual time=15.763..332.387 rows=3380 loops=1)
                           Join Filter: (t.id = mi_idx.movie_id)
                           ->  Nested Loop  (cost=7.18..7371.79 rows=3 width=25) (actual time=15.733..318.797 rows=1966 loops=1)
                                 Join Filter: (t.kind_id = kt.id)
                                 Rows Removed by Join Filter: 616
                                 ->  Seq Scan on kind_type kt  (cost=0.00..1.09 rows=1 width=4) (actual time=0.012..0.013 rows=1 loops=1)
                                       Filter: ((kind)::text = 'movie'::text)
                                       Rows Removed by Filter: 6
                                 ->  Nested Loop  (cost=7.18..7370.44 rows=21 width=29) (actual time=4.887..318.346 rows=2582 loops=1)
                                       ->  Nested Loop  (cost=6.75..7304.56 rows=135 width=4) (actual time=4.616..144.448 rows=37091 loops=1)
                                             ->  Seq Scan on keyword k  (cost=0.00..2961.55 rows=4 width=4) (actual time=1.188..21.156 rows=3 loops=1)
                                                   Filter: ((keyword)::text = ANY ('{murder,murder-in-title,blood,violence}'::text[]))
                                                   Rows Removed by Filter: 134167
                                             ->  Bitmap Heap Scan on movie_keyword mk  (cost=6.75..1082.76 rows=299 width=8) (actual time=3.410..39.655 rows=12364 loops=3)
                                                   Recheck Cond: (keyword_id = k.id)
                                                   Heap Blocks: exact=26312
                                                   ->  Bitmap Index Scan on keyword_id_movie_keyword  (cost=0.00..6.67 rows=299 width=0) (actual time=1.878..1.878 rows=12364 loops=3)
                                                         Index Cond: (keyword_id = k.id)
                                       ->  Index Scan using title_pkey on title t  (cost=0.43..0.49 rows=1 width=25) (actual time=0.004..0.004 rows=0 loops=37091)
                                             Index Cond: (id = mk.movie_id)
                                             Filter: (production_year > 2010)
                                             Rows Removed by Filter: 1
                           ->  Index Scan using movie_id_movie_info_idx on movie_info_idx mi_idx  (cost=0.43..0.50 rows=3 width=14) (actual time=0.006..0.006 rows=2 loops=1966)
                                 Index Cond: (movie_id = mk.movie_id)
                                 Filter: ((info)::text < '8.5'::text)
                                 Rows Removed by Filter: 0
               ->  Index Scan using movie_id_movie_info on movie_info mi  (cost=0.43..1.87 rows=2 width=8) (actual time=0.065..0.076 rows=1 loops=1147)
                     Index Cond: (movie_id = mk.movie_id)
                     Filter: ((info)::text = ANY ('{Sweden,Norway,Germany,Denmark,Swedish,Denish,Norwegian,German,USA,American}'::text[]))
                     Rows Removed by Filter: 69
         ->  Seq Scan on info_type it1  (cost=0.00..2.41 rows=1 width=4) (actual time=0.002..0.003 rows=1 loops=878)
               Filter: ((info)::text = 'countries'::text)
               Rows Removed by Filter: 21
 Planning Time: 6.653 ms
 Execution Time: 424.192 ms
(47 rows)

SET
                                                                                              QUERY PLAN                                                                                              
------------------------------------------------------------------------------------------------------------------------------------------------------------------------------------------------------
 Aggregate  (cost=4867.25..4867.26 rows=1 width=64) (actual time=187.918..187.918 rows=1 loops=1)
   ->  Nested Loop  (cost=8.04..4867.24 rows=1 width=23) (actual time=125.852..187.908 rows=1 loops=1)
         Join Filter: (t.kind_id = kt.id)
         Rows Removed by Join Filter: 1
         ->  Nested Loop  (cost=8.04..4866.14 rows=1 width=27) (actual time=8.393..187.893 rows=2 loops=1)
               Join Filter: (mi_idx.info_type_id = it2.id)
               Rows Removed by Join Filter: 1
               ->  Nested Loop  (cost=8.04..4863.72 rows=1 width=31) (actual time=8.372..187.863 rows=3 loops=1)
                     Join Filter: (t.id = mi_idx.movie_id)
                     ->  Nested Loop  (cost=7.61..4863.21 rows=1 width=33) (actual time=8.351..187.765 rows=8 loops=1)
                           Join Filter: (mi.info_type_id = it1.id)
                           ->  Nested Loop  (cost=7.61..4860.78 rows=1 width=37) (actual time=8.345..187.731 rows=8 loops=1)
                                 Join Filter: (t.id = mi.movie_id)
                                 ->  Nested Loop  (cost=7.18..4858.88 rows=1 width=29) (actual time=8.202..187.004 rows=15 loops=1)
                                       ->  Nested Loop  (cost=6.75..4825.68 rows=67 width=4) (actual time=6.253..84.557 rows=19528 loops=1)
                                             ->  Seq Scan on keyword k  (cost=0.00..2626.12 rows=2 width=4) (actual time=1.183..16.703 rows=1 loops=1)
                                                   Filter: ((keyword)::text = ANY ('{murder,murder-in-title}'::text[]))
                                                   Rows Removed by Filter: 134169
                                             ->  Bitmap Heap Scan on movie_keyword mk  (cost=6.75..1096.79 rows=299 width=8) (actual time=5.067..65.692 rows=19528 loops=1)
                                                   Recheck Cond: (keyword_id = k.id)
                                                   Heap Blocks: exact=12389
                                                   ->  Bitmap Index Scan on keyword_id_movie_keyword  (cost=0.00..6.67 rows=299 width=0) (actual time=2.893..2.893 rows=19528 loops=1)
                                                         Index Cond: (keyword_id = k.id)
                                       ->  Index Scan using title_pkey on title t  (cost=0.43..0.50 rows=1 width=25) (actual time=0.005..0.005 rows=0 loops=19528)
                                             Index Cond: (id = mk.movie_id)
                                             Filter: ((production_year > 2010) AND (((title)::text ~~ '%murder%'::text) OR ((title)::text ~~ '%Murder%'::text) OR ((title)::text ~~ '%Mord%'::text)))
                                             Rows Removed by Filter: 1
                                 ->  Index Scan using movie_id_movie_info on movie_info mi  (cost=0.43..1.87 rows=2 width=8) (actual time=0.045..0.048 rows=1 loops=15)
                                       Index Cond: (movie_id = mk.movie_id)
                                       Filter: ((info)::text = ANY ('{Sweden,Norway,Germany,Denmark,Swedish,Denish,Norwegian,German,USA,American}'::text[]))
                                       Rows Removed by Filter: 12
                           ->  Seq Scan on info_type it1  (cost=0.00..2.41 rows=1 width=4) (actual time=0.003..0.003 rows=1 loops=8)
                                 Filter: ((info)::text = 'countries'::text)
                                 Rows Removed by Filter: 7
                     ->  Index Scan using movie_id_movie_info_idx on movie_info_idx mi_idx  (cost=0.43..0.50 rows=1 width=14) (actual time=0.011..0.011 rows=0 loops=8)
                           Index Cond: (movie_id = mk.movie_id)
                           Filter: ((info)::text > '6.0'::text)
                           Rows Removed by Filter: 1
               ->  Seq Scan on info_type it2  (cost=0.00..2.41 rows=1 width=4) (actual time=0.008..0.009 rows=1 loops=3)
                     Filter: ((info)::text = 'rating'::text)
                     Rows Removed by Filter: 104
         ->  Seq Scan on kind_type kt  (cost=0.00..1.09 rows=1 width=4) (actual time=0.006..0.006 rows=1 loops=2)
               Filter: ((kind)::text = 'movie'::text)
               Rows Removed by Filter: 3
 Planning Time: 6.521 ms
 Execution Time: 188.143 ms
(46 rows)

SET
                                                                                      QUERY PLAN                                                                                       
---------------------------------------------------------------------------------------------------------------------------------------------------------------------------------------
 Aggregate  (cost=7388.39..7388.40 rows=1 width=64) (actual time=762.949..762.949 rows=1 loops=1)
   ->  Nested Loop  (cost=8.04..7388.39 rows=1 width=23) (actual time=4.705..762.001 rows=4115 loops=1)
         Join Filter: (mi.info_type_id = it1.id)
         Rows Removed by Join Filter: 594
         ->  Nested Loop  (cost=8.04..7385.96 rows=1 width=27) (actual time=4.700..745.292 rows=4709 loops=1)
               Join Filter: (t.id = mi.movie_id)
               ->  Nested Loop  (cost=7.61..7384.06 rows=1 width=35) (actual time=4.635..358.151 rows=5949 loops=1)
                     Join Filter: (mi_idx.info_type_id = it2.id)
                     Rows Removed by Join Filter: 11839
                     ->  Seq Scan on info_type it2  (cost=0.00..2.41 rows=1 width=4) (actual time=0.011..0.013 rows=1 loops=1)
                           Filter: ((info)::text = 'rating'::text)
                           Rows Removed by Filter: 112
                     ->  Nested Loop  (cost=7.61..7381.10 rows=44 width=39) (actual time=4.620..356.297 rows=17788 loops=1)
                           Join Filter: (t.id = mi_idx.movie_id)
                           ->  Nested Loop  (cost=7.18..7373.07 rows=15 width=25) (actual time=4.599..309.906 rows=8073 loops=1)
                                 Join Filter: (t.kind_id = kt.id)
                                 Rows Removed by Join Filter: 4332
                                 ->  Nested Loop  (cost=7.18..7370.44 rows=54 width=29) (actual time=4.523..306.545 rows=9739 loops=1)
                                       ->  Nested Loop  (cost=6.75..7304.56 rows=135 width=4) (actual time=4.498..137.150 rows=37091 loops=1)
                                             ->  Seq Scan on keyword k  (cost=0.00..2961.55 rows=4 width=4) (actual time=1.156..21.566 rows=3 loops=1)
                                                   Filter: ((keyword IS NOT NULL) AND ((keyword)::text = ANY ('{murder,murder-in-title,blood,violence}'::text[])))
                                                   Rows Removed by Filter: 134167
                                             ->  Bitmap Heap Scan on movie_keyword mk  (cost=6.75..1082.76 rows=299 width=8) (actual time=3.387..37.058 rows=12364 loops=3)
                                                   Recheck Cond: (keyword_id = k.id)
                                                   Heap Blocks: exact=26312
                                                   ->  Bitmap Index Scan on keyword_id_movie_keyword  (cost=0.00..6.67 rows=299 width=0) (actual time=1.850..1.850 rows=12364 loops=3)
                                                         Index Cond: (keyword_id = k.id)
                                       ->  Index Scan using title_pkey on title t  (cost=0.43..0.49 rows=1 width=25) (actual time=0.004..0.004 rows=0 loops=37091)
                                             Index Cond: (id = mk.movie_id)
                                             Filter: (production_year > 2005)
                                             Rows Removed by Filter: 1
                                 ->  Materialize  (cost=0.00..1.10 rows=2 width=4) (actual time=0.000..0.000 rows=1 loops=9739)
                                       ->  Seq Scan on kind_type kt  (cost=0.00..1.09 rows=2 width=4) (actual time=0.015..0.017 rows=2 loops=1)
                                             Filter: ((kind)::text = ANY ('{movie,episode}'::text[]))
                                             Rows Removed by Filter: 5
                           ->  Index Scan using movie_id_movie_info_idx on movie_info_idx mi_idx  (cost=0.43..0.50 rows=3 width=14) (actual time=0.005..0.005 rows=2 loops=8073)
                                 Index Cond: (movie_id = mk.movie_id)
                                 Filter: ((info)::text < '8.5'::text)
                                 Rows Removed by Filter: 0
               ->  Index Scan using movie_id_movie_info on movie_info mi  (cost=0.43..1.87 rows=2 width=8) (actual time=0.056..0.065 rows=1 loops=5949)
                     Index Cond: (movie_id = mk.movie_id)
                     Filter: ((info)::text = ANY ('{Sweden,Norway,Germany,Denmark,Swedish,Danish,Norwegian,German,USA,American}'::text[]))
                     Rows Removed by Filter: 71
         ->  Seq Scan on info_type it1  (cost=0.00..2.41 rows=1 width=4) (actual time=0.002..0.003 rows=1 loops=4709)
               Filter: ((info)::text = 'countries'::text)
               Rows Removed by Filter: 20
 Planning Time: 6.378 ms
 Execution Time: 763.120 ms
(48 rows)

SET
                                                                                              QUERY PLAN                                                                                              
------------------------------------------------------------------------------------------------------------------------------------------------------------------------------------------------------
 Finalize Aggregate  (cost=51520.30..51520.31 rows=1 width=64) (actual time=329.491..329.491 rows=1 loops=1)
   ->  Gather  (cost=51520.08..51520.29 rows=2 width=64) (actual time=328.942..333.780 rows=3 loops=1)
         Workers Planned: 2
         Workers Launched: 2
         ->  Partial Aggregate  (cost=50520.08..50520.09 rows=1 width=64) (actual time=326.224..326.224 rows=1 loops=3)
               ->  Nested Loop  (cost=5354.18..50520.04 rows=7 width=59) (actual time=154.796..326.191 rows=109 loops=3)
                     ->  Nested Loop  (cost=5353.76..50516.97 rows=7 width=63) (actual time=154.763..325.575 rows=109 loops=3)
                           ->  Nested Loop  (cost=5353.33..50515.14 rows=1 width=75) (actual time=54.067..325.343 rows=19 loops=3)
                                 ->  Nested Loop  (cost=5353.19..50514.85 rows=1 width=79) (actual time=54.044..325.277 rows=19 loops=3)
                                       ->  Nested Loop  (cost=5353.06..50514.70 rows=1 width=83) (actual time=54.008..325.199 rows=19 loops=3)
                                             ->  Nested Loop  (cost=5352.62..48271.71 rows=1133 width=33) (actual time=25.228..238.981 rows=1711 loops=3)
                                                   ->  Nested Loop  (cost=5352.19..46344.74 rows=2083 width=12) (actual time=25.178..214.947 rows=4566 loops=3)
                                                         ->  Parallel Hash Join  (cost=5351.77..40470.46 rows=3000 width=8) (actual time=24.793..170.463 rows=14612 loops=3)
                                                               Hash Cond: (mc.company_id = cn.id)
                                                               ->  Parallel Seq Scan on movie_companies mc  (cost=0.00..35097.06 rows=8243 width=12) (actual time=0.025..139.591 rows=20555 loops=3)
                                                                     Filter: (((note)::text ~~ '%(200%)%'::text) AND ((note)::text ~~ '%(worldwide)%'::text))
                                                                     Rows Removed by Filter: 849155
                                                               ->  Parallel Hash  (cost=4722.92..4722.92 rows=50308 width=4) (actual time=24.217..24.217 rows=28281 loops=3)
                                                                     Buckets: 131072  Batches: 1  Memory Usage: 4416kB
                                                                     ->  Parallel Seq Scan on company_name cn  (cost=0.00..4722.92 rows=50308 width=4) (actual time=0.021..17.245 rows=28281 loops=3)
                                                                           Filter: ((country_code)::text = '[us]'::text)
                                                                           Rows Removed by Filter: 50051
                                                         ->  Index Only Scan using movie_id_aka_title on aka_title at  (cost=0.42..1.93 rows=3 width=4) (actual time=0.002..0.003 rows=0 loops=43837)
                                                               Index Cond: (movie_id = mc.movie_id)
                                                               Heap Fetches: 13699
                                                   ->  Index Scan using title_pkey on title t  (cost=0.43..0.93 rows=1 width=21) (actual time=0.005..0.005 rows=0 loops=13699)
                                                         Index Cond: (id = at.movie_id)
                                                         Filter: (production_year > 2000)
                                                         Rows Removed by Filter: 1
                                             ->  Index Scan using movie_id_movie_info on movie_info mi  (cost=0.43..1.97 rows=1 width=50) (actual time=0.050..0.050 rows=0 loops=5134)
                                                   Index Cond: (movie_id = t.id)
                                                   Filter: (((note)::text ~~ '%internet%'::text) AND ((info)::text ~~ 'USA:% 200%'::text))
                                                   Rows Removed by Filter: 72
                                       ->  Index Only Scan using company_type_pkey on company_type ct  (cost=0.13..0.15 rows=1 width=4) (actual time=0.003..0.003 rows=1 loops=57)
                                             Index Cond: (id = mc.company_type_id)
                                             Heap Fetches: 57
                                 ->  Index Scan using info_type_pkey on info_type it1  (cost=0.14..0.21 rows=1 width=4) (actual time=0.003..0.003 rows=1 loops=57)
                                       Index Cond: (id = mi.info_type_id)
                                       Filter: ((info)::text = 'release dates'::text)
                           ->  Index Scan using movie_id_movie_keyword on movie_keyword mk  (cost=0.43..1.36 rows=47 width=8) (actual time=0.010..0.011 rows=6 loops=57)
                                 Index Cond: (movie_id = t.id)
                     ->  Index Only Scan using keyword_pkey on keyword k  (cost=0.42..0.44 rows=1 width=4) (actual time=0.005..0.005 rows=1 loops=328)
                           Index Cond: (id = mk.keyword_id)
                           Heap Fetches: 328
 Planning Time: 14.878 ms
 Execution Time: 334.009 ms
(46 rows)

SET
                                                                                                      QUERY PLAN                                                                                                      
----------------------------------------------------------------------------------------------------------------------------------------------------------------------------------------------------------------------
 Finalize Aggregate  (cost=6425.67..6425.68 rows=1 width=64) (actual time=31.610..31.610 rows=1 loops=1)
   ->  Gather  (cost=6425.55..6425.66 rows=1 width=64) (actual time=31.536..32.903 rows=2 loops=1)
         Workers Planned: 1
         Workers Launched: 1
         ->  Partial Aggregate  (cost=5425.55..5425.56 rows=1 width=64) (actual time=29.461..29.461 rows=1 loops=2)
               ->  Nested Loop  (cost=2.84..5425.53 rows=5 width=59) (actual time=21.495..29.450 rows=18 loops=2)
                     ->  Nested Loop  (cost=2.42..5423.34 rows=5 width=63) (actual time=21.483..29.259 rows=18 loops=2)
                           ->  Nested Loop  (cost=1.99..5421.40 rows=1 width=75) (actual time=18.801..29.218 rows=2 loops=2)
                                 ->  Nested Loop  (cost=1.85..5421.11 rows=1 width=79) (actual time=18.797..29.211 rows=2 loops=2)
                                       ->  Nested Loop  (cost=1.41..5418.58 rows=1 width=29) (actual time=16.857..28.224 rows=13 loops=2)
                                             ->  Nested Loop  (cost=0.98..5417.65 rows=1 width=8) (actual time=16.840..27.966 rows=14 loops=2)
                                                   ->  Nested Loop  (cost=0.85..5417.49 rows=1 width=12) (actual time=16.826..27.932 rows=14 loops=2)
                                                         ->  Nested Loop  (cost=0.43..5415.54 rows=1 width=8) (actual time=16.493..27.044 rows=139 loops=2)
                                                               ->  Parallel Seq Scan on company_name cn  (cost=0.00..5068.50 rows=1 width=4) (actual time=16.463..23.035 rows=0 loops=2)
                                                                     Filter: (((country_code)::text = '[us]'::text) AND ((name)::text = 'YouTube'::text))
                                                                     Rows Removed by Filter: 117498
                                                               ->  Index Scan using company_id_movie_companies on movie_companies mc  (cost=0.43..347.02 rows=1 width=12) (actual time=0.057..7.982 rows=278 loops=1)
                                                                     Index Cond: (company_id = cn.id)
                                                                     Filter: (((note)::text ~~ '%(200%)%'::text) AND ((note)::text ~~ '%(worldwide)%'::text))
                                                                     Rows Removed by Filter: 1180
                                                         ->  Index Only Scan using movie_id_aka_title on aka_title at  (cost=0.42..1.93 rows=3 width=4) (actual time=0.006..0.006 rows=0 loops=278)
                                                               Index Cond: (movie_id = mc.movie_id)
                                                               Heap Fetches: 27
                                                   ->  Index Only Scan using company_type_pkey on company_type ct  (cost=0.13..0.15 rows=1 width=4) (actual time=0.002..0.002 rows=1 loops=27)
                                                         Index Cond: (id = mc.company_type_id)
                                                         Heap Fetches: 27
                                             ->  Index Scan using title_pkey on title t  (cost=0.43..0.93 rows=1 width=21) (actual time=0.018..0.018 rows=1 loops=27)
                                                   Index Cond: (id = at.movie_id)
                                                   Filter: ((production_year >= 2005) AND (production_year <= 2010))
                                                   Rows Removed by Filter: 0
                                       ->  Index Scan using movie_id_movie_info on movie_info mi  (cost=0.43..2.53 rows=1 width=50) (actual time=0.072..0.075 rows=0 loops=26)
                                             Index Cond: (movie_id = t.id)
                                             Filter: (((note)::text ~~ '%internet%'::text) AND ((info)::text ~~ 'USA:% 200%'::text))
                                             Rows Removed by Filter: 19
                                 ->  Index Scan using info_type_pkey on info_type it1  (cost=0.14..0.21 rows=1 width=4) (actual time=0.003..0.003 rows=1 loops=3)
                                       Index Cond: (id = mi.info_type_id)
                                       Filter: ((info)::text = 'release dates'::text)
                           ->  Index Scan using movie_id_movie_keyword on movie_keyword mk  (cost=0.43..1.46 rows=47 width=8) (actual time=0.023..0.025 rows=12 loops=3)
                                 Index Cond: (movie_id = t.id)
                     ->  Index Only Scan using keyword_pkey on keyword k  (cost=0.42..0.44 rows=1 width=4) (actual time=0.010..0.010 rows=1 loops=37)
                           Index Cond: (id = mk.keyword_id)
                           Heap Fetches: 37
 Planning Time: 15.164 ms
 Execution Time: 33.136 ms
(44 rows)

SET
                                                                                                          QUERY PLAN                                                                                                          
------------------------------------------------------------------------------------------------------------------------------------------------------------------------------------------------------------------------------
 Finalize Aggregate  (cost=271194.30..271194.31 rows=1 width=64) (actual time=604.854..604.854 rows=1 loops=1)
   ->  Gather  (cost=271194.08..271194.29 rows=2 width=64) (actual time=604.731..608.837 rows=3 loops=1)
         Workers Planned: 2
         Workers Launched: 2
         ->  Partial Aggregate  (cost=270194.08..270194.09 rows=1 width=64) (actual time=601.963..601.964 rows=1 loops=3)
               ->  Nested Loop  (cost=5.11..270193.85 rows=46 width=59) (actual time=166.030..601.824 rows=757 loops=3)
                     Join Filter: (t.id = at.movie_id)
                     ->  Nested Loop  (cost=4.69..270184.51 rows=18 width=75) (actual time=148.171..597.080 rows=2655 loops=3)
                           ->  Nested Loop  (cost=4.27..270176.61 rows=18 width=79) (actual time=148.136..588.852 rows=2655 loops=3)
                                 ->  Nested Loop  (cost=3.84..270174.80 rows=1 width=71) (actual time=148.046..582.142 rows=882 loops=3)
                                       ->  Nested Loop  (cost=3.71..270174.65 rows=1 width=75) (actual time=148.023..580.868 rows=882 loops=3)
                                             ->  Nested Loop  (cost=3.29..270172.87 rows=4 width=79) (actual time=147.923..574.692 rows=961 loops=3)
                                                   ->  Nested Loop  (cost=2.86..270172.24 rows=1 width=67) (actual time=147.885..565.311 rows=594 loops=3)
                                                         ->  Hash Join  (cost=2.43..270163.87 rows=1 width=46) (actual time=147.840..556.793 rows=594 loops=3)
                                                               Hash Cond: (mi.info_type_id = it1.id)
                                                               ->  Parallel Seq Scan on movie_info mi  (cost=0.00..270161.12 rows=119 width=50) (actual time=147.708..556.491 rows=594 loops=3)
                                                                     Filter: ((info IS NOT NULL) AND ((note)::text ~~ '%internet%'::text) AND (((info)::text ~~ 'USA:% 199%'::text) OR ((info)::text ~~ 'USA:% 200%'::text)))
                                                                     Rows Removed by Filter: 4944646
                                                               ->  Hash  (cost=2.41..2.41 rows=1 width=4) (actual time=0.027..0.028 rows=1 loops=3)
                                                                     Buckets: 1024  Batches: 1  Memory Usage: 9kB
                                                                     ->  Seq Scan on info_type it1  (cost=0.00..2.41 rows=1 width=4) (actual time=0.015..0.022 rows=1 loops=3)
                                                                           Filter: ((info)::text = 'release dates'::text)
                                                                           Rows Removed by Filter: 112
                                                         ->  Index Scan using title_pkey on title t  (cost=0.43..8.37 rows=1 width=21) (actual time=0.014..0.014 rows=1 loops=1783)
                                                               Index Cond: (id = mi.movie_id)
                                                               Filter: (production_year > 1990)
                                                               Rows Removed by Filter: 0
                                                   ->  Index Scan using movie_id_movie_companies on movie_companies mc  (cost=0.43..0.58 rows=5 width=12) (actual time=0.012..0.015 rows=2 loops=1782)
                                                         Index Cond: (movie_id = t.id)
                                             ->  Index Scan using company_name_pkey on company_name cn  (cost=0.42..0.45 rows=1 width=4) (actual time=0.006..0.006 rows=1 loops=2884)
                                                   Index Cond: (id = mc.company_id)
                                                   Filter: ((country_code)::text = '[us]'::text)
                                                   Rows Removed by Filter: 0
                                       ->  Index Only Scan using company_type_pkey on company_type ct  (cost=0.13..0.15 rows=1 width=4) (actual time=0.001..0.001 rows=1 loops=2647)
                                             Index Cond: (id = mc.company_type_id)
                                             Heap Fetches: 2647
                                 ->  Index Scan using movie_id_movie_keyword on movie_keyword mk  (cost=0.43..1.34 rows=47 width=8) (actual time=0.006..0.007 rows=3 loops=2647)
                                       Index Cond: (movie_id = t.id)
                           ->  Index Only Scan using keyword_pkey on keyword k  (cost=0.42..0.44 rows=1 width=4) (actual time=0.003..0.003 rows=1 loops=7964)
                                 Index Cond: (id = mk.keyword_id)
                                 Heap Fetches: 7964
                     ->  Index Only Scan using movie_id_aka_title on aka_title at  (cost=0.42..0.48 rows=3 width=4) (actual time=0.001..0.002 rows=0 loops=7964)
                           Index Cond: (movie_id = mk.movie_id)
                           Heap Fetches: 2271
 Planning Time: 15.086 ms
 Execution Time: 609.096 ms
(46 rows)

SET
                                                                                               QUERY PLAN                                                                                               
--------------------------------------------------------------------------------------------------------------------------------------------------------------------------------------------------------
 Finalize Aggregate  (cost=241312.72..241312.73 rows=1 width=64) (actual time=668.013..668.013 rows=1 loops=1)
   ->  Gather  (cost=241312.50..241312.71 rows=2 width=64) (actual time=667.898..672.377 rows=3 loops=1)
         Workers Planned: 2
         Workers Launched: 2
         ->  Partial Aggregate  (cost=240312.50..240312.51 rows=1 width=64) (actual time=665.110..665.111 rows=1 loops=3)
               ->  Nested Loop  (cost=6.07..240304.29 rows=1642 width=38) (actual time=140.657..664.519 rows=3782 loops=3)
                     Join Filter: (t.id = at.movie_id)
                     ->  Nested Loop  (cost=5.65..239970.15 rows=644 width=33) (actual time=135.459..650.285 rows=8521 loops=3)
                           ->  Nested Loop  (cost=5.23..239687.65 rows=644 width=37) (actual time=135.421..629.701 rows=8521 loops=3)
                                 ->  Hash Join  (cost=4.80..239595.35 rows=51 width=29) (actual time=135.346..611.293 rows=3286 loops=3)
                                       Hash Cond: (mc.company_type_id = ct.id)
                                       ->  Nested Loop  (cost=3.71..239593.98 rows=51 width=33) (actual time=135.257..610.379 rows=3286 loops=3)
                                             ->  Nested Loop  (cost=3.29..239532.04 rows=139 width=37) (actual time=135.229..589.402 rows=4792 loops=3)
                                                   ->  Nested Loop  (cost=2.86..239514.48 rows=28 width=25) (actual time=135.124..554.657 rows=3554 loops=3)
                                                         ->  Hash Join  (cost=2.43..239268.23 rows=40 width=4) (actual time=135.076..519.352 rows=3560 loops=3)
                                                               Hash Cond: (mi.info_type_id = it1.id)
                                                               ->  Parallel Seq Scan on movie_info mi  (cost=0.00..239253.38 rows=4567 width=8) (actual time=20.886..518.425 rows=3603 loops=3)
                                                                     Filter: ((note)::text ~~ '%internet%'::text)
                                                                     Rows Removed by Filter: 4941637
                                                               ->  Hash  (cost=2.41..2.41 rows=1 width=4) (actual time=0.027..0.028 rows=1 loops=3)
                                                                     Buckets: 1024  Batches: 1  Memory Usage: 9kB
                                                                     ->  Seq Scan on info_type it1  (cost=0.00..2.41 rows=1 width=4) (actual time=0.016..0.023 rows=1 loops=3)
                                                                           Filter: ((info)::text = 'release dates'::text)
                                                                           Rows Removed by Filter: 112
                                                         ->  Index Scan using title_pkey on title t  (cost=0.43..6.16 rows=1 width=21) (actual time=0.009..0.009 rows=1 loops=10679)
                                                               Index Cond: (id = mi.movie_id)
                                                               Filter: (production_year > 1990)
                                                               Rows Removed by Filter: 0
                                                   ->  Index Scan using movie_id_movie_companies on movie_companies mc  (cost=0.43..0.58 rows=5 width=12) (actual time=0.008..0.009 rows=1 loops=10662)
                                                         Index Cond: (movie_id = t.id)
                                             ->  Index Scan using company_name_pkey on company_name cn  (cost=0.42..0.45 rows=1 width=4) (actual time=0.004..0.004 rows=1 loops=14377)
                                                   Index Cond: (id = mc.company_id)
                                                   Filter: ((country_code)::text = '[us]'::text)
                                                   Rows Removed by Filter: 0
                                       ->  Hash  (cost=1.04..1.04 rows=4 width=4) (actual time=0.023..0.023 rows=4 loops=3)
                                             Buckets: 1024  Batches: 1  Memory Usage: 9kB
                                             ->  Seq Scan on company_type ct  (cost=0.00..1.04 rows=4 width=4) (actual time=0.016..0.017 rows=4 loops=3)
                                 ->  Index Scan using movie_id_movie_keyword on movie_keyword mk  (cost=0.43..1.34 rows=47 width=8) (actual time=0.005..0.005 rows=3 loops=9857)
                                       Index Cond: (movie_id = t.id)
                           ->  Index Only Scan using keyword_pkey on keyword k  (cost=0.42..0.44 rows=1 width=4) (actual time=0.002..0.002 rows=1 loops=25564)
                                 Index Cond: (id = mk.keyword_id)
                                 Heap Fetches: 25564
                     ->  Index Scan using movie_id_aka_title on aka_title at  (cost=0.42..0.48 rows=3 width=25) (actual time=0.001..0.001 rows=0 loops=25564)
                           Index Cond: (movie_id = mk.movie_id)
 Planning Time: 15.339 ms
 Execution Time: 672.631 ms
(46 rows)

SET
                                                                                      QUERY PLAN                                                                                       
---------------------------------------------------------------------------------------------------------------------------------------------------------------------------------------
 Aggregate  (cost=3786.91..3786.92 rows=1 width=64) (actual time=270.394..270.394 rows=1 loops=1)
   ->  Nested Loop  (cost=9.45..3786.52 rows=79 width=33) (actual time=17.077..270.313 rows=385 loops=1)
         Join Filter: (n.id = an.person_id)
         ->  Nested Loop  (cost=9.02..3770.95 rows=32 width=25) (actual time=17.045..268.048 rows=323 loops=1)
               ->  Nested Loop  (cost=8.59..3756.39 rows=32 width=21) (actual time=17.013..265.300 rows=323 loops=1)
                     Join Filter: (t.id = ci.movie_id)
                     ->  Nested Loop  (cost=8.03..3752.42 rows=2 width=29) (actual time=16.985..263.869 rows=25 loops=1)
                           ->  Nested Loop  (cost=7.61..3750.19 rows=5 width=33) (actual time=16.786..263.497 rows=54 loops=1)
                                 Join Filter: (t.id = mc.movie_id)
                                 ->  Nested Loop  (cost=7.18..3749.59 rows=1 width=25) (actual time=13.997..262.797 rows=146 loops=1)
                                       ->  Nested Loop  (cost=6.75..3732.91 rows=34 width=4) (actual time=6.735..76.551 rows=41840 loops=1)
                                             ->  Seq Scan on keyword k  (cost=0.00..2626.12 rows=1 width=4) (actual time=0.660..11.787 rows=1 loops=1)
                                                   Filter: ((keyword)::text = 'character-name-in-title'::text)
                                                   Rows Removed by Filter: 134169
                                             ->  Bitmap Heap Scan on movie_keyword mk  (cost=6.75..1103.80 rows=299 width=8) (actual time=6.071..60.389 rows=41840 loops=1)
                                                   Recheck Cond: (keyword_id = k.id)
                                                   Heap Blocks: exact=11541
                                                   ->  Bitmap Index Scan on keyword_id_movie_keyword  (cost=0.00..6.67 rows=299 width=0) (actual time=4.020..4.020 rows=41840 loops=1)
                                                         Index Cond: (keyword_id = k.id)
                                       ->  Index Scan using title_pkey on title t  (cost=0.43..0.49 rows=1 width=21) (actual time=0.004..0.004 rows=0 loops=41840)
                                             Index Cond: (id = mk.movie_id)
                                             Filter: ((episode_nr >= 50) AND (episode_nr < 100))
                                             Rows Removed by Filter: 1
                                 ->  Index Scan using movie_id_movie_companies on movie_companies mc  (cost=0.43..0.54 rows=5 width=8) (actual time=0.004..0.004 rows=0 loops=146)
                                       Index Cond: (movie_id = mk.movie_id)
                           ->  Index Scan using company_name_pkey on company_name cn  (cost=0.42..0.45 rows=1 width=4) (actual time=0.006..0.006 rows=0 loops=54)
                                 Index Cond: (id = mc.company_id)
                                 Filter: ((country_code)::text = '[us]'::text)
                                 Rows Removed by Filter: 1
                     ->  Index Scan using movie_id_cast_info on cast_info ci  (cost=0.56..1.52 rows=37 width=8) (actual time=0.014..0.054 rows=13 loops=25)
                           Index Cond: (movie_id = mk.movie_id)
               ->  Index Only Scan using name_pkey on name n  (cost=0.43..0.45 rows=1 width=4) (actual time=0.008..0.008 rows=1 loops=323)
                     Index Cond: (id = ci.person_id)
                     Heap Fetches: 323
         ->  Index Scan using person_id_aka_name on aka_name an  (cost=0.42..0.46 rows=2 width=20) (actual time=0.006..0.007 rows=1 loops=323)
               Index Cond: (person_id = ci.person_id)
 Planning Time: 8.509 ms
 Execution Time: 270.647 ms
(38 rows)

SET
                                                                                      QUERY PLAN                                                                                       
---------------------------------------------------------------------------------------------------------------------------------------------------------------------------------------
 Aggregate  (cost=5116.99..5117.00 rows=1 width=64) (actual time=21572.120..21572.120 rows=1 loops=1)
   ->  Nested Loop  (cost=9.45..5102.20 rows=2957 width=33) (actual time=7.238..21020.496 rows=3710592 loops=1)
         Join Filter: (n.id = an.person_id)
         ->  Nested Loop  (cost=9.02..4515.45 rows=1206 width=25) (actual time=7.206..13440.076 rows=2832555 loops=1)
               ->  Nested Loop  (cost=8.59..3966.84 rows=1206 width=21) (actual time=7.173..4751.695 rows=2832555 loops=1)
                     Join Filter: (t.id = ci.movie_id)
                     ->  Nested Loop  (cost=8.03..3845.67 rows=61 width=29) (actual time=6.778..1143.432 rows=68316 loops=1)
                           ->  Nested Loop  (cost=7.61..3769.92 rows=170 width=33) (actual time=6.718..532.946 rows=148552 loops=1)
                                 Join Filter: (t.id = mc.movie_id)
                                 ->  Nested Loop  (cost=7.18..3749.42 rows=34 width=25) (actual time=6.668..311.542 rows=41840 loops=1)
                                       ->  Nested Loop  (cost=6.75..3732.91 rows=34 width=4) (actual time=6.652..85.416 rows=41840 loops=1)
                                             ->  Seq Scan on keyword k  (cost=0.00..2626.12 rows=1 width=4) (actual time=0.654..11.671 rows=1 loops=1)
                                                   Filter: ((keyword)::text = 'character-name-in-title'::text)
                                                   Rows Removed by Filter: 134169
                                             ->  Bitmap Heap Scan on movie_keyword mk  (cost=6.75..1103.80 rows=299 width=8) (actual time=5.994..66.344 rows=41840 loops=1)
                                                   Recheck Cond: (keyword_id = k.id)
                                                   Heap Blocks: exact=11541
                                                   ->  Bitmap Index Scan on keyword_id_movie_keyword  (cost=0.00..6.67 rows=299 width=0) (actual time=3.940..3.940 rows=41840 loops=1)
                                                         Index Cond: (keyword_id = k.id)
                                       ->  Index Scan using title_pkey on title t  (cost=0.43..0.49 rows=1 width=21) (actual time=0.005..0.005 rows=1 loops=41840)
                                             Index Cond: (id = mk.movie_id)
                                 ->  Index Scan using movie_id_movie_companies on movie_companies mc  (cost=0.43..0.54 rows=5 width=8) (actual time=0.003..0.004 rows=4 loops=41840)
                                       Index Cond: (movie_id = mk.movie_id)
                           ->  Index Scan using company_name_pkey on company_name cn  (cost=0.42..0.45 rows=1 width=4) (actual time=0.004..0.004 rows=0 loops=148552)
                                 Index Cond: (id = mc.company_id)
                                 Filter: ((country_code)::text = '[us]'::text)
                                 Rows Removed by Filter: 1
                     ->  Index Scan using movie_id_cast_info on cast_info ci  (cost=0.56..1.52 rows=37 width=8) (actual time=0.004..0.046 rows=41 loops=68316)
                           Index Cond: (movie_id = mk.movie_id)
               ->  Index Only Scan using name_pkey on name n  (cost=0.43..0.45 rows=1 width=4) (actual time=0.003..0.003 rows=1 loops=2832555)
                     Index Cond: (id = ci.person_id)
                     Heap Fetches: 2832555
         ->  Index Scan using person_id_aka_name on aka_name an  (cost=0.42..0.46 rows=2 width=20) (actual time=0.002..0.002 rows=1 loops=2832555)
               Index Cond: (person_id = ci.person_id)
 Planning Time: 8.273 ms
 Execution Time: 21572.370 ms
(36 rows)

SET
                                                                                      QUERY PLAN                                                                                       
---------------------------------------------------------------------------------------------------------------------------------------------------------------------------------------
 Aggregate  (cost=4258.35..4258.36 rows=1 width=64) (actual time=1845.303..1845.303 rows=1 loops=1)
   ->  Nested Loop  (cost=9.45..4252.86 rows=1097 width=33) (actual time=7.273..1796.287 rows=319932 loops=1)
         Join Filter: (n.id = an.person_id)
         ->  Nested Loop  (cost=9.02..4034.90 rows=448 width=25) (actual time=7.247..1200.713 rows=221609 loops=1)
               ->  Nested Loop  (cost=8.59..3831.10 rows=448 width=21) (actual time=7.208..562.409 rows=221609 loops=1)
                     Join Filter: (t.id = ci.movie_id)
                     ->  Nested Loop  (cost=8.03..3785.41 rows=23 width=29) (actual time=7.180..278.766 rows=8538 loops=1)
                           ->  Nested Loop  (cost=7.61..3757.34 rows=63 width=33) (actual time=6.803..249.342 rows=11406 loops=1)
                                 Join Filter: (t.id = mc.movie_id)
                                 ->  Nested Loop  (cost=7.18..3749.50 rows=13 width=25) (actual time=6.717..224.215 rows=6926 loops=1)
                                       ->  Nested Loop  (cost=6.75..3732.91 rows=34 width=4) (actual time=6.697..69.311 rows=41840 loops=1)
                                             ->  Seq Scan on keyword k  (cost=0.00..2626.12 rows=1 width=4) (actual time=0.675..11.796 rows=1 loops=1)
                                                   Filter: ((keyword)::text = 'character-name-in-title'::text)
                                                   Rows Removed by Filter: 134169
                                             ->  Bitmap Heap Scan on movie_keyword mk  (cost=6.75..1103.80 rows=299 width=8) (actual time=6.020..52.703 rows=41840 loops=1)
                                                   Recheck Cond: (keyword_id = k.id)
                                                   Heap Blocks: exact=11541
                                                   ->  Bitmap Index Scan on keyword_id_movie_keyword  (cost=0.00..6.67 rows=299 width=0) (actual time=3.958..3.958 rows=41840 loops=1)
                                                         Index Cond: (keyword_id = k.id)
                                       ->  Index Scan using title_pkey on title t  (cost=0.43..0.49 rows=1 width=21) (actual time=0.003..0.003 rows=0 loops=41840)
                                             Index Cond: (id = mk.movie_id)
                                             Filter: (episode_nr < 100)
                                             Rows Removed by Filter: 1
                                 ->  Index Scan using movie_id_movie_companies on movie_companies mc  (cost=0.43..0.54 rows=5 width=8) (actual time=0.002..0.003 rows=2 loops=6926)
                                       Index Cond: (movie_id = mk.movie_id)
                           ->  Index Scan using company_name_pkey on company_name cn  (cost=0.42..0.45 rows=1 width=4) (actual time=0.002..0.002 rows=1 loops=11406)
                                 Index Cond: (id = mc.company_id)
                                 Filter: ((country_code)::text = '[us]'::text)
                                 Rows Removed by Filter: 0
                     ->  Index Scan using movie_id_cast_info on cast_info ci  (cost=0.56..1.52 rows=37 width=8) (actual time=0.004..0.029 rows=26 loops=8538)
                           Index Cond: (movie_id = mk.movie_id)
               ->  Index Only Scan using name_pkey on name n  (cost=0.43..0.45 rows=1 width=4) (actual time=0.003..0.003 rows=1 loops=221609)
                     Index Cond: (id = ci.person_id)
                     Heap Fetches: 221609
         ->  Index Scan using person_id_aka_name on aka_name an  (cost=0.42..0.46 rows=2 width=20) (actual time=0.002..0.002 rows=1 loops=221609)
               Index Cond: (person_id = ci.person_id)
 Planning Time: 8.360 ms
 Execution Time: 1845.558 ms
(38 rows)

SET
                                                                                      QUERY PLAN                                                                                       
---------------------------------------------------------------------------------------------------------------------------------------------------------------------------------------
 Aggregate  (cost=4117.25..4117.26 rows=1 width=64) (actual time=1489.145..1489.145 rows=1 loops=1)
   ->  Nested Loop  (cost=9.45..4113.26 rows=798 width=33) (actual time=7.327..1451.449 rows=249455 loops=1)
         Join Filter: (n.id = an.person_id)
         ->  Nested Loop  (cost=9.02..3955.14 rows=325 width=25) (actual time=7.300..985.395 rows=169273 loops=1)
               ->  Nested Loop  (cost=8.59..3807.29 rows=325 width=21) (actual time=7.266..489.237 rows=169273 loops=1)
                     Join Filter: (t.id = ci.movie_id)
                     ->  Nested Loop  (cost=8.03..3775.51 rows=16 width=29) (actual time=7.237..266.556 rows=6766 loops=1)
                           ->  Nested Loop  (cost=7.61..3755.01 rows=46 width=33) (actual time=6.874..244.292 rows=8661 loops=1)
                                 Join Filter: (t.id = mc.movie_id)
                                 ->  Nested Loop  (cost=7.18..3749.59 rows=9 width=25) (actual time=6.783..224.172 rows=5385 loops=1)
                                       ->  Nested Loop  (cost=6.75..3732.91 rows=34 width=4) (actual time=6.762..69.172 rows=41840 loops=1)
                                             ->  Seq Scan on keyword k  (cost=0.00..2626.12 rows=1 width=4) (actual time=0.666..11.794 rows=1 loops=1)
                                                   Filter: ((keyword)::text = 'character-name-in-title'::text)
                                                   Rows Removed by Filter: 134169
                                             ->  Bitmap Heap Scan on movie_keyword mk  (cost=6.75..1103.80 rows=299 width=8) (actual time=6.093..52.748 rows=41840 loops=1)
                                                   Recheck Cond: (keyword_id = k.id)
                                                   Heap Blocks: exact=11541
                                                   ->  Bitmap Index Scan on keyword_id_movie_keyword  (cost=0.00..6.67 rows=299 width=0) (actual time=4.027..4.027 rows=41840 loops=1)
                                                         Index Cond: (keyword_id = k.id)
                                       ->  Index Scan using title_pkey on title t  (cost=0.43..0.49 rows=1 width=21) (actual time=0.004..0.004 rows=0 loops=41840)
                                             Index Cond: (id = mk.movie_id)
                                             Filter: ((episode_nr >= 5) AND (episode_nr < 100))
                                             Rows Removed by Filter: 1
                                 ->  Index Scan using movie_id_movie_companies on movie_companies mc  (cost=0.43..0.54 rows=5 width=8) (actual time=0.002..0.003 rows=2 loops=5385)
                                       Index Cond: (movie_id = mk.movie_id)
                           ->  Index Scan using company_name_pkey on company_name cn  (cost=0.42..0.45 rows=1 width=4) (actual time=0.002..0.002 rows=1 loops=8661)
                                 Index Cond: (id = mc.company_id)
                                 Filter: ((country_code)::text = '[us]'::text)
                                 Rows Removed by Filter: 0
                     ->  Index Scan using movie_id_cast_info on cast_info ci  (cost=0.56..1.52 rows=37 width=8) (actual time=0.004..0.029 rows=25 loops=6766)
                           Index Cond: (movie_id = mk.movie_id)
               ->  Index Only Scan using name_pkey on name n  (cost=0.43..0.45 rows=1 width=4) (actual time=0.003..0.003 rows=1 loops=169273)
                     Index Cond: (id = ci.person_id)
                     Heap Fetches: 169273
         ->  Index Scan using person_id_aka_name on aka_name an  (cost=0.42..0.46 rows=2 width=20) (actual time=0.002..0.002 rows=1 loops=169273)
               Index Cond: (person_id = ci.person_id)
 Planning Time: 8.344 ms
 Execution Time: 1489.396 ms
(38 rows)

SET
                                                                                   QUERY PLAN                                                                                    
---------------------------------------------------------------------------------------------------------------------------------------------------------------------------------
 Aggregate  (cost=4518.95..4518.96 rows=1 width=64) (actual time=12832.639..12832.639 rows=1 loops=1)
   ->  Nested Loop  (cost=9.02..4518.46 rows=97 width=15) (actual time=7.328..12798.174 rows=258289 loops=1)
         ->  Nested Loop  (cost=8.59..3966.84 rows=1206 width=4) (actual time=7.258..4500.065 rows=2832555 loops=1)
               Join Filter: (t.id = ci.movie_id)
               ->  Nested Loop  (cost=8.03..3845.67 rows=61 width=12) (actual time=6.864..1061.657 rows=68316 loops=1)
                     ->  Nested Loop  (cost=7.61..3769.92 rows=170 width=16) (actual time=6.801..505.516 rows=148552 loops=1)
                           Join Filter: (t.id = mc.movie_id)
                           ->  Nested Loop  (cost=7.18..3749.42 rows=34 width=8) (actual time=6.746..295.454 rows=41840 loops=1)
                                 ->  Nested Loop  (cost=6.75..3732.91 rows=34 width=4) (actual time=6.727..82.765 rows=41840 loops=1)
                                       ->  Seq Scan on keyword k  (cost=0.00..2626.12 rows=1 width=4) (actual time=0.664..11.688 rows=1 loops=1)
                                             Filter: ((keyword)::text = 'character-name-in-title'::text)
                                             Rows Removed by Filter: 134169
                                       ->  Bitmap Heap Scan on movie_keyword mk  (cost=6.75..1103.80 rows=299 width=8) (actual time=6.059..64.139 rows=41840 loops=1)
                                             Recheck Cond: (keyword_id = k.id)
                                             Heap Blocks: exact=11541
                                             ->  Bitmap Index Scan on keyword_id_movie_keyword  (cost=0.00..6.67 rows=299 width=0) (actual time=3.985..3.985 rows=41840 loops=1)
                                                   Index Cond: (keyword_id = k.id)
                                 ->  Index Only Scan using title_pkey on title t  (cost=0.43..0.49 rows=1 width=4) (actual time=0.005..0.005 rows=1 loops=41840)
                                       Index Cond: (id = mk.movie_id)
                                       Heap Fetches: 41840
                           ->  Index Scan using movie_id_movie_companies on movie_companies mc  (cost=0.43..0.54 rows=5 width=8) (actual time=0.003..0.004 rows=4 loops=41840)
                                 Index Cond: (movie_id = mk.movie_id)
                     ->  Index Scan using company_name_pkey on company_name cn  (cost=0.42..0.45 rows=1 width=4) (actual time=0.003..0.003 rows=0 loops=148552)
                           Index Cond: (id = mc.company_id)
                           Filter: ((country_code)::text = '[us]'::text)
                           Rows Removed by Filter: 1
               ->  Index Scan using movie_id_cast_info on cast_info ci  (cost=0.56..1.52 rows=37 width=8) (actual time=0.004..0.044 rows=41 loops=68316)
                     Index Cond: (movie_id = mk.movie_id)
         ->  Index Scan using name_pkey on name n  (cost=0.43..0.46 rows=1 width=19) (actual time=0.003..0.003 rows=0 loops=2832555)
               Index Cond: (id = ci.person_id)
               Filter: ((name)::text ~~ 'B%'::text)
               Rows Removed by Filter: 1
 Planning Time: 5.269 ms
 Execution Time: 12832.872 ms
(34 rows)

SET
                                                                                   QUERY PLAN                                                                                    
---------------------------------------------------------------------------------------------------------------------------------------------------------------------------------
 Aggregate  (cost=4395.31..4395.32 rows=1 width=64) (actual time=9183.088..9183.088 rows=1 loops=1)
   ->  Nested Loop  (cost=9.02..4395.14 rows=33 width=15) (actual time=13.579..9175.744 rows=52306 loops=1)
         ->  Nested Loop  (cost=8.60..4380.52 rows=33 width=19) (actual time=13.562..8989.775 rows=52306 loops=1)
               ->  Nested Loop  (cost=8.17..4373.10 rows=13 width=27) (actual time=13.540..8930.675 rows=6642 loops=1)
                     ->  Nested Loop  (cost=7.74..4367.22 rows=13 width=23) (actual time=13.525..8888.740 rows=6642 loops=1)
                           ->  Nested Loop  (cost=7.31..3797.31 rows=1246 width=12) (actual time=6.816..3118.928 rows=1038393 loops=1)
                                 ->  Nested Loop  (cost=6.75..3732.91 rows=34 width=4) (actual time=6.791..79.877 rows=41840 loops=1)
                                       ->  Seq Scan on keyword k  (cost=0.00..2626.12 rows=1 width=4) (actual time=0.675..11.773 rows=1 loops=1)
                                             Filter: ((keyword)::text = 'character-name-in-title'::text)
                                             Rows Removed by Filter: 134169
                                       ->  Bitmap Heap Scan on movie_keyword mk  (cost=6.75..1103.80 rows=299 width=8) (actual time=6.112..60.717 rows=41840 loops=1)
                                             Recheck Cond: (keyword_id = k.id)
                                             Heap Blocks: exact=11541
                                             ->  Bitmap Index Scan on keyword_id_movie_keyword  (cost=0.00..6.67 rows=299 width=0) (actual time=4.054..4.054 rows=41840 loops=1)
                                                   Index Cond: (keyword_id = k.id)
                                 ->  Index Scan using movie_id_cast_info on cast_info ci  (cost=0.56..1.52 rows=37 width=8) (actual time=0.006..0.069 rows=25 loops=41840)
                                       Index Cond: (movie_id = mk.movie_id)
                           ->  Index Scan using name_pkey on name n  (cost=0.43..0.46 rows=1 width=19) (actual time=0.005..0.005 rows=0 loops=1038393)
                                 Index Cond: (id = ci.person_id)
                                 Filter: ((name)::text ~~ 'Z%'::text)
                                 Rows Removed by Filter: 1
                     ->  Index Only Scan using title_pkey on title t  (cost=0.43..0.45 rows=1 width=4) (actual time=0.006..0.006 rows=1 loops=6642)
                           Index Cond: (id = ci.movie_id)
                           Heap Fetches: 6642
               ->  Index Scan using movie_id_movie_companies on movie_companies mc  (cost=0.43..0.52 rows=5 width=8) (actual time=0.005..0.008 rows=8 loops=6642)
                     Index Cond: (movie_id = ci.movie_id)
         ->  Index Only Scan using company_name_pkey on company_name cn  (cost=0.42..0.44 rows=1 width=4) (actual time=0.003..0.003 rows=1 loops=52306)
               Index Cond: (id = mc.company_id)
               Heap Fetches: 52306
 Planning Time: 5.221 ms
 Execution Time: 9183.310 ms
(31 rows)

SET
                                                                                   QUERY PLAN                                                                                    
---------------------------------------------------------------------------------------------------------------------------------------------------------------------------------
 Aggregate  (cost=4368.70..4368.71 rows=1 width=64) (actual time=8878.707..8878.708 rows=1 loops=1)
   ->  Nested Loop  (cost=9.02..4368.69 rows=1 width=15) (actual time=95.149..8878.270 rows=1918 loops=1)
         ->  Nested Loop  (cost=8.59..4368.24 rows=1 width=27) (actual time=95.124..8872.948 rows=1918 loops=1)
               ->  Nested Loop  (cost=8.17..4367.80 rows=1 width=31) (actual time=95.101..8861.884 rows=1918 loops=1)
                     ->  Nested Loop  (cost=7.74..4367.23 rows=1 width=23) (actual time=95.084..8858.229 rows=250 loops=1)
                           ->  Nested Loop  (cost=7.31..3797.31 rows=1246 width=12) (actual time=6.672..3109.619 rows=1038393 loops=1)
                                 ->  Nested Loop  (cost=6.75..3732.91 rows=34 width=4) (actual time=6.646..79.882 rows=41840 loops=1)
                                       ->  Seq Scan on keyword k  (cost=0.00..2626.12 rows=1 width=4) (actual time=0.637..11.663 rows=1 loops=1)
                                             Filter: ((keyword)::text = 'character-name-in-title'::text)
                                             Rows Removed by Filter: 134169
                                       ->  Bitmap Heap Scan on movie_keyword mk  (cost=6.75..1103.80 rows=299 width=8) (actual time=6.004..60.541 rows=41840 loops=1)
                                             Recheck Cond: (keyword_id = k.id)
                                             Heap Blocks: exact=11541
                                             ->  Bitmap Index Scan on keyword_id_movie_keyword  (cost=0.00..6.67 rows=299 width=0) (actual time=3.936..3.936 rows=41840 loops=1)
                                                   Index Cond: (keyword_id = k.id)
                                 ->  Index Scan using movie_id_cast_info on cast_info ci  (cost=0.56..1.52 rows=37 width=8) (actual time=0.006..0.069 rows=25 loops=41840)
                                       Index Cond: (movie_id = mk.movie_id)
                           ->  Index Scan using name_pkey on name n  (cost=0.43..0.46 rows=1 width=19) (actual time=0.005..0.005 rows=0 loops=1038393)
                                 Index Cond: (id = ci.person_id)
                                 Filter: ((name)::text ~~ 'X%'::text)
                                 Rows Removed by Filter: 1
                     ->  Index Scan using movie_id_movie_companies on movie_companies mc  (cost=0.43..0.52 rows=5 width=8) (actual time=0.009..0.013 rows=8 loops=250)
                           Index Cond: (movie_id = ci.movie_id)
               ->  Index Only Scan using company_name_pkey on company_name cn  (cost=0.42..0.44 rows=1 width=4) (actual time=0.005..0.005 rows=1 loops=1918)
                     Index Cond: (id = mc.company_id)
                     Heap Fetches: 1918
         ->  Index Only Scan using title_pkey on title t  (cost=0.43..0.45 rows=1 width=4) (actual time=0.002..0.002 rows=1 loops=1918)
               Index Cond: (id = ci.movie_id)
               Heap Fetches: 1918
 Planning Time: 5.244 ms
 Execution Time: 8878.932 ms
(31 rows)

SET
                                                                                   QUERY PLAN                                                                                    
---------------------------------------------------------------------------------------------------------------------------------------------------------------------------------
 Aggregate  (cost=4368.69..4368.70 rows=1 width=32) (actual time=9001.661..9001.661 rows=1 loops=1)
   ->  Nested Loop  (cost=9.02..4368.69 rows=1 width=15) (actual time=58.938..8999.748 rows=11538 loops=1)
         ->  Nested Loop  (cost=8.59..4368.24 rows=1 width=27) (actual time=58.910..8968.907 rows=11538 loops=1)
               ->  Nested Loop  (cost=8.17..4367.80 rows=1 width=31) (actual time=58.889..8911.621 rows=11538 loops=1)
                     ->  Nested Loop  (cost=7.74..4367.23 rows=1 width=23) (actual time=58.867..8891.122 rows=1972 loops=1)
                           ->  Nested Loop  (cost=7.31..3797.31 rows=1246 width=12) (actual time=6.674..3099.316 rows=1038393 loops=1)
                                 ->  Nested Loop  (cost=6.75..3732.91 rows=34 width=4) (actual time=6.645..79.394 rows=41840 loops=1)
                                       ->  Seq Scan on keyword k  (cost=0.00..2626.12 rows=1 width=4) (actual time=0.658..11.693 rows=1 loops=1)
                                             Filter: ((keyword)::text = 'character-name-in-title'::text)
                                             Rows Removed by Filter: 134169
                                       ->  Bitmap Heap Scan on movie_keyword mk  (cost=6.75..1103.80 rows=299 width=8) (actual time=5.983..60.448 rows=41840 loops=1)
                                             Recheck Cond: (keyword_id = k.id)
                                             Heap Blocks: exact=11541
                                             ->  Bitmap Index Scan on keyword_id_movie_keyword  (cost=0.00..6.67 rows=299 width=0) (actual time=3.925..3.925 rows=41840 loops=1)
                                                   Index Cond: (keyword_id = k.id)
                                 ->  Index Scan using movie_id_cast_info on cast_info ci  (cost=0.56..1.52 rows=37 width=8) (actual time=0.006..0.069 rows=25 loops=41840)
                                       Index Cond: (movie_id = mk.movie_id)
                           ->  Index Scan using name_pkey on name n  (cost=0.43..0.46 rows=1 width=19) (actual time=0.005..0.005 rows=0 loops=1038393)
                                 Index Cond: (id = ci.person_id)
                                 Filter: ((name)::text ~~ '%Bert%'::text)
                                 Rows Removed by Filter: 1
                     ->  Index Scan using movie_id_movie_companies on movie_companies mc  (cost=0.43..0.52 rows=5 width=8) (actual time=0.006..0.009 rows=6 loops=1972)
                           Index Cond: (movie_id = ci.movie_id)
               ->  Index Only Scan using company_name_pkey on company_name cn  (cost=0.42..0.44 rows=1 width=4) (actual time=0.005..0.005 rows=1 loops=11538)
                     Index Cond: (id = mc.company_id)
                     Heap Fetches: 11538
         ->  Index Only Scan using title_pkey on title t  (cost=0.43..0.45 rows=1 width=4) (actual time=0.002..0.002 rows=1 loops=11538)
               Index Cond: (id = ci.movie_id)
               Heap Fetches: 11538
 Planning Time: 5.269 ms
 Execution Time: 9001.884 ms
(31 rows)

SET
                                                                                   QUERY PLAN                                                                                    
---------------------------------------------------------------------------------------------------------------------------------------------------------------------------------
 Aggregate  (cost=4518.46..4518.47 rows=1 width=32) (actual time=12849.024..12849.024 rows=1 loops=1)
   ->  Nested Loop  (cost=9.02..4515.45 rows=1206 width=15) (actual time=7.182..12523.885 rows=2832555 loops=1)
         ->  Nested Loop  (cost=8.59..3966.84 rows=1206 width=4) (actual time=7.137..4550.512 rows=2832555 loops=1)
               Join Filter: (t.id = ci.movie_id)
               ->  Nested Loop  (cost=8.03..3845.67 rows=61 width=12) (actual time=6.761..1053.273 rows=68316 loops=1)
                     ->  Nested Loop  (cost=7.61..3769.92 rows=170 width=16) (actual time=6.704..501.781 rows=148552 loops=1)
                           Join Filter: (t.id = mc.movie_id)
                           ->  Nested Loop  (cost=7.18..3749.42 rows=34 width=8) (actual time=6.656..293.288 rows=41840 loops=1)
                                 ->  Nested Loop  (cost=6.75..3732.91 rows=34 width=4) (actual time=6.639..81.994 rows=41840 loops=1)
                                       ->  Seq Scan on keyword k  (cost=0.00..2626.12 rows=1 width=4) (actual time=0.653..11.807 rows=1 loops=1)
                                             Filter: ((keyword)::text = 'character-name-in-title'::text)
                                             Rows Removed by Filter: 134169
                                       ->  Bitmap Heap Scan on movie_keyword mk  (cost=6.75..1103.80 rows=299 width=8) (actual time=5.983..63.294 rows=41840 loops=1)
                                             Recheck Cond: (keyword_id = k.id)
                                             Heap Blocks: exact=11541
                                             ->  Bitmap Index Scan on keyword_id_movie_keyword  (cost=0.00..6.67 rows=299 width=0) (actual time=3.917..3.917 rows=41840 loops=1)
                                                   Index Cond: (keyword_id = k.id)
                                 ->  Index Only Scan using title_pkey on title t  (cost=0.43..0.49 rows=1 width=4) (actual time=0.005..0.005 rows=1 loops=41840)
                                       Index Cond: (id = mk.movie_id)
                                       Heap Fetches: 41840
                           ->  Index Scan using movie_id_movie_companies on movie_companies mc  (cost=0.43..0.54 rows=5 width=8) (actual time=0.003..0.004 rows=4 loops=41840)
                                 Index Cond: (movie_id = mk.movie_id)
                     ->  Index Scan using company_name_pkey on company_name cn  (cost=0.42..0.45 rows=1 width=4) (actual time=0.003..0.003 rows=0 loops=148552)
                           Index Cond: (id = mc.company_id)
                           Filter: ((country_code)::text = '[us]'::text)
                           Rows Removed by Filter: 1
               ->  Index Scan using movie_id_cast_info on cast_info ci  (cost=0.56..1.52 rows=37 width=8) (actual time=0.004..0.045 rows=41 loops=68316)
                     Index Cond: (movie_id = mk.movie_id)
         ->  Index Scan using name_pkey on name n  (cost=0.43..0.45 rows=1 width=19) (actual time=0.003..0.003 rows=1 loops=2832555)
               Index Cond: (id = ci.person_id)
 Planning Time: 5.231 ms
 Execution Time: 12849.248 ms
(32 rows)

SET
                                                                                   QUERY PLAN                                                                                    
---------------------------------------------------------------------------------------------------------------------------------------------------------------------------------
 Aggregate  (cost=4629.56..4629.57 rows=1 width=32) (actual time=12103.658..12103.658 rows=1 loops=1)
   ->  Nested Loop  (cost=9.02..4628.64 rows=368 width=15) (actual time=8.577..11989.822 rows=1113120 loops=1)
         ->  Nested Loop  (cost=8.60..4465.59 rows=368 width=19) (actual time=8.549..10051.431 rows=1113120 loops=1)
               ->  Nested Loop  (cost=8.17..4386.88 rows=138 width=27) (actual time=6.807..9406.909 rows=149494 loops=1)
                     ->  Nested Loop  (cost=7.74..3816.96 rows=1246 width=16) (actual time=6.777..3446.121 rows=1038393 loops=1)
                           Join Filter: (t.id = ci.movie_id)
                           ->  Nested Loop  (cost=7.18..3749.42 rows=34 width=8) (actual time=6.753..292.863 rows=41840 loops=1)
                                 ->  Nested Loop  (cost=6.75..3732.91 rows=34 width=4) (actual time=6.734..81.620 rows=41840 loops=1)
                                       ->  Seq Scan on keyword k  (cost=0.00..2626.12 rows=1 width=4) (actual time=0.658..11.703 rows=1 loops=1)
                                             Filter: ((keyword)::text = 'character-name-in-title'::text)
                                             Rows Removed by Filter: 134169
                                       ->  Bitmap Heap Scan on movie_keyword mk  (cost=6.75..1103.80 rows=299 width=8) (actual time=6.073..62.477 rows=41840 loops=1)
                                             Recheck Cond: (keyword_id = k.id)
                                             Heap Blocks: exact=11541
                                             ->  Bitmap Index Scan on keyword_id_movie_keyword  (cost=0.00..6.67 rows=299 width=0) (actual time=4.020..4.020 rows=41840 loops=1)
                                                   Index Cond: (keyword_id = k.id)
                                 ->  Index Only Scan using title_pkey on title t  (cost=0.43..0.49 rows=1 width=4) (actual time=0.005..0.005 rows=1 loops=41840)
                                       Index Cond: (id = mk.movie_id)
                                       Heap Fetches: 41840
                           ->  Index Scan using movie_id_cast_info on cast_info ci  (cost=0.56..1.52 rows=37 width=8) (actual time=0.006..0.071 rows=25 loops=41840)
                                 Index Cond: (movie_id = mk.movie_id)
                     ->  Index Scan using name_pkey on name n  (cost=0.43..0.46 rows=1 width=19) (actual time=0.006..0.006 rows=0 loops=1038393)
                           Index Cond: (id = ci.person_id)
                           Filter: ((name)::text ~~ '%B%'::text)
                           Rows Removed by Filter: 1
               ->  Index Scan using movie_id_movie_companies on movie_companies mc  (cost=0.43..0.52 rows=5 width=8) (actual time=0.002..0.003 rows=7 loops=149494)
                     Index Cond: (movie_id = ci.movie_id)
         ->  Index Only Scan using company_name_pkey on company_name cn  (cost=0.42..0.44 rows=1 width=4) (actual time=0.001..0.001 rows=1 loops=1113120)
               Index Cond: (id = mc.company_id)
               Heap Fetches: 1113120
 Planning Time: 5.279 ms
 Execution Time: 12103.888 ms
(32 rows)

SET
                                                                                       QUERY PLAN                                                                                       
----------------------------------------------------------------------------------------------------------------------------------------------------------------------------------------
 Aggregate  (cost=111123.79..111123.80 rows=1 width=96) (actual time=4610.977..4610.977 rows=1 loops=1)
   ->  Nested Loop  (cost=1006.71..111123.78 rows=1 width=65) (actual time=700.943..4610.665 rows=410 loops=1)
         ->  Gather  (cost=1006.28..111123.32 rows=1 width=60) (actual time=700.907..4610.566 rows=410 loops=1)
               Workers Planned: 2
               Workers Launched: 2
               ->  Nested Loop  (cost=6.28..110123.22 rows=1 width=60) (actual time=312.784..4606.325 rows=137 loops=3)
                     ->  Nested Loop  (cost=5.85..108160.12 rows=3320 width=64) (actual time=1.122..4267.030 rows=35780 loops=3)
                           ->  Hash Join  (cost=5.29..74077.91 rows=1448 width=56) (actual time=0.513..1905.632 rows=15144 loops=3)
                                 Hash Cond: (mi.info_type_id = it1.id)
                                 ->  Nested Loop  (cost=2.86..73629.77 rows=163660 width=60) (actual time=0.096..1756.715 rows=2310111 loops=3)
                                       ->  Hash Join  (cost=2.43..15253.60 rows=5089 width=10) (actual time=0.046..116.557 rows=153308 loops=3)
                                             Hash Cond: (mi_idx.info_type_id = it2.id)
                                             ->  Parallel Seq Scan on movie_info_idx mi_idx  (cost=0.00..13685.15 rows=575015 width=14) (actual time=0.017..44.823 rows=460012 loops=3)
                                             ->  Hash  (cost=2.41..2.41 rows=1 width=4) (actual time=0.013..0.013 rows=1 loops=3)
                                                   Buckets: 1024  Batches: 1  Memory Usage: 9kB
                                                   ->  Seq Scan on info_type it2  (cost=0.00..2.41 rows=1 width=4) (actual time=0.009..0.010 rows=1 loops=3)
                                                         Filter: ((info)::text = 'votes'::text)
                                                         Rows Removed by Filter: 112
                                       ->  Index Scan using movie_id_movie_info on movie_info mi  (cost=0.43..11.05 rows=42 width=50) (actual time=0.003..0.009 rows=15 loops=459925)
                                             Index Cond: (movie_id = mi_idx.movie_id)
                                 ->  Hash  (cost=2.41..2.41 rows=1 width=4) (actual time=0.024..0.024 rows=1 loops=3)
                                       Buckets: 1024  Batches: 1  Memory Usage: 9kB
                                       ->  Seq Scan on info_type it1  (cost=0.00..2.41 rows=1 width=4) (actual time=0.019..0.020 rows=1 loops=3)
                                             Filter: ((info)::text = 'budget'::text)
                                             Rows Removed by Filter: 112
                           ->  Index Scan using movie_id_cast_info on cast_info ci  (cost=0.56..23.52 rows=2 width=8) (actual time=0.091..0.155 rows=2 loops=45431)
                                 Index Cond: (movie_id = mi.movie_id)
                                 Filter: ((note)::text = ANY ('{(producer),"(executive producer)"}'::text[]))
                                 Rows Removed by Filter: 38
                     ->  Index Scan using name_pkey on name n  (cost=0.43..0.59 rows=1 width=4) (actual time=0.009..0.009 rows=0 loops=107339)
                           Index Cond: (id = ci.person_id)
                           Filter: (((name)::text ~~ '%Tim%'::text) AND ((gender)::text = 'm'::text))
                           Rows Removed by Filter: 1
         ->  Index Scan using title_pkey on title t  (cost=0.43..0.46 rows=1 width=21) (actual time=0.010..0.010 rows=1 loops=410)
               Index Cond: (id = mi.movie_id)
 Planning Time: 4.938 ms
 Execution Time: 4615.571 ms
(37 rows)

SET
                                                                                      QUERY PLAN                                                                                      
--------------------------------------------------------------------------------------------------------------------------------------------------------------------------------------
 Aggregate  (cost=17505.24..17505.25 rows=1 width=96) (actual time=191.564..191.564 rows=1 loops=1)
   ->  Nested Loop  (cost=1004.43..17505.23 rows=1 width=65) (actual time=102.865..191.544 rows=11 loops=1)
         ->  Nested Loop  (cost=1004.00..17504.55 rows=1 width=69) (actual time=34.449..188.559 rows=268 loops=1)
               ->  Gather  (cost=1003.43..17479.79 rows=1 width=77) (actual time=6.186..141.401 rows=358 loops=1)
                     Workers Planned: 2
                     Workers Launched: 2
                     ->  Nested Loop  (cost=3.43..16479.69 rows=1 width=77) (actual time=13.822..170.289 rows=119 loops=3)
                           ->  Nested Loop  (cost=3.29..16478.37 rows=8 width=81) (actual time=13.815..170.065 rows=119 loops=3)
                                 ->  Nested Loop  (cost=2.86..15808.49 rows=58 width=31) (actual time=0.809..106.230 rows=2051 loops=3)
                                       ->  Hash Join  (cost=2.43..15182.64 rows=187 width=10) (actual time=0.121..56.382 rows=5283 loops=3)
                                             Hash Cond: (mi_idx.info_type_id = it2.id)
                                             ->  Parallel Seq Scan on movie_info_idx mi_idx  (cost=0.00..15122.68 rows=21125 width=14) (actual time=0.028..54.265 rows=17543 loops=3)
                                                   Filter: ((info)::text > '8.0'::text)
                                                   Rows Removed by Filter: 442469
                                             ->  Hash  (cost=2.41..2.41 rows=1 width=4) (actual time=0.027..0.027 rows=1 loops=3)
                                                   Buckets: 1024  Batches: 1  Memory Usage: 9kB
                                                   ->  Seq Scan on info_type it2  (cost=0.00..2.41 rows=1 width=4) (actual time=0.020..0.022 rows=1 loops=3)
                                                         Filter: ((info)::text = 'rating'::text)
                                                         Rows Removed by Filter: 112
                                       ->  Index Scan using title_pkey on title t  (cost=0.43..3.35 rows=1 width=21) (actual time=0.009..0.009 rows=0 loops=15849)
                                             Index Cond: (id = mi_idx.movie_id)
                                             Filter: ((production_year >= 2008) AND (production_year <= 2014))
                                             Rows Removed by Filter: 1
                                 ->  Index Scan using movie_id_movie_info on movie_info mi  (cost=0.43..11.54 rows=1 width=50) (actual time=0.031..0.031 rows=0 loops=6152)
                                       Index Cond: (movie_id = t.id)
                                       Filter: ((note IS NULL) AND ((info)::text = ANY ('{Horror,Thriller}'::text[])))
                                       Rows Removed by Filter: 18
                           ->  Index Scan using info_type_pkey on info_type it1  (cost=0.14..0.16 rows=1 width=4) (actual time=0.001..0.001 rows=1 loops=358)
                                 Index Cond: (id = mi.info_type_id)
                                 Filter: ((info)::text = 'genres'::text)
               ->  Index Scan using movie_id_cast_info on cast_info ci  (cost=0.56..24.75 rows=1 width=8) (actual time=0.114..0.147 rows=1 loops=358)
                     Index Cond: (movie_id = t.id)
                     Filter: ((note)::text = ANY ('{(writer),"(head writer)","(written by)",(story),"(story editor)"}'::text[]))
                     Rows Removed by Filter: 34
         ->  Index Scan using name_pkey on name n  (cost=0.43..0.68 rows=1 width=4) (actual time=0.011..0.011 rows=0 loops=268)
               Index Cond: (id = ci.person_id)
               Filter: ((gender IS NOT NULL) AND ((gender)::text = 'f'::text))
               Rows Removed by Filter: 1
 Planning Time: 4.825 ms
 Execution Time: 197.365 ms
(40 rows)

SET
                                                                                          QUERY PLAN                                                                                          
----------------------------------------------------------------------------------------------------------------------------------------------------------------------------------------------
 Finalize Aggregate  (cost=74638.17..74638.18 rows=1 width=96) (actual time=5884.798..5884.798 rows=1 loops=1)
   ->  Gather  (cost=74637.94..74638.15 rows=2 width=96) (actual time=5884.786..5889.113 rows=3 loops=1)
         Workers Planned: 2
         Workers Launched: 2
         ->  Partial Aggregate  (cost=73637.94..73637.95 rows=1 width=96) (actual time=5881.784..5881.784 rows=1 loops=3)
               ->  Nested Loop  (cost=6.71..73637.87 rows=10 width=65) (actual time=22.392..5877.777 rows=9358 loops=3)
                     ->  Nested Loop  (cost=6.28..73620.90 rows=25 width=69) (actual time=10.956..5727.914 rows=18052 loops=3)
                           ->  Nested Loop  (cost=5.72..73165.64 rows=19 width=77) (actual time=0.589..2024.764 rows=34172 loops=3)
                                 Join Filter: (mi.movie_id = t.id)
                                 ->  Hash Join  (cost=5.29..73154.54 rows=19 width=56) (actual time=0.552..1845.874 rows=34172 loops=3)
                                       Hash Cond: (mi.info_type_id = it1.id)
                                       ->  Nested Loop  (cost=2.86..73146.32 rows=2128 width=60) (actual time=0.460..1836.920 rows=34964 loops=3)
                                             ->  Hash Join  (cost=2.43..15253.60 rows=5089 width=10) (actual time=0.047..117.631 rows=153308 loops=3)
                                                   Hash Cond: (mi_idx.info_type_id = it2.id)
                                                   ->  Parallel Seq Scan on movie_info_idx mi_idx  (cost=0.00..13685.15 rows=575015 width=14) (actual time=0.017..45.557 rows=460012 loops=3)
                                                   ->  Hash  (cost=2.41..2.41 rows=1 width=4) (actual time=0.013..0.013 rows=1 loops=3)
                                                         Buckets: 1024  Batches: 1  Memory Usage: 9kB
                                                         ->  Seq Scan on info_type it2  (cost=0.00..2.41 rows=1 width=4) (actual time=0.009..0.010 rows=1 loops=3)
                                                               Filter: ((info)::text = 'votes'::text)
                                                               Rows Removed by Filter: 112
                                             ->  Index Scan using movie_id_movie_info on movie_info mi  (cost=0.43..11.37 rows=1 width=50) (actual time=0.011..0.011 rows=0 loops=459925)
                                                   Index Cond: (movie_id = mi_idx.movie_id)
                                                   Filter: ((info)::text = ANY ('{Horror,Action,Sci-Fi,Thriller,Crime,War}'::text[]))
                                                   Rows Removed by Filter: 15
                                       ->  Hash  (cost=2.41..2.41 rows=1 width=4) (actual time=0.034..0.034 rows=1 loops=3)
                                             Buckets: 1024  Batches: 1  Memory Usage: 9kB
                                             ->  Seq Scan on info_type it1  (cost=0.00..2.41 rows=1 width=4) (actual time=0.022..0.029 rows=1 loops=3)
                                                   Filter: ((info)::text = 'genres'::text)
                                                   Rows Removed by Filter: 112
                                 ->  Index Scan using title_pkey on title t  (cost=0.43..0.57 rows=1 width=21) (actual time=0.005..0.005 rows=1 loops=102516)
                                       Index Cond: (id = mi_idx.movie_id)
                           ->  Index Scan using movie_id_cast_info on cast_info ci  (cost=0.56..23.95 rows=1 width=8) (actual time=0.092..0.108 rows=1 loops=102516)
                                 Index Cond: (movie_id = t.id)
                                 Filter: ((note)::text = ANY ('{(writer),"(head writer)","(written by)",(story),"(story editor)"}'::text[]))
                                 Rows Removed by Filter: 39
                     ->  Index Scan using name_pkey on name n  (cost=0.43..0.68 rows=1 width=4) (actual time=0.008..0.008 rows=1 loops=54155)
                           Index Cond: (id = ci.person_id)
                           Filter: ((gender)::text = 'm'::text)
                           Rows Removed by Filter: 0
 Planning Time: 4.897 ms
 Execution Time: 5889.348 ms
(41 rows)

SET
                                                                                                QUERY PLAN                                                                                                 
-----------------------------------------------------------------------------------------------------------------------------------------------------------------------------------------------------------
 Aggregate  (cost=85372.10..85372.11 rows=1 width=64) (actual time=276.027..276.028 rows=1 loops=1)
   ->  Nested Loop  (cost=1004.44..85372.09 rows=1 width=32) (actual time=111.276..275.979 rows=184 loops=1)
         ->  Nested Loop  (cost=1004.30..85371.91 rows=1 width=36) (actual time=111.266..275.744 rows=184 loops=1)
               Join Filter: (t.id = mi.movie_id)
               ->  Nested Loop  (cost=1003.86..85344.51 rows=1 width=44) (actual time=111.221..269.754 rows=77 loops=1)
                     ->  Nested Loop  (cost=1003.44..85343.31 rows=1 width=48) (actual time=111.196..269.193 rows=79 loops=1)
                           Join Filter: (t.id = mc.movie_id)
                           ->  Nested Loop  (cost=1003.01..85340.60 rows=1 width=40) (actual time=111.018..267.925 rows=102 loops=1)
                                 ->  Gather  (cost=1002.58..85339.18 rows=1 width=44) (actual time=110.485..268.127 rows=115 loops=1)
                                       Workers Planned: 2
                                       Workers Launched: 2
                                       ->  Nested Loop  (cost=2.58..84339.08 rows=1 width=44) (actual time=109.179..269.739 rows=38 loops=3)
                                             ->  Hash Join  (cost=2.15..84336.29 rows=2 width=23) (actual time=107.243..268.325 rows=142 loops=3)
                                                   Hash Cond: (ci.role_id = rt.id)
                                                   ->  Nested Loop  (cost=0.99..84335.05 rows=21 width=27) (actual time=107.137..268.183 rows=142 loops=3)
                                                         Join Filter: (n.id = ci.person_id)
                                                         ->  Nested Loop  (cost=0.42..82155.29 rows=9 width=23) (actual time=104.043..257.076 rows=519 loops=3)
                                                               ->  Parallel Seq Scan on name n  (cost=0.00..81659.82 rows=40 width=19) (actual time=103.557..246.656 rows=2256 loops=3)
                                                                     Filter: (((name)::text ~~ '%Ang%'::text) AND ((gender)::text = 'f'::text))
                                                                     Rows Removed by Filter: 1386908
                                                               ->  Index Only Scan using person_id_aka_name on aka_name an  (cost=0.42..12.37 rows=2 width=4) (actual time=0.004..0.004 rows=0 loops=6768)
                                                                     Index Cond: (person_id = n.id)
                                                                     Heap Fetches: 1558
                                                         ->  Index Scan using person_id_cast_info on cast_info ci  (cost=0.56..242.03 rows=13 width=16) (actual time=0.020..0.021 rows=0 loops=1558)
                                                               Index Cond: (person_id = an.person_id)
                                                               Filter: ((note)::text = ANY ('{(voice),"(voice: Japanese version)","(voice) (uncredited)","(voice: English version)"}'::text[]))
                                                               Rows Removed by Filter: 44
                                                   ->  Hash  (cost=1.15..1.15 rows=1 width=4) (actual time=0.024..0.025 rows=1 loops=3)
                                                         Buckets: 1024  Batches: 1  Memory Usage: 9kB
                                                         ->  Seq Scan on role_type rt  (cost=0.00..1.15 rows=1 width=4) (actual time=0.015..0.017 rows=1 loops=3)
                                                               Filter: ((role)::text = 'actress'::text)
                                                               Rows Removed by Filter: 11
                                             ->  Index Scan using title_pkey on title t  (cost=0.43..1.40 rows=1 width=21) (actual time=0.010..0.010 rows=0 loops=425)
                                                   Index Cond: (id = ci.movie_id)
                                                   Filter: ((production_year >= 2005) AND (production_year <= 2009))
                                                   Rows Removed by Filter: 1
                                 ->  Index Only Scan using char_name_pkey on char_name chn  (cost=0.43..1.42 rows=1 width=4) (actual time=0.007..0.007 rows=1 loops=115)
                                       Index Cond: (id = ci.person_role_id)
                                       Heap Fetches: 102
                           ->  Index Scan using movie_id_movie_companies on movie_companies mc  (cost=0.43..2.71 rows=1 width=8) (actual time=0.009..0.012 rows=1 loops=102)
                                 Index Cond: (movie_id = ci.movie_id)
                                 Filter: ((note IS NOT NULL) AND (((note)::text ~~ '%(USA)%'::text) OR ((note)::text ~~ '%(worldwide)%'::text)))
                                 Rows Removed by Filter: 6
                     ->  Index Scan using company_name_pkey on company_name cn  (cost=0.42..1.20 rows=1 width=4) (actual time=0.007..0.007 rows=1 loops=79)
                           Index Cond: (id = mc.company_id)
                           Filter: ((country_code)::text = '[us]'::text)
                           Rows Removed by Filter: 0
               ->  Index Scan using movie_id_movie_info on movie_info mi  (cost=0.43..27.38 rows=1 width=8) (actual time=0.021..0.077 rows=2 loops=77)
                     Index Cond: (movie_id = ci.movie_id)
                     Filter: ((info IS NOT NULL) AND (((info)::text ~~ 'Japan:%200%'::text) OR ((info)::text ~~ 'USA:%200%'::text)))
                     Rows Removed by Filter: 166
         ->  Index Scan using info_type_pkey on info_type it  (cost=0.14..0.16 rows=1 width=4) (actual time=0.001..0.001 rows=1 loops=184)
               Index Cond: (id = mi.info_type_id)
               Filter: ((info)::text = 'release dates'::text)
 Planning Time: 24.517 ms
 Execution Time: 277.529 ms
(56 rows)

SET
                                                                                                   QUERY PLAN                                                                                                   
----------------------------------------------------------------------------------------------------------------------------------------------------------------------------------------------------------------
 Aggregate  (cost=55721.55..55721.56 rows=1 width=64) (actual time=136.194..136.195 rows=1 loops=1)
   ->  Nested Loop  (cost=1003.41..55721.55 rows=1 width=32) (actual time=118.981..136.180 rows=15 loops=1)
         ->  Nested Loop  (cost=1003.28..55721.37 rows=1 width=36) (actual time=118.954..136.134 rows=15 loops=1)
               Join Filter: (ci.person_id = n.id)
               ->  Nested Loop  (cost=1002.85..55719.84 rows=1 width=29) (actual time=112.032..135.106 rows=275 loops=1)
                     ->  Nested Loop  (cost=1002.70..55719.64 rows=1 width=33) (actual time=112.021..134.771 rows=275 loops=1)
                           Join Filter: (t.id = mi.movie_id)
                           ->  Nested Loop  (cost=1002.27..55692.13 rows=1 width=41) (actual time=111.982..116.242 rows=275 loops=1)
                                 ->  Nested Loop  (cost=1001.85..55690.86 rows=1 width=45) (actual time=111.957..115.708 rows=275 loops=1)
                                       ->  Nested Loop  (cost=1001.42..55689.20 rows=1 width=41) (actual time=111.923..114.769 rows=99 loops=1)
                                             ->  Nested Loop  (cost=1001.00..55687.75 rows=1 width=45) (actual time=111.885..113.761 rows=100 loops=1)
                                                   Join Filter: (t.id = ci.movie_id)
                                                   ->  Gather  (cost=1000.43..55645.55 rows=1 width=29) (actual time=111.823..111.905 rows=4 loops=1)
                                                         Workers Planned: 2
                                                         Workers Launched: 2
                                                         ->  Nested Loop  (cost=0.43..54645.45 rows=1 width=29) (actual time=96.165..109.614 rows=1 loops=3)
                                                               ->  Parallel Seq Scan on title t  (cost=0.00..54433.61 rows=10 width=21) (actual time=36.753..109.512 rows=2 loops=3)
                                                                     Filter: ((production_year >= 2007) AND (production_year <= 2008) AND ((title)::text ~~ '%Kung%Fu%Panda%'::text))
                                                                     Rows Removed by Filter: 842768
                                                               ->  Index Scan using movie_id_movie_companies on movie_companies mc  (cost=0.43..21.17 rows=1 width=8) (actual time=0.037..0.041 rows=1 loops=7)
                                                                     Index Cond: (movie_id = t.id)
                                                                     Filter: (((note)::text ~~ '%(200%)%'::text) AND (((note)::text ~~ '%(USA)%'::text) OR ((note)::text ~~ '%(worldwide)%'::text)))
                                                                     Rows Removed by Filter: 6
                                                   ->  Index Scan using movie_id_cast_info on cast_info ci  (cost=0.56..42.20 rows=1 width=16) (actual time=0.021..0.476 rows=25 loops=4)
                                                         Index Cond: (movie_id = mc.movie_id)
                                                         Filter: ((note)::text = '(voice)'::text)
                                                         Rows Removed by Filter: 127
                                             ->  Index Only Scan using char_name_pkey on char_name chn  (cost=0.43..1.45 rows=1 width=4) (actual time=0.010..0.010 rows=1 loops=100)
                                                   Index Cond: (id = ci.person_role_id)
                                                   Heap Fetches: 99
                                       ->  Index Only Scan using person_id_aka_name on aka_name an  (cost=0.42..1.64 rows=2 width=4) (actual time=0.007..0.009 rows=3 loops=99)
                                             Index Cond: (person_id = ci.person_id)
                                             Heap Fetches: 275
                                 ->  Index Scan using company_name_pkey on company_name cn  (cost=0.42..1.27 rows=1 width=4) (actual time=0.002..0.002 rows=1 loops=275)
                                       Index Cond: (id = mc.company_id)
                                       Filter: ((country_code)::text = '[us]'::text)
                           ->  Index Scan using movie_id_movie_info on movie_info mi  (cost=0.43..27.50 rows=1 width=8) (actual time=0.010..0.067 rows=1 loops=275)
                                 Index Cond: (movie_id = ci.movie_id)
                                 Filter: ((info IS NOT NULL) AND (((info)::text ~~ 'Japan:%2007%'::text) OR ((info)::text ~~ 'USA:%2008%'::text)))
                                 Rows Removed by Filter: 295
                     ->  Index Scan using info_type_pkey on info_type it  (cost=0.14..0.17 rows=1 width=4) (actual time=0.001..0.001 rows=1 loops=275)
                           Index Cond: (id = mi.info_type_id)
                           Filter: ((info)::text = 'release dates'::text)
               ->  Index Scan using name_pkey on name n  (cost=0.43..1.53 rows=1 width=19) (actual time=0.004..0.004 rows=0 loops=275)
                     Index Cond: (id = an.person_id)
                     Filter: (((name)::text ~~ '%Angel%'::text) AND ((gender)::text = 'f'::text))
                     Rows Removed by Filter: 1
         ->  Index Scan using role_type_pkey on role_type rt  (cost=0.14..0.16 rows=1 width=4) (actual time=0.003..0.003 rows=1 loops=15)
               Index Cond: (id = ci.role_id)
               Filter: ((role)::text = 'actress'::text)
 Planning Time: 23.377 ms
 Execution Time: 136.494 ms
(52 rows)

SET
                                                                                                  QUERY PLAN                                                                                                  
--------------------------------------------------------------------------------------------------------------------------------------------------------------------------------------------------------------
 Aggregate  (cost=222418.16..222418.17 rows=1 width=64) (actual time=1740.554..1740.554 rows=1 loops=1)
   ->  Nested Loop  (cost=84856.43..222418.15 rows=2 width=32) (actual time=283.776..1739.927 rows=3575 loops=1)
         Join Filter: (n.id = an.person_id)
         ->  Nested Loop  (cost=84856.00..222416.50 rows=1 width=40) (actual time=269.792..1733.316 rows=2632 loops=1)
               ->  Nested Loop  (cost=84855.58..222414.17 rows=2 width=44) (actual time=269.764..1708.975 rows=8585 loops=1)
                     ->  Hash Join  (cost=84855.15..222411.47 rows=1 width=52) (actual time=269.736..1696.820 rows=2129 loops=1)
                           Hash Cond: (mi.info_type_id = it.id)
                           ->  Nested Loop  (cost=84852.73..222408.95 rows=36 width=56) (actual time=269.685..1696.157 rows=2129 loops=1)
                                 ->  Nested Loop  (cost=84852.29..219906.63 rows=92 width=48) (actual time=269.602..1625.927 rows=3349 loops=1)
                                       ->  Nested Loop  (cost=84851.86..219669.76 rows=170 width=27) (actual time=269.562..1588.574 rows=5686 loops=1)
                                             ->  Hash Join  (cost=84851.43..219172.23 rows=351 width=31) (actual time=269.522..1562.874 rows=6552 loops=1)
                                                   Hash Cond: (ci.person_id = n.id)
                                                   ->  Nested Loop  (cost=0.56..134124.20 rows=75106 width=12) (actual time=0.215..1272.211 rows=276166 loops=1)
                                                         ->  Seq Scan on role_type rt  (cost=0.00..1.15 rows=1 width=4) (actual time=0.014..0.018 rows=1 loops=1)
                                                               Filter: ((role)::text = 'actress'::text)
                                                               Rows Removed by Filter: 11
                                                         ->  Index Scan using role_id_cast_info on cast_info ci  (cost=0.56..133303.71 rows=81934 width=16) (actual time=0.199..1248.689 rows=276166 loops=1)
                                                               Index Cond: (role_id = rt.id)
                                                               Filter: ((note)::text = ANY ('{(voice),"(voice: Japanese version)","(voice) (uncredited)","(voice: English version)"}'::text[]))
                                                               Rows Removed by Filter: 7175807
                                                   ->  Hash  (cost=84607.42..84607.42 rows=19476 width=19) (actual time=263.992..263.992 rows=50011 loops=1)
                                                         Buckets: 65536 (originally 32768)  Batches: 1 (originally 1)  Memory Usage: 3135kB
                                                         ->  Gather  (cost=1000.00..84607.42 rows=19476 width=19) (actual time=106.823..255.118 rows=50011 loops=1)
                                                               Workers Planned: 2
                                                               Workers Launched: 2
                                                               ->  Parallel Seq Scan on name n  (cost=0.00..81659.82 rows=8115 width=19) (actual time=104.764..249.656 rows=16670 loops=3)
                                                                     Filter: (((name)::text ~~ '%An%'::text) AND ((gender)::text = 'f'::text))
                                                                     Rows Removed by Filter: 1372493
                                             ->  Index Only Scan using char_name_pkey on char_name chn  (cost=0.43..1.42 rows=1 width=4) (actual time=0.004..0.004 rows=1 loops=6552)
                                                   Index Cond: (id = ci.person_role_id)
                                                   Heap Fetches: 5686
                                       ->  Index Scan using title_pkey on title t  (cost=0.43..1.39 rows=1 width=21) (actual time=0.006..0.006 rows=1 loops=5686)
                                             Index Cond: (id = ci.movie_id)
                                             Filter: (production_year > 2000)
                                             Rows Removed by Filter: 0
                                 ->  Index Scan using movie_id_movie_info on movie_info mi  (cost=0.43..27.19 rows=1 width=8) (actual time=0.014..0.021 rows=1 loops=3349)
                                       Index Cond: (movie_id = t.id)
                                       Filter: ((info IS NOT NULL) AND (((info)::text ~~ 'Japan:%200%'::text) OR ((info)::text ~~ 'USA:%200%'::text)))
                                       Rows Removed by Filter: 15
                           ->  Hash  (cost=2.41..2.41 rows=1 width=4) (actual time=0.021..0.021 rows=1 loops=1)
                                 Buckets: 1024  Batches: 1  Memory Usage: 9kB
                                 ->  Seq Scan on info_type it  (cost=0.00..2.41 rows=1 width=4) (actual time=0.009..0.015 rows=1 loops=1)
                                       Filter: ((info)::text = 'release dates'::text)
                                       Rows Removed by Filter: 112
                     ->  Index Scan using movie_id_movie_companies on movie_companies mc  (cost=0.43..2.65 rows=5 width=8) (actual time=0.004..0.005 rows=4 loops=2129)
                           Index Cond: (movie_id = t.id)
               ->  Index Scan using company_name_pkey on company_name cn  (cost=0.42..1.16 rows=1 width=4) (actual time=0.003..0.003 rows=0 loops=8585)
                     Index Cond: (id = mc.company_id)
                     Filter: ((country_code)::text = '[us]'::text)
                     Rows Removed by Filter: 1
         ->  Index Only Scan using person_id_aka_name on aka_name an  (cost=0.42..1.63 rows=2 width=4) (actual time=0.002..0.002 rows=1 loops=2632)
               Index Cond: (person_id = ci.person_id)
               Heap Fetches: 3575
 Planning Time: 24.143 ms
 Execution Time: 1740.932 ms
(55 rows)

SET
                                                                                                           QUERY PLAN                                                                                                           
--------------------------------------------------------------------------------------------------------------------------------------------------------------------------------------------------------------------------------
 Finalize Aggregate  (cost=283172.99..283173.00 rows=1 width=64) (actual time=6566.322..6566.322 rows=1 loops=1)
   ->  Gather  (cost=283172.77..283172.98 rows=2 width=64) (actual time=6423.358..6571.201 rows=3 loops=1)
         Workers Planned: 2
         Workers Launched: 2
         ->  Partial Aggregate  (cost=282172.77..282172.78 rows=1 width=64) (actual time=6259.260..6259.261 rows=1 loops=3)
               ->  Nested Loop  (cost=135435.02..282167.07 rows=1140 width=32) (actual time=1459.063..6180.893 rows=586882 loops=3)
                     ->  Nested Loop  (cost=135434.60..281402.94 rows=465 width=40) (actual time=1459.042..5583.313 rows=262348 loops=3)
                           ->  Nested Loop  (cost=135434.18..279915.09 rows=1278 width=44) (actual time=1459.025..3332.082 rows=1076352 loops=3)
                                 Join Filter: (t.id = mc.movie_id)
                                 ->  Hash Join  (cost=135433.75..279235.89 rows=255 width=52) (actual time=1458.733..2766.794 rows=113945 loops=3)
                                       Hash Cond: (mi.info_type_id = it.id)
                                       ->  Nested Loop  (cost=135431.32..279154.95 rows=28832 width=56) (actual time=1458.647..2711.784 rows=540998 loops=3)
                                             ->  Nested Loop  (cost=135430.89..226932.18 rows=1906 width=48) (actual time=1458.631..2270.443 rows=53102 loops=3)
                                                   ->  Nested Loop  (cost=135430.46..221350.20 rows=3938 width=52) (actual time=1458.608..2017.771 rows=56088 loops=3)
                                                         ->  Hash Join  (cost=135430.03..195430.35 rows=17020 width=33) (actual time=1458.584..1789.348 rows=56136 loops=3)
                                                               Hash Cond: (t.id = ci.movie_id)
                                                               ->  Parallel Seq Scan on title t  (cost=0.00..49166.29 rows=572932 width=21) (actual time=0.020..123.163 rows=460484 loops=3)
                                                                     Filter: (production_year > 2000)
                                                                     Rows Removed by Filter: 382286
                                                               ->  Hash  (cost=134124.20..134124.20 rows=75106 width=12) (actual time=1457.806..1457.807 rows=276166 loops=3)
                                                                     Buckets: 131072 (originally 131072)  Batches: 4 (originally 2)  Memory Usage: 3984kB
                                                                     ->  Nested Loop  (cost=0.56..134124.20 rows=75106 width=12) (actual time=0.167..1406.240 rows=276166 loops=3)
                                                                           ->  Seq Scan on role_type rt  (cost=0.00..1.15 rows=1 width=4) (actual time=0.019..0.022 rows=1 loops=3)
                                                                                 Filter: ((role)::text = 'actress'::text)
                                                                                 Rows Removed by Filter: 11
                                                                           ->  Index Scan using role_id_cast_info on cast_info ci  (cost=0.56..133303.71 rows=81934 width=16) (actual time=0.145..1383.350 rows=276166 loops=3)
                                                                                 Index Cond: (role_id = rt.id)
                                                                                 Filter: ((note)::text = ANY ('{(voice),"(voice: Japanese version)","(voice) (uncredited)","(voice: English version)"}'::text[]))
                                                                                 Rows Removed by Filter: 7175807
                                                         ->  Index Scan using name_pkey on name n  (cost=0.43..1.52 rows=1 width=19) (actual time=0.004..0.004 rows=1 loops=168407)
                                                               Index Cond: (id = ci.person_id)
                                                               Filter: ((gender)::text = 'f'::text)
                                                               Rows Removed by Filter: 0
                                                   ->  Index Only Scan using char_name_pkey on char_name chn  (cost=0.43..1.42 rows=1 width=4) (actual time=0.004..0.004 rows=1 loops=168264)
                                                         Index Cond: (id = ci.person_role_id)
                                                         Heap Fetches: 159307
                                             ->  Index Scan using movie_id_movie_info on movie_info mi  (cost=0.43..26.98 rows=42 width=8) (actual time=0.003..0.007 rows=10 loops=159307)
                                                   Index Cond: (movie_id = t.id)
                                       ->  Hash  (cost=2.41..2.41 rows=1 width=4) (actual time=0.027..0.027 rows=1 loops=3)
                                             Buckets: 1024  Batches: 1  Memory Usage: 9kB
                                             ->  Seq Scan on info_type it  (cost=0.00..2.41 rows=1 width=4) (actual time=0.016..0.023 rows=1 loops=3)
                                                   Filter: ((info)::text = 'release dates'::text)
                                                   Rows Removed by Filter: 112
                                 ->  Index Scan using movie_id_movie_companies on movie_companies mc  (cost=0.43..2.60 rows=5 width=8) (actual time=0.002..0.003 rows=9 loops=341836)
                                       Index Cond: (movie_id = mi.movie_id)
                           ->  Index Scan using company_name_pkey on company_name cn  (cost=0.42..1.16 rows=1 width=4) (actual time=0.002..0.002 rows=0 loops=3229056)
                                 Index Cond: (id = mc.company_id)
                                 Filter: ((country_code)::text = '[us]'::text)
                                 Rows Removed by Filter: 1
                     ->  Index Only Scan using person_id_aka_name on aka_name an  (cost=0.42..1.62 rows=2 width=4) (actual time=0.001..0.002 rows=2 loops=787043)
                           Index Cond: (person_id = n.id)
                           Heap Fetches: 1760645
 Planning Time: 25.435 ms
 Execution Time: 6571.586 ms
(54 rows)

SET
                                                                                                 QUERY PLAN                                                                                                 
------------------------------------------------------------------------------------------------------------------------------------------------------------------------------------------------------------
 Finalize Aggregate  (cost=19539.97..19539.98 rows=1 width=68) (actual time=82.481..82.481 rows=1 loops=1)
   ->  Gather  (cost=19539.75..19539.96 rows=2 width=68) (actual time=72.768..83.708 rows=3 loops=1)
         Workers Planned: 2
         Workers Launched: 2
         ->  Partial Aggregate  (cost=18539.75..18539.76 rows=1 width=68) (actual time=75.202..75.202 rows=1 loops=3)
               ->  Nested Loop  (cost=4.35..18539.42 rows=44 width=45) (actual time=70.374..75.181 rows=47 loops=3)
                     Join Filter: (mc.movie_id = t.id)
                     ->  Hash Join  (cost=3.92..18513.70 rows=44 width=32) (actual time=70.338..74.426 rows=47 loops=3)
                           Hash Cond: (mc.company_type_id = ct.id)
                           ->  Nested Loop  (cost=2.86..18511.69 rows=177 width=36) (actual time=70.265..74.341 rows=49 loops=3)
                                 ->  Hash Join  (cost=2.43..15253.60 rows=5089 width=4) (actual time=70.194..70.225 rows=83 loops=3)
                                       Hash Cond: (mi_idx.info_type_id = it.id)
                                       ->  Parallel Seq Scan on movie_info_idx mi_idx  (cost=0.00..13685.15 rows=575015 width=8) (actual time=0.017..38.008 rows=460012 loops=3)
                                       ->  Hash  (cost=2.41..2.41 rows=1 width=4) (actual time=0.020..0.020 rows=1 loops=3)
                                             Buckets: 1024  Batches: 1  Memory Usage: 9kB
                                             ->  Seq Scan on info_type it  (cost=0.00..2.41 rows=1 width=4) (actual time=0.017..0.017 rows=1 loops=3)
                                                   Filter: ((info)::text = 'top 250 rank'::text)
                                                   Rows Removed by Filter: 112
                                 ->  Index Scan using movie_id_movie_companies on movie_companies mc  (cost=0.43..0.63 rows=1 width=32) (actual time=0.048..0.049 rows=1 loops=250)
                                       Index Cond: (movie_id = mi_idx.movie_id)
                                       Filter: (((note)::text !~~ '%(as Metro-Goldwyn-Mayer Pictures)%'::text) AND (((note)::text ~~ '%(co-production)%'::text) OR ((note)::text ~~ '%(presents)%'::text)))
                                       Rows Removed by Filter: 33
                           ->  Hash  (cost=1.05..1.05 rows=1 width=4) (actual time=0.019..0.019 rows=1 loops=3)
                                 Buckets: 1024  Batches: 1  Memory Usage: 9kB
                                 ->  Seq Scan on company_type ct  (cost=0.00..1.05 rows=1 width=4) (actual time=0.013..0.014 rows=1 loops=3)
                                       Filter: ((kind)::text = 'production companies'::text)
                                       Rows Removed by Filter: 3
                     ->  Index Scan using title_pkey on title t  (cost=0.43..0.57 rows=1 width=25) (actual time=0.015..0.015 rows=1 loops=142)
                           Index Cond: (id = mi_idx.movie_id)
 Planning Time: 2.325 ms
 Execution Time: 83.866 ms
(31 rows)

SET
                                                                                   QUERY PLAN                                                                                    
---------------------------------------------------------------------------------------------------------------------------------------------------------------------------------
 Finalize Aggregate  (cost=20131.19..20131.20 rows=1 width=68) (actual time=72.983..72.983 rows=1 loops=1)
   ->  Gather  (cost=20130.96..20131.17 rows=2 width=68) (actual time=72.977..73.230 rows=3 loops=1)
         Workers Planned: 2
         Workers Launched: 2
         ->  Partial Aggregate  (cost=19130.96..19130.97 rows=1 width=68) (actual time=70.248..70.248 rows=1 loops=3)
               ->  Hash Join  (cost=4.35..19124.19 rows=903 width=45) (actual time=70.242..70.243 rows=1 loops=3)
                     Hash Cond: (mc.company_type_id = ct.id)
                     ->  Nested Loop  (cost=3.29..19103.60 rows=3612 width=49) (actual time=70.098..70.171 rows=22 loops=3)
                           Join Filter: (t.id = mc.movie_id)
                           ->  Nested Loop  (cost=2.86..18189.65 rows=1422 width=29) (actual time=70.083..70.110 rows=1 loops=3)
                                 ->  Hash Join  (cost=2.43..15253.60 rows=5089 width=4) (actual time=70.011..70.012 rows=3 loops=3)
                                       Hash Cond: (mi_idx.info_type_id = it.id)
                                       ->  Parallel Seq Scan on movie_info_idx mi_idx  (cost=0.00..13685.15 rows=575015 width=8) (actual time=0.019..37.749 rows=460012 loops=3)
                                       ->  Hash  (cost=2.41..2.41 rows=1 width=4) (actual time=0.018..0.018 rows=1 loops=3)
                                             Buckets: 1024  Batches: 1  Memory Usage: 9kB
                                             ->  Seq Scan on info_type it  (cost=0.00..2.41 rows=1 width=4) (actual time=0.015..0.016 rows=1 loops=3)
                                                   Filter: ((info)::text = 'bottom 10 rank'::text)
                                                   Rows Removed by Filter: 112
                                 ->  Index Scan using title_pkey on title t  (cost=0.43..0.58 rows=1 width=25) (actual time=0.028..0.028 rows=0 loops=10)
                                       Index Cond: (id = mi_idx.movie_id)
                                       Filter: ((production_year >= 2005) AND (production_year <= 2010))
                                       Rows Removed by Filter: 1
                           ->  Index Scan using movie_id_movie_companies on movie_companies mc  (cost=0.43..0.61 rows=3 width=32) (actual time=0.029..0.043 rows=16 loops=4)
                                 Index Cond: (movie_id = mi_idx.movie_id)
                                 Filter: ((note)::text !~~ '%(as Metro-Goldwyn-Mayer Pictures)%'::text)
                                 Rows Removed by Filter: 2
                     ->  Hash  (cost=1.05..1.05 rows=1 width=4) (actual time=0.015..0.015 rows=1 loops=3)
                           Buckets: 1024  Batches: 1  Memory Usage: 9kB
                           ->  Seq Scan on company_type ct  (cost=0.00..1.05 rows=1 width=4) (actual time=0.010..0.011 rows=1 loops=3)
                                 Filter: ((kind)::text = 'production companies'::text)
                                 Rows Removed by Filter: 3
 Planning Time: 1.825 ms
 Execution Time: 73.373 ms
(33 rows)

SET
                                                                                     QUERY PLAN                                                                                     
------------------------------------------------------------------------------------------------------------------------------------------------------------------------------------
 Finalize Aggregate  (cost=19461.56..19461.57 rows=1 width=68) (actual time=78.160..78.160 rows=1 loops=1)
   ->  Gather  (cost=19461.33..19461.54 rows=2 width=68) (actual time=72.535..79.819 rows=3 loops=1)
         Workers Planned: 2
         Workers Launched: 2
         ->  Partial Aggregate  (cost=18461.33..18461.34 rows=1 width=68) (actual time=73.036..73.036 rows=1 loops=3)
               ->  Nested Loop  (cost=4.35..18461.31 rows=3 width=45) (actual time=72.054..73.031 rows=1 loops=3)
                     Join Filter: (mc.movie_id = t.id)
                     ->  Hash Join  (cost=3.92..18449.57 rows=20 width=32) (actual time=70.958..72.974 rows=8 loops=3)
                           Hash Cond: (mc.company_type_id = ct.id)
                           ->  Nested Loop  (cost=2.86..18448.07 rows=81 width=36) (actual time=70.887..72.902 rows=8 loops=3)
                                 ->  Hash Join  (cost=2.43..15253.60 rows=5089 width=4) (actual time=70.092..70.119 rows=83 loops=3)
                                       Hash Cond: (mi_idx.info_type_id = it.id)
                                       ->  Parallel Seq Scan on movie_info_idx mi_idx  (cost=0.00..13685.15 rows=575015 width=8) (actual time=0.021..37.797 rows=460012 loops=3)
                                       ->  Hash  (cost=2.41..2.41 rows=1 width=4) (actual time=0.017..0.018 rows=1 loops=3)
                                             Buckets: 1024  Batches: 1  Memory Usage: 9kB
                                             ->  Seq Scan on info_type it  (cost=0.00..2.41 rows=1 width=4) (actual time=0.015..0.015 rows=1 loops=3)
                                                   Filter: ((info)::text = 'top 250 rank'::text)
                                                   Rows Removed by Filter: 112
                                 ->  Index Scan using movie_id_movie_companies on movie_companies mc  (cost=0.43..0.62 rows=1 width=32) (actual time=0.033..0.033 rows=0 loops=250)
                                       Index Cond: (movie_id = mi_idx.movie_id)
                                       Filter: (((note)::text !~~ '%(as Metro-Goldwyn-Mayer Pictures)%'::text) AND ((note)::text ~~ '%(co-production)%'::text))
                                       Rows Removed by Filter: 33
                           ->  Hash  (cost=1.05..1.05 rows=1 width=4) (actual time=0.015..0.015 rows=1 loops=3)
                                 Buckets: 1024  Batches: 1  Memory Usage: 9kB
                                 ->  Seq Scan on company_type ct  (cost=0.00..1.05 rows=1 width=4) (actual time=0.010..0.011 rows=1 loops=3)
                                       Filter: ((kind)::text = 'production companies'::text)
                                       Rows Removed by Filter: 3
                     ->  Index Scan using title_pkey on title t  (cost=0.43..0.57 rows=1 width=25) (actual time=0.007..0.007 rows=0 loops=23)
                           Index Cond: (id = mi_idx.movie_id)
                           Filter: (production_year > 2010)
                           Rows Removed by Filter: 1
 Planning Time: 1.826 ms
 Execution Time: 79.969 ms
(33 rows)

SET
                                                                                   QUERY PLAN                                                                                    
---------------------------------------------------------------------------------------------------------------------------------------------------------------------------------
 Finalize Aggregate  (cost=20988.46..20988.47 rows=1 width=68) (actual time=72.532..72.532 rows=1 loops=1)
   ->  Gather  (cost=20988.24..20988.45 rows=2 width=68) (actual time=72.525..72.958 rows=3 loops=1)
         Workers Planned: 2
         Workers Launched: 2
         ->  Partial Aggregate  (cost=19988.24..19988.25 rows=1 width=68) (actual time=69.969..69.969 rows=1 loops=3)
               ->  Hash Join  (cost=4.35..19975.05 rows=1758 width=45) (actual time=69.949..69.963 rows=1 loops=3)
                     Hash Cond: (mc.company_type_id = ct.id)
                     ->  Nested Loop  (cost=3.29..19935.98 rows=7030 width=49) (actual time=69.814..69.897 rows=26 loops=3)
                           ->  Nested Loop  (cost=2.86..18176.93 rows=2768 width=29) (actual time=69.797..69.828 rows=2 loops=3)
                                 ->  Hash Join  (cost=2.43..15253.60 rows=5089 width=4) (actual time=69.772..69.775 rows=3 loops=3)
                                       Hash Cond: (mi_idx.info_type_id = it.id)
                                       ->  Parallel Seq Scan on movie_info_idx mi_idx  (cost=0.00..13685.15 rows=575015 width=8) (actual time=0.021..37.663 rows=460012 loops=3)
                                       ->  Hash  (cost=2.41..2.41 rows=1 width=4) (actual time=0.019..0.019 rows=1 loops=3)
                                             Buckets: 1024  Batches: 1  Memory Usage: 9kB
                                             ->  Seq Scan on info_type it  (cost=0.00..2.41 rows=1 width=4) (actual time=0.017..0.017 rows=1 loops=3)
                                                   Filter: ((info)::text = 'bottom 10 rank'::text)
                                                   Rows Removed by Filter: 112
                                 ->  Index Scan using title_pkey on title t  (cost=0.43..0.57 rows=1 width=25) (actual time=0.015..0.015 rows=1 loops=10)
                                       Index Cond: (id = mi_idx.movie_id)
                                       Filter: (production_year > 2000)
                                       Rows Removed by Filter: 0
                           ->  Index Scan using movie_id_movie_companies on movie_companies mc  (cost=0.43..0.61 rows=3 width=32) (actual time=0.022..0.032 rows=13 loops=6)
                                 Index Cond: (movie_id = t.id)
                                 Filter: ((note)::text !~~ '%(as Metro-Goldwyn-Mayer Pictures)%'::text)
                                 Rows Removed by Filter: 2
                     ->  Hash  (cost=1.05..1.05 rows=1 width=4) (actual time=0.014..0.014 rows=1 loops=3)
                           Buckets: 1024  Batches: 1  Memory Usage: 9kB
                           ->  Seq Scan on company_type ct  (cost=0.00..1.05 rows=1 width=4) (actual time=0.010..0.010 rows=1 loops=3)
                                 Filter: ((kind)::text = 'production companies'::text)
                                 Rows Removed by Filter: 3
 Planning Time: 1.769 ms
 Execution Time: 73.107 ms
(32 rows)

SET
                                                                                             QUERY PLAN                                                                                             
----------------------------------------------------------------------------------------------------------------------------------------------------------------------------------------------------
 Aggregate  (cost=12310.45..12310.46 rows=1 width=32) (actual time=3404.324..3404.325 rows=1 loops=1)
   ->  Nested Loop  (cost=9.02..12310.44 rows=1 width=17) (actual time=48.299..3404.292 rows=33 loops=1)
         ->  Nested Loop  (cost=8.59..12309.99 rows=1 width=21) (actual time=48.273..3403.913 rows=33 loops=1)
               ->  Nested Loop  (cost=8.16..12304.93 rows=11 width=25) (actual time=5.191..2028.692 rows=532809 loops=1)
                     Join Filter: (t.id = ci.movie_id)
                     ->  Nested Loop  (cost=7.60..12298.97 rows=3 width=29) (actual time=5.154..479.028 rows=6016 loops=1)
                           Join Filter: (t.kind_id = kt.id)
                           Rows Removed by Join Filter: 1347
                           ->  Seq Scan on kind_type kt  (cost=0.00..1.09 rows=1 width=4) (actual time=0.014..0.016 rows=1 loops=1)
                                 Filter: ((kind)::text = 'movie'::text)
                                 Rows Removed by Filter: 6
                           ->  Nested Loop  (cost=7.60..12297.62 rows=21 width=33) (actual time=1.077..477.425 rows=7363 loops=1)
                                 ->  Nested Loop  (cost=7.17..12286.40 rows=23 width=8) (actual time=1.050..414.543 rows=8765 loops=1)
                                       Join Filter: (cc.status_id = cct2.id)
                                       Rows Removed by Join Filter: 8765
                                       ->  Seq Scan on comp_cast_type cct2  (cost=0.00..1.05 rows=1 width=4) (actual time=0.011..0.012 rows=2 loops=1)
                                             Filter: ((kind)::text ~~ '%complete%'::text)
                                             Rows Removed by Filter: 2
                                       ->  Nested Loop  (cost=7.17..12284.17 rows=94 width=12) (actual time=0.855..205.795 rows=8765 loops=2)
                                             Join Filter: (cc.subject_id = cct1.id)
                                             Rows Removed by Join Filter: 4045
                                             ->  Seq Scan on comp_cast_type cct1  (cost=0.00..1.05 rows=1 width=4) (actual time=0.001..0.003 rows=1 loops=2)
                                                   Filter: ((kind)::text = 'cast'::text)
                                                   Rows Removed by Filter: 3
                                             ->  Nested Loop  (cost=7.17..12278.42 rows=376 width=16) (actual time=0.853..203.823 rows=12810 loops=2)
                                                   ->  Nested Loop  (cost=6.75..12149.91 rows=270 width=4) (actual time=0.615..131.109 rows=35548 loops=2)
                                                         ->  Seq Scan on keyword k  (cost=0.00..3632.40 rows=8 width=4) (actual time=0.110..30.013 rows=8 loops=2)
                                                               Filter: ((keyword)::text = ANY ('{superhero,sequel,second-part,marvel-comics,based-on-comic,tv-special,fight,violence}'::text[]))
                                                               Rows Removed by Filter: 134162
                                                         ->  Bitmap Heap Scan on movie_keyword mk  (cost=6.75..1061.70 rows=299 width=8) (actual time=1.082..12.132 rows=4444 loops=16)
                                                               Recheck Cond: (keyword_id = k.id)
                                                               Heap Blocks: exact=46976
                                                               ->  Bitmap Index Scan on keyword_id_movie_keyword  (cost=0.00..6.67 rows=299 width=0) (actual time=0.598..0.598 rows=4444 loops=16)
                                                                     Index Cond: (keyword_id = k.id)
                                                   ->  Index Scan using movie_id_complete_cast on complete_cast cc  (cost=0.42..0.46 rows=2 width=12) (actual time=0.002..0.002 rows=0 loops=71096)
                                                         Index Cond: (movie_id = mk.movie_id)
                                 ->  Index Scan using title_pkey on title t  (cost=0.43..0.49 rows=1 width=25) (actual time=0.007..0.007 rows=1 loops=8765)
                                       Index Cond: (id = mk.movie_id)
                                       Filter: (production_year > 1950)
                                       Rows Removed by Filter: 0
                     ->  Index Scan using movie_id_cast_info on cast_info ci  (cost=0.56..1.52 rows=37 width=12) (actual time=0.010..0.242 rows=89 loops=6016)
                           Index Cond: (movie_id = mk.movie_id)
               ->  Index Scan using char_name_pkey on char_name chn  (cost=0.43..0.46 rows=1 width=4) (actual time=0.002..0.002 rows=0 loops=532809)
                     Index Cond: (id = ci.person_role_id)
                     Filter: (((name)::text !~~ '%Sherlock%'::text) AND (((name)::text ~~ '%Tony%Stark%'::text) OR ((name)::text ~~ '%Iron%Man%'::text)))
                     Rows Removed by Filter: 0
         ->  Index Only Scan using name_pkey on name n  (cost=0.43..0.45 rows=1 width=4) (actual time=0.011..0.011 rows=1 loops=33)
               Index Cond: (id = ci.person_id)
               Heap Fetches: 33
 Planning Time: 15.824 ms
 Execution Time: 3404.521 ms
(51 rows)

SET
                                                                                            QUERY PLAN                                                                                             
---------------------------------------------------------------------------------------------------------------------------------------------------------------------------------------------------
 Aggregate  (cost=12304.81..12304.82 rows=1 width=32) (actual time=2650.868..2650.868 rows=1 loops=1)
   ->  Nested Loop  (cost=9.02..12304.81 rows=1 width=17) (actual time=59.368..2650.839 rows=17 loops=1)
         ->  Nested Loop  (cost=8.59..12304.35 rows=1 width=21) (actual time=59.350..2650.514 rows=27 loops=1)
               ->  Nested Loop  (cost=8.16..12301.15 rows=7 width=25) (actual time=7.822..1316.164 rows=222518 loops=1)
                     Join Filter: (t.id = ci.movie_id)
                     ->  Nested Loop  (cost=7.60..12297.17 rows=2 width=29) (actual time=7.788..644.569 rows=1472 loops=1)
                           Join Filter: (cc.status_id = cct2.id)
                           Rows Removed by Join Filter: 1472
                           ->  Seq Scan on comp_cast_type cct2  (cost=0.00..1.05 rows=1 width=4) (actual time=0.012..0.013 rows=2 loops=1)
                                 Filter: ((kind)::text ~~ '%complete%'::text)
                                 Rows Removed by Filter: 2
                           ->  Nested Loop  (cost=7.60..12296.04 rows=7 width=33) (actual time=5.772..321.921 rows=1472 loops=2)
                                 Join Filter: (cc.subject_id = cct1.id)
                                 Rows Removed by Join Filter: 243
                                 ->  Seq Scan on comp_cast_type cct1  (cost=0.00..1.05 rows=1 width=4) (actual time=0.001..0.003 rows=1 loops=2)
                                       Filter: ((kind)::text = 'cast'::text)
                                       Rows Removed by Filter: 3
                                 ->  Nested Loop  (cost=7.60..12294.62 rows=29 width=37) (actual time=5.769..321.510 rows=1715 loops=2)
                                       ->  Nested Loop  (cost=7.18..12284.58 rows=21 width=25) (actual time=5.679..304.742 rows=6043 loops=2)
                                             Join Filter: (t.kind_id = kt.id)
                                             Rows Removed by Join Filter: 8122
                                             ->  Seq Scan on kind_type kt  (cost=0.00..1.09 rows=1 width=4) (actual time=0.001..0.003 rows=1 loops=2)
                                                   Filter: ((kind)::text = 'movie'::text)
                                                   Rows Removed by Filter: 6
                                             ->  Nested Loop  (cost=7.18..12281.66 rows=147 width=29) (actual time=0.635..302.931 rows=14165 loops=2)
                                                   ->  Nested Loop  (cost=6.75..12149.91 rows=270 width=4) (actual time=0.619..129.964 rows=35548 loops=2)
                                                         ->  Seq Scan on keyword k  (cost=0.00..3632.40 rows=8 width=4) (actual time=0.115..30.336 rows=8 loops=2)
                                                               Filter: ((keyword)::text = ANY ('{superhero,sequel,second-part,marvel-comics,based-on-comic,tv-special,fight,violence}'::text[]))
                                                               Rows Removed by Filter: 134162
                                                         ->  Bitmap Heap Scan on movie_keyword mk  (cost=6.75..1061.70 rows=299 width=8) (actual time=1.084..11.961 rows=4444 loops=16)
                                                               Recheck Cond: (keyword_id = k.id)
                                                               Heap Blocks: exact=46976
                                                               ->  Bitmap Index Scan on keyword_id_movie_keyword  (cost=0.00..6.67 rows=299 width=0) (actual time=0.598..0.598 rows=4444 loops=16)
                                                                     Index Cond: (keyword_id = k.id)
                                                   ->  Index Scan using title_pkey on title t  (cost=0.43..0.49 rows=1 width=25) (actual time=0.005..0.005 rows=0 loops=71096)
                                                         Index Cond: (id = mk.movie_id)
                                                         Filter: (production_year > 2000)
                                                         Rows Removed by Filter: 1
                                       ->  Index Scan using movie_id_complete_cast on complete_cast cc  (cost=0.42..0.46 rows=2 width=12) (actual time=0.002..0.002 rows=0 loops=12086)
                                             Index Cond: (movie_id = t.id)
                     ->  Index Scan using movie_id_cast_info on cast_info ci  (cost=0.56..1.52 rows=37 width=12) (actual time=0.012..0.425 rows=151 loops=1472)
                           Index Cond: (movie_id = mk.movie_id)
               ->  Index Scan using name_pkey on name n  (cost=0.43..0.46 rows=1 width=4) (actual time=0.006..0.006 rows=0 loops=222518)
                     Index Cond: (id = ci.person_id)
                     Filter: ((name)::text ~~ '%Downey%Robert%'::text)
                     Rows Removed by Filter: 1
         ->  Index Scan using char_name_pkey on char_name chn  (cost=0.43..0.46 rows=1 width=4) (actual time=0.011..0.011 rows=1 loops=27)
               Index Cond: (id = ci.person_role_id)
               Filter: (((name)::text !~~ '%Sherlock%'::text) AND (((name)::text ~~ '%Tony%Stark%'::text) OR ((name)::text ~~ '%Iron%Man%'::text)))
               Rows Removed by Filter: 0
 Planning Time: 15.886 ms
 Execution Time: 2651.057 ms
(52 rows)

SET
                                                                                             QUERY PLAN                                                                                             
----------------------------------------------------------------------------------------------------------------------------------------------------------------------------------------------------
 Aggregate  (cost=14665.13..14665.14 rows=1 width=64) (actual time=1498.144..1498.144 rows=1 loops=1)
   ->  Nested Loop  (cost=9.02..14665.12 rows=1 width=32) (actual time=7.826..1496.754 rows=5406 loops=1)
         ->  Nested Loop  (cost=8.59..14664.67 rows=1 width=21) (actual time=7.801..1453.149 rows=5406 loops=1)
               ->  Nested Loop  (cost=8.16..14661.01 rows=8 width=25) (actual time=7.506..1028.696 rows=189844 loops=1)
                     Join Filter: (t.id = ci.movie_id)
                     ->  Nested Loop  (cost=7.60..14657.03 rows=2 width=29) (actual time=7.464..493.717 rows=1267 loops=1)
                           Join Filter: (cc.status_id = cct2.id)
                           Rows Removed by Join Filter: 1267
                           ->  Seq Scan on comp_cast_type cct2  (cost=0.00..1.05 rows=1 width=4) (actual time=0.017..0.017 rows=2 loops=1)
                                 Filter: ((kind)::text ~~ '%complete%'::text)
                                 Rows Removed by Filter: 2
                           ->  Nested Loop  (cost=7.60..14655.87 rows=9 width=33) (actual time=5.567..246.590 rows=1267 loops=2)
                                 Join Filter: (cc.subject_id = cct1.id)
                                 Rows Removed by Join Filter: 218
                                 ->  Seq Scan on comp_cast_type cct1  (cost=0.00..1.05 rows=1 width=4) (actual time=0.002..0.003 rows=1 loops=2)
                                       Filter: ((kind)::text = 'cast'::text)
                                       Rows Removed by Filter: 3
                                 ->  Nested Loop  (cost=7.60..14654.36 rows=37 width=37) (actual time=5.564..246.234 rows=1485 loops=2)
                                       ->  Nested Loop  (cost=7.18..14641.93 rows=26 width=25) (actual time=5.481..232.600 rows=5032 loops=2)
                                             Join Filter: (t.kind_id = kt.id)
                                             Rows Removed by Join Filter: 5581
                                             ->  Seq Scan on kind_type kt  (cost=0.00..1.09 rows=1 width=4) (actual time=0.001..0.003 rows=1 loops=2)
                                                   Filter: ((kind)::text = 'movie'::text)
                                                   Rows Removed by Filter: 6
                                             ->  Nested Loop  (cost=7.18..14638.55 rows=183 width=29) (actual time=0.652..231.208 rows=10613 loops=2)
                                                   ->  Nested Loop  (cost=6.75..14474.11 rows=337 width=4) (actual time=0.636..108.775 rows=24091 loops=2)
                                                         ->  Seq Scan on keyword k  (cost=0.00..3967.82 rows=10 width=4) (actual time=0.136..36.055 rows=10 loops=2)
                                                               Filter: ((keyword)::text = ANY ('{superhero,marvel-comics,based-on-comic,tv-special,fight,violence,magnet,web,claw,laser}'::text[]))
                                                               Rows Removed by Filter: 134160
                                                         ->  Bitmap Heap Scan on movie_keyword mk  (cost=6.75..1047.64 rows=299 width=8) (actual time=0.649..6.992 rows=2409 loops=20)
                                                               Recheck Cond: (keyword_id = k.id)
                                                               Heap Blocks: exact=34254
                                                               ->  Bitmap Index Scan on keyword_id_movie_keyword  (cost=0.00..6.67 rows=299 width=0) (actual time=0.363..0.363 rows=2409 loops=20)
                                                                     Index Cond: (keyword_id = k.id)
                                                   ->  Index Scan using title_pkey on title t  (cost=0.43..0.49 rows=1 width=25) (actual time=0.005..0.005 rows=0 loops=48182)
                                                         Index Cond: (id = mk.movie_id)
                                                         Filter: (production_year > 2000)
                                                         Rows Removed by Filter: 1
                                       ->  Index Scan using movie_id_complete_cast on complete_cast cc  (cost=0.42..0.46 rows=2 width=12) (actual time=0.002..0.002 rows=0 loops=10064)
                                             Index Cond: (movie_id = t.id)
                     ->  Index Scan using movie_id_cast_info on cast_info ci  (cost=0.56..1.52 rows=37 width=12) (actual time=0.012..0.397 rows=150 loops=1267)
                           Index Cond: (movie_id = mk.movie_id)
               ->  Index Scan using char_name_pkey on char_name chn  (cost=0.43..0.46 rows=1 width=4) (actual time=0.002..0.002 rows=0 loops=189844)
                     Index Cond: (id = ci.person_role_id)
                     Filter: ((name IS NOT NULL) AND (((name)::text ~~ '%man%'::text) OR ((name)::text ~~ '%Man%'::text)))
                     Rows Removed by Filter: 0
         ->  Index Scan using name_pkey on name n  (cost=0.43..0.45 rows=1 width=19) (actual time=0.008..0.008 rows=1 loops=5406)
               Index Cond: (id = ci.person_id)
 Planning Time: 16.203 ms
 Execution Time: 1498.332 ms
(50 rows)

SET
                                                                                         QUERY PLAN                                                                                          
---------------------------------------------------------------------------------------------------------------------------------------------------------------------------------------------
 Aggregate  (cost=3753.11..3753.12 rows=1 width=96) (actual time=104.555..104.555 rows=1 loops=1)
   ->  Nested Loop  (cost=8.75..3753.10 rows=1 width=118) (actual time=3.718..104.235 rows=1410 loops=1)
         Join Filter: (ml.movie_id = t.id)
         ->  Nested Loop  (cost=8.32..3752.60 rows=1 width=117) (actual time=3.696..101.209 rows=1816 loops=1)
               Join Filter: (ml.movie_id = mi.movie_id)
               ->  Nested Loop  (cost=7.89..3750.82 rows=1 width=113) (actual time=3.649..96.280 rows=402 loops=1)
                     Join Filter: (mc.company_type_id = ct.id)
                     Rows Removed by Join Filter: 20
                     ->  Nested Loop  (cost=7.89..3749.75 rows=1 width=117) (actual time=3.638..95.817 rows=422 loops=1)
                           ->  Nested Loop  (cost=7.47..3749.30 rows=1 width=102) (actual time=3.259..93.395 rows=1021 loops=1)
                                 Join Filter: (ml.movie_id = mc.movie_id)
                                 ->  Nested Loop  (cost=7.04..3748.73 rows=1 width=90) (actual time=3.230..92.223 rows=199 loops=1)
                                       Join Filter: (ml.link_type_id = lt.id)
                                       Rows Removed by Join Filter: 303
                                       ->  Seq Scan on link_type lt  (cost=0.00..1.23 rows=1 width=86) (actual time=0.015..0.019 rows=2 loops=1)
                                             Filter: ((link)::text ~~ '%follow%'::text)
                                             Rows Removed by Filter: 16
                                       ->  Nested Loop  (cost=7.04..3747.37 rows=11 width=12) (actual time=2.949..46.074 rows=251 loops=2)
                                             ->  Nested Loop  (cost=6.75..3732.91 rows=34 width=4) (actual time=2.943..36.441 rows=10544 loops=2)
                                                   ->  Seq Scan on keyword k  (cost=0.00..2626.12 rows=1 width=4) (actual time=0.689..10.672 rows=1 loops=2)
                                                         Filter: ((keyword)::text = 'sequel'::text)
                                                         Rows Removed by Filter: 134169
                                                   ->  Bitmap Heap Scan on movie_keyword mk  (cost=6.75..1103.80 rows=299 width=8) (actual time=2.235..24.730 rows=10544 loops=2)
                                                         Recheck Cond: (keyword_id = k.id)
                                                         Heap Blocks: exact=11140
                                                         ->  Bitmap Index Scan on keyword_id_movie_keyword  (cost=0.00..6.67 rows=299 width=0) (actual time=1.320..1.320 rows=10544 loops=2)
                                                               Index Cond: (keyword_id = k.id)
                                             ->  Index Scan using movie_id_movie_link on movie_link ml  (cost=0.29..0.38 rows=5 width=8) (actual time=0.001..0.001 rows=0 loops=21088)
                                                   Index Cond: (movie_id = mk.movie_id)
                                 ->  Index Scan using movie_id_movie_companies on movie_companies mc  (cost=0.43..0.54 rows=2 width=12) (actual time=0.004..0.005 rows=5 loops=199)
                                       Index Cond: (movie_id = mk.movie_id)
                                       Filter: (note IS NULL)
                                       Rows Removed by Filter: 2
                           ->  Index Scan using company_name_pkey on company_name cn  (cost=0.42..0.46 rows=1 width=23) (actual time=0.002..0.002 rows=0 loops=1021)
                                 Index Cond: (id = mc.company_id)
                                 Filter: (((country_code)::text <> '[pl]'::text) AND (((name)::text ~~ '%Film%'::text) OR ((name)::text ~~ '%Warner%'::text)))
                                 Rows Removed by Filter: 1
                     ->  Seq Scan on company_type ct  (cost=0.00..1.05 rows=1 width=4) (actual time=0.001..0.001 rows=1 loops=422)
                           Filter: ((kind)::text = 'production companies'::text)
                           Rows Removed by Filter: 1
               ->  Index Scan using movie_id_movie_info on movie_info mi  (cost=0.43..1.77 rows=1 width=4) (actual time=0.009..0.011 rows=5 loops=402)
                     Index Cond: (movie_id = mk.movie_id)
                     Filter: ((info)::text = ANY ('{Sweden,Norway,Germany,Denmark,Swedish,Denish,Norwegian,German}'::text[]))
                     Rows Removed by Filter: 16
         ->  Index Scan using title_pkey on title t  (cost=0.43..0.49 rows=1 width=21) (actual time=0.001..0.001 rows=1 loops=1816)
               Index Cond: (id = mk.movie_id)
               Filter: ((production_year >= 1950) AND (production_year <= 2000))
               Rows Removed by Filter: 0
 Planning Time: 15.251 ms
 Execution Time: 104.739 ms
(50 rows)

SET
                                                                                         QUERY PLAN                                                                                          
---------------------------------------------------------------------------------------------------------------------------------------------------------------------------------------------
 Aggregate  (cost=3752.79..3752.80 rows=1 width=96) (actual time=69.028..69.028 rows=1 loops=1)
   ->  Nested Loop  (cost=8.75..3752.79 rows=1 width=118) (actual time=3.475..69.004 rows=38 loops=1)
         Join Filter: (ml.movie_id = t.id)
         ->  Nested Loop  (cost=8.32..3752.28 rows=1 width=117) (actual time=3.101..68.434 rows=308 loops=1)
               Join Filter: (ml.movie_id = mi.movie_id)
               ->  Nested Loop  (cost=7.89..3750.82 rows=1 width=113) (actual time=3.084..65.109 rows=402 loops=1)
                     Join Filter: (mc.company_type_id = ct.id)
                     Rows Removed by Join Filter: 20
                     ->  Nested Loop  (cost=7.89..3749.75 rows=1 width=117) (actual time=3.081..64.663 rows=422 loops=1)
                           ->  Nested Loop  (cost=7.47..3749.30 rows=1 width=102) (actual time=2.896..62.632 rows=1021 loops=1)
                                 Join Filter: (ml.movie_id = mc.movie_id)
                                 ->  Nested Loop  (cost=7.04..3748.73 rows=1 width=90) (actual time=2.884..61.735 rows=199 loops=1)
                                       Join Filter: (ml.link_type_id = lt.id)
                                       Rows Removed by Join Filter: 303
                                       ->  Seq Scan on link_type lt  (cost=0.00..1.23 rows=1 width=86) (actual time=0.005..0.009 rows=2 loops=1)
                                             Filter: ((link)::text ~~ '%follow%'::text)
                                             Rows Removed by Filter: 16
                                       ->  Nested Loop  (cost=7.04..3747.37 rows=11 width=12) (actual time=2.765..30.836 rows=251 loops=2)
                                             ->  Nested Loop  (cost=6.75..3732.91 rows=34 width=4) (actual time=2.759..21.702 rows=10544 loops=2)
                                                   ->  Seq Scan on keyword k  (cost=0.00..2626.12 rows=1 width=4) (actual time=0.588..9.873 rows=1 loops=2)
                                                         Filter: ((keyword)::text = 'sequel'::text)
                                                         Rows Removed by Filter: 134169
                                                   ->  Bitmap Heap Scan on movie_keyword mk  (cost=6.75..1103.80 rows=299 width=8) (actual time=2.155..10.865 rows=10544 loops=2)
                                                         Recheck Cond: (keyword_id = k.id)
                                                         Heap Blocks: exact=11140
                                                         ->  Bitmap Index Scan on keyword_id_movie_keyword  (cost=0.00..6.67 rows=299 width=0) (actual time=1.240..1.240 rows=10544 loops=2)
                                                               Index Cond: (keyword_id = k.id)
                                             ->  Index Scan using movie_id_movie_link on movie_link ml  (cost=0.29..0.38 rows=5 width=8) (actual time=0.001..0.001 rows=0 loops=21088)
                                                   Index Cond: (movie_id = mk.movie_id)
                                 ->  Index Scan using movie_id_movie_companies on movie_companies mc  (cost=0.43..0.54 rows=2 width=12) (actual time=0.003..0.004 rows=5 loops=199)
                                       Index Cond: (movie_id = mk.movie_id)
                                       Filter: (note IS NULL)
                                       Rows Removed by Filter: 2
                           ->  Index Scan using company_name_pkey on company_name cn  (cost=0.42..0.46 rows=1 width=23) (actual time=0.002..0.002 rows=0 loops=1021)
                                 Index Cond: (id = mc.company_id)
                                 Filter: (((country_code)::text <> '[pl]'::text) AND (((name)::text ~~ '%Film%'::text) OR ((name)::text ~~ '%Warner%'::text)))
                                 Rows Removed by Filter: 1
                     ->  Seq Scan on company_type ct  (cost=0.00..1.05 rows=1 width=4) (actual time=0.000..0.001 rows=1 loops=422)
                           Filter: ((kind)::text = 'production companies'::text)
                           Rows Removed by Filter: 1
               ->  Index Scan using movie_id_movie_info on movie_info mi  (cost=0.43..1.45 rows=1 width=4) (actual time=0.007..0.008 rows=1 loops=402)
                     Index Cond: (movie_id = mk.movie_id)
                     Filter: ((info)::text = ANY ('{Germany,German}'::text[]))
                     Rows Removed by Filter: 20
         ->  Index Scan using title_pkey on title t  (cost=0.43..0.49 rows=1 width=21) (actual time=0.002..0.002 rows=0 loops=308)
               Index Cond: (id = mk.movie_id)
               Filter: ((production_year >= 2000) AND (production_year <= 2010))
               Rows Removed by Filter: 1
 Planning Time: 14.391 ms
 Execution Time: 69.210 ms
(50 rows)

SET
                                                                                         QUERY PLAN                                                                                          
---------------------------------------------------------------------------------------------------------------------------------------------------------------------------------------------
 Aggregate  (cost=3753.19..3753.20 rows=1 width=96) (actual time=71.762..71.762 rows=1 loops=1)
   ->  Nested Loop  (cost=8.75..3753.18 rows=1 width=118) (actual time=3.040..71.350 rows=1874 loops=1)
         Join Filter: (ml.movie_id = t.id)
         ->  Nested Loop  (cost=8.32..3752.68 rows=1 width=117) (actual time=3.031..68.215 rows=1874 loops=1)
               Join Filter: (ml.movie_id = mi.movie_id)
               ->  Nested Loop  (cost=7.89..3750.82 rows=1 width=113) (actual time=3.017..63.580 rows=402 loops=1)
                     Join Filter: (mc.company_type_id = ct.id)
                     Rows Removed by Join Filter: 20
                     ->  Nested Loop  (cost=7.89..3749.75 rows=1 width=117) (actual time=3.014..63.128 rows=422 loops=1)
                           ->  Nested Loop  (cost=7.47..3749.30 rows=1 width=102) (actual time=2.844..61.140 rows=1021 loops=1)
                                 Join Filter: (ml.movie_id = mc.movie_id)
                                 ->  Nested Loop  (cost=7.04..3748.73 rows=1 width=90) (actual time=2.833..60.281 rows=199 loops=1)
                                       Join Filter: (ml.link_type_id = lt.id)
                                       Rows Removed by Join Filter: 303
                                       ->  Seq Scan on link_type lt  (cost=0.00..1.23 rows=1 width=86) (actual time=0.004..0.008 rows=2 loops=1)
                                             Filter: ((link)::text ~~ '%follow%'::text)
                                             Rows Removed by Filter: 16
                                       ->  Nested Loop  (cost=7.04..3747.37 rows=11 width=12) (actual time=2.724..30.110 rows=251 loops=2)
                                             ->  Nested Loop  (cost=6.75..3732.91 rows=34 width=4) (actual time=2.718..20.982 rows=10544 loops=2)
                                                   ->  Seq Scan on keyword k  (cost=0.00..2626.12 rows=1 width=4) (actual time=0.573..9.888 rows=1 loops=2)
                                                         Filter: ((keyword)::text = 'sequel'::text)
                                                         Rows Removed by Filter: 134169
                                                   ->  Bitmap Heap Scan on movie_keyword mk  (cost=6.75..1103.80 rows=299 width=8) (actual time=2.131..10.106 rows=10544 loops=2)
                                                         Recheck Cond: (keyword_id = k.id)
                                                         Heap Blocks: exact=11140
                                                         ->  Bitmap Index Scan on keyword_id_movie_keyword  (cost=0.00..6.67 rows=299 width=0) (actual time=1.223..1.223 rows=10544 loops=2)
                                                               Index Cond: (keyword_id = k.id)
                                             ->  Index Scan using movie_id_movie_link on movie_link ml  (cost=0.29..0.38 rows=5 width=8) (actual time=0.001..0.001 rows=0 loops=21088)
                                                   Index Cond: (movie_id = mk.movie_id)
                                 ->  Index Scan using movie_id_movie_companies on movie_companies mc  (cost=0.43..0.54 rows=2 width=12) (actual time=0.002..0.003 rows=5 loops=199)
                                       Index Cond: (movie_id = mk.movie_id)
                                       Filter: (note IS NULL)
                                       Rows Removed by Filter: 2
                           ->  Index Scan using company_name_pkey on company_name cn  (cost=0.42..0.46 rows=1 width=23) (actual time=0.002..0.002 rows=0 loops=1021)
                                 Index Cond: (id = mc.company_id)
                                 Filter: (((country_code)::text <> '[pl]'::text) AND (((name)::text ~~ '%Film%'::text) OR ((name)::text ~~ '%Warner%'::text)))
                                 Rows Removed by Filter: 1
                     ->  Seq Scan on company_type ct  (cost=0.00..1.05 rows=1 width=4) (actual time=0.000..0.001 rows=1 loops=422)
                           Filter: ((kind)::text = 'production companies'::text)
                           Rows Removed by Filter: 1
               ->  Index Scan using movie_id_movie_info on movie_info mi  (cost=0.43..1.82 rows=3 width=4) (actual time=0.008..0.011 rows=5 loops=402)
                     Index Cond: (movie_id = mk.movie_id)
                     Filter: ((info)::text = ANY ('{Sweden,Norway,Germany,Denmark,Swedish,Denish,Norwegian,German,English}'::text[]))
                     Rows Removed by Filter: 16
         ->  Index Scan using title_pkey on title t  (cost=0.43..0.49 rows=1 width=21) (actual time=0.001..0.001 rows=1 loops=1874)
               Index Cond: (id = mk.movie_id)
               Filter: ((production_year >= 1950) AND (production_year <= 2010))
 Planning Time: 14.488 ms
 Execution Time: 71.964 ms
(49 rows)

SET
                                                                                               QUERY PLAN                                                                                                
---------------------------------------------------------------------------------------------------------------------------------------------------------------------------------------------------------
 Aggregate  (cost=7386.84..7386.85 rows=1 width=96) (actual time=547.991..547.991 rows=1 loops=1)
   ->  Nested Loop  (cost=8.89..7386.83 rows=1 width=42) (actual time=14.615..547.211 rows=2851 loops=1)
         Join Filter: (mi.info_type_id = it1.id)
         Rows Removed by Join Filter: 191
         ->  Nested Loop  (cost=8.89..7384.41 rows=1 width=46) (actual time=14.610..537.768 rows=3042 loops=1)
               Join Filter: (t.id = mi.movie_id)
               ->  Nested Loop  (cost=8.46..7382.82 rows=1 width=58) (actual time=6.492..395.427 rows=2958 loops=1)
                     Join Filter: (mc.company_type_id = ct.id)
                     ->  Nested Loop  (cost=8.46..7381.73 rows=1 width=62) (actual time=6.484..392.607 rows=2958 loops=1)
                           ->  Nested Loop  (cost=8.04..7381.19 rows=1 width=47) (actual time=6.468..379.094 rows=3374 loops=1)
                                 Join Filter: (t.id = mc.movie_id)
                                 ->  Nested Loop  (cost=7.61..7380.61 rows=1 width=35) (actual time=6.440..342.680 rows=2378 loops=1)
                                       Join Filter: (mi_idx.info_type_id = it2.id)
                                       Rows Removed by Join Filter: 6322
                                       ->  Seq Scan on info_type it2  (cost=0.00..2.41 rows=1 width=4) (actual time=0.012..0.013 rows=1 loops=1)
                                             Filter: ((info)::text = 'rating'::text)
                                             Rows Removed by Filter: 112
                                       ->  Nested Loop  (cost=7.61..7377.88 rows=25 width=39) (actual time=4.396..341.793 rows=8700 loops=1)
                                             Join Filter: (t.id = mi_idx.movie_id)
                                             ->  Nested Loop  (cost=7.18..7372.53 rows=10 width=25) (actual time=4.375..311.766 rows=4832 loops=1)
                                                   Join Filter: (t.kind_id = kt.id)
                                                   Rows Removed by Join Filter: 2286
                                                   ->  Nested Loop  (cost=7.18..7370.44 rows=35 width=29) (actual time=4.355..309.844 rows=5606 loops=1)
                                                         ->  Nested Loop  (cost=6.75..7304.56 rows=135 width=4) (actual time=4.285..135.832 rows=37091 loops=1)
                                                               ->  Seq Scan on keyword k  (cost=0.00..2961.55 rows=4 width=4) (actual time=0.923..20.629 rows=3 loops=1)
                                                                     Filter: ((keyword)::text = ANY ('{murder,murder-in-title,blood,violence}'::text[]))
                                                                     Rows Removed by Filter: 134167
                                                               ->  Bitmap Heap Scan on movie_keyword mk  (cost=6.75..1082.76 rows=299 width=8) (actual time=3.385..36.954 rows=12364 loops=3)
                                                                     Recheck Cond: (keyword_id = k.id)
                                                                     Heap Blocks: exact=26312
                                                                     ->  Bitmap Index Scan on keyword_id_movie_keyword  (cost=0.00..6.67 rows=299 width=0) (actual time=1.856..1.856 rows=12364 loops=3)
                                                                           Index Cond: (keyword_id = k.id)
                                                         ->  Index Scan using title_pkey on title t  (cost=0.43..0.49 rows=1 width=25) (actual time=0.004..0.004 rows=0 loops=37091)
                                                               Index Cond: (id = mk.movie_id)
                                                               Filter: (production_year > 2008)
                                                               Rows Removed by Filter: 1
                                                   ->  Materialize  (cost=0.00..1.10 rows=2 width=4) (actual time=0.000..0.000 rows=1 loops=5606)
                                                         ->  Seq Scan on kind_type kt  (cost=0.00..1.09 rows=2 width=4) (actual time=0.013..0.015 rows=2 loops=1)
                                                               Filter: ((kind)::text = ANY ('{movie,episode}'::text[]))
                                                               Rows Removed by Filter: 5
                                             ->  Index Scan using movie_id_movie_info_idx on movie_info_idx mi_idx  (cost=0.43..0.50 rows=3 width=14) (actual time=0.005..0.006 rows=2 loops=4832)
                                                   Index Cond: (movie_id = mk.movie_id)
                                                   Filter: ((info)::text < '7.0'::text)
                                                   Rows Removed by Filter: 0
                                 ->  Index Scan using movie_id_movie_companies on movie_companies mc  (cost=0.43..0.57 rows=1 width=12) (actual time=0.013..0.015 rows=1 loops=2378)
                                       Index Cond: (movie_id = mk.movie_id)
                                       Filter: (((note)::text !~~ '%(USA)%'::text) AND ((note)::text ~~ '%(200%)%'::text))
                                       Rows Removed by Filter: 10
                           ->  Index Scan using company_name_pkey on company_name cn  (cost=0.42..0.55 rows=1 width=23) (actual time=0.004..0.004 rows=1 loops=3374)
                                 Index Cond: (id = mc.company_id)
                                 Filter: ((country_code)::text <> '[us]'::text)
                                 Rows Removed by Filter: 0
                     ->  Seq Scan on company_type ct  (cost=0.00..1.04 rows=4 width=4) (actual time=0.000..0.000 rows=1 loops=2958)
               ->  Index Scan using movie_id_movie_info on movie_info mi  (cost=0.43..1.56 rows=2 width=8) (actual time=0.043..0.048 rows=1 loops=2958)
                     Index Cond: (movie_id = mk.movie_id)
                     Filter: ((info)::text = ANY ('{Germany,German,USA,American}'::text[]))
                     Rows Removed by Filter: 155
         ->  Seq Scan on info_type it1  (cost=0.00..2.41 rows=1 width=4) (actual time=0.002..0.003 rows=1 loops=3042)
               Filter: ((info)::text = 'countries'::text)
               Rows Removed by Filter: 14
 Planning Time: 37.448 ms
 Execution Time: 548.196 ms
(62 rows)

SET
                                                                                               QUERY PLAN                                                                                                
---------------------------------------------------------------------------------------------------------------------------------------------------------------------------------------------------------
 Aggregate  (cost=7385.52..7385.53 rows=1 width=96) (actual time=366.846..366.846 rows=1 loops=1)
   ->  Nested Loop  (cost=8.89..7385.51 rows=1 width=42) (actual time=18.230..366.817 rows=31 loops=1)
         Join Filter: (mi.info_type_id = it1.id)
         Rows Removed by Join Filter: 3
         ->  Nested Loop  (cost=8.89..7383.09 rows=1 width=46) (actual time=18.225..366.675 rows=34 loops=1)
               Join Filter: (t.id = mi.movie_id)
               ->  Nested Loop  (cost=8.46..7381.50 rows=1 width=58) (actual time=18.133..363.398 rows=50 loops=1)
                     Join Filter: (mc.company_type_id = ct.id)
                     ->  Nested Loop  (cost=8.46..7380.41 rows=1 width=62) (actual time=18.127..363.308 rows=50 loops=1)
                           ->  Nested Loop  (cost=8.04..7379.87 rows=1 width=47) (actual time=18.113..362.698 rows=78 loops=1)
                                 Join Filter: (t.id = mc.movie_id)
                                 ->  Nested Loop  (cost=7.61..7379.29 rows=1 width=35) (actual time=8.046..338.390 rows=1615 loops=1)
                                       Join Filter: (mi_idx.info_type_id = it2.id)
                                       Rows Removed by Join Filter: 4362
                                       ->  Seq Scan on info_type it2  (cost=0.00..2.41 rows=1 width=4) (actual time=0.012..0.013 rows=1 loops=1)
                                             Filter: ((info)::text = 'rating'::text)
                                             Rows Removed by Filter: 112
                                       ->  Nested Loop  (cost=7.61..7376.61 rows=21 width=39) (actual time=4.582..337.749 rows=5977 loops=1)
                                             Join Filter: (t.id = mi_idx.movie_id)
                                             ->  Nested Loop  (cost=7.18..7372.33 rows=8 width=25) (actual time=4.560..315.700 rows=3517 loops=1)
                                                   Join Filter: (t.kind_id = kt.id)
                                                   Rows Removed by Join Filter: 1618
                                                   ->  Nested Loop  (cost=7.18..7370.44 rows=28 width=29) (actual time=4.544..314.320 rows=4040 loops=1)
                                                         ->  Nested Loop  (cost=6.75..7304.56 rows=135 width=4) (actual time=4.473..144.286 rows=37091 loops=1)
                                                               ->  Seq Scan on keyword k  (cost=0.00..2961.55 rows=4 width=4) (actual time=1.126..21.019 rows=3 loops=1)
                                                                     Filter: ((keyword)::text = ANY ('{murder,murder-in-title,blood,violence}'::text[]))
                                                                     Rows Removed by Filter: 134167
                                                               ->  Bitmap Heap Scan on movie_keyword mk  (cost=6.75..1082.76 rows=299 width=8) (actual time=3.370..39.547 rows=12364 loops=3)
                                                                     Recheck Cond: (keyword_id = k.id)
                                                                     Heap Blocks: exact=26312
                                                                     ->  Bitmap Index Scan on keyword_id_movie_keyword  (cost=0.00..6.67 rows=299 width=0) (actual time=1.841..1.841 rows=12364 loops=3)
                                                                           Index Cond: (keyword_id = k.id)
                                                         ->  Index Scan using title_pkey on title t  (cost=0.43..0.49 rows=1 width=25) (actual time=0.004..0.004 rows=0 loops=37091)
                                                               Index Cond: (id = mk.movie_id)
                                                               Filter: (production_year > 2009)
                                                               Rows Removed by Filter: 1
                                                   ->  Materialize  (cost=0.00..1.10 rows=2 width=4) (actual time=0.000..0.000 rows=1 loops=4040)
                                                         ->  Seq Scan on kind_type kt  (cost=0.00..1.09 rows=2 width=4) (actual time=0.010..0.012 rows=2 loops=1)
                                                               Filter: ((kind)::text = ANY ('{movie,episode}'::text[]))
                                                               Rows Removed by Filter: 5
                                             ->  Index Scan using movie_id_movie_info_idx on movie_info_idx mi_idx  (cost=0.43..0.50 rows=3 width=14) (actual time=0.005..0.006 rows=2 loops=3517)
                                                   Index Cond: (movie_id = mk.movie_id)
                                                   Filter: ((info)::text < '7.0'::text)
                                                   Rows Removed by Filter: 0
                                 ->  Index Scan using movie_id_movie_companies on movie_companies mc  (cost=0.43..0.57 rows=1 width=12) (actual time=0.015..0.015 rows=0 loops=1615)
                                       Index Cond: (movie_id = mk.movie_id)
                                       Filter: (((note)::text !~~ '%(USA)%'::text) AND ((note)::text ~~ '%(200%)%'::text))
                                       Rows Removed by Filter: 12
                           ->  Index Scan using company_name_pkey on company_name cn  (cost=0.42..0.55 rows=1 width=23) (actual time=0.007..0.007 rows=1 loops=78)
                                 Index Cond: (id = mc.company_id)
                                 Filter: ((country_code)::text <> '[us]'::text)
                                 Rows Removed by Filter: 0
                     ->  Seq Scan on company_type ct  (cost=0.00..1.04 rows=4 width=4) (actual time=0.001..0.001 rows=1 loops=50)
               ->  Index Scan using movie_id_movie_info on movie_info mi  (cost=0.43..1.56 rows=2 width=8) (actual time=0.060..0.065 rows=1 loops=50)
                     Index Cond: (movie_id = mk.movie_id)
                     Filter: ((info)::text = ANY ('{Germany,German,USA,American}'::text[]))
                     Rows Removed by Filter: 53
         ->  Seq Scan on info_type it1  (cost=0.00..2.41 rows=1 width=4) (actual time=0.003..0.003 rows=1 loops=34)
               Filter: ((info)::text = 'countries'::text)
               Rows Removed by Filter: 16
 Planning Time: 38.280 ms
 Execution Time: 367.078 ms
(62 rows)

SET
                                                                                               QUERY PLAN                                                                                                
---------------------------------------------------------------------------------------------------------------------------------------------------------------------------------------------------------
 Aggregate  (cost=7390.61..7390.62 rows=1 width=96) (actual time=2364.486..2364.486 rows=1 loops=1)
   ->  Nested Loop  (cost=8.89..7390.60 rows=1 width=42) (actual time=6.131..2359.044 rows=21489 loops=1)
         Join Filter: (mi.info_type_id = it1.id)
         Rows Removed by Join Filter: 3123
         ->  Nested Loop  (cost=8.89..7388.18 rows=1 width=46) (actual time=6.125..2273.559 rows=24612 loops=1)
               Join Filter: (t.id = mi.movie_id)
               ->  Nested Loop  (cost=8.46..7386.28 rows=1 width=58) (actual time=6.062..550.018 rows=23425 loops=1)
                     Join Filter: (mc.company_type_id = ct.id)
                     ->  Nested Loop  (cost=8.46..7385.19 rows=1 width=62) (actual time=6.048..528.586 rows=23425 loops=1)
                           ->  Nested Loop  (cost=8.04..7384.64 rows=1 width=47) (actual time=6.036..458.219 rows=25316 loops=1)
                                 Join Filter: (t.id = mc.movie_id)
                                 ->  Nested Loop  (cost=7.61..7384.06 rows=1 width=35) (actual time=4.629..371.032 rows=5949 loops=1)
                                       Join Filter: (mi_idx.info_type_id = it2.id)
                                       Rows Removed by Join Filter: 11839
                                       ->  Seq Scan on info_type it2  (cost=0.00..2.41 rows=1 width=4) (actual time=0.012..0.013 rows=1 loops=1)
                                             Filter: ((info)::text = 'rating'::text)
                                             Rows Removed by Filter: 112
                                       ->  Nested Loop  (cost=7.61..7381.10 rows=44 width=39) (actual time=4.614..369.092 rows=17788 loops=1)
                                             Join Filter: (t.id = mi_idx.movie_id)
                                             ->  Nested Loop  (cost=7.18..7373.07 rows=15 width=25) (actual time=4.593..320.840 rows=8073 loops=1)
                                                   Join Filter: (t.kind_id = kt.id)
                                                   Rows Removed by Join Filter: 4332
                                                   ->  Nested Loop  (cost=7.18..7370.44 rows=54 width=29) (actual time=4.527..317.447 rows=9739 loops=1)
                                                         ->  Nested Loop  (cost=6.75..7304.56 rows=135 width=4) (actual time=4.501..140.644 rows=37091 loops=1)
                                                               ->  Seq Scan on keyword k  (cost=0.00..2961.55 rows=4 width=4) (actual time=1.139..20.890 rows=3 loops=1)
                                                                     Filter: ((keyword)::text = ANY ('{murder,murder-in-title,blood,violence}'::text[]))
                                                                     Rows Removed by Filter: 134167
                                                               ->  Bitmap Heap Scan on movie_keyword mk  (cost=6.75..1082.76 rows=299 width=8) (actual time=3.386..38.476 rows=12364 loops=3)
                                                                     Recheck Cond: (keyword_id = k.id)
                                                                     Heap Blocks: exact=26312
                                                                     ->  Bitmap Index Scan on keyword_id_movie_keyword  (cost=0.00..6.67 rows=299 width=0) (actual time=1.856..1.856 rows=12364 loops=3)
                                                                           Index Cond: (keyword_id = k.id)
                                                         ->  Index Scan using title_pkey on title t  (cost=0.43..0.49 rows=1 width=25) (actual time=0.004..0.004 rows=0 loops=37091)
                                                               Index Cond: (id = mk.movie_id)
                                                               Filter: (production_year > 2005)
                                                               Rows Removed by Filter: 1
                                                   ->  Materialize  (cost=0.00..1.10 rows=2 width=4) (actual time=0.000..0.000 rows=1 loops=9739)
                                                         ->  Seq Scan on kind_type kt  (cost=0.00..1.09 rows=2 width=4) (actual time=0.010..0.012 rows=2 loops=1)
                                                               Filter: ((kind)::text = ANY ('{movie,episode}'::text[]))
                                                               Rows Removed by Filter: 5
                                             ->  Index Scan using movie_id_movie_info_idx on movie_info_idx mi_idx  (cost=0.43..0.50 rows=3 width=14) (actual time=0.005..0.005 rows=2 loops=8073)
                                                   Index Cond: (movie_id = mk.movie_id)
                                                   Filter: ((info)::text < '8.5'::text)
                                                   Rows Removed by Filter: 0
                                 ->  Index Scan using movie_id_movie_companies on movie_companies mc  (cost=0.43..0.57 rows=1 width=12) (actual time=0.009..0.014 rows=4 loops=5949)
                                       Index Cond: (movie_id = mk.movie_id)
                                       Filter: (((note)::text !~~ '%(USA)%'::text) AND ((note)::text ~~ '%(200%)%'::text))
                                       Rows Removed by Filter: 8
                           ->  Index Scan using company_name_pkey on company_name cn  (cost=0.42..0.55 rows=1 width=23) (actual time=0.002..0.002 rows=1 loops=25316)
                                 Index Cond: (id = mc.company_id)
                                 Filter: ((country_code)::text <> '[us]'::text)
                                 Rows Removed by Filter: 0
                     ->  Seq Scan on company_type ct  (cost=0.00..1.04 rows=4 width=4) (actual time=0.000..0.000 rows=1 loops=23425)
               ->  Index Scan using movie_id_movie_info on movie_info mi  (cost=0.43..1.87 rows=2 width=8) (actual time=0.061..0.073 rows=1 loops=23425)
                     Index Cond: (movie_id = mk.movie_id)
                     Filter: ((info)::text = ANY ('{Sweden,Norway,Germany,Denmark,Swedish,Danish,Norwegian,German,USA,American}'::text[]))
                     Rows Removed by Filter: 180
         ->  Seq Scan on info_type it1  (cost=0.00..2.41 rows=1 width=4) (actual time=0.002..0.003 rows=1 loops=24612)
               Filter: ((info)::text = 'countries'::text)
               Rows Removed by Filter: 20
 Planning Time: 38.209 ms
 Execution Time: 2364.713 ms
(62 rows)

SET
                                                                                               QUERY PLAN                                                                                                
---------------------------------------------------------------------------------------------------------------------------------------------------------------------------------------------------------
 Aggregate  (cost=7390.53..7390.54 rows=1 width=96) (actual time=1038.959..1038.960 rows=1 loops=1)
   ->  Nested Loop  (cost=8.89..7390.53 rows=1 width=42) (actual time=6.464..1028.892 rows=46281 loops=1)
         Join Filter: (mc.company_type_id = ct.id)
         Rows Removed by Join Filter: 4783
         ->  Nested Loop  (cost=8.89..7389.44 rows=1 width=46) (actual time=6.449..991.787 rows=46281 loops=1)
               ->  Nested Loop  (cost=8.47..7388.99 rows=1 width=31) (actual time=4.846..830.357 rows=64848 loops=1)
                     Join Filter: (t.id = mc.movie_id)
                     ->  Nested Loop  (cost=8.04..7388.39 rows=1 width=39) (actual time=4.832..772.672 rows=4115 loops=1)
                           Join Filter: (mi.info_type_id = it1.id)
                           Rows Removed by Join Filter: 594
                           ->  Nested Loop  (cost=8.04..7385.96 rows=1 width=43) (actual time=4.827..755.358 rows=4709 loops=1)
                                 Join Filter: (t.id = mi.movie_id)
                                 ->  Nested Loop  (cost=7.61..7384.06 rows=1 width=35) (actual time=4.784..364.429 rows=5949 loops=1)
                                       Join Filter: (mi_idx.info_type_id = it2.id)
                                       Rows Removed by Join Filter: 11839
                                       ->  Seq Scan on info_type it2  (cost=0.00..2.41 rows=1 width=4) (actual time=0.012..0.014 rows=1 loops=1)
                                             Filter: ((info)::text = 'rating'::text)
                                             Rows Removed by Filter: 112
                                       ->  Nested Loop  (cost=7.61..7381.10 rows=44 width=39) (actual time=4.768..362.539 rows=17788 loops=1)
                                             Join Filter: (t.id = mi_idx.movie_id)
                                             ->  Nested Loop  (cost=7.18..7373.07 rows=15 width=25) (actual time=4.754..315.474 rows=8073 loops=1)
                                                   Join Filter: (t.kind_id = kt.id)
                                                   Rows Removed by Join Filter: 4332
                                                   ->  Nested Loop  (cost=7.18..7370.44 rows=54 width=29) (actual time=4.703..312.142 rows=9739 loops=1)
                                                         ->  Nested Loop  (cost=6.75..7304.56 rows=135 width=4) (actual time=4.684..138.304 rows=37091 loops=1)
                                                               ->  Seq Scan on keyword k  (cost=0.00..2961.55 rows=4 width=4) (actual time=1.151..20.973 rows=3 loops=1)
                                                                     Filter: ((keyword)::text = ANY ('{murder,murder-in-title,blood,violence}'::text[]))
                                                                     Rows Removed by Filter: 134167
                                                               ->  Bitmap Heap Scan on movie_keyword mk  (cost=6.75..1082.76 rows=299 width=8) (actual time=3.451..37.724 rows=12364 loops=3)
                                                                     Recheck Cond: (keyword_id = k.id)
                                                                     Heap Blocks: exact=26312
                                                                     ->  Bitmap Index Scan on keyword_id_movie_keyword  (cost=0.00..6.67 rows=299 width=0) (actual time=1.918..1.918 rows=12364 loops=3)
                                                                           Index Cond: (keyword_id = k.id)
                                                         ->  Index Scan using title_pkey on title t  (cost=0.43..0.49 rows=1 width=25) (actual time=0.004..0.004 rows=0 loops=37091)
                                                               Index Cond: (id = mk.movie_id)
                                                               Filter: (production_year > 2005)
                                                               Rows Removed by Filter: 1
                                                   ->  Materialize  (cost=0.00..1.10 rows=2 width=4) (actual time=0.000..0.000 rows=1 loops=9739)
                                                         ->  Seq Scan on kind_type kt  (cost=0.00..1.09 rows=2 width=4) (actual time=0.010..0.011 rows=2 loops=1)
                                                               Filter: ((kind)::text = ANY ('{movie,episode}'::text[]))
                                                               Rows Removed by Filter: 5
                                             ->  Index Scan using movie_id_movie_info_idx on movie_info_idx mi_idx  (cost=0.43..0.50 rows=3 width=14) (actual time=0.005..0.005 rows=2 loops=8073)
                                                   Index Cond: (movie_id = mk.movie_id)
                                                   Filter: ((info)::text < '8.5'::text)
                                                   Rows Removed by Filter: 0
                                 ->  Index Scan using movie_id_movie_info on movie_info mi  (cost=0.43..1.87 rows=2 width=8) (actual time=0.056..0.065 rows=1 loops=5949)
                                       Index Cond: (movie_id = mk.movie_id)
                                       Filter: ((info)::text = ANY ('{Sweden,Norway,Germany,Denmark,Swedish,Danish,Norwegian,German,USA,American}'::text[]))
                                       Rows Removed by Filter: 71
                           ->  Seq Scan on info_type it1  (cost=0.00..2.41 rows=1 width=4) (actual time=0.002..0.003 rows=1 loops=4709)
                                 Filter: ((info)::text = 'countries'::text)
                                 Rows Removed by Filter: 20
                     ->  Index Scan using movie_id_movie_companies on movie_companies mc  (cost=0.43..0.54 rows=5 width=12) (actual time=0.006..0.011 rows=16 loops=4115)
                           Index Cond: (movie_id = mk.movie_id)
               ->  Index Scan using company_name_pkey on company_name cn  (cost=0.42..0.45 rows=1 width=23) (actual time=0.002..0.002 rows=1 loops=64848)
                     Index Cond: (id = mc.company_id)
                     Filter: ((country_code)::text <> '[us]'::text)
                     Rows Removed by Filter: 0
         ->  Seq Scan on company_type ct  (cost=0.00..1.04 rows=4 width=4) (actual time=0.000..0.000 rows=1 loops=46281)
 Planning Time: 40.040 ms
 Execution Time: 1039.191 ms
(61 rows)

SET
                                                                                                    QUERY PLAN                                                                                                    
------------------------------------------------------------------------------------------------------------------------------------------------------------------------------------------------------------------
 Aggregate  (cost=57942.47..57942.48 rows=1 width=64) (actual time=256.043..256.043 rows=1 loops=1)
   ->  Nested Loop  (cost=4238.90..57942.46 rows=1 width=65) (actual time=226.304..255.912 rows=618 loops=1)
         ->  Nested Loop  (cost=4238.48..57942.02 rows=1 width=69) (actual time=226.275..253.381 rows=618 loops=1)
               ->  Nested Loop  (cost=4238.35..57941.87 rows=1 width=73) (actual time=226.238..252.700 rows=618 loops=1)
                     ->  Nested Loop  (cost=4237.93..57941.42 rows=1 width=77) (actual time=226.221..251.655 rows=618 loops=1)
                           Join Filter: (t.id = mc.movie_id)
                           ->  Nested Loop  (cost=4237.50..57940.82 rows=1 width=85) (actual time=226.193..250.476 rows=615 loops=1)
                                 ->  Gather  (cost=4237.06..57938.99 rows=1 width=77) (actual time=226.164..254.118 rows=5 loops=1)
                                       Workers Planned: 2
                                       Workers Launched: 2
                                       ->  Nested Loop  (cost=3237.06..56938.89 rows=1 width=77) (actual time=235.784..251.365 rows=2 loops=3)
                                             ->  Nested Loop  (cost=3236.92..56938.62 rows=1 width=81) (actual time=235.769..251.348 rows=2 loops=3)
                                                   ->  Hash Join  (cost=3236.49..54660.05 rows=1093 width=73) (actual time=132.083..188.331 rows=344 loops=3)
                                                         Hash Cond: (t.kind_id = kt.id)
                                                         ->  Hash Join  (cost=3235.39..54626.70 rows=7653 width=29) (actual time=29.004..188.120 rows=694 loops=3)
                                                               Hash Cond: (t.id = cc.movie_id)
                                                               ->  Parallel Seq Scan on title t  (cost=0.00..49166.29 rows=572932 width=25) (actual time=0.018..112.609 rows=460484 loops=3)
                                                                     Filter: (production_year > 2000)
                                                                     Rows Removed by Filter: 382286
                                                               ->  Hash  (cost=2813.24..2813.24 rows=33772 width=4) (actual time=28.554..28.554 rows=24592 loops=3)
                                                                     Buckets: 65536  Batches: 1  Memory Usage: 1377kB
                                                                     ->  Hash Join  (cost=1.06..2813.24 rows=33772 width=4) (actual time=0.036..25.241 rows=24592 loops=3)
                                                                           Hash Cond: (cc.status_id = cct1.id)
                                                                           ->  Seq Scan on complete_cast cc  (cost=0.00..2081.86 rows=135086 width=8) (actual time=0.012..12.634 rows=135086 loops=3)
                                                                           ->  Hash  (cost=1.05..1.05 rows=1 width=4) (actual time=0.010..0.010 rows=1 loops=3)
                                                                                 Buckets: 1024  Batches: 1  Memory Usage: 9kB
                                                                                 ->  Seq Scan on comp_cast_type cct1  (cost=0.00..1.05 rows=1 width=4) (actual time=0.006..0.007 rows=1 loops=3)
                                                                                       Filter: ((kind)::text = 'complete+verified'::text)
                                                                                       Rows Removed by Filter: 3
                                                         ->  Hash  (cost=1.09..1.09 rows=1 width=52) (actual time=0.022..0.022 rows=1 loops=3)
                                                               Buckets: 1024  Batches: 1  Memory Usage: 9kB
                                                               ->  Seq Scan on kind_type kt  (cost=0.00..1.09 rows=1 width=52) (actual time=0.016..0.017 rows=1 loops=3)
                                                                     Filter: ((kind)::text = 'movie'::text)
                                                                     Rows Removed by Filter: 6
                                                   ->  Index Scan using movie_id_movie_info on movie_info mi  (cost=0.43..2.07 rows=1 width=8) (actual time=0.183..0.183 rows=0 loops=1033)
                                                         Index Cond: (movie_id = t.id)
                                                         Filter: ((info IS NOT NULL) AND ((note)::text ~~ '%internet%'::text) AND (((info)::text ~~ 'USA:% 199%'::text) OR ((info)::text ~~ 'USA:% 200%'::text)))
                                                         Rows Removed by Filter: 211
                                             ->  Index Scan using info_type_pkey on info_type it1  (cost=0.14..0.20 rows=1 width=4) (actual time=0.009..0.009 rows=1 loops=5)
                                                   Index Cond: (id = mi.info_type_id)
                                                   Filter: ((info)::text = 'release dates'::text)
                                 ->  Index Scan using movie_id_movie_keyword on movie_keyword mk  (cost=0.43..1.36 rows=47 width=8) (actual time=0.011..0.033 rows=123 loops=5)
                                       Index Cond: (movie_id = t.id)
                           ->  Index Scan using movie_id_movie_companies on movie_companies mc  (cost=0.43..0.54 rows=5 width=12) (actual time=0.001..0.002 rows=1 loops=615)
                                 Index Cond: (movie_id = mk.movie_id)
                     ->  Index Scan using company_name_pkey on company_name cn  (cost=0.42..0.45 rows=1 width=4) (actual time=0.001..0.001 rows=1 loops=618)
                           Index Cond: (id = mc.company_id)
                           Filter: ((country_code)::text = '[us]'::text)
               ->  Index Only Scan using company_type_pkey on company_type ct  (cost=0.13..0.15 rows=1 width=4) (actual time=0.001..0.001 rows=1 loops=618)
                     Index Cond: (id = mc.company_type_id)
                     Heap Fetches: 618
         ->  Index Only Scan using keyword_pkey on keyword k  (cost=0.42..0.44 rows=1 width=4) (actual time=0.004..0.004 rows=1 loops=618)
               Index Cond: (id = mk.keyword_id)
               Heap Fetches: 618
 Planning Time: 37.572 ms
 Execution Time: 260.222 ms
(56 rows)

SET
                                                                                              QUERY PLAN                                                                                               
-------------------------------------------------------------------------------------------------------------------------------------------------------------------------------------------------------
 Aggregate  (cost=7387.30..7387.31 rows=1 width=64) (actual time=75.865..75.865 rows=1 loops=1)
   ->  Nested Loop  (cost=8.88..7387.29 rows=1 width=65) (actual time=20.647..75.850 rows=16 loops=1)
         Join Filter: (mi.info_type_id = it1.id)
         ->  Nested Loop  (cost=8.88..7384.87 rows=1 width=69) (actual time=20.640..75.788 rows=16 loops=1)
               Join Filter: (t.id = mi.movie_id)
               ->  Nested Loop  (cost=8.45..7383.30 rows=1 width=81) (actual time=4.150..56.443 rows=315 loops=1)
                     Join Filter: (mc.company_type_id = ct.id)
                     Rows Removed by Join Filter: 140
                     ->  Nested Loop  (cost=8.45..7382.21 rows=1 width=85) (actual time=4.140..56.098 rows=315 loops=1)
                           ->  Nested Loop  (cost=8.03..7380.87 rows=3 width=89) (actual time=4.074..50.360 rows=1218 loops=1)
                                 Join Filter: (t.id = mc.movie_id)
                                 ->  Nested Loop  (cost=7.60..7378.46 rows=4 width=77) (actual time=4.044..48.723 rows=60 loops=1)
                                       Join Filter: (cc.status_id = cct1.id)
                                       Rows Removed by Join Filter: 81
                                       ->  Seq Scan on comp_cast_type cct1  (cost=0.00..1.05 rows=1 width=4) (actual time=0.012..0.012 rows=1 loops=1)
                                             Filter: ((kind)::text = 'complete+verified'::text)
                                             Rows Removed by Filter: 3
                                       ->  Nested Loop  (cost=7.60..7377.22 rows=15 width=81) (actual time=4.019..48.685 rows=141 loops=1)
                                             ->  Nested Loop  (cost=7.18..7372.44 rows=10 width=73) (actual time=3.794..46.338 rows=401 loops=1)
                                                   Join Filter: (t.kind_id = kt.id)
                                                   Rows Removed by Join Filter: 156
                                                   ->  Seq Scan on kind_type kt  (cost=0.00..1.09 rows=1 width=52) (actual time=0.007..0.008 rows=1 loops=1)
                                                         Filter: ((kind)::text = 'movie'::text)
                                                         Rows Removed by Filter: 6
                                                   ->  Nested Loop  (cost=7.18..7370.44 rows=73 width=29) (actual time=0.941..46.240 rows=557 loops=1)
                                                         ->  Nested Loop  (cost=6.75..7304.56 rows=135 width=4) (actual time=0.920..31.756 rows=1133 loops=1)
                                                               ->  Seq Scan on keyword k  (cost=0.00..2961.55 rows=4 width=4) (actual time=0.704..23.539 rows=4 loops=1)
                                                                     Filter: ((keyword)::text = ANY ('{nerd,loner,alienation,dignity}'::text[]))
                                                                     Rows Removed by Filter: 134166
                                                               ->  Bitmap Heap Scan on movie_keyword mk  (cost=6.75..1082.76 rows=299 width=8) (actual time=0.099..2.016 rows=283 loops=4)
                                                                     Recheck Cond: (keyword_id = k.id)
                                                                     Heap Blocks: exact=1083
                                                                     ->  Bitmap Index Scan on keyword_id_movie_keyword  (cost=0.00..6.67 rows=299 width=0) (actual time=0.057..0.057 rows=283 loops=4)
                                                                           Index Cond: (keyword_id = k.id)
                                                         ->  Index Scan using title_pkey on title t  (cost=0.43..0.49 rows=1 width=25) (actual time=0.012..0.012 rows=0 loops=1133)
                                                               Index Cond: (id = mk.movie_id)
                                                               Filter: (production_year > 2000)
                                                               Rows Removed by Filter: 1
                                             ->  Index Scan using movie_id_complete_cast on complete_cast cc  (cost=0.42..0.46 rows=2 width=8) (actual time=0.005..0.006 rows=0 loops=401)
                                                   Index Cond: (movie_id = t.id)
                                 ->  Index Scan using movie_id_movie_companies on movie_companies mc  (cost=0.43..0.54 rows=5 width=12) (actual time=0.014..0.023 rows=20 loops=60)
                                       Index Cond: (movie_id = mk.movie_id)
                           ->  Index Scan using company_name_pkey on company_name cn  (cost=0.42..0.45 rows=1 width=4) (actual time=0.004..0.004 rows=0 loops=1218)
                                 Index Cond: (id = mc.company_id)
                                 Filter: ((country_code)::text = '[us]'::text)
                                 Rows Removed by Filter: 1
                     ->  Seq Scan on company_type ct  (cost=0.00..1.04 rows=4 width=4) (actual time=0.000..0.000 rows=1 loops=315)
               ->  Index Scan using movie_id_movie_info on movie_info mi  (cost=0.43..1.56 rows=1 width=8) (actual time=0.061..0.061 rows=0 loops=315)
                     Index Cond: (movie_id = mk.movie_id)
                     Filter: (((note)::text ~~ '%internet%'::text) AND ((info)::text ~~ 'USA:% 200%'::text))
                     Rows Removed by Filter: 268
         ->  Seq Scan on info_type it1  (cost=0.00..2.41 rows=1 width=4) (actual time=0.003..0.003 rows=1 loops=16)
               Filter: ((info)::text = 'release dates'::text)
               Rows Removed by Filter: 15
 Planning Time: 37.081 ms
 Execution Time: 76.086 ms
(56 rows)

SET
                                                                                                       QUERY PLAN                                                                                                       
------------------------------------------------------------------------------------------------------------------------------------------------------------------------------------------------------------------------
 Finalize Aggregate  (cost=67112.66..67112.67 rows=1 width=64) (actual time=357.728..357.728 rows=1 loops=1)
   ->  Gather  (cost=67112.44..67112.65 rows=2 width=64) (actual time=357.500..364.232 rows=3 loops=1)
         Workers Planned: 2
         Workers Launched: 2
         ->  Partial Aggregate  (cost=66112.44..66112.45 rows=1 width=64) (actual time=354.643..354.644 rows=1 loops=3)
               ->  Nested Loop  (cost=3238.95..66112.43 rows=2 width=65) (actual time=289.571..354.600 rows=209 loops=3)
                     ->  Nested Loop  (cost=3238.53..66111.55 rows=2 width=69) (actual time=289.549..353.851 rows=209 loops=3)
                           ->  Nested Loop  (cost=3238.10..66109.74 rows=1 width=81) (actual time=289.525..353.758 rows=2 loops=3)
                                 ->  Nested Loop  (cost=3237.97..66109.58 rows=1 width=85) (actual time=289.506..353.735 rows=2 loops=3)
                                       ->  Nested Loop  (cost=3237.55..66109.14 rows=1 width=89) (actual time=289.483..353.693 rows=2 loops=3)
                                             ->  Nested Loop  (cost=3237.12..66108.51 rows=1 width=77) (actual time=289.461..353.660 rows=2 loops=3)
                                                   ->  Nested Loop  (cost=3236.98..66107.43 rows=5 width=81) (actual time=289.443..353.638 rows=2 loops=3)
                                                         ->  Hash Join  (cost=3236.54..55258.37 rows=5532 width=73) (actual time=134.511..202.731 rows=1684 loops=3)
                                                               Hash Cond: (t.kind_id = kt.id)
                                                               ->  Hash Join  (cost=3235.39..55216.42 rows=9681 width=29) (actual time=28.598..202.181 rows=2141 loops=3)
                                                                     Hash Cond: (t.id = cc.movie_id)
                                                                     ->  Parallel Seq Scan on title t  (cost=0.00..49166.29 rows=724782 width=25) (actual time=0.023..114.534 rows=583011 loops=3)
                                                                           Filter: (production_year > 1990)
                                                                           Rows Removed by Filter: 259760
                                                                     ->  Hash  (cost=2813.24..2813.24 rows=33772 width=4) (actual time=28.144..28.144 rows=24592 loops=3)
                                                                           Buckets: 65536  Batches: 1  Memory Usage: 1377kB
                                                                           ->  Hash Join  (cost=1.06..2813.24 rows=33772 width=4) (actual time=0.033..24.891 rows=24592 loops=3)
                                                                                 Hash Cond: (cc.status_id = cct1.id)
                                                                                 ->  Seq Scan on complete_cast cc  (cost=0.00..2081.86 rows=135086 width=8) (actual time=0.011..12.327 rows=135086 loops=3)
                                                                                 ->  Hash  (cost=1.05..1.05 rows=1 width=4) (actual time=0.006..0.007 rows=1 loops=3)
                                                                                       Buckets: 1024  Batches: 1  Memory Usage: 9kB
                                                                                       ->  Seq Scan on comp_cast_type cct1  (cost=0.00..1.05 rows=1 width=4) (actual time=0.004..0.004 rows=1 loops=3)
                                                                                             Filter: ((kind)::text = 'complete+verified'::text)
                                                                                             Rows Removed by Filter: 3
                                                               ->  Hash  (cost=1.10..1.10 rows=4 width=52) (actual time=0.021..0.022 rows=4 loops=3)
                                                                     Buckets: 1024  Batches: 1  Memory Usage: 9kB
                                                                     ->  Seq Scan on kind_type kt  (cost=0.00..1.10 rows=4 width=52) (actual time=0.012..0.014 rows=4 loops=3)
                                                                           Filter: ((kind)::text = ANY ('{movie,"tv movie","video movie","video game"}'::text[]))
                                                                           Rows Removed by Filter: 3
                                                         ->  Index Scan using movie_id_movie_info on movie_info mi  (cost=0.43..1.95 rows=1 width=8) (actual time=0.089..0.089 rows=0 loops=5053)
                                                               Index Cond: (movie_id = t.id)
                                                               Filter: ((info IS NOT NULL) AND ((note)::text ~~ '%internet%'::text) AND (((info)::text ~~ 'USA:% 199%'::text) OR ((info)::text ~~ 'USA:% 200%'::text)))
                                                               Rows Removed by Filter: 123
                                                   ->  Index Scan using info_type_pkey on info_type it1  (cost=0.14..0.20 rows=1 width=4) (actual time=0.009..0.009 rows=1 loops=6)
                                                         Index Cond: (id = mi.info_type_id)
                                                         Filter: ((info)::text = 'release dates'::text)
                                             ->  Index Scan using movie_id_movie_companies on movie_companies mc  (cost=0.43..0.58 rows=5 width=12) (actual time=0.014..0.015 rows=1 loops=6)
                                                   Index Cond: (movie_id = t.id)
                                       ->  Index Scan using company_name_pkey on company_name cn  (cost=0.42..0.45 rows=1 width=4) (actual time=0.016..0.016 rows=1 loops=7)
                                             Index Cond: (id = mc.company_id)
                                             Filter: ((country_code)::text = '[us]'::text)
                                 ->  Index Only Scan using company_type_pkey on company_type ct  (cost=0.13..0.15 rows=1 width=4) (actual time=0.008..0.008 rows=1 loops=7)
                                       Index Cond: (id = mc.company_type_id)
                                       Heap Fetches: 7
                           ->  Index Scan using movie_id_movie_keyword on movie_keyword mk  (cost=0.43..1.34 rows=47 width=8) (actual time=0.014..0.029 rows=90 loops=7)
                                 Index Cond: (movie_id = t.id)
                     ->  Index Only Scan using keyword_pkey on keyword k  (cost=0.42..0.44 rows=1 width=4) (actual time=0.003..0.003 rows=1 loops=628)
                           Index Cond: (id = mk.keyword_id)
                           Heap Fetches: 628
 Planning Time: 36.093 ms
 Execution Time: 364.553 ms
(56 rows)

SET
                                                                                                  QUERY PLAN                                                                                                  
--------------------------------------------------------------------------------------------------------------------------------------------------------------------------------------------------------------
 Aggregate  (cost=6625.30..6625.31 rows=1 width=96) (actual time=439.680..439.680 rows=1 loops=1)
   ->  Nested Loop  (cost=10.31..6625.29 rows=1 width=48) (actual time=81.744..439.598 rows=275 loops=1)
         ->  Nested Loop  (cost=9.88..6623.49 rows=1 width=41) (actual time=2.261..426.286 rows=6518 loops=1)
               Join Filter: (it.id = mi.info_type_id)
               ->  Seq Scan on info_type it  (cost=0.00..2.41 rows=1 width=4) (actual time=0.008..0.014 rows=1 loops=1)
                     Filter: ((info)::text = 'release dates'::text)
                     Rows Removed by Filter: 112
               ->  Nested Loop  (cost=9.88..6621.07 rows=1 width=45) (actual time=2.252..425.340 rows=6518 loops=1)
                     Join Filter: (t.id = mi.movie_id)
                     ->  Nested Loop  (cost=9.45..6555.77 rows=2 width=57) (actual time=2.204..352.512 rows=4044 loops=1)
                           ->  Nested Loop  (cost=9.02..6553.68 rows=1 width=53) (actual time=2.173..345.911 rows=1578 loops=1)
                                 ->  Nested Loop  (cost=8.59..6551.98 rows=1 width=41) (actual time=2.143..339.542 rows=1608 loops=1)
                                       Join Filter: (rt.id = ci.role_id)
                                       Rows Removed by Join Filter: 5708
                                       ->  Seq Scan on role_type rt  (cost=0.00..1.15 rows=1 width=4) (actual time=0.010..0.012 rows=1 loops=1)
                                             Filter: ((role)::text = 'actress'::text)
                                             Rows Removed by Filter: 11
                                       ->  Nested Loop  (cost=8.59..6550.80 rows=2 width=45) (actual time=2.111..338.897 rows=7316 loops=1)
                                             Join Filter: (t.id = ci.movie_id)
                                             ->  Nested Loop  (cost=8.03..6311.77 rows=6 width=29) (actual time=1.233..155.129 rows=1576 loops=1)
                                                   ->  Nested Loop  (cost=7.61..6286.76 rows=17 width=33) (actual time=1.211..133.178 rows=5566 loops=1)
                                                         Join Filter: (t.id = mc.movie_id)
                                                         ->  Nested Loop  (cost=7.18..6231.61 rows=16 width=25) (actual time=1.187..124.999 rows=495 loops=1)
                                                               ->  Nested Loop  (cost=6.75..6072.14 rows=101 width=4) (actual time=1.005..58.088 rows=9696 loops=1)
                                                                     ->  Seq Scan on keyword k  (cost=0.00..2793.84 rows=3 width=4) (actual time=0.020..18.476 rows=3 loops=1)
                                                                           Filter: ((keyword)::text = ANY ('{hero,martial-arts,hand-to-hand-combat}'::text[]))
                                                                           Rows Removed by Filter: 134167
                                                                     ->  Bitmap Heap Scan on movie_keyword mk  (cost=6.75..1089.78 rows=299 width=8) (actual time=0.935..12.793 rows=3232 loops=3)
                                                                           Recheck Cond: (keyword_id = k.id)
                                                                           Heap Blocks: exact=7446
                                                                           ->  Bitmap Index Scan on keyword_id_movie_keyword  (cost=0.00..6.67 rows=299 width=0) (actual time=0.544..0.544 rows=3232 loops=3)
                                                                                 Index Cond: (keyword_id = k.id)
                                                               ->  Index Scan using title_pkey on title t  (cost=0.43..1.58 rows=1 width=21) (actual time=0.007..0.007 rows=0 loops=9696)
                                                                     Index Cond: (id = mk.movie_id)
                                                                     Filter: (production_year > 2010)
                                                                     Rows Removed by Filter: 1
                                                         ->  Index Scan using movie_id_movie_companies on movie_companies mc  (cost=0.43..3.38 rows=5 width=8) (actual time=0.009..0.014 rows=11 loops=495)
                                                               Index Cond: (movie_id = mk.movie_id)
                                                   ->  Index Scan using company_name_pkey on company_name cn  (cost=0.42..1.47 rows=1 width=4) (actual time=0.004..0.004 rows=0 loops=5566)
                                                         Index Cond: (id = mc.company_id)
                                                         Filter: ((country_code)::text = '[us]'::text)
                                                         Rows Removed by Filter: 1
                                             ->  Index Scan using movie_id_cast_info on cast_info ci  (cost=0.56..39.83 rows=1 width=16) (actual time=0.077..0.116 rows=5 loops=1576)
                                                   Index Cond: (movie_id = mk.movie_id)
                                                   Filter: ((note)::text = ANY ('{(voice),"(voice: Japanese version)","(voice) (uncredited)","(voice: English version)"}'::text[]))
                                                   Rows Removed by Filter: 136
                                 ->  Index Scan using char_name_pkey on char_name chn  (cost=0.43..1.70 rows=1 width=20) (actual time=0.004..0.004 rows=1 loops=1608)
                                       Index Cond: (id = ci.person_role_id)
                           ->  Index Only Scan using person_id_aka_name on aka_name an  (cost=0.42..2.08 rows=2 width=4) (actual time=0.003..0.004 rows=3 loops=1578)
                                 Index Cond: (person_id = ci.person_id)
                                 Heap Fetches: 4044
                     ->  Index Scan using movie_id_movie_info on movie_info mi  (cost=0.43..32.63 rows=1 width=8) (actual time=0.004..0.018 rows=2 loops=4044)
                           Index Cond: (movie_id = mk.movie_id)
                           Filter: ((info IS NOT NULL) AND (((info)::text ~~ 'Japan:%201%'::text) OR ((info)::text ~~ 'USA:%201%'::text)))
                           Rows Removed by Filter: 57
         ->  Index Scan using name_pkey on name n  (cost=0.43..1.80 rows=1 width=19) (actual time=0.002..0.002 rows=0 loops=6518)
               Index Cond: (id = ci.person_id)
               Filter: (((name)::text ~~ '%An%'::text) AND ((gender)::text = 'f'::text))
               Rows Removed by Filter: 1
 Planning Time: 81.874 ms
 Execution Time: 439.927 ms
(61 rows)

SET
                                                                                                            QUERY PLAN                                                                                                            
----------------------------------------------------------------------------------------------------------------------------------------------------------------------------------------------------------------------------------
 Aggregate  (cost=6509.33..6509.34 rows=1 width=96) (actual time=28.514..28.514 rows=1 loops=1)
   ->  Nested Loop  (cost=1004.27..6509.32 rows=1 width=48) (actual time=26.584..28.494 rows=45 loops=1)
         ->  Nested Loop  (cost=1003.84..6507.62 rows=1 width=36) (actual time=26.569..28.410 rows=45 loops=1)
               Join Filter: (n.id = an.person_id)
               ->  Nested Loop  (cost=1003.42..6505.51 rows=1 width=44) (actual time=26.549..28.354 rows=9 loops=1)
                     ->  Nested Loop  (cost=1003.28..6505.34 rows=1 width=48) (actual time=26.528..28.323 rows=9 loops=1)
                           ->  Nested Loop  (cost=1002.86..6503.54 rows=1 width=29) (actual time=25.981..27.285 rows=244 loops=1)
                                 Join Filter: (t.id = ci.movie_id)
                                 ->  Nested Loop  (cost=1002.29..6463.70 rows=1 width=33) (actual time=25.949..26.133 rows=9 loops=1)
                                       ->  Nested Loop  (cost=1002.15..6463.52 rows=1 width=37) (actual time=25.940..26.112 rows=9 loops=1)
                                             Join Filter: (t.id = mi.movie_id)
                                             ->  Gather  (cost=1001.71..6430.87 rows=1 width=29) (actual time=25.787..25.850 rows=6 loops=1)
                                                   Workers Planned: 1
                                                   Workers Launched: 1
                                                   ->  Nested Loop  (cost=1.71..5430.77 rows=1 width=29) (actual time=15.378..23.974 rows=3 loops=2)
                                                         ->  Nested Loop  (cost=1.29..5428.89 rows=1 width=33) (actual time=15.315..23.610 rows=42 loops=2)
                                                               Join Filter: (t.id = mk.movie_id)
                                                               ->  Nested Loop  (cost=0.86..5425.84 rows=1 width=25) (actual time=15.290..23.549 rows=2 loops=2)
                                                                     ->  Nested Loop  (cost=0.43..5416.18 rows=6 width=4) (actual time=15.091..22.813 rows=50 loops=2)
                                                                           ->  Parallel Seq Scan on company_name cn  (cost=0.00..5068.50 rows=1 width=4) (actual time=15.061..22.506 rows=0 loops=2)
                                                                                 Filter: (((country_code)::text = '[us]'::text) AND ((name)::text = 'DreamWorks Animation'::text))
                                                                                 Rows Removed by Filter: 117498
                                                                           ->  Index Scan using company_id_movie_companies on movie_companies mc  (cost=0.43..346.37 rows=130 width=8) (actual time=0.057..0.598 rows=99 loops=1)
                                                                                 Index Cond: (company_id = cn.id)
                                                                     ->  Index Scan using title_pkey on title t  (cost=0.43..1.60 rows=1 width=21) (actual time=0.015..0.015 rows=0 loops=99)
                                                                           Index Cond: (id = mc.movie_id)
                                                                           Filter: ((production_year > 2010) AND ((title)::text ~~ 'Kung Fu Panda%'::text))
                                                                           Rows Removed by Filter: 1
                                                               ->  Index Scan using movie_id_movie_keyword on movie_keyword mk  (cost=0.43..2.47 rows=47 width=8) (actual time=0.019..0.026 rows=21 loops=4)
                                                                     Index Cond: (movie_id = mc.movie_id)
                                                         ->  Index Scan using keyword_pkey on keyword k  (cost=0.42..1.46 rows=1 width=4) (actual time=0.009..0.009 rows=0 loops=83)
                                                               Index Cond: (id = mk.keyword_id)
                                                               Filter: ((keyword)::text = ANY ('{hero,martial-arts,hand-to-hand-combat,computer-animated-movie}'::text[]))
                                                               Rows Removed by Filter: 1
                                             ->  Index Scan using movie_id_movie_info on movie_info mi  (cost=0.43..32.63 rows=1 width=8) (actual time=0.028..0.052 rows=2 loops=6)
                                                   Index Cond: (movie_id = mk.movie_id)
                                                   Filter: ((info IS NOT NULL) AND (((info)::text ~~ 'Japan:%201%'::text) OR ((info)::text ~~ 'USA:%201%'::text)))
                                                   Rows Removed by Filter: 89
                                       ->  Index Scan using info_type_pkey on info_type it  (cost=0.14..0.16 rows=1 width=4) (actual time=0.002..0.002 rows=1 loops=9)
                                             Index Cond: (id = mi.info_type_id)
                                             Filter: ((info)::text = 'release dates'::text)
                                 ->  Index Scan using movie_id_cast_info on cast_info ci  (cost=0.56..39.83 rows=1 width=16) (actual time=0.008..0.123 rows=27 loops=9)
                                       Index Cond: (movie_id = mk.movie_id)
                                       Filter: ((note)::text = ANY ('{(voice),"(voice: Japanese version)","(voice) (uncredited)","(voice: English version)"}'::text[]))
                                       Rows Removed by Filter: 91
                           ->  Index Scan using name_pkey on name n  (cost=0.43..1.80 rows=1 width=19) (actual time=0.004..0.004 rows=0 loops=244)
                                 Index Cond: (id = ci.person_id)
                                 Filter: (((name)::text ~~ '%An%'::text) AND ((gender)::text = 'f'::text))
                                 Rows Removed by Filter: 1
                     ->  Index Scan using role_type_pkey on role_type rt  (cost=0.14..0.16 rows=1 width=4) (actual time=0.003..0.003 rows=1 loops=9)
                           Index Cond: (id = ci.role_id)
                           Filter: ((role)::text = 'actress'::text)
               ->  Index Only Scan using person_id_aka_name on aka_name an  (cost=0.42..2.08 rows=2 width=4) (actual time=0.003..0.005 rows=5 loops=9)
                     Index Cond: (person_id = ci.person_id)
                     Heap Fetches: 45
         ->  Index Scan using char_name_pkey on char_name chn  (cost=0.43..1.70 rows=1 width=20) (actual time=0.001..0.001 rows=1 loops=45)
               Index Cond: (id = ci.person_role_id)
 Planning Time: 79.842 ms
 Execution Time: 28.825 ms
(59 rows)

SET
                                                                                                QUERY PLAN                                                                                                
----------------------------------------------------------------------------------------------------------------------------------------------------------------------------------------------------------
 Aggregate  (cost=7497.91..7497.92 rows=1 width=128) (actual time=2617.113..2617.113 rows=1 loops=1)
   ->  Nested Loop  (cost=1012.02..7497.90 rows=1 width=80) (actual time=24.128..2614.891 rows=4407 loops=1)
         Join Filter: (mi.movie_id = t.id)
         ->  Nested Loop  (cost=1011.59..7497.08 rows=1 width=79) (actual time=24.094..2581.518 rows=4407 loops=1)
               ->  Nested Loop  (cost=1011.16..7496.06 rows=1 width=68) (actual time=12.238..2510.663 rows=7112 loops=1)
                     ->  Nested Loop  (cost=1011.02..7495.88 rows=1 width=72) (actual time=12.230..2498.224 rows=7740 loops=1)
                           Join Filter: (mi.movie_id = ci.movie_id)
                           ->  Gather  (cost=1010.46..7466.93 rows=1 width=64) (actual time=6.186..626.974 rows=12260 loops=1)
                                 Workers Planned: 2
                                 Workers Launched: 2
                                 ->  Nested Loop  (cost=10.46..6466.83 rows=1 width=64) (actual time=6.010..850.986 rows=4087 loops=3)
                                       Join Filter: (mi_idx.movie_id = mi.movie_id)
                                       ->  Hash Join  (cost=10.02..6431.17 rows=2 width=14) (actual time=4.592..194.665 rows=16920 loops=3)
                                             Hash Cond: (mi_idx.info_type_id = it2.id)
                                             ->  Nested Loop  (cost=7.60..6428.17 rows=211 width=18) (actual time=4.506..186.756 rows=50907 loops=3)
                                                   ->  Nested Loop  (cost=7.17..6372.12 rows=70 width=4) (actual time=4.469..93.428 rows=20699 loops=3)
                                                         ->  Parallel Index Scan using keyword_pkey on keyword k  (cost=0.42..4207.64 rows=2 width=4) (actual time=0.213..19.029 rows=2 loops=3)
                                                               Filter: ((keyword)::text = ANY ('{murder,blood,gore,death,female-nudity}'::text[]))
                                                               Rows Removed by Filter: 44722
                                                         ->  Bitmap Heap Scan on movie_keyword mk  (cost=6.75..1079.25 rows=299 width=8) (actual time=3.441..43.124 rows=12419 loops=5)
                                                               Recheck Cond: (keyword_id = k.id)
                                                               Heap Blocks: exact=12389
                                                               ->  Bitmap Index Scan on keyword_id_movie_keyword  (cost=0.00..6.67 rows=299 width=0) (actual time=1.991..1.991 rows=12419 loops=5)
                                                                     Index Cond: (keyword_id = k.id)
                                                   ->  Index Scan using movie_id_movie_info_idx on movie_info_idx mi_idx  (cost=0.43..0.77 rows=3 width=14) (actual time=0.004..0.004 rows=2 loops=62096)
                                                         Index Cond: (movie_id = mk.movie_id)
                                             ->  Hash  (cost=2.41..2.41 rows=1 width=4) (actual time=0.026..0.027 rows=1 loops=3)
                                                   Buckets: 1024  Batches: 1  Memory Usage: 9kB
                                                   ->  Seq Scan on info_type it2  (cost=0.00..2.41 rows=1 width=4) (actual time=0.021..0.022 rows=1 loops=3)
                                                         Filter: ((info)::text = 'votes'::text)
                                                         Rows Removed by Filter: 112
                                       ->  Index Scan using movie_id_movie_info on movie_info mi  (cost=0.43..17.82 rows=1 width=50) (actual time=0.038..0.039 rows=0 loops=50760)
                                             Index Cond: (movie_id = mk.movie_id)
                                             Filter: ((info)::text = 'Horror'::text)
                                             Rows Removed by Filter: 56
                           ->  Index Scan using movie_id_cast_info on cast_info ci  (cost=0.56..28.93 rows=1 width=8) (actual time=0.124..0.152 rows=1 loops=12260)
                                 Index Cond: (movie_id = mk.movie_id)
                                 Filter: ((note)::text = ANY ('{(writer),"(head writer)","(written by)",(story),"(story editor)"}'::text[]))
                                 Rows Removed by Filter: 47
                     ->  Index Scan using info_type_pkey on info_type it1  (cost=0.14..0.16 rows=1 width=4) (actual time=0.001..0.001 rows=1 loops=7740)
                           Index Cond: (id = mi.info_type_id)
                           Filter: ((info)::text = 'genres'::text)
                           Rows Removed by Filter: 0
               ->  Index Scan using name_pkey on name n  (cost=0.43..1.02 rows=1 width=19) (actual time=0.010..0.010 rows=1 loops=7112)
                     Index Cond: (id = ci.person_id)
                     Filter: ((gender)::text = 'm'::text)
                     Rows Removed by Filter: 0
         ->  Index Scan using title_pkey on title t  (cost=0.43..0.81 rows=1 width=21) (actual time=0.007..0.007 rows=1 loops=4407)
               Index Cond: (id = mk.movie_id)
 Planning Time: 12.905 ms
 Execution Time: 2617.522 ms
(51 rows)

SET
                                                                                            QUERY PLAN                                                                                             
---------------------------------------------------------------------------------------------------------------------------------------------------------------------------------------------------
 Aggregate  (cost=7478.04..7478.05 rows=1 width=128) (actual time=244.969..244.970 rows=1 loops=1)
   ->  Nested Loop  (cost=1009.74..7478.03 rows=1 width=80) (actual time=141.794..244.951 rows=6 loops=1)
         ->  Nested Loop  (cost=1009.31..7477.01 rows=1 width=69) (actual time=141.764..244.870 rows=6 loops=1)
               ->  Nested Loop  (cost=1009.17..7476.82 rows=1 width=73) (actual time=141.754..244.837 rows=18 loops=1)
                     Join Filter: (t.id = mi_idx.movie_id)
                     ->  Nested Loop  (cost=1008.74..7476.02 rows=1 width=79) (actual time=141.717..244.763 rows=6 loops=1)
                           ->  Nested Loop  (cost=1008.60..7475.83 rows=1 width=83) (actual time=141.697..244.730 rows=6 loops=1)
                                 Join Filter: (t.id = mi.movie_id)
                                 ->  Nested Loop  (cost=1008.16..7458.00 rows=1 width=33) (actual time=141.593..244.427 rows=6 loops=1)
                                       Join Filter: (t.id = ci.movie_id)
                                       ->  Gather  (cost=1007.60..7429.06 rows=1 width=25) (actual time=141.308..248.055 rows=9 loops=1)
                                             Workers Planned: 2
                                             Workers Launched: 2
                                             ->  Nested Loop  (cost=7.60..6428.96 rows=1 width=25) (actual time=148.151..199.157 rows=3 loops=3)
                                                   ->  Nested Loop  (cost=7.17..6372.12 rows=70 width=4) (actual time=4.392..96.153 rows=20699 loops=3)
                                                         ->  Parallel Index Scan using keyword_pkey on keyword k  (cost=0.42..4207.64 rows=2 width=4) (actual time=0.158..23.116 rows=2 loops=3)
                                                               Filter: ((keyword)::text = ANY ('{murder,blood,gore,death,female-nudity}'::text[]))
                                                               Rows Removed by Filter: 44722
                                                         ->  Bitmap Heap Scan on movie_keyword mk  (cost=6.75..1079.25 rows=299 width=8) (actual time=3.428..42.510 rows=12419 loops=5)
                                                               Recheck Cond: (keyword_id = k.id)
                                                               Heap Blocks: exact=12389
                                                               ->  Bitmap Index Scan on keyword_id_movie_keyword  (cost=0.00..6.67 rows=299 width=0) (actual time=1.979..1.979 rows=12419 loops=5)
                                                                     Index Cond: (keyword_id = k.id)
                                                   ->  Index Scan using title_pkey on title t  (cost=0.43..0.81 rows=1 width=21) (actual time=0.005..0.005 rows=0 loops=62096)
                                                         Index Cond: (id = mk.movie_id)
                                                         Filter: ((production_year > 2010) AND ((title)::text ~~ 'Vampire%'::text))
                                                         Rows Removed by Filter: 1
                                       ->  Index Scan using movie_id_cast_info on cast_info ci  (cost=0.56..28.93 rows=1 width=8) (actual time=0.068..0.082 rows=1 loops=9)
                                             Index Cond: (movie_id = mk.movie_id)
                                             Filter: ((note)::text = ANY ('{(writer),"(head writer)","(written by)",(story),"(story editor)"}'::text[]))
                                             Rows Removed by Filter: 21
                                 ->  Index Scan using movie_id_movie_info on movie_info mi  (cost=0.43..17.82 rows=1 width=50) (actual time=0.049..0.049 rows=1 loops=6)
                                       Index Cond: (movie_id = mk.movie_id)
                                       Filter: ((info)::text = 'Horror'::text)
                                       Rows Removed by Filter: 20
                           ->  Index Scan using info_type_pkey on info_type it1  (cost=0.14..0.16 rows=1 width=4) (actual time=0.004..0.004 rows=1 loops=6)
                                 Index Cond: (id = mi.info_type_id)
                                 Filter: ((info)::text = 'genres'::text)
                     ->  Index Scan using movie_id_movie_info_idx on movie_info_idx mi_idx  (cost=0.43..0.77 rows=3 width=14) (actual time=0.010..0.011 rows=3 loops=6)
                           Index Cond: (movie_id = mk.movie_id)
               ->  Index Scan using info_type_pkey on info_type it2  (cost=0.14..0.16 rows=1 width=4) (actual time=0.001..0.001 rows=0 loops=18)
                     Index Cond: (id = mi_idx.info_type_id)
                     Filter: ((info)::text = 'votes'::text)
                     Rows Removed by Filter: 1
         ->  Index Scan using name_pkey on name n  (cost=0.43..1.02 rows=1 width=19) (actual time=0.013..0.013 rows=1 loops=6)
               Index Cond: (id = ci.person_id)
               Filter: ((gender)::text = 'm'::text)
 Planning Time: 13.676 ms
 Execution Time: 249.597 ms
(49 rows)

SET
                                                                                                QUERY PLAN                                                                                                
----------------------------------------------------------------------------------------------------------------------------------------------------------------------------------------------------------
 Aggregate  (cost=8700.85..8700.86 rows=1 width=128) (actual time=9057.809..9057.809 rows=1 loops=1)
   ->  Nested Loop  (cost=1012.02..8700.84 rows=1 width=80) (actual time=7.754..9046.139 rows=26153 loops=1)
         Join Filter: (mi.movie_id = t.id)
         ->  Nested Loop  (cost=1011.59..8700.02 rows=1 width=79) (actual time=7.729..8925.123 rows=26153 loops=1)
               ->  Nested Loop  (cost=1011.16..8699.00 rows=1 width=68) (actual time=7.689..8651.741 rows=42900 loops=1)
                     Join Filter: (mi.movie_id = ci.movie_id)
                     ->  Gather  (cost=1010.60..8670.06 rows=1 width=60) (actual time=6.023..786.174 rows=63386 loops=1)
                           Workers Planned: 2
                           Workers Launched: 2
                           ->  Nested Loop  (cost=10.60..7669.96 rows=1 width=60) (actual time=4.747..1267.973 rows=21129 loops=3)
                                 ->  Nested Loop  (cost=10.46..7669.77 rows=1 width=64) (actual time=4.738..1240.273 rows=22577 loops=3)
                                       Join Filter: (mi_idx.movie_id = mi.movie_id)
                                       ->  Hash Join  (cost=10.02..7633.70 rows=2 width=14) (actual time=4.634..242.936 rows=21234 loops=3)
                                             Hash Cond: (mi_idx.info_type_id = it2.id)
                                             ->  Nested Loop  (cost=7.60..7630.47 rows=294 width=18) (actual time=4.544..232.904 rows=63896 loops=3)
                                                   ->  Nested Loop  (cost=7.17..7552.00 rows=98 width=4) (actual time=4.510..114.888 rows=25571 loops=3)
                                                         ->  Parallel Index Scan using keyword_pkey on keyword k  (cost=0.42..4347.40 rows=3 width=4) (actual time=0.255..22.417 rows=2 loops=3)
                                                               Filter: ((keyword)::text = ANY ('{murder,violence,blood,gore,death,female-nudity,hospital}'::text[]))
                                                               Rows Removed by Filter: 44721
                                                         ->  Bitmap Heap Scan on movie_keyword mk  (cost=6.75..1065.21 rows=299 width=8) (actual time=3.150..38.281 rows=10959 loops=7)
                                                               Recheck Cond: (keyword_id = k.id)
                                                               Heap Blocks: exact=12389
                                                               ->  Bitmap Index Scan on keyword_id_movie_keyword  (cost=0.00..6.67 rows=299 width=0) (actual time=1.819..1.819 rows=10959 loops=7)
                                                                     Index Cond: (keyword_id = k.id)
                                                   ->  Index Scan using movie_id_movie_info_idx on movie_info_idx mi_idx  (cost=0.43..0.77 rows=3 width=14) (actual time=0.004..0.004 rows=2 loops=76714)
                                                         Index Cond: (movie_id = mk.movie_id)
                                             ->  Hash  (cost=2.41..2.41 rows=1 width=4) (actual time=0.029..0.030 rows=1 loops=3)
                                                   Buckets: 1024  Batches: 1  Memory Usage: 9kB
                                                   ->  Seq Scan on info_type it2  (cost=0.00..2.41 rows=1 width=4) (actual time=0.023..0.025 rows=1 loops=3)
                                                         Filter: ((info)::text = 'votes'::text)
                                                         Rows Removed by Filter: 112
                                       ->  Index Scan using movie_id_movie_info on movie_info mi  (cost=0.43..18.03 rows=1 width=50) (actual time=0.045..0.047 rows=1 loops=63701)
                                             Index Cond: (movie_id = mk.movie_id)
                                             Filter: ((info)::text = ANY ('{Horror,Action,Sci-Fi,Thriller,Crime,War}'::text[]))
                                             Rows Removed by Filter: 58
                                 ->  Index Scan using info_type_pkey on info_type it1  (cost=0.14..0.16 rows=1 width=4) (actual time=0.001..0.001 rows=1 loops=67732)
                                       Index Cond: (id = mi.info_type_id)
                                       Filter: ((info)::text = 'genres'::text)
                                       Rows Removed by Filter: 0
                     ->  Index Scan using movie_id_cast_info on cast_info ci  (cost=0.56..28.93 rows=1 width=8) (actual time=0.098..0.124 rows=1 loops=63386)
                           Index Cond: (movie_id = mk.movie_id)
                           Filter: ((note)::text = ANY ('{(writer),"(head writer)","(written by)",(story),"(story editor)"}'::text[]))
                           Rows Removed by Filter: 63
               ->  Index Scan using name_pkey on name n  (cost=0.43..1.02 rows=1 width=19) (actual time=0.006..0.006 rows=1 loops=42900)
                     Index Cond: (id = ci.person_id)
                     Filter: ((gender)::text = 'm'::text)
                     Rows Removed by Filter: 0
         ->  Index Scan using title_pkey on title t  (cost=0.43..0.81 rows=1 width=21) (actual time=0.004..0.004 rows=1 loops=26153)
               Index Cond: (id = mk.movie_id)
 Planning Time: 13.901 ms
 Execution Time: 9058.226 ms
(51 rows)

SET
                                                                                                   QUERY PLAN                                                                                                   
----------------------------------------------------------------------------------------------------------------------------------------------------------------------------------------------------------------
 Aggregate  (cost=10239.97..10239.98 rows=1 width=128) (actual time=1132.378..1132.379 rows=1 loops=1)
   ->  Nested Loop  (cost=5.26..10239.96 rows=1 width=54) (actual time=12.426..1131.652 rows=1728 loops=1)
         ->  Nested Loop  (cost=4.83..10233.55 rows=14 width=42) (actual time=1.487..1008.796 rows=58947 loops=1)
               ->  Nested Loop  (cost=4.40..10227.18 rows=14 width=31) (actual time=1.463..705.830 rows=58947 loops=1)
                     Join Filter: (t.id = ci.movie_id)
                     ->  Nested Loop  (cost=3.84..10225.20 rows=1 width=39) (actual time=1.424..563.267 rows=326 loops=1)
                           ->  Nested Loop  (cost=3.42..10223.39 rows=4 width=43) (actual time=0.533..375.958 rows=79039 loops=1)
                                 ->  Nested Loop  (cost=2.98..10219.72 rows=2 width=35) (actual time=0.504..347.552 rows=647 loops=1)
                                       Join Filter: (kt.id = t.kind_id)
                                       Rows Removed by Join Filter: 5355
                                       ->  Seq Scan on kind_type kt  (cost=0.00..1.09 rows=1 width=4) (actual time=0.015..0.017 rows=1 loops=1)
                                             Filter: ((kind)::text = 'movie'::text)
                                             Rows Removed by Filter: 6
                                       ->  Nested Loop  (cost=2.98..10218.42 rows=17 width=39) (actual time=0.382..346.902 rows=6002 loops=1)
                                             Join Filter: (cc.movie_id = t.id)
                                             ->  Nested Loop  (cost=2.55..10175.60 rows=32 width=14) (actual time=0.269..259.362 rows=17898 loops=1)
                                                   Join Filter: (it2.id = mi_idx.info_type_id)
                                                   Rows Removed by Join Filter: 8960
                                                   ->  Seq Scan on info_type it2  (cost=0.00..2.41 rows=1 width=4) (actual time=0.010..0.013 rows=1 loops=1)
                                                         Filter: ((info)::text = 'rating'::text)
                                                         Rows Removed by Filter: 112
                                                   ->  Nested Loop  (cost=2.55..10128.32 rows=3590 width=18) (actual time=0.149..255.890 rows=26858 loops=1)
                                                         ->  Hash Join  (cost=2.12..2996.88 rows=8443 width=4) (actual time=0.078..48.591 rows=85941 loops=1)
                                                               Hash Cond: (cc.status_id = cct2.id)
                                                               ->  Hash Join  (cost=1.06..2813.24 rows=33772 width=8) (actual time=0.031..34.198 rows=85941 loops=1)
                                                                     Hash Cond: (cc.subject_id = cct1.id)
                                                                     ->  Seq Scan on complete_cast cc  (cost=0.00..2081.86 rows=135086 width=12) (actual time=0.012..12.183 rows=135086 loops=1)
                                                                     ->  Hash  (cost=1.05..1.05 rows=1 width=4) (actual time=0.004..0.005 rows=1 loops=1)
                                                                           Buckets: 1024  Batches: 1  Memory Usage: 9kB
                                                                           ->  Seq Scan on comp_cast_type cct1  (cost=0.00..1.05 rows=1 width=4) (actual time=0.001..0.002 rows=1 loops=1)
                                                                                 Filter: ((kind)::text = 'cast'::text)
                                                                                 Rows Removed by Filter: 3
                                                               ->  Hash  (cost=1.05..1.05 rows=1 width=4) (actual time=0.020..0.020 rows=2 loops=1)
                                                                     Buckets: 1024  Batches: 1  Memory Usage: 9kB
                                                                     ->  Seq Scan on comp_cast_type cct2  (cost=0.00..1.05 rows=1 width=4) (actual time=0.014..0.015 rows=2 loops=1)
                                                                           Filter: ((kind)::text ~~ '%complete%'::text)
                                                                           Rows Removed by Filter: 2
                                                         ->  Index Scan using movie_id_movie_info_idx on movie_info_idx mi_idx  (cost=0.43..0.83 rows=1 width=14) (actual time=0.002..0.002 rows=0 loops=85941)
                                                               Index Cond: (movie_id = cc.movie_id)
                                                               Filter: ((info)::text > '7.0'::text)
                                                               Rows Removed by Filter: 2
                                             ->  Index Scan using title_pkey on title t  (cost=0.43..1.33 rows=1 width=25) (actual time=0.005..0.005 rows=0 loops=17898)
                                                   Index Cond: (id = mi_idx.movie_id)
                                                   Filter: (production_year > 2000)
                                                   Rows Removed by Filter: 1
                                 ->  Index Scan using movie_id_movie_keyword on movie_keyword mk  (cost=0.43..1.36 rows=47 width=8) (actual time=0.010..0.029 rows=122 loops=647)
                                       Index Cond: (movie_id = t.id)
                           ->  Index Scan using keyword_pkey on keyword k  (cost=0.42..0.45 rows=1 width=4) (actual time=0.002..0.002 rows=0 loops=79039)
                                 Index Cond: (id = mk.keyword_id)
                                 Filter: ((keyword)::text = ANY ('{superhero,marvel-comics,based-on-comic,tv-special,fight,violence,magnet,web,claw,laser}'::text[]))
                                 Rows Removed by Filter: 1
                     ->  Index Scan using movie_id_cast_info on cast_info ci  (cost=0.56..1.52 rows=37 width=12) (actual time=0.011..0.402 rows=181 loops=326)
                           Index Cond: (movie_id = mk.movie_id)
               ->  Index Scan using name_pkey on name n  (cost=0.43..0.45 rows=1 width=19) (actual time=0.005..0.005 rows=1 loops=58947)
                     Index Cond: (id = ci.person_id)
         ->  Index Scan using char_name_pkey on char_name chn  (cost=0.43..0.46 rows=1 width=20) (actual time=0.002..0.002 rows=0 loops=58947)
               Index Cond: (id = ci.person_role_id)
               Filter: ((name IS NOT NULL) AND (((name)::text ~~ '%man%'::text) OR ((name)::text ~~ '%Man%'::text)))
               Rows Removed by Filter: 0
 Planning Time: 68.924 ms
 Execution Time: 1132.612 ms
(61 rows)

SET
                                                                                                      QUERY PLAN                                                                                                      
----------------------------------------------------------------------------------------------------------------------------------------------------------------------------------------------------------------------
 Aggregate  (cost=7388.77..7388.78 rows=1 width=96) (actual time=279.855..279.855 rows=1 loops=1)
   ->  Nested Loop  (cost=9.45..7388.76 rows=1 width=39) (actual time=30.747..279.810 rows=93 loops=1)
         Join Filter: (cct1.id = cc.subject_id)
         Rows Removed by Join Filter: 87
         ->  Seq Scan on comp_cast_type cct1  (cost=0.00..1.05 rows=1 width=4) (actual time=0.016..0.017 rows=1 loops=1)
               Filter: ((kind)::text = 'cast'::text)
               Rows Removed by Filter: 3
         ->  Nested Loop  (cost=9.45..7387.70 rows=1 width=43) (actual time=30.729..279.767 rows=180 loops=1)
               Join Filter: (cct2.id = cc.status_id)
               Rows Removed by Join Filter: 180
               ->  Seq Scan on comp_cast_type cct2  (cost=0.00..1.05 rows=1 width=4) (actual time=0.002..0.004 rows=2 loops=1)
                     Filter: ((kind)::text ~~ '%complete%'::text)
                     Rows Removed by Filter: 2
               ->  Nested Loop  (cost=9.45..7386.64 rows=1 width=47) (actual time=21.956..139.859 rows=180 loops=2)
                     ->  Nested Loop  (cost=9.03..7386.16 rows=1 width=55) (actual time=19.355..139.417 rows=191 loops=2)
                           ->  Nested Loop  (cost=8.60..7385.70 rows=1 width=59) (actual time=19.338..138.119 rows=191 loops=2)
                                 ->  Nested Loop  (cost=8.17..7379.30 rows=14 width=47) (actual time=19.276..124.111 rows=7981 loops=2)
                                       Join Filter: (t.id = ci.movie_id)
                                       ->  Nested Loop  (cost=7.61..7377.31 rows=1 width=35) (actual time=19.254..106.963 rows=31 loops=2)
                                             Join Filter: (kt.id = t.kind_id)
                                             Rows Removed by Join Filter: 167
                                             ->  Seq Scan on kind_type kt  (cost=0.00..1.09 rows=1 width=4) (actual time=0.006..0.007 rows=1 loops=2)
                                                   Filter: ((kind)::text = 'movie'::text)
                                                   Rows Removed by Filter: 6
                                             ->  Nested Loop  (cost=7.61..7376.21 rows=1 width=39) (actual time=0.833..106.926 rows=198 loops=2)
                                                   ->  Nested Loop  (cost=7.18..7375.73 rows=1 width=14) (actual time=0.817..104.077 rows=313 loops=2)
                                                         Join Filter: (mi_idx.info_type_id = it2.id)
                                                         Rows Removed by Join Filter: 612
                                                         ->  Seq Scan on info_type it2  (cost=0.00..2.41 rows=1 width=4) (actual time=0.009..0.011 rows=1 loops=2)
                                                               Filter: ((info)::text = 'rating'::text)
                                                               Rows Removed by Filter: 112
                                                         ->  Nested Loop  (cost=7.18..7373.13 rows=15 width=18) (actual time=0.697..103.945 rows=925 loops=2)
                                                               ->  Nested Loop  (cost=6.75..7304.56 rows=135 width=4) (actual time=0.593..57.322 rows=9984 loops=2)
                                                                     ->  Seq Scan on keyword k  (cost=0.00..2961.55 rows=4 width=4) (actual time=0.074..20.881 rows=4 loops=2)
                                                                           Filter: ((keyword)::text = ANY ('{superhero,marvel-comics,based-on-comic,fight}'::text[]))
                                                                           Rows Removed by Filter: 134166
                                                                     ->  Bitmap Heap Scan on movie_keyword mk  (cost=6.75..1082.76 rows=299 width=8) (actual time=0.688..8.827 rows=2496 loops=8)
                                                                           Recheck Cond: (keyword_id = k.id)
                                                                           Heap Blocks: exact=15372
                                                                           ->  Bitmap Index Scan on keyword_id_movie_keyword  (cost=0.00..6.67 rows=299 width=0) (actual time=0.383..0.383 rows=2496 loops=8)
                                                                                 Index Cond: (keyword_id = k.id)
                                                               ->  Index Scan using movie_id_movie_info_idx on movie_info_idx mi_idx  (cost=0.43..0.50 rows=1 width=14) (actual time=0.004..0.004 rows=0 loops=19968)
                                                                     Index Cond: (movie_id = mk.movie_id)
                                                                     Filter: ((info)::text > '8.0'::text)
                                                                     Rows Removed by Filter: 2
                                                   ->  Index Scan using title_pkey on title t  (cost=0.43..0.49 rows=1 width=25) (actual time=0.009..0.009 rows=1 loops=626)
                                                         Index Cond: (id = mk.movie_id)
                                                         Filter: (production_year > 2005)
                                                         Rows Removed by Filter: 0
                                       ->  Index Scan using movie_id_cast_info on cast_info ci  (cost=0.56..1.52 rows=37 width=12) (actual time=0.014..0.511 rows=257 loops=62)
                                             Index Cond: (movie_id = mk.movie_id)
                                 ->  Index Scan using char_name_pkey on char_name chn  (cost=0.43..0.46 rows=1 width=20) (actual time=0.002..0.002 rows=0 loops=15962)
                                       Index Cond: (id = ci.person_role_id)
                                       Filter: ((name IS NOT NULL) AND (((name)::text ~~ '%man%'::text) OR ((name)::text ~~ '%Man%'::text)))
                                       Rows Removed by Filter: 0
                           ->  Index Only Scan using name_pkey on name n  (cost=0.43..0.45 rows=1 width=4) (actual time=0.006..0.006 rows=1 loops=382)
                                 Index Cond: (id = ci.person_id)
                                 Heap Fetches: 382
                     ->  Index Scan using movie_id_complete_cast on complete_cast cc  (cost=0.42..0.46 rows=2 width=12) (actual time=0.002..0.002 rows=1 loops=382)
                           Index Cond: (movie_id = t.id)
 Planning Time: 70.710 ms
 Execution Time: 280.063 ms
(62 rows)

SET
                                                                                                   QUERY PLAN                                                                                                   
----------------------------------------------------------------------------------------------------------------------------------------------------------------------------------------------------------------
 Aggregate  (cost=14668.28..14668.29 rows=1 width=96) (actual time=1534.403..1534.403 rows=1 loops=1)
   ->  Nested Loop  (cost=9.45..14668.27 rows=1 width=39) (actual time=8.315..1532.598 rows=5400 loops=1)
         ->  Nested Loop  (cost=9.02..14667.82 rows=1 width=43) (actual time=8.286..1488.334 rows=5400 loops=1)
               Join Filter: (it2.id = mi_idx.info_type_id)
               Rows Removed by Join Filter: 11196
               ->  Seq Scan on info_type it2  (cost=0.00..2.41 rows=1 width=4) (actual time=0.013..0.015 rows=1 loops=1)
                     Filter: ((info)::text = 'rating'::text)
                     Rows Removed by Filter: 112
               ->  Nested Loop  (cost=9.02..14665.39 rows=1 width=47) (actual time=8.270..1486.401 rows=16596 loops=1)
                     Join Filter: (t.id = mi_idx.movie_id)
                     ->  Nested Loop  (cost=8.59..14664.88 rows=1 width=53) (actual time=8.248..1464.212 rows=5406 loops=1)
                           ->  Nested Loop  (cost=8.16..14658.47 rows=14 width=41) (actual time=7.958..1038.114 rows=189844 loops=1)
                                 Join Filter: (t.id = ci.movie_id)
                                 ->  Nested Loop  (cost=7.60..14656.48 rows=1 width=29) (actual time=7.920..497.859 rows=1267 loops=1)
                                       Join Filter: (cct2.id = cc.status_id)
                                       Rows Removed by Join Filter: 1267
                                       ->  Seq Scan on comp_cast_type cct2  (cost=0.00..1.05 rows=1 width=4) (actual time=0.009..0.010 rows=2 loops=1)
                                             Filter: ((kind)::text ~~ '%complete%'::text)
                                             Rows Removed by Filter: 2
                                       ->  Nested Loop  (cost=7.60..14655.42 rows=1 width=33) (actual time=5.797..248.649 rows=1267 loops=2)
                                             Join Filter: (cct1.id = cc.subject_id)
                                             Rows Removed by Join Filter: 218
                                             ->  Seq Scan on comp_cast_type cct1  (cost=0.00..1.05 rows=1 width=4) (actual time=0.001..0.002 rows=1 loops=2)
                                                   Filter: ((kind)::text = 'cast'::text)
                                                   Rows Removed by Filter: 3
                                             ->  Nested Loop  (cost=7.60..14654.36 rows=1 width=37) (actual time=5.795..248.312 rows=1485 loops=2)
                                                   ->  Nested Loop  (cost=7.18..14641.93 rows=26 width=25) (actual time=5.710..234.563 rows=5032 loops=2)
                                                         Join Filter: (kt.id = t.kind_id)
                                                         Rows Removed by Join Filter: 5581
                                                         ->  Seq Scan on kind_type kt  (cost=0.00..1.09 rows=1 width=4) (actual time=0.004..0.006 rows=1 loops=2)
                                                               Filter: ((kind)::text = 'movie'::text)
                                                               Rows Removed by Filter: 6
                                                         ->  Nested Loop  (cost=7.18..14638.55 rows=183 width=29) (actual time=0.656..233.179 rows=10613 loops=2)
                                                               ->  Nested Loop  (cost=6.75..14474.11 rows=337 width=4) (actual time=0.638..109.307 rows=24091 loops=2)
                                                                     ->  Seq Scan on keyword k  (cost=0.00..3967.82 rows=10 width=4) (actual time=0.138..36.106 rows=10 loops=2)
                                                                           Filter: ((keyword)::text = ANY ('{superhero,marvel-comics,based-on-comic,tv-special,fight,violence,magnet,web,claw,laser}'::text[]))
                                                                           Rows Removed by Filter: 134160
                                                                     ->  Bitmap Heap Scan on movie_keyword mk  (cost=6.75..1047.64 rows=299 width=8) (actual time=0.648..7.021 rows=2409 loops=20)
                                                                           Recheck Cond: (keyword_id = k.id)
                                                                           Heap Blocks: exact=34254
                                                                           ->  Bitmap Index Scan on keyword_id_movie_keyword  (cost=0.00..6.67 rows=299 width=0) (actual time=0.362..0.362 rows=2409 loops=20)
                                                                                 Index Cond: (keyword_id = k.id)
                                                               ->  Index Scan using title_pkey on title t  (cost=0.43..0.49 rows=1 width=25) (actual time=0.005..0.005 rows=0 loops=48182)
                                                                     Index Cond: (id = mk.movie_id)
                                                                     Filter: (production_year > 2000)
                                                                     Rows Removed by Filter: 1
                                                   ->  Index Scan using movie_id_complete_cast on complete_cast cc  (cost=0.42..0.46 rows=2 width=12) (actual time=0.002..0.002 rows=0 loops=10064)
                                                         Index Cond: (movie_id = t.id)
                                 ->  Index Scan using movie_id_cast_info on cast_info ci  (cost=0.56..1.52 rows=37 width=12) (actual time=0.012..0.400 rows=150 loops=1267)
                                       Index Cond: (movie_id = mk.movie_id)
                           ->  Index Scan using char_name_pkey on char_name chn  (cost=0.43..0.46 rows=1 width=20) (actual time=0.002..0.002 rows=0 loops=189844)
                                 Index Cond: (id = ci.person_role_id)
                                 Filter: ((name IS NOT NULL) AND (((name)::text ~~ '%man%'::text) OR ((name)::text ~~ '%Man%'::text)))
                                 Rows Removed by Filter: 0
                     ->  Index Scan using movie_id_movie_info_idx on movie_info_idx mi_idx  (cost=0.43..0.48 rows=3 width=14) (actual time=0.003..0.003 rows=3 loops=5406)
                           Index Cond: (movie_id = ci.movie_id)
         ->  Index Only Scan using name_pkey on name n  (cost=0.43..0.45 rows=1 width=4) (actual time=0.008..0.008 rows=1 loops=5400)
               Index Cond: (id = ci.person_id)
               Heap Fetches: 5400
 Planning Time: 69.115 ms
 Execution Time: 1534.630 ms
(61 rows)

SET
                                                                                                         QUERY PLAN                                                                                                          
-----------------------------------------------------------------------------------------------------------------------------------------------------------------------------------------------------------------------------
 Aggregate  (cost=3308.26..3308.27 rows=1 width=96) (actual time=26.282..26.282 rows=1 loops=1)
   ->  Nested Loop  (cost=6.00..3308.26 rows=1 width=118) (actual time=3.499..26.161 rows=477 loops=1)
         ->  Nested Loop  (cost=5.58..3307.80 rows=1 width=103) (actual time=3.474..24.116 rows=1106 loops=1)
               Join Filter: (ct.id = mc.company_type_id)
               Rows Removed by Join Filter: 57
               ->  Seq Scan on company_type ct  (cost=0.00..1.05 rows=1 width=4) (actual time=0.015..0.017 rows=1 loops=1)
                     Filter: ((kind)::text = 'production companies'::text)
                     Rows Removed by Filter: 3
               ->  Nested Loop  (cost=5.58..3306.72 rows=2 width=107) (actual time=3.456..23.977 rows=1163 loops=1)
                     Join Filter: (ml.movie_id = mc.movie_id)
                     ->  Nested Loop  (cost=5.15..3306.16 rows=1 width=119) (actual time=3.433..23.291 rows=154 loops=1)
                           ->  Nested Loop  (cost=4.73..2463.07 rows=1911 width=123) (actual time=3.401..20.196 rows=1853 loops=1)
                                 Join Filter: (ml.movie_id = mk.movie_id)
                                 ->  Nested Loop  (cost=4.29..2380.91 rows=41 width=115) (actual time=3.379..19.276 rows=213 loops=1)
                                       Join Filter: (ml.movie_id = mi.movie_id)
                                       ->  Nested Loop  (cost=3.86..2105.18 rows=121 width=111) (actual time=0.985..14.163 rows=179 loops=1)
                                             Join Filter: (ml.movie_id = t.id)
                                             ->  Hash Join  (cost=3.43..1527.00 rows=333 width=90) (actual time=0.959..13.181 rows=189 loops=1)
                                                   Hash Cond: (ml.link_type_id = lt.id)
                                                   ->  Merge Join  (cost=2.19..1506.31 rows=6002 width=12) (actual time=0.065..12.896 rows=3346 loops=1)
                                                         Merge Cond: (cc.movie_id = ml.movie_id)
                                                         ->  Nested Loop  (cost=0.42..9294.58 rows=16886 width=4) (actual time=0.029..5.084 rows=5561 loops=1)
                                                               Join Filter: (cc.subject_id = cct1.id)
                                                               Rows Removed by Join Filter: 2227
                                                               ->  Nested Loop  (cost=0.42..8364.79 rows=33772 width=8) (actual time=0.021..3.705 rows=5561 loops=1)
                                                                     Join Filter: (cct2.id = cc.status_id)
                                                                     Rows Removed by Join Filter: 432
                                                                     ->  Index Scan using movie_id_complete_cast on complete_cast cc  (cost=0.42..6337.45 rows=135086 width=12) (actual time=0.008..2.305 rows=5993 loops=1)
                                                                     ->  Materialize  (cost=0.00..1.05 rows=1 width=4) (actual time=0.000..0.000 rows=1 loops=5993)
                                                                           ->  Seq Scan on comp_cast_type cct2  (cost=0.00..1.05 rows=1 width=4) (actual time=0.007..0.007 rows=1 loops=1)
                                                                                 Filter: ((kind)::text = 'complete'::text)
                                                                                 Rows Removed by Filter: 3
                                                               ->  Materialize  (cost=0.00..1.06 rows=2 width=4) (actual time=0.000..0.000 rows=1 loops=5561)
                                                                     ->  Seq Scan on comp_cast_type cct1  (cost=0.00..1.05 rows=2 width=4) (actual time=0.002..0.002 rows=2 loops=1)
                                                                           Filter: ((kind)::text = ANY ('{cast,crew}'::text[]))
                                                         ->  Index Scan using movie_id_movie_link on movie_link ml  (cost=0.29..959.51 rows=29997 width=8) (actual time=0.008..5.225 rows=30638 loops=1)
                                                   ->  Hash  (cost=1.23..1.23 rows=1 width=86) (actual time=0.018..0.018 rows=2 loops=1)
                                                         Buckets: 1024  Batches: 1  Memory Usage: 9kB
                                                         ->  Seq Scan on link_type lt  (cost=0.00..1.23 rows=1 width=86) (actual time=0.009..0.013 rows=2 loops=1)
                                                               Filter: ((link)::text ~~ '%follow%'::text)
                                                               Rows Removed by Filter: 16
                                             ->  Index Scan using title_pkey on title t  (cost=0.43..1.72 rows=1 width=21) (actual time=0.005..0.005 rows=1 loops=189)
                                                   Index Cond: (id = cc.movie_id)
                                                   Filter: ((production_year >= 1950) AND (production_year <= 2000))
                                                   Rows Removed by Filter: 0
                                       ->  Index Scan using movie_id_movie_info on movie_info mi  (cost=0.43..2.27 rows=1 width=4) (actual time=0.027..0.028 rows=1 loops=179)
                                             Index Cond: (movie_id = t.id)
                                             Filter: ((info)::text = ANY ('{Sweden,Germany,Swedish,German}'::text[]))
                                             Rows Removed by Filter: 27
                                 ->  Index Scan using movie_id_movie_keyword on movie_keyword mk  (cost=0.43..1.42 rows=47 width=8) (actual time=0.002..0.003 rows=9 loops=213)
                                       Index Cond: (movie_id = t.id)
                           ->  Index Scan using keyword_pkey on keyword k  (cost=0.42..0.44 rows=1 width=4) (actual time=0.001..0.001 rows=0 loops=1853)
                                 Index Cond: (id = mk.keyword_id)
                                 Filter: ((keyword)::text = 'sequel'::text)
                                 Rows Removed by Filter: 1
                     ->  Index Scan using movie_id_movie_companies on movie_companies mc  (cost=0.43..0.54 rows=2 width=12) (actual time=0.002..0.003 rows=8 loops=154)
                           Index Cond: (movie_id = mk.movie_id)
                           Filter: (note IS NULL)
                           Rows Removed by Filter: 1
         ->  Index Scan using company_name_pkey on company_name cn  (cost=0.42..0.46 rows=1 width=23) (actual time=0.002..0.002 rows=0 loops=1106)
               Index Cond: (id = mc.company_id)
               Filter: (((country_code)::text <> '[pl]'::text) AND (((name)::text ~~ '%Film%'::text) OR ((name)::text ~~ '%Warner%'::text)))
               Rows Removed by Filter: 1
 Planning Time: 70.012 ms
 Execution Time: 26.531 ms
(65 rows)

SET
                                                                                                         QUERY PLAN                                                                                                          
-----------------------------------------------------------------------------------------------------------------------------------------------------------------------------------------------------------------------------
 Aggregate  (cost=2420.10..2420.11 rows=1 width=96) (actual time=35.646..35.647 rows=1 loops=1)
   ->  Nested Loop  (cost=3.52..2420.10 rows=1 width=118) (actual time=25.553..35.586 rows=247 loops=1)
         Join Filter: (ml.movie_id = mi.movie_id)
         ->  Nested Loop  (cost=3.08..2418.52 rows=1 width=138) (actual time=25.525..34.921 rows=95 loops=1)
               ->  Nested Loop  (cost=2.66..2397.77 rows=47 width=142) (actual time=25.466..33.754 rows=703 loops=1)
                     Join Filter: (ml.movie_id = mk.movie_id)
                     ->  Nested Loop  (cost=2.23..2395.81 rows=1 width=134) (actual time=25.441..33.371 rows=95 loops=1)
                           ->  Nested Loop  (cost=1.81..2395.35 rows=1 width=119) (actual time=25.424..33.013 rows=190 loops=1)
                                 Join Filter: (ml.movie_id = t.id)
                                 ->  Nested Loop  (cost=1.38..2375.69 rows=33 width=98) (actual time=1.920..31.659 rows=705 loops=1)
                                       Join Filter: (lt.id = ml.link_type_id)
                                       Rows Removed by Join Filter: 10769
                                       ->  Merge Join  (cost=1.38..2365.44 rows=601 width=20) (actual time=0.437..29.715 rows=5794 loops=1)
                                             Merge Cond: (mc.movie_id = ml.movie_id)
                                             ->  Nested Loop  (cost=0.85..33746.92 rows=10432 width=12) (actual time=0.403..22.144 rows=4702 loops=1)
                                                   Join Filter: (ct.id = mc.company_type_id)
                                                   Rows Removed by Join Filter: 109
                                                   ->  Nested Loop  (cost=0.85..33119.98 rows=41726 width=16) (actual time=0.398..21.038 rows=4811 loops=1)
                                                         ->  Nested Loop  (cost=0.42..11067.56 rows=16886 width=4) (actual time=0.020..5.055 rows=5561 loops=1)
                                                               Join Filter: (cc.status_id = cct2.id)
                                                               Rows Removed by Join Filter: 432
                                                               ->  Nested Loop  (cost=0.42..10053.37 rows=67543 width=8) (actual time=0.016..3.765 rows=5993 loops=1)
                                                                     Join Filter: (cct1.id = cc.subject_id)
                                                                     Rows Removed by Join Filter: 2305
                                                                     ->  Index Scan using movie_id_complete_cast on complete_cast cc  (cost=0.42..6337.45 rows=135086 width=12) (actual time=0.005..1.942 rows=5993 loops=1)
                                                                     ->  Materialize  (cost=0.00..1.06 rows=2 width=4) (actual time=0.000..0.000 rows=1 loops=5993)
                                                                           ->  Seq Scan on comp_cast_type cct1  (cost=0.00..1.05 rows=2 width=4) (actual time=0.005..0.006 rows=2 loops=1)
                                                                                 Filter: ((kind)::text = ANY ('{cast,crew}'::text[]))
                                                               ->  Materialize  (cost=0.00..1.05 rows=1 width=4) (actual time=0.000..0.000 rows=1 loops=5993)
                                                                     ->  Seq Scan on comp_cast_type cct2  (cost=0.00..1.05 rows=1 width=4) (actual time=0.002..0.002 rows=1 loops=1)
                                                                           Filter: ((kind)::text = 'complete'::text)
                                                                           Rows Removed by Filter: 3
                                                         ->  Index Scan using movie_id_movie_companies on movie_companies mc  (cost=0.43..1.29 rows=2 width=12) (actual time=0.002..0.003 rows=1 loops=5561)
                                                               Index Cond: (movie_id = cc.movie_id)
                                                               Filter: (note IS NULL)
                                                               Rows Removed by Filter: 2
                                                   ->  Materialize  (cost=0.00..1.05 rows=1 width=4) (actual time=0.000..0.000 rows=1 loops=4811)
                                                         ->  Seq Scan on company_type ct  (cost=0.00..1.05 rows=1 width=4) (actual time=0.002..0.003 rows=1 loops=1)
                                                               Filter: ((kind)::text = 'production companies'::text)
                                                               Rows Removed by Filter: 3
                                             ->  Index Scan using movie_id_movie_link on movie_link ml  (cost=0.29..959.51 rows=29997 width=8) (actual time=0.007..4.593 rows=33634 loops=1)
                                       ->  Materialize  (cost=0.00..1.23 rows=1 width=86) (actual time=0.000..0.000 rows=2 loops=5794)
                                             ->  Seq Scan on link_type lt  (cost=0.00..1.23 rows=1 width=86) (actual time=0.002..0.006 rows=2 loops=1)
                                                   Filter: ((link)::text ~~ '%follow%'::text)
                                                   Rows Removed by Filter: 16
                                 ->  Index Scan using title_pkey on title t  (cost=0.43..0.58 rows=1 width=21) (actual time=0.002..0.002 rows=0 loops=705)
                                       Index Cond: (id = mc.movie_id)
                                       Filter: (production_year = 1998)
                                       Rows Removed by Filter: 1
                           ->  Index Scan using company_name_pkey on company_name cn  (cost=0.42..0.46 rows=1 width=23) (actual time=0.002..0.002 rows=0 loops=190)
                                 Index Cond: (id = mc.company_id)
                                 Filter: (((country_code)::text <> '[pl]'::text) AND (((name)::text ~~ '%Film%'::text) OR ((name)::text ~~ '%Warner%'::text)))
                                 Rows Removed by Filter: 0
                     ->  Index Scan using movie_id_movie_keyword on movie_keyword mk  (cost=0.43..1.37 rows=47 width=8) (actual time=0.002..0.003 rows=7 loops=95)
                           Index Cond: (movie_id = mc.movie_id)
               ->  Index Scan using keyword_pkey on keyword k  (cost=0.42..0.44 rows=1 width=4) (actual time=0.001..0.001 rows=0 loops=703)
                     Index Cond: (id = mk.keyword_id)
                     Filter: ((keyword)::text = 'sequel'::text)
                     Rows Removed by Filter: 1
         ->  Index Scan using movie_id_movie_info on movie_info mi  (cost=0.43..1.56 rows=1 width=4) (actual time=0.005..0.006 rows=3 loops=95)
               Index Cond: (movie_id = mk.movie_id)
               Filter: ((info)::text = ANY ('{Sweden,Germany,Swedish,German}'::text[]))
               Rows Removed by Filter: 10
 Planning Time: 69.357 ms
 Execution Time: 35.878 ms
(65 rows)

SET
                                                                                                         QUERY PLAN                                                                                                          
-----------------------------------------------------------------------------------------------------------------------------------------------------------------------------------------------------------------------------
 Aggregate  (cost=3422.73..3422.74 rows=1 width=96) (actual time=41.804..41.804 rows=1 loops=1)
   ->  Nested Loop  (cost=3.38..3422.71 rows=3 width=118) (actual time=6.219..41.643 rows=743 loops=1)
         Join Filter: (ml.movie_id = mi.movie_id)
         ->  Nested Loop  (cost=2.94..3420.85 rows=1 width=138) (actual time=6.197..39.729 rows=172 loops=1)
               Join Filter: (mc.company_type_id = ct.id)
               Rows Removed by Join Filter: 19
               ->  Nested Loop  (cost=2.94..3419.79 rows=1 width=142) (actual time=6.193..39.520 rows=191 loops=1)
                     ->  Nested Loop  (cost=2.52..3378.74 rows=93 width=146) (actual time=3.439..33.772 rows=3396 loops=1)
                           Join Filter: (ml.movie_id = mk.movie_id)
                           ->  Nested Loop  (cost=2.09..3374.90 rows=2 width=138) (actual time=3.412..32.149 rows=298 loops=1)
                                 Join Filter: (lt.id = ml.link_type_id)
                                 Rows Removed by Join Filter: 1113
                                 ->  Merge Join  (cost=2.09..3373.07 rows=40 width=60) (actual time=2.516..31.868 rows=720 loops=1)
                                       Merge Cond: (t.id = ml.movie_id)
                                       ->  Nested Loop  (cost=1.70..32069.95 rows=3391 width=52) (actual time=1.380..25.951 rows=161 loops=1)
                                             ->  Nested Loop  (cost=1.27..29418.97 rows=4524 width=31) (actual time=1.358..24.308 rows=174 loops=1)
                                                   ->  Nested Loop  (cost=0.85..19898.64 rows=20863 width=16) (actual time=0.262..14.603 rows=3375 loops=1)
                                                         ->  Nested Loop  (cost=0.42..8872.43 rows=8443 width=4) (actual time=0.025..4.668 rows=3834 loops=1)
                                                               Join Filter: (cct2.id = cc.status_id)
                                                               Rows Removed by Join Filter: 372
                                                               ->  Nested Loop  (cost=0.42..8364.79 rows=33772 width=8) (actual time=0.015..3.745 rows=3834 loops=1)
                                                                     Join Filter: (cct1.id = cc.subject_id)
                                                                     Rows Removed by Join Filter: 2385
                                                                     ->  Index Scan using movie_id_complete_cast on complete_cast cc  (cost=0.42..6337.45 rows=135086 width=12) (actual time=0.005..2.084 rows=6219 loops=1)
                                                                     ->  Materialize  (cost=0.00..1.05 rows=1 width=4) (actual time=0.000..0.000 rows=1 loops=6219)
                                                                           ->  Seq Scan on comp_cast_type cct1  (cost=0.00..1.05 rows=1 width=4) (actual time=0.005..0.006 rows=1 loops=1)
                                                                                 Filter: ((kind)::text = 'cast'::text)
                                                                                 Rows Removed by Filter: 3
                                                               ->  Materialize  (cost=0.00..1.05 rows=1 width=4) (actual time=0.000..0.000 rows=1 loops=3834)
                                                                     ->  Seq Scan on comp_cast_type cct2  (cost=0.00..1.05 rows=1 width=4) (actual time=0.007..0.008 rows=2 loops=1)
                                                                           Filter: ((kind)::text ~~ 'complete%'::text)
                                                                           Rows Removed by Filter: 2
                                                         ->  Index Scan using movie_id_movie_companies on movie_companies mc  (cost=0.43..1.29 rows=2 width=12) (actual time=0.002..0.002 rows=1 loops=3834)
                                                               Index Cond: (movie_id = cc.movie_id)
                                                               Filter: (note IS NULL)
                                                               Rows Removed by Filter: 2
                                                   ->  Index Scan using company_name_pkey on company_name cn  (cost=0.42..0.46 rows=1 width=23) (actual time=0.003..0.003 rows=0 loops=3375)
                                                         Index Cond: (id = mc.company_id)
                                                         Filter: (((country_code)::text <> '[pl]'::text) AND (((name)::text ~~ '%Film%'::text) OR ((name)::text ~~ '%Warner%'::text)))
                                                         Rows Removed by Filter: 1
                                             ->  Index Scan using title_pkey on title t  (cost=0.43..0.59 rows=1 width=21) (actual time=0.009..0.009 rows=1 loops=174)
                                                   Index Cond: (id = mc.movie_id)
                                                   Filter: ((production_year >= 1950) AND (production_year <= 2010))
                                                   Rows Removed by Filter: 0
                                       ->  Index Scan using movie_id_movie_link on movie_link ml  (cost=0.29..959.51 rows=29997 width=8) (actual time=0.008..3.915 rows=30313 loops=1)
                                 ->  Materialize  (cost=0.00..1.23 rows=1 width=86) (actual time=0.000..0.000 rows=2 loops=720)
                                       ->  Seq Scan on link_type lt  (cost=0.00..1.23 rows=1 width=86) (actual time=0.002..0.006 rows=2 loops=1)
                                             Filter: ((link)::text ~~ '%follow%'::text)
                                             Rows Removed by Filter: 16
                           ->  Index Scan using movie_id_movie_keyword on movie_keyword mk  (cost=0.43..1.33 rows=47 width=8) (actual time=0.002..0.003 rows=11 loops=298)
                                 Index Cond: (movie_id = t.id)
                     ->  Index Scan using keyword_pkey on keyword k  (cost=0.42..0.44 rows=1 width=4) (actual time=0.002..0.002 rows=0 loops=3396)
                           Index Cond: (id = mk.keyword_id)
                           Filter: ((keyword)::text = 'sequel'::text)
                           Rows Removed by Filter: 1
               ->  Seq Scan on company_type ct  (cost=0.00..1.05 rows=1 width=4) (actual time=0.000..0.001 rows=1 loops=191)
                     Filter: ((kind)::text = 'production companies'::text)
                     Rows Removed by Filter: 1
         ->  Index Scan using movie_id_movie_info on movie_info mi  (cost=0.43..1.82 rows=3 width=4) (actual time=0.008..0.010 rows=4 loops=172)
               Index Cond: (movie_id = mk.movie_id)
               Filter: ((info)::text = ANY ('{Sweden,Norway,Germany,Denmark,Swedish,Denish,Norwegian,German,English}'::text[]))
               Rows Removed by Filter: 15
 Planning Time: 70.136 ms
 Execution Time: 42.024 ms
(64 rows)

SET
                                                                                                            QUERY PLAN                                                                                                            
----------------------------------------------------------------------------------------------------------------------------------------------------------------------------------------------------------------------------------
 Aggregate  (cost=7394.90..7394.91 rows=1 width=96) (actual time=499.803..499.803 rows=1 loops=1)
   ->  Nested Loop  (cost=9.31..7394.89 rows=1 width=42) (actual time=6.014..498.681 rows=4803 loops=1)
         Join Filter: (ct.id = mc.company_type_id)
         ->  Nested Loop  (cost=9.31..7393.80 rows=1 width=46) (actual time=6.009..494.650 rows=4803 loops=1)
               ->  Nested Loop  (cost=8.89..7393.26 rows=1 width=31) (actual time=5.998..479.736 rows=4955 loops=1)
                     Join Filter: (t.id = mc.movie_id)
                     ->  Nested Loop  (cost=8.46..7392.68 rows=1 width=43) (actual time=5.967..470.079 rows=432 loops=1)
                           Join Filter: (it1.id = mi.info_type_id)
                           Rows Removed by Join Filter: 49
                           ->  Seq Scan on info_type it1  (cost=0.00..2.41 rows=1 width=4) (actual time=0.007..0.014 rows=1 loops=1)
                                 Filter: ((info)::text = 'countries'::text)
                                 Rows Removed by Filter: 112
                           ->  Nested Loop  (cost=8.46..7390.25 rows=1 width=47) (actual time=5.959..469.949 rows=481 loops=1)
                                 Join Filter: (t.id = mi.movie_id)
                                 ->  Nested Loop  (cost=8.03..7388.35 rows=1 width=39) (actual time=5.895..414.009 rows=473 loops=1)
                                       Join Filter: (cc.status_id = cct2.id)
                                       Rows Removed by Join Filter: 1159
                                       ->  Nested Loop  (cost=8.03..7387.27 rows=1 width=43) (actual time=5.892..413.087 rows=544 loops=1)
                                             Join Filter: (kt.id = t.kind_id)
                                             Rows Removed by Join Filter: 244
                                             ->  Nested Loop  (cost=8.03..7386.15 rows=1 width=47) (actual time=5.879..412.008 rows=596 loops=1)
                                                   ->  Nested Loop  (cost=7.60..7385.67 rows=1 width=22) (actual time=5.856..372.791 rows=5973 loops=1)
                                                         Join Filter: (cct1.id = cc.subject_id)
                                                         Rows Removed by Join Filter: 13371
                                                         ->  Seq Scan on comp_cast_type cct1  (cost=0.00..1.05 rows=1 width=4) (actual time=0.002..0.003 rows=1 loops=1)
                                                               Filter: ((kind)::text = 'crew'::text)
                                                               Rows Removed by Filter: 3
                                                         ->  Nested Loop  (cost=7.60..7384.57 rows=4 width=26) (actual time=5.309..370.735 rows=19344 loops=1)
                                                               ->  Nested Loop  (cost=7.18..7383.14 rows=3 width=14) (actual time=4.470..309.400 rows=31800 loops=1)
                                                                     Join Filter: (mi_idx.info_type_id = it2.id)
                                                                     Rows Removed by Join Filter: 62093
                                                                     ->  Seq Scan on info_type it2  (cost=0.00..2.41 rows=1 width=4) (actual time=0.008..0.010 rows=1 loops=1)
                                                                           Filter: ((info)::text = 'rating'::text)
                                                                           Rows Removed by Filter: 112
                                                                     ->  Nested Loop  (cost=7.18..7375.83 rows=392 width=18) (actual time=4.459..300.793 rows=93893 loops=1)
                                                                           ->  Nested Loop  (cost=6.75..7304.56 rows=135 width=4) (actual time=4.433..145.887 rows=37091 loops=1)
                                                                                 ->  Seq Scan on keyword k  (cost=0.00..2961.55 rows=4 width=4) (actual time=1.078..20.891 rows=3 loops=1)
                                                                                       Filter: ((keyword)::text = ANY ('{murder,murder-in-title,blood,violence}'::text[]))
                                                                                       Rows Removed by Filter: 134167
                                                                                 ->  Bitmap Heap Scan on movie_keyword mk  (cost=6.75..1082.76 rows=299 width=8) (actual time=3.384..40.178 rows=12364 loops=3)
                                                                                       Recheck Cond: (keyword_id = k.id)
                                                                                       Heap Blocks: exact=26312
                                                                                       ->  Bitmap Index Scan on keyword_id_movie_keyword  (cost=0.00..6.67 rows=299 width=0) (actual time=1.850..1.850 rows=12364 loops=3)
                                                                                             Index Cond: (keyword_id = k.id)
                                                                           ->  Index Scan using movie_id_movie_info_idx on movie_info_idx mi_idx  (cost=0.43..0.50 rows=3 width=14) (actual time=0.003..0.004 rows=3 loops=37091)
                                                                                 Index Cond: (movie_id = mk.movie_id)
                                                                                 Filter: ((info)::text < '8.5'::text)
                                                                                 Rows Removed by Filter: 0
                                                               ->  Index Scan using movie_id_complete_cast on complete_cast cc  (cost=0.42..0.46 rows=2 width=12) (actual time=0.001..0.002 rows=1 loops=31800)
                                                                     Index Cond: (movie_id = mk.movie_id)
                                                   ->  Index Scan using title_pkey on title t  (cost=0.43..0.49 rows=1 width=25) (actual time=0.006..0.006 rows=0 loops=5973)
                                                         Index Cond: (id = mk.movie_id)
                                                         Filter: (production_year > 2000)
                                                         Rows Removed by Filter: 1
                                             ->  Seq Scan on kind_type kt  (cost=0.00..1.09 rows=2 width=4) (actual time=0.001..0.001 rows=1 loops=596)
                                                   Filter: ((kind)::text = ANY ('{movie,episode}'::text[]))
                                                   Rows Removed by Filter: 2
                                       ->  Seq Scan on comp_cast_type cct2  (cost=0.00..1.05 rows=3 width=4) (actual time=0.000..0.001 rows=3 loops=544)
                                             Filter: ((kind)::text <> 'complete+verified'::text)
                                             Rows Removed by Filter: 0
                                 ->  Index Scan using movie_id_movie_info on movie_info mi  (cost=0.43..1.87 rows=2 width=8) (actual time=0.102..0.118 rows=1 loops=473)
                                       Index Cond: (movie_id = mk.movie_id)
                                       Filter: ((info)::text = ANY ('{Sweden,Norway,Germany,Denmark,Swedish,Danish,Norwegian,German,USA,American}'::text[]))
                                       Rows Removed by Filter: 139
                     ->  Index Scan using movie_id_movie_companies on movie_companies mc  (cost=0.43..0.57 rows=1 width=12) (actual time=0.010..0.020 rows=11 loops=432)
                           Index Cond: (movie_id = mk.movie_id)
                           Filter: (((note)::text !~~ '%(USA)%'::text) AND ((note)::text ~~ '%(200%)%'::text))
                           Rows Removed by Filter: 10
               ->  Index Scan using company_name_pkey on company_name cn  (cost=0.42..0.55 rows=1 width=23) (actual time=0.003..0.003 rows=1 loops=4955)
                     Index Cond: (id = mc.company_id)
                     Filter: ((country_code)::text <> '[us]'::text)
                     Rows Removed by Filter: 0
         ->  Seq Scan on company_type ct  (cost=0.00..1.04 rows=4 width=4) (actual time=0.000..0.000 rows=1 loops=4803)
 Planning Time: 86.539 ms
 Execution Time: 500.037 ms
(75 rows)

SET
                                                                                                            QUERY PLAN                                                                                                            
----------------------------------------------------------------------------------------------------------------------------------------------------------------------------------------------------------------------------------
 Aggregate  (cost=7387.11..7387.12 rows=1 width=96) (actual time=381.497..381.497 rows=1 loops=1)
   ->  Nested Loop  (cost=9.31..7387.10 rows=1 width=42) (actual time=8.174..381.441 rows=148 loops=1)
         ->  Nested Loop  (cost=8.89..7386.56 rows=1 width=27) (actual time=8.154..380.673 rows=150 loops=1)
               Join Filter: (ct.id = mc.company_type_id)
               ->  Nested Loop  (cost=8.89..7385.47 rows=1 width=31) (actual time=8.145..380.522 rows=150 loops=1)
                     Join Filter: (t.id = mc.movie_id)
                     ->  Nested Loop  (cost=8.46..7384.89 rows=1 width=43) (actual time=8.118..380.077 rows=13 loops=1)
                           Join Filter: (it1.id = mi.info_type_id)
                           Rows Removed by Join Filter: 7
                           ->  Seq Scan on info_type it1  (cost=0.00..2.41 rows=1 width=4) (actual time=0.007..0.013 rows=1 loops=1)
                                 Filter: ((info)::text = 'countries'::text)
                                 Rows Removed by Filter: 112
                           ->  Nested Loop  (cost=8.46..7382.46 rows=1 width=47) (actual time=8.110..380.053 rows=20 loops=1)
                                 Join Filter: (t.id = mi.movie_id)
                                 ->  Nested Loop  (cost=8.03..7380.89 rows=1 width=39) (actual time=6.341..365.288 rows=179 loops=1)
                                       Join Filter: (cct2.id = cc.status_id)
                                       Rows Removed by Join Filter: 394
                                       ->  Nested Loop  (cost=8.03..7379.81 rows=1 width=43) (actual time=6.338..364.969 rows=191 loops=1)
                                             Join Filter: (cct1.id = cc.subject_id)
                                             Rows Removed by Join Filter: 689
                                             ->  Seq Scan on comp_cast_type cct1  (cost=0.00..1.05 rows=1 width=4) (actual time=0.008..0.009 rows=1 loops=1)
                                                   Filter: ((kind)::text = 'crew'::text)
                                                   Rows Removed by Filter: 3
                                             ->  Nested Loop  (cost=8.03..7378.74 rows=1 width=47) (actual time=6.326..364.836 rows=880 loops=1)
                                                   ->  Nested Loop  (cost=7.61..7378.26 rows=1 width=35) (actual time=4.642..357.980 rows=2312 loops=1)
                                                         Join Filter: (kt.id = t.kind_id)
                                                         Rows Removed by Join Filter: 1695
                                                         ->  Nested Loop  (cost=7.61..7377.15 rows=1 width=39) (actual time=4.541..354.009 rows=2835 loops=1)
                                                               ->  Nested Loop  (cost=7.18..7376.66 rows=1 width=14) (actual time=4.520..281.900 rows=11708 loops=1)
                                                                     Join Filter: (it2.id = mi_idx.info_type_id)
                                                                     Rows Removed by Join Filter: 6993
                                                                     ->  Seq Scan on info_type it2  (cost=0.00..2.41 rows=1 width=4) (actual time=0.008..0.011 rows=1 loops=1)
                                                                           Filter: ((info)::text = 'rating'::text)
                                                                           Rows Removed by Filter: 112
                                                                     ->  Nested Loop  (cost=7.18..7373.13 rows=90 width=18) (actual time=4.510..279.327 rows=18701 loops=1)
                                                                           ->  Nested Loop  (cost=6.75..7304.56 rows=135 width=4) (actual time=4.483..141.927 rows=37091 loops=1)
                                                                                 ->  Seq Scan on keyword k  (cost=0.00..2961.55 rows=4 width=4) (actual time=1.140..20.847 rows=3 loops=1)
                                                                                       Filter: ((keyword)::text = ANY ('{murder,murder-in-title,blood,violence}'::text[]))
                                                                                       Rows Removed by Filter: 134167
                                                                                 ->  Bitmap Heap Scan on movie_keyword mk  (cost=6.75..1082.76 rows=299 width=8) (actual time=3.380..38.955 rows=12364 loops=3)
                                                                                       Recheck Cond: (keyword_id = k.id)
                                                                                       Heap Blocks: exact=26312
                                                                                       ->  Bitmap Index Scan on keyword_id_movie_keyword  (cost=0.00..6.67 rows=299 width=0) (actual time=1.839..1.839 rows=12364 loops=3)
                                                                                             Index Cond: (keyword_id = k.id)
                                                                           ->  Index Scan using movie_id_movie_info_idx on movie_info_idx mi_idx  (cost=0.43..0.50 rows=1 width=14) (actual time=0.003..0.003 rows=1 loops=37091)
                                                                                 Index Cond: (movie_id = mk.movie_id)
                                                                                 Filter: ((info)::text > '6.5'::text)
                                                                                 Rows Removed by Filter: 2
                                                               ->  Index Scan using title_pkey on title t  (cost=0.43..0.49 rows=1 width=25) (actual time=0.006..0.006 rows=0 loops=11708)
                                                                     Index Cond: (id = mk.movie_id)
                                                                     Filter: (production_year > 2005)
                                                                     Rows Removed by Filter: 1
                                                         ->  Seq Scan on kind_type kt  (cost=0.00..1.09 rows=2 width=4) (actual time=0.000..0.001 rows=1 loops=2835)
                                                               Filter: ((kind)::text = ANY ('{movie,episode}'::text[]))
                                                               Rows Removed by Filter: 2
                                                   ->  Index Scan using movie_id_complete_cast on complete_cast cc  (cost=0.42..0.46 rows=2 width=12) (actual time=0.002..0.003 rows=0 loops=2312)
                                                         Index Cond: (movie_id = t.id)
                                       ->  Seq Scan on comp_cast_type cct2  (cost=0.00..1.05 rows=3 width=4) (actual time=0.000..0.001 rows=3 loops=191)
                                             Filter: ((kind)::text <> 'complete+verified'::text)
                                             Rows Removed by Filter: 0
                                 ->  Index Scan using movie_id_movie_info on movie_info mi  (cost=0.43..1.56 rows=1 width=8) (actual time=0.079..0.082 rows=0 loops=179)
                                       Index Cond: (movie_id = mk.movie_id)
                                       Filter: ((info)::text = ANY ('{Sweden,Germany,Swedish,German}'::text[]))
                                       Rows Removed by Filter: 130
                     ->  Index Scan using movie_id_movie_companies on movie_companies mc  (cost=0.43..0.57 rows=1 width=12) (actual time=0.016..0.031 rows=12 loops=13)
                           Index Cond: (movie_id = mk.movie_id)
                           Filter: (((note)::text !~~ '%(USA)%'::text) AND ((note)::text ~~ '%(200%)%'::text))
                           Rows Removed by Filter: 17
               ->  Seq Scan on company_type ct  (cost=0.00..1.04 rows=4 width=4) (actual time=0.000..0.000 rows=1 loops=150)
         ->  Index Scan using company_name_pkey on company_name cn  (cost=0.42..0.55 rows=1 width=23) (actual time=0.005..0.005 rows=1 loops=150)
               Index Cond: (id = mc.company_id)
               Filter: ((country_code)::text <> '[us]'::text)
               Rows Removed by Filter: 0
 Planning Time: 86.735 ms
 Execution Time: 381.749 ms
(75 rows)

SET
                                                                                                         QUERY PLAN                                                                                                         
----------------------------------------------------------------------------------------------------------------------------------------------------------------------------------------------------------------------------
 Aggregate  (cost=7394.43..7394.44 rows=1 width=96) (actual time=2373.825..2373.825 rows=1 loops=1)
   ->  Nested Loop  (cost=9.31..7394.42 rows=1 width=42) (actual time=10.589..2371.628 rows=8373 loops=1)
         Join Filter: (it2.id = mi_idx.info_type_id)
         Rows Removed by Join Filter: 16430
         ->  Seq Scan on info_type it2  (cost=0.00..2.41 rows=1 width=4) (actual time=0.012..0.013 rows=1 loops=1)
               Filter: ((info)::text = 'rating'::text)
               Rows Removed by Filter: 112
         ->  Nested Loop  (cost=9.31..7391.99 rows=1 width=46) (actual time=10.573..2369.275 rows=24803 loops=1)
               Join Filter: (t.id = mi_idx.movie_id)
               ->  Nested Loop  (cost=8.88..7391.46 rows=1 width=56) (actual time=10.550..2342.415 rows=8493 loops=1)
                     Join Filter: (kt.id = t.kind_id)
                     Rows Removed by Join Filter: 712
                     ->  Nested Loop  (cost=8.88..7390.35 rows=1 width=60) (actual time=10.541..2332.172 rows=8788 loops=1)
                           Join Filter: (mi.movie_id = t.id)
                           ->  Nested Loop  (cost=8.45..7389.84 rows=1 width=35) (actual time=5.340..2278.806 rows=22323 loops=1)
                                 Join Filter: (it1.id = mi.info_type_id)
                                 Rows Removed by Join Filter: 5071
                                 ->  Seq Scan on info_type it1  (cost=0.00..2.41 rows=1 width=4) (actual time=0.003..0.010 rows=1 loops=1)
                                       Filter: ((info)::text = 'countries'::text)
                                       Rows Removed by Filter: 112
                                 ->  Nested Loop  (cost=8.45..7387.38 rows=4 width=39) (actual time=5.336..2274.843 rows=27394 loops=1)
                                       ->  Nested Loop  (cost=8.02..7383.59 rows=2 width=31) (actual time=5.078..388.293 rows=22725 loops=1)
                                             ->  Nested Loop  (cost=7.60..7381.96 rows=3 width=16) (actual time=5.064..322.304 rows=24082 loops=1)
                                                   Join Filter: (ct.id = mc.company_type_id)
                                                   Rows Removed by Join Filter: 7
                                                   ->  Nested Loop  (cost=7.60..7380.76 rows=3 width=20) (actual time=5.052..315.320 rows=24082 loops=1)
                                                         ->  Nested Loop  (cost=7.17..7373.86 rows=12 width=8) (actual time=4.986..223.143 rows=6704 loops=1)
                                                               Join Filter: (cc.subject_id = cct1.id)
                                                               Rows Removed by Join Filter: 3832
                                                               ->  Seq Scan on comp_cast_type cct1  (cost=0.00..1.05 rows=1 width=4) (actual time=0.008..0.008 rows=1 loops=1)
                                                                     Filter: ((kind)::text = 'cast'::text)
                                                                     Rows Removed by Filter: 3
                                                               ->  Nested Loop  (cost=7.17..7372.22 rows=47 width=12) (actual time=4.977..221.673 rows=10536 loops=1)
                                                                     Join Filter: (cct2.id = cc.status_id)
                                                                     Rows Removed by Join Filter: 9488
                                                                     ->  Seq Scan on comp_cast_type cct2  (cost=0.00..1.05 rows=1 width=4) (actual time=0.003..0.004 rows=1 loops=1)
                                                                           Filter: ((kind)::text = 'complete'::text)
                                                                           Rows Removed by Filter: 3
                                                                     ->  Nested Loop  (cost=7.17..7368.82 rows=188 width=16) (actual time=4.961..218.955 rows=20024 loops=1)
                                                                           ->  Nested Loop  (cost=6.75..7304.56 rows=135 width=4) (actual time=4.546..142.661 rows=37091 loops=1)
                                                                                 ->  Seq Scan on keyword k  (cost=0.00..2961.55 rows=4 width=4) (actual time=1.150..20.706 rows=3 loops=1)
                                                                                       Filter: ((keyword)::text = ANY ('{murder,murder-in-title,blood,violence}'::text[]))
                                                                                       Rows Removed by Filter: 134167
                                                                                 ->  Bitmap Heap Scan on movie_keyword mk  (cost=6.75..1082.76 rows=299 width=8) (actual time=3.411..39.317 rows=12364 loops=3)
                                                                                       Recheck Cond: (keyword_id = k.id)
                                                                                       Heap Blocks: exact=26312
                                                                                       ->  Bitmap Index Scan on keyword_id_movie_keyword  (cost=0.00..6.67 rows=299 width=0) (actual time=1.881..1.881 rows=12364 loops=3)
                                                                                             Index Cond: (keyword_id = k.id)
                                                                           ->  Index Scan using movie_id_complete_cast on complete_cast cc  (cost=0.42..0.46 rows=2 width=12) (actual time=0.002..0.002 rows=1 loops=37091)
                                                                                 Index Cond: (movie_id = mk.movie_id)
                                                         ->  Index Scan using movie_id_movie_companies on movie_companies mc  (cost=0.43..0.57 rows=1 width=12) (actual time=0.009..0.013 rows=4 loops=6704)
                                                               Index Cond: (movie_id = mk.movie_id)
                                                               Filter: (((note)::text !~~ '%(USA)%'::text) AND ((note)::text ~~ '%(200%)%'::text))
                                                               Rows Removed by Filter: 8
                                                   ->  Materialize  (cost=0.00..1.06 rows=4 width=4) (actual time=0.000..0.000 rows=1 loops=24082)
                                                         ->  Seq Scan on company_type ct  (cost=0.00..1.04 rows=4 width=4) (actual time=0.009..0.009 rows=2 loops=1)
                                             ->  Index Scan using company_name_pkey on company_name cn  (cost=0.42..0.55 rows=1 width=23) (actual time=0.002..0.002 rows=1 loops=24082)
                                                   Index Cond: (id = mc.company_id)
                                                   Filter: ((country_code)::text <> '[us]'::text)
                                                   Rows Removed by Filter: 0
                                       ->  Index Scan using movie_id_movie_info on movie_info mi  (cost=0.43..1.87 rows=2 width=8) (actual time=0.070..0.083 rows=1 loops=22725)
                                             Index Cond: (movie_id = mk.movie_id)
                                             Filter: ((info)::text = ANY ('{Sweden,Norway,Germany,Denmark,Swedish,Danish,Norwegian,German,USA,American}'::text[]))
                                             Rows Removed by Filter: 203
                           ->  Index Scan using title_pkey on title t  (cost=0.43..0.49 rows=1 width=25) (actual time=0.002..0.002 rows=0 loops=22323)
                                 Index Cond: (id = mk.movie_id)
                                 Filter: (production_year > 2005)
                                 Rows Removed by Filter: 1
                     ->  Seq Scan on kind_type kt  (cost=0.00..1.09 rows=2 width=4) (actual time=0.001..0.001 rows=1 loops=8788)
                           Filter: ((kind)::text = ANY ('{movie,episode}'::text[]))
                           Rows Removed by Filter: 0
               ->  Index Scan using movie_id_movie_info_idx on movie_info_idx mi_idx  (cost=0.43..0.50 rows=3 width=14) (actual time=0.002..0.003 rows=3 loops=8493)
                     Index Cond: (movie_id = mk.movie_id)
                     Filter: ((info)::text < '8.5'::text)
                     Rows Removed by Filter: 0
 Planning Time: 88.445 ms
 Execution Time: 2374.093 ms
(77 rows)

SET
                                                                                                                QUERY PLAN                                                                                                                 
-------------------------------------------------------------------------------------------------------------------------------------------------------------------------------------------------------------------------------------------
 Aggregate  (cost=3945.49..3945.50 rows=1 width=96) (actual time=26.925..26.925 rows=1 loops=1)
   ->  Nested Loop  (cost=11.16..3945.49 rows=1 width=48) (actual time=8.024..26.643 rows=1620 loops=1)
         Join Filter: (it3.id = pi.info_type_id)
         Rows Removed by Join Filter: 3270
         ->  Seq Scan on info_type it3  (cost=0.00..2.41 rows=1 width=4) (actual time=0.008..0.014 rows=1 loops=1)
               Filter: ((info)::text = 'trivia'::text)
               Rows Removed by Filter: 112
         ->  Nested Loop  (cost=11.16..3943.06 rows=1 width=52) (actual time=7.997..26.303 rows=4890 loops=1)
               Join Filter: (n.id = pi.person_id)
               ->  Nested Loop  (cost=10.73..3922.80 rows=1 width=60) (actual time=7.968..24.865 rows=30 loops=1)
                     Join Filter: (cc.subject_id = cct1.id)
                     ->  Nested Loop  (cost=10.73..3921.74 rows=1 width=64) (actual time=7.965..24.829 rows=30 loops=1)
                           ->  Nested Loop  (cost=10.30..3919.44 rows=1 width=45) (actual time=7.936..24.734 rows=30 loops=1)
                                 Join Filter: (ci.role_id = rt.id)
                                 ->  Nested Loop  (cost=10.30..3918.28 rows=1 width=49) (actual time=7.923..24.681 rows=30 loops=1)
                                       Join Filter: (mi.info_type_id = it.id)
                                       ->  Nested Loop  (cost=10.30..3915.85 rows=1 width=53) (actual time=7.917..24.571 rows=30 loops=1)
                                             ->  Nested Loop  (cost=9.88..3913.83 rows=1 width=57) (actual time=7.902..24.133 rows=132 loops=1)
                                                   Join Filter: (t.id = mc.movie_id)
                                                   ->  Nested Loop  (cost=9.45..3908.99 rows=1 width=73) (actual time=7.873..24.038 rows=6 loops=1)
                                                         ->  Nested Loop  (cost=9.02..3902.76 rows=2 width=61) (actual time=7.020..23.373 rows=132 loops=1)
                                                               ->  Nested Loop  (cost=8.60..3899.85 rows=1 width=57) (actual time=6.957..22.721 rows=76 loops=1)
                                                                     Join Filter: (t.id = ci.movie_id)
                                                                     ->  Nested Loop  (cost=8.03..3852.25 rows=1 width=41) (actual time=6.921..21.046 rows=2 loops=1)
                                                                           Join Filter: (t.id = mi.movie_id)
                                                                           ->  Nested Loop  (cost=7.60..3809.27 rows=1 width=33) (actual time=6.849..20.670 rows=1 loops=1)
                                                                                 Join Filter: (cct2.id = cc.status_id)
                                                                                 ->  Seq Scan on comp_cast_type cct2  (cost=0.00..1.05 rows=1 width=4) (actual time=0.009..0.009 rows=1 loops=1)
                                                                                       Filter: ((kind)::text = 'complete+verified'::text)
                                                                                       Rows Removed by Filter: 3
                                                                                 ->  Nested Loop  (cost=7.60..3808.21 rows=1 width=37) (actual time=6.839..20.659 rows=1 loops=1)
                                                                                       Join Filter: (t.id = cc.movie_id)
                                                                                       ->  Nested Loop  (cost=7.18..3805.41 rows=1 width=25) (actual time=6.813..20.631 rows=1 loops=1)
                                                                                             ->  Nested Loop  (cost=6.75..3732.91 rows=34 width=4) (actual time=0.187..14.698 rows=414 loops=1)
                                                                                                   ->  Seq Scan on keyword k  (cost=0.00..2626.12 rows=1 width=4) (actual time=0.050..11.760 rows=1 loops=1)
                                                                                                         Filter: ((keyword)::text = 'computer-animation'::text)
                                                                                                         Rows Removed by Filter: 134169
                                                                                                   ->  Bitmap Heap Scan on movie_keyword mk  (cost=6.75..1103.80 rows=299 width=8) (actual time=0.135..2.881 rows=414 loops=1)
                                                                                                         Recheck Cond: (keyword_id = k.id)
                                                                                                         Heap Blocks: exact=358
                                                                                                         ->  Bitmap Index Scan on keyword_id_movie_keyword  (cost=0.00..6.67 rows=299 width=0) (actual time=0.078..0.078 rows=414 loops=1)
                                                                                                               Index Cond: (keyword_id = k.id)
                                                                                             ->  Index Scan using title_pkey on title t  (cost=0.43..2.12 rows=1 width=21) (actual time=0.014..0.014 rows=0 loops=414)
                                                                                                   Index Cond: (id = mk.movie_id)
                                                                                                   Filter: ((production_year >= 2000) AND (production_year <= 2010) AND ((title)::text = 'Shrek 2'::text))
                                                                                                   Rows Removed by Filter: 1
                                                                                       ->  Index Scan using movie_id_complete_cast on complete_cast cc  (cost=0.42..2.77 rows=2 width=12) (actual time=0.023..0.024 rows=1 loops=1)
                                                                                             Index Cond: (movie_id = mk.movie_id)
                                                                           ->  Index Scan using movie_id_movie_info on movie_info mi  (cost=0.43..42.97 rows=1 width=8) (actual time=0.069..0.373 rows=2 loops=1)
                                                                                 Index Cond: (movie_id = mk.movie_id)
                                                                                 Filter: ((info IS NOT NULL) AND (((info)::text ~~ 'Japan:%200%'::text) OR ((info)::text ~~ 'USA:%200%'::text)))
                                                                                 Rows Removed by Filter: 455
                                                                     ->  Index Scan using movie_id_cast_info on cast_info ci  (cost=0.56..47.58 rows=1 width=16) (actual time=0.020..0.829 rows=38 loops=2)
                                                                           Index Cond: (movie_id = mk.movie_id)
                                                                           Filter: ((note)::text = ANY ('{(voice),"(voice) (uncredited)","(voice: English version)"}'::text[]))
                                                                           Rows Removed by Filter: 191
                                                               ->  Index Only Scan using person_id_aka_name on aka_name an  (cost=0.42..2.89 rows=2 width=4) (actual time=0.007..0.008 rows=2 loops=76)
                                                                     Index Cond: (person_id = ci.person_id)
                                                                     Heap Fetches: 132
                                                         ->  Index Scan using char_name_pkey on char_name chn  (cost=0.43..2.22 rows=1 width=20) (actual time=0.005..0.005 rows=0 loops=132)
                                                               Index Cond: (id = ci.person_role_id)
                                                               Filter: ((name)::text = 'Queen'::text)
                                                               Rows Removed by Filter: 1
                                                   ->  Index Scan using movie_id_movie_companies on movie_companies mc  (cost=0.43..4.77 rows=5 width=8) (actual time=0.007..0.012 rows=22 loops=6)
                                                         Index Cond: (movie_id = mk.movie_id)
                                             ->  Index Scan using company_name_pkey on company_name cn  (cost=0.42..2.03 rows=1 width=4) (actual time=0.003..0.003 rows=0 loops=132)
                                                   Index Cond: (id = mc.company_id)
                                                   Filter: ((country_code)::text = '[us]'::text)
                                                   Rows Removed by Filter: 1
                                       ->  Seq Scan on info_type it  (cost=0.00..2.41 rows=1 width=4) (actual time=0.003..0.003 rows=1 loops=30)
                                             Filter: ((info)::text = 'release dates'::text)
                                             Rows Removed by Filter: 15
                                 ->  Seq Scan on role_type rt  (cost=0.00..1.15 rows=1 width=4) (actual time=0.001..0.001 rows=1 loops=30)
                                       Filter: ((role)::text = 'actress'::text)
                                       Rows Removed by Filter: 1
                           ->  Index Scan using name_pkey on name n  (cost=0.43..2.30 rows=1 width=19) (actual time=0.003..0.003 rows=1 loops=30)
                                 Index Cond: (id = ci.person_id)
                                 Filter: (((name)::text ~~ '%An%'::text) AND ((gender)::text = 'f'::text))
                     ->  Seq Scan on comp_cast_type cct1  (cost=0.00..1.05 rows=1 width=4) (actual time=0.000..0.000 rows=1 loops=30)
                           Filter: ((kind)::text = 'cast'::text)
               ->  Index Scan using person_id_person_info on person_info pi  (cost=0.43..19.93 rows=26 width=8) (actual time=0.002..0.027 rows=163 loops=30)
                     Index Cond: (person_id = an.person_id)
 Planning Time: 118.976 ms
 Execution Time: 27.263 ms
(84 rows)

SET
                                                                                                                 QUERY PLAN                                                                                                                 
--------------------------------------------------------------------------------------------------------------------------------------------------------------------------------------------------------------------------------------------
 Aggregate  (cost=4148.76..4148.77 rows=1 width=96) (actual time=178.841..178.841 rows=1 loops=1)
   ->  Nested Loop  (cost=11.16..4148.76 rows=1 width=48) (actual time=27.711..178.826 rows=15 loops=1)
         ->  Nested Loop  (cost=10.74..4146.73 rows=1 width=52) (actual time=27.699..178.576 rows=66 loops=1)
               Join Filter: (pi.info_type_id = it3.id)
               Rows Removed by Join Filter: 10692
               ->  Nested Loop  (cost=10.74..4144.31 rows=1 width=56) (actual time=26.423..86.577 rows=10758 loops=1)
                     Join Filter: (mi.info_type_id = it.id)
                     ->  Nested Loop  (cost=10.74..4141.88 rows=1 width=60) (actual time=26.416..53.804 rows=10758 loops=1)
                           Join Filter: (n.id = pi.person_id)
                           ->  Nested Loop  (cost=10.31..4121.62 rows=1 width=68) (actual time=26.406..50.211 rows=66 loops=1)
                                 ->  Nested Loop  (cost=9.88..4117.61 rows=1 width=56) (actual time=26.391..50.070 rows=66 loops=1)
                                       Join Filter: (n.id = an.person_id)
                                       ->  Nested Loop  (cost=9.46..4114.69 rows=1 width=52) (actual time=26.378..49.979 rows=22 loops=1)
                                             Join Filter: (mi.movie_id = t.id)
                                             ->  Nested Loop  (cost=9.03..4110.43 rows=2 width=55) (actual time=9.030..49.571 rows=193 loops=1)
                                                   Join Filter: (mc.movie_id = mi.movie_id)
                                                   ->  Nested Loop  (cost=8.59..3981.80 rows=3 width=47) (actual time=3.247..35.894 rows=167 loops=1)
                                                         Join Filter: (ci.movie_id = mc.movie_id)
                                                         ->  Nested Loop  (cost=8.16..3976.97 rows=1 width=39) (actual time=3.216..35.661 rows=6 loops=1)
                                                               ->  Nested Loop  (cost=7.73..3974.67 rows=1 width=20) (actual time=1.364..33.288 rows=175 loops=1)
                                                                     Join Filter: (rt.id = ci.role_id)
                                                                     Rows Removed by Join Filter: 528
                                                                     ->  Seq Scan on role_type rt  (cost=0.00..1.15 rows=1 width=4) (actual time=0.019..0.020 rows=1 loops=1)
                                                                           Filter: ((role)::text = 'actress'::text)
                                                                           Rows Removed by Filter: 11
                                                                     ->  Nested Loop  (cost=7.73..3973.48 rows=3 width=24) (actual time=1.042..33.197 rows=703 loops=1)
                                                                           ->  Nested Loop  (cost=7.17..3830.71 rows=3 width=8) (actual time=0.999..15.546 rows=23 loops=1)
                                                                                 Join Filter: (cc.status_id = cct2.id)
                                                                                 Rows Removed by Join Filter: 51
                                                                                 ->  Seq Scan on comp_cast_type cct2  (cost=0.00..1.05 rows=1 width=4) (actual time=0.009..0.010 rows=1 loops=1)
                                                                                       Filter: ((kind)::text = 'complete+verified'::text)
                                                                                       Rows Removed by Filter: 3
                                                                                 ->  Nested Loop  (cost=7.17..3829.51 rows=12 width=12) (actual time=0.386..15.522 rows=74 loops=1)
                                                                                       Join Filter: (cc.subject_id = cct1.id)
                                                                                       Rows Removed by Join Filter: 16
                                                                                       ->  Seq Scan on comp_cast_type cct1  (cost=0.00..1.05 rows=1 width=4) (actual time=0.001..0.002 rows=1 loops=1)
                                                                                             Filter: ((kind)::text = 'cast'::text)
                                                                                             Rows Removed by Filter: 3
                                                                                       ->  Nested Loop  (cost=7.17..3827.87 rows=47 width=16) (actual time=0.383..15.500 rows=90 loops=1)
                                                                                             ->  Nested Loop  (cost=6.75..3732.91 rows=34 width=4) (actual time=0.147..13.128 rows=414 loops=1)
                                                                                                   ->  Seq Scan on keyword k  (cost=0.00..2626.12 rows=1 width=4) (actual time=0.028..11.348 rows=1 loops=1)
                                                                                                         Filter: ((keyword)::text = 'computer-animation'::text)
                                                                                                         Rows Removed by Filter: 134169
                                                                                                   ->  Bitmap Heap Scan on movie_keyword mk  (cost=6.75..1103.80 rows=299 width=8) (actual time=0.117..1.731 rows=414 loops=1)
                                                                                                         Recheck Cond: (keyword_id = k.id)
                                                                                                         Heap Blocks: exact=358
                                                                                                         ->  Bitmap Index Scan on keyword_id_movie_keyword  (cost=0.00..6.67 rows=299 width=0) (actual time=0.062..0.062 rows=414 loops=1)
                                                                                                               Index Cond: (keyword_id = k.id)
                                                                                             ->  Index Scan using movie_id_complete_cast on complete_cast cc  (cost=0.42..2.77 rows=2 width=12) (actual time=0.005..0.005 rows=0 loops=414)
                                                                                                   Index Cond: (movie_id = mk.movie_id)
                                                                           ->  Index Scan using movie_id_cast_info on cast_info ci  (cost=0.56..47.58 rows=1 width=16) (actual time=0.092..0.763 rows=31 loops=23)
                                                                                 Index Cond: (movie_id = mk.movie_id)
                                                                                 Filter: ((note)::text = ANY ('{(voice),"(voice) (uncredited)","(voice: English version)"}'::text[]))
                                                                                 Rows Removed by Filter: 116
                                                               ->  Index Scan using name_pkey on name n  (cost=0.43..2.30 rows=1 width=19) (actual time=0.013..0.013 rows=0 loops=175)
                                                                     Index Cond: (id = ci.person_id)
                                                                     Filter: (((name)::text ~~ '%An%'::text) AND ((gender)::text = 'f'::text))
                                                                     Rows Removed by Filter: 1
                                                         ->  Index Scan using movie_id_movie_companies on movie_companies mc  (cost=0.43..4.77 rows=5 width=8) (actual time=0.020..0.032 rows=28 loops=6)
                                                               Index Cond: (movie_id = mk.movie_id)
                                                   ->  Index Scan using movie_id_movie_info on movie_info mi  (cost=0.43..42.86 rows=1 width=8) (actual time=0.018..0.081 rows=1 loops=167)
                                                         Index Cond: (movie_id = mk.movie_id)
                                                         Filter: ((info)::text ~~ 'USA:%200%'::text)
                                                         Rows Removed by Filter: 422
                                             ->  Index Scan using title_pkey on title t  (cost=0.43..2.12 rows=1 width=21) (actual time=0.002..0.002 rows=0 loops=193)
                                                   Index Cond: (id = mk.movie_id)
                                                   Filter: ((production_year >= 2000) AND (production_year <= 2005) AND ((title)::text = 'Shrek 2'::text))
                                                   Rows Removed by Filter: 1
                                       ->  Index Only Scan using person_id_aka_name on aka_name an  (cost=0.42..2.89 rows=2 width=4) (actual time=0.002..0.003 rows=3 loops=22)
                                             Index Cond: (person_id = ci.person_id)
                                             Heap Fetches: 66
                                 ->  Index Scan using char_name_pkey on char_name chn  (cost=0.43..2.22 rows=1 width=20) (actual time=0.002..0.002 rows=1 loops=66)
                                       Index Cond: (id = ci.person_role_id)
                                       Filter: ((name)::text = 'Queen'::text)
                           ->  Index Scan using person_id_person_info on person_info pi  (cost=0.43..19.93 rows=26 width=8) (actual time=0.001..0.028 rows=163 loops=66)
                                 Index Cond: (person_id = an.person_id)
                     ->  Seq Scan on info_type it  (cost=0.00..2.41 rows=1 width=4) (actual time=0.003..0.003 rows=1 loops=10758)
                           Filter: ((info)::text = 'release dates'::text)
                           Rows Removed by Filter: 15
               ->  Seq Scan on info_type it3  (cost=0.00..2.41 rows=1 width=4) (actual time=0.003..0.008 rows=1 loops=10758)
                     Filter: ((info)::text = 'height'::text)
                     Rows Removed by Filter: 111
         ->  Index Scan using company_name_pkey on company_name cn  (cost=0.42..2.03 rows=1 width=4) (actual time=0.003..0.003 rows=0 loops=66)
               Index Cond: (id = mc.company_id)
               Filter: ((country_code)::text = '[us]'::text)
               Rows Removed by Filter: 1
 Planning Time: 116.607 ms
 Execution Time: 179.151 ms
(88 rows)

SET
                                                                                                                QUERY PLAN                                                                                                                 
-------------------------------------------------------------------------------------------------------------------------------------------------------------------------------------------------------------------------------------------
 Aggregate  (cost=4547.37..4547.38 rows=1 width=96) (actual time=563.623..563.623 rows=1 loops=1)
   ->  Nested Loop  (cost=11.16..4547.36 rows=1 width=48) (actual time=74.962..560.297 rows=16308 loops=1)
         Join Filter: (cc.status_id = cct2.id)
         Rows Removed by Join Filter: 11714
         ->  Nested Loop  (cost=11.16..4546.30 rows=1 width=52) (actual time=18.124..532.429 rows=28022 loops=1)
               ->  Nested Loop  (cost=10.74..4544.27 rows=1 width=56) (actual time=17.735..307.301 rows=149974 loops=1)
                     Join Filter: (n.id = an.person_id)
                     ->  Nested Loop  (cost=10.32..4541.38 rows=1 width=68) (actual time=17.705..199.354 rows=36250 loops=1)
                           Join Filter: (it3.id = pi.info_type_id)
                           Rows Removed by Join Filter: 117713
                           ->  Seq Scan on info_type it3  (cost=0.00..2.41 rows=1 width=4) (actual time=0.008..0.015 rows=1 loops=1)
                                 Filter: ((info)::text = 'trivia'::text)
                                 Rows Removed by Filter: 112
                           ->  Nested Loop  (cost=10.32..4538.95 rows=1 width=72) (actual time=17.694..188.857 rows=153963 loops=1)
                                 Join Filter: (n.id = pi.person_id)
                                 ->  Nested Loop  (cost=9.89..4518.69 rows=1 width=64) (actual time=17.659..144.058 rows=1206 loops=1)
                                       Join Filter: (ci.role_id = rt.id)
                                       ->  Nested Loop  (cost=9.89..4517.53 rows=1 width=68) (actual time=17.652..142.679 rows=1206 loops=1)
                                             ->  Nested Loop  (cost=9.46..4515.32 rows=1 width=56) (actual time=17.623..140.094 rows=1455 loops=1)
                                                   Join Filter: (cc.subject_id = cct1.id)
                                                   ->  Nested Loop  (cost=9.46..4514.26 rows=1 width=60) (actual time=17.616..138.741 rows=1455 loops=1)
                                                         Join Filter: (t.id = mc.movie_id)
                                                         ->  Nested Loop  (cost=9.03..4509.42 rows=1 width=76) (actual time=17.579..137.688 rows=58 loops=1)
                                                               Join Filter: (mi.info_type_id = it.id)
                                                               ->  Nested Loop  (cost=9.03..4506.99 rows=1 width=80) (actual time=17.573..137.457 rows=58 loops=1)
                                                                     ->  Nested Loop  (cost=8.61..4504.20 rows=1 width=68) (actual time=15.512..137.110 rows=75 loops=1)
                                                                           ->  Nested Loop  (cost=8.18..4501.91 rows=1 width=49) (actual time=2.614..101.081 rows=7505 loops=1)
                                                                                 Join Filter: (t.id = ci.movie_id)
                                                                                 ->  Nested Loop  (cost=7.61..4406.63 rows=2 width=33) (actual time=0.773..43.130 rows=357 loops=1)
                                                                                       Join Filter: (t.id = mi.movie_id)
                                                                                       ->  Nested Loop  (cost=7.18..3804.91 rows=14 width=25) (actual time=0.164..18.265 rows=249 loops=1)
                                                                                             ->  Nested Loop  (cost=6.75..3732.91 rows=34 width=4) (actual time=0.150..14.380 rows=414 loops=1)
                                                                                                   ->  Seq Scan on keyword k  (cost=0.00..2626.12 rows=1 width=4) (actual time=0.029..12.784 rows=1 loops=1)
                                                                                                         Filter: ((keyword)::text = 'computer-animation'::text)
                                                                                                         Rows Removed by Filter: 134169
                                                                                                   ->  Bitmap Heap Scan on movie_keyword mk  (cost=6.75..1103.80 rows=299 width=8) (actual time=0.119..1.529 rows=414 loops=1)
                                                                                                         Recheck Cond: (keyword_id = k.id)
                                                                                                         Heap Blocks: exact=358
                                                                                                         ->  Bitmap Index Scan on keyword_id_movie_keyword  (cost=0.00..6.67 rows=299 width=0) (actual time=0.065..0.065 rows=414 loops=1)
                                                                                                               Index Cond: (keyword_id = k.id)
                                                                                             ->  Index Scan using title_pkey on title t  (cost=0.43..2.12 rows=1 width=21) (actual time=0.009..0.009 rows=1 loops=414)
                                                                                                   Index Cond: (id = mk.movie_id)
                                                                                                   Filter: ((production_year >= 2000) AND (production_year <= 2010))
                                                                                                   Rows Removed by Filter: 0
                                                                                       ->  Index Scan using movie_id_movie_info on movie_info mi  (cost=0.43..42.97 rows=1 width=8) (actual time=0.045..0.099 rows=1 loops=249)
                                                                                             Index Cond: (movie_id = mk.movie_id)
                                                                                             Filter: ((info IS NOT NULL) AND (((info)::text ~~ 'Japan:%200%'::text) OR ((info)::text ~~ 'USA:%200%'::text)))
                                                                                             Rows Removed by Filter: 88
                                                                                 ->  Index Scan using movie_id_cast_info on cast_info ci  (cost=0.56..47.63 rows=1 width=16) (actual time=0.028..0.159 rows=21 loops=357)
                                                                                       Index Cond: (movie_id = mk.movie_id)
                                                                                       Filter: ((note)::text = ANY ('{(voice),"(voice: Japanese version)","(voice) (uncredited)","(voice: English version)"}'::text[]))
                                                                                       Rows Removed by Filter: 72
                                                                           ->  Index Scan using name_pkey on name n  (cost=0.43..2.29 rows=1 width=19) (actual time=0.005..0.005 rows=0 loops=7505)
                                                                                 Index Cond: (id = ci.person_id)
                                                                                 Filter: (((name)::text ~~ '%An%'::text) AND ((gender)::text = 'f'::text))
                                                                                 Rows Removed by Filter: 1
                                                                     ->  Index Scan using movie_id_complete_cast on complete_cast cc  (cost=0.42..2.77 rows=2 width=12) (actual time=0.004..0.004 rows=1 loops=75)
                                                                           Index Cond: (movie_id = t.id)
                                                               ->  Seq Scan on info_type it  (cost=0.00..2.41 rows=1 width=4) (actual time=0.003..0.003 rows=1 loops=58)
                                                                     Filter: ((info)::text = 'release dates'::text)
                                                                     Rows Removed by Filter: 15
                                                         ->  Index Scan using movie_id_movie_companies on movie_companies mc  (cost=0.43..4.77 rows=5 width=8) (actual time=0.007..0.013 rows=25 loops=58)
                                                               Index Cond: (movie_id = mk.movie_id)
                                                   ->  Seq Scan on comp_cast_type cct1  (cost=0.00..1.05 rows=1 width=4) (actual time=0.000..0.000 rows=1 loops=1455)
                                                         Filter: ((kind)::text = 'cast'::text)
                                             ->  Index Scan using char_name_pkey on char_name chn  (cost=0.43..2.21 rows=1 width=20) (actual time=0.001..0.001 rows=1 loops=1455)
                                                   Index Cond: (id = ci.person_role_id)
                                       ->  Seq Scan on role_type rt  (cost=0.00..1.15 rows=1 width=4) (actual time=0.001..0.001 rows=1 loops=1206)
                                             Filter: ((role)::text = 'actress'::text)
                                             Rows Removed by Filter: 1
                                 ->  Index Scan using person_id_person_info on person_info pi  (cost=0.43..19.93 rows=26 width=8) (actual time=0.002..0.019 rows=128 loops=1206)
                                       Index Cond: (person_id = ci.person_id)
                     ->  Index Only Scan using person_id_aka_name on aka_name an  (cost=0.42..2.87 rows=2 width=4) (actual time=0.001..0.002 rows=4 loops=36250)
                           Index Cond: (person_id = pi.person_id)
                           Heap Fetches: 149974
               ->  Index Scan using company_name_pkey on company_name cn  (cost=0.42..2.03 rows=1 width=4) (actual time=0.001..0.001 rows=0 loops=149974)
                     Index Cond: (id = mc.company_id)
                     Filter: ((country_code)::text = '[us]'::text)
                     Rows Removed by Filter: 1
         ->  Seq Scan on comp_cast_type cct2  (cost=0.00..1.05 rows=1 width=4) (actual time=0.001..0.001 rows=1 loops=28022)
               Filter: ((kind)::text = 'complete+verified'::text)
               Rows Removed by Filter: 3
 Planning Time: 119.877 ms
 Execution Time: 563.960 ms
(84 rows)

SET
                                                                               QUERY PLAN                                                                                
-------------------------------------------------------------------------------------------------------------------------------------------------------------------------
 Aggregate  (cost=3832.24..3832.25 rows=1 width=32) (actual time=594.013..594.013 rows=1 loops=1)
   ->  Nested Loop  (cost=8.03..3832.22 rows=7 width=17) (actual time=7.434..592.886 rows=7834 loops=1)
         Join Filter: (mc.movie_id = t.id)
         ->  Nested Loop  (cost=7.60..3828.74 rows=7 width=8) (actual time=7.413..557.290 rows=7834 loops=1)
               ->  Nested Loop  (cost=7.18..3752.99 rows=170 width=12) (actual time=6.669..268.201 rows=148552 loops=1)
                     ->  Nested Loop  (cost=6.75..3732.91 rows=34 width=4) (actual time=6.626..81.905 rows=41840 loops=1)
                           ->  Seq Scan on keyword k  (cost=0.00..2626.12 rows=1 width=4) (actual time=0.501..11.624 rows=1 loops=1)
                                 Filter: ((keyword)::text = 'character-name-in-title'::text)
                                 Rows Removed by Filter: 134169
                           ->  Bitmap Heap Scan on movie_keyword mk  (cost=6.75..1103.80 rows=299 width=8) (actual time=6.122..65.885 rows=41840 loops=1)
                                 Recheck Cond: (keyword_id = k.id)
                                 Heap Blocks: exact=11541
                                 ->  Bitmap Index Scan on keyword_id_movie_keyword  (cost=0.00..6.67 rows=299 width=0) (actual time=4.062..4.062 rows=41840 loops=1)
                                       Index Cond: (keyword_id = k.id)
                     ->  Index Scan using movie_id_movie_companies on movie_companies mc  (cost=0.43..0.54 rows=5 width=8) (actual time=0.003..0.004 rows=4 loops=41840)
                           Index Cond: (movie_id = mk.movie_id)
               ->  Index Scan using company_name_pkey on company_name cn  (cost=0.42..0.45 rows=1 width=4) (actual time=0.002..0.002 rows=0 loops=148552)
                     Index Cond: (id = mc.company_id)
                     Filter: ((country_code)::text = '[de]'::text)
                     Rows Removed by Filter: 1
         ->  Index Scan using title_pkey on title t  (cost=0.43..0.49 rows=1 width=21) (actual time=0.004..0.004 rows=1 loops=7834)
               Index Cond: (id = mk.movie_id)
 Planning Time: 2.237 ms
 Execution Time: 594.209 ms
(24 rows)

SET
                                                                               QUERY PLAN                                                                                
-------------------------------------------------------------------------------------------------------------------------------------------------------------------------
 Aggregate  (cost=3829.74..3829.75 rows=1 width=32) (actual time=566.794..566.794 rows=1 loops=1)
   ->  Nested Loop  (cost=8.03..3829.73 rows=2 width=17) (actual time=9.198..565.998 rows=5228 loops=1)
         Join Filter: (mc.movie_id = t.id)
         ->  Nested Loop  (cost=7.60..3828.74 rows=2 width=8) (actual time=9.179..542.002 rows=5228 loops=1)
               ->  Nested Loop  (cost=7.18..3752.99 rows=170 width=12) (actual time=6.717..263.504 rows=148552 loops=1)
                     ->  Nested Loop  (cost=6.75..3732.91 rows=34 width=4) (actual time=6.679..80.327 rows=41840 loops=1)
                           ->  Seq Scan on keyword k  (cost=0.00..2626.12 rows=1 width=4) (actual time=0.658..11.717 rows=1 loops=1)
                                 Filter: ((keyword)::text = 'character-name-in-title'::text)
                                 Rows Removed by Filter: 134169
                           ->  Bitmap Heap Scan on movie_keyword mk  (cost=6.75..1103.80 rows=299 width=8) (actual time=6.018..64.244 rows=41840 loops=1)
                                 Recheck Cond: (keyword_id = k.id)
                                 Heap Blocks: exact=11541
                                 ->  Bitmap Index Scan on keyword_id_movie_keyword  (cost=0.00..6.67 rows=299 width=0) (actual time=3.962..3.962 rows=41840 loops=1)
                                       Index Cond: (keyword_id = k.id)
                     ->  Index Scan using movie_id_movie_companies on movie_companies mc  (cost=0.43..0.54 rows=5 width=8) (actual time=0.003..0.004 rows=4 loops=41840)
                           Index Cond: (movie_id = mk.movie_id)
               ->  Index Scan using company_name_pkey on company_name cn  (cost=0.42..0.45 rows=1 width=4) (actual time=0.002..0.002 rows=0 loops=148552)
                     Index Cond: (id = mc.company_id)
                     Filter: ((country_code)::text = '[nl]'::text)
                     Rows Removed by Filter: 1
         ->  Index Scan using title_pkey on title t  (cost=0.43..0.49 rows=1 width=21) (actual time=0.004..0.004 rows=1 loops=5228)
               Index Cond: (id = mk.movie_id)
 Planning Time: 2.517 ms
 Execution Time: 566.986 ms
(24 rows)

SET
                                                                               QUERY PLAN                                                                                
-------------------------------------------------------------------------------------------------------------------------------------------------------------------------
 Aggregate  (cost=3829.24..3829.25 rows=1 width=32) (actual time=542.355..542.356 rows=1 loops=1)
   ->  Nested Loop  (cost=8.03..3829.24 rows=1 width=17) (actual time=542.351..542.351 rows=0 loops=1)
         Join Filter: (mc.movie_id = t.id)
         ->  Nested Loop  (cost=7.60..3828.74 rows=1 width=8) (actual time=542.351..542.351 rows=0 loops=1)
               ->  Nested Loop  (cost=7.18..3752.99 rows=170 width=12) (actual time=6.708..266.874 rows=148552 loops=1)
                     ->  Nested Loop  (cost=6.75..3732.91 rows=34 width=4) (actual time=6.669..81.325 rows=41840 loops=1)
                           ->  Seq Scan on keyword k  (cost=0.00..2626.12 rows=1 width=4) (actual time=0.648..11.755 rows=1 loops=1)
                                 Filter: ((keyword)::text = 'character-name-in-title'::text)
                                 Rows Removed by Filter: 134169
                           ->  Bitmap Heap Scan on movie_keyword mk  (cost=6.75..1103.80 rows=299 width=8) (actual time=6.018..65.293 rows=41840 loops=1)
                                 Recheck Cond: (keyword_id = k.id)
                                 Heap Blocks: exact=11541
                                 ->  Bitmap Index Scan on keyword_id_movie_keyword  (cost=0.00..6.67 rows=299 width=0) (actual time=3.965..3.965 rows=41840 loops=1)
                                       Index Cond: (keyword_id = k.id)
                     ->  Index Scan using movie_id_movie_companies on movie_companies mc  (cost=0.43..0.54 rows=5 width=8) (actual time=0.003..0.004 rows=4 loops=41840)
                           Index Cond: (movie_id = mk.movie_id)
               ->  Index Scan using company_name_pkey on company_name cn  (cost=0.42..0.45 rows=1 width=4) (actual time=0.002..0.002 rows=0 loops=148552)
                     Index Cond: (id = mc.company_id)
                     Filter: ((country_code)::text = '[sm]'::text)
                     Rows Removed by Filter: 1
         ->  Index Scan using title_pkey on title t  (cost=0.43..0.49 rows=1 width=21) (never executed)
               Index Cond: (id = mk.movie_id)
 Planning Time: 2.492 ms
 Execution Time: 542.542 ms
(24 rows)

SET
                                                                             QUERY PLAN                                                                              
---------------------------------------------------------------------------------------------------------------------------------------------------------------------
 Aggregate  (cost=3845.82..3845.83 rows=1 width=32) (actual time=725.470..725.470 rows=1 loops=1)
   ->  Nested Loop  (cost=8.03..3845.67 rows=61 width=17) (actual time=6.897..717.318 rows=68316 loops=1)
         ->  Nested Loop  (cost=7.61..3769.92 rows=170 width=21) (actual time=6.834..429.495 rows=148552 loops=1)
               Join Filter: (t.id = mc.movie_id)
               ->  Nested Loop  (cost=7.18..3749.42 rows=34 width=25) (actual time=6.780..248.140 rows=41840 loops=1)
                     ->  Nested Loop  (cost=6.75..3732.91 rows=34 width=4) (actual time=6.759..76.463 rows=41840 loops=1)
                           ->  Seq Scan on keyword k  (cost=0.00..2626.12 rows=1 width=4) (actual time=0.677..11.778 rows=1 loops=1)
                                 Filter: ((keyword)::text = 'character-name-in-title'::text)
                                 Rows Removed by Filter: 134169
                           ->  Bitmap Heap Scan on movie_keyword mk  (cost=6.75..1103.80 rows=299 width=8) (actual time=6.079..59.987 rows=41840 loops=1)
                                 Recheck Cond: (keyword_id = k.id)
                                 Heap Blocks: exact=11541
                                 ->  Bitmap Index Scan on keyword_id_movie_keyword  (cost=0.00..6.67 rows=299 width=0) (actual time=3.989..3.989 rows=41840 loops=1)
                                       Index Cond: (keyword_id = k.id)
                     ->  Index Scan using title_pkey on title t  (cost=0.43..0.49 rows=1 width=21) (actual time=0.004..0.004 rows=1 loops=41840)
                           Index Cond: (id = mk.movie_id)
               ->  Index Scan using movie_id_movie_companies on movie_companies mc  (cost=0.43..0.54 rows=5 width=8) (actual time=0.002..0.004 rows=4 loops=41840)
                     Index Cond: (movie_id = mk.movie_id)
         ->  Index Scan using company_name_pkey on company_name cn  (cost=0.42..0.45 rows=1 width=4) (actual time=0.002..0.002 rows=0 loops=148552)
               Index Cond: (id = mc.company_id)
               Filter: ((country_code)::text = '[us]'::text)
               Rows Removed by Filter: 1
 Planning Time: 2.506 ms
 Execution Time: 725.663 ms
(24 rows)

SET
                                                                                                         QUERY PLAN                                                                                                         
----------------------------------------------------------------------------------------------------------------------------------------------------------------------------------------------------------------------------
 Aggregate  (cost=8691.91..8691.92 rows=1 width=128) (actual time=1343.628..1343.628 rows=1 loops=1)
   ->  Nested Loop  (cost=1012.70..8691.90 rows=1 width=80) (actual time=26.478..1343.141 rows=757 loops=1)
         ->  Nested Loop  (cost=1012.27..8690.88 rows=1 width=69) (actual time=26.439..1333.026 rows=1021 loops=1)
               ->  Nested Loop  (cost=1012.13..8690.69 rows=1 width=73) (actual time=26.429..1331.112 rows=1021 loops=1)
                     Join Filter: (t.id = mi.movie_id)
                     ->  Nested Loop  (cost=1011.70..8672.67 rows=1 width=47) (actual time=13.773..1150.634 rows=1736 loops=1)
                           Join Filter: (t.id = ci.movie_id)
                           ->  Nested Loop  (cost=1011.13..8643.58 rows=1 width=39) (actual time=7.063..316.253 rows=2023 loops=1)
                                 Join Filter: (mi_idx.movie_id = t.id)
                                 ->  Nested Loop  (cost=1010.70..8642.75 rows=1 width=18) (actual time=7.037..221.518 rows=16283 loops=1)
                                       ->  Gather  (cost=1010.57..8642.58 rows=1 width=22) (actual time=6.310..184.349 rows=35346 loops=1)
                                             Workers Planned: 2
                                             Workers Launched: 2
                                             ->  Nested Loop  (cost=10.57..7642.48 rows=1 width=22) (actual time=5.020..313.626 rows=11782 loops=3)
                                                   ->  Nested Loop  (cost=10.44..7642.32 rows=1 width=26) (actual time=5.002..300.433 rows=11782 loops=3)
                                                         ->  Hash Join  (cost=10.02..7640.66 rows=2 width=14) (actual time=4.690..254.191 rows=21234 loops=3)
                                                               Hash Cond: (mi_idx.info_type_id = it2.id)
                                                               ->  Nested Loop  (cost=7.60..7637.43 rows=294 width=18) (actual time=4.601..245.102 rows=63896 loops=3)
                                                                     ->  Nested Loop  (cost=7.17..7557.95 rows=98 width=4) (actual time=4.555..125.324 rows=25571 loops=3)
                                                                           ->  Parallel Index Scan using keyword_pkey on keyword k  (cost=0.42..4353.35 rows=3 width=4) (actual time=0.291..23.114 rows=2 loops=3)
                                                                                 Filter: ((keyword)::text = ANY ('{murder,violence,blood,gore,death,female-nudity,hospital}'::text[]))
                                                                                 Rows Removed by Filter: 44721
                                                                           ->  Bitmap Heap Scan on movie_keyword mk  (cost=6.75..1065.21 rows=299 width=8) (actual time=3.172..42.571 rows=10959 loops=7)
                                                                                 Recheck Cond: (keyword_id = k.id)
                                                                                 Heap Blocks: exact=12389
                                                                                 ->  Bitmap Index Scan on keyword_id_movie_keyword  (cost=0.00..6.67 rows=299 width=0) (actual time=1.835..1.835 rows=10959 loops=7)
                                                                                       Index Cond: (keyword_id = k.id)
                                                                     ->  Index Scan using movie_id_movie_info_idx on movie_info_idx mi_idx  (cost=0.43..0.78 rows=3 width=14) (actual time=0.004..0.004 rows=2 loops=76714)
                                                                           Index Cond: (movie_id = mk.movie_id)
                                                               ->  Hash  (cost=2.41..2.41 rows=1 width=4) (actual time=0.028..0.029 rows=1 loops=3)
                                                                     Buckets: 1024  Batches: 1  Memory Usage: 9kB
                                                                     ->  Seq Scan on info_type it2  (cost=0.00..2.41 rows=1 width=4) (actual time=0.022..0.024 rows=1 loops=3)
                                                                           Filter: ((info)::text = 'votes'::text)
                                                                           Rows Removed by Filter: 112
                                                         ->  Index Scan using movie_id_complete_cast on complete_cast cc  (cost=0.42..0.81 rows=2 width=12) (actual time=0.002..0.002 rows=1 loops=63701)
                                                               Index Cond: (movie_id = mi_idx.movie_id)
                                                   ->  Index Scan using comp_cast_type_pkey on comp_cast_type cct1  (cost=0.13..0.15 rows=1 width=4) (actual time=0.001..0.001 rows=1 loops=35346)
                                                         Index Cond: (id = cc.subject_id)
                                                         Filter: ((kind)::text = ANY ('{cast,crew}'::text[]))
                                       ->  Index Scan using comp_cast_type_pkey on comp_cast_type cct2  (cost=0.13..0.15 rows=1 width=4) (actual time=0.001..0.001 rows=0 loops=35346)
                                             Index Cond: (id = cc.status_id)
                                             Filter: ((kind)::text = 'complete+verified'::text)
                                             Rows Removed by Filter: 1
                                 ->  Index Scan using title_pkey on title t  (cost=0.43..0.82 rows=1 width=21) (actual time=0.006..0.006 rows=0 loops=16283)
                                       Index Cond: (id = mk.movie_id)
                                       Filter: (production_year > 2000)
                                       Rows Removed by Filter: 1
                           ->  Index Scan using movie_id_cast_info on cast_info ci  (cost=0.56..29.08 rows=1 width=8) (actual time=0.290..0.412 rows=1 loops=2023)
                                 Index Cond: (movie_id = mk.movie_id)
                                 Filter: ((note)::text = ANY ('{(writer),"(head writer)","(written by)",(story),"(story editor)"}'::text[]))
                                 Rows Removed by Filter: 137
                     ->  Index Scan using movie_id_movie_info on movie_info mi  (cost=0.43..18.01 rows=1 width=50) (actual time=0.103..0.103 rows=1 loops=1736)
                           Index Cond: (movie_id = mk.movie_id)
                           Filter: ((info)::text = ANY ('{Horror,Thriller}'::text[]))
                           Rows Removed by Filter: 226
               ->  Index Scan using info_type_pkey on info_type it1  (cost=0.14..0.16 rows=1 width=4) (actual time=0.001..0.001 rows=1 loops=1021)
                     Index Cond: (id = mi.info_type_id)
                     Filter: ((info)::text = 'genres'::text)
         ->  Index Scan using name_pkey on name n  (cost=0.43..1.03 rows=1 width=19) (actual time=0.009..0.009 rows=1 loops=1021)
               Index Cond: (id = ci.person_id)
               Filter: ((gender)::text = 'm'::text)
               Rows Removed by Filter: 0
 Planning Time: 73.324 ms
 Execution Time: 1344.061 ms
(64 rows)

SET
                                                                                                           QUERY PLAN                                                                                                            
---------------------------------------------------------------------------------------------------------------------------------------------------------------------------------------------------------------------------------
 Aggregate  (cost=8689.58..8689.59 rows=1 width=128) (actual time=323.445..323.446 rows=1 loops=1)
   ->  Nested Loop  (cost=1010.42..8689.57 rows=1 width=80) (actual time=76.390..323.412 rows=28 loops=1)
         ->  Nested Loop  (cost=1010.29..8689.41 rows=1 width=84) (actual time=76.381..323.369 rows=28 loops=1)
               ->  Nested Loop  (cost=1010.16..8689.23 rows=1 width=88) (actual time=76.372..323.223 rows=108 loops=1)
                     Join Filter: (t.id = cc.movie_id)
                     ->  Nested Loop  (cost=1009.74..8688.40 rows=1 width=100) (actual time=76.349..322.880 rows=108 loops=1)
                           ->  Nested Loop  (cost=1009.31..8687.37 rows=1 width=89) (actual time=76.323..322.318 rows=108 loops=1)
                                 ->  Nested Loop  (cost=1009.17..8687.19 rows=1 width=93) (actual time=76.310..321.935 rows=324 loops=1)
                                       Join Filter: (t.id = mi_idx.movie_id)
                                       ->  Nested Loop  (cost=1008.74..8686.37 rows=1 width=79) (actual time=76.279..321.483 rows=108 loops=1)
                                             ->  Nested Loop  (cost=1008.60..8686.19 rows=1 width=83) (actual time=76.273..321.310 rows=108 loops=1)
                                                   Join Filter: (t.id = mi.movie_id)
                                                   ->  Nested Loop  (cost=1008.16..8668.17 rows=1 width=33) (actual time=75.942..314.818 rows=77 loops=1)
                                                         Join Filter: (t.id = ci.movie_id)
                                                         ->  Gather  (cost=1007.60..8639.08 rows=1 width=25) (actual time=60.673..308.193 rows=49 loops=1)
                                                               Workers Planned: 2
                                                               Workers Launched: 2
                                                               ->  Nested Loop  (cost=7.60..7638.98 rows=1 width=25) (actual time=66.326..247.652 rows=16 loops=3)
                                                                     ->  Nested Loop  (cost=7.17..7557.95 rows=98 width=4) (actual time=4.473..115.809 rows=25571 loops=3)
                                                                           ->  Parallel Index Scan using keyword_pkey on keyword k  (cost=0.42..4353.35 rows=3 width=4) (actual time=0.192..23.378 rows=2 loops=3)
                                                                                 Filter: ((keyword)::text = ANY ('{murder,violence,blood,gore,death,female-nudity,hospital}'::text[]))
                                                                                 Rows Removed by Filter: 44721
                                                                           ->  Bitmap Heap Scan on movie_keyword mk  (cost=6.75..1065.21 rows=299 width=8) (actual time=3.149..38.438 rows=10959 loops=7)
                                                                                 Recheck Cond: (keyword_id = k.id)
                                                                                 Heap Blocks: exact=12389
                                                                                 ->  Bitmap Index Scan on keyword_id_movie_keyword  (cost=0.00..6.67 rows=299 width=0) (actual time=1.816..1.816 rows=10959 loops=7)
                                                                                       Index Cond: (keyword_id = k.id)
                                                                     ->  Index Scan using title_pkey on title t  (cost=0.43..0.83 rows=1 width=21) (actual time=0.005..0.005 rows=0 loops=76714)
                                                                           Index Cond: (id = mk.movie_id)
                                                                           Filter: ((production_year > 2000) AND (((title)::text ~~ '%Freddy%'::text) OR ((title)::text ~~ '%Jason%'::text) OR ((title)::text ~~ 'Saw%'::text)))
                                                                           Rows Removed by Filter: 1
                                                         ->  Index Scan using movie_id_cast_info on cast_info ci  (cost=0.56..29.08 rows=1 width=8) (actual time=0.151..0.225 rows=2 loops=49)
                                                               Index Cond: (movie_id = mk.movie_id)
                                                               Filter: ((note)::text = ANY ('{(writer),"(head writer)","(written by)",(story),"(story editor)"}'::text[]))
                                                               Rows Removed by Filter: 82
                                                   ->  Index Scan using movie_id_movie_info on movie_info mi  (cost=0.43..18.01 rows=1 width=50) (actual time=0.083..0.084 rows=1 loops=77)
                                                         Index Cond: (movie_id = mk.movie_id)
                                                         Filter: ((info)::text = ANY ('{Horror,Thriller}'::text[]))
                                                         Rows Removed by Filter: 279
                                             ->  Index Scan using info_type_pkey on info_type it1  (cost=0.14..0.16 rows=1 width=4) (actual time=0.001..0.001 rows=1 loops=108)
                                                   Index Cond: (id = mi.info_type_id)
                                                   Filter: ((info)::text = 'genres'::text)
                                       ->  Index Scan using movie_id_movie_info_idx on movie_info_idx mi_idx  (cost=0.43..0.78 rows=3 width=14) (actual time=0.003..0.003 rows=3 loops=108)
                                             Index Cond: (movie_id = mk.movie_id)
                                 ->  Index Scan using info_type_pkey on info_type it2  (cost=0.14..0.16 rows=1 width=4) (actual time=0.001..0.001 rows=0 loops=324)
                                       Index Cond: (id = mi_idx.info_type_id)
                                       Filter: ((info)::text = 'votes'::text)
                                       Rows Removed by Filter: 1
                           ->  Index Scan using name_pkey on name n  (cost=0.43..1.03 rows=1 width=19) (actual time=0.005..0.005 rows=1 loops=108)
                                 Index Cond: (id = ci.person_id)
                                 Filter: ((gender)::text = 'm'::text)
                     ->  Index Scan using movie_id_complete_cast on complete_cast cc  (cost=0.42..0.81 rows=2 width=12) (actual time=0.003..0.003 rows=1 loops=108)
                           Index Cond: (movie_id = mk.movie_id)
               ->  Index Scan using comp_cast_type_pkey on comp_cast_type cct2  (cost=0.13..0.15 rows=1 width=4) (actual time=0.001..0.001 rows=0 loops=108)
                     Index Cond: (id = cc.status_id)
                     Filter: ((kind)::text = 'complete+verified'::text)
                     Rows Removed by Filter: 1
         ->  Index Scan using comp_cast_type_pkey on comp_cast_type cct1  (cost=0.13..0.15 rows=1 width=4) (actual time=0.001..0.001 rows=1 loops=28)
               Index Cond: (id = cc.subject_id)
               Filter: ((kind)::text = ANY ('{cast,crew}'::text[]))
 Planning Time: 73.589 ms
 Execution Time: 328.172 ms
(62 rows)

SET
                                                                                                         QUERY PLAN                                                                                                         
----------------------------------------------------------------------------------------------------------------------------------------------------------------------------------------------------------------------------
 Aggregate  (cost=8709.53..8709.54 rows=1 width=128) (actual time=4007.773..4007.773 rows=1 loops=1)
   ->  Nested Loop  (cost=1012.70..8709.52 rows=1 width=80) (actual time=12.249..4004.046 rows=8024 loops=1)
         ->  Nested Loop  (cost=1012.27..8708.49 rows=1 width=69) (actual time=12.212..3923.508 rows=11863 loops=1)
               Join Filter: (t.id = ci.movie_id)
               ->  Nested Loop  (cost=1011.71..8679.40 rows=1 width=85) (actual time=10.038..1283.476 rows=14655 loops=1)
                     ->  Nested Loop  (cost=1011.58..8679.23 rows=1 width=89) (actual time=7.577..1254.606 rows=27522 loops=1)
                           ->  Nested Loop  (cost=1011.45..8679.06 rows=1 width=93) (actual time=7.558..1209.110 rows=37669 loops=1)
                                 ->  Nested Loop  (cost=1011.03..8678.23 rows=1 width=81) (actual time=6.093..1067.244 rows=63386 loops=1)
                                       Join Filter: (mi.movie_id = t.id)
                                       ->  Gather  (cost=1010.60..8677.40 rows=1 width=60) (actual time=6.071..774.577 rows=63386 loops=1)
                                             Workers Planned: 2
                                             Workers Launched: 2
                                             ->  Nested Loop  (cost=10.60..7677.30 rows=1 width=60) (actual time=4.735..1293.533 rows=21129 loops=3)
                                                   ->  Nested Loop  (cost=10.46..7677.12 rows=1 width=64) (actual time=4.726..1265.047 rows=22577 loops=3)
                                                         Join Filter: (mi_idx.movie_id = mi.movie_id)
                                                         ->  Hash Join  (cost=10.02..7640.66 rows=2 width=14) (actual time=4.621..248.407 rows=21234 loops=3)
                                                               Hash Cond: (mi_idx.info_type_id = it2.id)
                                                               ->  Nested Loop  (cost=7.60..7637.43 rows=294 width=18) (actual time=4.533..238.500 rows=63896 loops=3)
                                                                     ->  Nested Loop  (cost=7.17..7557.95 rows=98 width=4) (actual time=4.495..118.524 rows=25571 loops=3)
                                                                           ->  Parallel Index Scan using keyword_pkey on keyword k  (cost=0.42..4353.35 rows=3 width=4) (actual time=0.247..22.672 rows=2 loops=3)
                                                                                 Filter: ((keyword)::text = ANY ('{murder,violence,blood,gore,death,female-nudity,hospital}'::text[]))
                                                                                 Rows Removed by Filter: 44721
                                                                           ->  Bitmap Heap Scan on movie_keyword mk  (cost=6.75..1065.21 rows=299 width=8) (actual time=3.172..39.765 rows=10959 loops=7)
                                                                                 Recheck Cond: (keyword_id = k.id)
                                                                                 Heap Blocks: exact=12389
                                                                                 ->  Bitmap Index Scan on keyword_id_movie_keyword  (cost=0.00..6.67 rows=299 width=0) (actual time=1.833..1.833 rows=10959 loops=7)
                                                                                       Index Cond: (keyword_id = k.id)
                                                                     ->  Index Scan using movie_id_movie_info_idx on movie_info_idx mi_idx  (cost=0.43..0.78 rows=3 width=14) (actual time=0.004..0.004 rows=2 loops=76714)
                                                                           Index Cond: (movie_id = mk.movie_id)
                                                               ->  Hash  (cost=2.41..2.41 rows=1 width=4) (actual time=0.032..0.032 rows=1 loops=3)
                                                                     Buckets: 1024  Batches: 1  Memory Usage: 9kB
                                                                     ->  Seq Scan on info_type it2  (cost=0.00..2.41 rows=1 width=4) (actual time=0.026..0.027 rows=1 loops=3)
                                                                           Filter: ((info)::text = 'votes'::text)
                                                                           Rows Removed by Filter: 112
                                                         ->  Index Scan using movie_id_movie_info on movie_info mi  (cost=0.43..18.22 rows=1 width=50) (actual time=0.046..0.047 rows=1 loops=63701)
                                                               Index Cond: (movie_id = mk.movie_id)
                                                               Filter: ((info)::text = ANY ('{Horror,Action,Sci-Fi,Thriller,Crime,War}'::text[]))
                                                               Rows Removed by Filter: 58
                                                   ->  Index Scan using info_type_pkey on info_type it1  (cost=0.14..0.16 rows=1 width=4) (actual time=0.001..0.001 rows=1 loops=67732)
                                                         Index Cond: (id = mi.info_type_id)
                                                         Filter: ((info)::text = 'genres'::text)
                                                         Rows Removed by Filter: 0
                                       ->  Index Scan using title_pkey on title t  (cost=0.43..0.82 rows=1 width=21) (actual time=0.004..0.004 rows=1 loops=63386)
                                             Index Cond: (id = mk.movie_id)
                                 ->  Index Scan using movie_id_complete_cast on complete_cast cc  (cost=0.42..0.81 rows=2 width=12) (actual time=0.002..0.002 rows=1 loops=63386)
                                       Index Cond: (movie_id = t.id)
                           ->  Index Scan using comp_cast_type_pkey on comp_cast_type cct1  (cost=0.13..0.15 rows=1 width=4) (actual time=0.001..0.001 rows=1 loops=37669)
                                 Index Cond: (id = cc.subject_id)
                                 Filter: ((kind)::text = 'cast'::text)
                                 Rows Removed by Filter: 0
                     ->  Index Scan using comp_cast_type_pkey on comp_cast_type cct2  (cost=0.13..0.15 rows=1 width=4) (actual time=0.001..0.001 rows=1 loops=27522)
                           Index Cond: (id = cc.status_id)
                           Filter: ((kind)::text = 'complete+verified'::text)
                           Rows Removed by Filter: 0
               ->  Index Scan using movie_id_cast_info on cast_info ci  (cost=0.56..29.08 rows=1 width=8) (actual time=0.135..0.180 rows=1 loops=14655)
                     Index Cond: (movie_id = mk.movie_id)
                     Filter: ((note)::text = ANY ('{(writer),"(head writer)","(written by)",(story),"(story editor)"}'::text[]))
                     Rows Removed by Filter: 83
         ->  Index Scan using name_pkey on name n  (cost=0.43..1.03 rows=1 width=19) (actual time=0.006..0.006 rows=1 loops=11863)
               Index Cond: (id = ci.person_id)
               Filter: ((gender)::text = 'm'::text)
               Rows Removed by Filter: 0
 Planning Time: 73.898 ms
 Execution Time: 4008.209 ms
(64 rows)

SET
                                                                                                      QUERY PLAN                                                                                                      
----------------------------------------------------------------------------------------------------------------------------------------------------------------------------------------------------------------------
 Aggregate  (cost=8954.40..8954.41 rows=1 width=128) (actual time=1376.378..1376.378 rows=1 loops=1)
   ->  Nested Loop  (cost=1012.87..8954.39 rows=1 width=80) (actual time=59.663..1375.826 rows=1273 loops=1)
         Join Filter: (mi.movie_id = t.id)
         ->  Nested Loop  (cost=1012.44..8953.28 rows=1 width=83) (actual time=59.632..1370.177 rows=1273 loops=1)
               ->  Nested Loop  (cost=1012.01..8951.99 rows=1 width=72) (actual time=59.602..1360.919 rows=1556 loops=1)
                     ->  Nested Loop  (cost=1011.87..8951.81 rows=1 width=76) (actual time=59.591..1358.441 rows=1616 loops=1)
                           Join Filter: (mi_idx.movie_id = mi.movie_id)
                           ->  Nested Loop  (cost=1011.44..8928.44 rows=1 width=26) (actual time=28.825..1263.347 rows=1471 loops=1)
                                 Join Filter: (mi_idx.movie_id = ci.movie_id)
                                 ->  Gather  (cost=1010.87..8895.40 rows=1 width=18) (actual time=28.564..917.586 rows=1547 loops=1)
                                       Workers Planned: 2
                                       Workers Launched: 2
                                       ->  Nested Loop  (cost=10.87..7895.30 rows=1 width=18) (actual time=17.203..957.792 rows=516 loops=3)
                                             ->  Nested Loop  (cost=10.45..7882.53 rows=13 width=22) (actual time=4.543..457.814 rows=199419 loops=3)
                                                   Join Filter: (mi_idx.movie_id = mc.movie_id)
                                                   ->  Hash Join  (cost=10.02..7878.13 rows=2 width=14) (actual time=4.512..252.319 rows=21234 loops=3)
                                                         Hash Cond: (mi_idx.info_type_id = it2.id)
                                                         ->  Nested Loop  (cost=7.60..7874.90 rows=294 width=18) (actual time=4.429..242.993 rows=63896 loops=3)
                                                               ->  Nested Loop  (cost=7.17..7767.34 rows=98 width=4) (actual time=4.393..125.190 rows=25571 loops=3)
                                                                     ->  Parallel Index Scan using keyword_pkey on keyword k  (cost=0.42..4562.73 rows=3 width=4) (actual time=0.179..22.190 rows=2 loops=3)
                                                                           Filter: ((keyword)::text = ANY ('{murder,violence,blood,gore,death,female-nudity,hospital}'::text[]))
                                                                           Rows Removed by Filter: 44721
                                                                     ->  Bitmap Heap Scan on movie_keyword mk  (cost=6.75..1065.21 rows=299 width=8) (actual time=3.148..42.858 rows=10959 loops=7)
                                                                           Recheck Cond: (keyword_id = k.id)
                                                                           Heap Blocks: exact=12389
                                                                           ->  Bitmap Index Scan on keyword_id_movie_keyword  (cost=0.00..6.67 rows=299 width=0) (actual time=1.809..1.809 rows=10959 loops=7)
                                                                                 Index Cond: (keyword_id = k.id)
                                                               ->  Index Scan using movie_id_movie_info_idx on movie_info_idx mi_idx  (cost=0.43..1.07 rows=3 width=14) (actual time=0.004..0.004 rows=2 loops=76714)
                                                                     Index Cond: (movie_id = mk.movie_id)
                                                         ->  Hash  (cost=2.41..2.41 rows=1 width=4) (actual time=0.027..0.027 rows=1 loops=3)
                                                               Buckets: 1024  Batches: 1  Memory Usage: 9kB
                                                               ->  Seq Scan on info_type it2  (cost=0.00..2.41 rows=1 width=4) (actual time=0.021..0.023 rows=1 loops=3)
                                                                     Filter: ((info)::text = 'votes'::text)
                                                                     Rows Removed by Filter: 112
                                                   ->  Index Scan using movie_id_movie_companies on movie_companies mc  (cost=0.43..2.14 rows=5 width=8) (actual time=0.005..0.008 rows=9 loops=63701)
                                                         Index Cond: (movie_id = mk.movie_id)
                                             ->  Index Scan using company_name_pkey on company_name cn  (cost=0.42..0.98 rows=1 width=4) (actual time=0.002..0.002 rows=0 loops=598256)
                                                   Index Cond: (id = mc.company_id)
                                                   Filter: ((name)::text ~~ 'Lionsgate%'::text)
                                                   Rows Removed by Filter: 1
                                 ->  Index Scan using movie_id_cast_info on cast_info ci  (cost=0.56..33.03 rows=1 width=8) (actual time=0.163..0.226 rows=1 loops=1547)
                                       Index Cond: (movie_id = mk.movie_id)
                                       Filter: ((note)::text = ANY ('{(writer),"(head writer)","(written by)",(story),"(story editor)"}'::text[]))
                                       Rows Removed by Filter: 119
                           ->  Index Scan using movie_id_movie_info on movie_info mi  (cost=0.43..23.36 rows=1 width=50) (actual time=0.063..0.064 rows=1 loops=1471)
                                 Index Cond: (movie_id = mk.movie_id)
                                 Filter: ((info)::text = ANY ('{Horror,Thriller}'::text[]))
                                 Rows Removed by Filter: 173
                     ->  Index Scan using info_type_pkey on info_type it1  (cost=0.14..0.16 rows=1 width=4) (actual time=0.001..0.001 rows=1 loops=1616)
                           Index Cond: (id = mi.info_type_id)
                           Filter: ((info)::text = 'genres'::text)
                           Rows Removed by Filter: 0
               ->  Index Scan using name_pkey on name n  (cost=0.43..1.29 rows=1 width=19) (actual time=0.005..0.005 rows=1 loops=1556)
                     Index Cond: (id = ci.person_id)
                     Filter: ((gender)::text = 'm'::text)
                     Rows Removed by Filter: 0
         ->  Index Scan using title_pkey on title t  (cost=0.43..1.10 rows=1 width=21) (actual time=0.004..0.004 rows=1 loops=1273)
               Index Cond: (id = mk.movie_id)
 Planning Time: 51.363 ms
 Execution Time: 1381.299 ms
(60 rows)

SET
                                                                                                        QUERY PLAN                                                                                                         
---------------------------------------------------------------------------------------------------------------------------------------------------------------------------------------------------------------------------
 Aggregate  (cost=8939.01..8939.02 rows=1 width=128) (actual time=322.375..322.375 rows=1 loops=1)
   ->  Nested Loop  (cost=1010.59..8939.00 rows=1 width=80) (actual time=117.145..322.321 rows=84 loops=1)
         ->  Nested Loop  (cost=1010.16..8937.71 rows=1 width=69) (actual time=117.113..321.924 rows=84 loops=1)
               ->  Nested Loop  (cost=1010.02..8937.53 rows=1 width=73) (actual time=117.100..321.636 rows=252 loops=1)
                     Join Filter: (t.id = mi_idx.movie_id)
                     ->  Nested Loop  (cost=1009.59..8936.42 rows=1 width=83) (actual time=117.069..321.347 rows=84 loops=1)
                           ->  Nested Loop  (cost=1009.45..8936.24 rows=1 width=87) (actual time=117.051..321.208 rows=84 loops=1)
                                 Join Filter: (t.id = mi.movie_id)
                                 ->  Nested Loop  (cost=1009.01..8912.87 rows=1 width=37) (actual time=116.759..317.142 rows=53 loops=1)
                                       ->  Nested Loop  (cost=1008.59..8911.15 rows=1 width=41) (actual time=116.709..316.757 rows=119 loops=1)
                                             Join Filter: (t.id = mc.movie_id)
                                             ->  Nested Loop  (cost=1008.16..8908.99 rows=1 width=33) (actual time=74.065..315.726 rows=77 loops=1)
                                                   Join Filter: (t.id = ci.movie_id)
                                                   ->  Gather  (cost=1007.60..8875.95 rows=1 width=25) (actual time=58.840..309.214 rows=49 loops=1)
                                                         Workers Planned: 2
                                                         Workers Launched: 2
                                                         ->  Nested Loop  (cost=7.60..7875.85 rows=1 width=25) (actual time=64.313..245.754 rows=16 loops=3)
                                                               ->  Nested Loop  (cost=7.17..7767.34 rows=98 width=4) (actual time=4.445..115.168 rows=25571 loops=3)
                                                                     ->  Parallel Index Scan using keyword_pkey on keyword k  (cost=0.42..4562.73 rows=3 width=4) (actual time=0.185..23.179 rows=2 loops=3)
                                                                           Filter: ((keyword)::text = ANY ('{murder,violence,blood,gore,death,female-nudity,hospital}'::text[]))
                                                                           Rows Removed by Filter: 44721
                                                                     ->  Bitmap Heap Scan on movie_keyword mk  (cost=6.75..1065.21 rows=299 width=8) (actual time=3.143..38.245 rows=10959 loops=7)
                                                                           Recheck Cond: (keyword_id = k.id)
                                                                           Heap Blocks: exact=12389
                                                                           ->  Bitmap Index Scan on keyword_id_movie_keyword  (cost=0.00..6.67 rows=299 width=0) (actual time=1.807..1.807 rows=10959 loops=7)
                                                                                 Index Cond: (keyword_id = k.id)
                                                               ->  Index Scan using title_pkey on title t  (cost=0.43..1.11 rows=1 width=21) (actual time=0.005..0.005 rows=0 loops=76714)
                                                                     Index Cond: (id = mk.movie_id)
                                                                     Filter: ((production_year > 2000) AND (((title)::text ~~ '%Freddy%'::text) OR ((title)::text ~~ '%Jason%'::text) OR ((title)::text ~~ 'Saw%'::text)))
                                                                     Rows Removed by Filter: 1
                                                   ->  Index Scan using movie_id_cast_info on cast_info ci  (cost=0.56..33.03 rows=1 width=8) (actual time=0.151..0.225 rows=2 loops=49)
                                                         Index Cond: (movie_id = mk.movie_id)
                                                         Filter: ((note)::text = ANY ('{(writer),"(head writer)","(written by)",(story),"(story editor)"}'::text[]))
                                                         Rows Removed by Filter: 82
                                             ->  Index Scan using movie_id_movie_companies on movie_companies mc  (cost=0.43..2.15 rows=1 width=8) (actual time=0.008..0.013 rows=2 loops=77)
                                                   Index Cond: (movie_id = mk.movie_id)
                                                   Filter: ((note)::text ~~ '%(Blu-ray)%'::text)
                                                   Rows Removed by Filter: 24
                                       ->  Index Scan using company_name_pkey on company_name cn  (cost=0.42..1.61 rows=1 width=4) (actual time=0.003..0.003 rows=0 loops=119)
                                             Index Cond: (id = mc.company_id)
                                             Filter: ((name)::text ~~ 'Lionsgate%'::text)
                                             Rows Removed by Filter: 1
                                 ->  Index Scan using movie_id_movie_info on movie_info mi  (cost=0.43..23.36 rows=1 width=50) (actual time=0.076..0.076 rows=2 loops=53)
                                       Index Cond: (movie_id = mk.movie_id)
                                       Filter: ((info)::text = ANY ('{Horror,Thriller}'::text[]))
                                       Rows Removed by Filter: 292
                           ->  Index Scan using info_type_pkey on info_type it1  (cost=0.14..0.16 rows=1 width=4) (actual time=0.001..0.001 rows=1 loops=84)
                                 Index Cond: (id = mi.info_type_id)
                                 Filter: ((info)::text = 'genres'::text)
                     ->  Index Scan using movie_id_movie_info_idx on movie_info_idx mi_idx  (cost=0.43..1.07 rows=3 width=14) (actual time=0.002..0.003 rows=3 loops=84)
                           Index Cond: (movie_id = mk.movie_id)
               ->  Index Scan using info_type_pkey on info_type it2  (cost=0.14..0.16 rows=1 width=4) (actual time=0.001..0.001 rows=0 loops=252)
                     Index Cond: (id = mi_idx.info_type_id)
                     Filter: ((info)::text = 'votes'::text)
                     Rows Removed by Filter: 1
         ->  Index Scan using name_pkey on name n  (cost=0.43..1.29 rows=1 width=19) (actual time=0.004..0.004 rows=1 loops=84)
               Index Cond: (id = ci.person_id)
               Filter: ((gender)::text = 'm'::text)
 Planning Time: 50.400 ms
 Execution Time: 327.234 ms
(60 rows)

SET
                                                                                                      QUERY PLAN                                                                                                      
----------------------------------------------------------------------------------------------------------------------------------------------------------------------------------------------------------------------
 Aggregate  (cost=8954.61..8954.62 rows=1 width=128) (actual time=1378.382..1378.382 rows=1 loops=1)
   ->  Nested Loop  (cost=1012.87..8954.60 rows=1 width=80) (actual time=58.332..1377.340 rows=2825 loops=1)
         Join Filter: (mi.movie_id = t.id)
         ->  Nested Loop  (cost=1012.44..8953.49 rows=1 width=83) (actual time=58.304..1368.333 rows=2825 loops=1)
               ->  Nested Loop  (cost=1012.01..8952.20 rows=1 width=72) (actual time=58.275..1356.484 rows=2825 loops=1)
                     ->  Nested Loop  (cost=1011.87..8952.02 rows=1 width=76) (actual time=58.264..1352.355 rows=3007 loops=1)
                           Join Filter: (mi_idx.movie_id = mi.movie_id)
                           ->  Nested Loop  (cost=1011.44..8928.44 rows=1 width=26) (actual time=28.792..1238.311 rows=1471 loops=1)
                                 Join Filter: (mi_idx.movie_id = ci.movie_id)
                                 ->  Gather  (cost=1010.87..8895.40 rows=1 width=18) (actual time=28.524..893.047 rows=1547 loops=1)
                                       Workers Planned: 2
                                       Workers Launched: 2
                                       ->  Nested Loop  (cost=10.87..7895.30 rows=1 width=18) (actual time=17.217..959.824 rows=516 loops=3)
                                             ->  Nested Loop  (cost=10.45..7882.53 rows=13 width=22) (actual time=4.663..458.516 rows=199419 loops=3)
                                                   Join Filter: (mi_idx.movie_id = mc.movie_id)
                                                   ->  Hash Join  (cost=10.02..7878.13 rows=2 width=14) (actual time=4.625..252.822 rows=21234 loops=3)
                                                         Hash Cond: (mi_idx.info_type_id = it2.id)
                                                         ->  Nested Loop  (cost=7.60..7874.90 rows=294 width=18) (actual time=4.534..243.512 rows=63896 loops=3)
                                                               ->  Nested Loop  (cost=7.17..7767.34 rows=98 width=4) (actual time=4.497..125.606 rows=25571 loops=3)
                                                                     ->  Parallel Index Scan using keyword_pkey on keyword k  (cost=0.42..4562.73 rows=3 width=4) (actual time=0.268..22.444 rows=2 loops=3)
                                                                           Filter: ((keyword)::text = ANY ('{murder,violence,blood,gore,death,female-nudity,hospital}'::text[]))
                                                                           Rows Removed by Filter: 44721
                                                                     ->  Bitmap Heap Scan on movie_keyword mk  (cost=6.75..1065.21 rows=299 width=8) (actual time=3.133..42.902 rows=10959 loops=7)
                                                                           Recheck Cond: (keyword_id = k.id)
                                                                           Heap Blocks: exact=12389
                                                                           ->  Bitmap Index Scan on keyword_id_movie_keyword  (cost=0.00..6.67 rows=299 width=0) (actual time=1.802..1.802 rows=10959 loops=7)
                                                                                 Index Cond: (keyword_id = k.id)
                                                               ->  Index Scan using movie_id_movie_info_idx on movie_info_idx mi_idx  (cost=0.43..1.07 rows=3 width=14) (actual time=0.004..0.004 rows=2 loops=76714)
                                                                     Index Cond: (movie_id = mk.movie_id)
                                                         ->  Hash  (cost=2.41..2.41 rows=1 width=4) (actual time=0.028..0.028 rows=1 loops=3)
                                                               Buckets: 1024  Batches: 1  Memory Usage: 9kB
                                                               ->  Seq Scan on info_type it2  (cost=0.00..2.41 rows=1 width=4) (actual time=0.022..0.024 rows=1 loops=3)
                                                                     Filter: ((info)::text = 'votes'::text)
                                                                     Rows Removed by Filter: 112
                                                   ->  Index Scan using movie_id_movie_companies on movie_companies mc  (cost=0.43..2.14 rows=5 width=8) (actual time=0.005..0.008 rows=9 loops=63701)
                                                         Index Cond: (movie_id = mk.movie_id)
                                             ->  Index Scan using company_name_pkey on company_name cn  (cost=0.42..0.98 rows=1 width=4) (actual time=0.002..0.002 rows=0 loops=598256)
                                                   Index Cond: (id = mc.company_id)
                                                   Filter: ((name)::text ~~ 'Lionsgate%'::text)
                                                   Rows Removed by Filter: 1
                                 ->  Index Scan using movie_id_cast_info on cast_info ci  (cost=0.56..33.03 rows=1 width=8) (actual time=0.163..0.226 rows=1 loops=1547)
                                       Index Cond: (movie_id = mk.movie_id)
                                       Filter: ((note)::text = ANY ('{(writer),"(head writer)","(written by)",(story),"(story editor)"}'::text[]))
                                       Rows Removed by Filter: 119
                           ->  Index Scan using movie_id_movie_info on movie_info mi  (cost=0.43..23.57 rows=1 width=50) (actual time=0.074..0.077 rows=2 loops=1471)
                                 Index Cond: (movie_id = mk.movie_id)
                                 Filter: ((info)::text = ANY ('{Horror,Action,Sci-Fi,Thriller,Crime,War}'::text[]))
                                 Rows Removed by Filter: 172
                     ->  Index Scan using info_type_pkey on info_type it1  (cost=0.14..0.16 rows=1 width=4) (actual time=0.001..0.001 rows=1 loops=3007)
                           Index Cond: (id = mi.info_type_id)
                           Filter: ((info)::text = 'genres'::text)
                           Rows Removed by Filter: 0
               ->  Index Scan using name_pkey on name n  (cost=0.43..1.29 rows=1 width=19) (actual time=0.004..0.004 rows=1 loops=2825)
                     Index Cond: (id = ci.person_id)
         ->  Index Scan using title_pkey on title t  (cost=0.43..1.10 rows=1 width=21) (actual time=0.003..0.003 rows=1 loops=2825)
               Index Cond: (id = mk.movie_id)
 Planning Time: 51.163 ms
 Execution Time: 1383.272 ms
(58 rows)

SET
                                                                              QUERY PLAN                                                                               
-----------------------------------------------------------------------------------------------------------------------------------------------------------------------
 Aggregate  (cost=3802.90..3802.91 rows=1 width=96) (actual time=15.871..15.872 rows=1 loops=1)
   ->  Nested Loop  (cost=7.90..3802.82 rows=11 width=116) (actual time=15.869..15.869 rows=0 loops=1)
         ->  Nested Loop  (cost=7.47..3756.66 rows=11 width=103) (actual time=15.868..15.868 rows=0 loops=1)
               ->  Nested Loop  (cost=7.04..3751.32 rows=11 width=94) (actual time=15.868..15.868 rows=0 loops=1)
                     Join Filter: (ml.link_type_id = lt.id)
                     ->  Nested Loop  (cost=7.04..3747.37 rows=11 width=16) (actual time=15.868..15.868 rows=0 loops=1)
                           ->  Nested Loop  (cost=6.75..3732.91 rows=34 width=4) (actual time=15.519..15.859 rows=1 loops=1)
                                 ->  Seq Scan on keyword k  (cost=0.00..2626.12 rows=1 width=4) (actual time=15.485..15.824 rows=1 loops=1)
                                       Filter: ((keyword)::text = '10,000-mile-club'::text)
                                       Rows Removed by Filter: 134169
                                 ->  Bitmap Heap Scan on movie_keyword mk  (cost=6.75..1103.80 rows=299 width=8) (actual time=0.030..0.030 rows=1 loops=1)
                                       Recheck Cond: (keyword_id = k.id)
                                       Heap Blocks: exact=1
                                       ->  Bitmap Index Scan on keyword_id_movie_keyword  (cost=0.00..6.67 rows=299 width=0) (actual time=0.013..0.013 rows=1 loops=1)
                                             Index Cond: (keyword_id = k.id)
                           ->  Index Scan using movie_id_movie_link on movie_link ml  (cost=0.29..0.38 rows=5 width=12) (actual time=0.008..0.008 rows=0 loops=1)
                                 Index Cond: (movie_id = mk.movie_id)
                     ->  Materialize  (cost=0.00..1.27 rows=18 width=86) (never executed)
                           ->  Seq Scan on link_type lt  (cost=0.00..1.18 rows=18 width=86) (never executed)
               ->  Index Scan using title_pkey on title t1  (cost=0.43..0.49 rows=1 width=21) (never executed)
                     Index Cond: (id = mk.movie_id)
         ->  Index Scan using title_pkey on title t2  (cost=0.43..4.20 rows=1 width=21) (never executed)
               Index Cond: (id = ml.linked_movie_id)
 Planning Time: 2.905 ms
 Execution Time: 16.014 ms
(25 rows)

SET
                                                                                QUERY PLAN                                                                                 
---------------------------------------------------------------------------------------------------------------------------------------------------------------------------
 Aggregate  (cost=3802.90..3802.91 rows=1 width=96) (actual time=185.526..185.527 rows=1 loops=1)
   ->  Nested Loop  (cost=7.90..3802.82 rows=11 width=116) (actual time=6.867..184.425 rows=4388 loops=1)
         ->  Nested Loop  (cost=7.47..3756.66 rows=11 width=103) (actual time=6.835..140.997 rows=4388 loops=1)
               ->  Nested Loop  (cost=7.04..3751.32 rows=11 width=94) (actual time=6.809..129.541 rows=4388 loops=1)
                     Join Filter: (ml.link_type_id = lt.id)
                     Rows Removed by Join Filter: 30206
                     ->  Nested Loop  (cost=7.04..3747.37 rows=11 width=16) (actual time=6.788..124.802 rows=4388 loops=1)
                           ->  Nested Loop  (cost=6.75..3732.91 rows=34 width=4) (actual time=6.681..85.318 rows=41840 loops=1)
                                 ->  Seq Scan on keyword k  (cost=0.00..2626.12 rows=1 width=4) (actual time=0.509..12.074 rows=1 loops=1)
                                       Filter: ((keyword)::text = 'character-name-in-title'::text)
                                       Rows Removed by Filter: 134169
                                 ->  Bitmap Heap Scan on movie_keyword mk  (cost=6.75..1103.80 rows=299 width=8) (actual time=6.169..69.310 rows=41840 loops=1)
                                       Recheck Cond: (keyword_id = k.id)
                                       Heap Blocks: exact=11541
                                       ->  Bitmap Index Scan on keyword_id_movie_keyword  (cost=0.00..6.67 rows=299 width=0) (actual time=4.105..4.105 rows=41840 loops=1)
                                             Index Cond: (keyword_id = k.id)
                           ->  Index Scan using movie_id_movie_link on movie_link ml  (cost=0.29..0.38 rows=5 width=12) (actual time=0.001..0.001 rows=0 loops=41840)
                                 Index Cond: (movie_id = mk.movie_id)
                     ->  Materialize  (cost=0.00..1.27 rows=18 width=86) (actual time=0.000..0.000 rows=8 loops=4388)
                           ->  Seq Scan on link_type lt  (cost=0.00..1.18 rows=18 width=86) (actual time=0.009..0.012 rows=17 loops=1)
               ->  Index Scan using title_pkey on title t1  (cost=0.43..0.49 rows=1 width=21) (actual time=0.002..0.002 rows=1 loops=4388)
                     Index Cond: (id = mk.movie_id)
         ->  Index Scan using title_pkey on title t2  (cost=0.43..4.20 rows=1 width=21) (actual time=0.010..0.010 rows=1 loops=4388)
               Index Cond: (id = ml.linked_movie_id)
 Planning Time: 2.411 ms
 Execution Time: 185.721 ms
(26 rows)

SET
                                                                                                                  QUERY PLAN                                                                                                                   
-----------------------------------------------------------------------------------------------------------------------------------------------------------------------------------------------------------------------------------------------
 Aggregate  (cost=4451.76..4451.77 rows=1 width=192) (actual time=71.754..71.754 rows=1 loops=1)
   ->  Nested Loop  (cost=6.44..4451.74 rows=1 width=84) (actual time=11.951..71.741 rows=8 loops=1)
         ->  Nested Loop  (cost=6.02..4451.30 rows=1 width=69) (actual time=11.942..71.681 rows=8 loops=1)
               Join Filter: (t2.id = mc2.movie_id)
               ->  Nested Loop  (cost=5.59..4450.56 rows=1 width=77) (actual time=11.920..71.645 rows=2 loops=1)
                     Join Filter: ((ml.linked_movie_id = t2.id) AND (kt2.id = t2.kind_id))
                     ->  Nested Loop  (cost=5.16..4449.84 rows=1 width=60) (actual time=11.898..71.552 rows=12 loops=1)
                           ->  Nested Loop  (cost=4.74..4449.40 rows=1 width=45) (actual time=11.860..71.037 rows=81 loops=1)
                                 ->  Nested Loop  (cost=4.31..4448.79 rows=1 width=53) (actual time=11.835..70.661 rows=28 loops=1)
                                       Join Filter: (it2.id = mi_idx2.info_type_id)
                                       Rows Removed by Join Filter: 1595
                                       ->  Nested Loop  (cost=3.88..4409.59 rows=19 width=47) (actual time=0.211..62.583 rows=1220 loops=1)
                                             Join Filter: (kt1.id = t1.kind_id)
                                             Rows Removed by Join Filter: 844
                                             ->  Nested Loop  (cost=0.00..2.18 rows=1 width=8) (actual time=0.020..0.022 rows=1 loops=1)
                                                   ->  Seq Scan on kind_type kt1  (cost=0.00..1.09 rows=1 width=4) (actual time=0.017..0.018 rows=1 loops=1)
                                                         Filter: ((kind)::text = 'tv series'::text)
                                                         Rows Removed by Filter: 6
                                                   ->  Seq Scan on kind_type kt2  (cost=0.00..1.09 rows=1 width=4) (actual time=0.001..0.002 rows=1 loops=1)
                                                         Filter: ((kind)::text = 'tv series'::text)
                                                         Rows Removed by Filter: 6
                                             ->  Nested Loop  (cost=3.88..4405.75 rows=132 width=47) (actual time=0.190..62.301 rows=2064 loops=1)
                                                   Join Filter: (ml.movie_id = t1.id)
                                                   ->  Nested Loop  (cost=3.45..4328.60 rows=132 width=22) (actual time=0.171..54.713 rows=2064 loops=1)
                                                         Join Filter: (ml.link_type_id = lt.id)
                                                         Rows Removed by Join Filter: 38685
                                                         ->  Nested Loop  (cost=3.45..4292.61 rows=794 width=26) (actual time=0.067..47.782 rows=20890 loops=1)
                                                               ->  Seq Scan on info_type it2  (cost=0.00..2.41 rows=1 width=4) (actual time=0.010..0.013 rows=1 loops=1)
                                                                     Filter: ((info)::text = 'rating'::text)
                                                                     Rows Removed by Filter: 112
                                                               ->  Hash Join  (cost=3.45..4282.26 rows=794 width=22) (actual time=0.056..45.891 rows=20890 loops=1)
                                                                     Hash Cond: (mi_idx1.info_type_id = it1.id)
                                                                     ->  Merge Join  (cost=1.03..4035.43 rows=89741 width=26) (actual time=0.016..39.729 rows=62670 loops=1)
                                                                           Merge Cond: (ml.movie_id = mi_idx1.movie_id)
                                                                           ->  Index Scan using movie_id_movie_link on movie_link ml  (cost=0.29..959.51 rows=29997 width=12) (actual time=0.004..5.203 rows=29997 loops=1)
                                                                           ->  Index Scan using movie_id_movie_info_idx on movie_info_idx mi_idx1  (cost=0.43..43820.38 rows=1380035 width=14) (actual time=0.008..18.829 rows=114373 loops=1)
                                                                     ->  Hash  (cost=2.41..2.41 rows=1 width=4) (actual time=0.016..0.016 rows=1 loops=1)
                                                                           Buckets: 1024  Batches: 1  Memory Usage: 9kB
                                                                           ->  Seq Scan on info_type it1  (cost=0.00..2.41 rows=1 width=4) (actual time=0.009..0.010 rows=1 loops=1)
                                                                                 Filter: ((info)::text = 'rating'::text)
                                                                                 Rows Removed by Filter: 112
                                                         ->  Materialize  (cost=0.00..1.26 rows=3 width=4) (actual time=0.000..0.000 rows=2 loops=20890)
                                                               ->  Seq Scan on link_type lt  (cost=0.00..1.25 rows=3 width=4) (actual time=0.014..0.017 rows=2 loops=1)
                                                                     Filter: ((link)::text = ANY ('{sequel,follows,"followed by"}'::text[]))
                                                                     Rows Removed by Filter: 16
                                                   ->  Index Scan using title_pkey on title t1  (cost=0.43..0.57 rows=1 width=25) (actual time=0.003..0.003 rows=1 loops=2064)
                                                         Index Cond: (id = mi_idx1.movie_id)
                                       ->  Index Scan using movie_id_movie_info_idx on movie_info_idx mi_idx2  (cost=0.43..2.05 rows=1 width=14) (actual time=0.006..0.006 rows=1 loops=1220)
                                             Index Cond: (movie_id = ml.linked_movie_id)
                                             Filter: ((info)::text < '3.0'::text)
                                             Rows Removed by Filter: 1
                                 ->  Index Scan using movie_id_movie_companies on movie_companies mc1  (cost=0.43..0.56 rows=5 width=8) (actual time=0.009..0.013 rows=3 loops=28)
                                       Index Cond: (movie_id = t1.id)
                           ->  Index Scan using company_name_pkey on company_name cn1  (cost=0.42..0.45 rows=1 width=23) (actual time=0.006..0.006 rows=0 loops=81)
                                 Index Cond: (id = mc1.company_id)
                                 Filter: ((country_code)::text = '[us]'::text)
                                 Rows Removed by Filter: 1
                     ->  Index Scan using title_pkey on title t2  (cost=0.43..0.71 rows=1 width=25) (actual time=0.007..0.007 rows=0 loops=12)
                           Index Cond: (id = mi_idx2.movie_id)
                           Filter: ((production_year >= 2005) AND (production_year <= 2008))
                           Rows Removed by Filter: 1
               ->  Index Scan using movie_id_movie_companies on movie_companies mc2  (cost=0.43..0.67 rows=5 width=8) (actual time=0.011..0.016 rows=4 loops=2)
                     Index Cond: (movie_id = mi_idx2.movie_id)
         ->  Index Scan using company_name_pkey on company_name cn2  (cost=0.42..0.44 rows=1 width=23) (actual time=0.007..0.007 rows=1 loops=8)
               Index Cond: (id = mc2.company_id)
 Planning Time: 92.063 ms
 Execution Time: 72.032 ms
(67 rows)

SET
                                                                                                                 QUERY PLAN                                                                                                                  
---------------------------------------------------------------------------------------------------------------------------------------------------------------------------------------------------------------------------------------------
 Aggregate  (cost=2681.30..2681.31 rows=1 width=192) (actual time=46.738..46.738 rows=1 loops=1)
   ->  Nested Loop  (cost=340.64..2681.28 rows=1 width=84) (actual time=8.592..46.727 rows=4 loops=1)
         Join Filter: ((t2.id = mi_idx2.movie_id) AND (it2.id = mi_idx2.info_type_id))
         Rows Removed by Join Filter: 4
         ->  Nested Loop  (cost=340.21..2680.76 rows=1 width=94) (actual time=8.576..46.701 rows=4 loops=1)
               ->  Nested Loop  (cost=340.08..2680.59 rows=1 width=98) (actual time=8.568..46.689 rows=4 loops=1)
                     Join Filter: (ml.movie_id = t1.id)
                     ->  Nested Loop  (cost=339.65..2680.06 rows=1 width=89) (actual time=8.556..46.670 rows=4 loops=1)
                           ->  Nested Loop  (cost=339.23..2679.62 rows=1 width=74) (actual time=8.551..46.658 rows=4 loops=1)
                                 ->  Nested Loop  (cost=338.80..2678.21 rows=1 width=66) (actual time=8.541..46.645 rows=1 loops=1)
                                       ->  Nested Loop  (cost=338.67..2678.04 rows=1 width=70) (actual time=2.036..46.622 rows=6 loops=1)
                                             ->  Nested Loop  (cost=338.24..2669.65 rows=2 width=45) (actual time=2.010..44.303 rows=477 loops=1)
                                                   ->  Index Scan using info_type_pkey on info_type it2  (cost=0.14..14.12 rows=1 width=4) (actual time=0.016..0.019 rows=1 loops=1)
                                                         Filter: ((info)::text = 'rating'::text)
                                                         Rows Removed by Filter: 112
                                                   ->  Nested Loop  (cost=338.09..2655.51 rows=2 width=41) (actual time=1.992..44.229 rows=477 loops=1)
                                                         ->  Nested Loop  (cost=337.67..2557.48 rows=220 width=26) (actual time=1.932..25.842 rows=9674 loops=1)
                                                               Join Filter: (ml.movie_id = mc1.movie_id)
                                                               ->  Hash Join  (cost=337.24..2528.65 rows=44 width=18) (actual time=1.925..16.556 rows=2064 loops=1)
                                                                     Hash Cond: (mi_idx1.info_type_id = it1.id)
                                                                     ->  Merge Join  (cost=334.82..2512.65 rows=4984 width=22) (actual time=1.886..15.860 rows=6192 loops=1)
                                                                           Merge Cond: (mi_idx1.movie_id = ml.movie_id)
                                                                           ->  Index Scan using movie_id_movie_info_idx on movie_info_idx mi_idx1  (cost=0.43..43820.38 rows=1380035 width=14) (actual time=0.008..8.491 rows=63901 loops=1)
                                                                           ->  Sort  (cost=334.38..338.55 rows=1666 width=8) (actual time=1.856..2.180 rows=6443 loops=1)
                                                                                 Sort Key: ml.movie_id
                                                                                 Sort Method: quicksort  Memory: 205kB
                                                                                 ->  Nested Loop  (cost=38.82..245.23 rows=1666 width=8) (actual time=0.119..1.336 rows=2315 loops=1)
                                                                                       ->  Seq Scan on link_type lt  (cost=0.00..1.23 rows=1 width=4) (actual time=0.014..0.018 rows=2 loops=1)
                                                                                             Filter: ((link)::text ~~ '%follow%'::text)
                                                                                             Rows Removed by Filter: 16
                                                                                       ->  Bitmap Heap Scan on movie_link ml  (cost=38.82..225.26 rows=1875 width=12) (actual time=0.089..0.543 rows=1158 loops=2)
                                                                                             Recheck Cond: (link_type_id = lt.id)
                                                                                             Heap Blocks: exact=191
                                                                                             ->  Bitmap Index Scan on link_type_id_movie_link  (cost=0.00..38.35 rows=1875 width=0) (actual time=0.074..0.074 rows=1158 loops=2)
                                                                                                   Index Cond: (link_type_id = lt.id)
                                                                     ->  Hash  (cost=2.41..2.41 rows=1 width=4) (actual time=0.015..0.016 rows=1 loops=1)
                                                                           Buckets: 1024  Batches: 1  Memory Usage: 9kB
                                                                           ->  Seq Scan on info_type it1  (cost=0.00..2.41 rows=1 width=4) (actual time=0.010..0.011 rows=1 loops=1)
                                                                                 Filter: ((info)::text = 'rating'::text)
                                                                                 Rows Removed by Filter: 112
                                                               ->  Index Scan using movie_id_movie_companies on movie_companies mc1  (cost=0.43..0.59 rows=5 width=8) (actual time=0.002..0.004 rows=5 loops=2064)
                                                                     Index Cond: (movie_id = mi_idx1.movie_id)
                                                         ->  Index Scan using company_name_pkey on company_name cn1  (cost=0.42..0.45 rows=1 width=23) (actual time=0.002..0.002 rows=0 loops=9674)
                                                               Index Cond: (id = mc1.company_id)
                                                               Filter: ((country_code)::text = '[nl]'::text)
                                                               Rows Removed by Filter: 1
                                             ->  Index Scan using title_pkey on title t2  (cost=0.43..4.20 rows=1 width=25) (actual time=0.005..0.005 rows=0 loops=477)
                                                   Index Cond: (id = ml.linked_movie_id)
                                                   Filter: (production_year = 2007)
                                                   Rows Removed by Filter: 1
                                       ->  Index Scan using kind_type_pkey on kind_type kt2  (cost=0.13..0.15 rows=1 width=4) (actual time=0.003..0.003 rows=0 loops=6)
                                             Index Cond: (id = t2.kind_id)
                                             Filter: ((kind)::text = 'tv series'::text)
                                             Rows Removed by Filter: 1
                                 ->  Index Scan using movie_id_movie_companies on movie_companies mc2  (cost=0.43..1.35 rows=5 width=8) (actual time=0.009..0.010 rows=4 loops=1)
                                       Index Cond: (movie_id = t2.id)
                           ->  Index Scan using company_name_pkey on company_name cn2  (cost=0.42..0.44 rows=1 width=23) (actual time=0.002..0.002 rows=1 loops=4)
                                 Index Cond: (id = mc2.company_id)
                     ->  Index Scan using title_pkey on title t1  (cost=0.43..0.51 rows=1 width=25) (actual time=0.004..0.004 rows=1 loops=4)
                           Index Cond: (id = mc1.movie_id)
               ->  Index Scan using kind_type_pkey on kind_type kt1  (cost=0.13..0.15 rows=1 width=4) (actual time=0.002..0.002 rows=1 loops=4)
                     Index Cond: (id = t1.kind_id)
                     Filter: ((kind)::text = 'tv series'::text)
         ->  Index Scan using movie_id_movie_info_idx on movie_info_idx mi_idx2  (cost=0.43..0.51 rows=1 width=14) (actual time=0.005..0.005 rows=2 loops=4)
               Index Cond: (movie_id = mc2.movie_id)
               Filter: ((info)::text < '3.0'::text)
               Rows Removed by Filter: 1
 Planning Time: 92.179 ms
 Execution Time: 47.037 ms
(69 rows)

SET
                                                                                                                 QUERY PLAN                                                                                                                  
---------------------------------------------------------------------------------------------------------------------------------------------------------------------------------------------------------------------------------------------
 Aggregate  (cost=3851.97..3851.98 rows=1 width=192) (actual time=36.381..36.381 rows=1 loops=1)
   ->  Nested Loop  (cost=875.97..3851.96 rows=1 width=84) (actual time=10.115..36.323 rows=114 loops=1)
         ->  Nested Loop  (cost=875.55..3851.51 rows=1 width=69) (actual time=10.107..35.959 rows=131 loops=1)
               ->  Nested Loop  (cost=875.12..3850.90 rows=1 width=77) (actual time=10.100..35.780 rows=44 loops=1)
                     ->  Nested Loop  (cost=874.70..3850.46 rows=1 width=62) (actual time=10.086..35.616 rows=44 loops=1)
                           ->  Nested Loop  (cost=874.27..3849.79 rows=1 width=70) (actual time=10.077..35.413 rows=19 loops=1)
                                 ->  Nested Loop  (cost=874.14..3849.63 rows=1 width=74) (actual time=9.231..35.370 rows=27 loops=1)
                                       Join Filter: (it2.id = mi_idx2.info_type_id)
                                       Rows Removed by Join Filter: 1170
                                       ->  Nested Loop  (cost=873.71..3841.45 rows=15 width=68) (actual time=5.922..32.784 rows=851 loops=1)
                                             ->  Index Scan using info_type_pkey on info_type it2  (cost=0.14..14.12 rows=1 width=4) (actual time=0.016..0.019 rows=1 loops=1)
                                                   Filter: ((info)::text = 'rating'::text)
                                                   Rows Removed by Filter: 112
                                             ->  Hash Join  (cost=873.57..3827.18 rows=15 width=64) (actual time=5.903..32.653 rows=851 loops=1)
                                                   Hash Cond: (t1.kind_id = kt1.id)
                                                   ->  Nested Loop  (cost=872.46..3825.83 rows=54 width=68) (actual time=5.871..32.445 rows=851 loops=1)
                                                         Join Filter: (ml.movie_id = t1.id)
                                                         ->  Nested Loop  (cost=872.03..3794.27 rows=54 width=43) (actual time=5.862..30.647 rows=851 loops=1)
                                                               ->  Hash Join  (cost=871.60..3239.76 rows=132 width=18) (actual time=5.824..20.258 rows=2064 loops=1)
                                                                     Hash Cond: (mi_idx1.info_type_id = it1.id)
                                                                     ->  Merge Join  (cost=869.17..3196.60 rows=14958 width=22) (actual time=5.795..19.579 rows=6192 loops=1)
                                                                           Merge Cond: (mi_idx1.movie_id = ml.movie_id)
                                                                           ->  Index Scan using movie_id_movie_info_idx on movie_info_idx mi_idx1  (cost=0.43..43820.38 rows=1380035 width=14) (actual time=0.008..8.298 rows=63901 loops=1)
                                                                           ->  Sort  (cost=868.72..881.22 rows=5000 width=8) (actual time=5.766..6.086 rows=6443 loops=1)
                                                                                 Sort Key: ml.movie_id
                                                                                 Sort Method: quicksort  Memory: 205kB
                                                                                 ->  Hash Join  (cost=1.29..561.53 rows=5000 width=8) (actual time=0.038..5.263 rows=2315 loops=1)
                                                                                       Hash Cond: (ml.link_type_id = lt.id)
                                                                                       ->  Seq Scan on movie_link ml  (cost=0.00..462.97 rows=29997 width=12) (actual time=0.003..2.845 rows=29997 loops=1)
                                                                                       ->  Hash  (cost=1.25..1.25 rows=3 width=4) (actual time=0.017..0.017 rows=2 loops=1)
                                                                                             Buckets: 1024  Batches: 1  Memory Usage: 9kB
                                                                                             ->  Seq Scan on link_type lt  (cost=0.00..1.25 rows=3 width=4) (actual time=0.012..0.014 rows=2 loops=1)
                                                                                                   Filter: ((link)::text = ANY ('{sequel,follows,"followed by"}'::text[]))
                                                                                                   Rows Removed by Filter: 16
                                                                     ->  Hash  (cost=2.41..2.41 rows=1 width=4) (actual time=0.012..0.012 rows=1 loops=1)
                                                                           Buckets: 1024  Batches: 1  Memory Usage: 9kB
                                                                           ->  Seq Scan on info_type it1  (cost=0.00..2.41 rows=1 width=4) (actual time=0.009..0.010 rows=1 loops=1)
                                                                                 Filter: ((info)::text = 'rating'::text)
                                                                                 Rows Removed by Filter: 112
                                                               ->  Index Scan using title_pkey on title t2  (cost=0.43..4.20 rows=1 width=25) (actual time=0.005..0.005 rows=0 loops=2064)
                                                                     Index Cond: (id = ml.linked_movie_id)
                                                                     Filter: ((production_year >= 2000) AND (production_year <= 2010))
                                                                     Rows Removed by Filter: 1
                                                         ->  Index Scan using title_pkey on title t1  (cost=0.43..0.57 rows=1 width=25) (actual time=0.002..0.002 rows=1 loops=851)
                                                               Index Cond: (id = mi_idx1.movie_id)
                                                   ->  Hash  (cost=1.09..1.09 rows=2 width=4) (actual time=0.011..0.011 rows=2 loops=1)
                                                         Buckets: 1024  Batches: 1  Memory Usage: 9kB
                                                         ->  Seq Scan on kind_type kt1  (cost=0.00..1.09 rows=2 width=4) (actual time=0.005..0.006 rows=2 loops=1)
                                                               Filter: ((kind)::text = ANY ('{"tv series",episode}'::text[]))
                                                               Rows Removed by Filter: 5
                                       ->  Index Scan using movie_id_movie_info_idx on movie_info_idx mi_idx2  (cost=0.43..0.53 rows=1 width=14) (actual time=0.002..0.003 rows=1 loops=851)
                                             Index Cond: (movie_id = t2.id)
                                             Filter: ((info)::text < '3.5'::text)
                                             Rows Removed by Filter: 2
                                 ->  Index Scan using kind_type_pkey on kind_type kt2  (cost=0.13..0.15 rows=1 width=4) (actual time=0.001..0.001 rows=1 loops=27)
                                       Index Cond: (id = t2.kind_id)
                                       Filter: ((kind)::text = ANY ('{"tv series",episode}'::text[]))
                                       Rows Removed by Filter: 0
                           ->  Index Scan using movie_id_movie_companies on movie_companies mc2  (cost=0.43..0.62 rows=5 width=8) (actual time=0.008..0.010 rows=2 loops=19)
                                 Index Cond: (movie_id = t2.id)
                     ->  Index Scan using company_name_pkey on company_name cn2  (cost=0.42..0.44 rows=1 width=23) (actual time=0.003..0.003 rows=1 loops=44)
                           Index Cond: (id = mc2.company_id)
               ->  Index Scan using movie_id_movie_companies on movie_companies mc1  (cost=0.43..0.56 rows=5 width=8) (actual time=0.002..0.003 rows=3 loops=44)
                     Index Cond: (movie_id = t1.id)
         ->  Index Scan using company_name_pkey on company_name cn1  (cost=0.42..0.45 rows=1 width=23) (actual time=0.002..0.002 rows=1 loops=131)
               Index Cond: (id = mc1.company_id)
               Filter: ((country_code)::text <> '[us]'::text)
               Rows Removed by Filter: 0
 Planning Time: 89.903 ms
 Execution Time: 36.666 ms
(70 rows)

SET
                                                                          QUERY PLAN                                                                          
--------------------------------------------------------------------------------------------------------------------------------------------------------------
 Aggregate  (cost=16579.47..16579.48 rows=1 width=32) (actual time=226.397..226.397 rows=1 loops=1)
   ->  Nested Loop  (cost=7.61..16579.31 rows=65 width=17) (actual time=6.827..226.332 rows=206 loops=1)
         Join Filter: (t.id = mi.movie_id)
         ->  Nested Loop  (cost=7.18..16269.29 rows=174 width=25) (actual time=5.039..128.739 rows=2235 loops=1)
               ->  Nested Loop  (cost=6.75..16055.56 rows=438 width=4) (actual time=3.578..59.467 rows=12951 loops=1)
                     ->  Seq Scan on keyword k  (cost=0.00..2626.12 rows=13 width=4) (actual time=1.187..21.955 rows=30 loops=1)
                           Filter: ((keyword)::text ~~ '%sequel%'::text)
                           Rows Removed by Filter: 134140
                     ->  Bitmap Heap Scan on movie_keyword mk  (cost=6.75..1030.04 rows=299 width=8) (actual time=0.100..1.201 rows=432 loops=30)
                           Recheck Cond: (keyword_id = k.id)
                           Heap Blocks: exact=6979
                           ->  Bitmap Index Scan on keyword_id_movie_keyword  (cost=0.00..6.67 rows=299 width=0) (actual time=0.061..0.061 rows=432 loops=30)
                                 Index Cond: (keyword_id = k.id)
               ->  Index Scan using title_pkey on title t  (cost=0.43..0.49 rows=1 width=21) (actual time=0.005..0.005 rows=0 loops=12951)
                     Index Cond: (id = mk.movie_id)
                     Filter: (production_year > 2005)
                     Rows Removed by Filter: 1
         ->  Index Scan using movie_id_movie_info on movie_info mi  (cost=0.43..1.77 rows=1 width=4) (actual time=0.041..0.043 rows=0 loops=2235)
               Index Cond: (movie_id = mk.movie_id)
               Filter: ((info)::text = ANY ('{Sweden,Norway,Germany,Denmark,Swedish,Denish,Norwegian,German}'::text[]))
               Rows Removed by Filter: 45
 Planning Time: 1.823 ms
 Execution Time: 226.492 ms
(23 rows)

SET
                                                                          QUERY PLAN                                                                          
--------------------------------------------------------------------------------------------------------------------------------------------------------------
 Aggregate  (cost=16369.03..16369.04 rows=1 width=32) (actual time=147.461..147.461 rows=1 loops=1)
   ->  Nested Loop  (cost=7.61..16369.03 rows=1 width=17) (actual time=10.852..147.446 rows=5 loops=1)
         Join Filter: (t.id = mi.movie_id)
         ->  Nested Loop  (cost=7.18..16269.29 rows=68 width=25) (actual time=5.397..126.269 rows=405 loops=1)
               ->  Nested Loop  (cost=6.75..16055.56 rows=438 width=4) (actual time=3.716..59.450 rows=12951 loops=1)
                     ->  Seq Scan on keyword k  (cost=0.00..2626.12 rows=13 width=4) (actual time=1.321..22.283 rows=30 loops=1)
                           Filter: ((keyword)::text ~~ '%sequel%'::text)
                           Rows Removed by Filter: 134140
                     ->  Bitmap Heap Scan on movie_keyword mk  (cost=6.75..1030.04 rows=299 width=8) (actual time=0.100..1.191 rows=432 loops=30)
                           Recheck Cond: (keyword_id = k.id)
                           Heap Blocks: exact=6979
                           ->  Bitmap Index Scan on keyword_id_movie_keyword  (cost=0.00..6.67 rows=299 width=0) (actual time=0.061..0.061 rows=432 loops=30)
                                 Index Cond: (keyword_id = k.id)
               ->  Index Scan using title_pkey on title t  (cost=0.43..0.49 rows=1 width=21) (actual time=0.005..0.005 rows=0 loops=12951)
                     Index Cond: (id = mk.movie_id)
                     Filter: (production_year > 2010)
                     Rows Removed by Filter: 1
         ->  Index Scan using movie_id_movie_info on movie_info mi  (cost=0.43..1.45 rows=1 width=4) (actual time=0.051..0.052 rows=0 loops=405)
               Index Cond: (movie_id = mk.movie_id)
               Filter: ((info)::text = 'Bulgaria'::text)
               Rows Removed by Filter: 63
 Planning Time: 1.970 ms
 Execution Time: 147.575 ms
(23 rows)

SET
                                                                          QUERY PLAN                                                                          
--------------------------------------------------------------------------------------------------------------------------------------------------------------
 Aggregate  (cost=16842.39..16842.40 rows=1 width=32) (actual time=390.555..390.555 rows=1 loops=1)
   ->  Nested Loop  (cost=7.61..16840.96 rows=570 width=17) (actual time=4.058..389.521 rows=7250 loops=1)
         Join Filter: (t.id = mi.movie_id)
         ->  Nested Loop  (cost=7.18..16269.29 rows=301 width=25) (actual time=3.766..120.884 rows=7874 loops=1)
               ->  Nested Loop  (cost=6.75..16055.56 rows=438 width=4) (actual time=3.741..56.185 rows=12951 loops=1)
                     ->  Seq Scan on keyword k  (cost=0.00..2626.12 rows=13 width=4) (actual time=1.324..22.027 rows=30 loops=1)
                           Filter: ((keyword)::text ~~ '%sequel%'::text)
                           Rows Removed by Filter: 134140
                     ->  Bitmap Heap Scan on movie_keyword mk  (cost=6.75..1030.04 rows=299 width=8) (actual time=0.102..1.084 rows=432 loops=30)
                           Recheck Cond: (keyword_id = k.id)
                           Heap Blocks: exact=6979
                           ->  Bitmap Index Scan on keyword_id_movie_keyword  (cost=0.00..6.67 rows=299 width=0) (actual time=0.062..0.062 rows=432 loops=30)
                                 Index Cond: (keyword_id = k.id)
               ->  Index Scan using title_pkey on title t  (cost=0.43..0.49 rows=1 width=21) (actual time=0.005..0.005 rows=1 loops=12951)
                     Index Cond: (id = mk.movie_id)
                     Filter: (production_year > 1990)
                     Rows Removed by Filter: 0
         ->  Index Scan using movie_id_movie_info on movie_info mi  (cost=0.43..1.87 rows=2 width=4) (actual time=0.029..0.034 rows=1 loops=7874)
               Index Cond: (movie_id = mk.movie_id)
               Filter: ((info)::text = ANY ('{Sweden,Norway,Germany,Denmark,Swedish,Denish,Norwegian,German,USA,American}'::text[]))
               Rows Removed by Filter: 35
 Planning Time: 2.059 ms
 Execution Time: 390.660 ms
(23 rows)

SET
                                                                                 QUERY PLAN                                                                                 
----------------------------------------------------------------------------------------------------------------------------------------------------------------------------
 Aggregate  (cost=16288.57..16288.58 rows=1 width=64) (actual time=160.430..160.431 rows=1 loops=1)
   ->  Nested Loop  (cost=7.61..16288.56 rows=2 width=23) (actual time=6.053..160.253 rows=740 loops=1)
         Join Filter: (mi_idx.movie_id = t.id)
         ->  Nested Loop  (cost=7.18..16286.56 rows=4 width=14) (actual time=3.791..118.745 rows=5820 loops=1)
               Join Filter: (mi_idx.info_type_id = it.id)
               Rows Removed by Join Filter: 2613
               ->  Seq Scan on info_type it  (cost=0.00..2.41 rows=1 width=4) (actual time=0.011..0.013 rows=1 loops=1)
                     Filter: ((info)::text = 'rating'::text)
                     Rows Removed by Filter: 112
               ->  Nested Loop  (cost=7.18..16278.01 rows=491 width=18) (actual time=3.778..117.604 rows=8433 loops=1)
                     ->  Nested Loop  (cost=6.75..16055.56 rows=438 width=4) (actual time=3.754..63.692 rows=12951 loops=1)
                           ->  Seq Scan on keyword k  (cost=0.00..2626.12 rows=13 width=4) (actual time=1.337..22.731 rows=30 loops=1)
                                 Filter: ((keyword)::text ~~ '%sequel%'::text)
                                 Rows Removed by Filter: 134140
                           ->  Bitmap Heap Scan on movie_keyword mk  (cost=6.75..1030.04 rows=299 width=8) (actual time=0.101..1.315 rows=432 loops=30)
                                 Recheck Cond: (keyword_id = k.id)
                                 Heap Blocks: exact=6979
                                 ->  Bitmap Index Scan on keyword_id_movie_keyword  (cost=0.00..6.67 rows=299 width=0) (actual time=0.062..0.062 rows=432 loops=30)
                                       Index Cond: (keyword_id = k.id)
                     ->  Index Scan using movie_id_movie_info_idx on movie_info_idx mi_idx  (cost=0.43..0.50 rows=1 width=14) (actual time=0.004..0.004 rows=1 loops=12951)
                           Index Cond: (movie_id = mk.movie_id)
                           Filter: ((info)::text > '5.0'::text)
                           Rows Removed by Filter: 1
         ->  Index Scan using title_pkey on title t  (cost=0.43..0.49 rows=1 width=21) (actual time=0.007..0.007 rows=0 loops=5820)
               Index Cond: (id = mk.movie_id)
               Filter: (production_year > 2005)
               Rows Removed by Filter: 1
 Planning Time: 2.418 ms
 Execution Time: 160.556 ms
(29 rows)

SET
                                                                                 QUERY PLAN                                                                                 
----------------------------------------------------------------------------------------------------------------------------------------------------------------------------
 Aggregate  (cost=16281.03..16281.04 rows=1 width=64) (actual time=91.611..91.611 rows=1 loops=1)
   ->  Nested Loop  (cost=7.61..16281.02 rows=1 width=23) (actual time=14.824..91.600 rows=6 loops=1)
         Join Filter: (mi_idx.movie_id = t.id)
         ->  Nested Loop  (cost=7.18..16280.52 rows=1 width=14) (actual time=13.025..91.435 rows=21 loops=1)
               Join Filter: (mi_idx.info_type_id = it.id)
               Rows Removed by Join Filter: 285
               ->  Seq Scan on info_type it  (cost=0.00..2.41 rows=1 width=4) (actual time=0.012..0.014 rows=1 loops=1)
                     Filter: ((info)::text = 'rating'::text)
                     Rows Removed by Filter: 112
               ->  Nested Loop  (cost=7.18..16278.01 rows=8 width=18) (actual time=4.118..91.385 rows=306 loops=1)
                     ->  Nested Loop  (cost=6.75..16055.56 rows=438 width=4) (actual time=3.750..50.852 rows=12951 loops=1)
                           ->  Seq Scan on keyword k  (cost=0.00..2626.12 rows=13 width=4) (actual time=1.352..20.665 rows=30 loops=1)
                                 Filter: ((keyword)::text ~~ '%sequel%'::text)
                                 Rows Removed by Filter: 134140
                           ->  Bitmap Heap Scan on movie_keyword mk  (cost=6.75..1030.04 rows=299 width=8) (actual time=0.095..0.962 rows=432 loops=30)
                                 Recheck Cond: (keyword_id = k.id)
                                 Heap Blocks: exact=6979
                                 ->  Bitmap Index Scan on keyword_id_movie_keyword  (cost=0.00..6.67 rows=299 width=0) (actual time=0.057..0.057 rows=432 loops=30)
                                       Index Cond: (keyword_id = k.id)
                     ->  Index Scan using movie_id_movie_info_idx on movie_info_idx mi_idx  (cost=0.43..0.50 rows=1 width=14) (actual time=0.003..0.003 rows=0 loops=12951)
                           Index Cond: (movie_id = mk.movie_id)
                           Filter: ((info)::text > '9.0'::text)
                           Rows Removed by Filter: 2
         ->  Index Scan using title_pkey on title t  (cost=0.43..0.49 rows=1 width=21) (actual time=0.007..0.007 rows=0 loops=21)
               Index Cond: (id = mk.movie_id)
               Filter: (production_year > 2010)
               Rows Removed by Filter: 1
 Planning Time: 2.173 ms
 Execution Time: 91.732 ms
(29 rows)

SET
                                                                                 QUERY PLAN                                                                                 
----------------------------------------------------------------------------------------------------------------------------------------------------------------------------
 Aggregate  (cost=16297.85..16297.86 rows=1 width=64) (actual time=131.627..131.627 rows=1 loops=1)
   ->  Nested Loop  (cost=7.61..16297.83 rows=5 width=23) (actual time=3.429..130.717 rows=4700 loops=1)
         Join Filter: (mi_idx.movie_id = t.id)
         ->  Nested Loop  (cost=7.18..16294.33 rows=7 width=14) (actual time=3.392..82.923 rows=8092 loops=1)
               Join Filter: (mi_idx.info_type_id = it.id)
               Rows Removed by Join Filter: 6507
               ->  Seq Scan on info_type it  (cost=0.00..2.41 rows=1 width=4) (actual time=0.012..0.014 rows=1 loops=1)
                     Filter: ((info)::text = 'rating'::text)
                     Rows Removed by Filter: 112
               ->  Nested Loop  (cost=7.18..16282.39 rows=762 width=18) (actual time=3.378..81.329 rows=14599 loops=1)
                     ->  Nested Loop  (cost=6.75..16055.56 rows=438 width=4) (actual time=3.368..43.870 rows=12951 loops=1)
                           ->  Seq Scan on keyword k  (cost=0.00..2626.12 rows=13 width=4) (actual time=1.148..22.409 rows=30 loops=1)
                                 Filter: ((keyword)::text ~~ '%sequel%'::text)
                                 Rows Removed by Filter: 134140
                           ->  Bitmap Heap Scan on movie_keyword mk  (cost=6.75..1030.04 rows=299 width=8) (actual time=0.095..0.665 rows=432 loops=30)
                                 Recheck Cond: (keyword_id = k.id)
                                 Heap Blocks: exact=6979
                                 ->  Bitmap Index Scan on keyword_id_movie_keyword  (cost=0.00..6.67 rows=299 width=0) (actual time=0.056..0.056 rows=432 loops=30)
                                       Index Cond: (keyword_id = k.id)
                     ->  Index Scan using movie_id_movie_info_idx on movie_info_idx mi_idx  (cost=0.43..0.50 rows=2 width=14) (actual time=0.002..0.003 rows=1 loops=12951)
                           Index Cond: (movie_id = mk.movie_id)
                           Filter: ((info)::text > '2.0'::text)
                           Rows Removed by Filter: 1
         ->  Index Scan using title_pkey on title t  (cost=0.43..0.49 rows=1 width=21) (actual time=0.006..0.006 rows=1 loops=8092)
               Index Cond: (id = mk.movie_id)
               Filter: (production_year > 1990)
               Rows Removed by Filter: 0
 Planning Time: 1.954 ms
 Execution Time: 131.748 ms
(29 rows)

SET
                                                                                QUERY PLAN                                                                                 
---------------------------------------------------------------------------------------------------------------------------------------------------------------------------
 Finalize Aggregate  (cost=38740.79..38740.80 rows=1 width=32) (actual time=134.575..134.575 rows=1 loops=1)
   ->  Gather  (cost=38740.58..38740.79 rows=2 width=32) (actual time=134.504..135.237 rows=3 loops=1)
         Workers Planned: 2
         Workers Launched: 2
         ->  Partial Aggregate  (cost=37740.58..37740.59 rows=1 width=32) (actual time=132.049..132.050 rows=1 loops=3)
               ->  Hash Join  (cost=5.47..37740.50 rows=31 width=17) (actual time=132.047..132.047 rows=0 loops=3)
                     Hash Cond: (mi.info_type_id = it.id)
                     ->  Nested Loop  (cost=1.93..37736.88 rows=31 width=21) (actual time=132.046..132.046 rows=0 loops=3)
                           ->  Nested Loop  (cost=1.49..37442.96 rows=122 width=25) (actual time=132.046..132.046 rows=0 loops=3)
                                 ->  Hash Join  (cost=1.06..35104.78 rows=308 width=4) (actual time=132.045..132.046 rows=0 loops=3)
                                       Hash Cond: (mc.company_type_id = ct.id)
                                       ->  Parallel Seq Scan on movie_companies mc  (cost=0.00..35097.06 rows=1231 width=8) (actual time=5.908..131.384 rows=8008 loops=3)
                                             Filter: (((note)::text ~~ '%(theatrical)%'::text) AND ((note)::text ~~ '%(France)%'::text))
                                             Rows Removed by Filter: 861701
                                       ->  Hash  (cost=1.05..1.05 rows=1 width=4) (actual time=0.030..0.031 rows=1 loops=3)
                                             Buckets: 1024  Batches: 1  Memory Usage: 9kB
                                             ->  Seq Scan on company_type ct  (cost=0.00..1.05 rows=1 width=4) (actual time=0.023..0.024 rows=1 loops=3)
                                                   Filter: ((kind)::text = 'production companies'::text)
                                                   Rows Removed by Filter: 3
                                 ->  Index Scan using title_pkey on title t  (cost=0.43..7.59 rows=1 width=21) (never executed)
                                       Index Cond: (id = mc.movie_id)
                                       Filter: (production_year > 2005)
                           ->  Index Scan using movie_id_movie_info on movie_info mi  (cost=0.43..2.40 rows=1 width=8) (never executed)
                                 Index Cond: (movie_id = t.id)
                                 Filter: ((info)::text = ANY ('{Sweden,Norway,Germany,Denmark,Swedish,Denish,Norwegian,German}'::text[]))
                     ->  Hash  (cost=2.13..2.13 rows=113 width=4) (never executed)
                           ->  Seq Scan on info_type it  (cost=0.00..2.13 rows=113 width=4) (never executed)
 Planning Time: 2.420 ms
 Execution Time: 135.401 ms
(29 rows)

SET
                                                                            QUERY PLAN                                                                            
------------------------------------------------------------------------------------------------------------------------------------------------------------------
 Aggregate  (cost=38870.51..38870.52 rows=1 width=32) (actual time=128.437..128.437 rows=1 loops=1)
   ->  Gather  (cost=1002.07..38870.50 rows=2 width=17) (actual time=128.433..129.114 rows=0 loops=1)
         Workers Planned: 2
         Workers Launched: 2
         ->  Nested Loop  (cost=2.07..37870.30 rows=1 width=17) (actual time=126.051..126.051 rows=0 loops=3)
               ->  Nested Loop  (cost=1.93..37870.14 rows=1 width=21) (actual time=126.050..126.050 rows=0 loops=3)
                     ->  Nested Loop  (cost=1.49..37866.79 rows=1 width=25) (actual time=126.050..126.050 rows=0 loops=3)
                           ->  Hash Join  (cost=1.06..37816.09 rows=6 width=4) (actual time=126.049..126.050 rows=0 loops=3)
                                 Hash Cond: (mc.company_type_id = ct.id)
                                 ->  Parallel Seq Scan on movie_companies mc  (cost=0.00..37814.90 rows=25 width=8) (actual time=3.349..125.930 rows=473 loops=3)
                                       Filter: (((note)::text ~~ '%(VHS)%'::text) AND ((note)::text ~~ '%(USA)%'::text) AND ((note)::text ~~ '%(1994)%'::text))
                                       Rows Removed by Filter: 869237
                                 ->  Hash  (cost=1.05..1.05 rows=1 width=4) (actual time=0.016..0.017 rows=1 loops=3)
                                       Buckets: 1024  Batches: 1  Memory Usage: 9kB
                                       ->  Seq Scan on company_type ct  (cost=0.00..1.05 rows=1 width=4) (actual time=0.011..0.012 rows=1 loops=3)
                                             Filter: ((kind)::text = 'production companies'::text)
                                             Rows Removed by Filter: 3
                           ->  Index Scan using title_pkey on title t  (cost=0.43..8.45 rows=1 width=21) (never executed)
                                 Index Cond: (id = mc.movie_id)
                                 Filter: (production_year > 2010)
                     ->  Index Scan using movie_id_movie_info on movie_info mi  (cost=0.43..3.33 rows=2 width=8) (never executed)
                           Index Cond: (movie_id = t.id)
                           Filter: ((info)::text = ANY ('{USA,America}'::text[]))
               ->  Index Only Scan using info_type_pkey on info_type it  (cost=0.14..0.16 rows=1 width=4) (never executed)
                     Index Cond: (id = mi.info_type_id)
                     Heap Fetches: 0
 Planning Time: 2.122 ms
 Execution Time: 129.229 ms
(28 rows)

SET
                                                                                 QUERY PLAN                                                                                  
-----------------------------------------------------------------------------------------------------------------------------------------------------------------------------
 Finalize Aggregate  (cost=88991.12..88991.13 rows=1 width=32) (actual time=188.494..188.495 rows=1 loops=1)
   ->  Gather  (cost=88990.90..88991.11 rows=2 width=32) (actual time=188.401..190.794 rows=3 loops=1)
         Workers Planned: 2
         Workers Launched: 2
         ->  Partial Aggregate  (cost=87990.90..87990.91 rows=1 width=32) (actual time=186.017..186.017 rows=1 loops=3)
               ->  Hash Join  (cost=5.47..87951.49 rows=15766 width=17) (actual time=118.692..185.968 rows=223 loops=3)
                     Hash Cond: (mi.info_type_id = it.id)
                     ->  Nested Loop  (cost=1.93..87905.00 rows=15766 width=21) (actual time=118.635..185.851 rows=223 loops=3)
                           ->  Nested Loop  (cost=1.49..61336.48 rows=12181 width=25) (actual time=118.563..166.048 rows=256 loops=3)
                                 ->  Hash Join  (cost=1.06..35481.01 rows=17705 width=4) (actual time=118.502..161.435 rows=266 loops=3)
                                       Hash Cond: (mc.company_type_id = ct.id)
                                       ->  Parallel Seq Scan on movie_companies mc  (cost=0.00..35097.06 rows=70822 width=8) (actual time=0.025..154.736 rows=98543 loops=3)
                                             Filter: (((note)::text !~~ '%(TV)%'::text) AND ((note)::text ~~ '%(USA)%'::text))
                                             Rows Removed by Filter: 771167
                                       ->  Hash  (cost=1.05..1.05 rows=1 width=4) (actual time=0.015..0.016 rows=1 loops=3)
                                             Buckets: 1024  Batches: 1  Memory Usage: 9kB
                                             ->  Seq Scan on company_type ct  (cost=0.00..1.05 rows=1 width=4) (actual time=0.010..0.011 rows=1 loops=3)
                                                   Filter: ((kind)::text = 'production companies'::text)
                                                   Rows Removed by Filter: 3
                                 ->  Index Scan using title_pkey on title t  (cost=0.43..1.46 rows=1 width=21) (actual time=0.017..0.017 rows=1 loops=798)
                                       Index Cond: (id = mc.movie_id)
                                       Filter: (production_year > 1990)
                                       Rows Removed by Filter: 0
                           ->  Index Scan using movie_id_movie_info on movie_info mi  (cost=0.43..2.16 rows=2 width=8) (actual time=0.069..0.077 rows=1 loops=767)
                                 Index Cond: (movie_id = t.id)
                                 Filter: ((info)::text = ANY ('{Sweden,Norway,Germany,Denmark,Swedish,Denish,Norwegian,German,USA,American}'::text[]))
                                 Rows Removed by Filter: 10
                     ->  Hash  (cost=2.13..2.13 rows=113 width=4) (actual time=0.038..0.038 rows=113 loops=3)
                           Buckets: 1024  Batches: 1  Memory Usage: 12kB
                           ->  Seq Scan on info_type it  (cost=0.00..2.13 rows=113 width=4) (actual time=0.010..0.019 rows=113 loops=3)
 Planning Time: 2.111 ms
 Execution Time: 190.926 ms
(32 rows)

SET
                                                                            QUERY PLAN                                                                            
------------------------------------------------------------------------------------------------------------------------------------------------------------------
 Aggregate  (cost=3848.64..3848.65 rows=1 width=96) (actual time=39.354..39.354 rows=1 loops=1)
   ->  Nested Loop  (cost=8.17..3848.63 rows=1 width=48) (actual time=4.719..39.342 rows=6 loops=1)
         ->  Nested Loop  (cost=7.74..3759.44 rows=195 width=37) (actual time=0.469..23.569 rows=1224 loops=1)
               Join Filter: (t.id = ci.movie_id)
               ->  Nested Loop  (cost=7.18..3749.50 rows=5 width=41) (actual time=0.444..15.967 rows=11 loops=1)
                     ->  Nested Loop  (cost=6.75..3732.91 rows=34 width=20) (actual time=0.423..15.668 rows=14 loops=1)
                           ->  Seq Scan on keyword k  (cost=0.00..2626.12 rows=1 width=20) (actual time=0.391..15.528 rows=1 loops=1)
                                 Filter: ((keyword)::text = 'marvel-cinematic-universe'::text)
                                 Rows Removed by Filter: 134169
                           ->  Bitmap Heap Scan on movie_keyword mk  (cost=6.75..1103.80 rows=299 width=8) (actual time=0.029..0.132 rows=14 loops=1)
                                 Recheck Cond: (keyword_id = k.id)
                                 Heap Blocks: exact=12
                                 ->  Bitmap Index Scan on keyword_id_movie_keyword  (cost=0.00..6.67 rows=299 width=0) (actual time=0.017..0.017 rows=14 loops=1)
                                       Index Cond: (keyword_id = k.id)
                     ->  Index Scan using title_pkey on title t  (cost=0.43..0.49 rows=1 width=21) (actual time=0.021..0.021 rows=1 loops=14)
                           Index Cond: (id = mk.movie_id)
                           Filter: (production_year > 2010)
                           Rows Removed by Filter: 0
               ->  Index Scan using movie_id_cast_info on cast_info ci  (cost=0.56..1.52 rows=37 width=8) (actual time=0.019..0.669 rows=111 loops=11)
                     Index Cond: (movie_id = mk.movie_id)
         ->  Index Scan using name_pkey on name n  (cost=0.43..0.46 rows=1 width=19) (actual time=0.013..0.013 rows=0 loops=1224)
               Index Cond: (id = ci.person_id)
               Filter: ((name)::text ~~ '%Downey%Robert%'::text)
               Rows Removed by Filter: 1
 Planning Time: 2.481 ms
 Execution Time: 39.485 ms
(26 rows)

SET
                                                                             QUERY PLAN                                                                             
--------------------------------------------------------------------------------------------------------------------------------------------------------------------
 Aggregate  (cost=12284.11..12284.12 rows=1 width=96) (actual time=298.825..298.825 rows=1 loops=1)
   ->  Nested Loop  (cost=8.17..12284.10 rows=1 width=48) (actual time=32.004..298.801 rows=12 loops=1)
         ->  Nested Loop  (cost=7.74..12283.65 rows=1 width=37) (actual time=9.780..296.361 rows=383 loops=1)
               Join Filter: (t.id = ci.movie_id)
               ->  Nested Loop  (cost=7.18..12281.66 rows=1 width=41) (actual time=9.770..295.016 rows=36 loops=1)
                     ->  Nested Loop  (cost=6.75..12149.91 rows=270 width=20) (actual time=0.718..131.537 rows=35548 loops=1)
                           ->  Seq Scan on keyword k  (cost=0.00..3632.40 rows=8 width=20) (actual time=0.108..30.624 rows=8 loops=1)
                                 Filter: ((keyword)::text = ANY ('{superhero,sequel,second-part,marvel-comics,based-on-comic,tv-special,fight,violence}'::text[]))
                                 Rows Removed by Filter: 134162
                           ->  Bitmap Heap Scan on movie_keyword mk  (cost=6.75..1061.70 rows=299 width=8) (actual time=1.135..12.098 rows=4444 loops=8)
                                 Recheck Cond: (keyword_id = k.id)
                                 Heap Blocks: exact=23488
                                 ->  Bitmap Index Scan on keyword_id_movie_keyword  (cost=0.00..6.67 rows=299 width=0) (actual time=0.652..0.652 rows=4444 loops=8)
                                       Index Cond: (keyword_id = k.id)
                     ->  Index Scan using title_pkey on title t  (cost=0.43..0.49 rows=1 width=21) (actual time=0.004..0.004 rows=0 loops=35548)
                           Index Cond: (id = mk.movie_id)
                           Filter: (production_year > 2014)
                           Rows Removed by Filter: 1
               ->  Index Scan using movie_id_cast_info on cast_info ci  (cost=0.56..1.52 rows=37 width=8) (actual time=0.012..0.035 rows=11 loops=36)
                     Index Cond: (movie_id = mk.movie_id)
         ->  Index Scan using name_pkey on name n  (cost=0.43..0.46 rows=1 width=19) (actual time=0.006..0.006 rows=0 loops=383)
               Index Cond: (id = ci.person_id)
               Filter: ((name)::text ~~ '%Downey%Robert%'::text)
               Rows Removed by Filter: 1
 Planning Time: 2.280 ms
 Execution Time: 298.946 ms
(26 rows)

SET
                                                                            QUERY PLAN                                                                            
------------------------------------------------------------------------------------------------------------------------------------------------------------------
 Aggregate  (cost=3751.96..3751.97 rows=1 width=96) (actual time=11.659..11.660 rows=1 loops=1)
   ->  Nested Loop  (cost=8.17..3751.95 rows=1 width=48) (actual time=0.840..11.652 rows=2 loops=1)
         ->  Nested Loop  (cost=7.74..3751.49 rows=1 width=37) (actual time=0.485..11.461 rows=33 loops=1)
               Join Filter: (t.id = ci.movie_id)
               ->  Nested Loop  (cost=7.18..3749.51 rows=1 width=41) (actual time=0.463..11.323 rows=2 loops=1)
                     ->  Nested Loop  (cost=6.75..3732.91 rows=34 width=20) (actual time=0.417..11.089 rows=14 loops=1)
                           ->  Seq Scan on keyword k  (cost=0.00..2626.12 rows=1 width=20) (actual time=0.390..10.980 rows=1 loops=1)
                                 Filter: ((keyword)::text = 'marvel-cinematic-universe'::text)
                                 Rows Removed by Filter: 134169
                           ->  Bitmap Heap Scan on movie_keyword mk  (cost=6.75..1103.80 rows=299 width=8) (actual time=0.025..0.104 rows=14 loops=1)
                                 Recheck Cond: (keyword_id = k.id)
                                 Heap Blocks: exact=12
                                 ->  Bitmap Index Scan on keyword_id_movie_keyword  (cost=0.00..6.67 rows=299 width=0) (actual time=0.019..0.019 rows=14 loops=1)
                                       Index Cond: (keyword_id = k.id)
                     ->  Index Scan using title_pkey on title t  (cost=0.43..0.49 rows=1 width=21) (actual time=0.016..0.016 rows=0 loops=14)
                           Index Cond: (id = mk.movie_id)
                           Filter: (production_year > 2014)
                           Rows Removed by Filter: 1
               ->  Index Scan using movie_id_cast_info on cast_info ci  (cost=0.56..1.52 rows=37 width=8) (actual time=0.022..0.065 rows=16 loops=2)
                     Index Cond: (movie_id = mk.movie_id)
         ->  Index Scan using name_pkey on name n  (cost=0.43..0.46 rows=1 width=19) (actual time=0.006..0.006 rows=0 loops=33)
               Index Cond: (id = ci.person_id)
               Filter: ((name)::text ~~ '%Downey%Robert%'::text)
               Rows Removed by Filter: 1
 Planning Time: 2.533 ms
 Execution Time: 11.790 ms
(26 rows)

SET
                                                                             QUERY PLAN                                                                             
--------------------------------------------------------------------------------------------------------------------------------------------------------------------
 Aggregate  (cost=15053.68..15053.69 rows=1 width=96) (actual time=6814.652..6814.652 rows=1 loops=1)
   ->  Nested Loop  (cost=8.17..15053.68 rows=1 width=48) (actual time=189.808..6814.528 rows=88 loops=1)
         ->  Nested Loop  (cost=7.74..12573.66 rows=5422 width=37) (actual time=0.740..2552.899 rows=785477 loops=1)
               Join Filter: (t.id = ci.movie_id)
               ->  Nested Loop  (cost=7.18..12281.66 rows=147 width=41) (actual time=0.716..334.052 rows=14165 loops=1)
                     ->  Nested Loop  (cost=6.75..12149.91 rows=270 width=20) (actual time=0.694..138.591 rows=35548 loops=1)
                           ->  Seq Scan on keyword k  (cost=0.00..3632.40 rows=8 width=20) (actual time=0.122..29.730 rows=8 loops=1)
                                 Filter: ((keyword)::text = ANY ('{superhero,sequel,second-part,marvel-comics,based-on-comic,tv-special,fight,violence}'::text[]))
                                 Rows Removed by Filter: 134162
                           ->  Bitmap Heap Scan on movie_keyword mk  (cost=6.75..1061.70 rows=299 width=8) (actual time=1.139..12.902 rows=4444 loops=8)
                                 Recheck Cond: (keyword_id = k.id)
                                 Heap Blocks: exact=23488
                                 ->  Bitmap Index Scan on keyword_id_movie_keyword  (cost=0.00..6.67 rows=299 width=0) (actual time=0.654..0.654 rows=4444 loops=8)
                                       Index Cond: (keyword_id = k.id)
                     ->  Index Scan using title_pkey on title t  (cost=0.43..0.49 rows=1 width=21) (actual time=0.005..0.005 rows=0 loops=35548)
                           Index Cond: (id = mk.movie_id)
                           Filter: (production_year > 2000)
                           Rows Removed by Filter: 1
               ->  Index Scan using movie_id_cast_info on cast_info ci  (cost=0.56..1.52 rows=37 width=8) (actual time=0.008..0.146 rows=55 loops=14165)
                     Index Cond: (movie_id = mk.movie_id)
         ->  Index Scan using name_pkey on name n  (cost=0.43..0.46 rows=1 width=19) (actual time=0.005..0.005 rows=0 loops=785477)
               Index Cond: (id = ci.person_id)
               Filter: ((name)::text ~~ '%Downey%Robert%'::text)
               Rows Removed by Filter: 1
 Planning Time: 2.035 ms
 Execution Time: 6814.769 ms
(26 rows)

SET
                                                                            QUERY PLAN                                                                            
------------------------------------------------------------------------------------------------------------------------------------------------------------------
 Aggregate  (cost=4095.38..4095.39 rows=1 width=96) (actual time=25.171..25.171 rows=1 loops=1)
   ->  Nested Loop  (cost=8.17..4095.38 rows=1 width=48) (actual time=4.182..25.158 rows=6 loops=1)
         ->  Nested Loop  (cost=7.74..3785.26 rows=678 width=37) (actual time=0.470..15.284 rows=1224 loops=1)
               Join Filter: (t.id = ci.movie_id)
               ->  Nested Loop  (cost=7.18..3749.50 rows=18 width=41) (actual time=0.440..10.616 rows=11 loops=1)
                     ->  Nested Loop  (cost=6.75..3732.91 rows=34 width=20) (actual time=0.419..10.393 rows=14 loops=1)
                           ->  Seq Scan on keyword k  (cost=0.00..2626.12 rows=1 width=20) (actual time=0.383..10.273 rows=1 loops=1)
                                 Filter: ((keyword)::text = 'marvel-cinematic-universe'::text)
                                 Rows Removed by Filter: 134169
                           ->  Bitmap Heap Scan on movie_keyword mk  (cost=6.75..1103.80 rows=299 width=8) (actual time=0.033..0.113 rows=14 loops=1)
                                 Recheck Cond: (keyword_id = k.id)
                                 Heap Blocks: exact=12
                                 ->  Bitmap Index Scan on keyword_id_movie_keyword  (cost=0.00..6.67 rows=299 width=0) (actual time=0.021..0.021 rows=14 loops=1)
                                       Index Cond: (keyword_id = k.id)
                     ->  Index Scan using title_pkey on title t  (cost=0.43..0.49 rows=1 width=21) (actual time=0.015..0.015 rows=1 loops=14)
                           Index Cond: (id = mk.movie_id)
                           Filter: (production_year > 2000)
                           Rows Removed by Filter: 0
               ->  Index Scan using movie_id_cast_info on cast_info ci  (cost=0.56..1.52 rows=37 width=8) (actual time=0.017..0.405 rows=111 loops=11)
                     Index Cond: (movie_id = mk.movie_id)
         ->  Index Scan using name_pkey on name n  (cost=0.43..0.46 rows=1 width=19) (actual time=0.008..0.008 rows=0 loops=1224)
               Index Cond: (id = ci.person_id)
               Filter: ((name)::text ~~ '%Downey%Robert%'::text)
               Rows Removed by Filter: 1
 Planning Time: 2.585 ms
 Execution Time: 25.303 ms
(26 rows)

SET
                                                                             QUERY PLAN                                                                             
--------------------------------------------------------------------------------------------------------------------------------------------------------------------
 Aggregate  (cost=15080.79..15080.80 rows=1 width=96) (actual time=6931.286..6931.287 rows=1 loops=1)
   ->  Nested Loop  (cost=8.17..15040.12 rows=5422 width=48) (actual time=0.755..6754.850 rows=785477 loops=1)
         ->  Nested Loop  (cost=7.74..12573.66 rows=5422 width=37) (actual time=0.726..2583.772 rows=785477 loops=1)
               Join Filter: (t.id = ci.movie_id)
               ->  Nested Loop  (cost=7.18..12281.66 rows=147 width=41) (actual time=0.704..336.495 rows=14165 loops=1)
                     ->  Nested Loop  (cost=6.75..12149.91 rows=270 width=20) (actual time=0.681..138.813 rows=35548 loops=1)
                           ->  Seq Scan on keyword k  (cost=0.00..3632.40 rows=8 width=20) (actual time=0.107..29.562 rows=8 loops=1)
                                 Filter: ((keyword)::text = ANY ('{superhero,sequel,second-part,marvel-comics,based-on-comic,tv-special,fight,violence}'::text[]))
                                 Rows Removed by Filter: 134162
                           ->  Bitmap Heap Scan on movie_keyword mk  (cost=6.75..1061.70 rows=299 width=8) (actual time=1.138..12.953 rows=4444 loops=8)
                                 Recheck Cond: (keyword_id = k.id)
                                 Heap Blocks: exact=23488
                                 ->  Bitmap Index Scan on keyword_id_movie_keyword  (cost=0.00..6.67 rows=299 width=0) (actual time=0.652..0.652 rows=4444 loops=8)
                                       Index Cond: (keyword_id = k.id)
                     ->  Index Scan using title_pkey on title t  (cost=0.43..0.49 rows=1 width=21) (actual time=0.005..0.005 rows=0 loops=35548)
                           Index Cond: (id = mk.movie_id)
                           Filter: (production_year > 2000)
                           Rows Removed by Filter: 1
               ->  Index Scan using movie_id_cast_info on cast_info ci  (cost=0.56..1.52 rows=37 width=8) (actual time=0.008..0.149 rows=55 loops=14165)
                     Index Cond: (movie_id = mk.movie_id)
         ->  Index Scan using name_pkey on name n  (cost=0.43..0.45 rows=1 width=19) (actual time=0.005..0.005 rows=1 loops=785477)
               Index Cond: (id = ci.person_id)
 Planning Time: 2.099 ms
 Execution Time: 6931.406 ms
(24 rows)

SET
                                                                                                          QUERY PLAN                                                                                                           
-------------------------------------------------------------------------------------------------------------------------------------------------------------------------------------------------------------------------------
 Aggregate  (cost=13450.44..13450.45 rows=1 width=64) (actual time=1017.189..1017.189 rows=1 loops=1)
   ->  Nested Loop  (cost=41.24..13450.44 rows=1 width=32) (actual time=59.017..1017.155 rows=32 loops=1)
         ->  Nested Loop  (cost=41.10..13449.36 rows=1 width=36) (actual time=58.998..1017.061 rows=32 loops=1)
               Join Filter: (n.id = an.person_id)
               ->  Nested Loop  (cost=40.67..13448.87 rows=1 width=48) (actual time=58.972..1016.847 rows=14 loops=1)
                     Join Filter: (n.id = pi.person_id)
                     ->  Nested Loop  (cost=40.24..12494.38 rows=985 width=40) (actual time=0.417..867.065 rows=17559 loops=1)
                           ->  Nested Loop  (cost=39.81..8533.64 rows=8474 width=21) (actual time=0.390..306.348 rows=105262 loops=1)
                                 ->  Nested Loop  (cost=39.25..7243.89 rows=229 width=25) (actual time=0.359..38.928 rows=1467 loops=1)
                                       ->  Nested Loop  (cost=38.82..245.23 rows=1666 width=4) (actual time=0.311..2.589 rows=5186 loops=1)
                                             ->  Seq Scan on link_type lt  (cost=0.00..1.23 rows=1 width=4) (actual time=0.015..0.018 rows=1 loops=1)
                                                   Filter: ((link)::text = 'features'::text)
                                                   Rows Removed by Filter: 17
                                             ->  Bitmap Heap Scan on movie_link ml  (cost=38.82..225.26 rows=1875 width=8) (actual time=0.294..1.587 rows=5186 loops=1)
                                                   Recheck Cond: (link_type_id = lt.id)
                                                   Heap Blocks: exact=132
                                                   ->  Bitmap Index Scan on link_type_id_movie_link  (cost=0.00..38.35 rows=1875 width=0) (actual time=0.266..0.266 rows=5186 loops=1)
                                                         Index Cond: (link_type_id = lt.id)
                                       ->  Index Scan using title_pkey on title t  (cost=0.43..4.20 rows=1 width=21) (actual time=0.007..0.007 rows=0 loops=5186)
                                             Index Cond: (id = ml.linked_movie_id)
                                             Filter: ((production_year >= 1980) AND (production_year <= 1995))
                                             Rows Removed by Filter: 1
                                 ->  Index Scan using movie_id_cast_info on cast_info ci  (cost=0.56..5.26 rows=37 width=8) (actual time=0.010..0.173 rows=72 loops=1467)
                                       Index Cond: (movie_id = t.id)
                           ->  Index Scan using name_pkey on name n  (cost=0.43..0.47 rows=1 width=19) (actual time=0.005..0.005 rows=0 loops=105262)
                                 Index Cond: (id = ci.person_id)
                                 Filter: (((name_pcode_cf)::text >= 'A'::text) AND ((name_pcode_cf)::text <= 'F'::text) AND (((gender)::text = 'm'::text) OR (((gender)::text = 'f'::text) AND ((name)::text ~~ 'B%'::text))))
                                 Rows Removed by Filter: 1
                     ->  Index Scan using person_id_person_info on person_info pi  (cost=0.43..0.96 rows=1 width=8) (actual time=0.008..0.008 rows=0 loops=17559)
                           Index Cond: (person_id = ci.person_id)
                           Filter: ((note)::text = 'Volker Boehm'::text)
                           Rows Removed by Filter: 20
               ->  Index Scan using person_id_aka_name on aka_name an  (cost=0.42..0.47 rows=2 width=4) (actual time=0.011..0.014 rows=2 loops=14)
                     Index Cond: (person_id = ci.person_id)
                     Filter: ((name)::text ~~ '%a%'::text)
                     Rows Removed by Filter: 1
         ->  Index Scan using info_type_pkey on info_type it  (cost=0.14..0.61 rows=1 width=4) (actual time=0.002..0.002 rows=1 loops=32)
               Index Cond: (id = pi.info_type_id)
               Filter: ((info)::text = 'mini biography'::text)
 Planning Time: 7.476 ms
 Execution Time: 1017.373 ms
(41 rows)

SET
                                                                                      QUERY PLAN                                                                                       
---------------------------------------------------------------------------------------------------------------------------------------------------------------------------------------
 Aggregate  (cost=9049.69..9049.70 rows=1 width=64) (actual time=285.415..285.415 rows=1 loops=1)
   ->  Nested Loop  (cost=41.24..9049.68 rows=1 width=32) (actual time=12.731..285.395 rows=16 loops=1)
         ->  Nested Loop  (cost=41.10..9048.61 rows=1 width=36) (actual time=12.712..285.340 rows=16 loops=1)
               Join Filter: (n.id = an.person_id)
               ->  Nested Loop  (cost=40.67..9048.12 rows=1 width=48) (actual time=12.701..285.255 rows=8 loops=1)
                     Join Filter: (n.id = pi.person_id)
                     ->  Nested Loop  (cost=40.24..9005.48 rows=44 width=40) (actual time=0.592..276.731 rows=1076 loops=1)
                           ->  Nested Loop  (cost=39.81..8134.43 rows=1894 width=21) (actual time=0.375..112.823 rows=33415 loops=1)
                                 ->  Nested Loop  (cost=39.25..7243.89 rows=51 width=25) (actual time=0.345..36.029 rows=435 loops=1)
                                       ->  Nested Loop  (cost=38.82..245.23 rows=1666 width=4) (actual time=0.315..2.248 rows=5186 loops=1)
                                             ->  Seq Scan on link_type lt  (cost=0.00..1.23 rows=1 width=4) (actual time=0.012..0.015 rows=1 loops=1)
                                                   Filter: ((link)::text = 'features'::text)
                                                   Rows Removed by Filter: 17
                                             ->  Bitmap Heap Scan on movie_link ml  (cost=38.82..225.26 rows=1875 width=8) (actual time=0.301..1.492 rows=5186 loops=1)
                                                   Recheck Cond: (link_type_id = lt.id)
                                                   Heap Blocks: exact=132
                                                   ->  Bitmap Index Scan on link_type_id_movie_link  (cost=0.00..38.35 rows=1875 width=0) (actual time=0.274..0.274 rows=5186 loops=1)
                                                         Index Cond: (link_type_id = lt.id)
                                       ->  Index Scan using title_pkey on title t  (cost=0.43..4.20 rows=1 width=21) (actual time=0.006..0.006 rows=0 loops=5186)
                                             Index Cond: (id = ml.linked_movie_id)
                                             Filter: ((production_year >= 1980) AND (production_year <= 1984))
                                             Rows Removed by Filter: 1
                                 ->  Index Scan using movie_id_cast_info on cast_info ci  (cost=0.56..17.09 rows=37 width=8) (actual time=0.010..0.167 rows=77 loops=435)
                                       Index Cond: (movie_id = t.id)
                           ->  Index Scan using name_pkey on name n  (cost=0.43..0.46 rows=1 width=19) (actual time=0.005..0.005 rows=0 loops=33415)
                                 Index Cond: (id = ci.person_id)
                                 Filter: (((name_pcode_cf)::text ~~ 'D%'::text) AND ((gender)::text = 'm'::text))
                                 Rows Removed by Filter: 1
                     ->  Index Scan using person_id_person_info on person_info pi  (cost=0.43..0.96 rows=1 width=8) (actual time=0.008..0.008 rows=0 loops=1076)
                           Index Cond: (person_id = ci.person_id)
                           Filter: ((note)::text = 'Volker Boehm'::text)
                           Rows Removed by Filter: 16
               ->  Index Scan using person_id_aka_name on aka_name an  (cost=0.42..0.47 rows=2 width=4) (actual time=0.007..0.009 rows=2 loops=8)
                     Index Cond: (person_id = ci.person_id)
                     Filter: ((name)::text ~~ '%a%'::text)
                     Rows Removed by Filter: 1
         ->  Index Scan using info_type_pkey on info_type it  (cost=0.14..0.61 rows=1 width=4) (actual time=0.003..0.003 rows=1 loops=16)
               Index Cond: (id = pi.info_type_id)
               Filter: ((info)::text = 'mini biography'::text)
 Planning Time: 7.414 ms
 Execution Time: 285.597 ms
(41 rows)

SET
                                                                                                             QUERY PLAN                                                                                                              
-------------------------------------------------------------------------------------------------------------------------------------------------------------------------------------------------------------------------------------
 Aggregate  (cost=58025.67..58025.68 rows=1 width=64) (actual time=3324.818..3324.818 rows=1 loops=1)
   ->  Nested Loop  (cost=2495.15..58025.64 rows=6 width=111) (actual time=20.135..3081.576 rows=68185 loops=1)
         ->  Hash Join  (cost=2494.72..58021.06 rows=10 width=119) (actual time=20.099..2829.457 rows=109842 loops=1)
               Hash Cond: (ml.link_type_id = lt.id)
               ->  Nested Loop  (cost=2493.40..58019.61 rows=44 width=123) (actual time=20.053..2805.976 rows=127027 loops=1)
                     ->  Nested Loop  (cost=2493.11..57531.16 rows=1426 width=115) (actual time=20.019..1173.631 rows=1618304 loops=1)
                           ->  Nested Loop  (cost=2492.55..57287.95 rows=14 width=123) (actual time=19.994..662.001 rows=12595 loops=1)
                                 ->  Nested Loop  (cost=2492.12..56107.25 rows=1430 width=104) (actual time=19.890..414.224 rows=72979 loops=1)
                                       ->  Nested Loop  (cost=2491.69..55264.82 rows=717 width=100) (actual time=19.839..189.435 rows=84183 loops=1)
                                             ->  Seq Scan on info_type it  (cost=0.00..2.41 rows=1 width=4) (actual time=0.012..0.020 rows=1 loops=1)
                                                   Filter: ((info)::text = 'mini biography'::text)
                                                   Rows Removed by Filter: 112
                                             ->  Bitmap Heap Scan on person_info pi  (cost=2491.69..55225.59 rows=3682 width=104) (actual time=19.824..180.905 rows=84183 loops=1)
                                                   Recheck Cond: (info_type_id = it.id)
                                                   Filter: (note IS NOT NULL)
                                                   Rows Removed by Filter: 1
                                                   Heap Blocks: exact=40537
                                                   ->  Bitmap Index Scan on info_type_id_person_info  (cost=0.00..2490.77 rows=134712 width=0) (actual time=11.497..11.497 rows=84184 loops=1)
                                                         Index Cond: (info_type_id = it.id)
                                       ->  Index Scan using person_id_aka_name on aka_name an  (cost=0.42..1.15 rows=2 width=4) (actual time=0.002..0.002 rows=1 loops=84183)
                                             Index Cond: (person_id = pi.person_id)
                                             Filter: ((name IS NOT NULL) AND (((name)::text ~~ '%a%'::text) OR ((name)::text ~~ 'A%'::text)))
                                             Rows Removed by Filter: 0
                                 ->  Index Scan using name_pkey on name n  (cost=0.43..0.83 rows=1 width=19) (actual time=0.003..0.003 rows=0 loops=72979)
                                       Index Cond: (id = an.person_id)
                                       Filter: (((name_pcode_cf)::text >= 'A'::text) AND ((name_pcode_cf)::text <= 'F'::text) AND (((gender)::text = 'm'::text) OR (((gender)::text = 'f'::text) AND ((name)::text ~~ 'A%'::text))))
                                       Rows Removed by Filter: 1
                           ->  Index Scan using person_id_cast_info on cast_info ci  (cost=0.56..12.33 rows=504 width=8) (actual time=0.006..0.027 rows=128 loops=12595)
                                 Index Cond: (person_id = n.id)
                     ->  Index Scan using linked_movie_id_movie_link on movie_link ml  (cost=0.29..0.32 rows=2 width=8) (actual time=0.001..0.001 rows=0 loops=1618304)
                           Index Cond: (linked_movie_id = ci.movie_id)
               ->  Hash  (cost=1.27..1.27 rows=4 width=4) (actual time=0.020..0.020 rows=4 loops=1)
                     Buckets: 1024  Batches: 1  Memory Usage: 9kB
                     ->  Seq Scan on link_type lt  (cost=0.00..1.27 rows=4 width=4) (actual time=0.012..0.015 rows=4 loops=1)
                           Filter: ((link)::text = ANY ('{references,"referenced in",features,"featured in"}'::text[]))
                           Rows Removed by Filter: 14
         ->  Index Scan using title_pkey on title t  (cost=0.43..0.46 rows=1 width=4) (actual time=0.002..0.002 rows=1 loops=109842)
               Index Cond: (id = ci.movie_id)
               Filter: ((production_year >= 1980) AND (production_year <= 2010))
               Rows Removed by Filter: 0
 Planning Time: 7.559 ms
 Execution Time: 3325.204 ms
(42 rows)

SET
                                                                                    QUERY PLAN                                                                                     
-----------------------------------------------------------------------------------------------------------------------------------------------------------------------------------
 Aggregate  (cost=42962.65..42962.66 rows=1 width=64) (actual time=1446.092..1446.092 rows=1 loops=1)
   ->  Gather  (cost=5775.17..42962.64 rows=1 width=33) (actual time=124.993..1461.348 rows=62 loops=1)
         Workers Planned: 2
         Workers Launched: 2
         ->  Nested Loop  (cost=4775.17..41962.54 rows=1 width=33) (actual time=170.205..1443.308 rows=21 loops=3)
               ->  Nested Loop  (cost=4774.74..41958.79 rows=5 width=41) (actual time=16.787..1428.355 rows=5793 loops=3)
                     ->  Hash Join  (cost=4774.31..41956.44 rows=2 width=21) (actual time=16.752..1415.762 rows=2479 loops=3)
                           Hash Cond: (ci.role_id = rt.id)
                           ->  Nested Loop  (cost=4773.15..41955.18 rows=27 width=25) (actual time=16.657..1414.766 rows=6533 loops=3)
                                 ->  Nested Loop  (cost=4772.59..41333.61 rows=332 width=25) (actual time=16.414..241.134 rows=16109 loops=3)
                                       ->  Parallel Hash Join  (cost=4772.16..39899.83 rows=332 width=4) (actual time=16.366..156.088 rows=16109 loops=3)
                                             Hash Cond: (mc.company_id = cn.id)
                                             ->  Parallel Seq Scan on movie_companies mc  (cost=0.00..35097.06 rows=11664 width=8) (actual time=0.050..133.977 rows=16299 loops=3)
                                                   Filter: (((note)::text ~~ '%(Japan)%'::text) AND ((note)::text !~~ '%(USA)%'::text))
                                                   Rows Removed by Filter: 853411
                                             ->  Parallel Hash  (cost=4722.92..4722.92 rows=3939 width=4) (actual time=16.139..16.139 rows=2251 loops=3)
                                                   Buckets: 8192  Batches: 1  Memory Usage: 384kB
                                                   ->  Parallel Seq Scan on company_name cn  (cost=0.00..4722.92 rows=3939 width=4) (actual time=0.021..15.479 rows=2251 loops=3)
                                                         Filter: ((country_code)::text = '[jp]'::text)
                                                         Rows Removed by Filter: 76082
                                       ->  Index Scan using title_pkey on title t  (cost=0.43..4.32 rows=1 width=21) (actual time=0.005..0.005 rows=1 loops=48328)
                                             Index Cond: (id = mc.movie_id)
                                 ->  Index Scan using movie_id_cast_info on cast_info ci  (cost=0.56..1.86 rows=1 width=12) (actual time=0.070..0.073 rows=0 loops=48328)
                                       Index Cond: (movie_id = t.id)
                                       Filter: ((note)::text = '(voice: English version)'::text)
                                       Rows Removed by Filter: 32
                           ->  Hash  (cost=1.15..1.15 rows=1 width=4) (actual time=0.020..0.020 rows=1 loops=3)
                                 Buckets: 1024  Batches: 1  Memory Usage: 9kB
                                 ->  Seq Scan on role_type rt  (cost=0.00..1.15 rows=1 width=4) (actual time=0.014..0.015 rows=1 loops=3)
                                       Filter: ((role)::text = 'actress'::text)
                                       Rows Removed by Filter: 11
                     ->  Index Scan using person_id_aka_name on aka_name an1  (cost=0.42..1.16 rows=2 width=20) (actual time=0.004..0.005 rows=2 loops=7438)
                           Index Cond: (person_id = ci.person_id)
               ->  Index Scan using name_pkey on name n1  (cost=0.43..0.75 rows=1 width=4) (actual time=0.002..0.002 rows=0 loops=17379)
                     Index Cond: (id = an1.person_id)
                     Filter: (((name)::text ~~ '%Yo%'::text) AND ((name)::text !~~ '%Yu%'::text))
                     Rows Removed by Filter: 1
 Planning Time: 4.791 ms
 Execution Time: 1461.569 ms
(39 rows)

SET
                                                                                                      QUERY PLAN                                                                                                       
-----------------------------------------------------------------------------------------------------------------------------------------------------------------------------------------------------------------------
 Aggregate  (cost=44409.00..44409.01 rows=1 width=64) (actual time=172.721..172.721 rows=1 loops=1)
   ->  Nested Loop  (cost=1002.40..44409.00 rows=1 width=33) (actual time=171.856..172.706 rows=6 loops=1)
         ->  Nested Loop  (cost=1002.27..44408.82 rows=1 width=37) (actual time=171.828..172.671 rows=6 loops=1)
               ->  Nested Loop  (cost=1001.84..44408.07 rows=1 width=45) (actual time=170.411..171.812 rows=171 loops=1)
                     ->  Nested Loop  (cost=1001.42..44406.90 rows=1 width=25) (actual time=170.386..170.956 rows=104 loops=1)
                           Join Filter: (t.id = ci.movie_id)
                           ->  Gather  (cost=1000.85..44264.09 rows=1 width=25) (actual time=170.170..170.431 rows=4 loops=1)
                                 Workers Planned: 2
                                 Workers Launched: 2
                                 ->  Nested Loop  (cost=0.85..43263.99 rows=1 width=25) (actual time=111.317..167.756 rows=1 loops=3)
                                       ->  Nested Loop  (cost=0.42..43166.10 rows=12 width=4) (actual time=0.092..139.227 rows=2832 loops=3)
                                             ->  Parallel Seq Scan on movie_companies mc  (cost=0.00..40532.74 rows=434 width=8) (actual time=0.055..129.588 rows=2856 loops=3)
                                                   Filter: (((note)::text ~~ '%(Japan)%'::text) AND ((note)::text !~~ '%(USA)%'::text) AND (((note)::text ~~ '%(2006)%'::text) OR ((note)::text ~~ '%(2007)%'::text)))
                                                   Rows Removed by Filter: 866853
                                             ->  Index Scan using company_name_pkey on company_name cn  (cost=0.42..6.07 rows=1 width=4) (actual time=0.003..0.003 rows=1 loops=8569)
                                                   Index Cond: (id = mc.company_id)
                                                   Filter: ((country_code)::text = '[jp]'::text)
                                                   Rows Removed by Filter: 0
                                       ->  Index Scan using title_pkey on title t  (cost=0.43..8.13 rows=1 width=21) (actual time=0.010..0.010 rows=0 loops=8495)
                                             Index Cond: (id = mc.movie_id)
                                             Filter: ((production_year >= 2006) AND (production_year <= 2007) AND (((title)::text ~~ 'One Piece%'::text) OR ((title)::text ~~ 'Dragon Ball Z%'::text)))
                                             Rows Removed by Filter: 1
                           ->  Index Scan using movie_id_cast_info on cast_info ci  (cost=0.56..142.80 rows=1 width=12) (actual time=0.060..0.189 rows=26 loops=4)
                                 Index Cond: (movie_id = mc.movie_id)
                                 Filter: ((note)::text = '(voice: English version)'::text)
                                 Rows Removed by Filter: 17
                     ->  Index Scan using person_id_aka_name on aka_name an  (cost=0.42..1.16 rows=2 width=20) (actual time=0.007..0.008 rows=2 loops=104)
                           Index Cond: (person_id = ci.person_id)
               ->  Index Scan using name_pkey on name n  (cost=0.43..0.75 rows=1 width=4) (actual time=0.005..0.005 rows=0 loops=171)
                     Index Cond: (id = an.person_id)
                     Filter: (((name)::text ~~ '%Yo%'::text) AND ((name)::text !~~ '%Yu%'::text))
                     Rows Removed by Filter: 1
         ->  Index Scan using role_type_pkey on role_type rt  (cost=0.14..0.16 rows=1 width=4) (actual time=0.005..0.005 rows=1 loops=6)
               Index Cond: (id = ci.role_id)
               Filter: ((role)::text = 'actress'::text)
 Planning Time: 4.817 ms
 Execution Time: 173.205 ms
(37 rows)

SET
                                                                                                QUERY PLAN                                                                                                
----------------------------------------------------------------------------------------------------------------------------------------------------------------------------------------------------------
 Finalize Aggregate  (cost=529735.54..529735.55 rows=1 width=64) (actual time=3461.294..3461.294 rows=1 loops=1)
   ->  Gather  (cost=529735.32..529735.53 rows=2 width=64) (actual time=3458.553..3563.511 rows=3 loops=1)
         Workers Planned: 2
         Workers Launched: 2
         ->  Partial Aggregate  (cost=528735.32..528735.33 rows=1 width=64) (actual time=3456.291..3456.291 rows=1 loops=3)
               ->  Parallel Hash Join  (cost=483413.83..513803.80 rows=2986304 width=33) (actual time=3184.514..3352.319 rows=829204 loops=3)
                     Hash Cond: (a1.person_id = n1.id)
                     ->  Parallel Seq Scan on aka_name a1  (cost=0.00..15151.60 rows=375560 width=20) (actual time=0.028..39.209 rows=300448 loops=3)
                     ->  Parallel Hash  (cost=459853.10..459853.10 rows=1218458 width=25) (actual time=3085.689..3085.689 rows=656886 loops=3)
                           Buckets: 65536  Batches: 64  Memory Usage: 2848kB
                           ->  Parallel Hash Join  (cost=345158.80..459853.10 rows=1218458 width=25) (actual time=2750.158..2949.928 rows=656886 loops=3)
                                 Hash Cond: (ci.person_id = n1.id)
                                 ->  Hash Join  (cost=243691.57..334123.41 rows=1218458 width=21) (actual time=1906.854..2215.148 rows=656886 loops=3)
                                       Hash Cond: (t.id = ci.movie_id)
                                       ->  Parallel Hash Join  (cost=44358.48..110382.12 rows=395644 width=25) (actual time=591.075..793.222 rows=384599 loops=3)
                                             Hash Cond: (t.id = mc.movie_id)
                                             ->  Parallel Seq Scan on title t  (cost=0.00..46532.63 rows=1053463 width=21) (actual time=0.018..114.549 rows=842771 loops=3)
                                             ->  Parallel Hash  (cost=37866.93..37866.93 rows=395644 width=4) (actual time=298.088..298.088 rows=384599 loops=3)
                                                   Buckets: 131072  Batches: 16  Memory Usage: 3872kB
                                                   ->  Parallel Hash Join  (cost=5351.77..37866.93 rows=395644 width=4) (actual time=25.233..245.372 rows=384599 loops=3)
                                                         Hash Cond: (mc.company_id = cn.id)
                                                         ->  Parallel Seq Scan on movie_companies mc  (cost=0.00..29661.37 rows=1087137 width=8) (actual time=0.013..78.213 rows=869710 loops=3)
                                                         ->  Parallel Hash  (cost=4722.92..4722.92 rows=50308 width=4) (actual time=24.872..24.873 rows=28281 loops=3)
                                                               Buckets: 131072  Batches: 1  Memory Usage: 4384kB
                                                               ->  Parallel Seq Scan on company_name cn  (cost=0.00..4722.92 rows=50308 width=4) (actual time=0.014..17.136 rows=28281 loops=3)
                                                                     Filter: ((country_code)::text = '[us]'::text)
                                                                     Rows Removed by Filter: 50051
                                       ->  Hash  (cost=149779.57..149779.57 rows=3020362 width=8) (actual time=1138.125..1138.125 rows=2728943 loops=3)
                                             Buckets: 131072  Batches: 64  Memory Usage: 2675kB
                                             ->  Nested Loop  (cost=0.56..149779.57 rows=3020362 width=8) (actual time=0.044..762.136 rows=2728943 loops=3)
                                                   ->  Seq Scan on role_type rt  (cost=0.00..1.15 rows=1 width=4) (actual time=0.011..0.015 rows=1 loops=3)
                                                         Filter: ((role)::text = 'writer'::text)
                                                         Rows Removed by Filter: 11
                                                   ->  Index Scan using role_id_cast_info on cast_info ci  (cost=0.56..116829.02 rows=3294940 width=12) (actual time=0.029..508.650 rows=2728943 loops=3)
                                                         Index Cond: (role_id = rt.id)
                                 ->  Parallel Hash  (cost=72977.55..72977.55 rows=1736455 width=4) (actual time=352.763..352.763 rows=1389164 loops=3)
                                       Buckets: 131072  Batches: 64  Memory Usage: 3616kB
                                       ->  Parallel Seq Scan on name n1  (cost=0.00..72977.55 rows=1736455 width=4) (actual time=0.024..171.262 rows=1389164 loops=3)
 Planning Time: 4.202 ms
 Execution Time: 3564.154 ms
(40 rows)

SET
                                                                                               QUERY PLAN                                                                                               
--------------------------------------------------------------------------------------------------------------------------------------------------------------------------------------------------------
 Finalize Aggregate  (cost=529735.54..529735.55 rows=1 width=64) (actual time=1734.090..1734.090 rows=1 loops=1)
   ->  Gather  (cost=529735.32..529735.53 rows=2 width=64) (actual time=1731.675..1804.890 rows=3 loops=1)
         Workers Planned: 2
         Workers Launched: 2
         ->  Partial Aggregate  (cost=528735.32..528735.33 rows=1 width=64) (actual time=1729.327..1729.327 rows=1 loops=3)
               ->  Parallel Hash Join  (cost=483413.83..513803.80 rows=2986304 width=33) (actual time=1671.067..1715.813 rows=107668 loops=3)
                     Hash Cond: (an1.person_id = n1.id)
                     ->  Parallel Seq Scan on aka_name an1  (cost=0.00..15151.60 rows=375560 width=20) (actual time=0.029..39.221 rows=300448 loops=3)
                     ->  Parallel Hash  (cost=459853.10..459853.10 rows=1218458 width=25) (actual time=1573.522..1573.522 rows=95179 loops=3)
                           Buckets: 65536  Batches: 64  Memory Usage: 992kB
                           ->  Parallel Hash Join  (cost=345158.80..459853.10 rows=1218458 width=25) (actual time=1451.883..1552.698 rows=95179 loops=3)
                                 Hash Cond: (ci.person_id = n1.id)
                                 ->  Hash Join  (cost=243691.57..334123.41 rows=1218458 width=21) (actual time=900.660..1071.101 rows=95179 loops=3)
                                       Hash Cond: (t.id = ci.movie_id)
                                       ->  Parallel Hash Join  (cost=44358.48..110382.12 rows=395644 width=25) (actual time=589.840..793.194 rows=384599 loops=3)
                                             Hash Cond: (t.id = mc.movie_id)
                                             ->  Parallel Seq Scan on title t  (cost=0.00..46532.63 rows=1053463 width=21) (actual time=0.021..110.884 rows=842771 loops=3)
                                             ->  Parallel Hash  (cost=37866.93..37866.93 rows=395644 width=4) (actual time=300.579..300.579 rows=384599 loops=3)
                                                   Buckets: 131072  Batches: 16  Memory Usage: 3904kB
                                                   ->  Parallel Hash Join  (cost=5351.77..37866.93 rows=395644 width=4) (actual time=26.503..247.064 rows=384599 loops=3)
                                                         Hash Cond: (mc.company_id = cn.id)
                                                         ->  Parallel Seq Scan on movie_companies mc  (cost=0.00..29661.37 rows=1087137 width=8) (actual time=0.013..78.094 rows=869710 loops=3)
                                                         ->  Parallel Hash  (cost=4722.92..4722.92 rows=50308 width=4) (actual time=26.149..26.150 rows=28281 loops=3)
                                                               Buckets: 131072  Batches: 1  Memory Usage: 4384kB
                                                               ->  Parallel Seq Scan on company_name cn  (cost=0.00..4722.92 rows=50308 width=4) (actual time=0.026..18.040 rows=28281 loops=3)
                                                                     Filter: ((country_code)::text = '[us]'::text)
                                                                     Rows Removed by Filter: 50051
                                       ->  Hash  (cost=149779.57..149779.57 rows=3020362 width=8) (actual time=122.741..122.741 rows=276403 loops=3)
                                             Buckets: 131072  Batches: 64  Memory Usage: 1193kB
                                             ->  Nested Loop  (cost=0.56..149779.57 rows=3020362 width=8) (actual time=0.056..84.198 rows=276403 loops=3)
                                                   ->  Seq Scan on role_type rt  (cost=0.00..1.15 rows=1 width=4) (actual time=0.015..0.017 rows=1 loops=3)
                                                         Filter: ((role)::text = 'costume designer'::text)
                                                         Rows Removed by Filter: 11
                                                   ->  Index Scan using role_id_cast_info on cast_info ci  (cost=0.56..116829.02 rows=3294940 width=12) (actual time=0.036..58.432 rows=276403 loops=3)
                                                         Index Cond: (role_id = rt.id)
                                 ->  Parallel Hash  (cost=72977.55..72977.55 rows=1736455 width=4) (actual time=352.523..352.524 rows=1389164 loops=3)
                                       Buckets: 131072  Batches: 64  Memory Usage: 3616kB
                                       ->  Parallel Seq Scan on name n1  (cost=0.00..72977.55 rows=1736455 width=4) (actual time=0.021..170.433 rows=1389164 loops=3)
 Planning Time: 4.827 ms
 Execution Time: 1805.262 ms
(40 rows)

SET
                                                                                        QUERY PLAN                                                                                         
-------------------------------------------------------------------------------------------------------------------------------------------------------------------------------------------
 Aggregate  (cost=83282.38..83282.39 rows=1 width=96) (actual time=274.453..274.453 rows=1 loops=1)
   ->  Nested Loop  (cost=1003.86..83282.37 rows=1 width=49) (actual time=112.521..274.402 rows=121 loops=1)
         ->  Nested Loop  (cost=1003.44..83281.88 rows=1 width=53) (actual time=112.495..273.689 rows=123 loops=1)
               Join Filter: (ci.movie_id = mc.movie_id)
               ->  Gather  (cost=1003.01..83281.24 rows=1 width=57) (actual time=110.486..273.959 rows=139 loops=1)
                     Workers Planned: 2
                     Workers Launched: 2
                     ->  Nested Loop  (cost=3.01..82281.14 rows=1 width=57) (actual time=119.708..270.954 rows=46 loops=3)
                           ->  Nested Loop  (cost=2.58..82280.49 rows=1 width=45) (actual time=119.516..270.555 rows=52 loops=3)
                                 ->  Hash Join  (cost=2.15..82279.20 rows=2 width=24) (actual time=107.633..269.101 rows=142 loops=3)
                                       Hash Cond: (ci.role_id = rt.id)
                                       ->  Nested Loop  (cost=0.99..82277.96 rows=21 width=28) (actual time=107.532..268.964 rows=142 loops=3)
                                             Join Filter: (n.id = ci.person_id)
                                             ->  Nested Loop  (cost=0.42..82155.29 rows=9 width=24) (actual time=104.360..257.664 rows=519 loops=3)
                                                   ->  Parallel Seq Scan on name n  (cost=0.00..81659.82 rows=40 width=4) (actual time=104.001..247.004 rows=2256 loops=3)
                                                         Filter: (((name)::text ~~ '%Ang%'::text) AND ((gender)::text = 'f'::text))
                                                         Rows Removed by Filter: 1386908
                                                   ->  Index Scan using person_id_aka_name on aka_name an  (cost=0.42..12.37 rows=2 width=20) (actual time=0.004..0.004 rows=0 loops=6768)
                                                         Index Cond: (person_id = n.id)
                                             ->  Index Scan using person_id_cast_info on cast_info ci  (cost=0.56..13.47 rows=13 width=16) (actual time=0.020..0.021 rows=0 loops=1558)
                                                   Index Cond: (person_id = an.person_id)
                                                   Filter: ((note)::text = ANY ('{(voice),"(voice: Japanese version)","(voice) (uncredited)","(voice: English version)"}'::text[]))
                                                   Rows Removed by Filter: 44
                                       ->  Hash  (cost=1.15..1.15 rows=1 width=4) (actual time=0.027..0.028 rows=1 loops=3)
                                             Buckets: 1024  Batches: 1  Memory Usage: 9kB
                                             ->  Seq Scan on role_type rt  (cost=0.00..1.15 rows=1 width=4) (actual time=0.019..0.020 rows=1 loops=3)
                                                   Filter: ((role)::text = 'actress'::text)
                                                   Rows Removed by Filter: 11
                                 ->  Index Scan using title_pkey on title t  (cost=0.43..0.64 rows=1 width=21) (actual time=0.010..0.010 rows=0 loops=425)
                                       Index Cond: (id = ci.movie_id)
                                       Filter: ((production_year >= 2005) AND (production_year <= 2015))
                                       Rows Removed by Filter: 1
                           ->  Index Scan using char_name_pkey on char_name chn  (cost=0.43..0.65 rows=1 width=20) (actual time=0.007..0.007 rows=1 loops=155)
                                 Index Cond: (id = ci.person_role_id)
               ->  Index Scan using movie_id_movie_companies on movie_companies mc  (cost=0.43..0.64 rows=1 width=8) (actual time=0.009..0.012 rows=1 loops=139)
                     Index Cond: (movie_id = t.id)
                     Filter: ((note IS NOT NULL) AND (((note)::text ~~ '%(USA)%'::text) OR ((note)::text ~~ '%(worldwide)%'::text)))
                     Rows Removed by Filter: 5
         ->  Index Scan using company_name_pkey on company_name cn  (cost=0.42..0.49 rows=1 width=4) (actual time=0.005..0.005 rows=1 loops=123)
               Index Cond: (id = mc.company_id)
               Filter: ((country_code)::text = '[us]'::text)
               Rows Removed by Filter: 0
 Planning Time: 7.563 ms
 Execution Time: 276.625 ms
(44 rows)

SET
                                                                                        QUERY PLAN                                                                                         
-------------------------------------------------------------------------------------------------------------------------------------------------------------------------------------------
 Aggregate  (cost=83270.97..83270.98 rows=1 width=128) (actual time=263.298..263.298 rows=1 loops=1)
   ->  Nested Loop  (cost=1003.86..83270.96 rows=1 width=64) (actual time=113.305..263.266 rows=40 loops=1)
         ->  Nested Loop  (cost=1003.44..83270.37 rows=1 width=68) (actual time=113.290..263.078 rows=40 loops=1)
               ->  Nested Loop  (cost=1003.01..83269.66 rows=1 width=72) (actual time=113.241..262.562 rows=60 loops=1)
                     ->  Gather  (cost=1002.58..83268.98 rows=1 width=60) (actual time=113.217..264.715 rows=65 loops=1)
                           Workers Planned: 2
                           Workers Launched: 2
                           ->  Nested Loop  (cost=2.58..82268.88 rows=1 width=60) (actual time=109.181..260.351 rows=22 loops=3)
                                 ->  Hash Join  (cost=2.15..82267.52 rows=2 width=39) (actual time=107.722..259.815 rows=88 loops=3)
                                       Hash Cond: (ci.role_id = rt.id)
                                       ->  Nested Loop  (cost=0.99..82266.28 rows=18 width=43) (actual time=107.624..259.693 rows=88 loops=3)
                                             Join Filter: (n.id = ci.person_id)
                                             ->  Nested Loop  (cost=0.42..82155.29 rows=9 width=39) (actual time=104.015..253.847 rows=432 loops=3)
                                                   ->  Parallel Seq Scan on name n  (cost=0.00..81659.82 rows=40 width=19) (actual time=103.665..247.039 rows=1803 loops=3)
                                                         Filter: (((name)::text ~~ '%Angel%'::text) AND ((gender)::text = 'f'::text))
                                                         Rows Removed by Filter: 1387361
                                                   ->  Index Scan using person_id_aka_name on aka_name an  (cost=0.42..12.37 rows=2 width=20) (actual time=0.003..0.003 rows=0 loops=5409)
                                                         Index Cond: (person_id = n.id)
                                             ->  Index Scan using person_id_cast_info on cast_info ci  (cost=0.56..12.21 rows=10 width=16) (actual time=0.012..0.013 rows=0 loops=1296)
                                                   Index Cond: (person_id = an.person_id)
                                                   Filter: ((note)::text = '(voice)'::text)
                                                   Rows Removed by Filter: 43
                                       ->  Hash  (cost=1.15..1.15 rows=1 width=4) (actual time=0.025..0.026 rows=1 loops=3)
                                             Buckets: 1024  Batches: 1  Memory Usage: 9kB
                                             ->  Seq Scan on role_type rt  (cost=0.00..1.15 rows=1 width=4) (actual time=0.019..0.020 rows=1 loops=3)
                                                   Filter: ((role)::text = 'actress'::text)
                                                   Rows Removed by Filter: 11
                                 ->  Index Scan using title_pkey on title t  (cost=0.43..0.68 rows=1 width=21) (actual time=0.006..0.006 rows=0 loops=265)
                                       Index Cond: (id = ci.movie_id)
                                       Filter: ((production_year >= 2007) AND (production_year <= 2010))
                                       Rows Removed by Filter: 1
                     ->  Index Scan using char_name_pkey on char_name chn  (cost=0.43..0.69 rows=1 width=20) (actual time=0.004..0.004 rows=1 loops=65)
                           Index Cond: (id = ci.person_role_id)
               ->  Index Scan using movie_id_movie_companies on movie_companies mc  (cost=0.43..0.69 rows=1 width=8) (actual time=0.006..0.008 rows=1 loops=60)
                     Index Cond: (movie_id = ci.movie_id)
                     Filter: (((note)::text ~~ '%(200%)%'::text) AND (((note)::text ~~ '%(USA)%'::text) OR ((note)::text ~~ '%(worldwide)%'::text)))
                     Rows Removed by Filter: 7
         ->  Index Scan using company_name_pkey on company_name cn  (cost=0.42..0.59 rows=1 width=4) (actual time=0.004..0.004 rows=1 loops=40)
               Index Cond: (id = mc.company_id)
               Filter: ((country_code)::text = '[us]'::text)
 Planning Time: 7.172 ms
 Execution Time: 265.923 ms
(42 rows)

SET
                                                                                          QUERY PLAN                                                                                           
-----------------------------------------------------------------------------------------------------------------------------------------------------------------------------------------------
 Finalize Aggregate  (cost=123482.63..123482.64 rows=1 width=128) (actual time=456.910..456.910 rows=1 loops=1)
   ->  Gather  (cost=123482.40..123482.61 rows=2 width=128) (actual time=456.376..460.870 rows=3 loops=1)
         Workers Planned: 2
         Workers Launched: 2
         ->  Partial Aggregate  (cost=122482.40..122482.41 rows=1 width=128) (actual time=453.734..453.734 rows=1 loops=3)
               ->  Nested Loop  (cost=81764.69..122480.72 rows=168 width=64) (actual time=258.974..452.931 rows=2715 loops=3)
                     Join Filter: (ci.movie_id = t.id)
                     ->  Nested Loop  (cost=81764.26..122392.38 rows=168 width=55) (actual time=258.922..444.403 rows=2715 loops=3)
                           ->  Nested Loop  (cost=81763.84..122186.52 rows=462 width=59) (actual time=258.274..426.442 rows=6115 loops=3)
                                 ->  Nested Loop  (cost=81763.41..122068.42 rows=173 width=51) (actual time=258.219..414.288 rows=2575 loops=3)
                                       ->  Hash Join  (cost=81762.98..121836.61 rows=358 width=39) (actual time=258.168..404.488 rows=2735 loops=3)
                                             Hash Cond: (ci.role_id = rt.id)
                                             ->  Nested Loop  (cost=81761.82..121820.18 rows=4301 width=43) (actual time=258.098..403.869 rows=2735 loops=3)
                                                   Join Filter: (n.id = ci.person_id)
                                                   ->  Parallel Hash Join  (cost=81761.26..97898.70 rows=1755 width=39) (actual time=256.300..333.561 rows=3508 loops=3)
                                                         Hash Cond: (an.person_id = n.id)
                                                         ->  Parallel Seq Scan on aka_name an  (cost=0.00..15151.60 rows=375560 width=20) (actual time=0.016..32.458 rows=300448 loops=3)
                                                         ->  Parallel Hash  (cost=81659.82..81659.82 rows=8115 width=19) (actual time=255.932..255.933 rows=16670 loops=3)
                                                               Buckets: 65536 (originally 32768)  Batches: 1 (originally 1)  Memory Usage: 3584kB
                                                               ->  Parallel Seq Scan on name n  (cost=0.00..81659.82 rows=8115 width=19) (actual time=104.112..247.837 rows=16670 loops=3)
                                                                     Filter: (((name)::text ~~ '%An%'::text) AND ((gender)::text = 'f'::text))
                                                                     Rows Removed by Filter: 1372493
                                                   ->  Index Scan using person_id_cast_info on cast_info ci  (cost=0.56..13.47 rows=13 width=16) (actual time=0.018..0.020 rows=1 loops=10525)
                                                         Index Cond: (person_id = an.person_id)
                                                         Filter: ((note)::text = ANY ('{(voice),"(voice: Japanese version)","(voice) (uncredited)","(voice: English version)"}'::text[]))
                                                         Rows Removed by Filter: 44
                                             ->  Hash  (cost=1.15..1.15 rows=1 width=4) (actual time=0.023..0.023 rows=1 loops=3)
                                                   Buckets: 1024  Batches: 1  Memory Usage: 9kB
                                                   ->  Seq Scan on role_type rt  (cost=0.00..1.15 rows=1 width=4) (actual time=0.017..0.018 rows=1 loops=3)
                                                         Filter: ((role)::text = 'actress'::text)
                                                         Rows Removed by Filter: 11
                                       ->  Index Scan using char_name_pkey on char_name chn  (cost=0.43..0.65 rows=1 width=20) (actual time=0.003..0.003 rows=1 loops=8204)
                                             Index Cond: (id = ci.person_role_id)
                                 ->  Index Scan using movie_id_movie_companies on movie_companies mc  (cost=0.43..0.63 rows=5 width=8) (actual time=0.003..0.004 rows=2 loops=7726)
                                       Index Cond: (movie_id = ci.movie_id)
                           ->  Index Scan using company_name_pkey on company_name cn  (cost=0.42..0.45 rows=1 width=4) (actual time=0.003..0.003 rows=0 loops=18345)
                                 Index Cond: (id = mc.company_id)
                                 Filter: ((country_code)::text = '[us]'::text)
                                 Rows Removed by Filter: 1
                     ->  Index Scan using title_pkey on title t  (cost=0.43..0.51 rows=1 width=21) (actual time=0.003..0.003 rows=1 loops=8144)
                           Index Cond: (id = mc.movie_id)
 Planning Time: 7.210 ms
 Execution Time: 461.111 ms
(43 rows)

SET
                                                                                                  QUERY PLAN                                                                                                  
--------------------------------------------------------------------------------------------------------------------------------------------------------------------------------------------------------------
 Finalize Aggregate  (cost=211411.33..211411.34 rows=1 width=128) (actual time=3767.203..3767.204 rows=1 loops=1)
   ->  Gather  (cost=211411.10..211411.31 rows=2 width=128) (actual time=2862.007..3771.925 rows=3 loops=1)
         Workers Planned: 2
         Workers Launched: 2
         ->  Partial Aggregate  (cost=210411.10..210411.11 rows=1 width=128) (actual time=3157.376..3157.376 rows=1 loops=3)
               ->  Nested Loop  (cost=140783.51..210327.94 rows=8316 width=64) (actual time=2079.236..3119.625 rows=161027 loops=3)
                     ->  Nested Loop  (cost=140783.09..208504.03 rows=3393 width=56) (actual time=2079.053..2953.752 rows=57856 loops=3)
                           Join Filter: (ci.movie_id = t.id)
                           ->  Nested Loop  (cost=140782.66..206719.92 rows=3393 width=47) (actual time=2079.032..2806.896 rows=57856 loops=3)
                                 ->  Nested Loop  (cost=140782.23..202181.65 rows=7009 width=35) (actual time=2079.014..2614.558 rows=63155 loops=3)
                                       ->  Hash Join  (cost=140781.80..179531.73 rows=30299 width=16) (actual time=2078.983..2425.398 rows=63185 loops=3)
                                             Hash Cond: (mc.movie_id = ci.movie_id)
                                             ->  Parallel Hash Join  (cost=5351.77..37866.93 rows=395644 width=4) (actual time=23.978..251.254 rows=384599 loops=3)
                                                   Hash Cond: (mc.company_id = cn.id)
                                                   ->  Parallel Seq Scan on movie_companies mc  (cost=0.00..29661.37 rows=1087137 width=8) (actual time=0.015..77.086 rows=869710 loops=3)
                                                   ->  Parallel Hash  (cost=4722.92..4722.92 rows=50308 width=4) (actual time=23.451..23.451 rows=28281 loops=3)
                                                         Buckets: 131072  Batches: 1  Memory Usage: 4352kB
                                                         ->  Parallel Seq Scan on company_name cn  (cost=0.00..4722.92 rows=50308 width=4) (actual time=0.021..16.435 rows=28281 loops=3)
                                                               Filter: ((country_code)::text = '[us]'::text)
                                                               Rows Removed by Filter: 50051
                                             ->  Hash  (cost=134124.20..134124.20 rows=75106 width=12) (actual time=2054.008..2054.008 rows=276166 loops=3)
                                                   Buckets: 131072 (originally 131072)  Batches: 4 (originally 2)  Memory Usage: 3984kB
                                                   ->  Nested Loop  (cost=0.56..134124.20 rows=75106 width=12) (actual time=0.197..1999.761 rows=276166 loops=3)
                                                         ->  Seq Scan on role_type rt  (cost=0.00..1.15 rows=1 width=4) (actual time=0.011..0.014 rows=1 loops=3)
                                                               Filter: ((role)::text = 'actress'::text)
                                                               Rows Removed by Filter: 11
                                                         ->  Index Scan using role_id_cast_info on cast_info ci  (cost=0.56..133303.71 rows=81934 width=16) (actual time=0.183..1976.647 rows=276166 loops=3)
                                                               Index Cond: (role_id = rt.id)
                                                               Filter: ((note)::text = ANY ('{(voice),"(voice: Japanese version)","(voice) (uncredited)","(voice: English version)"}'::text[]))
                                                               Rows Removed by Filter: 7175807
                                       ->  Index Scan using name_pkey on name n  (cost=0.43..0.75 rows=1 width=19) (actual time=0.003..0.003 rows=1 loops=189554)
                                             Index Cond: (id = ci.person_id)
                                             Filter: ((gender)::text = 'f'::text)
                                             Rows Removed by Filter: 0
                                 ->  Index Scan using char_name_pkey on char_name chn  (cost=0.43..0.65 rows=1 width=20) (actual time=0.003..0.003 rows=1 loops=189464)
                                       Index Cond: (id = ci.person_role_id)
                           ->  Index Scan using title_pkey on title t  (cost=0.43..0.51 rows=1 width=21) (actual time=0.002..0.002 rows=1 loops=173567)
                                 Index Cond: (id = mc.movie_id)
                     ->  Index Scan using person_id_aka_name on aka_name an  (cost=0.42..0.52 rows=2 width=20) (actual time=0.002..0.002 rows=3 loops=173567)
                           Index Cond: (person_id = n.id)
 Planning Time: 7.513 ms
 Execution Time: 3772.173 ms
(42 rows)

