SET
                                                                                         QUERY PLAN                                                                                         
--------------------------------------------------------------------------------------------------------------------------------------------------------------------------------------------
 Finalize Aggregate  (cost=46680.35..46680.36 rows=1 width=64) (actual time=442.054..442.054 rows=1 loops=1)
   ->  Gather  (cost=46680.13..46680.34 rows=2 width=64) (actual time=441.905..446.422 rows=3 loops=1)
         Workers Planned: 2
         Workers Launched: 2
         ->  Partial Aggregate  (cost=45680.13..45680.14 rows=1 width=64) (actual time=439.092..439.092 rows=1 loops=3)
               ->  Nested Loop  (cost=4736.00..45680.12 rows=2 width=33) (actual time=59.746..439.059 rows=35 loops=3)
                     ->  Nested Loop  (cost=4735.87..45679.82 rows=2 width=37) (actual time=59.702..438.935 rows=35 loops=3)
                           ->  Hash Join  (cost=4735.44..45655.14 rows=5 width=25) (actual time=59.659..438.495 rows=37 loops=3)
                                 Hash Cond: (ci.role_id = rt.id)
                                 ->  Nested Loop  (cost=4734.28..45653.76 rows=62 width=29) (actual time=59.193..438.384 rows=50 loops=3)
                                       Join Filter: (t.id = ci.movie_id)
                                       ->  Nested Loop  (cost=4733.71..40613.13 rows=2585 width=29) (actual time=16.681..201.191 rows=1513 loops=3)
                                             ->  Parallel Hash Join  (cost=4733.28..37248.44 rows=6523 width=8) (actual time=16.541..177.888 rows=2930 loops=3)
                                                   Hash Cond: (mc.company_id = cn.id)
                                                   ->  Parallel Seq Scan on movie_companies mc  (cost=0.00..29661.37 rows=1087137 width=12) (actual time=0.016..77.150 rows=869710 loops=3)
                                                   ->  Parallel Hash  (cost=4722.92..4722.92 rows=829 width=4) (actual time=15.953..15.953 rows=454 loops=3)
                                                         Buckets: 2048  Batches: 1  Memory Usage: 112kB
                                                         ->  Parallel Seq Scan on company_name cn  (cost=0.00..4722.92 rows=829 width=4) (actual time=0.023..15.787 rows=454 loops=3)
                                                               Filter: ((country_code)::text = '[ru]'::text)
                                                               Rows Removed by Filter: 77879
                                             ->  Index Scan using title_pkey on title t  (cost=0.43..0.52 rows=1 width=21) (actual time=0.008..0.008 rows=1 loops=8790)
                                                   Index Cond: (id = mc.movie_id)
                                                   Filter: (production_year > 2005)
                                                   Rows Removed by Filter: 0
                                       ->  Index Scan using movie_id_cast_info on cast_info ci  (cost=0.56..1.94 rows=1 width=12) (actual time=0.147..0.156 rows=0 loops=4539)
                                             Index Cond: (movie_id = mc.movie_id)
                                             Filter: (((note)::text ~~ '%(voice)%'::text) AND ((note)::text ~~ '%(uncredited)%'::text))
                                             Rows Removed by Filter: 50
                                 ->  Hash  (cost=1.15..1.15 rows=1 width=4) (actual time=0.021..0.021 rows=1 loops=3)
                                       Buckets: 1024  Batches: 1  Memory Usage: 9kB
                                       ->  Seq Scan on role_type rt  (cost=0.00..1.15 rows=1 width=4) (actual time=0.015..0.016 rows=1 loops=3)
                                             Filter: ((role)::text = 'actor'::text)
                                             Rows Removed by Filter: 11
                           ->  Index Scan using char_name_pkey on char_name chn  (cost=0.43..4.94 rows=1 width=20) (actual time=0.011..0.011 rows=1 loops=112)
                                 Index Cond: (id = ci.person_role_id)
                     ->  Index Only Scan using company_type_pkey on company_type ct  (cost=0.13..0.15 rows=1 width=4) (actual time=0.003..0.003 rows=1 loops=104)
                           Index Cond: (id = mc.company_type_id)
                           Heap Fetches: 104
 Planning Time: 4.241 ms
 Execution Time: 446.663 ms
(40 rows)

SET
                                                                                         QUERY PLAN                                                                                         
--------------------------------------------------------------------------------------------------------------------------------------------------------------------------------------------
 Finalize Aggregate  (cost=43581.05..43581.06 rows=1 width=64) (actual time=269.958..269.958 rows=1 loops=1)
   ->  Gather  (cost=43580.83..43581.04 rows=2 width=64) (actual time=269.806..276.074 rows=3 loops=1)
         Workers Planned: 2
         Workers Launched: 2
         ->  Partial Aggregate  (cost=42580.83..42580.84 rows=1 width=64) (actual time=267.197..267.197 rows=1 loops=3)
               ->  Hash Join  (cost=4736.96..42580.54 rows=58 width=33) (actual time=267.193..267.193 rows=0 loops=3)
                     Hash Cond: (mc.company_type_id = ct.id)
                     ->  Nested Loop  (cost=4735.87..42579.14 rows=58 width=37) (actual time=267.119..267.119 rows=0 loops=3)
                           ->  Hash Join  (cost=4735.44..42510.24 rows=119 width=25) (actual time=267.119..267.119 rows=0 loops=3)
                                 Hash Cond: (ci.role_id = rt.id)
                                 ->  Nested Loop  (cost=4734.28..42504.02 rows=1424 width=29) (actual time=18.203..266.994 rows=871 loops=3)
                                       Join Filter: (t.id = ci.movie_id)
                                       ->  Nested Loop  (cost=4733.71..40613.13 rows=1018 width=29) (actual time=17.623..201.672 rows=420 loops=3)
                                             ->  Parallel Hash Join  (cost=4733.28..37248.44 rows=6523 width=8) (actual time=16.155..175.776 rows=2930 loops=3)
                                                   Hash Cond: (mc.company_id = cn.id)
                                                   ->  Parallel Seq Scan on movie_companies mc  (cost=0.00..29661.37 rows=1087137 width=12) (actual time=0.016..76.787 rows=869710 loops=3)
                                                   ->  Parallel Hash  (cost=4722.92..4722.92 rows=829 width=4) (actual time=15.667..15.667 rows=454 loops=3)
                                                         Buckets: 2048  Batches: 1  Memory Usage: 112kB
                                                         ->  Parallel Seq Scan on company_name cn  (cost=0.00..4722.92 rows=829 width=4) (actual time=0.043..15.501 rows=454 loops=3)
                                                               Filter: ((country_code)::text = '[ru]'::text)
                                                               Rows Removed by Filter: 77879
                                             ->  Index Scan using title_pkey on title t  (cost=0.43..0.52 rows=1 width=21) (actual time=0.009..0.009 rows=0 loops=8790)
                                                   Index Cond: (id = mc.movie_id)
                                                   Filter: (production_year > 2010)
                                                   Rows Removed by Filter: 1
                                       ->  Index Scan using movie_id_cast_info on cast_info ci  (cost=0.56..1.84 rows=1 width=12) (actual time=0.082..0.155 rows=2 loops=1259)
                                             Index Cond: (movie_id = mc.movie_id)
                                             Filter: ((note)::text ~~ '%(producer)%'::text)
                                             Rows Removed by Filter: 44
                                 ->  Hash  (cost=1.15..1.15 rows=1 width=4) (actual time=0.016..0.016 rows=1 loops=3)
                                       Buckets: 1024  Batches: 1  Memory Usage: 9kB
                                       ->  Seq Scan on role_type rt  (cost=0.00..1.15 rows=1 width=4) (actual time=0.012..0.014 rows=1 loops=3)
                                             Filter: ((role)::text = 'actor'::text)
                                             Rows Removed by Filter: 11
                           ->  Index Scan using char_name_pkey on char_name chn  (cost=0.43..0.58 rows=1 width=20) (never executed)
                                 Index Cond: (id = ci.person_role_id)
                     ->  Hash  (cost=1.04..1.04 rows=4 width=4) (actual time=0.021..0.021 rows=4 loops=3)
                           Buckets: 1024  Batches: 1  Memory Usage: 9kB
                           ->  Seq Scan on company_type ct  (cost=0.00..1.04 rows=4 width=4) (actual time=0.016..0.017 rows=4 loops=3)
 Planning Time: 4.272 ms
 Execution Time: 276.270 ms
(41 rows)

SET
                                                                                            QUERY PLAN                                                                                            
--------------------------------------------------------------------------------------------------------------------------------------------------------------------------------------------------
 Finalize Aggregate  (cost=652454.39..652454.40 rows=1 width=64) (actual time=2630.759..2630.759 rows=1 loops=1)
   ->  Gather  (cost=652454.17..652454.38 rows=2 width=64) (actual time=2628.332..2691.719 rows=3 loops=1)
         Workers Planned: 2
         Workers Launched: 2
         ->  Partial Aggregate  (cost=651454.17..651454.18 rows=1 width=64) (actual time=2625.876..2625.876 rows=1 loops=3)
               ->  Hash Join  (cost=186238.47..650533.03 rows=184228 width=33) (actual time=2614.449..2625.863 rows=3 loops=3)
                     Hash Cond: (ci.role_id = rt.id)
                     ->  Hash Join  (cost=186237.20..649877.37 rows=184228 width=37) (actual time=2614.333..2625.745 rows=3 loops=3)
                           Hash Cond: (mc.company_type_id = ct.id)
                           ->  Parallel Hash Join  (cost=186236.11..648880.30 rows=184228 width=41) (actual time=2614.305..2625.716 rows=3 loops=3)
                                 Hash Cond: (ci.movie_id = t.id)
                                 ->  Parallel Hash Join  (cost=73555.68..529761.99 rows=276569 width=24) (actual time=1822.492..1859.582 rows=5 loops=3)
                                       Hash Cond: (ci.person_role_id = chn.id)
                                       ->  Parallel Seq Scan on cast_info ci  (cost=0.00..441459.62 rows=571306 width=12) (actual time=163.025..1403.177 rows=478480 loops=3)
                                             Filter: ((note)::text ~~ '%(producer)%'::text)
                                             Rows Removed by Filter: 11602968
                                       ->  Parallel Hash  (cost=49532.75..49532.75 rows=1308475 width=20) (actual time=363.242..363.242 rows=1046780 loops=3)
                                             Buckets: 65536  Batches: 64  Memory Usage: 3264kB
                                             ->  Parallel Seq Scan on char_name chn  (cost=0.00..49532.75 rows=1308475 width=20) (actual time=0.026..130.394 rows=1046780 loops=3)
                                 ->  Parallel Hash  (cost=107416.88..107416.88 rows=272203 width=29) (actual time=751.411..751.411 rows=198750 loops=3)
                                       Buckets: 65536  Batches: 16  Memory Usage: 3008kB
                                       ->  Parallel Hash Join  (cost=44358.48..107416.88 rows=272203 width=29) (actual time=564.419..710.175 rows=198750 loops=3)
                                             Hash Cond: (t.id = mc.movie_id)
                                             ->  Parallel Seq Scan on title t  (cost=0.00..49166.29 rows=724782 width=21) (actual time=0.022..128.551 rows=583011 loops=3)
                                                   Filter: (production_year > 1990)
                                                   Rows Removed by Filter: 259760
                                             ->  Parallel Hash  (cost=37866.93..37866.93 rows=395644 width=8) (actual time=308.881..308.881 rows=384599 loops=3)
                                                   Buckets: 131072  Batches: 16  Memory Usage: 3904kB
                                                   ->  Parallel Hash Join  (cost=5351.77..37866.93 rows=395644 width=8) (actual time=24.955..251.756 rows=384599 loops=3)
                                                         Hash Cond: (mc.company_id = cn.id)
                                                         ->  Parallel Seq Scan on movie_companies mc  (cost=0.00..29661.37 rows=1087137 width=12) (actual time=0.015..77.927 rows=869710 loops=3)
                                                         ->  Parallel Hash  (cost=4722.92..4722.92 rows=50308 width=4) (actual time=24.659..24.659 rows=28281 loops=3)
                                                               Buckets: 131072  Batches: 1  Memory Usage: 4416kB
                                                               ->  Parallel Seq Scan on company_name cn  (cost=0.00..4722.92 rows=50308 width=4) (actual time=0.022..17.259 rows=28281 loops=3)
                                                                     Filter: ((country_code)::text = '[us]'::text)
                                                                     Rows Removed by Filter: 50051
                           ->  Hash  (cost=1.04..1.04 rows=4 width=4) (actual time=0.009..0.009 rows=4 loops=3)
                                 Buckets: 1024  Batches: 1  Memory Usage: 9kB
                                 ->  Seq Scan on company_type ct  (cost=0.00..1.04 rows=4 width=4) (actual time=0.006..0.006 rows=4 loops=3)
                     ->  Hash  (cost=1.12..1.12 rows=12 width=4) (actual time=0.016..0.017 rows=12 loops=3)
                           Buckets: 1024  Batches: 1  Memory Usage: 9kB
                           ->  Seq Scan on role_type rt  (cost=0.00..1.12 rows=12 width=4) (actual time=0.009..0.011 rows=12 loops=3)
 Planning Time: 4.233 ms
 Execution Time: 2693.185 ms
(44 rows)

SET
                                                                                      QUERY PLAN                                                                                       
---------------------------------------------------------------------------------------------------------------------------------------------------------------------------------------
 Aggregate  (cost=3751.33..3751.34 rows=1 width=96) (actual time=100.968..100.969 rows=1 loops=1)
   ->  Nested Loop  (cost=8.32..3751.32 rows=1 width=118) (actual time=3.957..100.887 rows=310 loops=1)
         Join Filter: (ml.movie_id = t.id)
         ->  Nested Loop  (cost=7.89..3750.82 rows=1 width=113) (actual time=3.925..100.029 rows=402 loops=1)
               Join Filter: (mc.company_type_id = ct.id)
               Rows Removed by Join Filter: 20
               ->  Nested Loop  (cost=7.89..3749.75 rows=1 width=117) (actual time=3.918..99.605 rows=422 loops=1)
                     ->  Nested Loop  (cost=7.47..3749.30 rows=1 width=102) (actual time=3.464..97.187 rows=1021 loops=1)
                           Join Filter: (ml.movie_id = mc.movie_id)
                           ->  Nested Loop  (cost=7.04..3748.73 rows=1 width=90) (actual time=3.431..95.933 rows=199 loops=1)
                                 Join Filter: (ml.link_type_id = lt.id)
                                 Rows Removed by Join Filter: 303
                                 ->  Seq Scan on link_type lt  (cost=0.00..1.23 rows=1 width=86) (actual time=0.018..0.023 rows=2 loops=1)
                                       Filter: ((link)::text ~~ '%follow%'::text)
                                       Rows Removed by Filter: 16
                                 ->  Nested Loop  (cost=7.04..3747.37 rows=11 width=12) (actual time=3.051..47.927 rows=251 loops=2)
                                       ->  Nested Loop  (cost=6.75..3732.91 rows=34 width=4) (actual time=3.045..38.249 rows=10544 loops=2)
                                             ->  Seq Scan on keyword k  (cost=0.00..2626.12 rows=1 width=4) (actual time=0.760..12.312 rows=1 loops=2)
                                                   Filter: ((keyword)::text = 'sequel'::text)
                                                   Rows Removed by Filter: 134169
                                             ->  Bitmap Heap Scan on movie_keyword mk  (cost=6.75..1103.80 rows=299 width=8) (actual time=2.265..24.910 rows=10544 loops=2)
                                                   Recheck Cond: (keyword_id = k.id)
                                                   Heap Blocks: exact=11140
                                                   ->  Bitmap Index Scan on keyword_id_movie_keyword  (cost=0.00..6.67 rows=299 width=0) (actual time=1.344..1.344 rows=10544 loops=2)
                                                         Index Cond: (keyword_id = k.id)
                                       ->  Index Scan using movie_id_movie_link on movie_link ml  (cost=0.29..0.38 rows=5 width=8) (actual time=0.001..0.001 rows=0 loops=21088)
                                             Index Cond: (movie_id = mk.movie_id)
                           ->  Index Scan using movie_id_movie_companies on movie_companies mc  (cost=0.43..0.54 rows=2 width=12) (actual time=0.004..0.005 rows=5 loops=199)
                                 Index Cond: (movie_id = mk.movie_id)
                                 Filter: (note IS NULL)
                                 Rows Removed by Filter: 2
                     ->  Index Scan using company_name_pkey on company_name cn  (cost=0.42..0.46 rows=1 width=23) (actual time=0.002..0.002 rows=0 loops=1021)
                           Index Cond: (id = mc.company_id)
                           Filter: (((country_code)::text <> '[pl]'::text) AND (((name)::text ~~ '%Film%'::text) OR ((name)::text ~~ '%Warner%'::text)))
                           Rows Removed by Filter: 1
               ->  Seq Scan on company_type ct  (cost=0.00..1.05 rows=1 width=4) (actual time=0.000..0.000 rows=1 loops=422)
                     Filter: ((kind)::text = 'production companies'::text)
                     Rows Removed by Filter: 1
         ->  Index Scan using title_pkey on title t  (cost=0.43..0.49 rows=1 width=21) (actual time=0.002..0.002 rows=1 loops=402)
               Index Cond: (id = mk.movie_id)
               Filter: ((production_year >= 1950) AND (production_year <= 2000))
               Rows Removed by Filter: 0
 Planning Time: 6.842 ms
 Execution Time: 101.181 ms
(44 rows)

SET
                                                                                      QUERY PLAN                                                                                       
---------------------------------------------------------------------------------------------------------------------------------------------------------------------------------------
 Aggregate  (cost=3751.33..3751.34 rows=1 width=96) (actual time=34.045..34.045 rows=1 loops=1)
   ->  Nested Loop  (cost=8.32..3751.32 rows=1 width=118) (actual time=4.710..34.031 rows=14 loops=1)
         Join Filter: (ml.movie_id = t.id)
         ->  Nested Loop  (cost=7.89..3750.82 rows=1 width=113) (actual time=3.379..33.798 rows=102 loops=1)
               Join Filter: (mc.company_type_id = ct.id)
               Rows Removed by Join Filter: 1
               ->  Nested Loop  (cost=7.89..3749.75 rows=1 width=117) (actual time=3.376..33.694 rows=103 loops=1)
                     ->  Nested Loop  (cost=7.47..3749.30 rows=1 width=102) (actual time=3.062..32.845 rows=288 loops=1)
                           Join Filter: (ml.movie_id = mc.movie_id)
                           ->  Nested Loop  (cost=7.04..3748.73 rows=1 width=90) (actual time=3.045..32.370 rows=64 loops=1)
                                 Join Filter: (ml.link_type_id = lt.id)
                                 Rows Removed by Join Filter: 187
                                 ->  Seq Scan on link_type lt  (cost=0.00..1.23 rows=1 width=86) (actual time=0.011..0.014 rows=1 loops=1)
                                       Filter: ((link)::text ~~ '%follows%'::text)
                                       Rows Removed by Filter: 17
                                 ->  Nested Loop  (cost=7.04..3747.37 rows=11 width=12) (actual time=3.030..32.331 rows=251 loops=1)
                                       ->  Nested Loop  (cost=6.75..3732.91 rows=34 width=4) (actual time=3.024..23.360 rows=10544 loops=1)
                                             ->  Seq Scan on keyword k  (cost=0.00..2626.12 rows=1 width=4) (actual time=0.741..10.135 rows=1 loops=1)
                                                   Filter: ((keyword)::text = 'sequel'::text)
                                                   Rows Removed by Filter: 134169
                                             ->  Bitmap Heap Scan on movie_keyword mk  (cost=6.75..1103.80 rows=299 width=8) (actual time=2.279..12.266 rows=10544 loops=1)
                                                   Recheck Cond: (keyword_id = k.id)
                                                   Heap Blocks: exact=5570
                                                   ->  Bitmap Index Scan on keyword_id_movie_keyword  (cost=0.00..6.67 rows=299 width=0) (actual time=1.370..1.370 rows=10544 loops=1)
                                                         Index Cond: (keyword_id = k.id)
                                       ->  Index Scan using movie_id_movie_link on movie_link ml  (cost=0.29..0.38 rows=5 width=8) (actual time=0.001..0.001 rows=0 loops=10544)
                                             Index Cond: (movie_id = mk.movie_id)
                           ->  Index Scan using movie_id_movie_companies on movie_companies mc  (cost=0.43..0.54 rows=2 width=12) (actual time=0.005..0.007 rows=4 loops=64)
                                 Index Cond: (movie_id = mk.movie_id)
                                 Filter: (note IS NULL)
                                 Rows Removed by Filter: 2
                     ->  Index Scan using company_name_pkey on company_name cn  (cost=0.42..0.46 rows=1 width=23) (actual time=0.003..0.003 rows=0 loops=288)
                           Index Cond: (id = mc.company_id)
                           Filter: (((country_code)::text <> '[pl]'::text) AND (((name)::text ~~ '%Film%'::text) OR ((name)::text ~~ '%Warner%'::text)))
                           Rows Removed by Filter: 1
               ->  Seq Scan on company_type ct  (cost=0.00..1.05 rows=1 width=4) (actual time=0.000..0.000 rows=1 loops=103)
                     Filter: ((kind)::text = 'production companies'::text)
                     Rows Removed by Filter: 1
         ->  Index Scan using title_pkey on title t  (cost=0.43..0.49 rows=1 width=21) (actual time=0.002..0.002 rows=0 loops=102)
               Index Cond: (id = mk.movie_id)
               Filter: (((title)::text ~~ '%Money%'::text) AND (production_year = 1998))
               Rows Removed by Filter: 1
 Planning Time: 6.596 ms
 Execution Time: 34.253 ms
(44 rows)

SET
                                                                                      QUERY PLAN                                                                                       
---------------------------------------------------------------------------------------------------------------------------------------------------------------------------------------
 Aggregate  (cost=6166.44..6166.45 rows=1 width=96) (actual time=222.737..222.737 rows=1 loops=1)
   ->  Nested Loop  (cost=8.32..6166.44 rows=1 width=60) (actual time=3.535..221.028 rows=6946 loops=1)
         Join Filter: (ml.movie_id = t.id)
         ->  Nested Loop  (cost=7.89..6165.94 rows=1 width=55) (actual time=3.516..209.505 rows=6946 loops=1)
               Join Filter: (ml.link_type_id = lt.id)
               Rows Removed by Join Filter: 42158
               ->  Nested Loop  (cost=7.89..6164.53 rows=1 width=59) (actual time=3.507..196.673 rows=6946 loops=1)
                     ->  Nested Loop  (cost=7.47..6137.17 rows=60 width=44) (actual time=3.149..170.493 rows=14916 loops=1)
                           Join Filter: (mc.company_type_id = ct.id)
                           Rows Removed by Join Filter: 1782
                           ->  Nested Loop  (cost=7.47..6133.01 rows=79 width=48) (actual time=3.136..166.697 rows=15510 loops=1)
                                 Join Filter: (ml.movie_id = mc.movie_id)
                                 ->  Nested Loop  (cost=7.04..6115.09 rows=31 width=12) (actual time=3.115..157.685 rows=1460 loops=1)
                                       ->  Nested Loop  (cost=6.75..6072.14 rows=101 width=4) (actual time=3.108..115.519 rows=47403 loops=1)
                                             ->  Seq Scan on keyword k  (cost=0.00..2793.84 rows=3 width=4) (actual time=0.780..17.291 rows=3 loops=1)
                                                   Filter: ((keyword)::text = ANY ('{sequel,revenge,based-on-novel}'::text[]))
                                                   Rows Removed by Filter: 134167
                                             ->  Bitmap Heap Scan on movie_keyword mk  (cost=6.75..1089.78 rows=299 width=8) (actual time=3.279..31.180 rows=15801 loops=3)
                                                   Recheck Cond: (keyword_id = k.id)
                                                   Heap Blocks: exact=23953
                                                   ->  Bitmap Index Scan on keyword_id_movie_keyword  (cost=0.00..6.67 rows=299 width=0) (actual time=1.909..1.909 rows=15801 loops=3)
                                                         Index Cond: (keyword_id = k.id)
                                       ->  Index Scan using movie_id_movie_link on movie_link ml  (cost=0.29..0.38 rows=5 width=8) (actual time=0.001..0.001 rows=0 loops=47403)
                                             Index Cond: (movie_id = mk.movie_id)
                                 ->  Index Scan using movie_id_movie_companies on movie_companies mc  (cost=0.43..0.54 rows=3 width=36) (actual time=0.002..0.005 rows=11 loops=1460)
                                       Index Cond: (movie_id = mk.movie_id)
                                       Filter: (note IS NOT NULL)
                                       Rows Removed by Filter: 2
                           ->  Materialize  (cost=0.00..1.06 rows=3 width=4) (actual time=0.000..0.000 rows=1 loops=15510)
                                 ->  Seq Scan on company_type ct  (cost=0.00..1.05 rows=3 width=4) (actual time=0.009..0.010 rows=3 loops=1)
                                       Filter: ((kind IS NOT NULL) AND ((kind)::text <> 'production companies'::text))
                                       Rows Removed by Filter: 1
                     ->  Index Scan using company_name_pkey on company_name cn  (cost=0.42..0.46 rows=1 width=23) (actual time=0.002..0.002 rows=0 loops=14916)
                           Index Cond: (id = mc.company_id)
                           Filter: (((country_code)::text <> '[pl]'::text) AND (((name)::text ~~ '20th Century Fox%'::text) OR ((name)::text ~~ 'Twentieth Century Fox%'::text)))
                           Rows Removed by Filter: 1
               ->  Seq Scan on link_type lt  (cost=0.00..1.18 rows=18 width=4) (actual time=0.001..0.001 rows=7 loops=6946)
         ->  Index Scan using title_pkey on title t  (cost=0.43..0.49 rows=1 width=21) (actual time=0.001..0.001 rows=1 loops=6946)
               Index Cond: (id = mk.movie_id)
               Filter: (production_year > 1950)
 Planning Time: 6.581 ms
 Execution Time: 222.957 ms
(42 rows)

SET
                                                                                      QUERY PLAN                                                                                       
---------------------------------------------------------------------------------------------------------------------------------------------------------------------------------------
 Aggregate  (cost=6183.65..6183.66 rows=1 width=96) (actual time=200.092..200.092 rows=1 loops=1)
   ->  Nested Loop  (cost=8.32..6183.29 rows=48 width=60) (actual time=3.187..197.007 rows=14899 loops=1)
         ->  Nested Loop  (cost=7.90..6158.94 rows=54 width=45) (actual time=3.180..173.394 rows=14916 loops=1)
               Join Filter: (mc.company_type_id = ct.id)
               Rows Removed by Join Filter: 1782
               ->  Nested Loop  (cost=7.90..6155.09 rows=71 width=49) (actual time=3.172..170.013 rows=15510 loops=1)
                     Join Filter: (ml.movie_id = mc.movie_id)
                     ->  Nested Loop  (cost=7.47..6138.91 rows=28 width=29) (actual time=3.165..162.033 rows=1460 loops=1)
                           Join Filter: (ml.link_type_id = lt.id)
                           Rows Removed by Join Filter: 10576
                           ->  Nested Loop  (cost=7.47..6130.60 rows=28 width=33) (actual time=3.151..160.537 rows=1460 loops=1)
                                 Join Filter: (ml.movie_id = t.id)
                                 ->  Nested Loop  (cost=7.04..6115.09 rows=31 width=12) (actual time=3.126..156.840 rows=1460 loops=1)
                                       ->  Nested Loop  (cost=6.75..6072.14 rows=101 width=4) (actual time=3.119..114.299 rows=47403 loops=1)
                                             ->  Seq Scan on keyword k  (cost=0.00..2793.84 rows=3 width=4) (actual time=0.813..19.746 rows=3 loops=1)
                                                   Filter: ((keyword)::text = ANY ('{sequel,revenge,based-on-novel}'::text[]))
                                                   Rows Removed by Filter: 134167
                                             ->  Bitmap Heap Scan on movie_keyword mk  (cost=6.75..1089.78 rows=299 width=8) (actual time=3.250..29.986 rows=15801 loops=3)
                                                   Recheck Cond: (keyword_id = k.id)
                                                   Heap Blocks: exact=23953
                                                   ->  Bitmap Index Scan on keyword_id_movie_keyword  (cost=0.00..6.67 rows=299 width=0) (actual time=1.896..1.896 rows=15801 loops=3)
                                                         Index Cond: (keyword_id = k.id)
                                       ->  Index Scan using movie_id_movie_link on movie_link ml  (cost=0.29..0.38 rows=5 width=8) (actual time=0.001..0.001 rows=0 loops=47403)
                                             Index Cond: (movie_id = mk.movie_id)
                                 ->  Index Scan using title_pkey on title t  (cost=0.43..0.49 rows=1 width=21) (actual time=0.002..0.002 rows=1 loops=1460)
                                       Index Cond: (id = mk.movie_id)
                                       Filter: (production_year > 1950)
                           ->  Materialize  (cost=0.00..1.27 rows=18 width=4) (actual time=0.000..0.000 rows=8 loops=1460)
                                 ->  Seq Scan on link_type lt  (cost=0.00..1.18 rows=18 width=4) (actual time=0.009..0.011 rows=16 loops=1)
                     ->  Index Scan using movie_id_movie_companies on movie_companies mc  (cost=0.43..0.54 rows=3 width=36) (actual time=0.002..0.004 rows=11 loops=1460)
                           Index Cond: (movie_id = mk.movie_id)
                           Filter: (note IS NOT NULL)
                           Rows Removed by Filter: 2
               ->  Materialize  (cost=0.00..1.06 rows=3 width=4) (actual time=0.000..0.000 rows=1 loops=15510)
                     ->  Seq Scan on company_type ct  (cost=0.00..1.05 rows=3 width=4) (actual time=0.007..0.008 rows=3 loops=1)
                           Filter: ((kind IS NOT NULL) AND ((kind)::text <> 'production companies'::text))
                           Rows Removed by Filter: 1
         ->  Index Scan using company_name_pkey on company_name cn  (cost=0.42..0.45 rows=1 width=23) (actual time=0.001..0.001 rows=1 loops=14916)
               Index Cond: (id = mc.company_id)
               Filter: ((country_code)::text <> '[pl]'::text)
               Rows Removed by Filter: 0
 Planning Time: 6.703 ms
 Execution Time: 200.264 ms
(43 rows)

SET
                                                                                            QUERY PLAN                                                                                            
--------------------------------------------------------------------------------------------------------------------------------------------------------------------------------------------------
 Aggregate  (cost=16845.82..16845.83 rows=1 width=96) (actual time=205.922..205.922 rows=1 loops=1)
   ->  Gather  (cost=1005.35..16845.81 rows=1 width=42) (actual time=12.994..209.844 rows=397 loops=1)
         Workers Planned: 2
         Workers Launched: 2
         ->  Nested Loop  (cost=5.34..15845.71 rows=1 width=42) (actual time=13.444..203.081 rows=132 loops=3)
               ->  Nested Loop  (cost=5.20..15844.23 rows=9 width=46) (actual time=13.434..202.847 rows=132 loops=3)
                     Join Filter: (t.id = mi.movie_id)
                     ->  Nested Loop  (cost=4.77..15820.25 rows=15 width=54) (actual time=1.064..156.150 rows=1891 loops=3)
                           ->  Nested Loop  (cost=4.35..15801.98 rows=41 width=39) (actual time=1.030..146.570 rows=2203 loops=3)
                                 Join Filter: (mi_idx.movie_id = t.id)
                                 ->  Hash Join  (cost=3.92..15677.77 rows=234 width=18) (actual time=0.187..98.989 rows=8078 loops=3)
                                       Hash Cond: (mc.company_type_id = ct.id)
                                       ->  Nested Loop  (cost=2.86..15671.64 rows=938 width=22) (actual time=0.094..96.254 rows=21569 loops=3)
                                             ->  Hash Join  (cost=2.43..15182.64 rows=187 width=10) (actual time=0.057..56.270 rows=5283 loops=3)
                                                   Hash Cond: (mi_idx.info_type_id = it2.id)
                                                   ->  Parallel Seq Scan on movie_info_idx mi_idx  (cost=0.00..15122.68 rows=21125 width=14) (actual time=0.022..54.270 rows=17543 loops=3)
                                                         Filter: ((info)::text > '8.0'::text)
                                                         Rows Removed by Filter: 442469
                                                   ->  Hash  (cost=2.41..2.41 rows=1 width=4) (actual time=0.020..0.020 rows=1 loops=3)
                                                         Buckets: 1024  Batches: 1  Memory Usage: 9kB
                                                         ->  Seq Scan on info_type it2  (cost=0.00..2.41 rows=1 width=4) (actual time=0.015..0.016 rows=1 loops=3)
                                                               Filter: ((info)::text = 'rating'::text)
                                                               Rows Removed by Filter: 112
                                             ->  Index Scan using movie_id_movie_companies on movie_companies mc  (cost=0.43..2.56 rows=5 width=12) (actual time=0.005..0.007 rows=4 loops=15849)
                                                   Index Cond: (movie_id = mi_idx.movie_id)
                                       ->  Hash  (cost=1.05..1.05 rows=1 width=4) (actual time=0.017..0.017 rows=1 loops=3)
                                             Buckets: 1024  Batches: 1  Memory Usage: 9kB
                                             ->  Seq Scan on company_type ct  (cost=0.00..1.05 rows=1 width=4) (actual time=0.012..0.013 rows=1 loops=3)
                                                   Filter: ((kind)::text = 'production companies'::text)
                                                   Rows Removed by Filter: 3
                                 ->  Index Scan using title_pkey on title t  (cost=0.43..0.52 rows=1 width=21) (actual time=0.006..0.006 rows=0 loops=24233)
                                       Index Cond: (id = mc.movie_id)
                                       Filter: ((production_year >= 2005) AND (production_year <= 2008))
                                       Rows Removed by Filter: 1
                           ->  Index Scan using company_name_pkey on company_name cn  (cost=0.42..0.45 rows=1 width=23) (actual time=0.004..0.004 rows=1 loops=6610)
                                 Index Cond: (id = mc.company_id)
                                 Filter: ((country_code)::text = '[us]'::text)
                                 Rows Removed by Filter: 0
                     ->  Index Scan using movie_id_movie_info on movie_info mi  (cost=0.43..1.59 rows=1 width=8) (actual time=0.024..0.024 rows=0 loops=5674)
                           Index Cond: (movie_id = mc.movie_id)
                           Filter: ((info)::text = ANY ('{Drama,Horror}'::text[]))
                           Rows Removed by Filter: 28
               ->  Index Scan using info_type_pkey on info_type it1  (cost=0.14..0.16 rows=1 width=4) (actual time=0.001..0.001 rows=1 loops=397)
                     Index Cond: (id = mi.info_type_id)
                     Filter: ((info)::text = 'genres'::text)
 Planning Time: 6.770 ms
 Execution Time: 210.166 ms
(47 rows)

SET
                                                                                         QUERY PLAN                                                                                          
---------------------------------------------------------------------------------------------------------------------------------------------------------------------------------------------
 Aggregate  (cost=19208.36..19208.37 rows=1 width=64) (actual time=75.987..75.987 rows=1 loops=1)
   ->  Gather  (cost=1004.41..19208.36 rows=1 width=59) (actual time=73.611..76.043 rows=10 loops=1)
         Workers Planned: 2
         Workers Launched: 2
         ->  Nested Loop  (cost=4.41..18208.26 rows=1 width=59) (actual time=70.436..71.221 rows=3 loops=3)
               ->  Nested Loop  (cost=4.27..18205.80 rows=15 width=63) (actual time=70.383..70.837 rows=403 loops=3)
                     Join Filter: (t.id = mi.movie_id)
                     ->  Nested Loop  (cost=3.84..18203.79 rows=1 width=29) (actual time=70.371..70.590 rows=3 loops=3)
                           ->  Nested Loop  (cost=3.42..18203.35 rows=1 width=33) (actual time=70.363..70.415 rows=11 loops=3)
                                 ->  Nested Loop  (cost=3.29..18203.03 rows=2 width=37) (actual time=70.355..70.396 rows=11 loops=3)
                                       Join Filter: (t.id = mc.movie_id)
                                       ->  Nested Loop  (cost=2.86..18202.37 rows=1 width=25) (actual time=70.343..70.366 rows=1 loops=3)
                                             ->  Hash Join  (cost=2.43..15253.60 rows=5089 width=4) (actual time=70.265..70.268 rows=3 loops=3)
                                                   Hash Cond: (mi_idx.info_type_id = it2.id)
                                                   ->  Parallel Seq Scan on movie_info_idx mi_idx  (cost=0.00..13685.15 rows=575015 width=8) (actual time=0.017..38.045 rows=460012 loops=3)
                                                   ->  Hash  (cost=2.41..2.41 rows=1 width=4) (actual time=0.026..0.026 rows=1 loops=3)
                                                         Buckets: 1024  Batches: 1  Memory Usage: 9kB
                                                         ->  Seq Scan on info_type it2  (cost=0.00..2.41 rows=1 width=4) (actual time=0.021..0.022 rows=1 loops=3)
                                                               Filter: ((info)::text = 'bottom 10 rank'::text)
                                                               Rows Removed by Filter: 112
                                             ->  Index Scan using title_pkey on title t  (cost=0.43..0.58 rows=1 width=21) (actual time=0.029..0.029 rows=0 loops=10)
                                                   Index Cond: (id = mi_idx.movie_id)
                                                   Filter: ((production_year > 2000) AND (((title)::text ~~ 'Birdemic%'::text) OR ((title)::text ~~ '%Movie%'::text)))
                                                   Rows Removed by Filter: 1
                                       ->  Index Scan using movie_id_movie_companies on movie_companies mc  (cost=0.43..0.59 rows=5 width=12) (actual time=0.030..0.040 rows=16 loops=2)
                                             Index Cond: (movie_id = mi_idx.movie_id)
                                 ->  Index Scan using company_type_pkey on company_type ct  (cost=0.13..0.15 rows=1 width=4) (actual time=0.001..0.001 rows=1 loops=33)
                                       Index Cond: (id = mc.company_type_id)
                                       Filter: ((kind IS NOT NULL) AND (((kind)::text = 'production companies'::text) OR ((kind)::text = 'distributors'::text)))
                           ->  Index Scan using company_name_pkey on company_name cn  (cost=0.42..0.45 rows=1 width=4) (actual time=0.016..0.016 rows=0 loops=33)
                                 Index Cond: (id = mc.company_id)
                                 Filter: ((country_code)::text = '[us]'::text)
                                 Rows Removed by Filter: 1
                     ->  Index Scan using movie_id_movie_info on movie_info mi  (cost=0.43..1.48 rows=42 width=50) (actual time=0.007..0.056 rows=121 loops=10)
                           Index Cond: (movie_id = mc.movie_id)
               ->  Index Scan using info_type_pkey on info_type it1  (cost=0.14..0.16 rows=1 width=4) (actual time=0.001..0.001 rows=0 loops=1210)
                     Index Cond: (id = mi.info_type_id)
                     Filter: ((info)::text = 'budget'::text)
                     Rows Removed by Filter: 1
 Planning Time: 7.174 ms
 Execution Time: 76.270 ms
(41 rows)

SET
                                                                                         QUERY PLAN                                                                                         
--------------------------------------------------------------------------------------------------------------------------------------------------------------------------------------------
 Aggregate  (cost=17912.37..17912.38 rows=1 width=96) (actual time=684.454..684.454 rows=1 loops=1)
   ->  Gather  (cost=1007.63..17912.35 rows=2 width=42) (actual time=3.081..696.194 rows=4711 loops=1)
         Workers Planned: 2
         Workers Launched: 2
         ->  Hash Join  (cost=7.63..16912.15 rows=1 width=42) (actual time=3.795..680.484 rows=1570 loops=3)
               Hash Cond: (mi.info_type_id = it1.id)
               ->  Nested Loop  (cost=5.20..16909.46 rows=98 width=46) (actual time=3.715..679.990 rows=1570 loops=3)
                     Join Filter: (t.id = mi.movie_id)
                     ->  Nested Loop  (cost=4.77..16679.52 rows=135 width=54) (actual time=0.363..416.541 rows=14111 loops=3)
                           ->  Hash Join  (cost=4.35..16514.65 rows=370 width=39) (actual time=0.175..342.925 rows=22822 loops=3)
                                 Hash Cond: (mc.company_type_id = ct.id)
                                 ->  Nested Loop  (cost=3.29..16505.58 rows=1482 width=43) (actual time=0.127..335.337 rows=56386 loops=3)
                                       ->  Nested Loop  (cost=2.86..16307.87 rows=296 width=31) (actual time=0.102..247.852 rows=17435 loops=3)
                                             ->  Hash Join  (cost=2.43..15347.68 rows=723 width=10) (actual time=0.053..71.776 rows=40524 loops=3)
                                                   Hash Cond: (mi_idx.info_type_id = it2.id)
                                                   ->  Parallel Seq Scan on movie_info_idx mi_idx  (cost=0.00..15122.68 rows=81724 width=14) (actual time=0.024..62.183 rows=64280 loops=3)
                                                         Filter: ((info)::text > '7.0'::text)
                                                         Rows Removed by Filter: 395732
                                                   ->  Hash  (cost=2.41..2.41 rows=1 width=4) (actual time=0.014..0.014 rows=1 loops=3)
                                                         Buckets: 1024  Batches: 1  Memory Usage: 9kB
                                                         ->  Seq Scan on info_type it2  (cost=0.00..2.41 rows=1 width=4) (actual time=0.010..0.011 rows=1 loops=3)
                                                               Filter: ((info)::text = 'rating'::text)
                                                               Rows Removed by Filter: 112
                                             ->  Index Scan using title_pkey on title t  (cost=0.43..1.33 rows=1 width=21) (actual time=0.004..0.004 rows=0 loops=121572)
                                                   Index Cond: (id = mi_idx.movie_id)
                                                   Filter: ((production_year >= 2000) AND (production_year <= 2010))
                                                   Rows Removed by Filter: 1
                                       ->  Index Scan using movie_id_movie_companies on movie_companies mc  (cost=0.43..0.62 rows=5 width=12) (actual time=0.003..0.004 rows=3 loops=52304)
                                             Index Cond: (movie_id = t.id)
                                 ->  Hash  (cost=1.05..1.05 rows=1 width=4) (actual time=0.019..0.019 rows=1 loops=3)
                                       Buckets: 1024  Batches: 1  Memory Usage: 9kB
                                       ->  Seq Scan on company_type ct  (cost=0.00..1.05 rows=1 width=4) (actual time=0.016..0.016 rows=1 loops=3)
                                             Filter: ((kind)::text = 'production companies'::text)
                                             Rows Removed by Filter: 3
                           ->  Index Scan using company_name_pkey on company_name cn  (cost=0.42..0.45 rows=1 width=23) (actual time=0.003..0.003 rows=1 loops=68466)
                                 Index Cond: (id = mc.company_id)
                                 Filter: ((country_code)::text = '[us]'::text)
                                 Rows Removed by Filter: 0
                     ->  Index Scan using movie_id_movie_info on movie_info mi  (cost=0.43..1.69 rows=1 width=8) (actual time=0.018..0.018 rows=0 loops=42332)
                           Index Cond: (movie_id = mc.movie_id)
                           Filter: ((info)::text = ANY ('{Drama,Horror,Western,Family}'::text[]))
                           Rows Removed by Filter: 29
               ->  Hash  (cost=2.41..2.41 rows=1 width=4) (actual time=0.027..0.027 rows=1 loops=3)
                     Buckets: 1024  Batches: 1  Memory Usage: 9kB
                     ->  Seq Scan on info_type it1  (cost=0.00..2.41 rows=1 width=4) (actual time=0.015..0.023 rows=1 loops=3)
                           Filter: ((info)::text = 'genres'::text)
                           Rows Removed by Filter: 112
 Planning Time: 6.540 ms
 Execution Time: 697.583 ms
(49 rows)

SET
                                                                                               QUERY PLAN                                                                                                
---------------------------------------------------------------------------------------------------------------------------------------------------------------------------------------------------------
 Finalize Aggregate  (cost=20132.55..20132.56 rows=1 width=96) (actual time=1321.547..1321.548 rows=1 loops=1)
   ->  Gather  (cost=20132.32..20132.53 rows=2 width=96) (actual time=1321.527..1329.545 rows=3 loops=1)
         Workers Planned: 2
         Workers Launched: 2
         ->  Partial Aggregate  (cost=19132.32..19132.33 rows=1 width=96) (actual time=1318.413..1318.414 rows=1 loops=3)
               ->  Hash Join  (cost=8.73..19132.25 rows=10 width=65) (actual time=268.983..1311.517 rows=37034 loops=3)
                     Hash Cond: (mi.info_type_id = it2.id)
                     ->  Nested Loop  (cost=6.30..19126.56 rows=1197 width=69) (actual time=268.880..1295.946 rows=172109 loops=3)
                           ->  Nested Loop  (cost=5.87..19055.86 rows=37 width=35) (actual time=268.846..1152.842 rows=5490 loops=3)
                                 ->  Hash Join  (cost=5.45..18649.93 rows=911 width=39) (actual time=267.777..882.108 rows=100870 loops=3)
                                       Hash Cond: (mc.company_type_id = ct.id)
                                       ->  Nested Loop  (cost=4.39..18629.17 rows=3643 width=43) (actual time=267.748..851.688 rows=257695 loops=3)
                                             ->  Hash Join  (cost=3.96..18186.75 rows=727 width=31) (actual time=267.682..600.899 rows=69960 loops=3)
                                                   Hash Cond: (t.kind_id = kt.id)
                                                   ->  Nested Loop  (cost=2.86..18164.20 rows=5089 width=35) (actual time=0.088..580.967 rows=153308 loops=3)
                                                         ->  Hash Join  (cost=2.43..15253.60 rows=5089 width=10) (actual time=0.049..110.368 rows=153308 loops=3)
                                                               Hash Cond: (miidx.info_type_id = it.id)
                                                               ->  Parallel Seq Scan on movie_info_idx miidx  (cost=0.00..13685.15 rows=575015 width=14) (actual time=0.019..43.355 rows=460012 loops=3)
                                                               ->  Hash  (cost=2.41..2.41 rows=1 width=4) (actual time=0.013..0.013 rows=1 loops=3)
                                                                     Buckets: 1024  Batches: 1  Memory Usage: 9kB
                                                                     ->  Seq Scan on info_type it  (cost=0.00..2.41 rows=1 width=4) (actual time=0.009..0.010 rows=1 loops=3)
                                                                           Filter: ((info)::text = 'rating'::text)
                                                                           Rows Removed by Filter: 112
                                                         ->  Index Scan using title_pkey on title t  (cost=0.43..0.57 rows=1 width=25) (actual time=0.003..0.003 rows=1 loops=459925)
                                                               Index Cond: (id = miidx.movie_id)
                                                   ->  Hash  (cost=1.09..1.09 rows=1 width=4) (actual time=0.010..0.010 rows=1 loops=3)
                                                         Buckets: 1024  Batches: 1  Memory Usage: 9kB
                                                         ->  Seq Scan on kind_type kt  (cost=0.00..1.09 rows=1 width=4) (actual time=0.007..0.007 rows=1 loops=3)
                                                               Filter: ((kind)::text = 'movie'::text)
                                                               Rows Removed by Filter: 6
                                             ->  Index Scan using movie_id_movie_companies on movie_companies mc  (cost=0.43..0.56 rows=5 width=12) (actual time=0.002..0.003 rows=4 loops=209880)
                                                   Index Cond: (movie_id = t.id)
                                       ->  Hash  (cost=1.05..1.05 rows=1 width=4) (actual time=0.013..0.013 rows=1 loops=3)
                                             Buckets: 1024  Batches: 1  Memory Usage: 9kB
                                             ->  Seq Scan on company_type ct  (cost=0.00..1.05 rows=1 width=4) (actual time=0.010..0.011 rows=1 loops=3)
                                                   Filter: ((kind)::text = 'production companies'::text)
                                                   Rows Removed by Filter: 3
                                 ->  Index Scan using company_name_pkey on company_name cn  (cost=0.42..0.45 rows=1 width=4) (actual time=0.002..0.002 rows=0 loops=302610)
                                       Index Cond: (id = mc.company_id)
                                       Filter: ((country_code)::text = '[de]'::text)
                                       Rows Removed by Filter: 1
                           ->  Index Scan using movie_id_movie_info on movie_info mi  (cost=0.43..1.49 rows=42 width=50) (actual time=0.005..0.022 rows=31 loops=16470)
                                 Index Cond: (movie_id = t.id)
                     ->  Hash  (cost=2.41..2.41 rows=1 width=4) (actual time=0.024..0.024 rows=1 loops=3)
                           Buckets: 1024  Batches: 1  Memory Usage: 9kB
                           ->  Seq Scan on info_type it2  (cost=0.00..2.41 rows=1 width=4) (actual time=0.014..0.020 rows=1 loops=3)
                                 Filter: ((info)::text = 'release dates'::text)
                                 Rows Removed by Filter: 112
 Planning Time: 10.337 ms
 Execution Time: 1329.827 ms
(50 rows)

SET
                                                                                            QUERY PLAN                                                                                             
---------------------------------------------------------------------------------------------------------------------------------------------------------------------------------------------------
 Aggregate  (cost=19206.33..19206.34 rows=1 width=96) (actual time=636.593..636.593 rows=1 loops=1)
   ->  Gather  (cost=1004.54..19206.32 rows=1 width=42) (actual time=283.002..642.587 rows=372 loops=1)
         Workers Planned: 2
         Workers Launched: 2
         ->  Nested Loop  (cost=4.54..18206.22 rows=1 width=42) (actual time=300.328..633.619 rows=124 loops=3)
               ->  Nested Loop  (cost=4.40..18205.87 rows=2 width=46) (actual time=300.286..632.856 rows=707 loops=3)
                     Join Filter: (t.id = mi.movie_id)
                     ->  Nested Loop  (cost=3.97..18203.87 rows=1 width=54) (actual time=300.249..631.892 rows=20 loops=3)
                           ->  Nested Loop  (cost=3.84..18203.70 rows=1 width=58) (actual time=300.186..631.800 rows=54 loops=3)
                                 ->  Nested Loop  (cost=3.42..18203.25 rows=1 width=43) (actual time=295.007..631.006 rows=104 loops=3)
                                       Join Filter: (t.id = mc.movie_id)
                                       ->  Nested Loop  (cost=2.99..18202.60 rows=1 width=31) (actual time=294.565..630.569 rows=30 loops=3)
                                             ->  Nested Loop  (cost=2.86..18202.37 rows=1 width=35) (actual time=2.326..630.351 rows=117 loops=3)
                                                   ->  Hash Join  (cost=2.43..15253.60 rows=5089 width=10) (actual time=0.127..107.719 rows=153308 loops=3)
                                                         Hash Cond: (miidx.info_type_id = it.id)
                                                         ->  Parallel Seq Scan on movie_info_idx miidx  (cost=0.00..13685.15 rows=575015 width=14) (actual time=0.022..41.489 rows=460012 loops=3)
                                                         ->  Hash  (cost=2.41..2.41 rows=1 width=4) (actual time=0.024..0.025 rows=1 loops=3)
                                                               Buckets: 1024  Batches: 1  Memory Usage: 9kB
                                                               ->  Seq Scan on info_type it  (cost=0.00..2.41 rows=1 width=4) (actual time=0.019..0.020 rows=1 loops=3)
                                                                     Filter: ((info)::text = 'rating'::text)
                                                                     Rows Removed by Filter: 112
                                                   ->  Index Scan using title_pkey on title t  (cost=0.43..0.58 rows=1 width=25) (actual time=0.003..0.003 rows=0 loops=459925)
                                                         Index Cond: (id = miidx.movie_id)
                                                         Filter: (((title)::text <> ''::text) AND (((title)::text ~~ '%Champion%'::text) OR ((title)::text ~~ '%Loser%'::text)))
                                                         Rows Removed by Filter: 1
                                             ->  Index Scan using kind_type_pkey on kind_type kt  (cost=0.13..0.18 rows=1 width=4) (actual time=0.001..0.001 rows=0 loops=352)
                                                   Index Cond: (id = t.kind_id)
                                                   Filter: ((kind)::text = 'movie'::text)
                                                   Rows Removed by Filter: 1
                                       ->  Index Scan using movie_id_movie_companies on movie_companies mc  (cost=0.43..0.59 rows=5 width=12) (actual time=0.011..0.013 rows=3 loops=90)
                                             Index Cond: (movie_id = miidx.movie_id)
                                 ->  Index Scan using company_name_pkey on company_name cn  (cost=0.42..0.45 rows=1 width=23) (actual time=0.007..0.007 rows=1 loops=313)
                                       Index Cond: (id = mc.company_id)
                                       Filter: ((country_code)::text = '[us]'::text)
                                       Rows Removed by Filter: 0
                           ->  Index Scan using company_type_pkey on company_type ct  (cost=0.13..0.15 rows=1 width=4) (actual time=0.001..0.001 rows=0 loops=161)
                                 Index Cond: (id = mc.company_type_id)
                                 Filter: ((kind)::text = 'production companies'::text)
                                 Rows Removed by Filter: 1
                     ->  Index Scan using movie_id_movie_info on movie_info mi  (cost=0.43..1.48 rows=42 width=8) (actual time=0.010..0.041 rows=35 loops=61)
                           Index Cond: (movie_id = mc.movie_id)
               ->  Index Scan using info_type_pkey on info_type it2  (cost=0.14..0.16 rows=1 width=4) (actual time=0.001..0.001 rows=0 loops=2122)
                     Index Cond: (id = mi.info_type_id)
                     Filter: ((info)::text = 'release dates'::text)
                     Rows Removed by Filter: 1
 Planning Time: 10.686 ms
 Execution Time: 642.894 ms
(47 rows)

SET
                                                                                            QUERY PLAN                                                                                             
---------------------------------------------------------------------------------------------------------------------------------------------------------------------------------------------------
 Aggregate  (cost=19206.33..19206.34 rows=1 width=96) (actual time=615.804..615.805 rows=1 loops=1)
   ->  Gather  (cost=1004.54..19206.32 rows=1 width=42) (actual time=323.003..622.567 rows=53 loops=1)
         Workers Planned: 2
         Workers Launched: 2
         ->  Nested Loop  (cost=4.54..18206.22 rows=1 width=42) (actual time=458.287..612.900 rows=18 loops=3)
               ->  Nested Loop  (cost=4.40..18205.87 rows=2 width=46) (actual time=458.261..612.810 rows=73 loops=3)
                     Join Filter: (t.id = mi.movie_id)
                     ->  Nested Loop  (cost=3.97..18203.87 rows=1 width=54) (actual time=458.236..612.680 rows=5 loops=3)
                           ->  Nested Loop  (cost=3.84..18203.70 rows=1 width=58) (actual time=458.171..612.650 rows=16 loops=3)
                                 ->  Nested Loop  (cost=3.42..18203.25 rows=1 width=43) (actual time=458.143..612.397 rows=32 loops=3)
                                       Join Filter: (t.id = mc.movie_id)
                                       ->  Nested Loop  (cost=2.99..18202.60 rows=1 width=31) (actual time=458.112..612.324 rows=10 loops=3)
                                             ->  Nested Loop  (cost=2.86..18202.37 rows=1 width=35) (actual time=92.749..612.275 rows=22 loops=3)
                                                   ->  Hash Join  (cost=2.43..15253.60 rows=5089 width=10) (actual time=0.135..107.048 rows=153308 loops=3)
                                                         Hash Cond: (miidx.info_type_id = it.id)
                                                         ->  Parallel Seq Scan on movie_info_idx miidx  (cost=0.00..13685.15 rows=575015 width=14) (actual time=0.020..41.252 rows=460012 loops=3)
                                                         ->  Hash  (cost=2.41..2.41 rows=1 width=4) (actual time=0.026..0.027 rows=1 loops=3)
                                                               Buckets: 1024  Batches: 1  Memory Usage: 9kB
                                                               ->  Seq Scan on info_type it  (cost=0.00..2.41 rows=1 width=4) (actual time=0.021..0.022 rows=1 loops=3)
                                                                     Filter: ((info)::text = 'rating'::text)
                                                                     Rows Removed by Filter: 112
                                                   ->  Index Scan using title_pkey on title t  (cost=0.43..0.58 rows=1 width=25) (actual time=0.003..0.003 rows=0 loops=459925)
                                                         Index Cond: (id = miidx.movie_id)
                                                         Filter: (((title)::text <> ''::text) AND (((title)::text ~~ 'Champion%'::text) OR ((title)::text ~~ 'Loser%'::text)))
                                                         Rows Removed by Filter: 1
                                             ->  Index Scan using kind_type_pkey on kind_type kt  (cost=0.13..0.18 rows=1 width=4) (actual time=0.002..0.002 rows=0 loops=66)
                                                   Index Cond: (id = t.kind_id)
                                                   Filter: ((kind)::text = 'movie'::text)
                                                   Rows Removed by Filter: 1
                                       ->  Index Scan using movie_id_movie_companies on movie_companies mc  (cost=0.43..0.59 rows=5 width=12) (actual time=0.005..0.006 rows=3 loops=29)
                                             Index Cond: (movie_id = miidx.movie_id)
                                 ->  Index Scan using company_name_pkey on company_name cn  (cost=0.42..0.45 rows=1 width=23) (actual time=0.008..0.008 rows=0 loops=95)
                                       Index Cond: (id = mc.company_id)
                                       Filter: ((country_code)::text = '[us]'::text)
                                       Rows Removed by Filter: 1
                           ->  Index Scan using company_type_pkey on company_type ct  (cost=0.13..0.15 rows=1 width=4) (actual time=0.002..0.002 rows=0 loops=47)
                                 Index Cond: (id = mc.company_type_id)
                                 Filter: ((kind)::text = 'production companies'::text)
                                 Rows Removed by Filter: 1
                     ->  Index Scan using movie_id_movie_info on movie_info mi  (cost=0.43..1.48 rows=42 width=8) (actual time=0.008..0.025 rows=16 loops=14)
                           Index Cond: (movie_id = mc.movie_id)
               ->  Index Scan using info_type_pkey on info_type it2  (cost=0.14..0.16 rows=1 width=4) (actual time=0.001..0.001 rows=0 loops=218)
                     Index Cond: (id = mi.info_type_id)
                     Filter: ((info)::text = 'release dates'::text)
                     Rows Removed by Filter: 1
 Planning Time: 10.659 ms
 Execution Time: 622.817 ms
(47 rows)

SET
                                                                                               QUERY PLAN                                                                                                
---------------------------------------------------------------------------------------------------------------------------------------------------------------------------------------------------------
 Finalize Aggregate  (cost=20720.69..20720.70 rows=1 width=96) (actual time=2043.643..2043.643 rows=1 loops=1)
   ->  Gather  (cost=20720.46..20720.67 rows=2 width=96) (actual time=2043.396..2047.974 rows=3 loops=1)
         Workers Planned: 2
         Workers Launched: 2
         ->  Partial Aggregate  (cost=19720.46..19720.47 rows=1 width=96) (actual time=2040.541..2040.541 rows=1 loops=3)
               ->  Hash Join  (cost=8.73..19719.76 rows=94 width=42) (actual time=267.955..2000.103 rows=223463 loops=3)
                     Hash Cond: (mi.info_type_id = it2.id)
                     ->  Nested Loop  (cost=6.30..19688.31 rows=10660 width=46) (actual time=267.838..1885.651 rows=1438861 loops=3)
                           ->  Nested Loop  (cost=5.87..19055.86 rows=331 width=54) (actual time=267.803..1174.011 rows=29098 loops=3)
                                 ->  Hash Join  (cost=5.45..18649.93 rows=911 width=39) (actual time=267.748..884.658 rows=100870 loops=3)
                                       Hash Cond: (mc.company_type_id = ct.id)
                                       ->  Nested Loop  (cost=4.39..18629.17 rows=3643 width=43) (actual time=267.717..853.023 rows=257695 loops=3)
                                             ->  Hash Join  (cost=3.96..18186.75 rows=727 width=31) (actual time=267.660..600.614 rows=69960 loops=3)
                                                   Hash Cond: (t.kind_id = kt.id)
                                                   ->  Nested Loop  (cost=2.86..18164.20 rows=5089 width=35) (actual time=0.093..580.281 rows=153308 loops=3)
                                                         ->  Hash Join  (cost=2.43..15253.60 rows=5089 width=10) (actual time=0.053..111.701 rows=153308 loops=3)
                                                               Hash Cond: (miidx.info_type_id = it.id)
                                                               ->  Parallel Seq Scan on movie_info_idx miidx  (cost=0.00..13685.15 rows=575015 width=14) (actual time=0.022..44.310 rows=460012 loops=3)
                                                               ->  Hash  (cost=2.41..2.41 rows=1 width=4) (actual time=0.013..0.013 rows=1 loops=3)
                                                                     Buckets: 1024  Batches: 1  Memory Usage: 9kB
                                                                     ->  Seq Scan on info_type it  (cost=0.00..2.41 rows=1 width=4) (actual time=0.009..0.010 rows=1 loops=3)
                                                                           Filter: ((info)::text = 'rating'::text)
                                                                           Rows Removed by Filter: 112
                                                         ->  Index Scan using title_pkey on title t  (cost=0.43..0.57 rows=1 width=25) (actual time=0.003..0.003 rows=1 loops=459925)
                                                               Index Cond: (id = miidx.movie_id)
                                                   ->  Hash  (cost=1.09..1.09 rows=1 width=4) (actual time=0.014..0.015 rows=1 loops=3)
                                                         Buckets: 1024  Batches: 1  Memory Usage: 9kB
                                                         ->  Seq Scan on kind_type kt  (cost=0.00..1.09 rows=1 width=4) (actual time=0.012..0.012 rows=1 loops=3)
                                                               Filter: ((kind)::text = 'movie'::text)
                                                               Rows Removed by Filter: 6
                                             ->  Index Scan using movie_id_movie_companies on movie_companies mc  (cost=0.43..0.56 rows=5 width=12) (actual time=0.002..0.003 rows=4 loops=209880)
                                                   Index Cond: (movie_id = t.id)
                                       ->  Hash  (cost=1.05..1.05 rows=1 width=4) (actual time=0.015..0.015 rows=1 loops=3)
                                             Buckets: 1024  Batches: 1  Memory Usage: 9kB
                                             ->  Seq Scan on company_type ct  (cost=0.00..1.05 rows=1 width=4) (actual time=0.012..0.012 rows=1 loops=3)
                                                   Filter: ((kind)::text = 'production companies'::text)
                                                   Rows Removed by Filter: 3
                                 ->  Index Scan using company_name_pkey on company_name cn  (cost=0.42..0.45 rows=1 width=23) (actual time=0.003..0.003 rows=0 loops=302610)
                                       Index Cond: (id = mc.company_id)
                                       Filter: ((country_code)::text = '[us]'::text)
                                       Rows Removed by Filter: 1
                           ->  Index Scan using movie_id_movie_info on movie_info mi  (cost=0.43..1.49 rows=42 width=8) (actual time=0.004..0.019 rows=49 loops=87293)
                                 Index Cond: (movie_id = t.id)
                     ->  Hash  (cost=2.41..2.41 rows=1 width=4) (actual time=0.027..0.027 rows=1 loops=3)
                           Buckets: 1024  Batches: 1  Memory Usage: 9kB
                           ->  Seq Scan on info_type it2  (cost=0.00..2.41 rows=1 width=4) (actual time=0.016..0.023 rows=1 loops=3)
                                 Filter: ((info)::text = 'release dates'::text)
                                 Rows Removed by Filter: 112
 Planning Time: 10.467 ms
 Execution Time: 2048.227 ms
(50 rows)

SET
                                                                                      QUERY PLAN                                                                                       
---------------------------------------------------------------------------------------------------------------------------------------------------------------------------------------
 Aggregate  (cost=7380.25..7380.26 rows=1 width=64) (actual time=427.322..427.322 rows=1 loops=1)
   ->  Nested Loop  (cost=8.04..7380.24 rows=1 width=23) (actual time=16.748..427.087 rows=761 loops=1)
         Join Filter: (mi.info_type_id = it1.id)
         Rows Removed by Join Filter: 117
         ->  Nested Loop  (cost=8.04..7377.82 rows=1 width=27) (actual time=16.742..423.739 rows=878 loops=1)
               Join Filter: (t.id = mi.movie_id)
               ->  Nested Loop  (cost=7.61..7375.92 rows=1 width=35) (actual time=16.185..335.382 rows=1147 loops=1)
                     Join Filter: (mi_idx.info_type_id = it2.id)
                     Rows Removed by Join Filter: 2233
                     ->  Seq Scan on info_type it2  (cost=0.00..2.41 rows=1 width=4) (actual time=0.012..0.014 rows=1 loops=1)
                           Filter: ((info)::text = 'rating'::text)
                           Rows Removed by Filter: 112
                     ->  Nested Loop  (cost=7.61..7373.39 rows=9 width=39) (actual time=15.782..334.987 rows=3380 loops=1)
                           Join Filter: (t.id = mi_idx.movie_id)
                           ->  Nested Loop  (cost=7.18..7371.79 rows=3 width=25) (actual time=15.751..321.109 rows=1966 loops=1)
                                 Join Filter: (t.kind_id = kt.id)
                                 Rows Removed by Join Filter: 616
                                 ->  Seq Scan on kind_type kt  (cost=0.00..1.09 rows=1 width=4) (actual time=0.012..0.013 rows=1 loops=1)
                                       Filter: ((kind)::text = 'movie'::text)
                                       Rows Removed by Filter: 6
                                 ->  Nested Loop  (cost=7.18..7370.44 rows=21 width=29) (actual time=4.864..320.691 rows=2582 loops=1)
                                       ->  Nested Loop  (cost=6.75..7304.56 rows=135 width=4) (actual time=4.593..145.215 rows=37091 loops=1)
                                             ->  Seq Scan on keyword k  (cost=0.00..2961.55 rows=4 width=4) (actual time=1.183..20.957 rows=3 loops=1)
                                                   Filter: ((keyword)::text = ANY ('{murder,murder-in-title,blood,violence}'::text[]))
                                                   Rows Removed by Filter: 134167
                                             ->  Bitmap Heap Scan on movie_keyword mk  (cost=6.75..1082.76 rows=299 width=8) (actual time=3.405..39.990 rows=12364 loops=3)
                                                   Recheck Cond: (keyword_id = k.id)
                                                   Heap Blocks: exact=26312
                                                   ->  Bitmap Index Scan on keyword_id_movie_keyword  (cost=0.00..6.67 rows=299 width=0) (actual time=1.875..1.875 rows=12364 loops=3)
                                                         Index Cond: (keyword_id = k.id)
                                       ->  Index Scan using title_pkey on title t  (cost=0.43..0.49 rows=1 width=25) (actual time=0.005..0.005 rows=0 loops=37091)
                                             Index Cond: (id = mk.movie_id)
                                             Filter: (production_year > 2010)
                                             Rows Removed by Filter: 1
                           ->  Index Scan using movie_id_movie_info_idx on movie_info_idx mi_idx  (cost=0.43..0.50 rows=3 width=14) (actual time=0.006..0.007 rows=2 loops=1966)
                                 Index Cond: (movie_id = mk.movie_id)
                                 Filter: ((info)::text < '8.5'::text)
                                 Rows Removed by Filter: 0
               ->  Index Scan using movie_id_movie_info on movie_info mi  (cost=0.43..1.87 rows=2 width=8) (actual time=0.065..0.077 rows=1 loops=1147)
                     Index Cond: (movie_id = mk.movie_id)
                     Filter: ((info)::text = ANY ('{Sweden,Norway,Germany,Denmark,Swedish,Denish,Norwegian,German,USA,American}'::text[]))
                     Rows Removed by Filter: 69
         ->  Seq Scan on info_type it1  (cost=0.00..2.41 rows=1 width=4) (actual time=0.002..0.003 rows=1 loops=878)
               Filter: ((info)::text = 'countries'::text)
               Rows Removed by Filter: 21
 Planning Time: 6.662 ms
 Execution Time: 427.489 ms
(47 rows)

SET
                                                                                              QUERY PLAN                                                                                              
------------------------------------------------------------------------------------------------------------------------------------------------------------------------------------------------------
 Aggregate  (cost=4867.25..4867.26 rows=1 width=64) (actual time=187.873..187.873 rows=1 loops=1)
   ->  Nested Loop  (cost=8.04..4867.24 rows=1 width=23) (actual time=126.189..187.864 rows=1 loops=1)
         Join Filter: (t.kind_id = kt.id)
         Rows Removed by Join Filter: 1
         ->  Nested Loop  (cost=8.04..4866.14 rows=1 width=27) (actual time=8.490..187.848 rows=2 loops=1)
               Join Filter: (mi_idx.info_type_id = it2.id)
               Rows Removed by Join Filter: 1
               ->  Nested Loop  (cost=8.04..4863.72 rows=1 width=31) (actual time=8.470..187.819 rows=3 loops=1)
                     Join Filter: (t.id = mi_idx.movie_id)
                     ->  Nested Loop  (cost=7.61..4863.21 rows=1 width=33) (actual time=8.449..187.714 rows=8 loops=1)
                           Join Filter: (mi.info_type_id = it1.id)
                           ->  Nested Loop  (cost=7.61..4860.78 rows=1 width=37) (actual time=8.443..187.677 rows=8 loops=1)
                                 Join Filter: (t.id = mi.movie_id)
                                 ->  Nested Loop  (cost=7.18..4858.88 rows=1 width=29) (actual time=8.304..186.957 rows=15 loops=1)
                                       ->  Nested Loop  (cost=6.75..4825.68 rows=67 width=4) (actual time=6.330..84.277 rows=19528 loops=1)
                                             ->  Seq Scan on keyword k  (cost=0.00..2626.12 rows=2 width=4) (actual time=1.184..16.465 rows=1 loops=1)
                                                   Filter: ((keyword)::text = ANY ('{murder,murder-in-title}'::text[]))
                                                   Rows Removed by Filter: 134169
                                             ->  Bitmap Heap Scan on movie_keyword mk  (cost=6.75..1096.79 rows=299 width=8) (actual time=5.143..65.667 rows=19528 loops=1)
                                                   Recheck Cond: (keyword_id = k.id)
                                                   Heap Blocks: exact=12389
                                                   ->  Bitmap Index Scan on keyword_id_movie_keyword  (cost=0.00..6.67 rows=299 width=0) (actual time=2.957..2.957 rows=19528 loops=1)
                                                         Index Cond: (keyword_id = k.id)
                                       ->  Index Scan using title_pkey on title t  (cost=0.43..0.50 rows=1 width=25) (actual time=0.005..0.005 rows=0 loops=19528)
                                             Index Cond: (id = mk.movie_id)
                                             Filter: ((production_year > 2010) AND (((title)::text ~~ '%murder%'::text) OR ((title)::text ~~ '%Murder%'::text) OR ((title)::text ~~ '%Mord%'::text)))
                                             Rows Removed by Filter: 1
                                 ->  Index Scan using movie_id_movie_info on movie_info mi  (cost=0.43..1.87 rows=2 width=8) (actual time=0.044..0.047 rows=1 loops=15)
                                       Index Cond: (movie_id = mk.movie_id)
                                       Filter: ((info)::text = ANY ('{Sweden,Norway,Germany,Denmark,Swedish,Denish,Norwegian,German,USA,American}'::text[]))
                                       Rows Removed by Filter: 12
                           ->  Seq Scan on info_type it1  (cost=0.00..2.41 rows=1 width=4) (actual time=0.003..0.003 rows=1 loops=8)
                                 Filter: ((info)::text = 'countries'::text)
                                 Rows Removed by Filter: 7
                     ->  Index Scan using movie_id_movie_info_idx on movie_info_idx mi_idx  (cost=0.43..0.50 rows=1 width=14) (actual time=0.012..0.012 rows=0 loops=8)
                           Index Cond: (movie_id = mk.movie_id)
                           Filter: ((info)::text > '6.0'::text)
                           Rows Removed by Filter: 1
               ->  Seq Scan on info_type it2  (cost=0.00..2.41 rows=1 width=4) (actual time=0.008..0.009 rows=1 loops=3)
                     Filter: ((info)::text = 'rating'::text)
                     Rows Removed by Filter: 104
         ->  Seq Scan on kind_type kt  (cost=0.00..1.09 rows=1 width=4) (actual time=0.006..0.006 rows=1 loops=2)
               Filter: ((kind)::text = 'movie'::text)
               Rows Removed by Filter: 3
 Planning Time: 6.551 ms
 Execution Time: 188.100 ms
(46 rows)

SET
                                                                                      QUERY PLAN                                                                                       
---------------------------------------------------------------------------------------------------------------------------------------------------------------------------------------
 Aggregate  (cost=7388.39..7388.40 rows=1 width=64) (actual time=768.251..768.251 rows=1 loops=1)
   ->  Nested Loop  (cost=8.04..7388.39 rows=1 width=23) (actual time=4.734..767.296 rows=4115 loops=1)
         Join Filter: (mi.info_type_id = it1.id)
         Rows Removed by Join Filter: 594
         ->  Nested Loop  (cost=8.04..7385.96 rows=1 width=27) (actual time=4.729..750.592 rows=4709 loops=1)
               Join Filter: (t.id = mi.movie_id)
               ->  Nested Loop  (cost=7.61..7384.06 rows=1 width=35) (actual time=4.663..361.325 rows=5949 loops=1)
                     Join Filter: (mi_idx.info_type_id = it2.id)
                     Rows Removed by Join Filter: 11839
                     ->  Seq Scan on info_type it2  (cost=0.00..2.41 rows=1 width=4) (actual time=0.012..0.013 rows=1 loops=1)
                           Filter: ((info)::text = 'rating'::text)
                           Rows Removed by Filter: 112
                     ->  Nested Loop  (cost=7.61..7381.10 rows=44 width=39) (actual time=4.647..359.432 rows=17788 loops=1)
                           Join Filter: (t.id = mi_idx.movie_id)
                           ->  Nested Loop  (cost=7.18..7373.07 rows=15 width=25) (actual time=4.623..312.619 rows=8073 loops=1)
                                 Join Filter: (t.kind_id = kt.id)
                                 Rows Removed by Join Filter: 4332
                                 ->  Nested Loop  (cost=7.18..7370.44 rows=54 width=29) (actual time=4.558..309.296 rows=9739 loops=1)
                                       ->  Nested Loop  (cost=6.75..7304.56 rows=135 width=4) (actual time=4.533..138.393 rows=37091 loops=1)
                                             ->  Seq Scan on keyword k  (cost=0.00..2961.55 rows=4 width=4) (actual time=1.180..21.594 rows=3 loops=1)
                                                   Filter: ((keyword IS NOT NULL) AND ((keyword)::text = ANY ('{murder,murder-in-title,blood,violence}'::text[])))
                                                   Rows Removed by Filter: 134167
                                             ->  Bitmap Heap Scan on movie_keyword mk  (cost=6.75..1082.76 rows=299 width=8) (actual time=3.381..37.469 rows=12364 loops=3)
                                                   Recheck Cond: (keyword_id = k.id)
                                                   Heap Blocks: exact=26312
                                                   ->  Bitmap Index Scan on keyword_id_movie_keyword  (cost=0.00..6.67 rows=299 width=0) (actual time=1.849..1.849 rows=12364 loops=3)
                                                         Index Cond: (keyword_id = k.id)
                                       ->  Index Scan using title_pkey on title t  (cost=0.43..0.49 rows=1 width=25) (actual time=0.004..0.004 rows=0 loops=37091)
                                             Index Cond: (id = mk.movie_id)
                                             Filter: (production_year > 2005)
                                             Rows Removed by Filter: 1
                                 ->  Materialize  (cost=0.00..1.10 rows=2 width=4) (actual time=0.000..0.000 rows=1 loops=9739)
                                       ->  Seq Scan on kind_type kt  (cost=0.00..1.09 rows=2 width=4) (actual time=0.012..0.014 rows=2 loops=1)
                                             Filter: ((kind)::text = ANY ('{movie,episode}'::text[]))
                                             Rows Removed by Filter: 5
                           ->  Index Scan using movie_id_movie_info_idx on movie_info_idx mi_idx  (cost=0.43..0.50 rows=3 width=14) (actual time=0.005..0.005 rows=2 loops=8073)
                                 Index Cond: (movie_id = mk.movie_id)
                                 Filter: ((info)::text < '8.5'::text)
                                 Rows Removed by Filter: 0
               ->  Index Scan using movie_id_movie_info on movie_info mi  (cost=0.43..1.87 rows=2 width=8) (actual time=0.056..0.065 rows=1 loops=5949)
                     Index Cond: (movie_id = mk.movie_id)
                     Filter: ((info)::text = ANY ('{Sweden,Norway,Germany,Denmark,Swedish,Danish,Norwegian,German,USA,American}'::text[]))
                     Rows Removed by Filter: 71
         ->  Seq Scan on info_type it1  (cost=0.00..2.41 rows=1 width=4) (actual time=0.002..0.003 rows=1 loops=4709)
               Filter: ((info)::text = 'countries'::text)
               Rows Removed by Filter: 20
 Planning Time: 6.394 ms
 Execution Time: 768.425 ms
(48 rows)

SET
                                                                                              QUERY PLAN                                                                                              
------------------------------------------------------------------------------------------------------------------------------------------------------------------------------------------------------
 Finalize Aggregate  (cost=51520.30..51520.31 rows=1 width=64) (actual time=330.410..330.411 rows=1 loops=1)
   ->  Gather  (cost=51520.08..51520.29 rows=2 width=64) (actual time=329.934..334.768 rows=3 loops=1)
         Workers Planned: 2
         Workers Launched: 2
         ->  Partial Aggregate  (cost=50520.08..50520.09 rows=1 width=64) (actual time=327.030..327.030 rows=1 loops=3)
               ->  Nested Loop  (cost=5354.18..50520.04 rows=7 width=59) (actual time=84.579..326.996 rows=109 loops=3)
                     ->  Nested Loop  (cost=5353.76..50516.97 rows=7 width=63) (actual time=84.545..326.413 rows=109 loops=3)
                           ->  Nested Loop  (cost=5353.33..50515.14 rows=1 width=75) (actual time=77.510..326.175 rows=19 loops=3)
                                 ->  Nested Loop  (cost=5353.19..50514.85 rows=1 width=79) (actual time=77.480..326.102 rows=19 loops=3)
                                       ->  Nested Loop  (cost=5353.06..50514.70 rows=1 width=83) (actual time=77.450..326.032 rows=19 loops=3)
                                             ->  Nested Loop  (cost=5352.62..48271.71 rows=1133 width=33) (actual time=25.294..239.436 rows=1711 loops=3)
                                                   ->  Nested Loop  (cost=5352.19..46344.74 rows=2083 width=12) (actual time=25.247..215.347 rows=4566 loops=3)
                                                         ->  Parallel Hash Join  (cost=5351.77..40470.46 rows=3000 width=8) (actual time=24.781..170.574 rows=14612 loops=3)
                                                               Hash Cond: (mc.company_id = cn.id)
                                                               ->  Parallel Seq Scan on movie_companies mc  (cost=0.00..35097.06 rows=8243 width=12) (actual time=0.026..139.641 rows=20555 loops=3)
                                                                     Filter: (((note)::text ~~ '%(200%)%'::text) AND ((note)::text ~~ '%(worldwide)%'::text))
                                                                     Rows Removed by Filter: 849155
                                                               ->  Parallel Hash  (cost=4722.92..4722.92 rows=50308 width=4) (actual time=24.174..24.175 rows=28281 loops=3)
                                                                     Buckets: 131072  Batches: 1  Memory Usage: 4352kB
                                                                     ->  Parallel Seq Scan on company_name cn  (cost=0.00..4722.92 rows=50308 width=4) (actual time=0.022..17.141 rows=28281 loops=3)
                                                                           Filter: ((country_code)::text = '[us]'::text)
                                                                           Rows Removed by Filter: 50051
                                                         ->  Index Only Scan using movie_id_aka_title on aka_title at  (cost=0.42..1.93 rows=3 width=4) (actual time=0.002..0.003 rows=0 loops=43837)
                                                               Index Cond: (movie_id = mc.movie_id)
                                                               Heap Fetches: 13699
                                                   ->  Index Scan using title_pkey on title t  (cost=0.43..0.93 rows=1 width=21) (actual time=0.005..0.005 rows=0 loops=13699)
                                                         Index Cond: (id = at.movie_id)
                                                         Filter: (production_year > 2000)
                                                         Rows Removed by Filter: 1
                                             ->  Index Scan using movie_id_movie_info on movie_info mi  (cost=0.43..1.97 rows=1 width=50) (actual time=0.050..0.050 rows=0 loops=5134)
                                                   Index Cond: (movie_id = t.id)
                                                   Filter: (((note)::text ~~ '%internet%'::text) AND ((info)::text ~~ 'USA:% 200%'::text))
                                                   Rows Removed by Filter: 72
                                       ->  Index Only Scan using company_type_pkey on company_type ct  (cost=0.13..0.15 rows=1 width=4) (actual time=0.003..0.003 rows=1 loops=57)
                                             Index Cond: (id = mc.company_type_id)
                                             Heap Fetches: 57
                                 ->  Index Scan using info_type_pkey on info_type it1  (cost=0.14..0.21 rows=1 width=4) (actual time=0.003..0.003 rows=1 loops=57)
                                       Index Cond: (id = mi.info_type_id)
                                       Filter: ((info)::text = 'release dates'::text)
                           ->  Index Scan using movie_id_movie_keyword on movie_keyword mk  (cost=0.43..1.36 rows=47 width=8) (actual time=0.010..0.011 rows=6 loops=57)
                                 Index Cond: (movie_id = t.id)
                     ->  Index Only Scan using keyword_pkey on keyword k  (cost=0.42..0.44 rows=1 width=4) (actual time=0.005..0.005 rows=1 loops=328)
                           Index Cond: (id = mk.keyword_id)
                           Heap Fetches: 328
 Planning Time: 14.778 ms
 Execution Time: 335.001 ms
(46 rows)

SET
                                                                                                      QUERY PLAN                                                                                                      
----------------------------------------------------------------------------------------------------------------------------------------------------------------------------------------------------------------------
 Finalize Aggregate  (cost=6425.67..6425.68 rows=1 width=64) (actual time=31.580..31.580 rows=1 loops=1)
   ->  Gather  (cost=6425.55..6425.66 rows=1 width=64) (actual time=31.507..32.840 rows=2 loops=1)
         Workers Planned: 1
         Workers Launched: 1
         ->  Partial Aggregate  (cost=5425.55..5425.56 rows=1 width=64) (actual time=29.463..29.463 rows=1 loops=2)
               ->  Nested Loop  (cost=2.84..5425.53 rows=5 width=59) (actual time=21.478..29.452 rows=18 loops=2)
                     ->  Nested Loop  (cost=2.42..5423.34 rows=5 width=63) (actual time=21.466..29.272 rows=18 loops=2)
                           ->  Nested Loop  (cost=1.99..5421.40 rows=1 width=75) (actual time=18.807..29.236 rows=2 loops=2)
                                 ->  Nested Loop  (cost=1.85..5421.11 rows=1 width=79) (actual time=18.803..29.229 rows=2 loops=2)
                                       ->  Nested Loop  (cost=1.41..5418.58 rows=1 width=29) (actual time=16.874..28.268 rows=13 loops=2)
                                             ->  Nested Loop  (cost=0.98..5417.65 rows=1 width=8) (actual time=16.858..28.017 rows=14 loops=2)
                                                   ->  Nested Loop  (cost=0.85..5417.49 rows=1 width=12) (actual time=16.843..27.981 rows=14 loops=2)
                                                         ->  Nested Loop  (cost=0.43..5415.54 rows=1 width=8) (actual time=16.502..27.103 rows=139 loops=2)
                                                               ->  Parallel Seq Scan on company_name cn  (cost=0.00..5068.50 rows=1 width=4) (actual time=16.472..23.125 rows=0 loops=2)
                                                                     Filter: (((country_code)::text = '[us]'::text) AND ((name)::text = 'YouTube'::text))
                                                                     Rows Removed by Filter: 117498
                                                               ->  Index Scan using company_id_movie_companies on movie_companies mc  (cost=0.43..347.02 rows=1 width=12) (actual time=0.057..7.922 rows=278 loops=1)
                                                                     Index Cond: (company_id = cn.id)
                                                                     Filter: (((note)::text ~~ '%(200%)%'::text) AND ((note)::text ~~ '%(worldwide)%'::text))
                                                                     Rows Removed by Filter: 1180
                                                         ->  Index Only Scan using movie_id_aka_title on aka_title at  (cost=0.42..1.93 rows=3 width=4) (actual time=0.006..0.006 rows=0 loops=278)
                                                               Index Cond: (movie_id = mc.movie_id)
                                                               Heap Fetches: 27
                                                   ->  Index Only Scan using company_type_pkey on company_type ct  (cost=0.13..0.15 rows=1 width=4) (actual time=0.002..0.002 rows=1 loops=27)
                                                         Index Cond: (id = mc.company_type_id)
                                                         Heap Fetches: 27
                                             ->  Index Scan using title_pkey on title t  (cost=0.43..0.93 rows=1 width=21) (actual time=0.018..0.018 rows=1 loops=27)
                                                   Index Cond: (id = at.movie_id)
                                                   Filter: ((production_year >= 2005) AND (production_year <= 2010))
                                                   Rows Removed by Filter: 0
                                       ->  Index Scan using movie_id_movie_info on movie_info mi  (cost=0.43..2.53 rows=1 width=50) (actual time=0.070..0.073 rows=0 loops=26)
                                             Index Cond: (movie_id = t.id)
                                             Filter: (((note)::text ~~ '%internet%'::text) AND ((info)::text ~~ 'USA:% 200%'::text))
                                             Rows Removed by Filter: 19
                                 ->  Index Scan using info_type_pkey on info_type it1  (cost=0.14..0.21 rows=1 width=4) (actual time=0.003..0.003 rows=1 loops=3)
                                       Index Cond: (id = mi.info_type_id)
                                       Filter: ((info)::text = 'release dates'::text)
                           ->  Index Scan using movie_id_movie_keyword on movie_keyword mk  (cost=0.43..1.46 rows=47 width=8) (actual time=0.018..0.020 rows=12 loops=3)
                                 Index Cond: (movie_id = t.id)
                     ->  Index Only Scan using keyword_pkey on keyword k  (cost=0.42..0.44 rows=1 width=4) (actual time=0.009..0.009 rows=1 loops=37)
                           Index Cond: (id = mk.keyword_id)
                           Heap Fetches: 37
 Planning Time: 15.315 ms
 Execution Time: 33.058 ms
(44 rows)

SET
                                                                                                          QUERY PLAN                                                                                                          
------------------------------------------------------------------------------------------------------------------------------------------------------------------------------------------------------------------------------
 Finalize Aggregate  (cost=271194.30..271194.31 rows=1 width=64) (actual time=594.715..594.716 rows=1 loops=1)
   ->  Gather  (cost=271194.08..271194.29 rows=2 width=64) (actual time=594.582..599.177 rows=3 loops=1)
         Workers Planned: 2
         Workers Launched: 2
         ->  Partial Aggregate  (cost=270194.08..270194.09 rows=1 width=64) (actual time=591.816..591.816 rows=1 loops=3)
               ->  Nested Loop  (cost=5.11..270193.85 rows=46 width=59) (actual time=162.046..591.678 rows=757 loops=3)
                     Join Filter: (t.id = at.movie_id)
                     ->  Nested Loop  (cost=4.69..270184.51 rows=18 width=75) (actual time=146.278..586.915 rows=2655 loops=3)
                           ->  Nested Loop  (cost=4.27..270176.61 rows=18 width=79) (actual time=146.253..578.702 rows=2655 loops=3)
                                 ->  Nested Loop  (cost=3.84..270174.80 rows=1 width=71) (actual time=145.683..572.099 rows=882 loops=3)
                                       ->  Nested Loop  (cost=3.71..270174.65 rows=1 width=75) (actual time=145.653..570.814 rows=882 loops=3)
                                             ->  Nested Loop  (cost=3.29..270172.87 rows=4 width=79) (actual time=145.458..564.744 rows=961 loops=3)
                                                   ->  Nested Loop  (cost=2.86..270172.24 rows=1 width=67) (actual time=145.423..555.463 rows=594 loops=3)
                                                         ->  Hash Join  (cost=2.43..270163.87 rows=1 width=46) (actual time=145.379..546.899 rows=594 loops=3)
                                                               Hash Cond: (mi.info_type_id = it1.id)
                                                               ->  Parallel Seq Scan on movie_info mi  (cost=0.00..270161.12 rows=119 width=50) (actual time=145.246..546.596 rows=594 loops=3)
                                                                     Filter: ((info IS NOT NULL) AND ((note)::text ~~ '%internet%'::text) AND (((info)::text ~~ 'USA:% 199%'::text) OR ((info)::text ~~ 'USA:% 200%'::text)))
                                                                     Rows Removed by Filter: 4944646
                                                               ->  Hash  (cost=2.41..2.41 rows=1 width=4) (actual time=0.028..0.029 rows=1 loops=3)
                                                                     Buckets: 1024  Batches: 1  Memory Usage: 9kB
                                                                     ->  Seq Scan on info_type it1  (cost=0.00..2.41 rows=1 width=4) (actual time=0.016..0.023 rows=1 loops=3)
                                                                           Filter: ((info)::text = 'release dates'::text)
                                                                           Rows Removed by Filter: 112
                                                         ->  Index Scan using title_pkey on title t  (cost=0.43..8.37 rows=1 width=21) (actual time=0.014..0.014 rows=1 loops=1783)
                                                               Index Cond: (id = mi.movie_id)
                                                               Filter: (production_year > 1990)
                                                               Rows Removed by Filter: 0
                                                   ->  Index Scan using movie_id_movie_companies on movie_companies mc  (cost=0.43..0.58 rows=5 width=12) (actual time=0.012..0.015 rows=2 loops=1782)
                                                         Index Cond: (movie_id = t.id)
                                             ->  Index Scan using company_name_pkey on company_name cn  (cost=0.42..0.45 rows=1 width=4) (actual time=0.006..0.006 rows=1 loops=2884)
                                                   Index Cond: (id = mc.company_id)
                                                   Filter: ((country_code)::text = '[us]'::text)
                                                   Rows Removed by Filter: 0
                                       ->  Index Only Scan using company_type_pkey on company_type ct  (cost=0.13..0.15 rows=1 width=4) (actual time=0.001..0.001 rows=1 loops=2647)
                                             Index Cond: (id = mc.company_type_id)
                                             Heap Fetches: 2647
                                 ->  Index Scan using movie_id_movie_keyword on movie_keyword mk  (cost=0.43..1.34 rows=47 width=8) (actual time=0.006..0.007 rows=3 loops=2647)
                                       Index Cond: (movie_id = t.id)
                           ->  Index Only Scan using keyword_pkey on keyword k  (cost=0.42..0.44 rows=1 width=4) (actual time=0.003..0.003 rows=1 loops=7964)
                                 Index Cond: (id = mk.keyword_id)
                                 Heap Fetches: 7964
                     ->  Index Only Scan using movie_id_aka_title on aka_title at  (cost=0.42..0.48 rows=3 width=4) (actual time=0.001..0.002 rows=0 loops=7964)
                           Index Cond: (movie_id = mk.movie_id)
                           Heap Fetches: 2271
 Planning Time: 14.998 ms
 Execution Time: 599.429 ms
(46 rows)

SET
                                                                                               QUERY PLAN                                                                                               
--------------------------------------------------------------------------------------------------------------------------------------------------------------------------------------------------------
 Finalize Aggregate  (cost=241312.72..241312.73 rows=1 width=64) (actual time=668.662..668.662 rows=1 loops=1)
   ->  Gather  (cost=241312.50..241312.71 rows=2 width=64) (actual time=668.509..672.980 rows=3 loops=1)
         Workers Planned: 2
         Workers Launched: 2
         ->  Partial Aggregate  (cost=240312.50..240312.51 rows=1 width=64) (actual time=665.704..665.704 rows=1 loops=3)
               ->  Nested Loop  (cost=6.07..240304.29 rows=1642 width=38) (actual time=140.261..665.116 rows=3782 loops=3)
                     Join Filter: (t.id = at.movie_id)
                     ->  Nested Loop  (cost=5.65..239970.15 rows=644 width=33) (actual time=135.537..650.810 rows=8521 loops=3)
                           ->  Nested Loop  (cost=5.23..239687.65 rows=644 width=37) (actual time=135.496..630.218 rows=8521 loops=3)
                                 ->  Hash Join  (cost=4.80..239595.35 rows=51 width=29) (actual time=135.466..611.745 rows=3286 loops=3)
                                       Hash Cond: (mc.company_type_id = ct.id)
                                       ->  Nested Loop  (cost=3.71..239593.98 rows=51 width=33) (actual time=135.379..610.831 rows=3286 loops=3)
                                             ->  Nested Loop  (cost=3.29..239532.04 rows=139 width=37) (actual time=135.350..589.912 rows=4792 loops=3)
                                                   ->  Nested Loop  (cost=2.86..239514.48 rows=28 width=25) (actual time=135.202..555.202 rows=3554 loops=3)
                                                         ->  Hash Join  (cost=2.43..239268.23 rows=40 width=4) (actual time=135.160..519.727 rows=3560 loops=3)
                                                               Hash Cond: (mi.info_type_id = it1.id)
                                                               ->  Parallel Seq Scan on movie_info mi  (cost=0.00..239253.38 rows=4567 width=8) (actual time=22.683..518.803 rows=3603 loops=3)
                                                                     Filter: ((note)::text ~~ '%internet%'::text)
                                                                     Rows Removed by Filter: 4941637
                                                               ->  Hash  (cost=2.41..2.41 rows=1 width=4) (actual time=0.029..0.029 rows=1 loops=3)
                                                                     Buckets: 1024  Batches: 1  Memory Usage: 9kB
                                                                     ->  Seq Scan on info_type it1  (cost=0.00..2.41 rows=1 width=4) (actual time=0.017..0.023 rows=1 loops=3)
                                                                           Filter: ((info)::text = 'release dates'::text)
                                                                           Rows Removed by Filter: 112
                                                         ->  Index Scan using title_pkey on title t  (cost=0.43..6.16 rows=1 width=21) (actual time=0.010..0.010 rows=1 loops=10679)
                                                               Index Cond: (id = mi.movie_id)
                                                               Filter: (production_year > 1990)
                                                               Rows Removed by Filter: 0
                                                   ->  Index Scan using movie_id_movie_companies on movie_companies mc  (cost=0.43..0.58 rows=5 width=12) (actual time=0.008..0.009 rows=1 loops=10662)
                                                         Index Cond: (movie_id = t.id)
                                             ->  Index Scan using company_name_pkey on company_name cn  (cost=0.42..0.45 rows=1 width=4) (actual time=0.004..0.004 rows=1 loops=14377)
                                                   Index Cond: (id = mc.company_id)
                                                   Filter: ((country_code)::text = '[us]'::text)
                                                   Rows Removed by Filter: 0
                                       ->  Hash  (cost=1.04..1.04 rows=4 width=4) (actual time=0.023..0.023 rows=4 loops=3)
                                             Buckets: 1024  Batches: 1  Memory Usage: 9kB
                                             ->  Seq Scan on company_type ct  (cost=0.00..1.04 rows=4 width=4) (actual time=0.015..0.016 rows=4 loops=3)
                                 ->  Index Scan using movie_id_movie_keyword on movie_keyword mk  (cost=0.43..1.34 rows=47 width=8) (actual time=0.005..0.005 rows=3 loops=9857)
                                       Index Cond: (movie_id = t.id)
                           ->  Index Only Scan using keyword_pkey on keyword k  (cost=0.42..0.44 rows=1 width=4) (actual time=0.002..0.002 rows=1 loops=25564)
                                 Index Cond: (id = mk.keyword_id)
                                 Heap Fetches: 25564
                     ->  Index Scan using movie_id_aka_title on aka_title at  (cost=0.42..0.48 rows=3 width=25) (actual time=0.001..0.001 rows=0 loops=25564)
                           Index Cond: (movie_id = mk.movie_id)
 Planning Time: 15.094 ms
 Execution Time: 673.248 ms
(46 rows)

SET
                                                                                      QUERY PLAN                                                                                       
---------------------------------------------------------------------------------------------------------------------------------------------------------------------------------------
 Aggregate  (cost=3786.91..3786.92 rows=1 width=64) (actual time=271.926..271.926 rows=1 loops=1)
   ->  Nested Loop  (cost=9.45..3786.52 rows=79 width=33) (actual time=17.409..271.844 rows=385 loops=1)
         Join Filter: (n.id = an.person_id)
         ->  Nested Loop  (cost=9.02..3770.95 rows=32 width=25) (actual time=17.380..269.588 rows=323 loops=1)
               ->  Nested Loop  (cost=8.59..3756.39 rows=32 width=21) (actual time=17.346..266.873 rows=323 loops=1)
                     Join Filter: (t.id = ci.movie_id)
                     ->  Nested Loop  (cost=8.03..3752.42 rows=2 width=29) (actual time=17.317..265.516 rows=25 loops=1)
                           ->  Nested Loop  (cost=7.61..3750.19 rows=5 width=33) (actual time=17.113..265.145 rows=54 loops=1)
                                 Join Filter: (t.id = mc.movie_id)
                                 ->  Nested Loop  (cost=7.18..3749.59 rows=1 width=25) (actual time=14.200..264.442 rows=146 loops=1)
                                       ->  Nested Loop  (cost=6.75..3732.91 rows=34 width=4) (actual time=6.787..76.915 rows=41840 loops=1)
                                             ->  Seq Scan on keyword k  (cost=0.00..2626.12 rows=1 width=4) (actual time=0.689..11.796 rows=1 loops=1)
                                                   Filter: ((keyword)::text = 'character-name-in-title'::text)
                                                   Rows Removed by Filter: 134169
                                             ->  Bitmap Heap Scan on movie_keyword mk  (cost=6.75..1103.80 rows=299 width=8) (actual time=6.095..60.777 rows=41840 loops=1)
                                                   Recheck Cond: (keyword_id = k.id)
                                                   Heap Blocks: exact=11541
                                                   ->  Bitmap Index Scan on keyword_id_movie_keyword  (cost=0.00..6.67 rows=299 width=0) (actual time=4.035..4.035 rows=41840 loops=1)
                                                         Index Cond: (keyword_id = k.id)
                                       ->  Index Scan using title_pkey on title t  (cost=0.43..0.49 rows=1 width=21) (actual time=0.004..0.004 rows=0 loops=41840)
                                             Index Cond: (id = mk.movie_id)
                                             Filter: ((episode_nr >= 50) AND (episode_nr < 100))
                                             Rows Removed by Filter: 1
                                 ->  Index Scan using movie_id_movie_companies on movie_companies mc  (cost=0.43..0.54 rows=5 width=8) (actual time=0.004..0.004 rows=0 loops=146)
                                       Index Cond: (movie_id = mk.movie_id)
                           ->  Index Scan using company_name_pkey on company_name cn  (cost=0.42..0.45 rows=1 width=4) (actual time=0.006..0.006 rows=0 loops=54)
                                 Index Cond: (id = mc.company_id)
                                 Filter: ((country_code)::text = '[us]'::text)
                                 Rows Removed by Filter: 1
                     ->  Index Scan using movie_id_cast_info on cast_info ci  (cost=0.56..1.52 rows=37 width=8) (actual time=0.014..0.051 rows=13 loops=25)
                           Index Cond: (movie_id = mk.movie_id)
               ->  Index Only Scan using name_pkey on name n  (cost=0.43..0.45 rows=1 width=4) (actual time=0.008..0.008 rows=1 loops=323)
                     Index Cond: (id = ci.person_id)
                     Heap Fetches: 323
         ->  Index Scan using person_id_aka_name on aka_name an  (cost=0.42..0.46 rows=2 width=20) (actual time=0.006..0.007 rows=1 loops=323)
               Index Cond: (person_id = ci.person_id)
 Planning Time: 8.631 ms
 Execution Time: 272.178 ms
(38 rows)

SET
                                                                                      QUERY PLAN                                                                                       
---------------------------------------------------------------------------------------------------------------------------------------------------------------------------------------
 Aggregate  (cost=5116.99..5117.00 rows=1 width=64) (actual time=21586.519..21586.519 rows=1 loops=1)
   ->  Nested Loop  (cost=9.45..5102.20 rows=2957 width=33) (actual time=7.397..21036.632 rows=3710592 loops=1)
         Join Filter: (n.id = an.person_id)
         ->  Nested Loop  (cost=9.02..4515.45 rows=1206 width=25) (actual time=7.365..13451.489 rows=2832555 loops=1)
               ->  Nested Loop  (cost=8.59..3966.84 rows=1206 width=21) (actual time=7.330..4745.220 rows=2832555 loops=1)
                     Join Filter: (t.id = ci.movie_id)
                     ->  Nested Loop  (cost=8.03..3845.67 rows=61 width=29) (actual time=6.918..1138.004 rows=68316 loops=1)
                           ->  Nested Loop  (cost=7.61..3769.92 rows=170 width=33) (actual time=6.858..531.852 rows=148552 loops=1)
                                 Join Filter: (t.id = mc.movie_id)
                                 ->  Nested Loop  (cost=7.18..3749.42 rows=34 width=25) (actual time=6.804..311.447 rows=41840 loops=1)
                                       ->  Nested Loop  (cost=6.75..3732.91 rows=34 width=4) (actual time=6.787..85.993 rows=41840 loops=1)
                                             ->  Seq Scan on keyword k  (cost=0.00..2626.12 rows=1 width=4) (actual time=0.711..11.595 rows=1 loops=1)
                                                   Filter: ((keyword)::text = 'character-name-in-title'::text)
                                                   Rows Removed by Filter: 134169
                                             ->  Bitmap Heap Scan on movie_keyword mk  (cost=6.75..1103.80 rows=299 width=8) (actual time=6.072..66.874 rows=41840 loops=1)
                                                   Recheck Cond: (keyword_id = k.id)
                                                   Heap Blocks: exact=11541
                                                   ->  Bitmap Index Scan on keyword_id_movie_keyword  (cost=0.00..6.67 rows=299 width=0) (actual time=4.014..4.014 rows=41840 loops=1)
                                                         Index Cond: (keyword_id = k.id)
                                       ->  Index Scan using title_pkey on title t  (cost=0.43..0.49 rows=1 width=21) (actual time=0.005..0.005 rows=1 loops=41840)
                                             Index Cond: (id = mk.movie_id)
                                 ->  Index Scan using movie_id_movie_companies on movie_companies mc  (cost=0.43..0.54 rows=5 width=8) (actual time=0.003..0.004 rows=4 loops=41840)
                                       Index Cond: (movie_id = mk.movie_id)
                           ->  Index Scan using company_name_pkey on company_name cn  (cost=0.42..0.45 rows=1 width=4) (actual time=0.004..0.004 rows=0 loops=148552)
                                 Index Cond: (id = mc.company_id)
                                 Filter: ((country_code)::text = '[us]'::text)
                                 Rows Removed by Filter: 1
                     ->  Index Scan using movie_id_cast_info on cast_info ci  (cost=0.56..1.52 rows=37 width=8) (actual time=0.004..0.046 rows=41 loops=68316)
                           Index Cond: (movie_id = mk.movie_id)
               ->  Index Only Scan using name_pkey on name n  (cost=0.43..0.45 rows=1 width=4) (actual time=0.003..0.003 rows=1 loops=2832555)
                     Index Cond: (id = ci.person_id)
                     Heap Fetches: 2832555
         ->  Index Scan using person_id_aka_name on aka_name an  (cost=0.42..0.46 rows=2 width=20) (actual time=0.002..0.002 rows=1 loops=2832555)
               Index Cond: (person_id = ci.person_id)
 Planning Time: 8.439 ms
 Execution Time: 21586.763 ms
(36 rows)

SET
                                                                                      QUERY PLAN                                                                                       
---------------------------------------------------------------------------------------------------------------------------------------------------------------------------------------
 Aggregate  (cost=4258.35..4258.36 rows=1 width=64) (actual time=1835.322..1835.322 rows=1 loops=1)
   ->  Nested Loop  (cost=9.45..4252.86 rows=1097 width=33) (actual time=7.352..1786.561 rows=319932 loops=1)
         Join Filter: (n.id = an.person_id)
         ->  Nested Loop  (cost=9.02..4034.90 rows=448 width=25) (actual time=7.327..1193.113 rows=221609 loops=1)
               ->  Nested Loop  (cost=8.59..3831.10 rows=448 width=21) (actual time=7.292..558.596 rows=221609 loops=1)
                     Join Filter: (t.id = ci.movie_id)
                     ->  Nested Loop  (cost=8.03..3785.41 rows=23 width=29) (actual time=7.265..276.454 rows=8538 loops=1)
                           ->  Nested Loop  (cost=7.61..3757.34 rows=63 width=33) (actual time=6.898..247.315 rows=11406 loops=1)
                                 Join Filter: (t.id = mc.movie_id)
                                 ->  Nested Loop  (cost=7.18..3749.50 rows=13 width=25) (actual time=6.813..222.303 rows=6926 loops=1)
                                       ->  Nested Loop  (cost=6.75..3732.91 rows=34 width=4) (actual time=6.794..68.948 rows=41840 loops=1)
                                             ->  Seq Scan on keyword k  (cost=0.00..2626.12 rows=1 width=4) (actual time=0.665..11.760 rows=1 loops=1)
                                                   Filter: ((keyword)::text = 'character-name-in-title'::text)
                                                   Rows Removed by Filter: 134169
                                             ->  Bitmap Heap Scan on movie_keyword mk  (cost=6.75..1103.80 rows=299 width=8) (actual time=6.126..52.457 rows=41840 loops=1)
                                                   Recheck Cond: (keyword_id = k.id)
                                                   Heap Blocks: exact=11541
                                                   ->  Bitmap Index Scan on keyword_id_movie_keyword  (cost=0.00..6.67 rows=299 width=0) (actual time=4.057..4.057 rows=41840 loops=1)
                                                         Index Cond: (keyword_id = k.id)
                                       ->  Index Scan using title_pkey on title t  (cost=0.43..0.49 rows=1 width=21) (actual time=0.003..0.003 rows=0 loops=41840)
                                             Index Cond: (id = mk.movie_id)
                                             Filter: (episode_nr < 100)
                                             Rows Removed by Filter: 1
                                 ->  Index Scan using movie_id_movie_companies on movie_companies mc  (cost=0.43..0.54 rows=5 width=8) (actual time=0.002..0.003 rows=2 loops=6926)
                                       Index Cond: (movie_id = mk.movie_id)
                           ->  Index Scan using company_name_pkey on company_name cn  (cost=0.42..0.45 rows=1 width=4) (actual time=0.002..0.002 rows=1 loops=11406)
                                 Index Cond: (id = mc.company_id)
                                 Filter: ((country_code)::text = '[us]'::text)
                                 Rows Removed by Filter: 0
                     ->  Index Scan using movie_id_cast_info on cast_info ci  (cost=0.56..1.52 rows=37 width=8) (actual time=0.004..0.029 rows=26 loops=8538)
                           Index Cond: (movie_id = mk.movie_id)
               ->  Index Only Scan using name_pkey on name n  (cost=0.43..0.45 rows=1 width=4) (actual time=0.003..0.003 rows=1 loops=221609)
                     Index Cond: (id = ci.person_id)
                     Heap Fetches: 221609
         ->  Index Scan using person_id_aka_name on aka_name an  (cost=0.42..0.46 rows=2 width=20) (actual time=0.002..0.002 rows=1 loops=221609)
               Index Cond: (person_id = ci.person_id)
 Planning Time: 8.412 ms
 Execution Time: 1835.570 ms
(38 rows)

SET
                                                                                      QUERY PLAN                                                                                       
---------------------------------------------------------------------------------------------------------------------------------------------------------------------------------------
 Aggregate  (cost=4117.25..4117.26 rows=1 width=64) (actual time=1493.341..1493.341 rows=1 loops=1)
   ->  Nested Loop  (cost=9.45..4113.26 rows=798 width=33) (actual time=7.223..1455.774 rows=249455 loops=1)
         Join Filter: (n.id = an.person_id)
         ->  Nested Loop  (cost=9.02..3955.14 rows=325 width=25) (actual time=7.193..987.458 rows=169273 loops=1)
               ->  Nested Loop  (cost=8.59..3807.29 rows=325 width=21) (actual time=7.159..490.514 rows=169273 loops=1)
                     Join Filter: (t.id = ci.movie_id)
                     ->  Nested Loop  (cost=8.03..3775.51 rows=16 width=29) (actual time=7.133..267.353 rows=6766 loops=1)
                           ->  Nested Loop  (cost=7.61..3755.01 rows=46 width=33) (actual time=6.771..244.482 rows=8661 loops=1)
                                 Join Filter: (t.id = mc.movie_id)
                                 ->  Nested Loop  (cost=7.18..3749.59 rows=9 width=25) (actual time=6.684..224.146 rows=5385 loops=1)
                                       ->  Nested Loop  (cost=6.75..3732.91 rows=34 width=4) (actual time=6.666..68.984 rows=41840 loops=1)
                                             ->  Seq Scan on keyword k  (cost=0.00..2626.12 rows=1 width=4) (actual time=0.674..11.652 rows=1 loops=1)
                                                   Filter: ((keyword)::text = 'character-name-in-title'::text)
                                                   Rows Removed by Filter: 134169
                                             ->  Bitmap Heap Scan on movie_keyword mk  (cost=6.75..1103.80 rows=299 width=8) (actual time=5.989..52.717 rows=41840 loops=1)
                                                   Recheck Cond: (keyword_id = k.id)
                                                   Heap Blocks: exact=11541
                                                   ->  Bitmap Index Scan on keyword_id_movie_keyword  (cost=0.00..6.67 rows=299 width=0) (actual time=3.951..3.952 rows=41840 loops=1)
                                                         Index Cond: (keyword_id = k.id)
                                       ->  Index Scan using title_pkey on title t  (cost=0.43..0.49 rows=1 width=21) (actual time=0.004..0.004 rows=0 loops=41840)
                                             Index Cond: (id = mk.movie_id)
                                             Filter: ((episode_nr >= 5) AND (episode_nr < 100))
                                             Rows Removed by Filter: 1
                                 ->  Index Scan using movie_id_movie_companies on movie_companies mc  (cost=0.43..0.54 rows=5 width=8) (actual time=0.002..0.003 rows=2 loops=5385)
                                       Index Cond: (movie_id = mk.movie_id)
                           ->  Index Scan using company_name_pkey on company_name cn  (cost=0.42..0.45 rows=1 width=4) (actual time=0.002..0.002 rows=1 loops=8661)
                                 Index Cond: (id = mc.company_id)
                                 Filter: ((country_code)::text = '[us]'::text)
                                 Rows Removed by Filter: 0
                     ->  Index Scan using movie_id_cast_info on cast_info ci  (cost=0.56..1.52 rows=37 width=8) (actual time=0.004..0.029 rows=25 loops=6766)
                           Index Cond: (movie_id = mk.movie_id)
               ->  Index Only Scan using name_pkey on name n  (cost=0.43..0.45 rows=1 width=4) (actual time=0.003..0.003 rows=1 loops=169273)
                     Index Cond: (id = ci.person_id)
                     Heap Fetches: 169273
         ->  Index Scan using person_id_aka_name on aka_name an  (cost=0.42..0.46 rows=2 width=20) (actual time=0.002..0.002 rows=1 loops=169273)
               Index Cond: (person_id = ci.person_id)
 Planning Time: 8.349 ms
 Execution Time: 1493.590 ms
(38 rows)

SET
                                                                                   QUERY PLAN                                                                                    
---------------------------------------------------------------------------------------------------------------------------------------------------------------------------------
 Aggregate  (cost=4518.95..4518.96 rows=1 width=64) (actual time=12754.197..12754.197 rows=1 loops=1)
   ->  Nested Loop  (cost=9.02..4518.46 rows=97 width=15) (actual time=7.280..12719.960 rows=258289 loops=1)
         ->  Nested Loop  (cost=8.59..3966.84 rows=1206 width=4) (actual time=7.216..4471.193 rows=2832555 loops=1)
               Join Filter: (t.id = ci.movie_id)
               ->  Nested Loop  (cost=8.03..3845.67 rows=61 width=12) (actual time=6.829..1052.827 rows=68316 loops=1)
                     ->  Nested Loop  (cost=7.61..3769.92 rows=170 width=16) (actual time=6.766..500.893 rows=148552 loops=1)
                           Join Filter: (t.id = mc.movie_id)
                           ->  Nested Loop  (cost=7.18..3749.42 rows=34 width=8) (actual time=6.712..291.932 rows=41840 loops=1)
                                 ->  Nested Loop  (cost=6.75..3732.91 rows=34 width=4) (actual time=6.695..81.413 rows=41840 loops=1)
                                       ->  Seq Scan on keyword k  (cost=0.00..2626.12 rows=1 width=4) (actual time=0.646..11.567 rows=1 loops=1)
                                             Filter: ((keyword)::text = 'character-name-in-title'::text)
                                             Rows Removed by Filter: 134169
                                       ->  Bitmap Heap Scan on movie_keyword mk  (cost=6.75..1103.80 rows=299 width=8) (actual time=6.044..63.036 rows=41840 loops=1)
                                             Recheck Cond: (keyword_id = k.id)
                                             Heap Blocks: exact=11541
                                             ->  Bitmap Index Scan on keyword_id_movie_keyword  (cost=0.00..6.67 rows=299 width=0) (actual time=3.973..3.973 rows=41840 loops=1)
                                                   Index Cond: (keyword_id = k.id)
                                 ->  Index Only Scan using title_pkey on title t  (cost=0.43..0.49 rows=1 width=4) (actual time=0.005..0.005 rows=1 loops=41840)
                                       Index Cond: (id = mk.movie_id)
                                       Heap Fetches: 41840
                           ->  Index Scan using movie_id_movie_companies on movie_companies mc  (cost=0.43..0.54 rows=5 width=8) (actual time=0.003..0.004 rows=4 loops=41840)
                                 Index Cond: (movie_id = mk.movie_id)
                     ->  Index Scan using company_name_pkey on company_name cn  (cost=0.42..0.45 rows=1 width=4) (actual time=0.003..0.003 rows=0 loops=148552)
                           Index Cond: (id = mc.company_id)
                           Filter: ((country_code)::text = '[us]'::text)
                           Rows Removed by Filter: 1
               ->  Index Scan using movie_id_cast_info on cast_info ci  (cost=0.56..1.52 rows=37 width=8) (actual time=0.004..0.044 rows=41 loops=68316)
                     Index Cond: (movie_id = mk.movie_id)
         ->  Index Scan using name_pkey on name n  (cost=0.43..0.46 rows=1 width=19) (actual time=0.003..0.003 rows=0 loops=2832555)
               Index Cond: (id = ci.person_id)
               Filter: ((name)::text ~~ 'B%'::text)
               Rows Removed by Filter: 1
 Planning Time: 5.262 ms
 Execution Time: 12754.431 ms
(34 rows)

SET
                                                                                   QUERY PLAN                                                                                    
---------------------------------------------------------------------------------------------------------------------------------------------------------------------------------
 Aggregate  (cost=4395.31..4395.32 rows=1 width=64) (actual time=9231.215..9231.215 rows=1 loops=1)
   ->  Nested Loop  (cost=9.02..4395.14 rows=33 width=15) (actual time=13.646..9223.907 rows=52306 loops=1)
         ->  Nested Loop  (cost=8.60..4380.52 rows=33 width=19) (actual time=13.630..9036.488 rows=52306 loops=1)
               ->  Nested Loop  (cost=8.17..4373.10 rows=13 width=27) (actual time=13.608..8977.378 rows=6642 loops=1)
                     ->  Nested Loop  (cost=7.74..4367.22 rows=13 width=23) (actual time=13.587..8935.684 rows=6642 loops=1)
                           ->  Nested Loop  (cost=7.31..3797.31 rows=1246 width=12) (actual time=6.842..3135.538 rows=1038393 loops=1)
                                 ->  Nested Loop  (cost=6.75..3732.91 rows=34 width=4) (actual time=6.816..80.121 rows=41840 loops=1)
                                       ->  Seq Scan on keyword k  (cost=0.00..2626.12 rows=1 width=4) (actual time=0.673..11.629 rows=1 loops=1)
                                             Filter: ((keyword)::text = 'character-name-in-title'::text)
                                             Rows Removed by Filter: 134169
                                       ->  Bitmap Heap Scan on movie_keyword mk  (cost=6.75..1103.80 rows=299 width=8) (actual time=6.139..61.014 rows=41840 loops=1)
                                             Recheck Cond: (keyword_id = k.id)
                                             Heap Blocks: exact=11541
                                             ->  Bitmap Index Scan on keyword_id_movie_keyword  (cost=0.00..6.67 rows=299 width=0) (actual time=4.078..4.078 rows=41840 loops=1)
                                                   Index Cond: (keyword_id = k.id)
                                 ->  Index Scan using movie_id_cast_info on cast_info ci  (cost=0.56..1.52 rows=37 width=8) (actual time=0.006..0.069 rows=25 loops=41840)
                                       Index Cond: (movie_id = mk.movie_id)
                           ->  Index Scan using name_pkey on name n  (cost=0.43..0.46 rows=1 width=19) (actual time=0.005..0.005 rows=0 loops=1038393)
                                 Index Cond: (id = ci.person_id)
                                 Filter: ((name)::text ~~ 'Z%'::text)
                                 Rows Removed by Filter: 1
                     ->  Index Only Scan using title_pkey on title t  (cost=0.43..0.45 rows=1 width=4) (actual time=0.006..0.006 rows=1 loops=6642)
                           Index Cond: (id = ci.movie_id)
                           Heap Fetches: 6642
               ->  Index Scan using movie_id_movie_companies on movie_companies mc  (cost=0.43..0.52 rows=5 width=8) (actual time=0.005..0.008 rows=8 loops=6642)
                     Index Cond: (movie_id = ci.movie_id)
         ->  Index Only Scan using company_name_pkey on company_name cn  (cost=0.42..0.44 rows=1 width=4) (actual time=0.003..0.003 rows=1 loops=52306)
               Index Cond: (id = mc.company_id)
               Heap Fetches: 52306
 Planning Time: 5.282 ms
 Execution Time: 9231.440 ms
(31 rows)

SET
                                                                                   QUERY PLAN                                                                                    
---------------------------------------------------------------------------------------------------------------------------------------------------------------------------------
 Aggregate  (cost=4368.70..4368.71 rows=1 width=64) (actual time=8804.234..8804.234 rows=1 loops=1)
   ->  Nested Loop  (cost=9.02..4368.69 rows=1 width=15) (actual time=94.541..8803.810 rows=1918 loops=1)
         ->  Nested Loop  (cost=8.59..4368.24 rows=1 width=27) (actual time=94.519..8798.591 rows=1918 loops=1)
               ->  Nested Loop  (cost=8.17..4367.80 rows=1 width=31) (actual time=94.498..8787.652 rows=1918 loops=1)
                     ->  Nested Loop  (cost=7.74..4367.23 rows=1 width=23) (actual time=94.482..8783.998 rows=250 loops=1)
                           ->  Nested Loop  (cost=7.31..3797.31 rows=1246 width=12) (actual time=6.672..3084.046 rows=1038393 loops=1)
                                 ->  Nested Loop  (cost=6.75..3732.91 rows=34 width=4) (actual time=6.646..78.525 rows=41840 loops=1)
                                       ->  Seq Scan on keyword k  (cost=0.00..2626.12 rows=1 width=4) (actual time=0.654..11.594 rows=1 loops=1)
                                             Filter: ((keyword)::text = 'character-name-in-title'::text)
                                             Rows Removed by Filter: 134169
                                       ->  Bitmap Heap Scan on movie_keyword mk  (cost=6.75..1103.80 rows=299 width=8) (actual time=5.988..59.446 rows=41840 loops=1)
                                             Recheck Cond: (keyword_id = k.id)
                                             Heap Blocks: exact=11541
                                             ->  Bitmap Index Scan on keyword_id_movie_keyword  (cost=0.00..6.67 rows=299 width=0) (actual time=3.944..3.944 rows=41840 loops=1)
                                                   Index Cond: (keyword_id = k.id)
                                 ->  Index Scan using movie_id_cast_info on cast_info ci  (cost=0.56..1.52 rows=37 width=8) (actual time=0.006..0.068 rows=25 loops=41840)
                                       Index Cond: (movie_id = mk.movie_id)
                           ->  Index Scan using name_pkey on name n  (cost=0.43..0.46 rows=1 width=19) (actual time=0.005..0.005 rows=0 loops=1038393)
                                 Index Cond: (id = ci.person_id)
                                 Filter: ((name)::text ~~ 'X%'::text)
                                 Rows Removed by Filter: 1
                     ->  Index Scan using movie_id_movie_companies on movie_companies mc  (cost=0.43..0.52 rows=5 width=8) (actual time=0.009..0.013 rows=8 loops=250)
                           Index Cond: (movie_id = ci.movie_id)
               ->  Index Only Scan using company_name_pkey on company_name cn  (cost=0.42..0.44 rows=1 width=4) (actual time=0.005..0.005 rows=1 loops=1918)
                     Index Cond: (id = mc.company_id)
                     Heap Fetches: 1918
         ->  Index Only Scan using title_pkey on title t  (cost=0.43..0.45 rows=1 width=4) (actual time=0.002..0.002 rows=1 loops=1918)
               Index Cond: (id = ci.movie_id)
               Heap Fetches: 1918
 Planning Time: 5.265 ms
 Execution Time: 8804.459 ms
(31 rows)

SET
                                                                                   QUERY PLAN                                                                                    
---------------------------------------------------------------------------------------------------------------------------------------------------------------------------------
 Aggregate  (cost=4368.69..4368.70 rows=1 width=32) (actual time=9051.196..9051.197 rows=1 loops=1)
   ->  Nested Loop  (cost=9.02..4368.69 rows=1 width=15) (actual time=59.261..9049.234 rows=11538 loops=1)
         ->  Nested Loop  (cost=8.59..4368.24 rows=1 width=27) (actual time=59.233..9018.475 rows=11538 loops=1)
               ->  Nested Loop  (cost=8.17..4367.80 rows=1 width=31) (actual time=59.212..8961.200 rows=11538 loops=1)
                     ->  Nested Loop  (cost=7.74..4367.23 rows=1 width=23) (actual time=59.191..8940.623 rows=1972 loops=1)
                           ->  Nested Loop  (cost=7.31..3797.31 rows=1246 width=12) (actual time=6.649..3117.831 rows=1038393 loops=1)
                                 ->  Nested Loop  (cost=6.75..3732.91 rows=34 width=4) (actual time=6.622..79.078 rows=41840 loops=1)
                                       ->  Seq Scan on keyword k  (cost=0.00..2626.12 rows=1 width=4) (actual time=0.652..11.477 rows=1 loops=1)
                                             Filter: ((keyword)::text = 'character-name-in-title'::text)
                                             Rows Removed by Filter: 134169
                                       ->  Bitmap Heap Scan on movie_keyword mk  (cost=6.75..1103.80 rows=299 width=8) (actual time=5.968..60.434 rows=41840 loops=1)
                                             Recheck Cond: (keyword_id = k.id)
                                             Heap Blocks: exact=11541
                                             ->  Bitmap Index Scan on keyword_id_movie_keyword  (cost=0.00..6.67 rows=299 width=0) (actual time=3.925..3.925 rows=41840 loops=1)
                                                   Index Cond: (keyword_id = k.id)
                                 ->  Index Scan using movie_id_cast_info on cast_info ci  (cost=0.56..1.52 rows=37 width=8) (actual time=0.006..0.069 rows=25 loops=41840)
                                       Index Cond: (movie_id = mk.movie_id)
                           ->  Index Scan using name_pkey on name n  (cost=0.43..0.46 rows=1 width=19) (actual time=0.005..0.005 rows=0 loops=1038393)
                                 Index Cond: (id = ci.person_id)
                                 Filter: ((name)::text ~~ '%Bert%'::text)
                                 Rows Removed by Filter: 1
                     ->  Index Scan using movie_id_movie_companies on movie_companies mc  (cost=0.43..0.52 rows=5 width=8) (actual time=0.006..0.009 rows=6 loops=1972)
                           Index Cond: (movie_id = ci.movie_id)
               ->  Index Only Scan using company_name_pkey on company_name cn  (cost=0.42..0.44 rows=1 width=4) (actual time=0.005..0.005 rows=1 loops=11538)
                     Index Cond: (id = mc.company_id)
                     Heap Fetches: 11538
         ->  Index Only Scan using title_pkey on title t  (cost=0.43..0.45 rows=1 width=4) (actual time=0.002..0.002 rows=1 loops=11538)
               Index Cond: (id = ci.movie_id)
               Heap Fetches: 11538
 Planning Time: 5.295 ms
 Execution Time: 9051.423 ms
(31 rows)

SET
                                                                                   QUERY PLAN                                                                                    
---------------------------------------------------------------------------------------------------------------------------------------------------------------------------------
 Aggregate  (cost=4518.46..4518.47 rows=1 width=32) (actual time=12758.265..12758.266 rows=1 loops=1)
   ->  Nested Loop  (cost=9.02..4515.45 rows=1206 width=15) (actual time=7.118..12434.089 rows=2832555 loops=1)
         ->  Nested Loop  (cost=8.59..3966.84 rows=1206 width=4) (actual time=7.088..4517.573 rows=2832555 loops=1)
               Join Filter: (t.id = ci.movie_id)
               ->  Nested Loop  (cost=8.03..3845.67 rows=61 width=12) (actual time=6.714..1040.945 rows=68316 loops=1)
                     ->  Nested Loop  (cost=7.61..3769.92 rows=170 width=16) (actual time=6.657..495.954 rows=148552 loops=1)
                           Join Filter: (t.id = mc.movie_id)
                           ->  Nested Loop  (cost=7.18..3749.42 rows=34 width=8) (actual time=6.613..289.497 rows=41840 loops=1)
                                 ->  Nested Loop  (cost=6.75..3732.91 rows=34 width=4) (actual time=6.595..80.855 rows=41840 loops=1)
                                       ->  Seq Scan on keyword k  (cost=0.00..2626.12 rows=1 width=4) (actual time=0.644..11.581 rows=1 loops=1)
                                             Filter: ((keyword)::text = 'character-name-in-title'::text)
                                             Rows Removed by Filter: 134169
                                       ->  Bitmap Heap Scan on movie_keyword mk  (cost=6.75..1103.80 rows=299 width=8) (actual time=5.948..62.420 rows=41840 loops=1)
                                             Recheck Cond: (keyword_id = k.id)
                                             Heap Blocks: exact=11541
                                             ->  Bitmap Index Scan on keyword_id_movie_keyword  (cost=0.00..6.67 rows=299 width=0) (actual time=3.911..3.911 rows=41840 loops=1)
                                                   Index Cond: (keyword_id = k.id)
                                 ->  Index Only Scan using title_pkey on title t  (cost=0.43..0.49 rows=1 width=4) (actual time=0.005..0.005 rows=1 loops=41840)
                                       Index Cond: (id = mk.movie_id)
                                       Heap Fetches: 41840
                           ->  Index Scan using movie_id_movie_companies on movie_companies mc  (cost=0.43..0.54 rows=5 width=8) (actual time=0.003..0.004 rows=4 loops=41840)
                                 Index Cond: (movie_id = mk.movie_id)
                     ->  Index Scan using company_name_pkey on company_name cn  (cost=0.42..0.45 rows=1 width=4) (actual time=0.003..0.003 rows=0 loops=148552)
                           Index Cond: (id = mc.company_id)
                           Filter: ((country_code)::text = '[us]'::text)
                           Rows Removed by Filter: 1
               ->  Index Scan using movie_id_cast_info on cast_info ci  (cost=0.56..1.52 rows=37 width=8) (actual time=0.004..0.044 rows=41 loops=68316)
                     Index Cond: (movie_id = mk.movie_id)
         ->  Index Scan using name_pkey on name n  (cost=0.43..0.45 rows=1 width=19) (actual time=0.003..0.003 rows=1 loops=2832555)
               Index Cond: (id = ci.person_id)
 Planning Time: 5.219 ms
 Execution Time: 12758.497 ms
(32 rows)

SET
                                                                                   QUERY PLAN                                                                                    
---------------------------------------------------------------------------------------------------------------------------------------------------------------------------------
 Aggregate  (cost=4629.56..4629.57 rows=1 width=32) (actual time=12148.660..12148.660 rows=1 loops=1)
   ->  Nested Loop  (cost=9.02..4628.64 rows=368 width=15) (actual time=8.585..12034.622 rows=1113120 loops=1)
         ->  Nested Loop  (cost=8.60..4465.59 rows=368 width=19) (actual time=8.561..10095.139 rows=1113120 loops=1)
               ->  Nested Loop  (cost=8.17..4386.88 rows=138 width=27) (actual time=6.828..9450.027 rows=149494 loops=1)
                     ->  Nested Loop  (cost=7.74..3816.96 rows=1246 width=16) (actual time=6.799..3462.265 rows=1038393 loops=1)
                           Join Filter: (t.id = ci.movie_id)
                           ->  Nested Loop  (cost=7.18..3749.42 rows=34 width=8) (actual time=6.774..293.612 rows=41840 loops=1)
                                 ->  Nested Loop  (cost=6.75..3732.91 rows=34 width=4) (actual time=6.756..81.987 rows=41840 loops=1)
                                       ->  Seq Scan on keyword k  (cost=0.00..2626.12 rows=1 width=4) (actual time=0.670..11.692 rows=1 loops=1)
                                             Filter: ((keyword)::text = 'character-name-in-title'::text)
                                             Rows Removed by Filter: 134169
                                       ->  Bitmap Heap Scan on movie_keyword mk  (cost=6.75..1103.80 rows=299 width=8) (actual time=6.082..62.732 rows=41840 loops=1)
                                             Recheck Cond: (keyword_id = k.id)
                                             Heap Blocks: exact=11541
                                             ->  Bitmap Index Scan on keyword_id_movie_keyword  (cost=0.00..6.67 rows=299 width=0) (actual time=4.019..4.019 rows=41840 loops=1)
                                                   Index Cond: (keyword_id = k.id)
                                 ->  Index Only Scan using title_pkey on title t  (cost=0.43..0.49 rows=1 width=4) (actual time=0.005..0.005 rows=1 loops=41840)
                                       Index Cond: (id = mk.movie_id)
                                       Heap Fetches: 41840
                           ->  Index Scan using movie_id_cast_info on cast_info ci  (cost=0.56..1.52 rows=37 width=8) (actual time=0.006..0.071 rows=25 loops=41840)
                                 Index Cond: (movie_id = mk.movie_id)
                     ->  Index Scan using name_pkey on name n  (cost=0.43..0.46 rows=1 width=19) (actual time=0.006..0.006 rows=0 loops=1038393)
                           Index Cond: (id = ci.person_id)
                           Filter: ((name)::text ~~ '%B%'::text)
                           Rows Removed by Filter: 1
               ->  Index Scan using movie_id_movie_companies on movie_companies mc  (cost=0.43..0.52 rows=5 width=8) (actual time=0.002..0.003 rows=7 loops=149494)
                     Index Cond: (movie_id = ci.movie_id)
         ->  Index Only Scan using company_name_pkey on company_name cn  (cost=0.42..0.44 rows=1 width=4) (actual time=0.001..0.001 rows=1 loops=1113120)
               Index Cond: (id = mc.company_id)
               Heap Fetches: 1113120
 Planning Time: 5.269 ms
 Execution Time: 12148.897 ms
(32 rows)

SET
                                                                                       QUERY PLAN                                                                                       
----------------------------------------------------------------------------------------------------------------------------------------------------------------------------------------
 Aggregate  (cost=111123.79..111123.80 rows=1 width=96) (actual time=4604.567..4604.568 rows=1 loops=1)
   ->  Nested Loop  (cost=1006.71..111123.78 rows=1 width=65) (actual time=260.076..4604.249 rows=410 loops=1)
         ->  Gather  (cost=1006.28..111123.32 rows=1 width=60) (actual time=260.038..4614.679 rows=410 loops=1)
               Workers Planned: 2
               Workers Launched: 2
               ->  Nested Loop  (cost=6.28..110123.22 rows=1 width=60) (actual time=148.033..4600.153 rows=137 loops=3)
                     ->  Nested Loop  (cost=5.85..108160.12 rows=3320 width=64) (actual time=1.152..4261.195 rows=35780 loops=3)
                           ->  Hash Join  (cost=5.29..74077.91 rows=1448 width=56) (actual time=0.537..1902.575 rows=15144 loops=3)
                                 Hash Cond: (mi.info_type_id = it1.id)
                                 ->  Nested Loop  (cost=2.86..73629.77 rows=163660 width=60) (actual time=0.095..1754.108 rows=2310111 loops=3)
                                       ->  Hash Join  (cost=2.43..15253.60 rows=5089 width=10) (actual time=0.047..116.190 rows=153308 loops=3)
                                             Hash Cond: (mi_idx.info_type_id = it2.id)
                                             ->  Parallel Seq Scan on movie_info_idx mi_idx  (cost=0.00..13685.15 rows=575015 width=14) (actual time=0.017..44.818 rows=460012 loops=3)
                                             ->  Hash  (cost=2.41..2.41 rows=1 width=4) (actual time=0.013..0.013 rows=1 loops=3)
                                                   Buckets: 1024  Batches: 1  Memory Usage: 9kB
                                                   ->  Seq Scan on info_type it2  (cost=0.00..2.41 rows=1 width=4) (actual time=0.009..0.010 rows=1 loops=3)
                                                         Filter: ((info)::text = 'votes'::text)
                                                         Rows Removed by Filter: 112
                                       ->  Index Scan using movie_id_movie_info on movie_info mi  (cost=0.43..11.05 rows=42 width=50) (actual time=0.003..0.009 rows=15 loops=459925)
                                             Index Cond: (movie_id = mi_idx.movie_id)
                                 ->  Hash  (cost=2.41..2.41 rows=1 width=4) (actual time=0.023..0.023 rows=1 loops=3)
                                       Buckets: 1024  Batches: 1  Memory Usage: 9kB
                                       ->  Seq Scan on info_type it1  (cost=0.00..2.41 rows=1 width=4) (actual time=0.018..0.019 rows=1 loops=3)
                                             Filter: ((info)::text = 'budget'::text)
                                             Rows Removed by Filter: 112
                           ->  Index Scan using movie_id_cast_info on cast_info ci  (cost=0.56..23.52 rows=2 width=8) (actual time=0.091..0.155 rows=2 loops=45431)
                                 Index Cond: (movie_id = mi.movie_id)
                                 Filter: ((note)::text = ANY ('{(producer),"(executive producer)"}'::text[]))
                                 Rows Removed by Filter: 38
                     ->  Index Scan using name_pkey on name n  (cost=0.43..0.59 rows=1 width=4) (actual time=0.009..0.009 rows=0 loops=107339)
                           Index Cond: (id = ci.person_id)
                           Filter: (((name)::text ~~ '%Tim%'::text) AND ((gender)::text = 'm'::text))
                           Rows Removed by Filter: 1
         ->  Index Scan using title_pkey on title t  (cost=0.43..0.46 rows=1 width=21) (actual time=0.010..0.010 rows=1 loops=410)
               Index Cond: (id = mi.movie_id)
 Planning Time: 4.953 ms
 Execution Time: 4619.632 ms
(37 rows)

SET
                                                                                      QUERY PLAN                                                                                      
--------------------------------------------------------------------------------------------------------------------------------------------------------------------------------------
 Aggregate  (cost=17505.24..17505.25 rows=1 width=96) (actual time=192.155..192.155 rows=1 loops=1)
   ->  Nested Loop  (cost=1004.43..17505.23 rows=1 width=65) (actual time=102.208..192.133 rows=11 loops=1)
         ->  Nested Loop  (cost=1004.00..17504.55 rows=1 width=69) (actual time=34.112..189.141 rows=268 loops=1)
               ->  Gather  (cost=1003.43..17479.79 rows=1 width=77) (actual time=13.151..140.919 rows=358 loops=1)
                     Workers Planned: 2
                     Workers Launched: 2
                     ->  Nested Loop  (cost=3.43..16479.69 rows=1 width=77) (actual time=25.810..170.214 rows=119 loops=3)
                           ->  Nested Loop  (cost=3.29..16478.37 rows=8 width=81) (actual time=25.802..169.998 rows=119 loops=3)
                                 ->  Nested Loop  (cost=2.86..15808.49 rows=58 width=31) (actual time=0.809..106.194 rows=2051 loops=3)
                                       ->  Hash Join  (cost=2.43..15182.64 rows=187 width=10) (actual time=0.116..56.262 rows=5283 loops=3)
                                             Hash Cond: (mi_idx.info_type_id = it2.id)
                                             ->  Parallel Seq Scan on movie_info_idx mi_idx  (cost=0.00..15122.68 rows=21125 width=14) (actual time=0.030..54.200 rows=17543 loops=3)
                                                   Filter: ((info)::text > '8.0'::text)
                                                   Rows Removed by Filter: 442469
                                             ->  Hash  (cost=2.41..2.41 rows=1 width=4) (actual time=0.022..0.023 rows=1 loops=3)
                                                   Buckets: 1024  Batches: 1  Memory Usage: 9kB
                                                   ->  Seq Scan on info_type it2  (cost=0.00..2.41 rows=1 width=4) (actual time=0.016..0.018 rows=1 loops=3)
                                                         Filter: ((info)::text = 'rating'::text)
                                                         Rows Removed by Filter: 112
                                       ->  Index Scan using title_pkey on title t  (cost=0.43..3.35 rows=1 width=21) (actual time=0.009..0.009 rows=0 loops=15849)
                                             Index Cond: (id = mi_idx.movie_id)
                                             Filter: ((production_year >= 2008) AND (production_year <= 2014))
                                             Rows Removed by Filter: 1
                                 ->  Index Scan using movie_id_movie_info on movie_info mi  (cost=0.43..11.54 rows=1 width=50) (actual time=0.031..0.031 rows=0 loops=6152)
                                       Index Cond: (movie_id = t.id)
                                       Filter: ((note IS NULL) AND ((info)::text = ANY ('{Horror,Thriller}'::text[])))
                                       Rows Removed by Filter: 18
                           ->  Index Scan using info_type_pkey on info_type it1  (cost=0.14..0.16 rows=1 width=4) (actual time=0.001..0.001 rows=1 loops=358)
                                 Index Cond: (id = mi.info_type_id)
                                 Filter: ((info)::text = 'genres'::text)
               ->  Index Scan using movie_id_cast_info on cast_info ci  (cost=0.56..24.75 rows=1 width=8) (actual time=0.115..0.148 rows=1 loops=358)
                     Index Cond: (movie_id = t.id)
                     Filter: ((note)::text = ANY ('{(writer),"(head writer)","(written by)",(story),"(story editor)"}'::text[]))
                     Rows Removed by Filter: 34
         ->  Index Scan using name_pkey on name n  (cost=0.43..0.68 rows=1 width=4) (actual time=0.011..0.011 rows=0 loops=268)
               Index Cond: (id = ci.person_id)
               Filter: ((gender IS NOT NULL) AND ((gender)::text = 'f'::text))
               Rows Removed by Filter: 1
 Planning Time: 4.841 ms
 Execution Time: 197.187 ms
(40 rows)

SET
                                                                                          QUERY PLAN                                                                                          
----------------------------------------------------------------------------------------------------------------------------------------------------------------------------------------------
 Finalize Aggregate  (cost=74638.17..74638.18 rows=1 width=96) (actual time=5890.213..5890.213 rows=1 loops=1)
   ->  Gather  (cost=74637.94..74638.15 rows=2 width=96) (actual time=5890.202..5894.397 rows=3 loops=1)
         Workers Planned: 2
         Workers Launched: 2
         ->  Partial Aggregate  (cost=73637.94..73637.95 rows=1 width=96) (actual time=5887.130..5887.131 rows=1 loops=3)
               ->  Nested Loop  (cost=6.71..73637.87 rows=10 width=65) (actual time=17.260..5883.120 rows=9358 loops=3)
                     ->  Nested Loop  (cost=6.28..73620.90 rows=25 width=69) (actual time=11.359..5732.759 rows=18052 loops=3)
                           ->  Nested Loop  (cost=5.72..73165.64 rows=19 width=77) (actual time=0.608..2022.133 rows=34172 loops=3)
                                 Join Filter: (mi.movie_id = t.id)
                                 ->  Hash Join  (cost=5.29..73154.54 rows=19 width=56) (actual time=0.571..1843.886 rows=34172 loops=3)
                                       Hash Cond: (mi.info_type_id = it1.id)
                                       ->  Nested Loop  (cost=2.86..73146.32 rows=2128 width=60) (actual time=0.476..1834.868 rows=34964 loops=3)
                                             ->  Hash Join  (cost=2.43..15253.60 rows=5089 width=10) (actual time=0.052..117.802 rows=153308 loops=3)
                                                   Hash Cond: (mi_idx.info_type_id = it2.id)
                                                   ->  Parallel Seq Scan on movie_info_idx mi_idx  (cost=0.00..13685.15 rows=575015 width=14) (actual time=0.023..45.616 rows=460012 loops=3)
                                                   ->  Hash  (cost=2.41..2.41 rows=1 width=4) (actual time=0.013..0.013 rows=1 loops=3)
                                                         Buckets: 1024  Batches: 1  Memory Usage: 9kB
                                                         ->  Seq Scan on info_type it2  (cost=0.00..2.41 rows=1 width=4) (actual time=0.009..0.010 rows=1 loops=3)
                                                               Filter: ((info)::text = 'votes'::text)
                                                               Rows Removed by Filter: 112
                                             ->  Index Scan using movie_id_movie_info on movie_info mi  (cost=0.43..11.37 rows=1 width=50) (actual time=0.011..0.011 rows=0 loops=459925)
                                                   Index Cond: (movie_id = mi_idx.movie_id)
                                                   Filter: ((info)::text = ANY ('{Horror,Action,Sci-Fi,Thriller,Crime,War}'::text[]))
                                                   Rows Removed by Filter: 15
                                       ->  Hash  (cost=2.41..2.41 rows=1 width=4) (actual time=0.027..0.028 rows=1 loops=3)
                                             Buckets: 1024  Batches: 1  Memory Usage: 9kB
                                             ->  Seq Scan on info_type it1  (cost=0.00..2.41 rows=1 width=4) (actual time=0.016..0.023 rows=1 loops=3)
                                                   Filter: ((info)::text = 'genres'::text)
                                                   Rows Removed by Filter: 112
                                 ->  Index Scan using title_pkey on title t  (cost=0.43..0.57 rows=1 width=21) (actual time=0.005..0.005 rows=1 loops=102516)
                                       Index Cond: (id = mi_idx.movie_id)
                           ->  Index Scan using movie_id_cast_info on cast_info ci  (cost=0.56..23.95 rows=1 width=8) (actual time=0.092..0.108 rows=1 loops=102516)
                                 Index Cond: (movie_id = t.id)
                                 Filter: ((note)::text = ANY ('{(writer),"(head writer)","(written by)",(story),"(story editor)"}'::text[]))
                                 Rows Removed by Filter: 39
                     ->  Index Scan using name_pkey on name n  (cost=0.43..0.68 rows=1 width=4) (actual time=0.008..0.008 rows=1 loops=54155)
                           Index Cond: (id = ci.person_id)
                           Filter: ((gender)::text = 'm'::text)
                           Rows Removed by Filter: 0
 Planning Time: 4.861 ms
 Execution Time: 5894.603 ms
(41 rows)

SET
                                                                                                QUERY PLAN                                                                                                 
-----------------------------------------------------------------------------------------------------------------------------------------------------------------------------------------------------------
 Aggregate  (cost=85372.10..85372.11 rows=1 width=64) (actual time=277.056..277.056 rows=1 loops=1)
   ->  Nested Loop  (cost=1004.44..85372.09 rows=1 width=32) (actual time=111.431..277.009 rows=184 loops=1)
         ->  Nested Loop  (cost=1004.30..85371.91 rows=1 width=36) (actual time=111.420..276.769 rows=184 loops=1)
               Join Filter: (t.id = mi.movie_id)
               ->  Nested Loop  (cost=1003.86..85344.51 rows=1 width=44) (actual time=111.367..270.735 rows=77 loops=1)
                     ->  Nested Loop  (cost=1003.44..85343.31 rows=1 width=48) (actual time=111.340..270.207 rows=79 loops=1)
                           Join Filter: (t.id = mc.movie_id)
                           ->  Nested Loop  (cost=1003.01..85340.60 rows=1 width=40) (actual time=111.059..268.913 rows=102 loops=1)
                                 ->  Gather  (cost=1002.58..85339.18 rows=1 width=44) (actual time=111.025..269.118 rows=115 loops=1)
                                       Workers Planned: 2
                                       Workers Launched: 2
                                       ->  Nested Loop  (cost=2.58..84339.08 rows=1 width=44) (actual time=108.270..270.653 rows=38 loops=3)
                                             ->  Hash Join  (cost=2.15..84336.29 rows=2 width=23) (actual time=107.348..269.232 rows=142 loops=3)
                                                   Hash Cond: (ci.role_id = rt.id)
                                                   ->  Nested Loop  (cost=0.99..84335.05 rows=21 width=27) (actual time=107.225..269.073 rows=142 loops=3)
                                                         Join Filter: (n.id = ci.person_id)
                                                         ->  Nested Loop  (cost=0.42..82155.29 rows=9 width=23) (actual time=104.157..258.005 rows=519 loops=3)
                                                               ->  Parallel Seq Scan on name n  (cost=0.00..81659.82 rows=40 width=19) (actual time=103.792..247.582 rows=2256 loops=3)
                                                                     Filter: (((name)::text ~~ '%Ang%'::text) AND ((gender)::text = 'f'::text))
                                                                     Rows Removed by Filter: 1386908
                                                               ->  Index Only Scan using person_id_aka_name on aka_name an  (cost=0.42..12.37 rows=2 width=4) (actual time=0.004..0.004 rows=0 loops=6768)
                                                                     Index Cond: (person_id = n.id)
                                                                     Heap Fetches: 1558
                                                         ->  Index Scan using person_id_cast_info on cast_info ci  (cost=0.56..242.03 rows=13 width=16) (actual time=0.020..0.021 rows=0 loops=1558)
                                                               Index Cond: (person_id = an.person_id)
                                                               Filter: ((note)::text = ANY ('{(voice),"(voice: Japanese version)","(voice) (uncredited)","(voice: English version)"}'::text[]))
                                                               Rows Removed by Filter: 44
                                                   ->  Hash  (cost=1.15..1.15 rows=1 width=4) (actual time=0.022..0.022 rows=1 loops=3)
                                                         Buckets: 1024  Batches: 1  Memory Usage: 9kB
                                                         ->  Seq Scan on role_type rt  (cost=0.00..1.15 rows=1 width=4) (actual time=0.013..0.014 rows=1 loops=3)
                                                               Filter: ((role)::text = 'actress'::text)
                                                               Rows Removed by Filter: 11
                                             ->  Index Scan using title_pkey on title t  (cost=0.43..1.40 rows=1 width=21) (actual time=0.010..0.010 rows=0 loops=425)
                                                   Index Cond: (id = ci.movie_id)
                                                   Filter: ((production_year >= 2005) AND (production_year <= 2009))
                                                   Rows Removed by Filter: 1
                                 ->  Index Only Scan using char_name_pkey on char_name chn  (cost=0.43..1.42 rows=1 width=4) (actual time=0.007..0.007 rows=1 loops=115)
                                       Index Cond: (id = ci.person_role_id)
                                       Heap Fetches: 102
                           ->  Index Scan using movie_id_movie_companies on movie_companies mc  (cost=0.43..2.71 rows=1 width=8) (actual time=0.010..0.012 rows=1 loops=102)
                                 Index Cond: (movie_id = ci.movie_id)
                                 Filter: ((note IS NOT NULL) AND (((note)::text ~~ '%(USA)%'::text) OR ((note)::text ~~ '%(worldwide)%'::text)))
                                 Rows Removed by Filter: 6
                     ->  Index Scan using company_name_pkey on company_name cn  (cost=0.42..1.20 rows=1 width=4) (actual time=0.006..0.006 rows=1 loops=79)
                           Index Cond: (id = mc.company_id)
                           Filter: ((country_code)::text = '[us]'::text)
                           Rows Removed by Filter: 0
               ->  Index Scan using movie_id_movie_info on movie_info mi  (cost=0.43..27.38 rows=1 width=8) (actual time=0.021..0.078 rows=2 loops=77)
                     Index Cond: (movie_id = ci.movie_id)
                     Filter: ((info IS NOT NULL) AND (((info)::text ~~ 'Japan:%200%'::text) OR ((info)::text ~~ 'USA:%200%'::text)))
                     Rows Removed by Filter: 166
         ->  Index Scan using info_type_pkey on info_type it  (cost=0.14..0.16 rows=1 width=4) (actual time=0.001..0.001 rows=1 loops=184)
               Index Cond: (id = mi.info_type_id)
               Filter: ((info)::text = 'release dates'::text)
 Planning Time: 24.353 ms
 Execution Time: 278.321 ms
(56 rows)

SET
                                                                                                   QUERY PLAN                                                                                                   
----------------------------------------------------------------------------------------------------------------------------------------------------------------------------------------------------------------
 Aggregate  (cost=55721.55..55721.56 rows=1 width=64) (actual time=136.508..136.508 rows=1 loops=1)
   ->  Nested Loop  (cost=1003.41..55721.55 rows=1 width=32) (actual time=119.395..136.494 rows=15 loops=1)
         ->  Nested Loop  (cost=1003.28..55721.37 rows=1 width=36) (actual time=119.372..136.451 rows=15 loops=1)
               Join Filter: (ci.person_id = n.id)
               ->  Nested Loop  (cost=1002.85..55719.84 rows=1 width=29) (actual time=112.377..135.418 rows=275 loops=1)
                     ->  Nested Loop  (cost=1002.70..55719.64 rows=1 width=33) (actual time=112.364..135.074 rows=275 loops=1)
                           Join Filter: (t.id = mi.movie_id)
                           ->  Nested Loop  (cost=1002.27..55692.13 rows=1 width=41) (actual time=112.306..116.597 rows=275 loops=1)
                                 ->  Nested Loop  (cost=1001.85..55690.86 rows=1 width=45) (actual time=112.281..116.063 rows=275 loops=1)
                                       ->  Nested Loop  (cost=1001.42..55689.20 rows=1 width=41) (actual time=112.247..115.126 rows=99 loops=1)
                                             ->  Nested Loop  (cost=1001.00..55687.75 rows=1 width=45) (actual time=112.206..114.094 rows=100 loops=1)
                                                   Join Filter: (t.id = ci.movie_id)
                                                   ->  Gather  (cost=1000.43..55645.55 rows=1 width=29) (actual time=112.143..112.223 rows=4 loops=1)
                                                         Workers Planned: 2
                                                         Workers Launched: 2
                                                         ->  Nested Loop  (cost=0.43..54645.45 rows=1 width=29) (actual time=103.014..109.866 rows=1 loops=3)
                                                               ->  Parallel Seq Scan on title t  (cost=0.00..54433.61 rows=10 width=21) (actual time=19.161..109.774 rows=2 loops=3)
                                                                     Filter: ((production_year >= 2007) AND (production_year <= 2008) AND ((title)::text ~~ '%Kung%Fu%Panda%'::text))
                                                                     Rows Removed by Filter: 842768
                                                               ->  Index Scan using movie_id_movie_companies on movie_companies mc  (cost=0.43..21.17 rows=1 width=8) (actual time=0.035..0.037 rows=1 loops=7)
                                                                     Index Cond: (movie_id = t.id)
                                                                     Filter: (((note)::text ~~ '%(200%)%'::text) AND (((note)::text ~~ '%(USA)%'::text) OR ((note)::text ~~ '%(worldwide)%'::text)))
                                                                     Rows Removed by Filter: 6
                                                   ->  Index Scan using movie_id_cast_info on cast_info ci  (cost=0.56..42.20 rows=1 width=16) (actual time=0.019..0.479 rows=25 loops=4)
                                                         Index Cond: (movie_id = mc.movie_id)
                                                         Filter: ((note)::text = '(voice)'::text)
                                                         Rows Removed by Filter: 127
                                             ->  Index Only Scan using char_name_pkey on char_name chn  (cost=0.43..1.45 rows=1 width=4) (actual time=0.010..0.010 rows=1 loops=100)
                                                   Index Cond: (id = ci.person_role_id)
                                                   Heap Fetches: 99
                                       ->  Index Only Scan using person_id_aka_name on aka_name an  (cost=0.42..1.64 rows=2 width=4) (actual time=0.007..0.009 rows=3 loops=99)
                                             Index Cond: (person_id = ci.person_id)
                                             Heap Fetches: 275
                                 ->  Index Scan using company_name_pkey on company_name cn  (cost=0.42..1.27 rows=1 width=4) (actual time=0.002..0.002 rows=1 loops=275)
                                       Index Cond: (id = mc.company_id)
                                       Filter: ((country_code)::text = '[us]'::text)
                           ->  Index Scan using movie_id_movie_info on movie_info mi  (cost=0.43..27.50 rows=1 width=8) (actual time=0.010..0.067 rows=1 loops=275)
                                 Index Cond: (movie_id = ci.movie_id)
                                 Filter: ((info IS NOT NULL) AND (((info)::text ~~ 'Japan:%2007%'::text) OR ((info)::text ~~ 'USA:%2008%'::text)))
                                 Rows Removed by Filter: 295
                     ->  Index Scan using info_type_pkey on info_type it  (cost=0.14..0.17 rows=1 width=4) (actual time=0.001..0.001 rows=1 loops=275)
                           Index Cond: (id = mi.info_type_id)
                           Filter: ((info)::text = 'release dates'::text)
               ->  Index Scan using name_pkey on name n  (cost=0.43..1.53 rows=1 width=19) (actual time=0.004..0.004 rows=0 loops=275)
                     Index Cond: (id = an.person_id)
                     Filter: (((name)::text ~~ '%Angel%'::text) AND ((gender)::text = 'f'::text))
                     Rows Removed by Filter: 1
         ->  Index Scan using role_type_pkey on role_type rt  (cost=0.14..0.16 rows=1 width=4) (actual time=0.002..0.002 rows=1 loops=15)
               Index Cond: (id = ci.role_id)
               Filter: ((role)::text = 'actress'::text)
 Planning Time: 23.423 ms
 Execution Time: 136.816 ms
(52 rows)

SET
                                                                                                  QUERY PLAN                                                                                                  
--------------------------------------------------------------------------------------------------------------------------------------------------------------------------------------------------------------
 Aggregate  (cost=222418.16..222418.17 rows=1 width=64) (actual time=1739.621..1739.621 rows=1 loops=1)
   ->  Nested Loop  (cost=84856.43..222418.15 rows=2 width=32) (actual time=283.493..1739.020 rows=3575 loops=1)
         Join Filter: (n.id = an.person_id)
         ->  Nested Loop  (cost=84856.00..222416.50 rows=1 width=40) (actual time=269.668..1732.601 rows=2632 loops=1)
               ->  Nested Loop  (cost=84855.58..222414.17 rows=2 width=44) (actual time=269.640..1708.811 rows=8585 loops=1)
                     ->  Hash Join  (cost=84855.15..222411.47 rows=1 width=52) (actual time=269.606..1696.914 rows=2129 loops=1)
                           Hash Cond: (mi.info_type_id = it.id)
                           ->  Nested Loop  (cost=84852.73..222408.95 rows=36 width=56) (actual time=269.560..1696.276 rows=2129 loops=1)
                                 ->  Nested Loop  (cost=84852.29..219906.63 rows=92 width=48) (actual time=269.475..1626.370 rows=3349 loops=1)
                                       ->  Nested Loop  (cost=84851.86..219669.76 rows=170 width=27) (actual time=269.442..1589.616 rows=5686 loops=1)
                                             ->  Hash Join  (cost=84851.43..219172.23 rows=351 width=31) (actual time=269.404..1564.355 rows=6552 loops=1)
                                                   Hash Cond: (ci.person_id = n.id)
                                                   ->  Nested Loop  (cost=0.56..134124.20 rows=75106 width=12) (actual time=0.213..1273.717 rows=276166 loops=1)
                                                         ->  Seq Scan on role_type rt  (cost=0.00..1.15 rows=1 width=4) (actual time=0.008..0.011 rows=1 loops=1)
                                                               Filter: ((role)::text = 'actress'::text)
                                                               Rows Removed by Filter: 11
                                                         ->  Index Scan using role_id_cast_info on cast_info ci  (cost=0.56..133303.71 rows=81934 width=16) (actual time=0.203..1250.222 rows=276166 loops=1)
                                                               Index Cond: (role_id = rt.id)
                                                               Filter: ((note)::text = ANY ('{(voice),"(voice: Japanese version)","(voice) (uncredited)","(voice: English version)"}'::text[]))
                                                               Rows Removed by Filter: 7175807
                                                   ->  Hash  (cost=84607.42..84607.42 rows=19476 width=19) (actual time=263.829..263.829 rows=50011 loops=1)
                                                         Buckets: 65536 (originally 32768)  Batches: 1 (originally 1)  Memory Usage: 3135kB
                                                         ->  Gather  (cost=1000.00..84607.42 rows=19476 width=19) (actual time=106.900..255.002 rows=50011 loops=1)
                                                               Workers Planned: 2
                                                               Workers Launched: 2
                                                               ->  Parallel Seq Scan on name n  (cost=0.00..81659.82 rows=8115 width=19) (actual time=104.915..249.334 rows=16670 loops=3)
                                                                     Filter: (((name)::text ~~ '%An%'::text) AND ((gender)::text = 'f'::text))
                                                                     Rows Removed by Filter: 1372493
                                             ->  Index Only Scan using char_name_pkey on char_name chn  (cost=0.43..1.42 rows=1 width=4) (actual time=0.003..0.003 rows=1 loops=6552)
                                                   Index Cond: (id = ci.person_role_id)
                                                   Heap Fetches: 5686
                                       ->  Index Scan using title_pkey on title t  (cost=0.43..1.39 rows=1 width=21) (actual time=0.006..0.006 rows=1 loops=5686)
                                             Index Cond: (id = ci.movie_id)
                                             Filter: (production_year > 2000)
                                             Rows Removed by Filter: 0
                                 ->  Index Scan using movie_id_movie_info on movie_info mi  (cost=0.43..27.19 rows=1 width=8) (actual time=0.014..0.021 rows=1 loops=3349)
                                       Index Cond: (movie_id = t.id)
                                       Filter: ((info IS NOT NULL) AND (((info)::text ~~ 'Japan:%200%'::text) OR ((info)::text ~~ 'USA:%200%'::text)))
                                       Rows Removed by Filter: 15
                           ->  Hash  (cost=2.41..2.41 rows=1 width=4) (actual time=0.021..0.021 rows=1 loops=1)
                                 Buckets: 1024  Batches: 1  Memory Usage: 9kB
                                 ->  Seq Scan on info_type it  (cost=0.00..2.41 rows=1 width=4) (actual time=0.009..0.015 rows=1 loops=1)
                                       Filter: ((info)::text = 'release dates'::text)
                                       Rows Removed by Filter: 112
                     ->  Index Scan using movie_id_movie_companies on movie_companies mc  (cost=0.43..2.65 rows=5 width=8) (actual time=0.003..0.005 rows=4 loops=2129)
                           Index Cond: (movie_id = t.id)
               ->  Index Scan using company_name_pkey on company_name cn  (cost=0.42..1.16 rows=1 width=4) (actual time=0.003..0.003 rows=0 loops=8585)
                     Index Cond: (id = mc.company_id)
                     Filter: ((country_code)::text = '[us]'::text)
                     Rows Removed by Filter: 1
         ->  Index Only Scan using person_id_aka_name on aka_name an  (cost=0.42..1.63 rows=2 width=4) (actual time=0.002..0.002 rows=1 loops=2632)
               Index Cond: (person_id = ci.person_id)
               Heap Fetches: 3575
 Planning Time: 23.995 ms
 Execution Time: 1740.010 ms
(55 rows)

SET
                                                                                                           QUERY PLAN                                                                                                           
--------------------------------------------------------------------------------------------------------------------------------------------------------------------------------------------------------------------------------
 Finalize Aggregate  (cost=283172.99..283173.00 rows=1 width=64) (actual time=7702.627..7702.628 rows=1 loops=1)
   ->  Gather  (cost=283172.77..283172.98 rows=2 width=64) (actual time=5828.912..7707.101 rows=3 loops=1)
         Workers Planned: 2
         Workers Launched: 2
         ->  Partial Aggregate  (cost=282172.77..282172.78 rows=1 width=64) (actual time=6734.358..6734.358 rows=1 loops=3)
               ->  Nested Loop  (cost=135435.02..282167.07 rows=1140 width=32) (actual time=2062.810..6656.469 rows=586882 loops=3)
                     ->  Nested Loop  (cost=135434.60..281402.94 rows=465 width=40) (actual time=2062.752..6068.707 rows=262348 loops=3)
                           ->  Nested Loop  (cost=135434.18..279915.09 rows=1278 width=44) (actual time=2062.728..3871.157 rows=1076352 loops=3)
                                 Join Filter: (t.id = mc.movie_id)
                                 ->  Hash Join  (cost=135433.75..279235.89 rows=255 width=52) (actual time=2062.322..3317.362 rows=113945 loops=3)
                                       Hash Cond: (mi.info_type_id = it.id)
                                       ->  Nested Loop  (cost=135431.32..279154.95 rows=28832 width=56) (actual time=2062.235..3262.808 rows=540998 loops=3)
                                             ->  Nested Loop  (cost=135430.89..226932.18 rows=1906 width=48) (actual time=2062.210..2838.688 rows=53102 loops=3)
                                                   ->  Nested Loop  (cost=135430.46..221350.20 rows=3938 width=52) (actual time=2062.173..2602.867 rows=56088 loops=3)
                                                         ->  Hash Join  (cost=135430.03..195430.35 rows=17020 width=33) (actual time=2062.142..2386.337 rows=56136 loops=3)
                                                               Hash Cond: (t.id = ci.movie_id)
                                                               ->  Parallel Seq Scan on title t  (cost=0.00..49166.29 rows=572932 width=21) (actual time=0.021..120.380 rows=460484 loops=3)
                                                                     Filter: (production_year > 2000)
                                                                     Rows Removed by Filter: 382286
                                                               ->  Hash  (cost=134124.20..134124.20 rows=75106 width=12) (actual time=2061.285..2061.285 rows=276166 loops=3)
                                                                     Buckets: 131072 (originally 131072)  Batches: 4 (originally 2)  Memory Usage: 3984kB
                                                                     ->  Nested Loop  (cost=0.56..134124.20 rows=75106 width=12) (actual time=0.151..2007.238 rows=276166 loops=3)
                                                                           ->  Seq Scan on role_type rt  (cost=0.00..1.15 rows=1 width=4) (actual time=0.013..0.016 rows=1 loops=3)
                                                                                 Filter: ((role)::text = 'actress'::text)
                                                                                 Rows Removed by Filter: 11
                                                                           ->  Index Scan using role_id_cast_info on cast_info ci  (cost=0.56..133303.71 rows=81934 width=16) (actual time=0.136..1984.161 rows=276166 loops=3)
                                                                                 Index Cond: (role_id = rt.id)
                                                                                 Filter: ((note)::text = ANY ('{(voice),"(voice: Japanese version)","(voice) (uncredited)","(voice: English version)"}'::text[]))
                                                                                 Rows Removed by Filter: 7175807
                                                         ->  Index Scan using name_pkey on name n  (cost=0.43..1.52 rows=1 width=19) (actual time=0.003..0.003 rows=1 loops=168407)
                                                               Index Cond: (id = ci.person_id)
                                                               Filter: ((gender)::text = 'f'::text)
                                                               Rows Removed by Filter: 0
                                                   ->  Index Only Scan using char_name_pkey on char_name chn  (cost=0.43..1.42 rows=1 width=4) (actual time=0.004..0.004 rows=1 loops=168264)
                                                         Index Cond: (id = ci.person_role_id)
                                                         Heap Fetches: 159307
                                             ->  Index Scan using movie_id_movie_info on movie_info mi  (cost=0.43..26.98 rows=42 width=8) (actual time=0.003..0.007 rows=10 loops=159307)
                                                   Index Cond: (movie_id = t.id)
                                       ->  Hash  (cost=2.41..2.41 rows=1 width=4) (actual time=0.026..0.026 rows=1 loops=3)
                                             Buckets: 1024  Batches: 1  Memory Usage: 9kB
                                             ->  Seq Scan on info_type it  (cost=0.00..2.41 rows=1 width=4) (actual time=0.015..0.022 rows=1 loops=3)
                                                   Filter: ((info)::text = 'release dates'::text)
                                                   Rows Removed by Filter: 112
                                 ->  Index Scan using movie_id_movie_companies on movie_companies mc  (cost=0.43..2.60 rows=5 width=8) (actual time=0.002..0.003 rows=9 loops=341836)
                                       Index Cond: (movie_id = mi.movie_id)
                           ->  Index Scan using company_name_pkey on company_name cn  (cost=0.42..1.16 rows=1 width=4) (actual time=0.002..0.002 rows=0 loops=3229056)
                                 Index Cond: (id = mc.company_id)
                                 Filter: ((country_code)::text = '[us]'::text)
                                 Rows Removed by Filter: 1
                     ->  Index Only Scan using person_id_aka_name on aka_name an  (cost=0.42..1.62 rows=2 width=4) (actual time=0.001..0.002 rows=2 loops=787043)
                           Index Cond: (person_id = n.id)
                           Heap Fetches: 1760645
 Planning Time: 25.616 ms
 Execution Time: 7707.566 ms
(54 rows)

SET
                                                                                                 QUERY PLAN                                                                                                 
------------------------------------------------------------------------------------------------------------------------------------------------------------------------------------------------------------
 Finalize Aggregate  (cost=19539.97..19539.98 rows=1 width=68) (actual time=82.768..82.768 rows=1 loops=1)
   ->  Gather  (cost=19539.75..19539.96 rows=2 width=68) (actual time=72.852..84.022 rows=3 loops=1)
         Workers Planned: 2
         Workers Launched: 2
         ->  Partial Aggregate  (cost=18539.75..18539.76 rows=1 width=68) (actual time=75.321..75.321 rows=1 loops=3)
               ->  Nested Loop  (cost=4.35..18539.42 rows=44 width=45) (actual time=70.438..75.300 rows=47 loops=3)
                     Join Filter: (mc.movie_id = t.id)
                     ->  Hash Join  (cost=3.92..18513.70 rows=44 width=32) (actual time=70.400..74.546 rows=47 loops=3)
                           Hash Cond: (mc.company_type_id = ct.id)
                           ->  Nested Loop  (cost=2.86..18511.69 rows=177 width=36) (actual time=70.325..74.459 rows=49 loops=3)
                                 ->  Hash Join  (cost=2.43..15253.60 rows=5089 width=4) (actual time=70.246..70.277 rows=83 loops=3)
                                       Hash Cond: (mi_idx.info_type_id = it.id)
                                       ->  Parallel Seq Scan on movie_info_idx mi_idx  (cost=0.00..13685.15 rows=575015 width=8) (actual time=0.016..38.073 rows=460012 loops=3)
                                       ->  Hash  (cost=2.41..2.41 rows=1 width=4) (actual time=0.020..0.020 rows=1 loops=3)
                                             Buckets: 1024  Batches: 1  Memory Usage: 9kB
                                             ->  Seq Scan on info_type it  (cost=0.00..2.41 rows=1 width=4) (actual time=0.017..0.018 rows=1 loops=3)
                                                   Filter: ((info)::text = 'top 250 rank'::text)
                                                   Rows Removed by Filter: 112
                                 ->  Index Scan using movie_id_movie_companies on movie_companies mc  (cost=0.43..0.63 rows=1 width=32) (actual time=0.049..0.050 rows=1 loops=250)
                                       Index Cond: (movie_id = mi_idx.movie_id)
                                       Filter: (((note)::text !~~ '%(as Metro-Goldwyn-Mayer Pictures)%'::text) AND (((note)::text ~~ '%(co-production)%'::text) OR ((note)::text ~~ '%(presents)%'::text)))
                                       Rows Removed by Filter: 33
                           ->  Hash  (cost=1.05..1.05 rows=1 width=4) (actual time=0.018..0.018 rows=1 loops=3)
                                 Buckets: 1024  Batches: 1  Memory Usage: 9kB
                                 ->  Seq Scan on company_type ct  (cost=0.00..1.05 rows=1 width=4) (actual time=0.013..0.014 rows=1 loops=3)
                                       Filter: ((kind)::text = 'production companies'::text)
                                       Rows Removed by Filter: 3
                     ->  Index Scan using title_pkey on title t  (cost=0.43..0.57 rows=1 width=25) (actual time=0.015..0.015 rows=1 loops=142)
                           Index Cond: (id = mi_idx.movie_id)
 Planning Time: 2.346 ms
 Execution Time: 84.175 ms
(31 rows)

SET
                                                                                   QUERY PLAN                                                                                    
---------------------------------------------------------------------------------------------------------------------------------------------------------------------------------
 Finalize Aggregate  (cost=20131.19..20131.20 rows=1 width=68) (actual time=73.199..73.199 rows=1 loops=1)
   ->  Gather  (cost=20130.96..20131.17 rows=2 width=68) (actual time=72.620..73.966 rows=3 loops=1)
         Workers Planned: 2
         Workers Launched: 2
         ->  Partial Aggregate  (cost=19130.96..19130.97 rows=1 width=68) (actual time=70.383..70.383 rows=1 loops=3)
               ->  Hash Join  (cost=4.35..19124.19 rows=903 width=45) (actual time=70.377..70.378 rows=1 loops=3)
                     Hash Cond: (mc.company_type_id = ct.id)
                     ->  Nested Loop  (cost=3.29..19103.60 rows=3612 width=49) (actual time=70.228..70.305 rows=22 loops=3)
                           Join Filter: (t.id = mc.movie_id)
                           ->  Nested Loop  (cost=2.86..18189.65 rows=1422 width=29) (actual time=70.206..70.232 rows=1 loops=3)
                                 ->  Hash Join  (cost=2.43..15253.60 rows=5089 width=4) (actual time=70.140..70.142 rows=3 loops=3)
                                       Hash Cond: (mi_idx.info_type_id = it.id)
                                       ->  Parallel Seq Scan on movie_info_idx mi_idx  (cost=0.00..13685.15 rows=575015 width=8) (actual time=0.020..37.854 rows=460012 loops=3)
                                       ->  Hash  (cost=2.41..2.41 rows=1 width=4) (actual time=0.018..0.018 rows=1 loops=3)
                                             Buckets: 1024  Batches: 1  Memory Usage: 9kB
                                             ->  Seq Scan on info_type it  (cost=0.00..2.41 rows=1 width=4) (actual time=0.016..0.016 rows=1 loops=3)
                                                   Filter: ((info)::text = 'bottom 10 rank'::text)
                                                   Rows Removed by Filter: 112
                                 ->  Index Scan using title_pkey on title t  (cost=0.43..0.58 rows=1 width=25) (actual time=0.026..0.026 rows=0 loops=10)
                                       Index Cond: (id = mi_idx.movie_id)
                                       Filter: ((production_year >= 2005) AND (production_year <= 2010))
                                       Rows Removed by Filter: 1
                           ->  Index Scan using movie_id_movie_companies on movie_companies mc  (cost=0.43..0.61 rows=3 width=32) (actual time=0.038..0.051 rows=16 loops=4)
                                 Index Cond: (movie_id = mi_idx.movie_id)
                                 Filter: ((note)::text !~~ '%(as Metro-Goldwyn-Mayer Pictures)%'::text)
                                 Rows Removed by Filter: 2
                     ->  Hash  (cost=1.05..1.05 rows=1 width=4) (actual time=0.014..0.014 rows=1 loops=3)
                           Buckets: 1024  Batches: 1  Memory Usage: 9kB
                           ->  Seq Scan on company_type ct  (cost=0.00..1.05 rows=1 width=4) (actual time=0.010..0.010 rows=1 loops=3)
                                 Filter: ((kind)::text = 'production companies'::text)
                                 Rows Removed by Filter: 3
 Planning Time: 1.877 ms
 Execution Time: 74.116 ms
(33 rows)

SET
                                                                                     QUERY PLAN                                                                                     
------------------------------------------------------------------------------------------------------------------------------------------------------------------------------------
 Finalize Aggregate  (cost=19461.56..19461.57 rows=1 width=68) (actual time=77.624..77.625 rows=1 loops=1)
   ->  Gather  (cost=19461.33..19461.54 rows=2 width=68) (actual time=77.617..77.682 rows=3 loops=1)
         Workers Planned: 2
         Workers Launched: 2
         ->  Partial Aggregate  (cost=18461.33..18461.34 rows=1 width=68) (actual time=72.680..72.680 rows=1 loops=3)
               ->  Nested Loop  (cost=4.35..18461.31 rows=3 width=45) (actual time=71.728..72.675 rows=1 loops=3)
                     Join Filter: (mc.movie_id = t.id)
                     ->  Hash Join  (cost=3.92..18449.57 rows=20 width=32) (actual time=70.758..72.631 rows=8 loops=3)
                           Hash Cond: (mc.company_type_id = ct.id)
                           ->  Nested Loop  (cost=2.86..18448.07 rows=81 width=36) (actual time=70.690..72.560 rows=8 loops=3)
                                 ->  Hash Join  (cost=2.43..15253.60 rows=5089 width=4) (actual time=69.942..69.969 rows=83 loops=3)
                                       Hash Cond: (mi_idx.info_type_id = it.id)
                                       ->  Parallel Seq Scan on movie_info_idx mi_idx  (cost=0.00..13685.15 rows=575015 width=8) (actual time=0.021..37.737 rows=460012 loops=3)
                                       ->  Hash  (cost=2.41..2.41 rows=1 width=4) (actual time=0.017..0.018 rows=1 loops=3)
                                             Buckets: 1024  Batches: 1  Memory Usage: 9kB
                                             ->  Seq Scan on info_type it  (cost=0.00..2.41 rows=1 width=4) (actual time=0.015..0.015 rows=1 loops=3)
                                                   Filter: ((info)::text = 'top 250 rank'::text)
                                                   Rows Removed by Filter: 112
                                 ->  Index Scan using movie_id_movie_companies on movie_companies mc  (cost=0.43..0.62 rows=1 width=32) (actual time=0.031..0.031 rows=0 loops=250)
                                       Index Cond: (movie_id = mi_idx.movie_id)
                                       Filter: (((note)::text !~~ '%(as Metro-Goldwyn-Mayer Pictures)%'::text) AND ((note)::text ~~ '%(co-production)%'::text))
                                       Rows Removed by Filter: 33
                           ->  Hash  (cost=1.05..1.05 rows=1 width=4) (actual time=0.014..0.014 rows=1 loops=3)
                                 Buckets: 1024  Batches: 1  Memory Usage: 9kB
                                 ->  Seq Scan on company_type ct  (cost=0.00..1.05 rows=1 width=4) (actual time=0.009..0.010 rows=1 loops=3)
                                       Filter: ((kind)::text = 'production companies'::text)
                                       Rows Removed by Filter: 3
                     ->  Index Scan using title_pkey on title t  (cost=0.43..0.57 rows=1 width=25) (actual time=0.005..0.005 rows=0 loops=23)
                           Index Cond: (id = mi_idx.movie_id)
                           Filter: (production_year > 2010)
                           Rows Removed by Filter: 1
 Planning Time: 1.831 ms
 Execution Time: 77.826 ms
(33 rows)

SET
                                                                                   QUERY PLAN                                                                                    
---------------------------------------------------------------------------------------------------------------------------------------------------------------------------------
 Finalize Aggregate  (cost=20988.46..20988.47 rows=1 width=68) (actual time=72.853..72.853 rows=1 loops=1)
   ->  Gather  (cost=20988.24..20988.45 rows=2 width=68) (actual time=72.375..73.700 rows=3 loops=1)
         Workers Planned: 2
         Workers Launched: 2
         ->  Partial Aggregate  (cost=19988.24..19988.25 rows=1 width=68) (actual time=70.146..70.147 rows=1 loops=3)
               ->  Hash Join  (cost=4.35..19975.05 rows=1758 width=45) (actual time=70.125..70.141 rows=1 loops=3)
                     Hash Cond: (mc.company_type_id = ct.id)
                     ->  Nested Loop  (cost=3.29..19935.98 rows=7030 width=49) (actual time=69.981..70.073 rows=26 loops=3)
                           ->  Nested Loop  (cost=2.86..18176.93 rows=2768 width=29) (actual time=69.958..69.994 rows=2 loops=3)
                                 ->  Hash Join  (cost=2.43..15253.60 rows=5089 width=4) (actual time=69.935..69.936 rows=3 loops=3)
                                       Hash Cond: (mi_idx.info_type_id = it.id)
                                       ->  Parallel Seq Scan on movie_info_idx mi_idx  (cost=0.00..13685.15 rows=575015 width=8) (actual time=0.022..37.780 rows=460012 loops=3)
                                       ->  Hash  (cost=2.41..2.41 rows=1 width=4) (actual time=0.019..0.019 rows=1 loops=3)
                                             Buckets: 1024  Batches: 1  Memory Usage: 9kB
                                             ->  Seq Scan on info_type it  (cost=0.00..2.41 rows=1 width=4) (actual time=0.017..0.017 rows=1 loops=3)
                                                   Filter: ((info)::text = 'bottom 10 rank'::text)
                                                   Rows Removed by Filter: 112
                                 ->  Index Scan using title_pkey on title t  (cost=0.43..0.57 rows=1 width=25) (actual time=0.016..0.016 rows=1 loops=10)
                                       Index Cond: (id = mi_idx.movie_id)
                                       Filter: (production_year > 2000)
                                       Rows Removed by Filter: 0
                           ->  Index Scan using movie_id_movie_companies on movie_companies mc  (cost=0.43..0.61 rows=3 width=32) (actual time=0.029..0.038 rows=13 loops=6)
                                 Index Cond: (movie_id = t.id)
                                 Filter: ((note)::text !~~ '%(as Metro-Goldwyn-Mayer Pictures)%'::text)
                                 Rows Removed by Filter: 2
                     ->  Hash  (cost=1.05..1.05 rows=1 width=4) (actual time=0.014..0.014 rows=1 loops=3)
                           Buckets: 1024  Batches: 1  Memory Usage: 9kB
                           ->  Seq Scan on company_type ct  (cost=0.00..1.05 rows=1 width=4) (actual time=0.010..0.010 rows=1 loops=3)
                                 Filter: ((kind)::text = 'production companies'::text)
                                 Rows Removed by Filter: 3
 Planning Time: 1.806 ms
 Execution Time: 73.855 ms
(32 rows)

SET
                                                                                             QUERY PLAN                                                                                             
----------------------------------------------------------------------------------------------------------------------------------------------------------------------------------------------------
 Aggregate  (cost=12310.45..12310.46 rows=1 width=32) (actual time=3412.794..3412.794 rows=1 loops=1)
   ->  Nested Loop  (cost=9.02..12310.44 rows=1 width=17) (actual time=48.288..3412.758 rows=33 loops=1)
         ->  Nested Loop  (cost=8.59..12309.99 rows=1 width=21) (actual time=48.266..3412.388 rows=33 loops=1)
               ->  Nested Loop  (cost=8.16..12304.93 rows=11 width=25) (actual time=5.017..2034.434 rows=532809 loops=1)
                     Join Filter: (t.id = ci.movie_id)
                     ->  Nested Loop  (cost=7.60..12298.97 rows=3 width=29) (actual time=4.981..479.326 rows=6016 loops=1)
                           Join Filter: (t.kind_id = kt.id)
                           Rows Removed by Join Filter: 1347
                           ->  Seq Scan on kind_type kt  (cost=0.00..1.09 rows=1 width=4) (actual time=0.015..0.016 rows=1 loops=1)
                                 Filter: ((kind)::text = 'movie'::text)
                                 Rows Removed by Filter: 6
                           ->  Nested Loop  (cost=7.60..12297.62 rows=21 width=33) (actual time=1.050..477.734 rows=7363 loops=1)
                                 ->  Nested Loop  (cost=7.17..12286.40 rows=23 width=8) (actual time=1.024..414.949 rows=8765 loops=1)
                                       Join Filter: (cc.status_id = cct2.id)
                                       Rows Removed by Join Filter: 8765
                                       ->  Seq Scan on comp_cast_type cct2  (cost=0.00..1.05 rows=1 width=4) (actual time=0.011..0.012 rows=2 loops=1)
                                             Filter: ((kind)::text ~~ '%complete%'::text)
                                             Rows Removed by Filter: 2
                                       ->  Nested Loop  (cost=7.17..12284.17 rows=94 width=12) (actual time=0.844..205.997 rows=8765 loops=2)
                                             Join Filter: (cc.subject_id = cct1.id)
                                             Rows Removed by Join Filter: 4045
                                             ->  Seq Scan on comp_cast_type cct1  (cost=0.00..1.05 rows=1 width=4) (actual time=0.001..0.003 rows=1 loops=2)
                                                   Filter: ((kind)::text = 'cast'::text)
                                                   Rows Removed by Filter: 3
                                             ->  Nested Loop  (cost=7.17..12278.42 rows=376 width=16) (actual time=0.841..204.021 rows=12810 loops=2)
                                                   ->  Nested Loop  (cost=6.75..12149.91 rows=270 width=4) (actual time=0.611..131.221 rows=35548 loops=2)
                                                         ->  Seq Scan on keyword k  (cost=0.00..3632.40 rows=8 width=4) (actual time=0.109..29.834 rows=8 loops=2)
                                                               Filter: ((keyword)::text = ANY ('{superhero,sequel,second-part,marvel-comics,based-on-comic,tv-special,fight,violence}'::text[]))
                                                               Rows Removed by Filter: 134162
                                                         ->  Bitmap Heap Scan on movie_keyword mk  (cost=6.75..1061.70 rows=299 width=8) (actual time=1.088..12.166 rows=4444 loops=16)
                                                               Recheck Cond: (keyword_id = k.id)
                                                               Heap Blocks: exact=46976
                                                               ->  Bitmap Index Scan on keyword_id_movie_keyword  (cost=0.00..6.67 rows=299 width=0) (actual time=0.602..0.602 rows=4444 loops=16)
                                                                     Index Cond: (keyword_id = k.id)
                                                   ->  Index Scan using movie_id_complete_cast on complete_cast cc  (cost=0.42..0.46 rows=2 width=12) (actual time=0.002..0.002 rows=0 loops=71096)
                                                         Index Cond: (movie_id = mk.movie_id)
                                 ->  Index Scan using title_pkey on title t  (cost=0.43..0.49 rows=1 width=25) (actual time=0.007..0.007 rows=1 loops=8765)
                                       Index Cond: (id = mk.movie_id)
                                       Filter: (production_year > 1950)
                                       Rows Removed by Filter: 0
                     ->  Index Scan using movie_id_cast_info on cast_info ci  (cost=0.56..1.52 rows=37 width=12) (actual time=0.010..0.243 rows=89 loops=6016)
                           Index Cond: (movie_id = mk.movie_id)
               ->  Index Scan using char_name_pkey on char_name chn  (cost=0.43..0.46 rows=1 width=4) (actual time=0.002..0.002 rows=0 loops=532809)
                     Index Cond: (id = ci.person_role_id)
                     Filter: (((name)::text !~~ '%Sherlock%'::text) AND (((name)::text ~~ '%Tony%Stark%'::text) OR ((name)::text ~~ '%Iron%Man%'::text)))
                     Rows Removed by Filter: 0
         ->  Index Only Scan using name_pkey on name n  (cost=0.43..0.45 rows=1 width=4) (actual time=0.010..0.010 rows=1 loops=33)
               Index Cond: (id = ci.person_id)
               Heap Fetches: 33
 Planning Time: 15.928 ms
 Execution Time: 3412.991 ms
(51 rows)

SET
                                                                                            QUERY PLAN                                                                                             
---------------------------------------------------------------------------------------------------------------------------------------------------------------------------------------------------
 Aggregate  (cost=12304.81..12304.82 rows=1 width=32) (actual time=2670.402..2670.402 rows=1 loops=1)
   ->  Nested Loop  (cost=9.02..12304.81 rows=1 width=17) (actual time=59.807..2670.373 rows=17 loops=1)
         ->  Nested Loop  (cost=8.59..12304.35 rows=1 width=21) (actual time=59.790..2670.053 rows=27 loops=1)
               ->  Nested Loop  (cost=8.16..12301.15 rows=7 width=25) (actual time=7.841..1324.111 rows=222518 loops=1)
                     Join Filter: (t.id = ci.movie_id)
                     ->  Nested Loop  (cost=7.60..12297.17 rows=2 width=29) (actual time=7.795..647.277 rows=1472 loops=1)
                           Join Filter: (cc.status_id = cct2.id)
                           Rows Removed by Join Filter: 1472
                           ->  Seq Scan on comp_cast_type cct2  (cost=0.00..1.05 rows=1 width=4) (actual time=0.010..0.011 rows=2 loops=1)
                                 Filter: ((kind)::text ~~ '%complete%'::text)
                                 Rows Removed by Filter: 2
                           ->  Nested Loop  (cost=7.60..12296.04 rows=7 width=33) (actual time=5.768..323.277 rows=1472 loops=2)
                                 Join Filter: (cc.subject_id = cct1.id)
                                 Rows Removed by Join Filter: 243
                                 ->  Seq Scan on comp_cast_type cct1  (cost=0.00..1.05 rows=1 width=4) (actual time=0.001..0.003 rows=1 loops=2)
                                       Filter: ((kind)::text = 'cast'::text)
                                       Rows Removed by Filter: 3
                                 ->  Nested Loop  (cost=7.60..12294.62 rows=29 width=37) (actual time=5.765..322.852 rows=1715 loops=2)
                                       ->  Nested Loop  (cost=7.18..12284.58 rows=21 width=25) (actual time=5.681..305.951 rows=6043 loops=2)
                                             Join Filter: (t.kind_id = kt.id)
                                             Rows Removed by Join Filter: 8122
                                             ->  Seq Scan on kind_type kt  (cost=0.00..1.09 rows=1 width=4) (actual time=0.001..0.003 rows=1 loops=2)
                                                   Filter: ((kind)::text = 'movie'::text)
                                                   Rows Removed by Filter: 6
                                             ->  Nested Loop  (cost=7.18..12281.66 rows=147 width=29) (actual time=0.633..304.154 rows=14165 loops=2)
                                                   ->  Nested Loop  (cost=6.75..12149.91 rows=270 width=4) (actual time=0.617..130.093 rows=35548 loops=2)
                                                         ->  Seq Scan on keyword k  (cost=0.00..3632.40 rows=8 width=4) (actual time=0.115..29.968 rows=8 loops=2)
                                                               Filter: ((keyword)::text = ANY ('{superhero,sequel,second-part,marvel-comics,based-on-comic,tv-special,fight,violence}'::text[]))
                                                               Rows Removed by Filter: 134162
                                                         ->  Bitmap Heap Scan on movie_keyword mk  (cost=6.75..1061.70 rows=299 width=8) (actual time=1.083..12.021 rows=4444 loops=16)
                                                               Recheck Cond: (keyword_id = k.id)
                                                               Heap Blocks: exact=46976
                                                               ->  Bitmap Index Scan on keyword_id_movie_keyword  (cost=0.00..6.67 rows=299 width=0) (actual time=0.598..0.598 rows=4444 loops=16)
                                                                     Index Cond: (keyword_id = k.id)
                                                   ->  Index Scan using title_pkey on title t  (cost=0.43..0.49 rows=1 width=25) (actual time=0.005..0.005 rows=0 loops=71096)
                                                         Index Cond: (id = mk.movie_id)
                                                         Filter: (production_year > 2000)
                                                         Rows Removed by Filter: 1
                                       ->  Index Scan using movie_id_complete_cast on complete_cast cc  (cost=0.42..0.46 rows=2 width=12) (actual time=0.002..0.003 rows=0 loops=12086)
                                             Index Cond: (movie_id = t.id)
                     ->  Index Scan using movie_id_cast_info on cast_info ci  (cost=0.56..1.52 rows=37 width=12) (actual time=0.012..0.429 rows=151 loops=1472)
                           Index Cond: (movie_id = mk.movie_id)
               ->  Index Scan using name_pkey on name n  (cost=0.43..0.46 rows=1 width=4) (actual time=0.006..0.006 rows=0 loops=222518)
                     Index Cond: (id = ci.person_id)
                     Filter: ((name)::text ~~ '%Downey%Robert%'::text)
                     Rows Removed by Filter: 1
         ->  Index Scan using char_name_pkey on char_name chn  (cost=0.43..0.46 rows=1 width=4) (actual time=0.011..0.011 rows=1 loops=27)
               Index Cond: (id = ci.person_role_id)
               Filter: (((name)::text !~~ '%Sherlock%'::text) AND (((name)::text ~~ '%Tony%Stark%'::text) OR ((name)::text ~~ '%Iron%Man%'::text)))
               Rows Removed by Filter: 0
 Planning Time: 16.082 ms
 Execution Time: 2670.591 ms
(52 rows)

SET
                                                                                             QUERY PLAN                                                                                             
----------------------------------------------------------------------------------------------------------------------------------------------------------------------------------------------------
 Aggregate  (cost=14665.13..14665.14 rows=1 width=64) (actual time=1502.661..1502.661 rows=1 loops=1)
   ->  Nested Loop  (cost=9.02..14665.12 rows=1 width=32) (actual time=7.799..1501.288 rows=5406 loops=1)
         ->  Nested Loop  (cost=8.59..14664.67 rows=1 width=21) (actual time=7.770..1457.601 rows=5406 loops=1)
               ->  Nested Loop  (cost=8.16..14661.01 rows=8 width=25) (actual time=7.472..1031.791 rows=189844 loops=1)
                     Join Filter: (t.id = ci.movie_id)
                     ->  Nested Loop  (cost=7.60..14657.03 rows=2 width=29) (actual time=7.429..494.839 rows=1267 loops=1)
                           Join Filter: (cc.status_id = cct2.id)
                           Rows Removed by Join Filter: 1267
                           ->  Seq Scan on comp_cast_type cct2  (cost=0.00..1.05 rows=1 width=4) (actual time=0.010..0.011 rows=2 loops=1)
                                 Filter: ((kind)::text ~~ '%complete%'::text)
                                 Rows Removed by Filter: 2
                           ->  Nested Loop  (cost=7.60..14655.87 rows=9 width=33) (actual time=5.572..247.153 rows=1267 loops=2)
                                 Join Filter: (cc.subject_id = cct1.id)
                                 Rows Removed by Join Filter: 218
                                 ->  Seq Scan on comp_cast_type cct1  (cost=0.00..1.05 rows=1 width=4) (actual time=0.002..0.002 rows=1 loops=2)
                                       Filter: ((kind)::text = 'cast'::text)
                                       Rows Removed by Filter: 3
                                 ->  Nested Loop  (cost=7.60..14654.36 rows=37 width=37) (actual time=5.569..246.792 rows=1485 loops=2)
                                       ->  Nested Loop  (cost=7.18..14641.93 rows=26 width=25) (actual time=5.488..233.170 rows=5032 loops=2)
                                             Join Filter: (t.kind_id = kt.id)
                                             Rows Removed by Join Filter: 5581
                                             ->  Seq Scan on kind_type kt  (cost=0.00..1.09 rows=1 width=4) (actual time=0.001..0.003 rows=1 loops=2)
                                                   Filter: ((kind)::text = 'movie'::text)
                                                   Rows Removed by Filter: 6
                                             ->  Nested Loop  (cost=7.18..14638.55 rows=183 width=29) (actual time=0.655..231.782 rows=10613 loops=2)
                                                   ->  Nested Loop  (cost=6.75..14474.11 rows=337 width=4) (actual time=0.639..108.977 rows=24091 loops=2)
                                                         ->  Seq Scan on keyword k  (cost=0.00..3967.82 rows=10 width=4) (actual time=0.133..36.051 rows=10 loops=2)
                                                               Filter: ((keyword)::text = ANY ('{superhero,marvel-comics,based-on-comic,tv-special,fight,violence,magnet,web,claw,laser}'::text[]))
                                                               Rows Removed by Filter: 134160
                                                         ->  Bitmap Heap Scan on movie_keyword mk  (cost=6.75..1047.64 rows=299 width=8) (actual time=0.647..7.010 rows=2409 loops=20)
                                                               Recheck Cond: (keyword_id = k.id)
                                                               Heap Blocks: exact=34254
                                                               ->  Bitmap Index Scan on keyword_id_movie_keyword  (cost=0.00..6.67 rows=299 width=0) (actual time=0.361..0.361 rows=2409 loops=20)
                                                                     Index Cond: (keyword_id = k.id)
                                                   ->  Index Scan using title_pkey on title t  (cost=0.43..0.49 rows=1 width=25) (actual time=0.005..0.005 rows=0 loops=48182)
                                                         Index Cond: (id = mk.movie_id)
                                                         Filter: (production_year > 2000)
                                                         Rows Removed by Filter: 1
                                       ->  Index Scan using movie_id_complete_cast on complete_cast cc  (cost=0.42..0.46 rows=2 width=12) (actual time=0.002..0.002 rows=0 loops=10064)
                                             Index Cond: (movie_id = t.id)
                     ->  Index Scan using movie_id_cast_info on cast_info ci  (cost=0.56..1.52 rows=37 width=12) (actual time=0.012..0.399 rows=150 loops=1267)
                           Index Cond: (movie_id = mk.movie_id)
               ->  Index Scan using char_name_pkey on char_name chn  (cost=0.43..0.46 rows=1 width=4) (actual time=0.002..0.002 rows=0 loops=189844)
                     Index Cond: (id = ci.person_role_id)
                     Filter: ((name IS NOT NULL) AND (((name)::text ~~ '%man%'::text) OR ((name)::text ~~ '%Man%'::text)))
                     Rows Removed by Filter: 0
         ->  Index Scan using name_pkey on name n  (cost=0.43..0.45 rows=1 width=19) (actual time=0.008..0.008 rows=1 loops=5406)
               Index Cond: (id = ci.person_id)
 Planning Time: 16.295 ms
 Execution Time: 1502.853 ms
(50 rows)

SET
                                                                                         QUERY PLAN                                                                                          
---------------------------------------------------------------------------------------------------------------------------------------------------------------------------------------------
 Aggregate  (cost=3753.11..3753.12 rows=1 width=96) (actual time=104.441..104.441 rows=1 loops=1)
   ->  Nested Loop  (cost=8.75..3753.10 rows=1 width=118) (actual time=3.714..104.122 rows=1410 loops=1)
         Join Filter: (ml.movie_id = t.id)
         ->  Nested Loop  (cost=8.32..3752.60 rows=1 width=117) (actual time=3.693..101.081 rows=1816 loops=1)
               Join Filter: (ml.movie_id = mi.movie_id)
               ->  Nested Loop  (cost=7.89..3750.82 rows=1 width=113) (actual time=3.646..96.143 rows=402 loops=1)
                     Join Filter: (mc.company_type_id = ct.id)
                     Rows Removed by Join Filter: 20
                     ->  Nested Loop  (cost=7.89..3749.75 rows=1 width=117) (actual time=3.634..95.676 rows=422 loops=1)
                           ->  Nested Loop  (cost=7.47..3749.30 rows=1 width=102) (actual time=3.252..93.244 rows=1021 loops=1)
                                 Join Filter: (ml.movie_id = mc.movie_id)
                                 ->  Nested Loop  (cost=7.04..3748.73 rows=1 width=90) (actual time=3.221..92.062 rows=199 loops=1)
                                       Join Filter: (ml.link_type_id = lt.id)
                                       Rows Removed by Join Filter: 303
                                       ->  Seq Scan on link_type lt  (cost=0.00..1.23 rows=1 width=86) (actual time=0.014..0.018 rows=2 loops=1)
                                             Filter: ((link)::text ~~ '%follow%'::text)
                                             Rows Removed by Filter: 16
                                       ->  Nested Loop  (cost=7.04..3747.37 rows=11 width=12) (actual time=2.942..45.994 rows=251 loops=2)
                                             ->  Nested Loop  (cost=6.75..3732.91 rows=34 width=4) (actual time=2.935..36.399 rows=10544 loops=2)
                                                   ->  Seq Scan on keyword k  (cost=0.00..2626.12 rows=1 width=4) (actual time=0.676..10.533 rows=1 loops=2)
                                                         Filter: ((keyword)::text = 'sequel'::text)
                                                         Rows Removed by Filter: 134169
                                                   ->  Bitmap Heap Scan on movie_keyword mk  (cost=6.75..1103.80 rows=299 width=8) (actual time=2.241..24.830 rows=10544 loops=2)
                                                         Recheck Cond: (keyword_id = k.id)
                                                         Heap Blocks: exact=11140
                                                         ->  Bitmap Index Scan on keyword_id_movie_keyword  (cost=0.00..6.67 rows=299 width=0) (actual time=1.316..1.316 rows=10544 loops=2)
                                                               Index Cond: (keyword_id = k.id)
                                             ->  Index Scan using movie_id_movie_link on movie_link ml  (cost=0.29..0.38 rows=5 width=8) (actual time=0.001..0.001 rows=0 loops=21088)
                                                   Index Cond: (movie_id = mk.movie_id)
                                 ->  Index Scan using movie_id_movie_companies on movie_companies mc  (cost=0.43..0.54 rows=2 width=12) (actual time=0.004..0.005 rows=5 loops=199)
                                       Index Cond: (movie_id = mk.movie_id)
                                       Filter: (note IS NULL)
                                       Rows Removed by Filter: 2
                           ->  Index Scan using company_name_pkey on company_name cn  (cost=0.42..0.46 rows=1 width=23) (actual time=0.002..0.002 rows=0 loops=1021)
                                 Index Cond: (id = mc.company_id)
                                 Filter: (((country_code)::text <> '[pl]'::text) AND (((name)::text ~~ '%Film%'::text) OR ((name)::text ~~ '%Warner%'::text)))
                                 Rows Removed by Filter: 1
                     ->  Seq Scan on company_type ct  (cost=0.00..1.05 rows=1 width=4) (actual time=0.001..0.001 rows=1 loops=422)
                           Filter: ((kind)::text = 'production companies'::text)
                           Rows Removed by Filter: 1
               ->  Index Scan using movie_id_movie_info on movie_info mi  (cost=0.43..1.77 rows=1 width=4) (actual time=0.009..0.012 rows=5 loops=402)
                     Index Cond: (movie_id = mk.movie_id)
                     Filter: ((info)::text = ANY ('{Sweden,Norway,Germany,Denmark,Swedish,Denish,Norwegian,German}'::text[]))
                     Rows Removed by Filter: 16
         ->  Index Scan using title_pkey on title t  (cost=0.43..0.49 rows=1 width=21) (actual time=0.001..0.001 rows=1 loops=1816)
               Index Cond: (id = mk.movie_id)
               Filter: ((production_year >= 1950) AND (production_year <= 2000))
               Rows Removed by Filter: 0
 Planning Time: 15.282 ms
 Execution Time: 104.628 ms
(50 rows)

SET
                                                                                         QUERY PLAN                                                                                          
---------------------------------------------------------------------------------------------------------------------------------------------------------------------------------------------
 Aggregate  (cost=3752.79..3752.80 rows=1 width=96) (actual time=68.861..68.861 rows=1 loops=1)
   ->  Nested Loop  (cost=8.75..3752.79 rows=1 width=118) (actual time=3.478..68.840 rows=38 loops=1)
         Join Filter: (ml.movie_id = t.id)
         ->  Nested Loop  (cost=8.32..3752.28 rows=1 width=117) (actual time=3.107..68.294 rows=308 loops=1)
               Join Filter: (ml.movie_id = mi.movie_id)
               ->  Nested Loop  (cost=7.89..3750.82 rows=1 width=113) (actual time=3.089..64.926 rows=402 loops=1)
                     Join Filter: (mc.company_type_id = ct.id)
                     Rows Removed by Join Filter: 20
                     ->  Nested Loop  (cost=7.89..3749.75 rows=1 width=117) (actual time=3.081..64.476 rows=422 loops=1)
                           ->  Nested Loop  (cost=7.47..3749.30 rows=1 width=102) (actual time=2.899..62.451 rows=1021 loops=1)
                                 Join Filter: (ml.movie_id = mc.movie_id)
                                 ->  Nested Loop  (cost=7.04..3748.73 rows=1 width=90) (actual time=2.886..61.549 rows=199 loops=1)
                                       Join Filter: (ml.link_type_id = lt.id)
                                       Rows Removed by Join Filter: 303
                                       ->  Seq Scan on link_type lt  (cost=0.00..1.23 rows=1 width=86) (actual time=0.004..0.009 rows=2 loops=1)
                                             Filter: ((link)::text ~~ '%follow%'::text)
                                             Rows Removed by Filter: 16
                                       ->  Nested Loop  (cost=7.04..3747.37 rows=11 width=12) (actual time=2.755..30.743 rows=251 loops=2)
                                             ->  Nested Loop  (cost=6.75..3732.91 rows=34 width=4) (actual time=2.749..21.620 rows=10544 loops=2)
                                                   ->  Seq Scan on keyword k  (cost=0.00..2626.12 rows=1 width=4) (actual time=0.574..9.895 rows=1 loops=2)
                                                         Filter: ((keyword)::text = 'sequel'::text)
                                                         Rows Removed by Filter: 134169
                                                   ->  Bitmap Heap Scan on movie_keyword mk  (cost=6.75..1103.80 rows=299 width=8) (actual time=2.160..10.761 rows=10544 loops=2)
                                                         Recheck Cond: (keyword_id = k.id)
                                                         Heap Blocks: exact=11140
                                                         ->  Bitmap Index Scan on keyword_id_movie_keyword  (cost=0.00..6.67 rows=299 width=0) (actual time=1.242..1.242 rows=10544 loops=2)
                                                               Index Cond: (keyword_id = k.id)
                                             ->  Index Scan using movie_id_movie_link on movie_link ml  (cost=0.29..0.38 rows=5 width=8) (actual time=0.001..0.001 rows=0 loops=21088)
                                                   Index Cond: (movie_id = mk.movie_id)
                                 ->  Index Scan using movie_id_movie_companies on movie_companies mc  (cost=0.43..0.54 rows=2 width=12) (actual time=0.003..0.004 rows=5 loops=199)
                                       Index Cond: (movie_id = mk.movie_id)
                                       Filter: (note IS NULL)
                                       Rows Removed by Filter: 2
                           ->  Index Scan using company_name_pkey on company_name cn  (cost=0.42..0.46 rows=1 width=23) (actual time=0.002..0.002 rows=0 loops=1021)
                                 Index Cond: (id = mc.company_id)
                                 Filter: (((country_code)::text <> '[pl]'::text) AND (((name)::text ~~ '%Film%'::text) OR ((name)::text ~~ '%Warner%'::text)))
                                 Rows Removed by Filter: 1
                     ->  Seq Scan on company_type ct  (cost=0.00..1.05 rows=1 width=4) (actual time=0.001..0.001 rows=1 loops=422)
                           Filter: ((kind)::text = 'production companies'::text)
                           Rows Removed by Filter: 1
               ->  Index Scan using movie_id_movie_info on movie_info mi  (cost=0.43..1.45 rows=1 width=4) (actual time=0.007..0.008 rows=1 loops=402)
                     Index Cond: (movie_id = mk.movie_id)
                     Filter: ((info)::text = ANY ('{Germany,German}'::text[]))
                     Rows Removed by Filter: 20
         ->  Index Scan using title_pkey on title t  (cost=0.43..0.49 rows=1 width=21) (actual time=0.002..0.002 rows=0 loops=308)
               Index Cond: (id = mk.movie_id)
               Filter: ((production_year >= 2000) AND (production_year <= 2010))
               Rows Removed by Filter: 1
 Planning Time: 14.385 ms
 Execution Time: 69.042 ms
(50 rows)

SET
                                                                                         QUERY PLAN                                                                                          
---------------------------------------------------------------------------------------------------------------------------------------------------------------------------------------------
 Aggregate  (cost=3753.19..3753.20 rows=1 width=96) (actual time=71.813..71.813 rows=1 loops=1)
   ->  Nested Loop  (cost=8.75..3753.18 rows=1 width=118) (actual time=3.007..71.412 rows=1874 loops=1)
         Join Filter: (ml.movie_id = t.id)
         ->  Nested Loop  (cost=8.32..3752.68 rows=1 width=117) (actual time=3.001..68.249 rows=1874 loops=1)
               Join Filter: (ml.movie_id = mi.movie_id)
               ->  Nested Loop  (cost=7.89..3750.82 rows=1 width=113) (actual time=2.985..63.600 rows=402 loops=1)
                     Join Filter: (mc.company_type_id = ct.id)
                     Rows Removed by Join Filter: 20
                     ->  Nested Loop  (cost=7.89..3749.75 rows=1 width=117) (actual time=2.978..63.146 rows=422 loops=1)
                           ->  Nested Loop  (cost=7.47..3749.30 rows=1 width=102) (actual time=2.809..61.160 rows=1021 loops=1)
                                 Join Filter: (ml.movie_id = mc.movie_id)
                                 ->  Nested Loop  (cost=7.04..3748.73 rows=1 width=90) (actual time=2.798..60.289 rows=199 loops=1)
                                       Join Filter: (ml.link_type_id = lt.id)
                                       Rows Removed by Join Filter: 303
                                       ->  Seq Scan on link_type lt  (cost=0.00..1.23 rows=1 width=86) (actual time=0.004..0.008 rows=2 loops=1)
                                             Filter: ((link)::text ~~ '%follow%'::text)
                                             Rows Removed by Filter: 16
                                       ->  Nested Loop  (cost=7.04..3747.37 rows=11 width=12) (actual time=2.704..30.114 rows=251 loops=2)
                                             ->  Nested Loop  (cost=6.75..3732.91 rows=34 width=4) (actual time=2.698..21.015 rows=10544 loops=2)
                                                   ->  Seq Scan on keyword k  (cost=0.00..2626.12 rows=1 width=4) (actual time=0.566..9.937 rows=1 loops=2)
                                                         Filter: ((keyword)::text = 'sequel'::text)
                                                         Rows Removed by Filter: 134169
                                                   ->  Bitmap Heap Scan on movie_keyword mk  (cost=6.75..1103.80 rows=299 width=8) (actual time=2.119..10.102 rows=10544 loops=2)
                                                         Recheck Cond: (keyword_id = k.id)
                                                         Heap Blocks: exact=11140
                                                         ->  Bitmap Index Scan on keyword_id_movie_keyword  (cost=0.00..6.67 rows=299 width=0) (actual time=1.209..1.209 rows=10544 loops=2)
                                                               Index Cond: (keyword_id = k.id)
                                             ->  Index Scan using movie_id_movie_link on movie_link ml  (cost=0.29..0.38 rows=5 width=8) (actual time=0.001..0.001 rows=0 loops=21088)
                                                   Index Cond: (movie_id = mk.movie_id)
                                 ->  Index Scan using movie_id_movie_companies on movie_companies mc  (cost=0.43..0.54 rows=2 width=12) (actual time=0.002..0.003 rows=5 loops=199)
                                       Index Cond: (movie_id = mk.movie_id)
                                       Filter: (note IS NULL)
                                       Rows Removed by Filter: 2
                           ->  Index Scan using company_name_pkey on company_name cn  (cost=0.42..0.46 rows=1 width=23) (actual time=0.002..0.002 rows=0 loops=1021)
                                 Index Cond: (id = mc.company_id)
                                 Filter: (((country_code)::text <> '[pl]'::text) AND (((name)::text ~~ '%Film%'::text) OR ((name)::text ~~ '%Warner%'::text)))
                                 Rows Removed by Filter: 1
                     ->  Seq Scan on company_type ct  (cost=0.00..1.05 rows=1 width=4) (actual time=0.001..0.001 rows=1 loops=422)
                           Filter: ((kind)::text = 'production companies'::text)
                           Rows Removed by Filter: 1
               ->  Index Scan using movie_id_movie_info on movie_info mi  (cost=0.43..1.82 rows=3 width=4) (actual time=0.008..0.011 rows=5 loops=402)
                     Index Cond: (movie_id = mk.movie_id)
                     Filter: ((info)::text = ANY ('{Sweden,Norway,Germany,Denmark,Swedish,Denish,Norwegian,German,English}'::text[]))
                     Rows Removed by Filter: 16
         ->  Index Scan using title_pkey on title t  (cost=0.43..0.49 rows=1 width=21) (actual time=0.001..0.001 rows=1 loops=1874)
               Index Cond: (id = mk.movie_id)
               Filter: ((production_year >= 1950) AND (production_year <= 2010))
 Planning Time: 14.491 ms
 Execution Time: 72.017 ms
(49 rows)

SET
                                                                                               QUERY PLAN                                                                                                
---------------------------------------------------------------------------------------------------------------------------------------------------------------------------------------------------------
 Aggregate  (cost=7386.84..7386.85 rows=1 width=96) (actual time=549.258..549.259 rows=1 loops=1)
   ->  Nested Loop  (cost=8.89..7386.83 rows=1 width=42) (actual time=14.851..548.488 rows=2851 loops=1)
         Join Filter: (mi.info_type_id = it1.id)
         Rows Removed by Join Filter: 191
         ->  Nested Loop  (cost=8.89..7384.41 rows=1 width=46) (actual time=14.846..539.020 rows=3042 loops=1)
               Join Filter: (t.id = mi.movie_id)
               ->  Nested Loop  (cost=8.46..7382.82 rows=1 width=58) (actual time=6.608..396.976 rows=2958 loops=1)
                     Join Filter: (mc.company_type_id = ct.id)
                     ->  Nested Loop  (cost=8.46..7381.73 rows=1 width=62) (actual time=6.601..394.172 rows=2958 loops=1)
                           ->  Nested Loop  (cost=8.04..7381.19 rows=1 width=47) (actual time=6.584..380.653 rows=3374 loops=1)
                                 Join Filter: (t.id = mc.movie_id)
                                 ->  Nested Loop  (cost=7.61..7380.61 rows=1 width=35) (actual time=6.555..344.208 rows=2378 loops=1)
                                       Join Filter: (mi_idx.info_type_id = it2.id)
                                       Rows Removed by Join Filter: 6322
                                       ->  Seq Scan on info_type it2  (cost=0.00..2.41 rows=1 width=4) (actual time=0.011..0.013 rows=1 loops=1)
                                             Filter: ((info)::text = 'rating'::text)
                                             Rows Removed by Filter: 112
                                       ->  Nested Loop  (cost=7.61..7377.88 rows=25 width=39) (actual time=4.448..343.320 rows=8700 loops=1)
                                             Join Filter: (t.id = mi_idx.movie_id)
                                             ->  Nested Loop  (cost=7.18..7372.53 rows=10 width=25) (actual time=4.427..313.291 rows=4832 loops=1)
                                                   Join Filter: (t.kind_id = kt.id)
                                                   Rows Removed by Join Filter: 2286
                                                   ->  Nested Loop  (cost=7.18..7370.44 rows=35 width=29) (actual time=4.409..311.412 rows=5606 loops=1)
                                                         ->  Nested Loop  (cost=6.75..7304.56 rows=135 width=4) (actual time=4.337..136.545 rows=37091 loops=1)
                                                               ->  Seq Scan on keyword k  (cost=0.00..2961.55 rows=4 width=4) (actual time=0.943..20.870 rows=3 loops=1)
                                                                     Filter: ((keyword)::text = ANY ('{murder,murder-in-title,blood,violence}'::text[]))
                                                                     Rows Removed by Filter: 134167
                                                               ->  Bitmap Heap Scan on movie_keyword mk  (cost=6.75..1082.76 rows=299 width=8) (actual time=3.396..37.103 rows=12364 loops=3)
                                                                     Recheck Cond: (keyword_id = k.id)
                                                                     Heap Blocks: exact=26312
                                                                     ->  Bitmap Index Scan on keyword_id_movie_keyword  (cost=0.00..6.67 rows=299 width=0) (actual time=1.863..1.863 rows=12364 loops=3)
                                                                           Index Cond: (keyword_id = k.id)
                                                         ->  Index Scan using title_pkey on title t  (cost=0.43..0.49 rows=1 width=25) (actual time=0.004..0.004 rows=0 loops=37091)
                                                               Index Cond: (id = mk.movie_id)
                                                               Filter: (production_year > 2008)
                                                               Rows Removed by Filter: 1
                                                   ->  Materialize  (cost=0.00..1.10 rows=2 width=4) (actual time=0.000..0.000 rows=1 loops=5606)
                                                         ->  Seq Scan on kind_type kt  (cost=0.00..1.09 rows=2 width=4) (actual time=0.012..0.013 rows=2 loops=1)
                                                               Filter: ((kind)::text = ANY ('{movie,episode}'::text[]))
                                                               Rows Removed by Filter: 5
                                             ->  Index Scan using movie_id_movie_info_idx on movie_info_idx mi_idx  (cost=0.43..0.50 rows=3 width=14) (actual time=0.005..0.006 rows=2 loops=4832)
                                                   Index Cond: (movie_id = mk.movie_id)
                                                   Filter: ((info)::text < '7.0'::text)
                                                   Rows Removed by Filter: 0
                                 ->  Index Scan using movie_id_movie_companies on movie_companies mc  (cost=0.43..0.57 rows=1 width=12) (actual time=0.013..0.015 rows=1 loops=2378)
                                       Index Cond: (movie_id = mk.movie_id)
                                       Filter: (((note)::text !~~ '%(USA)%'::text) AND ((note)::text ~~ '%(200%)%'::text))
                                       Rows Removed by Filter: 10
                           ->  Index Scan using company_name_pkey on company_name cn  (cost=0.42..0.55 rows=1 width=23) (actual time=0.004..0.004 rows=1 loops=3374)
                                 Index Cond: (id = mc.company_id)
                                 Filter: ((country_code)::text <> '[us]'::text)
                                 Rows Removed by Filter: 0
                     ->  Seq Scan on company_type ct  (cost=0.00..1.04 rows=4 width=4) (actual time=0.000..0.000 rows=1 loops=2958)
               ->  Index Scan using movie_id_movie_info on movie_info mi  (cost=0.43..1.56 rows=2 width=8) (actual time=0.043..0.048 rows=1 loops=2958)
                     Index Cond: (movie_id = mk.movie_id)
                     Filter: ((info)::text = ANY ('{Germany,German,USA,American}'::text[]))
                     Rows Removed by Filter: 155
         ->  Seq Scan on info_type it1  (cost=0.00..2.41 rows=1 width=4) (actual time=0.002..0.003 rows=1 loops=3042)
               Filter: ((info)::text = 'countries'::text)
               Rows Removed by Filter: 14
 Planning Time: 37.370 ms
 Execution Time: 549.462 ms
(62 rows)

SET
                                                                                               QUERY PLAN                                                                                                
---------------------------------------------------------------------------------------------------------------------------------------------------------------------------------------------------------
 Aggregate  (cost=7385.52..7385.53 rows=1 width=96) (actual time=368.507..368.507 rows=1 loops=1)
   ->  Nested Loop  (cost=8.89..7385.51 rows=1 width=42) (actual time=18.306..368.477 rows=31 loops=1)
         Join Filter: (mi.info_type_id = it1.id)
         Rows Removed by Join Filter: 3
         ->  Nested Loop  (cost=8.89..7383.09 rows=1 width=46) (actual time=18.301..368.335 rows=34 loops=1)
               Join Filter: (t.id = mi.movie_id)
               ->  Nested Loop  (cost=8.46..7381.50 rows=1 width=58) (actual time=18.208..365.031 rows=50 loops=1)
                     Join Filter: (mc.company_type_id = ct.id)
                     ->  Nested Loop  (cost=8.46..7380.41 rows=1 width=62) (actual time=18.202..364.941 rows=50 loops=1)
                           ->  Nested Loop  (cost=8.04..7379.87 rows=1 width=47) (actual time=18.187..364.330 rows=78 loops=1)
                                 Join Filter: (t.id = mc.movie_id)
                                 ->  Nested Loop  (cost=7.61..7379.29 rows=1 width=35) (actual time=8.098..339.857 rows=1615 loops=1)
                                       Join Filter: (mi_idx.info_type_id = it2.id)
                                       Rows Removed by Join Filter: 4362
                                       ->  Seq Scan on info_type it2  (cost=0.00..2.41 rows=1 width=4) (actual time=0.012..0.013 rows=1 loops=1)
                                             Filter: ((info)::text = 'rating'::text)
                                             Rows Removed by Filter: 112
                                       ->  Nested Loop  (cost=7.61..7376.61 rows=21 width=39) (actual time=4.592..339.233 rows=5977 loops=1)
                                             Join Filter: (t.id = mi_idx.movie_id)
                                             ->  Nested Loop  (cost=7.18..7372.33 rows=8 width=25) (actual time=4.570..317.135 rows=3517 loops=1)
                                                   Join Filter: (t.kind_id = kt.id)
                                                   Rows Removed by Join Filter: 1618
                                                   ->  Nested Loop  (cost=7.18..7370.44 rows=28 width=29) (actual time=4.554..315.753 rows=4040 loops=1)
                                                         ->  Nested Loop  (cost=6.75..7304.56 rows=135 width=4) (actual time=4.485..144.783 rows=37091 loops=1)
                                                               ->  Seq Scan on keyword k  (cost=0.00..2961.55 rows=4 width=4) (actual time=1.134..20.935 rows=3 loops=1)
                                                                     Filter: ((keyword)::text = ANY ('{murder,murder-in-title,blood,violence}'::text[]))
                                                                     Rows Removed by Filter: 134167
                                                               ->  Bitmap Heap Scan on movie_keyword mk  (cost=6.75..1082.76 rows=299 width=8) (actual time=3.368..39.758 rows=12364 loops=3)
                                                                     Recheck Cond: (keyword_id = k.id)
                                                                     Heap Blocks: exact=26312
                                                                     ->  Bitmap Index Scan on keyword_id_movie_keyword  (cost=0.00..6.67 rows=299 width=0) (actual time=1.848..1.848 rows=12364 loops=3)
                                                                           Index Cond: (keyword_id = k.id)
                                                         ->  Index Scan using title_pkey on title t  (cost=0.43..0.49 rows=1 width=25) (actual time=0.004..0.004 rows=0 loops=37091)
                                                               Index Cond: (id = mk.movie_id)
                                                               Filter: (production_year > 2009)
                                                               Rows Removed by Filter: 1
                                                   ->  Materialize  (cost=0.00..1.10 rows=2 width=4) (actual time=0.000..0.000 rows=1 loops=4040)
                                                         ->  Seq Scan on kind_type kt  (cost=0.00..1.09 rows=2 width=4) (actual time=0.009..0.011 rows=2 loops=1)
                                                               Filter: ((kind)::text = ANY ('{movie,episode}'::text[]))
                                                               Rows Removed by Filter: 5
                                             ->  Index Scan using movie_id_movie_info_idx on movie_info_idx mi_idx  (cost=0.43..0.50 rows=3 width=14) (actual time=0.005..0.006 rows=2 loops=3517)
                                                   Index Cond: (movie_id = mk.movie_id)
                                                   Filter: ((info)::text < '7.0'::text)
                                                   Rows Removed by Filter: 0
                                 ->  Index Scan using movie_id_movie_companies on movie_companies mc  (cost=0.43..0.57 rows=1 width=12) (actual time=0.015..0.015 rows=0 loops=1615)
                                       Index Cond: (movie_id = mk.movie_id)
                                       Filter: (((note)::text !~~ '%(USA)%'::text) AND ((note)::text ~~ '%(200%)%'::text))
                                       Rows Removed by Filter: 12
                           ->  Index Scan using company_name_pkey on company_name cn  (cost=0.42..0.55 rows=1 width=23) (actual time=0.007..0.007 rows=1 loops=78)
                                 Index Cond: (id = mc.company_id)
                                 Filter: ((country_code)::text <> '[us]'::text)
                                 Rows Removed by Filter: 0
                     ->  Seq Scan on company_type ct  (cost=0.00..1.04 rows=4 width=4) (actual time=0.001..0.001 rows=1 loops=50)
               ->  Index Scan using movie_id_movie_info on movie_info mi  (cost=0.43..1.56 rows=2 width=8) (actual time=0.060..0.065 rows=1 loops=50)
                     Index Cond: (movie_id = mk.movie_id)
                     Filter: ((info)::text = ANY ('{Germany,German,USA,American}'::text[]))
                     Rows Removed by Filter: 53
         ->  Seq Scan on info_type it1  (cost=0.00..2.41 rows=1 width=4) (actual time=0.003..0.003 rows=1 loops=34)
               Filter: ((info)::text = 'countries'::text)
               Rows Removed by Filter: 16
 Planning Time: 38.166 ms
 Execution Time: 368.738 ms
(62 rows)

SET
                                                                                               QUERY PLAN                                                                                                
---------------------------------------------------------------------------------------------------------------------------------------------------------------------------------------------------------
 Aggregate  (cost=7390.61..7390.62 rows=1 width=96) (actual time=2360.245..2360.245 rows=1 loops=1)
   ->  Nested Loop  (cost=8.89..7390.60 rows=1 width=42) (actual time=6.119..2354.669 rows=21489 loops=1)
         Join Filter: (mi.info_type_id = it1.id)
         Rows Removed by Join Filter: 3123
         ->  Nested Loop  (cost=8.89..7388.18 rows=1 width=46) (actual time=6.113..2269.024 rows=24612 loops=1)
               Join Filter: (t.id = mi.movie_id)
               ->  Nested Loop  (cost=8.46..7386.28 rows=1 width=58) (actual time=6.054..550.724 rows=23425 loops=1)
                     Join Filter: (mc.company_type_id = ct.id)
                     ->  Nested Loop  (cost=8.46..7385.19 rows=1 width=62) (actual time=6.041..529.110 rows=23425 loops=1)
                           ->  Nested Loop  (cost=8.04..7384.64 rows=1 width=47) (actual time=6.028..458.733 rows=25316 loops=1)
                                 Join Filter: (t.id = mc.movie_id)
                                 ->  Nested Loop  (cost=7.61..7384.06 rows=1 width=35) (actual time=4.623..371.683 rows=5949 loops=1)
                                       Join Filter: (mi_idx.info_type_id = it2.id)
                                       Rows Removed by Join Filter: 11839
                                       ->  Seq Scan on info_type it2  (cost=0.00..2.41 rows=1 width=4) (actual time=0.012..0.013 rows=1 loops=1)
                                             Filter: ((info)::text = 'rating'::text)
                                             Rows Removed by Filter: 112
                                       ->  Nested Loop  (cost=7.61..7381.10 rows=44 width=39) (actual time=4.607..369.748 rows=17788 loops=1)
                                             Join Filter: (t.id = mi_idx.movie_id)
                                             ->  Nested Loop  (cost=7.18..7373.07 rows=15 width=25) (actual time=4.586..321.378 rows=8073 loops=1)
                                                   Join Filter: (t.kind_id = kt.id)
                                                   Rows Removed by Join Filter: 4332
                                                   ->  Nested Loop  (cost=7.18..7370.44 rows=54 width=29) (actual time=4.519..317.987 rows=9739 loops=1)
                                                         ->  Nested Loop  (cost=6.75..7304.56 rows=135 width=4) (actual time=4.492..140.900 rows=37091 loops=1)
                                                               ->  Seq Scan on keyword k  (cost=0.00..2961.55 rows=4 width=4) (actual time=1.136..20.889 rows=3 loops=1)
                                                                     Filter: ((keyword)::text = ANY ('{murder,murder-in-title,blood,violence}'::text[]))
                                                                     Rows Removed by Filter: 134167
                                                               ->  Bitmap Heap Scan on movie_keyword mk  (cost=6.75..1082.76 rows=299 width=8) (actual time=3.400..38.557 rows=12364 loops=3)
                                                                     Recheck Cond: (keyword_id = k.id)
                                                                     Heap Blocks: exact=26312
                                                                     ->  Bitmap Index Scan on keyword_id_movie_keyword  (cost=0.00..6.67 rows=299 width=0) (actual time=1.866..1.866 rows=12364 loops=3)
                                                                           Index Cond: (keyword_id = k.id)
                                                         ->  Index Scan using title_pkey on title t  (cost=0.43..0.49 rows=1 width=25) (actual time=0.005..0.005 rows=0 loops=37091)
                                                               Index Cond: (id = mk.movie_id)
                                                               Filter: (production_year > 2005)
                                                               Rows Removed by Filter: 1
                                                   ->  Materialize  (cost=0.00..1.10 rows=2 width=4) (actual time=0.000..0.000 rows=1 loops=9739)
                                                         ->  Seq Scan on kind_type kt  (cost=0.00..1.09 rows=2 width=4) (actual time=0.011..0.013 rows=2 loops=1)
                                                               Filter: ((kind)::text = ANY ('{movie,episode}'::text[]))
                                                               Rows Removed by Filter: 5
                                             ->  Index Scan using movie_id_movie_info_idx on movie_info_idx mi_idx  (cost=0.43..0.50 rows=3 width=14) (actual time=0.005..0.005 rows=2 loops=8073)
                                                   Index Cond: (movie_id = mk.movie_id)
                                                   Filter: ((info)::text < '8.5'::text)
                                                   Rows Removed by Filter: 0
                                 ->  Index Scan using movie_id_movie_companies on movie_companies mc  (cost=0.43..0.57 rows=1 width=12) (actual time=0.009..0.014 rows=4 loops=5949)
                                       Index Cond: (movie_id = mk.movie_id)
                                       Filter: (((note)::text !~~ '%(USA)%'::text) AND ((note)::text ~~ '%(200%)%'::text))
                                       Rows Removed by Filter: 8
                           ->  Index Scan using company_name_pkey on company_name cn  (cost=0.42..0.55 rows=1 width=23) (actual time=0.002..0.002 rows=1 loops=25316)
                                 Index Cond: (id = mc.company_id)
                                 Filter: ((country_code)::text <> '[us]'::text)
                                 Rows Removed by Filter: 0
                     ->  Seq Scan on company_type ct  (cost=0.00..1.04 rows=4 width=4) (actual time=0.000..0.000 rows=1 loops=23425)
               ->  Index Scan using movie_id_movie_info on movie_info mi  (cost=0.43..1.87 rows=2 width=8) (actual time=0.061..0.073 rows=1 loops=23425)
                     Index Cond: (movie_id = mk.movie_id)
                     Filter: ((info)::text = ANY ('{Sweden,Norway,Germany,Denmark,Swedish,Danish,Norwegian,German,USA,American}'::text[]))
                     Rows Removed by Filter: 180
         ->  Seq Scan on info_type it1  (cost=0.00..2.41 rows=1 width=4) (actual time=0.002..0.003 rows=1 loops=24612)
               Filter: ((info)::text = 'countries'::text)
               Rows Removed by Filter: 20
 Planning Time: 38.479 ms
 Execution Time: 2360.472 ms
(62 rows)

SET
                                                                                               QUERY PLAN                                                                                                
---------------------------------------------------------------------------------------------------------------------------------------------------------------------------------------------------------
 Aggregate  (cost=7390.53..7390.54 rows=1 width=96) (actual time=1041.888..1041.888 rows=1 loops=1)
   ->  Nested Loop  (cost=8.89..7390.53 rows=1 width=42) (actual time=6.278..1031.887 rows=46281 loops=1)
         Join Filter: (mc.company_type_id = ct.id)
         Rows Removed by Join Filter: 4783
         ->  Nested Loop  (cost=8.89..7389.44 rows=1 width=46) (actual time=6.263..994.511 rows=46281 loops=1)
               ->  Nested Loop  (cost=8.47..7388.99 rows=1 width=31) (actual time=4.650..832.507 rows=64848 loops=1)
                     Join Filter: (t.id = mc.movie_id)
                     ->  Nested Loop  (cost=8.04..7388.39 rows=1 width=39) (actual time=4.637..774.821 rows=4115 loops=1)
                           Join Filter: (mi.info_type_id = it1.id)
                           Rows Removed by Join Filter: 594
                           ->  Nested Loop  (cost=8.04..7385.96 rows=1 width=43) (actual time=4.632..757.482 rows=4709 loops=1)
                                 Join Filter: (t.id = mi.movie_id)
                                 ->  Nested Loop  (cost=7.61..7384.06 rows=1 width=35) (actual time=4.585..365.326 rows=5949 loops=1)
                                       Join Filter: (mi_idx.info_type_id = it2.id)
                                       Rows Removed by Join Filter: 11839
                                       ->  Seq Scan on info_type it2  (cost=0.00..2.41 rows=1 width=4) (actual time=0.012..0.013 rows=1 loops=1)
                                             Filter: ((info)::text = 'rating'::text)
                                             Rows Removed by Filter: 112
                                       ->  Nested Loop  (cost=7.61..7381.10 rows=44 width=39) (actual time=4.569..363.440 rows=17788 loops=1)
                                             Join Filter: (t.id = mi_idx.movie_id)
                                             ->  Nested Loop  (cost=7.18..7373.07 rows=15 width=25) (actual time=4.554..316.196 rows=8073 loops=1)
                                                   Join Filter: (t.kind_id = kt.id)
                                                   Rows Removed by Join Filter: 4332
                                                   ->  Nested Loop  (cost=7.18..7370.44 rows=54 width=29) (actual time=4.494..312.892 rows=9739 loops=1)
                                                         ->  Nested Loop  (cost=6.75..7304.56 rows=135 width=4) (actual time=4.473..138.430 rows=37091 loops=1)
                                                               ->  Seq Scan on keyword k  (cost=0.00..2961.55 rows=4 width=4) (actual time=1.141..20.840 rows=3 loops=1)
                                                                     Filter: ((keyword)::text = ANY ('{murder,murder-in-title,blood,violence}'::text[]))
                                                                     Rows Removed by Filter: 134167
                                                               ->  Bitmap Heap Scan on movie_keyword mk  (cost=6.75..1082.76 rows=299 width=8) (actual time=3.385..37.825 rows=12364 loops=3)
                                                                     Recheck Cond: (keyword_id = k.id)
                                                                     Heap Blocks: exact=26312
                                                                     ->  Bitmap Index Scan on keyword_id_movie_keyword  (cost=0.00..6.67 rows=299 width=0) (actual time=1.854..1.854 rows=12364 loops=3)
                                                                           Index Cond: (keyword_id = k.id)
                                                         ->  Index Scan using title_pkey on title t  (cost=0.43..0.49 rows=1 width=25) (actual time=0.004..0.004 rows=0 loops=37091)
                                                               Index Cond: (id = mk.movie_id)
                                                               Filter: (production_year > 2005)
                                                               Rows Removed by Filter: 1
                                                   ->  Materialize  (cost=0.00..1.10 rows=2 width=4) (actual time=0.000..0.000 rows=1 loops=9739)
                                                         ->  Seq Scan on kind_type kt  (cost=0.00..1.09 rows=2 width=4) (actual time=0.010..0.011 rows=2 loops=1)
                                                               Filter: ((kind)::text = ANY ('{movie,episode}'::text[]))
                                                               Rows Removed by Filter: 5
                                             ->  Index Scan using movie_id_movie_info_idx on movie_info_idx mi_idx  (cost=0.43..0.50 rows=3 width=14) (actual time=0.005..0.005 rows=2 loops=8073)
                                                   Index Cond: (movie_id = mk.movie_id)
                                                   Filter: ((info)::text < '8.5'::text)
                                                   Rows Removed by Filter: 0
                                 ->  Index Scan using movie_id_movie_info on movie_info mi  (cost=0.43..1.87 rows=2 width=8) (actual time=0.056..0.066 rows=1 loops=5949)
                                       Index Cond: (movie_id = mk.movie_id)
                                       Filter: ((info)::text = ANY ('{Sweden,Norway,Germany,Denmark,Swedish,Danish,Norwegian,German,USA,American}'::text[]))
                                       Rows Removed by Filter: 71
                           ->  Seq Scan on info_type it1  (cost=0.00..2.41 rows=1 width=4) (actual time=0.002..0.003 rows=1 loops=4709)
                                 Filter: ((info)::text = 'countries'::text)
                                 Rows Removed by Filter: 20
                     ->  Index Scan using movie_id_movie_companies on movie_companies mc  (cost=0.43..0.54 rows=5 width=12) (actual time=0.006..0.011 rows=16 loops=4115)
                           Index Cond: (movie_id = mk.movie_id)
               ->  Index Scan using company_name_pkey on company_name cn  (cost=0.42..0.45 rows=1 width=23) (actual time=0.002..0.002 rows=1 loops=64848)
                     Index Cond: (id = mc.company_id)
                     Filter: ((country_code)::text <> '[us]'::text)
                     Rows Removed by Filter: 0
         ->  Seq Scan on company_type ct  (cost=0.00..1.04 rows=4 width=4) (actual time=0.000..0.000 rows=1 loops=46281)
 Planning Time: 39.824 ms
 Execution Time: 1042.177 ms
(61 rows)

SET
                                                                                                    QUERY PLAN                                                                                                    
------------------------------------------------------------------------------------------------------------------------------------------------------------------------------------------------------------------
 Aggregate  (cost=57942.47..57942.48 rows=1 width=64) (actual time=255.145..255.145 rows=1 loops=1)
   ->  Nested Loop  (cost=4238.90..57942.46 rows=1 width=65) (actual time=230.495..255.028 rows=618 loops=1)
         ->  Nested Loop  (cost=4238.48..57942.02 rows=1 width=69) (actual time=230.461..252.508 rows=618 loops=1)
               ->  Nested Loop  (cost=4238.35..57941.87 rows=1 width=73) (actual time=230.421..251.853 rows=618 loops=1)
                     ->  Nested Loop  (cost=4237.93..57941.42 rows=1 width=77) (actual time=230.396..250.789 rows=618 loops=1)
                           Join Filter: (t.id = mc.movie_id)
                           ->  Nested Loop  (cost=4237.50..57940.82 rows=1 width=85) (actual time=230.363..249.600 rows=615 loops=1)
                                 ->  Gather  (cost=4237.06..57938.99 rows=1 width=77) (actual time=230.328..253.262 rows=5 loops=1)
                                       Workers Planned: 2
                                       Workers Launched: 2
                                       ->  Nested Loop  (cost=3237.06..56938.89 rows=1 width=77) (actual time=234.387..250.504 rows=2 loops=3)
                                             ->  Nested Loop  (cost=3236.92..56938.62 rows=1 width=81) (actual time=234.371..250.486 rows=2 loops=3)
                                                   ->  Hash Join  (cost=3236.49..54660.05 rows=1093 width=73) (actual time=131.497..187.634 rows=344 loops=3)
                                                         Hash Cond: (t.kind_id = kt.id)
                                                         ->  Hash Join  (cost=3235.39..54626.70 rows=7653 width=29) (actual time=28.991..187.424 rows=694 loops=3)
                                                               Hash Cond: (t.id = cc.movie_id)
                                                               ->  Parallel Seq Scan on title t  (cost=0.00..49166.29 rows=572932 width=25) (actual time=0.018..112.325 rows=460484 loops=3)
                                                                     Filter: (production_year > 2000)
                                                                     Rows Removed by Filter: 382286
                                                               ->  Hash  (cost=2813.24..2813.24 rows=33772 width=4) (actual time=28.397..28.397 rows=24592 loops=3)
                                                                     Buckets: 65536  Batches: 1  Memory Usage: 1377kB
                                                                     ->  Hash Join  (cost=1.06..2813.24 rows=33772 width=4) (actual time=0.033..25.069 rows=24592 loops=3)
                                                                           Hash Cond: (cc.status_id = cct1.id)
                                                                           ->  Seq Scan on complete_cast cc  (cost=0.00..2081.86 rows=135086 width=8) (actual time=0.008..12.356 rows=135086 loops=3)
                                                                           ->  Hash  (cost=1.05..1.05 rows=1 width=4) (actual time=0.010..0.010 rows=1 loops=3)
                                                                                 Buckets: 1024  Batches: 1  Memory Usage: 9kB
                                                                                 ->  Seq Scan on comp_cast_type cct1  (cost=0.00..1.05 rows=1 width=4) (actual time=0.007..0.007 rows=1 loops=3)
                                                                                       Filter: ((kind)::text = 'complete+verified'::text)
                                                                                       Rows Removed by Filter: 3
                                                         ->  Hash  (cost=1.09..1.09 rows=1 width=52) (actual time=0.022..0.022 rows=1 loops=3)
                                                               Buckets: 1024  Batches: 1  Memory Usage: 9kB
                                                               ->  Seq Scan on kind_type kt  (cost=0.00..1.09 rows=1 width=52) (actual time=0.016..0.017 rows=1 loops=3)
                                                                     Filter: ((kind)::text = 'movie'::text)
                                                                     Rows Removed by Filter: 6
                                                   ->  Index Scan using movie_id_movie_info on movie_info mi  (cost=0.43..2.07 rows=1 width=8) (actual time=0.182..0.182 rows=0 loops=1033)
                                                         Index Cond: (movie_id = t.id)
                                                         Filter: ((info IS NOT NULL) AND ((note)::text ~~ '%internet%'::text) AND (((info)::text ~~ 'USA:% 199%'::text) OR ((info)::text ~~ 'USA:% 200%'::text)))
                                                         Rows Removed by Filter: 211
                                             ->  Index Scan using info_type_pkey on info_type it1  (cost=0.14..0.20 rows=1 width=4) (actual time=0.010..0.010 rows=1 loops=5)
                                                   Index Cond: (id = mi.info_type_id)
                                                   Filter: ((info)::text = 'release dates'::text)
                                 ->  Index Scan using movie_id_movie_keyword on movie_keyword mk  (cost=0.43..1.36 rows=47 width=8) (actual time=0.012..0.034 rows=123 loops=5)
                                       Index Cond: (movie_id = t.id)
                           ->  Index Scan using movie_id_movie_companies on movie_companies mc  (cost=0.43..0.54 rows=5 width=12) (actual time=0.001..0.002 rows=1 loops=615)
                                 Index Cond: (movie_id = mk.movie_id)
                     ->  Index Scan using company_name_pkey on company_name cn  (cost=0.42..0.45 rows=1 width=4) (actual time=0.001..0.001 rows=1 loops=618)
                           Index Cond: (id = mc.company_id)
                           Filter: ((country_code)::text = '[us]'::text)
               ->  Index Only Scan using company_type_pkey on company_type ct  (cost=0.13..0.15 rows=1 width=4) (actual time=0.001..0.001 rows=1 loops=618)
                     Index Cond: (id = mc.company_type_id)
                     Heap Fetches: 618
         ->  Index Only Scan using keyword_pkey on keyword k  (cost=0.42..0.44 rows=1 width=4) (actual time=0.004..0.004 rows=1 loops=618)
               Index Cond: (id = mk.keyword_id)
               Heap Fetches: 618
 Planning Time: 37.652 ms
 Execution Time: 259.354 ms
(56 rows)

SET
                                                                                              QUERY PLAN                                                                                               
-------------------------------------------------------------------------------------------------------------------------------------------------------------------------------------------------------
 Aggregate  (cost=7387.30..7387.31 rows=1 width=64) (actual time=76.025..76.025 rows=1 loops=1)
   ->  Nested Loop  (cost=8.88..7387.29 rows=1 width=65) (actual time=20.867..76.008 rows=16 loops=1)
         Join Filter: (mi.info_type_id = it1.id)
         ->  Nested Loop  (cost=8.88..7384.87 rows=1 width=69) (actual time=20.860..75.948 rows=16 loops=1)
               Join Filter: (t.id = mi.movie_id)
               ->  Nested Loop  (cost=8.45..7383.30 rows=1 width=81) (actual time=4.132..56.639 rows=315 loops=1)
                     Join Filter: (mc.company_type_id = ct.id)
                     Rows Removed by Join Filter: 140
                     ->  Nested Loop  (cost=8.45..7382.21 rows=1 width=85) (actual time=4.119..56.293 rows=315 loops=1)
                           ->  Nested Loop  (cost=8.03..7380.87 rows=3 width=89) (actual time=4.052..50.552 rows=1218 loops=1)
                                 Join Filter: (t.id = mc.movie_id)
                                 ->  Nested Loop  (cost=7.60..7378.46 rows=4 width=77) (actual time=4.023..48.914 rows=60 loops=1)
                                       Join Filter: (cc.status_id = cct1.id)
                                       Rows Removed by Join Filter: 81
                                       ->  Seq Scan on comp_cast_type cct1  (cost=0.00..1.05 rows=1 width=4) (actual time=0.010..0.011 rows=1 loops=1)
                                             Filter: ((kind)::text = 'complete+verified'::text)
                                             Rows Removed by Filter: 3
                                       ->  Nested Loop  (cost=7.60..7377.22 rows=15 width=81) (actual time=4.000..48.877 rows=141 loops=1)
                                             ->  Nested Loop  (cost=7.18..7372.44 rows=10 width=73) (actual time=3.781..46.453 rows=401 loops=1)
                                                   Join Filter: (t.kind_id = kt.id)
                                                   Rows Removed by Join Filter: 156
                                                   ->  Seq Scan on kind_type kt  (cost=0.00..1.09 rows=1 width=52) (actual time=0.002..0.004 rows=1 loops=1)
                                                         Filter: ((kind)::text = 'movie'::text)
                                                         Rows Removed by Filter: 6
                                                   ->  Nested Loop  (cost=7.18..7370.44 rows=73 width=29) (actual time=0.931..46.359 rows=557 loops=1)
                                                         ->  Nested Loop  (cost=6.75..7304.56 rows=135 width=4) (actual time=0.912..31.713 rows=1133 loops=1)
                                                               ->  Seq Scan on keyword k  (cost=0.00..2961.55 rows=4 width=4) (actual time=0.695..23.412 rows=4 loops=1)
                                                                     Filter: ((keyword)::text = ANY ('{nerd,loner,alienation,dignity}'::text[]))
                                                                     Rows Removed by Filter: 134166
                                                               ->  Bitmap Heap Scan on movie_keyword mk  (cost=6.75..1082.76 rows=299 width=8) (actual time=0.098..2.037 rows=283 loops=4)
                                                                     Recheck Cond: (keyword_id = k.id)
                                                                     Heap Blocks: exact=1083
                                                                     ->  Bitmap Index Scan on keyword_id_movie_keyword  (cost=0.00..6.67 rows=299 width=0) (actual time=0.056..0.056 rows=283 loops=4)
                                                                           Index Cond: (keyword_id = k.id)
                                                         ->  Index Scan using title_pkey on title t  (cost=0.43..0.49 rows=1 width=25) (actual time=0.013..0.013 rows=0 loops=1133)
                                                               Index Cond: (id = mk.movie_id)
                                                               Filter: (production_year > 2000)
                                                               Rows Removed by Filter: 1
                                             ->  Index Scan using movie_id_complete_cast on complete_cast cc  (cost=0.42..0.46 rows=2 width=8) (actual time=0.005..0.006 rows=0 loops=401)
                                                   Index Cond: (movie_id = t.id)
                                 ->  Index Scan using movie_id_movie_companies on movie_companies mc  (cost=0.43..0.54 rows=5 width=12) (actual time=0.014..0.023 rows=20 loops=60)
                                       Index Cond: (movie_id = mk.movie_id)
                           ->  Index Scan using company_name_pkey on company_name cn  (cost=0.42..0.45 rows=1 width=4) (actual time=0.004..0.004 rows=0 loops=1218)
                                 Index Cond: (id = mc.company_id)
                                 Filter: ((country_code)::text = '[us]'::text)
                                 Rows Removed by Filter: 1
                     ->  Seq Scan on company_type ct  (cost=0.00..1.04 rows=4 width=4) (actual time=0.000..0.000 rows=1 loops=315)
               ->  Index Scan using movie_id_movie_info on movie_info mi  (cost=0.43..1.56 rows=1 width=8) (actual time=0.061..0.061 rows=0 loops=315)
                     Index Cond: (movie_id = mk.movie_id)
                     Filter: (((note)::text ~~ '%internet%'::text) AND ((info)::text ~~ 'USA:% 200%'::text))
                     Rows Removed by Filter: 268
         ->  Seq Scan on info_type it1  (cost=0.00..2.41 rows=1 width=4) (actual time=0.003..0.003 rows=1 loops=16)
               Filter: ((info)::text = 'release dates'::text)
               Rows Removed by Filter: 15
 Planning Time: 37.498 ms
 Execution Time: 76.246 ms
(56 rows)

SET
                                                                                                       QUERY PLAN                                                                                                       
------------------------------------------------------------------------------------------------------------------------------------------------------------------------------------------------------------------------
 Finalize Aggregate  (cost=67112.66..67112.67 rows=1 width=64) (actual time=358.801..358.801 rows=1 loops=1)
   ->  Gather  (cost=67112.44..67112.65 rows=2 width=64) (actual time=358.583..364.869 rows=3 loops=1)
         Workers Planned: 2
         Workers Launched: 2
         ->  Partial Aggregate  (cost=66112.44..66112.45 rows=1 width=64) (actual time=355.674..355.674 rows=1 loops=3)
               ->  Nested Loop  (cost=3238.95..66112.43 rows=2 width=65) (actual time=290.361..355.630 rows=209 loops=3)
                     ->  Nested Loop  (cost=3238.53..66111.55 rows=2 width=69) (actual time=290.341..354.881 rows=209 loops=3)
                           ->  Nested Loop  (cost=3238.10..66109.74 rows=1 width=81) (actual time=290.315..354.785 rows=2 loops=3)
                                 ->  Nested Loop  (cost=3237.97..66109.58 rows=1 width=85) (actual time=290.294..354.760 rows=2 loops=3)
                                       ->  Nested Loop  (cost=3237.55..66109.14 rows=1 width=89) (actual time=290.268..354.718 rows=2 loops=3)
                                             ->  Nested Loop  (cost=3237.12..66108.51 rows=1 width=77) (actual time=290.241..354.679 rows=2 loops=3)
                                                   ->  Nested Loop  (cost=3236.98..66107.43 rows=5 width=81) (actual time=290.224..354.658 rows=2 loops=3)
                                                         ->  Hash Join  (cost=3236.54..55258.37 rows=5532 width=73) (actual time=135.020..203.335 rows=1684 loops=3)
                                                               Hash Cond: (t.kind_id = kt.id)
                                                               ->  Hash Join  (cost=3235.39..55216.42 rows=9681 width=29) (actual time=28.642..202.775 rows=2141 loops=3)
                                                                     Hash Cond: (t.id = cc.movie_id)
                                                                     ->  Parallel Seq Scan on title t  (cost=0.00..49166.29 rows=724782 width=25) (actual time=0.024..114.580 rows=583011 loops=3)
                                                                           Filter: (production_year > 1990)
                                                                           Rows Removed by Filter: 259760
                                                                     ->  Hash  (cost=2813.24..2813.24 rows=33772 width=4) (actual time=28.199..28.199 rows=24592 loops=3)
                                                                           Buckets: 65536  Batches: 1  Memory Usage: 1377kB
                                                                           ->  Hash Join  (cost=1.06..2813.24 rows=33772 width=4) (actual time=0.029..24.857 rows=24592 loops=3)
                                                                                 Hash Cond: (cc.status_id = cct1.id)
                                                                                 ->  Seq Scan on complete_cast cc  (cost=0.00..2081.86 rows=135086 width=8) (actual time=0.006..12.308 rows=135086 loops=3)
                                                                                 ->  Hash  (cost=1.05..1.05 rows=1 width=4) (actual time=0.007..0.007 rows=1 loops=3)
                                                                                       Buckets: 1024  Batches: 1  Memory Usage: 9kB
                                                                                       ->  Seq Scan on comp_cast_type cct1  (cost=0.00..1.05 rows=1 width=4) (actual time=0.004..0.004 rows=1 loops=3)
                                                                                             Filter: ((kind)::text = 'complete+verified'::text)
                                                                                             Rows Removed by Filter: 3
                                                               ->  Hash  (cost=1.10..1.10 rows=4 width=52) (actual time=0.022..0.022 rows=4 loops=3)
                                                                     Buckets: 1024  Batches: 1  Memory Usage: 9kB
                                                                     ->  Seq Scan on kind_type kt  (cost=0.00..1.10 rows=4 width=52) (actual time=0.012..0.015 rows=4 loops=3)
                                                                           Filter: ((kind)::text = ANY ('{movie,"tv movie","video movie","video game"}'::text[]))
                                                                           Rows Removed by Filter: 3
                                                         ->  Index Scan using movie_id_movie_info on movie_info mi  (cost=0.43..1.95 rows=1 width=8) (actual time=0.090..0.090 rows=0 loops=5053)
                                                               Index Cond: (movie_id = t.id)
                                                               Filter: ((info IS NOT NULL) AND ((note)::text ~~ '%internet%'::text) AND (((info)::text ~~ 'USA:% 199%'::text) OR ((info)::text ~~ 'USA:% 200%'::text)))
                                                               Rows Removed by Filter: 123
                                                   ->  Index Scan using info_type_pkey on info_type it1  (cost=0.14..0.20 rows=1 width=4) (actual time=0.009..0.009 rows=1 loops=6)
                                                         Index Cond: (id = mi.info_type_id)
                                                         Filter: ((info)::text = 'release dates'::text)
                                             ->  Index Scan using movie_id_movie_companies on movie_companies mc  (cost=0.43..0.58 rows=5 width=12) (actual time=0.016..0.018 rows=1 loops=6)
                                                   Index Cond: (movie_id = t.id)
                                       ->  Index Scan using company_name_pkey on company_name cn  (cost=0.42..0.45 rows=1 width=4) (actual time=0.017..0.017 rows=1 loops=7)
                                             Index Cond: (id = mc.company_id)
                                             Filter: ((country_code)::text = '[us]'::text)
                                 ->  Index Only Scan using company_type_pkey on company_type ct  (cost=0.13..0.15 rows=1 width=4) (actual time=0.009..0.009 rows=1 loops=7)
                                       Index Cond: (id = mc.company_type_id)
                                       Heap Fetches: 7
                           ->  Index Scan using movie_id_movie_keyword on movie_keyword mk  (cost=0.43..1.34 rows=47 width=8) (actual time=0.015..0.030 rows=90 loops=7)
                                 Index Cond: (movie_id = t.id)
                     ->  Index Only Scan using keyword_pkey on keyword k  (cost=0.42..0.44 rows=1 width=4) (actual time=0.003..0.003 rows=1 loops=628)
                           Index Cond: (id = mk.keyword_id)
                           Heap Fetches: 628
 Planning Time: 36.012 ms
 Execution Time: 365.191 ms
(56 rows)

SET
                                                                                                  QUERY PLAN                                                                                                  
--------------------------------------------------------------------------------------------------------------------------------------------------------------------------------------------------------------
 Aggregate  (cost=6625.30..6625.31 rows=1 width=96) (actual time=440.336..440.336 rows=1 loops=1)
   ->  Nested Loop  (cost=10.31..6625.29 rows=1 width=48) (actual time=81.655..440.251 rows=275 loops=1)
         ->  Nested Loop  (cost=9.88..6623.49 rows=1 width=41) (actual time=2.290..426.923 rows=6518 loops=1)
               Join Filter: (it.id = mi.info_type_id)
               ->  Seq Scan on info_type it  (cost=0.00..2.41 rows=1 width=4) (actual time=0.007..0.014 rows=1 loops=1)
                     Filter: ((info)::text = 'release dates'::text)
                     Rows Removed by Filter: 112
               ->  Nested Loop  (cost=9.88..6621.07 rows=1 width=45) (actual time=2.281..425.983 rows=6518 loops=1)
                     Join Filter: (t.id = mi.movie_id)
                     ->  Nested Loop  (cost=9.45..6555.77 rows=2 width=57) (actual time=2.236..353.259 rows=4044 loops=1)
                           ->  Nested Loop  (cost=9.02..6553.68 rows=1 width=53) (actual time=2.205..346.709 rows=1578 loops=1)
                                 ->  Nested Loop  (cost=8.59..6551.98 rows=1 width=41) (actual time=2.173..340.299 rows=1608 loops=1)
                                       Join Filter: (rt.id = ci.role_id)
                                       Rows Removed by Join Filter: 5708
                                       ->  Seq Scan on role_type rt  (cost=0.00..1.15 rows=1 width=4) (actual time=0.013..0.015 rows=1 loops=1)
                                             Filter: ((role)::text = 'actress'::text)
                                             Rows Removed by Filter: 11
                                       ->  Nested Loop  (cost=8.59..6550.80 rows=2 width=45) (actual time=2.139..339.662 rows=7316 loops=1)
                                             Join Filter: (t.id = ci.movie_id)
                                             ->  Nested Loop  (cost=8.03..6311.77 rows=6 width=29) (actual time=1.241..155.550 rows=1576 loops=1)
                                                   ->  Nested Loop  (cost=7.61..6286.76 rows=17 width=33) (actual time=1.218..133.526 rows=5566 loops=1)
                                                         Join Filter: (t.id = mc.movie_id)
                                                         ->  Nested Loop  (cost=7.18..6231.61 rows=16 width=25) (actual time=1.195..125.337 rows=495 loops=1)
                                                               ->  Nested Loop  (cost=6.75..6072.14 rows=101 width=4) (actual time=1.020..58.446 rows=9696 loops=1)
                                                                     ->  Seq Scan on keyword k  (cost=0.00..2793.84 rows=3 width=4) (actual time=0.024..18.688 rows=3 loops=1)
                                                                           Filter: ((keyword)::text = ANY ('{hero,martial-arts,hand-to-hand-combat}'::text[]))
                                                                           Rows Removed by Filter: 134167
                                                                     ->  Bitmap Heap Scan on movie_keyword mk  (cost=6.75..1089.78 rows=299 width=8) (actual time=0.938..12.843 rows=3232 loops=3)
                                                                           Recheck Cond: (keyword_id = k.id)
                                                                           Heap Blocks: exact=7446
                                                                           ->  Bitmap Index Scan on keyword_id_movie_keyword  (cost=0.00..6.67 rows=299 width=0) (actual time=0.548..0.548 rows=3232 loops=3)
                                                                                 Index Cond: (keyword_id = k.id)
                                                               ->  Index Scan using title_pkey on title t  (cost=0.43..1.58 rows=1 width=21) (actual time=0.007..0.007 rows=0 loops=9696)
                                                                     Index Cond: (id = mk.movie_id)
                                                                     Filter: (production_year > 2010)
                                                                     Rows Removed by Filter: 1
                                                         ->  Index Scan using movie_id_movie_companies on movie_companies mc  (cost=0.43..3.38 rows=5 width=8) (actual time=0.009..0.014 rows=11 loops=495)
                                                               Index Cond: (movie_id = mk.movie_id)
                                                   ->  Index Scan using company_name_pkey on company_name cn  (cost=0.42..1.47 rows=1 width=4) (actual time=0.004..0.004 rows=0 loops=5566)
                                                         Index Cond: (id = mc.company_id)
                                                         Filter: ((country_code)::text = '[us]'::text)
                                                         Rows Removed by Filter: 1
                                             ->  Index Scan using movie_id_cast_info on cast_info ci  (cost=0.56..39.83 rows=1 width=16) (actual time=0.078..0.116 rows=5 loops=1576)
                                                   Index Cond: (movie_id = mk.movie_id)
                                                   Filter: ((note)::text = ANY ('{(voice),"(voice: Japanese version)","(voice) (uncredited)","(voice: English version)"}'::text[]))
                                                   Rows Removed by Filter: 136
                                 ->  Index Scan using char_name_pkey on char_name chn  (cost=0.43..1.70 rows=1 width=20) (actual time=0.004..0.004 rows=1 loops=1608)
                                       Index Cond: (id = ci.person_role_id)
                           ->  Index Only Scan using person_id_aka_name on aka_name an  (cost=0.42..2.08 rows=2 width=4) (actual time=0.003..0.004 rows=3 loops=1578)
                                 Index Cond: (person_id = ci.person_id)
                                 Heap Fetches: 4044
                     ->  Index Scan using movie_id_movie_info on movie_info mi  (cost=0.43..32.63 rows=1 width=8) (actual time=0.004..0.018 rows=2 loops=4044)
                           Index Cond: (movie_id = mk.movie_id)
                           Filter: ((info IS NOT NULL) AND (((info)::text ~~ 'Japan:%201%'::text) OR ((info)::text ~~ 'USA:%201%'::text)))
                           Rows Removed by Filter: 57
         ->  Index Scan using name_pkey on name n  (cost=0.43..1.80 rows=1 width=19) (actual time=0.002..0.002 rows=0 loops=6518)
               Index Cond: (id = ci.person_id)
               Filter: (((name)::text ~~ '%An%'::text) AND ((gender)::text = 'f'::text))
               Rows Removed by Filter: 1
 Planning Time: 81.893 ms
 Execution Time: 440.583 ms
(61 rows)

SET
                                                                                                            QUERY PLAN                                                                                                            
----------------------------------------------------------------------------------------------------------------------------------------------------------------------------------------------------------------------------------
 Aggregate  (cost=6509.33..6509.34 rows=1 width=96) (actual time=27.238..27.238 rows=1 loops=1)
   ->  Nested Loop  (cost=1004.27..6509.32 rows=1 width=48) (actual time=10.377..27.217 rows=45 loops=1)
         ->  Nested Loop  (cost=1003.84..6507.62 rows=1 width=36) (actual time=10.360..27.128 rows=45 loops=1)
               Join Filter: (n.id = an.person_id)
               ->  Nested Loop  (cost=1003.42..6505.51 rows=1 width=44) (actual time=10.335..27.061 rows=9 loops=1)
                     ->  Nested Loop  (cost=1003.28..6505.34 rows=1 width=48) (actual time=10.310..27.024 rows=9 loops=1)
                           ->  Nested Loop  (cost=1002.86..6503.54 rows=1 width=29) (actual time=9.619..25.756 rows=244 loops=1)
                                 Join Filter: (t.id = ci.movie_id)
                                 ->  Nested Loop  (cost=1002.29..6463.70 rows=1 width=33) (actual time=9.582..24.510 rows=9 loops=1)
                                       ->  Nested Loop  (cost=1002.15..6463.52 rows=1 width=37) (actual time=9.575..24.488 rows=9 loops=1)
                                             Join Filter: (t.id = mi.movie_id)
                                             ->  Gather  (cost=1001.71..6430.87 rows=1 width=29) (actual time=8.568..25.427 rows=6 loops=1)
                                                   Workers Planned: 1
                                                   Workers Launched: 1
                                                   ->  Nested Loop  (cost=1.71..5430.77 rows=1 width=29) (actual time=16.060..23.825 rows=3 loops=2)
                                                         ->  Nested Loop  (cost=1.29..5428.89 rows=1 width=33) (actual time=16.012..23.482 rows=42 loops=2)
                                                               Join Filter: (t.id = mk.movie_id)
                                                               ->  Nested Loop  (cost=0.86..5425.84 rows=1 width=25) (actual time=15.994..23.429 rows=2 loops=2)
                                                                     ->  Nested Loop  (cost=0.43..5416.18 rows=6 width=4) (actual time=15.797..22.776 rows=50 loops=2)
                                                                           ->  Parallel Seq Scan on company_name cn  (cost=0.00..5068.50 rows=1 width=4) (actual time=15.778..22.503 rows=0 loops=2)
                                                                                 Filter: (((country_code)::text = '[us]'::text) AND ((name)::text = 'DreamWorks Animation'::text))
                                                                                 Rows Removed by Filter: 117498
                                                                           ->  Index Scan using company_id_movie_companies on movie_companies mc  (cost=0.43..346.37 rows=130 width=8) (actual time=0.036..0.527 rows=99 loops=1)
                                                                                 Index Cond: (company_id = cn.id)
                                                                     ->  Index Scan using title_pkey on title t  (cost=0.43..1.60 rows=1 width=21) (actual time=0.013..0.013 rows=0 loops=99)
                                                                           Index Cond: (id = mc.movie_id)
                                                                           Filter: ((production_year > 2010) AND ((title)::text ~~ 'Kung Fu Panda%'::text))
                                                                           Rows Removed by Filter: 1
                                                               ->  Index Scan using movie_id_movie_keyword on movie_keyword mk  (cost=0.43..2.47 rows=47 width=8) (actual time=0.015..0.020 rows=21 loops=4)
                                                                     Index Cond: (movie_id = mc.movie_id)
                                                         ->  Index Scan using keyword_pkey on keyword k  (cost=0.42..1.46 rows=1 width=4) (actual time=0.008..0.008 rows=0 loops=83)
                                                               Index Cond: (id = mk.keyword_id)
                                                               Filter: ((keyword)::text = ANY ('{hero,martial-arts,hand-to-hand-combat,computer-animated-movie}'::text[]))
                                                               Rows Removed by Filter: 1
                                             ->  Index Scan using movie_id_movie_info on movie_info mi  (cost=0.43..32.63 rows=1 width=8) (actual time=0.028..0.052 rows=2 loops=6)
                                                   Index Cond: (movie_id = mk.movie_id)
                                                   Filter: ((info IS NOT NULL) AND (((info)::text ~~ 'Japan:%201%'::text) OR ((info)::text ~~ 'USA:%201%'::text)))
                                                   Rows Removed by Filter: 89
                                       ->  Index Scan using info_type_pkey on info_type it  (cost=0.14..0.16 rows=1 width=4) (actual time=0.002..0.002 rows=1 loops=9)
                                             Index Cond: (id = mi.info_type_id)
                                             Filter: ((info)::text = 'release dates'::text)
                                 ->  Index Scan using movie_id_cast_info on cast_info ci  (cost=0.56..39.83 rows=1 width=16) (actual time=0.009..0.134 rows=27 loops=9)
                                       Index Cond: (movie_id = mk.movie_id)
                                       Filter: ((note)::text = ANY ('{(voice),"(voice: Japanese version)","(voice) (uncredited)","(voice: English version)"}'::text[]))
                                       Rows Removed by Filter: 91
                           ->  Index Scan using name_pkey on name n  (cost=0.43..1.80 rows=1 width=19) (actual time=0.005..0.005 rows=0 loops=244)
                                 Index Cond: (id = ci.person_id)
                                 Filter: (((name)::text ~~ '%An%'::text) AND ((gender)::text = 'f'::text))
                                 Rows Removed by Filter: 1
                     ->  Index Scan using role_type_pkey on role_type rt  (cost=0.14..0.16 rows=1 width=4) (actual time=0.003..0.003 rows=1 loops=9)
                           Index Cond: (id = ci.role_id)
                           Filter: ((role)::text = 'actress'::text)
               ->  Index Only Scan using person_id_aka_name on aka_name an  (cost=0.42..2.08 rows=2 width=4) (actual time=0.004..0.006 rows=5 loops=9)
                     Index Cond: (person_id = ci.person_id)
                     Heap Fetches: 45
         ->  Index Scan using char_name_pkey on char_name chn  (cost=0.43..1.70 rows=1 width=20) (actual time=0.002..0.002 rows=1 loops=45)
               Index Cond: (id = ci.person_role_id)
 Planning Time: 79.826 ms
 Execution Time: 28.755 ms
(59 rows)

SET
                                                                                                QUERY PLAN                                                                                                
----------------------------------------------------------------------------------------------------------------------------------------------------------------------------------------------------------
 Aggregate  (cost=7497.91..7497.92 rows=1 width=128) (actual time=2618.979..2618.979 rows=1 loops=1)
   ->  Nested Loop  (cost=1012.02..7497.90 rows=1 width=80) (actual time=24.062..2616.659 rows=4407 loops=1)
         Join Filter: (mi.movie_id = t.id)
         ->  Nested Loop  (cost=1011.59..7497.08 rows=1 width=79) (actual time=24.033..2583.225 rows=4407 loops=1)
               ->  Nested Loop  (cost=1011.16..7496.06 rows=1 width=68) (actual time=12.213..2512.036 rows=7112 loops=1)
                     ->  Nested Loop  (cost=1011.02..7495.88 rows=1 width=72) (actual time=12.204..2499.523 rows=7740 loops=1)
                           Join Filter: (mi.movie_id = ci.movie_id)
                           ->  Gather  (cost=1010.46..7466.93 rows=1 width=64) (actual time=6.162..626.331 rows=12260 loops=1)
                                 Workers Planned: 2
                                 Workers Launched: 2
                                 ->  Nested Loop  (cost=10.46..6466.83 rows=1 width=64) (actual time=6.008..849.722 rows=4087 loops=3)
                                       Join Filter: (mi_idx.movie_id = mi.movie_id)
                                       ->  Hash Join  (cost=10.02..6431.17 rows=2 width=14) (actual time=4.608..194.055 rows=16920 loops=3)
                                             Hash Cond: (mi_idx.info_type_id = it2.id)
                                             ->  Nested Loop  (cost=7.60..6428.17 rows=211 width=18) (actual time=4.528..186.181 rows=50907 loops=3)
                                                   ->  Nested Loop  (cost=7.17..6372.12 rows=70 width=4) (actual time=4.488..93.390 rows=20699 loops=3)
                                                         ->  Parallel Index Scan using keyword_pkey on keyword k  (cost=0.42..4207.64 rows=2 width=4) (actual time=0.207..19.065 rows=2 loops=3)
                                                               Filter: ((keyword)::text = ANY ('{murder,blood,gore,death,female-nudity}'::text[]))
                                                               Rows Removed by Filter: 44722
                                                         ->  Bitmap Heap Scan on movie_keyword mk  (cost=6.75..1079.25 rows=299 width=8) (actual time=3.459..43.091 rows=12419 loops=5)
                                                               Recheck Cond: (keyword_id = k.id)
                                                               Heap Blocks: exact=12389
                                                               ->  Bitmap Index Scan on keyword_id_movie_keyword  (cost=0.00..6.67 rows=299 width=0) (actual time=2.001..2.001 rows=12419 loops=5)
                                                                     Index Cond: (keyword_id = k.id)
                                                   ->  Index Scan using movie_id_movie_info_idx on movie_info_idx mi_idx  (cost=0.43..0.77 rows=3 width=14) (actual time=0.004..0.004 rows=2 loops=62096)
                                                         Index Cond: (movie_id = mk.movie_id)
                                             ->  Hash  (cost=2.41..2.41 rows=1 width=4) (actual time=0.030..0.030 rows=1 loops=3)
                                                   Buckets: 1024  Batches: 1  Memory Usage: 9kB
                                                   ->  Seq Scan on info_type it2  (cost=0.00..2.41 rows=1 width=4) (actual time=0.024..0.026 rows=1 loops=3)
                                                         Filter: ((info)::text = 'votes'::text)
                                                         Rows Removed by Filter: 112
                                       ->  Index Scan using movie_id_movie_info on movie_info mi  (cost=0.43..17.82 rows=1 width=50) (actual time=0.038..0.038 rows=0 loops=50760)
                                             Index Cond: (movie_id = mk.movie_id)
                                             Filter: ((info)::text = 'Horror'::text)
                                             Rows Removed by Filter: 56
                           ->  Index Scan using movie_id_cast_info on cast_info ci  (cost=0.56..28.93 rows=1 width=8) (actual time=0.125..0.152 rows=1 loops=12260)
                                 Index Cond: (movie_id = mk.movie_id)
                                 Filter: ((note)::text = ANY ('{(writer),"(head writer)","(written by)",(story),"(story editor)"}'::text[]))
                                 Rows Removed by Filter: 47
                     ->  Index Scan using info_type_pkey on info_type it1  (cost=0.14..0.16 rows=1 width=4) (actual time=0.001..0.001 rows=1 loops=7740)
                           Index Cond: (id = mi.info_type_id)
                           Filter: ((info)::text = 'genres'::text)
                           Rows Removed by Filter: 0
               ->  Index Scan using name_pkey on name n  (cost=0.43..1.02 rows=1 width=19) (actual time=0.010..0.010 rows=1 loops=7112)
                     Index Cond: (id = ci.person_id)
                     Filter: ((gender)::text = 'm'::text)
                     Rows Removed by Filter: 0
         ->  Index Scan using title_pkey on title t  (cost=0.43..0.81 rows=1 width=21) (actual time=0.007..0.007 rows=1 loops=4407)
               Index Cond: (id = mk.movie_id)
 Planning Time: 12.902 ms
 Execution Time: 2619.376 ms
(51 rows)

SET
                                                                                            QUERY PLAN                                                                                             
---------------------------------------------------------------------------------------------------------------------------------------------------------------------------------------------------
 Aggregate  (cost=7478.04..7478.05 rows=1 width=128) (actual time=244.918..244.918 rows=1 loops=1)
   ->  Nested Loop  (cost=1009.74..7478.03 rows=1 width=80) (actual time=142.226..244.900 rows=6 loops=1)
         ->  Nested Loop  (cost=1009.31..7477.01 rows=1 width=69) (actual time=142.195..244.812 rows=6 loops=1)
               ->  Nested Loop  (cost=1009.17..7476.82 rows=1 width=73) (actual time=142.184..244.778 rows=18 loops=1)
                     Join Filter: (t.id = mi_idx.movie_id)
                     ->  Nested Loop  (cost=1008.74..7476.02 rows=1 width=79) (actual time=142.149..244.708 rows=6 loops=1)
                           ->  Nested Loop  (cost=1008.60..7475.83 rows=1 width=83) (actual time=142.128..244.674 rows=6 loops=1)
                                 Join Filter: (t.id = mi.movie_id)
                                 ->  Nested Loop  (cost=1008.16..7458.00 rows=1 width=33) (actual time=142.016..244.357 rows=6 loops=1)
                                       Join Filter: (t.id = ci.movie_id)
                                       ->  Gather  (cost=1007.60..7429.06 rows=1 width=25) (actual time=141.712..248.036 rows=9 loops=1)
                                             Workers Planned: 2
                                             Workers Launched: 2
                                             ->  Nested Loop  (cost=7.60..6428.96 rows=1 width=25) (actual time=148.372..199.366 rows=3 loops=3)
                                                   ->  Nested Loop  (cost=7.17..6372.12 rows=70 width=4) (actual time=4.384..96.225 rows=20699 loops=3)
                                                         ->  Parallel Index Scan using keyword_pkey on keyword k  (cost=0.42..4207.64 rows=2 width=4) (actual time=0.161..23.147 rows=2 loops=3)
                                                               Filter: ((keyword)::text = ANY ('{murder,blood,gore,death,female-nudity}'::text[]))
                                                               Rows Removed by Filter: 44722
                                                         ->  Bitmap Heap Scan on movie_keyword mk  (cost=6.75..1079.25 rows=299 width=8) (actual time=3.423..42.520 rows=12419 loops=5)
                                                               Recheck Cond: (keyword_id = k.id)
                                                               Heap Blocks: exact=12389
                                                               ->  Bitmap Index Scan on keyword_id_movie_keyword  (cost=0.00..6.67 rows=299 width=0) (actual time=1.971..1.971 rows=12419 loops=5)
                                                                     Index Cond: (keyword_id = k.id)
                                                   ->  Index Scan using title_pkey on title t  (cost=0.43..0.81 rows=1 width=21) (actual time=0.005..0.005 rows=0 loops=62096)
                                                         Index Cond: (id = mk.movie_id)
                                                         Filter: ((production_year > 2010) AND ((title)::text ~~ 'Vampire%'::text))
                                                         Rows Removed by Filter: 1
                                       ->  Index Scan using movie_id_cast_info on cast_info ci  (cost=0.56..28.93 rows=1 width=8) (actual time=0.069..0.081 rows=1 loops=9)
                                             Index Cond: (movie_id = mk.movie_id)
                                             Filter: ((note)::text = ANY ('{(writer),"(head writer)","(written by)",(story),"(story editor)"}'::text[]))
                                             Rows Removed by Filter: 21
                                 ->  Index Scan using movie_id_movie_info on movie_info mi  (cost=0.43..17.82 rows=1 width=50) (actual time=0.051..0.052 rows=1 loops=6)
                                       Index Cond: (movie_id = mk.movie_id)
                                       Filter: ((info)::text = 'Horror'::text)
                                       Rows Removed by Filter: 20
                           ->  Index Scan using info_type_pkey on info_type it1  (cost=0.14..0.16 rows=1 width=4) (actual time=0.004..0.004 rows=1 loops=6)
                                 Index Cond: (id = mi.info_type_id)
                                 Filter: ((info)::text = 'genres'::text)
                     ->  Index Scan using movie_id_movie_info_idx on movie_info_idx mi_idx  (cost=0.43..0.77 rows=3 width=14) (actual time=0.009..0.010 rows=3 loops=6)
                           Index Cond: (movie_id = mk.movie_id)
               ->  Index Scan using info_type_pkey on info_type it2  (cost=0.14..0.16 rows=1 width=4) (actual time=0.001..0.001 rows=0 loops=18)
                     Index Cond: (id = mi_idx.info_type_id)
                     Filter: ((info)::text = 'votes'::text)
                     Rows Removed by Filter: 1
         ->  Index Scan using name_pkey on name n  (cost=0.43..1.02 rows=1 width=19) (actual time=0.014..0.014 rows=1 loops=6)
               Index Cond: (id = ci.person_id)
               Filter: ((gender)::text = 'm'::text)
 Planning Time: 13.744 ms
 Execution Time: 249.653 ms
(49 rows)

SET
                                                                                                QUERY PLAN                                                                                                
----------------------------------------------------------------------------------------------------------------------------------------------------------------------------------------------------------
 Aggregate  (cost=8700.85..8700.86 rows=1 width=128) (actual time=9069.821..9069.821 rows=1 loops=1)
   ->  Nested Loop  (cost=1012.02..8700.84 rows=1 width=80) (actual time=7.793..9058.387 rows=26153 loops=1)
         Join Filter: (mi.movie_id = t.id)
         ->  Nested Loop  (cost=1011.59..8700.02 rows=1 width=79) (actual time=7.769..8937.824 rows=26153 loops=1)
               ->  Nested Loop  (cost=1011.16..8699.00 rows=1 width=68) (actual time=7.731..8665.409 rows=42900 loops=1)
                     Join Filter: (mi.movie_id = ci.movie_id)
                     ->  Gather  (cost=1010.60..8670.06 rows=1 width=60) (actual time=6.070..786.840 rows=63386 loops=1)
                           Workers Planned: 2
                           Workers Launched: 2
                           ->  Nested Loop  (cost=10.60..7669.96 rows=1 width=60) (actual time=4.755..1269.970 rows=21129 loops=3)
                                 ->  Nested Loop  (cost=10.46..7669.77 rows=1 width=64) (actual time=4.747..1242.499 rows=22577 loops=3)
                                       Join Filter: (mi_idx.movie_id = mi.movie_id)
                                       ->  Hash Join  (cost=10.02..7633.70 rows=2 width=14) (actual time=4.641..243.109 rows=21234 loops=3)
                                             Hash Cond: (mi_idx.info_type_id = it2.id)
                                             ->  Nested Loop  (cost=7.60..7630.47 rows=294 width=18) (actual time=4.549..233.153 rows=63896 loops=3)
                                                   ->  Nested Loop  (cost=7.17..7552.00 rows=98 width=4) (actual time=4.508..115.111 rows=25571 loops=3)
                                                         ->  Parallel Index Scan using keyword_pkey on keyword k  (cost=0.42..4347.40 rows=3 width=4) (actual time=0.281..22.564 rows=2 loops=3)
                                                               Filter: ((keyword)::text = ANY ('{murder,violence,blood,gore,death,female-nudity,hospital}'::text[]))
                                                               Rows Removed by Filter: 44721
                                                         ->  Bitmap Heap Scan on movie_keyword mk  (cost=6.75..1065.21 rows=299 width=8) (actual time=3.146..38.327 rows=10959 loops=7)
                                                               Recheck Cond: (keyword_id = k.id)
                                                               Heap Blocks: exact=12389
                                                               ->  Bitmap Index Scan on keyword_id_movie_keyword  (cost=0.00..6.67 rows=299 width=0) (actual time=1.812..1.812 rows=10959 loops=7)
                                                                     Index Cond: (keyword_id = k.id)
                                                   ->  Index Scan using movie_id_movie_info_idx on movie_info_idx mi_idx  (cost=0.43..0.77 rows=3 width=14) (actual time=0.004..0.004 rows=2 loops=76714)
                                                         Index Cond: (movie_id = mk.movie_id)
                                             ->  Hash  (cost=2.41..2.41 rows=1 width=4) (actual time=0.028..0.028 rows=1 loops=3)
                                                   Buckets: 1024  Batches: 1  Memory Usage: 9kB
                                                   ->  Seq Scan on info_type it2  (cost=0.00..2.41 rows=1 width=4) (actual time=0.022..0.023 rows=1 loops=3)
                                                         Filter: ((info)::text = 'votes'::text)
                                                         Rows Removed by Filter: 112
                                       ->  Index Scan using movie_id_movie_info on movie_info mi  (cost=0.43..18.03 rows=1 width=50) (actual time=0.045..0.047 rows=1 loops=63701)
                                             Index Cond: (movie_id = mk.movie_id)
                                             Filter: ((info)::text = ANY ('{Horror,Action,Sci-Fi,Thriller,Crime,War}'::text[]))
                                             Rows Removed by Filter: 58
                                 ->  Index Scan using info_type_pkey on info_type it1  (cost=0.14..0.16 rows=1 width=4) (actual time=0.001..0.001 rows=1 loops=67732)
                                       Index Cond: (id = mi.info_type_id)
                                       Filter: ((info)::text = 'genres'::text)
                                       Rows Removed by Filter: 0
                     ->  Index Scan using movie_id_cast_info on cast_info ci  (cost=0.56..28.93 rows=1 width=8) (actual time=0.098..0.124 rows=1 loops=63386)
                           Index Cond: (movie_id = mk.movie_id)
                           Filter: ((note)::text = ANY ('{(writer),"(head writer)","(written by)",(story),"(story editor)"}'::text[]))
                           Rows Removed by Filter: 63
               ->  Index Scan using name_pkey on name n  (cost=0.43..1.02 rows=1 width=19) (actual time=0.006..0.006 rows=1 loops=42900)
                     Index Cond: (id = ci.person_id)
                     Filter: ((gender)::text = 'm'::text)
                     Rows Removed by Filter: 0
         ->  Index Scan using title_pkey on title t  (cost=0.43..0.81 rows=1 width=21) (actual time=0.004..0.004 rows=1 loops=26153)
               Index Cond: (id = mk.movie_id)
 Planning Time: 13.771 ms
 Execution Time: 9070.220 ms
(51 rows)

SET
                                                                                                   QUERY PLAN                                                                                                   
----------------------------------------------------------------------------------------------------------------------------------------------------------------------------------------------------------------
 Aggregate  (cost=10239.97..10239.98 rows=1 width=128) (actual time=1138.733..1138.733 rows=1 loops=1)
   ->  Nested Loop  (cost=5.26..10239.96 rows=1 width=54) (actual time=12.364..1138.011 rows=1728 loops=1)
         ->  Nested Loop  (cost=4.83..10233.55 rows=14 width=42) (actual time=1.514..1014.153 rows=58947 loops=1)
               ->  Nested Loop  (cost=4.40..10227.18 rows=14 width=31) (actual time=1.487..708.779 rows=58947 loops=1)
                     Join Filter: (t.id = ci.movie_id)
                     ->  Nested Loop  (cost=3.84..10225.20 rows=1 width=39) (actual time=1.447..565.151 rows=326 loops=1)
                           ->  Nested Loop  (cost=3.42..10223.39 rows=4 width=43) (actual time=0.536..376.449 rows=79039 loops=1)
                                 ->  Nested Loop  (cost=2.98..10219.72 rows=2 width=35) (actual time=0.506..348.007 rows=647 loops=1)
                                       Join Filter: (kt.id = t.kind_id)
                                       Rows Removed by Join Filter: 5355
                                       ->  Seq Scan on kind_type kt  (cost=0.00..1.09 rows=1 width=4) (actual time=0.016..0.017 rows=1 loops=1)
                                             Filter: ((kind)::text = 'movie'::text)
                                             Rows Removed by Filter: 6
                                       ->  Nested Loop  (cost=2.98..10218.42 rows=17 width=39) (actual time=0.385..347.292 rows=6002 loops=1)
                                             Join Filter: (cc.movie_id = t.id)
                                             ->  Nested Loop  (cost=2.55..10175.60 rows=32 width=14) (actual time=0.265..259.791 rows=17898 loops=1)
                                                   Join Filter: (it2.id = mi_idx.info_type_id)
                                                   Rows Removed by Join Filter: 8960
                                                   ->  Seq Scan on info_type it2  (cost=0.00..2.41 rows=1 width=4) (actual time=0.010..0.012 rows=1 loops=1)
                                                         Filter: ((info)::text = 'rating'::text)
                                                         Rows Removed by Filter: 112
                                                   ->  Nested Loop  (cost=2.55..10128.32 rows=3590 width=18) (actual time=0.145..256.312 rows=26858 loops=1)
                                                         ->  Hash Join  (cost=2.12..2996.88 rows=8443 width=4) (actual time=0.076..48.741 rows=85941 loops=1)
                                                               Hash Cond: (cc.status_id = cct2.id)
                                                               ->  Hash Join  (cost=1.06..2813.24 rows=33772 width=8) (actual time=0.030..34.302 rows=85941 loops=1)
                                                                     Hash Cond: (cc.subject_id = cct1.id)
                                                                     ->  Seq Scan on complete_cast cc  (cost=0.00..2081.86 rows=135086 width=12) (actual time=0.011..12.201 rows=135086 loops=1)
                                                                     ->  Hash  (cost=1.05..1.05 rows=1 width=4) (actual time=0.004..0.004 rows=1 loops=1)
                                                                           Buckets: 1024  Batches: 1  Memory Usage: 9kB
                                                                           ->  Seq Scan on comp_cast_type cct1  (cost=0.00..1.05 rows=1 width=4) (actual time=0.001..0.002 rows=1 loops=1)
                                                                                 Filter: ((kind)::text = 'cast'::text)
                                                                                 Rows Removed by Filter: 3
                                                               ->  Hash  (cost=1.05..1.05 rows=1 width=4) (actual time=0.021..0.021 rows=2 loops=1)
                                                                     Buckets: 1024  Batches: 1  Memory Usage: 9kB
                                                                     ->  Seq Scan on comp_cast_type cct2  (cost=0.00..1.05 rows=1 width=4) (actual time=0.015..0.016 rows=2 loops=1)
                                                                           Filter: ((kind)::text ~~ '%complete%'::text)
                                                                           Rows Removed by Filter: 2
                                                         ->  Index Scan using movie_id_movie_info_idx on movie_info_idx mi_idx  (cost=0.43..0.83 rows=1 width=14) (actual time=0.002..0.002 rows=0 loops=85941)
                                                               Index Cond: (movie_id = cc.movie_id)
                                                               Filter: ((info)::text > '7.0'::text)
                                                               Rows Removed by Filter: 2
                                             ->  Index Scan using title_pkey on title t  (cost=0.43..1.33 rows=1 width=25) (actual time=0.005..0.005 rows=0 loops=17898)
                                                   Index Cond: (id = mi_idx.movie_id)
                                                   Filter: (production_year > 2000)
                                                   Rows Removed by Filter: 1
                                 ->  Index Scan using movie_id_movie_keyword on movie_keyword mk  (cost=0.43..1.36 rows=47 width=8) (actual time=0.010..0.029 rows=122 loops=647)
                                       Index Cond: (movie_id = t.id)
                           ->  Index Scan using keyword_pkey on keyword k  (cost=0.42..0.45 rows=1 width=4) (actual time=0.002..0.002 rows=0 loops=79039)
                                 Index Cond: (id = mk.keyword_id)
                                 Filter: ((keyword)::text = ANY ('{superhero,marvel-comics,based-on-comic,tv-special,fight,violence,magnet,web,claw,laser}'::text[]))
                                 Rows Removed by Filter: 1
                     ->  Index Scan using movie_id_cast_info on cast_info ci  (cost=0.56..1.52 rows=37 width=12) (actual time=0.011..0.406 rows=181 loops=326)
                           Index Cond: (movie_id = mk.movie_id)
               ->  Index Scan using name_pkey on name n  (cost=0.43..0.45 rows=1 width=19) (actual time=0.005..0.005 rows=1 loops=58947)
                     Index Cond: (id = ci.person_id)
         ->  Index Scan using char_name_pkey on char_name chn  (cost=0.43..0.46 rows=1 width=20) (actual time=0.002..0.002 rows=0 loops=58947)
               Index Cond: (id = ci.person_role_id)
               Filter: ((name IS NOT NULL) AND (((name)::text ~~ '%man%'::text) OR ((name)::text ~~ '%Man%'::text)))
               Rows Removed by Filter: 0
 Planning Time: 68.979 ms
 Execution Time: 1138.977 ms
(61 rows)

SET
                                                                                                      QUERY PLAN                                                                                                      
----------------------------------------------------------------------------------------------------------------------------------------------------------------------------------------------------------------------
 Aggregate  (cost=7388.77..7388.78 rows=1 width=96) (actual time=279.668..279.669 rows=1 loops=1)
   ->  Nested Loop  (cost=9.45..7388.76 rows=1 width=39) (actual time=30.697..279.622 rows=93 loops=1)
         Join Filter: (cct1.id = cc.subject_id)
         Rows Removed by Join Filter: 87
         ->  Seq Scan on comp_cast_type cct1  (cost=0.00..1.05 rows=1 width=4) (actual time=0.015..0.016 rows=1 loops=1)
               Filter: ((kind)::text = 'cast'::text)
               Rows Removed by Filter: 3
         ->  Nested Loop  (cost=9.45..7387.70 rows=1 width=43) (actual time=30.680..279.580 rows=180 loops=1)
               Join Filter: (cct2.id = cc.status_id)
               Rows Removed by Join Filter: 180
               ->  Seq Scan on comp_cast_type cct2  (cost=0.00..1.05 rows=1 width=4) (actual time=0.002..0.003 rows=2 loops=1)
                     Filter: ((kind)::text ~~ '%complete%'::text)
                     Rows Removed by Filter: 2
               ->  Nested Loop  (cost=9.45..7386.64 rows=1 width=47) (actual time=21.898..139.766 rows=180 loops=2)
                     ->  Nested Loop  (cost=9.03..7386.16 rows=1 width=55) (actual time=19.237..139.313 rows=191 loops=2)
                           ->  Nested Loop  (cost=8.60..7385.70 rows=1 width=59) (actual time=19.220..137.985 rows=191 loops=2)
                                 ->  Nested Loop  (cost=8.17..7379.30 rows=14 width=47) (actual time=19.156..123.889 rows=7981 loops=2)
                                       Join Filter: (t.id = ci.movie_id)
                                       ->  Nested Loop  (cost=7.61..7377.31 rows=1 width=35) (actual time=19.138..106.613 rows=31 loops=2)
                                             Join Filter: (kt.id = t.kind_id)
                                             Rows Removed by Join Filter: 167
                                             ->  Seq Scan on kind_type kt  (cost=0.00..1.09 rows=1 width=4) (actual time=0.005..0.006 rows=1 loops=2)
                                                   Filter: ((kind)::text = 'movie'::text)
                                                   Rows Removed by Filter: 6
                                             ->  Nested Loop  (cost=7.61..7376.21 rows=1 width=39) (actual time=0.830..106.577 rows=198 loops=2)
                                                   ->  Nested Loop  (cost=7.18..7375.73 rows=1 width=14) (actual time=0.815..103.730 rows=313 loops=2)
                                                         Join Filter: (mi_idx.info_type_id = it2.id)
                                                         Rows Removed by Join Filter: 612
                                                         ->  Seq Scan on info_type it2  (cost=0.00..2.41 rows=1 width=4) (actual time=0.009..0.011 rows=1 loops=2)
                                                               Filter: ((info)::text = 'rating'::text)
                                                               Rows Removed by Filter: 112
                                                         ->  Nested Loop  (cost=7.18..7373.13 rows=15 width=18) (actual time=0.697..103.600 rows=925 loops=2)
                                                               ->  Nested Loop  (cost=6.75..7304.56 rows=135 width=4) (actual time=0.598..57.201 rows=9984 loops=2)
                                                                     ->  Seq Scan on keyword k  (cost=0.00..2961.55 rows=4 width=4) (actual time=0.075..20.862 rows=4 loops=2)
                                                                           Filter: ((keyword)::text = ANY ('{superhero,marvel-comics,based-on-comic,fight}'::text[]))
                                                                           Rows Removed by Filter: 134166
                                                                     ->  Bitmap Heap Scan on movie_keyword mk  (cost=6.75..1082.76 rows=299 width=8) (actual time=0.695..8.806 rows=2496 loops=8)
                                                                           Recheck Cond: (keyword_id = k.id)
                                                                           Heap Blocks: exact=15372
                                                                           ->  Bitmap Index Scan on keyword_id_movie_keyword  (cost=0.00..6.67 rows=299 width=0) (actual time=0.389..0.389 rows=2496 loops=8)
                                                                                 Index Cond: (keyword_id = k.id)
                                                               ->  Index Scan using movie_id_movie_info_idx on movie_info_idx mi_idx  (cost=0.43..0.50 rows=1 width=14) (actual time=0.004..0.004 rows=0 loops=19968)
                                                                     Index Cond: (movie_id = mk.movie_id)
                                                                     Filter: ((info)::text > '8.0'::text)
                                                                     Rows Removed by Filter: 2
                                                   ->  Index Scan using title_pkey on title t  (cost=0.43..0.49 rows=1 width=25) (actual time=0.009..0.009 rows=1 loops=626)
                                                         Index Cond: (id = mk.movie_id)
                                                         Filter: (production_year > 2005)
                                                         Rows Removed by Filter: 0
                                       ->  Index Scan using movie_id_cast_info on cast_info ci  (cost=0.56..1.52 rows=37 width=12) (actual time=0.013..0.515 rows=257 loops=62)
                                             Index Cond: (movie_id = mk.movie_id)
                                 ->  Index Scan using char_name_pkey on char_name chn  (cost=0.43..0.46 rows=1 width=20) (actual time=0.002..0.002 rows=0 loops=15962)
                                       Index Cond: (id = ci.person_role_id)
                                       Filter: ((name IS NOT NULL) AND (((name)::text ~~ '%man%'::text) OR ((name)::text ~~ '%Man%'::text)))
                                       Rows Removed by Filter: 0
                           ->  Index Only Scan using name_pkey on name n  (cost=0.43..0.45 rows=1 width=4) (actual time=0.006..0.006 rows=1 loops=382)
                                 Index Cond: (id = ci.person_id)
                                 Heap Fetches: 382
                     ->  Index Scan using movie_id_complete_cast on complete_cast cc  (cost=0.42..0.46 rows=2 width=12) (actual time=0.002..0.002 rows=1 loops=382)
                           Index Cond: (movie_id = t.id)
 Planning Time: 70.844 ms
 Execution Time: 279.881 ms
(62 rows)

SET
                                                                                                   QUERY PLAN                                                                                                   
----------------------------------------------------------------------------------------------------------------------------------------------------------------------------------------------------------------
 Aggregate  (cost=14668.28..14668.29 rows=1 width=96) (actual time=1547.677..1547.677 rows=1 loops=1)
   ->  Nested Loop  (cost=9.45..14668.27 rows=1 width=39) (actual time=8.318..1545.856 rows=5400 loops=1)
         ->  Nested Loop  (cost=9.02..14667.82 rows=1 width=43) (actual time=8.288..1500.958 rows=5400 loops=1)
               Join Filter: (it2.id = mi_idx.info_type_id)
               Rows Removed by Join Filter: 11196
               ->  Seq Scan on info_type it2  (cost=0.00..2.41 rows=1 width=4) (actual time=0.013..0.015 rows=1 loops=1)
                     Filter: ((info)::text = 'rating'::text)
                     Rows Removed by Filter: 112
               ->  Nested Loop  (cost=9.02..14665.39 rows=1 width=47) (actual time=8.273..1499.008 rows=16596 loops=1)
                     Join Filter: (t.id = mi_idx.movie_id)
                     ->  Nested Loop  (cost=8.59..14664.88 rows=1 width=53) (actual time=8.257..1476.730 rows=5406 loops=1)
                           ->  Nested Loop  (cost=8.16..14658.47 rows=14 width=41) (actual time=7.957..1046.875 rows=189844 loops=1)
                                 Join Filter: (t.id = ci.movie_id)
                                 ->  Nested Loop  (cost=7.60..14656.48 rows=1 width=29) (actual time=7.926..501.665 rows=1267 loops=1)
                                       Join Filter: (cct2.id = cc.status_id)
                                       Rows Removed by Join Filter: 1267
                                       ->  Seq Scan on comp_cast_type cct2  (cost=0.00..1.05 rows=1 width=4) (actual time=0.012..0.012 rows=2 loops=1)
                                             Filter: ((kind)::text ~~ '%complete%'::text)
                                             Rows Removed by Filter: 2
                                       ->  Nested Loop  (cost=7.60..14655.42 rows=1 width=33) (actual time=5.813..250.547 rows=1267 loops=2)
                                             Join Filter: (cct1.id = cc.subject_id)
                                             Rows Removed by Join Filter: 218
                                             ->  Seq Scan on comp_cast_type cct1  (cost=0.00..1.05 rows=1 width=4) (actual time=0.001..0.002 rows=1 loops=2)
                                                   Filter: ((kind)::text = 'cast'::text)
                                                   Rows Removed by Filter: 3
                                             ->  Nested Loop  (cost=7.60..14654.36 rows=1 width=37) (actual time=5.810..250.194 rows=1485 loops=2)
                                                   ->  Nested Loop  (cost=7.18..14641.93 rows=26 width=25) (actual time=5.730..236.335 rows=5032 loops=2)
                                                         Join Filter: (kt.id = t.kind_id)
                                                         Rows Removed by Join Filter: 5581
                                                         ->  Seq Scan on kind_type kt  (cost=0.00..1.09 rows=1 width=4) (actual time=0.003..0.005 rows=1 loops=2)
                                                               Filter: ((kind)::text = 'movie'::text)
                                                               Rows Removed by Filter: 6
                                                         ->  Nested Loop  (cost=7.18..14638.55 rows=183 width=29) (actual time=0.651..234.955 rows=10613 loops=2)
                                                               ->  Nested Loop  (cost=6.75..14474.11 rows=337 width=4) (actual time=0.635..109.967 rows=24091 loops=2)
                                                                     ->  Seq Scan on keyword k  (cost=0.00..3967.82 rows=10 width=4) (actual time=0.134..36.253 rows=10 loops=2)
                                                                           Filter: ((keyword)::text = ANY ('{superhero,marvel-comics,based-on-comic,tv-special,fight,violence,magnet,web,claw,laser}'::text[]))
                                                                           Rows Removed by Filter: 134160
                                                                     ->  Bitmap Heap Scan on movie_keyword mk  (cost=6.75..1047.64 rows=299 width=8) (actual time=0.647..7.073 rows=2409 loops=20)
                                                                           Recheck Cond: (keyword_id = k.id)
                                                                           Heap Blocks: exact=34254
                                                                           ->  Bitmap Index Scan on keyword_id_movie_keyword  (cost=0.00..6.67 rows=299 width=0) (actual time=0.362..0.362 rows=2409 loops=20)
                                                                                 Index Cond: (keyword_id = k.id)
                                                               ->  Index Scan using title_pkey on title t  (cost=0.43..0.49 rows=1 width=25) (actual time=0.005..0.005 rows=0 loops=48182)
                                                                     Index Cond: (id = mk.movie_id)
                                                                     Filter: (production_year > 2000)
                                                                     Rows Removed by Filter: 1
                                                   ->  Index Scan using movie_id_complete_cast on complete_cast cc  (cost=0.42..0.46 rows=2 width=12) (actual time=0.002..0.002 rows=0 loops=10064)
                                                         Index Cond: (movie_id = t.id)
                                 ->  Index Scan using movie_id_cast_info on cast_info ci  (cost=0.56..1.52 rows=37 width=12) (actual time=0.012..0.404 rows=150 loops=1267)
                                       Index Cond: (movie_id = mk.movie_id)
                           ->  Index Scan using char_name_pkey on char_name chn  (cost=0.43..0.46 rows=1 width=20) (actual time=0.002..0.002 rows=0 loops=189844)
                                 Index Cond: (id = ci.person_role_id)
                                 Filter: ((name IS NOT NULL) AND (((name)::text ~~ '%man%'::text) OR ((name)::text ~~ '%Man%'::text)))
                                 Rows Removed by Filter: 0
                     ->  Index Scan using movie_id_movie_info_idx on movie_info_idx mi_idx  (cost=0.43..0.48 rows=3 width=14) (actual time=0.003..0.003 rows=3 loops=5406)
                           Index Cond: (movie_id = ci.movie_id)
         ->  Index Only Scan using name_pkey on name n  (cost=0.43..0.45 rows=1 width=4) (actual time=0.008..0.008 rows=1 loops=5400)
               Index Cond: (id = ci.person_id)
               Heap Fetches: 5400
 Planning Time: 68.981 ms
 Execution Time: 1547.907 ms
(61 rows)

SET
                                                                                                         QUERY PLAN                                                                                                          
-----------------------------------------------------------------------------------------------------------------------------------------------------------------------------------------------------------------------------
 Aggregate  (cost=3308.26..3308.27 rows=1 width=96) (actual time=26.218..26.218 rows=1 loops=1)
   ->  Nested Loop  (cost=6.00..3308.26 rows=1 width=118) (actual time=3.469..26.094 rows=477 loops=1)
         ->  Nested Loop  (cost=5.58..3307.80 rows=1 width=103) (actual time=3.445..24.058 rows=1106 loops=1)
               Join Filter: (ct.id = mc.company_type_id)
               Rows Removed by Join Filter: 57
               ->  Seq Scan on company_type ct  (cost=0.00..1.05 rows=1 width=4) (actual time=0.016..0.017 rows=1 loops=1)
                     Filter: ((kind)::text = 'production companies'::text)
                     Rows Removed by Filter: 3
               ->  Nested Loop  (cost=5.58..3306.72 rows=2 width=107) (actual time=3.427..23.917 rows=1163 loops=1)
                     Join Filter: (ml.movie_id = mc.movie_id)
                     ->  Nested Loop  (cost=5.15..3306.16 rows=1 width=119) (actual time=3.404..23.232 rows=154 loops=1)
                           ->  Nested Loop  (cost=4.73..2463.07 rows=1911 width=123) (actual time=3.368..20.110 rows=1853 loops=1)
                                 Join Filter: (ml.movie_id = mk.movie_id)
                                 ->  Nested Loop  (cost=4.29..2380.91 rows=41 width=115) (actual time=3.346..19.181 rows=213 loops=1)
                                       Join Filter: (ml.movie_id = mi.movie_id)
                                       ->  Nested Loop  (cost=3.86..2105.18 rows=121 width=111) (actual time=0.959..14.103 rows=179 loops=1)
                                             Join Filter: (ml.movie_id = t.id)
                                             ->  Hash Join  (cost=3.43..1527.00 rows=333 width=90) (actual time=0.936..13.129 rows=189 loops=1)
                                                   Hash Cond: (ml.link_type_id = lt.id)
                                                   ->  Merge Join  (cost=2.19..1506.31 rows=6002 width=12) (actual time=0.066..12.842 rows=3346 loops=1)
                                                         Merge Cond: (cc.movie_id = ml.movie_id)
                                                         ->  Nested Loop  (cost=0.42..9294.58 rows=16886 width=4) (actual time=0.031..5.059 rows=5561 loops=1)
                                                               Join Filter: (cc.subject_id = cct1.id)
                                                               Rows Removed by Join Filter: 2227
                                                               ->  Nested Loop  (cost=0.42..8364.79 rows=33772 width=8) (actual time=0.023..3.690 rows=5561 loops=1)
                                                                     Join Filter: (cct2.id = cc.status_id)
                                                                     Rows Removed by Join Filter: 432
                                                                     ->  Index Scan using movie_id_complete_cast on complete_cast cc  (cost=0.42..6337.45 rows=135086 width=12) (actual time=0.008..2.292 rows=5993 loops=1)
                                                                     ->  Materialize  (cost=0.00..1.05 rows=1 width=4) (actual time=0.000..0.000 rows=1 loops=5993)
                                                                           ->  Seq Scan on comp_cast_type cct2  (cost=0.00..1.05 rows=1 width=4) (actual time=0.009..0.009 rows=1 loops=1)
                                                                                 Filter: ((kind)::text = 'complete'::text)
                                                                                 Rows Removed by Filter: 3
                                                               ->  Materialize  (cost=0.00..1.06 rows=2 width=4) (actual time=0.000..0.000 rows=1 loops=5561)
                                                                     ->  Seq Scan on comp_cast_type cct1  (cost=0.00..1.05 rows=2 width=4) (actual time=0.002..0.003 rows=2 loops=1)
                                                                           Filter: ((kind)::text = ANY ('{cast,crew}'::text[]))
                                                         ->  Index Scan using movie_id_movie_link on movie_link ml  (cost=0.29..959.51 rows=29997 width=8) (actual time=0.008..5.201 rows=30638 loops=1)
                                                   ->  Hash  (cost=1.23..1.23 rows=1 width=86) (actual time=0.017..0.017 rows=2 loops=1)
                                                         Buckets: 1024  Batches: 1  Memory Usage: 9kB
                                                         ->  Seq Scan on link_type lt  (cost=0.00..1.23 rows=1 width=86) (actual time=0.009..0.013 rows=2 loops=1)
                                                               Filter: ((link)::text ~~ '%follow%'::text)
                                                               Rows Removed by Filter: 16
                                             ->  Index Scan using title_pkey on title t  (cost=0.43..1.72 rows=1 width=21) (actual time=0.005..0.005 rows=1 loops=189)
                                                   Index Cond: (id = cc.movie_id)
                                                   Filter: ((production_year >= 1950) AND (production_year <= 2000))
                                                   Rows Removed by Filter: 0
                                       ->  Index Scan using movie_id_movie_info on movie_info mi  (cost=0.43..2.27 rows=1 width=4) (actual time=0.027..0.028 rows=1 loops=179)
                                             Index Cond: (movie_id = t.id)
                                             Filter: ((info)::text = ANY ('{Sweden,Germany,Swedish,German}'::text[]))
                                             Rows Removed by Filter: 27
                                 ->  Index Scan using movie_id_movie_keyword on movie_keyword mk  (cost=0.43..1.42 rows=47 width=8) (actual time=0.002..0.003 rows=9 loops=213)
                                       Index Cond: (movie_id = t.id)
                           ->  Index Scan using keyword_pkey on keyword k  (cost=0.42..0.44 rows=1 width=4) (actual time=0.002..0.002 rows=0 loops=1853)
                                 Index Cond: (id = mk.keyword_id)
                                 Filter: ((keyword)::text = 'sequel'::text)
                                 Rows Removed by Filter: 1
                     ->  Index Scan using movie_id_movie_companies on movie_companies mc  (cost=0.43..0.54 rows=2 width=12) (actual time=0.002..0.003 rows=8 loops=154)
                           Index Cond: (movie_id = mk.movie_id)
                           Filter: (note IS NULL)
                           Rows Removed by Filter: 1
         ->  Index Scan using company_name_pkey on company_name cn  (cost=0.42..0.46 rows=1 width=23) (actual time=0.002..0.002 rows=0 loops=1106)
               Index Cond: (id = mc.company_id)
               Filter: (((country_code)::text <> '[pl]'::text) AND (((name)::text ~~ '%Film%'::text) OR ((name)::text ~~ '%Warner%'::text)))
               Rows Removed by Filter: 1
 Planning Time: 70.010 ms
 Execution Time: 26.469 ms
(65 rows)

SET
                                                                                                         QUERY PLAN                                                                                                          
-----------------------------------------------------------------------------------------------------------------------------------------------------------------------------------------------------------------------------
 Aggregate  (cost=2420.10..2420.11 rows=1 width=96) (actual time=35.718..35.718 rows=1 loops=1)
   ->  Nested Loop  (cost=3.52..2420.10 rows=1 width=118) (actual time=25.599..35.655 rows=247 loops=1)
         Join Filter: (ml.movie_id = mi.movie_id)
         ->  Nested Loop  (cost=3.08..2418.52 rows=1 width=138) (actual time=25.569..34.983 rows=95 loops=1)
               ->  Nested Loop  (cost=2.66..2397.77 rows=47 width=142) (actual time=25.518..33.820 rows=703 loops=1)
                     Join Filter: (ml.movie_id = mk.movie_id)
                     ->  Nested Loop  (cost=2.23..2395.81 rows=1 width=134) (actual time=25.497..33.447 rows=95 loops=1)
                           ->  Nested Loop  (cost=1.81..2395.35 rows=1 width=119) (actual time=25.485..33.081 rows=190 loops=1)
                                 Join Filter: (ml.movie_id = t.id)
                                 ->  Nested Loop  (cost=1.38..2375.69 rows=33 width=98) (actual time=1.903..31.740 rows=705 loops=1)
                                       Join Filter: (lt.id = ml.link_type_id)
                                       Rows Removed by Join Filter: 10769
                                       ->  Merge Join  (cost=1.38..2365.44 rows=601 width=20) (actual time=0.427..29.784 rows=5794 loops=1)
                                             Merge Cond: (mc.movie_id = ml.movie_id)
                                             ->  Nested Loop  (cost=0.85..33746.92 rows=10432 width=12) (actual time=0.393..22.223 rows=4702 loops=1)
                                                   Join Filter: (ct.id = mc.company_type_id)
                                                   Rows Removed by Join Filter: 109
                                                   ->  Nested Loop  (cost=0.85..33119.98 rows=41726 width=16) (actual time=0.388..21.115 rows=4811 loops=1)
                                                         ->  Nested Loop  (cost=0.42..11067.56 rows=16886 width=4) (actual time=0.020..4.991 rows=5561 loops=1)
                                                               Join Filter: (cc.status_id = cct2.id)
                                                               Rows Removed by Join Filter: 432
                                                               ->  Nested Loop  (cost=0.42..10053.37 rows=67543 width=8) (actual time=0.015..3.710 rows=5993 loops=1)
                                                                     Join Filter: (cct1.id = cc.subject_id)
                                                                     Rows Removed by Join Filter: 2305
                                                                     ->  Index Scan using movie_id_complete_cast on complete_cast cc  (cost=0.42..6337.45 rows=135086 width=12) (actual time=0.004..1.885 rows=5993 loops=1)
                                                                     ->  Materialize  (cost=0.00..1.06 rows=2 width=4) (actual time=0.000..0.000 rows=1 loops=5993)
                                                                           ->  Seq Scan on comp_cast_type cct1  (cost=0.00..1.05 rows=2 width=4) (actual time=0.005..0.005 rows=2 loops=1)
                                                                                 Filter: ((kind)::text = ANY ('{cast,crew}'::text[]))
                                                               ->  Materialize  (cost=0.00..1.05 rows=1 width=4) (actual time=0.000..0.000 rows=1 loops=5993)
                                                                     ->  Seq Scan on comp_cast_type cct2  (cost=0.00..1.05 rows=1 width=4) (actual time=0.002..0.002 rows=1 loops=1)
                                                                           Filter: ((kind)::text = 'complete'::text)
                                                                           Rows Removed by Filter: 3
                                                         ->  Index Scan using movie_id_movie_companies on movie_companies mc  (cost=0.43..1.29 rows=2 width=12) (actual time=0.002..0.003 rows=1 loops=5561)
                                                               Index Cond: (movie_id = cc.movie_id)
                                                               Filter: (note IS NULL)
                                                               Rows Removed by Filter: 2
                                                   ->  Materialize  (cost=0.00..1.05 rows=1 width=4) (actual time=0.000..0.000 rows=1 loops=4811)
                                                         ->  Seq Scan on company_type ct  (cost=0.00..1.05 rows=1 width=4) (actual time=0.002..0.002 rows=1 loops=1)
                                                               Filter: ((kind)::text = 'production companies'::text)
                                                               Rows Removed by Filter: 3
                                             ->  Index Scan using movie_id_movie_link on movie_link ml  (cost=0.29..959.51 rows=29997 width=8) (actual time=0.007..4.581 rows=33634 loops=1)
                                       ->  Materialize  (cost=0.00..1.23 rows=1 width=86) (actual time=0.000..0.000 rows=2 loops=5794)
                                             ->  Seq Scan on link_type lt  (cost=0.00..1.23 rows=1 width=86) (actual time=0.002..0.006 rows=2 loops=1)
                                                   Filter: ((link)::text ~~ '%follow%'::text)
                                                   Rows Removed by Filter: 16
                                 ->  Index Scan using title_pkey on title t  (cost=0.43..0.58 rows=1 width=21) (actual time=0.002..0.002 rows=0 loops=705)
                                       Index Cond: (id = mc.movie_id)
                                       Filter: (production_year = 1998)
                                       Rows Removed by Filter: 1
                           ->  Index Scan using company_name_pkey on company_name cn  (cost=0.42..0.46 rows=1 width=23) (actual time=0.002..0.002 rows=0 loops=190)
                                 Index Cond: (id = mc.company_id)
                                 Filter: (((country_code)::text <> '[pl]'::text) AND (((name)::text ~~ '%Film%'::text) OR ((name)::text ~~ '%Warner%'::text)))
                                 Rows Removed by Filter: 0
                     ->  Index Scan using movie_id_movie_keyword on movie_keyword mk  (cost=0.43..1.37 rows=47 width=8) (actual time=0.002..0.003 rows=7 loops=95)
                           Index Cond: (movie_id = mc.movie_id)
               ->  Index Scan using keyword_pkey on keyword k  (cost=0.42..0.44 rows=1 width=4) (actual time=0.001..0.001 rows=0 loops=703)
                     Index Cond: (id = mk.keyword_id)
                     Filter: ((keyword)::text = 'sequel'::text)
                     Rows Removed by Filter: 1
         ->  Index Scan using movie_id_movie_info on movie_info mi  (cost=0.43..1.56 rows=1 width=4) (actual time=0.005..0.007 rows=3 loops=95)
               Index Cond: (movie_id = mk.movie_id)
               Filter: ((info)::text = ANY ('{Sweden,Germany,Swedish,German}'::text[]))
               Rows Removed by Filter: 10
 Planning Time: 69.346 ms
 Execution Time: 35.945 ms
(65 rows)

SET
                                                                                                         QUERY PLAN                                                                                                          
-----------------------------------------------------------------------------------------------------------------------------------------------------------------------------------------------------------------------------
 Aggregate  (cost=3422.73..3422.74 rows=1 width=96) (actual time=41.609..41.609 rows=1 loops=1)
   ->  Nested Loop  (cost=3.38..3422.71 rows=3 width=118) (actual time=6.199..41.449 rows=743 loops=1)
         Join Filter: (ml.movie_id = mi.movie_id)
         ->  Nested Loop  (cost=2.94..3420.85 rows=1 width=138) (actual time=6.176..39.543 rows=172 loops=1)
               Join Filter: (mc.company_type_id = ct.id)
               Rows Removed by Join Filter: 19
               ->  Nested Loop  (cost=2.94..3419.79 rows=1 width=142) (actual time=6.172..39.340 rows=191 loops=1)
                     ->  Nested Loop  (cost=2.52..3378.74 rows=93 width=146) (actual time=3.445..33.608 rows=3396 loops=1)
                           Join Filter: (ml.movie_id = mk.movie_id)
                           ->  Nested Loop  (cost=2.09..3374.90 rows=2 width=138) (actual time=3.418..31.981 rows=298 loops=1)
                                 Join Filter: (lt.id = ml.link_type_id)
                                 Rows Removed by Join Filter: 1113
                                 ->  Merge Join  (cost=2.09..3373.07 rows=40 width=60) (actual time=2.499..31.699 rows=720 loops=1)
                                       Merge Cond: (t.id = ml.movie_id)
                                       ->  Nested Loop  (cost=1.70..32069.95 rows=3391 width=52) (actual time=1.368..25.758 rows=161 loops=1)
                                             ->  Nested Loop  (cost=1.27..29418.97 rows=4524 width=31) (actual time=1.345..24.164 rows=174 loops=1)
                                                   ->  Nested Loop  (cost=0.85..19898.64 rows=20863 width=16) (actual time=0.276..14.573 rows=3375 loops=1)
                                                         ->  Nested Loop  (cost=0.42..8872.43 rows=8443 width=4) (actual time=0.026..4.606 rows=3834 loops=1)
                                                               Join Filter: (cct2.id = cc.status_id)
                                                               Rows Removed by Join Filter: 372
                                                               ->  Nested Loop  (cost=0.42..8364.79 rows=33772 width=8) (actual time=0.015..3.693 rows=3834 loops=1)
                                                                     Join Filter: (cct1.id = cc.subject_id)
                                                                     Rows Removed by Join Filter: 2385
                                                                     ->  Index Scan using movie_id_complete_cast on complete_cast cc  (cost=0.42..6337.45 rows=135086 width=12) (actual time=0.005..2.052 rows=6219 loops=1)
                                                                     ->  Materialize  (cost=0.00..1.05 rows=1 width=4) (actual time=0.000..0.000 rows=1 loops=6219)
                                                                           ->  Seq Scan on comp_cast_type cct1  (cost=0.00..1.05 rows=1 width=4) (actual time=0.004..0.005 rows=1 loops=1)
                                                                                 Filter: ((kind)::text = 'cast'::text)
                                                                                 Rows Removed by Filter: 3
                                                               ->  Materialize  (cost=0.00..1.05 rows=1 width=4) (actual time=0.000..0.000 rows=1 loops=3834)
                                                                     ->  Seq Scan on comp_cast_type cct2  (cost=0.00..1.05 rows=1 width=4) (actual time=0.008..0.009 rows=2 loops=1)
                                                                           Filter: ((kind)::text ~~ 'complete%'::text)
                                                                           Rows Removed by Filter: 2
                                                         ->  Index Scan using movie_id_movie_companies on movie_companies mc  (cost=0.43..1.29 rows=2 width=12) (actual time=0.002..0.002 rows=1 loops=3834)
                                                               Index Cond: (movie_id = cc.movie_id)
                                                               Filter: (note IS NULL)
                                                               Rows Removed by Filter: 2
                                                   ->  Index Scan using company_name_pkey on company_name cn  (cost=0.42..0.46 rows=1 width=23) (actual time=0.003..0.003 rows=0 loops=3375)
                                                         Index Cond: (id = mc.company_id)
                                                         Filter: (((country_code)::text <> '[pl]'::text) AND (((name)::text ~~ '%Film%'::text) OR ((name)::text ~~ '%Warner%'::text)))
                                                         Rows Removed by Filter: 1
                                             ->  Index Scan using title_pkey on title t  (cost=0.43..0.59 rows=1 width=21) (actual time=0.009..0.009 rows=1 loops=174)
                                                   Index Cond: (id = mc.movie_id)
                                                   Filter: ((production_year >= 1950) AND (production_year <= 2010))
                                                   Rows Removed by Filter: 0
                                       ->  Index Scan using movie_id_movie_link on movie_link ml  (cost=0.29..959.51 rows=29997 width=8) (actual time=0.008..3.934 rows=30313 loops=1)
                                 ->  Materialize  (cost=0.00..1.23 rows=1 width=86) (actual time=0.000..0.000 rows=2 loops=720)
                                       ->  Seq Scan on link_type lt  (cost=0.00..1.23 rows=1 width=86) (actual time=0.002..0.005 rows=2 loops=1)
                                             Filter: ((link)::text ~~ '%follow%'::text)
                                             Rows Removed by Filter: 16
                           ->  Index Scan using movie_id_movie_keyword on movie_keyword mk  (cost=0.43..1.33 rows=47 width=8) (actual time=0.002..0.003 rows=11 loops=298)
                                 Index Cond: (movie_id = t.id)
                     ->  Index Scan using keyword_pkey on keyword k  (cost=0.42..0.44 rows=1 width=4) (actual time=0.002..0.002 rows=0 loops=3396)
                           Index Cond: (id = mk.keyword_id)
                           Filter: ((keyword)::text = 'sequel'::text)
                           Rows Removed by Filter: 1
               ->  Seq Scan on company_type ct  (cost=0.00..1.05 rows=1 width=4) (actual time=0.000..0.001 rows=1 loops=191)
                     Filter: ((kind)::text = 'production companies'::text)
                     Rows Removed by Filter: 1
         ->  Index Scan using movie_id_movie_info on movie_info mi  (cost=0.43..1.82 rows=3 width=4) (actual time=0.008..0.010 rows=4 loops=172)
               Index Cond: (movie_id = mk.movie_id)
               Filter: ((info)::text = ANY ('{Sweden,Norway,Germany,Denmark,Swedish,Denish,Norwegian,German,English}'::text[]))
               Rows Removed by Filter: 15
 Planning Time: 70.184 ms
 Execution Time: 41.837 ms
(64 rows)

SET
                                                                                                            QUERY PLAN                                                                                                            
----------------------------------------------------------------------------------------------------------------------------------------------------------------------------------------------------------------------------------
 Aggregate  (cost=7394.90..7394.91 rows=1 width=96) (actual time=501.058..501.058 rows=1 loops=1)
   ->  Nested Loop  (cost=9.31..7394.89 rows=1 width=42) (actual time=6.020..499.943 rows=4803 loops=1)
         Join Filter: (ct.id = mc.company_type_id)
         ->  Nested Loop  (cost=9.31..7393.80 rows=1 width=46) (actual time=6.012..495.981 rows=4803 loops=1)
               ->  Nested Loop  (cost=8.89..7393.26 rows=1 width=31) (actual time=6.001..481.053 rows=4955 loops=1)
                     Join Filter: (t.id = mc.movie_id)
                     ->  Nested Loop  (cost=8.46..7392.68 rows=1 width=43) (actual time=5.969..471.432 rows=432 loops=1)
                           Join Filter: (it1.id = mi.info_type_id)
                           Rows Removed by Join Filter: 49
                           ->  Seq Scan on info_type it1  (cost=0.00..2.41 rows=1 width=4) (actual time=0.007..0.013 rows=1 loops=1)
                                 Filter: ((info)::text = 'countries'::text)
                                 Rows Removed by Filter: 112
                           ->  Nested Loop  (cost=8.46..7390.25 rows=1 width=47) (actual time=5.961..471.302 rows=481 loops=1)
                                 Join Filter: (t.id = mi.movie_id)
                                 ->  Nested Loop  (cost=8.03..7388.35 rows=1 width=39) (actual time=5.895..415.383 rows=473 loops=1)
                                       Join Filter: (cc.status_id = cct2.id)
                                       Rows Removed by Join Filter: 1159
                                       ->  Nested Loop  (cost=8.03..7387.27 rows=1 width=43) (actual time=5.892..414.451 rows=544 loops=1)
                                             Join Filter: (kt.id = t.kind_id)
                                             Rows Removed by Join Filter: 244
                                             ->  Nested Loop  (cost=8.03..7386.15 rows=1 width=47) (actual time=5.879..413.367 rows=596 loops=1)
                                                   ->  Nested Loop  (cost=7.60..7385.67 rows=1 width=22) (actual time=5.851..373.831 rows=5973 loops=1)
                                                         Join Filter: (cct1.id = cc.subject_id)
                                                         Rows Removed by Join Filter: 13371
                                                         ->  Seq Scan on comp_cast_type cct1  (cost=0.00..1.05 rows=1 width=4) (actual time=0.002..0.002 rows=1 loops=1)
                                                               Filter: ((kind)::text = 'crew'::text)
                                                               Rows Removed by Filter: 3
                                                         ->  Nested Loop  (cost=7.60..7384.57 rows=4 width=26) (actual time=5.307..371.789 rows=19344 loops=1)
                                                               ->  Nested Loop  (cost=7.18..7383.14 rows=3 width=14) (actual time=4.479..310.302 rows=31800 loops=1)
                                                                     Join Filter: (mi_idx.info_type_id = it2.id)
                                                                     Rows Removed by Join Filter: 62093
                                                                     ->  Seq Scan on info_type it2  (cost=0.00..2.41 rows=1 width=4) (actual time=0.008..0.010 rows=1 loops=1)
                                                                           Filter: ((info)::text = 'rating'::text)
                                                                           Rows Removed by Filter: 112
                                                                     ->  Nested Loop  (cost=7.18..7375.83 rows=392 width=18) (actual time=4.467..301.714 rows=93893 loops=1)
                                                                           ->  Nested Loop  (cost=6.75..7304.56 rows=135 width=4) (actual time=4.442..146.731 rows=37091 loops=1)
                                                                                 ->  Seq Scan on keyword k  (cost=0.00..2961.55 rows=4 width=4) (actual time=1.093..21.069 rows=3 loops=1)
                                                                                       Filter: ((keyword)::text = ANY ('{murder,murder-in-title,blood,violence}'::text[]))
                                                                                       Rows Removed by Filter: 134167
                                                                                 ->  Bitmap Heap Scan on movie_keyword mk  (cost=6.75..1082.76 rows=299 width=8) (actual time=3.401..40.394 rows=12364 loops=3)
                                                                                       Recheck Cond: (keyword_id = k.id)
                                                                                       Heap Blocks: exact=26312
                                                                                       ->  Bitmap Index Scan on keyword_id_movie_keyword  (cost=0.00..6.67 rows=299 width=0) (actual time=1.867..1.867 rows=12364 loops=3)
                                                                                             Index Cond: (keyword_id = k.id)
                                                                           ->  Index Scan using movie_id_movie_info_idx on movie_info_idx mi_idx  (cost=0.43..0.50 rows=3 width=14) (actual time=0.003..0.004 rows=3 loops=37091)
                                                                                 Index Cond: (movie_id = mk.movie_id)
                                                                                 Filter: ((info)::text < '8.5'::text)
                                                                                 Rows Removed by Filter: 0
                                                               ->  Index Scan using movie_id_complete_cast on complete_cast cc  (cost=0.42..0.46 rows=2 width=12) (actual time=0.001..0.002 rows=1 loops=31800)
                                                                     Index Cond: (movie_id = mk.movie_id)
                                                   ->  Index Scan using title_pkey on title t  (cost=0.43..0.49 rows=1 width=25) (actual time=0.006..0.006 rows=0 loops=5973)
                                                         Index Cond: (id = mk.movie_id)
                                                         Filter: (production_year > 2000)
                                                         Rows Removed by Filter: 1
                                             ->  Seq Scan on kind_type kt  (cost=0.00..1.09 rows=2 width=4) (actual time=0.001..0.001 rows=1 loops=596)
                                                   Filter: ((kind)::text = ANY ('{movie,episode}'::text[]))
                                                   Rows Removed by Filter: 2
                                       ->  Seq Scan on comp_cast_type cct2  (cost=0.00..1.05 rows=3 width=4) (actual time=0.001..0.001 rows=3 loops=544)
                                             Filter: ((kind)::text <> 'complete+verified'::text)
                                             Rows Removed by Filter: 0
                                 ->  Index Scan using movie_id_movie_info on movie_info mi  (cost=0.43..1.87 rows=2 width=8) (actual time=0.102..0.118 rows=1 loops=473)
                                       Index Cond: (movie_id = mk.movie_id)
                                       Filter: ((info)::text = ANY ('{Sweden,Norway,Germany,Denmark,Swedish,Danish,Norwegian,German,USA,American}'::text[]))
                                       Rows Removed by Filter: 139
                     ->  Index Scan using movie_id_movie_companies on movie_companies mc  (cost=0.43..0.57 rows=1 width=12) (actual time=0.010..0.020 rows=11 loops=432)
                           Index Cond: (movie_id = mk.movie_id)
                           Filter: (((note)::text !~~ '%(USA)%'::text) AND ((note)::text ~~ '%(200%)%'::text))
                           Rows Removed by Filter: 10
               ->  Index Scan using company_name_pkey on company_name cn  (cost=0.42..0.55 rows=1 width=23) (actual time=0.003..0.003 rows=1 loops=4955)
                     Index Cond: (id = mc.company_id)
                     Filter: ((country_code)::text <> '[us]'::text)
                     Rows Removed by Filter: 0
         ->  Seq Scan on company_type ct  (cost=0.00..1.04 rows=4 width=4) (actual time=0.000..0.000 rows=1 loops=4803)
 Planning Time: 86.646 ms
 Execution Time: 501.302 ms
(75 rows)

SET
                                                                                                            QUERY PLAN                                                                                                            
----------------------------------------------------------------------------------------------------------------------------------------------------------------------------------------------------------------------------------
 Aggregate  (cost=7387.11..7387.12 rows=1 width=96) (actual time=382.283..382.283 rows=1 loops=1)
   ->  Nested Loop  (cost=9.31..7387.10 rows=1 width=42) (actual time=8.198..382.226 rows=148 loops=1)
         ->  Nested Loop  (cost=8.89..7386.56 rows=1 width=27) (actual time=8.177..381.450 rows=150 loops=1)
               Join Filter: (ct.id = mc.company_type_id)
               ->  Nested Loop  (cost=8.89..7385.47 rows=1 width=31) (actual time=8.164..381.293 rows=150 loops=1)
                     Join Filter: (t.id = mc.movie_id)
                     ->  Nested Loop  (cost=8.46..7384.89 rows=1 width=43) (actual time=8.135..380.846 rows=13 loops=1)
                           Join Filter: (it1.id = mi.info_type_id)
                           Rows Removed by Join Filter: 7
                           ->  Seq Scan on info_type it1  (cost=0.00..2.41 rows=1 width=4) (actual time=0.007..0.014 rows=1 loops=1)
                                 Filter: ((info)::text = 'countries'::text)
                                 Rows Removed by Filter: 112
                           ->  Nested Loop  (cost=8.46..7382.46 rows=1 width=47) (actual time=8.126..380.823 rows=20 loops=1)
                                 Join Filter: (t.id = mi.movie_id)
                                 ->  Nested Loop  (cost=8.03..7380.89 rows=1 width=39) (actual time=6.369..366.018 rows=179 loops=1)
                                       Join Filter: (cct2.id = cc.status_id)
                                       Rows Removed by Join Filter: 394
                                       ->  Nested Loop  (cost=8.03..7379.81 rows=1 width=43) (actual time=6.365..365.699 rows=191 loops=1)
                                             Join Filter: (cct1.id = cc.subject_id)
                                             Rows Removed by Join Filter: 689
                                             ->  Seq Scan on comp_cast_type cct1  (cost=0.00..1.05 rows=1 width=4) (actual time=0.007..0.008 rows=1 loops=1)
                                                   Filter: ((kind)::text = 'crew'::text)
                                                   Rows Removed by Filter: 3
                                             ->  Nested Loop  (cost=8.03..7378.74 rows=1 width=47) (actual time=6.354..365.567 rows=880 loops=1)
                                                   ->  Nested Loop  (cost=7.61..7378.26 rows=1 width=35) (actual time=4.678..358.578 rows=2312 loops=1)
                                                         Join Filter: (kt.id = t.kind_id)
                                                         Rows Removed by Join Filter: 1695
                                                         ->  Nested Loop  (cost=7.61..7377.15 rows=1 width=39) (actual time=4.583..354.611 rows=2835 loops=1)
                                                               ->  Nested Loop  (cost=7.18..7376.66 rows=1 width=14) (actual time=4.563..282.590 rows=11708 loops=1)
                                                                     Join Filter: (it2.id = mi_idx.info_type_id)
                                                                     Rows Removed by Join Filter: 6993
                                                                     ->  Seq Scan on info_type it2  (cost=0.00..2.41 rows=1 width=4) (actual time=0.009..0.011 rows=1 loops=1)
                                                                           Filter: ((info)::text = 'rating'::text)
                                                                           Rows Removed by Filter: 112
                                                                     ->  Nested Loop  (cost=7.18..7373.13 rows=90 width=18) (actual time=4.553..280.005 rows=18701 loops=1)
                                                                           ->  Nested Loop  (cost=6.75..7304.56 rows=135 width=4) (actual time=4.526..142.346 rows=37091 loops=1)
                                                                                 ->  Seq Scan on keyword k  (cost=0.00..2961.55 rows=4 width=4) (actual time=1.157..21.062 rows=3 loops=1)
                                                                                       Filter: ((keyword)::text = ANY ('{murder,murder-in-title,blood,violence}'::text[]))
                                                                                       Rows Removed by Filter: 134167
                                                                                 ->  Bitmap Heap Scan on movie_keyword mk  (cost=6.75..1082.76 rows=299 width=8) (actual time=3.383..39.025 rows=12364 loops=3)
                                                                                       Recheck Cond: (keyword_id = k.id)
                                                                                       Heap Blocks: exact=26312
                                                                                       ->  Bitmap Index Scan on keyword_id_movie_keyword  (cost=0.00..6.67 rows=299 width=0) (actual time=1.848..1.848 rows=12364 loops=3)
                                                                                             Index Cond: (keyword_id = k.id)
                                                                           ->  Index Scan using movie_id_movie_info_idx on movie_info_idx mi_idx  (cost=0.43..0.50 rows=1 width=14) (actual time=0.003..0.003 rows=1 loops=37091)
                                                                                 Index Cond: (movie_id = mk.movie_id)
                                                                                 Filter: ((info)::text > '6.5'::text)
                                                                                 Rows Removed by Filter: 2
                                                               ->  Index Scan using title_pkey on title t  (cost=0.43..0.49 rows=1 width=25) (actual time=0.006..0.006 rows=0 loops=11708)
                                                                     Index Cond: (id = mk.movie_id)
                                                                     Filter: (production_year > 2005)
                                                                     Rows Removed by Filter: 1
                                                         ->  Seq Scan on kind_type kt  (cost=0.00..1.09 rows=2 width=4) (actual time=0.000..0.001 rows=1 loops=2835)
                                                               Filter: ((kind)::text = ANY ('{movie,episode}'::text[]))
                                                               Rows Removed by Filter: 2
                                                   ->  Index Scan using movie_id_complete_cast on complete_cast cc  (cost=0.42..0.46 rows=2 width=12) (actual time=0.003..0.003 rows=0 loops=2312)
                                                         Index Cond: (movie_id = t.id)
                                       ->  Seq Scan on comp_cast_type cct2  (cost=0.00..1.05 rows=3 width=4) (actual time=0.000..0.001 rows=3 loops=191)
                                             Filter: ((kind)::text <> 'complete+verified'::text)
                                             Rows Removed by Filter: 0
                                 ->  Index Scan using movie_id_movie_info on movie_info mi  (cost=0.43..1.56 rows=1 width=8) (actual time=0.079..0.082 rows=0 loops=179)
                                       Index Cond: (movie_id = mk.movie_id)
                                       Filter: ((info)::text = ANY ('{Sweden,Germany,Swedish,German}'::text[]))
                                       Rows Removed by Filter: 130
                     ->  Index Scan using movie_id_movie_companies on movie_companies mc  (cost=0.43..0.57 rows=1 width=12) (actual time=0.016..0.031 rows=12 loops=13)
                           Index Cond: (movie_id = mk.movie_id)
                           Filter: (((note)::text !~~ '%(USA)%'::text) AND ((note)::text ~~ '%(200%)%'::text))
                           Rows Removed by Filter: 17
               ->  Seq Scan on company_type ct  (cost=0.00..1.04 rows=4 width=4) (actual time=0.000..0.000 rows=1 loops=150)
         ->  Index Scan using company_name_pkey on company_name cn  (cost=0.42..0.55 rows=1 width=23) (actual time=0.005..0.005 rows=1 loops=150)
               Index Cond: (id = mc.company_id)
               Filter: ((country_code)::text <> '[us]'::text)
               Rows Removed by Filter: 0
 Planning Time: 86.528 ms
 Execution Time: 382.537 ms
(75 rows)

SET
                                                                                                         QUERY PLAN                                                                                                         
----------------------------------------------------------------------------------------------------------------------------------------------------------------------------------------------------------------------------
 Aggregate  (cost=7394.43..7394.44 rows=1 width=96) (actual time=2367.772..2367.773 rows=1 loops=1)
   ->  Nested Loop  (cost=9.31..7394.42 rows=1 width=42) (actual time=10.509..2365.581 rows=8373 loops=1)
         Join Filter: (it2.id = mi_idx.info_type_id)
         Rows Removed by Join Filter: 16430
         ->  Seq Scan on info_type it2  (cost=0.00..2.41 rows=1 width=4) (actual time=0.012..0.013 rows=1 loops=1)
               Filter: ((info)::text = 'rating'::text)
               Rows Removed by Filter: 112
         ->  Nested Loop  (cost=9.31..7391.99 rows=1 width=46) (actual time=10.493..2363.261 rows=24803 loops=1)
               Join Filter: (t.id = mi_idx.movie_id)
               ->  Nested Loop  (cost=8.88..7391.46 rows=1 width=56) (actual time=10.467..2336.498 rows=8493 loops=1)
                     Join Filter: (kt.id = t.kind_id)
                     Rows Removed by Join Filter: 712
                     ->  Nested Loop  (cost=8.88..7390.35 rows=1 width=60) (actual time=10.459..2326.421 rows=8788 loops=1)
                           Join Filter: (mi.movie_id = t.id)
                           ->  Nested Loop  (cost=8.45..7389.84 rows=1 width=35) (actual time=5.294..2273.064 rows=22323 loops=1)
                                 Join Filter: (it1.id = mi.info_type_id)
                                 Rows Removed by Join Filter: 5071
                                 ->  Seq Scan on info_type it1  (cost=0.00..2.41 rows=1 width=4) (actual time=0.003..0.010 rows=1 loops=1)
                                       Filter: ((info)::text = 'countries'::text)
                                       Rows Removed by Filter: 112
                                 ->  Nested Loop  (cost=8.45..7387.38 rows=4 width=39) (actual time=5.290..2269.089 rows=27394 loops=1)
                                       ->  Nested Loop  (cost=8.02..7383.59 rows=2 width=31) (actual time=5.036..385.919 rows=22725 loops=1)
                                             ->  Nested Loop  (cost=7.60..7381.96 rows=3 width=16) (actual time=5.022..320.590 rows=24082 loops=1)
                                                   Join Filter: (ct.id = mc.company_type_id)
                                                   Rows Removed by Join Filter: 7
                                                   ->  Nested Loop  (cost=7.60..7380.76 rows=3 width=20) (actual time=5.006..313.704 rows=24082 loops=1)
                                                         ->  Nested Loop  (cost=7.17..7373.86 rows=12 width=8) (actual time=4.938..222.195 rows=6704 loops=1)
                                                               Join Filter: (cc.subject_id = cct1.id)
                                                               Rows Removed by Join Filter: 3832
                                                               ->  Seq Scan on comp_cast_type cct1  (cost=0.00..1.05 rows=1 width=4) (actual time=0.007..0.008 rows=1 loops=1)
                                                                     Filter: ((kind)::text = 'cast'::text)
                                                                     Rows Removed by Filter: 3
                                                               ->  Nested Loop  (cost=7.17..7372.22 rows=47 width=12) (actual time=4.930..220.753 rows=10536 loops=1)
                                                                     Join Filter: (cct2.id = cc.status_id)
                                                                     Rows Removed by Join Filter: 9488
                                                                     ->  Seq Scan on comp_cast_type cct2  (cost=0.00..1.05 rows=1 width=4) (actual time=0.003..0.005 rows=1 loops=1)
                                                                           Filter: ((kind)::text = 'complete'::text)
                                                                           Rows Removed by Filter: 3
                                                                     ->  Nested Loop  (cost=7.17..7368.82 rows=188 width=16) (actual time=4.914..218.047 rows=20024 loops=1)
                                                                           ->  Nested Loop  (cost=6.75..7304.56 rows=135 width=4) (actual time=4.504..142.461 rows=37091 loops=1)
                                                                                 ->  Seq Scan on keyword k  (cost=0.00..2961.55 rows=4 width=4) (actual time=1.140..20.890 rows=3 loops=1)
                                                                                       Filter: ((keyword)::text = ANY ('{murder,murder-in-title,blood,violence}'::text[]))
                                                                                       Rows Removed by Filter: 134167
                                                                                 ->  Bitmap Heap Scan on movie_keyword mk  (cost=6.75..1082.76 rows=299 width=8) (actual time=3.397..39.217 rows=12364 loops=3)
                                                                                       Recheck Cond: (keyword_id = k.id)
                                                                                       Heap Blocks: exact=26312
                                                                                       ->  Bitmap Index Scan on keyword_id_movie_keyword  (cost=0.00..6.67 rows=299 width=0) (actual time=1.865..1.865 rows=12364 loops=3)
                                                                                             Index Cond: (keyword_id = k.id)
                                                                           ->  Index Scan using movie_id_complete_cast on complete_cast cc  (cost=0.42..0.46 rows=2 width=12) (actual time=0.002..0.002 rows=1 loops=37091)
                                                                                 Index Cond: (movie_id = mk.movie_id)
                                                         ->  Index Scan using movie_id_movie_companies on movie_companies mc  (cost=0.43..0.57 rows=1 width=12) (actual time=0.009..0.013 rows=4 loops=6704)
                                                               Index Cond: (movie_id = mk.movie_id)
                                                               Filter: (((note)::text !~~ '%(USA)%'::text) AND ((note)::text ~~ '%(200%)%'::text))
                                                               Rows Removed by Filter: 8
                                                   ->  Materialize  (cost=0.00..1.06 rows=4 width=4) (actual time=0.000..0.000 rows=1 loops=24082)
                                                         ->  Seq Scan on company_type ct  (cost=0.00..1.04 rows=4 width=4) (actual time=0.012..0.013 rows=2 loops=1)
                                             ->  Index Scan using company_name_pkey on company_name cn  (cost=0.42..0.55 rows=1 width=23) (actual time=0.002..0.002 rows=1 loops=24082)
                                                   Index Cond: (id = mc.company_id)
                                                   Filter: ((country_code)::text <> '[us]'::text)
                                                   Rows Removed by Filter: 0
                                       ->  Index Scan using movie_id_movie_info on movie_info mi  (cost=0.43..1.87 rows=2 width=8) (actual time=0.070..0.083 rows=1 loops=22725)
                                             Index Cond: (movie_id = mk.movie_id)
                                             Filter: ((info)::text = ANY ('{Sweden,Norway,Germany,Denmark,Swedish,Danish,Norwegian,German,USA,American}'::text[]))
                                             Rows Removed by Filter: 203
                           ->  Index Scan using title_pkey on title t  (cost=0.43..0.49 rows=1 width=25) (actual time=0.002..0.002 rows=0 loops=22323)
                                 Index Cond: (id = mk.movie_id)
                                 Filter: (production_year > 2005)
                                 Rows Removed by Filter: 1
                     ->  Seq Scan on kind_type kt  (cost=0.00..1.09 rows=2 width=4) (actual time=0.000..0.001 rows=1 loops=8788)
                           Filter: ((kind)::text = ANY ('{movie,episode}'::text[]))
                           Rows Removed by Filter: 0
               ->  Index Scan using movie_id_movie_info_idx on movie_info_idx mi_idx  (cost=0.43..0.50 rows=3 width=14) (actual time=0.002..0.003 rows=3 loops=8493)
                     Index Cond: (movie_id = mk.movie_id)
                     Filter: ((info)::text < '8.5'::text)
                     Rows Removed by Filter: 0
 Planning Time: 88.375 ms
 Execution Time: 2368.027 ms
(77 rows)

SET
                                                                                                                QUERY PLAN                                                                                                                 
-------------------------------------------------------------------------------------------------------------------------------------------------------------------------------------------------------------------------------------------
 Aggregate  (cost=3945.49..3945.50 rows=1 width=96) (actual time=26.685..26.685 rows=1 loops=1)
   ->  Nested Loop  (cost=11.16..3945.49 rows=1 width=48) (actual time=7.931..26.403 rows=1620 loops=1)
         Join Filter: (it3.id = pi.info_type_id)
         Rows Removed by Join Filter: 3270
         ->  Seq Scan on info_type it3  (cost=0.00..2.41 rows=1 width=4) (actual time=0.007..0.013 rows=1 loops=1)
               Filter: ((info)::text = 'trivia'::text)
               Rows Removed by Filter: 112
         ->  Nested Loop  (cost=11.16..3943.06 rows=1 width=52) (actual time=7.906..26.059 rows=4890 loops=1)
               Join Filter: (n.id = pi.person_id)
               ->  Nested Loop  (cost=10.73..3922.80 rows=1 width=60) (actual time=7.878..24.628 rows=30 loops=1)
                     Join Filter: (cc.subject_id = cct1.id)
                     ->  Nested Loop  (cost=10.73..3921.74 rows=1 width=64) (actual time=7.875..24.591 rows=30 loops=1)
                           ->  Nested Loop  (cost=10.30..3919.44 rows=1 width=45) (actual time=7.845..24.495 rows=30 loops=1)
                                 Join Filter: (ci.role_id = rt.id)
                                 ->  Nested Loop  (cost=10.30..3918.28 rows=1 width=49) (actual time=7.832..24.442 rows=30 loops=1)
                                       Join Filter: (mi.info_type_id = it.id)
                                       ->  Nested Loop  (cost=10.30..3915.85 rows=1 width=53) (actual time=7.826..24.334 rows=30 loops=1)
                                             ->  Nested Loop  (cost=9.88..3913.83 rows=1 width=57) (actual time=7.814..23.925 rows=132 loops=1)
                                                   Join Filter: (t.id = mc.movie_id)
                                                   ->  Nested Loop  (cost=9.45..3908.99 rows=1 width=73) (actual time=7.784..23.827 rows=6 loops=1)
                                                         ->  Nested Loop  (cost=9.02..3902.76 rows=2 width=61) (actual time=6.938..23.169 rows=132 loops=1)
                                                               ->  Nested Loop  (cost=8.60..3899.85 rows=1 width=57) (actual time=6.878..22.529 rows=76 loops=1)
                                                                     Join Filter: (t.id = ci.movie_id)
                                                                     ->  Nested Loop  (cost=8.03..3852.25 rows=1 width=41) (actual time=6.847..20.854 rows=2 loops=1)
                                                                           Join Filter: (t.id = mi.movie_id)
                                                                           ->  Nested Loop  (cost=7.60..3809.27 rows=1 width=33) (actual time=6.773..20.490 rows=1 loops=1)
                                                                                 Join Filter: (cct2.id = cc.status_id)
                                                                                 ->  Seq Scan on comp_cast_type cct2  (cost=0.00..1.05 rows=1 width=4) (actual time=0.007..0.007 rows=1 loops=1)
                                                                                       Filter: ((kind)::text = 'complete+verified'::text)
                                                                                       Rows Removed by Filter: 3
                                                                                 ->  Nested Loop  (cost=7.60..3808.21 rows=1 width=37) (actual time=6.765..20.481 rows=1 loops=1)
                                                                                       Join Filter: (t.id = cc.movie_id)
                                                                                       ->  Nested Loop  (cost=7.18..3805.41 rows=1 width=25) (actual time=6.740..20.454 rows=1 loops=1)
                                                                                             ->  Nested Loop  (cost=6.75..3732.91 rows=34 width=4) (actual time=0.184..14.607 rows=414 loops=1)
                                                                                                   ->  Seq Scan on keyword k  (cost=0.00..2626.12 rows=1 width=4) (actual time=0.051..11.722 rows=1 loops=1)
                                                                                                         Filter: ((keyword)::text = 'computer-animation'::text)
                                                                                                         Rows Removed by Filter: 134169
                                                                                                   ->  Bitmap Heap Scan on movie_keyword mk  (cost=6.75..1103.80 rows=299 width=8) (actual time=0.131..2.827 rows=414 loops=1)
                                                                                                         Recheck Cond: (keyword_id = k.id)
                                                                                                         Heap Blocks: exact=358
                                                                                                         ->  Bitmap Index Scan on keyword_id_movie_keyword  (cost=0.00..6.67 rows=299 width=0) (actual time=0.074..0.074 rows=414 loops=1)
                                                                                                               Index Cond: (keyword_id = k.id)
                                                                                             ->  Index Scan using title_pkey on title t  (cost=0.43..2.12 rows=1 width=21) (actual time=0.014..0.014 rows=0 loops=414)
                                                                                                   Index Cond: (id = mk.movie_id)
                                                                                                   Filter: ((production_year >= 2000) AND (production_year <= 2010) AND ((title)::text = 'Shrek 2'::text))
                                                                                                   Rows Removed by Filter: 1
                                                                                       ->  Index Scan using movie_id_complete_cast on complete_cast cc  (cost=0.42..2.77 rows=2 width=12) (actual time=0.022..0.023 rows=1 loops=1)
                                                                                             Index Cond: (movie_id = mk.movie_id)
                                                                           ->  Index Scan using movie_id_movie_info on movie_info mi  (cost=0.43..42.97 rows=1 width=8) (actual time=0.072..0.361 rows=2 loops=1)
                                                                                 Index Cond: (movie_id = mk.movie_id)
                                                                                 Filter: ((info IS NOT NULL) AND (((info)::text ~~ 'Japan:%200%'::text) OR ((info)::text ~~ 'USA:%200%'::text)))
                                                                                 Rows Removed by Filter: 455
                                                                     ->  Index Scan using movie_id_cast_info on cast_info ci  (cost=0.56..47.58 rows=1 width=16) (actual time=0.017..0.828 rows=38 loops=2)
                                                                           Index Cond: (movie_id = mk.movie_id)
                                                                           Filter: ((note)::text = ANY ('{(voice),"(voice) (uncredited)","(voice: English version)"}'::text[]))
                                                                           Rows Removed by Filter: 191
                                                               ->  Index Only Scan using person_id_aka_name on aka_name an  (cost=0.42..2.89 rows=2 width=4) (actual time=0.006..0.008 rows=2 loops=76)
                                                                     Index Cond: (person_id = ci.person_id)
                                                                     Heap Fetches: 132
                                                         ->  Index Scan using char_name_pkey on char_name chn  (cost=0.43..2.22 rows=1 width=20) (actual time=0.005..0.005 rows=0 loops=132)
                                                               Index Cond: (id = ci.person_role_id)
                                                               Filter: ((name)::text = 'Queen'::text)
                                                               Rows Removed by Filter: 1
                                                   ->  Index Scan using movie_id_movie_companies on movie_companies mc  (cost=0.43..4.77 rows=5 width=8) (actual time=0.007..0.012 rows=22 loops=6)
                                                         Index Cond: (movie_id = mk.movie_id)
                                             ->  Index Scan using company_name_pkey on company_name cn  (cost=0.42..2.03 rows=1 width=4) (actual time=0.003..0.003 rows=0 loops=132)
                                                   Index Cond: (id = mc.company_id)
                                                   Filter: ((country_code)::text = '[us]'::text)
                                                   Rows Removed by Filter: 1
                                       ->  Seq Scan on info_type it  (cost=0.00..2.41 rows=1 width=4) (actual time=0.003..0.003 rows=1 loops=30)
                                             Filter: ((info)::text = 'release dates'::text)
                                             Rows Removed by Filter: 15
                                 ->  Seq Scan on role_type rt  (cost=0.00..1.15 rows=1 width=4) (actual time=0.001..0.001 rows=1 loops=30)
                                       Filter: ((role)::text = 'actress'::text)
                                       Rows Removed by Filter: 1
                           ->  Index Scan using name_pkey on name n  (cost=0.43..2.30 rows=1 width=19) (actual time=0.003..0.003 rows=1 loops=30)
                                 Index Cond: (id = ci.person_id)
                                 Filter: (((name)::text ~~ '%An%'::text) AND ((gender)::text = 'f'::text))
                     ->  Seq Scan on comp_cast_type cct1  (cost=0.00..1.05 rows=1 width=4) (actual time=0.000..0.000 rows=1 loops=30)
                           Filter: ((kind)::text = 'cast'::text)
               ->  Index Scan using person_id_person_info on person_info pi  (cost=0.43..19.93 rows=26 width=8) (actual time=0.002..0.027 rows=163 loops=30)
                     Index Cond: (person_id = an.person_id)
 Planning Time: 118.716 ms
 Execution Time: 27.021 ms
(84 rows)

SET
                                                                                                                 QUERY PLAN                                                                                                                 
--------------------------------------------------------------------------------------------------------------------------------------------------------------------------------------------------------------------------------------------
 Aggregate  (cost=4148.76..4148.77 rows=1 width=96) (actual time=179.496..179.496 rows=1 loops=1)
   ->  Nested Loop  (cost=11.16..4148.76 rows=1 width=48) (actual time=28.009..179.481 rows=15 loops=1)
         ->  Nested Loop  (cost=10.74..4146.73 rows=1 width=52) (actual time=27.996..179.249 rows=66 loops=1)
               Join Filter: (pi.info_type_id = it3.id)
               Rows Removed by Join Filter: 10692
               ->  Nested Loop  (cost=10.74..4144.31 rows=1 width=56) (actual time=26.726..86.756 rows=10758 loops=1)
                     Join Filter: (mi.info_type_id = it.id)
                     ->  Nested Loop  (cost=10.74..4141.88 rows=1 width=60) (actual time=26.720..54.174 rows=10758 loops=1)
                           Join Filter: (n.id = pi.person_id)
                           ->  Nested Loop  (cost=10.31..4121.62 rows=1 width=68) (actual time=26.709..50.593 rows=66 loops=1)
                                 ->  Nested Loop  (cost=9.88..4117.61 rows=1 width=56) (actual time=26.697..50.457 rows=66 loops=1)
                                       Join Filter: (n.id = an.person_id)
                                       ->  Nested Loop  (cost=9.46..4114.69 rows=1 width=52) (actual time=26.683..50.369 rows=22 loops=1)
                                             Join Filter: (mi.movie_id = t.id)
                                             ->  Nested Loop  (cost=9.03..4110.43 rows=2 width=55) (actual time=9.216..49.980 rows=193 loops=1)
                                                   Join Filter: (mc.movie_id = mi.movie_id)
                                                   ->  Nested Loop  (cost=8.59..3981.80 rows=3 width=47) (actual time=3.278..36.328 rows=167 loops=1)
                                                         Join Filter: (ci.movie_id = mc.movie_id)
                                                         ->  Nested Loop  (cost=8.16..3976.97 rows=1 width=39) (actual time=3.245..36.092 rows=6 loops=1)
                                                               ->  Nested Loop  (cost=7.73..3974.67 rows=1 width=20) (actual time=1.400..33.666 rows=175 loops=1)
                                                                     Join Filter: (rt.id = ci.role_id)
                                                                     Rows Removed by Join Filter: 528
                                                                     ->  Seq Scan on role_type rt  (cost=0.00..1.15 rows=1 width=4) (actual time=0.014..0.016 rows=1 loops=1)
                                                                           Filter: ((role)::text = 'actress'::text)
                                                                           Rows Removed by Filter: 11
                                                                     ->  Nested Loop  (cost=7.73..3973.48 rows=3 width=24) (actual time=1.068..33.580 rows=703 loops=1)
                                                                           ->  Nested Loop  (cost=7.17..3830.71 rows=3 width=8) (actual time=1.025..15.766 rows=23 loops=1)
                                                                                 Join Filter: (cc.status_id = cct2.id)
                                                                                 Rows Removed by Join Filter: 51
                                                                                 ->  Seq Scan on comp_cast_type cct2  (cost=0.00..1.05 rows=1 width=4) (actual time=0.009..0.009 rows=1 loops=1)
                                                                                       Filter: ((kind)::text = 'complete+verified'::text)
                                                                                       Rows Removed by Filter: 3
                                                                                 ->  Nested Loop  (cost=7.17..3829.51 rows=12 width=12) (actual time=0.393..15.741 rows=74 loops=1)
                                                                                       Join Filter: (cc.subject_id = cct1.id)
                                                                                       Rows Removed by Join Filter: 16
                                                                                       ->  Seq Scan on comp_cast_type cct1  (cost=0.00..1.05 rows=1 width=4) (actual time=0.001..0.002 rows=1 loops=1)
                                                                                             Filter: ((kind)::text = 'cast'::text)
                                                                                             Rows Removed by Filter: 3
                                                                                       ->  Nested Loop  (cost=7.17..3827.87 rows=47 width=16) (actual time=0.390..15.718 rows=90 loops=1)
                                                                                             ->  Nested Loop  (cost=6.75..3732.91 rows=34 width=4) (actual time=0.149..13.287 rows=414 loops=1)
                                                                                                   ->  Seq Scan on keyword k  (cost=0.00..2626.12 rows=1 width=4) (actual time=0.035..11.496 rows=1 loops=1)
                                                                                                         Filter: ((keyword)::text = 'computer-animation'::text)
                                                                                                         Rows Removed by Filter: 134169
                                                                                                   ->  Bitmap Heap Scan on movie_keyword mk  (cost=6.75..1103.80 rows=299 width=8) (actual time=0.113..1.743 rows=414 loops=1)
                                                                                                         Recheck Cond: (keyword_id = k.id)
                                                                                                         Heap Blocks: exact=358
                                                                                                         ->  Bitmap Index Scan on keyword_id_movie_keyword  (cost=0.00..6.67 rows=299 width=0) (actual time=0.056..0.056 rows=414 loops=1)
                                                                                                               Index Cond: (keyword_id = k.id)
                                                                                             ->  Index Scan using movie_id_complete_cast on complete_cast cc  (cost=0.42..2.77 rows=2 width=12) (actual time=0.005..0.006 rows=0 loops=414)
                                                                                                   Index Cond: (movie_id = mk.movie_id)
                                                                           ->  Index Scan using movie_id_cast_info on cast_info ci  (cost=0.56..47.58 rows=1 width=16) (actual time=0.093..0.770 rows=31 loops=23)
                                                                                 Index Cond: (movie_id = mk.movie_id)
                                                                                 Filter: ((note)::text = ANY ('{(voice),"(voice) (uncredited)","(voice: English version)"}'::text[]))
                                                                                 Rows Removed by Filter: 116
                                                               ->  Index Scan using name_pkey on name n  (cost=0.43..2.30 rows=1 width=19) (actual time=0.014..0.014 rows=0 loops=175)
                                                                     Index Cond: (id = ci.person_id)
                                                                     Filter: (((name)::text ~~ '%An%'::text) AND ((gender)::text = 'f'::text))
                                                                     Rows Removed by Filter: 1
                                                         ->  Index Scan using movie_id_movie_companies on movie_companies mc  (cost=0.43..4.77 rows=5 width=8) (actual time=0.020..0.032 rows=28 loops=6)
                                                               Index Cond: (movie_id = mk.movie_id)
                                                   ->  Index Scan using movie_id_movie_info on movie_info mi  (cost=0.43..42.86 rows=1 width=8) (actual time=0.018..0.081 rows=1 loops=167)
                                                         Index Cond: (movie_id = mk.movie_id)
                                                         Filter: ((info)::text ~~ 'USA:%200%'::text)
                                                         Rows Removed by Filter: 422
                                             ->  Index Scan using title_pkey on title t  (cost=0.43..2.12 rows=1 width=21) (actual time=0.002..0.002 rows=0 loops=193)
                                                   Index Cond: (id = mk.movie_id)
                                                   Filter: ((production_year >= 2000) AND (production_year <= 2005) AND ((title)::text = 'Shrek 2'::text))
                                                   Rows Removed by Filter: 1
                                       ->  Index Only Scan using person_id_aka_name on aka_name an  (cost=0.42..2.89 rows=2 width=4) (actual time=0.002..0.003 rows=3 loops=22)
                                             Index Cond: (person_id = ci.person_id)
                                             Heap Fetches: 66
                                 ->  Index Scan using char_name_pkey on char_name chn  (cost=0.43..2.22 rows=1 width=20) (actual time=0.002..0.002 rows=1 loops=66)
                                       Index Cond: (id = ci.person_role_id)
                                       Filter: ((name)::text = 'Queen'::text)
                           ->  Index Scan using person_id_person_info on person_info pi  (cost=0.43..19.93 rows=26 width=8) (actual time=0.001..0.028 rows=163 loops=66)
                                 Index Cond: (person_id = an.person_id)
                     ->  Seq Scan on info_type it  (cost=0.00..2.41 rows=1 width=4) (actual time=0.003..0.003 rows=1 loops=10758)
                           Filter: ((info)::text = 'release dates'::text)
                           Rows Removed by Filter: 15
               ->  Seq Scan on info_type it3  (cost=0.00..2.41 rows=1 width=4) (actual time=0.003..0.008 rows=1 loops=10758)
                     Filter: ((info)::text = 'height'::text)
                     Rows Removed by Filter: 111
         ->  Index Scan using company_name_pkey on company_name cn  (cost=0.42..2.03 rows=1 width=4) (actual time=0.003..0.003 rows=0 loops=66)
               Index Cond: (id = mc.company_id)
               Filter: ((country_code)::text = '[us]'::text)
               Rows Removed by Filter: 1
 Planning Time: 116.754 ms
 Execution Time: 179.812 ms
(88 rows)

SET
                                                                                                                QUERY PLAN                                                                                                                 
-------------------------------------------------------------------------------------------------------------------------------------------------------------------------------------------------------------------------------------------
 Aggregate  (cost=4547.37..4547.38 rows=1 width=96) (actual time=561.464..561.465 rows=1 loops=1)
   ->  Nested Loop  (cost=11.16..4547.36 rows=1 width=48) (actual time=75.024..558.135 rows=16308 loops=1)
         Join Filter: (cc.status_id = cct2.id)
         Rows Removed by Join Filter: 11714
         ->  Nested Loop  (cost=11.16..4546.30 rows=1 width=52) (actual time=18.184..530.185 rows=28022 loops=1)
               ->  Nested Loop  (cost=10.74..4544.27 rows=1 width=56) (actual time=17.786..307.056 rows=149974 loops=1)
                     Join Filter: (n.id = an.person_id)
                     ->  Nested Loop  (cost=10.32..4541.38 rows=1 width=68) (actual time=17.750..198.911 rows=36250 loops=1)
                           Join Filter: (it3.id = pi.info_type_id)
                           Rows Removed by Join Filter: 117713
                           ->  Seq Scan on info_type it3  (cost=0.00..2.41 rows=1 width=4) (actual time=0.007..0.013 rows=1 loops=1)
                                 Filter: ((info)::text = 'trivia'::text)
                                 Rows Removed by Filter: 112
                           ->  Nested Loop  (cost=10.32..4538.95 rows=1 width=72) (actual time=17.739..188.477 rows=153963 loops=1)
                                 Join Filter: (n.id = pi.person_id)
                                 ->  Nested Loop  (cost=9.89..4518.69 rows=1 width=64) (actual time=17.705..143.806 rows=1206 loops=1)
                                       Join Filter: (ci.role_id = rt.id)
                                       ->  Nested Loop  (cost=9.89..4517.53 rows=1 width=68) (actual time=17.702..142.432 rows=1206 loops=1)
                                             ->  Nested Loop  (cost=9.46..4515.32 rows=1 width=56) (actual time=17.672..139.879 rows=1455 loops=1)
                                                   Join Filter: (cc.subject_id = cct1.id)
                                                   ->  Nested Loop  (cost=9.46..4514.26 rows=1 width=60) (actual time=17.666..138.517 rows=1455 loops=1)
                                                         Join Filter: (t.id = mc.movie_id)
                                                         ->  Nested Loop  (cost=9.03..4509.42 rows=1 width=76) (actual time=17.632..137.466 rows=58 loops=1)
                                                               Join Filter: (mi.info_type_id = it.id)
                                                               ->  Nested Loop  (cost=9.03..4506.99 rows=1 width=80) (actual time=17.626..137.231 rows=58 loops=1)
                                                                     ->  Nested Loop  (cost=8.61..4504.20 rows=1 width=68) (actual time=15.586..136.888 rows=75 loops=1)
                                                                           ->  Nested Loop  (cost=8.18..4501.91 rows=1 width=49) (actual time=2.725..100.751 rows=7505 loops=1)
                                                                                 Join Filter: (t.id = ci.movie_id)
                                                                                 ->  Nested Loop  (cost=7.61..4406.63 rows=2 width=33) (actual time=0.803..43.116 rows=357 loops=1)
                                                                                       Join Filter: (t.id = mi.movie_id)
                                                                                       ->  Nested Loop  (cost=7.18..3804.91 rows=14 width=25) (actual time=0.160..18.196 rows=249 loops=1)
                                                                                             ->  Nested Loop  (cost=6.75..3732.91 rows=34 width=4) (actual time=0.145..14.259 rows=414 loops=1)
                                                                                                   ->  Seq Scan on keyword k  (cost=0.00..2626.12 rows=1 width=4) (actual time=0.035..12.660 rows=1 loops=1)
                                                                                                         Filter: ((keyword)::text = 'computer-animation'::text)
                                                                                                         Rows Removed by Filter: 134169
                                                                                                   ->  Bitmap Heap Scan on movie_keyword mk  (cost=6.75..1103.80 rows=299 width=8) (actual time=0.108..1.532 rows=414 loops=1)
                                                                                                         Recheck Cond: (keyword_id = k.id)
                                                                                                         Heap Blocks: exact=358
                                                                                                         ->  Bitmap Index Scan on keyword_id_movie_keyword  (cost=0.00..6.67 rows=299 width=0) (actual time=0.055..0.055 rows=414 loops=1)
                                                                                                               Index Cond: (keyword_id = k.id)
                                                                                             ->  Index Scan using title_pkey on title t  (cost=0.43..2.12 rows=1 width=21) (actual time=0.009..0.009 rows=1 loops=414)
                                                                                                   Index Cond: (id = mk.movie_id)
                                                                                                   Filter: ((production_year >= 2000) AND (production_year <= 2010))
                                                                                                   Rows Removed by Filter: 0
                                                                                       ->  Index Scan using movie_id_movie_info on movie_info mi  (cost=0.43..42.97 rows=1 width=8) (actual time=0.045..0.099 rows=1 loops=249)
                                                                                             Index Cond: (movie_id = mk.movie_id)
                                                                                             Filter: ((info IS NOT NULL) AND (((info)::text ~~ 'Japan:%200%'::text) OR ((info)::text ~~ 'USA:%200%'::text)))
                                                                                             Rows Removed by Filter: 88
                                                                                 ->  Index Scan using movie_id_cast_info on cast_info ci  (cost=0.56..47.63 rows=1 width=16) (actual time=0.028..0.158 rows=21 loops=357)
                                                                                       Index Cond: (movie_id = mk.movie_id)
                                                                                       Filter: ((note)::text = ANY ('{(voice),"(voice: Japanese version)","(voice) (uncredited)","(voice: English version)"}'::text[]))
                                                                                       Rows Removed by Filter: 72
                                                                           ->  Index Scan using name_pkey on name n  (cost=0.43..2.29 rows=1 width=19) (actual time=0.005..0.005 rows=0 loops=7505)
                                                                                 Index Cond: (id = ci.person_id)
                                                                                 Filter: (((name)::text ~~ '%An%'::text) AND ((gender)::text = 'f'::text))
                                                                                 Rows Removed by Filter: 1
                                                                     ->  Index Scan using movie_id_complete_cast on complete_cast cc  (cost=0.42..2.77 rows=2 width=12) (actual time=0.004..0.004 rows=1 loops=75)
                                                                           Index Cond: (movie_id = t.id)
                                                               ->  Seq Scan on info_type it  (cost=0.00..2.41 rows=1 width=4) (actual time=0.003..0.003 rows=1 loops=58)
                                                                     Filter: ((info)::text = 'release dates'::text)
                                                                     Rows Removed by Filter: 15
                                                         ->  Index Scan using movie_id_movie_companies on movie_companies mc  (cost=0.43..4.77 rows=5 width=8) (actual time=0.007..0.013 rows=25 loops=58)
                                                               Index Cond: (movie_id = mk.movie_id)
                                                   ->  Seq Scan on comp_cast_type cct1  (cost=0.00..1.05 rows=1 width=4) (actual time=0.000..0.000 rows=1 loops=1455)
                                                         Filter: ((kind)::text = 'cast'::text)
                                             ->  Index Scan using char_name_pkey on char_name chn  (cost=0.43..2.21 rows=1 width=20) (actual time=0.001..0.001 rows=1 loops=1455)
                                                   Index Cond: (id = ci.person_role_id)
                                       ->  Seq Scan on role_type rt  (cost=0.00..1.15 rows=1 width=4) (actual time=0.001..0.001 rows=1 loops=1206)
                                             Filter: ((role)::text = 'actress'::text)
                                             Rows Removed by Filter: 1
                                 ->  Index Scan using person_id_person_info on person_info pi  (cost=0.43..19.93 rows=26 width=8) (actual time=0.002..0.019 rows=128 loops=1206)
                                       Index Cond: (person_id = ci.person_id)
                     ->  Index Only Scan using person_id_aka_name on aka_name an  (cost=0.42..2.87 rows=2 width=4) (actual time=0.001..0.002 rows=4 loops=36250)
                           Index Cond: (person_id = pi.person_id)
                           Heap Fetches: 149974
               ->  Index Scan using company_name_pkey on company_name cn  (cost=0.42..2.03 rows=1 width=4) (actual time=0.001..0.001 rows=0 loops=149974)
                     Index Cond: (id = mc.company_id)
                     Filter: ((country_code)::text = '[us]'::text)
                     Rows Removed by Filter: 1
         ->  Seq Scan on comp_cast_type cct2  (cost=0.00..1.05 rows=1 width=4) (actual time=0.001..0.001 rows=1 loops=28022)
               Filter: ((kind)::text = 'complete+verified'::text)
               Rows Removed by Filter: 3
 Planning Time: 119.770 ms
 Execution Time: 561.810 ms
(84 rows)

SET
                                                                               QUERY PLAN                                                                                
-------------------------------------------------------------------------------------------------------------------------------------------------------------------------
 Aggregate  (cost=3832.24..3832.25 rows=1 width=32) (actual time=596.599..596.600 rows=1 loops=1)
   ->  Nested Loop  (cost=8.03..3832.22 rows=7 width=17) (actual time=7.412..595.438 rows=7834 loops=1)
         Join Filter: (mc.movie_id = t.id)
         ->  Nested Loop  (cost=7.60..3828.74 rows=7 width=8) (actual time=7.393..559.726 rows=7834 loops=1)
               ->  Nested Loop  (cost=7.18..3752.99 rows=170 width=12) (actual time=6.673..270.159 rows=148552 loops=1)
                     ->  Nested Loop  (cost=6.75..3732.91 rows=34 width=4) (actual time=6.634..82.027 rows=41840 loops=1)
                           ->  Seq Scan on keyword k  (cost=0.00..2626.12 rows=1 width=4) (actual time=0.506..11.518 rows=1 loops=1)
                                 Filter: ((keyword)::text = 'character-name-in-title'::text)
                                 Rows Removed by Filter: 134169
                           ->  Bitmap Heap Scan on movie_keyword mk  (cost=6.75..1103.80 rows=299 width=8) (actual time=6.125..66.112 rows=41840 loops=1)
                                 Recheck Cond: (keyword_id = k.id)
                                 Heap Blocks: exact=11541
                                 ->  Bitmap Index Scan on keyword_id_movie_keyword  (cost=0.00..6.67 rows=299 width=0) (actual time=4.073..4.073 rows=41840 loops=1)
                                       Index Cond: (keyword_id = k.id)
                     ->  Index Scan using movie_id_movie_companies on movie_companies mc  (cost=0.43..0.54 rows=5 width=8) (actual time=0.003..0.004 rows=4 loops=41840)
                           Index Cond: (movie_id = mk.movie_id)
               ->  Index Scan using company_name_pkey on company_name cn  (cost=0.42..0.45 rows=1 width=4) (actual time=0.002..0.002 rows=0 loops=148552)
                     Index Cond: (id = mc.company_id)
                     Filter: ((country_code)::text = '[de]'::text)
                     Rows Removed by Filter: 1
         ->  Index Scan using title_pkey on title t  (cost=0.43..0.49 rows=1 width=21) (actual time=0.004..0.004 rows=1 loops=7834)
               Index Cond: (id = mk.movie_id)
 Planning Time: 2.285 ms
 Execution Time: 596.799 ms
(24 rows)

SET
                                                                               QUERY PLAN                                                                                
-------------------------------------------------------------------------------------------------------------------------------------------------------------------------
 Aggregate  (cost=3829.74..3829.75 rows=1 width=32) (actual time=567.171..567.171 rows=1 loops=1)
   ->  Nested Loop  (cost=8.03..3829.73 rows=2 width=17) (actual time=9.250..566.375 rows=5228 loops=1)
         Join Filter: (mc.movie_id = t.id)
         ->  Nested Loop  (cost=7.60..3828.74 rows=2 width=8) (actual time=9.234..542.424 rows=5228 loops=1)
               ->  Nested Loop  (cost=7.18..3752.99 rows=170 width=12) (actual time=6.779..263.733 rows=148552 loops=1)
                     ->  Nested Loop  (cost=6.75..3732.91 rows=34 width=4) (actual time=6.738..80.443 rows=41840 loops=1)
                           ->  Seq Scan on keyword k  (cost=0.00..2626.12 rows=1 width=4) (actual time=0.691..11.742 rows=1 loops=1)
                                 Filter: ((keyword)::text = 'character-name-in-title'::text)
                                 Rows Removed by Filter: 134169
                           ->  Bitmap Heap Scan on movie_keyword mk  (cost=6.75..1103.80 rows=299 width=8) (actual time=6.044..64.329 rows=41840 loops=1)
                                 Recheck Cond: (keyword_id = k.id)
                                 Heap Blocks: exact=11541
                                 ->  Bitmap Index Scan on keyword_id_movie_keyword  (cost=0.00..6.67 rows=299 width=0) (actual time=4.002..4.002 rows=41840 loops=1)
                                       Index Cond: (keyword_id = k.id)
                     ->  Index Scan using movie_id_movie_companies on movie_companies mc  (cost=0.43..0.54 rows=5 width=8) (actual time=0.003..0.004 rows=4 loops=41840)
                           Index Cond: (movie_id = mk.movie_id)
               ->  Index Scan using company_name_pkey on company_name cn  (cost=0.42..0.45 rows=1 width=4) (actual time=0.002..0.002 rows=0 loops=148552)
                     Index Cond: (id = mc.company_id)
                     Filter: ((country_code)::text = '[nl]'::text)
                     Rows Removed by Filter: 1
         ->  Index Scan using title_pkey on title t  (cost=0.43..0.49 rows=1 width=21) (actual time=0.004..0.004 rows=1 loops=5228)
               Index Cond: (id = mk.movie_id)
 Planning Time: 2.494 ms
 Execution Time: 567.363 ms
(24 rows)

SET
                                                                               QUERY PLAN                                                                                
-------------------------------------------------------------------------------------------------------------------------------------------------------------------------
 Aggregate  (cost=3829.24..3829.25 rows=1 width=32) (actual time=543.802..543.803 rows=1 loops=1)
   ->  Nested Loop  (cost=8.03..3829.24 rows=1 width=17) (actual time=543.798..543.799 rows=0 loops=1)
         Join Filter: (mc.movie_id = t.id)
         ->  Nested Loop  (cost=7.60..3828.74 rows=1 width=8) (actual time=543.798..543.798 rows=0 loops=1)
               ->  Nested Loop  (cost=7.18..3752.99 rows=170 width=12) (actual time=6.709..266.831 rows=148552 loops=1)
                     ->  Nested Loop  (cost=6.75..3732.91 rows=34 width=4) (actual time=6.667..81.621 rows=41840 loops=1)
                           ->  Seq Scan on keyword k  (cost=0.00..2626.12 rows=1 width=4) (actual time=0.643..11.742 rows=1 loops=1)
                                 Filter: ((keyword)::text = 'character-name-in-title'::text)
                                 Rows Removed by Filter: 134169
                           ->  Bitmap Heap Scan on movie_keyword mk  (cost=6.75..1103.80 rows=299 width=8) (actual time=6.021..65.563 rows=41840 loops=1)
                                 Recheck Cond: (keyword_id = k.id)
                                 Heap Blocks: exact=11541
                                 ->  Bitmap Index Scan on keyword_id_movie_keyword  (cost=0.00..6.67 rows=299 width=0) (actual time=3.964..3.964 rows=41840 loops=1)
                                       Index Cond: (keyword_id = k.id)
                     ->  Index Scan using movie_id_movie_companies on movie_companies mc  (cost=0.43..0.54 rows=5 width=8) (actual time=0.003..0.004 rows=4 loops=41840)
                           Index Cond: (movie_id = mk.movie_id)
               ->  Index Scan using company_name_pkey on company_name cn  (cost=0.42..0.45 rows=1 width=4) (actual time=0.002..0.002 rows=0 loops=148552)
                     Index Cond: (id = mc.company_id)
                     Filter: ((country_code)::text = '[sm]'::text)
                     Rows Removed by Filter: 1
         ->  Index Scan using title_pkey on title t  (cost=0.43..0.49 rows=1 width=21) (never executed)
               Index Cond: (id = mk.movie_id)
 Planning Time: 2.494 ms
 Execution Time: 543.995 ms
(24 rows)

SET
                                                                             QUERY PLAN                                                                              
---------------------------------------------------------------------------------------------------------------------------------------------------------------------
 Aggregate  (cost=3845.82..3845.83 rows=1 width=32) (actual time=726.545..726.546 rows=1 loops=1)
   ->  Nested Loop  (cost=8.03..3845.67 rows=61 width=17) (actual time=6.815..718.410 rows=68316 loops=1)
         ->  Nested Loop  (cost=7.61..3769.92 rows=170 width=21) (actual time=6.751..429.988 rows=148552 loops=1)
               Join Filter: (t.id = mc.movie_id)
               ->  Nested Loop  (cost=7.18..3749.42 rows=34 width=25) (actual time=6.701..248.169 rows=41840 loops=1)
                     ->  Nested Loop  (cost=6.75..3732.91 rows=34 width=4) (actual time=6.680..76.142 rows=41840 loops=1)
                           ->  Seq Scan on keyword k  (cost=0.00..2626.12 rows=1 width=4) (actual time=0.661..11.675 rows=1 loops=1)
                                 Filter: ((keyword)::text = 'character-name-in-title'::text)
                                 Rows Removed by Filter: 134169
                           ->  Bitmap Heap Scan on movie_keyword mk  (cost=6.75..1103.80 rows=299 width=8) (actual time=6.016..59.768 rows=41840 loops=1)
                                 Recheck Cond: (keyword_id = k.id)
                                 Heap Blocks: exact=11541
                                 ->  Bitmap Index Scan on keyword_id_movie_keyword  (cost=0.00..6.67 rows=299 width=0) (actual time=3.968..3.968 rows=41840 loops=1)
                                       Index Cond: (keyword_id = k.id)
                     ->  Index Scan using title_pkey on title t  (cost=0.43..0.49 rows=1 width=21) (actual time=0.004..0.004 rows=1 loops=41840)
                           Index Cond: (id = mk.movie_id)
               ->  Index Scan using movie_id_movie_companies on movie_companies mc  (cost=0.43..0.54 rows=5 width=8) (actual time=0.003..0.004 rows=4 loops=41840)
                     Index Cond: (movie_id = mk.movie_id)
         ->  Index Scan using company_name_pkey on company_name cn  (cost=0.42..0.45 rows=1 width=4) (actual time=0.002..0.002 rows=0 loops=148552)
               Index Cond: (id = mc.company_id)
               Filter: ((country_code)::text = '[us]'::text)
               Rows Removed by Filter: 1
 Planning Time: 2.488 ms
 Execution Time: 726.738 ms
(24 rows)

SET
                                                                                                         QUERY PLAN                                                                                                         
----------------------------------------------------------------------------------------------------------------------------------------------------------------------------------------------------------------------------
 Aggregate  (cost=8691.91..8691.92 rows=1 width=128) (actual time=1353.660..1353.660 rows=1 loops=1)
   ->  Nested Loop  (cost=1012.70..8691.90 rows=1 width=80) (actual time=26.015..1353.160 rows=757 loops=1)
         ->  Nested Loop  (cost=1012.27..8690.88 rows=1 width=69) (actual time=25.980..1342.759 rows=1021 loops=1)
               ->  Nested Loop  (cost=1012.13..8690.69 rows=1 width=73) (actual time=25.969..1340.864 rows=1021 loops=1)
                     Join Filter: (t.id = mi.movie_id)
                     ->  Nested Loop  (cost=1011.70..8672.67 rows=1 width=47) (actual time=13.717..1159.348 rows=1736 loops=1)
                           Join Filter: (t.id = ci.movie_id)
                           ->  Nested Loop  (cost=1011.13..8643.58 rows=1 width=39) (actual time=7.041..316.811 rows=2023 loops=1)
                                 Join Filter: (mi_idx.movie_id = t.id)
                                 ->  Nested Loop  (cost=1010.70..8642.75 rows=1 width=18) (actual time=7.013..221.460 rows=16283 loops=1)
                                       ->  Gather  (cost=1010.57..8642.58 rows=1 width=22) (actual time=6.275..184.432 rows=35346 loops=1)
                                             Workers Planned: 2
                                             Workers Launched: 2
                                             ->  Nested Loop  (cost=10.57..7642.48 rows=1 width=22) (actual time=4.973..313.579 rows=11782 loops=3)
                                                   ->  Nested Loop  (cost=10.44..7642.32 rows=1 width=26) (actual time=4.955..300.428 rows=11782 loops=3)
                                                         ->  Hash Join  (cost=10.02..7640.66 rows=2 width=14) (actual time=4.638..253.986 rows=21234 loops=3)
                                                               Hash Cond: (mi_idx.info_type_id = it2.id)
                                                               ->  Nested Loop  (cost=7.60..7637.43 rows=294 width=18) (actual time=4.552..245.046 rows=63896 loops=3)
                                                                     ->  Nested Loop  (cost=7.17..7557.95 rows=98 width=4) (actual time=4.515..125.002 rows=25571 loops=3)
                                                                           ->  Parallel Index Scan using keyword_pkey on keyword k  (cost=0.42..4353.35 rows=3 width=4) (actual time=0.284..22.941 rows=2 loops=3)
                                                                                 Filter: ((keyword)::text = ANY ('{murder,violence,blood,gore,death,female-nudity,hospital}'::text[]))
                                                                                 Rows Removed by Filter: 44721
                                                                           ->  Bitmap Heap Scan on movie_keyword mk  (cost=6.75..1065.21 rows=299 width=8) (actual time=3.151..42.508 rows=10959 loops=7)
                                                                                 Recheck Cond: (keyword_id = k.id)
                                                                                 Heap Blocks: exact=12389
                                                                                 ->  Bitmap Index Scan on keyword_id_movie_keyword  (cost=0.00..6.67 rows=299 width=0) (actual time=1.821..1.821 rows=10959 loops=7)
                                                                                       Index Cond: (keyword_id = k.id)
                                                                     ->  Index Scan using movie_id_movie_info_idx on movie_info_idx mi_idx  (cost=0.43..0.78 rows=3 width=14) (actual time=0.004..0.004 rows=2 loops=76714)
                                                                           Index Cond: (movie_id = mk.movie_id)
                                                               ->  Hash  (cost=2.41..2.41 rows=1 width=4) (actual time=0.024..0.025 rows=1 loops=3)
                                                                     Buckets: 1024  Batches: 1  Memory Usage: 9kB
                                                                     ->  Seq Scan on info_type it2  (cost=0.00..2.41 rows=1 width=4) (actual time=0.018..0.020 rows=1 loops=3)
                                                                           Filter: ((info)::text = 'votes'::text)
                                                                           Rows Removed by Filter: 112
                                                         ->  Index Scan using movie_id_complete_cast on complete_cast cc  (cost=0.42..0.81 rows=2 width=12) (actual time=0.002..0.002 rows=1 loops=63701)
                                                               Index Cond: (movie_id = mi_idx.movie_id)
                                                   ->  Index Scan using comp_cast_type_pkey on comp_cast_type cct1  (cost=0.13..0.15 rows=1 width=4) (actual time=0.001..0.001 rows=1 loops=35346)
                                                         Index Cond: (id = cc.subject_id)
                                                         Filter: ((kind)::text = ANY ('{cast,crew}'::text[]))
                                       ->  Index Scan using comp_cast_type_pkey on comp_cast_type cct2  (cost=0.13..0.15 rows=1 width=4) (actual time=0.001..0.001 rows=0 loops=35346)
                                             Index Cond: (id = cc.status_id)
                                             Filter: ((kind)::text = 'complete+verified'::text)
                                             Rows Removed by Filter: 1
                                 ->  Index Scan using title_pkey on title t  (cost=0.43..0.82 rows=1 width=21) (actual time=0.006..0.006 rows=0 loops=16283)
                                       Index Cond: (id = mk.movie_id)
                                       Filter: (production_year > 2000)
                                       Rows Removed by Filter: 1
                           ->  Index Scan using movie_id_cast_info on cast_info ci  (cost=0.56..29.08 rows=1 width=8) (actual time=0.294..0.416 rows=1 loops=2023)
                                 Index Cond: (movie_id = mk.movie_id)
                                 Filter: ((note)::text = ANY ('{(writer),"(head writer)","(written by)",(story),"(story editor)"}'::text[]))
                                 Rows Removed by Filter: 137
                     ->  Index Scan using movie_id_movie_info on movie_info mi  (cost=0.43..18.01 rows=1 width=50) (actual time=0.104..0.104 rows=1 loops=1736)
                           Index Cond: (movie_id = mk.movie_id)
                           Filter: ((info)::text = ANY ('{Horror,Thriller}'::text[]))
                           Rows Removed by Filter: 226
               ->  Index Scan using info_type_pkey on info_type it1  (cost=0.14..0.16 rows=1 width=4) (actual time=0.001..0.001 rows=1 loops=1021)
                     Index Cond: (id = mi.info_type_id)
                     Filter: ((info)::text = 'genres'::text)
         ->  Index Scan using name_pkey on name n  (cost=0.43..1.03 rows=1 width=19) (actual time=0.010..0.010 rows=1 loops=1021)
               Index Cond: (id = ci.person_id)
               Filter: ((gender)::text = 'm'::text)
               Rows Removed by Filter: 0
 Planning Time: 73.266 ms
 Execution Time: 1354.095 ms
(64 rows)

SET
                                                                                                           QUERY PLAN                                                                                                            
---------------------------------------------------------------------------------------------------------------------------------------------------------------------------------------------------------------------------------
 Aggregate  (cost=8689.58..8689.59 rows=1 width=128) (actual time=323.588..323.588 rows=1 loops=1)
   ->  Nested Loop  (cost=1010.42..8689.57 rows=1 width=80) (actual time=75.043..323.554 rows=28 loops=1)
         ->  Nested Loop  (cost=1010.29..8689.41 rows=1 width=84) (actual time=75.034..323.509 rows=28 loops=1)
               ->  Nested Loop  (cost=1010.16..8689.23 rows=1 width=88) (actual time=75.025..323.360 rows=108 loops=1)
                     Join Filter: (t.id = cc.movie_id)
                     ->  Nested Loop  (cost=1009.74..8688.40 rows=1 width=100) (actual time=74.995..323.008 rows=108 loops=1)
                           ->  Nested Loop  (cost=1009.31..8687.37 rows=1 width=89) (actual time=74.959..322.421 rows=108 loops=1)
                                 ->  Nested Loop  (cost=1009.17..8687.19 rows=1 width=93) (actual time=74.946..322.047 rows=324 loops=1)
                                       Join Filter: (t.id = mi_idx.movie_id)
                                       ->  Nested Loop  (cost=1008.74..8686.37 rows=1 width=79) (actual time=74.916..321.596 rows=108 loops=1)
                                             ->  Nested Loop  (cost=1008.60..8686.19 rows=1 width=83) (actual time=74.911..321.424 rows=108 loops=1)
                                                   Join Filter: (t.id = mi.movie_id)
                                                   ->  Nested Loop  (cost=1008.16..8668.17 rows=1 width=33) (actual time=74.603..314.966 rows=77 loops=1)
                                                         Join Filter: (t.id = ci.movie_id)
                                                         ->  Gather  (cost=1007.60..8639.08 rows=1 width=25) (actual time=59.343..308.444 rows=49 loops=1)
                                                               Workers Planned: 2
                                                               Workers Launched: 2
                                                               ->  Nested Loop  (cost=7.60..7638.98 rows=1 width=25) (actual time=65.405..246.833 rows=16 loops=3)
                                                                     ->  Nested Loop  (cost=7.17..7557.95 rows=98 width=4) (actual time=4.439..115.624 rows=25571 loops=3)
                                                                           ->  Parallel Index Scan using keyword_pkey on keyword k  (cost=0.42..4353.35 rows=3 width=4) (actual time=0.180..23.340 rows=2 loops=3)
                                                                                 Filter: ((keyword)::text = ANY ('{murder,violence,blood,gore,death,female-nudity,hospital}'::text[]))
                                                                                 Rows Removed by Filter: 44721
                                                                           ->  Bitmap Heap Scan on movie_keyword mk  (cost=6.75..1065.21 rows=299 width=8) (actual time=3.146..38.378 rows=10959 loops=7)
                                                                                 Recheck Cond: (keyword_id = k.id)
                                                                                 Heap Blocks: exact=12389
                                                                                 ->  Bitmap Index Scan on keyword_id_movie_keyword  (cost=0.00..6.67 rows=299 width=0) (actual time=1.812..1.812 rows=10959 loops=7)
                                                                                       Index Cond: (keyword_id = k.id)
                                                                     ->  Index Scan using title_pkey on title t  (cost=0.43..0.83 rows=1 width=21) (actual time=0.005..0.005 rows=0 loops=76714)
                                                                           Index Cond: (id = mk.movie_id)
                                                                           Filter: ((production_year > 2000) AND (((title)::text ~~ '%Freddy%'::text) OR ((title)::text ~~ '%Jason%'::text) OR ((title)::text ~~ 'Saw%'::text)))
                                                                           Rows Removed by Filter: 1
                                                         ->  Index Scan using movie_id_cast_info on cast_info ci  (cost=0.56..29.08 rows=1 width=8) (actual time=0.150..0.223 rows=2 loops=49)
                                                               Index Cond: (movie_id = mk.movie_id)
                                                               Filter: ((note)::text = ANY ('{(writer),"(head writer)","(written by)",(story),"(story editor)"}'::text[]))
                                                               Rows Removed by Filter: 82
                                                   ->  Index Scan using movie_id_movie_info on movie_info mi  (cost=0.43..18.01 rows=1 width=50) (actual time=0.083..0.083 rows=1 loops=77)
                                                         Index Cond: (movie_id = mk.movie_id)
                                                         Filter: ((info)::text = ANY ('{Horror,Thriller}'::text[]))
                                                         Rows Removed by Filter: 279
                                             ->  Index Scan using info_type_pkey on info_type it1  (cost=0.14..0.16 rows=1 width=4) (actual time=0.001..0.001 rows=1 loops=108)
                                                   Index Cond: (id = mi.info_type_id)
                                                   Filter: ((info)::text = 'genres'::text)
                                       ->  Index Scan using movie_id_movie_info_idx on movie_info_idx mi_idx  (cost=0.43..0.78 rows=3 width=14) (actual time=0.003..0.003 rows=3 loops=108)
                                             Index Cond: (movie_id = mk.movie_id)
                                 ->  Index Scan using info_type_pkey on info_type it2  (cost=0.14..0.16 rows=1 width=4) (actual time=0.001..0.001 rows=0 loops=324)
                                       Index Cond: (id = mi_idx.info_type_id)
                                       Filter: ((info)::text = 'votes'::text)
                                       Rows Removed by Filter: 1
                           ->  Index Scan using name_pkey on name n  (cost=0.43..1.03 rows=1 width=19) (actual time=0.005..0.005 rows=1 loops=108)
                                 Index Cond: (id = ci.person_id)
                                 Filter: ((gender)::text = 'm'::text)
                     ->  Index Scan using movie_id_complete_cast on complete_cast cc  (cost=0.42..0.81 rows=2 width=12) (actual time=0.003..0.003 rows=1 loops=108)
                           Index Cond: (movie_id = mk.movie_id)
               ->  Index Scan using comp_cast_type_pkey on comp_cast_type cct2  (cost=0.13..0.15 rows=1 width=4) (actual time=0.001..0.001 rows=0 loops=108)
                     Index Cond: (id = cc.status_id)
                     Filter: ((kind)::text = 'complete+verified'::text)
                     Rows Removed by Filter: 1
         ->  Index Scan using comp_cast_type_pkey on comp_cast_type cct1  (cost=0.13..0.15 rows=1 width=4) (actual time=0.001..0.001 rows=1 loops=28)
               Index Cond: (id = cc.subject_id)
               Filter: ((kind)::text = ANY ('{cast,crew}'::text[]))
 Planning Time: 73.368 ms
 Execution Time: 328.352 ms
(62 rows)

SET
                                                                                                         QUERY PLAN                                                                                                         
----------------------------------------------------------------------------------------------------------------------------------------------------------------------------------------------------------------------------
 Aggregate  (cost=8709.53..8709.54 rows=1 width=128) (actual time=4032.173..4032.173 rows=1 loops=1)
   ->  Nested Loop  (cost=1012.70..8709.52 rows=1 width=80) (actual time=12.294..4028.357 rows=8024 loops=1)
         ->  Nested Loop  (cost=1012.27..8708.49 rows=1 width=69) (actual time=12.259..3947.203 rows=11863 loops=1)
               Join Filter: (t.id = ci.movie_id)
               ->  Nested Loop  (cost=1011.71..8679.40 rows=1 width=85) (actual time=10.049..1290.703 rows=14655 loops=1)
                     ->  Nested Loop  (cost=1011.58..8679.23 rows=1 width=89) (actual time=7.549..1261.778 rows=27522 loops=1)
                           ->  Nested Loop  (cost=1011.45..8679.06 rows=1 width=93) (actual time=7.528..1216.159 rows=37669 loops=1)
                                 ->  Nested Loop  (cost=1011.03..8678.23 rows=1 width=81) (actual time=6.066..1074.504 rows=63386 loops=1)
                                       Join Filter: (mi.movie_id = t.id)
                                       ->  Gather  (cost=1010.60..8677.40 rows=1 width=60) (actual time=6.045..779.732 rows=63386 loops=1)
                                             Workers Planned: 2
                                             Workers Launched: 2
                                             ->  Nested Loop  (cost=10.60..7677.30 rows=1 width=60) (actual time=4.723..1290.198 rows=21129 loops=3)
                                                   ->  Nested Loop  (cost=10.46..7677.12 rows=1 width=64) (actual time=4.710..1262.065 rows=22577 loops=3)
                                                         Join Filter: (mi_idx.movie_id = mi.movie_id)
                                                         ->  Hash Join  (cost=10.02..7640.66 rows=2 width=14) (actual time=4.609..248.122 rows=21234 loops=3)
                                                               Hash Cond: (mi_idx.info_type_id = it2.id)
                                                               ->  Nested Loop  (cost=7.60..7637.43 rows=294 width=18) (actual time=4.527..238.228 rows=63896 loops=3)
                                                                     ->  Nested Loop  (cost=7.17..7557.95 rows=98 width=4) (actual time=4.492..118.474 rows=25571 loops=3)
                                                                           ->  Parallel Index Scan using keyword_pkey on keyword k  (cost=0.42..4353.35 rows=3 width=4) (actual time=0.264..22.802 rows=2 loops=3)
                                                                                 Filter: ((keyword)::text = ANY ('{murder,violence,blood,gore,death,female-nudity,hospital}'::text[]))
                                                                                 Rows Removed by Filter: 44721
                                                                           ->  Bitmap Heap Scan on movie_keyword mk  (cost=6.75..1065.21 rows=299 width=8) (actual time=3.146..39.704 rows=10959 loops=7)
                                                                                 Recheck Cond: (keyword_id = k.id)
                                                                                 Heap Blocks: exact=12389
                                                                                 ->  Bitmap Index Scan on keyword_id_movie_keyword  (cost=0.00..6.67 rows=299 width=0) (actual time=1.817..1.817 rows=10959 loops=7)
                                                                                       Index Cond: (keyword_id = k.id)
                                                                     ->  Index Scan using movie_id_movie_info_idx on movie_info_idx mi_idx  (cost=0.43..0.78 rows=3 width=14) (actual time=0.004..0.004 rows=2 loops=76714)
                                                                           Index Cond: (movie_id = mk.movie_id)
                                                               ->  Hash  (cost=2.41..2.41 rows=1 width=4) (actual time=0.029..0.029 rows=1 loops=3)
                                                                     Buckets: 1024  Batches: 1  Memory Usage: 9kB
                                                                     ->  Seq Scan on info_type it2  (cost=0.00..2.41 rows=1 width=4) (actual time=0.023..0.025 rows=1 loops=3)
                                                                           Filter: ((info)::text = 'votes'::text)
                                                                           Rows Removed by Filter: 112
                                                         ->  Index Scan using movie_id_movie_info on movie_info mi  (cost=0.43..18.22 rows=1 width=50) (actual time=0.046..0.047 rows=1 loops=63701)
                                                               Index Cond: (movie_id = mk.movie_id)
                                                               Filter: ((info)::text = ANY ('{Horror,Action,Sci-Fi,Thriller,Crime,War}'::text[]))
                                                               Rows Removed by Filter: 58
                                                   ->  Index Scan using info_type_pkey on info_type it1  (cost=0.14..0.16 rows=1 width=4) (actual time=0.001..0.001 rows=1 loops=67732)
                                                         Index Cond: (id = mi.info_type_id)
                                                         Filter: ((info)::text = 'genres'::text)
                                                         Rows Removed by Filter: 0
                                       ->  Index Scan using title_pkey on title t  (cost=0.43..0.82 rows=1 width=21) (actual time=0.004..0.004 rows=1 loops=63386)
                                             Index Cond: (id = mk.movie_id)
                                 ->  Index Scan using movie_id_complete_cast on complete_cast cc  (cost=0.42..0.81 rows=2 width=12) (actual time=0.002..0.002 rows=1 loops=63386)
                                       Index Cond: (movie_id = t.id)
                           ->  Index Scan using comp_cast_type_pkey on comp_cast_type cct1  (cost=0.13..0.15 rows=1 width=4) (actual time=0.001..0.001 rows=1 loops=37669)
                                 Index Cond: (id = cc.subject_id)
                                 Filter: ((kind)::text = 'cast'::text)
                                 Rows Removed by Filter: 0
                     ->  Index Scan using comp_cast_type_pkey on comp_cast_type cct2  (cost=0.13..0.15 rows=1 width=4) (actual time=0.001..0.001 rows=1 loops=27522)
                           Index Cond: (id = cc.status_id)
                           Filter: ((kind)::text = 'complete+verified'::text)
                           Rows Removed by Filter: 0
               ->  Index Scan using movie_id_cast_info on cast_info ci  (cost=0.56..29.08 rows=1 width=8) (actual time=0.136..0.181 rows=1 loops=14655)
                     Index Cond: (movie_id = mk.movie_id)
                     Filter: ((note)::text = ANY ('{(writer),"(head writer)","(written by)",(story),"(story editor)"}'::text[]))
                     Rows Removed by Filter: 83
         ->  Index Scan using name_pkey on name n  (cost=0.43..1.03 rows=1 width=19) (actual time=0.006..0.006 rows=1 loops=11863)
               Index Cond: (id = ci.person_id)
               Filter: ((gender)::text = 'm'::text)
               Rows Removed by Filter: 0
 Planning Time: 74.231 ms
 Execution Time: 4032.610 ms
(64 rows)

SET
                                                                                                      QUERY PLAN                                                                                                      
----------------------------------------------------------------------------------------------------------------------------------------------------------------------------------------------------------------------
 Aggregate  (cost=8954.40..8954.41 rows=1 width=128) (actual time=1372.917..1372.918 rows=1 loops=1)
   ->  Nested Loop  (cost=1012.87..8954.39 rows=1 width=80) (actual time=59.883..1372.368 rows=1273 loops=1)
         Join Filter: (mi.movie_id = t.id)
         ->  Nested Loop  (cost=1012.44..8953.28 rows=1 width=83) (actual time=59.852..1366.690 rows=1273 loops=1)
               ->  Nested Loop  (cost=1012.01..8951.99 rows=1 width=72) (actual time=59.825..1357.432 rows=1556 loops=1)
                     ->  Nested Loop  (cost=1011.87..8951.81 rows=1 width=76) (actual time=59.815..1354.897 rows=1616 loops=1)
                           Join Filter: (mi_idx.movie_id = mi.movie_id)
                           ->  Nested Loop  (cost=1011.44..8928.44 rows=1 width=26) (actual time=28.998..1259.671 rows=1471 loops=1)
                                 Join Filter: (mi_idx.movie_id = ci.movie_id)
                                 ->  Gather  (cost=1010.87..8895.40 rows=1 width=18) (actual time=28.732..913.200 rows=1547 loops=1)
                                       Workers Planned: 2
                                       Workers Launched: 2
                                       ->  Nested Loop  (cost=10.87..7895.30 rows=1 width=18) (actual time=17.304..957.449 rows=516 loops=3)
                                             ->  Nested Loop  (cost=10.45..7882.53 rows=13 width=22) (actual time=4.555..459.660 rows=199419 loops=3)
                                                   Join Filter: (mi_idx.movie_id = mc.movie_id)
                                                   ->  Hash Join  (cost=10.02..7878.13 rows=2 width=14) (actual time=4.523..253.629 rows=21234 loops=3)
                                                         Hash Cond: (mi_idx.info_type_id = it2.id)
                                                         ->  Nested Loop  (cost=7.60..7874.90 rows=294 width=18) (actual time=4.439..244.330 rows=63896 loops=3)
                                                               ->  Nested Loop  (cost=7.17..7767.34 rows=98 width=4) (actual time=4.398..125.866 rows=25571 loops=3)
                                                                     ->  Parallel Index Scan using keyword_pkey on keyword k  (cost=0.42..4562.73 rows=3 width=4) (actual time=0.181..22.417 rows=2 loops=3)
                                                                           Filter: ((keyword)::text = ANY ('{murder,violence,blood,gore,death,female-nudity,hospital}'::text[]))
                                                                           Rows Removed by Filter: 44721
                                                                     ->  Bitmap Heap Scan on movie_keyword mk  (cost=6.75..1065.21 rows=299 width=8) (actual time=3.136..43.056 rows=10959 loops=7)
                                                                           Recheck Cond: (keyword_id = k.id)
                                                                           Heap Blocks: exact=12389
                                                                           ->  Bitmap Index Scan on keyword_id_movie_keyword  (cost=0.00..6.67 rows=299 width=0) (actual time=1.802..1.802 rows=10959 loops=7)
                                                                                 Index Cond: (keyword_id = k.id)
                                                               ->  Index Scan using movie_id_movie_info_idx on movie_info_idx mi_idx  (cost=0.43..1.07 rows=3 width=14) (actual time=0.004..0.004 rows=2 loops=76714)
                                                                     Index Cond: (movie_id = mk.movie_id)
                                                         ->  Hash  (cost=2.41..2.41 rows=1 width=4) (actual time=0.026..0.027 rows=1 loops=3)
                                                               Buckets: 1024  Batches: 1  Memory Usage: 9kB
                                                               ->  Seq Scan on info_type it2  (cost=0.00..2.41 rows=1 width=4) (actual time=0.021..0.023 rows=1 loops=3)
                                                                     Filter: ((info)::text = 'votes'::text)
                                                                     Rows Removed by Filter: 112
                                                   ->  Index Scan using movie_id_movie_companies on movie_companies mc  (cost=0.43..2.14 rows=5 width=8) (actual time=0.005..0.008 rows=9 loops=63701)
                                                         Index Cond: (movie_id = mk.movie_id)
                                             ->  Index Scan using company_name_pkey on company_name cn  (cost=0.42..0.98 rows=1 width=4) (actual time=0.002..0.002 rows=0 loops=598256)
                                                   Index Cond: (id = mc.company_id)
                                                   Filter: ((name)::text ~~ 'Lionsgate%'::text)
                                                   Rows Removed by Filter: 1
                                 ->  Index Scan using movie_id_cast_info on cast_info ci  (cost=0.56..33.03 rows=1 width=8) (actual time=0.164..0.226 rows=1 loops=1547)
                                       Index Cond: (movie_id = mk.movie_id)
                                       Filter: ((note)::text = ANY ('{(writer),"(head writer)","(written by)",(story),"(story editor)"}'::text[]))
                                       Rows Removed by Filter: 119
                           ->  Index Scan using movie_id_movie_info on movie_info mi  (cost=0.43..23.36 rows=1 width=50) (actual time=0.063..0.064 rows=1 loops=1471)
                                 Index Cond: (movie_id = mk.movie_id)
                                 Filter: ((info)::text = ANY ('{Horror,Thriller}'::text[]))
                                 Rows Removed by Filter: 173
                     ->  Index Scan using info_type_pkey on info_type it1  (cost=0.14..0.16 rows=1 width=4) (actual time=0.001..0.001 rows=1 loops=1616)
                           Index Cond: (id = mi.info_type_id)
                           Filter: ((info)::text = 'genres'::text)
                           Rows Removed by Filter: 0
               ->  Index Scan using name_pkey on name n  (cost=0.43..1.29 rows=1 width=19) (actual time=0.006..0.006 rows=1 loops=1556)
                     Index Cond: (id = ci.person_id)
                     Filter: ((gender)::text = 'm'::text)
                     Rows Removed by Filter: 0
         ->  Index Scan using title_pkey on title t  (cost=0.43..1.10 rows=1 width=21) (actual time=0.004..0.004 rows=1 loops=1273)
               Index Cond: (id = mk.movie_id)
 Planning Time: 51.288 ms
 Execution Time: 1377.815 ms
(60 rows)

SET
                                                                                                        QUERY PLAN                                                                                                         
---------------------------------------------------------------------------------------------------------------------------------------------------------------------------------------------------------------------------
 Aggregate  (cost=8939.01..8939.02 rows=1 width=128) (actual time=322.186..322.186 rows=1 loops=1)
   ->  Nested Loop  (cost=1010.59..8939.00 rows=1 width=80) (actual time=117.610..322.132 rows=84 loops=1)
         ->  Nested Loop  (cost=1010.16..8937.71 rows=1 width=69) (actual time=117.582..321.726 rows=84 loops=1)
               ->  Nested Loop  (cost=1010.02..8937.53 rows=1 width=73) (actual time=117.569..321.438 rows=252 loops=1)
                     Join Filter: (t.id = mi_idx.movie_id)
                     ->  Nested Loop  (cost=1009.59..8936.42 rows=1 width=83) (actual time=117.535..321.142 rows=84 loops=1)
                           ->  Nested Loop  (cost=1009.45..8936.24 rows=1 width=87) (actual time=117.515..320.998 rows=84 loops=1)
                                 Join Filter: (t.id = mi.movie_id)
                                 ->  Nested Loop  (cost=1009.01..8912.87 rows=1 width=37) (actual time=117.228..316.898 rows=53 loops=1)
                                       ->  Nested Loop  (cost=1008.59..8911.15 rows=1 width=41) (actual time=117.184..316.518 rows=119 loops=1)
                                             Join Filter: (t.id = mc.movie_id)
                                             ->  Nested Loop  (cost=1008.16..8908.99 rows=1 width=33) (actual time=74.253..315.477 rows=77 loops=1)
                                                   Join Filter: (t.id = ci.movie_id)
                                                   ->  Gather  (cost=1007.60..8875.95 rows=1 width=25) (actual time=58.994..308.768 rows=49 loops=1)
                                                         Workers Planned: 2
                                                         Workers Launched: 2
                                                         ->  Nested Loop  (cost=7.60..7875.85 rows=1 width=25) (actual time=64.464..246.201 rows=16 loops=3)
                                                               ->  Nested Loop  (cost=7.17..7767.34 rows=98 width=4) (actual time=4.473..115.750 rows=25571 loops=3)
                                                                     ->  Parallel Index Scan using keyword_pkey on keyword k  (cost=0.42..4562.73 rows=3 width=4) (actual time=0.204..23.437 rows=2 loops=3)
                                                                           Filter: ((keyword)::text = ANY ('{murder,violence,blood,gore,death,female-nudity,hospital}'::text[]))
                                                                           Rows Removed by Filter: 44721
                                                                     ->  Bitmap Heap Scan on movie_keyword mk  (cost=6.75..1065.21 rows=299 width=8) (actual time=3.152..38.381 rows=10959 loops=7)
                                                                           Recheck Cond: (keyword_id = k.id)
                                                                           Heap Blocks: exact=12389
                                                                           ->  Bitmap Index Scan on keyword_id_movie_keyword  (cost=0.00..6.67 rows=299 width=0) (actual time=1.816..1.816 rows=10959 loops=7)
                                                                                 Index Cond: (keyword_id = k.id)
                                                               ->  Index Scan using title_pkey on title t  (cost=0.43..1.11 rows=1 width=21) (actual time=0.005..0.005 rows=0 loops=76714)
                                                                     Index Cond: (id = mk.movie_id)
                                                                     Filter: ((production_year > 2000) AND (((title)::text ~~ '%Freddy%'::text) OR ((title)::text ~~ '%Jason%'::text) OR ((title)::text ~~ 'Saw%'::text)))
                                                                     Rows Removed by Filter: 1
                                                   ->  Index Scan using movie_id_cast_info on cast_info ci  (cost=0.56..33.03 rows=1 width=8) (actual time=0.152..0.226 rows=2 loops=49)
                                                         Index Cond: (movie_id = mk.movie_id)
                                                         Filter: ((note)::text = ANY ('{(writer),"(head writer)","(written by)",(story),"(story editor)"}'::text[]))
                                                         Rows Removed by Filter: 82
                                             ->  Index Scan using movie_id_movie_companies on movie_companies mc  (cost=0.43..2.15 rows=1 width=8) (actual time=0.008..0.013 rows=2 loops=77)
                                                   Index Cond: (movie_id = mk.movie_id)
                                                   Filter: ((note)::text ~~ '%(Blu-ray)%'::text)
                                                   Rows Removed by Filter: 24
                                       ->  Index Scan using company_name_pkey on company_name cn  (cost=0.42..1.61 rows=1 width=4) (actual time=0.003..0.003 rows=0 loops=119)
                                             Index Cond: (id = mc.company_id)
                                             Filter: ((name)::text ~~ 'Lionsgate%'::text)
                                             Rows Removed by Filter: 1
                                 ->  Index Scan using movie_id_movie_info on movie_info mi  (cost=0.43..23.36 rows=1 width=50) (actual time=0.076..0.077 rows=2 loops=53)
                                       Index Cond: (movie_id = mk.movie_id)
                                       Filter: ((info)::text = ANY ('{Horror,Thriller}'::text[]))
                                       Rows Removed by Filter: 292
                           ->  Index Scan using info_type_pkey on info_type it1  (cost=0.14..0.16 rows=1 width=4) (actual time=0.001..0.001 rows=1 loops=84)
                                 Index Cond: (id = mi.info_type_id)
                                 Filter: ((info)::text = 'genres'::text)
                     ->  Index Scan using movie_id_movie_info_idx on movie_info_idx mi_idx  (cost=0.43..1.07 rows=3 width=14) (actual time=0.002..0.003 rows=3 loops=84)
                           Index Cond: (movie_id = mk.movie_id)
               ->  Index Scan using info_type_pkey on info_type it2  (cost=0.14..0.16 rows=1 width=4) (actual time=0.001..0.001 rows=0 loops=252)
                     Index Cond: (id = mi_idx.info_type_id)
                     Filter: ((info)::text = 'votes'::text)
                     Rows Removed by Filter: 1
         ->  Index Scan using name_pkey on name n  (cost=0.43..1.29 rows=1 width=19) (actual time=0.004..0.004 rows=1 loops=84)
               Index Cond: (id = ci.person_id)
               Filter: ((gender)::text = 'm'::text)
 Planning Time: 50.678 ms
 Execution Time: 326.920 ms
(60 rows)

SET
                                                                                                      QUERY PLAN                                                                                                      
----------------------------------------------------------------------------------------------------------------------------------------------------------------------------------------------------------------------
 Aggregate  (cost=8954.61..8954.62 rows=1 width=128) (actual time=1377.891..1377.891 rows=1 loops=1)
   ->  Nested Loop  (cost=1012.87..8954.60 rows=1 width=80) (actual time=58.668..1376.827 rows=2825 loops=1)
         Join Filter: (mi.movie_id = t.id)
         ->  Nested Loop  (cost=1012.44..8953.49 rows=1 width=83) (actual time=58.640..1367.742 rows=2825 loops=1)
               ->  Nested Loop  (cost=1012.01..8952.20 rows=1 width=72) (actual time=58.610..1355.673 rows=2825 loops=1)
                     ->  Nested Loop  (cost=1011.87..8952.02 rows=1 width=76) (actual time=58.600..1351.521 rows=3007 loops=1)
                           Join Filter: (mi_idx.movie_id = mi.movie_id)
                           ->  Nested Loop  (cost=1011.44..8928.44 rows=1 width=26) (actual time=28.946..1236.350 rows=1471 loops=1)
                                 Join Filter: (mi_idx.movie_id = ci.movie_id)
                                 ->  Gather  (cost=1010.87..8895.40 rows=1 width=18) (actual time=28.688..884.120 rows=1547 loops=1)
                                       Workers Planned: 2
                                       Workers Launched: 2
                                       ->  Nested Loop  (cost=10.87..7895.30 rows=1 width=18) (actual time=17.331..958.766 rows=516 loops=3)
                                             ->  Nested Loop  (cost=10.45..7882.53 rows=13 width=22) (actual time=4.695..459.640 rows=199419 loops=3)
                                                   Join Filter: (mi_idx.movie_id = mc.movie_id)
                                                   ->  Hash Join  (cost=10.02..7878.13 rows=2 width=14) (actual time=4.657..253.652 rows=21234 loops=3)
                                                         Hash Cond: (mi_idx.info_type_id = it2.id)
                                                         ->  Nested Loop  (cost=7.60..7874.90 rows=294 width=18) (actual time=4.571..244.321 rows=63896 loops=3)
                                                               ->  Nested Loop  (cost=7.17..7767.34 rows=98 width=4) (actual time=4.533..125.981 rows=25571 loops=3)
                                                                     ->  Parallel Index Scan using keyword_pkey on keyword k  (cost=0.42..4562.73 rows=3 width=4) (actual time=0.298..22.599 rows=2 loops=3)
                                                                           Filter: ((keyword)::text = ANY ('{murder,violence,blood,gore,death,female-nudity,hospital}'::text[]))
                                                                           Rows Removed by Filter: 44721
                                                                     ->  Bitmap Heap Scan on movie_keyword mk  (cost=6.75..1065.21 rows=299 width=8) (actual time=3.141..43.018 rows=10959 loops=7)
                                                                           Recheck Cond: (keyword_id = k.id)
                                                                           Heap Blocks: exact=12389
                                                                           ->  Bitmap Index Scan on keyword_id_movie_keyword  (cost=0.00..6.67 rows=299 width=0) (actual time=1.804..1.804 rows=10959 loops=7)
                                                                                 Index Cond: (keyword_id = k.id)
                                                               ->  Index Scan using movie_id_movie_info_idx on movie_info_idx mi_idx  (cost=0.43..1.07 rows=3 width=14) (actual time=0.004..0.004 rows=2 loops=76714)
                                                                     Index Cond: (movie_id = mk.movie_id)
                                                         ->  Hash  (cost=2.41..2.41 rows=1 width=4) (actual time=0.027..0.027 rows=1 loops=3)
                                                               Buckets: 1024  Batches: 1  Memory Usage: 9kB
                                                               ->  Seq Scan on info_type it2  (cost=0.00..2.41 rows=1 width=4) (actual time=0.021..0.023 rows=1 loops=3)
                                                                     Filter: ((info)::text = 'votes'::text)
                                                                     Rows Removed by Filter: 112
                                                   ->  Index Scan using movie_id_movie_companies on movie_companies mc  (cost=0.43..2.14 rows=5 width=8) (actual time=0.005..0.008 rows=9 loops=63701)
                                                         Index Cond: (movie_id = mk.movie_id)
                                             ->  Index Scan using company_name_pkey on company_name cn  (cost=0.42..0.98 rows=1 width=4) (actual time=0.002..0.002 rows=0 loops=598256)
                                                   Index Cond: (id = mc.company_id)
                                                   Filter: ((name)::text ~~ 'Lionsgate%'::text)
                                                   Rows Removed by Filter: 1
                                 ->  Index Scan using movie_id_cast_info on cast_info ci  (cost=0.56..33.03 rows=1 width=8) (actual time=0.166..0.230 rows=1 loops=1547)
                                       Index Cond: (movie_id = mk.movie_id)
                                       Filter: ((note)::text = ANY ('{(writer),"(head writer)","(written by)",(story),"(story editor)"}'::text[]))
                                       Rows Removed by Filter: 119
                           ->  Index Scan using movie_id_movie_info on movie_info mi  (cost=0.43..23.57 rows=1 width=50) (actual time=0.075..0.078 rows=2 loops=1471)
                                 Index Cond: (movie_id = mk.movie_id)
                                 Filter: ((info)::text = ANY ('{Horror,Action,Sci-Fi,Thriller,Crime,War}'::text[]))
                                 Rows Removed by Filter: 172
                     ->  Index Scan using info_type_pkey on info_type it1  (cost=0.14..0.16 rows=1 width=4) (actual time=0.001..0.001 rows=1 loops=3007)
                           Index Cond: (id = mi.info_type_id)
                           Filter: ((info)::text = 'genres'::text)
                           Rows Removed by Filter: 0
               ->  Index Scan using name_pkey on name n  (cost=0.43..1.29 rows=1 width=19) (actual time=0.004..0.004 rows=1 loops=2825)
                     Index Cond: (id = ci.person_id)
         ->  Index Scan using title_pkey on title t  (cost=0.43..1.10 rows=1 width=21) (actual time=0.003..0.003 rows=1 loops=2825)
               Index Cond: (id = mk.movie_id)
 Planning Time: 51.591 ms
 Execution Time: 1382.755 ms
(58 rows)

SET
                                                                              QUERY PLAN                                                                               
-----------------------------------------------------------------------------------------------------------------------------------------------------------------------
 Aggregate  (cost=3802.90..3802.91 rows=1 width=96) (actual time=15.780..15.780 rows=1 loops=1)
   ->  Nested Loop  (cost=7.90..3802.82 rows=11 width=116) (actual time=15.777..15.777 rows=0 loops=1)
         ->  Nested Loop  (cost=7.47..3756.66 rows=11 width=103) (actual time=15.776..15.776 rows=0 loops=1)
               ->  Nested Loop  (cost=7.04..3751.32 rows=11 width=94) (actual time=15.776..15.776 rows=0 loops=1)
                     Join Filter: (ml.link_type_id = lt.id)
                     ->  Nested Loop  (cost=7.04..3747.37 rows=11 width=16) (actual time=15.776..15.776 rows=0 loops=1)
                           ->  Nested Loop  (cost=6.75..3732.91 rows=34 width=4) (actual time=15.425..15.767 rows=1 loops=1)
                                 ->  Seq Scan on keyword k  (cost=0.00..2626.12 rows=1 width=4) (actual time=15.389..15.730 rows=1 loops=1)
                                       Filter: ((keyword)::text = '10,000-mile-club'::text)
                                       Rows Removed by Filter: 134169
                                 ->  Bitmap Heap Scan on movie_keyword mk  (cost=6.75..1103.80 rows=299 width=8) (actual time=0.031..0.032 rows=1 loops=1)
                                       Recheck Cond: (keyword_id = k.id)
                                       Heap Blocks: exact=1
                                       ->  Bitmap Index Scan on keyword_id_movie_keyword  (cost=0.00..6.67 rows=299 width=0) (actual time=0.014..0.014 rows=1 loops=1)
                                             Index Cond: (keyword_id = k.id)
                           ->  Index Scan using movie_id_movie_link on movie_link ml  (cost=0.29..0.38 rows=5 width=12) (actual time=0.008..0.008 rows=0 loops=1)
                                 Index Cond: (movie_id = mk.movie_id)
                     ->  Materialize  (cost=0.00..1.27 rows=18 width=86) (never executed)
                           ->  Seq Scan on link_type lt  (cost=0.00..1.18 rows=18 width=86) (never executed)
               ->  Index Scan using title_pkey on title t1  (cost=0.43..0.49 rows=1 width=21) (never executed)
                     Index Cond: (id = mk.movie_id)
         ->  Index Scan using title_pkey on title t2  (cost=0.43..4.20 rows=1 width=21) (never executed)
               Index Cond: (id = ml.linked_movie_id)
 Planning Time: 2.906 ms
 Execution Time: 15.926 ms
(25 rows)

SET
                                                                                QUERY PLAN                                                                                 
---------------------------------------------------------------------------------------------------------------------------------------------------------------------------
 Aggregate  (cost=3802.90..3802.91 rows=1 width=96) (actual time=185.830..185.830 rows=1 loops=1)
   ->  Nested Loop  (cost=7.90..3802.82 rows=11 width=116) (actual time=6.921..184.679 rows=4388 loops=1)
         ->  Nested Loop  (cost=7.47..3756.66 rows=11 width=103) (actual time=6.892..141.049 rows=4388 loops=1)
               ->  Nested Loop  (cost=7.04..3751.32 rows=11 width=94) (actual time=6.867..129.578 rows=4388 loops=1)
                     Join Filter: (ml.link_type_id = lt.id)
                     Rows Removed by Join Filter: 30206
                     ->  Nested Loop  (cost=7.04..3747.37 rows=11 width=16) (actual time=6.844..124.827 rows=4388 loops=1)
                           ->  Nested Loop  (cost=6.75..3732.91 rows=34 width=4) (actual time=6.736..85.487 rows=41840 loops=1)
                                 ->  Seq Scan on keyword k  (cost=0.00..2626.12 rows=1 width=4) (actual time=0.518..11.979 rows=1 loops=1)
                                       Filter: ((keyword)::text = 'character-name-in-title'::text)
                                       Rows Removed by Filter: 134169
                                 ->  Bitmap Heap Scan on movie_keyword mk  (cost=6.75..1103.80 rows=299 width=8) (actual time=6.215..69.569 rows=41840 loops=1)
                                       Recheck Cond: (keyword_id = k.id)
                                       Heap Blocks: exact=11541
                                       ->  Bitmap Index Scan on keyword_id_movie_keyword  (cost=0.00..6.67 rows=299 width=0) (actual time=4.150..4.150 rows=41840 loops=1)
                                             Index Cond: (keyword_id = k.id)
                           ->  Index Scan using movie_id_movie_link on movie_link ml  (cost=0.29..0.38 rows=5 width=12) (actual time=0.001..0.001 rows=0 loops=41840)
                                 Index Cond: (movie_id = mk.movie_id)
                     ->  Materialize  (cost=0.00..1.27 rows=18 width=86) (actual time=0.000..0.000 rows=8 loops=4388)
                           ->  Seq Scan on link_type lt  (cost=0.00..1.18 rows=18 width=86) (actual time=0.011..0.014 rows=17 loops=1)
               ->  Index Scan using title_pkey on title t1  (cost=0.43..0.49 rows=1 width=21) (actual time=0.002..0.002 rows=1 loops=4388)
                     Index Cond: (id = mk.movie_id)
         ->  Index Scan using title_pkey on title t2  (cost=0.43..4.20 rows=1 width=21) (actual time=0.010..0.010 rows=1 loops=4388)
               Index Cond: (id = ml.linked_movie_id)
 Planning Time: 2.341 ms
 Execution Time: 186.025 ms
(26 rows)

SET
                                                                                                                  QUERY PLAN                                                                                                                   
-----------------------------------------------------------------------------------------------------------------------------------------------------------------------------------------------------------------------------------------------
 Aggregate  (cost=4451.76..4451.77 rows=1 width=192) (actual time=71.528..71.528 rows=1 loops=1)
   ->  Nested Loop  (cost=6.44..4451.74 rows=1 width=84) (actual time=11.909..71.514 rows=8 loops=1)
         ->  Nested Loop  (cost=6.02..4451.30 rows=1 width=69) (actual time=11.900..71.459 rows=8 loops=1)
               Join Filter: (t2.id = mc2.movie_id)
               ->  Nested Loop  (cost=5.59..4450.56 rows=1 width=77) (actual time=11.881..71.425 rows=2 loops=1)
                     Join Filter: ((ml.linked_movie_id = t2.id) AND (kt2.id = t2.kind_id))
                     ->  Nested Loop  (cost=5.16..4449.84 rows=1 width=60) (actual time=11.856..71.327 rows=12 loops=1)
                           ->  Nested Loop  (cost=4.74..4449.40 rows=1 width=45) (actual time=11.814..70.771 rows=81 loops=1)
                                 ->  Nested Loop  (cost=4.31..4448.79 rows=1 width=53) (actual time=11.789..70.418 rows=28 loops=1)
                                       Join Filter: (it2.id = mi_idx2.info_type_id)
                                       Rows Removed by Join Filter: 1595
                                       ->  Nested Loop  (cost=3.88..4409.59 rows=19 width=47) (actual time=0.206..62.359 rows=1220 loops=1)
                                             Join Filter: (kt1.id = t1.kind_id)
                                             Rows Removed by Join Filter: 844
                                             ->  Nested Loop  (cost=0.00..2.18 rows=1 width=8) (actual time=0.019..0.021 rows=1 loops=1)
                                                   ->  Seq Scan on kind_type kt1  (cost=0.00..1.09 rows=1 width=4) (actual time=0.016..0.017 rows=1 loops=1)
                                                         Filter: ((kind)::text = 'tv series'::text)
                                                         Rows Removed by Filter: 6
                                                   ->  Seq Scan on kind_type kt2  (cost=0.00..1.09 rows=1 width=4) (actual time=0.001..0.003 rows=1 loops=1)
                                                         Filter: ((kind)::text = 'tv series'::text)
                                                         Rows Removed by Filter: 6
                                             ->  Nested Loop  (cost=3.88..4405.75 rows=132 width=47) (actual time=0.186..62.082 rows=2064 loops=1)
                                                   Join Filter: (ml.movie_id = t1.id)
                                                   ->  Nested Loop  (cost=3.45..4328.60 rows=132 width=22) (actual time=0.169..54.562 rows=2064 loops=1)
                                                         Join Filter: (ml.link_type_id = lt.id)
                                                         Rows Removed by Join Filter: 38685
                                                         ->  Nested Loop  (cost=3.45..4292.61 rows=794 width=26) (actual time=0.066..47.652 rows=20890 loops=1)
                                                               ->  Seq Scan on info_type it2  (cost=0.00..2.41 rows=1 width=4) (actual time=0.009..0.011 rows=1 loops=1)
                                                                     Filter: ((info)::text = 'rating'::text)
                                                                     Rows Removed by Filter: 112
                                                               ->  Hash Join  (cost=3.45..4282.26 rows=794 width=22) (actual time=0.056..45.760 rows=20890 loops=1)
                                                                     Hash Cond: (mi_idx1.info_type_id = it1.id)
                                                                     ->  Merge Join  (cost=1.03..4035.43 rows=89741 width=26) (actual time=0.016..39.611 rows=62670 loops=1)
                                                                           Merge Cond: (ml.movie_id = mi_idx1.movie_id)
                                                                           ->  Index Scan using movie_id_movie_link on movie_link ml  (cost=0.29..959.51 rows=29997 width=12) (actual time=0.004..5.209 rows=29997 loops=1)
                                                                           ->  Index Scan using movie_id_movie_info_idx on movie_info_idx mi_idx1  (cost=0.43..43820.38 rows=1380035 width=14) (actual time=0.008..18.729 rows=114373 loops=1)
                                                                     ->  Hash  (cost=2.41..2.41 rows=1 width=4) (actual time=0.016..0.016 rows=1 loops=1)
                                                                           Buckets: 1024  Batches: 1  Memory Usage: 9kB
                                                                           ->  Seq Scan on info_type it1  (cost=0.00..2.41 rows=1 width=4) (actual time=0.009..0.010 rows=1 loops=1)
                                                                                 Filter: ((info)::text = 'rating'::text)
                                                                                 Rows Removed by Filter: 112
                                                         ->  Materialize  (cost=0.00..1.26 rows=3 width=4) (actual time=0.000..0.000 rows=2 loops=20890)
                                                               ->  Seq Scan on link_type lt  (cost=0.00..1.25 rows=3 width=4) (actual time=0.013..0.016 rows=2 loops=1)
                                                                     Filter: ((link)::text = ANY ('{sequel,follows,"followed by"}'::text[]))
                                                                     Rows Removed by Filter: 16
                                                   ->  Index Scan using title_pkey on title t1  (cost=0.43..0.57 rows=1 width=25) (actual time=0.003..0.003 rows=1 loops=2064)
                                                         Index Cond: (id = mi_idx1.movie_id)
                                       ->  Index Scan using movie_id_movie_info_idx on movie_info_idx mi_idx2  (cost=0.43..2.05 rows=1 width=14) (actual time=0.006..0.006 rows=1 loops=1220)
                                             Index Cond: (movie_id = ml.linked_movie_id)
                                             Filter: ((info)::text < '3.0'::text)
                                             Rows Removed by Filter: 1
                                 ->  Index Scan using movie_id_movie_companies on movie_companies mc1  (cost=0.43..0.56 rows=5 width=8) (actual time=0.008..0.012 rows=3 loops=28)
                                       Index Cond: (movie_id = t1.id)
                           ->  Index Scan using company_name_pkey on company_name cn1  (cost=0.42..0.45 rows=1 width=23) (actual time=0.007..0.007 rows=0 loops=81)
                                 Index Cond: (id = mc1.company_id)
                                 Filter: ((country_code)::text = '[us]'::text)
                                 Rows Removed by Filter: 1
                     ->  Index Scan using title_pkey on title t2  (cost=0.43..0.71 rows=1 width=25) (actual time=0.008..0.008 rows=0 loops=12)
                           Index Cond: (id = mi_idx2.movie_id)
                           Filter: ((production_year >= 2005) AND (production_year <= 2008))
                           Rows Removed by Filter: 1
               ->  Index Scan using movie_id_movie_companies on movie_companies mc2  (cost=0.43..0.67 rows=5 width=8) (actual time=0.010..0.015 rows=4 loops=2)
                     Index Cond: (movie_id = mi_idx2.movie_id)
         ->  Index Scan using company_name_pkey on company_name cn2  (cost=0.42..0.44 rows=1 width=23) (actual time=0.006..0.006 rows=1 loops=8)
               Index Cond: (id = mc2.company_id)
 Planning Time: 91.958 ms
 Execution Time: 71.804 ms
(67 rows)

SET
                                                                                                                 QUERY PLAN                                                                                                                  
---------------------------------------------------------------------------------------------------------------------------------------------------------------------------------------------------------------------------------------------
 Aggregate  (cost=2681.30..2681.31 rows=1 width=192) (actual time=47.220..47.220 rows=1 loops=1)
   ->  Nested Loop  (cost=340.64..2681.28 rows=1 width=84) (actual time=8.779..47.209 rows=4 loops=1)
         Join Filter: ((t2.id = mi_idx2.movie_id) AND (it2.id = mi_idx2.info_type_id))
         Rows Removed by Join Filter: 4
         ->  Nested Loop  (cost=340.21..2680.76 rows=1 width=94) (actual time=8.762..47.183 rows=4 loops=1)
               ->  Nested Loop  (cost=340.08..2680.59 rows=1 width=98) (actual time=8.754..47.171 rows=4 loops=1)
                     Join Filter: (ml.movie_id = t1.id)
                     ->  Nested Loop  (cost=339.65..2680.06 rows=1 width=89) (actual time=8.743..47.152 rows=4 loops=1)
                           ->  Nested Loop  (cost=339.23..2679.62 rows=1 width=74) (actual time=8.737..47.139 rows=4 loops=1)
                                 ->  Nested Loop  (cost=338.80..2678.21 rows=1 width=66) (actual time=8.732..47.131 rows=1 loops=1)
                                       ->  Nested Loop  (cost=338.67..2678.04 rows=1 width=70) (actual time=2.088..47.106 rows=6 loops=1)
                                             ->  Nested Loop  (cost=338.24..2669.65 rows=2 width=45) (actual time=2.056..44.702 rows=477 loops=1)
                                                   ->  Index Scan using info_type_pkey on info_type it2  (cost=0.14..14.12 rows=1 width=4) (actual time=0.016..0.020 rows=1 loops=1)
                                                         Filter: ((info)::text = 'rating'::text)
                                                         Rows Removed by Filter: 112
                                                   ->  Nested Loop  (cost=338.09..2655.51 rows=2 width=41) (actual time=2.038..44.626 rows=477 loops=1)
                                                         ->  Nested Loop  (cost=337.67..2557.48 rows=220 width=26) (actual time=1.974..26.064 rows=9674 loops=1)
                                                               Join Filter: (ml.movie_id = mc1.movie_id)
                                                               ->  Hash Join  (cost=337.24..2528.65 rows=44 width=18) (actual time=1.966..16.720 rows=2064 loops=1)
                                                                     Hash Cond: (mi_idx1.info_type_id = it1.id)
                                                                     ->  Merge Join  (cost=334.82..2512.65 rows=4984 width=22) (actual time=1.928..16.026 rows=6192 loops=1)
                                                                           Merge Cond: (mi_idx1.movie_id = ml.movie_id)
                                                                           ->  Index Scan using movie_id_movie_info_idx on movie_info_idx mi_idx1  (cost=0.43..43820.38 rows=1380035 width=14) (actual time=0.008..8.620 rows=63901 loops=1)
                                                                           ->  Sort  (cost=334.38..338.55 rows=1666 width=8) (actual time=1.899..2.222 rows=6443 loops=1)
                                                                                 Sort Key: ml.movie_id
                                                                                 Sort Method: quicksort  Memory: 205kB
                                                                                 ->  Nested Loop  (cost=38.82..245.23 rows=1666 width=8) (actual time=0.124..1.383 rows=2315 loops=1)
                                                                                       ->  Seq Scan on link_type lt  (cost=0.00..1.23 rows=1 width=4) (actual time=0.014..0.018 rows=2 loops=1)
                                                                                             Filter: ((link)::text ~~ '%follow%'::text)
                                                                                             Rows Removed by Filter: 16
                                                                                       ->  Bitmap Heap Scan on movie_link ml  (cost=38.82..225.26 rows=1875 width=12) (actual time=0.093..0.572 rows=1158 loops=2)
                                                                                             Recheck Cond: (link_type_id = lt.id)
                                                                                             Heap Blocks: exact=191
                                                                                             ->  Bitmap Index Scan on link_type_id_movie_link  (cost=0.00..38.35 rows=1875 width=0) (actual time=0.077..0.077 rows=1158 loops=2)
                                                                                                   Index Cond: (link_type_id = lt.id)
                                                                     ->  Hash  (cost=2.41..2.41 rows=1 width=4) (actual time=0.015..0.015 rows=1 loops=1)
                                                                           Buckets: 1024  Batches: 1  Memory Usage: 9kB
                                                                           ->  Seq Scan on info_type it1  (cost=0.00..2.41 rows=1 width=4) (actual time=0.010..0.012 rows=1 loops=1)
                                                                                 Filter: ((info)::text = 'rating'::text)
                                                                                 Rows Removed by Filter: 112
                                                               ->  Index Scan using movie_id_movie_companies on movie_companies mc1  (cost=0.43..0.59 rows=5 width=8) (actual time=0.002..0.004 rows=5 loops=2064)
                                                                     Index Cond: (movie_id = mi_idx1.movie_id)
                                                         ->  Index Scan using company_name_pkey on company_name cn1  (cost=0.42..0.45 rows=1 width=23) (actual time=0.002..0.002 rows=0 loops=9674)
                                                               Index Cond: (id = mc1.company_id)
                                                               Filter: ((country_code)::text = '[nl]'::text)
                                                               Rows Removed by Filter: 1
                                             ->  Index Scan using title_pkey on title t2  (cost=0.43..4.20 rows=1 width=25) (actual time=0.005..0.005 rows=0 loops=477)
                                                   Index Cond: (id = ml.linked_movie_id)
                                                   Filter: (production_year = 2007)
                                                   Rows Removed by Filter: 1
                                       ->  Index Scan using kind_type_pkey on kind_type kt2  (cost=0.13..0.15 rows=1 width=4) (actual time=0.003..0.003 rows=0 loops=6)
                                             Index Cond: (id = t2.kind_id)
                                             Filter: ((kind)::text = 'tv series'::text)
                                             Rows Removed by Filter: 1
                                 ->  Index Scan using movie_id_movie_companies on movie_companies mc2  (cost=0.43..1.35 rows=5 width=8) (actual time=0.004..0.006 rows=4 loops=1)
                                       Index Cond: (movie_id = t2.id)
                           ->  Index Scan using company_name_pkey on company_name cn2  (cost=0.42..0.44 rows=1 width=23) (actual time=0.002..0.002 rows=1 loops=4)
                                 Index Cond: (id = mc2.company_id)
                     ->  Index Scan using title_pkey on title t1  (cost=0.43..0.51 rows=1 width=25) (actual time=0.003..0.003 rows=1 loops=4)
                           Index Cond: (id = mc1.movie_id)
               ->  Index Scan using kind_type_pkey on kind_type kt1  (cost=0.13..0.15 rows=1 width=4) (actual time=0.002..0.002 rows=1 loops=4)
                     Index Cond: (id = t1.kind_id)
                     Filter: ((kind)::text = 'tv series'::text)
         ->  Index Scan using movie_id_movie_info_idx on movie_info_idx mi_idx2  (cost=0.43..0.51 rows=1 width=14) (actual time=0.005..0.005 rows=2 loops=4)
               Index Cond: (movie_id = mc2.movie_id)
               Filter: ((info)::text < '3.0'::text)
               Rows Removed by Filter: 1
 Planning Time: 92.336 ms
 Execution Time: 47.520 ms
(69 rows)

SET
                                                                                                                 QUERY PLAN                                                                                                                  
---------------------------------------------------------------------------------------------------------------------------------------------------------------------------------------------------------------------------------------------
 Aggregate  (cost=3851.97..3851.98 rows=1 width=192) (actual time=35.938..35.939 rows=1 loops=1)
   ->  Nested Loop  (cost=875.97..3851.96 rows=1 width=84) (actual time=9.953..35.880 rows=114 loops=1)
         ->  Nested Loop  (cost=875.55..3851.51 rows=1 width=69) (actual time=9.945..35.495 rows=131 loops=1)
               ->  Nested Loop  (cost=875.12..3850.90 rows=1 width=77) (actual time=9.937..35.332 rows=44 loops=1)
                     ->  Nested Loop  (cost=874.70..3850.46 rows=1 width=62) (actual time=9.918..35.159 rows=44 loops=1)
                           ->  Nested Loop  (cost=874.27..3849.79 rows=1 width=70) (actual time=9.909..34.964 rows=19 loops=1)
                                 ->  Nested Loop  (cost=874.14..3849.63 rows=1 width=74) (actual time=9.112..34.921 rows=27 loops=1)
                                       Join Filter: (it2.id = mi_idx2.info_type_id)
                                       Rows Removed by Join Filter: 1170
                                       ->  Nested Loop  (cost=873.71..3841.45 rows=15 width=68) (actual time=5.834..32.380 rows=851 loops=1)
                                             ->  Index Scan using info_type_pkey on info_type it2  (cost=0.14..14.12 rows=1 width=4) (actual time=0.016..0.019 rows=1 loops=1)
                                                   Filter: ((info)::text = 'rating'::text)
                                                   Rows Removed by Filter: 112
                                             ->  Hash Join  (cost=873.57..3827.18 rows=15 width=64) (actual time=5.816..32.244 rows=851 loops=1)
                                                   Hash Cond: (t1.kind_id = kt1.id)
                                                   ->  Nested Loop  (cost=872.46..3825.83 rows=54 width=68) (actual time=5.784..32.037 rows=851 loops=1)
                                                         Join Filter: (ml.movie_id = t1.id)
                                                         ->  Nested Loop  (cost=872.03..3794.27 rows=54 width=43) (actual time=5.779..30.224 rows=851 loops=1)
                                                               ->  Hash Join  (cost=871.60..3239.76 rows=132 width=18) (actual time=5.744..20.092 rows=2064 loops=1)
                                                                     Hash Cond: (mi_idx1.info_type_id = it1.id)
                                                                     ->  Merge Join  (cost=869.17..3196.60 rows=14958 width=22) (actual time=5.716..19.416 rows=6192 loops=1)
                                                                           Merge Cond: (mi_idx1.movie_id = ml.movie_id)
                                                                           ->  Index Scan using movie_id_movie_info_idx on movie_info_idx mi_idx1  (cost=0.43..43820.38 rows=1380035 width=14) (actual time=0.008..8.226 rows=63901 loops=1)
                                                                           ->  Sort  (cost=868.72..881.22 rows=5000 width=8) (actual time=5.686..6.003 rows=6443 loops=1)
                                                                                 Sort Key: ml.movie_id
                                                                                 Sort Method: quicksort  Memory: 205kB
                                                                                 ->  Hash Join  (cost=1.29..561.53 rows=5000 width=8) (actual time=0.036..5.186 rows=2315 loops=1)
                                                                                       Hash Cond: (ml.link_type_id = lt.id)
                                                                                       ->  Seq Scan on movie_link ml  (cost=0.00..462.97 rows=29997 width=12) (actual time=0.004..2.775 rows=29997 loops=1)
                                                                                       ->  Hash  (cost=1.25..1.25 rows=3 width=4) (actual time=0.016..0.016 rows=2 loops=1)
                                                                                             Buckets: 1024  Batches: 1  Memory Usage: 9kB
                                                                                             ->  Seq Scan on link_type lt  (cost=0.00..1.25 rows=3 width=4) (actual time=0.011..0.013 rows=2 loops=1)
                                                                                                   Filter: ((link)::text = ANY ('{sequel,follows,"followed by"}'::text[]))
                                                                                                   Rows Removed by Filter: 16
                                                                     ->  Hash  (cost=2.41..2.41 rows=1 width=4) (actual time=0.012..0.012 rows=1 loops=1)
                                                                           Buckets: 1024  Batches: 1  Memory Usage: 9kB
                                                                           ->  Seq Scan on info_type it1  (cost=0.00..2.41 rows=1 width=4) (actual time=0.009..0.010 rows=1 loops=1)
                                                                                 Filter: ((info)::text = 'rating'::text)
                                                                                 Rows Removed by Filter: 112
                                                               ->  Index Scan using title_pkey on title t2  (cost=0.43..4.20 rows=1 width=25) (actual time=0.005..0.005 rows=0 loops=2064)
                                                                     Index Cond: (id = ml.linked_movie_id)
                                                                     Filter: ((production_year >= 2000) AND (production_year <= 2010))
                                                                     Rows Removed by Filter: 1
                                                         ->  Index Scan using title_pkey on title t1  (cost=0.43..0.57 rows=1 width=25) (actual time=0.002..0.002 rows=1 loops=851)
                                                               Index Cond: (id = mi_idx1.movie_id)
                                                   ->  Hash  (cost=1.09..1.09 rows=2 width=4) (actual time=0.012..0.012 rows=2 loops=1)
                                                         Buckets: 1024  Batches: 1  Memory Usage: 9kB
                                                         ->  Seq Scan on kind_type kt1  (cost=0.00..1.09 rows=2 width=4) (actual time=0.005..0.006 rows=2 loops=1)
                                                               Filter: ((kind)::text = ANY ('{"tv series",episode}'::text[]))
                                                               Rows Removed by Filter: 5
                                       ->  Index Scan using movie_id_movie_info_idx on movie_info_idx mi_idx2  (cost=0.43..0.53 rows=1 width=14) (actual time=0.002..0.003 rows=1 loops=851)
                                             Index Cond: (movie_id = t2.id)
                                             Filter: ((info)::text < '3.5'::text)
                                             Rows Removed by Filter: 2
                                 ->  Index Scan using kind_type_pkey on kind_type kt2  (cost=0.13..0.15 rows=1 width=4) (actual time=0.001..0.001 rows=1 loops=27)
                                       Index Cond: (id = t2.kind_id)
                                       Filter: ((kind)::text = ANY ('{"tv series",episode}'::text[]))
                                       Rows Removed by Filter: 0
                           ->  Index Scan using movie_id_movie_companies on movie_companies mc2  (cost=0.43..0.62 rows=5 width=8) (actual time=0.008..0.010 rows=2 loops=19)
                                 Index Cond: (movie_id = t2.id)
                     ->  Index Scan using company_name_pkey on company_name cn2  (cost=0.42..0.44 rows=1 width=23) (actual time=0.003..0.003 rows=1 loops=44)
                           Index Cond: (id = mc2.company_id)
               ->  Index Scan using movie_id_movie_companies on movie_companies mc1  (cost=0.43..0.56 rows=5 width=8) (actual time=0.002..0.003 rows=3 loops=44)
                     Index Cond: (movie_id = t1.id)
         ->  Index Scan using company_name_pkey on company_name cn1  (cost=0.42..0.45 rows=1 width=23) (actual time=0.003..0.003 rows=1 loops=131)
               Index Cond: (id = mc1.company_id)
               Filter: ((country_code)::text <> '[us]'::text)
               Rows Removed by Filter: 0
 Planning Time: 89.953 ms
 Execution Time: 36.223 ms
(70 rows)

SET
                                                                          QUERY PLAN                                                                          
--------------------------------------------------------------------------------------------------------------------------------------------------------------
 Aggregate  (cost=16579.47..16579.48 rows=1 width=32) (actual time=228.725..228.725 rows=1 loops=1)
   ->  Nested Loop  (cost=7.61..16579.31 rows=65 width=17) (actual time=6.826..228.663 rows=206 loops=1)
         Join Filter: (t.id = mi.movie_id)
         ->  Nested Loop  (cost=7.18..16269.29 rows=174 width=25) (actual time=5.051..130.236 rows=2235 loops=1)
               ->  Nested Loop  (cost=6.75..16055.56 rows=438 width=4) (actual time=3.564..60.061 rows=12951 loops=1)
                     ->  Seq Scan on keyword k  (cost=0.00..2626.12 rows=13 width=4) (actual time=1.192..22.236 rows=30 loops=1)
                           Filter: ((keyword)::text ~~ '%sequel%'::text)
                           Rows Removed by Filter: 134140
                     ->  Bitmap Heap Scan on movie_keyword mk  (cost=6.75..1030.04 rows=299 width=8) (actual time=0.100..1.211 rows=432 loops=30)
                           Recheck Cond: (keyword_id = k.id)
                           Heap Blocks: exact=6979
                           ->  Bitmap Index Scan on keyword_id_movie_keyword  (cost=0.00..6.67 rows=299 width=0) (actual time=0.061..0.061 rows=432 loops=30)
                                 Index Cond: (keyword_id = k.id)
               ->  Index Scan using title_pkey on title t  (cost=0.43..0.49 rows=1 width=21) (actual time=0.005..0.005 rows=0 loops=12951)
                     Index Cond: (id = mk.movie_id)
                     Filter: (production_year > 2005)
                     Rows Removed by Filter: 1
         ->  Index Scan using movie_id_movie_info on movie_info mi  (cost=0.43..1.77 rows=1 width=4) (actual time=0.041..0.044 rows=0 loops=2235)
               Index Cond: (movie_id = mk.movie_id)
               Filter: ((info)::text = ANY ('{Sweden,Norway,Germany,Denmark,Swedish,Denish,Norwegian,German}'::text[]))
               Rows Removed by Filter: 45
 Planning Time: 1.842 ms
 Execution Time: 228.817 ms
(23 rows)

SET
                                                                          QUERY PLAN                                                                          
--------------------------------------------------------------------------------------------------------------------------------------------------------------
 Aggregate  (cost=16369.03..16369.04 rows=1 width=32) (actual time=147.852..147.853 rows=1 loops=1)
   ->  Nested Loop  (cost=7.61..16369.03 rows=1 width=17) (actual time=10.923..147.840 rows=5 loops=1)
         Join Filter: (t.id = mi.movie_id)
         ->  Nested Loop  (cost=7.18..16269.29 rows=68 width=25) (actual time=5.462..126.784 rows=405 loops=1)
               ->  Nested Loop  (cost=6.75..16055.56 rows=438 width=4) (actual time=3.739..59.701 rows=12951 loops=1)
                     ->  Seq Scan on keyword k  (cost=0.00..2626.12 rows=13 width=4) (actual time=1.338..22.294 rows=30 loops=1)
                           Filter: ((keyword)::text ~~ '%sequel%'::text)
                           Rows Removed by Filter: 134140
                     ->  Bitmap Heap Scan on movie_keyword mk  (cost=6.75..1030.04 rows=299 width=8) (actual time=0.100..1.199 rows=432 loops=30)
                           Recheck Cond: (keyword_id = k.id)
                           Heap Blocks: exact=6979
                           ->  Bitmap Index Scan on keyword_id_movie_keyword  (cost=0.00..6.67 rows=299 width=0) (actual time=0.061..0.061 rows=432 loops=30)
                                 Index Cond: (keyword_id = k.id)
               ->  Index Scan using title_pkey on title t  (cost=0.43..0.49 rows=1 width=21) (actual time=0.005..0.005 rows=0 loops=12951)
                     Index Cond: (id = mk.movie_id)
                     Filter: (production_year > 2010)
                     Rows Removed by Filter: 1
         ->  Index Scan using movie_id_movie_info on movie_info mi  (cost=0.43..1.45 rows=1 width=4) (actual time=0.051..0.052 rows=0 loops=405)
               Index Cond: (movie_id = mk.movie_id)
               Filter: ((info)::text = 'Bulgaria'::text)
               Rows Removed by Filter: 63
 Planning Time: 1.946 ms
 Execution Time: 147.979 ms
(23 rows)

SET
                                                                          QUERY PLAN                                                                          
--------------------------------------------------------------------------------------------------------------------------------------------------------------
 Aggregate  (cost=16842.39..16842.40 rows=1 width=32) (actual time=391.358..391.359 rows=1 loops=1)
   ->  Nested Loop  (cost=7.61..16840.96 rows=570 width=17) (actual time=3.998..390.334 rows=7250 loops=1)
         Join Filter: (t.id = mi.movie_id)
         ->  Nested Loop  (cost=7.18..16269.29 rows=301 width=25) (actual time=3.747..120.960 rows=7874 loops=1)
               ->  Nested Loop  (cost=6.75..16055.56 rows=438 width=4) (actual time=3.722..56.251 rows=12951 loops=1)
                     ->  Seq Scan on keyword k  (cost=0.00..2626.12 rows=13 width=4) (actual time=1.321..22.029 rows=30 loops=1)
                           Filter: ((keyword)::text ~~ '%sequel%'::text)
                           Rows Removed by Filter: 134140
                     ->  Bitmap Heap Scan on movie_keyword mk  (cost=6.75..1030.04 rows=299 width=8) (actual time=0.101..1.085 rows=432 loops=30)
                           Recheck Cond: (keyword_id = k.id)
                           Heap Blocks: exact=6979
                           ->  Bitmap Index Scan on keyword_id_movie_keyword  (cost=0.00..6.67 rows=299 width=0) (actual time=0.061..0.061 rows=432 loops=30)
                                 Index Cond: (keyword_id = k.id)
               ->  Index Scan using title_pkey on title t  (cost=0.43..0.49 rows=1 width=21) (actual time=0.005..0.005 rows=1 loops=12951)
                     Index Cond: (id = mk.movie_id)
                     Filter: (production_year > 1990)
                     Rows Removed by Filter: 0
         ->  Index Scan using movie_id_movie_info on movie_info mi  (cost=0.43..1.87 rows=2 width=4) (actual time=0.029..0.034 rows=1 loops=7874)
               Index Cond: (movie_id = mk.movie_id)
               Filter: ((info)::text = ANY ('{Sweden,Norway,Germany,Denmark,Swedish,Denish,Norwegian,German,USA,American}'::text[]))
               Rows Removed by Filter: 35
 Planning Time: 2.068 ms
 Execution Time: 391.468 ms
(23 rows)

SET
                                                                                 QUERY PLAN                                                                                 
----------------------------------------------------------------------------------------------------------------------------------------------------------------------------
 Aggregate  (cost=16288.57..16288.58 rows=1 width=64) (actual time=160.294..160.294 rows=1 loops=1)
   ->  Nested Loop  (cost=7.61..16288.56 rows=2 width=23) (actual time=6.065..160.115 rows=740 loops=1)
         Join Filter: (mi_idx.movie_id = t.id)
         ->  Nested Loop  (cost=7.18..16286.56 rows=4 width=14) (actual time=3.792..118.627 rows=5820 loops=1)
               Join Filter: (mi_idx.info_type_id = it.id)
               Rows Removed by Join Filter: 2613
               ->  Seq Scan on info_type it  (cost=0.00..2.41 rows=1 width=4) (actual time=0.012..0.014 rows=1 loops=1)
                     Filter: ((info)::text = 'rating'::text)
                     Rows Removed by Filter: 112
               ->  Nested Loop  (cost=7.18..16278.01 rows=491 width=18) (actual time=3.778..117.493 rows=8433 loops=1)
                     ->  Nested Loop  (cost=6.75..16055.56 rows=438 width=4) (actual time=3.752..63.705 rows=12951 loops=1)
                           ->  Seq Scan on keyword k  (cost=0.00..2626.12 rows=13 width=4) (actual time=1.329..22.735 rows=30 loops=1)
                                 Filter: ((keyword)::text ~~ '%sequel%'::text)
                                 Rows Removed by Filter: 134140
                           ->  Bitmap Heap Scan on movie_keyword mk  (cost=6.75..1030.04 rows=299 width=8) (actual time=0.102..1.316 rows=432 loops=30)
                                 Recheck Cond: (keyword_id = k.id)
                                 Heap Blocks: exact=6979
                                 ->  Bitmap Index Scan on keyword_id_movie_keyword  (cost=0.00..6.67 rows=299 width=0) (actual time=0.062..0.062 rows=432 loops=30)
                                       Index Cond: (keyword_id = k.id)
                     ->  Index Scan using movie_id_movie_info_idx on movie_info_idx mi_idx  (cost=0.43..0.50 rows=1 width=14) (actual time=0.004..0.004 rows=1 loops=12951)
                           Index Cond: (movie_id = mk.movie_id)
                           Filter: ((info)::text > '5.0'::text)
                           Rows Removed by Filter: 1
         ->  Index Scan using title_pkey on title t  (cost=0.43..0.49 rows=1 width=21) (actual time=0.007..0.007 rows=0 loops=5820)
               Index Cond: (id = mk.movie_id)
               Filter: (production_year > 2005)
               Rows Removed by Filter: 1
 Planning Time: 2.391 ms
 Execution Time: 160.420 ms
(29 rows)

SET
                                                                                 QUERY PLAN                                                                                 
----------------------------------------------------------------------------------------------------------------------------------------------------------------------------
 Aggregate  (cost=16281.03..16281.04 rows=1 width=64) (actual time=92.096..92.096 rows=1 loops=1)
   ->  Nested Loop  (cost=7.61..16281.02 rows=1 width=23) (actual time=15.126..92.083 rows=6 loops=1)
         Join Filter: (mi_idx.movie_id = t.id)
         ->  Nested Loop  (cost=7.18..16280.52 rows=1 width=14) (actual time=13.322..91.902 rows=21 loops=1)
               Join Filter: (mi_idx.info_type_id = it.id)
               Rows Removed by Join Filter: 285
               ->  Seq Scan on info_type it  (cost=0.00..2.41 rows=1 width=4) (actual time=0.012..0.014 rows=1 loops=1)
                     Filter: ((info)::text = 'rating'::text)
                     Rows Removed by Filter: 112
               ->  Nested Loop  (cost=7.18..16278.01 rows=8 width=18) (actual time=4.133..91.854 rows=306 loops=1)
                     ->  Nested Loop  (cost=6.75..16055.56 rows=438 width=4) (actual time=3.755..51.057 rows=12951 loops=1)
                           ->  Seq Scan on keyword k  (cost=0.00..2626.12 rows=13 width=4) (actual time=1.353..20.747 rows=30 loops=1)
                                 Filter: ((keyword)::text ~~ '%sequel%'::text)
                                 Rows Removed by Filter: 134140
                           ->  Bitmap Heap Scan on movie_keyword mk  (cost=6.75..1030.04 rows=299 width=8) (actual time=0.095..0.966 rows=432 loops=30)
                                 Recheck Cond: (keyword_id = k.id)
                                 Heap Blocks: exact=6979
                                 ->  Bitmap Index Scan on keyword_id_movie_keyword  (cost=0.00..6.67 rows=299 width=0) (actual time=0.057..0.057 rows=432 loops=30)
                                       Index Cond: (keyword_id = k.id)
                     ->  Index Scan using movie_id_movie_info_idx on movie_info_idx mi_idx  (cost=0.43..0.50 rows=1 width=14) (actual time=0.003..0.003 rows=0 loops=12951)
                           Index Cond: (movie_id = mk.movie_id)
                           Filter: ((info)::text > '9.0'::text)
                           Rows Removed by Filter: 2
         ->  Index Scan using title_pkey on title t  (cost=0.43..0.49 rows=1 width=21) (actual time=0.008..0.008 rows=0 loops=21)
               Index Cond: (id = mk.movie_id)
               Filter: (production_year > 2010)
               Rows Removed by Filter: 1
 Planning Time: 2.145 ms
 Execution Time: 92.219 ms
(29 rows)

SET
                                                                                 QUERY PLAN                                                                                 
----------------------------------------------------------------------------------------------------------------------------------------------------------------------------
 Aggregate  (cost=16297.85..16297.86 rows=1 width=64) (actual time=131.606..131.606 rows=1 loops=1)
   ->  Nested Loop  (cost=7.61..16297.83 rows=5 width=23) (actual time=3.439..130.699 rows=4700 loops=1)
         Join Filter: (mi_idx.movie_id = t.id)
         ->  Nested Loop  (cost=7.18..16294.33 rows=7 width=14) (actual time=3.403..83.029 rows=8092 loops=1)
               Join Filter: (mi_idx.info_type_id = it.id)
               Rows Removed by Join Filter: 6507
               ->  Seq Scan on info_type it  (cost=0.00..2.41 rows=1 width=4) (actual time=0.012..0.014 rows=1 loops=1)
                     Filter: ((info)::text = 'rating'::text)
                     Rows Removed by Filter: 112
               ->  Nested Loop  (cost=7.18..16282.39 rows=762 width=18) (actual time=3.388..81.443 rows=14599 loops=1)
                     ->  Nested Loop  (cost=6.75..16055.56 rows=438 width=4) (actual time=3.378..44.089 rows=12951 loops=1)
                           ->  Seq Scan on keyword k  (cost=0.00..2626.12 rows=13 width=4) (actual time=1.142..22.541 rows=30 loops=1)
                                 Filter: ((keyword)::text ~~ '%sequel%'::text)
                                 Rows Removed by Filter: 134140
                           ->  Bitmap Heap Scan on movie_keyword mk  (cost=6.75..1030.04 rows=299 width=8) (actual time=0.095..0.669 rows=432 loops=30)
                                 Recheck Cond: (keyword_id = k.id)
                                 Heap Blocks: exact=6979
                                 ->  Bitmap Index Scan on keyword_id_movie_keyword  (cost=0.00..6.67 rows=299 width=0) (actual time=0.057..0.057 rows=432 loops=30)
                                       Index Cond: (keyword_id = k.id)
                     ->  Index Scan using movie_id_movie_info_idx on movie_info_idx mi_idx  (cost=0.43..0.50 rows=2 width=14) (actual time=0.002..0.003 rows=1 loops=12951)
                           Index Cond: (movie_id = mk.movie_id)
                           Filter: ((info)::text > '2.0'::text)
                           Rows Removed by Filter: 1
         ->  Index Scan using title_pkey on title t  (cost=0.43..0.49 rows=1 width=21) (actual time=0.006..0.006 rows=1 loops=8092)
               Index Cond: (id = mk.movie_id)
               Filter: (production_year > 1990)
               Rows Removed by Filter: 0
 Planning Time: 1.911 ms
 Execution Time: 131.728 ms
(29 rows)

SET
                                                                                QUERY PLAN                                                                                 
---------------------------------------------------------------------------------------------------------------------------------------------------------------------------
 Finalize Aggregate  (cost=38740.79..38740.80 rows=1 width=32) (actual time=135.584..135.584 rows=1 loops=1)
   ->  Gather  (cost=38740.58..38740.79 rows=2 width=32) (actual time=135.510..136.232 rows=3 loops=1)
         Workers Planned: 2
         Workers Launched: 2
         ->  Partial Aggregate  (cost=37740.58..37740.59 rows=1 width=32) (actual time=133.054..133.054 rows=1 loops=3)
               ->  Hash Join  (cost=5.47..37740.50 rows=31 width=17) (actual time=133.051..133.051 rows=0 loops=3)
                     Hash Cond: (mi.info_type_id = it.id)
                     ->  Nested Loop  (cost=1.93..37736.88 rows=31 width=21) (actual time=133.050..133.050 rows=0 loops=3)
                           ->  Nested Loop  (cost=1.49..37442.96 rows=122 width=25) (actual time=133.050..133.050 rows=0 loops=3)
                                 ->  Hash Join  (cost=1.06..35104.78 rows=308 width=4) (actual time=133.049..133.050 rows=0 loops=3)
                                       Hash Cond: (mc.company_type_id = ct.id)
                                       ->  Parallel Seq Scan on movie_companies mc  (cost=0.00..35097.06 rows=1231 width=8) (actual time=3.850..132.409 rows=8008 loops=3)
                                             Filter: (((note)::text ~~ '%(theatrical)%'::text) AND ((note)::text ~~ '%(France)%'::text))
                                             Rows Removed by Filter: 861701
                                       ->  Hash  (cost=1.05..1.05 rows=1 width=4) (actual time=0.020..0.020 rows=1 loops=3)
                                             Buckets: 1024  Batches: 1  Memory Usage: 9kB
                                             ->  Seq Scan on company_type ct  (cost=0.00..1.05 rows=1 width=4) (actual time=0.014..0.014 rows=1 loops=3)
                                                   Filter: ((kind)::text = 'production companies'::text)
                                                   Rows Removed by Filter: 3
                                 ->  Index Scan using title_pkey on title t  (cost=0.43..7.59 rows=1 width=21) (never executed)
                                       Index Cond: (id = mc.movie_id)
                                       Filter: (production_year > 2005)
                           ->  Index Scan using movie_id_movie_info on movie_info mi  (cost=0.43..2.40 rows=1 width=8) (never executed)
                                 Index Cond: (movie_id = t.id)
                                 Filter: ((info)::text = ANY ('{Sweden,Norway,Germany,Denmark,Swedish,Denish,Norwegian,German}'::text[]))
                     ->  Hash  (cost=2.13..2.13 rows=113 width=4) (never executed)
                           ->  Seq Scan on info_type it  (cost=0.00..2.13 rows=113 width=4) (never executed)
 Planning Time: 2.401 ms
 Execution Time: 136.394 ms
(29 rows)

SET
                                                                            QUERY PLAN                                                                            
------------------------------------------------------------------------------------------------------------------------------------------------------------------
 Aggregate  (cost=38870.51..38870.52 rows=1 width=32) (actual time=127.423..127.423 rows=1 loops=1)
   ->  Gather  (cost=1002.07..38870.50 rows=2 width=17) (actual time=127.420..128.113 rows=0 loops=1)
         Workers Planned: 2
         Workers Launched: 2
         ->  Nested Loop  (cost=2.07..37870.30 rows=1 width=17) (actual time=125.036..125.036 rows=0 loops=3)
               ->  Nested Loop  (cost=1.93..37870.14 rows=1 width=21) (actual time=125.035..125.035 rows=0 loops=3)
                     ->  Nested Loop  (cost=1.49..37866.79 rows=1 width=25) (actual time=125.035..125.035 rows=0 loops=3)
                           ->  Hash Join  (cost=1.06..37816.09 rows=6 width=4) (actual time=125.035..125.035 rows=0 loops=3)
                                 Hash Cond: (mc.company_type_id = ct.id)
                                 ->  Parallel Seq Scan on movie_companies mc  (cost=0.00..37814.90 rows=25 width=8) (actual time=3.333..124.906 rows=473 loops=3)
                                       Filter: (((note)::text ~~ '%(VHS)%'::text) AND ((note)::text ~~ '%(USA)%'::text) AND ((note)::text ~~ '%(1994)%'::text))
                                       Rows Removed by Filter: 869237
                                 ->  Hash  (cost=1.05..1.05 rows=1 width=4) (actual time=0.015..0.015 rows=1 loops=3)
                                       Buckets: 1024  Batches: 1  Memory Usage: 9kB
                                       ->  Seq Scan on company_type ct  (cost=0.00..1.05 rows=1 width=4) (actual time=0.010..0.011 rows=1 loops=3)
                                             Filter: ((kind)::text = 'production companies'::text)
                                             Rows Removed by Filter: 3
                           ->  Index Scan using title_pkey on title t  (cost=0.43..8.45 rows=1 width=21) (never executed)
                                 Index Cond: (id = mc.movie_id)
                                 Filter: (production_year > 2010)
                     ->  Index Scan using movie_id_movie_info on movie_info mi  (cost=0.43..3.33 rows=2 width=8) (never executed)
                           Index Cond: (movie_id = t.id)
                           Filter: ((info)::text = ANY ('{USA,America}'::text[]))
               ->  Index Only Scan using info_type_pkey on info_type it  (cost=0.14..0.16 rows=1 width=4) (never executed)
                     Index Cond: (id = mi.info_type_id)
                     Heap Fetches: 0
 Planning Time: 2.131 ms
 Execution Time: 128.227 ms
(28 rows)

SET
                                                                                 QUERY PLAN                                                                                  
-----------------------------------------------------------------------------------------------------------------------------------------------------------------------------
 Finalize Aggregate  (cost=88991.12..88991.13 rows=1 width=32) (actual time=188.296..188.296 rows=1 loops=1)
   ->  Gather  (cost=88990.90..88991.11 rows=2 width=32) (actual time=188.198..190.751 rows=3 loops=1)
         Workers Planned: 2
         Workers Launched: 2
         ->  Partial Aggregate  (cost=87990.90..87990.91 rows=1 width=32) (actual time=185.855..185.855 rows=1 loops=3)
               ->  Hash Join  (cost=5.47..87951.49 rows=15766 width=17) (actual time=118.263..185.807 rows=223 loops=3)
                     Hash Cond: (mi.info_type_id = it.id)
                     ->  Nested Loop  (cost=1.93..87905.00 rows=15766 width=21) (actual time=118.207..185.691 rows=223 loops=3)
                           ->  Nested Loop  (cost=1.49..61336.48 rows=12181 width=25) (actual time=118.129..165.718 rows=256 loops=3)
                                 ->  Hash Join  (cost=1.06..35481.01 rows=17705 width=4) (actual time=118.064..161.121 rows=266 loops=3)
                                       Hash Cond: (mc.company_type_id = ct.id)
                                       ->  Parallel Seq Scan on movie_companies mc  (cost=0.00..35097.06 rows=70822 width=8) (actual time=0.035..154.389 rows=98543 loops=3)
                                             Filter: (((note)::text !~~ '%(TV)%'::text) AND ((note)::text ~~ '%(USA)%'::text))
                                             Rows Removed by Filter: 771167
                                       ->  Hash  (cost=1.05..1.05 rows=1 width=4) (actual time=0.014..0.015 rows=1 loops=3)
                                             Buckets: 1024  Batches: 1  Memory Usage: 9kB
                                             ->  Seq Scan on company_type ct  (cost=0.00..1.05 rows=1 width=4) (actual time=0.009..0.010 rows=1 loops=3)
                                                   Filter: ((kind)::text = 'production companies'::text)
                                                   Rows Removed by Filter: 3
                                 ->  Index Scan using title_pkey on title t  (cost=0.43..1.46 rows=1 width=21) (actual time=0.017..0.017 rows=1 loops=798)
                                       Index Cond: (id = mc.movie_id)
                                       Filter: (production_year > 1990)
                                       Rows Removed by Filter: 0
                           ->  Index Scan using movie_id_movie_info on movie_info mi  (cost=0.43..2.16 rows=2 width=8) (actual time=0.069..0.078 rows=1 loops=767)
                                 Index Cond: (movie_id = t.id)
                                 Filter: ((info)::text = ANY ('{Sweden,Norway,Germany,Denmark,Swedish,Denish,Norwegian,German,USA,American}'::text[]))
                                 Rows Removed by Filter: 10
                     ->  Hash  (cost=2.13..2.13 rows=113 width=4) (actual time=0.037..0.037 rows=113 loops=3)
                           Buckets: 1024  Batches: 1  Memory Usage: 12kB
                           ->  Seq Scan on info_type it  (cost=0.00..2.13 rows=113 width=4) (actual time=0.010..0.019 rows=113 loops=3)
 Planning Time: 2.068 ms
 Execution Time: 190.883 ms
(32 rows)

SET
                                                                            QUERY PLAN                                                                            
------------------------------------------------------------------------------------------------------------------------------------------------------------------
 Aggregate  (cost=3848.64..3848.65 rows=1 width=96) (actual time=39.035..39.035 rows=1 loops=1)
   ->  Nested Loop  (cost=8.17..3848.63 rows=1 width=48) (actual time=4.868..39.022 rows=6 loops=1)
         ->  Nested Loop  (cost=7.74..3759.44 rows=195 width=37) (actual time=0.475..23.412 rows=1224 loops=1)
               Join Filter: (t.id = ci.movie_id)
               ->  Nested Loop  (cost=7.18..3749.50 rows=5 width=41) (actual time=0.450..15.796 rows=11 loops=1)
                     ->  Nested Loop  (cost=6.75..3732.91 rows=34 width=20) (actual time=0.430..15.528 rows=14 loops=1)
                           ->  Seq Scan on keyword k  (cost=0.00..2626.12 rows=1 width=20) (actual time=0.399..15.388 rows=1 loops=1)
                                 Filter: ((keyword)::text = 'marvel-cinematic-universe'::text)
                                 Rows Removed by Filter: 134169
                           ->  Bitmap Heap Scan on movie_keyword mk  (cost=6.75..1103.80 rows=299 width=8) (actual time=0.028..0.133 rows=14 loops=1)
                                 Recheck Cond: (keyword_id = k.id)
                                 Heap Blocks: exact=12
                                 ->  Bitmap Index Scan on keyword_id_movie_keyword  (cost=0.00..6.67 rows=299 width=0) (actual time=0.017..0.017 rows=14 loops=1)
                                       Index Cond: (keyword_id = k.id)
                     ->  Index Scan using title_pkey on title t  (cost=0.43..0.49 rows=1 width=21) (actual time=0.018..0.018 rows=1 loops=14)
                           Index Cond: (id = mk.movie_id)
                           Filter: (production_year > 2010)
                           Rows Removed by Filter: 0
               ->  Index Scan using movie_id_cast_info on cast_info ci  (cost=0.56..1.52 rows=37 width=8) (actual time=0.020..0.670 rows=111 loops=11)
                     Index Cond: (movie_id = mk.movie_id)
         ->  Index Scan using name_pkey on name n  (cost=0.43..0.46 rows=1 width=19) (actual time=0.013..0.013 rows=0 loops=1224)
               Index Cond: (id = ci.person_id)
               Filter: ((name)::text ~~ '%Downey%Robert%'::text)
               Rows Removed by Filter: 1
 Planning Time: 2.339 ms
 Execution Time: 39.168 ms
(26 rows)

SET
                                                                             QUERY PLAN                                                                             
--------------------------------------------------------------------------------------------------------------------------------------------------------------------
 Aggregate  (cost=12284.11..12284.12 rows=1 width=96) (actual time=298.813..298.813 rows=1 loops=1)
   ->  Nested Loop  (cost=8.17..12284.10 rows=1 width=48) (actual time=31.561..298.790 rows=12 loops=1)
         ->  Nested Loop  (cost=7.74..12283.65 rows=1 width=37) (actual time=9.628..296.321 rows=383 loops=1)
               Join Filter: (t.id = ci.movie_id)
               ->  Nested Loop  (cost=7.18..12281.66 rows=1 width=41) (actual time=9.619..294.917 rows=36 loops=1)
                     ->  Nested Loop  (cost=6.75..12149.91 rows=270 width=20) (actual time=0.702..130.838 rows=35548 loops=1)
                           ->  Seq Scan on keyword k  (cost=0.00..3632.40 rows=8 width=20) (actual time=0.109..29.706 rows=8 loops=1)
                                 Filter: ((keyword)::text = ANY ('{superhero,sequel,second-part,marvel-comics,based-on-comic,tv-special,fight,violence}'::text[]))
                                 Rows Removed by Filter: 134162
                           ->  Bitmap Heap Scan on movie_keyword mk  (cost=6.75..1061.70 rows=299 width=8) (actual time=1.139..12.126 rows=4444 loops=8)
                                 Recheck Cond: (keyword_id = k.id)
                                 Heap Blocks: exact=23488
                                 ->  Bitmap Index Scan on keyword_id_movie_keyword  (cost=0.00..6.67 rows=299 width=0) (actual time=0.653..0.653 rows=4444 loops=8)
                                       Index Cond: (keyword_id = k.id)
                     ->  Index Scan using title_pkey on title t  (cost=0.43..0.49 rows=1 width=21) (actual time=0.004..0.004 rows=0 loops=35548)
                           Index Cond: (id = mk.movie_id)
                           Filter: (production_year > 2014)
                           Rows Removed by Filter: 1
               ->  Index Scan using movie_id_cast_info on cast_info ci  (cost=0.56..1.52 rows=37 width=8) (actual time=0.012..0.036 rows=11 loops=36)
                     Index Cond: (movie_id = mk.movie_id)
         ->  Index Scan using name_pkey on name n  (cost=0.43..0.46 rows=1 width=19) (actual time=0.006..0.006 rows=0 loops=383)
               Index Cond: (id = ci.person_id)
               Filter: ((name)::text ~~ '%Downey%Robert%'::text)
               Rows Removed by Filter: 1
 Planning Time: 2.100 ms
 Execution Time: 298.937 ms
(26 rows)

SET
                                                                            QUERY PLAN                                                                            
------------------------------------------------------------------------------------------------------------------------------------------------------------------
 Aggregate  (cost=3751.96..3751.97 rows=1 width=96) (actual time=11.670..11.670 rows=1 loops=1)
   ->  Nested Loop  (cost=8.17..3751.95 rows=1 width=48) (actual time=0.821..11.662 rows=2 loops=1)
         ->  Nested Loop  (cost=7.74..3751.49 rows=1 width=37) (actual time=0.485..11.447 rows=33 loops=1)
               Join Filter: (t.id = ci.movie_id)
               ->  Nested Loop  (cost=7.18..3749.51 rows=1 width=41) (actual time=0.465..11.327 rows=2 loops=1)
                     ->  Nested Loop  (cost=6.75..3732.91 rows=34 width=20) (actual time=0.422..11.103 rows=14 loops=1)
                           ->  Seq Scan on keyword k  (cost=0.00..2626.12 rows=1 width=20) (actual time=0.391..10.992 rows=1 loops=1)
                                 Filter: ((keyword)::text = 'marvel-cinematic-universe'::text)
                                 Rows Removed by Filter: 134169
                           ->  Bitmap Heap Scan on movie_keyword mk  (cost=6.75..1103.80 rows=299 width=8) (actual time=0.029..0.106 rows=14 loops=1)
                                 Recheck Cond: (keyword_id = k.id)
                                 Heap Blocks: exact=12
                                 ->  Bitmap Index Scan on keyword_id_movie_keyword  (cost=0.00..6.67 rows=299 width=0) (actual time=0.022..0.022 rows=14 loops=1)
                                       Index Cond: (keyword_id = k.id)
                     ->  Index Scan using title_pkey on title t  (cost=0.43..0.49 rows=1 width=21) (actual time=0.016..0.016 rows=0 loops=14)
                           Index Cond: (id = mk.movie_id)
                           Filter: (production_year > 2014)
                           Rows Removed by Filter: 1
               ->  Index Scan using movie_id_cast_info on cast_info ci  (cost=0.56..1.52 rows=37 width=8) (actual time=0.019..0.056 rows=16 loops=2)
                     Index Cond: (movie_id = mk.movie_id)
         ->  Index Scan using name_pkey on name n  (cost=0.43..0.46 rows=1 width=19) (actual time=0.006..0.006 rows=0 loops=33)
               Index Cond: (id = ci.person_id)
               Filter: ((name)::text ~~ '%Downey%Robert%'::text)
               Rows Removed by Filter: 1
 Planning Time: 2.547 ms
 Execution Time: 11.801 ms
(26 rows)

SET
                                                                             QUERY PLAN                                                                             
--------------------------------------------------------------------------------------------------------------------------------------------------------------------
 Aggregate  (cost=15053.68..15053.69 rows=1 width=96) (actual time=6922.452..6922.452 rows=1 loops=1)
   ->  Nested Loop  (cost=8.17..15053.68 rows=1 width=48) (actual time=192.100..6922.321 rows=88 loops=1)
         ->  Nested Loop  (cost=7.74..12573.66 rows=5422 width=37) (actual time=0.719..2593.573 rows=785477 loops=1)
               Join Filter: (t.id = ci.movie_id)
               ->  Nested Loop  (cost=7.18..12281.66 rows=147 width=41) (actual time=0.694..337.852 rows=14165 loops=1)
                     ->  Nested Loop  (cost=6.75..12149.91 rows=270 width=20) (actual time=0.670..140.192 rows=35548 loops=1)
                           ->  Seq Scan on keyword k  (cost=0.00..3632.40 rows=8 width=20) (actual time=0.103..29.723 rows=8 loops=1)
                                 Filter: ((keyword)::text = ANY ('{superhero,sequel,second-part,marvel-comics,based-on-comic,tv-special,fight,violence}'::text[]))
                                 Rows Removed by Filter: 134162
                           ->  Bitmap Heap Scan on movie_keyword mk  (cost=6.75..1061.70 rows=299 width=8) (actual time=1.142..13.079 rows=4444 loops=8)
                                 Recheck Cond: (keyword_id = k.id)
                                 Heap Blocks: exact=23488
                                 ->  Bitmap Index Scan on keyword_id_movie_keyword  (cost=0.00..6.67 rows=299 width=0) (actual time=0.656..0.656 rows=4444 loops=8)
                                       Index Cond: (keyword_id = k.id)
                     ->  Index Scan using title_pkey on title t  (cost=0.43..0.49 rows=1 width=21) (actual time=0.005..0.005 rows=0 loops=35548)
                           Index Cond: (id = mk.movie_id)
                           Filter: (production_year > 2000)
                           Rows Removed by Filter: 1
               ->  Index Scan using movie_id_cast_info on cast_info ci  (cost=0.56..1.52 rows=37 width=8) (actual time=0.008..0.149 rows=55 loops=14165)
                     Index Cond: (movie_id = mk.movie_id)
         ->  Index Scan using name_pkey on name n  (cost=0.43..0.46 rows=1 width=19) (actual time=0.005..0.005 rows=0 loops=785477)
               Index Cond: (id = ci.person_id)
               Filter: ((name)::text ~~ '%Downey%Robert%'::text)
               Rows Removed by Filter: 1
 Planning Time: 2.045 ms
 Execution Time: 6922.569 ms
(26 rows)

SET
                                                                            QUERY PLAN                                                                            
------------------------------------------------------------------------------------------------------------------------------------------------------------------
 Aggregate  (cost=4095.38..4095.39 rows=1 width=96) (actual time=24.953..24.954 rows=1 loops=1)
   ->  Nested Loop  (cost=8.17..4095.38 rows=1 width=48) (actual time=4.166..24.940 rows=6 loops=1)
         ->  Nested Loop  (cost=7.74..3785.26 rows=678 width=37) (actual time=0.482..15.125 rows=1224 loops=1)
               Join Filter: (t.id = ci.movie_id)
               ->  Nested Loop  (cost=7.18..3749.50 rows=18 width=41) (actual time=0.449..10.553 rows=11 loops=1)
                     ->  Nested Loop  (cost=6.75..3732.91 rows=34 width=20) (actual time=0.428..10.330 rows=14 loops=1)
                           ->  Seq Scan on keyword k  (cost=0.00..2626.12 rows=1 width=20) (actual time=0.391..10.215 rows=1 loops=1)
                                 Filter: ((keyword)::text = 'marvel-cinematic-universe'::text)
                                 Rows Removed by Filter: 134169
                           ->  Bitmap Heap Scan on movie_keyword mk  (cost=6.75..1103.80 rows=299 width=8) (actual time=0.034..0.109 rows=14 loops=1)
                                 Recheck Cond: (keyword_id = k.id)
                                 Heap Blocks: exact=12
                                 ->  Bitmap Index Scan on keyword_id_movie_keyword  (cost=0.00..6.67 rows=299 width=0) (actual time=0.021..0.021 rows=14 loops=1)
                                       Index Cond: (keyword_id = k.id)
                     ->  Index Scan using title_pkey on title t  (cost=0.43..0.49 rows=1 width=21) (actual time=0.015..0.015 rows=1 loops=14)
                           Index Cond: (id = mk.movie_id)
                           Filter: (production_year > 2000)
                           Rows Removed by Filter: 0
               ->  Index Scan using movie_id_cast_info on cast_info ci  (cost=0.56..1.52 rows=37 width=8) (actual time=0.016..0.397 rows=111 loops=11)
                     Index Cond: (movie_id = mk.movie_id)
         ->  Index Scan using name_pkey on name n  (cost=0.43..0.46 rows=1 width=19) (actual time=0.008..0.008 rows=0 loops=1224)
               Index Cond: (id = ci.person_id)
               Filter: ((name)::text ~~ '%Downey%Robert%'::text)
               Rows Removed by Filter: 1
 Planning Time: 2.543 ms
 Execution Time: 25.082 ms
(26 rows)

SET
                                                                             QUERY PLAN                                                                             
--------------------------------------------------------------------------------------------------------------------------------------------------------------------
 Aggregate  (cost=15080.79..15080.80 rows=1 width=96) (actual time=7007.301..7007.301 rows=1 loops=1)
   ->  Nested Loop  (cost=8.17..15040.12 rows=5422 width=48) (actual time=0.763..6830.565 rows=785477 loops=1)
         ->  Nested Loop  (cost=7.74..12573.66 rows=5422 width=37) (actual time=0.732..2601.317 rows=785477 loops=1)
               Join Filter: (t.id = ci.movie_id)
               ->  Nested Loop  (cost=7.18..12281.66 rows=147 width=41) (actual time=0.708..336.842 rows=14165 loops=1)
                     ->  Nested Loop  (cost=6.75..12149.91 rows=270 width=20) (actual time=0.682..139.349 rows=35548 loops=1)
                           ->  Seq Scan on keyword k  (cost=0.00..3632.40 rows=8 width=20) (actual time=0.104..29.805 rows=8 loops=1)
                                 Filter: ((keyword)::text = ANY ('{superhero,sequel,second-part,marvel-comics,based-on-comic,tv-special,fight,violence}'::text[]))
                                 Rows Removed by Filter: 134162
                           ->  Bitmap Heap Scan on movie_keyword mk  (cost=6.75..1061.70 rows=299 width=8) (actual time=1.148..12.987 rows=4444 loops=8)
                                 Recheck Cond: (keyword_id = k.id)
                                 Heap Blocks: exact=23488
                                 ->  Bitmap Index Scan on keyword_id_movie_keyword  (cost=0.00..6.67 rows=299 width=0) (actual time=0.661..0.661 rows=4444 loops=8)
                                       Index Cond: (keyword_id = k.id)
                     ->  Index Scan using title_pkey on title t  (cost=0.43..0.49 rows=1 width=21) (actual time=0.005..0.005 rows=0 loops=35548)
                           Index Cond: (id = mk.movie_id)
                           Filter: (production_year > 2000)
                           Rows Removed by Filter: 1
               ->  Index Scan using movie_id_cast_info on cast_info ci  (cost=0.56..1.52 rows=37 width=8) (actual time=0.008..0.150 rows=55 loops=14165)
                     Index Cond: (movie_id = mk.movie_id)
         ->  Index Scan using name_pkey on name n  (cost=0.43..0.45 rows=1 width=19) (actual time=0.005..0.005 rows=1 loops=785477)
               Index Cond: (id = ci.person_id)
 Planning Time: 2.075 ms
 Execution Time: 7007.421 ms
(24 rows)

SET
                                                                                                          QUERY PLAN                                                                                                           
-------------------------------------------------------------------------------------------------------------------------------------------------------------------------------------------------------------------------------
 Aggregate  (cost=13450.44..13450.45 rows=1 width=64) (actual time=1018.146..1018.147 rows=1 loops=1)
   ->  Nested Loop  (cost=41.24..13450.44 rows=1 width=32) (actual time=59.084..1018.115 rows=32 loops=1)
         ->  Nested Loop  (cost=41.10..13449.36 rows=1 width=36) (actual time=59.065..1018.022 rows=32 loops=1)
               Join Filter: (n.id = an.person_id)
               ->  Nested Loop  (cost=40.67..13448.87 rows=1 width=48) (actual time=59.038..1017.804 rows=14 loops=1)
                     Join Filter: (n.id = pi.person_id)
                     ->  Nested Loop  (cost=40.24..12494.38 rows=985 width=40) (actual time=0.408..868.184 rows=17559 loops=1)
                           ->  Nested Loop  (cost=39.81..8533.64 rows=8474 width=21) (actual time=0.380..307.008 rows=105262 loops=1)
                                 ->  Nested Loop  (cost=39.25..7243.89 rows=229 width=25) (actual time=0.348..38.754 rows=1467 loops=1)
                                       ->  Nested Loop  (cost=38.82..245.23 rows=1666 width=4) (actual time=0.310..2.582 rows=5186 loops=1)
                                             ->  Seq Scan on link_type lt  (cost=0.00..1.23 rows=1 width=4) (actual time=0.015..0.019 rows=1 loops=1)
                                                   Filter: ((link)::text = 'features'::text)
                                                   Rows Removed by Filter: 17
                                             ->  Bitmap Heap Scan on movie_link ml  (cost=38.82..225.26 rows=1875 width=8) (actual time=0.292..1.589 rows=5186 loops=1)
                                                   Recheck Cond: (link_type_id = lt.id)
                                                   Heap Blocks: exact=132
                                                   ->  Bitmap Index Scan on link_type_id_movie_link  (cost=0.00..38.35 rows=1875 width=0) (actual time=0.265..0.265 rows=5186 loops=1)
                                                         Index Cond: (link_type_id = lt.id)
                                       ->  Index Scan using title_pkey on title t  (cost=0.43..4.20 rows=1 width=21) (actual time=0.007..0.007 rows=0 loops=5186)
                                             Index Cond: (id = ml.linked_movie_id)
                                             Filter: ((production_year >= 1980) AND (production_year <= 1995))
                                             Rows Removed by Filter: 1
                                 ->  Index Scan using movie_id_cast_info on cast_info ci  (cost=0.56..5.26 rows=37 width=8) (actual time=0.010..0.174 rows=72 loops=1467)
                                       Index Cond: (movie_id = t.id)
                           ->  Index Scan using name_pkey on name n  (cost=0.43..0.47 rows=1 width=19) (actual time=0.005..0.005 rows=0 loops=105262)
                                 Index Cond: (id = ci.person_id)
                                 Filter: (((name_pcode_cf)::text >= 'A'::text) AND ((name_pcode_cf)::text <= 'F'::text) AND (((gender)::text = 'm'::text) OR (((gender)::text = 'f'::text) AND ((name)::text ~~ 'B%'::text))))
                                 Rows Removed by Filter: 1
                     ->  Index Scan using person_id_person_info on person_info pi  (cost=0.43..0.96 rows=1 width=8) (actual time=0.008..0.008 rows=0 loops=17559)
                           Index Cond: (person_id = ci.person_id)
                           Filter: ((note)::text = 'Volker Boehm'::text)
                           Rows Removed by Filter: 20
               ->  Index Scan using person_id_aka_name on aka_name an  (cost=0.42..0.47 rows=2 width=4) (actual time=0.011..0.014 rows=2 loops=14)
                     Index Cond: (person_id = ci.person_id)
                     Filter: ((name)::text ~~ '%a%'::text)
                     Rows Removed by Filter: 1
         ->  Index Scan using info_type_pkey on info_type it  (cost=0.14..0.61 rows=1 width=4) (actual time=0.002..0.002 rows=1 loops=32)
               Index Cond: (id = pi.info_type_id)
               Filter: ((info)::text = 'mini biography'::text)
 Planning Time: 7.449 ms
 Execution Time: 1018.327 ms
(41 rows)

SET
                                                                                      QUERY PLAN                                                                                       
---------------------------------------------------------------------------------------------------------------------------------------------------------------------------------------
 Aggregate  (cost=9049.69..9049.70 rows=1 width=64) (actual time=287.232..287.232 rows=1 loops=1)
   ->  Nested Loop  (cost=41.24..9049.68 rows=1 width=32) (actual time=12.908..287.213 rows=16 loops=1)
         ->  Nested Loop  (cost=41.10..9048.61 rows=1 width=36) (actual time=12.892..287.161 rows=16 loops=1)
               Join Filter: (n.id = an.person_id)
               ->  Nested Loop  (cost=40.67..9048.12 rows=1 width=48) (actual time=12.880..287.084 rows=8 loops=1)
                     Join Filter: (n.id = pi.person_id)
                     ->  Nested Loop  (cost=40.24..9005.48 rows=44 width=40) (actual time=0.614..278.618 rows=1076 loops=1)
                           ->  Nested Loop  (cost=39.81..8134.43 rows=1894 width=21) (actual time=0.394..113.452 rows=33415 loops=1)
                                 ->  Nested Loop  (cost=39.25..7243.89 rows=51 width=25) (actual time=0.362..36.096 rows=435 loops=1)
                                       ->  Nested Loop  (cost=38.82..245.23 rows=1666 width=4) (actual time=0.331..2.270 rows=5186 loops=1)
                                             ->  Seq Scan on link_type lt  (cost=0.00..1.23 rows=1 width=4) (actual time=0.016..0.019 rows=1 loops=1)
                                                   Filter: ((link)::text = 'features'::text)
                                                   Rows Removed by Filter: 17
                                             ->  Bitmap Heap Scan on movie_link ml  (cost=38.82..225.26 rows=1875 width=8) (actual time=0.313..1.512 rows=5186 loops=1)
                                                   Recheck Cond: (link_type_id = lt.id)
                                                   Heap Blocks: exact=132
                                                   ->  Bitmap Index Scan on link_type_id_movie_link  (cost=0.00..38.35 rows=1875 width=0) (actual time=0.286..0.286 rows=5186 loops=1)
                                                         Index Cond: (link_type_id = lt.id)
                                       ->  Index Scan using title_pkey on title t  (cost=0.43..4.20 rows=1 width=21) (actual time=0.006..0.006 rows=0 loops=5186)
                                             Index Cond: (id = ml.linked_movie_id)
                                             Filter: ((production_year >= 1980) AND (production_year <= 1984))
                                             Rows Removed by Filter: 1
                                 ->  Index Scan using movie_id_cast_info on cast_info ci  (cost=0.56..17.09 rows=37 width=8) (actual time=0.011..0.168 rows=77 loops=435)
                                       Index Cond: (movie_id = t.id)
                           ->  Index Scan using name_pkey on name n  (cost=0.43..0.46 rows=1 width=19) (actual time=0.005..0.005 rows=0 loops=33415)
                                 Index Cond: (id = ci.person_id)
                                 Filter: (((name_pcode_cf)::text ~~ 'D%'::text) AND ((gender)::text = 'm'::text))
                                 Rows Removed by Filter: 1
                     ->  Index Scan using person_id_person_info on person_info pi  (cost=0.43..0.96 rows=1 width=8) (actual time=0.007..0.008 rows=0 loops=1076)
                           Index Cond: (person_id = ci.person_id)
                           Filter: ((note)::text = 'Volker Boehm'::text)
                           Rows Removed by Filter: 16
               ->  Index Scan using person_id_aka_name on aka_name an  (cost=0.42..0.47 rows=2 width=4) (actual time=0.006..0.008 rows=2 loops=8)
                     Index Cond: (person_id = ci.person_id)
                     Filter: ((name)::text ~~ '%a%'::text)
                     Rows Removed by Filter: 1
         ->  Index Scan using info_type_pkey on info_type it  (cost=0.14..0.61 rows=1 width=4) (actual time=0.002..0.002 rows=1 loops=16)
               Index Cond: (id = pi.info_type_id)
               Filter: ((info)::text = 'mini biography'::text)
 Planning Time: 7.485 ms
 Execution Time: 287.412 ms
(41 rows)

SET
                                                                                                             QUERY PLAN                                                                                                              
-------------------------------------------------------------------------------------------------------------------------------------------------------------------------------------------------------------------------------------
 Aggregate  (cost=58025.67..58025.68 rows=1 width=64) (actual time=3310.421..3310.421 rows=1 loops=1)
   ->  Nested Loop  (cost=2495.15..58025.64 rows=6 width=111) (actual time=20.146..3067.045 rows=68185 loops=1)
         ->  Hash Join  (cost=2494.72..58021.06 rows=10 width=119) (actual time=20.106..2816.012 rows=109842 loops=1)
               Hash Cond: (ml.link_type_id = lt.id)
               ->  Nested Loop  (cost=2493.40..58019.61 rows=44 width=123) (actual time=20.065..2792.598 rows=127027 loops=1)
                     ->  Nested Loop  (cost=2493.11..57531.16 rows=1426 width=115) (actual time=20.032..1168.304 rows=1618304 loops=1)
                           ->  Nested Loop  (cost=2492.55..57287.95 rows=14 width=123) (actual time=20.006..660.435 rows=12595 loops=1)
                                 ->  Nested Loop  (cost=2492.12..56107.25 rows=1430 width=104) (actual time=19.901..413.067 rows=72979 loops=1)
                                       ->  Nested Loop  (cost=2491.69..55264.82 rows=717 width=100) (actual time=19.848..189.213 rows=84183 loops=1)
                                             ->  Seq Scan on info_type it  (cost=0.00..2.41 rows=1 width=4) (actual time=0.012..0.020 rows=1 loops=1)
                                                   Filter: ((info)::text = 'mini biography'::text)
                                                   Rows Removed by Filter: 112
                                             ->  Bitmap Heap Scan on person_info pi  (cost=2491.69..55225.59 rows=3682 width=104) (actual time=19.833..180.683 rows=84183 loops=1)
                                                   Recheck Cond: (info_type_id = it.id)
                                                   Filter: (note IS NOT NULL)
                                                   Rows Removed by Filter: 1
                                                   Heap Blocks: exact=40537
                                                   ->  Bitmap Index Scan on info_type_id_person_info  (cost=0.00..2490.77 rows=134712 width=0) (actual time=11.517..11.517 rows=84184 loops=1)
                                                         Index Cond: (info_type_id = it.id)
                                       ->  Index Scan using person_id_aka_name on aka_name an  (cost=0.42..1.15 rows=2 width=4) (actual time=0.002..0.002 rows=1 loops=84183)
                                             Index Cond: (person_id = pi.person_id)
                                             Filter: ((name IS NOT NULL) AND (((name)::text ~~ '%a%'::text) OR ((name)::text ~~ 'A%'::text)))
                                             Rows Removed by Filter: 0
                                 ->  Index Scan using name_pkey on name n  (cost=0.43..0.83 rows=1 width=19) (actual time=0.003..0.003 rows=0 loops=72979)
                                       Index Cond: (id = an.person_id)
                                       Filter: (((name_pcode_cf)::text >= 'A'::text) AND ((name_pcode_cf)::text <= 'F'::text) AND (((gender)::text = 'm'::text) OR (((gender)::text = 'f'::text) AND ((name)::text ~~ 'A%'::text))))
                                       Rows Removed by Filter: 1
                           ->  Index Scan using person_id_cast_info on cast_info ci  (cost=0.56..12.33 rows=504 width=8) (actual time=0.005..0.027 rows=128 loops=12595)
                                 Index Cond: (person_id = n.id)
                     ->  Index Scan using linked_movie_id_movie_link on movie_link ml  (cost=0.29..0.32 rows=2 width=8) (actual time=0.001..0.001 rows=0 loops=1618304)
                           Index Cond: (linked_movie_id = ci.movie_id)
               ->  Hash  (cost=1.27..1.27 rows=4 width=4) (actual time=0.015..0.015 rows=4 loops=1)
                     Buckets: 1024  Batches: 1  Memory Usage: 9kB
                     ->  Seq Scan on link_type lt  (cost=0.00..1.27 rows=4 width=4) (actual time=0.007..0.010 rows=4 loops=1)
                           Filter: ((link)::text = ANY ('{references,"referenced in",features,"featured in"}'::text[]))
                           Rows Removed by Filter: 14
         ->  Index Scan using title_pkey on title t  (cost=0.43..0.46 rows=1 width=4) (actual time=0.002..0.002 rows=1 loops=109842)
               Index Cond: (id = ci.movie_id)
               Filter: ((production_year >= 1980) AND (production_year <= 2010))
               Rows Removed by Filter: 0
 Planning Time: 7.574 ms
 Execution Time: 3310.806 ms
(42 rows)

SET
                                                                                    QUERY PLAN                                                                                     
-----------------------------------------------------------------------------------------------------------------------------------------------------------------------------------
 Aggregate  (cost=42962.65..42962.66 rows=1 width=64) (actual time=1454.661..1454.661 rows=1 loops=1)
   ->  Gather  (cost=5775.17..42962.64 rows=1 width=33) (actual time=125.612..1468.135 rows=62 loops=1)
         Workers Planned: 2
         Workers Launched: 2
         ->  Nested Loop  (cost=4775.17..41962.54 rows=1 width=33) (actual time=140.589..1451.881 rows=21 loops=3)
               ->  Nested Loop  (cost=4774.74..41958.79 rows=5 width=41) (actual time=16.832..1437.013 rows=5793 loops=3)
                     ->  Hash Join  (cost=4774.31..41956.44 rows=2 width=21) (actual time=16.797..1424.501 rows=2479 loops=3)
                           Hash Cond: (ci.role_id = rt.id)
                           ->  Nested Loop  (cost=4773.15..41955.18 rows=27 width=25) (actual time=16.699..1423.501 rows=6533 loops=3)
                                 ->  Nested Loop  (cost=4772.59..41333.61 rows=332 width=25) (actual time=16.442..241.212 rows=16109 loops=3)
                                       ->  Parallel Hash Join  (cost=4772.16..39899.83 rows=332 width=4) (actual time=16.394..155.979 rows=16109 loops=3)
                                             Hash Cond: (mc.company_id = cn.id)
                                             ->  Parallel Seq Scan on movie_companies mc  (cost=0.00..35097.06 rows=11664 width=8) (actual time=0.054..133.756 rows=16299 loops=3)
                                                   Filter: (((note)::text ~~ '%(Japan)%'::text) AND ((note)::text !~~ '%(USA)%'::text))
                                                   Rows Removed by Filter: 853411
                                             ->  Parallel Hash  (cost=4722.92..4722.92 rows=3939 width=4) (actual time=16.139..16.139 rows=2251 loops=3)
                                                   Buckets: 8192  Batches: 1  Memory Usage: 384kB
                                                   ->  Parallel Seq Scan on company_name cn  (cost=0.00..4722.92 rows=3939 width=4) (actual time=0.020..15.467 rows=2251 loops=3)
                                                         Filter: ((country_code)::text = '[jp]'::text)
                                                         Rows Removed by Filter: 76082
                                       ->  Index Scan using title_pkey on title t  (cost=0.43..4.32 rows=1 width=21) (actual time=0.005..0.005 rows=1 loops=48328)
                                             Index Cond: (id = mc.movie_id)
                                 ->  Index Scan using movie_id_cast_info on cast_info ci  (cost=0.56..1.86 rows=1 width=12) (actual time=0.070..0.073 rows=0 loops=48328)
                                       Index Cond: (movie_id = t.id)
                                       Filter: ((note)::text = '(voice: English version)'::text)
                                       Rows Removed by Filter: 32
                           ->  Hash  (cost=1.15..1.15 rows=1 width=4) (actual time=0.019..0.019 rows=1 loops=3)
                                 Buckets: 1024  Batches: 1  Memory Usage: 9kB
                                 ->  Seq Scan on role_type rt  (cost=0.00..1.15 rows=1 width=4) (actual time=0.014..0.015 rows=1 loops=3)
                                       Filter: ((role)::text = 'actress'::text)
                                       Rows Removed by Filter: 11
                     ->  Index Scan using person_id_aka_name on aka_name an1  (cost=0.42..1.16 rows=2 width=20) (actual time=0.004..0.005 rows=2 loops=7438)
                           Index Cond: (person_id = ci.person_id)
               ->  Index Scan using name_pkey on name n1  (cost=0.43..0.75 rows=1 width=4) (actual time=0.002..0.002 rows=0 loops=17379)
                     Index Cond: (id = an1.person_id)
                     Filter: (((name)::text ~~ '%Yo%'::text) AND ((name)::text !~~ '%Yu%'::text))
                     Rows Removed by Filter: 1
 Planning Time: 4.809 ms
 Execution Time: 1468.346 ms
(39 rows)

SET
                                                                                                      QUERY PLAN                                                                                                       
-----------------------------------------------------------------------------------------------------------------------------------------------------------------------------------------------------------------------
 Aggregate  (cost=44409.00..44409.01 rows=1 width=64) (actual time=171.919..171.920 rows=1 loops=1)
   ->  Nested Loop  (cost=1002.40..44409.00 rows=1 width=33) (actual time=71.707..171.906 rows=6 loops=1)
         ->  Nested Loop  (cost=1002.27..44408.82 rows=1 width=37) (actual time=71.681..171.872 rows=6 loops=1)
               ->  Nested Loop  (cost=1001.84..44408.07 rows=1 width=45) (actual time=70.991..171.023 rows=171 loops=1)
                     ->  Nested Loop  (cost=1001.42..44406.90 rows=1 width=25) (actual time=70.966..170.120 rows=104 loops=1)
                           Join Filter: (t.id = ci.movie_id)
                           ->  Gather  (cost=1000.85..44264.09 rows=1 width=25) (actual time=70.911..170.736 rows=4 loops=1)
                                 Workers Planned: 2
                                 Workers Launched: 2
                                 ->  Nested Loop  (cost=0.85..43263.99 rows=1 width=25) (actual time=111.375..167.676 rows=1 loops=3)
                                       ->  Nested Loop  (cost=0.42..43166.10 rows=12 width=4) (actual time=0.094..139.294 rows=2832 loops=3)
                                             ->  Parallel Seq Scan on movie_companies mc  (cost=0.00..40532.74 rows=434 width=8) (actual time=0.057..129.659 rows=2856 loops=3)
                                                   Filter: (((note)::text ~~ '%(Japan)%'::text) AND ((note)::text !~~ '%(USA)%'::text) AND (((note)::text ~~ '%(2006)%'::text) OR ((note)::text ~~ '%(2007)%'::text)))
                                                   Rows Removed by Filter: 866853
                                             ->  Index Scan using company_name_pkey on company_name cn  (cost=0.42..6.07 rows=1 width=4) (actual time=0.003..0.003 rows=1 loops=8569)
                                                   Index Cond: (id = mc.company_id)
                                                   Filter: ((country_code)::text = '[jp]'::text)
                                                   Rows Removed by Filter: 0
                                       ->  Index Scan using title_pkey on title t  (cost=0.43..8.13 rows=1 width=21) (actual time=0.010..0.010 rows=0 loops=8495)
                                             Index Cond: (id = mc.movie_id)
                                             Filter: ((production_year >= 2006) AND (production_year <= 2007) AND (((title)::text ~~ 'One Piece%'::text) OR ((title)::text ~~ 'Dragon Ball Z%'::text)))
                                             Rows Removed by Filter: 1
                           ->  Index Scan using movie_id_cast_info on cast_info ci  (cost=0.56..142.80 rows=1 width=12) (actual time=0.069..0.201 rows=26 loops=4)
                                 Index Cond: (movie_id = mc.movie_id)
                                 Filter: ((note)::text = '(voice: English version)'::text)
                                 Rows Removed by Filter: 17
                     ->  Index Scan using person_id_aka_name on aka_name an  (cost=0.42..1.16 rows=2 width=20) (actual time=0.007..0.008 rows=2 loops=104)
                           Index Cond: (person_id = ci.person_id)
               ->  Index Scan using name_pkey on name n  (cost=0.43..0.75 rows=1 width=4) (actual time=0.005..0.005 rows=0 loops=171)
                     Index Cond: (id = an.person_id)
                     Filter: (((name)::text ~~ '%Yo%'::text) AND ((name)::text !~~ '%Yu%'::text))
                     Rows Removed by Filter: 1
         ->  Index Scan using role_type_pkey on role_type rt  (cost=0.14..0.16 rows=1 width=4) (actual time=0.005..0.005 rows=1 loops=6)
               Index Cond: (id = ci.role_id)
               Filter: ((role)::text = 'actress'::text)
 Planning Time: 4.766 ms
 Execution Time: 173.532 ms
(37 rows)

SET
                                                                                                QUERY PLAN                                                                                                
----------------------------------------------------------------------------------------------------------------------------------------------------------------------------------------------------------
 Finalize Aggregate  (cost=529735.54..529735.55 rows=1 width=64) (actual time=3481.009..3481.009 rows=1 loops=1)
   ->  Gather  (cost=529735.32..529735.53 rows=2 width=64) (actual time=3478.611..3583.560 rows=3 loops=1)
         Workers Planned: 2
         Workers Launched: 2
         ->  Partial Aggregate  (cost=528735.32..528735.33 rows=1 width=64) (actual time=3476.033..3476.033 rows=1 loops=3)
               ->  Parallel Hash Join  (cost=483413.83..513803.80 rows=2986304 width=33) (actual time=3206.973..3372.082 rows=829204 loops=3)
                     Hash Cond: (a1.person_id = n1.id)
                     ->  Parallel Seq Scan on aka_name a1  (cost=0.00..15151.60 rows=375560 width=20) (actual time=0.028..39.149 rows=300448 loops=3)
                     ->  Parallel Hash  (cost=459853.10..459853.10 rows=1218458 width=25) (actual time=3108.219..3108.219 rows=656886 loops=3)
                           Buckets: 65536  Batches: 64  Memory Usage: 2848kB
                           ->  Parallel Hash Join  (cost=345158.80..459853.10 rows=1218458 width=25) (actual time=2772.394..2972.385 rows=656886 loops=3)
                                 Hash Cond: (ci.person_id = n1.id)
                                 ->  Hash Join  (cost=243691.57..334123.41 rows=1218458 width=21) (actual time=1932.778..2215.092 rows=656886 loops=3)
                                       Hash Cond: (t.id = ci.movie_id)
                                       ->  Parallel Hash Join  (cost=44358.48..110382.12 rows=395644 width=25) (actual time=590.348..791.092 rows=384599 loops=3)
                                             Hash Cond: (t.id = mc.movie_id)
                                             ->  Parallel Seq Scan on title t  (cost=0.00..46532.63 rows=1053463 width=21) (actual time=0.017..114.044 rows=842771 loops=3)
                                             ->  Parallel Hash  (cost=37866.93..37866.93 rows=395644 width=4) (actual time=297.695..297.696 rows=384599 loops=3)
                                                   Buckets: 131072  Batches: 16  Memory Usage: 3872kB
                                                   ->  Parallel Hash Join  (cost=5351.77..37866.93 rows=395644 width=4) (actual time=25.178..245.108 rows=384599 loops=3)
                                                         Hash Cond: (mc.company_id = cn.id)
                                                         ->  Parallel Seq Scan on movie_companies mc  (cost=0.00..29661.37 rows=1087137 width=8) (actual time=0.013..78.109 rows=869710 loops=3)
                                                         ->  Parallel Hash  (cost=4722.92..4722.92 rows=50308 width=4) (actual time=24.821..24.822 rows=28281 loops=3)
                                                               Buckets: 131072  Batches: 1  Memory Usage: 4384kB
                                                               ->  Parallel Seq Scan on company_name cn  (cost=0.00..4722.92 rows=50308 width=4) (actual time=0.017..17.000 rows=28281 loops=3)
                                                                     Filter: ((country_code)::text = '[us]'::text)
                                                                     Rows Removed by Filter: 50051
                                       ->  Hash  (cost=149779.57..149779.57 rows=3020362 width=8) (actual time=1140.065..1140.065 rows=2728943 loops=3)
                                             Buckets: 131072  Batches: 64  Memory Usage: 2675kB
                                             ->  Nested Loop  (cost=0.56..149779.57 rows=3020362 width=8) (actual time=0.051..764.674 rows=2728943 loops=3)
                                                   ->  Seq Scan on role_type rt  (cost=0.00..1.15 rows=1 width=4) (actual time=0.015..0.019 rows=1 loops=3)
                                                         Filter: ((role)::text = 'writer'::text)
                                                         Rows Removed by Filter: 11
                                                   ->  Index Scan using role_id_cast_info on cast_info ci  (cost=0.56..116829.02 rows=3294940 width=12) (actual time=0.032..511.399 rows=2728943 loops=3)
                                                         Index Cond: (role_id = rt.id)
                                 ->  Parallel Hash  (cost=72977.55..72977.55 rows=1736455 width=4) (actual time=352.014..352.015 rows=1389164 loops=3)
                                       Buckets: 131072  Batches: 64  Memory Usage: 3616kB
                                       ->  Parallel Seq Scan on name n1  (cost=0.00..72977.55 rows=1736455 width=4) (actual time=0.023..170.720 rows=1389164 loops=3)
 Planning Time: 4.294 ms
 Execution Time: 3584.896 ms
(40 rows)

SET
                                                                                               QUERY PLAN                                                                                               
--------------------------------------------------------------------------------------------------------------------------------------------------------------------------------------------------------
 Finalize Aggregate  (cost=529735.54..529735.55 rows=1 width=64) (actual time=1721.083..1721.083 rows=1 loops=1)
   ->  Gather  (cost=529735.32..529735.53 rows=2 width=64) (actual time=1719.321..1793.461 rows=3 loops=1)
         Workers Planned: 2
         Workers Launched: 2
         ->  Partial Aggregate  (cost=528735.32..528735.33 rows=1 width=64) (actual time=1716.547..1716.547 rows=1 loops=3)
               ->  Parallel Hash Join  (cost=483413.83..513803.80 rows=2986304 width=33) (actual time=1658.831..1703.096 rows=107668 loops=3)
                     Hash Cond: (an1.person_id = n1.id)
                     ->  Parallel Seq Scan on aka_name an1  (cost=0.00..15151.60 rows=375560 width=20) (actual time=0.028..39.179 rows=300448 loops=3)
                     ->  Parallel Hash  (cost=459853.10..459853.10 rows=1218458 width=25) (actual time=1561.118..1561.118 rows=95179 loops=3)
                           Buckets: 65536  Batches: 64  Memory Usage: 992kB
                           ->  Parallel Hash Join  (cost=345158.80..459853.10 rows=1218458 width=25) (actual time=1441.780..1539.174 rows=95179 loops=3)
                                 Hash Cond: (ci.person_id = n1.id)
                                 ->  Hash Join  (cost=243691.57..334123.41 rows=1218458 width=21) (actual time=892.487..1059.860 rows=95179 loops=3)
                                       Hash Cond: (t.id = ci.movie_id)
                                       ->  Parallel Hash Join  (cost=44358.48..110382.12 rows=395644 width=25) (actual time=587.940..794.504 rows=384599 loops=3)
                                             Hash Cond: (t.id = mc.movie_id)
                                             ->  Parallel Seq Scan on title t  (cost=0.00..46532.63 rows=1053463 width=21) (actual time=0.021..110.492 rows=842771 loops=3)
                                             ->  Parallel Hash  (cost=37866.93..37866.93 rows=395644 width=4) (actual time=298.878..298.878 rows=384599 loops=3)
                                                   Buckets: 131072  Batches: 16  Memory Usage: 3904kB
                                                   ->  Parallel Hash Join  (cost=5351.77..37866.93 rows=395644 width=4) (actual time=26.170..246.126 rows=384599 loops=3)
                                                         Hash Cond: (mc.company_id = cn.id)
                                                         ->  Parallel Seq Scan on movie_companies mc  (cost=0.00..29661.37 rows=1087137 width=8) (actual time=0.015..78.141 rows=869710 loops=3)
                                                         ->  Parallel Hash  (cost=4722.92..4722.92 rows=50308 width=4) (actual time=25.811..25.811 rows=28281 loops=3)
                                                               Buckets: 131072  Batches: 1  Memory Usage: 4416kB
                                                               ->  Parallel Seq Scan on company_name cn  (cost=0.00..4722.92 rows=50308 width=4) (actual time=0.029..17.959 rows=28281 loops=3)
                                                                     Filter: ((country_code)::text = '[us]'::text)
                                                                     Rows Removed by Filter: 50051
                                       ->  Hash  (cost=149779.57..149779.57 rows=3020362 width=8) (actual time=110.379..110.379 rows=276403 loops=3)
                                             Buckets: 131072  Batches: 64  Memory Usage: 1193kB
                                             ->  Nested Loop  (cost=0.56..149779.57 rows=3020362 width=8) (actual time=0.067..71.677 rows=276403 loops=3)
                                                   ->  Seq Scan on role_type rt  (cost=0.00..1.15 rows=1 width=4) (actual time=0.017..0.019 rows=1 loops=3)
                                                         Filter: ((role)::text = 'costume designer'::text)
                                                         Rows Removed by Filter: 11
                                                   ->  Index Scan using role_id_cast_info on cast_info ci  (cost=0.56..116829.02 rows=3294940 width=12) (actual time=0.045..45.960 rows=276403 loops=3)
                                                         Index Cond: (role_id = rt.id)
                                 ->  Parallel Hash  (cost=72977.55..72977.55 rows=1736455 width=4) (actual time=352.595..352.596 rows=1389164 loops=3)
                                       Buckets: 131072  Batches: 64  Memory Usage: 3648kB
                                       ->  Parallel Seq Scan on name n1  (cost=0.00..72977.55 rows=1736455 width=4) (actual time=0.021..170.552 rows=1389164 loops=3)
 Planning Time: 4.828 ms
 Execution Time: 1793.844 ms
(40 rows)

SET
                                                                                        QUERY PLAN                                                                                         
-------------------------------------------------------------------------------------------------------------------------------------------------------------------------------------------
 Aggregate  (cost=83282.38..83282.39 rows=1 width=96) (actual time=275.524..275.524 rows=1 loops=1)
   ->  Nested Loop  (cost=1003.86..83282.37 rows=1 width=49) (actual time=111.880..275.473 rows=121 loops=1)
         ->  Nested Loop  (cost=1003.44..83281.88 rows=1 width=53) (actual time=111.852..274.785 rows=123 loops=1)
               Join Filter: (ci.movie_id = mc.movie_id)
               ->  Gather  (cost=1003.01..83281.24 rows=1 width=57) (actual time=111.576..275.289 rows=139 loops=1)
                     Workers Planned: 2
                     Workers Launched: 2
                     ->  Nested Loop  (cost=3.01..82281.14 rows=1 width=57) (actual time=109.101..271.999 rows=46 loops=3)
                           ->  Nested Loop  (cost=2.58..82280.49 rows=1 width=45) (actual time=108.907..271.586 rows=52 loops=3)
                                 ->  Hash Join  (cost=2.15..82279.20 rows=2 width=24) (actual time=107.840..270.151 rows=142 loops=3)
                                       Hash Cond: (ci.role_id = rt.id)
                                       ->  Nested Loop  (cost=0.99..82277.96 rows=21 width=28) (actual time=107.724..270.000 rows=142 loops=3)
                                             Join Filter: (n.id = ci.person_id)
                                             ->  Nested Loop  (cost=0.42..82155.29 rows=9 width=24) (actual time=104.541..258.673 rows=519 loops=3)
                                                   ->  Parallel Seq Scan on name n  (cost=0.00..81659.82 rows=40 width=4) (actual time=104.164..248.023 rows=2256 loops=3)
                                                         Filter: (((name)::text ~~ '%Ang%'::text) AND ((gender)::text = 'f'::text))
                                                         Rows Removed by Filter: 1386908
                                                   ->  Index Scan using person_id_aka_name on aka_name an  (cost=0.42..12.37 rows=2 width=20) (actual time=0.004..0.004 rows=0 loops=6768)
                                                         Index Cond: (person_id = n.id)
                                             ->  Index Scan using person_id_cast_info on cast_info ci  (cost=0.56..13.47 rows=13 width=16) (actual time=0.020..0.022 rows=0 loops=1558)
                                                   Index Cond: (person_id = an.person_id)
                                                   Filter: ((note)::text = ANY ('{(voice),"(voice: Japanese version)","(voice) (uncredited)","(voice: English version)"}'::text[]))
                                                   Rows Removed by Filter: 44
                                       ->  Hash  (cost=1.15..1.15 rows=1 width=4) (actual time=0.033..0.033 rows=1 loops=3)
                                             Buckets: 1024  Batches: 1  Memory Usage: 9kB
                                             ->  Seq Scan on role_type rt  (cost=0.00..1.15 rows=1 width=4) (actual time=0.024..0.026 rows=1 loops=3)
                                                   Filter: ((role)::text = 'actress'::text)
                                                   Rows Removed by Filter: 11
                                 ->  Index Scan using title_pkey on title t  (cost=0.43..0.64 rows=1 width=21) (actual time=0.010..0.010 rows=0 loops=425)
                                       Index Cond: (id = ci.movie_id)
                                       Filter: ((production_year >= 2005) AND (production_year <= 2015))
                                       Rows Removed by Filter: 1
                           ->  Index Scan using char_name_pkey on char_name chn  (cost=0.43..0.65 rows=1 width=20) (actual time=0.007..0.007 rows=1 loops=155)
                                 Index Cond: (id = ci.person_role_id)
               ->  Index Scan using movie_id_movie_companies on movie_companies mc  (cost=0.43..0.64 rows=1 width=8) (actual time=0.009..0.012 rows=1 loops=139)
                     Index Cond: (movie_id = t.id)
                     Filter: ((note IS NOT NULL) AND (((note)::text ~~ '%(USA)%'::text) OR ((note)::text ~~ '%(worldwide)%'::text)))
                     Rows Removed by Filter: 5
         ->  Index Scan using company_name_pkey on company_name cn  (cost=0.42..0.49 rows=1 width=4) (actual time=0.005..0.005 rows=1 loops=123)
               Index Cond: (id = mc.company_id)
               Filter: ((country_code)::text = '[us]'::text)
               Rows Removed by Filter: 0
 Planning Time: 7.501 ms
 Execution Time: 277.888 ms
(44 rows)

SET
                                                                                        QUERY PLAN                                                                                         
-------------------------------------------------------------------------------------------------------------------------------------------------------------------------------------------
 Aggregate  (cost=83270.97..83270.98 rows=1 width=128) (actual time=262.963..262.963 rows=1 loops=1)
   ->  Nested Loop  (cost=1003.86..83270.96 rows=1 width=64) (actual time=113.251..262.935 rows=40 loops=1)
         ->  Nested Loop  (cost=1003.44..83270.37 rows=1 width=68) (actual time=113.235..262.778 rows=40 loops=1)
               ->  Nested Loop  (cost=1003.01..83269.66 rows=1 width=72) (actual time=113.175..262.291 rows=60 loops=1)
                     ->  Gather  (cost=1002.58..83268.98 rows=1 width=60) (actual time=113.145..264.396 rows=65 loops=1)
                           Workers Planned: 2
                           Workers Launched: 2
                           ->  Nested Loop  (cost=2.58..82268.88 rows=1 width=60) (actual time=112.408..259.867 rows=22 loops=3)
                                 ->  Hash Join  (cost=2.15..82267.52 rows=2 width=39) (actual time=106.657..259.329 rows=88 loops=3)
                                       Hash Cond: (ci.role_id = rt.id)
                                       ->  Nested Loop  (cost=0.99..82266.28 rows=18 width=43) (actual time=106.540..259.189 rows=88 loops=3)
                                             Join Filter: (n.id = ci.person_id)
                                             ->  Nested Loop  (cost=0.42..82155.29 rows=9 width=39) (actual time=104.039..253.344 rows=432 loops=3)
                                                   ->  Parallel Seq Scan on name n  (cost=0.00..81659.82 rows=40 width=19) (actual time=103.584..246.483 rows=1803 loops=3)
                                                         Filter: (((name)::text ~~ '%Angel%'::text) AND ((gender)::text = 'f'::text))
                                                         Rows Removed by Filter: 1387361
                                                   ->  Index Scan using person_id_aka_name on aka_name an  (cost=0.42..12.37 rows=2 width=20) (actual time=0.003..0.004 rows=0 loops=5409)
                                                         Index Cond: (person_id = n.id)
                                             ->  Index Scan using person_id_cast_info on cast_info ci  (cost=0.56..12.21 rows=10 width=16) (actual time=0.012..0.013 rows=0 loops=1296)
                                                   Index Cond: (person_id = an.person_id)
                                                   Filter: ((note)::text = '(voice)'::text)
                                                   Rows Removed by Filter: 43
                                       ->  Hash  (cost=1.15..1.15 rows=1 width=4) (actual time=0.033..0.033 rows=1 loops=3)
                                             Buckets: 1024  Batches: 1  Memory Usage: 9kB
                                             ->  Seq Scan on role_type rt  (cost=0.00..1.15 rows=1 width=4) (actual time=0.026..0.028 rows=1 loops=3)
                                                   Filter: ((role)::text = 'actress'::text)
                                                   Rows Removed by Filter: 11
                                 ->  Index Scan using title_pkey on title t  (cost=0.43..0.68 rows=1 width=21) (actual time=0.006..0.006 rows=0 loops=265)
                                       Index Cond: (id = ci.movie_id)
                                       Filter: ((production_year >= 2007) AND (production_year <= 2010))
                                       Rows Removed by Filter: 1
                     ->  Index Scan using char_name_pkey on char_name chn  (cost=0.43..0.69 rows=1 width=20) (actual time=0.003..0.003 rows=1 loops=65)
                           Index Cond: (id = ci.person_role_id)
               ->  Index Scan using movie_id_movie_companies on movie_companies mc  (cost=0.43..0.69 rows=1 width=8) (actual time=0.006..0.008 rows=1 loops=60)
                     Index Cond: (movie_id = ci.movie_id)
                     Filter: (((note)::text ~~ '%(200%)%'::text) AND (((note)::text ~~ '%(USA)%'::text) OR ((note)::text ~~ '%(worldwide)%'::text)))
                     Rows Removed by Filter: 7
         ->  Index Scan using company_name_pkey on company_name cn  (cost=0.42..0.59 rows=1 width=4) (actual time=0.003..0.003 rows=1 loops=40)
               Index Cond: (id = mc.company_id)
               Filter: ((country_code)::text = '[us]'::text)
 Planning Time: 7.128 ms
 Execution Time: 265.515 ms
(42 rows)

SET
                                                                                          QUERY PLAN                                                                                           
-----------------------------------------------------------------------------------------------------------------------------------------------------------------------------------------------
 Finalize Aggregate  (cost=123482.63..123482.64 rows=1 width=128) (actual time=459.372..459.372 rows=1 loops=1)
   ->  Gather  (cost=123482.40..123482.61 rows=2 width=128) (actual time=459.068..463.318 rows=3 loops=1)
         Workers Planned: 2
         Workers Launched: 2
         ->  Partial Aggregate  (cost=122482.40..122482.41 rows=1 width=128) (actual time=456.198..456.198 rows=1 loops=3)
               ->  Nested Loop  (cost=81764.69..122480.72 rows=168 width=64) (actual time=261.957..455.394 rows=2715 loops=3)
                     Join Filter: (ci.movie_id = t.id)
                     ->  Nested Loop  (cost=81764.26..122392.38 rows=168 width=55) (actual time=261.902..446.923 rows=2715 loops=3)
                           ->  Nested Loop  (cost=81763.84..122186.52 rows=462 width=59) (actual time=260.513..428.985 rows=6115 loops=3)
                                 ->  Nested Loop  (cost=81763.41..122068.42 rows=173 width=51) (actual time=260.454..416.756 rows=2575 loops=3)
                                       ->  Hash Join  (cost=81762.98..121836.61 rows=358 width=39) (actual time=260.398..407.042 rows=2735 loops=3)
                                             Hash Cond: (ci.role_id = rt.id)
                                             ->  Nested Loop  (cost=81761.82..121820.18 rows=4301 width=43) (actual time=260.315..406.409 rows=2735 loops=3)
                                                   Join Filter: (n.id = ci.person_id)
                                                   ->  Parallel Hash Join  (cost=81761.26..97898.70 rows=1755 width=39) (actual time=258.674..336.013 rows=3508 loops=3)
                                                         Hash Cond: (an.person_id = n.id)
                                                         ->  Parallel Seq Scan on aka_name an  (cost=0.00..15151.60 rows=375560 width=20) (actual time=0.017..32.591 rows=300448 loops=3)
                                                         ->  Parallel Hash  (cost=81659.82..81659.82 rows=8115 width=19) (actual time=258.335..258.335 rows=16670 loops=3)
                                                               Buckets: 65536 (originally 32768)  Batches: 1 (originally 1)  Memory Usage: 3584kB
                                                               ->  Parallel Seq Scan on name n  (cost=0.00..81659.82 rows=8115 width=19) (actual time=104.862..249.966 rows=16670 loops=3)
                                                                     Filter: (((name)::text ~~ '%An%'::text) AND ((gender)::text = 'f'::text))
                                                                     Rows Removed by Filter: 1372493
                                                   ->  Index Scan using person_id_cast_info on cast_info ci  (cost=0.56..13.47 rows=13 width=16) (actual time=0.018..0.020 rows=1 loops=10525)
                                                         Index Cond: (person_id = an.person_id)
                                                         Filter: ((note)::text = ANY ('{(voice),"(voice: Japanese version)","(voice) (uncredited)","(voice: English version)"}'::text[]))
                                                         Rows Removed by Filter: 44
                                             ->  Hash  (cost=1.15..1.15 rows=1 width=4) (actual time=0.028..0.028 rows=1 loops=3)
                                                   Buckets: 1024  Batches: 1  Memory Usage: 9kB
                                                   ->  Seq Scan on role_type rt  (cost=0.00..1.15 rows=1 width=4) (actual time=0.022..0.023 rows=1 loops=3)
                                                         Filter: ((role)::text = 'actress'::text)
                                                         Rows Removed by Filter: 11
                                       ->  Index Scan using char_name_pkey on char_name chn  (cost=0.43..0.65 rows=1 width=20) (actual time=0.003..0.003 rows=1 loops=8204)
                                             Index Cond: (id = ci.person_role_id)
                                 ->  Index Scan using movie_id_movie_companies on movie_companies mc  (cost=0.43..0.63 rows=5 width=8) (actual time=0.003..0.004 rows=2 loops=7726)
                                       Index Cond: (movie_id = ci.movie_id)
                           ->  Index Scan using company_name_pkey on company_name cn  (cost=0.42..0.45 rows=1 width=4) (actual time=0.003..0.003 rows=0 loops=18345)
                                 Index Cond: (id = mc.company_id)
                                 Filter: ((country_code)::text = '[us]'::text)
                                 Rows Removed by Filter: 1
                     ->  Index Scan using title_pkey on title t  (cost=0.43..0.51 rows=1 width=21) (actual time=0.003..0.003 rows=1 loops=8144)
                           Index Cond: (id = mc.movie_id)
 Planning Time: 7.184 ms
 Execution Time: 463.554 ms
(43 rows)

SET
                                                                                                  QUERY PLAN                                                                                                  
--------------------------------------------------------------------------------------------------------------------------------------------------------------------------------------------------------------
 Finalize Aggregate  (cost=211411.33..211411.34 rows=1 width=128) (actual time=3810.288..3810.288 rows=1 loops=1)
   ->  Gather  (cost=211411.10..211411.31 rows=2 width=128) (actual time=2873.576..3815.134 rows=3 loops=1)
         Workers Planned: 2
         Workers Launched: 2
         ->  Partial Aggregate  (cost=210411.10..210411.11 rows=1 width=128) (actual time=3185.064..3185.064 rows=1 loops=3)
               ->  Nested Loop  (cost=140783.51..210327.94 rows=8316 width=64) (actual time=2106.399..3147.359 rows=161027 loops=3)
                     ->  Nested Loop  (cost=140783.09..208504.03 rows=3393 width=56) (actual time=2105.817..2981.678 rows=57856 loops=3)
                           Join Filter: (ci.movie_id = t.id)
                           ->  Nested Loop  (cost=140782.66..206719.92 rows=3393 width=47) (actual time=2105.794..2834.455 rows=57856 loops=3)
                                 ->  Nested Loop  (cost=140782.23..202181.65 rows=7009 width=35) (actual time=2105.773..2642.466 rows=63155 loops=3)
                                       ->  Hash Join  (cost=140781.80..179531.73 rows=30299 width=16) (actual time=2105.740..2452.616 rows=63185 loops=3)
                                             Hash Cond: (mc.movie_id = ci.movie_id)
                                             ->  Parallel Hash Join  (cost=5351.77..37866.93 rows=395644 width=4) (actual time=24.115..251.397 rows=384599 loops=3)
                                                   Hash Cond: (mc.company_id = cn.id)
                                                   ->  Parallel Seq Scan on movie_companies mc  (cost=0.00..29661.37 rows=1087137 width=8) (actual time=0.015..77.017 rows=869710 loops=3)
                                                   ->  Parallel Hash  (cost=4722.92..4722.92 rows=50308 width=4) (actual time=23.560..23.561 rows=28281 loops=3)
                                                         Buckets: 131072  Batches: 1  Memory Usage: 4352kB
                                                         ->  Parallel Seq Scan on company_name cn  (cost=0.00..4722.92 rows=50308 width=4) (actual time=0.023..16.493 rows=28281 loops=3)
                                                               Filter: ((country_code)::text = '[us]'::text)
                                                               Rows Removed by Filter: 50051
                                             ->  Hash  (cost=134124.20..134124.20 rows=75106 width=12) (actual time=2080.701..2080.701 rows=276166 loops=3)
                                                   Buckets: 131072 (originally 131072)  Batches: 4 (originally 2)  Memory Usage: 3984kB
                                                   ->  Nested Loop  (cost=0.56..134124.20 rows=75106 width=12) (actual time=0.197..2026.215 rows=276166 loops=3)
                                                         ->  Seq Scan on role_type rt  (cost=0.00..1.15 rows=1 width=4) (actual time=0.017..0.020 rows=1 loops=3)
                                                               Filter: ((role)::text = 'actress'::text)
                                                               Rows Removed by Filter: 11
                                                         ->  Index Scan using role_id_cast_info on cast_info ci  (cost=0.56..133303.71 rows=81934 width=16) (actual time=0.177..2003.195 rows=276166 loops=3)
                                                               Index Cond: (role_id = rt.id)
                                                               Filter: ((note)::text = ANY ('{(voice),"(voice: Japanese version)","(voice) (uncredited)","(voice: English version)"}'::text[]))
                                                               Rows Removed by Filter: 7175807
                                       ->  Index Scan using name_pkey on name n  (cost=0.43..0.75 rows=1 width=19) (actual time=0.003..0.003 rows=1 loops=189554)
                                             Index Cond: (id = ci.person_id)
                                             Filter: ((gender)::text = 'f'::text)
                                             Rows Removed by Filter: 0
                                 ->  Index Scan using char_name_pkey on char_name chn  (cost=0.43..0.65 rows=1 width=20) (actual time=0.003..0.003 rows=1 loops=189464)
                                       Index Cond: (id = ci.person_role_id)
                           ->  Index Scan using title_pkey on title t  (cost=0.43..0.51 rows=1 width=21) (actual time=0.002..0.002 rows=1 loops=173567)
                                 Index Cond: (id = mc.movie_id)
                     ->  Index Scan using person_id_aka_name on aka_name an  (cost=0.42..0.52 rows=2 width=20) (actual time=0.002..0.002 rows=3 loops=173567)
                           Index Cond: (person_id = n.id)
 Planning Time: 7.476 ms
 Execution Time: 3815.390 ms
(42 rows)

