SET
                                                                                         QUERY PLAN                                                                                         
--------------------------------------------------------------------------------------------------------------------------------------------------------------------------------------------
 Finalize Aggregate  (cost=46680.35..46680.36 rows=1 width=64) (actual time=445.957..445.957 rows=1 loops=1)
   ->  Gather  (cost=46680.13..46680.34 rows=2 width=64) (actual time=445.825..457.684 rows=3 loops=1)
         Workers Planned: 2
         Workers Launched: 2
         ->  Partial Aggregate  (cost=45680.13..45680.14 rows=1 width=64) (actual time=442.840..442.840 rows=1 loops=3)
               ->  Nested Loop  (cost=4736.00..45680.12 rows=2 width=33) (actual time=79.416..442.803 rows=35 loops=3)
                     ->  Nested Loop  (cost=4735.87..45679.82 rows=2 width=37) (actual time=79.380..442.687 rows=35 loops=3)
                           ->  Hash Join  (cost=4735.44..45655.14 rows=5 width=25) (actual time=79.331..442.258 rows=37 loops=3)
                                 Hash Cond: (ci.role_id = rt.id)
                                 ->  Nested Loop  (cost=4734.28..45653.76 rows=62 width=29) (actual time=77.486..442.141 rows=50 loops=3)
                                       Join Filter: (t.id = ci.movie_id)
                                       ->  Nested Loop  (cost=4733.71..40613.13 rows=2585 width=29) (actual time=17.617..203.102 rows=1513 loops=3)
                                             ->  Parallel Hash Join  (cost=4733.28..37248.44 rows=6523 width=8) (actual time=17.485..179.366 rows=2930 loops=3)
                                                   Hash Cond: (mc.company_id = cn.id)
                                                   ->  Parallel Seq Scan on movie_companies mc  (cost=0.00..29661.37 rows=1087137 width=12) (actual time=0.019..77.552 rows=869710 loops=3)
                                                   ->  Parallel Hash  (cost=4722.92..4722.92 rows=829 width=4) (actual time=16.901..16.902 rows=454 loops=3)
                                                         Buckets: 2048  Batches: 1  Memory Usage: 112kB
                                                         ->  Parallel Seq Scan on company_name cn  (cost=0.00..4722.92 rows=829 width=4) (actual time=0.035..16.718 rows=454 loops=3)
                                                               Filter: ((country_code)::text = '[ru]'::text)
                                                               Rows Removed by Filter: 77879
                                             ->  Index Scan using title_pkey on title t  (cost=0.43..0.52 rows=1 width=21) (actual time=0.008..0.008 rows=1 loops=8790)
                                                   Index Cond: (id = mc.movie_id)
                                                   Filter: (production_year > 2005)
                                                   Rows Removed by Filter: 0
                                       ->  Index Scan using movie_id_cast_info on cast_info ci  (cost=0.56..1.94 rows=1 width=12) (actual time=0.148..0.158 rows=0 loops=4539)
                                             Index Cond: (movie_id = mc.movie_id)
                                             Filter: (((note)::text ~~ '%(voice)%'::text) AND ((note)::text ~~ '%(uncredited)%'::text))
                                             Rows Removed by Filter: 50
                                 ->  Hash  (cost=1.15..1.15 rows=1 width=4) (actual time=0.024..0.024 rows=1 loops=3)
                                       Buckets: 1024  Batches: 1  Memory Usage: 9kB
                                       ->  Seq Scan on role_type rt  (cost=0.00..1.15 rows=1 width=4) (actual time=0.018..0.020 rows=1 loops=3)
                                             Filter: ((role)::text = 'actor'::text)
                                             Rows Removed by Filter: 11
                           ->  Index Scan using char_name_pkey on char_name chn  (cost=0.43..4.94 rows=1 width=20) (actual time=0.011..0.011 rows=1 loops=112)
                                 Index Cond: (id = ci.person_role_id)
                     ->  Index Only Scan using company_type_pkey on company_type ct  (cost=0.13..0.15 rows=1 width=4) (actual time=0.002..0.002 rows=1 loops=104)
                           Index Cond: (id = mc.company_type_id)
                           Heap Fetches: 104
 Planning Time: 4.490 ms
 Execution Time: 457.912 ms
(40 rows)

SET
                                                                                         QUERY PLAN                                                                                         
--------------------------------------------------------------------------------------------------------------------------------------------------------------------------------------------
 Finalize Aggregate  (cost=43581.05..43581.06 rows=1 width=64) (actual time=269.642..269.642 rows=1 loops=1)
   ->  Gather  (cost=43580.83..43581.04 rows=2 width=64) (actual time=269.540..275.468 rows=3 loops=1)
         Workers Planned: 2
         Workers Launched: 2
         ->  Partial Aggregate  (cost=42580.83..42580.84 rows=1 width=64) (actual time=266.904..266.904 rows=1 loops=3)
               ->  Hash Join  (cost=4736.96..42580.54 rows=58 width=33) (actual time=266.900..266.901 rows=0 loops=3)
                     Hash Cond: (mc.company_type_id = ct.id)
                     ->  Nested Loop  (cost=4735.87..42579.14 rows=58 width=37) (actual time=266.826..266.826 rows=0 loops=3)
                           ->  Hash Join  (cost=4735.44..42510.24 rows=119 width=25) (actual time=266.825..266.825 rows=0 loops=3)
                                 Hash Cond: (ci.role_id = rt.id)
                                 ->  Nested Loop  (cost=4734.28..42504.02 rows=1424 width=29) (actual time=18.159..266.702 rows=871 loops=3)
                                       Join Filter: (t.id = ci.movie_id)
                                       ->  Nested Loop  (cost=4733.71..40613.13 rows=1018 width=29) (actual time=17.286..201.367 rows=420 loops=3)
                                             ->  Parallel Hash Join  (cost=4733.28..37248.44 rows=6523 width=8) (actual time=16.043..175.663 rows=2930 loops=3)
                                                   Hash Cond: (mc.company_id = cn.id)
                                                   ->  Parallel Seq Scan on movie_companies mc  (cost=0.00..29661.37 rows=1087137 width=12) (actual time=0.015..76.646 rows=869710 loops=3)
                                                   ->  Parallel Hash  (cost=4722.92..4722.92 rows=829 width=4) (actual time=15.600..15.600 rows=454 loops=3)
                                                         Buckets: 2048  Batches: 1  Memory Usage: 112kB
                                                         ->  Parallel Seq Scan on company_name cn  (cost=0.00..4722.92 rows=829 width=4) (actual time=0.036..15.433 rows=454 loops=3)
                                                               Filter: ((country_code)::text = '[ru]'::text)
                                                               Rows Removed by Filter: 77879
                                             ->  Index Scan using title_pkey on title t  (cost=0.43..0.52 rows=1 width=21) (actual time=0.008..0.008 rows=0 loops=8790)
                                                   Index Cond: (id = mc.movie_id)
                                                   Filter: (production_year > 2010)
                                                   Rows Removed by Filter: 1
                                       ->  Index Scan using movie_id_cast_info on cast_info ci  (cost=0.56..1.84 rows=1 width=12) (actual time=0.082..0.155 rows=2 loops=1259)
                                             Index Cond: (movie_id = mc.movie_id)
                                             Filter: ((note)::text ~~ '%(producer)%'::text)
                                             Rows Removed by Filter: 44
                                 ->  Hash  (cost=1.15..1.15 rows=1 width=4) (actual time=0.016..0.016 rows=1 loops=3)
                                       Buckets: 1024  Batches: 1  Memory Usage: 9kB
                                       ->  Seq Scan on role_type rt  (cost=0.00..1.15 rows=1 width=4) (actual time=0.012..0.013 rows=1 loops=3)
                                             Filter: ((role)::text = 'actor'::text)
                                             Rows Removed by Filter: 11
                           ->  Index Scan using char_name_pkey on char_name chn  (cost=0.43..0.58 rows=1 width=20) (never executed)
                                 Index Cond: (id = ci.person_role_id)
                     ->  Hash  (cost=1.04..1.04 rows=4 width=4) (actual time=0.022..0.023 rows=4 loops=3)
                           Buckets: 1024  Batches: 1  Memory Usage: 9kB
                           ->  Seq Scan on company_type ct  (cost=0.00..1.04 rows=4 width=4) (actual time=0.017..0.018 rows=4 loops=3)
 Planning Time: 4.312 ms
 Execution Time: 275.694 ms
(41 rows)

SET
                                                                                            QUERY PLAN                                                                                            
--------------------------------------------------------------------------------------------------------------------------------------------------------------------------------------------------
 Finalize Aggregate  (cost=652454.39..652454.40 rows=1 width=64) (actual time=2635.774..2635.775 rows=1 loops=1)
   ->  Gather  (cost=652454.17..652454.38 rows=2 width=64) (actual time=2633.399..2696.558 rows=3 loops=1)
         Workers Planned: 2
         Workers Launched: 2
         ->  Partial Aggregate  (cost=651454.17..651454.18 rows=1 width=64) (actual time=2630.900..2630.900 rows=1 loops=3)
               ->  Hash Join  (cost=186238.47..650533.03 rows=184228 width=33) (actual time=2618.842..2630.887 rows=3 loops=3)
                     Hash Cond: (ci.role_id = rt.id)
                     ->  Hash Join  (cost=186237.20..649877.37 rows=184228 width=37) (actual time=2618.719..2630.762 rows=3 loops=3)
                           Hash Cond: (mc.company_type_id = ct.id)
                           ->  Parallel Hash Join  (cost=186236.11..648880.30 rows=184228 width=41) (actual time=2618.695..2630.735 rows=3 loops=3)
                                 Hash Cond: (ci.movie_id = t.id)
                                 ->  Parallel Hash Join  (cost=73555.68..529761.99 rows=276569 width=24) (actual time=1824.160..1862.166 rows=5 loops=3)
                                       Hash Cond: (ci.person_role_id = chn.id)
                                       ->  Parallel Seq Scan on cast_info ci  (cost=0.00..441459.62 rows=571306 width=12) (actual time=212.801..1406.163 rows=478480 loops=3)
                                             Filter: ((note)::text ~~ '%(producer)%'::text)
                                             Rows Removed by Filter: 11602968
                                       ->  Parallel Hash  (cost=49532.75..49532.75 rows=1308475 width=20) (actual time=361.122..361.123 rows=1046780 loops=3)
                                             Buckets: 65536  Batches: 64  Memory Usage: 3232kB
                                             ->  Parallel Seq Scan on char_name chn  (cost=0.00..49532.75 rows=1308475 width=20) (actual time=0.025..130.746 rows=1046780 loops=3)
                                 ->  Parallel Hash  (cost=107416.88..107416.88 rows=272203 width=29) (actual time=752.920..752.920 rows=198750 loops=3)
                                       Buckets: 65536  Batches: 16  Memory Usage: 3008kB
                                       ->  Parallel Hash Join  (cost=44358.48..107416.88 rows=272203 width=29) (actual time=564.815..711.037 rows=198750 loops=3)
                                             Hash Cond: (t.id = mc.movie_id)
                                             ->  Parallel Seq Scan on title t  (cost=0.00..49166.29 rows=724782 width=21) (actual time=0.022..128.222 rows=583011 loops=3)
                                                   Filter: (production_year > 1990)
                                                   Rows Removed by Filter: 259760
                                             ->  Parallel Hash  (cost=37866.93..37866.93 rows=395644 width=8) (actual time=309.805..309.805 rows=384599 loops=3)
                                                   Buckets: 131072  Batches: 16  Memory Usage: 3904kB
                                                   ->  Parallel Hash Join  (cost=5351.77..37866.93 rows=395644 width=8) (actual time=25.083..252.851 rows=384599 loops=3)
                                                         Hash Cond: (mc.company_id = cn.id)
                                                         ->  Parallel Seq Scan on movie_companies mc  (cost=0.00..29661.37 rows=1087137 width=12) (actual time=0.018..78.374 rows=869710 loops=3)
                                                         ->  Parallel Hash  (cost=4722.92..4722.92 rows=50308 width=4) (actual time=24.805..24.805 rows=28281 loops=3)
                                                               Buckets: 131072  Batches: 1  Memory Usage: 4416kB
                                                               ->  Parallel Seq Scan on company_name cn  (cost=0.00..4722.92 rows=50308 width=4) (actual time=0.020..17.410 rows=28281 loops=3)
                                                                     Filter: ((country_code)::text = '[us]'::text)
                                                                     Rows Removed by Filter: 50051
                           ->  Hash  (cost=1.04..1.04 rows=4 width=4) (actual time=0.009..0.009 rows=4 loops=3)
                                 Buckets: 1024  Batches: 1  Memory Usage: 9kB
                                 ->  Seq Scan on company_type ct  (cost=0.00..1.04 rows=4 width=4) (actual time=0.006..0.006 rows=4 loops=3)
                     ->  Hash  (cost=1.12..1.12 rows=12 width=4) (actual time=0.018..0.018 rows=12 loops=3)
                           Buckets: 1024  Batches: 1  Memory Usage: 9kB
                           ->  Seq Scan on role_type rt  (cost=0.00..1.12 rows=12 width=4) (actual time=0.011..0.013 rows=12 loops=3)
 Planning Time: 4.239 ms
 Execution Time: 2698.259 ms
(44 rows)

SET
                                                                                      QUERY PLAN                                                                                       
---------------------------------------------------------------------------------------------------------------------------------------------------------------------------------------
 Aggregate  (cost=3751.33..3751.34 rows=1 width=96) (actual time=100.278..100.278 rows=1 loops=1)
   ->  Nested Loop  (cost=8.32..3751.32 rows=1 width=118) (actual time=3.960..100.196 rows=310 loops=1)
         Join Filter: (ml.movie_id = t.id)
         ->  Nested Loop  (cost=7.89..3750.82 rows=1 width=113) (actual time=3.930..99.354 rows=402 loops=1)
               Join Filter: (mc.company_type_id = ct.id)
               Rows Removed by Join Filter: 20
               ->  Nested Loop  (cost=7.89..3749.75 rows=1 width=117) (actual time=3.925..98.931 rows=422 loops=1)
                     ->  Nested Loop  (cost=7.47..3749.30 rows=1 width=102) (actual time=3.460..96.534 rows=1021 loops=1)
                           Join Filter: (ml.movie_id = mc.movie_id)
                           ->  Nested Loop  (cost=7.04..3748.73 rows=1 width=90) (actual time=3.427..95.288 rows=199 loops=1)
                                 Join Filter: (ml.link_type_id = lt.id)
                                 Rows Removed by Join Filter: 303
                                 ->  Seq Scan on link_type lt  (cost=0.00..1.23 rows=1 width=86) (actual time=0.020..0.025 rows=2 loops=1)
                                       Filter: ((link)::text ~~ '%follow%'::text)
                                       Rows Removed by Filter: 16
                                 ->  Nested Loop  (cost=7.04..3747.37 rows=11 width=12) (actual time=3.040..47.603 rows=251 loops=2)
                                       ->  Nested Loop  (cost=6.75..3732.91 rows=34 width=4) (actual time=3.033..37.970 rows=10544 loops=2)
                                             ->  Seq Scan on keyword k  (cost=0.00..2626.12 rows=1 width=4) (actual time=0.748..12.211 rows=1 loops=2)
                                                   Filter: ((keyword)::text = 'sequel'::text)
                                                   Rows Removed by Filter: 134169
                                             ->  Bitmap Heap Scan on movie_keyword mk  (cost=6.75..1103.80 rows=299 width=8) (actual time=2.266..24.742 rows=10544 loops=2)
                                                   Recheck Cond: (keyword_id = k.id)
                                                   Heap Blocks: exact=11140
                                                   ->  Bitmap Index Scan on keyword_id_movie_keyword  (cost=0.00..6.67 rows=299 width=0) (actual time=1.350..1.350 rows=10544 loops=2)
                                                         Index Cond: (keyword_id = k.id)
                                       ->  Index Scan using movie_id_movie_link on movie_link ml  (cost=0.29..0.38 rows=5 width=8) (actual time=0.001..0.001 rows=0 loops=21088)
                                             Index Cond: (movie_id = mk.movie_id)
                           ->  Index Scan using movie_id_movie_companies on movie_companies mc  (cost=0.43..0.54 rows=2 width=12) (actual time=0.004..0.005 rows=5 loops=199)
                                 Index Cond: (movie_id = mk.movie_id)
                                 Filter: (note IS NULL)
                                 Rows Removed by Filter: 2
                     ->  Index Scan using company_name_pkey on company_name cn  (cost=0.42..0.46 rows=1 width=23) (actual time=0.002..0.002 rows=0 loops=1021)
                           Index Cond: (id = mc.company_id)
                           Filter: (((country_code)::text <> '[pl]'::text) AND (((name)::text ~~ '%Film%'::text) OR ((name)::text ~~ '%Warner%'::text)))
                           Rows Removed by Filter: 1
               ->  Seq Scan on company_type ct  (cost=0.00..1.05 rows=1 width=4) (actual time=0.000..0.000 rows=1 loops=422)
                     Filter: ((kind)::text = 'production companies'::text)
                     Rows Removed by Filter: 1
         ->  Index Scan using title_pkey on title t  (cost=0.43..0.49 rows=1 width=21) (actual time=0.002..0.002 rows=1 loops=402)
               Index Cond: (id = mk.movie_id)
               Filter: ((production_year >= 1950) AND (production_year <= 2000))
               Rows Removed by Filter: 0
 Planning Time: 6.801 ms
 Execution Time: 100.507 ms
(44 rows)

SET
                                                                                      QUERY PLAN                                                                                       
---------------------------------------------------------------------------------------------------------------------------------------------------------------------------------------
 Aggregate  (cost=3751.33..3751.34 rows=1 width=96) (actual time=33.845..33.845 rows=1 loops=1)
   ->  Nested Loop  (cost=8.32..3751.32 rows=1 width=118) (actual time=4.713..33.831 rows=14 loops=1)
         Join Filter: (ml.movie_id = t.id)
         ->  Nested Loop  (cost=7.89..3750.82 rows=1 width=113) (actual time=3.413..33.614 rows=102 loops=1)
               Join Filter: (mc.company_type_id = ct.id)
               Rows Removed by Join Filter: 1
               ->  Nested Loop  (cost=7.89..3749.75 rows=1 width=117) (actual time=3.409..33.511 rows=103 loops=1)
                     ->  Nested Loop  (cost=7.47..3749.30 rows=1 width=102) (actual time=3.098..32.677 rows=288 loops=1)
                           Join Filter: (ml.movie_id = mc.movie_id)
                           ->  Nested Loop  (cost=7.04..3748.73 rows=1 width=90) (actual time=3.082..32.230 rows=64 loops=1)
                                 Join Filter: (ml.link_type_id = lt.id)
                                 Rows Removed by Join Filter: 187
                                 ->  Seq Scan on link_type lt  (cost=0.00..1.23 rows=1 width=86) (actual time=0.011..0.014 rows=1 loops=1)
                                       Filter: ((link)::text ~~ '%follows%'::text)
                                       Rows Removed by Filter: 17
                                 ->  Nested Loop  (cost=7.04..3747.37 rows=11 width=12) (actual time=3.067..32.191 rows=251 loops=1)
                                       ->  Nested Loop  (cost=6.75..3732.91 rows=34 width=4) (actual time=3.059..23.218 rows=10544 loops=1)
                                             ->  Seq Scan on keyword k  (cost=0.00..2626.12 rows=1 width=4) (actual time=0.751..10.042 rows=1 loops=1)
                                                   Filter: ((keyword)::text = 'sequel'::text)
                                                   Rows Removed by Filter: 134169
                                             ->  Bitmap Heap Scan on movie_keyword mk  (cost=6.75..1103.80 rows=299 width=8) (actual time=2.304..12.217 rows=10544 loops=1)
                                                   Recheck Cond: (keyword_id = k.id)
                                                   Heap Blocks: exact=5570
                                                   ->  Bitmap Index Scan on keyword_id_movie_keyword  (cost=0.00..6.67 rows=299 width=0) (actual time=1.380..1.380 rows=10544 loops=1)
                                                         Index Cond: (keyword_id = k.id)
                                       ->  Index Scan using movie_id_movie_link on movie_link ml  (cost=0.29..0.38 rows=5 width=8) (actual time=0.001..0.001 rows=0 loops=10544)
                                             Index Cond: (movie_id = mk.movie_id)
                           ->  Index Scan using movie_id_movie_companies on movie_companies mc  (cost=0.43..0.54 rows=2 width=12) (actual time=0.005..0.006 rows=4 loops=64)
                                 Index Cond: (movie_id = mk.movie_id)
                                 Filter: (note IS NULL)
                                 Rows Removed by Filter: 2
                     ->  Index Scan using company_name_pkey on company_name cn  (cost=0.42..0.46 rows=1 width=23) (actual time=0.003..0.003 rows=0 loops=288)
                           Index Cond: (id = mc.company_id)
                           Filter: (((country_code)::text <> '[pl]'::text) AND (((name)::text ~~ '%Film%'::text) OR ((name)::text ~~ '%Warner%'::text)))
                           Rows Removed by Filter: 1
               ->  Seq Scan on company_type ct  (cost=0.00..1.05 rows=1 width=4) (actual time=0.000..0.000 rows=1 loops=103)
                     Filter: ((kind)::text = 'production companies'::text)
                     Rows Removed by Filter: 1
         ->  Index Scan using title_pkey on title t  (cost=0.43..0.49 rows=1 width=21) (actual time=0.002..0.002 rows=0 loops=102)
               Index Cond: (id = mk.movie_id)
               Filter: (((title)::text ~~ '%Money%'::text) AND (production_year = 1998))
               Rows Removed by Filter: 1
 Planning Time: 6.618 ms
 Execution Time: 34.051 ms
(44 rows)

SET
                                                                                      QUERY PLAN                                                                                       
---------------------------------------------------------------------------------------------------------------------------------------------------------------------------------------
 Aggregate  (cost=6166.44..6166.45 rows=1 width=96) (actual time=223.278..223.279 rows=1 loops=1)
   ->  Nested Loop  (cost=8.32..6166.44 rows=1 width=60) (actual time=3.550..221.635 rows=6946 loops=1)
         Join Filter: (ml.movie_id = t.id)
         ->  Nested Loop  (cost=7.89..6165.94 rows=1 width=55) (actual time=3.531..210.047 rows=6946 loops=1)
               Join Filter: (ml.link_type_id = lt.id)
               Rows Removed by Join Filter: 42158
               ->  Nested Loop  (cost=7.89..6164.53 rows=1 width=59) (actual time=3.521..197.182 rows=6946 loops=1)
                     ->  Nested Loop  (cost=7.47..6137.17 rows=60 width=44) (actual time=3.170..170.864 rows=14916 loops=1)
                           Join Filter: (mc.company_type_id = ct.id)
                           Rows Removed by Join Filter: 1782
                           ->  Nested Loop  (cost=7.47..6133.01 rows=79 width=48) (actual time=3.161..167.082 rows=15510 loops=1)
                                 Join Filter: (ml.movie_id = mc.movie_id)
                                 ->  Nested Loop  (cost=7.04..6115.09 rows=31 width=12) (actual time=3.138..158.111 rows=1460 loops=1)
                                       ->  Nested Loop  (cost=6.75..6072.14 rows=101 width=4) (actual time=3.131..115.757 rows=47403 loops=1)
                                             ->  Seq Scan on keyword k  (cost=0.00..2793.84 rows=3 width=4) (actual time=0.815..17.292 rows=3 loops=1)
                                                   Filter: ((keyword)::text = ANY ('{sequel,revenge,based-on-novel}'::text[]))
                                                   Rows Removed by Filter: 134167
                                             ->  Bitmap Heap Scan on movie_keyword mk  (cost=6.75..1089.78 rows=299 width=8) (actual time=3.279..31.263 rows=15801 loops=3)
                                                   Recheck Cond: (keyword_id = k.id)
                                                   Heap Blocks: exact=23953
                                                   ->  Bitmap Index Scan on keyword_id_movie_keyword  (cost=0.00..6.67 rows=299 width=0) (actual time=1.910..1.910 rows=15801 loops=3)
                                                         Index Cond: (keyword_id = k.id)
                                       ->  Index Scan using movie_id_movie_link on movie_link ml  (cost=0.29..0.38 rows=5 width=8) (actual time=0.001..0.001 rows=0 loops=47403)
                                             Index Cond: (movie_id = mk.movie_id)
                                 ->  Index Scan using movie_id_movie_companies on movie_companies mc  (cost=0.43..0.54 rows=3 width=36) (actual time=0.002..0.005 rows=11 loops=1460)
                                       Index Cond: (movie_id = mk.movie_id)
                                       Filter: (note IS NOT NULL)
                                       Rows Removed by Filter: 2
                           ->  Materialize  (cost=0.00..1.06 rows=3 width=4) (actual time=0.000..0.000 rows=1 loops=15510)
                                 ->  Seq Scan on company_type ct  (cost=0.00..1.05 rows=3 width=4) (actual time=0.004..0.006 rows=3 loops=1)
                                       Filter: ((kind IS NOT NULL) AND ((kind)::text <> 'production companies'::text))
                                       Rows Removed by Filter: 1
                     ->  Index Scan using company_name_pkey on company_name cn  (cost=0.42..0.46 rows=1 width=23) (actual time=0.002..0.002 rows=0 loops=14916)
                           Index Cond: (id = mc.company_id)
                           Filter: (((country_code)::text <> '[pl]'::text) AND (((name)::text ~~ '20th Century Fox%'::text) OR ((name)::text ~~ 'Twentieth Century Fox%'::text)))
                           Rows Removed by Filter: 1
               ->  Seq Scan on link_type lt  (cost=0.00..1.18 rows=18 width=4) (actual time=0.001..0.001 rows=7 loops=6946)
         ->  Index Scan using title_pkey on title t  (cost=0.43..0.49 rows=1 width=21) (actual time=0.001..0.001 rows=1 loops=6946)
               Index Cond: (id = mk.movie_id)
               Filter: (production_year > 1950)
 Planning Time: 6.564 ms
 Execution Time: 223.450 ms
(42 rows)

SET
                                                                                      QUERY PLAN                                                                                       
---------------------------------------------------------------------------------------------------------------------------------------------------------------------------------------
 Aggregate  (cost=6183.65..6183.66 rows=1 width=96) (actual time=200.305..200.306 rows=1 loops=1)
   ->  Nested Loop  (cost=8.32..6183.29 rows=48 width=60) (actual time=3.177..197.175 rows=14899 loops=1)
         ->  Nested Loop  (cost=7.90..6158.94 rows=54 width=45) (actual time=3.170..173.495 rows=14916 loops=1)
               Join Filter: (mc.company_type_id = ct.id)
               Rows Removed by Join Filter: 1782
               ->  Nested Loop  (cost=7.90..6155.09 rows=71 width=49) (actual time=3.165..170.077 rows=15510 loops=1)
                     Join Filter: (ml.movie_id = mc.movie_id)
                     ->  Nested Loop  (cost=7.47..6138.91 rows=28 width=29) (actual time=3.155..162.039 rows=1460 loops=1)
                           Join Filter: (ml.link_type_id = lt.id)
                           Rows Removed by Join Filter: 10576
                           ->  Nested Loop  (cost=7.47..6130.60 rows=28 width=33) (actual time=3.142..160.528 rows=1460 loops=1)
                                 Join Filter: (ml.movie_id = t.id)
                                 ->  Nested Loop  (cost=7.04..6115.09 rows=31 width=12) (actual time=3.118..156.827 rows=1460 loops=1)
                                       ->  Nested Loop  (cost=6.75..6072.14 rows=101 width=4) (actual time=3.111..114.355 rows=47403 loops=1)
                                             ->  Seq Scan on keyword k  (cost=0.00..2793.84 rows=3 width=4) (actual time=0.813..20.135 rows=3 loops=1)
                                                   Filter: ((keyword)::text = ANY ('{sequel,revenge,based-on-novel}'::text[]))
                                                   Rows Removed by Filter: 134167
                                             ->  Bitmap Heap Scan on movie_keyword mk  (cost=6.75..1089.78 rows=299 width=8) (actual time=3.250..29.865 rows=15801 loops=3)
                                                   Recheck Cond: (keyword_id = k.id)
                                                   Heap Blocks: exact=23953
                                                   ->  Bitmap Index Scan on keyword_id_movie_keyword  (cost=0.00..6.67 rows=299 width=0) (actual time=1.894..1.894 rows=15801 loops=3)
                                                         Index Cond: (keyword_id = k.id)
                                       ->  Index Scan using movie_id_movie_link on movie_link ml  (cost=0.29..0.38 rows=5 width=8) (actual time=0.001..0.001 rows=0 loops=47403)
                                             Index Cond: (movie_id = mk.movie_id)
                                 ->  Index Scan using title_pkey on title t  (cost=0.43..0.49 rows=1 width=21) (actual time=0.002..0.002 rows=1 loops=1460)
                                       Index Cond: (id = mk.movie_id)
                                       Filter: (production_year > 1950)
                           ->  Materialize  (cost=0.00..1.27 rows=18 width=4) (actual time=0.000..0.000 rows=8 loops=1460)
                                 ->  Seq Scan on link_type lt  (cost=0.00..1.18 rows=18 width=4) (actual time=0.008..0.010 rows=16 loops=1)
                     ->  Index Scan using movie_id_movie_companies on movie_companies mc  (cost=0.43..0.54 rows=3 width=36) (actual time=0.002..0.004 rows=11 loops=1460)
                           Index Cond: (movie_id = mk.movie_id)
                           Filter: (note IS NOT NULL)
                           Rows Removed by Filter: 2
               ->  Materialize  (cost=0.00..1.06 rows=3 width=4) (actual time=0.000..0.000 rows=1 loops=15510)
                     ->  Seq Scan on company_type ct  (cost=0.00..1.05 rows=3 width=4) (actual time=0.003..0.004 rows=3 loops=1)
                           Filter: ((kind IS NOT NULL) AND ((kind)::text <> 'production companies'::text))
                           Rows Removed by Filter: 1
         ->  Index Scan using company_name_pkey on company_name cn  (cost=0.42..0.45 rows=1 width=23) (actual time=0.001..0.001 rows=1 loops=14916)
               Index Cond: (id = mc.company_id)
               Filter: ((country_code)::text <> '[pl]'::text)
               Rows Removed by Filter: 0
 Planning Time: 7.003 ms
 Execution Time: 200.489 ms
(43 rows)

SET
                                                                                            QUERY PLAN                                                                                            
--------------------------------------------------------------------------------------------------------------------------------------------------------------------------------------------------
 Aggregate  (cost=16845.82..16845.83 rows=1 width=96) (actual time=206.394..206.394 rows=1 loops=1)
   ->  Gather  (cost=1005.35..16845.81 rows=1 width=42) (actual time=36.392..211.755 rows=397 loops=1)
         Workers Planned: 2
         Workers Launched: 2
         ->  Nested Loop  (cost=5.34..15845.71 rows=1 width=42) (actual time=22.246..203.532 rows=132 loops=3)
               ->  Nested Loop  (cost=5.20..15844.23 rows=9 width=46) (actual time=22.237..203.298 rows=132 loops=3)
                     Join Filter: (t.id = mi.movie_id)
                     ->  Nested Loop  (cost=4.77..15820.25 rows=15 width=54) (actual time=1.068..156.280 rows=1891 loops=3)
                           ->  Nested Loop  (cost=4.35..15801.98 rows=41 width=39) (actual time=1.028..146.586 rows=2203 loops=3)
                                 Join Filter: (mi_idx.movie_id = t.id)
                                 ->  Hash Join  (cost=3.92..15677.77 rows=234 width=18) (actual time=0.181..99.114 rows=8078 loops=3)
                                       Hash Cond: (mc.company_type_id = ct.id)
                                       ->  Nested Loop  (cost=2.86..15671.64 rows=938 width=22) (actual time=0.095..96.385 rows=21569 loops=3)
                                             ->  Hash Join  (cost=2.43..15182.64 rows=187 width=10) (actual time=0.055..56.310 rows=5283 loops=3)
                                                   Hash Cond: (mi_idx.info_type_id = it2.id)
                                                   ->  Parallel Seq Scan on movie_info_idx mi_idx  (cost=0.00..15122.68 rows=21125 width=14) (actual time=0.021..54.315 rows=17543 loops=3)
                                                         Filter: ((info)::text > '8.0'::text)
                                                         Rows Removed by Filter: 442469
                                                   ->  Hash  (cost=2.41..2.41 rows=1 width=4) (actual time=0.019..0.019 rows=1 loops=3)
                                                         Buckets: 1024  Batches: 1  Memory Usage: 9kB
                                                         ->  Seq Scan on info_type it2  (cost=0.00..2.41 rows=1 width=4) (actual time=0.014..0.015 rows=1 loops=3)
                                                               Filter: ((info)::text = 'rating'::text)
                                                               Rows Removed by Filter: 112
                                             ->  Index Scan using movie_id_movie_companies on movie_companies mc  (cost=0.43..2.56 rows=5 width=12) (actual time=0.005..0.007 rows=4 loops=15849)
                                                   Index Cond: (movie_id = mi_idx.movie_id)
                                       ->  Hash  (cost=1.05..1.05 rows=1 width=4) (actual time=0.015..0.015 rows=1 loops=3)
                                             Buckets: 1024  Batches: 1  Memory Usage: 9kB
                                             ->  Seq Scan on company_type ct  (cost=0.00..1.05 rows=1 width=4) (actual time=0.010..0.011 rows=1 loops=3)
                                                   Filter: ((kind)::text = 'production companies'::text)
                                                   Rows Removed by Filter: 3
                                 ->  Index Scan using title_pkey on title t  (cost=0.43..0.52 rows=1 width=21) (actual time=0.006..0.006 rows=0 loops=24233)
                                       Index Cond: (id = mc.movie_id)
                                       Filter: ((production_year >= 2005) AND (production_year <= 2008))
                                       Rows Removed by Filter: 1
                           ->  Index Scan using company_name_pkey on company_name cn  (cost=0.42..0.45 rows=1 width=23) (actual time=0.004..0.004 rows=1 loops=6610)
                                 Index Cond: (id = mc.company_id)
                                 Filter: ((country_code)::text = '[us]'::text)
                                 Rows Removed by Filter: 0
                     ->  Index Scan using movie_id_movie_info on movie_info mi  (cost=0.43..1.59 rows=1 width=8) (actual time=0.025..0.025 rows=0 loops=5674)
                           Index Cond: (movie_id = mc.movie_id)
                           Filter: ((info)::text = ANY ('{Drama,Horror}'::text[]))
                           Rows Removed by Filter: 28
               ->  Index Scan using info_type_pkey on info_type it1  (cost=0.14..0.16 rows=1 width=4) (actual time=0.001..0.001 rows=1 loops=397)
                     Index Cond: (id = mi.info_type_id)
                     Filter: ((info)::text = 'genres'::text)
 Planning Time: 6.744 ms
 Execution Time: 212.077 ms
(47 rows)

SET
                                                                                         QUERY PLAN                                                                                          
---------------------------------------------------------------------------------------------------------------------------------------------------------------------------------------------
 Aggregate  (cost=19208.36..19208.37 rows=1 width=64) (actual time=75.705..75.705 rows=1 loops=1)
   ->  Gather  (cost=1004.41..19208.36 rows=1 width=59) (actual time=73.407..76.605 rows=10 loops=1)
         Workers Planned: 2
         Workers Launched: 2
         ->  Nested Loop  (cost=4.41..18208.26 rows=1 width=59) (actual time=70.427..71.161 rows=3 loops=3)
               ->  Nested Loop  (cost=4.27..18205.80 rows=15 width=63) (actual time=70.371..70.775 rows=403 loops=3)
                     Join Filter: (t.id = mi.movie_id)
                     ->  Nested Loop  (cost=3.84..18203.79 rows=1 width=29) (actual time=70.361..70.527 rows=3 loops=3)
                           ->  Nested Loop  (cost=3.42..18203.35 rows=1 width=33) (actual time=70.349..70.401 rows=11 loops=3)
                                 ->  Nested Loop  (cost=3.29..18203.03 rows=2 width=37) (actual time=70.338..70.378 rows=11 loops=3)
                                       Join Filter: (t.id = mc.movie_id)
                                       ->  Nested Loop  (cost=2.86..18202.37 rows=1 width=25) (actual time=70.319..70.340 rows=1 loops=3)
                                             ->  Hash Join  (cost=2.43..15253.60 rows=5089 width=4) (actual time=70.235..70.237 rows=3 loops=3)
                                                   Hash Cond: (mi_idx.info_type_id = it2.id)
                                                   ->  Parallel Seq Scan on movie_info_idx mi_idx  (cost=0.00..13685.15 rows=575015 width=8) (actual time=0.016..38.031 rows=460012 loops=3)
                                                   ->  Hash  (cost=2.41..2.41 rows=1 width=4) (actual time=0.025..0.025 rows=1 loops=3)
                                                         Buckets: 1024  Batches: 1  Memory Usage: 9kB
                                                         ->  Seq Scan on info_type it2  (cost=0.00..2.41 rows=1 width=4) (actual time=0.021..0.021 rows=1 loops=3)
                                                               Filter: ((info)::text = 'bottom 10 rank'::text)
                                                               Rows Removed by Filter: 112
                                             ->  Index Scan using title_pkey on title t  (cost=0.43..0.58 rows=1 width=21) (actual time=0.030..0.030 rows=0 loops=10)
                                                   Index Cond: (id = mi_idx.movie_id)
                                                   Filter: ((production_year > 2000) AND (((title)::text ~~ 'Birdemic%'::text) OR ((title)::text ~~ '%Movie%'::text)))
                                                   Rows Removed by Filter: 1
                                       ->  Index Scan using movie_id_movie_companies on movie_companies mc  (cost=0.43..0.59 rows=5 width=12) (actual time=0.040..0.051 rows=16 loops=2)
                                             Index Cond: (movie_id = mi_idx.movie_id)
                                 ->  Index Scan using company_type_pkey on company_type ct  (cost=0.13..0.15 rows=1 width=4) (actual time=0.002..0.002 rows=1 loops=33)
                                       Index Cond: (id = mc.company_type_id)
                                       Filter: ((kind IS NOT NULL) AND (((kind)::text = 'production companies'::text) OR ((kind)::text = 'distributors'::text)))
                           ->  Index Scan using company_name_pkey on company_name cn  (cost=0.42..0.45 rows=1 width=4) (actual time=0.011..0.011 rows=0 loops=33)
                                 Index Cond: (id = mc.company_id)
                                 Filter: ((country_code)::text = '[us]'::text)
                                 Rows Removed by Filter: 1
                     ->  Index Scan using movie_id_movie_info on movie_info mi  (cost=0.43..1.48 rows=42 width=50) (actual time=0.007..0.056 rows=121 loops=10)
                           Index Cond: (movie_id = mc.movie_id)
               ->  Index Scan using info_type_pkey on info_type it1  (cost=0.14..0.16 rows=1 width=4) (actual time=0.001..0.001 rows=0 loops=1210)
                     Index Cond: (id = mi.info_type_id)
                     Filter: ((info)::text = 'budget'::text)
                     Rows Removed by Filter: 1
 Planning Time: 7.149 ms
 Execution Time: 76.838 ms
(41 rows)

SET
                                                                                         QUERY PLAN                                                                                         
--------------------------------------------------------------------------------------------------------------------------------------------------------------------------------------------
 Aggregate  (cost=17912.37..17912.38 rows=1 width=96) (actual time=684.355..684.355 rows=1 loops=1)
   ->  Gather  (cost=1007.63..17912.35 rows=2 width=42) (actual time=3.083..687.592 rows=4711 loops=1)
         Workers Planned: 2
         Workers Launched: 2
         ->  Hash Join  (cost=7.63..16912.15 rows=1 width=42) (actual time=2.029..680.382 rows=1570 loops=3)
               Hash Cond: (mi.info_type_id = it1.id)
               ->  Nested Loop  (cost=5.20..16909.46 rows=98 width=46) (actual time=1.929..679.874 rows=1570 loops=3)
                     Join Filter: (t.id = mi.movie_id)
                     ->  Nested Loop  (cost=4.77..16679.52 rows=135 width=54) (actual time=0.360..416.728 rows=14111 loops=3)
                           ->  Hash Join  (cost=4.35..16514.65 rows=370 width=39) (actual time=0.175..343.145 rows=22822 loops=3)
                                 Hash Cond: (mc.company_type_id = ct.id)
                                 ->  Nested Loop  (cost=3.29..16505.58 rows=1482 width=43) (actual time=0.125..335.537 rows=56386 loops=3)
                                       ->  Nested Loop  (cost=2.86..16307.87 rows=296 width=31) (actual time=0.096..248.152 rows=17435 loops=3)
                                             ->  Hash Join  (cost=2.43..15347.68 rows=723 width=10) (actual time=0.052..71.885 rows=40524 loops=3)
                                                   Hash Cond: (mi_idx.info_type_id = it2.id)
                                                   ->  Parallel Seq Scan on movie_info_idx mi_idx  (cost=0.00..15122.68 rows=81724 width=14) (actual time=0.025..62.267 rows=64280 loops=3)
                                                         Filter: ((info)::text > '7.0'::text)
                                                         Rows Removed by Filter: 395732
                                                   ->  Hash  (cost=2.41..2.41 rows=1 width=4) (actual time=0.012..0.012 rows=1 loops=3)
                                                         Buckets: 1024  Batches: 1  Memory Usage: 9kB
                                                         ->  Seq Scan on info_type it2  (cost=0.00..2.41 rows=1 width=4) (actual time=0.009..0.010 rows=1 loops=3)
                                                               Filter: ((info)::text = 'rating'::text)
                                                               Rows Removed by Filter: 112
                                             ->  Index Scan using title_pkey on title t  (cost=0.43..1.33 rows=1 width=21) (actual time=0.004..0.004 rows=0 loops=121572)
                                                   Index Cond: (id = mi_idx.movie_id)
                                                   Filter: ((production_year >= 2000) AND (production_year <= 2010))
                                                   Rows Removed by Filter: 1
                                       ->  Index Scan using movie_id_movie_companies on movie_companies mc  (cost=0.43..0.62 rows=5 width=12) (actual time=0.003..0.004 rows=3 loops=52304)
                                             Index Cond: (movie_id = t.id)
                                 ->  Hash  (cost=1.05..1.05 rows=1 width=4) (actual time=0.020..0.020 rows=1 loops=3)
                                       Buckets: 1024  Batches: 1  Memory Usage: 9kB
                                       ->  Seq Scan on company_type ct  (cost=0.00..1.05 rows=1 width=4) (actual time=0.016..0.017 rows=1 loops=3)
                                             Filter: ((kind)::text = 'production companies'::text)
                                             Rows Removed by Filter: 3
                           ->  Index Scan using company_name_pkey on company_name cn  (cost=0.42..0.45 rows=1 width=23) (actual time=0.003..0.003 rows=1 loops=68466)
                                 Index Cond: (id = mc.company_id)
                                 Filter: ((country_code)::text = '[us]'::text)
                                 Rows Removed by Filter: 0
                     ->  Index Scan using movie_id_movie_info on movie_info mi  (cost=0.43..1.69 rows=1 width=8) (actual time=0.018..0.018 rows=0 loops=42332)
                           Index Cond: (movie_id = mc.movie_id)
                           Filter: ((info)::text = ANY ('{Drama,Horror,Western,Family}'::text[]))
                           Rows Removed by Filter: 29
               ->  Hash  (cost=2.41..2.41 rows=1 width=4) (actual time=0.026..0.026 rows=1 loops=3)
                     Buckets: 1024  Batches: 1  Memory Usage: 9kB
                     ->  Seq Scan on info_type it1  (cost=0.00..2.41 rows=1 width=4) (actual time=0.015..0.022 rows=1 loops=3)
                           Filter: ((info)::text = 'genres'::text)
                           Rows Removed by Filter: 112
 Planning Time: 6.562 ms
 Execution Time: 688.970 ms
(49 rows)

SET
                                                                                               QUERY PLAN                                                                                                
---------------------------------------------------------------------------------------------------------------------------------------------------------------------------------------------------------
 Finalize Aggregate  (cost=20132.55..20132.56 rows=1 width=96) (actual time=1318.273..1318.273 rows=1 loops=1)
   ->  Gather  (cost=20132.32..20132.53 rows=2 width=96) (actual time=1317.633..1322.592 rows=3 loops=1)
         Workers Planned: 2
         Workers Launched: 2
         ->  Partial Aggregate  (cost=19132.32..19132.33 rows=1 width=96) (actual time=1315.069..1315.069 rows=1 loops=3)
               ->  Hash Join  (cost=8.73..19132.25 rows=10 width=65) (actual time=268.085..1308.189 rows=37034 loops=3)
                     Hash Cond: (mi.info_type_id = it2.id)
                     ->  Nested Loop  (cost=6.30..19126.56 rows=1197 width=69) (actual time=267.985..1292.659 rows=172109 loops=3)
                           ->  Nested Loop  (cost=5.87..19055.86 rows=37 width=35) (actual time=267.953..1149.250 rows=5490 loops=3)
                                 ->  Hash Join  (cost=5.45..18649.93 rows=911 width=39) (actual time=266.890..880.388 rows=100870 loops=3)
                                       Hash Cond: (mc.company_type_id = ct.id)
                                       ->  Nested Loop  (cost=4.39..18629.17 rows=3643 width=43) (actual time=266.861..849.885 rows=257695 loops=3)
                                             ->  Hash Join  (cost=3.96..18186.75 rows=727 width=31) (actual time=266.808..599.419 rows=69960 loops=3)
                                                   Hash Cond: (t.kind_id = kt.id)
                                                   ->  Nested Loop  (cost=2.86..18164.20 rows=5089 width=35) (actual time=0.093..579.583 rows=153308 loops=3)
                                                         ->  Hash Join  (cost=2.43..15253.60 rows=5089 width=10) (actual time=0.053..110.146 rows=153308 loops=3)
                                                               Hash Cond: (miidx.info_type_id = it.id)
                                                               ->  Parallel Seq Scan on movie_info_idx miidx  (cost=0.00..13685.15 rows=575015 width=14) (actual time=0.024..43.283 rows=460012 loops=3)
                                                               ->  Hash  (cost=2.41..2.41 rows=1 width=4) (actual time=0.013..0.013 rows=1 loops=3)
                                                                     Buckets: 1024  Batches: 1  Memory Usage: 9kB
                                                                     ->  Seq Scan on info_type it  (cost=0.00..2.41 rows=1 width=4) (actual time=0.009..0.010 rows=1 loops=3)
                                                                           Filter: ((info)::text = 'rating'::text)
                                                                           Rows Removed by Filter: 112
                                                         ->  Index Scan using title_pkey on title t  (cost=0.43..0.57 rows=1 width=25) (actual time=0.003..0.003 rows=1 loops=459925)
                                                               Index Cond: (id = miidx.movie_id)
                                                   ->  Hash  (cost=1.09..1.09 rows=1 width=4) (actual time=0.012..0.013 rows=1 loops=3)
                                                         Buckets: 1024  Batches: 1  Memory Usage: 9kB
                                                         ->  Seq Scan on kind_type kt  (cost=0.00..1.09 rows=1 width=4) (actual time=0.009..0.010 rows=1 loops=3)
                                                               Filter: ((kind)::text = 'movie'::text)
                                                               Rows Removed by Filter: 6
                                             ->  Index Scan using movie_id_movie_companies on movie_companies mc  (cost=0.43..0.56 rows=5 width=12) (actual time=0.002..0.003 rows=4 loops=209880)
                                                   Index Cond: (movie_id = t.id)
                                       ->  Hash  (cost=1.05..1.05 rows=1 width=4) (actual time=0.014..0.014 rows=1 loops=3)
                                             Buckets: 1024  Batches: 1  Memory Usage: 9kB
                                             ->  Seq Scan on company_type ct  (cost=0.00..1.05 rows=1 width=4) (actual time=0.011..0.012 rows=1 loops=3)
                                                   Filter: ((kind)::text = 'production companies'::text)
                                                   Rows Removed by Filter: 3
                                 ->  Index Scan using company_name_pkey on company_name cn  (cost=0.42..0.45 rows=1 width=4) (actual time=0.002..0.002 rows=0 loops=302610)
                                       Index Cond: (id = mc.company_id)
                                       Filter: ((country_code)::text = '[de]'::text)
                                       Rows Removed by Filter: 1
                           ->  Index Scan using movie_id_movie_info on movie_info mi  (cost=0.43..1.49 rows=42 width=50) (actual time=0.005..0.022 rows=31 loops=16470)
                                 Index Cond: (movie_id = t.id)
                     ->  Hash  (cost=2.41..2.41 rows=1 width=4) (actual time=0.024..0.024 rows=1 loops=3)
                           Buckets: 1024  Batches: 1  Memory Usage: 9kB
                           ->  Seq Scan on info_type it2  (cost=0.00..2.41 rows=1 width=4) (actual time=0.013..0.020 rows=1 loops=3)
                                 Filter: ((info)::text = 'release dates'::text)
                                 Rows Removed by Filter: 112
 Planning Time: 10.239 ms
 Execution Time: 1322.859 ms
(50 rows)

SET
                                                                                            QUERY PLAN                                                                                             
---------------------------------------------------------------------------------------------------------------------------------------------------------------------------------------------------
 Aggregate  (cost=19206.33..19206.34 rows=1 width=96) (actual time=632.801..632.802 rows=1 loops=1)
   ->  Gather  (cost=1004.54..19206.32 rows=1 width=42) (actual time=281.802..638.892 rows=372 loops=1)
         Workers Planned: 2
         Workers Launched: 2
         ->  Nested Loop  (cost=4.54..18206.22 rows=1 width=42) (actual time=301.857..629.835 rows=124 loops=3)
               ->  Nested Loop  (cost=4.40..18205.87 rows=2 width=46) (actual time=301.815..629.070 rows=707 loops=3)
                     Join Filter: (t.id = mi.movie_id)
                     ->  Nested Loop  (cost=3.97..18203.87 rows=1 width=54) (actual time=301.777..628.109 rows=20 loops=3)
                           ->  Nested Loop  (cost=3.84..18203.70 rows=1 width=58) (actual time=301.719..628.014 rows=54 loops=3)
                                 ->  Nested Loop  (cost=3.42..18203.25 rows=1 width=43) (actual time=286.728..627.209 rows=104 loops=3)
                                       Join Filter: (t.id = mc.movie_id)
                                       ->  Nested Loop  (cost=2.99..18202.60 rows=1 width=31) (actual time=286.678..626.780 rows=30 loops=3)
                                             ->  Nested Loop  (cost=2.86..18202.37 rows=1 width=35) (actual time=7.793..626.571 rows=117 loops=3)
                                                   ->  Hash Join  (cost=2.43..15253.60 rows=5089 width=10) (actual time=0.131..107.518 rows=153308 loops=3)
                                                         Hash Cond: (miidx.info_type_id = it.id)
                                                         ->  Parallel Seq Scan on movie_info_idx miidx  (cost=0.00..13685.15 rows=575015 width=14) (actual time=0.021..41.434 rows=460012 loops=3)
                                                         ->  Hash  (cost=2.41..2.41 rows=1 width=4) (actual time=0.026..0.027 rows=1 loops=3)
                                                               Buckets: 1024  Batches: 1  Memory Usage: 9kB
                                                               ->  Seq Scan on info_type it  (cost=0.00..2.41 rows=1 width=4) (actual time=0.021..0.022 rows=1 loops=3)
                                                                     Filter: ((info)::text = 'rating'::text)
                                                                     Rows Removed by Filter: 112
                                                   ->  Index Scan using title_pkey on title t  (cost=0.43..0.58 rows=1 width=25) (actual time=0.003..0.003 rows=0 loops=459925)
                                                         Index Cond: (id = miidx.movie_id)
                                                         Filter: (((title)::text <> ''::text) AND (((title)::text ~~ '%Champion%'::text) OR ((title)::text ~~ '%Loser%'::text)))
                                                         Rows Removed by Filter: 1
                                             ->  Index Scan using kind_type_pkey on kind_type kt  (cost=0.13..0.18 rows=1 width=4) (actual time=0.001..0.001 rows=0 loops=352)
                                                   Index Cond: (id = t.kind_id)
                                                   Filter: ((kind)::text = 'movie'::text)
                                                   Rows Removed by Filter: 1
                                       ->  Index Scan using movie_id_movie_companies on movie_companies mc  (cost=0.43..0.59 rows=5 width=12) (actual time=0.010..0.013 rows=3 loops=90)
                                             Index Cond: (movie_id = miidx.movie_id)
                                 ->  Index Scan using company_name_pkey on company_name cn  (cost=0.42..0.45 rows=1 width=23) (actual time=0.007..0.007 rows=1 loops=313)
                                       Index Cond: (id = mc.company_id)
                                       Filter: ((country_code)::text = '[us]'::text)
                                       Rows Removed by Filter: 0
                           ->  Index Scan using company_type_pkey on company_type ct  (cost=0.13..0.15 rows=1 width=4) (actual time=0.001..0.001 rows=0 loops=161)
                                 Index Cond: (id = mc.company_type_id)
                                 Filter: ((kind)::text = 'production companies'::text)
                                 Rows Removed by Filter: 1
                     ->  Index Scan using movie_id_movie_info on movie_info mi  (cost=0.43..1.48 rows=42 width=8) (actual time=0.010..0.041 rows=35 loops=61)
                           Index Cond: (movie_id = mc.movie_id)
               ->  Index Scan using info_type_pkey on info_type it2  (cost=0.14..0.16 rows=1 width=4) (actual time=0.001..0.001 rows=0 loops=2122)
                     Index Cond: (id = mi.info_type_id)
                     Filter: ((info)::text = 'release dates'::text)
                     Rows Removed by Filter: 1
 Planning Time: 10.670 ms
 Execution Time: 639.230 ms
(47 rows)

SET
                                                                                            QUERY PLAN                                                                                             
---------------------------------------------------------------------------------------------------------------------------------------------------------------------------------------------------
 Aggregate  (cost=19206.33..19206.34 rows=1 width=96) (actual time=614.210..614.211 rows=1 loops=1)
   ->  Gather  (cost=1004.54..19206.32 rows=1 width=42) (actual time=322.519..620.168 rows=53 loops=1)
         Workers Planned: 2
         Workers Launched: 2
         ->  Nested Loop  (cost=4.54..18206.22 rows=1 width=42) (actual time=457.133..611.274 rows=18 loops=3)
               ->  Nested Loop  (cost=4.40..18205.87 rows=2 width=46) (actual time=457.105..611.179 rows=73 loops=3)
                     Join Filter: (t.id = mi.movie_id)
                     ->  Nested Loop  (cost=3.97..18203.87 rows=1 width=54) (actual time=457.067..611.034 rows=5 loops=3)
                           ->  Nested Loop  (cost=3.84..18203.70 rows=1 width=58) (actual time=457.001..611.004 rows=16 loops=3)
                                 ->  Nested Loop  (cost=3.42..18203.25 rows=1 width=43) (actual time=456.972..610.746 rows=32 loops=3)
                                       Join Filter: (t.id = mc.movie_id)
                                       ->  Nested Loop  (cost=2.99..18202.60 rows=1 width=31) (actual time=456.940..610.671 rows=10 loops=3)
                                             ->  Nested Loop  (cost=2.86..18202.37 rows=1 width=35) (actual time=25.404..610.626 rows=22 loops=3)
                                                   ->  Hash Join  (cost=2.43..15253.60 rows=5089 width=10) (actual time=0.122..106.951 rows=153308 loops=3)
                                                         Hash Cond: (miidx.info_type_id = it.id)
                                                         ->  Parallel Seq Scan on movie_info_idx miidx  (cost=0.00..13685.15 rows=575015 width=14) (actual time=0.020..41.238 rows=460012 loops=3)
                                                         ->  Hash  (cost=2.41..2.41 rows=1 width=4) (actual time=0.025..0.026 rows=1 loops=3)
                                                               Buckets: 1024  Batches: 1  Memory Usage: 9kB
                                                               ->  Seq Scan on info_type it  (cost=0.00..2.41 rows=1 width=4) (actual time=0.020..0.022 rows=1 loops=3)
                                                                     Filter: ((info)::text = 'rating'::text)
                                                                     Rows Removed by Filter: 112
                                                   ->  Index Scan using title_pkey on title t  (cost=0.43..0.58 rows=1 width=25) (actual time=0.003..0.003 rows=0 loops=459925)
                                                         Index Cond: (id = miidx.movie_id)
                                                         Filter: (((title)::text <> ''::text) AND (((title)::text ~~ 'Champion%'::text) OR ((title)::text ~~ 'Loser%'::text)))
                                                         Rows Removed by Filter: 1
                                             ->  Index Scan using kind_type_pkey on kind_type kt  (cost=0.13..0.18 rows=1 width=4) (actual time=0.002..0.002 rows=0 loops=66)
                                                   Index Cond: (id = t.kind_id)
                                                   Filter: ((kind)::text = 'movie'::text)
                                                   Rows Removed by Filter: 1
                                       ->  Index Scan using movie_id_movie_companies on movie_companies mc  (cost=0.43..0.59 rows=5 width=12) (actual time=0.005..0.007 rows=3 loops=29)
                                             Index Cond: (movie_id = miidx.movie_id)
                                 ->  Index Scan using company_name_pkey on company_name cn  (cost=0.42..0.45 rows=1 width=23) (actual time=0.008..0.008 rows=0 loops=95)
                                       Index Cond: (id = mc.company_id)
                                       Filter: ((country_code)::text = '[us]'::text)
                                       Rows Removed by Filter: 1
                           ->  Index Scan using company_type_pkey on company_type ct  (cost=0.13..0.15 rows=1 width=4) (actual time=0.002..0.002 rows=0 loops=47)
                                 Index Cond: (id = mc.company_type_id)
                                 Filter: ((kind)::text = 'production companies'::text)
                                 Rows Removed by Filter: 1
                     ->  Index Scan using movie_id_movie_info on movie_info mi  (cost=0.43..1.48 rows=42 width=8) (actual time=0.011..0.028 rows=16 loops=14)
                           Index Cond: (movie_id = mc.movie_id)
               ->  Index Scan using info_type_pkey on info_type it2  (cost=0.14..0.16 rows=1 width=4) (actual time=0.001..0.001 rows=0 loops=218)
                     Index Cond: (id = mi.info_type_id)
                     Filter: ((info)::text = 'release dates'::text)
                     Rows Removed by Filter: 1
 Planning Time: 10.665 ms
 Execution Time: 620.415 ms
(47 rows)

SET
                                                                                               QUERY PLAN                                                                                                
---------------------------------------------------------------------------------------------------------------------------------------------------------------------------------------------------------
 Finalize Aggregate  (cost=20720.69..20720.70 rows=1 width=96) (actual time=2040.591..2040.591 rows=1 loops=1)
   ->  Gather  (cost=20720.46..20720.67 rows=2 width=96) (actual time=2040.254..2044.998 rows=3 loops=1)
         Workers Planned: 2
         Workers Launched: 2
         ->  Partial Aggregate  (cost=19720.46..19720.47 rows=1 width=96) (actual time=2037.451..2037.452 rows=1 loops=3)
               ->  Hash Join  (cost=8.73..19719.76 rows=94 width=42) (actual time=267.195..1997.087 rows=223463 loops=3)
                     Hash Cond: (mi.info_type_id = it2.id)
                     ->  Nested Loop  (cost=6.30..19688.31 rows=10660 width=46) (actual time=267.083..1882.479 rows=1438861 loops=3)
                           ->  Nested Loop  (cost=5.87..19055.86 rows=331 width=54) (actual time=267.050..1171.814 rows=29098 loops=3)
                                 ->  Hash Join  (cost=5.45..18649.93 rows=911 width=39) (actual time=266.997..883.899 rows=100870 loops=3)
                                       Hash Cond: (mc.company_type_id = ct.id)
                                       ->  Nested Loop  (cost=4.39..18629.17 rows=3643 width=43) (actual time=266.969..852.292 rows=257695 loops=3)
                                             ->  Hash Join  (cost=3.96..18186.75 rows=727 width=31) (actual time=266.921..600.720 rows=69960 loops=3)
                                                   Hash Cond: (t.kind_id = kt.id)
                                                   ->  Nested Loop  (cost=2.86..18164.20 rows=5089 width=35) (actual time=0.090..580.472 rows=153308 loops=3)
                                                         ->  Hash Join  (cost=2.43..15253.60 rows=5089 width=10) (actual time=0.049..111.680 rows=153308 loops=3)
                                                               Hash Cond: (miidx.info_type_id = it.id)
                                                               ->  Parallel Seq Scan on movie_info_idx miidx  (cost=0.00..13685.15 rows=575015 width=14) (actual time=0.019..44.251 rows=460012 loops=3)
                                                               ->  Hash  (cost=2.41..2.41 rows=1 width=4) (actual time=0.014..0.015 rows=1 loops=3)
                                                                     Buckets: 1024  Batches: 1  Memory Usage: 9kB
                                                                     ->  Seq Scan on info_type it  (cost=0.00..2.41 rows=1 width=4) (actual time=0.011..0.012 rows=1 loops=3)
                                                                           Filter: ((info)::text = 'rating'::text)
                                                                           Rows Removed by Filter: 112
                                                         ->  Index Scan using title_pkey on title t  (cost=0.43..0.57 rows=1 width=25) (actual time=0.003..0.003 rows=1 loops=459925)
                                                               Index Cond: (id = miidx.movie_id)
                                                   ->  Hash  (cost=1.09..1.09 rows=1 width=4) (actual time=0.014..0.014 rows=1 loops=3)
                                                         Buckets: 1024  Batches: 1  Memory Usage: 9kB
                                                         ->  Seq Scan on kind_type kt  (cost=0.00..1.09 rows=1 width=4) (actual time=0.012..0.012 rows=1 loops=3)
                                                               Filter: ((kind)::text = 'movie'::text)
                                                               Rows Removed by Filter: 6
                                             ->  Index Scan using movie_id_movie_companies on movie_companies mc  (cost=0.43..0.56 rows=5 width=12) (actual time=0.002..0.003 rows=4 loops=209880)
                                                   Index Cond: (movie_id = t.id)
                                       ->  Hash  (cost=1.05..1.05 rows=1 width=4) (actual time=0.012..0.012 rows=1 loops=3)
                                             Buckets: 1024  Batches: 1  Memory Usage: 9kB
                                             ->  Seq Scan on company_type ct  (cost=0.00..1.05 rows=1 width=4) (actual time=0.009..0.010 rows=1 loops=3)
                                                   Filter: ((kind)::text = 'production companies'::text)
                                                   Rows Removed by Filter: 3
                                 ->  Index Scan using company_name_pkey on company_name cn  (cost=0.42..0.45 rows=1 width=23) (actual time=0.003..0.003 rows=0 loops=302610)
                                       Index Cond: (id = mc.company_id)
                                       Filter: ((country_code)::text = '[us]'::text)
                                       Rows Removed by Filter: 1
                           ->  Index Scan using movie_id_movie_info on movie_info mi  (cost=0.43..1.49 rows=42 width=8) (actual time=0.004..0.019 rows=49 loops=87293)
                                 Index Cond: (movie_id = t.id)
                     ->  Hash  (cost=2.41..2.41 rows=1 width=4) (actual time=0.027..0.027 rows=1 loops=3)
                           Buckets: 1024  Batches: 1  Memory Usage: 9kB
                           ->  Seq Scan on info_type it2  (cost=0.00..2.41 rows=1 width=4) (actual time=0.016..0.023 rows=1 loops=3)
                                 Filter: ((info)::text = 'release dates'::text)
                                 Rows Removed by Filter: 112
 Planning Time: 10.466 ms
 Execution Time: 2045.264 ms
(50 rows)

SET
                                                                                      QUERY PLAN                                                                                       
---------------------------------------------------------------------------------------------------------------------------------------------------------------------------------------
 Aggregate  (cost=7380.25..7380.26 rows=1 width=64) (actual time=426.480..426.480 rows=1 loops=1)
   ->  Nested Loop  (cost=8.04..7380.24 rows=1 width=23) (actual time=16.637..426.245 rows=761 loops=1)
         Join Filter: (mi.info_type_id = it1.id)
         Rows Removed by Join Filter: 117
         ->  Nested Loop  (cost=8.04..7377.82 rows=1 width=27) (actual time=16.631..422.888 rows=878 loops=1)
               Join Filter: (t.id = mi.movie_id)
               ->  Nested Loop  (cost=7.61..7375.92 rows=1 width=35) (actual time=16.048..334.507 rows=1147 loops=1)
                     Join Filter: (mi_idx.info_type_id = it2.id)
                     Rows Removed by Join Filter: 2233
                     ->  Seq Scan on info_type it2  (cost=0.00..2.41 rows=1 width=4) (actual time=0.012..0.014 rows=1 loops=1)
                           Filter: ((info)::text = 'rating'::text)
                           Rows Removed by Filter: 112
                     ->  Nested Loop  (cost=7.61..7373.39 rows=9 width=39) (actual time=15.647..334.110 rows=3380 loops=1)
                           Join Filter: (t.id = mi_idx.movie_id)
                           ->  Nested Loop  (cost=7.18..7371.79 rows=3 width=25) (actual time=15.618..320.378 rows=1966 loops=1)
                                 Join Filter: (t.kind_id = kt.id)
                                 Rows Removed by Join Filter: 616
                                 ->  Seq Scan on kind_type kt  (cost=0.00..1.09 rows=1 width=4) (actual time=0.013..0.014 rows=1 loops=1)
                                       Filter: ((kind)::text = 'movie'::text)
                                       Rows Removed by Filter: 6
                                 ->  Nested Loop  (cost=7.18..7370.44 rows=21 width=29) (actual time=4.818..319.954 rows=2582 loops=1)
                                       ->  Nested Loop  (cost=6.75..7304.56 rows=135 width=4) (actual time=4.553..144.868 rows=37091 loops=1)
                                             ->  Seq Scan on keyword k  (cost=0.00..2961.55 rows=4 width=4) (actual time=1.179..20.895 rows=3 loops=1)
                                                   Filter: ((keyword)::text = ANY ('{murder,murder-in-title,blood,violence}'::text[]))
                                                   Rows Removed by Filter: 134167
                                             ->  Bitmap Heap Scan on movie_keyword mk  (cost=6.75..1082.76 rows=299 width=8) (actual time=3.388..39.886 rows=12364 loops=3)
                                                   Recheck Cond: (keyword_id = k.id)
                                                   Heap Blocks: exact=26312
                                                   ->  Bitmap Index Scan on keyword_id_movie_keyword  (cost=0.00..6.67 rows=299 width=0) (actual time=1.853..1.853 rows=12364 loops=3)
                                                         Index Cond: (keyword_id = k.id)
                                       ->  Index Scan using title_pkey on title t  (cost=0.43..0.49 rows=1 width=25) (actual time=0.005..0.005 rows=0 loops=37091)
                                             Index Cond: (id = mk.movie_id)
                                             Filter: (production_year > 2010)
                                             Rows Removed by Filter: 1
                           ->  Index Scan using movie_id_movie_info_idx on movie_info_idx mi_idx  (cost=0.43..0.50 rows=3 width=14) (actual time=0.006..0.007 rows=2 loops=1966)
                                 Index Cond: (movie_id = mk.movie_id)
                                 Filter: ((info)::text < '8.5'::text)
                                 Rows Removed by Filter: 0
               ->  Index Scan using movie_id_movie_info on movie_info mi  (cost=0.43..1.87 rows=2 width=8) (actual time=0.065..0.077 rows=1 loops=1147)
                     Index Cond: (movie_id = mk.movie_id)
                     Filter: ((info)::text = ANY ('{Sweden,Norway,Germany,Denmark,Swedish,Denish,Norwegian,German,USA,American}'::text[]))
                     Rows Removed by Filter: 69
         ->  Seq Scan on info_type it1  (cost=0.00..2.41 rows=1 width=4) (actual time=0.002..0.003 rows=1 loops=878)
               Filter: ((info)::text = 'countries'::text)
               Rows Removed by Filter: 21
 Planning Time: 6.631 ms
 Execution Time: 426.643 ms
(47 rows)

SET
                                                                                              QUERY PLAN                                                                                              
------------------------------------------------------------------------------------------------------------------------------------------------------------------------------------------------------
 Aggregate  (cost=4867.25..4867.26 rows=1 width=64) (actual time=188.426..188.426 rows=1 loops=1)
   ->  Nested Loop  (cost=8.04..4867.24 rows=1 width=23) (actual time=126.286..188.416 rows=1 loops=1)
         Join Filter: (t.kind_id = kt.id)
         Rows Removed by Join Filter: 1
         ->  Nested Loop  (cost=8.04..4866.14 rows=1 width=27) (actual time=8.439..188.397 rows=2 loops=1)
               Join Filter: (mi_idx.info_type_id = it2.id)
               Rows Removed by Join Filter: 1
               ->  Nested Loop  (cost=8.04..4863.72 rows=1 width=31) (actual time=8.419..188.368 rows=3 loops=1)
                     Join Filter: (t.id = mi_idx.movie_id)
                     ->  Nested Loop  (cost=7.61..4863.21 rows=1 width=33) (actual time=8.399..188.279 rows=8 loops=1)
                           Join Filter: (mi.info_type_id = it1.id)
                           ->  Nested Loop  (cost=7.61..4860.78 rows=1 width=37) (actual time=8.393..188.242 rows=8 loops=1)
                                 Join Filter: (t.id = mi.movie_id)
                                 ->  Nested Loop  (cost=7.18..4858.88 rows=1 width=29) (actual time=8.254..187.510 rows=15 loops=1)
                                       ->  Nested Loop  (cost=6.75..4825.68 rows=67 width=4) (actual time=6.275..84.687 rows=19528 loops=1)
                                             ->  Seq Scan on keyword k  (cost=0.00..2626.12 rows=2 width=4) (actual time=1.164..16.642 rows=1 loops=1)
                                                   Filter: ((keyword)::text = ANY ('{murder,murder-in-title}'::text[]))
                                                   Rows Removed by Filter: 134169
                                             ->  Bitmap Heap Scan on movie_keyword mk  (cost=6.75..1096.79 rows=299 width=8) (actual time=5.107..65.859 rows=19528 loops=1)
                                                   Recheck Cond: (keyword_id = k.id)
                                                   Heap Blocks: exact=12389
                                                   ->  Bitmap Index Scan on keyword_id_movie_keyword  (cost=0.00..6.67 rows=299 width=0) (actual time=2.919..2.919 rows=19528 loops=1)
                                                         Index Cond: (keyword_id = k.id)
                                       ->  Index Scan using title_pkey on title t  (cost=0.43..0.50 rows=1 width=25) (actual time=0.005..0.005 rows=0 loops=19528)
                                             Index Cond: (id = mk.movie_id)
                                             Filter: ((production_year > 2010) AND (((title)::text ~~ '%murder%'::text) OR ((title)::text ~~ '%Murder%'::text) OR ((title)::text ~~ '%Mord%'::text)))
                                             Rows Removed by Filter: 1
                                 ->  Index Scan using movie_id_movie_info on movie_info mi  (cost=0.43..1.87 rows=2 width=8) (actual time=0.045..0.048 rows=1 loops=15)
                                       Index Cond: (movie_id = mk.movie_id)
                                       Filter: ((info)::text = ANY ('{Sweden,Norway,Germany,Denmark,Swedish,Denish,Norwegian,German,USA,American}'::text[]))
                                       Rows Removed by Filter: 12
                           ->  Seq Scan on info_type it1  (cost=0.00..2.41 rows=1 width=4) (actual time=0.003..0.003 rows=1 loops=8)
                                 Filter: ((info)::text = 'countries'::text)
                                 Rows Removed by Filter: 7
                     ->  Index Scan using movie_id_movie_info_idx on movie_info_idx mi_idx  (cost=0.43..0.50 rows=1 width=14) (actual time=0.010..0.010 rows=0 loops=8)
                           Index Cond: (movie_id = mk.movie_id)
                           Filter: ((info)::text > '6.0'::text)
                           Rows Removed by Filter: 1
               ->  Seq Scan on info_type it2  (cost=0.00..2.41 rows=1 width=4) (actual time=0.008..0.009 rows=1 loops=3)
                     Filter: ((info)::text = 'rating'::text)
                     Rows Removed by Filter: 104
         ->  Seq Scan on kind_type kt  (cost=0.00..1.09 rows=1 width=4) (actual time=0.007..0.008 rows=1 loops=2)
               Filter: ((kind)::text = 'movie'::text)
               Rows Removed by Filter: 3
 Planning Time: 6.556 ms
 Execution Time: 188.654 ms
(46 rows)

SET
                                                                                      QUERY PLAN                                                                                       
---------------------------------------------------------------------------------------------------------------------------------------------------------------------------------------
 Aggregate  (cost=7388.39..7388.40 rows=1 width=64) (actual time=767.846..767.847 rows=1 loops=1)
   ->  Nested Loop  (cost=8.04..7388.39 rows=1 width=23) (actual time=4.736..766.922 rows=4115 loops=1)
         Join Filter: (mi.info_type_id = it1.id)
         Rows Removed by Join Filter: 594
         ->  Nested Loop  (cost=8.04..7385.96 rows=1 width=27) (actual time=4.731..750.113 rows=4709 loops=1)
               Join Filter: (t.id = mi.movie_id)
               ->  Nested Loop  (cost=7.61..7384.06 rows=1 width=35) (actual time=4.664..361.488 rows=5949 loops=1)
                     Join Filter: (mi_idx.info_type_id = it2.id)
                     Rows Removed by Join Filter: 11839
                     ->  Seq Scan on info_type it2  (cost=0.00..2.41 rows=1 width=4) (actual time=0.012..0.013 rows=1 loops=1)
                           Filter: ((info)::text = 'rating'::text)
                           Rows Removed by Filter: 112
                     ->  Nested Loop  (cost=7.61..7381.10 rows=44 width=39) (actual time=4.649..359.632 rows=17788 loops=1)
                           Join Filter: (t.id = mi_idx.movie_id)
                           ->  Nested Loop  (cost=7.18..7373.07 rows=15 width=25) (actual time=4.625..312.776 rows=8073 loops=1)
                                 Join Filter: (t.kind_id = kt.id)
                                 Rows Removed by Join Filter: 4332
                                 ->  Nested Loop  (cost=7.18..7370.44 rows=54 width=29) (actual time=4.560..309.470 rows=9739 loops=1)
                                       ->  Nested Loop  (cost=6.75..7304.56 rows=135 width=4) (actual time=4.535..137.975 rows=37091 loops=1)
                                             ->  Seq Scan on keyword k  (cost=0.00..2961.55 rows=4 width=4) (actual time=1.197..21.631 rows=3 loops=1)
                                                   Filter: ((keyword IS NOT NULL) AND ((keyword)::text = ANY ('{murder,murder-in-title,blood,violence}'::text[])))
                                                   Rows Removed by Filter: 134167
                                             ->  Bitmap Heap Scan on movie_keyword mk  (cost=6.75..1082.76 rows=299 width=8) (actual time=3.382..37.325 rows=12364 loops=3)
                                                   Recheck Cond: (keyword_id = k.id)
                                                   Heap Blocks: exact=26312
                                                   ->  Bitmap Index Scan on keyword_id_movie_keyword  (cost=0.00..6.67 rows=299 width=0) (actual time=1.851..1.851 rows=12364 loops=3)
                                                         Index Cond: (keyword_id = k.id)
                                       ->  Index Scan using title_pkey on title t  (cost=0.43..0.49 rows=1 width=25) (actual time=0.004..0.004 rows=0 loops=37091)
                                             Index Cond: (id = mk.movie_id)
                                             Filter: (production_year > 2005)
                                             Rows Removed by Filter: 1
                                 ->  Materialize  (cost=0.00..1.10 rows=2 width=4) (actual time=0.000..0.000 rows=1 loops=9739)
                                       ->  Seq Scan on kind_type kt  (cost=0.00..1.09 rows=2 width=4) (actual time=0.011..0.013 rows=2 loops=1)
                                             Filter: ((kind)::text = ANY ('{movie,episode}'::text[]))
                                             Rows Removed by Filter: 5
                           ->  Index Scan using movie_id_movie_info_idx on movie_info_idx mi_idx  (cost=0.43..0.50 rows=3 width=14) (actual time=0.005..0.005 rows=2 loops=8073)
                                 Index Cond: (movie_id = mk.movie_id)
                                 Filter: ((info)::text < '8.5'::text)
                                 Rows Removed by Filter: 0
               ->  Index Scan using movie_id_movie_info on movie_info mi  (cost=0.43..1.87 rows=2 width=8) (actual time=0.056..0.065 rows=1 loops=5949)
                     Index Cond: (movie_id = mk.movie_id)
                     Filter: ((info)::text = ANY ('{Sweden,Norway,Germany,Denmark,Swedish,Danish,Norwegian,German,USA,American}'::text[]))
                     Rows Removed by Filter: 71
         ->  Seq Scan on info_type it1  (cost=0.00..2.41 rows=1 width=4) (actual time=0.002..0.003 rows=1 loops=4709)
               Filter: ((info)::text = 'countries'::text)
               Rows Removed by Filter: 20
 Planning Time: 6.350 ms
 Execution Time: 768.021 ms
(48 rows)

SET
                                                                                              QUERY PLAN                                                                                              
------------------------------------------------------------------------------------------------------------------------------------------------------------------------------------------------------
 Finalize Aggregate  (cost=51520.30..51520.31 rows=1 width=64) (actual time=331.289..331.289 rows=1 loops=1)
   ->  Gather  (cost=51520.08..51520.29 rows=2 width=64) (actual time=330.704..335.525 rows=3 loops=1)
         Workers Planned: 2
         Workers Launched: 2
         ->  Partial Aggregate  (cost=50520.08..50520.09 rows=1 width=64) (actual time=327.860..327.860 rows=1 loops=3)
               ->  Nested Loop  (cost=5354.18..50520.04 rows=7 width=59) (actual time=101.922..327.826 rows=109 loops=3)
                     ->  Nested Loop  (cost=5353.76..50516.97 rows=7 width=63) (actual time=101.885..327.231 rows=109 loops=3)
                           ->  Nested Loop  (cost=5353.33..50515.14 rows=1 width=75) (actual time=53.232..326.987 rows=19 loops=3)
                                 ->  Nested Loop  (cost=5353.19..50514.85 rows=1 width=79) (actual time=53.197..326.909 rows=19 loops=3)
                                       ->  Nested Loop  (cost=5353.06..50514.70 rows=1 width=83) (actual time=53.168..326.838 rows=19 loops=3)
                                             ->  Nested Loop  (cost=5352.62..48271.71 rows=1133 width=33) (actual time=25.613..240.359 rows=1711 loops=3)
                                                   ->  Nested Loop  (cost=5352.19..46344.74 rows=2083 width=12) (actual time=25.570..216.075 rows=4566 loops=3)
                                                         ->  Parallel Hash Join  (cost=5351.77..40470.46 rows=3000 width=8) (actual time=24.902..171.144 rows=14612 loops=3)
                                                               Hash Cond: (mc.company_id = cn.id)
                                                               ->  Parallel Seq Scan on movie_companies mc  (cost=0.00..35097.06 rows=8243 width=12) (actual time=0.034..140.118 rows=20555 loops=3)
                                                                     Filter: (((note)::text ~~ '%(200%)%'::text) AND ((note)::text ~~ '%(worldwide)%'::text))
                                                                     Rows Removed by Filter: 849155
                                                               ->  Parallel Hash  (cost=4722.92..4722.92 rows=50308 width=4) (actual time=24.293..24.293 rows=28281 loops=3)
                                                                     Buckets: 131072  Batches: 1  Memory Usage: 4384kB
                                                                     ->  Parallel Seq Scan on company_name cn  (cost=0.00..4722.92 rows=50308 width=4) (actual time=0.021..17.221 rows=28281 loops=3)
                                                                           Filter: ((country_code)::text = '[us]'::text)
                                                                           Rows Removed by Filter: 50051
                                                         ->  Index Only Scan using movie_id_aka_title on aka_title at  (cost=0.42..1.93 rows=3 width=4) (actual time=0.002..0.003 rows=0 loops=43837)
                                                               Index Cond: (movie_id = mc.movie_id)
                                                               Heap Fetches: 13699
                                                   ->  Index Scan using title_pkey on title t  (cost=0.43..0.93 rows=1 width=21) (actual time=0.005..0.005 rows=0 loops=13699)
                                                         Index Cond: (id = at.movie_id)
                                                         Filter: (production_year > 2000)
                                                         Rows Removed by Filter: 1
                                             ->  Index Scan using movie_id_movie_info on movie_info mi  (cost=0.43..1.97 rows=1 width=50) (actual time=0.050..0.050 rows=0 loops=5134)
                                                   Index Cond: (movie_id = t.id)
                                                   Filter: (((note)::text ~~ '%internet%'::text) AND ((info)::text ~~ 'USA:% 200%'::text))
                                                   Rows Removed by Filter: 72
                                       ->  Index Only Scan using company_type_pkey on company_type ct  (cost=0.13..0.15 rows=1 width=4) (actual time=0.003..0.003 rows=1 loops=57)
                                             Index Cond: (id = mc.company_type_id)
                                             Heap Fetches: 57
                                 ->  Index Scan using info_type_pkey on info_type it1  (cost=0.14..0.21 rows=1 width=4) (actual time=0.003..0.003 rows=1 loops=57)
                                       Index Cond: (id = mi.info_type_id)
                                       Filter: ((info)::text = 'release dates'::text)
                           ->  Index Scan using movie_id_movie_keyword on movie_keyword mk  (cost=0.43..1.36 rows=47 width=8) (actual time=0.010..0.012 rows=6 loops=57)
                                 Index Cond: (movie_id = t.id)
                     ->  Index Only Scan using keyword_pkey on keyword k  (cost=0.42..0.44 rows=1 width=4) (actual time=0.005..0.005 rows=1 loops=328)
                           Index Cond: (id = mk.keyword_id)
                           Heap Fetches: 328
 Planning Time: 14.891 ms
 Execution Time: 335.749 ms
(46 rows)

SET
                                                                                                      QUERY PLAN                                                                                                      
----------------------------------------------------------------------------------------------------------------------------------------------------------------------------------------------------------------------
 Finalize Aggregate  (cost=6425.67..6425.68 rows=1 width=64) (actual time=31.469..31.470 rows=1 loops=1)
   ->  Gather  (cost=6425.55..6425.66 rows=1 width=64) (actual time=31.398..32.816 rows=2 loops=1)
         Workers Planned: 1
         Workers Launched: 1
         ->  Partial Aggregate  (cost=5425.55..5425.56 rows=1 width=64) (actual time=29.310..29.311 rows=1 loops=2)
               ->  Nested Loop  (cost=2.84..5425.53 rows=5 width=59) (actual time=21.409..29.300 rows=18 loops=2)
                     ->  Nested Loop  (cost=2.42..5423.34 rows=5 width=63) (actual time=21.397..29.108 rows=18 loops=2)
                           ->  Nested Loop  (cost=1.99..5421.40 rows=1 width=75) (actual time=18.704..29.071 rows=2 loops=2)
                                 ->  Nested Loop  (cost=1.85..5421.11 rows=1 width=79) (actual time=18.699..29.063 rows=2 loops=2)
                                       ->  Nested Loop  (cost=1.41..5418.58 rows=1 width=29) (actual time=16.778..28.080 rows=13 loops=2)
                                             ->  Nested Loop  (cost=0.98..5417.65 rows=1 width=8) (actual time=16.761..27.825 rows=14 loops=2)
                                                   ->  Nested Loop  (cost=0.85..5417.49 rows=1 width=12) (actual time=16.746..27.790 rows=14 loops=2)
                                                         ->  Nested Loop  (cost=0.43..5415.54 rows=1 width=8) (actual time=16.411..26.907 rows=139 loops=2)
                                                               ->  Parallel Seq Scan on company_name cn  (cost=0.00..5068.50 rows=1 width=4) (actual time=16.382..22.928 rows=0 loops=2)
                                                                     Filter: (((country_code)::text = '[us]'::text) AND ((name)::text = 'YouTube'::text))
                                                                     Rows Removed by Filter: 117498
                                                               ->  Index Scan using company_id_movie_companies on movie_companies mc  (cost=0.43..347.02 rows=1 width=12) (actual time=0.054..7.921 rows=278 loops=1)
                                                                     Index Cond: (company_id = cn.id)
                                                                     Filter: (((note)::text ~~ '%(200%)%'::text) AND ((note)::text ~~ '%(worldwide)%'::text))
                                                                     Rows Removed by Filter: 1180
                                                         ->  Index Only Scan using movie_id_aka_title on aka_title at  (cost=0.42..1.93 rows=3 width=4) (actual time=0.006..0.006 rows=0 loops=278)
                                                               Index Cond: (movie_id = mc.movie_id)
                                                               Heap Fetches: 27
                                                   ->  Index Only Scan using company_type_pkey on company_type ct  (cost=0.13..0.15 rows=1 width=4) (actual time=0.002..0.002 rows=1 loops=27)
                                                         Index Cond: (id = mc.company_type_id)
                                                         Heap Fetches: 27
                                             ->  Index Scan using title_pkey on title t  (cost=0.43..0.93 rows=1 width=21) (actual time=0.018..0.018 rows=1 loops=27)
                                                   Index Cond: (id = at.movie_id)
                                                   Filter: ((production_year >= 2005) AND (production_year <= 2010))
                                                   Rows Removed by Filter: 0
                                       ->  Index Scan using movie_id_movie_info on movie_info mi  (cost=0.43..2.53 rows=1 width=50) (actual time=0.071..0.075 rows=0 loops=26)
                                             Index Cond: (movie_id = t.id)
                                             Filter: (((note)::text ~~ '%internet%'::text) AND ((info)::text ~~ 'USA:% 200%'::text))
                                             Rows Removed by Filter: 19
                                 ->  Index Scan using info_type_pkey on info_type it1  (cost=0.14..0.21 rows=1 width=4) (actual time=0.004..0.004 rows=1 loops=3)
                                       Index Cond: (id = mi.info_type_id)
                                       Filter: ((info)::text = 'release dates'::text)
                           ->  Index Scan using movie_id_movie_keyword on movie_keyword mk  (cost=0.43..1.46 rows=47 width=8) (actual time=0.020..0.022 rows=12 loops=3)
                                 Index Cond: (movie_id = t.id)
                     ->  Index Only Scan using keyword_pkey on keyword k  (cost=0.42..0.44 rows=1 width=4) (actual time=0.010..0.010 rows=1 loops=37)
                           Index Cond: (id = mk.keyword_id)
                           Heap Fetches: 37
 Planning Time: 15.340 ms
 Execution Time: 33.037 ms
(44 rows)

SET
                                                                                                          QUERY PLAN                                                                                                          
------------------------------------------------------------------------------------------------------------------------------------------------------------------------------------------------------------------------------
 Finalize Aggregate  (cost=271194.30..271194.31 rows=1 width=64) (actual time=595.959..595.960 rows=1 loops=1)
   ->  Gather  (cost=271194.08..271194.29 rows=2 width=64) (actual time=595.837..600.608 rows=3 loops=1)
         Workers Planned: 2
         Workers Launched: 2
         ->  Partial Aggregate  (cost=270194.08..270194.09 rows=1 width=64) (actual time=593.100..593.101 rows=1 loops=3)
               ->  Nested Loop  (cost=5.11..270193.85 rows=46 width=59) (actual time=150.122..592.961 rows=757 loops=3)
                     Join Filter: (t.id = at.movie_id)
                     ->  Nested Loop  (cost=4.69..270184.51 rows=18 width=75) (actual time=146.158..588.168 rows=2655 loops=3)
                           ->  Nested Loop  (cost=4.27..270176.61 rows=18 width=79) (actual time=146.131..579.850 rows=2655 loops=3)
                                 ->  Nested Loop  (cost=3.84..270174.80 rows=1 width=71) (actual time=146.039..573.292 rows=882 loops=3)
                                       ->  Nested Loop  (cost=3.71..270174.65 rows=1 width=75) (actual time=146.015..572.022 rows=882 loops=3)
                                             ->  Nested Loop  (cost=3.29..270172.87 rows=4 width=79) (actual time=145.849..565.933 rows=961 loops=3)
                                                   ->  Nested Loop  (cost=2.86..270172.24 rows=1 width=67) (actual time=145.808..556.606 rows=594 loops=3)
                                                         ->  Hash Join  (cost=2.43..270163.87 rows=1 width=46) (actual time=145.756..547.946 rows=594 loops=3)
                                                               Hash Cond: (mi.info_type_id = it1.id)
                                                               ->  Parallel Seq Scan on movie_info mi  (cost=0.00..270161.12 rows=119 width=50) (actual time=145.603..547.623 rows=594 loops=3)
                                                                     Filter: ((info IS NOT NULL) AND ((note)::text ~~ '%internet%'::text) AND (((info)::text ~~ 'USA:% 199%'::text) OR ((info)::text ~~ 'USA:% 200%'::text)))
                                                                     Rows Removed by Filter: 4944646
                                                               ->  Hash  (cost=2.41..2.41 rows=1 width=4) (actual time=0.033..0.034 rows=1 loops=3)
                                                                     Buckets: 1024  Batches: 1  Memory Usage: 9kB
                                                                     ->  Seq Scan on info_type it1  (cost=0.00..2.41 rows=1 width=4) (actual time=0.021..0.028 rows=1 loops=3)
                                                                           Filter: ((info)::text = 'release dates'::text)
                                                                           Rows Removed by Filter: 112
                                                         ->  Index Scan using title_pkey on title t  (cost=0.43..8.37 rows=1 width=21) (actual time=0.014..0.014 rows=1 loops=1783)
                                                               Index Cond: (id = mi.movie_id)
                                                               Filter: (production_year > 1990)
                                                               Rows Removed by Filter: 0
                                                   ->  Index Scan using movie_id_movie_companies on movie_companies mc  (cost=0.43..0.58 rows=5 width=12) (actual time=0.012..0.015 rows=2 loops=1782)
                                                         Index Cond: (movie_id = t.id)
                                             ->  Index Scan using company_name_pkey on company_name cn  (cost=0.42..0.45 rows=1 width=4) (actual time=0.006..0.006 rows=1 loops=2884)
                                                   Index Cond: (id = mc.company_id)
                                                   Filter: ((country_code)::text = '[us]'::text)
                                                   Rows Removed by Filter: 0
                                       ->  Index Only Scan using company_type_pkey on company_type ct  (cost=0.13..0.15 rows=1 width=4) (actual time=0.001..0.001 rows=1 loops=2647)
                                             Index Cond: (id = mc.company_type_id)
                                             Heap Fetches: 2647
                                 ->  Index Scan using movie_id_movie_keyword on movie_keyword mk  (cost=0.43..1.34 rows=47 width=8) (actual time=0.006..0.007 rows=3 loops=2647)
                                       Index Cond: (movie_id = t.id)
                           ->  Index Only Scan using keyword_pkey on keyword k  (cost=0.42..0.44 rows=1 width=4) (actual time=0.003..0.003 rows=1 loops=7964)
                                 Index Cond: (id = mk.keyword_id)
                                 Heap Fetches: 7964
                     ->  Index Only Scan using movie_id_aka_title on aka_title at  (cost=0.42..0.48 rows=3 width=4) (actual time=0.001..0.002 rows=0 loops=7964)
                           Index Cond: (movie_id = mk.movie_id)
                           Heap Fetches: 2271
 Planning Time: 15.113 ms
 Execution Time: 600.859 ms
(46 rows)

SET
                                                                                               QUERY PLAN                                                                                               
--------------------------------------------------------------------------------------------------------------------------------------------------------------------------------------------------------
 Finalize Aggregate  (cost=241312.72..241312.73 rows=1 width=64) (actual time=667.923..667.924 rows=1 loops=1)
   ->  Gather  (cost=241312.50..241312.71 rows=2 width=64) (actual time=667.795..673.546 rows=3 loops=1)
         Workers Planned: 2
         Workers Launched: 2
         ->  Partial Aggregate  (cost=240312.50..240312.51 rows=1 width=64) (actual time=664.981..664.981 rows=1 loops=3)
               ->  Nested Loop  (cost=6.07..240304.29 rows=1642 width=38) (actual time=146.614..664.388 rows=3782 loops=3)
                     Join Filter: (t.id = at.movie_id)
                     ->  Nested Loop  (cost=5.65..239970.15 rows=644 width=33) (actual time=135.409..649.990 rows=8521 loops=3)
                           ->  Nested Loop  (cost=5.23..239687.65 rows=644 width=37) (actual time=135.377..629.248 rows=8521 loops=3)
                                 ->  Hash Join  (cost=4.80..239595.35 rows=51 width=29) (actual time=135.221..610.813 rows=3286 loops=3)
                                       Hash Cond: (mc.company_type_id = ct.id)
                                       ->  Nested Loop  (cost=3.71..239593.98 rows=51 width=33) (actual time=135.130..609.893 rows=3286 loops=3)
                                             ->  Nested Loop  (cost=3.29..239532.04 rows=139 width=37) (actual time=135.099..589.073 rows=4792 loops=3)
                                                   ->  Nested Loop  (cost=2.86..239514.48 rows=28 width=25) (actual time=134.989..554.237 rows=3554 loops=3)
                                                         ->  Hash Join  (cost=2.43..239268.23 rows=40 width=4) (actual time=134.940..518.963 rows=3560 loops=3)
                                                               Hash Cond: (mi.info_type_id = it1.id)
                                                               ->  Parallel Seq Scan on movie_info mi  (cost=0.00..239253.38 rows=4567 width=8) (actual time=20.823..518.039 rows=3603 loops=3)
                                                                     Filter: ((note)::text ~~ '%internet%'::text)
                                                                     Rows Removed by Filter: 4941637
                                                               ->  Hash  (cost=2.41..2.41 rows=1 width=4) (actual time=0.029..0.030 rows=1 loops=3)
                                                                     Buckets: 1024  Batches: 1  Memory Usage: 9kB
                                                                     ->  Seq Scan on info_type it1  (cost=0.00..2.41 rows=1 width=4) (actual time=0.018..0.024 rows=1 loops=3)
                                                                           Filter: ((info)::text = 'release dates'::text)
                                                                           Rows Removed by Filter: 112
                                                         ->  Index Scan using title_pkey on title t  (cost=0.43..6.16 rows=1 width=21) (actual time=0.009..0.009 rows=1 loops=10679)
                                                               Index Cond: (id = mi.movie_id)
                                                               Filter: (production_year > 1990)
                                                               Rows Removed by Filter: 0
                                                   ->  Index Scan using movie_id_movie_companies on movie_companies mc  (cost=0.43..0.58 rows=5 width=12) (actual time=0.008..0.009 rows=1 loops=10662)
                                                         Index Cond: (movie_id = t.id)
                                             ->  Index Scan using company_name_pkey on company_name cn  (cost=0.42..0.45 rows=1 width=4) (actual time=0.004..0.004 rows=1 loops=14377)
                                                   Index Cond: (id = mc.company_id)
                                                   Filter: ((country_code)::text = '[us]'::text)
                                                   Rows Removed by Filter: 0
                                       ->  Hash  (cost=1.04..1.04 rows=4 width=4) (actual time=0.022..0.022 rows=4 loops=3)
                                             Buckets: 1024  Batches: 1  Memory Usage: 9kB
                                             ->  Seq Scan on company_type ct  (cost=0.00..1.04 rows=4 width=4) (actual time=0.014..0.015 rows=4 loops=3)
                                 ->  Index Scan using movie_id_movie_keyword on movie_keyword mk  (cost=0.43..1.34 rows=47 width=8) (actual time=0.005..0.005 rows=3 loops=9857)
                                       Index Cond: (movie_id = t.id)
                           ->  Index Only Scan using keyword_pkey on keyword k  (cost=0.42..0.44 rows=1 width=4) (actual time=0.002..0.002 rows=1 loops=25564)
                                 Index Cond: (id = mk.keyword_id)
                                 Heap Fetches: 25564
                     ->  Index Scan using movie_id_aka_title on aka_title at  (cost=0.42..0.48 rows=3 width=25) (actual time=0.001..0.001 rows=0 loops=25564)
                           Index Cond: (movie_id = mk.movie_id)
 Planning Time: 15.164 ms
 Execution Time: 673.815 ms
(46 rows)

SET
                                                                                      QUERY PLAN                                                                                       
---------------------------------------------------------------------------------------------------------------------------------------------------------------------------------------
 Aggregate  (cost=3786.91..3786.92 rows=1 width=64) (actual time=270.298..270.298 rows=1 loops=1)
   ->  Nested Loop  (cost=9.45..3786.52 rows=79 width=33) (actual time=17.092..270.217 rows=385 loops=1)
         Join Filter: (n.id = an.person_id)
         ->  Nested Loop  (cost=9.02..3770.95 rows=32 width=25) (actual time=17.058..267.937 rows=323 loops=1)
               ->  Nested Loop  (cost=8.59..3756.39 rows=32 width=21) (actual time=17.026..265.150 rows=323 loops=1)
                     Join Filter: (t.id = ci.movie_id)
                     ->  Nested Loop  (cost=8.03..3752.42 rows=2 width=29) (actual time=16.997..263.724 rows=25 loops=1)
                           ->  Nested Loop  (cost=7.61..3750.19 rows=5 width=33) (actual time=16.798..263.355 rows=54 loops=1)
                                 Join Filter: (t.id = mc.movie_id)
                                 ->  Nested Loop  (cost=7.18..3749.59 rows=1 width=25) (actual time=14.013..262.660 rows=146 loops=1)
                                       ->  Nested Loop  (cost=6.75..3732.91 rows=34 width=4) (actual time=6.821..76.419 rows=41840 loops=1)
                                             ->  Seq Scan on keyword k  (cost=0.00..2626.12 rows=1 width=4) (actual time=0.648..11.731 rows=1 loops=1)
                                                   Filter: ((keyword)::text = 'character-name-in-title'::text)
                                                   Rows Removed by Filter: 134169
                                             ->  Bitmap Heap Scan on movie_keyword mk  (cost=6.75..1103.80 rows=299 width=8) (actual time=6.170..60.340 rows=41840 loops=1)
                                                   Recheck Cond: (keyword_id = k.id)
                                                   Heap Blocks: exact=11541
                                                   ->  Bitmap Index Scan on keyword_id_movie_keyword  (cost=0.00..6.67 rows=299 width=0) (actual time=4.105..4.105 rows=41840 loops=1)
                                                         Index Cond: (keyword_id = k.id)
                                       ->  Index Scan using title_pkey on title t  (cost=0.43..0.49 rows=1 width=21) (actual time=0.004..0.004 rows=0 loops=41840)
                                             Index Cond: (id = mk.movie_id)
                                             Filter: ((episode_nr >= 50) AND (episode_nr < 100))
                                             Rows Removed by Filter: 1
                                 ->  Index Scan using movie_id_movie_companies on movie_companies mc  (cost=0.43..0.54 rows=5 width=8) (actual time=0.004..0.004 rows=0 loops=146)
                                       Index Cond: (movie_id = mk.movie_id)
                           ->  Index Scan using company_name_pkey on company_name cn  (cost=0.42..0.45 rows=1 width=4) (actual time=0.006..0.006 rows=0 loops=54)
                                 Index Cond: (id = mc.company_id)
                                 Filter: ((country_code)::text = '[us]'::text)
                                 Rows Removed by Filter: 1
                     ->  Index Scan using movie_id_cast_info on cast_info ci  (cost=0.56..1.52 rows=37 width=8) (actual time=0.014..0.054 rows=13 loops=25)
                           Index Cond: (movie_id = mk.movie_id)
               ->  Index Only Scan using name_pkey on name n  (cost=0.43..0.45 rows=1 width=4) (actual time=0.008..0.008 rows=1 loops=323)
                     Index Cond: (id = ci.person_id)
                     Heap Fetches: 323
         ->  Index Scan using person_id_aka_name on aka_name an  (cost=0.42..0.46 rows=2 width=20) (actual time=0.006..0.007 rows=1 loops=323)
               Index Cond: (person_id = ci.person_id)
 Planning Time: 8.501 ms
 Execution Time: 270.545 ms
(38 rows)

SET
                                                                                      QUERY PLAN                                                                                       
---------------------------------------------------------------------------------------------------------------------------------------------------------------------------------------
 Aggregate  (cost=5116.99..5117.00 rows=1 width=64) (actual time=21598.622..21598.622 rows=1 loops=1)
   ->  Nested Loop  (cost=9.45..5102.20 rows=2957 width=33) (actual time=7.331..21049.747 rows=3710592 loops=1)
         Join Filter: (n.id = an.person_id)
         ->  Nested Loop  (cost=9.02..4515.45 rows=1206 width=25) (actual time=7.300..13457.017 rows=2832555 loops=1)
               ->  Nested Loop  (cost=8.59..3966.84 rows=1206 width=21) (actual time=7.265..4747.955 rows=2832555 loops=1)
                     Join Filter: (t.id = ci.movie_id)
                     ->  Nested Loop  (cost=8.03..3845.67 rows=61 width=29) (actual time=6.867..1137.543 rows=68316 loops=1)
                           ->  Nested Loop  (cost=7.61..3769.92 rows=170 width=33) (actual time=6.812..533.790 rows=148552 loops=1)
                                 Join Filter: (t.id = mc.movie_id)
                                 ->  Nested Loop  (cost=7.18..3749.42 rows=34 width=25) (actual time=6.760..312.522 rows=41840 loops=1)
                                       ->  Nested Loop  (cost=6.75..3732.91 rows=34 width=4) (actual time=6.742..85.957 rows=41840 loops=1)
                                             ->  Seq Scan on keyword k  (cost=0.00..2626.12 rows=1 width=4) (actual time=0.666..11.641 rows=1 loops=1)
                                                   Filter: ((keyword)::text = 'character-name-in-title'::text)
                                                   Rows Removed by Filter: 134169
                                             ->  Bitmap Heap Scan on movie_keyword mk  (cost=6.75..1103.80 rows=299 width=8) (actual time=6.072..66.923 rows=41840 loops=1)
                                                   Recheck Cond: (keyword_id = k.id)
                                                   Heap Blocks: exact=11541
                                                   ->  Bitmap Index Scan on keyword_id_movie_keyword  (cost=0.00..6.67 rows=299 width=0) (actual time=4.009..4.009 rows=41840 loops=1)
                                                         Index Cond: (keyword_id = k.id)
                                       ->  Index Scan using title_pkey on title t  (cost=0.43..0.49 rows=1 width=21) (actual time=0.005..0.005 rows=1 loops=41840)
                                             Index Cond: (id = mk.movie_id)
                                 ->  Index Scan using movie_id_movie_companies on movie_companies mc  (cost=0.43..0.54 rows=5 width=8) (actual time=0.003..0.004 rows=4 loops=41840)
                                       Index Cond: (movie_id = mk.movie_id)
                           ->  Index Scan using company_name_pkey on company_name cn  (cost=0.42..0.45 rows=1 width=4) (actual time=0.004..0.004 rows=0 loops=148552)
                                 Index Cond: (id = mc.company_id)
                                 Filter: ((country_code)::text = '[us]'::text)
                                 Rows Removed by Filter: 1
                     ->  Index Scan using movie_id_cast_info on cast_info ci  (cost=0.56..1.52 rows=37 width=8) (actual time=0.004..0.046 rows=41 loops=68316)
                           Index Cond: (movie_id = mk.movie_id)
               ->  Index Only Scan using name_pkey on name n  (cost=0.43..0.45 rows=1 width=4) (actual time=0.003..0.003 rows=1 loops=2832555)
                     Index Cond: (id = ci.person_id)
                     Heap Fetches: 2832555
         ->  Index Scan using person_id_aka_name on aka_name an  (cost=0.42..0.46 rows=2 width=20) (actual time=0.002..0.002 rows=1 loops=2832555)
               Index Cond: (person_id = ci.person_id)
 Planning Time: 8.324 ms
 Execution Time: 21598.866 ms
(36 rows)

SET
                                                                                      QUERY PLAN                                                                                       
---------------------------------------------------------------------------------------------------------------------------------------------------------------------------------------
 Aggregate  (cost=4258.35..4258.36 rows=1 width=64) (actual time=1834.050..1834.051 rows=1 loops=1)
   ->  Nested Loop  (cost=9.45..4252.86 rows=1097 width=33) (actual time=7.324..1785.486 rows=319932 loops=1)
         Join Filter: (n.id = an.person_id)
         ->  Nested Loop  (cost=9.02..4034.90 rows=448 width=25) (actual time=7.297..1193.176 rows=221609 loops=1)
               ->  Nested Loop  (cost=8.59..3831.10 rows=448 width=21) (actual time=7.266..557.840 rows=221609 loops=1)
                     Join Filter: (t.id = ci.movie_id)
                     ->  Nested Loop  (cost=8.03..3785.41 rows=23 width=29) (actual time=7.239..277.205 rows=8538 loops=1)
                           ->  Nested Loop  (cost=7.61..3757.34 rows=63 width=33) (actual time=6.866..248.300 rows=11406 loops=1)
                                 Join Filter: (t.id = mc.movie_id)
                                 ->  Nested Loop  (cost=7.18..3749.50 rows=13 width=25) (actual time=6.779..223.105 rows=6926 loops=1)
                                       ->  Nested Loop  (cost=6.75..3732.91 rows=34 width=4) (actual time=6.760..69.258 rows=41840 loops=1)
                                             ->  Seq Scan on keyword k  (cost=0.00..2626.12 rows=1 width=4) (actual time=0.667..11.856 rows=1 loops=1)
                                                   Filter: ((keyword)::text = 'character-name-in-title'::text)
                                                   Rows Removed by Filter: 134169
                                             ->  Bitmap Heap Scan on movie_keyword mk  (cost=6.75..1103.80 rows=299 width=8) (actual time=6.090..52.513 rows=41840 loops=1)
                                                   Recheck Cond: (keyword_id = k.id)
                                                   Heap Blocks: exact=11541
                                                   ->  Bitmap Index Scan on keyword_id_movie_keyword  (cost=0.00..6.67 rows=299 width=0) (actual time=4.020..4.020 rows=41840 loops=1)
                                                         Index Cond: (keyword_id = k.id)
                                       ->  Index Scan using title_pkey on title t  (cost=0.43..0.49 rows=1 width=21) (actual time=0.003..0.003 rows=0 loops=41840)
                                             Index Cond: (id = mk.movie_id)
                                             Filter: (episode_nr < 100)
                                             Rows Removed by Filter: 1
                                 ->  Index Scan using movie_id_movie_companies on movie_companies mc  (cost=0.43..0.54 rows=5 width=8) (actual time=0.002..0.003 rows=2 loops=6926)
                                       Index Cond: (movie_id = mk.movie_id)
                           ->  Index Scan using company_name_pkey on company_name cn  (cost=0.42..0.45 rows=1 width=4) (actual time=0.002..0.002 rows=1 loops=11406)
                                 Index Cond: (id = mc.company_id)
                                 Filter: ((country_code)::text = '[us]'::text)
                                 Rows Removed by Filter: 0
                     ->  Index Scan using movie_id_cast_info on cast_info ci  (cost=0.56..1.52 rows=37 width=8) (actual time=0.004..0.029 rows=26 loops=8538)
                           Index Cond: (movie_id = mk.movie_id)
               ->  Index Only Scan using name_pkey on name n  (cost=0.43..0.45 rows=1 width=4) (actual time=0.003..0.003 rows=1 loops=221609)
                     Index Cond: (id = ci.person_id)
                     Heap Fetches: 221609
         ->  Index Scan using person_id_aka_name on aka_name an  (cost=0.42..0.46 rows=2 width=20) (actual time=0.002..0.002 rows=1 loops=221609)
               Index Cond: (person_id = ci.person_id)
 Planning Time: 8.369 ms
 Execution Time: 1834.300 ms
(38 rows)

SET
                                                                                      QUERY PLAN                                                                                       
---------------------------------------------------------------------------------------------------------------------------------------------------------------------------------------
 Aggregate  (cost=4117.25..4117.26 rows=1 width=64) (actual time=1494.058..1494.058 rows=1 loops=1)
   ->  Nested Loop  (cost=9.45..4113.26 rows=798 width=33) (actual time=7.246..1456.441 rows=249455 loops=1)
         Join Filter: (n.id = an.person_id)
         ->  Nested Loop  (cost=9.02..3955.14 rows=325 width=25) (actual time=7.217..989.411 rows=169273 loops=1)
               ->  Nested Loop  (cost=8.59..3807.29 rows=325 width=21) (actual time=7.183..491.059 rows=169273 loops=1)
                     Join Filter: (t.id = ci.movie_id)
                     ->  Nested Loop  (cost=8.03..3775.51 rows=16 width=29) (actual time=7.154..267.733 rows=6766 loops=1)
                           ->  Nested Loop  (cost=7.61..3755.01 rows=46 width=33) (actual time=6.799..245.113 rows=8661 loops=1)
                                 Join Filter: (t.id = mc.movie_id)
                                 ->  Nested Loop  (cost=7.18..3749.59 rows=9 width=25) (actual time=6.715..224.936 rows=5385 loops=1)
                                       ->  Nested Loop  (cost=6.75..3732.91 rows=34 width=4) (actual time=6.696..69.297 rows=41840 loops=1)
                                             ->  Seq Scan on keyword k  (cost=0.00..2626.12 rows=1 width=4) (actual time=0.666..11.734 rows=1 loops=1)
                                                   Filter: ((keyword)::text = 'character-name-in-title'::text)
                                                   Rows Removed by Filter: 134169
                                             ->  Bitmap Heap Scan on movie_keyword mk  (cost=6.75..1103.80 rows=299 width=8) (actual time=6.027..52.922 rows=41840 loops=1)
                                                   Recheck Cond: (keyword_id = k.id)
                                                   Heap Blocks: exact=11541
                                                   ->  Bitmap Index Scan on keyword_id_movie_keyword  (cost=0.00..6.67 rows=299 width=0) (actual time=3.967..3.967 rows=41840 loops=1)
                                                         Index Cond: (keyword_id = k.id)
                                       ->  Index Scan using title_pkey on title t  (cost=0.43..0.49 rows=1 width=21) (actual time=0.004..0.004 rows=0 loops=41840)
                                             Index Cond: (id = mk.movie_id)
                                             Filter: ((episode_nr >= 5) AND (episode_nr < 100))
                                             Rows Removed by Filter: 1
                                 ->  Index Scan using movie_id_movie_companies on movie_companies mc  (cost=0.43..0.54 rows=5 width=8) (actual time=0.002..0.003 rows=2 loops=5385)
                                       Index Cond: (movie_id = mk.movie_id)
                           ->  Index Scan using company_name_pkey on company_name cn  (cost=0.42..0.45 rows=1 width=4) (actual time=0.002..0.002 rows=1 loops=8661)
                                 Index Cond: (id = mc.company_id)
                                 Filter: ((country_code)::text = '[us]'::text)
                                 Rows Removed by Filter: 0
                     ->  Index Scan using movie_id_cast_info on cast_info ci  (cost=0.56..1.52 rows=37 width=8) (actual time=0.004..0.029 rows=25 loops=6766)
                           Index Cond: (movie_id = mk.movie_id)
               ->  Index Only Scan using name_pkey on name n  (cost=0.43..0.45 rows=1 width=4) (actual time=0.003..0.003 rows=1 loops=169273)
                     Index Cond: (id = ci.person_id)
                     Heap Fetches: 169273
         ->  Index Scan using person_id_aka_name on aka_name an  (cost=0.42..0.46 rows=2 width=20) (actual time=0.002..0.002 rows=1 loops=169273)
               Index Cond: (person_id = ci.person_id)
 Planning Time: 8.341 ms
 Execution Time: 1494.311 ms
(38 rows)

SET
                                                                                   QUERY PLAN                                                                                    
---------------------------------------------------------------------------------------------------------------------------------------------------------------------------------
 Aggregate  (cost=4518.95..4518.96 rows=1 width=64) (actual time=12777.788..12777.788 rows=1 loops=1)
   ->  Nested Loop  (cost=9.02..4518.46 rows=97 width=15) (actual time=7.270..12743.407 rows=258289 loops=1)
         ->  Nested Loop  (cost=8.59..3966.84 rows=1206 width=4) (actual time=7.204..4477.836 rows=2832555 loops=1)
               Join Filter: (t.id = ci.movie_id)
               ->  Nested Loop  (cost=8.03..3845.67 rows=61 width=12) (actual time=6.819..1054.286 rows=68316 loops=1)
                     ->  Nested Loop  (cost=7.61..3769.92 rows=170 width=16) (actual time=6.755..502.589 rows=148552 loops=1)
                           Join Filter: (t.id = mc.movie_id)
                           ->  Nested Loop  (cost=7.18..3749.42 rows=34 width=8) (actual time=6.697..293.152 rows=41840 loops=1)
                                 ->  Nested Loop  (cost=6.75..3732.91 rows=34 width=4) (actual time=6.678..81.694 rows=41840 loops=1)
                                       ->  Seq Scan on keyword k  (cost=0.00..2626.12 rows=1 width=4) (actual time=0.662..11.764 rows=1 loops=1)
                                             Filter: ((keyword)::text = 'character-name-in-title'::text)
                                             Rows Removed by Filter: 134169
                                       ->  Bitmap Heap Scan on movie_keyword mk  (cost=6.75..1103.80 rows=299 width=8) (actual time=6.012..63.153 rows=41840 loops=1)
                                             Recheck Cond: (keyword_id = k.id)
                                             Heap Blocks: exact=11541
                                             ->  Bitmap Index Scan on keyword_id_movie_keyword  (cost=0.00..6.67 rows=299 width=0) (actual time=3.951..3.952 rows=41840 loops=1)
                                                   Index Cond: (keyword_id = k.id)
                                 ->  Index Only Scan using title_pkey on title t  (cost=0.43..0.49 rows=1 width=4) (actual time=0.005..0.005 rows=1 loops=41840)
                                       Index Cond: (id = mk.movie_id)
                                       Heap Fetches: 41840
                           ->  Index Scan using movie_id_movie_companies on movie_companies mc  (cost=0.43..0.54 rows=5 width=8) (actual time=0.003..0.004 rows=4 loops=41840)
                                 Index Cond: (movie_id = mk.movie_id)
                     ->  Index Scan using company_name_pkey on company_name cn  (cost=0.42..0.45 rows=1 width=4) (actual time=0.003..0.003 rows=0 loops=148552)
                           Index Cond: (id = mc.company_id)
                           Filter: ((country_code)::text = '[us]'::text)
                           Rows Removed by Filter: 1
               ->  Index Scan using movie_id_cast_info on cast_info ci  (cost=0.56..1.52 rows=37 width=8) (actual time=0.004..0.044 rows=41 loops=68316)
                     Index Cond: (movie_id = mk.movie_id)
         ->  Index Scan using name_pkey on name n  (cost=0.43..0.46 rows=1 width=19) (actual time=0.003..0.003 rows=0 loops=2832555)
               Index Cond: (id = ci.person_id)
               Filter: ((name)::text ~~ 'B%'::text)
               Rows Removed by Filter: 1
 Planning Time: 5.264 ms
 Execution Time: 12778.021 ms
(34 rows)

SET
                                                                                   QUERY PLAN                                                                                    
---------------------------------------------------------------------------------------------------------------------------------------------------------------------------------
 Aggregate  (cost=4395.31..4395.32 rows=1 width=64) (actual time=9229.743..9229.743 rows=1 loops=1)
   ->  Nested Loop  (cost=9.02..4395.14 rows=33 width=15) (actual time=13.564..9222.473 rows=52306 loops=1)
         ->  Nested Loop  (cost=8.60..4380.52 rows=33 width=19) (actual time=13.548..9034.768 rows=52306 loops=1)
               ->  Nested Loop  (cost=8.17..4373.10 rows=13 width=27) (actual time=13.524..8975.242 rows=6642 loops=1)
                     ->  Nested Loop  (cost=7.74..4367.22 rows=13 width=23) (actual time=13.504..8933.113 rows=6642 loops=1)
                           ->  Nested Loop  (cost=7.31..3797.31 rows=1246 width=12) (actual time=6.789..3134.616 rows=1038393 loops=1)
                                 ->  Nested Loop  (cost=6.75..3732.91 rows=34 width=4) (actual time=6.761..80.613 rows=41840 loops=1)
                                       ->  Seq Scan on keyword k  (cost=0.00..2626.12 rows=1 width=4) (actual time=0.665..11.792 rows=1 loops=1)
                                             Filter: ((keyword)::text = 'character-name-in-title'::text)
                                             Rows Removed by Filter: 134169
                                       ->  Bitmap Heap Scan on movie_keyword mk  (cost=6.75..1103.80 rows=299 width=8) (actual time=6.093..61.433 rows=41840 loops=1)
                                             Recheck Cond: (keyword_id = k.id)
                                             Heap Blocks: exact=11541
                                             ->  Bitmap Index Scan on keyword_id_movie_keyword  (cost=0.00..6.67 rows=299 width=0) (actual time=4.035..4.036 rows=41840 loops=1)
                                                   Index Cond: (keyword_id = k.id)
                                 ->  Index Scan using movie_id_cast_info on cast_info ci  (cost=0.56..1.52 rows=37 width=8) (actual time=0.006..0.069 rows=25 loops=41840)
                                       Index Cond: (movie_id = mk.movie_id)
                           ->  Index Scan using name_pkey on name n  (cost=0.43..0.46 rows=1 width=19) (actual time=0.005..0.005 rows=0 loops=1038393)
                                 Index Cond: (id = ci.person_id)
                                 Filter: ((name)::text ~~ 'Z%'::text)
                                 Rows Removed by Filter: 1
                     ->  Index Only Scan using title_pkey on title t  (cost=0.43..0.45 rows=1 width=4) (actual time=0.006..0.006 rows=1 loops=6642)
                           Index Cond: (id = ci.movie_id)
                           Heap Fetches: 6642
               ->  Index Scan using movie_id_movie_companies on movie_companies mc  (cost=0.43..0.52 rows=5 width=8) (actual time=0.005..0.008 rows=8 loops=6642)
                     Index Cond: (movie_id = ci.movie_id)
         ->  Index Only Scan using company_name_pkey on company_name cn  (cost=0.42..0.44 rows=1 width=4) (actual time=0.003..0.003 rows=1 loops=52306)
               Index Cond: (id = mc.company_id)
               Heap Fetches: 52306
 Planning Time: 5.255 ms
 Execution Time: 9229.963 ms
(31 rows)

SET
                                                                                   QUERY PLAN                                                                                    
---------------------------------------------------------------------------------------------------------------------------------------------------------------------------------
 Aggregate  (cost=4368.70..4368.71 rows=1 width=64) (actual time=8795.080..8795.080 rows=1 loops=1)
   ->  Nested Loop  (cost=9.02..4368.69 rows=1 width=15) (actual time=94.739..8794.642 rows=1918 loops=1)
         ->  Nested Loop  (cost=8.59..4368.24 rows=1 width=27) (actual time=94.717..8789.338 rows=1918 loops=1)
               ->  Nested Loop  (cost=8.17..4367.80 rows=1 width=31) (actual time=94.696..8778.380 rows=1918 loops=1)
                     ->  Nested Loop  (cost=7.74..4367.23 rows=1 width=23) (actual time=94.680..8774.752 rows=250 loops=1)
                           ->  Nested Loop  (cost=7.31..3797.31 rows=1246 width=12) (actual time=6.668..3080.399 rows=1038393 loops=1)
                                 ->  Nested Loop  (cost=6.75..3732.91 rows=34 width=4) (actual time=6.642..78.870 rows=41840 loops=1)
                                       ->  Seq Scan on keyword k  (cost=0.00..2626.12 rows=1 width=4) (actual time=0.643..11.688 rows=1 loops=1)
                                             Filter: ((keyword)::text = 'character-name-in-title'::text)
                                             Rows Removed by Filter: 134169
                                       ->  Bitmap Heap Scan on movie_keyword mk  (cost=6.75..1103.80 rows=299 width=8) (actual time=5.994..59.713 rows=41840 loops=1)
                                             Recheck Cond: (keyword_id = k.id)
                                             Heap Blocks: exact=11541
                                             ->  Bitmap Index Scan on keyword_id_movie_keyword  (cost=0.00..6.67 rows=299 width=0) (actual time=3.937..3.937 rows=41840 loops=1)
                                                   Index Cond: (keyword_id = k.id)
                                 ->  Index Scan using movie_id_cast_info on cast_info ci  (cost=0.56..1.52 rows=37 width=8) (actual time=0.006..0.068 rows=25 loops=41840)
                                       Index Cond: (movie_id = mk.movie_id)
                           ->  Index Scan using name_pkey on name n  (cost=0.43..0.46 rows=1 width=19) (actual time=0.005..0.005 rows=0 loops=1038393)
                                 Index Cond: (id = ci.person_id)
                                 Filter: ((name)::text ~~ 'X%'::text)
                                 Rows Removed by Filter: 1
                     ->  Index Scan using movie_id_movie_companies on movie_companies mc  (cost=0.43..0.52 rows=5 width=8) (actual time=0.009..0.012 rows=8 loops=250)
                           Index Cond: (movie_id = ci.movie_id)
               ->  Index Only Scan using company_name_pkey on company_name cn  (cost=0.42..0.44 rows=1 width=4) (actual time=0.005..0.005 rows=1 loops=1918)
                     Index Cond: (id = mc.company_id)
                     Heap Fetches: 1918
         ->  Index Only Scan using title_pkey on title t  (cost=0.43..0.45 rows=1 width=4) (actual time=0.002..0.002 rows=1 loops=1918)
               Index Cond: (id = ci.movie_id)
               Heap Fetches: 1918
 Planning Time: 5.269 ms
 Execution Time: 8795.308 ms
(31 rows)

SET
                                                                                   QUERY PLAN                                                                                    
---------------------------------------------------------------------------------------------------------------------------------------------------------------------------------
 Aggregate  (cost=4368.69..4368.70 rows=1 width=32) (actual time=9058.390..9058.390 rows=1 loops=1)
   ->  Nested Loop  (cost=9.02..4368.69 rows=1 width=15) (actual time=59.277..9056.396 rows=11538 loops=1)
         ->  Nested Loop  (cost=8.59..4368.24 rows=1 width=27) (actual time=59.249..9025.567 rows=11538 loops=1)
               ->  Nested Loop  (cost=8.17..4367.80 rows=1 width=31) (actual time=59.228..8968.133 rows=11538 loops=1)
                     ->  Nested Loop  (cost=7.74..4367.23 rows=1 width=23) (actual time=59.208..8947.396 rows=1972 loops=1)
                           ->  Nested Loop  (cost=7.31..3797.31 rows=1246 width=12) (actual time=6.666..3120.224 rows=1038393 loops=1)
                                 ->  Nested Loop  (cost=6.75..3732.91 rows=34 width=4) (actual time=6.639..80.133 rows=41840 loops=1)
                                       ->  Seq Scan on keyword k  (cost=0.00..2626.12 rows=1 width=4) (actual time=0.653..11.662 rows=1 loops=1)
                                             Filter: ((keyword)::text = 'character-name-in-title'::text)
                                             Rows Removed by Filter: 134169
                                       ->  Bitmap Heap Scan on movie_keyword mk  (cost=6.75..1103.80 rows=299 width=8) (actual time=5.983..61.061 rows=41840 loops=1)
                                             Recheck Cond: (keyword_id = k.id)
                                             Heap Blocks: exact=11541
                                             ->  Bitmap Index Scan on keyword_id_movie_keyword  (cost=0.00..6.67 rows=299 width=0) (actual time=3.931..3.931 rows=41840 loops=1)
                                                   Index Cond: (keyword_id = k.id)
                                 ->  Index Scan using movie_id_cast_info on cast_info ci  (cost=0.56..1.52 rows=37 width=8) (actual time=0.006..0.069 rows=25 loops=41840)
                                       Index Cond: (movie_id = mk.movie_id)
                           ->  Index Scan using name_pkey on name n  (cost=0.43..0.46 rows=1 width=19) (actual time=0.005..0.005 rows=0 loops=1038393)
                                 Index Cond: (id = ci.person_id)
                                 Filter: ((name)::text ~~ '%Bert%'::text)
                                 Rows Removed by Filter: 1
                     ->  Index Scan using movie_id_movie_companies on movie_companies mc  (cost=0.43..0.52 rows=5 width=8) (actual time=0.006..0.009 rows=6 loops=1972)
                           Index Cond: (movie_id = ci.movie_id)
               ->  Index Only Scan using company_name_pkey on company_name cn  (cost=0.42..0.44 rows=1 width=4) (actual time=0.005..0.005 rows=1 loops=11538)
                     Index Cond: (id = mc.company_id)
                     Heap Fetches: 11538
         ->  Index Only Scan using title_pkey on title t  (cost=0.43..0.45 rows=1 width=4) (actual time=0.002..0.002 rows=1 loops=11538)
               Index Cond: (id = ci.movie_id)
               Heap Fetches: 11538
 Planning Time: 5.264 ms
 Execution Time: 9058.617 ms
(31 rows)

SET
                                                                                   QUERY PLAN                                                                                    
---------------------------------------------------------------------------------------------------------------------------------------------------------------------------------
 Aggregate  (cost=4518.46..4518.47 rows=1 width=32) (actual time=12764.375..12764.375 rows=1 loops=1)
   ->  Nested Loop  (cost=9.02..4515.45 rows=1206 width=15) (actual time=7.165..12437.279 rows=2832555 loops=1)
         ->  Nested Loop  (cost=8.59..3966.84 rows=1206 width=4) (actual time=7.139..4512.818 rows=2832555 loops=1)
               Join Filter: (t.id = ci.movie_id)
               ->  Nested Loop  (cost=8.03..3845.67 rows=61 width=12) (actual time=6.750..1041.994 rows=68316 loops=1)
                     ->  Nested Loop  (cost=7.61..3769.92 rows=170 width=16) (actual time=6.694..497.339 rows=148552 loops=1)
                           Join Filter: (t.id = mc.movie_id)
                           ->  Nested Loop  (cost=7.18..3749.42 rows=34 width=8) (actual time=6.648..290.944 rows=41840 loops=1)
                                 ->  Nested Loop  (cost=6.75..3732.91 rows=34 width=4) (actual time=6.632..81.507 rows=41840 loops=1)
                                       ->  Seq Scan on keyword k  (cost=0.00..2626.12 rows=1 width=4) (actual time=0.645..11.888 rows=1 loops=1)
                                             Filter: ((keyword)::text = 'character-name-in-title'::text)
                                             Rows Removed by Filter: 134169
                                       ->  Bitmap Heap Scan on movie_keyword mk  (cost=6.75..1103.80 rows=299 width=8) (actual time=5.984..62.749 rows=41840 loops=1)
                                             Recheck Cond: (keyword_id = k.id)
                                             Heap Blocks: exact=11541
                                             ->  Bitmap Index Scan on keyword_id_movie_keyword  (cost=0.00..6.67 rows=299 width=0) (actual time=3.914..3.914 rows=41840 loops=1)
                                                   Index Cond: (keyword_id = k.id)
                                 ->  Index Only Scan using title_pkey on title t  (cost=0.43..0.49 rows=1 width=4) (actual time=0.005..0.005 rows=1 loops=41840)
                                       Index Cond: (id = mk.movie_id)
                                       Heap Fetches: 41840
                           ->  Index Scan using movie_id_movie_companies on movie_companies mc  (cost=0.43..0.54 rows=5 width=8) (actual time=0.003..0.004 rows=4 loops=41840)
                                 Index Cond: (movie_id = mk.movie_id)
                     ->  Index Scan using company_name_pkey on company_name cn  (cost=0.42..0.45 rows=1 width=4) (actual time=0.003..0.003 rows=0 loops=148552)
                           Index Cond: (id = mc.company_id)
                           Filter: ((country_code)::text = '[us]'::text)
                           Rows Removed by Filter: 1
               ->  Index Scan using movie_id_cast_info on cast_info ci  (cost=0.56..1.52 rows=37 width=8) (actual time=0.004..0.044 rows=41 loops=68316)
                     Index Cond: (movie_id = mk.movie_id)
         ->  Index Scan using name_pkey on name n  (cost=0.43..0.45 rows=1 width=19) (actual time=0.003..0.003 rows=1 loops=2832555)
               Index Cond: (id = ci.person_id)
 Planning Time: 5.235 ms
 Execution Time: 12764.611 ms
(32 rows)

SET
                                                                                   QUERY PLAN                                                                                    
---------------------------------------------------------------------------------------------------------------------------------------------------------------------------------
 Aggregate  (cost=4629.56..4629.57 rows=1 width=32) (actual time=12150.196..12150.196 rows=1 loops=1)
   ->  Nested Loop  (cost=9.02..4628.64 rows=368 width=15) (actual time=8.549..12035.266 rows=1113120 loops=1)
         ->  Nested Loop  (cost=8.60..4465.59 rows=368 width=19) (actual time=8.524..10092.260 rows=1113120 loops=1)
               ->  Nested Loop  (cost=8.17..4386.88 rows=138 width=27) (actual time=6.788..9446.767 rows=149494 loops=1)
                     ->  Nested Loop  (cost=7.74..3816.96 rows=1246 width=16) (actual time=6.761..3460.872 rows=1038393 loops=1)
                           Join Filter: (t.id = ci.movie_id)
                           ->  Nested Loop  (cost=7.18..3749.42 rows=34 width=8) (actual time=6.737..295.103 rows=41840 loops=1)
                                 ->  Nested Loop  (cost=6.75..3732.91 rows=34 width=4) (actual time=6.719..82.433 rows=41840 loops=1)
                                       ->  Seq Scan on keyword k  (cost=0.00..2626.12 rows=1 width=4) (actual time=0.657..11.706 rows=1 loops=1)
                                             Filter: ((keyword)::text = 'character-name-in-title'::text)
                                             Rows Removed by Filter: 134169
                                       ->  Bitmap Heap Scan on movie_keyword mk  (cost=6.75..1103.80 rows=299 width=8) (actual time=6.059..63.043 rows=41840 loops=1)
                                             Recheck Cond: (keyword_id = k.id)
                                             Heap Blocks: exact=11541
                                             ->  Bitmap Index Scan on keyword_id_movie_keyword  (cost=0.00..6.67 rows=299 width=0) (actual time=4.007..4.007 rows=41840 loops=1)
                                                   Index Cond: (keyword_id = k.id)
                                 ->  Index Only Scan using title_pkey on title t  (cost=0.43..0.49 rows=1 width=4) (actual time=0.005..0.005 rows=1 loops=41840)
                                       Index Cond: (id = mk.movie_id)
                                       Heap Fetches: 41840
                           ->  Index Scan using movie_id_cast_info on cast_info ci  (cost=0.56..1.52 rows=37 width=8) (actual time=0.006..0.071 rows=25 loops=41840)
                                 Index Cond: (movie_id = mk.movie_id)
                     ->  Index Scan using name_pkey on name n  (cost=0.43..0.46 rows=1 width=19) (actual time=0.006..0.006 rows=0 loops=1038393)
                           Index Cond: (id = ci.person_id)
                           Filter: ((name)::text ~~ '%B%'::text)
                           Rows Removed by Filter: 1
               ->  Index Scan using movie_id_movie_companies on movie_companies mc  (cost=0.43..0.52 rows=5 width=8) (actual time=0.002..0.003 rows=7 loops=149494)
                     Index Cond: (movie_id = ci.movie_id)
         ->  Index Only Scan using company_name_pkey on company_name cn  (cost=0.42..0.44 rows=1 width=4) (actual time=0.001..0.001 rows=1 loops=1113120)
               Index Cond: (id = mc.company_id)
               Heap Fetches: 1113120
 Planning Time: 5.278 ms
 Execution Time: 12150.425 ms
(32 rows)

SET
                                                                                       QUERY PLAN                                                                                       
----------------------------------------------------------------------------------------------------------------------------------------------------------------------------------------
 Aggregate  (cost=111123.79..111123.80 rows=1 width=96) (actual time=4619.430..4619.431 rows=1 loops=1)
   ->  Nested Loop  (cost=1006.71..111123.78 rows=1 width=65) (actual time=28.867..4619.116 rows=410 loops=1)
         ->  Gather  (cost=1006.28..111123.32 rows=1 width=60) (actual time=28.838..4619.039 rows=410 loops=1)
               Workers Planned: 2
               Workers Launched: 2
               ->  Nested Loop  (cost=6.28..110123.22 rows=1 width=60) (actual time=111.646..4614.908 rows=137 loops=3)
                     ->  Nested Loop  (cost=5.85..108160.12 rows=3320 width=64) (actual time=0.646..4274.300 rows=35780 loops=3)
                           ->  Hash Join  (cost=5.29..74077.91 rows=1448 width=56) (actual time=0.525..1909.199 rows=15144 loops=3)
                                 Hash Cond: (mi.info_type_id = it1.id)
                                 ->  Nested Loop  (cost=2.86..73629.77 rows=163660 width=60) (actual time=0.096..1760.254 rows=2310111 loops=3)
                                       ->  Hash Join  (cost=2.43..15253.60 rows=5089 width=10) (actual time=0.047..116.437 rows=153308 loops=3)
                                             Hash Cond: (mi_idx.info_type_id = it2.id)
                                             ->  Parallel Seq Scan on movie_info_idx mi_idx  (cost=0.00..13685.15 rows=575015 width=14) (actual time=0.017..44.820 rows=460012 loops=3)
                                             ->  Hash  (cost=2.41..2.41 rows=1 width=4) (actual time=0.013..0.013 rows=1 loops=3)
                                                   Buckets: 1024  Batches: 1  Memory Usage: 9kB
                                                   ->  Seq Scan on info_type it2  (cost=0.00..2.41 rows=1 width=4) (actual time=0.009..0.010 rows=1 loops=3)
                                                         Filter: ((info)::text = 'votes'::text)
                                                         Rows Removed by Filter: 112
                                       ->  Index Scan using movie_id_movie_info on movie_info mi  (cost=0.43..11.05 rows=42 width=50) (actual time=0.003..0.009 rows=15 loops=459925)
                                             Index Cond: (movie_id = mi_idx.movie_id)
                                 ->  Hash  (cost=2.41..2.41 rows=1 width=4) (actual time=0.023..0.023 rows=1 loops=3)
                                       Buckets: 1024  Batches: 1  Memory Usage: 9kB
                                       ->  Seq Scan on info_type it1  (cost=0.00..2.41 rows=1 width=4) (actual time=0.018..0.019 rows=1 loops=3)
                                             Filter: ((info)::text = 'budget'::text)
                                             Rows Removed by Filter: 112
                           ->  Index Scan using movie_id_cast_info on cast_info ci  (cost=0.56..23.52 rows=2 width=8) (actual time=0.091..0.156 rows=2 loops=45431)
                                 Index Cond: (movie_id = mi.movie_id)
                                 Filter: ((note)::text = ANY ('{(producer),"(executive producer)"}'::text[]))
                                 Rows Removed by Filter: 38
                     ->  Index Scan using name_pkey on name n  (cost=0.43..0.59 rows=1 width=4) (actual time=0.009..0.009 rows=0 loops=107339)
                           Index Cond: (id = ci.person_id)
                           Filter: (((name)::text ~~ '%Tim%'::text) AND ((gender)::text = 'm'::text))
                           Rows Removed by Filter: 1
         ->  Index Scan using title_pkey on title t  (cost=0.43..0.46 rows=1 width=21) (actual time=0.010..0.010 rows=1 loops=410)
               Index Cond: (id = mi.movie_id)
 Planning Time: 4.926 ms
 Execution Time: 4624.057 ms
(37 rows)

SET
                                                                                      QUERY PLAN                                                                                      
--------------------------------------------------------------------------------------------------------------------------------------------------------------------------------------
 Aggregate  (cost=17505.24..17505.25 rows=1 width=96) (actual time=191.667..191.667 rows=1 loops=1)
   ->  Nested Loop  (cost=1004.43..17505.23 rows=1 width=65) (actual time=103.984..191.646 rows=11 loops=1)
         ->  Nested Loop  (cost=1004.00..17504.55 rows=1 width=69) (actual time=34.719..188.663 rows=268 loops=1)
               ->  Gather  (cost=1003.43..17479.79 rows=1 width=77) (actual time=34.351..141.205 rows=358 loops=1)
                     Workers Planned: 2
                     Workers Launched: 2
                     ->  Nested Loop  (cost=3.43..16479.69 rows=1 width=77) (actual time=22.310..170.379 rows=119 loops=3)
                           ->  Nested Loop  (cost=3.29..16478.37 rows=8 width=81) (actual time=22.298..170.155 rows=119 loops=3)
                                 ->  Nested Loop  (cost=2.86..15808.49 rows=58 width=31) (actual time=0.795..106.117 rows=2051 loops=3)
                                       ->  Hash Join  (cost=2.43..15182.64 rows=187 width=10) (actual time=0.105..56.354 rows=5283 loops=3)
                                             Hash Cond: (mi_idx.info_type_id = it2.id)
                                             ->  Parallel Seq Scan on movie_info_idx mi_idx  (cost=0.00..15122.68 rows=21125 width=14) (actual time=0.025..54.284 rows=17543 loops=3)
                                                   Filter: ((info)::text > '8.0'::text)
                                                   Rows Removed by Filter: 442469
                                             ->  Hash  (cost=2.41..2.41 rows=1 width=4) (actual time=0.023..0.023 rows=1 loops=3)
                                                   Buckets: 1024  Batches: 1  Memory Usage: 9kB
                                                   ->  Seq Scan on info_type it2  (cost=0.00..2.41 rows=1 width=4) (actual time=0.016..0.018 rows=1 loops=3)
                                                         Filter: ((info)::text = 'rating'::text)
                                                         Rows Removed by Filter: 112
                                       ->  Index Scan using title_pkey on title t  (cost=0.43..3.35 rows=1 width=21) (actual time=0.009..0.009 rows=0 loops=15849)
                                             Index Cond: (id = mi_idx.movie_id)
                                             Filter: ((production_year >= 2008) AND (production_year <= 2014))
                                             Rows Removed by Filter: 1
                                 ->  Index Scan using movie_id_movie_info on movie_info mi  (cost=0.43..11.54 rows=1 width=50) (actual time=0.031..0.031 rows=0 loops=6152)
                                       Index Cond: (movie_id = t.id)
                                       Filter: ((note IS NULL) AND ((info)::text = ANY ('{Horror,Thriller}'::text[])))
                                       Rows Removed by Filter: 18
                           ->  Index Scan using info_type_pkey on info_type it1  (cost=0.14..0.16 rows=1 width=4) (actual time=0.001..0.001 rows=1 loops=358)
                                 Index Cond: (id = mi.info_type_id)
                                 Filter: ((info)::text = 'genres'::text)
               ->  Index Scan using movie_id_cast_info on cast_info ci  (cost=0.56..24.75 rows=1 width=8) (actual time=0.115..0.147 rows=1 loops=358)
                     Index Cond: (movie_id = t.id)
                     Filter: ((note)::text = ANY ('{(writer),"(head writer)","(written by)",(story),"(story editor)"}'::text[]))
                     Rows Removed by Filter: 34
         ->  Index Scan using name_pkey on name n  (cost=0.43..0.68 rows=1 width=4) (actual time=0.011..0.011 rows=0 loops=268)
               Index Cond: (id = ci.person_id)
               Filter: ((gender IS NOT NULL) AND ((gender)::text = 'f'::text))
               Rows Removed by Filter: 1
 Planning Time: 4.865 ms
 Execution Time: 197.281 ms
(40 rows)

SET
                                                                                          QUERY PLAN                                                                                          
----------------------------------------------------------------------------------------------------------------------------------------------------------------------------------------------
 Finalize Aggregate  (cost=74638.17..74638.18 rows=1 width=96) (actual time=5869.628..5869.628 rows=1 loops=1)
   ->  Gather  (cost=74637.94..74638.15 rows=2 width=96) (actual time=5869.616..5873.600 rows=3 loops=1)
         Workers Planned: 2
         Workers Launched: 2
         ->  Partial Aggregate  (cost=73637.94..73637.95 rows=1 width=96) (actual time=5866.510..5866.511 rows=1 loops=3)
               ->  Nested Loop  (cost=6.71..73637.87 rows=10 width=65) (actual time=14.598..5862.500 rows=9358 loops=3)
                     ->  Nested Loop  (cost=6.28..73620.90 rows=25 width=69) (actual time=11.413..5713.212 rows=18052 loops=3)
                           ->  Nested Loop  (cost=5.72..73165.64 rows=19 width=77) (actual time=0.599..2018.763 rows=34172 loops=3)
                                 Join Filter: (mi.movie_id = t.id)
                                 ->  Hash Join  (cost=5.29..73154.54 rows=19 width=56) (actual time=0.561..1841.273 rows=34172 loops=3)
                                       Hash Cond: (mi.info_type_id = it1.id)
                                       ->  Nested Loop  (cost=2.86..73146.32 rows=2128 width=60) (actual time=0.476..1832.317 rows=34964 loops=3)
                                             ->  Hash Join  (cost=2.43..15253.60 rows=5089 width=10) (actual time=0.046..117.535 rows=153308 loops=3)
                                                   Hash Cond: (mi_idx.info_type_id = it2.id)
                                                   ->  Parallel Seq Scan on movie_info_idx mi_idx  (cost=0.00..13685.15 rows=575015 width=14) (actual time=0.017..45.496 rows=460012 loops=3)
                                                   ->  Hash  (cost=2.41..2.41 rows=1 width=4) (actual time=0.013..0.014 rows=1 loops=3)
                                                         Buckets: 1024  Batches: 1  Memory Usage: 9kB
                                                         ->  Seq Scan on info_type it2  (cost=0.00..2.41 rows=1 width=4) (actual time=0.009..0.010 rows=1 loops=3)
                                                               Filter: ((info)::text = 'votes'::text)
                                                               Rows Removed by Filter: 112
                                             ->  Index Scan using movie_id_movie_info on movie_info mi  (cost=0.43..11.37 rows=1 width=50) (actual time=0.011..0.011 rows=0 loops=459925)
                                                   Index Cond: (movie_id = mi_idx.movie_id)
                                                   Filter: ((info)::text = ANY ('{Horror,Action,Sci-Fi,Thriller,Crime,War}'::text[]))
                                                   Rows Removed by Filter: 15
                                       ->  Hash  (cost=2.41..2.41 rows=1 width=4) (actual time=0.029..0.029 rows=1 loops=3)
                                             Buckets: 1024  Batches: 1  Memory Usage: 9kB
                                             ->  Seq Scan on info_type it1  (cost=0.00..2.41 rows=1 width=4) (actual time=0.017..0.024 rows=1 loops=3)
                                                   Filter: ((info)::text = 'genres'::text)
                                                   Rows Removed by Filter: 112
                                 ->  Index Scan using title_pkey on title t  (cost=0.43..0.57 rows=1 width=21) (actual time=0.005..0.005 rows=1 loops=102516)
                                       Index Cond: (id = mi_idx.movie_id)
                           ->  Index Scan using movie_id_cast_info on cast_info ci  (cost=0.56..23.95 rows=1 width=8) (actual time=0.092..0.108 rows=1 loops=102516)
                                 Index Cond: (movie_id = t.id)
                                 Filter: ((note)::text = ANY ('{(writer),"(head writer)","(written by)",(story),"(story editor)"}'::text[]))
                                 Rows Removed by Filter: 39
                     ->  Index Scan using name_pkey on name n  (cost=0.43..0.68 rows=1 width=4) (actual time=0.008..0.008 rows=1 loops=54155)
                           Index Cond: (id = ci.person_id)
                           Filter: ((gender)::text = 'm'::text)
                           Rows Removed by Filter: 0
 Planning Time: 4.873 ms
 Execution Time: 5873.804 ms
(41 rows)

SET
                                                                                                QUERY PLAN                                                                                                 
-----------------------------------------------------------------------------------------------------------------------------------------------------------------------------------------------------------
 Aggregate  (cost=85372.10..85372.11 rows=1 width=64) (actual time=277.959..277.960 rows=1 loops=1)
   ->  Nested Loop  (cost=1004.44..85372.09 rows=1 width=32) (actual time=115.559..277.910 rows=184 loops=1)
         ->  Nested Loop  (cost=1004.30..85371.91 rows=1 width=36) (actual time=115.549..277.681 rows=184 loops=1)
               Join Filter: (t.id = mi.movie_id)
               ->  Nested Loop  (cost=1003.86..85344.51 rows=1 width=44) (actual time=115.477..271.687 rows=77 loops=1)
                     ->  Nested Loop  (cost=1003.44..85343.31 rows=1 width=48) (actual time=115.451..271.147 rows=79 loops=1)
                           Join Filter: (t.id = mc.movie_id)
                           ->  Nested Loop  (cost=1003.01..85340.60 rows=1 width=40) (actual time=115.394..269.856 rows=102 loops=1)
                                 ->  Gather  (cost=1002.58..85339.18 rows=1 width=44) (actual time=115.350..271.143 rows=115 loops=1)
                                       Workers Planned: 2
                                       Workers Launched: 2
                                       ->  Nested Loop  (cost=2.58..84339.08 rows=1 width=44) (actual time=110.579..272.338 rows=38 loops=3)
                                             ->  Hash Join  (cost=2.15..84336.29 rows=2 width=23) (actual time=108.660..270.910 rows=142 loops=3)
                                                   Hash Cond: (ci.role_id = rt.id)
                                                   ->  Nested Loop  (cost=0.99..84335.05 rows=21 width=27) (actual time=108.556..270.770 rows=142 loops=3)
                                                         Join Filter: (n.id = ci.person_id)
                                                         ->  Nested Loop  (cost=0.42..82155.29 rows=9 width=23) (actual time=105.361..259.713 rows=519 loops=3)
                                                               ->  Parallel Seq Scan on name n  (cost=0.00..81659.82 rows=40 width=19) (actual time=105.008..249.211 rows=2256 loops=3)
                                                                     Filter: (((name)::text ~~ '%Ang%'::text) AND ((gender)::text = 'f'::text))
                                                                     Rows Removed by Filter: 1386908
                                                               ->  Index Only Scan using person_id_aka_name on aka_name an  (cost=0.42..12.37 rows=2 width=4) (actual time=0.004..0.004 rows=0 loops=6768)
                                                                     Index Cond: (person_id = n.id)
                                                                     Heap Fetches: 1558
                                                         ->  Index Scan using person_id_cast_info on cast_info ci  (cost=0.56..242.03 rows=13 width=16) (actual time=0.020..0.021 rows=0 loops=1558)
                                                               Index Cond: (person_id = an.person_id)
                                                               Filter: ((note)::text = ANY ('{(voice),"(voice: Japanese version)","(voice) (uncredited)","(voice: English version)"}'::text[]))
                                                               Rows Removed by Filter: 44
                                                   ->  Hash  (cost=1.15..1.15 rows=1 width=4) (actual time=0.022..0.023 rows=1 loops=3)
                                                         Buckets: 1024  Batches: 1  Memory Usage: 9kB
                                                         ->  Seq Scan on role_type rt  (cost=0.00..1.15 rows=1 width=4) (actual time=0.013..0.015 rows=1 loops=3)
                                                               Filter: ((role)::text = 'actress'::text)
                                                               Rows Removed by Filter: 11
                                             ->  Index Scan using title_pkey on title t  (cost=0.43..1.40 rows=1 width=21) (actual time=0.010..0.010 rows=0 loops=425)
                                                   Index Cond: (id = ci.movie_id)
                                                   Filter: ((production_year >= 2005) AND (production_year <= 2009))
                                                   Rows Removed by Filter: 1
                                 ->  Index Only Scan using char_name_pkey on char_name chn  (cost=0.43..1.42 rows=1 width=4) (actual time=0.007..0.007 rows=1 loops=115)
                                       Index Cond: (id = ci.person_role_id)
                                       Heap Fetches: 102
                           ->  Index Scan using movie_id_movie_companies on movie_companies mc  (cost=0.43..2.71 rows=1 width=8) (actual time=0.010..0.012 rows=1 loops=102)
                                 Index Cond: (movie_id = ci.movie_id)
                                 Filter: ((note IS NOT NULL) AND (((note)::text ~~ '%(USA)%'::text) OR ((note)::text ~~ '%(worldwide)%'::text)))
                                 Rows Removed by Filter: 6
                     ->  Index Scan using company_name_pkey on company_name cn  (cost=0.42..1.20 rows=1 width=4) (actual time=0.006..0.006 rows=1 loops=79)
                           Index Cond: (id = mc.company_id)
                           Filter: ((country_code)::text = '[us]'::text)
                           Rows Removed by Filter: 0
               ->  Index Scan using movie_id_movie_info on movie_info mi  (cost=0.43..27.38 rows=1 width=8) (actual time=0.021..0.077 rows=2 loops=77)
                     Index Cond: (movie_id = ci.movie_id)
                     Filter: ((info IS NOT NULL) AND (((info)::text ~~ 'Japan:%200%'::text) OR ((info)::text ~~ 'USA:%200%'::text)))
                     Rows Removed by Filter: 166
         ->  Index Scan using info_type_pkey on info_type it  (cost=0.14..0.16 rows=1 width=4) (actual time=0.001..0.001 rows=1 loops=184)
               Index Cond: (id = mi.info_type_id)
               Filter: ((info)::text = 'release dates'::text)
 Planning Time: 24.493 ms
 Execution Time: 280.439 ms
(56 rows)

SET
                                                                                                   QUERY PLAN                                                                                                   
----------------------------------------------------------------------------------------------------------------------------------------------------------------------------------------------------------------
 Aggregate  (cost=55721.55..55721.56 rows=1 width=64) (actual time=136.515..136.515 rows=1 loops=1)
   ->  Nested Loop  (cost=1003.41..55721.55 rows=1 width=32) (actual time=119.341..136.500 rows=15 loops=1)
         ->  Nested Loop  (cost=1003.28..55721.37 rows=1 width=36) (actual time=119.320..136.459 rows=15 loops=1)
               Join Filter: (ci.person_id = n.id)
               ->  Nested Loop  (cost=1002.85..55719.84 rows=1 width=29) (actual time=112.268..135.453 rows=275 loops=1)
                     ->  Nested Loop  (cost=1002.70..55719.64 rows=1 width=33) (actual time=112.256..135.120 rows=275 loops=1)
                           Join Filter: (t.id = mi.movie_id)
                           ->  Nested Loop  (cost=1002.27..55692.13 rows=1 width=41) (actual time=112.215..116.575 rows=275 loops=1)
                                 ->  Nested Loop  (cost=1001.85..55690.86 rows=1 width=45) (actual time=112.189..116.036 rows=275 loops=1)
                                       ->  Nested Loop  (cost=1001.42..55689.20 rows=1 width=41) (actual time=112.152..115.082 rows=99 loops=1)
                                             ->  Nested Loop  (cost=1001.00..55687.75 rows=1 width=45) (actual time=112.122..114.057 rows=100 loops=1)
                                                   Join Filter: (t.id = ci.movie_id)
                                                   ->  Gather  (cost=1000.43..55645.55 rows=1 width=29) (actual time=112.059..112.135 rows=4 loops=1)
                                                         Workers Planned: 2
                                                         Workers Launched: 2
                                                         ->  Nested Loop  (cost=0.43..54645.45 rows=1 width=29) (actual time=102.897..109.761 rows=1 loops=3)
                                                               ->  Parallel Seq Scan on title t  (cost=0.00..54433.61 rows=10 width=21) (actual time=36.253..109.674 rows=2 loops=3)
                                                                     Filter: ((production_year >= 2007) AND (production_year <= 2008) AND ((title)::text ~~ '%Kung%Fu%Panda%'::text))
                                                                     Rows Removed by Filter: 842768
                                                               ->  Index Scan using movie_id_movie_companies on movie_companies mc  (cost=0.43..21.17 rows=1 width=8) (actual time=0.033..0.035 rows=1 loops=7)
                                                                     Index Cond: (movie_id = t.id)
                                                                     Filter: (((note)::text ~~ '%(200%)%'::text) AND (((note)::text ~~ '%(USA)%'::text) OR ((note)::text ~~ '%(worldwide)%'::text)))
                                                                     Rows Removed by Filter: 6
                                                   ->  Index Scan using movie_id_cast_info on cast_info ci  (cost=0.56..42.20 rows=1 width=16) (actual time=0.021..0.491 rows=25 loops=4)
                                                         Index Cond: (movie_id = mc.movie_id)
                                                         Filter: ((note)::text = '(voice)'::text)
                                                         Rows Removed by Filter: 127
                                             ->  Index Only Scan using char_name_pkey on char_name chn  (cost=0.43..1.45 rows=1 width=4) (actual time=0.010..0.010 rows=1 loops=100)
                                                   Index Cond: (id = ci.person_role_id)
                                                   Heap Fetches: 99
                                       ->  Index Only Scan using person_id_aka_name on aka_name an  (cost=0.42..1.64 rows=2 width=4) (actual time=0.007..0.009 rows=3 loops=99)
                                             Index Cond: (person_id = ci.person_id)
                                             Heap Fetches: 275
                                 ->  Index Scan using company_name_pkey on company_name cn  (cost=0.42..1.27 rows=1 width=4) (actual time=0.002..0.002 rows=1 loops=275)
                                       Index Cond: (id = mc.company_id)
                                       Filter: ((country_code)::text = '[us]'::text)
                           ->  Index Scan using movie_id_movie_info on movie_info mi  (cost=0.43..27.50 rows=1 width=8) (actual time=0.010..0.067 rows=1 loops=275)
                                 Index Cond: (movie_id = ci.movie_id)
                                 Filter: ((info IS NOT NULL) AND (((info)::text ~~ 'Japan:%2007%'::text) OR ((info)::text ~~ 'USA:%2008%'::text)))
                                 Rows Removed by Filter: 295
                     ->  Index Scan using info_type_pkey on info_type it  (cost=0.14..0.17 rows=1 width=4) (actual time=0.001..0.001 rows=1 loops=275)
                           Index Cond: (id = mi.info_type_id)
                           Filter: ((info)::text = 'release dates'::text)
               ->  Index Scan using name_pkey on name n  (cost=0.43..1.53 rows=1 width=19) (actual time=0.003..0.003 rows=0 loops=275)
                     Index Cond: (id = an.person_id)
                     Filter: (((name)::text ~~ '%Angel%'::text) AND ((gender)::text = 'f'::text))
                     Rows Removed by Filter: 1
         ->  Index Scan using role_type_pkey on role_type rt  (cost=0.14..0.16 rows=1 width=4) (actual time=0.002..0.002 rows=1 loops=15)
               Index Cond: (id = ci.role_id)
               Filter: ((role)::text = 'actress'::text)
 Planning Time: 23.234 ms
 Execution Time: 136.812 ms
(52 rows)

SET
                                                                                                  QUERY PLAN                                                                                                  
--------------------------------------------------------------------------------------------------------------------------------------------------------------------------------------------------------------
 Aggregate  (cost=222418.16..222418.17 rows=1 width=64) (actual time=1745.293..1745.293 rows=1 loops=1)
   ->  Nested Loop  (cost=84856.43..222418.15 rows=2 width=32) (actual time=284.188..1744.689 rows=3575 loops=1)
         Join Filter: (n.id = an.person_id)
         ->  Nested Loop  (cost=84856.00..222416.50 rows=1 width=40) (actual time=270.144..1738.271 rows=2632 loops=1)
               ->  Nested Loop  (cost=84855.58..222414.17 rows=2 width=44) (actual time=270.111..1714.489 rows=8585 loops=1)
                     ->  Hash Join  (cost=84855.15..222411.47 rows=1 width=52) (actual time=270.059..1702.561 rows=2129 loops=1)
                           Hash Cond: (mi.info_type_id = it.id)
                           ->  Nested Loop  (cost=84852.73..222408.95 rows=36 width=56) (actual time=270.012..1701.905 rows=2129 loops=1)
                                 ->  Nested Loop  (cost=84852.29..219906.63 rows=92 width=48) (actual time=269.927..1631.759 rows=3349 loops=1)
                                       ->  Nested Loop  (cost=84851.86..219669.76 rows=170 width=27) (actual time=269.887..1594.907 rows=5686 loops=1)
                                             ->  Hash Join  (cost=84851.43..219172.23 rows=351 width=31) (actual time=269.843..1569.625 rows=6552 loops=1)
                                                   Hash Cond: (ci.person_id = n.id)
                                                   ->  Nested Loop  (cost=0.56..134124.20 rows=75106 width=12) (actual time=0.212..1278.570 rows=276166 loops=1)
                                                         ->  Seq Scan on role_type rt  (cost=0.00..1.15 rows=1 width=4) (actual time=0.009..0.012 rows=1 loops=1)
                                                               Filter: ((role)::text = 'actress'::text)
                                                               Rows Removed by Filter: 11
                                                         ->  Index Scan using role_id_cast_info on cast_info ci  (cost=0.56..133303.71 rows=81934 width=16) (actual time=0.201..1255.173 rows=276166 loops=1)
                                                               Index Cond: (role_id = rt.id)
                                                               Filter: ((note)::text = ANY ('{(voice),"(voice: Japanese version)","(voice) (uncredited)","(voice: English version)"}'::text[]))
                                                               Rows Removed by Filter: 7175807
                                                   ->  Hash  (cost=84607.42..84607.42 rows=19476 width=19) (actual time=264.236..264.236 rows=50011 loops=1)
                                                         Buckets: 65536 (originally 32768)  Batches: 1 (originally 1)  Memory Usage: 3135kB
                                                         ->  Gather  (cost=1000.00..84607.42 rows=19476 width=19) (actual time=107.068..255.339 rows=50011 loops=1)
                                                               Workers Planned: 2
                                                               Workers Launched: 2
                                                               ->  Parallel Seq Scan on name n  (cost=0.00..81659.82 rows=8115 width=19) (actual time=105.004..249.823 rows=16670 loops=3)
                                                                     Filter: (((name)::text ~~ '%An%'::text) AND ((gender)::text = 'f'::text))
                                                                     Rows Removed by Filter: 1372493
                                             ->  Index Only Scan using char_name_pkey on char_name chn  (cost=0.43..1.42 rows=1 width=4) (actual time=0.003..0.003 rows=1 loops=6552)
                                                   Index Cond: (id = ci.person_role_id)
                                                   Heap Fetches: 5686
                                       ->  Index Scan using title_pkey on title t  (cost=0.43..1.39 rows=1 width=21) (actual time=0.006..0.006 rows=1 loops=5686)
                                             Index Cond: (id = ci.movie_id)
                                             Filter: (production_year > 2000)
                                             Rows Removed by Filter: 0
                                 ->  Index Scan using movie_id_movie_info on movie_info mi  (cost=0.43..27.19 rows=1 width=8) (actual time=0.014..0.021 rows=1 loops=3349)
                                       Index Cond: (movie_id = t.id)
                                       Filter: ((info IS NOT NULL) AND (((info)::text ~~ 'Japan:%200%'::text) OR ((info)::text ~~ 'USA:%200%'::text)))
                                       Rows Removed by Filter: 15
                           ->  Hash  (cost=2.41..2.41 rows=1 width=4) (actual time=0.021..0.021 rows=1 loops=1)
                                 Buckets: 1024  Batches: 1  Memory Usage: 9kB
                                 ->  Seq Scan on info_type it  (cost=0.00..2.41 rows=1 width=4) (actual time=0.009..0.015 rows=1 loops=1)
                                       Filter: ((info)::text = 'release dates'::text)
                                       Rows Removed by Filter: 112
                     ->  Index Scan using movie_id_movie_companies on movie_companies mc  (cost=0.43..2.65 rows=5 width=8) (actual time=0.003..0.005 rows=4 loops=2129)
                           Index Cond: (movie_id = t.id)
               ->  Index Scan using company_name_pkey on company_name cn  (cost=0.42..1.16 rows=1 width=4) (actual time=0.003..0.003 rows=0 loops=8585)
                     Index Cond: (id = mc.company_id)
                     Filter: ((country_code)::text = '[us]'::text)
                     Rows Removed by Filter: 1
         ->  Index Only Scan using person_id_aka_name on aka_name an  (cost=0.42..1.63 rows=2 width=4) (actual time=0.002..0.002 rows=1 loops=2632)
               Index Cond: (person_id = ci.person_id)
               Heap Fetches: 3575
 Planning Time: 24.082 ms
 Execution Time: 1745.684 ms
(55 rows)

SET
                                                                                                           QUERY PLAN                                                                                                           
--------------------------------------------------------------------------------------------------------------------------------------------------------------------------------------------------------------------------------
 Finalize Aggregate  (cost=283172.99..283173.00 rows=1 width=64) (actual time=8168.766..8168.766 rows=1 loops=1)
   ->  Gather  (cost=283172.77..283172.98 rows=2 width=64) (actual time=5923.397..8173.574 rows=3 loops=1)
         Workers Planned: 2
         Workers Launched: 2
         ->  Partial Aggregate  (cost=282172.77..282172.78 rows=1 width=64) (actual time=6716.419..6716.419 rows=1 loops=3)
               ->  Nested Loop  (cost=135435.02..282167.07 rows=1140 width=32) (actual time=2077.445..6638.526 rows=586882 loops=3)
                     ->  Nested Loop  (cost=135434.60..281402.94 rows=465 width=40) (actual time=2076.649..6052.270 rows=262348 loops=3)
                           ->  Nested Loop  (cost=135434.18..279915.09 rows=1278 width=44) (actual time=2076.223..3876.930 rows=1076352 loops=3)
                                 Join Filter: (t.id = mc.movie_id)
                                 ->  Hash Join  (cost=135433.75..279235.89 rows=255 width=52) (actual time=2076.036..3325.318 rows=113945 loops=3)
                                       Hash Cond: (mi.info_type_id = it.id)
                                       ->  Nested Loop  (cost=135431.32..279154.95 rows=28832 width=56) (actual time=2075.942..3270.591 rows=540998 loops=3)
                                             ->  Nested Loop  (cost=135430.89..226932.18 rows=1906 width=48) (actual time=2075.919..2850.359 rows=53102 loops=3)
                                                   ->  Nested Loop  (cost=135430.46..221350.20 rows=3938 width=52) (actual time=2075.891..2616.222 rows=56088 loops=3)
                                                         ->  Hash Join  (cost=135430.03..195430.35 rows=17020 width=33) (actual time=2075.859..2400.945 rows=56136 loops=3)
                                                               Hash Cond: (t.id = ci.movie_id)
                                                               ->  Parallel Seq Scan on title t  (cost=0.00..49166.29 rows=572932 width=21) (actual time=0.039..120.711 rows=460484 loops=3)
                                                                     Filter: (production_year > 2000)
                                                                     Rows Removed by Filter: 382286
                                                               ->  Hash  (cost=134124.20..134124.20 rows=75106 width=12) (actual time=2074.991..2074.992 rows=276166 loops=3)
                                                                     Buckets: 131072 (originally 131072)  Batches: 4 (originally 2)  Memory Usage: 3984kB
                                                                     ->  Nested Loop  (cost=0.56..134124.20 rows=75106 width=12) (actual time=0.156..2020.941 rows=276166 loops=3)
                                                                           ->  Seq Scan on role_type rt  (cost=0.00..1.15 rows=1 width=4) (actual time=0.014..0.017 rows=1 loops=3)
                                                                                 Filter: ((role)::text = 'actress'::text)
                                                                                 Rows Removed by Filter: 11
                                                                           ->  Index Scan using role_id_cast_info on cast_info ci  (cost=0.56..133303.71 rows=81934 width=16) (actual time=0.139..1997.726 rows=276166 loops=3)
                                                                                 Index Cond: (role_id = rt.id)
                                                                                 Filter: ((note)::text = ANY ('{(voice),"(voice: Japanese version)","(voice) (uncredited)","(voice: English version)"}'::text[]))
                                                                                 Rows Removed by Filter: 7175807
                                                         ->  Index Scan using name_pkey on name n  (cost=0.43..1.52 rows=1 width=19) (actual time=0.003..0.003 rows=1 loops=168407)
                                                               Index Cond: (id = ci.person_id)
                                                               Filter: ((gender)::text = 'f'::text)
                                                               Rows Removed by Filter: 0
                                                   ->  Index Only Scan using char_name_pkey on char_name chn  (cost=0.43..1.42 rows=1 width=4) (actual time=0.004..0.004 rows=1 loops=168264)
                                                         Index Cond: (id = ci.person_role_id)
                                                         Heap Fetches: 159307
                                             ->  Index Scan using movie_id_movie_info on movie_info mi  (cost=0.43..26.98 rows=42 width=8) (actual time=0.003..0.007 rows=10 loops=159307)
                                                   Index Cond: (movie_id = t.id)
                                       ->  Hash  (cost=2.41..2.41 rows=1 width=4) (actual time=0.026..0.027 rows=1 loops=3)
                                             Buckets: 1024  Batches: 1  Memory Usage: 9kB
                                             ->  Seq Scan on info_type it  (cost=0.00..2.41 rows=1 width=4) (actual time=0.016..0.022 rows=1 loops=3)
                                                   Filter: ((info)::text = 'release dates'::text)
                                                   Rows Removed by Filter: 112
                                 ->  Index Scan using movie_id_movie_companies on movie_companies mc  (cost=0.43..2.60 rows=5 width=8) (actual time=0.002..0.003 rows=9 loops=341836)
                                       Index Cond: (movie_id = mi.movie_id)
                           ->  Index Scan using company_name_pkey on company_name cn  (cost=0.42..1.16 rows=1 width=4) (actual time=0.002..0.002 rows=0 loops=3229056)
                                 Index Cond: (id = mc.company_id)
                                 Filter: ((country_code)::text = '[us]'::text)
                                 Rows Removed by Filter: 1
                     ->  Index Only Scan using person_id_aka_name on aka_name an  (cost=0.42..1.62 rows=2 width=4) (actual time=0.001..0.002 rows=2 loops=787043)
                           Index Cond: (person_id = n.id)
                           Heap Fetches: 1760645
 Planning Time: 25.716 ms
 Execution Time: 8173.968 ms
(54 rows)

SET
                                                                                                 QUERY PLAN                                                                                                 
------------------------------------------------------------------------------------------------------------------------------------------------------------------------------------------------------------
 Finalize Aggregate  (cost=19539.97..19539.98 rows=1 width=68) (actual time=82.441..82.441 rows=1 loops=1)
   ->  Gather  (cost=19539.75..19539.96 rows=2 width=68) (actual time=72.757..83.607 rows=3 loops=1)
         Workers Planned: 2
         Workers Launched: 2
         ->  Partial Aggregate  (cost=18539.75..18539.76 rows=1 width=68) (actual time=75.110..75.110 rows=1 loops=3)
               ->  Nested Loop  (cost=4.35..18539.42 rows=44 width=45) (actual time=70.317..75.089 rows=47 loops=3)
                     Join Filter: (mc.movie_id = t.id)
                     ->  Hash Join  (cost=3.92..18513.70 rows=44 width=32) (actual time=70.282..74.354 rows=47 loops=3)
                           Hash Cond: (mc.company_type_id = ct.id)
                           ->  Nested Loop  (cost=2.86..18511.69 rows=177 width=36) (actual time=70.205..74.264 rows=49 loops=3)
                                 ->  Hash Join  (cost=2.43..15253.60 rows=5089 width=4) (actual time=70.125..70.157 rows=83 loops=3)
                                       Hash Cond: (mi_idx.info_type_id = it.id)
                                       ->  Parallel Seq Scan on movie_info_idx mi_idx  (cost=0.00..13685.15 rows=575015 width=8) (actual time=0.017..37.999 rows=460012 loops=3)
                                       ->  Hash  (cost=2.41..2.41 rows=1 width=4) (actual time=0.019..0.019 rows=1 loops=3)
                                             Buckets: 1024  Batches: 1  Memory Usage: 9kB
                                             ->  Seq Scan on info_type it  (cost=0.00..2.41 rows=1 width=4) (actual time=0.016..0.017 rows=1 loops=3)
                                                   Filter: ((info)::text = 'top 250 rank'::text)
                                                   Rows Removed by Filter: 112
                                 ->  Index Scan using movie_id_movie_companies on movie_companies mc  (cost=0.43..0.63 rows=1 width=32) (actual time=0.048..0.049 rows=1 loops=250)
                                       Index Cond: (movie_id = mi_idx.movie_id)
                                       Filter: (((note)::text !~~ '%(as Metro-Goldwyn-Mayer Pictures)%'::text) AND (((note)::text ~~ '%(co-production)%'::text) OR ((note)::text ~~ '%(presents)%'::text)))
                                       Rows Removed by Filter: 33
                           ->  Hash  (cost=1.05..1.05 rows=1 width=4) (actual time=0.022..0.022 rows=1 loops=3)
                                 Buckets: 1024  Batches: 1  Memory Usage: 9kB
                                 ->  Seq Scan on company_type ct  (cost=0.00..1.05 rows=1 width=4) (actual time=0.016..0.017 rows=1 loops=3)
                                       Filter: ((kind)::text = 'production companies'::text)
                                       Rows Removed by Filter: 3
                     ->  Index Scan using title_pkey on title t  (cost=0.43..0.57 rows=1 width=25) (actual time=0.015..0.015 rows=1 loops=142)
                           Index Cond: (id = mi_idx.movie_id)
 Planning Time: 2.333 ms
 Execution Time: 83.766 ms
(31 rows)

SET
                                                                                   QUERY PLAN                                                                                    
---------------------------------------------------------------------------------------------------------------------------------------------------------------------------------
 Finalize Aggregate  (cost=20131.19..20131.20 rows=1 width=68) (actual time=73.095..73.095 rows=1 loops=1)
   ->  Gather  (cost=20130.96..20131.17 rows=2 width=68) (actual time=73.089..73.364 rows=3 loops=1)
         Workers Planned: 2
         Workers Launched: 2
         ->  Partial Aggregate  (cost=19130.96..19130.97 rows=1 width=68) (actual time=70.332..70.332 rows=1 loops=3)
               ->  Hash Join  (cost=4.35..19124.19 rows=903 width=45) (actual time=70.326..70.327 rows=1 loops=3)
                     Hash Cond: (mc.company_type_id = ct.id)
                     ->  Nested Loop  (cost=3.29..19103.60 rows=3612 width=49) (actual time=70.174..70.248 rows=22 loops=3)
                           Join Filter: (t.id = mc.movie_id)
                           ->  Nested Loop  (cost=2.86..18189.65 rows=1422 width=29) (actual time=70.162..70.186 rows=1 loops=3)
                                 ->  Hash Join  (cost=2.43..15253.60 rows=5089 width=4) (actual time=70.095..70.098 rows=3 loops=3)
                                       Hash Cond: (mi_idx.info_type_id = it.id)
                                       ->  Parallel Seq Scan on movie_info_idx mi_idx  (cost=0.00..13685.15 rows=575015 width=8) (actual time=0.020..37.877 rows=460012 loops=3)
                                       ->  Hash  (cost=2.41..2.41 rows=1 width=4) (actual time=0.018..0.018 rows=1 loops=3)
                                             Buckets: 1024  Batches: 1  Memory Usage: 9kB
                                             ->  Seq Scan on info_type it  (cost=0.00..2.41 rows=1 width=4) (actual time=0.015..0.015 rows=1 loops=3)
                                                   Filter: ((info)::text = 'bottom 10 rank'::text)
                                                   Rows Removed by Filter: 112
                                 ->  Index Scan using title_pkey on title t  (cost=0.43..0.58 rows=1 width=25) (actual time=0.026..0.026 rows=0 loops=10)
                                       Index Cond: (id = mi_idx.movie_id)
                                       Filter: ((production_year >= 2005) AND (production_year <= 2010))
                                       Rows Removed by Filter: 1
                           ->  Index Scan using movie_id_movie_companies on movie_companies mc  (cost=0.43..0.61 rows=3 width=32) (actual time=0.031..0.044 rows=16 loops=4)
                                 Index Cond: (movie_id = mi_idx.movie_id)
                                 Filter: ((note)::text !~~ '%(as Metro-Goldwyn-Mayer Pictures)%'::text)
                                 Rows Removed by Filter: 2
                     ->  Hash  (cost=1.05..1.05 rows=1 width=4) (actual time=0.022..0.022 rows=1 loops=3)
                           Buckets: 1024  Batches: 1  Memory Usage: 9kB
                           ->  Seq Scan on company_type ct  (cost=0.00..1.05 rows=1 width=4) (actual time=0.017..0.018 rows=1 loops=3)
                                 Filter: ((kind)::text = 'production companies'::text)
                                 Rows Removed by Filter: 3
 Planning Time: 1.839 ms
 Execution Time: 73.509 ms
(33 rows)

SET
                                                                                     QUERY PLAN                                                                                     
------------------------------------------------------------------------------------------------------------------------------------------------------------------------------------
 Finalize Aggregate  (cost=19461.56..19461.57 rows=1 width=68) (actual time=77.713..77.713 rows=1 loops=1)
   ->  Gather  (cost=19461.33..19461.54 rows=2 width=68) (actual time=75.175..79.039 rows=3 loops=1)
         Workers Planned: 2
         Workers Launched: 2
         ->  Partial Aggregate  (cost=18461.33..18461.34 rows=1 width=68) (actual time=72.732..72.732 rows=1 loops=3)
               ->  Nested Loop  (cost=4.35..18461.31 rows=3 width=45) (actual time=71.785..72.727 rows=1 loops=3)
                     Join Filter: (mc.movie_id = t.id)
                     ->  Hash Join  (cost=3.92..18449.57 rows=20 width=32) (actual time=70.799..72.684 rows=8 loops=3)
                           Hash Cond: (mc.company_type_id = ct.id)
                           ->  Nested Loop  (cost=2.86..18448.07 rows=81 width=36) (actual time=70.725..72.608 rows=8 loops=3)
                                 ->  Hash Join  (cost=2.43..15253.60 rows=5089 width=4) (actual time=69.995..70.021 rows=83 loops=3)
                                       Hash Cond: (mi_idx.info_type_id = it.id)
                                       ->  Parallel Seq Scan on movie_info_idx mi_idx  (cost=0.00..13685.15 rows=575015 width=8) (actual time=0.021..37.733 rows=460012 loops=3)
                                       ->  Hash  (cost=2.41..2.41 rows=1 width=4) (actual time=0.017..0.017 rows=1 loops=3)
                                             Buckets: 1024  Batches: 1  Memory Usage: 9kB
                                             ->  Seq Scan on info_type it  (cost=0.00..2.41 rows=1 width=4) (actual time=0.014..0.014 rows=1 loops=3)
                                                   Filter: ((info)::text = 'top 250 rank'::text)
                                                   Rows Removed by Filter: 112
                                 ->  Index Scan using movie_id_movie_companies on movie_companies mc  (cost=0.43..0.62 rows=1 width=32) (actual time=0.031..0.031 rows=0 loops=250)
                                       Index Cond: (movie_id = mi_idx.movie_id)
                                       Filter: (((note)::text !~~ '%(as Metro-Goldwyn-Mayer Pictures)%'::text) AND ((note)::text ~~ '%(co-production)%'::text))
                                       Rows Removed by Filter: 33
                           ->  Hash  (cost=1.05..1.05 rows=1 width=4) (actual time=0.018..0.019 rows=1 loops=3)
                                 Buckets: 1024  Batches: 1  Memory Usage: 9kB
                                 ->  Seq Scan on company_type ct  (cost=0.00..1.05 rows=1 width=4) (actual time=0.014..0.014 rows=1 loops=3)
                                       Filter: ((kind)::text = 'production companies'::text)
                                       Rows Removed by Filter: 3
                     ->  Index Scan using title_pkey on title t  (cost=0.43..0.57 rows=1 width=25) (actual time=0.005..0.005 rows=0 loops=23)
                           Index Cond: (id = mi_idx.movie_id)
                           Filter: (production_year > 2010)
                           Rows Removed by Filter: 1
 Planning Time: 1.847 ms
 Execution Time: 79.192 ms
(33 rows)

SET
                                                                                   QUERY PLAN                                                                                    
---------------------------------------------------------------------------------------------------------------------------------------------------------------------------------
 Finalize Aggregate  (cost=20988.46..20988.47 rows=1 width=68) (actual time=72.810..72.810 rows=1 loops=1)
   ->  Gather  (cost=20988.24..20988.45 rows=2 width=68) (actual time=72.310..73.607 rows=3 loops=1)
         Workers Planned: 2
         Workers Launched: 2
         ->  Partial Aggregate  (cost=19988.24..19988.25 rows=1 width=68) (actual time=70.088..70.088 rows=1 loops=3)
               ->  Hash Join  (cost=4.35..19975.05 rows=1758 width=45) (actual time=70.067..70.083 rows=1 loops=3)
                     Hash Cond: (mc.company_type_id = ct.id)
                     ->  Nested Loop  (cost=3.29..19935.98 rows=7030 width=49) (actual time=69.918..70.011 rows=26 loops=3)
                           ->  Nested Loop  (cost=2.86..18176.93 rows=2768 width=29) (actual time=69.894..69.930 rows=2 loops=3)
                                 ->  Hash Join  (cost=2.43..15253.60 rows=5089 width=4) (actual time=69.870..69.872 rows=3 loops=3)
                                       Hash Cond: (mi_idx.info_type_id = it.id)
                                       ->  Parallel Seq Scan on movie_info_idx mi_idx  (cost=0.00..13685.15 rows=575015 width=8) (actual time=0.023..37.744 rows=460012 loops=3)
                                       ->  Hash  (cost=2.41..2.41 rows=1 width=4) (actual time=0.019..0.020 rows=1 loops=3)
                                             Buckets: 1024  Batches: 1  Memory Usage: 9kB
                                             ->  Seq Scan on info_type it  (cost=0.00..2.41 rows=1 width=4) (actual time=0.017..0.017 rows=1 loops=3)
                                                   Filter: ((info)::text = 'bottom 10 rank'::text)
                                                   Rows Removed by Filter: 112
                                 ->  Index Scan using title_pkey on title t  (cost=0.43..0.57 rows=1 width=25) (actual time=0.017..0.017 rows=1 loops=10)
                                       Index Cond: (id = mi_idx.movie_id)
                                       Filter: (production_year > 2000)
                                       Rows Removed by Filter: 0
                           ->  Index Scan using movie_id_movie_companies on movie_companies mc  (cost=0.43..0.61 rows=3 width=32) (actual time=0.029..0.039 rows=13 loops=6)
                                 Index Cond: (movie_id = t.id)
                                 Filter: ((note)::text !~~ '%(as Metro-Goldwyn-Mayer Pictures)%'::text)
                                 Rows Removed by Filter: 2
                     ->  Hash  (cost=1.05..1.05 rows=1 width=4) (actual time=0.018..0.018 rows=1 loops=3)
                           Buckets: 1024  Batches: 1  Memory Usage: 9kB
                           ->  Seq Scan on company_type ct  (cost=0.00..1.05 rows=1 width=4) (actual time=0.014..0.014 rows=1 loops=3)
                                 Filter: ((kind)::text = 'production companies'::text)
                                 Rows Removed by Filter: 3
 Planning Time: 1.771 ms
 Execution Time: 73.766 ms
(32 rows)

SET
                                                                                             QUERY PLAN                                                                                             
----------------------------------------------------------------------------------------------------------------------------------------------------------------------------------------------------
 Aggregate  (cost=12310.45..12310.46 rows=1 width=32) (actual time=3440.622..3440.622 rows=1 loops=1)
   ->  Nested Loop  (cost=9.02..12310.44 rows=1 width=17) (actual time=48.646..3440.584 rows=33 loops=1)
         ->  Nested Loop  (cost=8.59..12309.99 rows=1 width=21) (actual time=48.620..3440.199 rows=33 loops=1)
               ->  Nested Loop  (cost=8.16..12304.93 rows=11 width=25) (actual time=5.184..2052.072 rows=532809 loops=1)
                     Join Filter: (t.id = ci.movie_id)
                     ->  Nested Loop  (cost=7.60..12298.97 rows=3 width=29) (actual time=5.151..482.737 rows=6016 loops=1)
                           Join Filter: (t.kind_id = kt.id)
                           Rows Removed by Join Filter: 1347
                           ->  Seq Scan on kind_type kt  (cost=0.00..1.09 rows=1 width=4) (actual time=0.015..0.017 rows=1 loops=1)
                                 Filter: ((kind)::text = 'movie'::text)
                                 Rows Removed by Filter: 6
                           ->  Nested Loop  (cost=7.60..12297.62 rows=21 width=33) (actual time=1.077..481.109 rows=7363 loops=1)
                                 ->  Nested Loop  (cost=7.17..12286.40 rows=23 width=8) (actual time=1.048..417.355 rows=8765 loops=1)
                                       Join Filter: (cc.status_id = cct2.id)
                                       Rows Removed by Join Filter: 8765
                                       ->  Seq Scan on comp_cast_type cct2  (cost=0.00..1.05 rows=1 width=4) (actual time=0.011..0.012 rows=2 loops=1)
                                             Filter: ((kind)::text ~~ '%complete%'::text)
                                             Rows Removed by Filter: 2
                                       ->  Nested Loop  (cost=7.17..12284.17 rows=94 width=12) (actual time=0.858..207.192 rows=8765 loops=2)
                                             Join Filter: (cc.subject_id = cct1.id)
                                             Rows Removed by Join Filter: 4045
                                             ->  Seq Scan on comp_cast_type cct1  (cost=0.00..1.05 rows=1 width=4) (actual time=0.001..0.003 rows=1 loops=2)
                                                   Filter: ((kind)::text = 'cast'::text)
                                                   Rows Removed by Filter: 3
                                             ->  Nested Loop  (cost=7.17..12278.42 rows=376 width=16) (actual time=0.855..205.192 rows=12810 loops=2)
                                                   ->  Nested Loop  (cost=6.75..12149.91 rows=270 width=4) (actual time=0.618..131.974 rows=35548 loops=2)
                                                         ->  Seq Scan on keyword k  (cost=0.00..3632.40 rows=8 width=4) (actual time=0.111..29.774 rows=8 loops=2)
                                                               Filter: ((keyword)::text = ANY ('{superhero,sequel,second-part,marvel-comics,based-on-comic,tv-special,fight,violence}'::text[]))
                                                               Rows Removed by Filter: 134162
                                                         ->  Bitmap Heap Scan on movie_keyword mk  (cost=6.75..1061.70 rows=299 width=8) (actual time=1.085..12.265 rows=4444 loops=16)
                                                               Recheck Cond: (keyword_id = k.id)
                                                               Heap Blocks: exact=46976
                                                               ->  Bitmap Index Scan on keyword_id_movie_keyword  (cost=0.00..6.67 rows=299 width=0) (actual time=0.601..0.601 rows=4444 loops=16)
                                                                     Index Cond: (keyword_id = k.id)
                                                   ->  Index Scan using movie_id_complete_cast on complete_cast cc  (cost=0.42..0.46 rows=2 width=12) (actual time=0.002..0.002 rows=0 loops=71096)
                                                         Index Cond: (movie_id = mk.movie_id)
                                 ->  Index Scan using title_pkey on title t  (cost=0.43..0.49 rows=1 width=25) (actual time=0.007..0.007 rows=1 loops=8765)
                                       Index Cond: (id = mk.movie_id)
                                       Filter: (production_year > 1950)
                                       Rows Removed by Filter: 0
                     ->  Index Scan using movie_id_cast_info on cast_info ci  (cost=0.56..1.52 rows=37 width=12) (actual time=0.010..0.245 rows=89 loops=6016)
                           Index Cond: (movie_id = mk.movie_id)
               ->  Index Scan using char_name_pkey on char_name chn  (cost=0.43..0.46 rows=1 width=4) (actual time=0.002..0.002 rows=0 loops=532809)
                     Index Cond: (id = ci.person_role_id)
                     Filter: (((name)::text !~~ '%Sherlock%'::text) AND (((name)::text ~~ '%Tony%Stark%'::text) OR ((name)::text ~~ '%Iron%Man%'::text)))
                     Rows Removed by Filter: 0
         ->  Index Only Scan using name_pkey on name n  (cost=0.43..0.45 rows=1 width=4) (actual time=0.011..0.011 rows=1 loops=33)
               Index Cond: (id = ci.person_id)
               Heap Fetches: 33
 Planning Time: 15.802 ms
 Execution Time: 3440.886 ms
(51 rows)

SET
                                                                                            QUERY PLAN                                                                                             
---------------------------------------------------------------------------------------------------------------------------------------------------------------------------------------------------
 Aggregate  (cost=12304.81..12304.82 rows=1 width=32) (actual time=2668.528..2668.529 rows=1 loops=1)
   ->  Nested Loop  (cost=9.02..12304.81 rows=1 width=17) (actual time=59.661..2668.498 rows=17 loops=1)
         ->  Nested Loop  (cost=8.59..12304.35 rows=1 width=21) (actual time=59.649..2668.187 rows=27 loops=1)
               ->  Nested Loop  (cost=8.16..12301.15 rows=7 width=25) (actual time=7.981..1324.178 rows=222518 loops=1)
                     Join Filter: (t.id = ci.movie_id)
                     ->  Nested Loop  (cost=7.60..12297.17 rows=2 width=29) (actual time=7.940..647.627 rows=1472 loops=1)
                           Join Filter: (cc.status_id = cct2.id)
                           Rows Removed by Join Filter: 1472
                           ->  Seq Scan on comp_cast_type cct2  (cost=0.00..1.05 rows=1 width=4) (actual time=0.011..0.012 rows=2 loops=1)
                                 Filter: ((kind)::text ~~ '%complete%'::text)
                                 Rows Removed by Filter: 2
                           ->  Nested Loop  (cost=7.60..12296.04 rows=7 width=33) (actual time=5.869..323.443 rows=1472 loops=2)
                                 Join Filter: (cc.subject_id = cct1.id)
                                 Rows Removed by Join Filter: 243
                                 ->  Seq Scan on comp_cast_type cct1  (cost=0.00..1.05 rows=1 width=4) (actual time=0.001..0.003 rows=1 loops=2)
                                       Filter: ((kind)::text = 'cast'::text)
                                       Rows Removed by Filter: 3
                                 ->  Nested Loop  (cost=7.60..12294.62 rows=29 width=37) (actual time=5.866..323.020 rows=1715 loops=2)
                                       ->  Nested Loop  (cost=7.18..12284.58 rows=21 width=25) (actual time=5.779..306.138 rows=6043 loops=2)
                                             Join Filter: (t.kind_id = kt.id)
                                             Rows Removed by Join Filter: 8122
                                             ->  Seq Scan on kind_type kt  (cost=0.00..1.09 rows=1 width=4) (actual time=0.004..0.006 rows=1 loops=2)
                                                   Filter: ((kind)::text = 'movie'::text)
                                                   Rows Removed by Filter: 6
                                             ->  Nested Loop  (cost=7.18..12281.66 rows=147 width=29) (actual time=0.630..304.330 rows=14165 loops=2)
                                                   ->  Nested Loop  (cost=6.75..12149.91 rows=270 width=4) (actual time=0.614..130.216 rows=35548 loops=2)
                                                         ->  Seq Scan on keyword k  (cost=0.00..3632.40 rows=8 width=4) (actual time=0.111..29.920 rows=8 loops=2)
                                                               Filter: ((keyword)::text = ANY ('{superhero,sequel,second-part,marvel-comics,based-on-comic,tv-special,fight,violence}'::text[]))
                                                               Rows Removed by Filter: 134162
                                                         ->  Bitmap Heap Scan on movie_keyword mk  (cost=6.75..1061.70 rows=299 width=8) (actual time=1.087..12.042 rows=4444 loops=16)
                                                               Recheck Cond: (keyword_id = k.id)
                                                               Heap Blocks: exact=46976
                                                               ->  Bitmap Index Scan on keyword_id_movie_keyword  (cost=0.00..6.67 rows=299 width=0) (actual time=0.603..0.603 rows=4444 loops=16)
                                                                     Index Cond: (keyword_id = k.id)
                                                   ->  Index Scan using title_pkey on title t  (cost=0.43..0.49 rows=1 width=25) (actual time=0.005..0.005 rows=0 loops=71096)
                                                         Index Cond: (id = mk.movie_id)
                                                         Filter: (production_year > 2000)
                                                         Rows Removed by Filter: 1
                                       ->  Index Scan using movie_id_complete_cast on complete_cast cc  (cost=0.42..0.46 rows=2 width=12) (actual time=0.002..0.003 rows=0 loops=12086)
                                             Index Cond: (movie_id = t.id)
                     ->  Index Scan using movie_id_cast_info on cast_info ci  (cost=0.56..1.52 rows=37 width=12) (actual time=0.012..0.429 rows=151 loops=1472)
                           Index Cond: (movie_id = mk.movie_id)
               ->  Index Scan using name_pkey on name n  (cost=0.43..0.46 rows=1 width=4) (actual time=0.006..0.006 rows=0 loops=222518)
                     Index Cond: (id = ci.person_id)
                     Filter: ((name)::text ~~ '%Downey%Robert%'::text)
                     Rows Removed by Filter: 1
         ->  Index Scan using char_name_pkey on char_name chn  (cost=0.43..0.46 rows=1 width=4) (actual time=0.010..0.010 rows=1 loops=27)
               Index Cond: (id = ci.person_role_id)
               Filter: (((name)::text !~~ '%Sherlock%'::text) AND (((name)::text ~~ '%Tony%Stark%'::text) OR ((name)::text ~~ '%Iron%Man%'::text)))
               Rows Removed by Filter: 0
 Planning Time: 15.968 ms
 Execution Time: 2668.717 ms
(52 rows)

SET
                                                                                             QUERY PLAN                                                                                             
----------------------------------------------------------------------------------------------------------------------------------------------------------------------------------------------------
 Aggregate  (cost=14665.13..14665.14 rows=1 width=64) (actual time=1502.738..1502.738 rows=1 loops=1)
   ->  Nested Loop  (cost=9.02..14665.12 rows=1 width=32) (actual time=7.811..1501.353 rows=5406 loops=1)
         ->  Nested Loop  (cost=8.59..14664.67 rows=1 width=21) (actual time=7.781..1457.766 rows=5406 loops=1)
               ->  Nested Loop  (cost=8.16..14661.01 rows=8 width=25) (actual time=7.482..1031.569 rows=189844 loops=1)
                     Join Filter: (t.id = ci.movie_id)
                     ->  Nested Loop  (cost=7.60..14657.03 rows=2 width=29) (actual time=7.437..494.976 rows=1267 loops=1)
                           Join Filter: (cc.status_id = cct2.id)
                           Rows Removed by Join Filter: 1267
                           ->  Seq Scan on comp_cast_type cct2  (cost=0.00..1.05 rows=1 width=4) (actual time=0.011..0.012 rows=2 loops=1)
                                 Filter: ((kind)::text ~~ '%complete%'::text)
                                 Rows Removed by Filter: 2
                           ->  Nested Loop  (cost=7.60..14655.87 rows=9 width=33) (actual time=5.584..247.216 rows=1267 loops=2)
                                 Join Filter: (cc.subject_id = cct1.id)
                                 Rows Removed by Join Filter: 218
                                 ->  Seq Scan on comp_cast_type cct1  (cost=0.00..1.05 rows=1 width=4) (actual time=0.002..0.002 rows=1 loops=2)
                                       Filter: ((kind)::text = 'cast'::text)
                                       Rows Removed by Filter: 3
                                 ->  Nested Loop  (cost=7.60..14654.36 rows=37 width=37) (actual time=5.581..246.855 rows=1485 loops=2)
                                       ->  Nested Loop  (cost=7.18..14641.93 rows=26 width=25) (actual time=5.500..233.046 rows=5032 loops=2)
                                             Join Filter: (t.kind_id = kt.id)
                                             Rows Removed by Join Filter: 5581
                                             ->  Seq Scan on kind_type kt  (cost=0.00..1.09 rows=1 width=4) (actual time=0.004..0.006 rows=1 loops=2)
                                                   Filter: ((kind)::text = 'movie'::text)
                                                   Rows Removed by Filter: 6
                                             ->  Nested Loop  (cost=7.18..14638.55 rows=183 width=29) (actual time=0.655..231.657 rows=10613 loops=2)
                                                   ->  Nested Loop  (cost=6.75..14474.11 rows=337 width=4) (actual time=0.639..108.776 rows=24091 loops=2)
                                                         ->  Seq Scan on keyword k  (cost=0.00..3967.82 rows=10 width=4) (actual time=0.136..35.941 rows=10 loops=2)
                                                               Filter: ((keyword)::text = ANY ('{superhero,marvel-comics,based-on-comic,tv-special,fight,violence,magnet,web,claw,laser}'::text[]))
                                                               Rows Removed by Filter: 134160
                                                         ->  Bitmap Heap Scan on movie_keyword mk  (cost=6.75..1047.64 rows=299 width=8) (actual time=0.645..7.002 rows=2409 loops=20)
                                                               Recheck Cond: (keyword_id = k.id)
                                                               Heap Blocks: exact=34254
                                                               ->  Bitmap Index Scan on keyword_id_movie_keyword  (cost=0.00..6.67 rows=299 width=0) (actual time=0.361..0.361 rows=2409 loops=20)
                                                                     Index Cond: (keyword_id = k.id)
                                                   ->  Index Scan using title_pkey on title t  (cost=0.43..0.49 rows=1 width=25) (actual time=0.005..0.005 rows=0 loops=48182)
                                                         Index Cond: (id = mk.movie_id)
                                                         Filter: (production_year > 2000)
                                                         Rows Removed by Filter: 1
                                       ->  Index Scan using movie_id_complete_cast on complete_cast cc  (cost=0.42..0.46 rows=2 width=12) (actual time=0.002..0.002 rows=0 loops=10064)
                                             Index Cond: (movie_id = t.id)
                     ->  Index Scan using movie_id_cast_info on cast_info ci  (cost=0.56..1.52 rows=37 width=12) (actual time=0.012..0.399 rows=150 loops=1267)
                           Index Cond: (movie_id = mk.movie_id)
               ->  Index Scan using char_name_pkey on char_name chn  (cost=0.43..0.46 rows=1 width=4) (actual time=0.002..0.002 rows=0 loops=189844)
                     Index Cond: (id = ci.person_role_id)
                     Filter: ((name IS NOT NULL) AND (((name)::text ~~ '%man%'::text) OR ((name)::text ~~ '%Man%'::text)))
                     Rows Removed by Filter: 0
         ->  Index Scan using name_pkey on name n  (cost=0.43..0.45 rows=1 width=19) (actual time=0.008..0.008 rows=1 loops=5406)
               Index Cond: (id = ci.person_id)
 Planning Time: 16.389 ms
 Execution Time: 1502.925 ms
(50 rows)

SET
                                                                                         QUERY PLAN                                                                                          
---------------------------------------------------------------------------------------------------------------------------------------------------------------------------------------------
 Aggregate  (cost=3753.11..3753.12 rows=1 width=96) (actual time=104.642..104.642 rows=1 loops=1)
   ->  Nested Loop  (cost=8.75..3753.10 rows=1 width=118) (actual time=3.711..104.322 rows=1410 loops=1)
         Join Filter: (ml.movie_id = t.id)
         ->  Nested Loop  (cost=8.32..3752.60 rows=1 width=117) (actual time=3.688..101.295 rows=1816 loops=1)
               Join Filter: (ml.movie_id = mi.movie_id)
               ->  Nested Loop  (cost=7.89..3750.82 rows=1 width=113) (actual time=3.642..96.373 rows=402 loops=1)
                     Join Filter: (mc.company_type_id = ct.id)
                     Rows Removed by Join Filter: 20
                     ->  Nested Loop  (cost=7.89..3749.75 rows=1 width=117) (actual time=3.631..95.913 rows=422 loops=1)
                           ->  Nested Loop  (cost=7.47..3749.30 rows=1 width=102) (actual time=3.251..93.503 rows=1021 loops=1)
                                 Join Filter: (ml.movie_id = mc.movie_id)
                                 ->  Nested Loop  (cost=7.04..3748.73 rows=1 width=90) (actual time=3.220..92.332 rows=199 loops=1)
                                       Join Filter: (ml.link_type_id = lt.id)
                                       Rows Removed by Join Filter: 303
                                       ->  Seq Scan on link_type lt  (cost=0.00..1.23 rows=1 width=86) (actual time=0.015..0.019 rows=2 loops=1)
                                             Filter: ((link)::text ~~ '%follow%'::text)
                                             Rows Removed by Filter: 16
                                       ->  Nested Loop  (cost=7.04..3747.37 rows=11 width=12) (actual time=2.938..46.128 rows=251 loops=2)
                                             ->  Nested Loop  (cost=6.75..3732.91 rows=34 width=4) (actual time=2.932..36.535 rows=10544 loops=2)
                                                   ->  Seq Scan on keyword k  (cost=0.00..2626.12 rows=1 width=4) (actual time=0.684..10.717 rows=1 loops=2)
                                                         Filter: ((keyword)::text = 'sequel'::text)
                                                         Rows Removed by Filter: 134169
                                                   ->  Bitmap Heap Scan on movie_keyword mk  (cost=6.75..1103.80 rows=299 width=8) (actual time=2.229..24.784 rows=10544 loops=2)
                                                         Recheck Cond: (keyword_id = k.id)
                                                         Heap Blocks: exact=11140
                                                         ->  Bitmap Index Scan on keyword_id_movie_keyword  (cost=0.00..6.67 rows=299 width=0) (actual time=1.319..1.319 rows=10544 loops=2)
                                                               Index Cond: (keyword_id = k.id)
                                             ->  Index Scan using movie_id_movie_link on movie_link ml  (cost=0.29..0.38 rows=5 width=8) (actual time=0.001..0.001 rows=0 loops=21088)
                                                   Index Cond: (movie_id = mk.movie_id)
                                 ->  Index Scan using movie_id_movie_companies on movie_companies mc  (cost=0.43..0.54 rows=2 width=12) (actual time=0.004..0.005 rows=5 loops=199)
                                       Index Cond: (movie_id = mk.movie_id)
                                       Filter: (note IS NULL)
                                       Rows Removed by Filter: 2
                           ->  Index Scan using company_name_pkey on company_name cn  (cost=0.42..0.46 rows=1 width=23) (actual time=0.002..0.002 rows=0 loops=1021)
                                 Index Cond: (id = mc.company_id)
                                 Filter: (((country_code)::text <> '[pl]'::text) AND (((name)::text ~~ '%Film%'::text) OR ((name)::text ~~ '%Warner%'::text)))
                                 Rows Removed by Filter: 1
                     ->  Seq Scan on company_type ct  (cost=0.00..1.05 rows=1 width=4) (actual time=0.001..0.001 rows=1 loops=422)
                           Filter: ((kind)::text = 'production companies'::text)
                           Rows Removed by Filter: 1
               ->  Index Scan using movie_id_movie_info on movie_info mi  (cost=0.43..1.77 rows=1 width=4) (actual time=0.009..0.011 rows=5 loops=402)
                     Index Cond: (movie_id = mk.movie_id)
                     Filter: ((info)::text = ANY ('{Sweden,Norway,Germany,Denmark,Swedish,Denish,Norwegian,German}'::text[]))
                     Rows Removed by Filter: 16
         ->  Index Scan using title_pkey on title t  (cost=0.43..0.49 rows=1 width=21) (actual time=0.001..0.001 rows=1 loops=1816)
               Index Cond: (id = mk.movie_id)
               Filter: ((production_year >= 1950) AND (production_year <= 2000))
               Rows Removed by Filter: 0
 Planning Time: 15.172 ms
 Execution Time: 104.835 ms
(50 rows)

SET
                                                                                         QUERY PLAN                                                                                          
---------------------------------------------------------------------------------------------------------------------------------------------------------------------------------------------
 Aggregate  (cost=3752.79..3752.80 rows=1 width=96) (actual time=69.370..69.370 rows=1 loops=1)
   ->  Nested Loop  (cost=8.75..3752.79 rows=1 width=118) (actual time=3.472..69.349 rows=38 loops=1)
         Join Filter: (ml.movie_id = t.id)
         ->  Nested Loop  (cost=8.32..3752.28 rows=1 width=117) (actual time=3.104..68.798 rows=308 loops=1)
               Join Filter: (ml.movie_id = mi.movie_id)
               ->  Nested Loop  (cost=7.89..3750.82 rows=1 width=113) (actual time=3.086..65.447 rows=402 loops=1)
                     Join Filter: (mc.company_type_id = ct.id)
                     Rows Removed by Join Filter: 20
                     ->  Nested Loop  (cost=7.89..3749.75 rows=1 width=117) (actual time=3.079..64.993 rows=422 loops=1)
                           ->  Nested Loop  (cost=7.47..3749.30 rows=1 width=102) (actual time=2.897..62.962 rows=1021 loops=1)
                                 Join Filter: (ml.movie_id = mc.movie_id)
                                 ->  Nested Loop  (cost=7.04..3748.73 rows=1 width=90) (actual time=2.879..62.064 rows=199 loops=1)
                                       Join Filter: (ml.link_type_id = lt.id)
                                       Rows Removed by Join Filter: 303
                                       ->  Seq Scan on link_type lt  (cost=0.00..1.23 rows=1 width=86) (actual time=0.010..0.014 rows=2 loops=1)
                                             Filter: ((link)::text ~~ '%follow%'::text)
                                             Rows Removed by Filter: 16
                                       ->  Nested Loop  (cost=7.04..3747.37 rows=11 width=12) (actual time=2.746..30.997 rows=251 loops=2)
                                             ->  Nested Loop  (cost=6.75..3732.91 rows=34 width=4) (actual time=2.740..21.856 rows=10544 loops=2)
                                                   ->  Seq Scan on keyword k  (cost=0.00..2626.12 rows=1 width=4) (actual time=0.583..10.099 rows=1 loops=2)
                                                         Filter: ((keyword)::text = 'sequel'::text)
                                                         Rows Removed by Filter: 134169
                                                   ->  Bitmap Heap Scan on movie_keyword mk  (cost=6.75..1103.80 rows=299 width=8) (actual time=2.143..10.783 rows=10544 loops=2)
                                                         Recheck Cond: (keyword_id = k.id)
                                                         Heap Blocks: exact=11140
                                                         ->  Bitmap Index Scan on keyword_id_movie_keyword  (cost=0.00..6.67 rows=299 width=0) (actual time=1.229..1.229 rows=10544 loops=2)
                                                               Index Cond: (keyword_id = k.id)
                                             ->  Index Scan using movie_id_movie_link on movie_link ml  (cost=0.29..0.38 rows=5 width=8) (actual time=0.001..0.001 rows=0 loops=21088)
                                                   Index Cond: (movie_id = mk.movie_id)
                                 ->  Index Scan using movie_id_movie_companies on movie_companies mc  (cost=0.43..0.54 rows=2 width=12) (actual time=0.002..0.004 rows=5 loops=199)
                                       Index Cond: (movie_id = mk.movie_id)
                                       Filter: (note IS NULL)
                                       Rows Removed by Filter: 2
                           ->  Index Scan using company_name_pkey on company_name cn  (cost=0.42..0.46 rows=1 width=23) (actual time=0.002..0.002 rows=0 loops=1021)
                                 Index Cond: (id = mc.company_id)
                                 Filter: (((country_code)::text <> '[pl]'::text) AND (((name)::text ~~ '%Film%'::text) OR ((name)::text ~~ '%Warner%'::text)))
                                 Rows Removed by Filter: 1
                     ->  Seq Scan on company_type ct  (cost=0.00..1.05 rows=1 width=4) (actual time=0.001..0.001 rows=1 loops=422)
                           Filter: ((kind)::text = 'production companies'::text)
                           Rows Removed by Filter: 1
               ->  Index Scan using movie_id_movie_info on movie_info mi  (cost=0.43..1.45 rows=1 width=4) (actual time=0.007..0.008 rows=1 loops=402)
                     Index Cond: (movie_id = mk.movie_id)
                     Filter: ((info)::text = ANY ('{Germany,German}'::text[]))
                     Rows Removed by Filter: 20
         ->  Index Scan using title_pkey on title t  (cost=0.43..0.49 rows=1 width=21) (actual time=0.002..0.002 rows=0 loops=308)
               Index Cond: (id = mk.movie_id)
               Filter: ((production_year >= 2000) AND (production_year <= 2010))
               Rows Removed by Filter: 1
 Planning Time: 14.497 ms
 Execution Time: 69.550 ms
(50 rows)

SET
                                                                                         QUERY PLAN                                                                                          
---------------------------------------------------------------------------------------------------------------------------------------------------------------------------------------------
 Aggregate  (cost=3753.19..3753.20 rows=1 width=96) (actual time=71.624..71.624 rows=1 loops=1)
   ->  Nested Loop  (cost=8.75..3753.18 rows=1 width=118) (actual time=3.054..71.222 rows=1874 loops=1)
         Join Filter: (ml.movie_id = t.id)
         ->  Nested Loop  (cost=8.32..3752.68 rows=1 width=117) (actual time=3.047..68.091 rows=1874 loops=1)
               Join Filter: (ml.movie_id = mi.movie_id)
               ->  Nested Loop  (cost=7.89..3750.82 rows=1 width=113) (actual time=3.032..63.452 rows=402 loops=1)
                     Join Filter: (mc.company_type_id = ct.id)
                     Rows Removed by Join Filter: 20
                     ->  Nested Loop  (cost=7.89..3749.75 rows=1 width=117) (actual time=3.025..62.993 rows=422 loops=1)
                           ->  Nested Loop  (cost=7.47..3749.30 rows=1 width=102) (actual time=2.849..60.993 rows=1021 loops=1)
                                 Join Filter: (ml.movie_id = mc.movie_id)
                                 ->  Nested Loop  (cost=7.04..3748.73 rows=1 width=90) (actual time=2.833..60.110 rows=199 loops=1)
                                       Join Filter: (ml.link_type_id = lt.id)
                                       Rows Removed by Join Filter: 303
                                       ->  Seq Scan on link_type lt  (cost=0.00..1.23 rows=1 width=86) (actual time=0.010..0.014 rows=2 loops=1)
                                             Filter: ((link)::text ~~ '%follow%'::text)
                                             Rows Removed by Filter: 16
                                       ->  Nested Loop  (cost=7.04..3747.37 rows=11 width=12) (actual time=2.721..30.022 rows=251 loops=2)
                                             ->  Nested Loop  (cost=6.75..3732.91 rows=34 width=4) (actual time=2.715..20.918 rows=10544 loops=2)
                                                   ->  Seq Scan on keyword k  (cost=0.00..2626.12 rows=1 width=4) (actual time=0.569..9.945 rows=1 loops=2)
                                                         Filter: ((keyword)::text = 'sequel'::text)
                                                         Rows Removed by Filter: 134169
                                                   ->  Bitmap Heap Scan on movie_keyword mk  (cost=6.75..1103.80 rows=299 width=8) (actual time=2.132..9.997 rows=10544 loops=2)
                                                         Recheck Cond: (keyword_id = k.id)
                                                         Heap Blocks: exact=11140
                                                         ->  Bitmap Index Scan on keyword_id_movie_keyword  (cost=0.00..6.67 rows=299 width=0) (actual time=1.218..1.218 rows=10544 loops=2)
                                                               Index Cond: (keyword_id = k.id)
                                             ->  Index Scan using movie_id_movie_link on movie_link ml  (cost=0.29..0.38 rows=5 width=8) (actual time=0.001..0.001 rows=0 loops=21088)
                                                   Index Cond: (movie_id = mk.movie_id)
                                 ->  Index Scan using movie_id_movie_companies on movie_companies mc  (cost=0.43..0.54 rows=2 width=12) (actual time=0.002..0.004 rows=5 loops=199)
                                       Index Cond: (movie_id = mk.movie_id)
                                       Filter: (note IS NULL)
                                       Rows Removed by Filter: 2
                           ->  Index Scan using company_name_pkey on company_name cn  (cost=0.42..0.46 rows=1 width=23) (actual time=0.002..0.002 rows=0 loops=1021)
                                 Index Cond: (id = mc.company_id)
                                 Filter: (((country_code)::text <> '[pl]'::text) AND (((name)::text ~~ '%Film%'::text) OR ((name)::text ~~ '%Warner%'::text)))
                                 Rows Removed by Filter: 1
                     ->  Seq Scan on company_type ct  (cost=0.00..1.05 rows=1 width=4) (actual time=0.001..0.001 rows=1 loops=422)
                           Filter: ((kind)::text = 'production companies'::text)
                           Rows Removed by Filter: 1
               ->  Index Scan using movie_id_movie_info on movie_info mi  (cost=0.43..1.82 rows=3 width=4) (actual time=0.008..0.011 rows=5 loops=402)
                     Index Cond: (movie_id = mk.movie_id)
                     Filter: ((info)::text = ANY ('{Sweden,Norway,Germany,Denmark,Swedish,Denish,Norwegian,German,English}'::text[]))
                     Rows Removed by Filter: 16
         ->  Index Scan using title_pkey on title t  (cost=0.43..0.49 rows=1 width=21) (actual time=0.001..0.001 rows=1 loops=1874)
               Index Cond: (id = mk.movie_id)
               Filter: ((production_year >= 1950) AND (production_year <= 2010))
 Planning Time: 14.512 ms
 Execution Time: 71.820 ms
(49 rows)

SET
                                                                                               QUERY PLAN                                                                                                
---------------------------------------------------------------------------------------------------------------------------------------------------------------------------------------------------------
 Aggregate  (cost=7386.84..7386.85 rows=1 width=96) (actual time=550.044..550.044 rows=1 loops=1)
   ->  Nested Loop  (cost=8.89..7386.83 rows=1 width=42) (actual time=14.965..549.269 rows=2851 loops=1)
         Join Filter: (mi.info_type_id = it1.id)
         Rows Removed by Join Filter: 191
         ->  Nested Loop  (cost=8.89..7384.41 rows=1 width=46) (actual time=14.960..539.802 rows=3042 loops=1)
               Join Filter: (t.id = mi.movie_id)
               ->  Nested Loop  (cost=8.46..7382.82 rows=1 width=58) (actual time=6.540..397.343 rows=2958 loops=1)
                     Join Filter: (mc.company_type_id = ct.id)
                     ->  Nested Loop  (cost=8.46..7381.73 rows=1 width=62) (actual time=6.531..394.497 rows=2958 loops=1)
                           ->  Nested Loop  (cost=8.04..7381.19 rows=1 width=47) (actual time=6.515..380.942 rows=3374 loops=1)
                                 Join Filter: (t.id = mc.movie_id)
                                 ->  Nested Loop  (cost=7.61..7380.61 rows=1 width=35) (actual time=6.486..344.439 rows=2378 loops=1)
                                       Join Filter: (mi_idx.info_type_id = it2.id)
                                       Rows Removed by Join Filter: 6322
                                       ->  Seq Scan on info_type it2  (cost=0.00..2.41 rows=1 width=4) (actual time=0.012..0.013 rows=1 loops=1)
                                             Filter: ((info)::text = 'rating'::text)
                                             Rows Removed by Filter: 112
                                       ->  Nested Loop  (cost=7.61..7377.88 rows=25 width=39) (actual time=4.413..343.548 rows=8700 loops=1)
                                             Join Filter: (t.id = mi_idx.movie_id)
                                             ->  Nested Loop  (cost=7.18..7372.53 rows=10 width=25) (actual time=4.392..313.475 rows=4832 loops=1)
                                                   Join Filter: (t.kind_id = kt.id)
                                                   Rows Removed by Join Filter: 2286
                                                   ->  Nested Loop  (cost=7.18..7370.44 rows=35 width=29) (actual time=4.373..311.600 rows=5606 loops=1)
                                                         ->  Nested Loop  (cost=6.75..7304.56 rows=135 width=4) (actual time=4.298..136.449 rows=37091 loops=1)
                                                               ->  Seq Scan on keyword k  (cost=0.00..2961.55 rows=4 width=4) (actual time=0.943..20.663 rows=3 loops=1)
                                                                     Filter: ((keyword)::text = ANY ('{murder,murder-in-title,blood,violence}'::text[]))
                                                                     Rows Removed by Filter: 134167
                                                               ->  Bitmap Heap Scan on movie_keyword mk  (cost=6.75..1082.76 rows=299 width=8) (actual time=3.394..37.132 rows=12364 loops=3)
                                                                     Recheck Cond: (keyword_id = k.id)
                                                                     Heap Blocks: exact=26312
                                                                     ->  Bitmap Index Scan on keyword_id_movie_keyword  (cost=0.00..6.67 rows=299 width=0) (actual time=1.852..1.852 rows=12364 loops=3)
                                                                           Index Cond: (keyword_id = k.id)
                                                         ->  Index Scan using title_pkey on title t  (cost=0.43..0.49 rows=1 width=25) (actual time=0.004..0.004 rows=0 loops=37091)
                                                               Index Cond: (id = mk.movie_id)
                                                               Filter: (production_year > 2008)
                                                               Rows Removed by Filter: 1
                                                   ->  Materialize  (cost=0.00..1.10 rows=2 width=4) (actual time=0.000..0.000 rows=1 loops=5606)
                                                         ->  Seq Scan on kind_type kt  (cost=0.00..1.09 rows=2 width=4) (actual time=0.012..0.014 rows=2 loops=1)
                                                               Filter: ((kind)::text = ANY ('{movie,episode}'::text[]))
                                                               Rows Removed by Filter: 5
                                             ->  Index Scan using movie_id_movie_info_idx on movie_info_idx mi_idx  (cost=0.43..0.50 rows=3 width=14) (actual time=0.005..0.006 rows=2 loops=4832)
                                                   Index Cond: (movie_id = mk.movie_id)
                                                   Filter: ((info)::text < '7.0'::text)
                                                   Rows Removed by Filter: 0
                                 ->  Index Scan using movie_id_movie_companies on movie_companies mc  (cost=0.43..0.57 rows=1 width=12) (actual time=0.013..0.015 rows=1 loops=2378)
                                       Index Cond: (movie_id = mk.movie_id)
                                       Filter: (((note)::text !~~ '%(USA)%'::text) AND ((note)::text ~~ '%(200%)%'::text))
                                       Rows Removed by Filter: 10
                           ->  Index Scan using company_name_pkey on company_name cn  (cost=0.42..0.55 rows=1 width=23) (actual time=0.004..0.004 rows=1 loops=3374)
                                 Index Cond: (id = mc.company_id)
                                 Filter: ((country_code)::text <> '[us]'::text)
                                 Rows Removed by Filter: 0
                     ->  Seq Scan on company_type ct  (cost=0.00..1.04 rows=4 width=4) (actual time=0.000..0.000 rows=1 loops=2958)
               ->  Index Scan using movie_id_movie_info on movie_info mi  (cost=0.43..1.56 rows=2 width=8) (actual time=0.043..0.048 rows=1 loops=2958)
                     Index Cond: (movie_id = mk.movie_id)
                     Filter: ((info)::text = ANY ('{Germany,German,USA,American}'::text[]))
                     Rows Removed by Filter: 155
         ->  Seq Scan on info_type it1  (cost=0.00..2.41 rows=1 width=4) (actual time=0.002..0.003 rows=1 loops=3042)
               Filter: ((info)::text = 'countries'::text)
               Rows Removed by Filter: 14
 Planning Time: 37.368 ms
 Execution Time: 550.247 ms
(62 rows)

SET
                                                                                               QUERY PLAN                                                                                                
---------------------------------------------------------------------------------------------------------------------------------------------------------------------------------------------------------
 Aggregate  (cost=7385.52..7385.53 rows=1 width=96) (actual time=368.169..368.169 rows=1 loops=1)
   ->  Nested Loop  (cost=8.89..7385.51 rows=1 width=42) (actual time=18.255..368.140 rows=31 loops=1)
         Join Filter: (mi.info_type_id = it1.id)
         Rows Removed by Join Filter: 3
         ->  Nested Loop  (cost=8.89..7383.09 rows=1 width=46) (actual time=18.249..368.002 rows=34 loops=1)
               Join Filter: (t.id = mi.movie_id)
               ->  Nested Loop  (cost=8.46..7381.50 rows=1 width=58) (actual time=18.158..364.731 rows=50 loops=1)
                     Join Filter: (mc.company_type_id = ct.id)
                     ->  Nested Loop  (cost=8.46..7380.41 rows=1 width=62) (actual time=18.151..364.639 rows=50 loops=1)
                           ->  Nested Loop  (cost=8.04..7379.87 rows=1 width=47) (actual time=18.135..364.027 rows=78 loops=1)
                                 Join Filter: (t.id = mc.movie_id)
                                 ->  Nested Loop  (cost=7.61..7379.29 rows=1 width=35) (actual time=8.098..339.613 rows=1615 loops=1)
                                       Join Filter: (mi_idx.info_type_id = it2.id)
                                       Rows Removed by Join Filter: 4362
                                       ->  Seq Scan on info_type it2  (cost=0.00..2.41 rows=1 width=4) (actual time=0.011..0.013 rows=1 loops=1)
                                             Filter: ((info)::text = 'rating'::text)
                                             Rows Removed by Filter: 112
                                       ->  Nested Loop  (cost=7.61..7376.61 rows=21 width=39) (actual time=4.574..338.987 rows=5977 loops=1)
                                             Join Filter: (t.id = mi_idx.movie_id)
                                             ->  Nested Loop  (cost=7.18..7372.33 rows=8 width=25) (actual time=4.551..316.884 rows=3517 loops=1)
                                                   Join Filter: (t.kind_id = kt.id)
                                                   Rows Removed by Join Filter: 1618
                                                   ->  Nested Loop  (cost=7.18..7370.44 rows=28 width=29) (actual time=4.535..315.506 rows=4040 loops=1)
                                                         ->  Nested Loop  (cost=6.75..7304.56 rows=135 width=4) (actual time=4.464..144.530 rows=37091 loops=1)
                                                               ->  Seq Scan on keyword k  (cost=0.00..2961.55 rows=4 width=4) (actual time=1.138..20.762 rows=3 loops=1)
                                                                     Filter: ((keyword)::text = ANY ('{murder,murder-in-title,blood,violence}'::text[]))
                                                                     Rows Removed by Filter: 134167
                                                               ->  Bitmap Heap Scan on movie_keyword mk  (cost=6.75..1082.76 rows=299 width=8) (actual time=3.362..39.717 rows=12364 loops=3)
                                                                     Recheck Cond: (keyword_id = k.id)
                                                                     Heap Blocks: exact=26312
                                                                     ->  Bitmap Index Scan on keyword_id_movie_keyword  (cost=0.00..6.67 rows=299 width=0) (actual time=1.840..1.840 rows=12364 loops=3)
                                                                           Index Cond: (keyword_id = k.id)
                                                         ->  Index Scan using title_pkey on title t  (cost=0.43..0.49 rows=1 width=25) (actual time=0.004..0.004 rows=0 loops=37091)
                                                               Index Cond: (id = mk.movie_id)
                                                               Filter: (production_year > 2009)
                                                               Rows Removed by Filter: 1
                                                   ->  Materialize  (cost=0.00..1.10 rows=2 width=4) (actual time=0.000..0.000 rows=1 loops=4040)
                                                         ->  Seq Scan on kind_type kt  (cost=0.00..1.09 rows=2 width=4) (actual time=0.010..0.011 rows=2 loops=1)
                                                               Filter: ((kind)::text = ANY ('{movie,episode}'::text[]))
                                                               Rows Removed by Filter: 5
                                             ->  Index Scan using movie_id_movie_info_idx on movie_info_idx mi_idx  (cost=0.43..0.50 rows=3 width=14) (actual time=0.005..0.006 rows=2 loops=3517)
                                                   Index Cond: (movie_id = mk.movie_id)
                                                   Filter: ((info)::text < '7.0'::text)
                                                   Rows Removed by Filter: 0
                                 ->  Index Scan using movie_id_movie_companies on movie_companies mc  (cost=0.43..0.57 rows=1 width=12) (actual time=0.015..0.015 rows=0 loops=1615)
                                       Index Cond: (movie_id = mk.movie_id)
                                       Filter: (((note)::text !~~ '%(USA)%'::text) AND ((note)::text ~~ '%(200%)%'::text))
                                       Rows Removed by Filter: 12
                           ->  Index Scan using company_name_pkey on company_name cn  (cost=0.42..0.55 rows=1 width=23) (actual time=0.007..0.007 rows=1 loops=78)
                                 Index Cond: (id = mc.company_id)
                                 Filter: ((country_code)::text <> '[us]'::text)
                                 Rows Removed by Filter: 0
                     ->  Seq Scan on company_type ct  (cost=0.00..1.04 rows=4 width=4) (actual time=0.001..0.001 rows=1 loops=50)
               ->  Index Scan using movie_id_movie_info on movie_info mi  (cost=0.43..1.56 rows=2 width=8) (actual time=0.060..0.065 rows=1 loops=50)
                     Index Cond: (movie_id = mk.movie_id)
                     Filter: ((info)::text = ANY ('{Germany,German,USA,American}'::text[]))
                     Rows Removed by Filter: 53
         ->  Seq Scan on info_type it1  (cost=0.00..2.41 rows=1 width=4) (actual time=0.003..0.003 rows=1 loops=34)
               Filter: ((info)::text = 'countries'::text)
               Rows Removed by Filter: 16
 Planning Time: 38.100 ms
 Execution Time: 368.406 ms
(62 rows)

SET
                                                                                               QUERY PLAN                                                                                                
---------------------------------------------------------------------------------------------------------------------------------------------------------------------------------------------------------
 Aggregate  (cost=7390.61..7390.62 rows=1 width=96) (actual time=2369.613..2369.613 rows=1 loops=1)
   ->  Nested Loop  (cost=8.89..7390.60 rows=1 width=42) (actual time=6.145..2364.173 rows=21489 loops=1)
         Join Filter: (mi.info_type_id = it1.id)
         Rows Removed by Join Filter: 3123
         ->  Nested Loop  (cost=8.89..7388.18 rows=1 width=46) (actual time=6.140..2278.273 rows=24612 loops=1)
               Join Filter: (t.id = mi.movie_id)
               ->  Nested Loop  (cost=8.46..7386.28 rows=1 width=58) (actual time=6.076..554.604 rows=23425 loops=1)
                     Join Filter: (mc.company_type_id = ct.id)
                     ->  Nested Loop  (cost=8.46..7385.19 rows=1 width=62) (actual time=6.067..532.600 rows=23425 loops=1)
                           ->  Nested Loop  (cost=8.04..7384.64 rows=1 width=47) (actual time=6.054..461.308 rows=25316 loops=1)
                                 Join Filter: (t.id = mc.movie_id)
                                 ->  Nested Loop  (cost=7.61..7384.06 rows=1 width=35) (actual time=4.621..373.723 rows=5949 loops=1)
                                       Join Filter: (mi_idx.info_type_id = it2.id)
                                       Rows Removed by Join Filter: 11839
                                       ->  Seq Scan on info_type it2  (cost=0.00..2.41 rows=1 width=4) (actual time=0.012..0.013 rows=1 loops=1)
                                             Filter: ((info)::text = 'rating'::text)
                                             Rows Removed by Filter: 112
                                       ->  Nested Loop  (cost=7.61..7381.10 rows=44 width=39) (actual time=4.605..371.794 rows=17788 loops=1)
                                             Join Filter: (t.id = mi_idx.movie_id)
                                             ->  Nested Loop  (cost=7.18..7373.07 rows=15 width=25) (actual time=4.584..323.385 rows=8073 loops=1)
                                                   Join Filter: (t.kind_id = kt.id)
                                                   Rows Removed by Join Filter: 4332
                                                   ->  Nested Loop  (cost=7.18..7370.44 rows=54 width=29) (actual time=4.515..319.956 rows=9739 loops=1)
                                                         ->  Nested Loop  (cost=6.75..7304.56 rows=135 width=4) (actual time=4.488..141.780 rows=37091 loops=1)
                                                               ->  Seq Scan on keyword k  (cost=0.00..2961.55 rows=4 width=4) (actual time=1.151..20.931 rows=3 loops=1)
                                                                     Filter: ((keyword)::text = ANY ('{murder,murder-in-title,blood,violence}'::text[]))
                                                                     Rows Removed by Filter: 134167
                                                               ->  Bitmap Heap Scan on movie_keyword mk  (cost=6.75..1082.76 rows=299 width=8) (actual time=3.391..38.843 rows=12364 loops=3)
                                                                     Recheck Cond: (keyword_id = k.id)
                                                                     Heap Blocks: exact=26312
                                                                     ->  Bitmap Index Scan on keyword_id_movie_keyword  (cost=0.00..6.67 rows=299 width=0) (actual time=1.857..1.857 rows=12364 loops=3)
                                                                           Index Cond: (keyword_id = k.id)
                                                         ->  Index Scan using title_pkey on title t  (cost=0.43..0.49 rows=1 width=25) (actual time=0.005..0.005 rows=0 loops=37091)
                                                               Index Cond: (id = mk.movie_id)
                                                               Filter: (production_year > 2005)
                                                               Rows Removed by Filter: 1
                                                   ->  Materialize  (cost=0.00..1.10 rows=2 width=4) (actual time=0.000..0.000 rows=1 loops=9739)
                                                         ->  Seq Scan on kind_type kt  (cost=0.00..1.09 rows=2 width=4) (actual time=0.011..0.012 rows=2 loops=1)
                                                               Filter: ((kind)::text = ANY ('{movie,episode}'::text[]))
                                                               Rows Removed by Filter: 5
                                             ->  Index Scan using movie_id_movie_info_idx on movie_info_idx mi_idx  (cost=0.43..0.50 rows=3 width=14) (actual time=0.005..0.005 rows=2 loops=8073)
                                                   Index Cond: (movie_id = mk.movie_id)
                                                   Filter: ((info)::text < '8.5'::text)
                                                   Rows Removed by Filter: 0
                                 ->  Index Scan using movie_id_movie_companies on movie_companies mc  (cost=0.43..0.57 rows=1 width=12) (actual time=0.009..0.014 rows=4 loops=5949)
                                       Index Cond: (movie_id = mk.movie_id)
                                       Filter: (((note)::text !~~ '%(USA)%'::text) AND ((note)::text ~~ '%(200%)%'::text))
                                       Rows Removed by Filter: 8
                           ->  Index Scan using company_name_pkey on company_name cn  (cost=0.42..0.55 rows=1 width=23) (actual time=0.002..0.002 rows=1 loops=25316)
                                 Index Cond: (id = mc.company_id)
                                 Filter: ((country_code)::text <> '[us]'::text)
                                 Rows Removed by Filter: 0
                     ->  Seq Scan on company_type ct  (cost=0.00..1.04 rows=4 width=4) (actual time=0.000..0.000 rows=1 loops=23425)
               ->  Index Scan using movie_id_movie_info on movie_info mi  (cost=0.43..1.87 rows=2 width=8) (actual time=0.061..0.073 rows=1 loops=23425)
                     Index Cond: (movie_id = mk.movie_id)
                     Filter: ((info)::text = ANY ('{Sweden,Norway,Germany,Denmark,Swedish,Danish,Norwegian,German,USA,American}'::text[]))
                     Rows Removed by Filter: 180
         ->  Seq Scan on info_type it1  (cost=0.00..2.41 rows=1 width=4) (actual time=0.002..0.003 rows=1 loops=24612)
               Filter: ((info)::text = 'countries'::text)
               Rows Removed by Filter: 20
 Planning Time: 38.350 ms
 Execution Time: 2369.843 ms
(62 rows)

SET
                                                                                               QUERY PLAN                                                                                                
---------------------------------------------------------------------------------------------------------------------------------------------------------------------------------------------------------
 Aggregate  (cost=7390.53..7390.54 rows=1 width=96) (actual time=1042.724..1042.724 rows=1 loops=1)
   ->  Nested Loop  (cost=8.89..7390.53 rows=1 width=42) (actual time=6.356..1032.720 rows=46281 loops=1)
         Join Filter: (mc.company_type_id = ct.id)
         Rows Removed by Join Filter: 4783
         ->  Nested Loop  (cost=8.89..7389.44 rows=1 width=46) (actual time=6.347..995.708 rows=46281 loops=1)
               ->  Nested Loop  (cost=8.47..7388.99 rows=1 width=31) (actual time=4.683..832.959 rows=64848 loops=1)
                     Join Filter: (t.id = mc.movie_id)
                     ->  Nested Loop  (cost=8.04..7388.39 rows=1 width=39) (actual time=4.669..775.225 rows=4115 loops=1)
                           Join Filter: (mi.info_type_id = it1.id)
                           Rows Removed by Join Filter: 594
                           ->  Nested Loop  (cost=8.04..7385.96 rows=1 width=43) (actual time=4.664..757.917 rows=4709 loops=1)
                                 Join Filter: (t.id = mi.movie_id)
                                 ->  Nested Loop  (cost=7.61..7384.06 rows=1 width=35) (actual time=4.617..365.388 rows=5949 loops=1)
                                       Join Filter: (mi_idx.info_type_id = it2.id)
                                       Rows Removed by Join Filter: 11839
                                       ->  Seq Scan on info_type it2  (cost=0.00..2.41 rows=1 width=4) (actual time=0.012..0.014 rows=1 loops=1)
                                             Filter: ((info)::text = 'rating'::text)
                                             Rows Removed by Filter: 112
                                       ->  Nested Loop  (cost=7.61..7381.10 rows=44 width=39) (actual time=4.601..363.501 rows=17788 loops=1)
                                             Join Filter: (t.id = mi_idx.movie_id)
                                             ->  Nested Loop  (cost=7.18..7373.07 rows=15 width=25) (actual time=4.581..316.314 rows=8073 loops=1)
                                                   Join Filter: (t.kind_id = kt.id)
                                                   Rows Removed by Join Filter: 4332
                                                   ->  Nested Loop  (cost=7.18..7370.44 rows=54 width=29) (actual time=4.521..312.996 rows=9739 loops=1)
                                                         ->  Nested Loop  (cost=6.75..7304.56 rows=135 width=4) (actual time=4.500..138.534 rows=37091 loops=1)
                                                               ->  Seq Scan on keyword k  (cost=0.00..2961.55 rows=4 width=4) (actual time=1.149..20.916 rows=3 loops=1)
                                                                     Filter: ((keyword)::text = ANY ('{murder,murder-in-title,blood,violence}'::text[]))
                                                                     Rows Removed by Filter: 134167
                                                               ->  Bitmap Heap Scan on movie_keyword mk  (cost=6.75..1082.76 rows=299 width=8) (actual time=3.384..37.815 rows=12364 loops=3)
                                                                     Recheck Cond: (keyword_id = k.id)
                                                                     Heap Blocks: exact=26312
                                                                     ->  Bitmap Index Scan on keyword_id_movie_keyword  (cost=0.00..6.67 rows=299 width=0) (actual time=1.856..1.856 rows=12364 loops=3)
                                                                           Index Cond: (keyword_id = k.id)
                                                         ->  Index Scan using title_pkey on title t  (cost=0.43..0.49 rows=1 width=25) (actual time=0.004..0.004 rows=0 loops=37091)
                                                               Index Cond: (id = mk.movie_id)
                                                               Filter: (production_year > 2005)
                                                               Rows Removed by Filter: 1
                                                   ->  Materialize  (cost=0.00..1.10 rows=2 width=4) (actual time=0.000..0.000 rows=1 loops=9739)
                                                         ->  Seq Scan on kind_type kt  (cost=0.00..1.09 rows=2 width=4) (actual time=0.009..0.011 rows=2 loops=1)
                                                               Filter: ((kind)::text = ANY ('{movie,episode}'::text[]))
                                                               Rows Removed by Filter: 5
                                             ->  Index Scan using movie_id_movie_info_idx on movie_info_idx mi_idx  (cost=0.43..0.50 rows=3 width=14) (actual time=0.005..0.005 rows=2 loops=8073)
                                                   Index Cond: (movie_id = mk.movie_id)
                                                   Filter: ((info)::text < '8.5'::text)
                                                   Rows Removed by Filter: 0
                                 ->  Index Scan using movie_id_movie_info on movie_info mi  (cost=0.43..1.87 rows=2 width=8) (actual time=0.056..0.066 rows=1 loops=5949)
                                       Index Cond: (movie_id = mk.movie_id)
                                       Filter: ((info)::text = ANY ('{Sweden,Norway,Germany,Denmark,Swedish,Danish,Norwegian,German,USA,American}'::text[]))
                                       Rows Removed by Filter: 71
                           ->  Seq Scan on info_type it1  (cost=0.00..2.41 rows=1 width=4) (actual time=0.002..0.003 rows=1 loops=4709)
                                 Filter: ((info)::text = 'countries'::text)
                                 Rows Removed by Filter: 20
                     ->  Index Scan using movie_id_movie_companies on movie_companies mc  (cost=0.43..0.54 rows=5 width=12) (actual time=0.006..0.011 rows=16 loops=4115)
                           Index Cond: (movie_id = mk.movie_id)
               ->  Index Scan using company_name_pkey on company_name cn  (cost=0.42..0.45 rows=1 width=23) (actual time=0.002..0.002 rows=1 loops=64848)
                     Index Cond: (id = mc.company_id)
                     Filter: ((country_code)::text <> '[us]'::text)
                     Rows Removed by Filter: 0
         ->  Seq Scan on company_type ct  (cost=0.00..1.04 rows=4 width=4) (actual time=0.000..0.000 rows=1 loops=46281)
 Planning Time: 39.795 ms
 Execution Time: 1043.050 ms
(61 rows)

SET
                                                                                                    QUERY PLAN                                                                                                    
------------------------------------------------------------------------------------------------------------------------------------------------------------------------------------------------------------------
 Aggregate  (cost=57942.47..57942.48 rows=1 width=64) (actual time=257.128..257.128 rows=1 loops=1)
   ->  Nested Loop  (cost=4238.90..57942.46 rows=1 width=65) (actual time=227.394..257.007 rows=618 loops=1)
         ->  Nested Loop  (cost=4238.48..57942.02 rows=1 width=69) (actual time=227.370..254.445 rows=618 loops=1)
               ->  Nested Loop  (cost=4238.35..57941.87 rows=1 width=73) (actual time=227.324..253.788 rows=618 loops=1)
                     ->  Nested Loop  (cost=4237.93..57941.42 rows=1 width=77) (actual time=227.295..252.743 rows=618 loops=1)
                           Join Filter: (t.id = mc.movie_id)
                           ->  Nested Loop  (cost=4237.50..57940.82 rows=1 width=85) (actual time=227.262..251.561 rows=615 loops=1)
                                 ->  Gather  (cost=4237.06..57938.99 rows=1 width=77) (actual time=227.224..255.092 rows=5 loops=1)
                                       Workers Planned: 2
                                       Workers Launched: 2
                                       ->  Nested Loop  (cost=3237.06..56938.89 rows=1 width=77) (actual time=244.531..252.477 rows=2 loops=3)
                                             ->  Nested Loop  (cost=3236.92..56938.62 rows=1 width=81) (actual time=244.524..252.467 rows=2 loops=3)
                                                   ->  Hash Join  (cost=3236.49..54660.05 rows=1093 width=73) (actual time=132.763..189.285 rows=344 loops=3)
                                                         Hash Cond: (t.kind_id = kt.id)
                                                         ->  Hash Join  (cost=3235.39..54626.70 rows=7653 width=29) (actual time=29.179..189.076 rows=694 loops=3)
                                                               Hash Cond: (t.id = cc.movie_id)
                                                               ->  Parallel Seq Scan on title t  (cost=0.00..49166.29 rows=572932 width=25) (actual time=0.018..112.745 rows=460484 loops=3)
                                                                     Filter: (production_year > 2000)
                                                                     Rows Removed by Filter: 382286
                                                               ->  Hash  (cost=2813.24..2813.24 rows=33772 width=4) (actual time=28.746..28.746 rows=24592 loops=3)
                                                                     Buckets: 65536  Batches: 1  Memory Usage: 1377kB
                                                                     ->  Hash Join  (cost=1.06..2813.24 rows=33772 width=4) (actual time=0.036..25.355 rows=24592 loops=3)
                                                                           Hash Cond: (cc.status_id = cct1.id)
                                                                           ->  Seq Scan on complete_cast cc  (cost=0.00..2081.86 rows=135086 width=8) (actual time=0.012..12.756 rows=135086 loops=3)
                                                                           ->  Hash  (cost=1.05..1.05 rows=1 width=4) (actual time=0.010..0.010 rows=1 loops=3)
                                                                                 Buckets: 1024  Batches: 1  Memory Usage: 9kB
                                                                                 ->  Seq Scan on comp_cast_type cct1  (cost=0.00..1.05 rows=1 width=4) (actual time=0.006..0.007 rows=1 loops=3)
                                                                                       Filter: ((kind)::text = 'complete+verified'::text)
                                                                                       Rows Removed by Filter: 3
                                                         ->  Hash  (cost=1.09..1.09 rows=1 width=52) (actual time=0.022..0.022 rows=1 loops=3)
                                                               Buckets: 1024  Batches: 1  Memory Usage: 9kB
                                                               ->  Seq Scan on kind_type kt  (cost=0.00..1.09 rows=1 width=52) (actual time=0.016..0.017 rows=1 loops=3)
                                                                     Filter: ((kind)::text = 'movie'::text)
                                                                     Rows Removed by Filter: 6
                                                   ->  Index Scan using movie_id_movie_info on movie_info mi  (cost=0.43..2.07 rows=1 width=8) (actual time=0.183..0.183 rows=0 loops=1033)
                                                         Index Cond: (movie_id = t.id)
                                                         Filter: ((info IS NOT NULL) AND ((note)::text ~~ '%internet%'::text) AND (((info)::text ~~ 'USA:% 199%'::text) OR ((info)::text ~~ 'USA:% 200%'::text)))
                                                         Rows Removed by Filter: 211
                                             ->  Index Scan using info_type_pkey on info_type it1  (cost=0.14..0.20 rows=1 width=4) (actual time=0.005..0.005 rows=1 loops=5)
                                                   Index Cond: (id = mi.info_type_id)
                                                   Filter: ((info)::text = 'release dates'::text)
                                 ->  Index Scan using movie_id_movie_keyword on movie_keyword mk  (cost=0.43..1.36 rows=47 width=8) (actual time=0.013..0.038 rows=123 loops=5)
                                       Index Cond: (movie_id = t.id)
                           ->  Index Scan using movie_id_movie_companies on movie_companies mc  (cost=0.43..0.54 rows=5 width=12) (actual time=0.001..0.002 rows=1 loops=615)
                                 Index Cond: (movie_id = mk.movie_id)
                     ->  Index Scan using company_name_pkey on company_name cn  (cost=0.42..0.45 rows=1 width=4) (actual time=0.001..0.001 rows=1 loops=618)
                           Index Cond: (id = mc.company_id)
                           Filter: ((country_code)::text = '[us]'::text)
               ->  Index Only Scan using company_type_pkey on company_type ct  (cost=0.13..0.15 rows=1 width=4) (actual time=0.001..0.001 rows=1 loops=618)
                     Index Cond: (id = mc.company_type_id)
                     Heap Fetches: 618
         ->  Index Only Scan using keyword_pkey on keyword k  (cost=0.42..0.44 rows=1 width=4) (actual time=0.004..0.004 rows=1 loops=618)
               Index Cond: (id = mk.keyword_id)
               Heap Fetches: 618
 Planning Time: 37.627 ms
 Execution Time: 261.234 ms
(56 rows)

SET
                                                                                              QUERY PLAN                                                                                               
-------------------------------------------------------------------------------------------------------------------------------------------------------------------------------------------------------
 Aggregate  (cost=7387.30..7387.31 rows=1 width=64) (actual time=76.155..76.156 rows=1 loops=1)
   ->  Nested Loop  (cost=8.88..7387.29 rows=1 width=65) (actual time=20.941..76.139 rows=16 loops=1)
         Join Filter: (mi.info_type_id = it1.id)
         ->  Nested Loop  (cost=8.88..7384.87 rows=1 width=69) (actual time=20.935..76.077 rows=16 loops=1)
               Join Filter: (t.id = mi.movie_id)
               ->  Nested Loop  (cost=8.45..7383.30 rows=1 width=81) (actual time=4.200..56.633 rows=315 loops=1)
                     Join Filter: (mc.company_type_id = ct.id)
                     Rows Removed by Join Filter: 140
                     ->  Nested Loop  (cost=8.45..7382.21 rows=1 width=85) (actual time=4.190..56.297 rows=315 loops=1)
                           ->  Nested Loop  (cost=8.03..7380.87 rows=3 width=89) (actual time=4.119..50.559 rows=1218 loops=1)
                                 Join Filter: (t.id = mc.movie_id)
                                 ->  Nested Loop  (cost=7.60..7378.46 rows=4 width=77) (actual time=4.091..48.911 rows=60 loops=1)
                                       Join Filter: (cc.status_id = cct1.id)
                                       Rows Removed by Join Filter: 81
                                       ->  Seq Scan on comp_cast_type cct1  (cost=0.00..1.05 rows=1 width=4) (actual time=0.011..0.012 rows=1 loops=1)
                                             Filter: ((kind)::text = 'complete+verified'::text)
                                             Rows Removed by Filter: 3
                                       ->  Nested Loop  (cost=7.60..7377.22 rows=15 width=81) (actual time=4.060..48.869 rows=141 loops=1)
                                             ->  Nested Loop  (cost=7.18..7372.44 rows=10 width=73) (actual time=3.820..46.503 rows=401 loops=1)
                                                   Join Filter: (t.kind_id = kt.id)
                                                   Rows Removed by Join Filter: 156
                                                   ->  Seq Scan on kind_type kt  (cost=0.00..1.09 rows=1 width=52) (actual time=0.008..0.009 rows=1 loops=1)
                                                         Filter: ((kind)::text = 'movie'::text)
                                                         Rows Removed by Filter: 6
                                                   ->  Nested Loop  (cost=7.18..7370.44 rows=73 width=29) (actual time=0.930..46.403 rows=557 loops=1)
                                                         ->  Nested Loop  (cost=6.75..7304.56 rows=135 width=4) (actual time=0.908..31.793 rows=1133 loops=1)
                                                               ->  Seq Scan on keyword k  (cost=0.00..2961.55 rows=4 width=4) (actual time=0.690..23.553 rows=4 loops=1)
                                                                     Filter: ((keyword)::text = ANY ('{nerd,loner,alienation,dignity}'::text[]))
                                                                     Rows Removed by Filter: 134166
                                                               ->  Bitmap Heap Scan on movie_keyword mk  (cost=6.75..1082.76 rows=299 width=8) (actual time=0.101..2.023 rows=283 loops=4)
                                                                     Recheck Cond: (keyword_id = k.id)
                                                                     Heap Blocks: exact=1083
                                                                     ->  Bitmap Index Scan on keyword_id_movie_keyword  (cost=0.00..6.67 rows=299 width=0) (actual time=0.059..0.059 rows=283 loops=4)
                                                                           Index Cond: (keyword_id = k.id)
                                                         ->  Index Scan using title_pkey on title t  (cost=0.43..0.49 rows=1 width=25) (actual time=0.013..0.013 rows=0 loops=1133)
                                                               Index Cond: (id = mk.movie_id)
                                                               Filter: (production_year > 2000)
                                                               Rows Removed by Filter: 1
                                             ->  Index Scan using movie_id_complete_cast on complete_cast cc  (cost=0.42..0.46 rows=2 width=8) (actual time=0.005..0.006 rows=0 loops=401)
                                                   Index Cond: (movie_id = t.id)
                                 ->  Index Scan using movie_id_movie_companies on movie_companies mc  (cost=0.43..0.54 rows=5 width=12) (actual time=0.014..0.023 rows=20 loops=60)
                                       Index Cond: (movie_id = mk.movie_id)
                           ->  Index Scan using company_name_pkey on company_name cn  (cost=0.42..0.45 rows=1 width=4) (actual time=0.004..0.004 rows=0 loops=1218)
                                 Index Cond: (id = mc.company_id)
                                 Filter: ((country_code)::text = '[us]'::text)
                                 Rows Removed by Filter: 1
                     ->  Seq Scan on company_type ct  (cost=0.00..1.04 rows=4 width=4) (actual time=0.000..0.000 rows=1 loops=315)
               ->  Index Scan using movie_id_movie_info on movie_info mi  (cost=0.43..1.56 rows=1 width=8) (actual time=0.061..0.061 rows=0 loops=315)
                     Index Cond: (movie_id = mk.movie_id)
                     Filter: (((note)::text ~~ '%internet%'::text) AND ((info)::text ~~ 'USA:% 200%'::text))
                     Rows Removed by Filter: 268
         ->  Seq Scan on info_type it1  (cost=0.00..2.41 rows=1 width=4) (actual time=0.003..0.003 rows=1 loops=16)
               Filter: ((info)::text = 'release dates'::text)
               Rows Removed by Filter: 15
 Planning Time: 37.169 ms
 Execution Time: 76.378 ms
(56 rows)

SET
                                                                                                       QUERY PLAN                                                                                                       
------------------------------------------------------------------------------------------------------------------------------------------------------------------------------------------------------------------------
 Finalize Aggregate  (cost=67112.66..67112.67 rows=1 width=64) (actual time=359.001..359.001 rows=1 loops=1)
   ->  Gather  (cost=67112.44..67112.65 rows=2 width=64) (actual time=358.782..365.089 rows=3 loops=1)
         Workers Planned: 2
         Workers Launched: 2
         ->  Partial Aggregate  (cost=66112.44..66112.45 rows=1 width=64) (actual time=355.898..355.898 rows=1 loops=3)
               ->  Nested Loop  (cost=3238.95..66112.43 rows=2 width=65) (actual time=293.626..355.855 rows=209 loops=3)
                     ->  Nested Loop  (cost=3238.53..66111.55 rows=2 width=69) (actual time=293.604..355.071 rows=209 loops=3)
                           ->  Nested Loop  (cost=3238.10..66109.74 rows=1 width=81) (actual time=293.580..354.974 rows=2 loops=3)
                                 ->  Nested Loop  (cost=3237.97..66109.58 rows=1 width=85) (actual time=293.561..354.949 rows=2 loops=3)
                                       ->  Nested Loop  (cost=3237.55..66109.14 rows=1 width=89) (actual time=293.536..354.905 rows=2 loops=3)
                                             ->  Nested Loop  (cost=3237.12..66108.51 rows=1 width=77) (actual time=293.514..354.867 rows=2 loops=3)
                                                   ->  Nested Loop  (cost=3236.98..66107.43 rows=5 width=81) (actual time=293.496..354.843 rows=2 loops=3)
                                                         ->  Hash Join  (cost=3236.54..55258.37 rows=5532 width=73) (actual time=135.168..203.624 rows=1684 loops=3)
                                                               Hash Cond: (t.kind_id = kt.id)
                                                               ->  Hash Join  (cost=3235.39..55216.42 rows=9681 width=29) (actual time=28.795..203.073 rows=2141 loops=3)
                                                                     Hash Cond: (t.id = cc.movie_id)
                                                                     ->  Parallel Seq Scan on title t  (cost=0.00..49166.29 rows=724782 width=25) (actual time=0.024..114.832 rows=583011 loops=3)
                                                                           Filter: (production_year > 1990)
                                                                           Rows Removed by Filter: 259760
                                                                     ->  Hash  (cost=2813.24..2813.24 rows=33772 width=4) (actual time=28.177..28.177 rows=24592 loops=3)
                                                                           Buckets: 65536  Batches: 1  Memory Usage: 1377kB
                                                                           ->  Hash Join  (cost=1.06..2813.24 rows=33772 width=4) (actual time=0.036..24.884 rows=24592 loops=3)
                                                                                 Hash Cond: (cc.status_id = cct1.id)
                                                                                 ->  Seq Scan on complete_cast cc  (cost=0.00..2081.86 rows=135086 width=8) (actual time=0.011..12.319 rows=135086 loops=3)
                                                                                 ->  Hash  (cost=1.05..1.05 rows=1 width=4) (actual time=0.007..0.007 rows=1 loops=3)
                                                                                       Buckets: 1024  Batches: 1  Memory Usage: 9kB
                                                                                       ->  Seq Scan on comp_cast_type cct1  (cost=0.00..1.05 rows=1 width=4) (actual time=0.004..0.004 rows=1 loops=3)
                                                                                             Filter: ((kind)::text = 'complete+verified'::text)
                                                                                             Rows Removed by Filter: 3
                                                               ->  Hash  (cost=1.10..1.10 rows=4 width=52) (actual time=0.022..0.022 rows=4 loops=3)
                                                                     Buckets: 1024  Batches: 1  Memory Usage: 9kB
                                                                     ->  Seq Scan on kind_type kt  (cost=0.00..1.10 rows=4 width=52) (actual time=0.013..0.015 rows=4 loops=3)
                                                                           Filter: ((kind)::text = ANY ('{movie,"tv movie","video movie","video game"}'::text[]))
                                                                           Rows Removed by Filter: 3
                                                         ->  Index Scan using movie_id_movie_info on movie_info mi  (cost=0.43..1.95 rows=1 width=8) (actual time=0.089..0.089 rows=0 loops=5053)
                                                               Index Cond: (movie_id = t.id)
                                                               Filter: ((info IS NOT NULL) AND ((note)::text ~~ '%internet%'::text) AND (((info)::text ~~ 'USA:% 199%'::text) OR ((info)::text ~~ 'USA:% 200%'::text)))
                                                               Rows Removed by Filter: 123
                                                   ->  Index Scan using info_type_pkey on info_type it1  (cost=0.14..0.20 rows=1 width=4) (actual time=0.010..0.010 rows=1 loops=6)
                                                         Index Cond: (id = mi.info_type_id)
                                                         Filter: ((info)::text = 'release dates'::text)
                                             ->  Index Scan using movie_id_movie_companies on movie_companies mc  (cost=0.43..0.58 rows=5 width=12) (actual time=0.016..0.018 rows=1 loops=6)
                                                   Index Cond: (movie_id = t.id)
                                       ->  Index Scan using company_name_pkey on company_name cn  (cost=0.42..0.45 rows=1 width=4) (actual time=0.018..0.018 rows=1 loops=7)
                                             Index Cond: (id = mc.company_id)
                                             Filter: ((country_code)::text = '[us]'::text)
                                 ->  Index Only Scan using company_type_pkey on company_type ct  (cost=0.13..0.15 rows=1 width=4) (actual time=0.009..0.009 rows=1 loops=7)
                                       Index Cond: (id = mc.company_type_id)
                                       Heap Fetches: 7
                           ->  Index Scan using movie_id_movie_keyword on movie_keyword mk  (cost=0.43..1.34 rows=47 width=8) (actual time=0.015..0.030 rows=90 loops=7)
                                 Index Cond: (movie_id = t.id)
                     ->  Index Only Scan using keyword_pkey on keyword k  (cost=0.42..0.44 rows=1 width=4) (actual time=0.003..0.003 rows=1 loops=628)
                           Index Cond: (id = mk.keyword_id)
                           Heap Fetches: 628
 Planning Time: 36.144 ms
 Execution Time: 365.409 ms
(56 rows)

SET
                                                                                                  QUERY PLAN                                                                                                  
--------------------------------------------------------------------------------------------------------------------------------------------------------------------------------------------------------------
 Aggregate  (cost=6625.30..6625.31 rows=1 width=96) (actual time=442.289..442.290 rows=1 loops=1)
   ->  Nested Loop  (cost=10.31..6625.29 rows=1 width=48) (actual time=81.988..442.206 rows=275 loops=1)
         ->  Nested Loop  (cost=9.88..6623.49 rows=1 width=41) (actual time=2.314..428.777 rows=6518 loops=1)
               Join Filter: (it.id = mi.info_type_id)
               ->  Seq Scan on info_type it  (cost=0.00..2.41 rows=1 width=4) (actual time=0.008..0.015 rows=1 loops=1)
                     Filter: ((info)::text = 'release dates'::text)
                     Rows Removed by Filter: 112
               ->  Nested Loop  (cost=9.88..6621.07 rows=1 width=45) (actual time=2.304..427.838 rows=6518 loops=1)
                     Join Filter: (t.id = mi.movie_id)
                     ->  Nested Loop  (cost=9.45..6555.77 rows=2 width=57) (actual time=2.255..354.781 rows=4044 loops=1)
                           ->  Nested Loop  (cost=9.02..6553.68 rows=1 width=53) (actual time=2.222..348.197 rows=1578 loops=1)
                                 ->  Nested Loop  (cost=8.59..6551.98 rows=1 width=41) (actual time=2.189..341.760 rows=1608 loops=1)
                                       Join Filter: (rt.id = ci.role_id)
                                       Rows Removed by Join Filter: 5708
                                       ->  Seq Scan on role_type rt  (cost=0.00..1.15 rows=1 width=4) (actual time=0.012..0.014 rows=1 loops=1)
                                             Filter: ((role)::text = 'actress'::text)
                                             Rows Removed by Filter: 11
                                       ->  Nested Loop  (cost=8.59..6550.80 rows=2 width=45) (actual time=2.154..341.126 rows=7316 loops=1)
                                             Join Filter: (t.id = ci.movie_id)
                                             ->  Nested Loop  (cost=8.03..6311.77 rows=6 width=29) (actual time=1.234..156.144 rows=1576 loops=1)
                                                   ->  Nested Loop  (cost=7.61..6286.76 rows=17 width=33) (actual time=1.212..134.091 rows=5566 loops=1)
                                                         Join Filter: (t.id = mc.movie_id)
                                                         ->  Nested Loop  (cost=7.18..6231.61 rows=16 width=25) (actual time=1.190..125.799 rows=495 loops=1)
                                                               ->  Nested Loop  (cost=6.75..6072.14 rows=101 width=4) (actual time=1.019..58.540 rows=9696 loops=1)
                                                                     ->  Seq Scan on keyword k  (cost=0.00..2793.84 rows=3 width=4) (actual time=0.022..18.543 rows=3 loops=1)
                                                                           Filter: ((keyword)::text = ANY ('{hero,martial-arts,hand-to-hand-combat}'::text[]))
                                                                           Rows Removed by Filter: 134167
                                                                     ->  Bitmap Heap Scan on movie_keyword mk  (cost=6.75..1089.78 rows=299 width=8) (actual time=0.939..12.916 rows=3232 loops=3)
                                                                           Recheck Cond: (keyword_id = k.id)
                                                                           Heap Blocks: exact=7446
                                                                           ->  Bitmap Index Scan on keyword_id_movie_keyword  (cost=0.00..6.67 rows=299 width=0) (actual time=0.550..0.550 rows=3232 loops=3)
                                                                                 Index Cond: (keyword_id = k.id)
                                                               ->  Index Scan using title_pkey on title t  (cost=0.43..1.58 rows=1 width=21) (actual time=0.007..0.007 rows=0 loops=9696)
                                                                     Index Cond: (id = mk.movie_id)
                                                                     Filter: (production_year > 2010)
                                                                     Rows Removed by Filter: 1
                                                         ->  Index Scan using movie_id_movie_companies on movie_companies mc  (cost=0.43..3.38 rows=5 width=8) (actual time=0.009..0.014 rows=11 loops=495)
                                                               Index Cond: (movie_id = mk.movie_id)
                                                   ->  Index Scan using company_name_pkey on company_name cn  (cost=0.42..1.47 rows=1 width=4) (actual time=0.004..0.004 rows=0 loops=5566)
                                                         Index Cond: (id = mc.company_id)
                                                         Filter: ((country_code)::text = '[us]'::text)
                                                         Rows Removed by Filter: 1
                                             ->  Index Scan using movie_id_cast_info on cast_info ci  (cost=0.56..39.83 rows=1 width=16) (actual time=0.078..0.116 rows=5 loops=1576)
                                                   Index Cond: (movie_id = mk.movie_id)
                                                   Filter: ((note)::text = ANY ('{(voice),"(voice: Japanese version)","(voice) (uncredited)","(voice: English version)"}'::text[]))
                                                   Rows Removed by Filter: 136
                                 ->  Index Scan using char_name_pkey on char_name chn  (cost=0.43..1.70 rows=1 width=20) (actual time=0.004..0.004 rows=1 loops=1608)
                                       Index Cond: (id = ci.person_role_id)
                           ->  Index Only Scan using person_id_aka_name on aka_name an  (cost=0.42..2.08 rows=2 width=4) (actual time=0.003..0.004 rows=3 loops=1578)
                                 Index Cond: (person_id = ci.person_id)
                                 Heap Fetches: 4044
                     ->  Index Scan using movie_id_movie_info on movie_info mi  (cost=0.43..32.63 rows=1 width=8) (actual time=0.004..0.018 rows=2 loops=4044)
                           Index Cond: (movie_id = mk.movie_id)
                           Filter: ((info IS NOT NULL) AND (((info)::text ~~ 'Japan:%201%'::text) OR ((info)::text ~~ 'USA:%201%'::text)))
                           Rows Removed by Filter: 57
         ->  Index Scan using name_pkey on name n  (cost=0.43..1.80 rows=1 width=19) (actual time=0.002..0.002 rows=0 loops=6518)
               Index Cond: (id = ci.person_id)
               Filter: (((name)::text ~~ '%An%'::text) AND ((gender)::text = 'f'::text))
               Rows Removed by Filter: 1
 Planning Time: 81.833 ms
 Execution Time: 442.541 ms
(61 rows)

SET
                                                                                                            QUERY PLAN                                                                                                            
----------------------------------------------------------------------------------------------------------------------------------------------------------------------------------------------------------------------------------
 Aggregate  (cost=6509.33..6509.34 rows=1 width=96) (actual time=28.745..28.745 rows=1 loops=1)
   ->  Nested Loop  (cost=1004.27..6509.32 rows=1 width=48) (actual time=26.816..28.724 rows=45 loops=1)
         ->  Nested Loop  (cost=1003.84..6507.62 rows=1 width=36) (actual time=26.802..28.644 rows=45 loops=1)
               Join Filter: (n.id = an.person_id)
               ->  Nested Loop  (cost=1003.42..6505.51 rows=1 width=44) (actual time=26.784..28.592 rows=9 loops=1)
                     ->  Nested Loop  (cost=1003.28..6505.34 rows=1 width=48) (actual time=26.762..28.561 rows=9 loops=1)
                           ->  Nested Loop  (cost=1002.86..6503.54 rows=1 width=29) (actual time=26.162..27.464 rows=244 loops=1)
                                 Join Filter: (t.id = ci.movie_id)
                                 ->  Nested Loop  (cost=1002.29..6463.70 rows=1 width=33) (actual time=26.125..26.308 rows=9 loops=1)
                                       ->  Nested Loop  (cost=1002.15..6463.52 rows=1 width=37) (actual time=26.115..26.286 rows=9 loops=1)
                                             Join Filter: (t.id = mi.movie_id)
                                             ->  Gather  (cost=1001.71..6430.87 rows=1 width=29) (actual time=25.960..26.023 rows=6 loops=1)
                                                   Workers Planned: 1
                                                   Workers Launched: 1
                                                   ->  Nested Loop  (cost=1.71..5430.77 rows=1 width=29) (actual time=15.482..24.138 rows=3 loops=2)
                                                         ->  Nested Loop  (cost=1.29..5428.89 rows=1 width=33) (actual time=15.426..23.782 rows=42 loops=2)
                                                               Join Filter: (t.id = mk.movie_id)
                                                               ->  Nested Loop  (cost=0.86..5425.84 rows=1 width=25) (actual time=15.403..23.727 rows=2 loops=2)
                                                                     ->  Nested Loop  (cost=0.43..5416.18 rows=6 width=4) (actual time=15.202..23.000 rows=50 loops=2)
                                                                           ->  Parallel Seq Scan on company_name cn  (cost=0.00..5068.50 rows=1 width=4) (actual time=15.172..22.684 rows=0 loops=2)
                                                                                 Filter: (((country_code)::text = '[us]'::text) AND ((name)::text = 'DreamWorks Animation'::text))
                                                                                 Rows Removed by Filter: 117498
                                                                           ->  Index Scan using company_id_movie_companies on movie_companies mc  (cost=0.43..346.37 rows=130 width=8) (actual time=0.056..0.615 rows=99 loops=1)
                                                                                 Index Cond: (company_id = cn.id)
                                                                     ->  Index Scan using title_pkey on title t  (cost=0.43..1.60 rows=1 width=21) (actual time=0.014..0.014 rows=0 loops=99)
                                                                           Index Cond: (id = mc.movie_id)
                                                                           Filter: ((production_year > 2010) AND ((title)::text ~~ 'Kung Fu Panda%'::text))
                                                                           Rows Removed by Filter: 1
                                                               ->  Index Scan using movie_id_movie_keyword on movie_keyword mk  (cost=0.43..2.47 rows=47 width=8) (actual time=0.018..0.023 rows=21 loops=4)
                                                                     Index Cond: (movie_id = mc.movie_id)
                                                         ->  Index Scan using keyword_pkey on keyword k  (cost=0.42..1.46 rows=1 width=4) (actual time=0.008..0.008 rows=0 loops=83)
                                                               Index Cond: (id = mk.keyword_id)
                                                               Filter: ((keyword)::text = ANY ('{hero,martial-arts,hand-to-hand-combat,computer-animated-movie}'::text[]))
                                                               Rows Removed by Filter: 1
                                             ->  Index Scan using movie_id_movie_info on movie_info mi  (cost=0.43..32.63 rows=1 width=8) (actual time=0.028..0.052 rows=2 loops=6)
                                                   Index Cond: (movie_id = mk.movie_id)
                                                   Filter: ((info IS NOT NULL) AND (((info)::text ~~ 'Japan:%201%'::text) OR ((info)::text ~~ 'USA:%201%'::text)))
                                                   Rows Removed by Filter: 89
                                       ->  Index Scan using info_type_pkey on info_type it  (cost=0.14..0.16 rows=1 width=4) (actual time=0.002..0.002 rows=1 loops=9)
                                             Index Cond: (id = mi.info_type_id)
                                             Filter: ((info)::text = 'release dates'::text)
                                 ->  Index Scan using movie_id_cast_info on cast_info ci  (cost=0.56..39.83 rows=1 width=16) (actual time=0.009..0.124 rows=27 loops=9)
                                       Index Cond: (movie_id = mk.movie_id)
                                       Filter: ((note)::text = ANY ('{(voice),"(voice: Japanese version)","(voice) (uncredited)","(voice: English version)"}'::text[]))
                                       Rows Removed by Filter: 91
                           ->  Index Scan using name_pkey on name n  (cost=0.43..1.80 rows=1 width=19) (actual time=0.004..0.004 rows=0 loops=244)
                                 Index Cond: (id = ci.person_id)
                                 Filter: (((name)::text ~~ '%An%'::text) AND ((gender)::text = 'f'::text))
                                 Rows Removed by Filter: 1
                     ->  Index Scan using role_type_pkey on role_type rt  (cost=0.14..0.16 rows=1 width=4) (actual time=0.003..0.003 rows=1 loops=9)
                           Index Cond: (id = ci.role_id)
                           Filter: ((role)::text = 'actress'::text)
               ->  Index Only Scan using person_id_aka_name on aka_name an  (cost=0.42..2.08 rows=2 width=4) (actual time=0.003..0.005 rows=5 loops=9)
                     Index Cond: (person_id = ci.person_id)
                     Heap Fetches: 45
         ->  Index Scan using char_name_pkey on char_name chn  (cost=0.43..1.70 rows=1 width=20) (actual time=0.001..0.001 rows=1 loops=45)
               Index Cond: (id = ci.person_role_id)
 Planning Time: 80.007 ms
 Execution Time: 29.058 ms
(59 rows)

SET
                                                                                                QUERY PLAN                                                                                                
----------------------------------------------------------------------------------------------------------------------------------------------------------------------------------------------------------
 Aggregate  (cost=7497.91..7497.92 rows=1 width=128) (actual time=2622.960..2622.960 rows=1 loops=1)
   ->  Nested Loop  (cost=1012.02..7497.90 rows=1 width=80) (actual time=24.878..2620.688 rows=4407 loops=1)
         Join Filter: (mi.movie_id = t.id)
         ->  Nested Loop  (cost=1011.59..7497.08 rows=1 width=79) (actual time=24.843..2587.127 rows=4407 loops=1)
               ->  Nested Loop  (cost=1011.16..7496.06 rows=1 width=68) (actual time=12.422..2515.977 rows=7112 loops=1)
                     ->  Nested Loop  (cost=1011.02..7495.88 rows=1 width=72) (actual time=12.413..2503.535 rows=7740 loops=1)
                           Join Filter: (mi.movie_id = ci.movie_id)
                           ->  Gather  (cost=1010.46..7466.93 rows=1 width=64) (actual time=6.249..629.112 rows=12260 loops=1)
                                 Workers Planned: 2
                                 Workers Launched: 2
                                 ->  Nested Loop  (cost=10.46..6466.83 rows=1 width=64) (actual time=6.030..837.081 rows=4087 loops=3)
                                       Join Filter: (mi_idx.movie_id = mi.movie_id)
                                       ->  Hash Join  (cost=10.02..6431.17 rows=2 width=14) (actual time=4.615..192.532 rows=16920 loops=3)
                                             Hash Cond: (mi_idx.info_type_id = it2.id)
                                             ->  Nested Loop  (cost=7.60..6428.17 rows=211 width=18) (actual time=4.535..184.658 rows=50907 loops=3)
                                                   ->  Nested Loop  (cost=7.17..6372.12 rows=70 width=4) (actual time=4.497..92.763 rows=20699 loops=3)
                                                         ->  Parallel Index Scan using keyword_pkey on keyword k  (cost=0.42..4207.64 rows=2 width=4) (actual time=0.212..19.019 rows=2 loops=3)
                                                               Filter: ((keyword)::text = ANY ('{murder,blood,gore,death,female-nudity}'::text[]))
                                                               Rows Removed by Filter: 44722
                                                         ->  Bitmap Heap Scan on movie_keyword mk  (cost=6.75..1079.25 rows=299 width=8) (actual time=3.461..42.727 rows=12419 loops=5)
                                                               Recheck Cond: (keyword_id = k.id)
                                                               Heap Blocks: exact=12389
                                                               ->  Bitmap Index Scan on keyword_id_movie_keyword  (cost=0.00..6.67 rows=299 width=0) (actual time=2.002..2.002 rows=12419 loops=5)
                                                                     Index Cond: (keyword_id = k.id)
                                                   ->  Index Scan using movie_id_movie_info_idx on movie_info_idx mi_idx  (cost=0.43..0.77 rows=3 width=14) (actual time=0.003..0.004 rows=2 loops=62096)
                                                         Index Cond: (movie_id = mk.movie_id)
                                             ->  Hash  (cost=2.41..2.41 rows=1 width=4) (actual time=0.027..0.027 rows=1 loops=3)
                                                   Buckets: 1024  Batches: 1  Memory Usage: 9kB
                                                   ->  Seq Scan on info_type it2  (cost=0.00..2.41 rows=1 width=4) (actual time=0.021..0.023 rows=1 loops=3)
                                                         Filter: ((info)::text = 'votes'::text)
                                                         Rows Removed by Filter: 112
                                       ->  Index Scan using movie_id_movie_info on movie_info mi  (cost=0.43..17.82 rows=1 width=50) (actual time=0.038..0.038 rows=0 loops=50760)
                                             Index Cond: (movie_id = mk.movie_id)
                                             Filter: ((info)::text = 'Horror'::text)
                                             Rows Removed by Filter: 56
                           ->  Index Scan using movie_id_cast_info on cast_info ci  (cost=0.56..28.93 rows=1 width=8) (actual time=0.125..0.152 rows=1 loops=12260)
                                 Index Cond: (movie_id = mk.movie_id)
                                 Filter: ((note)::text = ANY ('{(writer),"(head writer)","(written by)",(story),"(story editor)"}'::text[]))
                                 Rows Removed by Filter: 47
                     ->  Index Scan using info_type_pkey on info_type it1  (cost=0.14..0.16 rows=1 width=4) (actual time=0.001..0.001 rows=1 loops=7740)
                           Index Cond: (id = mi.info_type_id)
                           Filter: ((info)::text = 'genres'::text)
                           Rows Removed by Filter: 0
               ->  Index Scan using name_pkey on name n  (cost=0.43..1.02 rows=1 width=19) (actual time=0.010..0.010 rows=1 loops=7112)
                     Index Cond: (id = ci.person_id)
                     Filter: ((gender)::text = 'm'::text)
                     Rows Removed by Filter: 0
         ->  Index Scan using title_pkey on title t  (cost=0.43..0.81 rows=1 width=21) (actual time=0.007..0.007 rows=1 loops=4407)
               Index Cond: (id = mk.movie_id)
 Planning Time: 12.988 ms
 Execution Time: 2623.341 ms
(51 rows)

SET
                                                                                            QUERY PLAN                                                                                             
---------------------------------------------------------------------------------------------------------------------------------------------------------------------------------------------------
 Aggregate  (cost=7478.04..7478.05 rows=1 width=128) (actual time=246.692..246.693 rows=1 loops=1)
   ->  Nested Loop  (cost=1009.74..7478.03 rows=1 width=80) (actual time=143.164..246.675 rows=6 loops=1)
         ->  Nested Loop  (cost=1009.31..7477.01 rows=1 width=69) (actual time=143.134..246.590 rows=6 loops=1)
               ->  Nested Loop  (cost=1009.17..7476.82 rows=1 width=73) (actual time=143.124..246.557 rows=18 loops=1)
                     Join Filter: (t.id = mi_idx.movie_id)
                     ->  Nested Loop  (cost=1008.74..7476.02 rows=1 width=79) (actual time=143.086..246.482 rows=6 loops=1)
                           ->  Nested Loop  (cost=1008.60..7475.83 rows=1 width=83) (actual time=143.066..246.450 rows=6 loops=1)
                                 Join Filter: (t.id = mi.movie_id)
                                 ->  Nested Loop  (cost=1008.16..7458.00 rows=1 width=33) (actual time=142.963..246.139 rows=6 loops=1)
                                       Join Filter: (t.id = ci.movie_id)
                                       ->  Gather  (cost=1007.60..7429.06 rows=1 width=25) (actual time=142.668..249.761 rows=9 loops=1)
                                             Workers Planned: 2
                                             Workers Launched: 2
                                             ->  Nested Loop  (cost=7.60..6428.96 rows=1 width=25) (actual time=149.426..200.786 rows=3 loops=3)
                                                   ->  Nested Loop  (cost=7.17..6372.12 rows=70 width=4) (actual time=4.421..96.667 rows=20699 loops=3)
                                                         ->  Parallel Index Scan using keyword_pkey on keyword k  (cost=0.42..4207.64 rows=2 width=4) (actual time=0.160..23.253 rows=2 loops=3)
                                                               Filter: ((keyword)::text = ANY ('{murder,blood,gore,death,female-nudity}'::text[]))
                                                               Rows Removed by Filter: 44722
                                                         ->  Bitmap Heap Scan on movie_keyword mk  (cost=6.75..1079.25 rows=299 width=8) (actual time=3.446..42.730 rows=12419 loops=5)
                                                               Recheck Cond: (keyword_id = k.id)
                                                               Heap Blocks: exact=12389
                                                               ->  Bitmap Index Scan on keyword_id_movie_keyword  (cost=0.00..6.67 rows=299 width=0) (actual time=1.979..1.979 rows=12419 loops=5)
                                                                     Index Cond: (keyword_id = k.id)
                                                   ->  Index Scan using title_pkey on title t  (cost=0.43..0.81 rows=1 width=21) (actual time=0.005..0.005 rows=0 loops=62096)
                                                         Index Cond: (id = mk.movie_id)
                                                         Filter: ((production_year > 2010) AND ((title)::text ~~ 'Vampire%'::text))
                                                         Rows Removed by Filter: 1
                                       ->  Index Scan using movie_id_cast_info on cast_info ci  (cost=0.56..28.93 rows=1 width=8) (actual time=0.068..0.082 rows=1 loops=9)
                                             Index Cond: (movie_id = mk.movie_id)
                                             Filter: ((note)::text = ANY ('{(writer),"(head writer)","(written by)",(story),"(story editor)"}'::text[]))
                                             Rows Removed by Filter: 21
                                 ->  Index Scan using movie_id_movie_info on movie_info mi  (cost=0.43..17.82 rows=1 width=50) (actual time=0.050..0.051 rows=1 loops=6)
                                       Index Cond: (movie_id = mk.movie_id)
                                       Filter: ((info)::text = 'Horror'::text)
                                       Rows Removed by Filter: 20
                           ->  Index Scan using info_type_pkey on info_type it1  (cost=0.14..0.16 rows=1 width=4) (actual time=0.003..0.003 rows=1 loops=6)
                                 Index Cond: (id = mi.info_type_id)
                                 Filter: ((info)::text = 'genres'::text)
                     ->  Index Scan using movie_id_movie_info_idx on movie_info_idx mi_idx  (cost=0.43..0.77 rows=3 width=14) (actual time=0.010..0.011 rows=3 loops=6)
                           Index Cond: (movie_id = mk.movie_id)
               ->  Index Scan using info_type_pkey on info_type it2  (cost=0.14..0.16 rows=1 width=4) (actual time=0.001..0.001 rows=0 loops=18)
                     Index Cond: (id = mi_idx.info_type_id)
                     Filter: ((info)::text = 'votes'::text)
                     Rows Removed by Filter: 1
         ->  Index Scan using name_pkey on name n  (cost=0.43..1.02 rows=1 width=19) (actual time=0.013..0.013 rows=1 loops=6)
               Index Cond: (id = ci.person_id)
               Filter: ((gender)::text = 'm'::text)
 Planning Time: 13.669 ms
 Execution Time: 251.316 ms
(49 rows)

SET
                                                                                                QUERY PLAN                                                                                                
----------------------------------------------------------------------------------------------------------------------------------------------------------------------------------------------------------
 Aggregate  (cost=8700.85..8700.86 rows=1 width=128) (actual time=9077.170..9077.170 rows=1 loops=1)
   ->  Nested Loop  (cost=1012.02..8700.84 rows=1 width=80) (actual time=7.855..9065.527 rows=26153 loops=1)
         Join Filter: (mi.movie_id = t.id)
         ->  Nested Loop  (cost=1011.59..8700.02 rows=1 width=79) (actual time=7.830..8943.726 rows=26153 loops=1)
               ->  Nested Loop  (cost=1011.16..8699.00 rows=1 width=68) (actual time=7.786..8669.746 rows=42900 loops=1)
                     Join Filter: (mi.movie_id = ci.movie_id)
                     ->  Gather  (cost=1010.60..8670.06 rows=1 width=60) (actual time=6.098..786.678 rows=63386 loops=1)
                           Workers Planned: 2
                           Workers Launched: 2
                           ->  Nested Loop  (cost=10.60..7669.96 rows=1 width=60) (actual time=4.773..1270.577 rows=21129 loops=3)
                                 ->  Nested Loop  (cost=10.46..7669.77 rows=1 width=64) (actual time=4.764..1242.845 rows=22577 loops=3)
                                       Join Filter: (mi_idx.movie_id = mi.movie_id)
                                       ->  Hash Join  (cost=10.02..7633.70 rows=2 width=14) (actual time=4.653..243.925 rows=21234 loops=3)
                                             Hash Cond: (mi_idx.info_type_id = it2.id)
                                             ->  Nested Loop  (cost=7.60..7630.47 rows=294 width=18) (actual time=4.557..233.827 rows=63896 loops=3)
                                                   ->  Nested Loop  (cost=7.17..7552.00 rows=98 width=4) (actual time=4.520..115.361 rows=25571 loops=3)
                                                         ->  Parallel Index Scan using keyword_pkey on keyword k  (cost=0.42..4347.40 rows=3 width=4) (actual time=0.275..22.464 rows=2 loops=3)
                                                               Filter: ((keyword)::text = ANY ('{murder,violence,blood,gore,death,female-nudity,hospital}'::text[]))
                                                               Rows Removed by Filter: 44721
                                                         ->  Bitmap Heap Scan on movie_keyword mk  (cost=6.75..1065.21 rows=299 width=8) (actual time=3.149..38.459 rows=10959 loops=7)
                                                               Recheck Cond: (keyword_id = k.id)
                                                               Heap Blocks: exact=12389
                                                               ->  Bitmap Index Scan on keyword_id_movie_keyword  (cost=0.00..6.67 rows=299 width=0) (actual time=1.810..1.810 rows=10959 loops=7)
                                                                     Index Cond: (keyword_id = k.id)
                                                   ->  Index Scan using movie_id_movie_info_idx on movie_info_idx mi_idx  (cost=0.43..0.77 rows=3 width=14) (actual time=0.004..0.004 rows=2 loops=76714)
                                                         Index Cond: (movie_id = mk.movie_id)
                                             ->  Hash  (cost=2.41..2.41 rows=1 width=4) (actual time=0.029..0.029 rows=1 loops=3)
                                                   Buckets: 1024  Batches: 1  Memory Usage: 9kB
                                                   ->  Seq Scan on info_type it2  (cost=0.00..2.41 rows=1 width=4) (actual time=0.022..0.024 rows=1 loops=3)
                                                         Filter: ((info)::text = 'votes'::text)
                                                         Rows Removed by Filter: 112
                                       ->  Index Scan using movie_id_movie_info on movie_info mi  (cost=0.43..18.03 rows=1 width=50) (actual time=0.045..0.047 rows=1 loops=63701)
                                             Index Cond: (movie_id = mk.movie_id)
                                             Filter: ((info)::text = ANY ('{Horror,Action,Sci-Fi,Thriller,Crime,War}'::text[]))
                                             Rows Removed by Filter: 58
                                 ->  Index Scan using info_type_pkey on info_type it1  (cost=0.14..0.16 rows=1 width=4) (actual time=0.001..0.001 rows=1 loops=67732)
                                       Index Cond: (id = mi.info_type_id)
                                       Filter: ((info)::text = 'genres'::text)
                                       Rows Removed by Filter: 0
                     ->  Index Scan using movie_id_cast_info on cast_info ci  (cost=0.56..28.93 rows=1 width=8) (actual time=0.098..0.124 rows=1 loops=63386)
                           Index Cond: (movie_id = mk.movie_id)
                           Filter: ((note)::text = ANY ('{(writer),"(head writer)","(written by)",(story),"(story editor)"}'::text[]))
                           Rows Removed by Filter: 63
               ->  Index Scan using name_pkey on name n  (cost=0.43..1.02 rows=1 width=19) (actual time=0.006..0.006 rows=1 loops=42900)
                     Index Cond: (id = ci.person_id)
                     Filter: ((gender)::text = 'm'::text)
                     Rows Removed by Filter: 0
         ->  Index Scan using title_pkey on title t  (cost=0.43..0.81 rows=1 width=21) (actual time=0.004..0.004 rows=1 loops=26153)
               Index Cond: (id = mk.movie_id)
 Planning Time: 13.888 ms
 Execution Time: 9077.596 ms
(51 rows)

SET
                                                                                                   QUERY PLAN                                                                                                   
----------------------------------------------------------------------------------------------------------------------------------------------------------------------------------------------------------------
 Aggregate  (cost=10239.97..10239.98 rows=1 width=128) (actual time=1139.655..1139.655 rows=1 loops=1)
   ->  Nested Loop  (cost=5.26..10239.96 rows=1 width=54) (actual time=12.538..1138.921 rows=1728 loops=1)
         ->  Nested Loop  (cost=4.83..10233.55 rows=14 width=42) (actual time=1.523..1014.855 rows=58947 loops=1)
               ->  Nested Loop  (cost=4.40..10227.18 rows=14 width=31) (actual time=1.497..709.025 rows=58947 loops=1)
                     Join Filter: (t.id = ci.movie_id)
                     ->  Nested Loop  (cost=3.84..10225.20 rows=1 width=39) (actual time=1.448..565.093 rows=326 loops=1)
                           ->  Nested Loop  (cost=3.42..10223.39 rows=4 width=43) (actual time=0.541..377.115 rows=79039 loops=1)
                                 ->  Nested Loop  (cost=2.98..10219.72 rows=2 width=35) (actual time=0.513..348.682 rows=647 loops=1)
                                       Join Filter: (kt.id = t.kind_id)
                                       Rows Removed by Join Filter: 5355
                                       ->  Seq Scan on kind_type kt  (cost=0.00..1.09 rows=1 width=4) (actual time=0.015..0.017 rows=1 loops=1)
                                             Filter: ((kind)::text = 'movie'::text)
                                             Rows Removed by Filter: 6
                                       ->  Nested Loop  (cost=2.98..10218.42 rows=17 width=39) (actual time=0.390..348.020 rows=6002 loops=1)
                                             Join Filter: (cc.movie_id = t.id)
                                             ->  Nested Loop  (cost=2.55..10175.60 rows=32 width=14) (actual time=0.273..260.019 rows=17898 loops=1)
                                                   Join Filter: (it2.id = mi_idx.info_type_id)
                                                   Rows Removed by Join Filter: 8960
                                                   ->  Seq Scan on info_type it2  (cost=0.00..2.41 rows=1 width=4) (actual time=0.010..0.013 rows=1 loops=1)
                                                         Filter: ((info)::text = 'rating'::text)
                                                         Rows Removed by Filter: 112
                                                   ->  Nested Loop  (cost=2.55..10128.32 rows=3590 width=18) (actual time=0.148..256.533 rows=26858 loops=1)
                                                         ->  Hash Join  (cost=2.12..2996.88 rows=8443 width=4) (actual time=0.079..48.936 rows=85941 loops=1)
                                                               Hash Cond: (cc.status_id = cct2.id)
                                                               ->  Hash Join  (cost=1.06..2813.24 rows=33772 width=8) (actual time=0.030..34.332 rows=85941 loops=1)
                                                                     Hash Cond: (cc.subject_id = cct1.id)
                                                                     ->  Seq Scan on complete_cast cc  (cost=0.00..2081.86 rows=135086 width=12) (actual time=0.012..12.199 rows=135086 loops=1)
                                                                     ->  Hash  (cost=1.05..1.05 rows=1 width=4) (actual time=0.004..0.004 rows=1 loops=1)
                                                                           Buckets: 1024  Batches: 1  Memory Usage: 9kB
                                                                           ->  Seq Scan on comp_cast_type cct1  (cost=0.00..1.05 rows=1 width=4) (actual time=0.001..0.002 rows=1 loops=1)
                                                                                 Filter: ((kind)::text = 'cast'::text)
                                                                                 Rows Removed by Filter: 3
                                                               ->  Hash  (cost=1.05..1.05 rows=1 width=4) (actual time=0.022..0.022 rows=2 loops=1)
                                                                     Buckets: 1024  Batches: 1  Memory Usage: 9kB
                                                                     ->  Seq Scan on comp_cast_type cct2  (cost=0.00..1.05 rows=1 width=4) (actual time=0.015..0.016 rows=2 loops=1)
                                                                           Filter: ((kind)::text ~~ '%complete%'::text)
                                                                           Rows Removed by Filter: 2
                                                         ->  Index Scan using movie_id_movie_info_idx on movie_info_idx mi_idx  (cost=0.43..0.83 rows=1 width=14) (actual time=0.002..0.002 rows=0 loops=85941)
                                                               Index Cond: (movie_id = cc.movie_id)
                                                               Filter: ((info)::text > '7.0'::text)
                                                               Rows Removed by Filter: 2
                                             ->  Index Scan using title_pkey on title t  (cost=0.43..1.33 rows=1 width=25) (actual time=0.005..0.005 rows=0 loops=17898)
                                                   Index Cond: (id = mi_idx.movie_id)
                                                   Filter: (production_year > 2000)
                                                   Rows Removed by Filter: 1
                                 ->  Index Scan using movie_id_movie_keyword on movie_keyword mk  (cost=0.43..1.36 rows=47 width=8) (actual time=0.010..0.029 rows=122 loops=647)
                                       Index Cond: (movie_id = t.id)
                           ->  Index Scan using keyword_pkey on keyword k  (cost=0.42..0.45 rows=1 width=4) (actual time=0.002..0.002 rows=0 loops=79039)
                                 Index Cond: (id = mk.keyword_id)
                                 Filter: ((keyword)::text = ANY ('{superhero,marvel-comics,based-on-comic,tv-special,fight,violence,magnet,web,claw,laser}'::text[]))
                                 Rows Removed by Filter: 1
                     ->  Index Scan using movie_id_cast_info on cast_info ci  (cost=0.56..1.52 rows=37 width=12) (actual time=0.011..0.406 rows=181 loops=326)
                           Index Cond: (movie_id = mk.movie_id)
               ->  Index Scan using name_pkey on name n  (cost=0.43..0.45 rows=1 width=19) (actual time=0.005..0.005 rows=1 loops=58947)
                     Index Cond: (id = ci.person_id)
         ->  Index Scan using char_name_pkey on char_name chn  (cost=0.43..0.46 rows=1 width=20) (actual time=0.002..0.002 rows=0 loops=58947)
               Index Cond: (id = ci.person_role_id)
               Filter: ((name IS NOT NULL) AND (((name)::text ~~ '%man%'::text) OR ((name)::text ~~ '%Man%'::text)))
               Rows Removed by Filter: 0
 Planning Time: 68.884 ms
 Execution Time: 1139.896 ms
(61 rows)

SET
                                                                                                      QUERY PLAN                                                                                                      
----------------------------------------------------------------------------------------------------------------------------------------------------------------------------------------------------------------------
 Aggregate  (cost=7388.77..7388.78 rows=1 width=96) (actual time=280.169..280.169 rows=1 loops=1)
   ->  Nested Loop  (cost=9.45..7388.76 rows=1 width=39) (actual time=30.933..280.124 rows=93 loops=1)
         Join Filter: (cct1.id = cc.subject_id)
         Rows Removed by Join Filter: 87
         ->  Seq Scan on comp_cast_type cct1  (cost=0.00..1.05 rows=1 width=4) (actual time=0.016..0.017 rows=1 loops=1)
               Filter: ((kind)::text = 'cast'::text)
               Rows Removed by Filter: 3
         ->  Nested Loop  (cost=9.45..7387.70 rows=1 width=43) (actual time=30.915..280.082 rows=180 loops=1)
               Join Filter: (cct2.id = cc.status_id)
               Rows Removed by Join Filter: 180
               ->  Seq Scan on comp_cast_type cct2  (cost=0.00..1.05 rows=1 width=4) (actual time=0.002..0.003 rows=2 loops=1)
                     Filter: ((kind)::text ~~ '%complete%'::text)
                     Rows Removed by Filter: 2
               ->  Nested Loop  (cost=9.45..7386.64 rows=1 width=47) (actual time=22.031..140.016 rows=180 loops=2)
                     ->  Nested Loop  (cost=9.03..7386.16 rows=1 width=55) (actual time=19.379..139.567 rows=191 loops=2)
                           ->  Nested Loop  (cost=8.60..7385.70 rows=1 width=59) (actual time=19.361..138.251 rows=191 loops=2)
                                 ->  Nested Loop  (cost=8.17..7379.30 rows=14 width=47) (actual time=19.298..124.107 rows=7981 loops=2)
                                       Join Filter: (t.id = ci.movie_id)
                                       ->  Nested Loop  (cost=7.61..7377.31 rows=1 width=35) (actual time=19.279..106.845 rows=31 loops=2)
                                             Join Filter: (kt.id = t.kind_id)
                                             Rows Removed by Join Filter: 167
                                             ->  Seq Scan on kind_type kt  (cost=0.00..1.09 rows=1 width=4) (actual time=0.004..0.006 rows=1 loops=2)
                                                   Filter: ((kind)::text = 'movie'::text)
                                                   Rows Removed by Filter: 6
                                             ->  Nested Loop  (cost=7.61..7376.21 rows=1 width=39) (actual time=0.829..106.811 rows=198 loops=2)
                                                   ->  Nested Loop  (cost=7.18..7375.73 rows=1 width=14) (actual time=0.814..103.996 rows=313 loops=2)
                                                         Join Filter: (mi_idx.info_type_id = it2.id)
                                                         Rows Removed by Join Filter: 612
                                                         ->  Seq Scan on info_type it2  (cost=0.00..2.41 rows=1 width=4) (actual time=0.009..0.011 rows=1 loops=2)
                                                               Filter: ((info)::text = 'rating'::text)
                                                               Rows Removed by Filter: 112
                                                         ->  Nested Loop  (cost=7.18..7373.13 rows=15 width=18) (actual time=0.691..103.866 rows=925 loops=2)
                                                               ->  Nested Loop  (cost=6.75..7304.56 rows=135 width=4) (actual time=0.590..57.310 rows=9984 loops=2)
                                                                     ->  Seq Scan on keyword k  (cost=0.00..2961.55 rows=4 width=4) (actual time=0.075..20.898 rows=4 loops=2)
                                                                           Filter: ((keyword)::text = ANY ('{superhero,marvel-comics,based-on-comic,fight}'::text[]))
                                                                           Rows Removed by Filter: 134166
                                                                     ->  Bitmap Heap Scan on movie_keyword mk  (cost=6.75..1082.76 rows=299 width=8) (actual time=0.689..8.822 rows=2496 loops=8)
                                                                           Recheck Cond: (keyword_id = k.id)
                                                                           Heap Blocks: exact=15372
                                                                           ->  Bitmap Index Scan on keyword_id_movie_keyword  (cost=0.00..6.67 rows=299 width=0) (actual time=0.383..0.383 rows=2496 loops=8)
                                                                                 Index Cond: (keyword_id = k.id)
                                                               ->  Index Scan using movie_id_movie_info_idx on movie_info_idx mi_idx  (cost=0.43..0.50 rows=1 width=14) (actual time=0.004..0.004 rows=0 loops=19968)
                                                                     Index Cond: (movie_id = mk.movie_id)
                                                                     Filter: ((info)::text > '8.0'::text)
                                                                     Rows Removed by Filter: 2
                                                   ->  Index Scan using title_pkey on title t  (cost=0.43..0.49 rows=1 width=25) (actual time=0.009..0.009 rows=1 loops=626)
                                                         Index Cond: (id = mk.movie_id)
                                                         Filter: (production_year > 2005)
                                                         Rows Removed by Filter: 0
                                       ->  Index Scan using movie_id_cast_info on cast_info ci  (cost=0.56..1.52 rows=37 width=12) (actual time=0.013..0.515 rows=257 loops=62)
                                             Index Cond: (movie_id = mk.movie_id)
                                 ->  Index Scan using char_name_pkey on char_name chn  (cost=0.43..0.46 rows=1 width=20) (actual time=0.002..0.002 rows=0 loops=15962)
                                       Index Cond: (id = ci.person_role_id)
                                       Filter: ((name IS NOT NULL) AND (((name)::text ~~ '%man%'::text) OR ((name)::text ~~ '%Man%'::text)))
                                       Rows Removed by Filter: 0
                           ->  Index Only Scan using name_pkey on name n  (cost=0.43..0.45 rows=1 width=4) (actual time=0.006..0.006 rows=1 loops=382)
                                 Index Cond: (id = ci.person_id)
                                 Heap Fetches: 382
                     ->  Index Scan using movie_id_complete_cast on complete_cast cc  (cost=0.42..0.46 rows=2 width=12) (actual time=0.002..0.002 rows=1 loops=382)
                           Index Cond: (movie_id = t.id)
 Planning Time: 70.770 ms
 Execution Time: 280.435 ms
(62 rows)

SET
                                                                                                   QUERY PLAN                                                                                                   
----------------------------------------------------------------------------------------------------------------------------------------------------------------------------------------------------------------
 Aggregate  (cost=14668.28..14668.29 rows=1 width=96) (actual time=1547.013..1547.014 rows=1 loops=1)
   ->  Nested Loop  (cost=9.45..14668.27 rows=1 width=39) (actual time=8.297..1545.167 rows=5400 loops=1)
         ->  Nested Loop  (cost=9.02..14667.82 rows=1 width=43) (actual time=8.268..1500.376 rows=5400 loops=1)
               Join Filter: (it2.id = mi_idx.info_type_id)
               Rows Removed by Join Filter: 11196
               ->  Seq Scan on info_type it2  (cost=0.00..2.41 rows=1 width=4) (actual time=0.013..0.014 rows=1 loops=1)
                     Filter: ((info)::text = 'rating'::text)
                     Rows Removed by Filter: 112
               ->  Nested Loop  (cost=9.02..14665.39 rows=1 width=47) (actual time=8.253..1498.405 rows=16596 loops=1)
                     Join Filter: (t.id = mi_idx.movie_id)
                     ->  Nested Loop  (cost=8.59..14664.88 rows=1 width=53) (actual time=8.230..1476.124 rows=5406 loops=1)
                           ->  Nested Loop  (cost=8.16..14658.47 rows=14 width=41) (actual time=7.930..1045.887 rows=189844 loops=1)
                                 Join Filter: (t.id = ci.movie_id)
                                 ->  Nested Loop  (cost=7.60..14656.48 rows=1 width=29) (actual time=7.899..501.262 rows=1267 loops=1)
                                       Join Filter: (cct2.id = cc.status_id)
                                       Rows Removed by Join Filter: 1267
                                       ->  Seq Scan on comp_cast_type cct2  (cost=0.00..1.05 rows=1 width=4) (actual time=0.008..0.009 rows=2 loops=1)
                                             Filter: ((kind)::text ~~ '%complete%'::text)
                                             Rows Removed by Filter: 2
                                       ->  Nested Loop  (cost=7.60..14655.42 rows=1 width=33) (actual time=5.812..250.349 rows=1267 loops=2)
                                             Join Filter: (cct1.id = cc.subject_id)
                                             Rows Removed by Join Filter: 218
                                             ->  Seq Scan on comp_cast_type cct1  (cost=0.00..1.05 rows=1 width=4) (actual time=0.001..0.002 rows=1 loops=2)
                                                   Filter: ((kind)::text = 'cast'::text)
                                                   Rows Removed by Filter: 3
                                             ->  Nested Loop  (cost=7.60..14654.36 rows=1 width=37) (actual time=5.809..250.008 rows=1485 loops=2)
                                                   ->  Nested Loop  (cost=7.18..14641.93 rows=26 width=25) (actual time=5.727..236.160 rows=5032 loops=2)
                                                         Join Filter: (kt.id = t.kind_id)
                                                         Rows Removed by Join Filter: 5581
                                                         ->  Seq Scan on kind_type kt  (cost=0.00..1.09 rows=1 width=4) (actual time=0.003..0.005 rows=1 loops=2)
                                                               Filter: ((kind)::text = 'movie'::text)
                                                               Rows Removed by Filter: 6
                                                         ->  Nested Loop  (cost=7.18..14638.55 rows=183 width=29) (actual time=0.661..234.774 rows=10613 loops=2)
                                                               ->  Nested Loop  (cost=6.75..14474.11 rows=337 width=4) (actual time=0.643..109.826 rows=24091 loops=2)
                                                                     ->  Seq Scan on keyword k  (cost=0.00..3967.82 rows=10 width=4) (actual time=0.138..35.994 rows=10 loops=2)
                                                                           Filter: ((keyword)::text = ANY ('{superhero,marvel-comics,based-on-comic,tv-special,fight,violence,magnet,web,claw,laser}'::text[]))
                                                                           Rows Removed by Filter: 134160
                                                                     ->  Bitmap Heap Scan on movie_keyword mk  (cost=6.75..1047.64 rows=299 width=8) (actual time=0.650..7.080 rows=2409 loops=20)
                                                                           Recheck Cond: (keyword_id = k.id)
                                                                           Heap Blocks: exact=34254
                                                                           ->  Bitmap Index Scan on keyword_id_movie_keyword  (cost=0.00..6.67 rows=299 width=0) (actual time=0.363..0.363 rows=2409 loops=20)
                                                                                 Index Cond: (keyword_id = k.id)
                                                               ->  Index Scan using title_pkey on title t  (cost=0.43..0.49 rows=1 width=25) (actual time=0.005..0.005 rows=0 loops=48182)
                                                                     Index Cond: (id = mk.movie_id)
                                                                     Filter: (production_year > 2000)
                                                                     Rows Removed by Filter: 1
                                                   ->  Index Scan using movie_id_complete_cast on complete_cast cc  (cost=0.42..0.46 rows=2 width=12) (actual time=0.002..0.002 rows=0 loops=10064)
                                                         Index Cond: (movie_id = t.id)
                                 ->  Index Scan using movie_id_cast_info on cast_info ci  (cost=0.56..1.52 rows=37 width=12) (actual time=0.012..0.403 rows=150 loops=1267)
                                       Index Cond: (movie_id = mk.movie_id)
                           ->  Index Scan using char_name_pkey on char_name chn  (cost=0.43..0.46 rows=1 width=20) (actual time=0.002..0.002 rows=0 loops=189844)
                                 Index Cond: (id = ci.person_role_id)
                                 Filter: ((name IS NOT NULL) AND (((name)::text ~~ '%man%'::text) OR ((name)::text ~~ '%Man%'::text)))
                                 Rows Removed by Filter: 0
                     ->  Index Scan using movie_id_movie_info_idx on movie_info_idx mi_idx  (cost=0.43..0.48 rows=3 width=14) (actual time=0.003..0.003 rows=3 loops=5406)
                           Index Cond: (movie_id = ci.movie_id)
         ->  Index Only Scan using name_pkey on name n  (cost=0.43..0.45 rows=1 width=4) (actual time=0.008..0.008 rows=1 loops=5400)
               Index Cond: (id = ci.person_id)
               Heap Fetches: 5400
 Planning Time: 69.009 ms
 Execution Time: 1547.240 ms
(61 rows)

SET
                                                                                                         QUERY PLAN                                                                                                          
-----------------------------------------------------------------------------------------------------------------------------------------------------------------------------------------------------------------------------
 Aggregate  (cost=3308.26..3308.27 rows=1 width=96) (actual time=26.241..26.241 rows=1 loops=1)
   ->  Nested Loop  (cost=6.00..3308.26 rows=1 width=118) (actual time=3.508..26.118 rows=477 loops=1)
         ->  Nested Loop  (cost=5.58..3307.80 rows=1 width=103) (actual time=3.482..24.082 rows=1106 loops=1)
               Join Filter: (ct.id = mc.company_type_id)
               Rows Removed by Join Filter: 57
               ->  Seq Scan on company_type ct  (cost=0.00..1.05 rows=1 width=4) (actual time=0.015..0.017 rows=1 loops=1)
                     Filter: ((kind)::text = 'production companies'::text)
                     Rows Removed by Filter: 3
               ->  Nested Loop  (cost=5.58..3306.72 rows=2 width=107) (actual time=3.464..23.941 rows=1163 loops=1)
                     Join Filter: (ml.movie_id = mc.movie_id)
                     ->  Nested Loop  (cost=5.15..3306.16 rows=1 width=119) (actual time=3.441..23.254 rows=154 loops=1)
                           ->  Nested Loop  (cost=4.73..2463.07 rows=1911 width=123) (actual time=3.409..20.137 rows=1853 loops=1)
                                 Join Filter: (ml.movie_id = mk.movie_id)
                                 ->  Nested Loop  (cost=4.29..2380.91 rows=41 width=115) (actual time=3.391..19.219 rows=213 loops=1)
                                       Join Filter: (ml.movie_id = mi.movie_id)
                                       ->  Nested Loop  (cost=3.86..2105.18 rows=121 width=111) (actual time=0.972..14.122 rows=179 loops=1)
                                             Join Filter: (ml.movie_id = t.id)
                                             ->  Hash Join  (cost=3.43..1527.00 rows=333 width=90) (actual time=0.948..13.150 rows=189 loops=1)
                                                   Hash Cond: (ml.link_type_id = lt.id)
                                                   ->  Merge Join  (cost=2.19..1506.31 rows=6002 width=12) (actual time=0.066..12.865 rows=3346 loops=1)
                                                         Merge Cond: (cc.movie_id = ml.movie_id)
                                                         ->  Nested Loop  (cost=0.42..9294.58 rows=16886 width=4) (actual time=0.031..5.071 rows=5561 loops=1)
                                                               Join Filter: (cc.subject_id = cct1.id)
                                                               Rows Removed by Join Filter: 2227
                                                               ->  Nested Loop  (cost=0.42..8364.79 rows=33772 width=8) (actual time=0.022..3.693 rows=5561 loops=1)
                                                                     Join Filter: (cct2.id = cc.status_id)
                                                                     Rows Removed by Join Filter: 432
                                                                     ->  Index Scan using movie_id_complete_cast on complete_cast cc  (cost=0.42..6337.45 rows=135086 width=12) (actual time=0.008..2.297 rows=5993 loops=1)
                                                                     ->  Materialize  (cost=0.00..1.05 rows=1 width=4) (actual time=0.000..0.000 rows=1 loops=5993)
                                                                           ->  Seq Scan on comp_cast_type cct2  (cost=0.00..1.05 rows=1 width=4) (actual time=0.007..0.007 rows=1 loops=1)
                                                                                 Filter: ((kind)::text = 'complete'::text)
                                                                                 Rows Removed by Filter: 3
                                                               ->  Materialize  (cost=0.00..1.06 rows=2 width=4) (actual time=0.000..0.000 rows=1 loops=5561)
                                                                     ->  Seq Scan on comp_cast_type cct1  (cost=0.00..1.05 rows=2 width=4) (actual time=0.002..0.002 rows=2 loops=1)
                                                                           Filter: ((kind)::text = ANY ('{cast,crew}'::text[]))
                                                         ->  Index Scan using movie_id_movie_link on movie_link ml  (cost=0.29..959.51 rows=29997 width=8) (actual time=0.007..5.220 rows=30638 loops=1)
                                                   ->  Hash  (cost=1.23..1.23 rows=1 width=86) (actual time=0.017..0.017 rows=2 loops=1)
                                                         Buckets: 1024  Batches: 1  Memory Usage: 9kB
                                                         ->  Seq Scan on link_type lt  (cost=0.00..1.23 rows=1 width=86) (actual time=0.009..0.012 rows=2 loops=1)
                                                               Filter: ((link)::text ~~ '%follow%'::text)
                                                               Rows Removed by Filter: 16
                                             ->  Index Scan using title_pkey on title t  (cost=0.43..1.72 rows=1 width=21) (actual time=0.005..0.005 rows=1 loops=189)
                                                   Index Cond: (id = cc.movie_id)
                                                   Filter: ((production_year >= 1950) AND (production_year <= 2000))
                                                   Rows Removed by Filter: 0
                                       ->  Index Scan using movie_id_movie_info on movie_info mi  (cost=0.43..2.27 rows=1 width=4) (actual time=0.027..0.028 rows=1 loops=179)
                                             Index Cond: (movie_id = t.id)
                                             Filter: ((info)::text = ANY ('{Sweden,Germany,Swedish,German}'::text[]))
                                             Rows Removed by Filter: 27
                                 ->  Index Scan using movie_id_movie_keyword on movie_keyword mk  (cost=0.43..1.42 rows=47 width=8) (actual time=0.002..0.003 rows=9 loops=213)
                                       Index Cond: (movie_id = t.id)
                           ->  Index Scan using keyword_pkey on keyword k  (cost=0.42..0.44 rows=1 width=4) (actual time=0.002..0.002 rows=0 loops=1853)
                                 Index Cond: (id = mk.keyword_id)
                                 Filter: ((keyword)::text = 'sequel'::text)
                                 Rows Removed by Filter: 1
                     ->  Index Scan using movie_id_movie_companies on movie_companies mc  (cost=0.43..0.54 rows=2 width=12) (actual time=0.002..0.003 rows=8 loops=154)
                           Index Cond: (movie_id = mk.movie_id)
                           Filter: (note IS NULL)
                           Rows Removed by Filter: 1
         ->  Index Scan using company_name_pkey on company_name cn  (cost=0.42..0.46 rows=1 width=23) (actual time=0.002..0.002 rows=0 loops=1106)
               Index Cond: (id = mc.company_id)
               Filter: (((country_code)::text <> '[pl]'::text) AND (((name)::text ~~ '%Film%'::text) OR ((name)::text ~~ '%Warner%'::text)))
               Rows Removed by Filter: 1
 Planning Time: 70.118 ms
 Execution Time: 26.494 ms
(65 rows)

SET
                                                                                                         QUERY PLAN                                                                                                          
-----------------------------------------------------------------------------------------------------------------------------------------------------------------------------------------------------------------------------
 Aggregate  (cost=2420.10..2420.11 rows=1 width=96) (actual time=35.669..35.669 rows=1 loops=1)
   ->  Nested Loop  (cost=3.52..2420.10 rows=1 width=118) (actual time=25.591..35.605 rows=247 loops=1)
         Join Filter: (ml.movie_id = mi.movie_id)
         ->  Nested Loop  (cost=3.08..2418.52 rows=1 width=138) (actual time=25.556..34.934 rows=95 loops=1)
               ->  Nested Loop  (cost=2.66..2397.77 rows=47 width=142) (actual time=25.505..33.754 rows=703 loops=1)
                     Join Filter: (ml.movie_id = mk.movie_id)
                     ->  Nested Loop  (cost=2.23..2395.81 rows=1 width=134) (actual time=25.488..33.382 rows=95 loops=1)
                           ->  Nested Loop  (cost=1.81..2395.35 rows=1 width=119) (actual time=25.473..33.023 rows=190 loops=1)
                                 Join Filter: (ml.movie_id = t.id)
                                 ->  Nested Loop  (cost=1.38..2375.69 rows=33 width=98) (actual time=1.910..31.676 rows=705 loops=1)
                                       Join Filter: (lt.id = ml.link_type_id)
                                       Rows Removed by Join Filter: 10769
                                       ->  Merge Join  (cost=1.38..2365.44 rows=601 width=20) (actual time=0.430..29.731 rows=5794 loops=1)
                                             Merge Cond: (mc.movie_id = ml.movie_id)
                                             ->  Nested Loop  (cost=0.85..33746.92 rows=10432 width=12) (actual time=0.395..22.180 rows=4702 loops=1)
                                                   Join Filter: (ct.id = mc.company_type_id)
                                                   Rows Removed by Join Filter: 109
                                                   ->  Nested Loop  (cost=0.85..33119.98 rows=41726 width=16) (actual time=0.389..21.077 rows=4811 loops=1)
                                                         ->  Nested Loop  (cost=0.42..11067.56 rows=16886 width=4) (actual time=0.020..5.020 rows=5561 loops=1)
                                                               Join Filter: (cc.status_id = cct2.id)
                                                               Rows Removed by Join Filter: 432
                                                               ->  Nested Loop  (cost=0.42..10053.37 rows=67543 width=8) (actual time=0.016..3.737 rows=5993 loops=1)
                                                                     Join Filter: (cct1.id = cc.subject_id)
                                                                     Rows Removed by Join Filter: 2305
                                                                     ->  Index Scan using movie_id_complete_cast on complete_cast cc  (cost=0.42..6337.45 rows=135086 width=12) (actual time=0.005..1.913 rows=5993 loops=1)
                                                                     ->  Materialize  (cost=0.00..1.06 rows=2 width=4) (actual time=0.000..0.000 rows=1 loops=5993)
                                                                           ->  Seq Scan on comp_cast_type cct1  (cost=0.00..1.05 rows=2 width=4) (actual time=0.005..0.006 rows=2 loops=1)
                                                                                 Filter: ((kind)::text = ANY ('{cast,crew}'::text[]))
                                                               ->  Materialize  (cost=0.00..1.05 rows=1 width=4) (actual time=0.000..0.000 rows=1 loops=5993)
                                                                     ->  Seq Scan on comp_cast_type cct2  (cost=0.00..1.05 rows=1 width=4) (actual time=0.002..0.002 rows=1 loops=1)
                                                                           Filter: ((kind)::text = 'complete'::text)
                                                                           Rows Removed by Filter: 3
                                                         ->  Index Scan using movie_id_movie_companies on movie_companies mc  (cost=0.43..1.29 rows=2 width=12) (actual time=0.002..0.003 rows=1 loops=5561)
                                                               Index Cond: (movie_id = cc.movie_id)
                                                               Filter: (note IS NULL)
                                                               Rows Removed by Filter: 2
                                                   ->  Materialize  (cost=0.00..1.05 rows=1 width=4) (actual time=0.000..0.000 rows=1 loops=4811)
                                                         ->  Seq Scan on company_type ct  (cost=0.00..1.05 rows=1 width=4) (actual time=0.002..0.003 rows=1 loops=1)
                                                               Filter: ((kind)::text = 'production companies'::text)
                                                               Rows Removed by Filter: 3
                                             ->  Index Scan using movie_id_movie_link on movie_link ml  (cost=0.29..959.51 rows=29997 width=8) (actual time=0.008..4.569 rows=33634 loops=1)
                                       ->  Materialize  (cost=0.00..1.23 rows=1 width=86) (actual time=0.000..0.000 rows=2 loops=5794)
                                             ->  Seq Scan on link_type lt  (cost=0.00..1.23 rows=1 width=86) (actual time=0.002..0.005 rows=2 loops=1)
                                                   Filter: ((link)::text ~~ '%follow%'::text)
                                                   Rows Removed by Filter: 16
                                 ->  Index Scan using title_pkey on title t  (cost=0.43..0.58 rows=1 width=21) (actual time=0.002..0.002 rows=0 loops=705)
                                       Index Cond: (id = mc.movie_id)
                                       Filter: (production_year = 1998)
                                       Rows Removed by Filter: 1
                           ->  Index Scan using company_name_pkey on company_name cn  (cost=0.42..0.46 rows=1 width=23) (actual time=0.002..0.002 rows=0 loops=190)
                                 Index Cond: (id = mc.company_id)
                                 Filter: (((country_code)::text <> '[pl]'::text) AND (((name)::text ~~ '%Film%'::text) OR ((name)::text ~~ '%Warner%'::text)))
                                 Rows Removed by Filter: 0
                     ->  Index Scan using movie_id_movie_keyword on movie_keyword mk  (cost=0.43..1.37 rows=47 width=8) (actual time=0.002..0.003 rows=7 loops=95)
                           Index Cond: (movie_id = mc.movie_id)
               ->  Index Scan using keyword_pkey on keyword k  (cost=0.42..0.44 rows=1 width=4) (actual time=0.001..0.001 rows=0 loops=703)
                     Index Cond: (id = mk.keyword_id)
                     Filter: ((keyword)::text = 'sequel'::text)
                     Rows Removed by Filter: 1
         ->  Index Scan using movie_id_movie_info on movie_info mi  (cost=0.43..1.56 rows=1 width=4) (actual time=0.005..0.007 rows=3 loops=95)
               Index Cond: (movie_id = mk.movie_id)
               Filter: ((info)::text = ANY ('{Sweden,Germany,Swedish,German}'::text[]))
               Rows Removed by Filter: 10
 Planning Time: 69.145 ms
 Execution Time: 35.902 ms
(65 rows)

SET
                                                                                                         QUERY PLAN                                                                                                          
-----------------------------------------------------------------------------------------------------------------------------------------------------------------------------------------------------------------------------
 Aggregate  (cost=3422.73..3422.74 rows=1 width=96) (actual time=41.538..41.538 rows=1 loops=1)
   ->  Nested Loop  (cost=3.38..3422.71 rows=3 width=118) (actual time=6.117..41.376 rows=743 loops=1)
         Join Filter: (ml.movie_id = mi.movie_id)
         ->  Nested Loop  (cost=2.94..3420.85 rows=1 width=138) (actual time=6.096..39.438 rows=172 loops=1)
               Join Filter: (mc.company_type_id = ct.id)
               Rows Removed by Join Filter: 19
               ->  Nested Loop  (cost=2.94..3419.79 rows=1 width=142) (actual time=6.093..39.228 rows=191 loops=1)
                     ->  Nested Loop  (cost=2.52..3378.74 rows=93 width=146) (actual time=3.375..33.487 rows=3396 loops=1)
                           Join Filter: (ml.movie_id = mk.movie_id)
                           ->  Nested Loop  (cost=2.09..3374.90 rows=2 width=138) (actual time=3.350..31.866 rows=298 loops=1)
                                 Join Filter: (lt.id = ml.link_type_id)
                                 Rows Removed by Join Filter: 1113
                                 ->  Merge Join  (cost=2.09..3373.07 rows=40 width=60) (actual time=2.442..31.585 rows=720 loops=1)
                                       Merge Cond: (t.id = ml.movie_id)
                                       ->  Nested Loop  (cost=1.70..32069.95 rows=3391 width=52) (actual time=1.337..25.670 rows=161 loops=1)
                                             ->  Nested Loop  (cost=1.27..29418.97 rows=4524 width=31) (actual time=1.315..24.055 rows=174 loops=1)
                                                   ->  Nested Loop  (cost=0.85..19898.64 rows=20863 width=16) (actual time=0.264..14.458 rows=3375 loops=1)
                                                         ->  Nested Loop  (cost=0.42..8872.43 rows=8443 width=4) (actual time=0.025..4.614 rows=3834 loops=1)
                                                               Join Filter: (cct2.id = cc.status_id)
                                                               Rows Removed by Join Filter: 372
                                                               ->  Nested Loop  (cost=0.42..8364.79 rows=33772 width=8) (actual time=0.014..3.694 rows=3834 loops=1)
                                                                     Join Filter: (cct1.id = cc.subject_id)
                                                                     Rows Removed by Join Filter: 2385
                                                                     ->  Index Scan using movie_id_complete_cast on complete_cast cc  (cost=0.42..6337.45 rows=135086 width=12) (actual time=0.004..2.049 rows=6219 loops=1)
                                                                     ->  Materialize  (cost=0.00..1.05 rows=1 width=4) (actual time=0.000..0.000 rows=1 loops=6219)
                                                                           ->  Seq Scan on comp_cast_type cct1  (cost=0.00..1.05 rows=1 width=4) (actual time=0.004..0.005 rows=1 loops=1)
                                                                                 Filter: ((kind)::text = 'cast'::text)
                                                                                 Rows Removed by Filter: 3
                                                               ->  Materialize  (cost=0.00..1.05 rows=1 width=4) (actual time=0.000..0.000 rows=1 loops=3834)
                                                                     ->  Seq Scan on comp_cast_type cct2  (cost=0.00..1.05 rows=1 width=4) (actual time=0.008..0.008 rows=2 loops=1)
                                                                           Filter: ((kind)::text ~~ 'complete%'::text)
                                                                           Rows Removed by Filter: 2
                                                         ->  Index Scan using movie_id_movie_companies on movie_companies mc  (cost=0.43..1.29 rows=2 width=12) (actual time=0.002..0.002 rows=1 loops=3834)
                                                               Index Cond: (movie_id = cc.movie_id)
                                                               Filter: (note IS NULL)
                                                               Rows Removed by Filter: 2
                                                   ->  Index Scan using company_name_pkey on company_name cn  (cost=0.42..0.46 rows=1 width=23) (actual time=0.003..0.003 rows=0 loops=3375)
                                                         Index Cond: (id = mc.company_id)
                                                         Filter: (((country_code)::text <> '[pl]'::text) AND (((name)::text ~~ '%Film%'::text) OR ((name)::text ~~ '%Warner%'::text)))
                                                         Rows Removed by Filter: 1
                                             ->  Index Scan using title_pkey on title t  (cost=0.43..0.59 rows=1 width=21) (actual time=0.009..0.009 rows=1 loops=174)
                                                   Index Cond: (id = mc.movie_id)
                                                   Filter: ((production_year >= 1950) AND (production_year <= 2010))
                                                   Rows Removed by Filter: 0
                                       ->  Index Scan using movie_id_movie_link on movie_link ml  (cost=0.29..959.51 rows=29997 width=8) (actual time=0.007..3.905 rows=30313 loops=1)
                                 ->  Materialize  (cost=0.00..1.23 rows=1 width=86) (actual time=0.000..0.000 rows=2 loops=720)
                                       ->  Seq Scan on link_type lt  (cost=0.00..1.23 rows=1 width=86) (actual time=0.002..0.006 rows=2 loops=1)
                                             Filter: ((link)::text ~~ '%follow%'::text)
                                             Rows Removed by Filter: 16
                           ->  Index Scan using movie_id_movie_keyword on movie_keyword mk  (cost=0.43..1.33 rows=47 width=8) (actual time=0.002..0.003 rows=11 loops=298)
                                 Index Cond: (movie_id = t.id)
                     ->  Index Scan using keyword_pkey on keyword k  (cost=0.42..0.44 rows=1 width=4) (actual time=0.002..0.002 rows=0 loops=3396)
                           Index Cond: (id = mk.keyword_id)
                           Filter: ((keyword)::text = 'sequel'::text)
                           Rows Removed by Filter: 1
               ->  Seq Scan on company_type ct  (cost=0.00..1.05 rows=1 width=4) (actual time=0.000..0.001 rows=1 loops=191)
                     Filter: ((kind)::text = 'production companies'::text)
                     Rows Removed by Filter: 1
         ->  Index Scan using movie_id_movie_info on movie_info mi  (cost=0.43..1.82 rows=3 width=4) (actual time=0.008..0.011 rows=4 loops=172)
               Index Cond: (movie_id = mk.movie_id)
               Filter: ((info)::text = ANY ('{Sweden,Norway,Germany,Denmark,Swedish,Denish,Norwegian,German,English}'::text[]))
               Rows Removed by Filter: 15
 Planning Time: 70.066 ms
 Execution Time: 41.759 ms
(64 rows)

SET
                                                                                                            QUERY PLAN                                                                                                            
----------------------------------------------------------------------------------------------------------------------------------------------------------------------------------------------------------------------------------
 Aggregate  (cost=7394.90..7394.91 rows=1 width=96) (actual time=501.725..501.725 rows=1 loops=1)
   ->  Nested Loop  (cost=9.31..7394.89 rows=1 width=42) (actual time=6.053..500.600 rows=4803 loops=1)
         Join Filter: (ct.id = mc.company_type_id)
         ->  Nested Loop  (cost=9.31..7393.80 rows=1 width=46) (actual time=6.046..496.636 rows=4803 loops=1)
               ->  Nested Loop  (cost=8.89..7393.26 rows=1 width=31) (actual time=6.035..481.548 rows=4955 loops=1)
                     Join Filter: (t.id = mc.movie_id)
                     ->  Nested Loop  (cost=8.46..7392.68 rows=1 width=43) (actual time=6.007..471.845 rows=432 loops=1)
                           Join Filter: (it1.id = mi.info_type_id)
                           Rows Removed by Join Filter: 49
                           ->  Seq Scan on info_type it1  (cost=0.00..2.41 rows=1 width=4) (actual time=0.006..0.013 rows=1 loops=1)
                                 Filter: ((info)::text = 'countries'::text)
                                 Rows Removed by Filter: 112
                           ->  Nested Loop  (cost=8.46..7390.25 rows=1 width=47) (actual time=5.998..471.715 rows=481 loops=1)
                                 Join Filter: (t.id = mi.movie_id)
                                 ->  Nested Loop  (cost=8.03..7388.35 rows=1 width=39) (actual time=5.934..415.600 rows=473 loops=1)
                                       Join Filter: (cc.status_id = cct2.id)
                                       Rows Removed by Join Filter: 1159
                                       ->  Nested Loop  (cost=8.03..7387.27 rows=1 width=43) (actual time=5.931..414.663 rows=544 loops=1)
                                             Join Filter: (kt.id = t.kind_id)
                                             Rows Removed by Join Filter: 244
                                             ->  Nested Loop  (cost=8.03..7386.15 rows=1 width=47) (actual time=5.917..413.554 rows=596 loops=1)
                                                   ->  Nested Loop  (cost=7.60..7385.67 rows=1 width=22) (actual time=5.891..374.087 rows=5973 loops=1)
                                                         Join Filter: (cct1.id = cc.subject_id)
                                                         Rows Removed by Join Filter: 13371
                                                         ->  Seq Scan on comp_cast_type cct1  (cost=0.00..1.05 rows=1 width=4) (actual time=0.002..0.002 rows=1 loops=1)
                                                               Filter: ((kind)::text = 'crew'::text)
                                                               Rows Removed by Filter: 3
                                                         ->  Nested Loop  (cost=7.60..7384.57 rows=4 width=26) (actual time=5.344..372.035 rows=19344 loops=1)
                                                               ->  Nested Loop  (cost=7.18..7383.14 rows=3 width=14) (actual time=4.469..310.509 rows=31800 loops=1)
                                                                     Join Filter: (mi_idx.info_type_id = it2.id)
                                                                     Rows Removed by Join Filter: 62093
                                                                     ->  Seq Scan on info_type it2  (cost=0.00..2.41 rows=1 width=4) (actual time=0.008..0.010 rows=1 loops=1)
                                                                           Filter: ((info)::text = 'rating'::text)
                                                                           Rows Removed by Filter: 112
                                                                     ->  Nested Loop  (cost=7.18..7375.83 rows=392 width=18) (actual time=4.457..301.916 rows=93893 loops=1)
                                                                           ->  Nested Loop  (cost=6.75..7304.56 rows=135 width=4) (actual time=4.432..146.839 rows=37091 loops=1)
                                                                                 ->  Seq Scan on keyword k  (cost=0.00..2961.55 rows=4 width=4) (actual time=1.093..21.094 rows=3 loops=1)
                                                                                       Filter: ((keyword)::text = ANY ('{murder,murder-in-title,blood,violence}'::text[]))
                                                                                       Rows Removed by Filter: 134167
                                                                                 ->  Bitmap Heap Scan on movie_keyword mk  (cost=6.75..1082.76 rows=299 width=8) (actual time=3.380..40.423 rows=12364 loops=3)
                                                                                       Recheck Cond: (keyword_id = k.id)
                                                                                       Heap Blocks: exact=26312
                                                                                       ->  Bitmap Index Scan on keyword_id_movie_keyword  (cost=0.00..6.67 rows=299 width=0) (actual time=1.848..1.848 rows=12364 loops=3)
                                                                                             Index Cond: (keyword_id = k.id)
                                                                           ->  Index Scan using movie_id_movie_info_idx on movie_info_idx mi_idx  (cost=0.43..0.50 rows=3 width=14) (actual time=0.003..0.004 rows=3 loops=37091)
                                                                                 Index Cond: (movie_id = mk.movie_id)
                                                                                 Filter: ((info)::text < '8.5'::text)
                                                                                 Rows Removed by Filter: 0
                                                               ->  Index Scan using movie_id_complete_cast on complete_cast cc  (cost=0.42..0.46 rows=2 width=12) (actual time=0.001..0.002 rows=1 loops=31800)
                                                                     Index Cond: (movie_id = mk.movie_id)
                                                   ->  Index Scan using title_pkey on title t  (cost=0.43..0.49 rows=1 width=25) (actual time=0.006..0.006 rows=0 loops=5973)
                                                         Index Cond: (id = mk.movie_id)
                                                         Filter: (production_year > 2000)
                                                         Rows Removed by Filter: 1
                                             ->  Seq Scan on kind_type kt  (cost=0.00..1.09 rows=2 width=4) (actual time=0.001..0.001 rows=1 loops=596)
                                                   Filter: ((kind)::text = ANY ('{movie,episode}'::text[]))
                                                   Rows Removed by Filter: 2
                                       ->  Seq Scan on comp_cast_type cct2  (cost=0.00..1.05 rows=3 width=4) (actual time=0.001..0.001 rows=3 loops=544)
                                             Filter: ((kind)::text <> 'complete+verified'::text)
                                             Rows Removed by Filter: 0
                                 ->  Index Scan using movie_id_movie_info on movie_info mi  (cost=0.43..1.87 rows=2 width=8) (actual time=0.102..0.118 rows=1 loops=473)
                                       Index Cond: (movie_id = mk.movie_id)
                                       Filter: ((info)::text = ANY ('{Sweden,Norway,Germany,Denmark,Swedish,Danish,Norwegian,German,USA,American}'::text[]))
                                       Rows Removed by Filter: 139
                     ->  Index Scan using movie_id_movie_companies on movie_companies mc  (cost=0.43..0.57 rows=1 width=12) (actual time=0.010..0.020 rows=11 loops=432)
                           Index Cond: (movie_id = mk.movie_id)
                           Filter: (((note)::text !~~ '%(USA)%'::text) AND ((note)::text ~~ '%(200%)%'::text))
                           Rows Removed by Filter: 10
               ->  Index Scan using company_name_pkey on company_name cn  (cost=0.42..0.55 rows=1 width=23) (actual time=0.003..0.003 rows=1 loops=4955)
                     Index Cond: (id = mc.company_id)
                     Filter: ((country_code)::text <> '[us]'::text)
                     Rows Removed by Filter: 0
         ->  Seq Scan on company_type ct  (cost=0.00..1.04 rows=4 width=4) (actual time=0.000..0.000 rows=1 loops=4803)
 Planning Time: 86.690 ms
 Execution Time: 501.970 ms
(75 rows)

SET
                                                                                                            QUERY PLAN                                                                                                            
----------------------------------------------------------------------------------------------------------------------------------------------------------------------------------------------------------------------------------
 Aggregate  (cost=7387.11..7387.12 rows=1 width=96) (actual time=383.061..383.061 rows=1 loops=1)
   ->  Nested Loop  (cost=9.31..7387.10 rows=1 width=42) (actual time=8.182..383.004 rows=148 loops=1)
         ->  Nested Loop  (cost=8.89..7386.56 rows=1 width=27) (actual time=8.163..382.230 rows=150 loops=1)
               Join Filter: (ct.id = mc.company_type_id)
               ->  Nested Loop  (cost=8.89..7385.47 rows=1 width=31) (actual time=8.155..382.083 rows=150 loops=1)
                     Join Filter: (t.id = mc.movie_id)
                     ->  Nested Loop  (cost=8.46..7384.89 rows=1 width=43) (actual time=8.126..381.637 rows=13 loops=1)
                           Join Filter: (it1.id = mi.info_type_id)
                           Rows Removed by Join Filter: 7
                           ->  Seq Scan on info_type it1  (cost=0.00..2.41 rows=1 width=4) (actual time=0.006..0.013 rows=1 loops=1)
                                 Filter: ((info)::text = 'countries'::text)
                                 Rows Removed by Filter: 112
                           ->  Nested Loop  (cost=8.46..7382.46 rows=1 width=47) (actual time=8.118..381.615 rows=20 loops=1)
                                 Join Filter: (t.id = mi.movie_id)
                                 ->  Nested Loop  (cost=8.03..7380.89 rows=1 width=39) (actual time=6.335..366.716 rows=179 loops=1)
                                       Join Filter: (cct2.id = cc.status_id)
                                       Rows Removed by Join Filter: 394
                                       ->  Nested Loop  (cost=8.03..7379.81 rows=1 width=43) (actual time=6.331..366.394 rows=191 loops=1)
                                             Join Filter: (cct1.id = cc.subject_id)
                                             Rows Removed by Join Filter: 689
                                             ->  Seq Scan on comp_cast_type cct1  (cost=0.00..1.05 rows=1 width=4) (actual time=0.002..0.003 rows=1 loops=1)
                                                   Filter: ((kind)::text = 'crew'::text)
                                                   Rows Removed by Filter: 3
                                             ->  Nested Loop  (cost=8.03..7378.74 rows=1 width=47) (actual time=6.326..366.265 rows=880 loops=1)
                                                   ->  Nested Loop  (cost=7.61..7378.26 rows=1 width=35) (actual time=4.621..359.318 rows=2312 loops=1)
                                                         Join Filter: (kt.id = t.kind_id)
                                                         Rows Removed by Join Filter: 1695
                                                         ->  Nested Loop  (cost=7.61..7377.15 rows=1 width=39) (actual time=4.531..355.307 rows=2835 loops=1)
                                                               ->  Nested Loop  (cost=7.18..7376.66 rows=1 width=14) (actual time=4.516..282.747 rows=11708 loops=1)
                                                                     Join Filter: (it2.id = mi_idx.info_type_id)
                                                                     Rows Removed by Join Filter: 6993
                                                                     ->  Seq Scan on info_type it2  (cost=0.00..2.41 rows=1 width=4) (actual time=0.008..0.010 rows=1 loops=1)
                                                                           Filter: ((info)::text = 'rating'::text)
                                                                           Rows Removed by Filter: 112
                                                                     ->  Nested Loop  (cost=7.18..7373.13 rows=90 width=18) (actual time=4.506..280.206 rows=18701 loops=1)
                                                                           ->  Nested Loop  (cost=6.75..7304.56 rows=135 width=4) (actual time=4.480..142.606 rows=37091 loops=1)
                                                                                 ->  Seq Scan on keyword k  (cost=0.00..2961.55 rows=4 width=4) (actual time=1.143..20.710 rows=3 loops=1)
                                                                                       Filter: ((keyword)::text = ANY ('{murder,murder-in-title,blood,violence}'::text[]))
                                                                                       Rows Removed by Filter: 134167
                                                                                 ->  Bitmap Heap Scan on movie_keyword mk  (cost=6.75..1082.76 rows=299 width=8) (actual time=3.381..39.206 rows=12364 loops=3)
                                                                                       Recheck Cond: (keyword_id = k.id)
                                                                                       Heap Blocks: exact=26312
                                                                                       ->  Bitmap Index Scan on keyword_id_movie_keyword  (cost=0.00..6.67 rows=299 width=0) (actual time=1.846..1.846 rows=12364 loops=3)
                                                                                             Index Cond: (keyword_id = k.id)
                                                                           ->  Index Scan using movie_id_movie_info_idx on movie_info_idx mi_idx  (cost=0.43..0.50 rows=1 width=14) (actual time=0.003..0.003 rows=1 loops=37091)
                                                                                 Index Cond: (movie_id = mk.movie_id)
                                                                                 Filter: ((info)::text > '6.5'::text)
                                                                                 Rows Removed by Filter: 2
                                                               ->  Index Scan using title_pkey on title t  (cost=0.43..0.49 rows=1 width=25) (actual time=0.006..0.006 rows=0 loops=11708)
                                                                     Index Cond: (id = mk.movie_id)
                                                                     Filter: (production_year > 2005)
                                                                     Rows Removed by Filter: 1
                                                         ->  Seq Scan on kind_type kt  (cost=0.00..1.09 rows=2 width=4) (actual time=0.000..0.001 rows=1 loops=2835)
                                                               Filter: ((kind)::text = ANY ('{movie,episode}'::text[]))
                                                               Rows Removed by Filter: 2
                                                   ->  Index Scan using movie_id_complete_cast on complete_cast cc  (cost=0.42..0.46 rows=2 width=12) (actual time=0.003..0.003 rows=0 loops=2312)
                                                         Index Cond: (movie_id = t.id)
                                       ->  Seq Scan on comp_cast_type cct2  (cost=0.00..1.05 rows=3 width=4) (actual time=0.001..0.001 rows=3 loops=191)
                                             Filter: ((kind)::text <> 'complete+verified'::text)
                                             Rows Removed by Filter: 0
                                 ->  Index Scan using movie_id_movie_info on movie_info mi  (cost=0.43..1.56 rows=1 width=8) (actual time=0.080..0.083 rows=0 loops=179)
                                       Index Cond: (movie_id = mk.movie_id)
                                       Filter: ((info)::text = ANY ('{Sweden,Germany,Swedish,German}'::text[]))
                                       Rows Removed by Filter: 130
                     ->  Index Scan using movie_id_movie_companies on movie_companies mc  (cost=0.43..0.57 rows=1 width=12) (actual time=0.016..0.032 rows=12 loops=13)
                           Index Cond: (movie_id = mk.movie_id)
                           Filter: (((note)::text !~~ '%(USA)%'::text) AND ((note)::text ~~ '%(200%)%'::text))
                           Rows Removed by Filter: 17
               ->  Seq Scan on company_type ct  (cost=0.00..1.04 rows=4 width=4) (actual time=0.000..0.000 rows=1 loops=150)
         ->  Index Scan using company_name_pkey on company_name cn  (cost=0.42..0.55 rows=1 width=23) (actual time=0.005..0.005 rows=1 loops=150)
               Index Cond: (id = mc.company_id)
               Filter: ((country_code)::text <> '[us]'::text)
               Rows Removed by Filter: 0
 Planning Time: 86.437 ms
 Execution Time: 383.316 ms
(75 rows)

SET
                                                                                                         QUERY PLAN                                                                                                         
----------------------------------------------------------------------------------------------------------------------------------------------------------------------------------------------------------------------------
 Aggregate  (cost=7394.43..7394.44 rows=1 width=96) (actual time=2372.790..2372.790 rows=1 loops=1)
   ->  Nested Loop  (cost=9.31..7394.42 rows=1 width=42) (actual time=10.437..2370.589 rows=8373 loops=1)
         Join Filter: (it2.id = mi_idx.info_type_id)
         Rows Removed by Join Filter: 16430
         ->  Seq Scan on info_type it2  (cost=0.00..2.41 rows=1 width=4) (actual time=0.011..0.013 rows=1 loops=1)
               Filter: ((info)::text = 'rating'::text)
               Rows Removed by Filter: 112
         ->  Nested Loop  (cost=9.31..7391.99 rows=1 width=46) (actual time=10.423..2368.243 rows=24803 loops=1)
               Join Filter: (t.id = mi_idx.movie_id)
               ->  Nested Loop  (cost=8.88..7391.46 rows=1 width=56) (actual time=10.395..2341.387 rows=8493 loops=1)
                     Join Filter: (kt.id = t.kind_id)
                     Rows Removed by Join Filter: 712
                     ->  Nested Loop  (cost=8.88..7390.35 rows=1 width=60) (actual time=10.388..2331.133 rows=8788 loops=1)
                           Join Filter: (mi.movie_id = t.id)
                           ->  Nested Loop  (cost=8.45..7389.84 rows=1 width=35) (actual time=5.257..2277.731 rows=22323 loops=1)
                                 Join Filter: (it1.id = mi.info_type_id)
                                 Rows Removed by Join Filter: 5071
                                 ->  Seq Scan on info_type it1  (cost=0.00..2.41 rows=1 width=4) (actual time=0.003..0.010 rows=1 loops=1)
                                       Filter: ((info)::text = 'countries'::text)
                                       Rows Removed by Filter: 112
                                 ->  Nested Loop  (cost=8.45..7387.38 rows=4 width=39) (actual time=5.253..2273.772 rows=27394 loops=1)
                                       ->  Nested Loop  (cost=8.02..7383.59 rows=2 width=31) (actual time=4.981..388.170 rows=22725 loops=1)
                                             ->  Nested Loop  (cost=7.60..7381.96 rows=3 width=16) (actual time=4.966..322.952 rows=24082 loops=1)
                                                   Join Filter: (ct.id = mc.company_type_id)
                                                   Rows Removed by Join Filter: 7
                                                   ->  Nested Loop  (cost=7.60..7380.76 rows=3 width=20) (actual time=4.955..316.010 rows=24082 loops=1)
                                                         ->  Nested Loop  (cost=7.17..7373.86 rows=12 width=8) (actual time=4.887..223.947 rows=6704 loops=1)
                                                               Join Filter: (cc.subject_id = cct1.id)
                                                               Rows Removed by Join Filter: 3832
                                                               ->  Seq Scan on comp_cast_type cct1  (cost=0.00..1.05 rows=1 width=4) (actual time=0.002..0.003 rows=1 loops=1)
                                                                     Filter: ((kind)::text = 'cast'::text)
                                                                     Rows Removed by Filter: 3
                                                               ->  Nested Loop  (cost=7.17..7372.22 rows=47 width=12) (actual time=4.884..222.498 rows=10536 loops=1)
                                                                     Join Filter: (cct2.id = cc.status_id)
                                                                     Rows Removed by Join Filter: 9488
                                                                     ->  Seq Scan on comp_cast_type cct2  (cost=0.00..1.05 rows=1 width=4) (actual time=0.003..0.004 rows=1 loops=1)
                                                                           Filter: ((kind)::text = 'complete'::text)
                                                                           Rows Removed by Filter: 3
                                                                     ->  Nested Loop  (cost=7.17..7368.82 rows=188 width=16) (actual time=4.867..219.795 rows=20024 loops=1)
                                                                           ->  Nested Loop  (cost=6.75..7304.56 rows=135 width=4) (actual time=4.455..142.305 rows=37091 loops=1)
                                                                                 ->  Seq Scan on keyword k  (cost=0.00..2961.55 rows=4 width=4) (actual time=1.134..20.671 rows=3 loops=1)
                                                                                       Filter: ((keyword)::text = ANY ('{murder,murder-in-title,blood,violence}'::text[]))
                                                                                       Rows Removed by Filter: 134167
                                                                                 ->  Bitmap Heap Scan on movie_keyword mk  (cost=6.75..1082.76 rows=299 width=8) (actual time=3.379..39.218 rows=12364 loops=3)
                                                                                       Recheck Cond: (keyword_id = k.id)
                                                                                       Heap Blocks: exact=26312
                                                                                       ->  Bitmap Index Scan on keyword_id_movie_keyword  (cost=0.00..6.67 rows=299 width=0) (actual time=1.850..1.850 rows=12364 loops=3)
                                                                                             Index Cond: (keyword_id = k.id)
                                                                           ->  Index Scan using movie_id_complete_cast on complete_cast cc  (cost=0.42..0.46 rows=2 width=12) (actual time=0.002..0.002 rows=1 loops=37091)
                                                                                 Index Cond: (movie_id = mk.movie_id)
                                                         ->  Index Scan using movie_id_movie_companies on movie_companies mc  (cost=0.43..0.57 rows=1 width=12) (actual time=0.009..0.013 rows=4 loops=6704)
                                                               Index Cond: (movie_id = mk.movie_id)
                                                               Filter: (((note)::text !~~ '%(USA)%'::text) AND ((note)::text ~~ '%(200%)%'::text))
                                                               Rows Removed by Filter: 8
                                                   ->  Materialize  (cost=0.00..1.06 rows=4 width=4) (actual time=0.000..0.000 rows=1 loops=24082)
                                                         ->  Seq Scan on company_type ct  (cost=0.00..1.04 rows=4 width=4) (actual time=0.008..0.008 rows=2 loops=1)
                                             ->  Index Scan using company_name_pkey on company_name cn  (cost=0.42..0.55 rows=1 width=23) (actual time=0.002..0.002 rows=1 loops=24082)
                                                   Index Cond: (id = mc.company_id)
                                                   Filter: ((country_code)::text <> '[us]'::text)
                                                   Rows Removed by Filter: 0
                                       ->  Index Scan using movie_id_movie_info on movie_info mi  (cost=0.43..1.87 rows=2 width=8) (actual time=0.070..0.083 rows=1 loops=22725)
                                             Index Cond: (movie_id = mk.movie_id)
                                             Filter: ((info)::text = ANY ('{Sweden,Norway,Germany,Denmark,Swedish,Danish,Norwegian,German,USA,American}'::text[]))
                                             Rows Removed by Filter: 203
                           ->  Index Scan using title_pkey on title t  (cost=0.43..0.49 rows=1 width=25) (actual time=0.002..0.002 rows=0 loops=22323)
                                 Index Cond: (id = mk.movie_id)
                                 Filter: (production_year > 2005)
                                 Rows Removed by Filter: 1
                     ->  Seq Scan on kind_type kt  (cost=0.00..1.09 rows=2 width=4) (actual time=0.001..0.001 rows=1 loops=8788)
                           Filter: ((kind)::text = ANY ('{movie,episode}'::text[]))
                           Rows Removed by Filter: 0
               ->  Index Scan using movie_id_movie_info_idx on movie_info_idx mi_idx  (cost=0.43..0.50 rows=3 width=14) (actual time=0.002..0.003 rows=3 loops=8493)
                     Index Cond: (movie_id = mk.movie_id)
                     Filter: ((info)::text < '8.5'::text)
                     Rows Removed by Filter: 0
 Planning Time: 88.599 ms
 Execution Time: 2373.047 ms
(77 rows)

SET
                                                                                                                QUERY PLAN                                                                                                                 
-------------------------------------------------------------------------------------------------------------------------------------------------------------------------------------------------------------------------------------------
 Aggregate  (cost=3945.49..3945.50 rows=1 width=96) (actual time=27.194..27.194 rows=1 loops=1)
   ->  Nested Loop  (cost=11.16..3945.49 rows=1 width=48) (actual time=8.202..26.906 rows=1620 loops=1)
         Join Filter: (it3.id = pi.info_type_id)
         Rows Removed by Join Filter: 3270
         ->  Seq Scan on info_type it3  (cost=0.00..2.41 rows=1 width=4) (actual time=0.007..0.014 rows=1 loops=1)
               Filter: ((info)::text = 'trivia'::text)
               Rows Removed by Filter: 112
         ->  Nested Loop  (cost=11.16..3943.06 rows=1 width=52) (actual time=8.177..26.568 rows=4890 loops=1)
               Join Filter: (n.id = pi.person_id)
               ->  Nested Loop  (cost=10.73..3922.80 rows=1 width=60) (actual time=8.149..25.141 rows=30 loops=1)
                     Join Filter: (cc.subject_id = cct1.id)
                     ->  Nested Loop  (cost=10.73..3921.74 rows=1 width=64) (actual time=8.146..25.105 rows=30 loops=1)
                           ->  Nested Loop  (cost=10.30..3919.44 rows=1 width=45) (actual time=8.117..25.010 rows=30 loops=1)
                                 Join Filter: (ci.role_id = rt.id)
                                 ->  Nested Loop  (cost=10.30..3918.28 rows=1 width=49) (actual time=8.103..24.955 rows=30 loops=1)
                                       Join Filter: (mi.info_type_id = it.id)
                                       ->  Nested Loop  (cost=10.30..3915.85 rows=1 width=53) (actual time=8.096..24.847 rows=30 loops=1)
                                             ->  Nested Loop  (cost=9.88..3913.83 rows=1 width=57) (actual time=8.086..24.410 rows=132 loops=1)
                                                   Join Filter: (t.id = mc.movie_id)
                                                   ->  Nested Loop  (cost=9.45..3908.99 rows=1 width=73) (actual time=8.055..24.312 rows=6 loops=1)
                                                         ->  Nested Loop  (cost=9.02..3902.76 rows=2 width=61) (actual time=7.199..23.648 rows=132 loops=1)
                                                               ->  Nested Loop  (cost=8.60..3899.85 rows=1 width=57) (actual time=7.136..22.993 rows=76 loops=1)
                                                                     Join Filter: (t.id = ci.movie_id)
                                                                     ->  Nested Loop  (cost=8.03..3852.25 rows=1 width=41) (actual time=7.104..21.292 rows=2 loops=1)
                                                                           Join Filter: (t.id = mi.movie_id)
                                                                           ->  Nested Loop  (cost=7.60..3809.27 rows=1 width=33) (actual time=7.023..20.935 rows=1 loops=1)
                                                                                 Join Filter: (cct2.id = cc.status_id)
                                                                                 ->  Seq Scan on comp_cast_type cct2  (cost=0.00..1.05 rows=1 width=4) (actual time=0.002..0.003 rows=1 loops=1)
                                                                                       Filter: ((kind)::text = 'complete+verified'::text)
                                                                                       Rows Removed by Filter: 3
                                                                                 ->  Nested Loop  (cost=7.60..3808.21 rows=1 width=37) (actual time=7.019..20.930 rows=1 loops=1)
                                                                                       Join Filter: (t.id = cc.movie_id)
                                                                                       ->  Nested Loop  (cost=7.18..3805.41 rows=1 width=25) (actual time=6.992..20.901 rows=1 loops=1)
                                                                                             ->  Nested Loop  (cost=6.75..3732.91 rows=34 width=4) (actual time=0.193..14.895 rows=414 loops=1)
                                                                                                   ->  Seq Scan on keyword k  (cost=0.00..2626.12 rows=1 width=4) (actual time=0.055..11.894 rows=1 loops=1)
                                                                                                         Filter: ((keyword)::text = 'computer-animation'::text)
                                                                                                         Rows Removed by Filter: 134169
                                                                                                   ->  Bitmap Heap Scan on movie_keyword mk  (cost=6.75..1103.80 rows=299 width=8) (actual time=0.136..2.943 rows=414 loops=1)
                                                                                                         Recheck Cond: (keyword_id = k.id)
                                                                                                         Heap Blocks: exact=358
                                                                                                         ->  Bitmap Index Scan on keyword_id_movie_keyword  (cost=0.00..6.67 rows=299 width=0) (actual time=0.078..0.078 rows=414 loops=1)
                                                                                                               Index Cond: (keyword_id = k.id)
                                                                                             ->  Index Scan using title_pkey on title t  (cost=0.43..2.12 rows=1 width=21) (actual time=0.014..0.014 rows=0 loops=414)
                                                                                                   Index Cond: (id = mk.movie_id)
                                                                                                   Filter: ((production_year >= 2000) AND (production_year <= 2010) AND ((title)::text = 'Shrek 2'::text))
                                                                                                   Rows Removed by Filter: 1
                                                                                       ->  Index Scan using movie_id_complete_cast on complete_cast cc  (cost=0.42..2.77 rows=2 width=12) (actual time=0.024..0.025 rows=1 loops=1)
                                                                                             Index Cond: (movie_id = mk.movie_id)
                                                                           ->  Index Scan using movie_id_movie_info on movie_info mi  (cost=0.43..42.97 rows=1 width=8) (actual time=0.078..0.354 rows=2 loops=1)
                                                                                 Index Cond: (movie_id = mk.movie_id)
                                                                                 Filter: ((info IS NOT NULL) AND (((info)::text ~~ 'Japan:%200%'::text) OR ((info)::text ~~ 'USA:%200%'::text)))
                                                                                 Rows Removed by Filter: 455
                                                                     ->  Index Scan using movie_id_cast_info on cast_info ci  (cost=0.56..47.58 rows=1 width=16) (actual time=0.019..0.841 rows=38 loops=2)
                                                                           Index Cond: (movie_id = mk.movie_id)
                                                                           Filter: ((note)::text = ANY ('{(voice),"(voice) (uncredited)","(voice: English version)"}'::text[]))
                                                                           Rows Removed by Filter: 191
                                                               ->  Index Only Scan using person_id_aka_name on aka_name an  (cost=0.42..2.89 rows=2 width=4) (actual time=0.007..0.008 rows=2 loops=76)
                                                                     Index Cond: (person_id = ci.person_id)
                                                                     Heap Fetches: 132
                                                         ->  Index Scan using char_name_pkey on char_name chn  (cost=0.43..2.22 rows=1 width=20) (actual time=0.005..0.005 rows=0 loops=132)
                                                               Index Cond: (id = ci.person_role_id)
                                                               Filter: ((name)::text = 'Queen'::text)
                                                               Rows Removed by Filter: 1
                                                   ->  Index Scan using movie_id_movie_companies on movie_companies mc  (cost=0.43..4.77 rows=5 width=8) (actual time=0.007..0.012 rows=22 loops=6)
                                                         Index Cond: (movie_id = mk.movie_id)
                                             ->  Index Scan using company_name_pkey on company_name cn  (cost=0.42..2.03 rows=1 width=4) (actual time=0.003..0.003 rows=0 loops=132)
                                                   Index Cond: (id = mc.company_id)
                                                   Filter: ((country_code)::text = '[us]'::text)
                                                   Rows Removed by Filter: 1
                                       ->  Seq Scan on info_type it  (cost=0.00..2.41 rows=1 width=4) (actual time=0.003..0.003 rows=1 loops=30)
                                             Filter: ((info)::text = 'release dates'::text)
                                             Rows Removed by Filter: 15
                                 ->  Seq Scan on role_type rt  (cost=0.00..1.15 rows=1 width=4) (actual time=0.001..0.001 rows=1 loops=30)
                                       Filter: ((role)::text = 'actress'::text)
                                       Rows Removed by Filter: 1
                           ->  Index Scan using name_pkey on name n  (cost=0.43..2.30 rows=1 width=19) (actual time=0.003..0.003 rows=1 loops=30)
                                 Index Cond: (id = ci.person_id)
                                 Filter: (((name)::text ~~ '%An%'::text) AND ((gender)::text = 'f'::text))
                     ->  Seq Scan on comp_cast_type cct1  (cost=0.00..1.05 rows=1 width=4) (actual time=0.001..0.001 rows=1 loops=30)
                           Filter: ((kind)::text = 'cast'::text)
               ->  Index Scan using person_id_person_info on person_info pi  (cost=0.43..19.93 rows=26 width=8) (actual time=0.002..0.027 rows=163 loops=30)
                     Index Cond: (person_id = an.person_id)
 Planning Time: 118.904 ms
 Execution Time: 27.546 ms
(84 rows)

SET
                                                                                                                 QUERY PLAN                                                                                                                 
--------------------------------------------------------------------------------------------------------------------------------------------------------------------------------------------------------------------------------------------
 Aggregate  (cost=4148.76..4148.77 rows=1 width=96) (actual time=178.196..178.196 rows=1 loops=1)
   ->  Nested Loop  (cost=11.16..4148.76 rows=1 width=48) (actual time=27.555..178.181 rows=15 loops=1)
         ->  Nested Loop  (cost=10.74..4146.73 rows=1 width=52) (actual time=27.538..177.935 rows=66 loops=1)
               Join Filter: (pi.info_type_id = it3.id)
               Rows Removed by Join Filter: 10692
               ->  Nested Loop  (cost=10.74..4144.31 rows=1 width=56) (actual time=26.271..86.152 rows=10758 loops=1)
                     Join Filter: (mi.info_type_id = it.id)
                     ->  Nested Loop  (cost=10.74..4141.88 rows=1 width=60) (actual time=26.265..53.570 rows=10758 loops=1)
                           Join Filter: (n.id = pi.person_id)
                           ->  Nested Loop  (cost=10.31..4121.62 rows=1 width=68) (actual time=26.250..49.972 rows=66 loops=1)
                                 ->  Nested Loop  (cost=9.88..4117.61 rows=1 width=56) (actual time=26.235..49.831 rows=66 loops=1)
                                       Join Filter: (n.id = an.person_id)
                                       ->  Nested Loop  (cost=9.46..4114.69 rows=1 width=52) (actual time=26.220..49.740 rows=22 loops=1)
                                             Join Filter: (mi.movie_id = t.id)
                                             ->  Nested Loop  (cost=9.03..4110.43 rows=2 width=55) (actual time=8.889..49.329 rows=193 loops=1)
                                                   Join Filter: (mc.movie_id = mi.movie_id)
                                                   ->  Nested Loop  (cost=8.59..3981.80 rows=3 width=47) (actual time=3.179..35.674 rows=167 loops=1)
                                                         Join Filter: (ci.movie_id = mc.movie_id)
                                                         ->  Nested Loop  (cost=8.16..3976.97 rows=1 width=39) (actual time=3.147..35.446 rows=6 loops=1)
                                                               ->  Nested Loop  (cost=7.73..3974.67 rows=1 width=20) (actual time=1.327..33.033 rows=175 loops=1)
                                                                     Join Filter: (rt.id = ci.role_id)
                                                                     Rows Removed by Join Filter: 528
                                                                     ->  Seq Scan on role_type rt  (cost=0.00..1.15 rows=1 width=4) (actual time=0.015..0.016 rows=1 loops=1)
                                                                           Filter: ((role)::text = 'actress'::text)
                                                                           Rows Removed by Filter: 11
                                                                     ->  Nested Loop  (cost=7.73..3973.48 rows=3 width=24) (actual time=1.003..32.945 rows=703 loops=1)
                                                                           ->  Nested Loop  (cost=7.17..3830.71 rows=3 width=8) (actual time=0.961..15.422 rows=23 loops=1)
                                                                                 Join Filter: (cc.status_id = cct2.id)
                                                                                 Rows Removed by Join Filter: 51
                                                                                 ->  Seq Scan on comp_cast_type cct2  (cost=0.00..1.05 rows=1 width=4) (actual time=0.004..0.005 rows=1 loops=1)
                                                                                       Filter: ((kind)::text = 'complete+verified'::text)
                                                                                       Rows Removed by Filter: 3
                                                                                 ->  Nested Loop  (cost=7.17..3829.51 rows=12 width=12) (actual time=0.370..15.402 rows=74 loops=1)
                                                                                       Join Filter: (cc.subject_id = cct1.id)
                                                                                       Rows Removed by Join Filter: 16
                                                                                       ->  Seq Scan on comp_cast_type cct1  (cost=0.00..1.05 rows=1 width=4) (actual time=0.001..0.002 rows=1 loops=1)
                                                                                             Filter: ((kind)::text = 'cast'::text)
                                                                                             Rows Removed by Filter: 3
                                                                                       ->  Nested Loop  (cost=7.17..3827.87 rows=47 width=16) (actual time=0.367..15.379 rows=90 loops=1)
                                                                                             ->  Nested Loop  (cost=6.75..3732.91 rows=34 width=4) (actual time=0.150..13.075 rows=414 loops=1)
                                                                                                   ->  Seq Scan on keyword k  (cost=0.00..2626.12 rows=1 width=4) (actual time=0.035..11.398 rows=1 loops=1)
                                                                                                         Filter: ((keyword)::text = 'computer-animation'::text)
                                                                                                         Rows Removed by Filter: 134169
                                                                                                   ->  Bitmap Heap Scan on movie_keyword mk  (cost=6.75..1103.80 rows=299 width=8) (actual time=0.113..1.627 rows=414 loops=1)
                                                                                                         Recheck Cond: (keyword_id = k.id)
                                                                                                         Heap Blocks: exact=358
                                                                                                         ->  Bitmap Index Scan on keyword_id_movie_keyword  (cost=0.00..6.67 rows=299 width=0) (actual time=0.061..0.061 rows=414 loops=1)
                                                                                                               Index Cond: (keyword_id = k.id)
                                                                                             ->  Index Scan using movie_id_complete_cast on complete_cast cc  (cost=0.42..2.77 rows=2 width=12) (actual time=0.005..0.005 rows=0 loops=414)
                                                                                                   Index Cond: (movie_id = mk.movie_id)
                                                                           ->  Index Scan using movie_id_cast_info on cast_info ci  (cost=0.56..47.58 rows=1 width=16) (actual time=0.093..0.757 rows=31 loops=23)
                                                                                 Index Cond: (movie_id = mk.movie_id)
                                                                                 Filter: ((note)::text = ANY ('{(voice),"(voice) (uncredited)","(voice: English version)"}'::text[]))
                                                                                 Rows Removed by Filter: 116
                                                               ->  Index Scan using name_pkey on name n  (cost=0.43..2.30 rows=1 width=19) (actual time=0.013..0.013 rows=0 loops=175)
                                                                     Index Cond: (id = ci.person_id)
                                                                     Filter: (((name)::text ~~ '%An%'::text) AND ((gender)::text = 'f'::text))
                                                                     Rows Removed by Filter: 1
                                                         ->  Index Scan using movie_id_movie_companies on movie_companies mc  (cost=0.43..4.77 rows=5 width=8) (actual time=0.019..0.031 rows=28 loops=6)
                                                               Index Cond: (movie_id = mk.movie_id)
                                                   ->  Index Scan using movie_id_movie_info on movie_info mi  (cost=0.43..42.86 rows=1 width=8) (actual time=0.018..0.081 rows=1 loops=167)
                                                         Index Cond: (movie_id = mk.movie_id)
                                                         Filter: ((info)::text ~~ 'USA:%200%'::text)
                                                         Rows Removed by Filter: 422
                                             ->  Index Scan using title_pkey on title t  (cost=0.43..2.12 rows=1 width=21) (actual time=0.002..0.002 rows=0 loops=193)
                                                   Index Cond: (id = mk.movie_id)
                                                   Filter: ((production_year >= 2000) AND (production_year <= 2005) AND ((title)::text = 'Shrek 2'::text))
                                                   Rows Removed by Filter: 1
                                       ->  Index Only Scan using person_id_aka_name on aka_name an  (cost=0.42..2.89 rows=2 width=4) (actual time=0.002..0.003 rows=3 loops=22)
                                             Index Cond: (person_id = ci.person_id)
                                             Heap Fetches: 66
                                 ->  Index Scan using char_name_pkey on char_name chn  (cost=0.43..2.22 rows=1 width=20) (actual time=0.002..0.002 rows=1 loops=66)
                                       Index Cond: (id = ci.person_role_id)
                                       Filter: ((name)::text = 'Queen'::text)
                           ->  Index Scan using person_id_person_info on person_info pi  (cost=0.43..19.93 rows=26 width=8) (actual time=0.002..0.028 rows=163 loops=66)
                                 Index Cond: (person_id = an.person_id)
                     ->  Seq Scan on info_type it  (cost=0.00..2.41 rows=1 width=4) (actual time=0.003..0.003 rows=1 loops=10758)
                           Filter: ((info)::text = 'release dates'::text)
                           Rows Removed by Filter: 15
               ->  Seq Scan on info_type it3  (cost=0.00..2.41 rows=1 width=4) (actual time=0.003..0.008 rows=1 loops=10758)
                     Filter: ((info)::text = 'height'::text)
                     Rows Removed by Filter: 111
         ->  Index Scan using company_name_pkey on company_name cn  (cost=0.42..2.03 rows=1 width=4) (actual time=0.003..0.003 rows=0 loops=66)
               Index Cond: (id = mc.company_id)
               Filter: ((country_code)::text = '[us]'::text)
               Rows Removed by Filter: 1
 Planning Time: 116.904 ms
 Execution Time: 178.514 ms
(88 rows)

SET
                                                                                                                QUERY PLAN                                                                                                                 
-------------------------------------------------------------------------------------------------------------------------------------------------------------------------------------------------------------------------------------------
 Aggregate  (cost=4547.37..4547.38 rows=1 width=96) (actual time=561.525..561.526 rows=1 loops=1)
   ->  Nested Loop  (cost=11.16..4547.36 rows=1 width=48) (actual time=75.001..558.184 rows=16308 loops=1)
         Join Filter: (cc.status_id = cct2.id)
         Rows Removed by Join Filter: 11714
         ->  Nested Loop  (cost=11.16..4546.30 rows=1 width=52) (actual time=18.232..530.380 rows=28022 loops=1)
               ->  Nested Loop  (cost=10.74..4544.27 rows=1 width=56) (actual time=17.845..307.522 rows=149974 loops=1)
                     Join Filter: (n.id = an.person_id)
                     ->  Nested Loop  (cost=10.32..4541.38 rows=1 width=68) (actual time=17.814..199.682 rows=36250 loops=1)
                           Join Filter: (it3.id = pi.info_type_id)
                           Rows Removed by Join Filter: 117713
                           ->  Seq Scan on info_type it3  (cost=0.00..2.41 rows=1 width=4) (actual time=0.008..0.014 rows=1 loops=1)
                                 Filter: ((info)::text = 'trivia'::text)
                                 Rows Removed by Filter: 112
                           ->  Nested Loop  (cost=10.32..4538.95 rows=1 width=72) (actual time=17.803..189.268 rows=153963 loops=1)
                                 Join Filter: (n.id = pi.person_id)
                                 ->  Nested Loop  (cost=9.89..4518.69 rows=1 width=64) (actual time=17.769..144.537 rows=1206 loops=1)
                                       Join Filter: (ci.role_id = rt.id)
                                       ->  Nested Loop  (cost=9.89..4517.53 rows=1 width=68) (actual time=17.766..143.169 rows=1206 loops=1)
                                             ->  Nested Loop  (cost=9.46..4515.32 rows=1 width=56) (actual time=17.735..140.574 rows=1455 loops=1)
                                                   Join Filter: (cc.subject_id = cct1.id)
                                                   ->  Nested Loop  (cost=9.46..4514.26 rows=1 width=60) (actual time=17.732..139.216 rows=1455 loops=1)
                                                         Join Filter: (t.id = mc.movie_id)
                                                         ->  Nested Loop  (cost=9.03..4509.42 rows=1 width=76) (actual time=17.701..138.168 rows=58 loops=1)
                                                               Join Filter: (mi.info_type_id = it.id)
                                                               ->  Nested Loop  (cost=9.03..4506.99 rows=1 width=80) (actual time=17.694..137.931 rows=58 loops=1)
                                                                     ->  Nested Loop  (cost=8.61..4504.20 rows=1 width=68) (actual time=15.635..137.605 rows=75 loops=1)
                                                                           ->  Nested Loop  (cost=8.18..4501.91 rows=1 width=49) (actual time=2.657..101.266 rows=7505 loops=1)
                                                                                 Join Filter: (t.id = ci.movie_id)
                                                                                 ->  Nested Loop  (cost=7.61..4406.63 rows=2 width=33) (actual time=0.803..43.264 rows=357 loops=1)
                                                                                       Join Filter: (t.id = mi.movie_id)
                                                                                       ->  Nested Loop  (cost=7.18..3804.91 rows=14 width=25) (actual time=0.156..18.287 rows=249 loops=1)
                                                                                             ->  Nested Loop  (cost=6.75..3732.91 rows=34 width=4) (actual time=0.146..14.285 rows=414 loops=1)
                                                                                                   ->  Seq Scan on keyword k  (cost=0.00..2626.12 rows=1 width=4) (actual time=0.034..12.696 rows=1 loops=1)
                                                                                                         Filter: ((keyword)::text = 'computer-animation'::text)
                                                                                                         Rows Removed by Filter: 134169
                                                                                                   ->  Bitmap Heap Scan on movie_keyword mk  (cost=6.75..1103.80 rows=299 width=8) (actual time=0.110..1.521 rows=414 loops=1)
                                                                                                         Recheck Cond: (keyword_id = k.id)
                                                                                                         Heap Blocks: exact=358
                                                                                                         ->  Bitmap Index Scan on keyword_id_movie_keyword  (cost=0.00..6.67 rows=299 width=0) (actual time=0.061..0.061 rows=414 loops=1)
                                                                                                               Index Cond: (keyword_id = k.id)
                                                                                             ->  Index Scan using title_pkey on title t  (cost=0.43..2.12 rows=1 width=21) (actual time=0.009..0.009 rows=1 loops=414)
                                                                                                   Index Cond: (id = mk.movie_id)
                                                                                                   Filter: ((production_year >= 2000) AND (production_year <= 2010))
                                                                                                   Rows Removed by Filter: 0
                                                                                       ->  Index Scan using movie_id_movie_info on movie_info mi  (cost=0.43..42.97 rows=1 width=8) (actual time=0.045..0.100 rows=1 loops=249)
                                                                                             Index Cond: (movie_id = mk.movie_id)
                                                                                             Filter: ((info IS NOT NULL) AND (((info)::text ~~ 'Japan:%200%'::text) OR ((info)::text ~~ 'USA:%200%'::text)))
                                                                                             Rows Removed by Filter: 88
                                                                                 ->  Index Scan using movie_id_cast_info on cast_info ci  (cost=0.56..47.63 rows=1 width=16) (actual time=0.028..0.159 rows=21 loops=357)
                                                                                       Index Cond: (movie_id = mk.movie_id)
                                                                                       Filter: ((note)::text = ANY ('{(voice),"(voice: Japanese version)","(voice) (uncredited)","(voice: English version)"}'::text[]))
                                                                                       Rows Removed by Filter: 72
                                                                           ->  Index Scan using name_pkey on name n  (cost=0.43..2.29 rows=1 width=19) (actual time=0.005..0.005 rows=0 loops=7505)
                                                                                 Index Cond: (id = ci.person_id)
                                                                                 Filter: (((name)::text ~~ '%An%'::text) AND ((gender)::text = 'f'::text))
                                                                                 Rows Removed by Filter: 1
                                                                     ->  Index Scan using movie_id_complete_cast on complete_cast cc  (cost=0.42..2.77 rows=2 width=12) (actual time=0.004..0.004 rows=1 loops=75)
                                                                           Index Cond: (movie_id = t.id)
                                                               ->  Seq Scan on info_type it  (cost=0.00..2.41 rows=1 width=4) (actual time=0.003..0.003 rows=1 loops=58)
                                                                     Filter: ((info)::text = 'release dates'::text)
                                                                     Rows Removed by Filter: 15
                                                         ->  Index Scan using movie_id_movie_companies on movie_companies mc  (cost=0.43..4.77 rows=5 width=8) (actual time=0.007..0.013 rows=25 loops=58)
                                                               Index Cond: (movie_id = mk.movie_id)
                                                   ->  Seq Scan on comp_cast_type cct1  (cost=0.00..1.05 rows=1 width=4) (actual time=0.000..0.000 rows=1 loops=1455)
                                                         Filter: ((kind)::text = 'cast'::text)
                                             ->  Index Scan using char_name_pkey on char_name chn  (cost=0.43..2.21 rows=1 width=20) (actual time=0.001..0.001 rows=1 loops=1455)
                                                   Index Cond: (id = ci.person_role_id)
                                       ->  Seq Scan on role_type rt  (cost=0.00..1.15 rows=1 width=4) (actual time=0.001..0.001 rows=1 loops=1206)
                                             Filter: ((role)::text = 'actress'::text)
                                             Rows Removed by Filter: 1
                                 ->  Index Scan using person_id_person_info on person_info pi  (cost=0.43..19.93 rows=26 width=8) (actual time=0.002..0.019 rows=128 loops=1206)
                                       Index Cond: (person_id = ci.person_id)
                     ->  Index Only Scan using person_id_aka_name on aka_name an  (cost=0.42..2.87 rows=2 width=4) (actual time=0.001..0.002 rows=4 loops=36250)
                           Index Cond: (person_id = pi.person_id)
                           Heap Fetches: 149974
               ->  Index Scan using company_name_pkey on company_name cn  (cost=0.42..2.03 rows=1 width=4) (actual time=0.001..0.001 rows=0 loops=149974)
                     Index Cond: (id = mc.company_id)
                     Filter: ((country_code)::text = '[us]'::text)
                     Rows Removed by Filter: 1
         ->  Seq Scan on comp_cast_type cct2  (cost=0.00..1.05 rows=1 width=4) (actual time=0.001..0.001 rows=1 loops=28022)
               Filter: ((kind)::text = 'complete+verified'::text)
               Rows Removed by Filter: 3
 Planning Time: 119.869 ms
 Execution Time: 561.867 ms
(84 rows)

SET
                                                                               QUERY PLAN                                                                                
-------------------------------------------------------------------------------------------------------------------------------------------------------------------------
 Aggregate  (cost=3832.24..3832.25 rows=1 width=32) (actual time=595.281..595.281 rows=1 loops=1)
   ->  Nested Loop  (cost=8.03..3832.22 rows=7 width=17) (actual time=7.408..594.108 rows=7834 loops=1)
         Join Filter: (mc.movie_id = t.id)
         ->  Nested Loop  (cost=7.60..3828.74 rows=7 width=8) (actual time=7.389..558.602 rows=7834 loops=1)
               ->  Nested Loop  (cost=7.18..3752.99 rows=170 width=12) (actual time=6.659..268.288 rows=148552 loops=1)
                     ->  Nested Loop  (cost=6.75..3732.91 rows=34 width=4) (actual time=6.620..81.786 rows=41840 loops=1)
                           ->  Seq Scan on keyword k  (cost=0.00..2626.12 rows=1 width=4) (actual time=0.515..11.504 rows=1 loops=1)
                                 Filter: ((keyword)::text = 'character-name-in-title'::text)
                                 Rows Removed by Filter: 134169
                           ->  Bitmap Heap Scan on movie_keyword mk  (cost=6.75..1103.80 rows=299 width=8) (actual time=6.102..65.878 rows=41840 loops=1)
                                 Recheck Cond: (keyword_id = k.id)
                                 Heap Blocks: exact=11541
                                 ->  Bitmap Index Scan on keyword_id_movie_keyword  (cost=0.00..6.67 rows=299 width=0) (actual time=4.047..4.047 rows=41840 loops=1)
                                       Index Cond: (keyword_id = k.id)
                     ->  Index Scan using movie_id_movie_companies on movie_companies mc  (cost=0.43..0.54 rows=5 width=8) (actual time=0.003..0.004 rows=4 loops=41840)
                           Index Cond: (movie_id = mk.movie_id)
               ->  Index Scan using company_name_pkey on company_name cn  (cost=0.42..0.45 rows=1 width=4) (actual time=0.002..0.002 rows=0 loops=148552)
                     Index Cond: (id = mc.company_id)
                     Filter: ((country_code)::text = '[de]'::text)
                     Rows Removed by Filter: 1
         ->  Index Scan using title_pkey on title t  (cost=0.43..0.49 rows=1 width=21) (actual time=0.004..0.004 rows=1 loops=7834)
               Index Cond: (id = mk.movie_id)
 Planning Time: 2.236 ms
 Execution Time: 595.480 ms
(24 rows)

SET
                                                                               QUERY PLAN                                                                                
-------------------------------------------------------------------------------------------------------------------------------------------------------------------------
 Aggregate  (cost=3829.74..3829.75 rows=1 width=32) (actual time=569.712..569.712 rows=1 loops=1)
   ->  Nested Loop  (cost=8.03..3829.73 rows=2 width=17) (actual time=9.231..568.921 rows=5228 loops=1)
         Join Filter: (mc.movie_id = t.id)
         ->  Nested Loop  (cost=7.60..3828.74 rows=2 width=8) (actual time=9.212..544.908 rows=5228 loops=1)
               ->  Nested Loop  (cost=7.18..3752.99 rows=170 width=12) (actual time=6.769..264.655 rows=148552 loops=1)
                     ->  Nested Loop  (cost=6.75..3732.91 rows=34 width=4) (actual time=6.727..80.868 rows=41840 loops=1)
                           ->  Seq Scan on keyword k  (cost=0.00..2626.12 rows=1 width=4) (actual time=0.694..11.882 rows=1 loops=1)
                                 Filter: ((keyword)::text = 'character-name-in-title'::text)
                                 Rows Removed by Filter: 134169
                           ->  Bitmap Heap Scan on movie_keyword mk  (cost=6.75..1103.80 rows=299 width=8) (actual time=6.029..64.618 rows=41840 loops=1)
                                 Recheck Cond: (keyword_id = k.id)
                                 Heap Blocks: exact=11541
                                 ->  Bitmap Index Scan on keyword_id_movie_keyword  (cost=0.00..6.67 rows=299 width=0) (actual time=3.985..3.985 rows=41840 loops=1)
                                       Index Cond: (keyword_id = k.id)
                     ->  Index Scan using movie_id_movie_companies on movie_companies mc  (cost=0.43..0.54 rows=5 width=8) (actual time=0.003..0.004 rows=4 loops=41840)
                           Index Cond: (movie_id = mk.movie_id)
               ->  Index Scan using company_name_pkey on company_name cn  (cost=0.42..0.45 rows=1 width=4) (actual time=0.002..0.002 rows=0 loops=148552)
                     Index Cond: (id = mc.company_id)
                     Filter: ((country_code)::text = '[nl]'::text)
                     Rows Removed by Filter: 1
         ->  Index Scan using title_pkey on title t  (cost=0.43..0.49 rows=1 width=21) (actual time=0.004..0.004 rows=1 loops=5228)
               Index Cond: (id = mk.movie_id)
 Planning Time: 2.496 ms
 Execution Time: 569.898 ms
(24 rows)

SET
                                                                               QUERY PLAN                                                                                
-------------------------------------------------------------------------------------------------------------------------------------------------------------------------
 Aggregate  (cost=3829.24..3829.25 rows=1 width=32) (actual time=542.705..542.705 rows=1 loops=1)
   ->  Nested Loop  (cost=8.03..3829.24 rows=1 width=17) (actual time=542.701..542.701 rows=0 loops=1)
         Join Filter: (mc.movie_id = t.id)
         ->  Nested Loop  (cost=7.60..3828.74 rows=1 width=8) (actual time=542.701..542.701 rows=0 loops=1)
               ->  Nested Loop  (cost=7.18..3752.99 rows=170 width=12) (actual time=6.714..265.764 rows=148552 loops=1)
                     ->  Nested Loop  (cost=6.75..3732.91 rows=34 width=4) (actual time=6.672..81.164 rows=41840 loops=1)
                           ->  Seq Scan on keyword k  (cost=0.00..2626.12 rows=1 width=4) (actual time=0.660..11.718 rows=1 loops=1)
                                 Filter: ((keyword)::text = 'character-name-in-title'::text)
                                 Rows Removed by Filter: 134169
                           ->  Bitmap Heap Scan on movie_keyword mk  (cost=6.75..1103.80 rows=299 width=8) (actual time=6.008..65.150 rows=41840 loops=1)
                                 Recheck Cond: (keyword_id = k.id)
                                 Heap Blocks: exact=11541
                                 ->  Bitmap Index Scan on keyword_id_movie_keyword  (cost=0.00..6.67 rows=299 width=0) (actual time=3.957..3.957 rows=41840 loops=1)
                                       Index Cond: (keyword_id = k.id)
                     ->  Index Scan using movie_id_movie_companies on movie_companies mc  (cost=0.43..0.54 rows=5 width=8) (actual time=0.003..0.004 rows=4 loops=41840)
                           Index Cond: (movie_id = mk.movie_id)
               ->  Index Scan using company_name_pkey on company_name cn  (cost=0.42..0.45 rows=1 width=4) (actual time=0.002..0.002 rows=0 loops=148552)
                     Index Cond: (id = mc.company_id)
                     Filter: ((country_code)::text = '[sm]'::text)
                     Rows Removed by Filter: 1
         ->  Index Scan using title_pkey on title t  (cost=0.43..0.49 rows=1 width=21) (never executed)
               Index Cond: (id = mk.movie_id)
 Planning Time: 2.500 ms
 Execution Time: 542.898 ms
(24 rows)

SET
                                                                             QUERY PLAN                                                                              
---------------------------------------------------------------------------------------------------------------------------------------------------------------------
 Aggregate  (cost=3845.82..3845.83 rows=1 width=32) (actual time=729.640..729.640 rows=1 loops=1)
   ->  Nested Loop  (cost=8.03..3845.67 rows=61 width=17) (actual time=6.869..721.507 rows=68316 loops=1)
         ->  Nested Loop  (cost=7.61..3769.92 rows=170 width=21) (actual time=6.810..430.829 rows=148552 loops=1)
               Join Filter: (t.id = mc.movie_id)
               ->  Nested Loop  (cost=7.18..3749.42 rows=34 width=25) (actual time=6.757..248.880 rows=41840 loops=1)
                     ->  Nested Loop  (cost=6.75..3732.91 rows=34 width=4) (actual time=6.731..76.582 rows=41840 loops=1)
                           ->  Seq Scan on keyword k  (cost=0.00..2626.12 rows=1 width=4) (actual time=0.670..11.790 rows=1 loops=1)
                                 Filter: ((keyword)::text = 'character-name-in-title'::text)
                                 Rows Removed by Filter: 134169
                           ->  Bitmap Heap Scan on movie_keyword mk  (cost=6.75..1103.80 rows=299 width=8) (actual time=6.058..60.093 rows=41840 loops=1)
                                 Recheck Cond: (keyword_id = k.id)
                                 Heap Blocks: exact=11541
                                 ->  Bitmap Index Scan on keyword_id_movie_keyword  (cost=0.00..6.67 rows=299 width=0) (actual time=4.002..4.002 rows=41840 loops=1)
                                       Index Cond: (keyword_id = k.id)
                     ->  Index Scan using title_pkey on title t  (cost=0.43..0.49 rows=1 width=21) (actual time=0.004..0.004 rows=1 loops=41840)
                           Index Cond: (id = mk.movie_id)
               ->  Index Scan using movie_id_movie_companies on movie_companies mc  (cost=0.43..0.54 rows=5 width=8) (actual time=0.003..0.004 rows=4 loops=41840)
                     Index Cond: (movie_id = mk.movie_id)
         ->  Index Scan using company_name_pkey on company_name cn  (cost=0.42..0.45 rows=1 width=4) (actual time=0.002..0.002 rows=0 loops=148552)
               Index Cond: (id = mc.company_id)
               Filter: ((country_code)::text = '[us]'::text)
               Rows Removed by Filter: 1
 Planning Time: 2.524 ms
 Execution Time: 729.831 ms
(24 rows)

SET
                                                                                                         QUERY PLAN                                                                                                         
----------------------------------------------------------------------------------------------------------------------------------------------------------------------------------------------------------------------------
 Aggregate  (cost=8691.91..8691.92 rows=1 width=128) (actual time=1342.488..1342.488 rows=1 loops=1)
   ->  Nested Loop  (cost=1012.70..8691.90 rows=1 width=80) (actual time=26.181..1341.996 rows=757 loops=1)
         ->  Nested Loop  (cost=1012.27..8690.88 rows=1 width=69) (actual time=26.147..1331.752 rows=1021 loops=1)
               ->  Nested Loop  (cost=1012.13..8690.69 rows=1 width=73) (actual time=26.137..1329.867 rows=1021 loops=1)
                     Join Filter: (t.id = mi.movie_id)
                     ->  Nested Loop  (cost=1011.70..8672.67 rows=1 width=47) (actual time=13.753..1149.514 rows=1736 loops=1)
                           Join Filter: (t.id = ci.movie_id)
                           ->  Nested Loop  (cost=1011.13..8643.58 rows=1 width=39) (actual time=7.065..316.139 rows=2023 loops=1)
                                 Join Filter: (mi_idx.movie_id = t.id)
                                 ->  Nested Loop  (cost=1010.70..8642.75 rows=1 width=18) (actual time=7.038..220.879 rows=16283 loops=1)
                                       ->  Gather  (cost=1010.57..8642.58 rows=1 width=22) (actual time=6.310..183.631 rows=35346 loops=1)
                                             Workers Planned: 2
                                             Workers Launched: 2
                                             ->  Nested Loop  (cost=10.57..7642.48 rows=1 width=22) (actual time=4.980..313.339 rows=11782 loops=3)
                                                   ->  Nested Loop  (cost=10.44..7642.32 rows=1 width=26) (actual time=4.963..300.185 rows=11782 loops=3)
                                                         ->  Hash Join  (cost=10.02..7640.66 rows=2 width=14) (actual time=4.657..253.863 rows=21234 loops=3)
                                                               Hash Cond: (mi_idx.info_type_id = it2.id)
                                                               ->  Nested Loop  (cost=7.60..7637.43 rows=294 width=18) (actual time=4.570..244.967 rows=63896 loops=3)
                                                                     ->  Nested Loop  (cost=7.17..7557.95 rows=98 width=4) (actual time=4.531..125.185 rows=25571 loops=3)
                                                                           ->  Parallel Index Scan using keyword_pkey on keyword k  (cost=0.42..4353.35 rows=3 width=4) (actual time=0.276..22.978 rows=2 loops=3)
                                                                                 Filter: ((keyword)::text = ANY ('{murder,violence,blood,gore,death,female-nudity,hospital}'::text[]))
                                                                                 Rows Removed by Filter: 44721
                                                                           ->  Bitmap Heap Scan on movie_keyword mk  (cost=6.75..1065.21 rows=299 width=8) (actual time=3.157..42.572 rows=10959 loops=7)
                                                                                 Recheck Cond: (keyword_id = k.id)
                                                                                 Heap Blocks: exact=12389
                                                                                 ->  Bitmap Index Scan on keyword_id_movie_keyword  (cost=0.00..6.67 rows=299 width=0) (actual time=1.825..1.825 rows=10959 loops=7)
                                                                                       Index Cond: (keyword_id = k.id)
                                                                     ->  Index Scan using movie_id_movie_info_idx on movie_info_idx mi_idx  (cost=0.43..0.78 rows=3 width=14) (actual time=0.004..0.004 rows=2 loops=76714)
                                                                           Index Cond: (movie_id = mk.movie_id)
                                                               ->  Hash  (cost=2.41..2.41 rows=1 width=4) (actual time=0.024..0.025 rows=1 loops=3)
                                                                     Buckets: 1024  Batches: 1  Memory Usage: 9kB
                                                                     ->  Seq Scan on info_type it2  (cost=0.00..2.41 rows=1 width=4) (actual time=0.018..0.020 rows=1 loops=3)
                                                                           Filter: ((info)::text = 'votes'::text)
                                                                           Rows Removed by Filter: 112
                                                         ->  Index Scan using movie_id_complete_cast on complete_cast cc  (cost=0.42..0.81 rows=2 width=12) (actual time=0.002..0.002 rows=1 loops=63701)
                                                               Index Cond: (movie_id = mi_idx.movie_id)
                                                   ->  Index Scan using comp_cast_type_pkey on comp_cast_type cct1  (cost=0.13..0.15 rows=1 width=4) (actual time=0.001..0.001 rows=1 loops=35346)
                                                         Index Cond: (id = cc.subject_id)
                                                         Filter: ((kind)::text = ANY ('{cast,crew}'::text[]))
                                       ->  Index Scan using comp_cast_type_pkey on comp_cast_type cct2  (cost=0.13..0.15 rows=1 width=4) (actual time=0.001..0.001 rows=0 loops=35346)
                                             Index Cond: (id = cc.status_id)
                                             Filter: ((kind)::text = 'complete+verified'::text)
                                             Rows Removed by Filter: 1
                                 ->  Index Scan using title_pkey on title t  (cost=0.43..0.82 rows=1 width=21) (actual time=0.006..0.006 rows=0 loops=16283)
                                       Index Cond: (id = mk.movie_id)
                                       Filter: (production_year > 2000)
                                       Rows Removed by Filter: 1
                           ->  Index Scan using movie_id_cast_info on cast_info ci  (cost=0.56..29.08 rows=1 width=8) (actual time=0.290..0.411 rows=1 loops=2023)
                                 Index Cond: (movie_id = mk.movie_id)
                                 Filter: ((note)::text = ANY ('{(writer),"(head writer)","(written by)",(story),"(story editor)"}'::text[]))
                                 Rows Removed by Filter: 137
                     ->  Index Scan using movie_id_movie_info on movie_info mi  (cost=0.43..18.01 rows=1 width=50) (actual time=0.103..0.103 rows=1 loops=1736)
                           Index Cond: (movie_id = mk.movie_id)
                           Filter: ((info)::text = ANY ('{Horror,Thriller}'::text[]))
                           Rows Removed by Filter: 226
               ->  Index Scan using info_type_pkey on info_type it1  (cost=0.14..0.16 rows=1 width=4) (actual time=0.001..0.001 rows=1 loops=1021)
                     Index Cond: (id = mi.info_type_id)
                     Filter: ((info)::text = 'genres'::text)
         ->  Index Scan using name_pkey on name n  (cost=0.43..1.03 rows=1 width=19) (actual time=0.009..0.009 rows=1 loops=1021)
               Index Cond: (id = ci.person_id)
               Filter: ((gender)::text = 'm'::text)
               Rows Removed by Filter: 0
 Planning Time: 73.248 ms
 Execution Time: 1342.951 ms
(64 rows)

SET
                                                                                                           QUERY PLAN                                                                                                            
---------------------------------------------------------------------------------------------------------------------------------------------------------------------------------------------------------------------------------
 Aggregate  (cost=8689.58..8689.59 rows=1 width=128) (actual time=323.446..323.446 rows=1 loops=1)
   ->  Nested Loop  (cost=1010.42..8689.57 rows=1 width=80) (actual time=75.125..323.412 rows=28 loops=1)
         ->  Nested Loop  (cost=1010.29..8689.41 rows=1 width=84) (actual time=75.116..323.367 rows=28 loops=1)
               ->  Nested Loop  (cost=1010.16..8689.23 rows=1 width=88) (actual time=75.104..323.212 rows=108 loops=1)
                     Join Filter: (t.id = cc.movie_id)
                     ->  Nested Loop  (cost=1009.74..8688.40 rows=1 width=100) (actual time=75.081..322.874 rows=108 loops=1)
                           ->  Nested Loop  (cost=1009.31..8687.37 rows=1 width=89) (actual time=75.055..322.300 rows=108 loops=1)
                                 ->  Nested Loop  (cost=1009.17..8687.19 rows=1 width=93) (actual time=75.041..321.927 rows=324 loops=1)
                                       Join Filter: (t.id = mi_idx.movie_id)
                                       ->  Nested Loop  (cost=1008.74..8686.37 rows=1 width=79) (actual time=75.009..321.478 rows=108 loops=1)
                                             ->  Nested Loop  (cost=1008.60..8686.19 rows=1 width=83) (actual time=75.004..321.305 rows=108 loops=1)
                                                   Join Filter: (t.id = mi.movie_id)
                                                   ->  Nested Loop  (cost=1008.16..8668.17 rows=1 width=33) (actual time=74.696..314.866 rows=77 loops=1)
                                                         Join Filter: (t.id = ci.movie_id)
                                                         ->  Gather  (cost=1007.60..8639.08 rows=1 width=25) (actual time=59.382..307.969 rows=49 loops=1)
                                                               Workers Planned: 2
                                                               Workers Launched: 2
                                                               ->  Nested Loop  (cost=7.60..7638.98 rows=1 width=25) (actual time=65.361..247.033 rows=16 loops=3)
                                                                     ->  Nested Loop  (cost=7.17..7557.95 rows=98 width=4) (actual time=4.431..115.964 rows=25571 loops=3)
                                                                           ->  Parallel Index Scan using keyword_pkey on keyword k  (cost=0.42..4353.35 rows=3 width=4) (actual time=0.181..23.384 rows=2 loops=3)
                                                                                 Filter: ((keyword)::text = ANY ('{murder,violence,blood,gore,death,female-nudity,hospital}'::text[]))
                                                                                 Rows Removed by Filter: 44721
                                                                           ->  Bitmap Heap Scan on movie_keyword mk  (cost=6.75..1065.21 rows=299 width=8) (actual time=3.143..38.505 rows=10959 loops=7)
                                                                                 Recheck Cond: (keyword_id = k.id)
                                                                                 Heap Blocks: exact=12389
                                                                                 ->  Bitmap Index Scan on keyword_id_movie_keyword  (cost=0.00..6.67 rows=299 width=0) (actual time=1.811..1.811 rows=10959 loops=7)
                                                                                       Index Cond: (keyword_id = k.id)
                                                                     ->  Index Scan using title_pkey on title t  (cost=0.43..0.83 rows=1 width=21) (actual time=0.005..0.005 rows=0 loops=76714)
                                                                           Index Cond: (id = mk.movie_id)
                                                                           Filter: ((production_year > 2000) AND (((title)::text ~~ '%Freddy%'::text) OR ((title)::text ~~ '%Jason%'::text) OR ((title)::text ~~ 'Saw%'::text)))
                                                                           Rows Removed by Filter: 1
                                                         ->  Index Scan using movie_id_cast_info on cast_info ci  (cost=0.56..29.08 rows=1 width=8) (actual time=0.151..0.227 rows=2 loops=49)
                                                               Index Cond: (movie_id = mk.movie_id)
                                                               Filter: ((note)::text = ANY ('{(writer),"(head writer)","(written by)",(story),"(story editor)"}'::text[]))
                                                               Rows Removed by Filter: 82
                                                   ->  Index Scan using movie_id_movie_info on movie_info mi  (cost=0.43..18.01 rows=1 width=50) (actual time=0.083..0.083 rows=1 loops=77)
                                                         Index Cond: (movie_id = mk.movie_id)
                                                         Filter: ((info)::text = ANY ('{Horror,Thriller}'::text[]))
                                                         Rows Removed by Filter: 279
                                             ->  Index Scan using info_type_pkey on info_type it1  (cost=0.14..0.16 rows=1 width=4) (actual time=0.001..0.001 rows=1 loops=108)
                                                   Index Cond: (id = mi.info_type_id)
                                                   Filter: ((info)::text = 'genres'::text)
                                       ->  Index Scan using movie_id_movie_info_idx on movie_info_idx mi_idx  (cost=0.43..0.78 rows=3 width=14) (actual time=0.003..0.003 rows=3 loops=108)
                                             Index Cond: (movie_id = mk.movie_id)
                                 ->  Index Scan using info_type_pkey on info_type it2  (cost=0.14..0.16 rows=1 width=4) (actual time=0.001..0.001 rows=0 loops=324)
                                       Index Cond: (id = mi_idx.info_type_id)
                                       Filter: ((info)::text = 'votes'::text)
                                       Rows Removed by Filter: 1
                           ->  Index Scan using name_pkey on name n  (cost=0.43..1.03 rows=1 width=19) (actual time=0.005..0.005 rows=1 loops=108)
                                 Index Cond: (id = ci.person_id)
                                 Filter: ((gender)::text = 'm'::text)
                     ->  Index Scan using movie_id_complete_cast on complete_cast cc  (cost=0.42..0.81 rows=2 width=12) (actual time=0.002..0.003 rows=1 loops=108)
                           Index Cond: (movie_id = mk.movie_id)
               ->  Index Scan using comp_cast_type_pkey on comp_cast_type cct2  (cost=0.13..0.15 rows=1 width=4) (actual time=0.001..0.001 rows=0 loops=108)
                     Index Cond: (id = cc.status_id)
                     Filter: ((kind)::text = 'complete+verified'::text)
                     Rows Removed by Filter: 1
         ->  Index Scan using comp_cast_type_pkey on comp_cast_type cct1  (cost=0.13..0.15 rows=1 width=4) (actual time=0.001..0.001 rows=1 loops=28)
               Index Cond: (id = cc.subject_id)
               Filter: ((kind)::text = ANY ('{cast,crew}'::text[]))
 Planning Time: 73.376 ms
 Execution Time: 328.009 ms
(62 rows)

SET
                                                                                                         QUERY PLAN                                                                                                         
----------------------------------------------------------------------------------------------------------------------------------------------------------------------------------------------------------------------------
 Aggregate  (cost=8709.53..8709.54 rows=1 width=128) (actual time=4010.028..4010.029 rows=1 loops=1)
   ->  Nested Loop  (cost=1012.70..8709.52 rows=1 width=80) (actual time=12.250..4006.253 rows=8024 loops=1)
         ->  Nested Loop  (cost=1012.27..8708.49 rows=1 width=69) (actual time=12.208..3925.345 rows=11863 loops=1)
               Join Filter: (t.id = ci.movie_id)
               ->  Nested Loop  (cost=1011.71..8679.40 rows=1 width=85) (actual time=10.025..1284.897 rows=14655 loops=1)
                     ->  Nested Loop  (cost=1011.58..8679.23 rows=1 width=89) (actual time=7.596..1255.944 rows=27522 loops=1)
                           ->  Nested Loop  (cost=1011.45..8679.06 rows=1 width=93) (actual time=7.578..1210.566 rows=37669 loops=1)
                                 ->  Nested Loop  (cost=1011.03..8678.23 rows=1 width=81) (actual time=6.094..1068.958 rows=63386 loops=1)
                                       Join Filter: (mi.movie_id = t.id)
                                       ->  Gather  (cost=1010.60..8677.40 rows=1 width=60) (actual time=6.073..775.081 rows=63386 loops=1)
                                             Workers Planned: 2
                                             Workers Launched: 2
                                             ->  Nested Loop  (cost=10.60..7677.30 rows=1 width=60) (actual time=4.747..1295.579 rows=21129 loops=3)
                                                   ->  Nested Loop  (cost=10.46..7677.12 rows=1 width=64) (actual time=4.735..1267.348 rows=22577 loops=3)
                                                         Join Filter: (mi_idx.movie_id = mi.movie_id)
                                                         ->  Hash Join  (cost=10.02..7640.66 rows=2 width=14) (actual time=4.632..249.131 rows=21234 loops=3)
                                                               Hash Cond: (mi_idx.info_type_id = it2.id)
                                                               ->  Nested Loop  (cost=7.60..7637.43 rows=294 width=18) (actual time=4.553..239.224 rows=63896 loops=3)
                                                                     ->  Nested Loop  (cost=7.17..7557.95 rows=98 width=4) (actual time=4.514..119.094 rows=25571 loops=3)
                                                                           ->  Parallel Index Scan using keyword_pkey on keyword k  (cost=0.42..4353.35 rows=3 width=4) (actual time=0.256..22.634 rows=2 loops=3)
                                                                                 Filter: ((keyword)::text = ANY ('{murder,violence,blood,gore,death,female-nudity,hospital}'::text[]))
                                                                                 Rows Removed by Filter: 44721
                                                                           ->  Bitmap Heap Scan on movie_keyword mk  (cost=6.75..1065.21 rows=299 width=8) (actual time=3.158..40.038 rows=10959 loops=7)
                                                                                 Recheck Cond: (keyword_id = k.id)
                                                                                 Heap Blocks: exact=12389
                                                                                 ->  Bitmap Index Scan on keyword_id_movie_keyword  (cost=0.00..6.67 rows=299 width=0) (actual time=1.821..1.821 rows=10959 loops=7)
                                                                                       Index Cond: (keyword_id = k.id)
                                                                     ->  Index Scan using movie_id_movie_info_idx on movie_info_idx mi_idx  (cost=0.43..0.78 rows=3 width=14) (actual time=0.004..0.004 rows=2 loops=76714)
                                                                           Index Cond: (movie_id = mk.movie_id)
                                                               ->  Hash  (cost=2.41..2.41 rows=1 width=4) (actual time=0.029..0.029 rows=1 loops=3)
                                                                     Buckets: 1024  Batches: 1  Memory Usage: 9kB
                                                                     ->  Seq Scan on info_type it2  (cost=0.00..2.41 rows=1 width=4) (actual time=0.023..0.025 rows=1 loops=3)
                                                                           Filter: ((info)::text = 'votes'::text)
                                                                           Rows Removed by Filter: 112
                                                         ->  Index Scan using movie_id_movie_info on movie_info mi  (cost=0.43..18.22 rows=1 width=50) (actual time=0.046..0.048 rows=1 loops=63701)
                                                               Index Cond: (movie_id = mk.movie_id)
                                                               Filter: ((info)::text = ANY ('{Horror,Action,Sci-Fi,Thriller,Crime,War}'::text[]))
                                                               Rows Removed by Filter: 58
                                                   ->  Index Scan using info_type_pkey on info_type it1  (cost=0.14..0.16 rows=1 width=4) (actual time=0.001..0.001 rows=1 loops=67732)
                                                         Index Cond: (id = mi.info_type_id)
                                                         Filter: ((info)::text = 'genres'::text)
                                                         Rows Removed by Filter: 0
                                       ->  Index Scan using title_pkey on title t  (cost=0.43..0.82 rows=1 width=21) (actual time=0.004..0.004 rows=1 loops=63386)
                                             Index Cond: (id = mk.movie_id)
                                 ->  Index Scan using movie_id_complete_cast on complete_cast cc  (cost=0.42..0.81 rows=2 width=12) (actual time=0.002..0.002 rows=1 loops=63386)
                                       Index Cond: (movie_id = t.id)
                           ->  Index Scan using comp_cast_type_pkey on comp_cast_type cct1  (cost=0.13..0.15 rows=1 width=4) (actual time=0.001..0.001 rows=1 loops=37669)
                                 Index Cond: (id = cc.subject_id)
                                 Filter: ((kind)::text = 'cast'::text)
                                 Rows Removed by Filter: 0
                     ->  Index Scan using comp_cast_type_pkey on comp_cast_type cct2  (cost=0.13..0.15 rows=1 width=4) (actual time=0.001..0.001 rows=1 loops=27522)
                           Index Cond: (id = cc.status_id)
                           Filter: ((kind)::text = 'complete+verified'::text)
                           Rows Removed by Filter: 0
               ->  Index Scan using movie_id_cast_info on cast_info ci  (cost=0.56..29.08 rows=1 width=8) (actual time=0.135..0.180 rows=1 loops=14655)
                     Index Cond: (movie_id = mk.movie_id)
                     Filter: ((note)::text = ANY ('{(writer),"(head writer)","(written by)",(story),"(story editor)"}'::text[]))
                     Rows Removed by Filter: 83
         ->  Index Scan using name_pkey on name n  (cost=0.43..1.03 rows=1 width=19) (actual time=0.006..0.006 rows=1 loops=11863)
               Index Cond: (id = ci.person_id)
               Filter: ((gender)::text = 'm'::text)
               Rows Removed by Filter: 0
 Planning Time: 74.256 ms
 Execution Time: 4010.470 ms
(64 rows)

SET
                                                                                                      QUERY PLAN                                                                                                      
----------------------------------------------------------------------------------------------------------------------------------------------------------------------------------------------------------------------
 Aggregate  (cost=8954.40..8954.41 rows=1 width=128) (actual time=1368.725..1368.725 rows=1 loops=1)
   ->  Nested Loop  (cost=1012.87..8954.39 rows=1 width=80) (actual time=60.036..1368.165 rows=1273 loops=1)
         Join Filter: (mi.movie_id = t.id)
         ->  Nested Loop  (cost=1012.44..8953.28 rows=1 width=83) (actual time=60.000..1362.440 rows=1273 loops=1)
               ->  Nested Loop  (cost=1012.01..8951.99 rows=1 width=72) (actual time=59.967..1353.100 rows=1556 loops=1)
                     ->  Nested Loop  (cost=1011.87..8951.81 rows=1 width=76) (actual time=59.956..1350.601 rows=1616 loops=1)
                           Join Filter: (mi_idx.movie_id = mi.movie_id)
                           ->  Nested Loop  (cost=1011.44..8928.44 rows=1 width=26) (actual time=29.179..1255.068 rows=1471 loops=1)
                                 Join Filter: (mi_idx.movie_id = ci.movie_id)
                                 ->  Gather  (cost=1010.87..8895.40 rows=1 width=18) (actual time=28.913..905.843 rows=1547 loops=1)
                                       Workers Planned: 2
                                       Workers Launched: 2
                                       ->  Nested Loop  (cost=10.87..7895.30 rows=1 width=18) (actual time=17.363..956.489 rows=516 loops=3)
                                             ->  Nested Loop  (cost=10.45..7882.53 rows=13 width=22) (actual time=4.561..458.936 rows=199419 loops=3)
                                                   Join Filter: (mi_idx.movie_id = mc.movie_id)
                                                   ->  Hash Join  (cost=10.02..7878.13 rows=2 width=14) (actual time=4.527..253.031 rows=21234 loops=3)
                                                         Hash Cond: (mi_idx.info_type_id = it2.id)
                                                         ->  Nested Loop  (cost=7.60..7874.90 rows=294 width=18) (actual time=4.442..243.688 rows=63896 loops=3)
                                                               ->  Nested Loop  (cost=7.17..7767.34 rows=98 width=4) (actual time=4.400..125.747 rows=25571 loops=3)
                                                                     ->  Parallel Index Scan using keyword_pkey on keyword k  (cost=0.42..4562.73 rows=3 width=4) (actual time=0.183..22.588 rows=2 loops=3)
                                                                           Filter: ((keyword)::text = ANY ('{murder,violence,blood,gore,death,female-nudity,hospital}'::text[]))
                                                                           Rows Removed by Filter: 44721
                                                                     ->  Bitmap Heap Scan on movie_keyword mk  (cost=6.75..1065.21 rows=299 width=8) (actual time=3.125..42.931 rows=10959 loops=7)
                                                                           Recheck Cond: (keyword_id = k.id)
                                                                           Heap Blocks: exact=12389
                                                                           ->  Bitmap Index Scan on keyword_id_movie_keyword  (cost=0.00..6.67 rows=299 width=0) (actual time=1.796..1.796 rows=10959 loops=7)
                                                                                 Index Cond: (keyword_id = k.id)
                                                               ->  Index Scan using movie_id_movie_info_idx on movie_info_idx mi_idx  (cost=0.43..1.07 rows=3 width=14) (actual time=0.004..0.004 rows=2 loops=76714)
                                                                     Index Cond: (movie_id = mk.movie_id)
                                                         ->  Hash  (cost=2.41..2.41 rows=1 width=4) (actual time=0.027..0.027 rows=1 loops=3)
                                                               Buckets: 1024  Batches: 1  Memory Usage: 9kB
                                                               ->  Seq Scan on info_type it2  (cost=0.00..2.41 rows=1 width=4) (actual time=0.022..0.023 rows=1 loops=3)
                                                                     Filter: ((info)::text = 'votes'::text)
                                                                     Rows Removed by Filter: 112
                                                   ->  Index Scan using movie_id_movie_companies on movie_companies mc  (cost=0.43..2.14 rows=5 width=8) (actual time=0.005..0.008 rows=9 loops=63701)
                                                         Index Cond: (movie_id = mk.movie_id)
                                             ->  Index Scan using company_name_pkey on company_name cn  (cost=0.42..0.98 rows=1 width=4) (actual time=0.002..0.002 rows=0 loops=598256)
                                                   Index Cond: (id = mc.company_id)
                                                   Filter: ((name)::text ~~ 'Lionsgate%'::text)
                                                   Rows Removed by Filter: 1
                                 ->  Index Scan using movie_id_cast_info on cast_info ci  (cost=0.56..33.03 rows=1 width=8) (actual time=0.165..0.228 rows=1 loops=1547)
                                       Index Cond: (movie_id = mk.movie_id)
                                       Filter: ((note)::text = ANY ('{(writer),"(head writer)","(written by)",(story),"(story editor)"}'::text[]))
                                       Rows Removed by Filter: 119
                           ->  Index Scan using movie_id_movie_info on movie_info mi  (cost=0.43..23.36 rows=1 width=50) (actual time=0.064..0.064 rows=1 loops=1471)
                                 Index Cond: (movie_id = mk.movie_id)
                                 Filter: ((info)::text = ANY ('{Horror,Thriller}'::text[]))
                                 Rows Removed by Filter: 173
                     ->  Index Scan using info_type_pkey on info_type it1  (cost=0.14..0.16 rows=1 width=4) (actual time=0.001..0.001 rows=1 loops=1616)
                           Index Cond: (id = mi.info_type_id)
                           Filter: ((info)::text = 'genres'::text)
                           Rows Removed by Filter: 0
               ->  Index Scan using name_pkey on name n  (cost=0.43..1.29 rows=1 width=19) (actual time=0.006..0.006 rows=1 loops=1556)
                     Index Cond: (id = ci.person_id)
                     Filter: ((gender)::text = 'm'::text)
                     Rows Removed by Filter: 0
         ->  Index Scan using title_pkey on title t  (cost=0.43..1.10 rows=1 width=21) (actual time=0.004..0.004 rows=1 loops=1273)
               Index Cond: (id = mk.movie_id)
 Planning Time: 51.176 ms
 Execution Time: 1373.417 ms
(60 rows)

SET
                                                                                                        QUERY PLAN                                                                                                         
---------------------------------------------------------------------------------------------------------------------------------------------------------------------------------------------------------------------------
 Aggregate  (cost=8939.01..8939.02 rows=1 width=128) (actual time=322.298..322.298 rows=1 loops=1)
   ->  Nested Loop  (cost=1010.59..8939.00 rows=1 width=80) (actual time=117.660..322.242 rows=84 loops=1)
         ->  Nested Loop  (cost=1010.16..8937.71 rows=1 width=69) (actual time=117.629..321.829 rows=84 loops=1)
               ->  Nested Loop  (cost=1010.02..8937.53 rows=1 width=73) (actual time=117.617..321.543 rows=252 loops=1)
                     Join Filter: (t.id = mi_idx.movie_id)
                     ->  Nested Loop  (cost=1009.59..8936.42 rows=1 width=83) (actual time=117.586..321.246 rows=84 loops=1)
                           ->  Nested Loop  (cost=1009.45..8936.24 rows=1 width=87) (actual time=117.564..321.095 rows=84 loops=1)
                                 Join Filter: (t.id = mi.movie_id)
                                 ->  Nested Loop  (cost=1009.01..8912.87 rows=1 width=37) (actual time=117.273..317.004 rows=53 loops=1)
                                       ->  Nested Loop  (cost=1008.59..8911.15 rows=1 width=41) (actual time=117.232..316.621 rows=119 loops=1)
                                             Join Filter: (t.id = mc.movie_id)
                                             ->  Nested Loop  (cost=1008.16..8908.99 rows=1 width=33) (actual time=74.378..315.579 rows=77 loops=1)
                                                   Join Filter: (t.id = ci.movie_id)
                                                   ->  Gather  (cost=1007.60..8875.95 rows=1 width=25) (actual time=59.140..308.908 rows=49 loops=1)
                                                         Workers Planned: 2
                                                         Workers Launched: 2
                                                         ->  Nested Loop  (cost=7.60..7875.85 rows=1 width=25) (actual time=64.599..246.420 rows=16 loops=3)
                                                               ->  Nested Loop  (cost=7.17..7767.34 rows=98 width=4) (actual time=4.435..115.782 rows=25571 loops=3)
                                                                     ->  Parallel Index Scan using keyword_pkey on keyword k  (cost=0.42..4562.73 rows=3 width=4) (actual time=0.179..23.418 rows=2 loops=3)
                                                                           Filter: ((keyword)::text = ANY ('{murder,violence,blood,gore,death,female-nudity,hospital}'::text[]))
                                                                           Rows Removed by Filter: 44721
                                                                     ->  Bitmap Heap Scan on movie_keyword mk  (cost=6.75..1065.21 rows=299 width=8) (actual time=3.143..38.411 rows=10959 loops=7)
                                                                           Recheck Cond: (keyword_id = k.id)
                                                                           Heap Blocks: exact=12389
                                                                           ->  Bitmap Index Scan on keyword_id_movie_keyword  (cost=0.00..6.67 rows=299 width=0) (actual time=1.810..1.810 rows=10959 loops=7)
                                                                                 Index Cond: (keyword_id = k.id)
                                                               ->  Index Scan using title_pkey on title t  (cost=0.43..1.11 rows=1 width=21) (actual time=0.005..0.005 rows=0 loops=76714)
                                                                     Index Cond: (id = mk.movie_id)
                                                                     Filter: ((production_year > 2000) AND (((title)::text ~~ '%Freddy%'::text) OR ((title)::text ~~ '%Jason%'::text) OR ((title)::text ~~ 'Saw%'::text)))
                                                                     Rows Removed by Filter: 1
                                                   ->  Index Scan using movie_id_cast_info on cast_info ci  (cost=0.56..33.03 rows=1 width=8) (actual time=0.152..0.226 rows=2 loops=49)
                                                         Index Cond: (movie_id = mk.movie_id)
                                                         Filter: ((note)::text = ANY ('{(writer),"(head writer)","(written by)",(story),"(story editor)"}'::text[]))
                                                         Rows Removed by Filter: 82
                                             ->  Index Scan using movie_id_movie_companies on movie_companies mc  (cost=0.43..2.15 rows=1 width=8) (actual time=0.009..0.013 rows=2 loops=77)
                                                   Index Cond: (movie_id = mk.movie_id)
                                                   Filter: ((note)::text ~~ '%(Blu-ray)%'::text)
                                                   Rows Removed by Filter: 24
                                       ->  Index Scan using company_name_pkey on company_name cn  (cost=0.42..1.61 rows=1 width=4) (actual time=0.003..0.003 rows=0 loops=119)
                                             Index Cond: (id = mc.company_id)
                                             Filter: ((name)::text ~~ 'Lionsgate%'::text)
                                             Rows Removed by Filter: 1
                                 ->  Index Scan using movie_id_movie_info on movie_info mi  (cost=0.43..23.36 rows=1 width=50) (actual time=0.076..0.077 rows=2 loops=53)
                                       Index Cond: (movie_id = mk.movie_id)
                                       Filter: ((info)::text = ANY ('{Horror,Thriller}'::text[]))
                                       Rows Removed by Filter: 292
                           ->  Index Scan using info_type_pkey on info_type it1  (cost=0.14..0.16 rows=1 width=4) (actual time=0.001..0.001 rows=1 loops=84)
                                 Index Cond: (id = mi.info_type_id)
                                 Filter: ((info)::text = 'genres'::text)
                     ->  Index Scan using movie_id_movie_info_idx on movie_info_idx mi_idx  (cost=0.43..1.07 rows=3 width=14) (actual time=0.002..0.003 rows=3 loops=84)
                           Index Cond: (movie_id = mk.movie_id)
               ->  Index Scan using info_type_pkey on info_type it2  (cost=0.14..0.16 rows=1 width=4) (actual time=0.001..0.001 rows=0 loops=252)
                     Index Cond: (id = mi_idx.info_type_id)
                     Filter: ((info)::text = 'votes'::text)
                     Rows Removed by Filter: 1
         ->  Index Scan using name_pkey on name n  (cost=0.43..1.29 rows=1 width=19) (actual time=0.004..0.004 rows=1 loops=84)
               Index Cond: (id = ci.person_id)
               Filter: ((gender)::text = 'm'::text)
 Planning Time: 50.761 ms
 Execution Time: 327.052 ms
(60 rows)

SET
                                                                                                      QUERY PLAN                                                                                                      
----------------------------------------------------------------------------------------------------------------------------------------------------------------------------------------------------------------------
 Aggregate  (cost=8954.61..8954.62 rows=1 width=128) (actual time=1381.205..1381.206 rows=1 loops=1)
   ->  Nested Loop  (cost=1012.87..8954.60 rows=1 width=80) (actual time=58.614..1380.151 rows=2825 loops=1)
         Join Filter: (mi.movie_id = t.id)
         ->  Nested Loop  (cost=1012.44..8953.49 rows=1 width=83) (actual time=58.591..1371.122 rows=2825 loops=1)
               ->  Nested Loop  (cost=1012.01..8952.20 rows=1 width=72) (actual time=58.562..1359.148 rows=2825 loops=1)
                     ->  Nested Loop  (cost=1011.87..8952.02 rows=1 width=76) (actual time=58.553..1355.043 rows=3007 loops=1)
                           Join Filter: (mi_idx.movie_id = mi.movie_id)
                           ->  Nested Loop  (cost=1011.44..8928.44 rows=1 width=26) (actual time=28.887..1240.677 rows=1471 loops=1)
                                 Join Filter: (mi_idx.movie_id = ci.movie_id)
                                 ->  Gather  (cost=1010.87..8895.40 rows=1 width=18) (actual time=28.632..891.224 rows=1547 loops=1)
                                       Workers Planned: 2
                                       Workers Launched: 2
                                       ->  Nested Loop  (cost=10.87..7895.30 rows=1 width=18) (actual time=17.275..962.015 rows=516 loops=3)
                                             ->  Nested Loop  (cost=10.45..7882.53 rows=13 width=22) (actual time=4.665..458.098 rows=199419 loops=3)
                                                   Join Filter: (mi_idx.movie_id = mc.movie_id)
                                                   ->  Hash Join  (cost=10.02..7878.13 rows=2 width=14) (actual time=4.625..252.602 rows=21234 loops=3)
                                                         Hash Cond: (mi_idx.info_type_id = it2.id)
                                                         ->  Nested Loop  (cost=7.60..7874.90 rows=294 width=18) (actual time=4.536..243.302 rows=63896 loops=3)
                                                               ->  Nested Loop  (cost=7.17..7767.34 rows=98 width=4) (actual time=4.503..125.509 rows=25571 loops=3)
                                                                     ->  Parallel Index Scan using keyword_pkey on keyword k  (cost=0.42..4562.73 rows=3 width=4) (actual time=0.284..22.515 rows=2 loops=3)
                                                                           Filter: ((keyword)::text = ANY ('{murder,violence,blood,gore,death,female-nudity,hospital}'::text[]))
                                                                           Rows Removed by Filter: 44721
                                                                     ->  Bitmap Heap Scan on movie_keyword mk  (cost=6.75..1065.21 rows=299 width=8) (actual time=3.138..42.857 rows=10959 loops=7)
                                                                           Recheck Cond: (keyword_id = k.id)
                                                                           Heap Blocks: exact=12389
                                                                           ->  Bitmap Index Scan on keyword_id_movie_keyword  (cost=0.00..6.67 rows=299 width=0) (actual time=1.805..1.805 rows=10959 loops=7)
                                                                                 Index Cond: (keyword_id = k.id)
                                                               ->  Index Scan using movie_id_movie_info_idx on movie_info_idx mi_idx  (cost=0.43..1.07 rows=3 width=14) (actual time=0.004..0.004 rows=2 loops=76714)
                                                                     Index Cond: (movie_id = mk.movie_id)
                                                         ->  Hash  (cost=2.41..2.41 rows=1 width=4) (actual time=0.028..0.028 rows=1 loops=3)
                                                               Buckets: 1024  Batches: 1  Memory Usage: 9kB
                                                               ->  Seq Scan on info_type it2  (cost=0.00..2.41 rows=1 width=4) (actual time=0.022..0.023 rows=1 loops=3)
                                                                     Filter: ((info)::text = 'votes'::text)
                                                                     Rows Removed by Filter: 112
                                                   ->  Index Scan using movie_id_movie_companies on movie_companies mc  (cost=0.43..2.14 rows=5 width=8) (actual time=0.005..0.008 rows=9 loops=63701)
                                                         Index Cond: (movie_id = mk.movie_id)
                                             ->  Index Scan using company_name_pkey on company_name cn  (cost=0.42..0.98 rows=1 width=4) (actual time=0.002..0.002 rows=0 loops=598256)
                                                   Index Cond: (id = mc.company_id)
                                                   Filter: ((name)::text ~~ 'Lionsgate%'::text)
                                                   Rows Removed by Filter: 1
                                 ->  Index Scan using movie_id_cast_info on cast_info ci  (cost=0.56..33.03 rows=1 width=8) (actual time=0.164..0.228 rows=1 loops=1547)
                                       Index Cond: (movie_id = mk.movie_id)
                                       Filter: ((note)::text = ANY ('{(writer),"(head writer)","(written by)",(story),"(story editor)"}'::text[]))
                                       Rows Removed by Filter: 119
                           ->  Index Scan using movie_id_movie_info on movie_info mi  (cost=0.43..23.57 rows=1 width=50) (actual time=0.075..0.077 rows=2 loops=1471)
                                 Index Cond: (movie_id = mk.movie_id)
                                 Filter: ((info)::text = ANY ('{Horror,Action,Sci-Fi,Thriller,Crime,War}'::text[]))
                                 Rows Removed by Filter: 172
                     ->  Index Scan using info_type_pkey on info_type it1  (cost=0.14..0.16 rows=1 width=4) (actual time=0.001..0.001 rows=1 loops=3007)
                           Index Cond: (id = mi.info_type_id)
                           Filter: ((info)::text = 'genres'::text)
                           Rows Removed by Filter: 0
               ->  Index Scan using name_pkey on name n  (cost=0.43..1.29 rows=1 width=19) (actual time=0.004..0.004 rows=1 loops=2825)
                     Index Cond: (id = ci.person_id)
         ->  Index Scan using title_pkey on title t  (cost=0.43..1.10 rows=1 width=21) (actual time=0.003..0.003 rows=1 loops=2825)
               Index Cond: (id = mk.movie_id)
 Planning Time: 51.219 ms
 Execution Time: 1385.913 ms
(58 rows)

SET
                                                                              QUERY PLAN                                                                               
-----------------------------------------------------------------------------------------------------------------------------------------------------------------------
 Aggregate  (cost=3802.90..3802.91 rows=1 width=96) (actual time=15.758..15.759 rows=1 loops=1)
   ->  Nested Loop  (cost=7.90..3802.82 rows=11 width=116) (actual time=15.756..15.756 rows=0 loops=1)
         ->  Nested Loop  (cost=7.47..3756.66 rows=11 width=103) (actual time=15.755..15.755 rows=0 loops=1)
               ->  Nested Loop  (cost=7.04..3751.32 rows=11 width=94) (actual time=15.755..15.755 rows=0 loops=1)
                     Join Filter: (ml.link_type_id = lt.id)
                     ->  Nested Loop  (cost=7.04..3747.37 rows=11 width=16) (actual time=15.755..15.755 rows=0 loops=1)
                           ->  Nested Loop  (cost=6.75..3732.91 rows=34 width=4) (actual time=15.405..15.746 rows=1 loops=1)
                                 ->  Seq Scan on keyword k  (cost=0.00..2626.12 rows=1 width=4) (actual time=15.368..15.709 rows=1 loops=1)
                                       Filter: ((keyword)::text = '10,000-mile-club'::text)
                                       Rows Removed by Filter: 134169
                                 ->  Bitmap Heap Scan on movie_keyword mk  (cost=6.75..1103.80 rows=299 width=8) (actual time=0.032..0.033 rows=1 loops=1)
                                       Recheck Cond: (keyword_id = k.id)
                                       Heap Blocks: exact=1
                                       ->  Bitmap Index Scan on keyword_id_movie_keyword  (cost=0.00..6.67 rows=299 width=0) (actual time=0.013..0.013 rows=1 loops=1)
                                             Index Cond: (keyword_id = k.id)
                           ->  Index Scan using movie_id_movie_link on movie_link ml  (cost=0.29..0.38 rows=5 width=12) (actual time=0.007..0.007 rows=0 loops=1)
                                 Index Cond: (movie_id = mk.movie_id)
                     ->  Materialize  (cost=0.00..1.27 rows=18 width=86) (never executed)
                           ->  Seq Scan on link_type lt  (cost=0.00..1.18 rows=18 width=86) (never executed)
               ->  Index Scan using title_pkey on title t1  (cost=0.43..0.49 rows=1 width=21) (never executed)
                     Index Cond: (id = mk.movie_id)
         ->  Index Scan using title_pkey on title t2  (cost=0.43..4.20 rows=1 width=21) (never executed)
               Index Cond: (id = ml.linked_movie_id)
 Planning Time: 3.090 ms
 Execution Time: 15.893 ms
(25 rows)

SET
                                                                                QUERY PLAN                                                                                 
---------------------------------------------------------------------------------------------------------------------------------------------------------------------------
 Aggregate  (cost=3802.90..3802.91 rows=1 width=96) (actual time=185.650..185.650 rows=1 loops=1)
   ->  Nested Loop  (cost=7.90..3802.82 rows=11 width=116) (actual time=6.902..184.549 rows=4388 loops=1)
         ->  Nested Loop  (cost=7.47..3756.66 rows=11 width=103) (actual time=6.868..141.013 rows=4388 loops=1)
               ->  Nested Loop  (cost=7.04..3751.32 rows=11 width=94) (actual time=6.846..129.601 rows=4388 loops=1)
                     Join Filter: (ml.link_type_id = lt.id)
                     Rows Removed by Join Filter: 30206
                     ->  Nested Loop  (cost=7.04..3747.37 rows=11 width=16) (actual time=6.824..124.863 rows=4388 loops=1)
                           ->  Nested Loop  (cost=6.75..3732.91 rows=34 width=4) (actual time=6.717..85.383 rows=41840 loops=1)
                                 ->  Seq Scan on keyword k  (cost=0.00..2626.12 rows=1 width=4) (actual time=0.512..11.999 rows=1 loops=1)
                                       Filter: ((keyword)::text = 'character-name-in-title'::text)
                                       Rows Removed by Filter: 134169
                                 ->  Bitmap Heap Scan on movie_keyword mk  (cost=6.75..1103.80 rows=299 width=8) (actual time=6.202..69.446 rows=41840 loops=1)
                                       Recheck Cond: (keyword_id = k.id)
                                       Heap Blocks: exact=11541
                                       ->  Bitmap Index Scan on keyword_id_movie_keyword  (cost=0.00..6.67 rows=299 width=0) (actual time=4.136..4.136 rows=41840 loops=1)
                                             Index Cond: (keyword_id = k.id)
                           ->  Index Scan using movie_id_movie_link on movie_link ml  (cost=0.29..0.38 rows=5 width=12) (actual time=0.001..0.001 rows=0 loops=41840)
                                 Index Cond: (movie_id = mk.movie_id)
                     ->  Materialize  (cost=0.00..1.27 rows=18 width=86) (actual time=0.000..0.000 rows=8 loops=4388)
                           ->  Seq Scan on link_type lt  (cost=0.00..1.18 rows=18 width=86) (actual time=0.010..0.013 rows=17 loops=1)
               ->  Index Scan using title_pkey on title t1  (cost=0.43..0.49 rows=1 width=21) (actual time=0.002..0.002 rows=1 loops=4388)
                     Index Cond: (id = mk.movie_id)
         ->  Index Scan using title_pkey on title t2  (cost=0.43..4.20 rows=1 width=21) (actual time=0.010..0.010 rows=1 loops=4388)
               Index Cond: (id = ml.linked_movie_id)
 Planning Time: 2.340 ms
 Execution Time: 185.850 ms
(26 rows)

SET
                                                                                                                  QUERY PLAN                                                                                                                   
-----------------------------------------------------------------------------------------------------------------------------------------------------------------------------------------------------------------------------------------------
 Aggregate  (cost=4451.76..4451.77 rows=1 width=192) (actual time=71.694..71.694 rows=1 loops=1)
   ->  Nested Loop  (cost=6.44..4451.74 rows=1 width=84) (actual time=12.043..71.680 rows=8 loops=1)
         ->  Nested Loop  (cost=6.02..4451.30 rows=1 width=69) (actual time=12.034..71.624 rows=8 loops=1)
               Join Filter: (t2.id = mc2.movie_id)
               ->  Nested Loop  (cost=5.59..4450.56 rows=1 width=77) (actual time=12.014..71.590 rows=2 loops=1)
                     Join Filter: ((ml.linked_movie_id = t2.id) AND (kt2.id = t2.kind_id))
                     ->  Nested Loop  (cost=5.16..4449.84 rows=1 width=60) (actual time=11.989..71.478 rows=12 loops=1)
                           ->  Nested Loop  (cost=4.74..4449.40 rows=1 width=45) (actual time=11.949..70.936 rows=81 loops=1)
                                 ->  Nested Loop  (cost=4.31..4448.79 rows=1 width=53) (actual time=11.924..70.565 rows=28 loops=1)
                                       Join Filter: (it2.id = mi_idx2.info_type_id)
                                       Rows Removed by Join Filter: 1595
                                       ->  Nested Loop  (cost=3.88..4409.59 rows=19 width=47) (actual time=0.213..62.465 rows=1220 loops=1)
                                             Join Filter: (kt1.id = t1.kind_id)
                                             Rows Removed by Join Filter: 844
                                             ->  Nested Loop  (cost=0.00..2.18 rows=1 width=8) (actual time=0.020..0.023 rows=1 loops=1)
                                                   ->  Seq Scan on kind_type kt1  (cost=0.00..1.09 rows=1 width=4) (actual time=0.018..0.018 rows=1 loops=1)
                                                         Filter: ((kind)::text = 'tv series'::text)
                                                         Rows Removed by Filter: 6
                                                   ->  Seq Scan on kind_type kt2  (cost=0.00..1.09 rows=1 width=4) (actual time=0.001..0.002 rows=1 loops=1)
                                                         Filter: ((kind)::text = 'tv series'::text)
                                                         Rows Removed by Filter: 6
                                             ->  Nested Loop  (cost=3.88..4405.75 rows=132 width=47) (actual time=0.192..62.185 rows=2064 loops=1)
                                                   Join Filter: (ml.movie_id = t1.id)
                                                   ->  Nested Loop  (cost=3.45..4328.60 rows=132 width=22) (actual time=0.172..54.563 rows=2064 loops=1)
                                                         Join Filter: (ml.link_type_id = lt.id)
                                                         Rows Removed by Join Filter: 38685
                                                         ->  Nested Loop  (cost=3.45..4292.61 rows=794 width=26) (actual time=0.068..47.647 rows=20890 loops=1)
                                                               ->  Seq Scan on info_type it2  (cost=0.00..2.41 rows=1 width=4) (actual time=0.010..0.012 rows=1 loops=1)
                                                                     Filter: ((info)::text = 'rating'::text)
                                                                     Rows Removed by Filter: 112
                                                               ->  Hash Join  (cost=3.45..4282.26 rows=794 width=22) (actual time=0.057..45.763 rows=20890 loops=1)
                                                                     Hash Cond: (mi_idx1.info_type_id = it1.id)
                                                                     ->  Merge Join  (cost=1.03..4035.43 rows=89741 width=26) (actual time=0.017..39.602 rows=62670 loops=1)
                                                                           Merge Cond: (ml.movie_id = mi_idx1.movie_id)
                                                                           ->  Index Scan using movie_id_movie_link on movie_link ml  (cost=0.29..959.51 rows=29997 width=12) (actual time=0.005..5.245 rows=29997 loops=1)
                                                                           ->  Index Scan using movie_id_movie_info_idx on movie_info_idx mi_idx1  (cost=0.43..43820.38 rows=1380035 width=14) (actual time=0.008..18.695 rows=114373 loops=1)
                                                                     ->  Hash  (cost=2.41..2.41 rows=1 width=4) (actual time=0.016..0.016 rows=1 loops=1)
                                                                           Buckets: 1024  Batches: 1  Memory Usage: 9kB
                                                                           ->  Seq Scan on info_type it1  (cost=0.00..2.41 rows=1 width=4) (actual time=0.009..0.010 rows=1 loops=1)
                                                                                 Filter: ((info)::text = 'rating'::text)
                                                                                 Rows Removed by Filter: 112
                                                         ->  Materialize  (cost=0.00..1.26 rows=3 width=4) (actual time=0.000..0.000 rows=2 loops=20890)
                                                               ->  Seq Scan on link_type lt  (cost=0.00..1.25 rows=3 width=4) (actual time=0.014..0.017 rows=2 loops=1)
                                                                     Filter: ((link)::text = ANY ('{sequel,follows,"followed by"}'::text[]))
                                                                     Rows Removed by Filter: 16
                                                   ->  Index Scan using title_pkey on title t1  (cost=0.43..0.57 rows=1 width=25) (actual time=0.003..0.003 rows=1 loops=2064)
                                                         Index Cond: (id = mi_idx1.movie_id)
                                       ->  Index Scan using movie_id_movie_info_idx on movie_info_idx mi_idx2  (cost=0.43..2.05 rows=1 width=14) (actual time=0.006..0.006 rows=1 loops=1220)
                                             Index Cond: (movie_id = ml.linked_movie_id)
                                             Filter: ((info)::text < '3.0'::text)
                                             Rows Removed by Filter: 1
                                 ->  Index Scan using movie_id_movie_companies on movie_companies mc1  (cost=0.43..0.56 rows=5 width=8) (actual time=0.009..0.012 rows=3 loops=28)
                                       Index Cond: (movie_id = t1.id)
                           ->  Index Scan using company_name_pkey on company_name cn1  (cost=0.42..0.45 rows=1 width=23) (actual time=0.006..0.006 rows=0 loops=81)
                                 Index Cond: (id = mc1.company_id)
                                 Filter: ((country_code)::text = '[us]'::text)
                                 Rows Removed by Filter: 1
                     ->  Index Scan using title_pkey on title t2  (cost=0.43..0.71 rows=1 width=25) (actual time=0.009..0.009 rows=0 loops=12)
                           Index Cond: (id = mi_idx2.movie_id)
                           Filter: ((production_year >= 2005) AND (production_year <= 2008))
                           Rows Removed by Filter: 1
               ->  Index Scan using movie_id_movie_companies on movie_companies mc2  (cost=0.43..0.67 rows=5 width=8) (actual time=0.010..0.015 rows=4 loops=2)
                     Index Cond: (movie_id = mi_idx2.movie_id)
         ->  Index Scan using company_name_pkey on company_name cn2  (cost=0.42..0.44 rows=1 width=23) (actual time=0.006..0.006 rows=1 loops=8)
               Index Cond: (id = mc2.company_id)
 Planning Time: 92.154 ms
 Execution Time: 71.974 ms
(67 rows)

SET
                                                                                                                 QUERY PLAN                                                                                                                  
---------------------------------------------------------------------------------------------------------------------------------------------------------------------------------------------------------------------------------------------
 Aggregate  (cost=2681.30..2681.31 rows=1 width=192) (actual time=46.584..46.584 rows=1 loops=1)
   ->  Nested Loop  (cost=340.64..2681.28 rows=1 width=84) (actual time=8.636..46.573 rows=4 loops=1)
         Join Filter: ((t2.id = mi_idx2.movie_id) AND (it2.id = mi_idx2.info_type_id))
         Rows Removed by Join Filter: 4
         ->  Nested Loop  (cost=340.21..2680.76 rows=1 width=94) (actual time=8.621..46.549 rows=4 loops=1)
               ->  Nested Loop  (cost=340.08..2680.59 rows=1 width=98) (actual time=8.613..46.537 rows=4 loops=1)
                     Join Filter: (ml.movie_id = t1.id)
                     ->  Nested Loop  (cost=339.65..2680.06 rows=1 width=89) (actual time=8.603..46.521 rows=4 loops=1)
                           ->  Nested Loop  (cost=339.23..2679.62 rows=1 width=74) (actual time=8.598..46.508 rows=4 loops=1)
                                 ->  Nested Loop  (cost=338.80..2678.21 rows=1 width=66) (actual time=8.594..46.501 rows=1 loops=1)
                                       ->  Nested Loop  (cost=338.67..2678.04 rows=1 width=70) (actual time=2.015..46.473 rows=6 loops=1)
                                             ->  Nested Loop  (cost=338.24..2669.65 rows=2 width=45) (actual time=1.988..44.212 rows=477 loops=1)
                                                   ->  Index Scan using info_type_pkey on info_type it2  (cost=0.14..14.12 rows=1 width=4) (actual time=0.017..0.020 rows=1 loops=1)
                                                         Filter: ((info)::text = 'rating'::text)
                                                         Rows Removed by Filter: 112
                                                   ->  Nested Loop  (cost=338.09..2655.51 rows=2 width=41) (actual time=1.970..44.138 rows=477 loops=1)
                                                         ->  Nested Loop  (cost=337.67..2557.48 rows=220 width=26) (actual time=1.909..25.845 rows=9674 loops=1)
                                                               Join Filter: (ml.movie_id = mc1.movie_id)
                                                               ->  Hash Join  (cost=337.24..2528.65 rows=44 width=18) (actual time=1.902..16.560 rows=2064 loops=1)
                                                                     Hash Cond: (mi_idx1.info_type_id = it1.id)
                                                                     ->  Merge Join  (cost=334.82..2512.65 rows=4984 width=22) (actual time=1.865..15.861 rows=6192 loops=1)
                                                                           Merge Cond: (mi_idx1.movie_id = ml.movie_id)
                                                                           ->  Index Scan using movie_id_movie_info_idx on movie_info_idx mi_idx1  (cost=0.43..43820.38 rows=1380035 width=14) (actual time=0.008..8.515 rows=63901 loops=1)
                                                                           ->  Sort  (cost=334.38..338.55 rows=1666 width=8) (actual time=1.835..2.157 rows=6443 loops=1)
                                                                                 Sort Key: ml.movie_id
                                                                                 Sort Method: quicksort  Memory: 205kB
                                                                                 ->  Nested Loop  (cost=38.82..245.23 rows=1666 width=8) (actual time=0.122..1.326 rows=2315 loops=1)
                                                                                       ->  Seq Scan on link_type lt  (cost=0.00..1.23 rows=1 width=4) (actual time=0.013..0.018 rows=2 loops=1)
                                                                                             Filter: ((link)::text ~~ '%follow%'::text)
                                                                                             Rows Removed by Filter: 16
                                                                                       ->  Bitmap Heap Scan on movie_link ml  (cost=38.82..225.26 rows=1875 width=12) (actual time=0.092..0.542 rows=1158 loops=2)
                                                                                             Recheck Cond: (link_type_id = lt.id)
                                                                                             Heap Blocks: exact=191
                                                                                             ->  Bitmap Index Scan on link_type_id_movie_link  (cost=0.00..38.35 rows=1875 width=0) (actual time=0.076..0.076 rows=1158 loops=2)
                                                                                                   Index Cond: (link_type_id = lt.id)
                                                                     ->  Hash  (cost=2.41..2.41 rows=1 width=4) (actual time=0.015..0.015 rows=1 loops=1)
                                                                           Buckets: 1024  Batches: 1  Memory Usage: 9kB
                                                                           ->  Seq Scan on info_type it1  (cost=0.00..2.41 rows=1 width=4) (actual time=0.010..0.011 rows=1 loops=1)
                                                                                 Filter: ((info)::text = 'rating'::text)
                                                                                 Rows Removed by Filter: 112
                                                               ->  Index Scan using movie_id_movie_companies on movie_companies mc1  (cost=0.43..0.59 rows=5 width=8) (actual time=0.002..0.004 rows=5 loops=2064)
                                                                     Index Cond: (movie_id = mi_idx1.movie_id)
                                                         ->  Index Scan using company_name_pkey on company_name cn1  (cost=0.42..0.45 rows=1 width=23) (actual time=0.002..0.002 rows=0 loops=9674)
                                                               Index Cond: (id = mc1.company_id)
                                                               Filter: ((country_code)::text = '[nl]'::text)
                                                               Rows Removed by Filter: 1
                                             ->  Index Scan using title_pkey on title t2  (cost=0.43..4.20 rows=1 width=25) (actual time=0.005..0.005 rows=0 loops=477)
                                                   Index Cond: (id = ml.linked_movie_id)
                                                   Filter: (production_year = 2007)
                                                   Rows Removed by Filter: 1
                                       ->  Index Scan using kind_type_pkey on kind_type kt2  (cost=0.13..0.15 rows=1 width=4) (actual time=0.004..0.004 rows=0 loops=6)
                                             Index Cond: (id = t2.kind_id)
                                             Filter: ((kind)::text = 'tv series'::text)
                                             Rows Removed by Filter: 1
                                 ->  Index Scan using movie_id_movie_companies on movie_companies mc2  (cost=0.43..1.35 rows=5 width=8) (actual time=0.003..0.005 rows=4 loops=1)
                                       Index Cond: (movie_id = t2.id)
                           ->  Index Scan using company_name_pkey on company_name cn2  (cost=0.42..0.44 rows=1 width=23) (actual time=0.002..0.002 rows=1 loops=4)
                                 Index Cond: (id = mc2.company_id)
                     ->  Index Scan using title_pkey on title t1  (cost=0.43..0.51 rows=1 width=25) (actual time=0.003..0.003 rows=1 loops=4)
                           Index Cond: (id = mc1.movie_id)
               ->  Index Scan using kind_type_pkey on kind_type kt1  (cost=0.13..0.15 rows=1 width=4) (actual time=0.002..0.002 rows=1 loops=4)
                     Index Cond: (id = t1.kind_id)
                     Filter: ((kind)::text = 'tv series'::text)
         ->  Index Scan using movie_id_movie_info_idx on movie_info_idx mi_idx2  (cost=0.43..0.51 rows=1 width=14) (actual time=0.005..0.005 rows=2 loops=4)
               Index Cond: (movie_id = mc2.movie_id)
               Filter: ((info)::text < '3.0'::text)
               Rows Removed by Filter: 1
 Planning Time: 92.384 ms
 Execution Time: 46.879 ms
(69 rows)

SET
                                                                                                                 QUERY PLAN                                                                                                                  
---------------------------------------------------------------------------------------------------------------------------------------------------------------------------------------------------------------------------------------------
 Aggregate  (cost=3851.97..3851.98 rows=1 width=192) (actual time=36.067..36.067 rows=1 loops=1)
   ->  Nested Loop  (cost=875.97..3851.96 rows=1 width=84) (actual time=10.098..36.008 rows=114 loops=1)
         ->  Nested Loop  (cost=875.55..3851.51 rows=1 width=69) (actual time=10.088..35.631 rows=131 loops=1)
               ->  Nested Loop  (cost=875.12..3850.90 rows=1 width=77) (actual time=10.080..35.466 rows=44 loops=1)
                     ->  Nested Loop  (cost=874.70..3850.46 rows=1 width=62) (actual time=10.064..35.323 rows=44 loops=1)
                           ->  Nested Loop  (cost=874.27..3849.79 rows=1 width=70) (actual time=10.059..35.128 rows=19 loops=1)
                                 ->  Nested Loop  (cost=874.14..3849.63 rows=1 width=74) (actual time=9.217..35.083 rows=27 loops=1)
                                       Join Filter: (it2.id = mi_idx2.info_type_id)
                                       Rows Removed by Join Filter: 1170
                                       ->  Nested Loop  (cost=873.71..3841.45 rows=15 width=68) (actual time=5.875..32.562 rows=851 loops=1)
                                             ->  Index Scan using info_type_pkey on info_type it2  (cost=0.14..14.12 rows=1 width=4) (actual time=0.017..0.020 rows=1 loops=1)
                                                   Filter: ((info)::text = 'rating'::text)
                                                   Rows Removed by Filter: 112
                                             ->  Hash Join  (cost=873.57..3827.18 rows=15 width=64) (actual time=5.856..32.431 rows=851 loops=1)
                                                   Hash Cond: (t1.kind_id = kt1.id)
                                                   ->  Nested Loop  (cost=872.46..3825.83 rows=54 width=68) (actual time=5.817..32.215 rows=851 loops=1)
                                                         Join Filter: (ml.movie_id = t1.id)
                                                         ->  Nested Loop  (cost=872.03..3794.27 rows=54 width=43) (actual time=5.811..30.386 rows=851 loops=1)
                                                               ->  Hash Join  (cost=871.60..3239.76 rows=132 width=18) (actual time=5.774..20.168 rows=2064 loops=1)
                                                                     Hash Cond: (mi_idx1.info_type_id = it1.id)
                                                                     ->  Merge Join  (cost=869.17..3196.60 rows=14958 width=22) (actual time=5.746..19.492 rows=6192 loops=1)
                                                                           Merge Cond: (mi_idx1.movie_id = ml.movie_id)
                                                                           ->  Index Scan using movie_id_movie_info_idx on movie_info_idx mi_idx1  (cost=0.43..43820.38 rows=1380035 width=14) (actual time=0.008..8.274 rows=63901 loops=1)
                                                                           ->  Sort  (cost=868.72..881.22 rows=5000 width=8) (actual time=5.716..6.033 rows=6443 loops=1)
                                                                                 Sort Key: ml.movie_id
                                                                                 Sort Method: quicksort  Memory: 205kB
                                                                                 ->  Hash Join  (cost=1.29..561.53 rows=5000 width=8) (actual time=0.037..5.209 rows=2315 loops=1)
                                                                                       Hash Cond: (ml.link_type_id = lt.id)
                                                                                       ->  Seq Scan on movie_link ml  (cost=0.00..462.97 rows=29997 width=12) (actual time=0.004..2.813 rows=29997 loops=1)
                                                                                       ->  Hash  (cost=1.25..1.25 rows=3 width=4) (actual time=0.016..0.016 rows=2 loops=1)
                                                                                             Buckets: 1024  Batches: 1  Memory Usage: 9kB
                                                                                             ->  Seq Scan on link_type lt  (cost=0.00..1.25 rows=3 width=4) (actual time=0.011..0.014 rows=2 loops=1)
                                                                                                   Filter: ((link)::text = ANY ('{sequel,follows,"followed by"}'::text[]))
                                                                                                   Rows Removed by Filter: 16
                                                                     ->  Hash  (cost=2.41..2.41 rows=1 width=4) (actual time=0.013..0.013 rows=1 loops=1)
                                                                           Buckets: 1024  Batches: 1  Memory Usage: 9kB
                                                                           ->  Seq Scan on info_type it1  (cost=0.00..2.41 rows=1 width=4) (actual time=0.009..0.011 rows=1 loops=1)
                                                                                 Filter: ((info)::text = 'rating'::text)
                                                                                 Rows Removed by Filter: 112
                                                               ->  Index Scan using title_pkey on title t2  (cost=0.43..4.20 rows=1 width=25) (actual time=0.005..0.005 rows=0 loops=2064)
                                                                     Index Cond: (id = ml.linked_movie_id)
                                                                     Filter: ((production_year >= 2000) AND (production_year <= 2010))
                                                                     Rows Removed by Filter: 1
                                                         ->  Index Scan using title_pkey on title t1  (cost=0.43..0.57 rows=1 width=25) (actual time=0.002..0.002 rows=1 loops=851)
                                                               Index Cond: (id = mi_idx1.movie_id)
                                                   ->  Hash  (cost=1.09..1.09 rows=2 width=4) (actual time=0.017..0.017 rows=2 loops=1)
                                                         Buckets: 1024  Batches: 1  Memory Usage: 9kB
                                                         ->  Seq Scan on kind_type kt1  (cost=0.00..1.09 rows=2 width=4) (actual time=0.010..0.012 rows=2 loops=1)
                                                               Filter: ((kind)::text = ANY ('{"tv series",episode}'::text[]))
                                                               Rows Removed by Filter: 5
                                       ->  Index Scan using movie_id_movie_info_idx on movie_info_idx mi_idx2  (cost=0.43..0.53 rows=1 width=14) (actual time=0.002..0.003 rows=1 loops=851)
                                             Index Cond: (movie_id = t2.id)
                                             Filter: ((info)::text < '3.5'::text)
                                             Rows Removed by Filter: 2
                                 ->  Index Scan using kind_type_pkey on kind_type kt2  (cost=0.13..0.15 rows=1 width=4) (actual time=0.001..0.001 rows=1 loops=27)
                                       Index Cond: (id = t2.kind_id)
                                       Filter: ((kind)::text = ANY ('{"tv series",episode}'::text[]))
                                       Rows Removed by Filter: 0
                           ->  Index Scan using movie_id_movie_companies on movie_companies mc2  (cost=0.43..0.62 rows=5 width=8) (actual time=0.007..0.009 rows=2 loops=19)
                                 Index Cond: (movie_id = t2.id)
                     ->  Index Scan using company_name_pkey on company_name cn2  (cost=0.42..0.44 rows=1 width=23) (actual time=0.003..0.003 rows=1 loops=44)
                           Index Cond: (id = mc2.company_id)
               ->  Index Scan using movie_id_movie_companies on movie_companies mc1  (cost=0.43..0.56 rows=5 width=8) (actual time=0.002..0.003 rows=3 loops=44)
                     Index Cond: (movie_id = t1.id)
         ->  Index Scan using company_name_pkey on company_name cn1  (cost=0.42..0.45 rows=1 width=23) (actual time=0.003..0.003 rows=1 loops=131)
               Index Cond: (id = mc1.company_id)
               Filter: ((country_code)::text <> '[us]'::text)
               Rows Removed by Filter: 0
 Planning Time: 89.763 ms
 Execution Time: 36.360 ms
(70 rows)

SET
                                                                          QUERY PLAN                                                                          
--------------------------------------------------------------------------------------------------------------------------------------------------------------
 Aggregate  (cost=16579.47..16579.48 rows=1 width=32) (actual time=228.047..228.047 rows=1 loops=1)
   ->  Nested Loop  (cost=7.61..16579.31 rows=65 width=17) (actual time=6.855..227.983 rows=206 loops=1)
         Join Filter: (t.id = mi.movie_id)
         ->  Nested Loop  (cost=7.18..16269.29 rows=174 width=25) (actual time=5.082..129.587 rows=2235 loops=1)
               ->  Nested Loop  (cost=6.75..16055.56 rows=438 width=4) (actual time=3.582..59.843 rows=12951 loops=1)
                     ->  Seq Scan on keyword k  (cost=0.00..2626.12 rows=13 width=4) (actual time=1.197..22.074 rows=30 loops=1)
                           Filter: ((keyword)::text ~~ '%sequel%'::text)
                           Rows Removed by Filter: 134140
                     ->  Bitmap Heap Scan on movie_keyword mk  (cost=6.75..1030.04 rows=299 width=8) (actual time=0.101..1.210 rows=432 loops=30)
                           Recheck Cond: (keyword_id = k.id)
                           Heap Blocks: exact=6979
                           ->  Bitmap Index Scan on keyword_id_movie_keyword  (cost=0.00..6.67 rows=299 width=0) (actual time=0.061..0.061 rows=432 loops=30)
                                 Index Cond: (keyword_id = k.id)
               ->  Index Scan using title_pkey on title t  (cost=0.43..0.49 rows=1 width=21) (actual time=0.005..0.005 rows=0 loops=12951)
                     Index Cond: (id = mk.movie_id)
                     Filter: (production_year > 2005)
                     Rows Removed by Filter: 1
         ->  Index Scan using movie_id_movie_info on movie_info mi  (cost=0.43..1.77 rows=1 width=4) (actual time=0.041..0.044 rows=0 loops=2235)
               Index Cond: (movie_id = mk.movie_id)
               Filter: ((info)::text = ANY ('{Sweden,Norway,Germany,Denmark,Swedish,Denish,Norwegian,German}'::text[]))
               Rows Removed by Filter: 45
 Planning Time: 1.822 ms
 Execution Time: 228.138 ms
(23 rows)

SET
                                                                          QUERY PLAN                                                                          
--------------------------------------------------------------------------------------------------------------------------------------------------------------
 Aggregate  (cost=16369.03..16369.04 rows=1 width=32) (actual time=148.182..148.183 rows=1 loops=1)
   ->  Nested Loop  (cost=7.61..16369.03 rows=1 width=17) (actual time=11.062..148.169 rows=5 loops=1)
         Join Filter: (t.id = mi.movie_id)
         ->  Nested Loop  (cost=7.18..16269.29 rows=68 width=25) (actual time=5.477..126.954 rows=405 loops=1)
               ->  Nested Loop  (cost=6.75..16055.56 rows=438 width=4) (actual time=3.750..59.600 rows=12951 loops=1)
                     ->  Seq Scan on keyword k  (cost=0.00..2626.12 rows=13 width=4) (actual time=1.346..22.267 rows=30 loops=1)
                           Filter: ((keyword)::text ~~ '%sequel%'::text)
                           Rows Removed by Filter: 134140
                     ->  Bitmap Heap Scan on movie_keyword mk  (cost=6.75..1030.04 rows=299 width=8) (actual time=0.100..1.196 rows=432 loops=30)
                           Recheck Cond: (keyword_id = k.id)
                           Heap Blocks: exact=6979
                           ->  Bitmap Index Scan on keyword_id_movie_keyword  (cost=0.00..6.67 rows=299 width=0) (actual time=0.062..0.062 rows=432 loops=30)
                                 Index Cond: (keyword_id = k.id)
               ->  Index Scan using title_pkey on title t  (cost=0.43..0.49 rows=1 width=21) (actual time=0.005..0.005 rows=0 loops=12951)
                     Index Cond: (id = mk.movie_id)
                     Filter: (production_year > 2010)
                     Rows Removed by Filter: 1
         ->  Index Scan using movie_id_movie_info on movie_info mi  (cost=0.43..1.45 rows=1 width=4) (actual time=0.051..0.052 rows=0 loops=405)
               Index Cond: (movie_id = mk.movie_id)
               Filter: ((info)::text = 'Bulgaria'::text)
               Rows Removed by Filter: 63
 Planning Time: 1.960 ms
 Execution Time: 148.293 ms
(23 rows)

SET
                                                                          QUERY PLAN                                                                          
--------------------------------------------------------------------------------------------------------------------------------------------------------------
 Aggregate  (cost=16842.39..16842.40 rows=1 width=32) (actual time=390.911..390.911 rows=1 loops=1)
   ->  Nested Loop  (cost=7.61..16840.96 rows=570 width=17) (actual time=4.034..389.885 rows=7250 loops=1)
         Join Filter: (t.id = mi.movie_id)
         ->  Nested Loop  (cost=7.18..16269.29 rows=301 width=25) (actual time=3.772..121.007 rows=7874 loops=1)
               ->  Nested Loop  (cost=6.75..16055.56 rows=438 width=4) (actual time=3.748..56.240 rows=12951 loops=1)
                     ->  Seq Scan on keyword k  (cost=0.00..2626.12 rows=13 width=4) (actual time=1.349..22.079 rows=30 loops=1)
                           Filter: ((keyword)::text ~~ '%sequel%'::text)
                           Rows Removed by Filter: 134140
                     ->  Bitmap Heap Scan on movie_keyword mk  (cost=6.75..1030.04 rows=299 width=8) (actual time=0.102..1.084 rows=432 loops=30)
                           Recheck Cond: (keyword_id = k.id)
                           Heap Blocks: exact=6979
                           ->  Bitmap Index Scan on keyword_id_movie_keyword  (cost=0.00..6.67 rows=299 width=0) (actual time=0.062..0.062 rows=432 loops=30)
                                 Index Cond: (keyword_id = k.id)
               ->  Index Scan using title_pkey on title t  (cost=0.43..0.49 rows=1 width=21) (actual time=0.005..0.005 rows=1 loops=12951)
                     Index Cond: (id = mk.movie_id)
                     Filter: (production_year > 1990)
                     Rows Removed by Filter: 0
         ->  Index Scan using movie_id_movie_info on movie_info mi  (cost=0.43..1.87 rows=2 width=4) (actual time=0.029..0.034 rows=1 loops=7874)
               Index Cond: (movie_id = mk.movie_id)
               Filter: ((info)::text = ANY ('{Sweden,Norway,Germany,Denmark,Swedish,Denish,Norwegian,German,USA,American}'::text[]))
               Rows Removed by Filter: 35
 Planning Time: 2.046 ms
 Execution Time: 391.015 ms
(23 rows)

SET
                                                                                 QUERY PLAN                                                                                 
----------------------------------------------------------------------------------------------------------------------------------------------------------------------------
 Aggregate  (cost=16288.57..16288.58 rows=1 width=64) (actual time=160.100..160.100 rows=1 loops=1)
   ->  Nested Loop  (cost=7.61..16288.56 rows=2 width=23) (actual time=6.090..159.923 rows=740 loops=1)
         Join Filter: (mi_idx.movie_id = t.id)
         ->  Nested Loop  (cost=7.18..16286.56 rows=4 width=14) (actual time=3.800..118.469 rows=5820 loops=1)
               Join Filter: (mi_idx.info_type_id = it.id)
               Rows Removed by Join Filter: 2613
               ->  Seq Scan on info_type it  (cost=0.00..2.41 rows=1 width=4) (actual time=0.012..0.014 rows=1 loops=1)
                     Filter: ((info)::text = 'rating'::text)
                     Rows Removed by Filter: 112
               ->  Nested Loop  (cost=7.18..16278.01 rows=491 width=18) (actual time=3.786..117.335 rows=8433 loops=1)
                     ->  Nested Loop  (cost=6.75..16055.56 rows=438 width=4) (actual time=3.761..63.505 rows=12951 loops=1)
                           ->  Seq Scan on keyword k  (cost=0.00..2626.12 rows=13 width=4) (actual time=1.344..22.643 rows=30 loops=1)
                                 Filter: ((keyword)::text ~~ '%sequel%'::text)
                                 Rows Removed by Filter: 134140
                           ->  Bitmap Heap Scan on movie_keyword mk  (cost=6.75..1030.04 rows=299 width=8) (actual time=0.102..1.312 rows=432 loops=30)
                                 Recheck Cond: (keyword_id = k.id)
                                 Heap Blocks: exact=6979
                                 ->  Bitmap Index Scan on keyword_id_movie_keyword  (cost=0.00..6.67 rows=299 width=0) (actual time=0.063..0.063 rows=432 loops=30)
                                       Index Cond: (keyword_id = k.id)
                     ->  Index Scan using movie_id_movie_info_idx on movie_info_idx mi_idx  (cost=0.43..0.50 rows=1 width=14) (actual time=0.004..0.004 rows=1 loops=12951)
                           Index Cond: (movie_id = mk.movie_id)
                           Filter: ((info)::text > '5.0'::text)
                           Rows Removed by Filter: 1
         ->  Index Scan using title_pkey on title t  (cost=0.43..0.49 rows=1 width=21) (actual time=0.007..0.007 rows=0 loops=5820)
               Index Cond: (id = mk.movie_id)
               Filter: (production_year > 2005)
               Rows Removed by Filter: 1
 Planning Time: 2.392 ms
 Execution Time: 160.225 ms
(29 rows)

SET
                                                                                 QUERY PLAN                                                                                 
----------------------------------------------------------------------------------------------------------------------------------------------------------------------------
 Aggregate  (cost=16281.03..16281.04 rows=1 width=64) (actual time=92.127..92.127 rows=1 loops=1)
   ->  Nested Loop  (cost=7.61..16281.02 rows=1 width=23) (actual time=15.061..92.115 rows=6 loops=1)
         Join Filter: (mi_idx.movie_id = t.id)
         ->  Nested Loop  (cost=7.18..16280.52 rows=1 width=14) (actual time=13.203..91.930 rows=21 loops=1)
               Join Filter: (mi_idx.info_type_id = it.id)
               Rows Removed by Join Filter: 285
               ->  Seq Scan on info_type it  (cost=0.00..2.41 rows=1 width=4) (actual time=0.013..0.014 rows=1 loops=1)
                     Filter: ((info)::text = 'rating'::text)
                     Rows Removed by Filter: 112
               ->  Nested Loop  (cost=7.18..16278.01 rows=8 width=18) (actual time=4.114..91.877 rows=306 loops=1)
                     ->  Nested Loop  (cost=6.75..16055.56 rows=438 width=4) (actual time=3.731..51.033 rows=12951 loops=1)
                           ->  Seq Scan on keyword k  (cost=0.00..2626.12 rows=13 width=4) (actual time=1.340..20.675 rows=30 loops=1)
                                 Filter: ((keyword)::text ~~ '%sequel%'::text)
                                 Rows Removed by Filter: 134140
                           ->  Bitmap Heap Scan on movie_keyword mk  (cost=6.75..1030.04 rows=299 width=8) (actual time=0.095..0.968 rows=432 loops=30)
                                 Recheck Cond: (keyword_id = k.id)
                                 Heap Blocks: exact=6979
                                 ->  Bitmap Index Scan on keyword_id_movie_keyword  (cost=0.00..6.67 rows=299 width=0) (actual time=0.057..0.057 rows=432 loops=30)
                                       Index Cond: (keyword_id = k.id)
                     ->  Index Scan using movie_id_movie_info_idx on movie_info_idx mi_idx  (cost=0.43..0.50 rows=1 width=14) (actual time=0.003..0.003 rows=0 loops=12951)
                           Index Cond: (movie_id = mk.movie_id)
                           Filter: ((info)::text > '9.0'::text)
                           Rows Removed by Filter: 2
         ->  Index Scan using title_pkey on title t  (cost=0.43..0.49 rows=1 width=21) (actual time=0.008..0.008 rows=0 loops=21)
               Index Cond: (id = mk.movie_id)
               Filter: (production_year > 2010)
               Rows Removed by Filter: 1
 Planning Time: 2.165 ms
 Execution Time: 92.251 ms
(29 rows)

SET
                                                                                 QUERY PLAN                                                                                 
----------------------------------------------------------------------------------------------------------------------------------------------------------------------------
 Aggregate  (cost=16297.85..16297.86 rows=1 width=64) (actual time=131.958..131.958 rows=1 loops=1)
   ->  Nested Loop  (cost=7.61..16297.83 rows=5 width=23) (actual time=3.429..131.044 rows=4700 loops=1)
         Join Filter: (mi_idx.movie_id = t.id)
         ->  Nested Loop  (cost=7.18..16294.33 rows=7 width=14) (actual time=3.390..83.322 rows=8092 loops=1)
               Join Filter: (mi_idx.info_type_id = it.id)
               Rows Removed by Join Filter: 6507
               ->  Seq Scan on info_type it  (cost=0.00..2.41 rows=1 width=4) (actual time=0.023..0.024 rows=1 loops=1)
                     Filter: ((info)::text = 'rating'::text)
                     Rows Removed by Filter: 112
               ->  Nested Loop  (cost=7.18..16282.39 rows=762 width=18) (actual time=3.365..81.711 rows=14599 loops=1)
                     ->  Nested Loop  (cost=6.75..16055.56 rows=438 width=4) (actual time=3.345..44.031 rows=12951 loops=1)
                           ->  Seq Scan on keyword k  (cost=0.00..2626.12 rows=13 width=4) (actual time=1.136..22.556 rows=30 loops=1)
                                 Filter: ((keyword)::text ~~ '%sequel%'::text)
                                 Rows Removed by Filter: 134140
                           ->  Bitmap Heap Scan on movie_keyword mk  (cost=6.75..1030.04 rows=299 width=8) (actual time=0.094..0.666 rows=432 loops=30)
                                 Recheck Cond: (keyword_id = k.id)
                                 Heap Blocks: exact=6979
                                 ->  Bitmap Index Scan on keyword_id_movie_keyword  (cost=0.00..6.67 rows=299 width=0) (actual time=0.056..0.056 rows=432 loops=30)
                                       Index Cond: (keyword_id = k.id)
                     ->  Index Scan using movie_id_movie_info_idx on movie_info_idx mi_idx  (cost=0.43..0.50 rows=2 width=14) (actual time=0.002..0.003 rows=1 loops=12951)
                           Index Cond: (movie_id = mk.movie_id)
                           Filter: ((info)::text > '2.0'::text)
                           Rows Removed by Filter: 1
         ->  Index Scan using title_pkey on title t  (cost=0.43..0.49 rows=1 width=21) (actual time=0.006..0.006 rows=1 loops=8092)
               Index Cond: (id = mk.movie_id)
               Filter: (production_year > 1990)
               Rows Removed by Filter: 0
 Planning Time: 1.894 ms
 Execution Time: 132.077 ms
(29 rows)

SET
                                                                                QUERY PLAN                                                                                 
---------------------------------------------------------------------------------------------------------------------------------------------------------------------------
 Finalize Aggregate  (cost=38740.79..38740.80 rows=1 width=32) (actual time=135.434..135.434 rows=1 loops=1)
   ->  Gather  (cost=38740.58..38740.79 rows=2 width=32) (actual time=135.357..136.065 rows=3 loops=1)
         Workers Planned: 2
         Workers Launched: 2
         ->  Partial Aggregate  (cost=37740.58..37740.59 rows=1 width=32) (actual time=132.881..132.882 rows=1 loops=3)
               ->  Hash Join  (cost=5.47..37740.50 rows=31 width=17) (actual time=132.879..132.879 rows=0 loops=3)
                     Hash Cond: (mi.info_type_id = it.id)
                     ->  Nested Loop  (cost=1.93..37736.88 rows=31 width=21) (actual time=132.878..132.878 rows=0 loops=3)
                           ->  Nested Loop  (cost=1.49..37442.96 rows=122 width=25) (actual time=132.878..132.878 rows=0 loops=3)
                                 ->  Hash Join  (cost=1.06..35104.78 rows=308 width=4) (actual time=132.877..132.878 rows=0 loops=3)
                                       Hash Cond: (mc.company_type_id = ct.id)
                                       ->  Parallel Seq Scan on movie_companies mc  (cost=0.00..35097.06 rows=1231 width=8) (actual time=2.250..132.239 rows=8008 loops=3)
                                             Filter: (((note)::text ~~ '%(theatrical)%'::text) AND ((note)::text ~~ '%(France)%'::text))
                                             Rows Removed by Filter: 861701
                                       ->  Hash  (cost=1.05..1.05 rows=1 width=4) (actual time=0.019..0.019 rows=1 loops=3)
                                             Buckets: 1024  Batches: 1  Memory Usage: 9kB
                                             ->  Seq Scan on company_type ct  (cost=0.00..1.05 rows=1 width=4) (actual time=0.012..0.013 rows=1 loops=3)
                                                   Filter: ((kind)::text = 'production companies'::text)
                                                   Rows Removed by Filter: 3
                                 ->  Index Scan using title_pkey on title t  (cost=0.43..7.59 rows=1 width=21) (never executed)
                                       Index Cond: (id = mc.movie_id)
                                       Filter: (production_year > 2005)
                           ->  Index Scan using movie_id_movie_info on movie_info mi  (cost=0.43..2.40 rows=1 width=8) (never executed)
                                 Index Cond: (movie_id = t.id)
                                 Filter: ((info)::text = ANY ('{Sweden,Norway,Germany,Denmark,Swedish,Denish,Norwegian,German}'::text[]))
                     ->  Hash  (cost=2.13..2.13 rows=113 width=4) (never executed)
                           ->  Seq Scan on info_type it  (cost=0.00..2.13 rows=113 width=4) (never executed)
 Planning Time: 2.399 ms
 Execution Time: 136.231 ms
(29 rows)

SET
                                                                            QUERY PLAN                                                                            
------------------------------------------------------------------------------------------------------------------------------------------------------------------
 Aggregate  (cost=38870.51..38870.52 rows=1 width=32) (actual time=128.185..128.185 rows=1 loops=1)
   ->  Gather  (cost=1002.07..38870.50 rows=2 width=17) (actual time=128.182..128.843 rows=0 loops=1)
         Workers Planned: 2
         Workers Launched: 2
         ->  Nested Loop  (cost=2.07..37870.30 rows=1 width=17) (actual time=125.810..125.810 rows=0 loops=3)
               ->  Nested Loop  (cost=1.93..37870.14 rows=1 width=21) (actual time=125.810..125.810 rows=0 loops=3)
                     ->  Nested Loop  (cost=1.49..37866.79 rows=1 width=25) (actual time=125.810..125.810 rows=0 loops=3)
                           ->  Hash Join  (cost=1.06..37816.09 rows=6 width=4) (actual time=125.809..125.809 rows=0 loops=3)
                                 Hash Cond: (mc.company_type_id = ct.id)
                                 ->  Parallel Seq Scan on movie_companies mc  (cost=0.00..37814.90 rows=25 width=8) (actual time=1.388..125.694 rows=473 loops=3)
                                       Filter: (((note)::text ~~ '%(VHS)%'::text) AND ((note)::text ~~ '%(USA)%'::text) AND ((note)::text ~~ '%(1994)%'::text))
                                       Rows Removed by Filter: 869237
                                 ->  Hash  (cost=1.05..1.05 rows=1 width=4) (actual time=0.015..0.016 rows=1 loops=3)
                                       Buckets: 1024  Batches: 1  Memory Usage: 9kB
                                       ->  Seq Scan on company_type ct  (cost=0.00..1.05 rows=1 width=4) (actual time=0.010..0.011 rows=1 loops=3)
                                             Filter: ((kind)::text = 'production companies'::text)
                                             Rows Removed by Filter: 3
                           ->  Index Scan using title_pkey on title t  (cost=0.43..8.45 rows=1 width=21) (never executed)
                                 Index Cond: (id = mc.movie_id)
                                 Filter: (production_year > 2010)
                     ->  Index Scan using movie_id_movie_info on movie_info mi  (cost=0.43..3.33 rows=2 width=8) (never executed)
                           Index Cond: (movie_id = t.id)
                           Filter: ((info)::text = ANY ('{USA,America}'::text[]))
               ->  Index Only Scan using info_type_pkey on info_type it  (cost=0.14..0.16 rows=1 width=4) (never executed)
                     Index Cond: (id = mi.info_type_id)
                     Heap Fetches: 0
 Planning Time: 2.091 ms
 Execution Time: 128.960 ms
(28 rows)

SET
                                                                                 QUERY PLAN                                                                                  
-----------------------------------------------------------------------------------------------------------------------------------------------------------------------------
 Finalize Aggregate  (cost=88991.12..88991.13 rows=1 width=32) (actual time=188.480..188.480 rows=1 loops=1)
   ->  Gather  (cost=88990.90..88991.11 rows=2 width=32) (actual time=188.401..190.798 rows=3 loops=1)
         Workers Planned: 2
         Workers Launched: 2
         ->  Partial Aggregate  (cost=87990.90..87990.91 rows=1 width=32) (actual time=186.035..186.035 rows=1 loops=3)
               ->  Hash Join  (cost=5.47..87951.49 rows=15766 width=17) (actual time=118.574..185.985 rows=223 loops=3)
                     Hash Cond: (mi.info_type_id = it.id)
                     ->  Nested Loop  (cost=1.93..87905.00 rows=15766 width=21) (actual time=118.519..185.866 rows=223 loops=3)
                           ->  Nested Loop  (cost=1.49..61336.48 rows=12181 width=25) (actual time=118.444..166.023 rows=256 loops=3)
                                 ->  Hash Join  (cost=1.06..35481.01 rows=17705 width=4) (actual time=118.389..161.423 rows=266 loops=3)
                                       Hash Cond: (mc.company_type_id = ct.id)
                                       ->  Parallel Seq Scan on movie_companies mc  (cost=0.00..35097.06 rows=70822 width=8) (actual time=0.028..154.713 rows=98543 loops=3)
                                             Filter: (((note)::text !~~ '%(TV)%'::text) AND ((note)::text ~~ '%(USA)%'::text))
                                             Rows Removed by Filter: 771167
                                       ->  Hash  (cost=1.05..1.05 rows=1 width=4) (actual time=0.015..0.015 rows=1 loops=3)
                                             Buckets: 1024  Batches: 1  Memory Usage: 9kB
                                             ->  Seq Scan on company_type ct  (cost=0.00..1.05 rows=1 width=4) (actual time=0.009..0.010 rows=1 loops=3)
                                                   Filter: ((kind)::text = 'production companies'::text)
                                                   Rows Removed by Filter: 3
                                 ->  Index Scan using title_pkey on title t  (cost=0.43..1.46 rows=1 width=21) (actual time=0.017..0.017 rows=1 loops=798)
                                       Index Cond: (id = mc.movie_id)
                                       Filter: (production_year > 1990)
                                       Rows Removed by Filter: 0
                           ->  Index Scan using movie_id_movie_info on movie_info mi  (cost=0.43..2.16 rows=2 width=8) (actual time=0.069..0.077 rows=1 loops=767)
                                 Index Cond: (movie_id = t.id)
                                 Filter: ((info)::text = ANY ('{Sweden,Norway,Germany,Denmark,Swedish,Denish,Norwegian,German,USA,American}'::text[]))
                                 Rows Removed by Filter: 10
                     ->  Hash  (cost=2.13..2.13 rows=113 width=4) (actual time=0.036..0.037 rows=113 loops=3)
                           Buckets: 1024  Batches: 1  Memory Usage: 12kB
                           ->  Seq Scan on info_type it  (cost=0.00..2.13 rows=113 width=4) (actual time=0.010..0.019 rows=113 loops=3)
 Planning Time: 2.090 ms
 Execution Time: 190.936 ms
(32 rows)

SET
                                                                            QUERY PLAN                                                                            
------------------------------------------------------------------------------------------------------------------------------------------------------------------
 Aggregate  (cost=3848.64..3848.65 rows=1 width=96) (actual time=38.934..38.934 rows=1 loops=1)
   ->  Nested Loop  (cost=8.17..3848.63 rows=1 width=48) (actual time=4.842..38.921 rows=6 loops=1)
         ->  Nested Loop  (cost=7.74..3759.44 rows=195 width=37) (actual time=0.464..23.384 rows=1224 loops=1)
               Join Filter: (t.id = ci.movie_id)
               ->  Nested Loop  (cost=7.18..3749.50 rows=5 width=41) (actual time=0.439..15.804 rows=11 loops=1)
                     ->  Nested Loop  (cost=6.75..3732.91 rows=34 width=20) (actual time=0.419..15.532 rows=14 loops=1)
                           ->  Seq Scan on keyword k  (cost=0.00..2626.12 rows=1 width=20) (actual time=0.383..15.378 rows=1 loops=1)
                                 Filter: ((keyword)::text = 'marvel-cinematic-universe'::text)
                                 Rows Removed by Filter: 134169
                           ->  Bitmap Heap Scan on movie_keyword mk  (cost=6.75..1103.80 rows=299 width=8) (actual time=0.033..0.148 rows=14 loops=1)
                                 Recheck Cond: (keyword_id = k.id)
                                 Heap Blocks: exact=12
                                 ->  Bitmap Index Scan on keyword_id_movie_keyword  (cost=0.00..6.67 rows=299 width=0) (actual time=0.021..0.021 rows=14 loops=1)
                                       Index Cond: (keyword_id = k.id)
                     ->  Index Scan using title_pkey on title t  (cost=0.43..0.49 rows=1 width=21) (actual time=0.019..0.019 rows=1 loops=14)
                           Index Cond: (id = mk.movie_id)
                           Filter: (production_year > 2010)
                           Rows Removed by Filter: 0
               ->  Index Scan using movie_id_cast_info on cast_info ci  (cost=0.56..1.52 rows=37 width=8) (actual time=0.020..0.667 rows=111 loops=11)
                     Index Cond: (movie_id = mk.movie_id)
         ->  Index Scan using name_pkey on name n  (cost=0.43..0.46 rows=1 width=19) (actual time=0.012..0.012 rows=0 loops=1224)
               Index Cond: (id = ci.person_id)
               Filter: ((name)::text ~~ '%Downey%Robert%'::text)
               Rows Removed by Filter: 1
 Planning Time: 2.352 ms
 Execution Time: 39.065 ms
(26 rows)

SET
                                                                             QUERY PLAN                                                                             
--------------------------------------------------------------------------------------------------------------------------------------------------------------------
 Aggregate  (cost=12284.11..12284.12 rows=1 width=96) (actual time=297.896..297.897 rows=1 loops=1)
   ->  Nested Loop  (cost=8.17..12284.10 rows=1 width=48) (actual time=31.164..297.874 rows=12 loops=1)
         ->  Nested Loop  (cost=7.74..12283.65 rows=1 width=37) (actual time=9.487..295.469 rows=383 loops=1)
               Join Filter: (t.id = ci.movie_id)
               ->  Nested Loop  (cost=7.18..12281.66 rows=1 width=41) (actual time=9.473..294.100 rows=36 loops=1)
                     ->  Nested Loop  (cost=6.75..12149.91 rows=270 width=20) (actual time=0.711..130.915 rows=35548 loops=1)
                           ->  Seq Scan on keyword k  (cost=0.00..3632.40 rows=8 width=20) (actual time=0.106..30.164 rows=8 loops=1)
                                 Filter: ((keyword)::text = ANY ('{superhero,sequel,second-part,marvel-comics,based-on-comic,tv-special,fight,violence}'::text[]))
                                 Rows Removed by Filter: 134162
                           ->  Bitmap Heap Scan on movie_keyword mk  (cost=6.75..1061.70 rows=299 width=8) (actual time=1.142..12.076 rows=4444 loops=8)
                                 Recheck Cond: (keyword_id = k.id)
                                 Heap Blocks: exact=23488
                                 ->  Bitmap Index Scan on keyword_id_movie_keyword  (cost=0.00..6.67 rows=299 width=0) (actual time=0.657..0.657 rows=4444 loops=8)
                                       Index Cond: (keyword_id = k.id)
                     ->  Index Scan using title_pkey on title t  (cost=0.43..0.49 rows=1 width=21) (actual time=0.004..0.004 rows=0 loops=35548)
                           Index Cond: (id = mk.movie_id)
                           Filter: (production_year > 2014)
                           Rows Removed by Filter: 1
               ->  Index Scan using movie_id_cast_info on cast_info ci  (cost=0.56..1.52 rows=37 width=8) (actual time=0.013..0.036 rows=11 loops=36)
                     Index Cond: (movie_id = mk.movie_id)
         ->  Index Scan using name_pkey on name n  (cost=0.43..0.46 rows=1 width=19) (actual time=0.006..0.006 rows=0 loops=383)
               Index Cond: (id = ci.person_id)
               Filter: ((name)::text ~~ '%Downey%Robert%'::text)
               Rows Removed by Filter: 1
 Planning Time: 2.113 ms
 Execution Time: 298.019 ms
(26 rows)

SET
                                                                            QUERY PLAN                                                                            
------------------------------------------------------------------------------------------------------------------------------------------------------------------
 Aggregate  (cost=3751.96..3751.97 rows=1 width=96) (actual time=11.753..11.753 rows=1 loops=1)
   ->  Nested Loop  (cost=8.17..3751.95 rows=1 width=48) (actual time=0.867..11.743 rows=2 loops=1)
         ->  Nested Loop  (cost=7.74..3751.49 rows=1 width=37) (actual time=0.494..11.523 rows=33 loops=1)
               Join Filter: (t.id = ci.movie_id)
               ->  Nested Loop  (cost=7.18..3749.51 rows=1 width=41) (actual time=0.465..11.377 rows=2 loops=1)
                     ->  Nested Loop  (cost=6.75..3732.91 rows=34 width=20) (actual time=0.408..11.113 rows=14 loops=1)
                           ->  Seq Scan on keyword k  (cost=0.00..2626.12 rows=1 width=20) (actual time=0.382..11.005 rows=1 loops=1)
                                 Filter: ((keyword)::text = 'marvel-cinematic-universe'::text)
                                 Rows Removed by Filter: 134169
                           ->  Bitmap Heap Scan on movie_keyword mk  (cost=6.75..1103.80 rows=299 width=8) (actual time=0.022..0.102 rows=14 loops=1)
                                 Recheck Cond: (keyword_id = k.id)
                                 Heap Blocks: exact=12
                                 ->  Bitmap Index Scan on keyword_id_movie_keyword  (cost=0.00..6.67 rows=299 width=0) (actual time=0.016..0.016 rows=14 loops=1)
                                       Index Cond: (keyword_id = k.id)
                     ->  Index Scan using title_pkey on title t  (cost=0.43..0.49 rows=1 width=21) (actual time=0.018..0.018 rows=0 loops=14)
                           Index Cond: (id = mk.movie_id)
                           Filter: (production_year > 2014)
                           Rows Removed by Filter: 1
               ->  Index Scan using movie_id_cast_info on cast_info ci  (cost=0.56..1.52 rows=37 width=8) (actual time=0.025..0.069 rows=16 loops=2)
                     Index Cond: (movie_id = mk.movie_id)
         ->  Index Scan using name_pkey on name n  (cost=0.43..0.46 rows=1 width=19) (actual time=0.006..0.006 rows=0 loops=33)
               Index Cond: (id = ci.person_id)
               Filter: ((name)::text ~~ '%Downey%Robert%'::text)
               Rows Removed by Filter: 1
 Planning Time: 2.512 ms
 Execution Time: 11.882 ms
(26 rows)

SET
                                                                             QUERY PLAN                                                                             
--------------------------------------------------------------------------------------------------------------------------------------------------------------------
 Aggregate  (cost=15053.68..15053.69 rows=1 width=96) (actual time=6883.247..6883.247 rows=1 loops=1)
   ->  Nested Loop  (cost=8.17..15053.68 rows=1 width=48) (actual time=191.521..6883.119 rows=88 loops=1)
         ->  Nested Loop  (cost=7.74..12573.66 rows=5422 width=37) (actual time=0.714..2578.795 rows=785477 loops=1)
               Join Filter: (t.id = ci.movie_id)
               ->  Nested Loop  (cost=7.18..12281.66 rows=147 width=41) (actual time=0.691..336.760 rows=14165 loops=1)
                     ->  Nested Loop  (cost=6.75..12149.91 rows=270 width=20) (actual time=0.664..139.677 rows=35548 loops=1)
                           ->  Seq Scan on keyword k  (cost=0.00..3632.40 rows=8 width=20) (actual time=0.098..29.977 rows=8 loops=1)
                                 Filter: ((keyword)::text = ANY ('{superhero,sequel,second-part,marvel-comics,based-on-comic,tv-special,fight,violence}'::text[]))
                                 Rows Removed by Filter: 134162
                           ->  Bitmap Heap Scan on movie_keyword mk  (cost=6.75..1061.70 rows=299 width=8) (actual time=1.142..13.001 rows=4444 loops=8)
                                 Recheck Cond: (keyword_id = k.id)
                                 Heap Blocks: exact=23488
                                 ->  Bitmap Index Scan on keyword_id_movie_keyword  (cost=0.00..6.67 rows=299 width=0) (actual time=0.653..0.653 rows=4444 loops=8)
                                       Index Cond: (keyword_id = k.id)
                     ->  Index Scan using title_pkey on title t  (cost=0.43..0.49 rows=1 width=21) (actual time=0.005..0.005 rows=0 loops=35548)
                           Index Cond: (id = mk.movie_id)
                           Filter: (production_year > 2000)
                           Rows Removed by Filter: 1
               ->  Index Scan using movie_id_cast_info on cast_info ci  (cost=0.56..1.52 rows=37 width=8) (actual time=0.008..0.148 rows=55 loops=14165)
                     Index Cond: (movie_id = mk.movie_id)
         ->  Index Scan using name_pkey on name n  (cost=0.43..0.46 rows=1 width=19) (actual time=0.005..0.005 rows=0 loops=785477)
               Index Cond: (id = ci.person_id)
               Filter: ((name)::text ~~ '%Downey%Robert%'::text)
               Rows Removed by Filter: 1
 Planning Time: 2.041 ms
 Execution Time: 6883.364 ms
(26 rows)

SET
                                                                            QUERY PLAN                                                                            
------------------------------------------------------------------------------------------------------------------------------------------------------------------
 Aggregate  (cost=4095.38..4095.39 rows=1 width=96) (actual time=25.476..25.476 rows=1 loops=1)
   ->  Nested Loop  (cost=8.17..4095.38 rows=1 width=48) (actual time=4.216..25.462 rows=6 loops=1)
         ->  Nested Loop  (cost=7.74..3785.26 rows=678 width=37) (actual time=0.477..15.422 rows=1224 loops=1)
               Join Filter: (t.id = ci.movie_id)
               ->  Nested Loop  (cost=7.18..3749.50 rows=18 width=41) (actual time=0.444..10.681 rows=11 loops=1)
                     ->  Nested Loop  (cost=6.75..3732.91 rows=34 width=20) (actual time=0.420..10.454 rows=14 loops=1)
                           ->  Seq Scan on keyword k  (cost=0.00..2626.12 rows=1 width=20) (actual time=0.383..10.339 rows=1 loops=1)
                                 Filter: ((keyword)::text = 'marvel-cinematic-universe'::text)
                                 Rows Removed by Filter: 134169
                           ->  Bitmap Heap Scan on movie_keyword mk  (cost=6.75..1103.80 rows=299 width=8) (actual time=0.035..0.109 rows=14 loops=1)
                                 Recheck Cond: (keyword_id = k.id)
                                 Heap Blocks: exact=12
                                 ->  Bitmap Index Scan on keyword_id_movie_keyword  (cost=0.00..6.67 rows=299 width=0) (actual time=0.021..0.021 rows=14 loops=1)
                                       Index Cond: (keyword_id = k.id)
                     ->  Index Scan using title_pkey on title t  (cost=0.43..0.49 rows=1 width=21) (actual time=0.016..0.016 rows=1 loops=14)
                           Index Cond: (id = mk.movie_id)
                           Filter: (production_year > 2000)
                           Rows Removed by Filter: 0
               ->  Index Scan using movie_id_cast_info on cast_info ci  (cost=0.56..1.52 rows=37 width=8) (actual time=0.017..0.412 rows=111 loops=11)
                     Index Cond: (movie_id = mk.movie_id)
         ->  Index Scan using name_pkey on name n  (cost=0.43..0.46 rows=1 width=19) (actual time=0.008..0.008 rows=0 loops=1224)
               Index Cond: (id = ci.person_id)
               Filter: ((name)::text ~~ '%Downey%Robert%'::text)
               Rows Removed by Filter: 1
 Planning Time: 2.544 ms
 Execution Time: 25.604 ms
(26 rows)

SET
                                                                             QUERY PLAN                                                                             
--------------------------------------------------------------------------------------------------------------------------------------------------------------------
 Aggregate  (cost=15080.79..15080.80 rows=1 width=96) (actual time=6947.163..6947.163 rows=1 loops=1)
   ->  Nested Loop  (cost=8.17..15040.12 rows=5422 width=48) (actual time=0.767..6771.469 rows=785477 loops=1)
         ->  Nested Loop  (cost=7.74..12573.66 rows=5422 width=37) (actual time=0.736..2590.446 rows=785477 loops=1)
               Join Filter: (t.id = ci.movie_id)
               ->  Nested Loop  (cost=7.18..12281.66 rows=147 width=41) (actual time=0.714..336.135 rows=14165 loops=1)
                     ->  Nested Loop  (cost=6.75..12149.91 rows=270 width=20) (actual time=0.689..139.113 rows=35548 loops=1)
                           ->  Seq Scan on keyword k  (cost=0.00..3632.40 rows=8 width=20) (actual time=0.103..29.809 rows=8 loops=1)
                                 Filter: ((keyword)::text = ANY ('{superhero,sequel,second-part,marvel-comics,based-on-comic,tv-special,fight,violence}'::text[]))
                                 Rows Removed by Filter: 134162
                           ->  Bitmap Heap Scan on movie_keyword mk  (cost=6.75..1061.70 rows=299 width=8) (actual time=1.142..12.948 rows=4444 loops=8)
                                 Recheck Cond: (keyword_id = k.id)
                                 Heap Blocks: exact=23488
                                 ->  Bitmap Index Scan on keyword_id_movie_keyword  (cost=0.00..6.67 rows=299 width=0) (actual time=0.655..0.655 rows=4444 loops=8)
                                       Index Cond: (keyword_id = k.id)
                     ->  Index Scan using title_pkey on title t  (cost=0.43..0.49 rows=1 width=21) (actual time=0.005..0.005 rows=0 loops=35548)
                           Index Cond: (id = mk.movie_id)
                           Filter: (production_year > 2000)
                           Rows Removed by Filter: 1
               ->  Index Scan using movie_id_cast_info on cast_info ci  (cost=0.56..1.52 rows=37 width=8) (actual time=0.008..0.149 rows=55 loops=14165)
                     Index Cond: (movie_id = mk.movie_id)
         ->  Index Scan using name_pkey on name n  (cost=0.43..0.45 rows=1 width=19) (actual time=0.005..0.005 rows=1 loops=785477)
               Index Cond: (id = ci.person_id)
 Planning Time: 2.070 ms
 Execution Time: 6947.281 ms
(24 rows)

SET
                                                                                                          QUERY PLAN                                                                                                           
-------------------------------------------------------------------------------------------------------------------------------------------------------------------------------------------------------------------------------
 Aggregate  (cost=13450.44..13450.45 rows=1 width=64) (actual time=1021.003..1021.004 rows=1 loops=1)
   ->  Nested Loop  (cost=41.24..13450.44 rows=1 width=32) (actual time=59.483..1020.971 rows=32 loops=1)
         ->  Nested Loop  (cost=41.10..13449.36 rows=1 width=36) (actual time=59.463..1020.875 rows=32 loops=1)
               Join Filter: (n.id = an.person_id)
               ->  Nested Loop  (cost=40.67..13448.87 rows=1 width=48) (actual time=59.439..1020.660 rows=14 loops=1)
                     Join Filter: (n.id = pi.person_id)
                     ->  Nested Loop  (cost=40.24..12494.38 rows=985 width=40) (actual time=0.411..870.391 rows=17559 loops=1)
                           ->  Nested Loop  (cost=39.81..8533.64 rows=8474 width=21) (actual time=0.383..307.484 rows=105262 loops=1)
                                 ->  Nested Loop  (cost=39.25..7243.89 rows=229 width=25) (actual time=0.348..38.957 rows=1467 loops=1)
                                       ->  Nested Loop  (cost=38.82..245.23 rows=1666 width=4) (actual time=0.317..2.605 rows=5186 loops=1)
                                             ->  Seq Scan on link_type lt  (cost=0.00..1.23 rows=1 width=4) (actual time=0.016..0.019 rows=1 loops=1)
                                                   Filter: ((link)::text = 'features'::text)
                                                   Rows Removed by Filter: 17
                                             ->  Bitmap Heap Scan on movie_link ml  (cost=38.82..225.26 rows=1875 width=8) (actual time=0.298..1.610 rows=5186 loops=1)
                                                   Recheck Cond: (link_type_id = lt.id)
                                                   Heap Blocks: exact=132
                                                   ->  Bitmap Index Scan on link_type_id_movie_link  (cost=0.00..38.35 rows=1875 width=0) (actual time=0.270..0.270 rows=5186 loops=1)
                                                         Index Cond: (link_type_id = lt.id)
                                       ->  Index Scan using title_pkey on title t  (cost=0.43..4.20 rows=1 width=21) (actual time=0.007..0.007 rows=0 loops=5186)
                                             Index Cond: (id = ml.linked_movie_id)
                                             Filter: ((production_year >= 1980) AND (production_year <= 1995))
                                             Rows Removed by Filter: 1
                                 ->  Index Scan using movie_id_cast_info on cast_info ci  (cost=0.56..5.26 rows=37 width=8) (actual time=0.010..0.174 rows=72 loops=1467)
                                       Index Cond: (movie_id = t.id)
                           ->  Index Scan using name_pkey on name n  (cost=0.43..0.47 rows=1 width=19) (actual time=0.005..0.005 rows=0 loops=105262)
                                 Index Cond: (id = ci.person_id)
                                 Filter: (((name_pcode_cf)::text >= 'A'::text) AND ((name_pcode_cf)::text <= 'F'::text) AND (((gender)::text = 'm'::text) OR (((gender)::text = 'f'::text) AND ((name)::text ~~ 'B%'::text))))
                                 Rows Removed by Filter: 1
                     ->  Index Scan using person_id_person_info on person_info pi  (cost=0.43..0.96 rows=1 width=8) (actual time=0.008..0.008 rows=0 loops=17559)
                           Index Cond: (person_id = ci.person_id)
                           Filter: ((note)::text = 'Volker Boehm'::text)
                           Rows Removed by Filter: 20
               ->  Index Scan using person_id_aka_name on aka_name an  (cost=0.42..0.47 rows=2 width=4) (actual time=0.011..0.014 rows=2 loops=14)
                     Index Cond: (person_id = ci.person_id)
                     Filter: ((name)::text ~~ '%a%'::text)
                     Rows Removed by Filter: 1
         ->  Index Scan using info_type_pkey on info_type it  (cost=0.14..0.61 rows=1 width=4) (actual time=0.002..0.002 rows=1 loops=32)
               Index Cond: (id = pi.info_type_id)
               Filter: ((info)::text = 'mini biography'::text)
 Planning Time: 7.483 ms
 Execution Time: 1021.189 ms
(41 rows)

SET
                                                                                      QUERY PLAN                                                                                       
---------------------------------------------------------------------------------------------------------------------------------------------------------------------------------------
 Aggregate  (cost=9049.69..9049.70 rows=1 width=64) (actual time=286.133..286.134 rows=1 loops=1)
   ->  Nested Loop  (cost=41.24..9049.68 rows=1 width=32) (actual time=12.823..286.113 rows=16 loops=1)
         ->  Nested Loop  (cost=41.10..9048.61 rows=1 width=36) (actual time=12.807..286.062 rows=16 loops=1)
               Join Filter: (n.id = an.person_id)
               ->  Nested Loop  (cost=40.67..9048.12 rows=1 width=48) (actual time=12.790..285.979 rows=8 loops=1)
                     Join Filter: (n.id = pi.person_id)
                     ->  Nested Loop  (cost=40.24..9005.48 rows=44 width=40) (actual time=0.600..277.532 rows=1076 loops=1)
                           ->  Nested Loop  (cost=39.81..8134.43 rows=1894 width=21) (actual time=0.375..112.946 rows=33415 loops=1)
                                 ->  Nested Loop  (cost=39.25..7243.89 rows=51 width=25) (actual time=0.346..36.075 rows=435 loops=1)
                                       ->  Nested Loop  (cost=38.82..245.23 rows=1666 width=4) (actual time=0.316..2.264 rows=5186 loops=1)
                                             ->  Seq Scan on link_type lt  (cost=0.00..1.23 rows=1 width=4) (actual time=0.015..0.019 rows=1 loops=1)
                                                   Filter: ((link)::text = 'features'::text)
                                                   Rows Removed by Filter: 17
                                             ->  Bitmap Heap Scan on movie_link ml  (cost=38.82..225.26 rows=1875 width=8) (actual time=0.299..1.493 rows=5186 loops=1)
                                                   Recheck Cond: (link_type_id = lt.id)
                                                   Heap Blocks: exact=132
                                                   ->  Bitmap Index Scan on link_type_id_movie_link  (cost=0.00..38.35 rows=1875 width=0) (actual time=0.271..0.271 rows=5186 loops=1)
                                                         Index Cond: (link_type_id = lt.id)
                                       ->  Index Scan using title_pkey on title t  (cost=0.43..4.20 rows=1 width=21) (actual time=0.006..0.006 rows=0 loops=5186)
                                             Index Cond: (id = ml.linked_movie_id)
                                             Filter: ((production_year >= 1980) AND (production_year <= 1984))
                                             Rows Removed by Filter: 1
                                 ->  Index Scan using movie_id_cast_info on cast_info ci  (cost=0.56..17.09 rows=37 width=8) (actual time=0.010..0.167 rows=77 loops=435)
                                       Index Cond: (movie_id = t.id)
                           ->  Index Scan using name_pkey on name n  (cost=0.43..0.46 rows=1 width=19) (actual time=0.005..0.005 rows=0 loops=33415)
                                 Index Cond: (id = ci.person_id)
                                 Filter: (((name_pcode_cf)::text ~~ 'D%'::text) AND ((gender)::text = 'm'::text))
                                 Rows Removed by Filter: 1
                     ->  Index Scan using person_id_person_info on person_info pi  (cost=0.43..0.96 rows=1 width=8) (actual time=0.007..0.008 rows=0 loops=1076)
                           Index Cond: (person_id = ci.person_id)
                           Filter: ((note)::text = 'Volker Boehm'::text)
                           Rows Removed by Filter: 16
               ->  Index Scan using person_id_aka_name on aka_name an  (cost=0.42..0.47 rows=2 width=4) (actual time=0.007..0.009 rows=2 loops=8)
                     Index Cond: (person_id = ci.person_id)
                     Filter: ((name)::text ~~ '%a%'::text)
                     Rows Removed by Filter: 1
         ->  Index Scan using info_type_pkey on info_type it  (cost=0.14..0.61 rows=1 width=4) (actual time=0.002..0.002 rows=1 loops=16)
               Index Cond: (id = pi.info_type_id)
               Filter: ((info)::text = 'mini biography'::text)
 Planning Time: 7.419 ms
 Execution Time: 286.314 ms
(41 rows)

SET
                                                                                                             QUERY PLAN                                                                                                              
-------------------------------------------------------------------------------------------------------------------------------------------------------------------------------------------------------------------------------------
 Aggregate  (cost=58025.67..58025.68 rows=1 width=64) (actual time=3317.271..3317.271 rows=1 loops=1)
   ->  Nested Loop  (cost=2495.15..58025.64 rows=6 width=111) (actual time=20.176..3074.508 rows=68185 loops=1)
         ->  Hash Join  (cost=2494.72..58021.06 rows=10 width=119) (actual time=20.142..2823.033 rows=109842 loops=1)
               Hash Cond: (ml.link_type_id = lt.id)
               ->  Nested Loop  (cost=2493.40..58019.61 rows=44 width=123) (actual time=20.096..2799.533 rows=127027 loops=1)
                     ->  Nested Loop  (cost=2493.11..57531.16 rows=1426 width=115) (actual time=20.061..1169.582 rows=1618304 loops=1)
                           ->  Nested Loop  (cost=2492.55..57287.95 rows=14 width=123) (actual time=20.035..660.307 rows=12595 loops=1)
                                 ->  Nested Loop  (cost=2492.12..56107.25 rows=1430 width=104) (actual time=19.928..412.843 rows=72979 loops=1)
                                       ->  Nested Loop  (cost=2491.69..55264.82 rows=717 width=100) (actual time=19.874..189.076 rows=84183 loops=1)
                                             ->  Seq Scan on info_type it  (cost=0.00..2.41 rows=1 width=4) (actual time=0.012..0.020 rows=1 loops=1)
                                                   Filter: ((info)::text = 'mini biography'::text)
                                                   Rows Removed by Filter: 112
                                             ->  Bitmap Heap Scan on person_info pi  (cost=2491.69..55225.59 rows=3682 width=104) (actual time=19.859..180.581 rows=84183 loops=1)
                                                   Recheck Cond: (info_type_id = it.id)
                                                   Filter: (note IS NOT NULL)
                                                   Rows Removed by Filter: 1
                                                   Heap Blocks: exact=40537
                                                   ->  Bitmap Index Scan on info_type_id_person_info  (cost=0.00..2490.77 rows=134712 width=0) (actual time=11.541..11.541 rows=84184 loops=1)
                                                         Index Cond: (info_type_id = it.id)
                                       ->  Index Scan using person_id_aka_name on aka_name an  (cost=0.42..1.15 rows=2 width=4) (actual time=0.002..0.002 rows=1 loops=84183)
                                             Index Cond: (person_id = pi.person_id)
                                             Filter: ((name IS NOT NULL) AND (((name)::text ~~ '%a%'::text) OR ((name)::text ~~ 'A%'::text)))
                                             Rows Removed by Filter: 0
                                 ->  Index Scan using name_pkey on name n  (cost=0.43..0.83 rows=1 width=19) (actual time=0.003..0.003 rows=0 loops=72979)
                                       Index Cond: (id = an.person_id)
                                       Filter: (((name_pcode_cf)::text >= 'A'::text) AND ((name_pcode_cf)::text <= 'F'::text) AND (((gender)::text = 'm'::text) OR (((gender)::text = 'f'::text) AND ((name)::text ~~ 'A%'::text))))
                                       Rows Removed by Filter: 1
                           ->  Index Scan using person_id_cast_info on cast_info ci  (cost=0.56..12.33 rows=504 width=8) (actual time=0.006..0.027 rows=128 loops=12595)
                                 Index Cond: (person_id = n.id)
                     ->  Index Scan using linked_movie_id_movie_link on movie_link ml  (cost=0.29..0.32 rows=2 width=8) (actual time=0.001..0.001 rows=0 loops=1618304)
                           Index Cond: (linked_movie_id = ci.movie_id)
               ->  Hash  (cost=1.27..1.27 rows=4 width=4) (actual time=0.019..0.020 rows=4 loops=1)
                     Buckets: 1024  Batches: 1  Memory Usage: 9kB
                     ->  Seq Scan on link_type lt  (cost=0.00..1.27 rows=4 width=4) (actual time=0.011..0.014 rows=4 loops=1)
                           Filter: ((link)::text = ANY ('{references,"referenced in",features,"featured in"}'::text[]))
                           Rows Removed by Filter: 14
         ->  Index Scan using title_pkey on title t  (cost=0.43..0.46 rows=1 width=4) (actual time=0.002..0.002 rows=1 loops=109842)
               Index Cond: (id = ci.movie_id)
               Filter: ((production_year >= 1980) AND (production_year <= 2010))
               Rows Removed by Filter: 0
 Planning Time: 7.563 ms
 Execution Time: 3317.685 ms
(42 rows)

SET
                                                                                    QUERY PLAN                                                                                     
-----------------------------------------------------------------------------------------------------------------------------------------------------------------------------------
 Aggregate  (cost=42962.65..42962.66 rows=1 width=64) (actual time=1450.122..1450.122 rows=1 loops=1)
   ->  Gather  (cost=5775.17..42962.64 rows=1 width=33) (actual time=177.770..1454.467 rows=62 loops=1)
         Workers Planned: 2
         Workers Launched: 2
         ->  Nested Loop  (cost=4775.17..41962.54 rows=1 width=33) (actual time=140.219..1447.398 rows=21 loops=3)
               ->  Nested Loop  (cost=4774.74..41958.79 rows=5 width=41) (actual time=16.803..1432.357 rows=5793 loops=3)
                     ->  Hash Join  (cost=4774.31..41956.44 rows=2 width=21) (actual time=16.769..1419.802 rows=2479 loops=3)
                           Hash Cond: (ci.role_id = rt.id)
                           ->  Nested Loop  (cost=4773.15..41955.18 rows=27 width=25) (actual time=16.669..1418.800 rows=6533 loops=3)
                                 ->  Nested Loop  (cost=4772.59..41333.61 rows=332 width=25) (actual time=16.444..240.982 rows=16109 loops=3)
                                       ->  Parallel Hash Join  (cost=4772.16..39899.83 rows=332 width=4) (actual time=16.397..155.875 rows=16109 loops=3)
                                             Hash Cond: (mc.company_id = cn.id)
                                             ->  Parallel Seq Scan on movie_companies mc  (cost=0.00..35097.06 rows=11664 width=8) (actual time=0.053..133.703 rows=16299 loops=3)
                                                   Filter: (((note)::text ~~ '%(Japan)%'::text) AND ((note)::text !~~ '%(USA)%'::text))
                                                   Rows Removed by Filter: 853411
                                             ->  Parallel Hash  (cost=4722.92..4722.92 rows=3939 width=4) (actual time=16.169..16.169 rows=2251 loops=3)
                                                   Buckets: 8192  Batches: 1  Memory Usage: 384kB
                                                   ->  Parallel Seq Scan on company_name cn  (cost=0.00..4722.92 rows=3939 width=4) (actual time=0.019..15.511 rows=2251 loops=3)
                                                         Filter: ((country_code)::text = '[jp]'::text)
                                                         Rows Removed by Filter: 76082
                                       ->  Index Scan using title_pkey on title t  (cost=0.43..4.32 rows=1 width=21) (actual time=0.005..0.005 rows=1 loops=48328)
                                             Index Cond: (id = mc.movie_id)
                                 ->  Index Scan using movie_id_cast_info on cast_info ci  (cost=0.56..1.86 rows=1 width=12) (actual time=0.070..0.073 rows=0 loops=48328)
                                       Index Cond: (movie_id = t.id)
                                       Filter: ((note)::text = '(voice: English version)'::text)
                                       Rows Removed by Filter: 32
                           ->  Hash  (cost=1.15..1.15 rows=1 width=4) (actual time=0.020..0.020 rows=1 loops=3)
                                 Buckets: 1024  Batches: 1  Memory Usage: 9kB
                                 ->  Seq Scan on role_type rt  (cost=0.00..1.15 rows=1 width=4) (actual time=0.015..0.016 rows=1 loops=3)
                                       Filter: ((role)::text = 'actress'::text)
                                       Rows Removed by Filter: 11
                     ->  Index Scan using person_id_aka_name on aka_name an1  (cost=0.42..1.16 rows=2 width=20) (actual time=0.004..0.005 rows=2 loops=7438)
                           Index Cond: (person_id = ci.person_id)
               ->  Index Scan using name_pkey on name n1  (cost=0.43..0.75 rows=1 width=4) (actual time=0.002..0.002 rows=0 loops=17379)
                     Index Cond: (id = an1.person_id)
                     Filter: (((name)::text ~~ '%Yo%'::text) AND ((name)::text !~~ '%Yu%'::text))
                     Rows Removed by Filter: 1
 Planning Time: 4.829 ms
 Execution Time: 1454.685 ms
(39 rows)

SET
                                                                                                      QUERY PLAN                                                                                                       
-----------------------------------------------------------------------------------------------------------------------------------------------------------------------------------------------------------------------
 Aggregate  (cost=44409.00..44409.01 rows=1 width=64) (actual time=171.045..171.045 rows=1 loops=1)
   ->  Nested Loop  (cost=1002.40..44409.00 rows=1 width=33) (actual time=100.727..171.032 rows=6 loops=1)
         ->  Nested Loop  (cost=1002.27..44408.82 rows=1 width=37) (actual time=100.700..170.998 rows=6 loops=1)
               ->  Nested Loop  (cost=1001.84..44408.07 rows=1 width=45) (actual time=99.974..170.080 rows=171 loops=1)
                     ->  Nested Loop  (cost=1001.42..44406.90 rows=1 width=25) (actual time=99.950..169.130 rows=104 loops=1)
                           Join Filter: (t.id = ci.movie_id)
                           ->  Gather  (cost=1000.85..44264.09 rows=1 width=25) (actual time=99.698..171.097 rows=4 loops=1)
                                 Workers Planned: 2
                                 Workers Launched: 2
                                 ->  Nested Loop  (cost=0.85..43263.99 rows=1 width=25) (actual time=111.494..167.638 rows=1 loops=3)
                                       ->  Nested Loop  (cost=0.42..43166.10 rows=12 width=4) (actual time=0.089..139.026 rows=2832 loops=3)
                                             ->  Parallel Seq Scan on movie_companies mc  (cost=0.00..40532.74 rows=434 width=8) (actual time=0.056..129.415 rows=2856 loops=3)
                                                   Filter: (((note)::text ~~ '%(Japan)%'::text) AND ((note)::text !~~ '%(USA)%'::text) AND (((note)::text ~~ '%(2006)%'::text) OR ((note)::text ~~ '%(2007)%'::text)))
                                                   Rows Removed by Filter: 866853
                                             ->  Index Scan using company_name_pkey on company_name cn  (cost=0.42..6.07 rows=1 width=4) (actual time=0.003..0.003 rows=1 loops=8569)
                                                   Index Cond: (id = mc.company_id)
                                                   Filter: ((country_code)::text = '[jp]'::text)
                                                   Rows Removed by Filter: 0
                                       ->  Index Scan using title_pkey on title t  (cost=0.43..8.13 rows=1 width=21) (actual time=0.010..0.010 rows=0 loops=8495)
                                             Index Cond: (id = mc.movie_id)
                                             Filter: ((production_year >= 2006) AND (production_year <= 2007) AND (((title)::text ~~ 'One Piece%'::text) OR ((title)::text ~~ 'Dragon Ball Z%'::text)))
                                             Rows Removed by Filter: 1
                           ->  Index Scan using movie_id_cast_info on cast_info ci  (cost=0.56..142.80 rows=1 width=12) (actual time=0.066..0.213 rows=26 loops=4)
                                 Index Cond: (movie_id = mc.movie_id)
                                 Filter: ((note)::text = '(voice: English version)'::text)
                                 Rows Removed by Filter: 17
                     ->  Index Scan using person_id_aka_name on aka_name an  (cost=0.42..1.16 rows=2 width=20) (actual time=0.007..0.009 rows=2 loops=104)
                           Index Cond: (person_id = ci.person_id)
               ->  Index Scan using name_pkey on name n  (cost=0.43..0.75 rows=1 width=4) (actual time=0.005..0.005 rows=0 loops=171)
                     Index Cond: (id = an.person_id)
                     Filter: (((name)::text ~~ '%Yo%'::text) AND ((name)::text !~~ '%Yu%'::text))
                     Rows Removed by Filter: 1
         ->  Index Scan using role_type_pkey on role_type rt  (cost=0.14..0.16 rows=1 width=4) (actual time=0.005..0.005 rows=1 loops=6)
               Index Cond: (id = ci.role_id)
               Filter: ((role)::text = 'actress'::text)
 Planning Time: 4.737 ms
 Execution Time: 174.057 ms
(37 rows)

SET
                                                                                                QUERY PLAN                                                                                                
----------------------------------------------------------------------------------------------------------------------------------------------------------------------------------------------------------
 Finalize Aggregate  (cost=529735.54..529735.55 rows=1 width=64) (actual time=3471.056..3471.057 rows=1 loops=1)
   ->  Gather  (cost=529735.32..529735.53 rows=2 width=64) (actual time=3468.955..3572.260 rows=3 loops=1)
         Workers Planned: 2
         Workers Launched: 2
         ->  Partial Aggregate  (cost=528735.32..528735.33 rows=1 width=64) (actual time=3465.831..3465.831 rows=1 loops=3)
               ->  Parallel Hash Join  (cost=483413.83..513803.80 rows=2986304 width=33) (actual time=3194.276..3361.932 rows=829204 loops=3)
                     Hash Cond: (a1.person_id = n1.id)
                     ->  Parallel Seq Scan on aka_name a1  (cost=0.00..15151.60 rows=375560 width=20) (actual time=0.027..39.525 rows=300448 loops=3)
                     ->  Parallel Hash  (cost=459853.10..459853.10 rows=1218458 width=25) (actual time=3095.244..3095.244 rows=656886 loops=3)
                           Buckets: 65536  Batches: 64  Memory Usage: 2848kB
                           ->  Parallel Hash Join  (cost=345158.80..459853.10 rows=1218458 width=25) (actual time=2759.035..2959.578 rows=656886 loops=3)
                                 Hash Cond: (ci.person_id = n1.id)
                                 ->  Hash Join  (cost=243691.57..334123.41 rows=1218458 width=21) (actual time=1911.326..2220.410 rows=656886 loops=3)
                                       Hash Cond: (t.id = ci.movie_id)
                                       ->  Parallel Hash Join  (cost=44358.48..110382.12 rows=395644 width=25) (actual time=591.173..792.537 rows=384599 loops=3)
                                             Hash Cond: (t.id = mc.movie_id)
                                             ->  Parallel Seq Scan on title t  (cost=0.00..46532.63 rows=1053463 width=21) (actual time=0.016..114.468 rows=842771 loops=3)
                                             ->  Parallel Hash  (cost=37866.93..37866.93 rows=395644 width=4) (actual time=298.112..298.112 rows=384599 loops=3)
                                                   Buckets: 131072  Batches: 16  Memory Usage: 3904kB
                                                   ->  Parallel Hash Join  (cost=5351.77..37866.93 rows=395644 width=4) (actual time=25.313..245.353 rows=384599 loops=3)
                                                         Hash Cond: (mc.company_id = cn.id)
                                                         ->  Parallel Seq Scan on movie_companies mc  (cost=0.00..29661.37 rows=1087137 width=8) (actual time=0.013..78.300 rows=869710 loops=3)
                                                         ->  Parallel Hash  (cost=4722.92..4722.92 rows=50308 width=4) (actual time=24.953..24.954 rows=28281 loops=3)
                                                               Buckets: 131072  Batches: 1  Memory Usage: 4384kB
                                                               ->  Parallel Seq Scan on company_name cn  (cost=0.00..4722.92 rows=50308 width=4) (actual time=0.016..17.151 rows=28281 loops=3)
                                                                     Filter: ((country_code)::text = '[us]'::text)
                                                                     Rows Removed by Filter: 50051
                                       ->  Hash  (cost=149779.57..149779.57 rows=3020362 width=8) (actual time=1143.627..1143.627 rows=2728943 loops=3)
                                             Buckets: 131072  Batches: 64  Memory Usage: 2675kB
                                             ->  Nested Loop  (cost=0.56..149779.57 rows=3020362 width=8) (actual time=0.046..767.464 rows=2728943 loops=3)
                                                   ->  Seq Scan on role_type rt  (cost=0.00..1.15 rows=1 width=4) (actual time=0.013..0.017 rows=1 loops=3)
                                                         Filter: ((role)::text = 'writer'::text)
                                                         Rows Removed by Filter: 11
                                                   ->  Index Scan using role_id_cast_info on cast_info ci  (cost=0.56..116829.02 rows=3294940 width=12) (actual time=0.028..514.060 rows=2728943 loops=3)
                                                         Index Cond: (role_id = rt.id)
                                 ->  Parallel Hash  (cost=72977.55..72977.55 rows=1736455 width=4) (actual time=352.681..352.681 rows=1389164 loops=3)
                                       Buckets: 131072  Batches: 64  Memory Usage: 3616kB
                                       ->  Parallel Seq Scan on name n1  (cost=0.00..72977.55 rows=1736455 width=4) (actual time=0.024..170.809 rows=1389164 loops=3)
 Planning Time: 4.148 ms
 Execution Time: 3572.501 ms
(40 rows)

SET
                                                                                               QUERY PLAN                                                                                               
--------------------------------------------------------------------------------------------------------------------------------------------------------------------------------------------------------
 Finalize Aggregate  (cost=529735.54..529735.55 rows=1 width=64) (actual time=1737.781..1737.781 rows=1 loops=1)
   ->  Gather  (cost=529735.32..529735.53 rows=2 width=64) (actual time=1735.357..1809.092 rows=3 loops=1)
         Workers Planned: 2
         Workers Launched: 2
         ->  Partial Aggregate  (cost=528735.32..528735.33 rows=1 width=64) (actual time=1733.112..1733.113 rows=1 loops=3)
               ->  Parallel Hash Join  (cost=483413.83..513803.80 rows=2986304 width=33) (actual time=1674.836..1719.510 rows=107668 loops=3)
                     Hash Cond: (an1.person_id = n1.id)
                     ->  Parallel Seq Scan on aka_name an1  (cost=0.00..15151.60 rows=375560 width=20) (actual time=0.027..39.394 rows=300448 loops=3)
                     ->  Parallel Hash  (cost=459853.10..459853.10 rows=1218458 width=25) (actual time=1577.109..1577.109 rows=95179 loops=3)
                           Buckets: 65536  Batches: 64  Memory Usage: 992kB
                           ->  Parallel Hash Join  (cost=345158.80..459853.10 rows=1218458 width=25) (actual time=1454.984..1556.517 rows=95179 loops=3)
                                 Hash Cond: (ci.person_id = n1.id)
                                 ->  Hash Join  (cost=243691.57..334123.41 rows=1218458 width=21) (actual time=901.777..1072.386 rows=95179 loops=3)
                                       Hash Cond: (t.id = ci.movie_id)
                                       ->  Parallel Hash Join  (cost=44358.48..110382.12 rows=395644 width=25) (actual time=589.699..794.091 rows=384599 loops=3)
                                             Hash Cond: (t.id = mc.movie_id)
                                             ->  Parallel Seq Scan on title t  (cost=0.00..46532.63 rows=1053463 width=21) (actual time=0.021..110.821 rows=842771 loops=3)
                                             ->  Parallel Hash  (cost=37866.93..37866.93 rows=395644 width=4) (actual time=300.139..300.139 rows=384599 loops=3)
                                                   Buckets: 131072  Batches: 16  Memory Usage: 3904kB
                                                   ->  Parallel Hash Join  (cost=5351.77..37866.93 rows=395644 width=4) (actual time=26.342..246.692 rows=384599 loops=3)
                                                         Hash Cond: (mc.company_id = cn.id)
                                                         ->  Parallel Seq Scan on movie_companies mc  (cost=0.00..29661.37 rows=1087137 width=8) (actual time=0.015..78.043 rows=869710 loops=3)
                                                         ->  Parallel Hash  (cost=4722.92..4722.92 rows=50308 width=4) (actual time=25.964..25.964 rows=28281 loops=3)
                                                               Buckets: 131072  Batches: 1  Memory Usage: 4384kB
                                                               ->  Parallel Seq Scan on company_name cn  (cost=0.00..4722.92 rows=50308 width=4) (actual time=0.030..18.024 rows=28281 loops=3)
                                                                     Filter: ((country_code)::text = '[us]'::text)
                                                                     Rows Removed by Filter: 50051
                                       ->  Hash  (cost=149779.57..149779.57 rows=3020362 width=8) (actual time=122.766..122.766 rows=276403 loops=3)
                                             Buckets: 131072  Batches: 64  Memory Usage: 1193kB
                                             ->  Nested Loop  (cost=0.56..149779.57 rows=3020362 width=8) (actual time=0.067..83.655 rows=276403 loops=3)
                                                   ->  Seq Scan on role_type rt  (cost=0.00..1.15 rows=1 width=4) (actual time=0.016..0.018 rows=1 loops=3)
                                                         Filter: ((role)::text = 'costume designer'::text)
                                                         Rows Removed by Filter: 11
                                                   ->  Index Scan using role_id_cast_info on cast_info ci  (cost=0.56..116829.02 rows=3294940 width=12) (actual time=0.046..57.815 rows=276403 loops=3)
                                                         Index Cond: (role_id = rt.id)
                                 ->  Parallel Hash  (cost=72977.55..72977.55 rows=1736455 width=4) (actual time=353.839..353.839 rows=1389164 loops=3)
                                       Buckets: 131072  Batches: 64  Memory Usage: 3616kB
                                       ->  Parallel Seq Scan on name n1  (cost=0.00..72977.55 rows=1736455 width=4) (actual time=0.020..171.062 rows=1389164 loops=3)
 Planning Time: 4.792 ms
 Execution Time: 1809.487 ms
(40 rows)

SET
                                                                                        QUERY PLAN                                                                                         
-------------------------------------------------------------------------------------------------------------------------------------------------------------------------------------------
 Aggregate  (cost=83282.38..83282.39 rows=1 width=96) (actual time=274.495..274.495 rows=1 loops=1)
   ->  Nested Loop  (cost=1003.86..83282.37 rows=1 width=49) (actual time=112.375..274.446 rows=121 loops=1)
         ->  Nested Loop  (cost=1003.44..83281.88 rows=1 width=53) (actual time=112.345..273.749 rows=123 loops=1)
               Join Filter: (ci.movie_id = mc.movie_id)
               ->  Gather  (cost=1003.01..83281.24 rows=1 width=57) (actual time=110.351..274.078 rows=139 loops=1)
                     Workers Planned: 2
                     Workers Launched: 2
                     ->  Nested Loop  (cost=3.01..82281.14 rows=1 width=57) (actual time=109.567..271.069 rows=46 loops=3)
                           ->  Nested Loop  (cost=2.58..82280.49 rows=1 width=45) (actual time=108.253..270.669 rows=52 loops=3)
                                 ->  Hash Join  (cost=2.15..82279.20 rows=2 width=24) (actual time=107.538..269.197 rows=142 loops=3)
                                       Hash Cond: (ci.role_id = rt.id)
                                       ->  Nested Loop  (cost=0.99..82277.96 rows=21 width=28) (actual time=107.434..269.057 rows=142 loops=3)
                                             Join Filter: (n.id = ci.person_id)
                                             ->  Nested Loop  (cost=0.42..82155.29 rows=9 width=24) (actual time=104.419..257.706 rows=519 loops=3)
                                                   ->  Parallel Seq Scan on name n  (cost=0.00..81659.82 rows=40 width=4) (actual time=103.934..247.065 rows=2256 loops=3)
                                                         Filter: (((name)::text ~~ '%Ang%'::text) AND ((gender)::text = 'f'::text))
                                                         Rows Removed by Filter: 1386908
                                                   ->  Index Scan using person_id_aka_name on aka_name an  (cost=0.42..12.37 rows=2 width=20) (actual time=0.004..0.004 rows=0 loops=6768)
                                                         Index Cond: (person_id = n.id)
                                             ->  Index Scan using person_id_cast_info on cast_info ci  (cost=0.56..13.47 rows=13 width=16) (actual time=0.020..0.022 rows=0 loops=1558)
                                                   Index Cond: (person_id = an.person_id)
                                                   Filter: ((note)::text = ANY ('{(voice),"(voice: Japanese version)","(voice) (uncredited)","(voice: English version)"}'::text[]))
                                                   Rows Removed by Filter: 44
                                       ->  Hash  (cost=1.15..1.15 rows=1 width=4) (actual time=0.025..0.026 rows=1 loops=3)
                                             Buckets: 1024  Batches: 1  Memory Usage: 9kB
                                             ->  Seq Scan on role_type rt  (cost=0.00..1.15 rows=1 width=4) (actual time=0.017..0.018 rows=1 loops=3)
                                                   Filter: ((role)::text = 'actress'::text)
                                                   Rows Removed by Filter: 11
                                 ->  Index Scan using title_pkey on title t  (cost=0.43..0.64 rows=1 width=21) (actual time=0.010..0.010 rows=0 loops=425)
                                       Index Cond: (id = ci.movie_id)
                                       Filter: ((production_year >= 2005) AND (production_year <= 2015))
                                       Rows Removed by Filter: 1
                           ->  Index Scan using char_name_pkey on char_name chn  (cost=0.43..0.65 rows=1 width=20) (actual time=0.007..0.007 rows=1 loops=155)
                                 Index Cond: (id = ci.person_role_id)
               ->  Index Scan using movie_id_movie_companies on movie_companies mc  (cost=0.43..0.64 rows=1 width=8) (actual time=0.009..0.012 rows=1 loops=139)
                     Index Cond: (movie_id = t.id)
                     Filter: ((note IS NOT NULL) AND (((note)::text ~~ '%(USA)%'::text) OR ((note)::text ~~ '%(worldwide)%'::text)))
                     Rows Removed by Filter: 5
         ->  Index Scan using company_name_pkey on company_name cn  (cost=0.42..0.49 rows=1 width=4) (actual time=0.005..0.005 rows=1 loops=123)
               Index Cond: (id = mc.company_id)
               Filter: ((country_code)::text = '[us]'::text)
               Rows Removed by Filter: 0
 Planning Time: 7.488 ms
 Execution Time: 276.726 ms
(44 rows)

SET
                                                                                        QUERY PLAN                                                                                         
-------------------------------------------------------------------------------------------------------------------------------------------------------------------------------------------
 Aggregate  (cost=83270.97..83270.98 rows=1 width=128) (actual time=263.154..263.154 rows=1 loops=1)
   ->  Nested Loop  (cost=1003.86..83270.96 rows=1 width=64) (actual time=113.098..263.123 rows=40 loops=1)
         ->  Nested Loop  (cost=1003.44..83270.37 rows=1 width=68) (actual time=113.083..262.963 rows=40 loops=1)
               ->  Nested Loop  (cost=1003.01..83269.66 rows=1 width=72) (actual time=113.012..262.448 rows=60 loops=1)
                     ->  Gather  (cost=1002.58..83268.98 rows=1 width=60) (actual time=112.999..264.698 rows=65 loops=1)
                           Workers Planned: 2
                           Workers Launched: 2
                           ->  Nested Loop  (cost=2.58..82268.88 rows=1 width=60) (actual time=109.079..260.337 rows=22 loops=3)
                                 ->  Hash Join  (cost=2.15..82267.52 rows=2 width=39) (actual time=107.019..259.815 rows=88 loops=3)
                                       Hash Cond: (ci.role_id = rt.id)
                                       ->  Nested Loop  (cost=0.99..82266.28 rows=18 width=43) (actual time=106.917..259.690 rows=88 loops=3)
                                             Join Filter: (n.id = ci.person_id)
                                             ->  Nested Loop  (cost=0.42..82155.29 rows=9 width=39) (actual time=104.252..253.823 rows=432 loops=3)
                                                   ->  Parallel Seq Scan on name n  (cost=0.00..81659.82 rows=40 width=19) (actual time=103.604..246.903 rows=1803 loops=3)
                                                         Filter: (((name)::text ~~ '%Angel%'::text) AND ((gender)::text = 'f'::text))
                                                         Rows Removed by Filter: 1387361
                                                   ->  Index Scan using person_id_aka_name on aka_name an  (cost=0.42..12.37 rows=2 width=20) (actual time=0.003..0.004 rows=0 loops=5409)
                                                         Index Cond: (person_id = n.id)
                                             ->  Index Scan using person_id_cast_info on cast_info ci  (cost=0.56..12.21 rows=10 width=16) (actual time=0.012..0.013 rows=0 loops=1296)
                                                   Index Cond: (person_id = an.person_id)
                                                   Filter: ((note)::text = '(voice)'::text)
                                                   Rows Removed by Filter: 43
                                       ->  Hash  (cost=1.15..1.15 rows=1 width=4) (actual time=0.024..0.024 rows=1 loops=3)
                                             Buckets: 1024  Batches: 1  Memory Usage: 9kB
                                             ->  Seq Scan on role_type rt  (cost=0.00..1.15 rows=1 width=4) (actual time=0.018..0.019 rows=1 loops=3)
                                                   Filter: ((role)::text = 'actress'::text)
                                                   Rows Removed by Filter: 11
                                 ->  Index Scan using title_pkey on title t  (cost=0.43..0.68 rows=1 width=21) (actual time=0.006..0.006 rows=0 loops=265)
                                       Index Cond: (id = ci.movie_id)
                                       Filter: ((production_year >= 2007) AND (production_year <= 2010))
                                       Rows Removed by Filter: 1
                     ->  Index Scan using char_name_pkey on char_name chn  (cost=0.43..0.69 rows=1 width=20) (actual time=0.003..0.003 rows=1 loops=65)
                           Index Cond: (id = ci.person_role_id)
               ->  Index Scan using movie_id_movie_companies on movie_companies mc  (cost=0.43..0.69 rows=1 width=8) (actual time=0.007..0.008 rows=1 loops=60)
                     Index Cond: (movie_id = ci.movie_id)
                     Filter: (((note)::text ~~ '%(200%)%'::text) AND (((note)::text ~~ '%(USA)%'::text) OR ((note)::text ~~ '%(worldwide)%'::text)))
                     Rows Removed by Filter: 7
         ->  Index Scan using company_name_pkey on company_name cn  (cost=0.42..0.59 rows=1 width=4) (actual time=0.003..0.003 rows=1 loops=40)
               Index Cond: (id = mc.company_id)
               Filter: ((country_code)::text = '[us]'::text)
 Planning Time: 7.047 ms
 Execution Time: 265.858 ms
(42 rows)

SET
                                                                                          QUERY PLAN                                                                                           
-----------------------------------------------------------------------------------------------------------------------------------------------------------------------------------------------
 Finalize Aggregate  (cost=123482.63..123482.64 rows=1 width=128) (actual time=459.345..459.345 rows=1 loops=1)
   ->  Gather  (cost=123482.40..123482.61 rows=2 width=128) (actual time=458.773..463.370 rows=3 loops=1)
         Workers Planned: 2
         Workers Launched: 2
         ->  Partial Aggregate  (cost=122482.40..122482.41 rows=1 width=128) (actual time=456.053..456.053 rows=1 loops=3)
               ->  Nested Loop  (cost=81764.69..122480.72 rows=168 width=64) (actual time=260.746..455.251 rows=2715 loops=3)
                     Join Filter: (ci.movie_id = t.id)
                     ->  Nested Loop  (cost=81764.26..122392.38 rows=168 width=55) (actual time=260.694..446.620 rows=2715 loops=3)
                           ->  Nested Loop  (cost=81763.84..122186.52 rows=462 width=59) (actual time=259.506..428.693 rows=6115 loops=3)
                                 ->  Nested Loop  (cost=81763.41..122068.42 rows=173 width=51) (actual time=259.446..416.467 rows=2575 loops=3)
                                       ->  Hash Join  (cost=81762.98..121836.61 rows=358 width=39) (actual time=259.393..406.657 rows=2735 loops=3)
                                             Hash Cond: (ci.role_id = rt.id)
                                             ->  Nested Loop  (cost=81761.82..121820.18 rows=4301 width=43) (actual time=259.319..406.031 rows=2735 loops=3)
                                                   Join Filter: (n.id = ci.person_id)
                                                   ->  Parallel Hash Join  (cost=81761.26..97898.70 rows=1755 width=39) (actual time=257.792..335.307 rows=3508 loops=3)
                                                         Hash Cond: (an.person_id = n.id)
                                                         ->  Parallel Seq Scan on aka_name an  (cost=0.00..15151.60 rows=375560 width=20) (actual time=0.013..32.677 rows=300448 loops=3)
                                                         ->  Parallel Hash  (cost=81659.82..81659.82 rows=8115 width=19) (actual time=257.374..257.374 rows=16670 loops=3)
                                                               Buckets: 65536 (originally 32768)  Batches: 1 (originally 1)  Memory Usage: 3584kB
                                                               ->  Parallel Seq Scan on name n  (cost=0.00..81659.82 rows=8115 width=19) (actual time=104.364..248.601 rows=16670 loops=3)
                                                                     Filter: (((name)::text ~~ '%An%'::text) AND ((gender)::text = 'f'::text))
                                                                     Rows Removed by Filter: 1372493
                                                   ->  Index Scan using person_id_cast_info on cast_info ci  (cost=0.56..13.47 rows=13 width=16) (actual time=0.018..0.020 rows=1 loops=10525)
                                                         Index Cond: (person_id = an.person_id)
                                                         Filter: ((note)::text = ANY ('{(voice),"(voice: Japanese version)","(voice) (uncredited)","(voice: English version)"}'::text[]))
                                                         Rows Removed by Filter: 44
                                             ->  Hash  (cost=1.15..1.15 rows=1 width=4) (actual time=0.024..0.024 rows=1 loops=3)
                                                   Buckets: 1024  Batches: 1  Memory Usage: 9kB
                                                   ->  Seq Scan on role_type rt  (cost=0.00..1.15 rows=1 width=4) (actual time=0.017..0.019 rows=1 loops=3)
                                                         Filter: ((role)::text = 'actress'::text)
                                                         Rows Removed by Filter: 11
                                       ->  Index Scan using char_name_pkey on char_name chn  (cost=0.43..0.65 rows=1 width=20) (actual time=0.003..0.003 rows=1 loops=8204)
                                             Index Cond: (id = ci.person_role_id)
                                 ->  Index Scan using movie_id_movie_companies on movie_companies mc  (cost=0.43..0.63 rows=5 width=8) (actual time=0.003..0.004 rows=2 loops=7726)
                                       Index Cond: (movie_id = ci.movie_id)
                           ->  Index Scan using company_name_pkey on company_name cn  (cost=0.42..0.45 rows=1 width=4) (actual time=0.003..0.003 rows=0 loops=18345)
                                 Index Cond: (id = mc.company_id)
                                 Filter: ((country_code)::text = '[us]'::text)
                                 Rows Removed by Filter: 1
                     ->  Index Scan using title_pkey on title t  (cost=0.43..0.51 rows=1 width=21) (actual time=0.003..0.003 rows=1 loops=8144)
                           Index Cond: (id = mc.movie_id)
 Planning Time: 7.153 ms
 Execution Time: 463.613 ms
(43 rows)

SET
                                                                                                  QUERY PLAN                                                                                                  
--------------------------------------------------------------------------------------------------------------------------------------------------------------------------------------------------------------
 Finalize Aggregate  (cost=211411.33..211411.34 rows=1 width=128) (actual time=3801.459..3801.459 rows=1 loops=1)
   ->  Gather  (cost=211411.10..211411.31 rows=2 width=128) (actual time=2869.123..3806.025 rows=3 loops=1)
         Workers Planned: 2
         Workers Launched: 2
         ->  Partial Aggregate  (cost=210411.10..210411.11 rows=1 width=128) (actual time=3178.557..3178.558 rows=1 loops=3)
               ->  Nested Loop  (cost=140783.51..210327.94 rows=8316 width=64) (actual time=2104.716..3140.859 rows=161027 loops=3)
                     ->  Nested Loop  (cost=140783.09..208504.03 rows=3393 width=56) (actual time=2104.441..2975.482 rows=57856 loops=3)
                           Join Filter: (ci.movie_id = t.id)
                           ->  Nested Loop  (cost=140782.66..206719.92 rows=3393 width=47) (actual time=2104.419..2828.937 rows=57856 loops=3)
                                 ->  Nested Loop  (cost=140782.23..202181.65 rows=7009 width=35) (actual time=2104.400..2637.411 rows=63155 loops=3)
                                       ->  Hash Join  (cost=140781.80..179531.73 rows=30299 width=16) (actual time=2104.372..2450.399 rows=63185 loops=3)
                                             Hash Cond: (mc.movie_id = ci.movie_id)
                                             ->  Parallel Hash Join  (cost=5351.77..37866.93 rows=395644 width=4) (actual time=23.943..251.143 rows=384599 loops=3)
                                                   Hash Cond: (mc.company_id = cn.id)
                                                   ->  Parallel Seq Scan on movie_companies mc  (cost=0.00..29661.37 rows=1087137 width=8) (actual time=0.022..77.024 rows=869710 loops=3)
                                                   ->  Parallel Hash  (cost=4722.92..4722.92 rows=50308 width=4) (actual time=23.412..23.412 rows=28281 loops=3)
                                                         Buckets: 131072  Batches: 1  Memory Usage: 4384kB
                                                         ->  Parallel Seq Scan on company_name cn  (cost=0.00..4722.92 rows=50308 width=4) (actual time=0.018..16.390 rows=28281 loops=3)
                                                               Filter: ((country_code)::text = '[us]'::text)
                                                               Rows Removed by Filter: 50051
                                             ->  Hash  (cost=134124.20..134124.20 rows=75106 width=12) (actual time=2079.479..2079.479 rows=276166 loops=3)
                                                   Buckets: 131072 (originally 131072)  Batches: 4 (originally 2)  Memory Usage: 3984kB
                                                   ->  Nested Loop  (cost=0.56..134124.20 rows=75106 width=12) (actual time=0.159..2025.155 rows=276166 loops=3)
                                                         ->  Seq Scan on role_type rt  (cost=0.00..1.15 rows=1 width=4) (actual time=0.011..0.014 rows=1 loops=3)
                                                               Filter: ((role)::text = 'actress'::text)
                                                               Rows Removed by Filter: 11
                                                         ->  Index Scan using role_id_cast_info on cast_info ci  (cost=0.56..133303.71 rows=81934 width=16) (actual time=0.144..2002.059 rows=276166 loops=3)
                                                               Index Cond: (role_id = rt.id)
                                                               Filter: ((note)::text = ANY ('{(voice),"(voice: Japanese version)","(voice) (uncredited)","(voice: English version)"}'::text[]))
                                                               Rows Removed by Filter: 7175807
                                       ->  Index Scan using name_pkey on name n  (cost=0.43..0.75 rows=1 width=19) (actual time=0.003..0.003 rows=1 loops=189554)
                                             Index Cond: (id = ci.person_id)
                                             Filter: ((gender)::text = 'f'::text)
                                             Rows Removed by Filter: 0
                                 ->  Index Scan using char_name_pkey on char_name chn  (cost=0.43..0.65 rows=1 width=20) (actual time=0.003..0.003 rows=1 loops=189464)
                                       Index Cond: (id = ci.person_role_id)
                           ->  Index Scan using title_pkey on title t  (cost=0.43..0.51 rows=1 width=21) (actual time=0.002..0.002 rows=1 loops=173567)
                                 Index Cond: (id = mc.movie_id)
                     ->  Index Scan using person_id_aka_name on aka_name an  (cost=0.42..0.52 rows=2 width=20) (actual time=0.002..0.002 rows=3 loops=173567)
                           Index Cond: (person_id = n.id)
 Planning Time: 7.474 ms
 Execution Time: 3806.274 ms
(42 rows)

