SET
                                                                                         QUERY PLAN                                                                                         
--------------------------------------------------------------------------------------------------------------------------------------------------------------------------------------------
 Finalize Aggregate  (cost=46680.35..46680.36 rows=1 width=64) (actual time=443.027..443.028 rows=1 loops=1)
   ->  Gather  (cost=46680.13..46680.34 rows=2 width=64) (actual time=442.916..454.852 rows=3 loops=1)
         Workers Planned: 2
         Workers Launched: 2
         ->  Partial Aggregate  (cost=45680.13..45680.14 rows=1 width=64) (actual time=440.254..440.255 rows=1 loops=3)
               ->  Nested Loop  (cost=4736.00..45680.12 rows=2 width=33) (actual time=64.524..440.221 rows=35 loops=3)
                     ->  Nested Loop  (cost=4735.87..45679.82 rows=2 width=37) (actual time=64.490..440.110 rows=35 loops=3)
                           ->  Hash Join  (cost=4735.44..45655.14 rows=5 width=25) (actual time=64.446..439.675 rows=37 loops=3)
                                 Hash Cond: (ci.role_id = rt.id)
                                 ->  Nested Loop  (cost=4734.28..45653.76 rows=62 width=29) (actual time=59.404..439.572 rows=50 loops=3)
                                       Join Filter: (t.id = ci.movie_id)
                                       ->  Nested Loop  (cost=4733.71..40613.13 rows=2585 width=29) (actual time=16.773..201.641 rows=1513 loops=3)
                                             ->  Parallel Hash Join  (cost=4733.28..37248.44 rows=6523 width=8) (actual time=16.728..178.292 rows=2930 loops=3)
                                                   Hash Cond: (mc.company_id = cn.id)
                                                   ->  Parallel Seq Scan on movie_companies mc  (cost=0.00..29661.37 rows=1087137 width=12) (actual time=0.016..77.279 rows=869710 loops=3)
                                                   ->  Parallel Hash  (cost=4722.92..4722.92 rows=829 width=4) (actual time=16.055..16.055 rows=454 loops=3)
                                                         Buckets: 2048  Batches: 1  Memory Usage: 112kB
                                                         ->  Parallel Seq Scan on company_name cn  (cost=0.00..4722.92 rows=829 width=4) (actual time=0.043..15.882 rows=454 loops=3)
                                                               Filter: ((country_code)::text = '[ru]'::text)
                                                               Rows Removed by Filter: 77879
                                             ->  Index Scan using title_pkey on title t  (cost=0.43..0.52 rows=1 width=21) (actual time=0.008..0.008 rows=1 loops=8790)
                                                   Index Cond: (id = mc.movie_id)
                                                   Filter: (production_year > 2005)
                                                   Rows Removed by Filter: 0
                                       ->  Index Scan using movie_id_cast_info on cast_info ci  (cost=0.56..1.94 rows=1 width=12) (actual time=0.148..0.157 rows=0 loops=4539)
                                             Index Cond: (movie_id = mc.movie_id)
                                             Filter: (((note)::text ~~ '%(voice)%'::text) AND ((note)::text ~~ '%(uncredited)%'::text))
                                             Rows Removed by Filter: 50
                                 ->  Hash  (cost=1.15..1.15 rows=1 width=4) (actual time=0.020..0.020 rows=1 loops=3)
                                       Buckets: 1024  Batches: 1  Memory Usage: 9kB
                                       ->  Seq Scan on role_type rt  (cost=0.00..1.15 rows=1 width=4) (actual time=0.014..0.016 rows=1 loops=3)
                                             Filter: ((role)::text = 'actor'::text)
                                             Rows Removed by Filter: 11
                           ->  Index Scan using char_name_pkey on char_name chn  (cost=0.43..4.94 rows=1 width=20) (actual time=0.011..0.011 rows=1 loops=112)
                                 Index Cond: (id = ci.person_role_id)
                     ->  Index Only Scan using company_type_pkey on company_type ct  (cost=0.13..0.15 rows=1 width=4) (actual time=0.002..0.002 rows=1 loops=104)
                           Index Cond: (id = mc.company_type_id)
                           Heap Fetches: 104
 Planning Time: 4.235 ms
 Execution Time: 455.083 ms
(40 rows)

SET
                                                                                         QUERY PLAN                                                                                         
--------------------------------------------------------------------------------------------------------------------------------------------------------------------------------------------
 Finalize Aggregate  (cost=43581.05..43581.06 rows=1 width=64) (actual time=270.385..270.385 rows=1 loops=1)
   ->  Gather  (cost=43580.83..43581.04 rows=2 width=64) (actual time=270.225..274.626 rows=3 loops=1)
         Workers Planned: 2
         Workers Launched: 2
         ->  Partial Aggregate  (cost=42580.83..42580.84 rows=1 width=64) (actual time=267.588..267.588 rows=1 loops=3)
               ->  Hash Join  (cost=4736.96..42580.54 rows=58 width=33) (actual time=267.584..267.585 rows=0 loops=3)
                     Hash Cond: (mc.company_type_id = ct.id)
                     ->  Nested Loop  (cost=4735.87..42579.14 rows=58 width=37) (actual time=267.489..267.489 rows=0 loops=3)
                           ->  Hash Join  (cost=4735.44..42510.24 rows=119 width=25) (actual time=267.489..267.489 rows=0 loops=3)
                                 Hash Cond: (ci.role_id = rt.id)
                                 ->  Nested Loop  (cost=4734.28..42504.02 rows=1424 width=29) (actual time=18.179..267.364 rows=871 loops=3)
                                       Join Filter: (t.id = ci.movie_id)
                                       ->  Nested Loop  (cost=4733.71..40613.13 rows=1018 width=29) (actual time=17.604..201.743 rows=420 loops=3)
                                             ->  Parallel Hash Join  (cost=4733.28..37248.44 rows=6523 width=8) (actual time=16.266..175.872 rows=2930 loops=3)
                                                   Hash Cond: (mc.company_id = cn.id)
                                                   ->  Parallel Seq Scan on movie_companies mc  (cost=0.00..29661.37 rows=1087137 width=12) (actual time=0.020..76.815 rows=869710 loops=3)
                                                   ->  Parallel Hash  (cost=4722.92..4722.92 rows=829 width=4) (actual time=15.662..15.662 rows=454 loops=3)
                                                         Buckets: 2048  Batches: 1  Memory Usage: 112kB
                                                         ->  Parallel Seq Scan on company_name cn  (cost=0.00..4722.92 rows=829 width=4) (actual time=0.040..15.495 rows=454 loops=3)
                                                               Filter: ((country_code)::text = '[ru]'::text)
                                                               Rows Removed by Filter: 77879
                                             ->  Index Scan using title_pkey on title t  (cost=0.43..0.52 rows=1 width=21) (actual time=0.009..0.009 rows=0 loops=8790)
                                                   Index Cond: (id = mc.movie_id)
                                                   Filter: (production_year > 2010)
                                                   Rows Removed by Filter: 1
                                       ->  Index Scan using movie_id_cast_info on cast_info ci  (cost=0.56..1.84 rows=1 width=12) (actual time=0.083..0.156 rows=2 loops=1259)
                                             Index Cond: (movie_id = mc.movie_id)
                                             Filter: ((note)::text ~~ '%(producer)%'::text)
                                             Rows Removed by Filter: 44
                                 ->  Hash  (cost=1.15..1.15 rows=1 width=4) (actual time=0.015..0.016 rows=1 loops=3)
                                       Buckets: 1024  Batches: 1  Memory Usage: 9kB
                                       ->  Seq Scan on role_type rt  (cost=0.00..1.15 rows=1 width=4) (actual time=0.012..0.013 rows=1 loops=3)
                                             Filter: ((role)::text = 'actor'::text)
                                             Rows Removed by Filter: 11
                           ->  Index Scan using char_name_pkey on char_name chn  (cost=0.43..0.58 rows=1 width=20) (never executed)
                                 Index Cond: (id = ci.person_role_id)
                     ->  Hash  (cost=1.04..1.04 rows=4 width=4) (actual time=0.022..0.022 rows=4 loops=3)
                           Buckets: 1024  Batches: 1  Memory Usage: 9kB
                           ->  Seq Scan on company_type ct  (cost=0.00..1.04 rows=4 width=4) (actual time=0.016..0.017 rows=4 loops=3)
 Planning Time: 4.251 ms
 Execution Time: 274.824 ms
(41 rows)

SET
                                                                                            QUERY PLAN                                                                                            
--------------------------------------------------------------------------------------------------------------------------------------------------------------------------------------------------
 Finalize Aggregate  (cost=652454.39..652454.40 rows=1 width=64) (actual time=2638.566..2638.566 rows=1 loops=1)
   ->  Gather  (cost=652454.17..652454.38 rows=2 width=64) (actual time=2636.257..2700.337 rows=3 loops=1)
         Workers Planned: 2
         Workers Launched: 2
         ->  Partial Aggregate  (cost=651454.17..651454.18 rows=1 width=64) (actual time=2633.810..2633.811 rows=1 loops=3)
               ->  Hash Join  (cost=186238.47..650533.03 rows=184228 width=33) (actual time=2622.269..2633.797 rows=3 loops=3)
                     Hash Cond: (ci.role_id = rt.id)
                     ->  Hash Join  (cost=186237.20..649877.37 rows=184228 width=37) (actual time=2622.144..2633.670 rows=3 loops=3)
                           Hash Cond: (mc.company_type_id = ct.id)
                           ->  Parallel Hash Join  (cost=186236.11..648880.30 rows=184228 width=41) (actual time=2622.120..2633.645 rows=3 loops=3)
                                 Hash Cond: (ci.movie_id = t.id)
                                 ->  Parallel Hash Join  (cost=73555.68..529761.99 rows=276569 width=24) (actual time=1829.773..1867.804 rows=5 loops=3)
                                       Hash Cond: (ci.person_role_id = chn.id)
                                       ->  Parallel Seq Scan on cast_info ci  (cost=0.00..441459.62 rows=571306 width=12) (actual time=161.406..1411.891 rows=478480 loops=3)
                                             Filter: ((note)::text ~~ '%(producer)%'::text)
                                             Rows Removed by Filter: 11602968
                                       ->  Parallel Hash  (cost=49532.75..49532.75 rows=1308475 width=20) (actual time=361.503..361.503 rows=1046780 loops=3)
                                             Buckets: 65536  Batches: 64  Memory Usage: 3232kB
                                             ->  Parallel Seq Scan on char_name chn  (cost=0.00..49532.75 rows=1308475 width=20) (actual time=0.022..130.812 rows=1046780 loops=3)
                                 ->  Parallel Hash  (cost=107416.88..107416.88 rows=272203 width=29) (actual time=750.933..750.933 rows=198750 loops=3)
                                       Buckets: 65536  Batches: 16  Memory Usage: 3008kB
                                       ->  Parallel Hash Join  (cost=44358.48..107416.88 rows=272203 width=29) (actual time=564.570..708.996 rows=198750 loops=3)
                                             Hash Cond: (t.id = mc.movie_id)
                                             ->  Parallel Seq Scan on title t  (cost=0.00..49166.29 rows=724782 width=21) (actual time=0.022..128.197 rows=583011 loops=3)
                                                   Filter: (production_year > 1990)
                                                   Rows Removed by Filter: 259760
                                             ->  Parallel Hash  (cost=37866.93..37866.93 rows=395644 width=8) (actual time=309.705..309.705 rows=384599 loops=3)
                                                   Buckets: 131072  Batches: 16  Memory Usage: 3872kB
                                                   ->  Parallel Hash Join  (cost=5351.77..37866.93 rows=395644 width=8) (actual time=24.971..252.962 rows=384599 loops=3)
                                                         Hash Cond: (mc.company_id = cn.id)
                                                         ->  Parallel Seq Scan on movie_companies mc  (cost=0.00..29661.37 rows=1087137 width=12) (actual time=0.015..78.001 rows=869710 loops=3)
                                                         ->  Parallel Hash  (cost=4722.92..4722.92 rows=50308 width=4) (actual time=24.702..24.702 rows=28281 loops=3)
                                                               Buckets: 131072  Batches: 1  Memory Usage: 4416kB
                                                               ->  Parallel Seq Scan on company_name cn  (cost=0.00..4722.92 rows=50308 width=4) (actual time=0.022..17.386 rows=28281 loops=3)
                                                                     Filter: ((country_code)::text = '[us]'::text)
                                                                     Rows Removed by Filter: 50051
                           ->  Hash  (cost=1.04..1.04 rows=4 width=4) (actual time=0.008..0.009 rows=4 loops=3)
                                 Buckets: 1024  Batches: 1  Memory Usage: 9kB
                                 ->  Seq Scan on company_type ct  (cost=0.00..1.04 rows=4 width=4) (actual time=0.005..0.005 rows=4 loops=3)
                     ->  Hash  (cost=1.12..1.12 rows=12 width=4) (actual time=0.017..0.017 rows=12 loops=3)
                           Buckets: 1024  Batches: 1  Memory Usage: 9kB
                           ->  Seq Scan on role_type rt  (cost=0.00..1.12 rows=12 width=4) (actual time=0.010..0.012 rows=12 loops=3)
 Planning Time: 4.275 ms
 Execution Time: 2701.711 ms
(44 rows)

SET
                                                                                      QUERY PLAN                                                                                       
---------------------------------------------------------------------------------------------------------------------------------------------------------------------------------------
 Aggregate  (cost=3751.33..3751.34 rows=1 width=96) (actual time=100.623..100.624 rows=1 loops=1)
   ->  Nested Loop  (cost=8.32..3751.32 rows=1 width=118) (actual time=3.956..100.543 rows=310 loops=1)
         Join Filter: (ml.movie_id = t.id)
         ->  Nested Loop  (cost=7.89..3750.82 rows=1 width=113) (actual time=3.929..99.698 rows=402 loops=1)
               Join Filter: (mc.company_type_id = ct.id)
               Rows Removed by Join Filter: 20
               ->  Nested Loop  (cost=7.89..3749.75 rows=1 width=117) (actual time=3.920..99.268 rows=422 loops=1)
                     ->  Nested Loop  (cost=7.47..3749.30 rows=1 width=102) (actual time=3.457..96.838 rows=1021 loops=1)
                           Join Filter: (ml.movie_id = mc.movie_id)
                           ->  Nested Loop  (cost=7.04..3748.73 rows=1 width=90) (actual time=3.419..95.573 rows=199 loops=1)
                                 Join Filter: (ml.link_type_id = lt.id)
                                 Rows Removed by Join Filter: 303
                                 ->  Seq Scan on link_type lt  (cost=0.00..1.23 rows=1 width=86) (actual time=0.019..0.024 rows=2 loops=1)
                                       Filter: ((link)::text ~~ '%follow%'::text)
                                       Rows Removed by Filter: 16
                                 ->  Nested Loop  (cost=7.04..3747.37 rows=11 width=12) (actual time=3.043..47.747 rows=251 loops=2)
                                       ->  Nested Loop  (cost=6.75..3732.91 rows=34 width=4) (actual time=3.036..38.131 rows=10544 loops=2)
                                             ->  Seq Scan on keyword k  (cost=0.00..2626.12 rows=1 width=4) (actual time=0.751..12.324 rows=1 loops=2)
                                                   Filter: ((keyword)::text = 'sequel'::text)
                                                   Rows Removed by Filter: 134169
                                             ->  Bitmap Heap Scan on movie_keyword mk  (cost=6.75..1103.80 rows=299 width=8) (actual time=2.264..24.770 rows=10544 loops=2)
                                                   Recheck Cond: (keyword_id = k.id)
                                                   Heap Blocks: exact=11140
                                                   ->  Bitmap Index Scan on keyword_id_movie_keyword  (cost=0.00..6.67 rows=299 width=0) (actual time=1.350..1.350 rows=10544 loops=2)
                                                         Index Cond: (keyword_id = k.id)
                                       ->  Index Scan using movie_id_movie_link on movie_link ml  (cost=0.29..0.38 rows=5 width=8) (actual time=0.001..0.001 rows=0 loops=21088)
                                             Index Cond: (movie_id = mk.movie_id)
                           ->  Index Scan using movie_id_movie_companies on movie_companies mc  (cost=0.43..0.54 rows=2 width=12) (actual time=0.004..0.005 rows=5 loops=199)
                                 Index Cond: (movie_id = mk.movie_id)
                                 Filter: (note IS NULL)
                                 Rows Removed by Filter: 2
                     ->  Index Scan using company_name_pkey on company_name cn  (cost=0.42..0.46 rows=1 width=23) (actual time=0.002..0.002 rows=0 loops=1021)
                           Index Cond: (id = mc.company_id)
                           Filter: (((country_code)::text <> '[pl]'::text) AND (((name)::text ~~ '%Film%'::text) OR ((name)::text ~~ '%Warner%'::text)))
                           Rows Removed by Filter: 1
               ->  Seq Scan on company_type ct  (cost=0.00..1.05 rows=1 width=4) (actual time=0.000..0.000 rows=1 loops=422)
                     Filter: ((kind)::text = 'production companies'::text)
                     Rows Removed by Filter: 1
         ->  Index Scan using title_pkey on title t  (cost=0.43..0.49 rows=1 width=21) (actual time=0.002..0.002 rows=1 loops=402)
               Index Cond: (id = mk.movie_id)
               Filter: ((production_year >= 1950) AND (production_year <= 2000))
               Rows Removed by Filter: 0
 Planning Time: 6.825 ms
 Execution Time: 100.835 ms
(44 rows)

SET
                                                                                      QUERY PLAN                                                                                       
---------------------------------------------------------------------------------------------------------------------------------------------------------------------------------------
 Aggregate  (cost=3751.33..3751.34 rows=1 width=96) (actual time=33.994..33.994 rows=1 loops=1)
   ->  Nested Loop  (cost=8.32..3751.32 rows=1 width=118) (actual time=4.771..33.981 rows=14 loops=1)
         Join Filter: (ml.movie_id = t.id)
         ->  Nested Loop  (cost=7.89..3750.82 rows=1 width=113) (actual time=3.427..33.763 rows=102 loops=1)
               Join Filter: (mc.company_type_id = ct.id)
               Rows Removed by Join Filter: 1
               ->  Nested Loop  (cost=7.89..3749.75 rows=1 width=117) (actual time=3.423..33.659 rows=103 loops=1)
                     ->  Nested Loop  (cost=7.47..3749.30 rows=1 width=102) (actual time=3.096..32.805 rows=288 loops=1)
                           Join Filter: (ml.movie_id = mc.movie_id)
                           ->  Nested Loop  (cost=7.04..3748.73 rows=1 width=90) (actual time=3.074..32.333 rows=64 loops=1)
                                 Join Filter: (ml.link_type_id = lt.id)
                                 Rows Removed by Join Filter: 187
                                 ->  Seq Scan on link_type lt  (cost=0.00..1.23 rows=1 width=86) (actual time=0.010..0.014 rows=1 loops=1)
                                       Filter: ((link)::text ~~ '%follows%'::text)
                                       Rows Removed by Filter: 17
                                 ->  Nested Loop  (cost=7.04..3747.37 rows=11 width=12) (actual time=3.060..32.295 rows=251 loops=1)
                                       ->  Nested Loop  (cost=6.75..3732.91 rows=34 width=4) (actual time=3.053..23.310 rows=10544 loops=1)
                                             ->  Seq Scan on keyword k  (cost=0.00..2626.12 rows=1 width=4) (actual time=0.750..10.080 rows=1 loops=1)
                                                   Filter: ((keyword)::text = 'sequel'::text)
                                                   Rows Removed by Filter: 134169
                                             ->  Bitmap Heap Scan on movie_keyword mk  (cost=6.75..1103.80 rows=299 width=8) (actual time=2.299..12.259 rows=10544 loops=1)
                                                   Recheck Cond: (keyword_id = k.id)
                                                   Heap Blocks: exact=5570
                                                   ->  Bitmap Index Scan on keyword_id_movie_keyword  (cost=0.00..6.67 rows=299 width=0) (actual time=1.378..1.379 rows=10544 loops=1)
                                                         Index Cond: (keyword_id = k.id)
                                       ->  Index Scan using movie_id_movie_link on movie_link ml  (cost=0.29..0.38 rows=5 width=8) (actual time=0.001..0.001 rows=0 loops=10544)
                                             Index Cond: (movie_id = mk.movie_id)
                           ->  Index Scan using movie_id_movie_companies on movie_companies mc  (cost=0.43..0.54 rows=2 width=12) (actual time=0.005..0.006 rows=4 loops=64)
                                 Index Cond: (movie_id = mk.movie_id)
                                 Filter: (note IS NULL)
                                 Rows Removed by Filter: 2
                     ->  Index Scan using company_name_pkey on company_name cn  (cost=0.42..0.46 rows=1 width=23) (actual time=0.003..0.003 rows=0 loops=288)
                           Index Cond: (id = mc.company_id)
                           Filter: (((country_code)::text <> '[pl]'::text) AND (((name)::text ~~ '%Film%'::text) OR ((name)::text ~~ '%Warner%'::text)))
                           Rows Removed by Filter: 1
               ->  Seq Scan on company_type ct  (cost=0.00..1.05 rows=1 width=4) (actual time=0.000..0.000 rows=1 loops=103)
                     Filter: ((kind)::text = 'production companies'::text)
                     Rows Removed by Filter: 1
         ->  Index Scan using title_pkey on title t  (cost=0.43..0.49 rows=1 width=21) (actual time=0.002..0.002 rows=0 loops=102)
               Index Cond: (id = mk.movie_id)
               Filter: (((title)::text ~~ '%Money%'::text) AND (production_year = 1998))
               Rows Removed by Filter: 1
 Planning Time: 6.683 ms
 Execution Time: 34.251 ms
(44 rows)

SET
                                                                                      QUERY PLAN                                                                                       
---------------------------------------------------------------------------------------------------------------------------------------------------------------------------------------
 Aggregate  (cost=6166.44..6166.45 rows=1 width=96) (actual time=222.556..222.556 rows=1 loops=1)
   ->  Nested Loop  (cost=8.32..6166.44 rows=1 width=60) (actual time=3.493..220.881 rows=6946 loops=1)
         Join Filter: (ml.movie_id = t.id)
         ->  Nested Loop  (cost=7.89..6165.94 rows=1 width=55) (actual time=3.474..209.359 rows=6946 loops=1)
               Join Filter: (ml.link_type_id = lt.id)
               Rows Removed by Join Filter: 42158
               ->  Nested Loop  (cost=7.89..6164.53 rows=1 width=59) (actual time=3.466..196.515 rows=6946 loops=1)
                     ->  Nested Loop  (cost=7.47..6137.17 rows=60 width=44) (actual time=3.110..170.269 rows=14916 loops=1)
                           Join Filter: (mc.company_type_id = ct.id)
                           Rows Removed by Join Filter: 1782
                           ->  Nested Loop  (cost=7.47..6133.01 rows=79 width=48) (actual time=3.098..166.469 rows=15510 loops=1)
                                 Join Filter: (ml.movie_id = mc.movie_id)
                                 ->  Nested Loop  (cost=7.04..6115.09 rows=31 width=12) (actual time=3.079..157.453 rows=1460 loops=1)
                                       ->  Nested Loop  (cost=6.75..6072.14 rows=101 width=4) (actual time=3.072..115.366 rows=47403 loops=1)
                                             ->  Seq Scan on keyword k  (cost=0.00..2793.84 rows=3 width=4) (actual time=0.775..17.418 rows=3 loops=1)
                                                   Filter: ((keyword)::text = ANY ('{sequel,revenge,based-on-novel}'::text[]))
                                                   Rows Removed by Filter: 134167
                                             ->  Bitmap Heap Scan on movie_keyword mk  (cost=6.75..1089.78 rows=299 width=8) (actual time=3.262..31.090 rows=15801 loops=3)
                                                   Recheck Cond: (keyword_id = k.id)
                                                   Heap Blocks: exact=23953
                                                   ->  Bitmap Index Scan on keyword_id_movie_keyword  (cost=0.00..6.67 rows=299 width=0) (actual time=1.897..1.897 rows=15801 loops=3)
                                                         Index Cond: (keyword_id = k.id)
                                       ->  Index Scan using movie_id_movie_link on movie_link ml  (cost=0.29..0.38 rows=5 width=8) (actual time=0.001..0.001 rows=0 loops=47403)
                                             Index Cond: (movie_id = mk.movie_id)
                                 ->  Index Scan using movie_id_movie_companies on movie_companies mc  (cost=0.43..0.54 rows=3 width=36) (actual time=0.002..0.005 rows=11 loops=1460)
                                       Index Cond: (movie_id = mk.movie_id)
                                       Filter: (note IS NOT NULL)
                                       Rows Removed by Filter: 2
                           ->  Materialize  (cost=0.00..1.06 rows=3 width=4) (actual time=0.000..0.000 rows=1 loops=15510)
                                 ->  Seq Scan on company_type ct  (cost=0.00..1.05 rows=3 width=4) (actual time=0.008..0.010 rows=3 loops=1)
                                       Filter: ((kind IS NOT NULL) AND ((kind)::text <> 'production companies'::text))
                                       Rows Removed by Filter: 1
                     ->  Index Scan using company_name_pkey on company_name cn  (cost=0.42..0.46 rows=1 width=23) (actual time=0.002..0.002 rows=0 loops=14916)
                           Index Cond: (id = mc.company_id)
                           Filter: (((country_code)::text <> '[pl]'::text) AND (((name)::text ~~ '20th Century Fox%'::text) OR ((name)::text ~~ 'Twentieth Century Fox%'::text)))
                           Rows Removed by Filter: 1
               ->  Seq Scan on link_type lt  (cost=0.00..1.18 rows=18 width=4) (actual time=0.001..0.001 rows=7 loops=6946)
         ->  Index Scan using title_pkey on title t  (cost=0.43..0.49 rows=1 width=21) (actual time=0.001..0.001 rows=1 loops=6946)
               Index Cond: (id = mk.movie_id)
               Filter: (production_year > 1950)
 Planning Time: 6.489 ms
 Execution Time: 222.724 ms
(42 rows)

SET
                                                                                      QUERY PLAN                                                                                       
---------------------------------------------------------------------------------------------------------------------------------------------------------------------------------------
 Aggregate  (cost=6183.65..6183.66 rows=1 width=96) (actual time=199.931..199.931 rows=1 loops=1)
   ->  Nested Loop  (cost=8.32..6183.29 rows=48 width=60) (actual time=3.192..196.823 rows=14899 loops=1)
         ->  Nested Loop  (cost=7.90..6158.94 rows=54 width=45) (actual time=3.185..173.206 rows=14916 loops=1)
               Join Filter: (mc.company_type_id = ct.id)
               Rows Removed by Join Filter: 1782
               ->  Nested Loop  (cost=7.90..6155.09 rows=71 width=49) (actual time=3.175..169.820 rows=15510 loops=1)
                     Join Filter: (ml.movie_id = mc.movie_id)
                     ->  Nested Loop  (cost=7.47..6138.91 rows=28 width=29) (actual time=3.164..161.799 rows=1460 loops=1)
                           Join Filter: (ml.link_type_id = lt.id)
                           Rows Removed by Join Filter: 10576
                           ->  Nested Loop  (cost=7.47..6130.60 rows=28 width=33) (actual time=3.153..160.300 rows=1460 loops=1)
                                 Join Filter: (ml.movie_id = t.id)
                                 ->  Nested Loop  (cost=7.04..6115.09 rows=31 width=12) (actual time=3.125..156.574 rows=1460 loops=1)
                                       ->  Nested Loop  (cost=6.75..6072.14 rows=101 width=4) (actual time=3.118..114.011 rows=47403 loops=1)
                                             ->  Seq Scan on keyword k  (cost=0.00..2793.84 rows=3 width=4) (actual time=0.800..19.888 rows=3 loops=1)
                                                   Filter: ((keyword)::text = ANY ('{sequel,revenge,based-on-novel}'::text[]))
                                                   Rows Removed by Filter: 134167
                                             ->  Bitmap Heap Scan on movie_keyword mk  (cost=6.75..1089.78 rows=299 width=8) (actual time=3.255..29.843 rows=15801 loops=3)
                                                   Recheck Cond: (keyword_id = k.id)
                                                   Heap Blocks: exact=23953
                                                   ->  Bitmap Index Scan on keyword_id_movie_keyword  (cost=0.00..6.67 rows=299 width=0) (actual time=1.895..1.895 rows=15801 loops=3)
                                                         Index Cond: (keyword_id = k.id)
                                       ->  Index Scan using movie_id_movie_link on movie_link ml  (cost=0.29..0.38 rows=5 width=8) (actual time=0.001..0.001 rows=0 loops=47403)
                                             Index Cond: (movie_id = mk.movie_id)
                                 ->  Index Scan using title_pkey on title t  (cost=0.43..0.49 rows=1 width=21) (actual time=0.002..0.002 rows=1 loops=1460)
                                       Index Cond: (id = mk.movie_id)
                                       Filter: (production_year > 1950)
                           ->  Materialize  (cost=0.00..1.27 rows=18 width=4) (actual time=0.000..0.000 rows=8 loops=1460)
                                 ->  Seq Scan on link_type lt  (cost=0.00..1.18 rows=18 width=4) (actual time=0.007..0.009 rows=16 loops=1)
                     ->  Index Scan using movie_id_movie_companies on movie_companies mc  (cost=0.43..0.54 rows=3 width=36) (actual time=0.002..0.004 rows=11 loops=1460)
                           Index Cond: (movie_id = mk.movie_id)
                           Filter: (note IS NOT NULL)
                           Rows Removed by Filter: 2
               ->  Materialize  (cost=0.00..1.06 rows=3 width=4) (actual time=0.000..0.000 rows=1 loops=15510)
                     ->  Seq Scan on company_type ct  (cost=0.00..1.05 rows=3 width=4) (actual time=0.007..0.009 rows=3 loops=1)
                           Filter: ((kind IS NOT NULL) AND ((kind)::text <> 'production companies'::text))
                           Rows Removed by Filter: 1
         ->  Index Scan using company_name_pkey on company_name cn  (cost=0.42..0.45 rows=1 width=23) (actual time=0.001..0.001 rows=1 loops=14916)
               Index Cond: (id = mc.company_id)
               Filter: ((country_code)::text <> '[pl]'::text)
               Rows Removed by Filter: 0
 Planning Time: 6.737 ms
 Execution Time: 200.103 ms
(43 rows)

SET
                                                                                            QUERY PLAN                                                                                            
--------------------------------------------------------------------------------------------------------------------------------------------------------------------------------------------------
 Aggregate  (cost=16845.82..16845.83 rows=1 width=96) (actual time=205.808..205.808 rows=1 loops=1)
   ->  Gather  (cost=1005.35..16845.81 rows=1 width=42) (actual time=19.955..211.044 rows=397 loops=1)
         Workers Planned: 2
         Workers Launched: 2
         ->  Nested Loop  (cost=5.34..15845.71 rows=1 width=42) (actual time=13.435..202.969 rows=132 loops=3)
               ->  Nested Loop  (cost=5.20..15844.23 rows=9 width=46) (actual time=13.421..202.732 rows=132 loops=3)
                     Join Filter: (t.id = mi.movie_id)
                     ->  Nested Loop  (cost=4.77..15820.25 rows=15 width=54) (actual time=1.084..155.975 rows=1891 loops=3)
                           ->  Nested Loop  (cost=4.35..15801.98 rows=41 width=39) (actual time=1.044..146.288 rows=2203 loops=3)
                                 Join Filter: (mi_idx.movie_id = t.id)
                                 ->  Hash Join  (cost=3.92..15677.77 rows=234 width=18) (actual time=0.194..98.883 rows=8078 loops=3)
                                       Hash Cond: (mc.company_type_id = ct.id)
                                       ->  Nested Loop  (cost=2.86..15671.64 rows=938 width=22) (actual time=0.100..96.147 rows=21569 loops=3)
                                             ->  Hash Join  (cost=2.43..15182.64 rows=187 width=10) (actual time=0.060..56.309 rows=5283 loops=3)
                                                   Hash Cond: (mi_idx.info_type_id = it2.id)
                                                   ->  Parallel Seq Scan on movie_info_idx mi_idx  (cost=0.00..15122.68 rows=21125 width=14) (actual time=0.025..54.294 rows=17543 loops=3)
                                                         Filter: ((info)::text > '8.0'::text)
                                                         Rows Removed by Filter: 442469
                                                   ->  Hash  (cost=2.41..2.41 rows=1 width=4) (actual time=0.020..0.020 rows=1 loops=3)
                                                         Buckets: 1024  Batches: 1  Memory Usage: 9kB
                                                         ->  Seq Scan on info_type it2  (cost=0.00..2.41 rows=1 width=4) (actual time=0.015..0.016 rows=1 loops=3)
                                                               Filter: ((info)::text = 'rating'::text)
                                                               Rows Removed by Filter: 112
                                             ->  Index Scan using movie_id_movie_companies on movie_companies mc  (cost=0.43..2.56 rows=5 width=12) (actual time=0.005..0.007 rows=4 loops=15849)
                                                   Index Cond: (movie_id = mi_idx.movie_id)
                                       ->  Hash  (cost=1.05..1.05 rows=1 width=4) (actual time=0.017..0.017 rows=1 loops=3)
                                             Buckets: 1024  Batches: 1  Memory Usage: 9kB
                                             ->  Seq Scan on company_type ct  (cost=0.00..1.05 rows=1 width=4) (actual time=0.012..0.013 rows=1 loops=3)
                                                   Filter: ((kind)::text = 'production companies'::text)
                                                   Rows Removed by Filter: 3
                                 ->  Index Scan using title_pkey on title t  (cost=0.43..0.52 rows=1 width=21) (actual time=0.006..0.006 rows=0 loops=24233)
                                       Index Cond: (id = mc.movie_id)
                                       Filter: ((production_year >= 2005) AND (production_year <= 2008))
                                       Rows Removed by Filter: 1
                           ->  Index Scan using company_name_pkey on company_name cn  (cost=0.42..0.45 rows=1 width=23) (actual time=0.004..0.004 rows=1 loops=6610)
                                 Index Cond: (id = mc.company_id)
                                 Filter: ((country_code)::text = '[us]'::text)
                                 Rows Removed by Filter: 0
                     ->  Index Scan using movie_id_movie_info on movie_info mi  (cost=0.43..1.59 rows=1 width=8) (actual time=0.024..0.024 rows=0 loops=5674)
                           Index Cond: (movie_id = mc.movie_id)
                           Filter: ((info)::text = ANY ('{Drama,Horror}'::text[]))
                           Rows Removed by Filter: 28
               ->  Index Scan using info_type_pkey on info_type it1  (cost=0.14..0.16 rows=1 width=4) (actual time=0.001..0.001 rows=1 loops=397)
                     Index Cond: (id = mi.info_type_id)
                     Filter: ((info)::text = 'genres'::text)
 Planning Time: 6.751 ms
 Execution Time: 211.363 ms
(47 rows)

SET
                                                                                         QUERY PLAN                                                                                          
---------------------------------------------------------------------------------------------------------------------------------------------------------------------------------------------
 Aggregate  (cost=19208.36..19208.37 rows=1 width=64) (actual time=75.781..75.781 rows=1 loops=1)
   ->  Gather  (cost=1004.41..19208.36 rows=1 width=59) (actual time=73.498..76.626 rows=10 loops=1)
         Workers Planned: 2
         Workers Launched: 2
         ->  Nested Loop  (cost=4.41..18208.26 rows=1 width=59) (actual time=70.557..71.288 rows=3 loops=3)
               ->  Nested Loop  (cost=4.27..18205.80 rows=15 width=63) (actual time=70.501..70.903 rows=403 loops=3)
                     Join Filter: (t.id = mi.movie_id)
                     ->  Nested Loop  (cost=3.84..18203.79 rows=1 width=29) (actual time=70.487..70.652 rows=3 loops=3)
                           ->  Nested Loop  (cost=3.42..18203.35 rows=1 width=33) (actual time=70.476..70.526 rows=11 loops=3)
                                 ->  Nested Loop  (cost=3.29..18203.03 rows=2 width=37) (actual time=70.464..70.502 rows=11 loops=3)
                                       Join Filter: (t.id = mc.movie_id)
                                       ->  Nested Loop  (cost=2.86..18202.37 rows=1 width=25) (actual time=70.446..70.466 rows=1 loops=3)
                                             ->  Hash Join  (cost=2.43..15253.60 rows=5089 width=4) (actual time=70.373..70.375 rows=3 loops=3)
                                                   Hash Cond: (mi_idx.info_type_id = it2.id)
                                                   ->  Parallel Seq Scan on movie_info_idx mi_idx  (cost=0.00..13685.15 rows=575015 width=8) (actual time=0.017..38.134 rows=460012 loops=3)
                                                   ->  Hash  (cost=2.41..2.41 rows=1 width=4) (actual time=0.026..0.026 rows=1 loops=3)
                                                         Buckets: 1024  Batches: 1  Memory Usage: 9kB
                                                         ->  Seq Scan on info_type it2  (cost=0.00..2.41 rows=1 width=4) (actual time=0.022..0.022 rows=1 loops=3)
                                                               Filter: ((info)::text = 'bottom 10 rank'::text)
                                                               Rows Removed by Filter: 112
                                             ->  Index Scan using title_pkey on title t  (cost=0.43..0.58 rows=1 width=21) (actual time=0.027..0.027 rows=0 loops=10)
                                                   Index Cond: (id = mi_idx.movie_id)
                                                   Filter: ((production_year > 2000) AND (((title)::text ~~ 'Birdemic%'::text) OR ((title)::text ~~ '%Movie%'::text)))
                                                   Rows Removed by Filter: 1
                                       ->  Index Scan using movie_id_movie_companies on movie_companies mc  (cost=0.43..0.59 rows=5 width=12) (actual time=0.038..0.048 rows=16 loops=2)
                                             Index Cond: (movie_id = mi_idx.movie_id)
                                 ->  Index Scan using company_type_pkey on company_type ct  (cost=0.13..0.15 rows=1 width=4) (actual time=0.002..0.002 rows=1 loops=33)
                                       Index Cond: (id = mc.company_type_id)
                                       Filter: ((kind IS NOT NULL) AND (((kind)::text = 'production companies'::text) OR ((kind)::text = 'distributors'::text)))
                           ->  Index Scan using company_name_pkey on company_name cn  (cost=0.42..0.45 rows=1 width=4) (actual time=0.011..0.011 rows=0 loops=33)
                                 Index Cond: (id = mc.company_id)
                                 Filter: ((country_code)::text = '[us]'::text)
                                 Rows Removed by Filter: 1
                     ->  Index Scan using movie_id_movie_info on movie_info mi  (cost=0.43..1.48 rows=42 width=50) (actual time=0.008..0.056 rows=121 loops=10)
                           Index Cond: (movie_id = mc.movie_id)
               ->  Index Scan using info_type_pkey on info_type it1  (cost=0.14..0.16 rows=1 width=4) (actual time=0.001..0.001 rows=0 loops=1210)
                     Index Cond: (id = mi.info_type_id)
                     Filter: ((info)::text = 'budget'::text)
                     Rows Removed by Filter: 1
 Planning Time: 7.200 ms
 Execution Time: 76.861 ms
(41 rows)

SET
                                                                                         QUERY PLAN                                                                                         
--------------------------------------------------------------------------------------------------------------------------------------------------------------------------------------------
 Aggregate  (cost=17912.37..17912.38 rows=1 width=96) (actual time=684.399..684.399 rows=1 loops=1)
   ->  Gather  (cost=1007.63..17912.35 rows=2 width=42) (actual time=3.081..696.768 rows=4711 loops=1)
         Workers Planned: 2
         Workers Launched: 2
         ->  Hash Join  (cost=7.63..16912.15 rows=1 width=42) (actual time=3.831..680.540 rows=1570 loops=3)
               Hash Cond: (mi.info_type_id = it1.id)
               ->  Nested Loop  (cost=5.20..16909.46 rows=98 width=46) (actual time=3.752..680.051 rows=1570 loops=3)
                     Join Filter: (t.id = mi.movie_id)
                     ->  Nested Loop  (cost=4.77..16679.52 rows=135 width=54) (actual time=0.366..416.730 rows=14111 loops=3)
                           ->  Hash Join  (cost=4.35..16514.65 rows=370 width=39) (actual time=0.175..342.995 rows=22822 loops=3)
                                 Hash Cond: (mc.company_type_id = ct.id)
                                 ->  Nested Loop  (cost=3.29..16505.58 rows=1482 width=43) (actual time=0.132..335.391 rows=56386 loops=3)
                                       ->  Nested Loop  (cost=2.86..16307.87 rows=296 width=31) (actual time=0.102..247.636 rows=17435 loops=3)
                                             ->  Hash Join  (cost=2.43..15347.68 rows=723 width=10) (actual time=0.055..71.906 rows=40524 loops=3)
                                                   Hash Cond: (mi_idx.info_type_id = it2.id)
                                                   ->  Parallel Seq Scan on movie_info_idx mi_idx  (cost=0.00..15122.68 rows=81724 width=14) (actual time=0.026..62.304 rows=64280 loops=3)
                                                         Filter: ((info)::text > '7.0'::text)
                                                         Rows Removed by Filter: 395732
                                                   ->  Hash  (cost=2.41..2.41 rows=1 width=4) (actual time=0.012..0.013 rows=1 loops=3)
                                                         Buckets: 1024  Batches: 1  Memory Usage: 9kB
                                                         ->  Seq Scan on info_type it2  (cost=0.00..2.41 rows=1 width=4) (actual time=0.009..0.010 rows=1 loops=3)
                                                               Filter: ((info)::text = 'rating'::text)
                                                               Rows Removed by Filter: 112
                                             ->  Index Scan using title_pkey on title t  (cost=0.43..1.33 rows=1 width=21) (actual time=0.004..0.004 rows=0 loops=121572)
                                                   Index Cond: (id = mi_idx.movie_id)
                                                   Filter: ((production_year >= 2000) AND (production_year <= 2010))
                                                   Rows Removed by Filter: 1
                                       ->  Index Scan using movie_id_movie_companies on movie_companies mc  (cost=0.43..0.62 rows=5 width=12) (actual time=0.003..0.004 rows=3 loops=52304)
                                             Index Cond: (movie_id = t.id)
                                 ->  Hash  (cost=1.05..1.05 rows=1 width=4) (actual time=0.014..0.014 rows=1 loops=3)
                                       Buckets: 1024  Batches: 1  Memory Usage: 9kB
                                       ->  Seq Scan on company_type ct  (cost=0.00..1.05 rows=1 width=4) (actual time=0.011..0.011 rows=1 loops=3)
                                             Filter: ((kind)::text = 'production companies'::text)
                                             Rows Removed by Filter: 3
                           ->  Index Scan using company_name_pkey on company_name cn  (cost=0.42..0.45 rows=1 width=23) (actual time=0.003..0.003 rows=1 loops=68466)
                                 Index Cond: (id = mc.company_id)
                                 Filter: ((country_code)::text = '[us]'::text)
                                 Rows Removed by Filter: 0
                     ->  Index Scan using movie_id_movie_info on movie_info mi  (cost=0.43..1.69 rows=1 width=8) (actual time=0.018..0.018 rows=0 loops=42332)
                           Index Cond: (movie_id = mc.movie_id)
                           Filter: ((info)::text = ANY ('{Drama,Horror,Western,Family}'::text[]))
                           Rows Removed by Filter: 29
               ->  Hash  (cost=2.41..2.41 rows=1 width=4) (actual time=0.027..0.027 rows=1 loops=3)
                     Buckets: 1024  Batches: 1  Memory Usage: 9kB
                     ->  Seq Scan on info_type it1  (cost=0.00..2.41 rows=1 width=4) (actual time=0.016..0.023 rows=1 loops=3)
                           Filter: ((info)::text = 'genres'::text)
                           Rows Removed by Filter: 112
 Planning Time: 6.529 ms
 Execution Time: 698.147 ms
(49 rows)

SET
                                                                                               QUERY PLAN                                                                                                
---------------------------------------------------------------------------------------------------------------------------------------------------------------------------------------------------------
 Finalize Aggregate  (cost=20132.55..20132.56 rows=1 width=96) (actual time=1315.093..1315.093 rows=1 loops=1)
   ->  Gather  (cost=20132.32..20132.53 rows=2 width=96) (actual time=1315.074..1323.263 rows=3 loops=1)
         Workers Planned: 2
         Workers Launched: 2
         ->  Partial Aggregate  (cost=19132.32..19132.33 rows=1 width=96) (actual time=1311.872..1311.873 rows=1 loops=3)
               ->  Hash Join  (cost=8.73..19132.25 rows=10 width=65) (actual time=267.335..1304.994 rows=37034 loops=3)
                     Hash Cond: (mi.info_type_id = it2.id)
                     ->  Nested Loop  (cost=6.30..19126.56 rows=1197 width=69) (actual time=267.237..1289.472 rows=172109 loops=3)
                           ->  Nested Loop  (cost=5.87..19055.86 rows=37 width=35) (actual time=267.204..1146.582 rows=5490 loops=3)
                                 ->  Hash Join  (cost=5.45..18649.93 rows=911 width=39) (actual time=266.132..879.363 rows=100870 loops=3)
                                       Hash Cond: (mc.company_type_id = ct.id)
                                       ->  Nested Loop  (cost=4.39..18629.17 rows=3643 width=43) (actual time=266.103..848.991 rows=257695 loops=3)
                                             ->  Hash Join  (cost=3.96..18186.75 rows=727 width=31) (actual time=266.052..598.271 rows=69960 loops=3)
                                                   Hash Cond: (t.kind_id = kt.id)
                                                   ->  Nested Loop  (cost=2.86..18164.20 rows=5089 width=35) (actual time=0.086..578.240 rows=153308 loops=3)
                                                         ->  Hash Join  (cost=2.43..15253.60 rows=5089 width=10) (actual time=0.047..110.017 rows=153308 loops=3)
                                                               Hash Cond: (miidx.info_type_id = it.id)
                                                               ->  Parallel Seq Scan on movie_info_idx miidx  (cost=0.00..13685.15 rows=575015 width=14) (actual time=0.019..43.287 rows=460012 loops=3)
                                                               ->  Hash  (cost=2.41..2.41 rows=1 width=4) (actual time=0.012..0.013 rows=1 loops=3)
                                                                     Buckets: 1024  Batches: 1  Memory Usage: 9kB
                                                                     ->  Seq Scan on info_type it  (cost=0.00..2.41 rows=1 width=4) (actual time=0.009..0.010 rows=1 loops=3)
                                                                           Filter: ((info)::text = 'rating'::text)
                                                                           Rows Removed by Filter: 112
                                                         ->  Index Scan using title_pkey on title t  (cost=0.43..0.57 rows=1 width=25) (actual time=0.003..0.003 rows=1 loops=459925)
                                                               Index Cond: (id = miidx.movie_id)
                                                   ->  Hash  (cost=1.09..1.09 rows=1 width=4) (actual time=0.013..0.014 rows=1 loops=3)
                                                         Buckets: 1024  Batches: 1  Memory Usage: 9kB
                                                         ->  Seq Scan on kind_type kt  (cost=0.00..1.09 rows=1 width=4) (actual time=0.010..0.011 rows=1 loops=3)
                                                               Filter: ((kind)::text = 'movie'::text)
                                                               Rows Removed by Filter: 6
                                             ->  Index Scan using movie_id_movie_companies on movie_companies mc  (cost=0.43..0.56 rows=5 width=12) (actual time=0.002..0.003 rows=4 loops=209880)
                                                   Index Cond: (movie_id = t.id)
                                       ->  Hash  (cost=1.05..1.05 rows=1 width=4) (actual time=0.014..0.014 rows=1 loops=3)
                                             Buckets: 1024  Batches: 1  Memory Usage: 9kB
                                             ->  Seq Scan on company_type ct  (cost=0.00..1.05 rows=1 width=4) (actual time=0.011..0.012 rows=1 loops=3)
                                                   Filter: ((kind)::text = 'production companies'::text)
                                                   Rows Removed by Filter: 3
                                 ->  Index Scan using company_name_pkey on company_name cn  (cost=0.42..0.45 rows=1 width=4) (actual time=0.002..0.002 rows=0 loops=302610)
                                       Index Cond: (id = mc.company_id)
                                       Filter: ((country_code)::text = '[de]'::text)
                                       Rows Removed by Filter: 1
                           ->  Index Scan using movie_id_movie_info on movie_info mi  (cost=0.43..1.49 rows=42 width=50) (actual time=0.005..0.022 rows=31 loops=16470)
                                 Index Cond: (movie_id = t.id)
                     ->  Hash  (cost=2.41..2.41 rows=1 width=4) (actual time=0.023..0.024 rows=1 loops=3)
                           Buckets: 1024  Batches: 1  Memory Usage: 9kB
                           ->  Seq Scan on info_type it2  (cost=0.00..2.41 rows=1 width=4) (actual time=0.013..0.019 rows=1 loops=3)
                                 Filter: ((info)::text = 'release dates'::text)
                                 Rows Removed by Filter: 112
 Planning Time: 10.227 ms
 Execution Time: 1323.528 ms
(50 rows)

SET
                                                                                            QUERY PLAN                                                                                             
---------------------------------------------------------------------------------------------------------------------------------------------------------------------------------------------------
 Aggregate  (cost=19206.33..19206.34 rows=1 width=96) (actual time=631.250..631.251 rows=1 loops=1)
   ->  Gather  (cost=1004.54..19206.32 rows=1 width=42) (actual time=280.745..637.781 rows=372 loops=1)
         Workers Planned: 2
         Workers Launched: 2
         ->  Nested Loop  (cost=4.54..18206.22 rows=1 width=42) (actual time=293.953..628.345 rows=124 loops=3)
               ->  Nested Loop  (cost=4.40..18205.87 rows=2 width=46) (actual time=293.919..627.581 rows=707 loops=3)
                     Join Filter: (t.id = mi.movie_id)
                     ->  Nested Loop  (cost=3.97..18203.87 rows=1 width=54) (actual time=293.879..626.635 rows=20 loops=3)
                           ->  Nested Loop  (cost=3.84..18203.70 rows=1 width=58) (actual time=293.849..626.542 rows=54 loops=3)
                                 ->  Nested Loop  (cost=3.42..18203.25 rows=1 width=43) (actual time=288.807..625.750 rows=104 loops=3)
                                       Join Filter: (t.id = mc.movie_id)
                                       ->  Nested Loop  (cost=2.99..18202.60 rows=1 width=31) (actual time=288.759..625.325 rows=30 loops=3)
                                             ->  Nested Loop  (cost=2.86..18202.37 rows=1 width=35) (actual time=2.303..625.106 rows=117 loops=3)
                                                   ->  Hash Join  (cost=2.43..15253.60 rows=5089 width=10) (actual time=0.129..107.403 rows=153308 loops=3)
                                                         Hash Cond: (miidx.info_type_id = it.id)
                                                         ->  Parallel Seq Scan on movie_info_idx miidx  (cost=0.00..13685.15 rows=575015 width=14) (actual time=0.022..41.364 rows=460012 loops=3)
                                                         ->  Hash  (cost=2.41..2.41 rows=1 width=4) (actual time=0.026..0.027 rows=1 loops=3)
                                                               Buckets: 1024  Batches: 1  Memory Usage: 9kB
                                                               ->  Seq Scan on info_type it  (cost=0.00..2.41 rows=1 width=4) (actual time=0.021..0.022 rows=1 loops=3)
                                                                     Filter: ((info)::text = 'rating'::text)
                                                                     Rows Removed by Filter: 112
                                                   ->  Index Scan using title_pkey on title t  (cost=0.43..0.58 rows=1 width=25) (actual time=0.003..0.003 rows=0 loops=459925)
                                                         Index Cond: (id = miidx.movie_id)
                                                         Filter: (((title)::text <> ''::text) AND (((title)::text ~~ '%Champion%'::text) OR ((title)::text ~~ '%Loser%'::text)))
                                                         Rows Removed by Filter: 1
                                             ->  Index Scan using kind_type_pkey on kind_type kt  (cost=0.13..0.18 rows=1 width=4) (actual time=0.001..0.001 rows=0 loops=352)
                                                   Index Cond: (id = t.kind_id)
                                                   Filter: ((kind)::text = 'movie'::text)
                                                   Rows Removed by Filter: 1
                                       ->  Index Scan using movie_id_movie_companies on movie_companies mc  (cost=0.43..0.59 rows=5 width=12) (actual time=0.010..0.013 rows=3 loops=90)
                                             Index Cond: (movie_id = miidx.movie_id)
                                 ->  Index Scan using company_name_pkey on company_name cn  (cost=0.42..0.45 rows=1 width=23) (actual time=0.007..0.007 rows=1 loops=313)
                                       Index Cond: (id = mc.company_id)
                                       Filter: ((country_code)::text = '[us]'::text)
                                       Rows Removed by Filter: 0
                           ->  Index Scan using company_type_pkey on company_type ct  (cost=0.13..0.15 rows=1 width=4) (actual time=0.001..0.001 rows=0 loops=161)
                                 Index Cond: (id = mc.company_type_id)
                                 Filter: ((kind)::text = 'production companies'::text)
                                 Rows Removed by Filter: 1
                     ->  Index Scan using movie_id_movie_info on movie_info mi  (cost=0.43..1.48 rows=42 width=8) (actual time=0.010..0.041 rows=35 loops=61)
                           Index Cond: (movie_id = mc.movie_id)
               ->  Index Scan using info_type_pkey on info_type it2  (cost=0.14..0.16 rows=1 width=4) (actual time=0.001..0.001 rows=0 loops=2122)
                     Index Cond: (id = mi.info_type_id)
                     Filter: ((info)::text = 'release dates'::text)
                     Rows Removed by Filter: 1
 Planning Time: 10.644 ms
 Execution Time: 638.090 ms
(47 rows)

SET
                                                                                            QUERY PLAN                                                                                             
---------------------------------------------------------------------------------------------------------------------------------------------------------------------------------------------------
 Aggregate  (cost=19206.33..19206.34 rows=1 width=96) (actual time=610.074..610.074 rows=1 loops=1)
   ->  Gather  (cost=1004.54..19206.32 rows=1 width=42) (actual time=609.980..617.104 rows=53 loops=1)
         Workers Planned: 2
         Workers Launched: 2
         ->  Nested Loop  (cost=4.54..18206.22 rows=1 width=42) (actual time=453.913..607.207 rows=18 loops=3)
               ->  Nested Loop  (cost=4.40..18205.87 rows=2 width=46) (actual time=453.886..607.115 rows=73 loops=3)
                     Join Filter: (t.id = mi.movie_id)
                     ->  Nested Loop  (cost=3.97..18203.87 rows=1 width=54) (actual time=453.858..606.978 rows=5 loops=3)
                           ->  Nested Loop  (cost=3.84..18203.70 rows=1 width=58) (actual time=453.789..606.947 rows=16 loops=3)
                                 ->  Nested Loop  (cost=3.42..18203.25 rows=1 width=43) (actual time=453.761..606.689 rows=32 loops=3)
                                       Join Filter: (t.id = mc.movie_id)
                                       ->  Nested Loop  (cost=2.99..18202.60 rows=1 width=31) (actual time=453.721..606.607 rows=10 loops=3)
                                             ->  Nested Loop  (cost=2.86..18202.37 rows=1 width=35) (actual time=29.663..606.552 rows=22 loops=3)
                                                   ->  Hash Join  (cost=2.43..15253.60 rows=5089 width=10) (actual time=0.130..106.889 rows=153308 loops=3)
                                                         Hash Cond: (miidx.info_type_id = it.id)
                                                         ->  Parallel Seq Scan on movie_info_idx miidx  (cost=0.00..13685.15 rows=575015 width=14) (actual time=0.020..41.168 rows=460012 loops=3)
                                                         ->  Hash  (cost=2.41..2.41 rows=1 width=4) (actual time=0.026..0.026 rows=1 loops=3)
                                                               Buckets: 1024  Batches: 1  Memory Usage: 9kB
                                                               ->  Seq Scan on info_type it  (cost=0.00..2.41 rows=1 width=4) (actual time=0.020..0.022 rows=1 loops=3)
                                                                     Filter: ((info)::text = 'rating'::text)
                                                                     Rows Removed by Filter: 112
                                                   ->  Index Scan using title_pkey on title t  (cost=0.43..0.58 rows=1 width=25) (actual time=0.003..0.003 rows=0 loops=459925)
                                                         Index Cond: (id = miidx.movie_id)
                                                         Filter: (((title)::text <> ''::text) AND (((title)::text ~~ 'Champion%'::text) OR ((title)::text ~~ 'Loser%'::text)))
                                                         Rows Removed by Filter: 1
                                             ->  Index Scan using kind_type_pkey on kind_type kt  (cost=0.13..0.18 rows=1 width=4) (actual time=0.002..0.002 rows=0 loops=66)
                                                   Index Cond: (id = t.kind_id)
                                                   Filter: ((kind)::text = 'movie'::text)
                                                   Rows Removed by Filter: 1
                                       ->  Index Scan using movie_id_movie_companies on movie_companies mc  (cost=0.43..0.59 rows=5 width=12) (actual time=0.006..0.007 rows=3 loops=29)
                                             Index Cond: (movie_id = miidx.movie_id)
                                 ->  Index Scan using company_name_pkey on company_name cn  (cost=0.42..0.45 rows=1 width=23) (actual time=0.008..0.008 rows=0 loops=95)
                                       Index Cond: (id = mc.company_id)
                                       Filter: ((country_code)::text = '[us]'::text)
                                       Rows Removed by Filter: 1
                           ->  Index Scan using company_type_pkey on company_type ct  (cost=0.13..0.15 rows=1 width=4) (actual time=0.002..0.002 rows=0 loops=47)
                                 Index Cond: (id = mc.company_type_id)
                                 Filter: ((kind)::text = 'production companies'::text)
                                 Rows Removed by Filter: 1
                     ->  Index Scan using movie_id_movie_info on movie_info mi  (cost=0.43..1.48 rows=42 width=8) (actual time=0.009..0.026 rows=16 loops=14)
                           Index Cond: (movie_id = mc.movie_id)
               ->  Index Scan using info_type_pkey on info_type it2  (cost=0.14..0.16 rows=1 width=4) (actual time=0.001..0.001 rows=0 loops=218)
                     Index Cond: (id = mi.info_type_id)
                     Filter: ((info)::text = 'release dates'::text)
                     Rows Removed by Filter: 1
 Planning Time: 10.608 ms
 Execution Time: 617.341 ms
(47 rows)

SET
                                                                                               QUERY PLAN                                                                                                
---------------------------------------------------------------------------------------------------------------------------------------------------------------------------------------------------------
 Finalize Aggregate  (cost=20720.69..20720.70 rows=1 width=96) (actual time=2038.798..2038.798 rows=1 loops=1)
   ->  Gather  (cost=20720.46..20720.67 rows=2 width=96) (actual time=2038.532..2043.212 rows=3 loops=1)
         Workers Planned: 2
         Workers Launched: 2
         ->  Partial Aggregate  (cost=19720.46..19720.47 rows=1 width=96) (actual time=2035.762..2035.762 rows=1 loops=3)
               ->  Hash Join  (cost=8.73..19719.76 rows=94 width=42) (actual time=265.845..1995.477 rows=223463 loops=3)
                     Hash Cond: (mi.info_type_id = it2.id)
                     ->  Nested Loop  (cost=6.30..19688.31 rows=10660 width=46) (actual time=265.731..1880.802 rows=1438861 loops=3)
                           ->  Nested Loop  (cost=5.87..19055.86 rows=331 width=54) (actual time=265.698..1170.833 rows=29098 loops=3)
                                 ->  Hash Join  (cost=5.45..18649.93 rows=911 width=39) (actual time=265.648..881.100 rows=100870 loops=3)
                                       Hash Cond: (mc.company_type_id = ct.id)
                                       ->  Nested Loop  (cost=4.39..18629.17 rows=3643 width=43) (actual time=265.620..849.427 rows=257695 loops=3)
                                             ->  Hash Join  (cost=3.96..18186.75 rows=727 width=31) (actual time=265.569..598.187 rows=69960 loops=3)
                                                   Hash Cond: (t.kind_id = kt.id)
                                                   ->  Nested Loop  (cost=2.86..18164.20 rows=5089 width=35) (actual time=0.093..577.939 rows=153308 loops=3)
                                                         ->  Hash Join  (cost=2.43..15253.60 rows=5089 width=10) (actual time=0.049..111.704 rows=153308 loops=3)
                                                               Hash Cond: (miidx.info_type_id = it.id)
                                                               ->  Parallel Seq Scan on movie_info_idx miidx  (cost=0.00..13685.15 rows=575015 width=14) (actual time=0.021..44.242 rows=460012 loops=3)
                                                               ->  Hash  (cost=2.41..2.41 rows=1 width=4) (actual time=0.013..0.013 rows=1 loops=3)
                                                                     Buckets: 1024  Batches: 1  Memory Usage: 9kB
                                                                     ->  Seq Scan on info_type it  (cost=0.00..2.41 rows=1 width=4) (actual time=0.009..0.010 rows=1 loops=3)
                                                                           Filter: ((info)::text = 'rating'::text)
                                                                           Rows Removed by Filter: 112
                                                         ->  Index Scan using title_pkey on title t  (cost=0.43..0.57 rows=1 width=25) (actual time=0.003..0.003 rows=1 loops=459925)
                                                               Index Cond: (id = miidx.movie_id)
                                                   ->  Hash  (cost=1.09..1.09 rows=1 width=4) (actual time=0.014..0.014 rows=1 loops=3)
                                                         Buckets: 1024  Batches: 1  Memory Usage: 9kB
                                                         ->  Seq Scan on kind_type kt  (cost=0.00..1.09 rows=1 width=4) (actual time=0.011..0.012 rows=1 loops=3)
                                                               Filter: ((kind)::text = 'movie'::text)
                                                               Rows Removed by Filter: 6
                                             ->  Index Scan using movie_id_movie_companies on movie_companies mc  (cost=0.43..0.56 rows=5 width=12) (actual time=0.002..0.003 rows=4 loops=209880)
                                                   Index Cond: (movie_id = t.id)
                                       ->  Hash  (cost=1.05..1.05 rows=1 width=4) (actual time=0.012..0.012 rows=1 loops=3)
                                             Buckets: 1024  Batches: 1  Memory Usage: 9kB
                                             ->  Seq Scan on company_type ct  (cost=0.00..1.05 rows=1 width=4) (actual time=0.009..0.010 rows=1 loops=3)
                                                   Filter: ((kind)::text = 'production companies'::text)
                                                   Rows Removed by Filter: 3
                                 ->  Index Scan using company_name_pkey on company_name cn  (cost=0.42..0.45 rows=1 width=23) (actual time=0.003..0.003 rows=0 loops=302610)
                                       Index Cond: (id = mc.company_id)
                                       Filter: ((country_code)::text = '[us]'::text)
                                       Rows Removed by Filter: 1
                           ->  Index Scan using movie_id_movie_info on movie_info mi  (cost=0.43..1.49 rows=42 width=8) (actual time=0.004..0.019 rows=49 loops=87293)
                                 Index Cond: (movie_id = t.id)
                     ->  Hash  (cost=2.41..2.41 rows=1 width=4) (actual time=0.026..0.027 rows=1 loops=3)
                           Buckets: 1024  Batches: 1  Memory Usage: 9kB
                           ->  Seq Scan on info_type it2  (cost=0.00..2.41 rows=1 width=4) (actual time=0.016..0.023 rows=1 loops=3)
                                 Filter: ((info)::text = 'release dates'::text)
                                 Rows Removed by Filter: 112
 Planning Time: 10.467 ms
 Execution Time: 2043.466 ms
(50 rows)

SET
                                                                                      QUERY PLAN                                                                                       
---------------------------------------------------------------------------------------------------------------------------------------------------------------------------------------
 Aggregate  (cost=7380.25..7380.26 rows=1 width=64) (actual time=424.047..424.047 rows=1 loops=1)
   ->  Nested Loop  (cost=8.04..7380.24 rows=1 width=23) (actual time=16.598..423.819 rows=761 loops=1)
         Join Filter: (mi.info_type_id = it1.id)
         Rows Removed by Join Filter: 117
         ->  Nested Loop  (cost=8.04..7377.82 rows=1 width=27) (actual time=16.592..420.489 rows=878 loops=1)
               Join Filter: (t.id = mi.movie_id)
               ->  Nested Loop  (cost=7.61..7375.92 rows=1 width=35) (actual time=16.030..332.570 rows=1147 loops=1)
                     Join Filter: (mi_idx.info_type_id = it2.id)
                     Rows Removed by Join Filter: 2233
                     ->  Seq Scan on info_type it2  (cost=0.00..2.41 rows=1 width=4) (actual time=0.013..0.014 rows=1 loops=1)
                           Filter: ((info)::text = 'rating'::text)
                           Rows Removed by Filter: 112
                     ->  Nested Loop  (cost=7.61..7373.39 rows=9 width=39) (actual time=15.633..332.182 rows=3380 loops=1)
                           Join Filter: (t.id = mi_idx.movie_id)
                           ->  Nested Loop  (cost=7.18..7371.79 rows=3 width=25) (actual time=15.606..318.550 rows=1966 loops=1)
                                 Join Filter: (t.kind_id = kt.id)
                                 Rows Removed by Join Filter: 616
                                 ->  Seq Scan on kind_type kt  (cost=0.00..1.09 rows=1 width=4) (actual time=0.012..0.013 rows=1 loops=1)
                                       Filter: ((kind)::text = 'movie'::text)
                                       Rows Removed by Filter: 6
                                 ->  Nested Loop  (cost=7.18..7370.44 rows=21 width=29) (actual time=4.807..318.136 rows=2582 loops=1)
                                       ->  Nested Loop  (cost=6.75..7304.56 rows=135 width=4) (actual time=4.544..144.116 rows=37091 loops=1)
                                             ->  Seq Scan on keyword k  (cost=0.00..2961.55 rows=4 width=4) (actual time=1.195..20.919 rows=3 loops=1)
                                                   Filter: ((keyword)::text = ANY ('{murder,murder-in-title,blood,violence}'::text[]))
                                                   Rows Removed by Filter: 134167
                                             ->  Bitmap Heap Scan on movie_keyword mk  (cost=6.75..1082.76 rows=299 width=8) (actual time=3.380..39.629 rows=12364 loops=3)
                                                   Recheck Cond: (keyword_id = k.id)
                                                   Heap Blocks: exact=26312
                                                   ->  Bitmap Index Scan on keyword_id_movie_keyword  (cost=0.00..6.67 rows=299 width=0) (actual time=1.850..1.850 rows=12364 loops=3)
                                                         Index Cond: (keyword_id = k.id)
                                       ->  Index Scan using title_pkey on title t  (cost=0.43..0.49 rows=1 width=25) (actual time=0.004..0.004 rows=0 loops=37091)
                                             Index Cond: (id = mk.movie_id)
                                             Filter: (production_year > 2010)
                                             Rows Removed by Filter: 1
                           ->  Index Scan using movie_id_movie_info_idx on movie_info_idx mi_idx  (cost=0.43..0.50 rows=3 width=14) (actual time=0.006..0.006 rows=2 loops=1966)
                                 Index Cond: (movie_id = mk.movie_id)
                                 Filter: ((info)::text < '8.5'::text)
                                 Rows Removed by Filter: 0
               ->  Index Scan using movie_id_movie_info on movie_info mi  (cost=0.43..1.87 rows=2 width=8) (actual time=0.065..0.076 rows=1 loops=1147)
                     Index Cond: (movie_id = mk.movie_id)
                     Filter: ((info)::text = ANY ('{Sweden,Norway,Germany,Denmark,Swedish,Denish,Norwegian,German,USA,American}'::text[]))
                     Rows Removed by Filter: 69
         ->  Seq Scan on info_type it1  (cost=0.00..2.41 rows=1 width=4) (actual time=0.002..0.003 rows=1 loops=878)
               Filter: ((info)::text = 'countries'::text)
               Rows Removed by Filter: 21
 Planning Time: 6.599 ms
 Execution Time: 424.211 ms
(47 rows)

SET
                                                                                              QUERY PLAN                                                                                              
------------------------------------------------------------------------------------------------------------------------------------------------------------------------------------------------------
 Aggregate  (cost=4867.25..4867.26 rows=1 width=64) (actual time=188.706..188.706 rows=1 loops=1)
   ->  Nested Loop  (cost=8.04..4867.24 rows=1 width=23) (actual time=126.440..188.696 rows=1 loops=1)
         Join Filter: (t.kind_id = kt.id)
         Rows Removed by Join Filter: 1
         ->  Nested Loop  (cost=8.04..4866.14 rows=1 width=27) (actual time=8.371..188.680 rows=2 loops=1)
               Join Filter: (mi_idx.info_type_id = it2.id)
               Rows Removed by Join Filter: 1
               ->  Nested Loop  (cost=8.04..4863.72 rows=1 width=31) (actual time=8.350..188.649 rows=3 loops=1)
                     Join Filter: (t.id = mi_idx.movie_id)
                     ->  Nested Loop  (cost=7.61..4863.21 rows=1 width=33) (actual time=8.327..188.545 rows=8 loops=1)
                           Join Filter: (mi.info_type_id = it1.id)
                           ->  Nested Loop  (cost=7.61..4860.78 rows=1 width=37) (actual time=8.322..188.510 rows=8 loops=1)
                                 Join Filter: (t.id = mi.movie_id)
                                 ->  Nested Loop  (cost=7.18..4858.88 rows=1 width=29) (actual time=8.189..187.780 rows=15 loops=1)
                                       ->  Nested Loop  (cost=6.75..4825.68 rows=67 width=4) (actual time=6.216..84.731 rows=19528 loops=1)
                                             ->  Seq Scan on keyword k  (cost=0.00..2626.12 rows=2 width=4) (actual time=1.150..16.495 rows=1 loops=1)
                                                   Filter: ((keyword)::text = ANY ('{murder,murder-in-title}'::text[]))
                                                   Rows Removed by Filter: 134169
                                             ->  Bitmap Heap Scan on movie_keyword mk  (cost=6.75..1096.79 rows=299 width=8) (actual time=5.063..66.091 rows=19528 loops=1)
                                                   Recheck Cond: (keyword_id = k.id)
                                                   Heap Blocks: exact=12389
                                                   ->  Bitmap Index Scan on keyword_id_movie_keyword  (cost=0.00..6.67 rows=299 width=0) (actual time=2.894..2.894 rows=19528 loops=1)
                                                         Index Cond: (keyword_id = k.id)
                                       ->  Index Scan using title_pkey on title t  (cost=0.43..0.50 rows=1 width=25) (actual time=0.005..0.005 rows=0 loops=19528)
                                             Index Cond: (id = mk.movie_id)
                                             Filter: ((production_year > 2010) AND (((title)::text ~~ '%murder%'::text) OR ((title)::text ~~ '%Murder%'::text) OR ((title)::text ~~ '%Mord%'::text)))
                                             Rows Removed by Filter: 1
                                 ->  Index Scan using movie_id_movie_info on movie_info mi  (cost=0.43..1.87 rows=2 width=8) (actual time=0.045..0.048 rows=1 loops=15)
                                       Index Cond: (movie_id = mk.movie_id)
                                       Filter: ((info)::text = ANY ('{Sweden,Norway,Germany,Denmark,Swedish,Denish,Norwegian,German,USA,American}'::text[]))
                                       Rows Removed by Filter: 12
                           ->  Seq Scan on info_type it1  (cost=0.00..2.41 rows=1 width=4) (actual time=0.003..0.003 rows=1 loops=8)
                                 Filter: ((info)::text = 'countries'::text)
                                 Rows Removed by Filter: 7
                     ->  Index Scan using movie_id_movie_info_idx on movie_info_idx mi_idx  (cost=0.43..0.50 rows=1 width=14) (actual time=0.012..0.012 rows=0 loops=8)
                           Index Cond: (movie_id = mk.movie_id)
                           Filter: ((info)::text > '6.0'::text)
                           Rows Removed by Filter: 1
               ->  Seq Scan on info_type it2  (cost=0.00..2.41 rows=1 width=4) (actual time=0.008..0.009 rows=1 loops=3)
                     Filter: ((info)::text = 'rating'::text)
                     Rows Removed by Filter: 104
         ->  Seq Scan on kind_type kt  (cost=0.00..1.09 rows=1 width=4) (actual time=0.006..0.006 rows=1 loops=2)
               Filter: ((kind)::text = 'movie'::text)
               Rows Removed by Filter: 3
 Planning Time: 6.555 ms
 Execution Time: 188.939 ms
(46 rows)

SET
                                                                                      QUERY PLAN                                                                                       
---------------------------------------------------------------------------------------------------------------------------------------------------------------------------------------
 Aggregate  (cost=7388.39..7388.40 rows=1 width=64) (actual time=764.152..764.153 rows=1 loops=1)
   ->  Nested Loop  (cost=8.04..7388.39 rows=1 width=23) (actual time=4.742..763.200 rows=4115 loops=1)
         Join Filter: (mi.info_type_id = it1.id)
         Rows Removed by Join Filter: 594
         ->  Nested Loop  (cost=8.04..7385.96 rows=1 width=27) (actual time=4.736..746.517 rows=4709 loops=1)
               Join Filter: (t.id = mi.movie_id)
               ->  Nested Loop  (cost=7.61..7384.06 rows=1 width=35) (actual time=4.662..359.194 rows=5949 loops=1)
                     Join Filter: (mi_idx.info_type_id = it2.id)
                     Rows Removed by Join Filter: 11839
                     ->  Seq Scan on info_type it2  (cost=0.00..2.41 rows=1 width=4) (actual time=0.012..0.013 rows=1 loops=1)
                           Filter: ((info)::text = 'rating'::text)
                           Rows Removed by Filter: 112
                     ->  Nested Loop  (cost=7.61..7381.10 rows=44 width=39) (actual time=4.646..357.333 rows=17788 loops=1)
                           Join Filter: (t.id = mi_idx.movie_id)
                           ->  Nested Loop  (cost=7.18..7373.07 rows=15 width=25) (actual time=4.624..310.794 rows=8073 loops=1)
                                 Join Filter: (t.kind_id = kt.id)
                                 Rows Removed by Join Filter: 4332
                                 ->  Nested Loop  (cost=7.18..7370.44 rows=54 width=29) (actual time=4.555..307.507 rows=9739 loops=1)
                                       ->  Nested Loop  (cost=6.75..7304.56 rows=135 width=4) (actual time=4.529..137.553 rows=37091 loops=1)
                                             ->  Seq Scan on keyword k  (cost=0.00..2961.55 rows=4 width=4) (actual time=1.179..21.603 rows=3 loops=1)
                                                   Filter: ((keyword IS NOT NULL) AND ((keyword)::text = ANY ('{murder,murder-in-title,blood,violence}'::text[])))
                                                   Rows Removed by Filter: 134167
                                             ->  Bitmap Heap Scan on movie_keyword mk  (cost=6.75..1082.76 rows=299 width=8) (actual time=3.385..37.195 rows=12364 loops=3)
                                                   Recheck Cond: (keyword_id = k.id)
                                                   Heap Blocks: exact=26312
                                                   ->  Bitmap Index Scan on keyword_id_movie_keyword  (cost=0.00..6.67 rows=299 width=0) (actual time=1.847..1.847 rows=12364 loops=3)
                                                         Index Cond: (keyword_id = k.id)
                                       ->  Index Scan using title_pkey on title t  (cost=0.43..0.49 rows=1 width=25) (actual time=0.004..0.004 rows=0 loops=37091)
                                             Index Cond: (id = mk.movie_id)
                                             Filter: (production_year > 2005)
                                             Rows Removed by Filter: 1
                                 ->  Materialize  (cost=0.00..1.10 rows=2 width=4) (actual time=0.000..0.000 rows=1 loops=9739)
                                       ->  Seq Scan on kind_type kt  (cost=0.00..1.09 rows=2 width=4) (actual time=0.014..0.015 rows=2 loops=1)
                                             Filter: ((kind)::text = ANY ('{movie,episode}'::text[]))
                                             Rows Removed by Filter: 5
                           ->  Index Scan using movie_id_movie_info_idx on movie_info_idx mi_idx  (cost=0.43..0.50 rows=3 width=14) (actual time=0.005..0.005 rows=2 loops=8073)
                                 Index Cond: (movie_id = mk.movie_id)
                                 Filter: ((info)::text < '8.5'::text)
                                 Rows Removed by Filter: 0
               ->  Index Scan using movie_id_movie_info on movie_info mi  (cost=0.43..1.87 rows=2 width=8) (actual time=0.056..0.065 rows=1 loops=5949)
                     Index Cond: (movie_id = mk.movie_id)
                     Filter: ((info)::text = ANY ('{Sweden,Norway,Germany,Denmark,Swedish,Danish,Norwegian,German,USA,American}'::text[]))
                     Rows Removed by Filter: 71
         ->  Seq Scan on info_type it1  (cost=0.00..2.41 rows=1 width=4) (actual time=0.002..0.003 rows=1 loops=4709)
               Filter: ((info)::text = 'countries'::text)
               Rows Removed by Filter: 20
 Planning Time: 6.374 ms
 Execution Time: 764.325 ms
(48 rows)

SET
                                                                                              QUERY PLAN                                                                                              
------------------------------------------------------------------------------------------------------------------------------------------------------------------------------------------------------
 Finalize Aggregate  (cost=51520.30..51520.31 rows=1 width=64) (actual time=330.444..330.445 rows=1 loops=1)
   ->  Gather  (cost=51520.08..51520.29 rows=2 width=64) (actual time=329.854..334.607 rows=3 loops=1)
         Workers Planned: 2
         Workers Launched: 2
         ->  Partial Aggregate  (cost=50520.08..50520.09 rows=1 width=64) (actual time=327.087..327.087 rows=1 loops=3)
               ->  Nested Loop  (cost=5354.18..50520.04 rows=7 width=59) (actual time=81.947..327.053 rows=109 loops=3)
                     ->  Nested Loop  (cost=5353.76..50516.97 rows=7 width=63) (actual time=81.909..326.486 rows=109 loops=3)
                           ->  Nested Loop  (cost=5353.33..50515.14 rows=1 width=75) (actual time=44.312..326.258 rows=19 loops=3)
                                 ->  Nested Loop  (cost=5353.19..50514.85 rows=1 width=79) (actual time=44.289..326.189 rows=19 loops=3)
                                       ->  Nested Loop  (cost=5353.06..50514.70 rows=1 width=83) (actual time=44.254..326.112 rows=19 loops=3)
                                             ->  Nested Loop  (cost=5352.62..48271.71 rows=1133 width=33) (actual time=25.374..239.499 rows=1711 loops=3)
                                                   ->  Nested Loop  (cost=5352.19..46344.74 rows=2083 width=12) (actual time=25.325..215.294 rows=4566 loops=3)
                                                         ->  Parallel Hash Join  (cost=5351.77..40470.46 rows=3000 width=8) (actual time=24.873..170.526 rows=14612 loops=3)
                                                               Hash Cond: (mc.company_id = cn.id)
                                                               ->  Parallel Seq Scan on movie_companies mc  (cost=0.00..35097.06 rows=8243 width=12) (actual time=0.024..139.452 rows=20555 loops=3)
                                                                     Filter: (((note)::text ~~ '%(200%)%'::text) AND ((note)::text ~~ '%(worldwide)%'::text))
                                                                     Rows Removed by Filter: 849155
                                                               ->  Parallel Hash  (cost=4722.92..4722.92 rows=50308 width=4) (actual time=24.302..24.302 rows=28281 loops=3)
                                                                     Buckets: 131072  Batches: 1  Memory Usage: 4352kB
                                                                     ->  Parallel Seq Scan on company_name cn  (cost=0.00..4722.92 rows=50308 width=4) (actual time=0.021..17.200 rows=28281 loops=3)
                                                                           Filter: ((country_code)::text = '[us]'::text)
                                                                           Rows Removed by Filter: 50051
                                                         ->  Index Only Scan using movie_id_aka_title on aka_title at  (cost=0.42..1.93 rows=3 width=4) (actual time=0.002..0.003 rows=0 loops=43837)
                                                               Index Cond: (movie_id = mc.movie_id)
                                                               Heap Fetches: 13699
                                                   ->  Index Scan using title_pkey on title t  (cost=0.43..0.93 rows=1 width=21) (actual time=0.005..0.005 rows=0 loops=13699)
                                                         Index Cond: (id = at.movie_id)
                                                         Filter: (production_year > 2000)
                                                         Rows Removed by Filter: 1
                                             ->  Index Scan using movie_id_movie_info on movie_info mi  (cost=0.43..1.97 rows=1 width=50) (actual time=0.050..0.050 rows=0 loops=5134)
                                                   Index Cond: (movie_id = t.id)
                                                   Filter: (((note)::text ~~ '%internet%'::text) AND ((info)::text ~~ 'USA:% 200%'::text))
                                                   Rows Removed by Filter: 72
                                       ->  Index Only Scan using company_type_pkey on company_type ct  (cost=0.13..0.15 rows=1 width=4) (actual time=0.003..0.003 rows=1 loops=57)
                                             Index Cond: (id = mc.company_type_id)
                                             Heap Fetches: 57
                                 ->  Index Scan using info_type_pkey on info_type it1  (cost=0.14..0.21 rows=1 width=4) (actual time=0.003..0.003 rows=1 loops=57)
                                       Index Cond: (id = mi.info_type_id)
                                       Filter: ((info)::text = 'release dates'::text)
                           ->  Index Scan using movie_id_movie_keyword on movie_keyword mk  (cost=0.43..1.36 rows=47 width=8) (actual time=0.010..0.011 rows=6 loops=57)
                                 Index Cond: (movie_id = t.id)
                     ->  Index Only Scan using keyword_pkey on keyword k  (cost=0.42..0.44 rows=1 width=4) (actual time=0.005..0.005 rows=1 loops=328)
                           Index Cond: (id = mk.keyword_id)
                           Heap Fetches: 328
 Planning Time: 14.932 ms
 Execution Time: 334.836 ms
(46 rows)

SET
                                                                                                      QUERY PLAN                                                                                                      
----------------------------------------------------------------------------------------------------------------------------------------------------------------------------------------------------------------------
 Finalize Aggregate  (cost=6425.67..6425.68 rows=1 width=64) (actual time=31.566..31.566 rows=1 loops=1)
   ->  Gather  (cost=6425.55..6425.66 rows=1 width=64) (actual time=31.497..33.238 rows=2 loops=1)
         Workers Planned: 1
         Workers Launched: 1
         ->  Partial Aggregate  (cost=5425.55..5425.56 rows=1 width=64) (actual time=29.431..29.431 rows=1 loops=2)
               ->  Nested Loop  (cost=2.84..5425.53 rows=5 width=59) (actual time=21.632..29.422 rows=18 loops=2)
                     ->  Nested Loop  (cost=2.42..5423.34 rows=5 width=63) (actual time=21.610..29.217 rows=18 loops=2)
                           ->  Nested Loop  (cost=1.99..5421.40 rows=1 width=75) (actual time=18.895..29.168 rows=2 loops=2)
                                 ->  Nested Loop  (cost=1.85..5421.11 rows=1 width=79) (actual time=18.887..29.156 rows=2 loops=2)
                                       ->  Nested Loop  (cost=1.41..5418.58 rows=1 width=29) (actual time=16.890..28.131 rows=13 loops=2)
                                             ->  Nested Loop  (cost=0.98..5417.65 rows=1 width=8) (actual time=16.864..27.867 rows=14 loops=2)
                                                   ->  Nested Loop  (cost=0.85..5417.49 rows=1 width=12) (actual time=16.845..27.829 rows=14 loops=2)
                                                         ->  Nested Loop  (cost=0.43..5415.54 rows=1 width=8) (actual time=16.480..26.931 rows=139 loops=2)
                                                               ->  Parallel Seq Scan on company_name cn  (cost=0.00..5068.50 rows=1 width=4) (actual time=16.437..22.883 rows=0 loops=2)
                                                                     Filter: (((country_code)::text = '[us]'::text) AND ((name)::text = 'YouTube'::text))
                                                                     Rows Removed by Filter: 117498
                                                               ->  Index Scan using company_id_movie_companies on movie_companies mc  (cost=0.43..347.02 rows=1 width=12) (actual time=0.082..8.059 rows=278 loops=1)
                                                                     Index Cond: (company_id = cn.id)
                                                                     Filter: (((note)::text ~~ '%(200%)%'::text) AND ((note)::text ~~ '%(worldwide)%'::text))
                                                                     Rows Removed by Filter: 1180
                                                         ->  Index Only Scan using movie_id_aka_title on aka_title at  (cost=0.42..1.93 rows=3 width=4) (actual time=0.006..0.006 rows=0 loops=278)
                                                               Index Cond: (movie_id = mc.movie_id)
                                                               Heap Fetches: 27
                                                   ->  Index Only Scan using company_type_pkey on company_type ct  (cost=0.13..0.15 rows=1 width=4) (actual time=0.002..0.002 rows=1 loops=27)
                                                         Index Cond: (id = mc.company_type_id)
                                                         Heap Fetches: 27
                                             ->  Index Scan using title_pkey on title t  (cost=0.43..0.93 rows=1 width=21) (actual time=0.019..0.019 rows=1 loops=27)
                                                   Index Cond: (id = at.movie_id)
                                                   Filter: ((production_year >= 2005) AND (production_year <= 2010))
                                                   Rows Removed by Filter: 0
                                       ->  Index Scan using movie_id_movie_info on movie_info mi  (cost=0.43..2.53 rows=1 width=50) (actual time=0.074..0.078 rows=0 loops=26)
                                             Index Cond: (movie_id = t.id)
                                             Filter: (((note)::text ~~ '%internet%'::text) AND ((info)::text ~~ 'USA:% 200%'::text))
                                             Rows Removed by Filter: 19
                                 ->  Index Scan using info_type_pkey on info_type it1  (cost=0.14..0.21 rows=1 width=4) (actual time=0.006..0.006 rows=1 loops=3)
                                       Index Cond: (id = mi.info_type_id)
                                       Filter: ((info)::text = 'release dates'::text)
                           ->  Index Scan using movie_id_movie_keyword on movie_keyword mk  (cost=0.43..1.46 rows=47 width=8) (actual time=0.028..0.030 rows=12 loops=3)
                                 Index Cond: (movie_id = t.id)
                     ->  Index Only Scan using keyword_pkey on keyword k  (cost=0.42..0.44 rows=1 width=4) (actual time=0.011..0.011 rows=1 loops=37)
                           Index Cond: (id = mk.keyword_id)
                           Heap Fetches: 37
 Planning Time: 15.199 ms
 Execution Time: 33.459 ms
(44 rows)

SET
                                                                                                          QUERY PLAN                                                                                                          
------------------------------------------------------------------------------------------------------------------------------------------------------------------------------------------------------------------------------
 Finalize Aggregate  (cost=271194.30..271194.31 rows=1 width=64) (actual time=597.728..597.729 rows=1 loops=1)
   ->  Gather  (cost=271194.08..271194.29 rows=2 width=64) (actual time=597.605..601.796 rows=3 loops=1)
         Workers Planned: 2
         Workers Launched: 2
         ->  Partial Aggregate  (cost=270194.08..270194.09 rows=1 width=64) (actual time=594.810..594.810 rows=1 loops=3)
               ->  Nested Loop  (cost=5.11..270193.85 rows=46 width=59) (actual time=154.510..594.670 rows=757 loops=3)
                     Join Filter: (t.id = at.movie_id)
                     ->  Nested Loop  (cost=4.69..270184.51 rows=18 width=75) (actual time=146.001..589.909 rows=2655 loops=3)
                           ->  Nested Loop  (cost=4.27..270176.61 rows=18 width=79) (actual time=145.970..581.644 rows=2655 loops=3)
                                 ->  Nested Loop  (cost=3.84..270174.80 rows=1 width=71) (actual time=145.811..575.049 rows=882 loops=3)
                                       ->  Nested Loop  (cost=3.71..270174.65 rows=1 width=75) (actual time=145.784..573.768 rows=882 loops=3)
                                             ->  Nested Loop  (cost=3.29..270172.87 rows=4 width=79) (actual time=145.670..567.694 rows=961 loops=3)
                                                   ->  Nested Loop  (cost=2.86..270172.24 rows=1 width=67) (actual time=145.631..558.380 rows=594 loops=3)
                                                         ->  Hash Join  (cost=2.43..270163.87 rows=1 width=46) (actual time=145.584..549.747 rows=594 loops=3)
                                                               Hash Cond: (mi.info_type_id = it1.id)
                                                               ->  Parallel Seq Scan on movie_info mi  (cost=0.00..270161.12 rows=119 width=50) (actual time=145.432..549.428 rows=594 loops=3)
                                                                     Filter: ((info IS NOT NULL) AND ((note)::text ~~ '%internet%'::text) AND (((info)::text ~~ 'USA:% 199%'::text) OR ((info)::text ~~ 'USA:% 200%'::text)))
                                                                     Rows Removed by Filter: 4944646
                                                               ->  Hash  (cost=2.41..2.41 rows=1 width=4) (actual time=0.034..0.034 rows=1 loops=3)
                                                                     Buckets: 1024  Batches: 1  Memory Usage: 9kB
                                                                     ->  Seq Scan on info_type it1  (cost=0.00..2.41 rows=1 width=4) (actual time=0.020..0.026 rows=1 loops=3)
                                                                           Filter: ((info)::text = 'release dates'::text)
                                                                           Rows Removed by Filter: 112
                                                         ->  Index Scan using title_pkey on title t  (cost=0.43..8.37 rows=1 width=21) (actual time=0.014..0.014 rows=1 loops=1783)
                                                               Index Cond: (id = mi.movie_id)
                                                               Filter: (production_year > 1990)
                                                               Rows Removed by Filter: 0
                                                   ->  Index Scan using movie_id_movie_companies on movie_companies mc  (cost=0.43..0.58 rows=5 width=12) (actual time=0.012..0.015 rows=2 loops=1782)
                                                         Index Cond: (movie_id = t.id)
                                             ->  Index Scan using company_name_pkey on company_name cn  (cost=0.42..0.45 rows=1 width=4) (actual time=0.006..0.006 rows=1 loops=2884)
                                                   Index Cond: (id = mc.company_id)
                                                   Filter: ((country_code)::text = '[us]'::text)
                                                   Rows Removed by Filter: 0
                                       ->  Index Only Scan using company_type_pkey on company_type ct  (cost=0.13..0.15 rows=1 width=4) (actual time=0.001..0.001 rows=1 loops=2647)
                                             Index Cond: (id = mc.company_type_id)
                                             Heap Fetches: 2647
                                 ->  Index Scan using movie_id_movie_keyword on movie_keyword mk  (cost=0.43..1.34 rows=47 width=8) (actual time=0.006..0.007 rows=3 loops=2647)
                                       Index Cond: (movie_id = t.id)
                           ->  Index Only Scan using keyword_pkey on keyword k  (cost=0.42..0.44 rows=1 width=4) (actual time=0.003..0.003 rows=1 loops=7964)
                                 Index Cond: (id = mk.keyword_id)
                                 Heap Fetches: 7964
                     ->  Index Only Scan using movie_id_aka_title on aka_title at  (cost=0.42..0.48 rows=3 width=4) (actual time=0.001..0.002 rows=0 loops=7964)
                           Index Cond: (movie_id = mk.movie_id)
                           Heap Fetches: 2271
 Planning Time: 15.086 ms
 Execution Time: 602.051 ms
(46 rows)

SET
                                                                                               QUERY PLAN                                                                                               
--------------------------------------------------------------------------------------------------------------------------------------------------------------------------------------------------------
 Finalize Aggregate  (cost=241312.72..241312.73 rows=1 width=64) (actual time=669.550..669.551 rows=1 loops=1)
   ->  Gather  (cost=241312.50..241312.71 rows=2 width=64) (actual time=669.441..675.365 rows=3 loops=1)
         Workers Planned: 2
         Workers Launched: 2
         ->  Partial Aggregate  (cost=240312.50..240312.51 rows=1 width=64) (actual time=666.617..666.618 rows=1 loops=3)
               ->  Nested Loop  (cost=6.07..240304.29 rows=1642 width=38) (actual time=140.838..666.022 rows=3782 loops=3)
                     Join Filter: (t.id = at.movie_id)
                     ->  Nested Loop  (cost=5.65..239970.15 rows=644 width=33) (actual time=136.003..651.778 rows=8521 loops=3)
                           ->  Nested Loop  (cost=5.23..239687.65 rows=644 width=37) (actual time=135.967..631.094 rows=8521 loops=3)
                                 ->  Hash Join  (cost=4.80..239595.35 rows=51 width=29) (actual time=135.894..612.610 rows=3286 loops=3)
                                       Hash Cond: (mc.company_type_id = ct.id)
                                       ->  Nested Loop  (cost=3.71..239593.98 rows=51 width=33) (actual time=135.802..611.698 rows=3286 loops=3)
                                             ->  Nested Loop  (cost=3.29..239532.04 rows=139 width=37) (actual time=135.772..590.925 rows=4792 loops=3)
                                                   ->  Nested Loop  (cost=2.86..239514.48 rows=28 width=25) (actual time=135.665..556.172 rows=3554 loops=3)
                                                         ->  Hash Join  (cost=2.43..239268.23 rows=40 width=4) (actual time=135.620..520.963 rows=3560 loops=3)
                                                               Hash Cond: (mi.info_type_id = it1.id)
                                                               ->  Parallel Seq Scan on movie_info mi  (cost=0.00..239253.38 rows=4567 width=8) (actual time=20.300..520.037 rows=3603 loops=3)
                                                                     Filter: ((note)::text ~~ '%internet%'::text)
                                                                     Rows Removed by Filter: 4941637
                                                               ->  Hash  (cost=2.41..2.41 rows=1 width=4) (actual time=0.024..0.025 rows=1 loops=3)
                                                                     Buckets: 1024  Batches: 1  Memory Usage: 9kB
                                                                     ->  Seq Scan on info_type it1  (cost=0.00..2.41 rows=1 width=4) (actual time=0.013..0.020 rows=1 loops=3)
                                                                           Filter: ((info)::text = 'release dates'::text)
                                                                           Rows Removed by Filter: 112
                                                         ->  Index Scan using title_pkey on title t  (cost=0.43..6.16 rows=1 width=21) (actual time=0.009..0.009 rows=1 loops=10679)
                                                               Index Cond: (id = mi.movie_id)
                                                               Filter: (production_year > 1990)
                                                               Rows Removed by Filter: 0
                                                   ->  Index Scan using movie_id_movie_companies on movie_companies mc  (cost=0.43..0.58 rows=5 width=12) (actual time=0.008..0.009 rows=1 loops=10662)
                                                         Index Cond: (movie_id = t.id)
                                             ->  Index Scan using company_name_pkey on company_name cn  (cost=0.42..0.45 rows=1 width=4) (actual time=0.004..0.004 rows=1 loops=14377)
                                                   Index Cond: (id = mc.company_id)
                                                   Filter: ((country_code)::text = '[us]'::text)
                                                   Rows Removed by Filter: 0
                                       ->  Hash  (cost=1.04..1.04 rows=4 width=4) (actual time=0.026..0.026 rows=4 loops=3)
                                             Buckets: 1024  Batches: 1  Memory Usage: 9kB
                                             ->  Seq Scan on company_type ct  (cost=0.00..1.04 rows=4 width=4) (actual time=0.019..0.020 rows=4 loops=3)
                                 ->  Index Scan using movie_id_movie_keyword on movie_keyword mk  (cost=0.43..1.34 rows=47 width=8) (actual time=0.005..0.005 rows=3 loops=9857)
                                       Index Cond: (movie_id = t.id)
                           ->  Index Only Scan using keyword_pkey on keyword k  (cost=0.42..0.44 rows=1 width=4) (actual time=0.002..0.002 rows=1 loops=25564)
                                 Index Cond: (id = mk.keyword_id)
                                 Heap Fetches: 25564
                     ->  Index Scan using movie_id_aka_title on aka_title at  (cost=0.42..0.48 rows=3 width=25) (actual time=0.001..0.001 rows=0 loops=25564)
                           Index Cond: (movie_id = mk.movie_id)
 Planning Time: 15.144 ms
 Execution Time: 675.620 ms
(46 rows)

SET
                                                                                      QUERY PLAN                                                                                       
---------------------------------------------------------------------------------------------------------------------------------------------------------------------------------------
 Aggregate  (cost=3786.91..3786.92 rows=1 width=64) (actual time=269.518..269.519 rows=1 loops=1)
   ->  Nested Loop  (cost=9.45..3786.52 rows=79 width=33) (actual time=17.056..269.440 rows=385 loops=1)
         Join Filter: (n.id = an.person_id)
         ->  Nested Loop  (cost=9.02..3770.95 rows=32 width=25) (actual time=17.026..267.186 rows=323 loops=1)
               ->  Nested Loop  (cost=8.59..3756.39 rows=32 width=21) (actual time=16.992..264.472 rows=323 loops=1)
                     Join Filter: (t.id = ci.movie_id)
                     ->  Nested Loop  (cost=8.03..3752.42 rows=2 width=29) (actual time=16.965..263.082 rows=25 loops=1)
                           ->  Nested Loop  (cost=7.61..3750.19 rows=5 width=33) (actual time=16.777..262.716 rows=54 loops=1)
                                 Join Filter: (t.id = mc.movie_id)
                                 ->  Nested Loop  (cost=7.18..3749.59 rows=1 width=25) (actual time=14.007..262.032 rows=146 loops=1)
                                       ->  Nested Loop  (cost=6.75..3732.91 rows=34 width=4) (actual time=6.719..76.440 rows=41840 loops=1)
                                             ->  Seq Scan on keyword k  (cost=0.00..2626.12 rows=1 width=4) (actual time=0.661..11.822 rows=1 loops=1)
                                                   Filter: ((keyword)::text = 'character-name-in-title'::text)
                                                   Rows Removed by Filter: 134169
                                             ->  Bitmap Heap Scan on movie_keyword mk  (cost=6.75..1103.80 rows=299 width=8) (actual time=6.055..60.254 rows=41840 loops=1)
                                                   Recheck Cond: (keyword_id = k.id)
                                                   Heap Blocks: exact=11541
                                                   ->  Bitmap Index Scan on keyword_id_movie_keyword  (cost=0.00..6.67 rows=299 width=0) (actual time=3.997..3.997 rows=41840 loops=1)
                                                         Index Cond: (keyword_id = k.id)
                                       ->  Index Scan using title_pkey on title t  (cost=0.43..0.49 rows=1 width=21) (actual time=0.004..0.004 rows=0 loops=41840)
                                             Index Cond: (id = mk.movie_id)
                                             Filter: ((episode_nr >= 50) AND (episode_nr < 100))
                                             Rows Removed by Filter: 1
                                 ->  Index Scan using movie_id_movie_companies on movie_companies mc  (cost=0.43..0.54 rows=5 width=8) (actual time=0.004..0.004 rows=0 loops=146)
                                       Index Cond: (movie_id = mk.movie_id)
                           ->  Index Scan using company_name_pkey on company_name cn  (cost=0.42..0.45 rows=1 width=4) (actual time=0.006..0.006 rows=0 loops=54)
                                 Index Cond: (id = mc.company_id)
                                 Filter: ((country_code)::text = '[us]'::text)
                                 Rows Removed by Filter: 1
                     ->  Index Scan using movie_id_cast_info on cast_info ci  (cost=0.56..1.52 rows=37 width=8) (actual time=0.013..0.053 rows=13 loops=25)
                           Index Cond: (movie_id = mk.movie_id)
               ->  Index Only Scan using name_pkey on name n  (cost=0.43..0.45 rows=1 width=4) (actual time=0.008..0.008 rows=1 loops=323)
                     Index Cond: (id = ci.person_id)
                     Heap Fetches: 323
         ->  Index Scan using person_id_aka_name on aka_name an  (cost=0.42..0.46 rows=2 width=20) (actual time=0.006..0.007 rows=1 loops=323)
               Index Cond: (person_id = ci.person_id)
 Planning Time: 8.386 ms
 Execution Time: 269.764 ms
(38 rows)

SET
                                                                                      QUERY PLAN                                                                                       
---------------------------------------------------------------------------------------------------------------------------------------------------------------------------------------
 Aggregate  (cost=5116.99..5117.00 rows=1 width=64) (actual time=21595.815..21595.815 rows=1 loops=1)
   ->  Nested Loop  (cost=9.45..5102.20 rows=2957 width=33) (actual time=7.270..21045.721 rows=3710592 loops=1)
         Join Filter: (n.id = an.person_id)
         ->  Nested Loop  (cost=9.02..4515.45 rows=1206 width=25) (actual time=7.237..13458.085 rows=2832555 loops=1)
               ->  Nested Loop  (cost=8.59..3966.84 rows=1206 width=21) (actual time=7.203..4741.208 rows=2832555 loops=1)
                     Join Filter: (t.id = ci.movie_id)
                     ->  Nested Loop  (cost=8.03..3845.67 rows=61 width=29) (actual time=6.806..1133.593 rows=68316 loops=1)
                           ->  Nested Loop  (cost=7.61..3769.92 rows=170 width=33) (actual time=6.748..530.721 rows=148552 loops=1)
                                 Join Filter: (t.id = mc.movie_id)
                                 ->  Nested Loop  (cost=7.18..3749.42 rows=34 width=25) (actual time=6.697..311.186 rows=41840 loops=1)
                                       ->  Nested Loop  (cost=6.75..3732.91 rows=34 width=4) (actual time=6.677..85.741 rows=41840 loops=1)
                                             ->  Seq Scan on keyword k  (cost=0.00..2626.12 rows=1 width=4) (actual time=0.665..11.720 rows=1 loops=1)
                                                   Filter: ((keyword)::text = 'character-name-in-title'::text)
                                                   Rows Removed by Filter: 134169
                                             ->  Bitmap Heap Scan on movie_keyword mk  (cost=6.75..1103.80 rows=299 width=8) (actual time=6.009..66.627 rows=41840 loops=1)
                                                   Recheck Cond: (keyword_id = k.id)
                                                   Heap Blocks: exact=11541
                                                   ->  Bitmap Index Scan on keyword_id_movie_keyword  (cost=0.00..6.67 rows=299 width=0) (actual time=3.948..3.948 rows=41840 loops=1)
                                                         Index Cond: (keyword_id = k.id)
                                       ->  Index Scan using title_pkey on title t  (cost=0.43..0.49 rows=1 width=21) (actual time=0.005..0.005 rows=1 loops=41840)
                                             Index Cond: (id = mk.movie_id)
                                 ->  Index Scan using movie_id_movie_companies on movie_companies mc  (cost=0.43..0.54 rows=5 width=8) (actual time=0.003..0.004 rows=4 loops=41840)
                                       Index Cond: (movie_id = mk.movie_id)
                           ->  Index Scan using company_name_pkey on company_name cn  (cost=0.42..0.45 rows=1 width=4) (actual time=0.004..0.004 rows=0 loops=148552)
                                 Index Cond: (id = mc.company_id)
                                 Filter: ((country_code)::text = '[us]'::text)
                                 Rows Removed by Filter: 1
                     ->  Index Scan using movie_id_cast_info on cast_info ci  (cost=0.56..1.52 rows=37 width=8) (actual time=0.004..0.046 rows=41 loops=68316)
                           Index Cond: (movie_id = mk.movie_id)
               ->  Index Only Scan using name_pkey on name n  (cost=0.43..0.45 rows=1 width=4) (actual time=0.003..0.003 rows=1 loops=2832555)
                     Index Cond: (id = ci.person_id)
                     Heap Fetches: 2832555
         ->  Index Scan using person_id_aka_name on aka_name an  (cost=0.42..0.46 rows=2 width=20) (actual time=0.002..0.002 rows=1 loops=2832555)
               Index Cond: (person_id = ci.person_id)
 Planning Time: 8.246 ms
 Execution Time: 21596.106 ms
(36 rows)

SET
                                                                                      QUERY PLAN                                                                                       
---------------------------------------------------------------------------------------------------------------------------------------------------------------------------------------
 Aggregate  (cost=4258.35..4258.36 rows=1 width=64) (actual time=1837.178..1837.178 rows=1 loops=1)
   ->  Nested Loop  (cost=9.45..4252.86 rows=1097 width=33) (actual time=7.275..1788.361 rows=319932 loops=1)
         Join Filter: (n.id = an.person_id)
         ->  Nested Loop  (cost=9.02..4034.90 rows=448 width=25) (actual time=7.249..1195.009 rows=221609 loops=1)
               ->  Nested Loop  (cost=8.59..3831.10 rows=448 width=21) (actual time=7.212..559.268 rows=221609 loops=1)
                     Join Filter: (t.id = ci.movie_id)
                     ->  Nested Loop  (cost=8.03..3785.41 rows=23 width=29) (actual time=7.186..276.981 rows=8538 loops=1)
                           ->  Nested Loop  (cost=7.61..3757.34 rows=63 width=33) (actual time=6.811..247.907 rows=11406 loops=1)
                                 Join Filter: (t.id = mc.movie_id)
                                 ->  Nested Loop  (cost=7.18..3749.50 rows=13 width=25) (actual time=6.730..222.623 rows=6926 loops=1)
                                       ->  Nested Loop  (cost=6.75..3732.91 rows=34 width=4) (actual time=6.713..69.014 rows=41840 loops=1)
                                             ->  Seq Scan on keyword k  (cost=0.00..2626.12 rows=1 width=4) (actual time=0.661..11.744 rows=1 loops=1)
                                                   Filter: ((keyword)::text = 'character-name-in-title'::text)
                                                   Rows Removed by Filter: 134169
                                             ->  Bitmap Heap Scan on movie_keyword mk  (cost=6.75..1103.80 rows=299 width=8) (actual time=6.049..52.500 rows=41840 loops=1)
                                                   Recheck Cond: (keyword_id = k.id)
                                                   Heap Blocks: exact=11541
                                                   ->  Bitmap Index Scan on keyword_id_movie_keyword  (cost=0.00..6.67 rows=299 width=0) (actual time=3.978..3.978 rows=41840 loops=1)
                                                         Index Cond: (keyword_id = k.id)
                                       ->  Index Scan using title_pkey on title t  (cost=0.43..0.49 rows=1 width=21) (actual time=0.003..0.003 rows=0 loops=41840)
                                             Index Cond: (id = mk.movie_id)
                                             Filter: (episode_nr < 100)
                                             Rows Removed by Filter: 1
                                 ->  Index Scan using movie_id_movie_companies on movie_companies mc  (cost=0.43..0.54 rows=5 width=8) (actual time=0.002..0.003 rows=2 loops=6926)
                                       Index Cond: (movie_id = mk.movie_id)
                           ->  Index Scan using company_name_pkey on company_name cn  (cost=0.42..0.45 rows=1 width=4) (actual time=0.002..0.002 rows=1 loops=11406)
                                 Index Cond: (id = mc.company_id)
                                 Filter: ((country_code)::text = '[us]'::text)
                                 Rows Removed by Filter: 0
                     ->  Index Scan using movie_id_cast_info on cast_info ci  (cost=0.56..1.52 rows=37 width=8) (actual time=0.004..0.029 rows=26 loops=8538)
                           Index Cond: (movie_id = mk.movie_id)
               ->  Index Only Scan using name_pkey on name n  (cost=0.43..0.45 rows=1 width=4) (actual time=0.003..0.003 rows=1 loops=221609)
                     Index Cond: (id = ci.person_id)
                     Heap Fetches: 221609
         ->  Index Scan using person_id_aka_name on aka_name an  (cost=0.42..0.46 rows=2 width=20) (actual time=0.002..0.002 rows=1 loops=221609)
               Index Cond: (person_id = ci.person_id)
 Planning Time: 8.308 ms
 Execution Time: 1837.425 ms
(38 rows)

SET
                                                                                      QUERY PLAN                                                                                       
---------------------------------------------------------------------------------------------------------------------------------------------------------------------------------------
 Aggregate  (cost=4117.25..4117.26 rows=1 width=64) (actual time=1491.491..1491.491 rows=1 loops=1)
   ->  Nested Loop  (cost=9.45..4113.26 rows=798 width=33) (actual time=7.237..1453.878 rows=249455 loops=1)
         Join Filter: (n.id = an.person_id)
         ->  Nested Loop  (cost=9.02..3955.14 rows=325 width=25) (actual time=7.209..987.703 rows=169273 loops=1)
               ->  Nested Loop  (cost=8.59..3807.29 rows=325 width=21) (actual time=7.171..490.451 rows=169273 loops=1)
                     Join Filter: (t.id = ci.movie_id)
                     ->  Nested Loop  (cost=8.03..3775.51 rows=16 width=29) (actual time=7.144..267.510 rows=6766 loops=1)
                           ->  Nested Loop  (cost=7.61..3755.01 rows=46 width=33) (actual time=6.791..244.950 rows=8661 loops=1)
                                 Join Filter: (t.id = mc.movie_id)
                                 ->  Nested Loop  (cost=7.18..3749.59 rows=9 width=25) (actual time=6.709..224.621 rows=5385 loops=1)
                                       ->  Nested Loop  (cost=6.75..3732.91 rows=34 width=4) (actual time=6.689..69.184 rows=41840 loops=1)
                                             ->  Seq Scan on keyword k  (cost=0.00..2626.12 rows=1 width=4) (actual time=0.658..11.725 rows=1 loops=1)
                                                   Filter: ((keyword)::text = 'character-name-in-title'::text)
                                                   Rows Removed by Filter: 134169
                                             ->  Bitmap Heap Scan on movie_keyword mk  (cost=6.75..1103.80 rows=299 width=8) (actual time=6.027..52.838 rows=41840 loops=1)
                                                   Recheck Cond: (keyword_id = k.id)
                                                   Heap Blocks: exact=11541
                                                   ->  Bitmap Index Scan on keyword_id_movie_keyword  (cost=0.00..6.67 rows=299 width=0) (actual time=3.969..3.969 rows=41840 loops=1)
                                                         Index Cond: (keyword_id = k.id)
                                       ->  Index Scan using title_pkey on title t  (cost=0.43..0.49 rows=1 width=21) (actual time=0.004..0.004 rows=0 loops=41840)
                                             Index Cond: (id = mk.movie_id)
                                             Filter: ((episode_nr >= 5) AND (episode_nr < 100))
                                             Rows Removed by Filter: 1
                                 ->  Index Scan using movie_id_movie_companies on movie_companies mc  (cost=0.43..0.54 rows=5 width=8) (actual time=0.002..0.003 rows=2 loops=5385)
                                       Index Cond: (movie_id = mk.movie_id)
                           ->  Index Scan using company_name_pkey on company_name cn  (cost=0.42..0.45 rows=1 width=4) (actual time=0.002..0.002 rows=1 loops=8661)
                                 Index Cond: (id = mc.company_id)
                                 Filter: ((country_code)::text = '[us]'::text)
                                 Rows Removed by Filter: 0
                     ->  Index Scan using movie_id_cast_info on cast_info ci  (cost=0.56..1.52 rows=37 width=8) (actual time=0.004..0.029 rows=25 loops=6766)
                           Index Cond: (movie_id = mk.movie_id)
               ->  Index Only Scan using name_pkey on name n  (cost=0.43..0.45 rows=1 width=4) (actual time=0.003..0.003 rows=1 loops=169273)
                     Index Cond: (id = ci.person_id)
                     Heap Fetches: 169273
         ->  Index Scan using person_id_aka_name on aka_name an  (cost=0.42..0.46 rows=2 width=20) (actual time=0.002..0.002 rows=1 loops=169273)
               Index Cond: (person_id = ci.person_id)
 Planning Time: 8.442 ms
 Execution Time: 1491.803 ms
(38 rows)

SET
                                                                                   QUERY PLAN                                                                                    
---------------------------------------------------------------------------------------------------------------------------------------------------------------------------------
 Aggregate  (cost=4518.95..4518.96 rows=1 width=64) (actual time=12752.491..12752.491 rows=1 loops=1)
   ->  Nested Loop  (cost=9.02..4518.46 rows=97 width=15) (actual time=7.252..12718.425 rows=258289 loops=1)
         ->  Nested Loop  (cost=8.59..3966.84 rows=1206 width=4) (actual time=7.188..4465.770 rows=2832555 loops=1)
               Join Filter: (t.id = ci.movie_id)
               ->  Nested Loop  (cost=8.03..3845.67 rows=61 width=12) (actual time=6.796..1050.532 rows=68316 loops=1)
                     ->  Nested Loop  (cost=7.61..3769.92 rows=170 width=16) (actual time=6.736..499.133 rows=148552 loops=1)
                           Join Filter: (t.id = mc.movie_id)
                           ->  Nested Loop  (cost=7.18..3749.42 rows=34 width=8) (actual time=6.680..291.829 rows=41840 loops=1)
                                 ->  Nested Loop  (cost=6.75..3732.91 rows=34 width=4) (actual time=6.662..81.327 rows=41840 loops=1)
                                       ->  Seq Scan on keyword k  (cost=0.00..2626.12 rows=1 width=4) (actual time=0.653..11.766 rows=1 loops=1)
                                             Filter: ((keyword)::text = 'character-name-in-title'::text)
                                             Rows Removed by Filter: 134169
                                       ->  Bitmap Heap Scan on movie_keyword mk  (cost=6.75..1103.80 rows=299 width=8) (actual time=6.005..62.782 rows=41840 loops=1)
                                             Recheck Cond: (keyword_id = k.id)
                                             Heap Blocks: exact=11541
                                             ->  Bitmap Index Scan on keyword_id_movie_keyword  (cost=0.00..6.67 rows=299 width=0) (actual time=3.941..3.941 rows=41840 loops=1)
                                                   Index Cond: (keyword_id = k.id)
                                 ->  Index Only Scan using title_pkey on title t  (cost=0.43..0.49 rows=1 width=4) (actual time=0.005..0.005 rows=1 loops=41840)
                                       Index Cond: (id = mk.movie_id)
                                       Heap Fetches: 41840
                           ->  Index Scan using movie_id_movie_companies on movie_companies mc  (cost=0.43..0.54 rows=5 width=8) (actual time=0.003..0.004 rows=4 loops=41840)
                                 Index Cond: (movie_id = mk.movie_id)
                     ->  Index Scan using company_name_pkey on company_name cn  (cost=0.42..0.45 rows=1 width=4) (actual time=0.003..0.003 rows=0 loops=148552)
                           Index Cond: (id = mc.company_id)
                           Filter: ((country_code)::text = '[us]'::text)
                           Rows Removed by Filter: 1
               ->  Index Scan using movie_id_cast_info on cast_info ci  (cost=0.56..1.52 rows=37 width=8) (actual time=0.004..0.044 rows=41 loops=68316)
                     Index Cond: (movie_id = mk.movie_id)
         ->  Index Scan using name_pkey on name n  (cost=0.43..0.46 rows=1 width=19) (actual time=0.003..0.003 rows=0 loops=2832555)
               Index Cond: (id = ci.person_id)
               Filter: ((name)::text ~~ 'B%'::text)
               Rows Removed by Filter: 1
 Planning Time: 5.300 ms
 Execution Time: 12752.787 ms
(34 rows)

SET
                                                                                   QUERY PLAN                                                                                    
---------------------------------------------------------------------------------------------------------------------------------------------------------------------------------
 Aggregate  (cost=4395.31..4395.32 rows=1 width=64) (actual time=9217.981..9217.981 rows=1 loops=1)
   ->  Nested Loop  (cost=9.02..4395.14 rows=33 width=15) (actual time=13.622..9210.587 rows=52306 loops=1)
         ->  Nested Loop  (cost=8.60..4380.52 rows=33 width=19) (actual time=13.606..9023.366 rows=52306 loops=1)
               ->  Nested Loop  (cost=8.17..4373.10 rows=13 width=27) (actual time=13.582..8964.490 rows=6642 loops=1)
                     ->  Nested Loop  (cost=7.74..4367.22 rows=13 width=23) (actual time=13.561..8922.467 rows=6642 loops=1)
                           ->  Nested Loop  (cost=7.31..3797.31 rows=1246 width=12) (actual time=6.818..3132.298 rows=1038393 loops=1)
                                 ->  Nested Loop  (cost=6.75..3732.91 rows=34 width=4) (actual time=6.793..80.063 rows=41840 loops=1)
                                       ->  Seq Scan on keyword k  (cost=0.00..2626.12 rows=1 width=4) (actual time=0.670..11.637 rows=1 loops=1)
                                             Filter: ((keyword)::text = 'character-name-in-title'::text)
                                             Rows Removed by Filter: 134169
                                       ->  Bitmap Heap Scan on movie_keyword mk  (cost=6.75..1103.80 rows=299 width=8) (actual time=6.120..61.088 rows=41840 loops=1)
                                             Recheck Cond: (keyword_id = k.id)
                                             Heap Blocks: exact=11541
                                             ->  Bitmap Index Scan on keyword_id_movie_keyword  (cost=0.00..6.67 rows=299 width=0) (actual time=4.061..4.061 rows=41840 loops=1)
                                                   Index Cond: (keyword_id = k.id)
                                 ->  Index Scan using movie_id_cast_info on cast_info ci  (cost=0.56..1.52 rows=37 width=8) (actual time=0.006..0.069 rows=25 loops=41840)
                                       Index Cond: (movie_id = mk.movie_id)
                           ->  Index Scan using name_pkey on name n  (cost=0.43..0.46 rows=1 width=19) (actual time=0.005..0.005 rows=0 loops=1038393)
                                 Index Cond: (id = ci.person_id)
                                 Filter: ((name)::text ~~ 'Z%'::text)
                                 Rows Removed by Filter: 1
                     ->  Index Only Scan using title_pkey on title t  (cost=0.43..0.45 rows=1 width=4) (actual time=0.006..0.006 rows=1 loops=6642)
                           Index Cond: (id = ci.movie_id)
                           Heap Fetches: 6642
               ->  Index Scan using movie_id_movie_companies on movie_companies mc  (cost=0.43..0.52 rows=5 width=8) (actual time=0.005..0.008 rows=8 loops=6642)
                     Index Cond: (movie_id = ci.movie_id)
         ->  Index Only Scan using company_name_pkey on company_name cn  (cost=0.42..0.44 rows=1 width=4) (actual time=0.003..0.003 rows=1 loops=52306)
               Index Cond: (id = mc.company_id)
               Heap Fetches: 52306
 Planning Time: 5.252 ms
 Execution Time: 9218.222 ms
(31 rows)

SET
                                                                                   QUERY PLAN                                                                                    
---------------------------------------------------------------------------------------------------------------------------------------------------------------------------------
 Aggregate  (cost=4368.70..4368.71 rows=1 width=64) (actual time=8798.944..8798.944 rows=1 loops=1)
   ->  Nested Loop  (cost=9.02..4368.69 rows=1 width=15) (actual time=94.926..8798.523 rows=1918 loops=1)
         ->  Nested Loop  (cost=8.59..4368.24 rows=1 width=27) (actual time=94.901..8793.216 rows=1918 loops=1)
               ->  Nested Loop  (cost=8.17..4367.80 rows=1 width=31) (actual time=94.880..8782.214 rows=1918 loops=1)
                     ->  Nested Loop  (cost=7.74..4367.23 rows=1 width=23) (actual time=94.863..8778.550 rows=250 loops=1)
                           ->  Nested Loop  (cost=7.31..3797.31 rows=1246 width=12) (actual time=6.697..3085.041 rows=1038393 loops=1)
                                 ->  Nested Loop  (cost=6.75..3732.91 rows=34 width=4) (actual time=6.672..78.872 rows=41840 loops=1)
                                       ->  Seq Scan on keyword k  (cost=0.00..2626.12 rows=1 width=4) (actual time=0.645..11.672 rows=1 loops=1)
                                             Filter: ((keyword)::text = 'character-name-in-title'::text)
                                             Rows Removed by Filter: 134169
                                       ->  Bitmap Heap Scan on movie_keyword mk  (cost=6.75..1103.80 rows=299 width=8) (actual time=6.022..59.765 rows=41840 loops=1)
                                             Recheck Cond: (keyword_id = k.id)
                                             Heap Blocks: exact=11541
                                             ->  Bitmap Index Scan on keyword_id_movie_keyword  (cost=0.00..6.67 rows=299 width=0) (actual time=3.963..3.963 rows=41840 loops=1)
                                                   Index Cond: (keyword_id = k.id)
                                 ->  Index Scan using movie_id_cast_info on cast_info ci  (cost=0.56..1.52 rows=37 width=8) (actual time=0.006..0.068 rows=25 loops=41840)
                                       Index Cond: (movie_id = mk.movie_id)
                           ->  Index Scan using name_pkey on name n  (cost=0.43..0.46 rows=1 width=19) (actual time=0.005..0.005 rows=0 loops=1038393)
                                 Index Cond: (id = ci.person_id)
                                 Filter: ((name)::text ~~ 'X%'::text)
                                 Rows Removed by Filter: 1
                     ->  Index Scan using movie_id_movie_companies on movie_companies mc  (cost=0.43..0.52 rows=5 width=8) (actual time=0.009..0.013 rows=8 loops=250)
                           Index Cond: (movie_id = ci.movie_id)
               ->  Index Only Scan using company_name_pkey on company_name cn  (cost=0.42..0.44 rows=1 width=4) (actual time=0.005..0.005 rows=1 loops=1918)
                     Index Cond: (id = mc.company_id)
                     Heap Fetches: 1918
         ->  Index Only Scan using title_pkey on title t  (cost=0.43..0.45 rows=1 width=4) (actual time=0.002..0.002 rows=1 loops=1918)
               Index Cond: (id = ci.movie_id)
               Heap Fetches: 1918
 Planning Time: 5.304 ms
 Execution Time: 8799.168 ms
(31 rows)

SET
                                                                                   QUERY PLAN                                                                                    
---------------------------------------------------------------------------------------------------------------------------------------------------------------------------------
 Aggregate  (cost=4368.69..4368.70 rows=1 width=32) (actual time=9043.541..9043.541 rows=1 loops=1)
   ->  Nested Loop  (cost=9.02..4368.69 rows=1 width=15) (actual time=59.166..9041.602 rows=11538 loops=1)
         ->  Nested Loop  (cost=8.59..4368.24 rows=1 width=27) (actual time=59.137..9010.670 rows=11538 loops=1)
               ->  Nested Loop  (cost=8.17..4367.80 rows=1 width=31) (actual time=59.115..8953.283 rows=11538 loops=1)
                     ->  Nested Loop  (cost=7.74..4367.23 rows=1 width=23) (actual time=59.094..8932.884 rows=1972 loops=1)
                           ->  Nested Loop  (cost=7.31..3797.31 rows=1246 width=12) (actual time=6.684..3117.375 rows=1038393 loops=1)
                                 ->  Nested Loop  (cost=6.75..3732.91 rows=34 width=4) (actual time=6.657..79.614 rows=41840 loops=1)
                                       ->  Seq Scan on keyword k  (cost=0.00..2626.12 rows=1 width=4) (actual time=0.649..11.690 rows=1 loops=1)
                                             Filter: ((keyword)::text = 'character-name-in-title'::text)
                                             Rows Removed by Filter: 134169
                                       ->  Bitmap Heap Scan on movie_keyword mk  (cost=6.75..1103.80 rows=299 width=8) (actual time=6.005..60.674 rows=41840 loops=1)
                                             Recheck Cond: (keyword_id = k.id)
                                             Heap Blocks: exact=11541
                                             ->  Bitmap Index Scan on keyword_id_movie_keyword  (cost=0.00..6.67 rows=299 width=0) (actual time=3.956..3.956 rows=41840 loops=1)
                                                   Index Cond: (keyword_id = k.id)
                                 ->  Index Scan using movie_id_cast_info on cast_info ci  (cost=0.56..1.52 rows=37 width=8) (actual time=0.006..0.069 rows=25 loops=41840)
                                       Index Cond: (movie_id = mk.movie_id)
                           ->  Index Scan using name_pkey on name n  (cost=0.43..0.46 rows=1 width=19) (actual time=0.005..0.005 rows=0 loops=1038393)
                                 Index Cond: (id = ci.person_id)
                                 Filter: ((name)::text ~~ '%Bert%'::text)
                                 Rows Removed by Filter: 1
                     ->  Index Scan using movie_id_movie_companies on movie_companies mc  (cost=0.43..0.52 rows=5 width=8) (actual time=0.006..0.009 rows=6 loops=1972)
                           Index Cond: (movie_id = ci.movie_id)
               ->  Index Only Scan using company_name_pkey on company_name cn  (cost=0.42..0.44 rows=1 width=4) (actual time=0.005..0.005 rows=1 loops=11538)
                     Index Cond: (id = mc.company_id)
                     Heap Fetches: 11538
         ->  Index Only Scan using title_pkey on title t  (cost=0.43..0.45 rows=1 width=4) (actual time=0.002..0.002 rows=1 loops=11538)
               Index Cond: (id = ci.movie_id)
               Heap Fetches: 11538
 Planning Time: 5.312 ms
 Execution Time: 9043.804 ms
(31 rows)

SET
                                                                                   QUERY PLAN                                                                                    
---------------------------------------------------------------------------------------------------------------------------------------------------------------------------------
 Aggregate  (cost=4518.46..4518.47 rows=1 width=32) (actual time=12767.511..12767.511 rows=1 loops=1)
   ->  Nested Loop  (cost=9.02..4515.45 rows=1206 width=15) (actual time=7.216..12442.347 rows=2832555 loops=1)
         ->  Nested Loop  (cost=8.59..3966.84 rows=1206 width=4) (actual time=7.184..4520.858 rows=2832555 loops=1)
               Join Filter: (t.id = ci.movie_id)
               ->  Nested Loop  (cost=8.03..3845.67 rows=61 width=12) (actual time=6.784..1043.591 rows=68316 loops=1)
                     ->  Nested Loop  (cost=7.61..3769.92 rows=170 width=16) (actual time=6.725..497.026 rows=148552 loops=1)
                           Join Filter: (t.id = mc.movie_id)
                           ->  Nested Loop  (cost=7.18..3749.42 rows=34 width=8) (actual time=6.672..290.877 rows=41840 loops=1)
                                 ->  Nested Loop  (cost=6.75..3732.91 rows=34 width=4) (actual time=6.652..81.212 rows=41840 loops=1)
                                       ->  Seq Scan on keyword k  (cost=0.00..2626.12 rows=1 width=4) (actual time=0.645..11.692 rows=1 loops=1)
                                             Filter: ((keyword)::text = 'character-name-in-title'::text)
                                             Rows Removed by Filter: 134169
                                       ->  Bitmap Heap Scan on movie_keyword mk  (cost=6.75..1103.80 rows=299 width=8) (actual time=6.004..62.694 rows=41840 loops=1)
                                             Recheck Cond: (keyword_id = k.id)
                                             Heap Blocks: exact=11541
                                             ->  Bitmap Index Scan on keyword_id_movie_keyword  (cost=0.00..6.67 rows=299 width=0) (actual time=3.958..3.958 rows=41840 loops=1)
                                                   Index Cond: (keyword_id = k.id)
                                 ->  Index Only Scan using title_pkey on title t  (cost=0.43..0.49 rows=1 width=4) (actual time=0.005..0.005 rows=1 loops=41840)
                                       Index Cond: (id = mk.movie_id)
                                       Heap Fetches: 41840
                           ->  Index Scan using movie_id_movie_companies on movie_companies mc  (cost=0.43..0.54 rows=5 width=8) (actual time=0.003..0.004 rows=4 loops=41840)
                                 Index Cond: (movie_id = mk.movie_id)
                     ->  Index Scan using company_name_pkey on company_name cn  (cost=0.42..0.45 rows=1 width=4) (actual time=0.003..0.003 rows=0 loops=148552)
                           Index Cond: (id = mc.company_id)
                           Filter: ((country_code)::text = '[us]'::text)
                           Rows Removed by Filter: 1
               ->  Index Scan using movie_id_cast_info on cast_info ci  (cost=0.56..1.52 rows=37 width=8) (actual time=0.004..0.044 rows=41 loops=68316)
                     Index Cond: (movie_id = mk.movie_id)
         ->  Index Scan using name_pkey on name n  (cost=0.43..0.45 rows=1 width=19) (actual time=0.003..0.003 rows=1 loops=2832555)
               Index Cond: (id = ci.person_id)
 Planning Time: 5.242 ms
 Execution Time: 12767.739 ms
(32 rows)

SET
                                                                                   QUERY PLAN                                                                                    
---------------------------------------------------------------------------------------------------------------------------------------------------------------------------------
 Aggregate  (cost=4629.56..4629.57 rows=1 width=32) (actual time=12154.135..12154.135 rows=1 loops=1)
   ->  Nested Loop  (cost=9.02..4628.64 rows=368 width=15) (actual time=8.586..12039.147 rows=1113120 loops=1)
         ->  Nested Loop  (cost=8.60..4465.59 rows=368 width=19) (actual time=8.562..10098.671 rows=1113120 loops=1)
               ->  Nested Loop  (cost=8.17..4386.88 rows=138 width=27) (actual time=6.811..9453.884 rows=149494 loops=1)
                     ->  Nested Loop  (cost=7.74..3816.96 rows=1246 width=16) (actual time=6.783..3464.694 rows=1038393 loops=1)
                           Join Filter: (t.id = ci.movie_id)
                           ->  Nested Loop  (cost=7.18..3749.42 rows=34 width=8) (actual time=6.758..294.636 rows=41840 loops=1)
                                 ->  Nested Loop  (cost=6.75..3732.91 rows=34 width=4) (actual time=6.741..82.590 rows=41840 loops=1)
                                       ->  Seq Scan on keyword k  (cost=0.00..2626.12 rows=1 width=4) (actual time=0.668..11.795 rows=1 loops=1)
                                             Filter: ((keyword)::text = 'character-name-in-title'::text)
                                             Rows Removed by Filter: 134169
                                       ->  Bitmap Heap Scan on movie_keyword mk  (cost=6.75..1103.80 rows=299 width=8) (actual time=6.070..63.186 rows=41840 loops=1)
                                             Recheck Cond: (keyword_id = k.id)
                                             Heap Blocks: exact=11541
                                             ->  Bitmap Index Scan on keyword_id_movie_keyword  (cost=0.00..6.67 rows=299 width=0) (actual time=4.026..4.026 rows=41840 loops=1)
                                                   Index Cond: (keyword_id = k.id)
                                 ->  Index Only Scan using title_pkey on title t  (cost=0.43..0.49 rows=1 width=4) (actual time=0.005..0.005 rows=1 loops=41840)
                                       Index Cond: (id = mk.movie_id)
                                       Heap Fetches: 41840
                           ->  Index Scan using movie_id_cast_info on cast_info ci  (cost=0.56..1.52 rows=37 width=8) (actual time=0.006..0.071 rows=25 loops=41840)
                                 Index Cond: (movie_id = mk.movie_id)
                     ->  Index Scan using name_pkey on name n  (cost=0.43..0.46 rows=1 width=19) (actual time=0.006..0.006 rows=0 loops=1038393)
                           Index Cond: (id = ci.person_id)
                           Filter: ((name)::text ~~ '%B%'::text)
                           Rows Removed by Filter: 1
               ->  Index Scan using movie_id_movie_companies on movie_companies mc  (cost=0.43..0.52 rows=5 width=8) (actual time=0.002..0.003 rows=7 loops=149494)
                     Index Cond: (movie_id = ci.movie_id)
         ->  Index Only Scan using company_name_pkey on company_name cn  (cost=0.42..0.44 rows=1 width=4) (actual time=0.001..0.001 rows=1 loops=1113120)
               Index Cond: (id = mc.company_id)
               Heap Fetches: 1113120
 Planning Time: 5.349 ms
 Execution Time: 12154.364 ms
(32 rows)

SET
                                                                                       QUERY PLAN                                                                                       
----------------------------------------------------------------------------------------------------------------------------------------------------------------------------------------
 Aggregate  (cost=111123.79..111123.80 rows=1 width=96) (actual time=4610.763..4610.763 rows=1 loops=1)
   ->  Nested Loop  (cost=1006.71..111123.78 rows=1 width=65) (actual time=150.267..4610.442 rows=410 loops=1)
         ->  Gather  (cost=1006.28..111123.32 rows=1 width=60) (actual time=150.230..4610.263 rows=410 loops=1)
               Workers Planned: 2
               Workers Launched: 2
               ->  Nested Loop  (cost=6.28..110123.22 rows=1 width=60) (actual time=162.555..4606.022 rows=137 loops=3)
                     ->  Nested Loop  (cost=5.85..108160.12 rows=3320 width=64) (actual time=1.155..4265.869 rows=35780 loops=3)
                           ->  Hash Join  (cost=5.29..74077.91 rows=1448 width=56) (actual time=0.530..1906.443 rows=15144 loops=3)
                                 Hash Cond: (mi.info_type_id = it1.id)
                                 ->  Nested Loop  (cost=2.86..73629.77 rows=163660 width=60) (actual time=0.096..1757.542 rows=2310111 loops=3)
                                       ->  Hash Join  (cost=2.43..15253.60 rows=5089 width=10) (actual time=0.048..116.504 rows=153308 loops=3)
                                             Hash Cond: (mi_idx.info_type_id = it2.id)
                                             ->  Parallel Seq Scan on movie_info_idx mi_idx  (cost=0.00..13685.15 rows=575015 width=14) (actual time=0.017..44.805 rows=460012 loops=3)
                                             ->  Hash  (cost=2.41..2.41 rows=1 width=4) (actual time=0.013..0.014 rows=1 loops=3)
                                                   Buckets: 1024  Batches: 1  Memory Usage: 9kB
                                                   ->  Seq Scan on info_type it2  (cost=0.00..2.41 rows=1 width=4) (actual time=0.009..0.010 rows=1 loops=3)
                                                         Filter: ((info)::text = 'votes'::text)
                                                         Rows Removed by Filter: 112
                                       ->  Index Scan using movie_id_movie_info on movie_info mi  (cost=0.43..11.05 rows=42 width=50) (actual time=0.003..0.009 rows=15 loops=459925)
                                             Index Cond: (movie_id = mi_idx.movie_id)
                                 ->  Hash  (cost=2.41..2.41 rows=1 width=4) (actual time=0.023..0.023 rows=1 loops=3)
                                       Buckets: 1024  Batches: 1  Memory Usage: 9kB
                                       ->  Seq Scan on info_type it1  (cost=0.00..2.41 rows=1 width=4) (actual time=0.018..0.019 rows=1 loops=3)
                                             Filter: ((info)::text = 'budget'::text)
                                             Rows Removed by Filter: 112
                           ->  Index Scan using movie_id_cast_info on cast_info ci  (cost=0.56..23.52 rows=2 width=8) (actual time=0.091..0.155 rows=2 loops=45431)
                                 Index Cond: (movie_id = mi.movie_id)
                                 Filter: ((note)::text = ANY ('{(producer),"(executive producer)"}'::text[]))
                                 Rows Removed by Filter: 38
                     ->  Index Scan using name_pkey on name n  (cost=0.43..0.59 rows=1 width=4) (actual time=0.009..0.009 rows=0 loops=107339)
                           Index Cond: (id = ci.person_id)
                           Filter: (((name)::text ~~ '%Tim%'::text) AND ((gender)::text = 'm'::text))
                           Rows Removed by Filter: 1
         ->  Index Scan using title_pkey on title t  (cost=0.43..0.46 rows=1 width=21) (actual time=0.010..0.010 rows=1 loops=410)
               Index Cond: (id = mi.movie_id)
 Planning Time: 4.999 ms
 Execution Time: 4615.371 ms
(37 rows)

SET
                                                                                      QUERY PLAN                                                                                      
--------------------------------------------------------------------------------------------------------------------------------------------------------------------------------------
 Aggregate  (cost=17505.24..17505.25 rows=1 width=96) (actual time=190.758..190.758 rows=1 loops=1)
   ->  Nested Loop  (cost=1004.43..17505.23 rows=1 width=65) (actual time=102.750..190.738 rows=11 loops=1)
         ->  Nested Loop  (cost=1004.00..17504.55 rows=1 width=69) (actual time=34.570..187.821 rows=268 loops=1)
               ->  Gather  (cost=1003.43..17479.79 rows=1 width=77) (actual time=6.222..140.629 rows=358 loops=1)
                     Workers Planned: 2
                     Workers Launched: 2
                     ->  Nested Loop  (cost=3.43..16479.69 rows=1 width=77) (actual time=15.186..169.453 rows=119 loops=3)
                           ->  Nested Loop  (cost=3.29..16478.37 rows=8 width=81) (actual time=15.175..169.232 rows=119 loops=3)
                                 ->  Nested Loop  (cost=2.86..15808.49 rows=58 width=31) (actual time=0.797..105.708 rows=2051 loops=3)
                                       ->  Hash Join  (cost=2.43..15182.64 rows=187 width=10) (actual time=0.106..56.290 rows=5283 loops=3)
                                             Hash Cond: (mi_idx.info_type_id = it2.id)
                                             ->  Parallel Seq Scan on movie_info_idx mi_idx  (cost=0.00..15122.68 rows=21125 width=14) (actual time=0.028..54.231 rows=17543 loops=3)
                                                   Filter: ((info)::text > '8.0'::text)
                                                   Rows Removed by Filter: 442469
                                             ->  Hash  (cost=2.41..2.41 rows=1 width=4) (actual time=0.022..0.022 rows=1 loops=3)
                                                   Buckets: 1024  Batches: 1  Memory Usage: 9kB
                                                   ->  Seq Scan on info_type it2  (cost=0.00..2.41 rows=1 width=4) (actual time=0.016..0.017 rows=1 loops=3)
                                                         Filter: ((info)::text = 'rating'::text)
                                                         Rows Removed by Filter: 112
                                       ->  Index Scan using title_pkey on title t  (cost=0.43..3.35 rows=1 width=21) (actual time=0.009..0.009 rows=0 loops=15849)
                                             Index Cond: (id = mi_idx.movie_id)
                                             Filter: ((production_year >= 2008) AND (production_year <= 2014))
                                             Rows Removed by Filter: 1
                                 ->  Index Scan using movie_id_movie_info on movie_info mi  (cost=0.43..11.54 rows=1 width=50) (actual time=0.031..0.031 rows=0 loops=6152)
                                       Index Cond: (movie_id = t.id)
                                       Filter: ((note IS NULL) AND ((info)::text = ANY ('{Horror,Thriller}'::text[])))
                                       Rows Removed by Filter: 18
                           ->  Index Scan using info_type_pkey on info_type it1  (cost=0.14..0.16 rows=1 width=4) (actual time=0.001..0.001 rows=1 loops=358)
                                 Index Cond: (id = mi.info_type_id)
                                 Filter: ((info)::text = 'genres'::text)
               ->  Index Scan using movie_id_cast_info on cast_info ci  (cost=0.56..24.75 rows=1 width=8) (actual time=0.113..0.146 rows=1 loops=358)
                     Index Cond: (movie_id = t.id)
                     Filter: ((note)::text = ANY ('{(writer),"(head writer)","(written by)",(story),"(story editor)"}'::text[]))
                     Rows Removed by Filter: 34
         ->  Index Scan using name_pkey on name n  (cost=0.43..0.68 rows=1 width=4) (actual time=0.011..0.011 rows=0 loops=268)
               Index Cond: (id = ci.person_id)
               Filter: ((gender IS NOT NULL) AND ((gender)::text = 'f'::text))
               Rows Removed by Filter: 1
 Planning Time: 4.880 ms
 Execution Time: 196.137 ms
(40 rows)

SET
                                                                                          QUERY PLAN                                                                                          
----------------------------------------------------------------------------------------------------------------------------------------------------------------------------------------------
 Finalize Aggregate  (cost=74638.17..74638.18 rows=1 width=96) (actual time=5898.451..5898.452 rows=1 loops=1)
   ->  Gather  (cost=74637.94..74638.15 rows=2 width=96) (actual time=5898.440..5902.627 rows=3 loops=1)
         Workers Planned: 2
         Workers Launched: 2
         ->  Partial Aggregate  (cost=73637.94..73637.95 rows=1 width=96) (actual time=5895.302..5895.302 rows=1 loops=3)
               ->  Nested Loop  (cost=6.71..73637.87 rows=10 width=65) (actual time=18.715..5891.264 rows=9358 loops=3)
                     ->  Nested Loop  (cost=6.28..73620.90 rows=25 width=69) (actual time=12.837..5741.076 rows=18052 loops=3)
                           ->  Nested Loop  (cost=5.72..73165.64 rows=19 width=77) (actual time=0.625..2028.899 rows=34172 loops=3)
                                 Join Filter: (mi.movie_id = t.id)
                                 ->  Hash Join  (cost=5.29..73154.54 rows=19 width=56) (actual time=0.586..1850.606 rows=34172 loops=3)
                                       Hash Cond: (mi.info_type_id = it1.id)
                                       ->  Nested Loop  (cost=2.86..73146.32 rows=2128 width=60) (actual time=0.503..1841.637 rows=34964 loops=3)
                                             ->  Hash Join  (cost=2.43..15253.60 rows=5089 width=10) (actual time=0.052..117.746 rows=153308 loops=3)
                                                   Hash Cond: (mi_idx.info_type_id = it2.id)
                                                   ->  Parallel Seq Scan on movie_info_idx mi_idx  (cost=0.00..13685.15 rows=575015 width=14) (actual time=0.022..45.676 rows=460012 loops=3)
                                                   ->  Hash  (cost=2.41..2.41 rows=1 width=4) (actual time=0.013..0.014 rows=1 loops=3)
                                                         Buckets: 1024  Batches: 1  Memory Usage: 9kB
                                                         ->  Seq Scan on info_type it2  (cost=0.00..2.41 rows=1 width=4) (actual time=0.009..0.010 rows=1 loops=3)
                                                               Filter: ((info)::text = 'votes'::text)
                                                               Rows Removed by Filter: 112
                                             ->  Index Scan using movie_id_movie_info on movie_info mi  (cost=0.43..11.37 rows=1 width=50) (actual time=0.011..0.011 rows=0 loops=459925)
                                                   Index Cond: (movie_id = mi_idx.movie_id)
                                                   Filter: ((info)::text = ANY ('{Horror,Action,Sci-Fi,Thriller,Crime,War}'::text[]))
                                                   Rows Removed by Filter: 15
                                       ->  Hash  (cost=2.41..2.41 rows=1 width=4) (actual time=0.028..0.028 rows=1 loops=3)
                                             Buckets: 1024  Batches: 1  Memory Usage: 9kB
                                             ->  Seq Scan on info_type it1  (cost=0.00..2.41 rows=1 width=4) (actual time=0.016..0.023 rows=1 loops=3)
                                                   Filter: ((info)::text = 'genres'::text)
                                                   Rows Removed by Filter: 112
                                 ->  Index Scan using title_pkey on title t  (cost=0.43..0.57 rows=1 width=21) (actual time=0.005..0.005 rows=1 loops=102516)
                                       Index Cond: (id = mi_idx.movie_id)
                           ->  Index Scan using movie_id_cast_info on cast_info ci  (cost=0.56..23.95 rows=1 width=8) (actual time=0.092..0.108 rows=1 loops=102516)
                                 Index Cond: (movie_id = t.id)
                                 Filter: ((note)::text = ANY ('{(writer),"(head writer)","(written by)",(story),"(story editor)"}'::text[]))
                                 Rows Removed by Filter: 39
                     ->  Index Scan using name_pkey on name n  (cost=0.43..0.68 rows=1 width=4) (actual time=0.008..0.008 rows=1 loops=54155)
                           Index Cond: (id = ci.person_id)
                           Filter: ((gender)::text = 'm'::text)
                           Rows Removed by Filter: 0
 Planning Time: 4.852 ms
 Execution Time: 5902.838 ms
(41 rows)

SET
                                                                                                QUERY PLAN                                                                                                 
-----------------------------------------------------------------------------------------------------------------------------------------------------------------------------------------------------------
 Aggregate  (cost=85372.10..85372.11 rows=1 width=64) (actual time=277.106..277.106 rows=1 loops=1)
   ->  Nested Loop  (cost=1004.44..85372.09 rows=1 width=32) (actual time=111.763..277.060 rows=184 loops=1)
         ->  Nested Loop  (cost=1004.30..85371.91 rows=1 width=36) (actual time=111.752..276.830 rows=184 loops=1)
               Join Filter: (t.id = mi.movie_id)
               ->  Nested Loop  (cost=1003.86..85344.51 rows=1 width=44) (actual time=111.707..270.925 rows=77 loops=1)
                     ->  Nested Loop  (cost=1003.44..85343.31 rows=1 width=48) (actual time=111.681..270.388 rows=79 loops=1)
                           Join Filter: (t.id = mc.movie_id)
                           ->  Nested Loop  (cost=1003.01..85340.60 rows=1 width=40) (actual time=111.404..269.087 rows=102 loops=1)
                                 ->  Gather  (cost=1002.58..85339.18 rows=1 width=44) (actual time=110.812..269.195 rows=115 loops=1)
                                       Workers Planned: 2
                                       Workers Launched: 2
                                       ->  Nested Loop  (cost=2.58..84339.08 rows=1 width=44) (actual time=116.742..270.723 rows=38 loops=3)
                                             ->  Hash Join  (cost=2.15..84336.29 rows=2 width=23) (actual time=107.644..269.295 rows=142 loops=3)
                                                   Hash Cond: (ci.role_id = rt.id)
                                                   ->  Nested Loop  (cost=0.99..84335.05 rows=21 width=27) (actual time=107.541..269.156 rows=142 loops=3)
                                                         Join Filter: (n.id = ci.person_id)
                                                         ->  Nested Loop  (cost=0.42..82155.29 rows=9 width=23) (actual time=104.413..258.010 rows=519 loops=3)
                                                               ->  Parallel Seq Scan on name n  (cost=0.00..81659.82 rows=40 width=19) (actual time=104.030..247.555 rows=2256 loops=3)
                                                                     Filter: (((name)::text ~~ '%Ang%'::text) AND ((gender)::text = 'f'::text))
                                                                     Rows Removed by Filter: 1386908
                                                               ->  Index Only Scan using person_id_aka_name on aka_name an  (cost=0.42..12.37 rows=2 width=4) (actual time=0.004..0.004 rows=0 loops=6768)
                                                                     Index Cond: (person_id = n.id)
                                                                     Heap Fetches: 1558
                                                         ->  Index Scan using person_id_cast_info on cast_info ci  (cost=0.56..242.03 rows=13 width=16) (actual time=0.020..0.021 rows=0 loops=1558)
                                                               Index Cond: (person_id = an.person_id)
                                                               Filter: ((note)::text = ANY ('{(voice),"(voice: Japanese version)","(voice) (uncredited)","(voice: English version)"}'::text[]))
                                                               Rows Removed by Filter: 44
                                                   ->  Hash  (cost=1.15..1.15 rows=1 width=4) (actual time=0.019..0.019 rows=1 loops=3)
                                                         Buckets: 1024  Batches: 1  Memory Usage: 9kB
                                                         ->  Seq Scan on role_type rt  (cost=0.00..1.15 rows=1 width=4) (actual time=0.011..0.012 rows=1 loops=3)
                                                               Filter: ((role)::text = 'actress'::text)
                                                               Rows Removed by Filter: 11
                                             ->  Index Scan using title_pkey on title t  (cost=0.43..1.40 rows=1 width=21) (actual time=0.010..0.010 rows=0 loops=425)
                                                   Index Cond: (id = ci.movie_id)
                                                   Filter: ((production_year >= 2005) AND (production_year <= 2009))
                                                   Rows Removed by Filter: 1
                                 ->  Index Only Scan using char_name_pkey on char_name chn  (cost=0.43..1.42 rows=1 width=4) (actual time=0.007..0.007 rows=1 loops=115)
                                       Index Cond: (id = ci.person_role_id)
                                       Heap Fetches: 102
                           ->  Index Scan using movie_id_movie_companies on movie_companies mc  (cost=0.43..2.71 rows=1 width=8) (actual time=0.010..0.012 rows=1 loops=102)
                                 Index Cond: (movie_id = ci.movie_id)
                                 Filter: ((note IS NOT NULL) AND (((note)::text ~~ '%(USA)%'::text) OR ((note)::text ~~ '%(worldwide)%'::text)))
                                 Rows Removed by Filter: 6
                     ->  Index Scan using company_name_pkey on company_name cn  (cost=0.42..1.20 rows=1 width=4) (actual time=0.006..0.006 rows=1 loops=79)
                           Index Cond: (id = mc.company_id)
                           Filter: ((country_code)::text = '[us]'::text)
                           Rows Removed by Filter: 0
               ->  Index Scan using movie_id_movie_info on movie_info mi  (cost=0.43..27.38 rows=1 width=8) (actual time=0.020..0.076 rows=2 loops=77)
                     Index Cond: (movie_id = ci.movie_id)
                     Filter: ((info IS NOT NULL) AND (((info)::text ~~ 'Japan:%200%'::text) OR ((info)::text ~~ 'USA:%200%'::text)))
                     Rows Removed by Filter: 166
         ->  Index Scan using info_type_pkey on info_type it  (cost=0.14..0.16 rows=1 width=4) (actual time=0.001..0.001 rows=1 loops=184)
               Index Cond: (id = mi.info_type_id)
               Filter: ((info)::text = 'release dates'::text)
 Planning Time: 24.356 ms
 Execution Time: 278.276 ms
(56 rows)

SET
                                                                                                   QUERY PLAN                                                                                                   
----------------------------------------------------------------------------------------------------------------------------------------------------------------------------------------------------------------
 Aggregate  (cost=55721.55..55721.56 rows=1 width=64) (actual time=120.066..120.066 rows=1 loops=1)
   ->  Nested Loop  (cost=1003.41..55721.55 rows=1 width=32) (actual time=101.722..120.052 rows=15 loops=1)
         ->  Nested Loop  (cost=1003.28..55721.37 rows=1 width=36) (actual time=101.698..120.007 rows=15 loops=1)
               Join Filter: (ci.person_id = n.id)
               ->  Nested Loop  (cost=1002.85..55719.84 rows=1 width=29) (actual time=92.084..118.897 rows=275 loops=1)
                     ->  Nested Loop  (cost=1002.70..55719.64 rows=1 width=33) (actual time=92.073..118.538 rows=275 loops=1)
                           Join Filter: (t.id = mi.movie_id)
                           ->  Nested Loop  (cost=1002.27..55692.13 rows=1 width=41) (actual time=92.021..99.510 rows=275 loops=1)
                                 ->  Nested Loop  (cost=1001.85..55690.86 rows=1 width=45) (actual time=91.995..98.921 rows=275 loops=1)
                                       ->  Nested Loop  (cost=1001.42..55689.20 rows=1 width=41) (actual time=91.967..97.919 rows=99 loops=1)
                                             ->  Nested Loop  (cost=1001.00..55687.75 rows=1 width=45) (actual time=91.929..96.829 rows=100 loops=1)
                                                   Join Filter: (t.id = ci.movie_id)
                                                   ->  Gather  (cost=1000.43..55645.55 rows=1 width=29) (actual time=91.885..95.868 rows=4 loops=1)
                                                         Workers Planned: 2
                                                         Workers Launched: 2
                                                         ->  Nested Loop  (cost=0.43..54645.45 rows=1 width=29) (actual time=98.802..109.364 rows=1 loops=3)
                                                               ->  Parallel Seq Scan on title t  (cost=0.00..54433.61 rows=10 width=21) (actual time=14.846..109.260 rows=2 loops=3)
                                                                     Filter: ((production_year >= 2007) AND (production_year <= 2008) AND ((title)::text ~~ '%Kung%Fu%Panda%'::text))
                                                                     Rows Removed by Filter: 842768
                                                               ->  Index Scan using movie_id_movie_companies on movie_companies mc  (cost=0.43..21.17 rows=1 width=8) (actual time=0.039..0.042 rows=1 loops=7)
                                                                     Index Cond: (movie_id = t.id)
                                                                     Filter: (((note)::text ~~ '%(200%)%'::text) AND (((note)::text ~~ '%(USA)%'::text) OR ((note)::text ~~ '%(worldwide)%'::text)))
                                                                     Rows Removed by Filter: 6
                                                   ->  Index Scan using movie_id_cast_info on cast_info ci  (cost=0.56..42.20 rows=1 width=16) (actual time=0.017..0.502 rows=25 loops=4)
                                                         Index Cond: (movie_id = mc.movie_id)
                                                         Filter: ((note)::text = '(voice)'::text)
                                                         Rows Removed by Filter: 127
                                             ->  Index Only Scan using char_name_pkey on char_name chn  (cost=0.43..1.45 rows=1 width=4) (actual time=0.010..0.010 rows=1 loops=100)
                                                   Index Cond: (id = ci.person_role_id)
                                                   Heap Fetches: 99
                                       ->  Index Only Scan using person_id_aka_name on aka_name an  (cost=0.42..1.64 rows=2 width=4) (actual time=0.007..0.009 rows=3 loops=99)
                                             Index Cond: (person_id = ci.person_id)
                                             Heap Fetches: 275
                                 ->  Index Scan using company_name_pkey on company_name cn  (cost=0.42..1.27 rows=1 width=4) (actual time=0.002..0.002 rows=1 loops=275)
                                       Index Cond: (id = mc.company_id)
                                       Filter: ((country_code)::text = '[us]'::text)
                           ->  Index Scan using movie_id_movie_info on movie_info mi  (cost=0.43..27.50 rows=1 width=8) (actual time=0.011..0.069 rows=1 loops=275)
                                 Index Cond: (movie_id = ci.movie_id)
                                 Filter: ((info IS NOT NULL) AND (((info)::text ~~ 'Japan:%2007%'::text) OR ((info)::text ~~ 'USA:%2008%'::text)))
                                 Rows Removed by Filter: 295
                     ->  Index Scan using info_type_pkey on info_type it  (cost=0.14..0.17 rows=1 width=4) (actual time=0.001..0.001 rows=1 loops=275)
                           Index Cond: (id = mi.info_type_id)
                           Filter: ((info)::text = 'release dates'::text)
               ->  Index Scan using name_pkey on name n  (cost=0.43..1.53 rows=1 width=19) (actual time=0.004..0.004 rows=0 loops=275)
                     Index Cond: (id = an.person_id)
                     Filter: (((name)::text ~~ '%Angel%'::text) AND ((gender)::text = 'f'::text))
                     Rows Removed by Filter: 1
         ->  Index Scan using role_type_pkey on role_type rt  (cost=0.14..0.16 rows=1 width=4) (actual time=0.002..0.002 rows=1 loops=15)
               Index Cond: (id = ci.role_id)
               Filter: ((role)::text = 'actress'::text)
 Planning Time: 23.309 ms
 Execution Time: 121.364 ms
(52 rows)

SET
                                                                                                  QUERY PLAN                                                                                                  
--------------------------------------------------------------------------------------------------------------------------------------------------------------------------------------------------------------
 Aggregate  (cost=222418.16..222418.17 rows=1 width=64) (actual time=1737.439..1737.439 rows=1 loops=1)
   ->  Nested Loop  (cost=84856.43..222418.15 rows=2 width=32) (actual time=283.677..1736.799 rows=3575 loops=1)
         Join Filter: (n.id = an.person_id)
         ->  Nested Loop  (cost=84856.00..222416.50 rows=1 width=40) (actual time=269.745..1730.389 rows=2632 loops=1)
               ->  Nested Loop  (cost=84855.58..222414.17 rows=2 width=44) (actual time=269.715..1706.616 rows=8585 loops=1)
                     ->  Hash Join  (cost=84855.15..222411.47 rows=1 width=52) (actual time=269.675..1694.749 rows=2129 loops=1)
                           Hash Cond: (mi.info_type_id = it.id)
                           ->  Nested Loop  (cost=84852.73..222408.95 rows=36 width=56) (actual time=269.630..1694.103 rows=2129 loops=1)
                                 ->  Nested Loop  (cost=84852.29..219906.63 rows=92 width=48) (actual time=269.544..1624.432 rows=3349 loops=1)
                                       ->  Nested Loop  (cost=84851.86..219669.76 rows=170 width=27) (actual time=269.515..1587.980 rows=5686 loops=1)
                                             ->  Hash Join  (cost=84851.43..219172.23 rows=351 width=31) (actual time=269.479..1562.934 rows=6552 loops=1)
                                                   Hash Cond: (ci.person_id = n.id)
                                                   ->  Nested Loop  (cost=0.56..134124.20 rows=75106 width=12) (actual time=0.211..1272.290 rows=276166 loops=1)
                                                         ->  Seq Scan on role_type rt  (cost=0.00..1.15 rows=1 width=4) (actual time=0.011..0.014 rows=1 loops=1)
                                                               Filter: ((role)::text = 'actress'::text)
                                                               Rows Removed by Filter: 11
                                                         ->  Index Scan using role_id_cast_info on cast_info ci  (cost=0.56..133303.71 rows=81934 width=16) (actual time=0.198..1248.895 rows=276166 loops=1)
                                                               Index Cond: (role_id = rt.id)
                                                               Filter: ((note)::text = ANY ('{(voice),"(voice: Japanese version)","(voice) (uncredited)","(voice: English version)"}'::text[]))
                                                               Rows Removed by Filter: 7175807
                                                   ->  Hash  (cost=84607.42..84607.42 rows=19476 width=19) (actual time=263.933..263.934 rows=50011 loops=1)
                                                         Buckets: 65536 (originally 32768)  Batches: 1 (originally 1)  Memory Usage: 3135kB
                                                         ->  Gather  (cost=1000.00..84607.42 rows=19476 width=19) (actual time=106.522..255.050 rows=50011 loops=1)
                                                               Workers Planned: 2
                                                               Workers Launched: 2
                                                               ->  Parallel Seq Scan on name n  (cost=0.00..81659.82 rows=8115 width=19) (actual time=104.494..249.505 rows=16670 loops=3)
                                                                     Filter: (((name)::text ~~ '%An%'::text) AND ((gender)::text = 'f'::text))
                                                                     Rows Removed by Filter: 1372493
                                             ->  Index Only Scan using char_name_pkey on char_name chn  (cost=0.43..1.42 rows=1 width=4) (actual time=0.003..0.003 rows=1 loops=6552)
                                                   Index Cond: (id = ci.person_role_id)
                                                   Heap Fetches: 5686
                                       ->  Index Scan using title_pkey on title t  (cost=0.43..1.39 rows=1 width=21) (actual time=0.006..0.006 rows=1 loops=5686)
                                             Index Cond: (id = ci.movie_id)
                                             Filter: (production_year > 2000)
                                             Rows Removed by Filter: 0
                                 ->  Index Scan using movie_id_movie_info on movie_info mi  (cost=0.43..27.19 rows=1 width=8) (actual time=0.014..0.020 rows=1 loops=3349)
                                       Index Cond: (movie_id = t.id)
                                       Filter: ((info IS NOT NULL) AND (((info)::text ~~ 'Japan:%200%'::text) OR ((info)::text ~~ 'USA:%200%'::text)))
                                       Rows Removed by Filter: 15
                           ->  Hash  (cost=2.41..2.41 rows=1 width=4) (actual time=0.020..0.020 rows=1 loops=1)
                                 Buckets: 1024  Batches: 1  Memory Usage: 9kB
                                 ->  Seq Scan on info_type it  (cost=0.00..2.41 rows=1 width=4) (actual time=0.008..0.014 rows=1 loops=1)
                                       Filter: ((info)::text = 'release dates'::text)
                                       Rows Removed by Filter: 112
                     ->  Index Scan using movie_id_movie_companies on movie_companies mc  (cost=0.43..2.65 rows=5 width=8) (actual time=0.003..0.005 rows=4 loops=2129)
                           Index Cond: (movie_id = t.id)
               ->  Index Scan using company_name_pkey on company_name cn  (cost=0.42..1.16 rows=1 width=4) (actual time=0.003..0.003 rows=0 loops=8585)
                     Index Cond: (id = mc.company_id)
                     Filter: ((country_code)::text = '[us]'::text)
                     Rows Removed by Filter: 1
         ->  Index Only Scan using person_id_aka_name on aka_name an  (cost=0.42..1.63 rows=2 width=4) (actual time=0.002..0.002 rows=1 loops=2632)
               Index Cond: (person_id = ci.person_id)
               Heap Fetches: 3575
 Planning Time: 23.890 ms
 Execution Time: 1737.807 ms
(55 rows)

SET
                                                                                                           QUERY PLAN                                                                                                           
--------------------------------------------------------------------------------------------------------------------------------------------------------------------------------------------------------------------------------
 Finalize Aggregate  (cost=283172.99..283173.00 rows=1 width=64) (actual time=6945.850..6945.850 rows=1 loops=1)
   ->  Gather  (cost=283172.77..283172.98 rows=2 width=64) (actual time=6876.664..6950.627 rows=3 loops=1)
         Workers Planned: 2
         Workers Launched: 2
         ->  Partial Aggregate  (cost=282172.77..282172.78 rows=1 width=64) (actual time=6805.517..6805.517 rows=1 loops=3)
               ->  Nested Loop  (cost=135435.02..282167.07 rows=1140 width=32) (actual time=2055.067..6727.710 rows=586882 loops=3)
                     ->  Nested Loop  (cost=135434.60..281402.94 rows=465 width=40) (actual time=2055.046..6136.936 rows=262348 loops=3)
                           ->  Nested Loop  (cost=135434.18..279915.09 rows=1278 width=44) (actual time=2054.964..3889.627 rows=1076352 loops=3)
                                 Join Filter: (t.id = mc.movie_id)
                                 ->  Hash Join  (cost=135433.75..279235.89 rows=255 width=52) (actual time=2054.683..3328.570 rows=113945 loops=3)
                                       Hash Cond: (mi.info_type_id = it.id)
                                       ->  Nested Loop  (cost=135431.32..279154.95 rows=28832 width=56) (actual time=2054.598..3273.947 rows=540998 loops=3)
                                             ->  Nested Loop  (cost=135430.89..226932.18 rows=1906 width=48) (actual time=2054.572..2845.162 rows=53102 loops=3)
                                                   ->  Nested Loop  (cost=135430.46..221350.20 rows=3938 width=52) (actual time=2054.544..2602.085 rows=56088 loops=3)
                                                         ->  Hash Join  (cost=135430.03..195430.35 rows=17020 width=33) (actual time=2054.511..2379.824 rows=56136 loops=3)
                                                               Hash Cond: (t.id = ci.movie_id)
                                                               ->  Parallel Seq Scan on title t  (cost=0.00..49166.29 rows=572932 width=21) (actual time=0.020..120.459 rows=460484 loops=3)
                                                                     Filter: (production_year > 2000)
                                                                     Rows Removed by Filter: 382286
                                                               ->  Hash  (cost=134124.20..134124.20 rows=75106 width=12) (actual time=2053.724..2053.725 rows=276166 loops=3)
                                                                     Buckets: 131072 (originally 131072)  Batches: 4 (originally 2)  Memory Usage: 3984kB
                                                                     ->  Nested Loop  (cost=0.56..134124.20 rows=75106 width=12) (actual time=0.168..1999.708 rows=276166 loops=3)
                                                                           ->  Seq Scan on role_type rt  (cost=0.00..1.15 rows=1 width=4) (actual time=0.016..0.019 rows=1 loops=3)
                                                                                 Filter: ((role)::text = 'actress'::text)
                                                                                 Rows Removed by Filter: 11
                                                                           ->  Index Scan using role_id_cast_info on cast_info ci  (cost=0.56..133303.71 rows=81934 width=16) (actual time=0.150..1976.640 rows=276166 loops=3)
                                                                                 Index Cond: (role_id = rt.id)
                                                                                 Filter: ((note)::text = ANY ('{(voice),"(voice: Japanese version)","(voice) (uncredited)","(voice: English version)"}'::text[]))
                                                                                 Rows Removed by Filter: 7175807
                                                         ->  Index Scan using name_pkey on name n  (cost=0.43..1.52 rows=1 width=19) (actual time=0.004..0.004 rows=1 loops=168407)
                                                               Index Cond: (id = ci.person_id)
                                                               Filter: ((gender)::text = 'f'::text)
                                                               Rows Removed by Filter: 0
                                                   ->  Index Only Scan using char_name_pkey on char_name chn  (cost=0.43..1.42 rows=1 width=4) (actual time=0.004..0.004 rows=1 loops=168264)
                                                         Index Cond: (id = ci.person_role_id)
                                                         Heap Fetches: 159307
                                             ->  Index Scan using movie_id_movie_info on movie_info mi  (cost=0.43..26.98 rows=42 width=8) (actual time=0.003..0.007 rows=10 loops=159307)
                                                   Index Cond: (movie_id = t.id)
                                       ->  Hash  (cost=2.41..2.41 rows=1 width=4) (actual time=0.026..0.026 rows=1 loops=3)
                                             Buckets: 1024  Batches: 1  Memory Usage: 9kB
                                             ->  Seq Scan on info_type it  (cost=0.00..2.41 rows=1 width=4) (actual time=0.016..0.022 rows=1 loops=3)
                                                   Filter: ((info)::text = 'release dates'::text)
                                                   Rows Removed by Filter: 112
                                 ->  Index Scan using movie_id_movie_companies on movie_companies mc  (cost=0.43..2.60 rows=5 width=8) (actual time=0.002..0.003 rows=9 loops=341836)
                                       Index Cond: (movie_id = mi.movie_id)
                           ->  Index Scan using company_name_pkey on company_name cn  (cost=0.42..1.16 rows=1 width=4) (actual time=0.002..0.002 rows=0 loops=3229056)
                                 Index Cond: (id = mc.company_id)
                                 Filter: ((country_code)::text = '[us]'::text)
                                 Rows Removed by Filter: 1
                     ->  Index Only Scan using person_id_aka_name on aka_name an  (cost=0.42..1.62 rows=2 width=4) (actual time=0.001..0.002 rows=2 loops=787043)
                           Index Cond: (person_id = n.id)
                           Heap Fetches: 1760645
 Planning Time: 25.325 ms
 Execution Time: 6951.048 ms
(54 rows)

SET
                                                                                                 QUERY PLAN                                                                                                 
------------------------------------------------------------------------------------------------------------------------------------------------------------------------------------------------------------
 Finalize Aggregate  (cost=19539.97..19539.98 rows=1 width=68) (actual time=82.423..82.423 rows=1 loops=1)
   ->  Gather  (cost=19539.75..19539.96 rows=2 width=68) (actual time=82.414..82.486 rows=3 loops=1)
         Workers Planned: 2
         Workers Launched: 2
         ->  Partial Aggregate  (cost=18539.75..18539.76 rows=1 width=68) (actual time=75.304..75.304 rows=1 loops=3)
               ->  Nested Loop  (cost=4.35..18539.42 rows=44 width=45) (actual time=70.464..75.283 rows=47 loops=3)
                     Join Filter: (mc.movie_id = t.id)
                     ->  Hash Join  (cost=3.92..18513.70 rows=44 width=32) (actual time=70.434..74.549 rows=47 loops=3)
                           Hash Cond: (mc.company_type_id = ct.id)
                           ->  Nested Loop  (cost=2.86..18511.69 rows=177 width=36) (actual time=70.352..74.456 rows=49 loops=3)
                                 ->  Hash Join  (cost=2.43..15253.60 rows=5089 width=4) (actual time=70.279..70.310 rows=83 loops=3)
                                       Hash Cond: (mi_idx.info_type_id = it.id)
                                       ->  Parallel Seq Scan on movie_info_idx mi_idx  (cost=0.00..13685.15 rows=575015 width=8) (actual time=0.016..38.135 rows=460012 loops=3)
                                       ->  Hash  (cost=2.41..2.41 rows=1 width=4) (actual time=0.019..0.019 rows=1 loops=3)
                                             Buckets: 1024  Batches: 1  Memory Usage: 9kB
                                             ->  Seq Scan on info_type it  (cost=0.00..2.41 rows=1 width=4) (actual time=0.016..0.017 rows=1 loops=3)
                                                   Filter: ((info)::text = 'top 250 rank'::text)
                                                   Rows Removed by Filter: 112
                                 ->  Index Scan using movie_id_movie_companies on movie_companies mc  (cost=0.43..0.63 rows=1 width=32) (actual time=0.049..0.049 rows=1 loops=250)
                                       Index Cond: (movie_id = mi_idx.movie_id)
                                       Filter: (((note)::text !~~ '%(as Metro-Goldwyn-Mayer Pictures)%'::text) AND (((note)::text ~~ '%(co-production)%'::text) OR ((note)::text ~~ '%(presents)%'::text)))
                                       Rows Removed by Filter: 33
                           ->  Hash  (cost=1.05..1.05 rows=1 width=4) (actual time=0.019..0.019 rows=1 loops=3)
                                 Buckets: 1024  Batches: 1  Memory Usage: 9kB
                                 ->  Seq Scan on company_type ct  (cost=0.00..1.05 rows=1 width=4) (actual time=0.014..0.015 rows=1 loops=3)
                                       Filter: ((kind)::text = 'production companies'::text)
                                       Rows Removed by Filter: 3
                     ->  Index Scan using title_pkey on title t  (cost=0.43..0.57 rows=1 width=25) (actual time=0.015..0.015 rows=1 loops=142)
                           Index Cond: (id = mi_idx.movie_id)
 Planning Time: 2.386 ms
 Execution Time: 82.636 ms
(31 rows)

SET
                                                                                   QUERY PLAN                                                                                    
---------------------------------------------------------------------------------------------------------------------------------------------------------------------------------
 Finalize Aggregate  (cost=20131.19..20131.20 rows=1 width=68) (actual time=73.060..73.060 rows=1 loops=1)
   ->  Gather  (cost=20130.96..20131.17 rows=2 width=68) (actual time=72.519..73.784 rows=3 loops=1)
         Workers Planned: 2
         Workers Launched: 2
         ->  Partial Aggregate  (cost=19130.96..19130.97 rows=1 width=68) (actual time=70.271..70.272 rows=1 loops=3)
               ->  Hash Join  (cost=4.35..19124.19 rows=903 width=45) (actual time=70.265..70.266 rows=1 loops=3)
                     Hash Cond: (mc.company_type_id = ct.id)
                     ->  Nested Loop  (cost=3.29..19103.60 rows=3612 width=49) (actual time=70.115..70.186 rows=22 loops=3)
                           Join Filter: (t.id = mc.movie_id)
                           ->  Nested Loop  (cost=2.86..18189.65 rows=1422 width=29) (actual time=70.096..70.122 rows=1 loops=3)
                                 ->  Hash Join  (cost=2.43..15253.60 rows=5089 width=4) (actual time=70.034..70.036 rows=3 loops=3)
                                       Hash Cond: (mi_idx.info_type_id = it.id)
                                       ->  Parallel Seq Scan on movie_info_idx mi_idx  (cost=0.00..13685.15 rows=575015 width=8) (actual time=0.020..37.776 rows=460012 loops=3)
                                       ->  Hash  (cost=2.41..2.41 rows=1 width=4) (actual time=0.018..0.018 rows=1 loops=3)
                                             Buckets: 1024  Batches: 1  Memory Usage: 9kB
                                             ->  Seq Scan on info_type it  (cost=0.00..2.41 rows=1 width=4) (actual time=0.015..0.015 rows=1 loops=3)
                                                   Filter: ((info)::text = 'bottom 10 rank'::text)
                                                   Rows Removed by Filter: 112
                                 ->  Index Scan using title_pkey on title t  (cost=0.43..0.58 rows=1 width=25) (actual time=0.025..0.025 rows=0 loops=10)
                                       Index Cond: (id = mi_idx.movie_id)
                                       Filter: ((production_year >= 2005) AND (production_year <= 2010))
                                       Rows Removed by Filter: 1
                           ->  Index Scan using movie_id_movie_companies on movie_companies mc  (cost=0.43..0.61 rows=3 width=32) (actual time=0.032..0.045 rows=16 loops=4)
                                 Index Cond: (movie_id = mi_idx.movie_id)
                                 Filter: ((note)::text !~~ '%(as Metro-Goldwyn-Mayer Pictures)%'::text)
                                 Rows Removed by Filter: 2
                     ->  Hash  (cost=1.05..1.05 rows=1 width=4) (actual time=0.016..0.016 rows=1 loops=3)
                           Buckets: 1024  Batches: 1  Memory Usage: 9kB
                           ->  Seq Scan on company_type ct  (cost=0.00..1.05 rows=1 width=4) (actual time=0.011..0.012 rows=1 loops=3)
                                 Filter: ((kind)::text = 'production companies'::text)
                                 Rows Removed by Filter: 3
 Planning Time: 1.889 ms
 Execution Time: 73.935 ms
(33 rows)

SET
                                                                                     QUERY PLAN                                                                                     
------------------------------------------------------------------------------------------------------------------------------------------------------------------------------------
 Finalize Aggregate  (cost=19461.56..19461.57 rows=1 width=68) (actual time=77.740..77.740 rows=1 loops=1)
   ->  Gather  (cost=19461.33..19461.54 rows=2 width=68) (actual time=77.732..77.801 rows=3 loops=1)
         Workers Planned: 2
         Workers Launched: 2
         ->  Partial Aggregate  (cost=18461.33..18461.34 rows=1 width=68) (actual time=72.759..72.759 rows=1 loops=3)
               ->  Nested Loop  (cost=4.35..18461.31 rows=3 width=45) (actual time=71.783..72.754 rows=1 loops=3)
                     Join Filter: (mc.movie_id = t.id)
                     ->  Hash Join  (cost=3.92..18449.57 rows=20 width=32) (actual time=70.777..72.704 rows=8 loops=3)
                           Hash Cond: (mc.company_type_id = ct.id)
                           ->  Nested Loop  (cost=2.86..18448.07 rows=81 width=36) (actual time=70.702..72.627 rows=8 loops=3)
                                 ->  Hash Join  (cost=2.43..15253.60 rows=5089 width=4) (actual time=69.947..69.974 rows=83 loops=3)
                                       Hash Cond: (mi_idx.info_type_id = it.id)
                                       ->  Parallel Seq Scan on movie_info_idx mi_idx  (cost=0.00..13685.15 rows=575015 width=8) (actual time=0.023..37.772 rows=460012 loops=3)
                                       ->  Hash  (cost=2.41..2.41 rows=1 width=4) (actual time=0.017..0.017 rows=1 loops=3)
                                             Buckets: 1024  Batches: 1  Memory Usage: 9kB
                                             ->  Seq Scan on info_type it  (cost=0.00..2.41 rows=1 width=4) (actual time=0.014..0.015 rows=1 loops=3)
                                                   Filter: ((info)::text = 'top 250 rank'::text)
                                                   Rows Removed by Filter: 112
                                 ->  Index Scan using movie_id_movie_companies on movie_companies mc  (cost=0.43..0.62 rows=1 width=32) (actual time=0.031..0.032 rows=0 loops=250)
                                       Index Cond: (movie_id = mi_idx.movie_id)
                                       Filter: (((note)::text !~~ '%(as Metro-Goldwyn-Mayer Pictures)%'::text) AND ((note)::text ~~ '%(co-production)%'::text))
                                       Rows Removed by Filter: 33
                           ->  Hash  (cost=1.05..1.05 rows=1 width=4) (actual time=0.015..0.015 rows=1 loops=3)
                                 Buckets: 1024  Batches: 1  Memory Usage: 9kB
                                 ->  Seq Scan on company_type ct  (cost=0.00..1.05 rows=1 width=4) (actual time=0.010..0.011 rows=1 loops=3)
                                       Filter: ((kind)::text = 'production companies'::text)
                                       Rows Removed by Filter: 3
                     ->  Index Scan using title_pkey on title t  (cost=0.43..0.57 rows=1 width=25) (actual time=0.006..0.006 rows=0 loops=23)
                           Index Cond: (id = mi_idx.movie_id)
                           Filter: (production_year > 2010)
                           Rows Removed by Filter: 1
 Planning Time: 1.829 ms
 Execution Time: 77.944 ms
(33 rows)

SET
                                                                                   QUERY PLAN                                                                                    
---------------------------------------------------------------------------------------------------------------------------------------------------------------------------------
 Finalize Aggregate  (cost=20988.46..20988.47 rows=1 width=68) (actual time=72.576..72.576 rows=1 loops=1)
   ->  Gather  (cost=20988.24..20988.45 rows=2 width=68) (actual time=72.570..72.988 rows=3 loops=1)
         Workers Planned: 2
         Workers Launched: 2
         ->  Partial Aggregate  (cost=19988.24..19988.25 rows=1 width=68) (actual time=69.998..69.998 rows=1 loops=3)
               ->  Hash Join  (cost=4.35..19975.05 rows=1758 width=45) (actual time=69.977..69.992 rows=1 loops=3)
                     Hash Cond: (mc.company_type_id = ct.id)
                     ->  Nested Loop  (cost=3.29..19935.98 rows=7030 width=49) (actual time=69.831..69.919 rows=26 loops=3)
                           ->  Nested Loop  (cost=2.86..18176.93 rows=2768 width=29) (actual time=69.817..69.851 rows=2 loops=3)
                                 ->  Hash Join  (cost=2.43..15253.60 rows=5089 width=4) (actual time=69.796..69.798 rows=3 loops=3)
                                       Hash Cond: (mi_idx.info_type_id = it.id)
                                       ->  Parallel Seq Scan on movie_info_idx mi_idx  (cost=0.00..13685.15 rows=575015 width=8) (actual time=0.022..37.684 rows=460012 loops=3)
                                       ->  Hash  (cost=2.41..2.41 rows=1 width=4) (actual time=0.019..0.019 rows=1 loops=3)
                                             Buckets: 1024  Batches: 1  Memory Usage: 9kB
                                             ->  Seq Scan on info_type it  (cost=0.00..2.41 rows=1 width=4) (actual time=0.016..0.017 rows=1 loops=3)
                                                   Filter: ((info)::text = 'bottom 10 rank'::text)
                                                   Rows Removed by Filter: 112
                                 ->  Index Scan using title_pkey on title t  (cost=0.43..0.57 rows=1 width=25) (actual time=0.015..0.015 rows=1 loops=10)
                                       Index Cond: (id = mi_idx.movie_id)
                                       Filter: (production_year > 2000)
                                       Rows Removed by Filter: 0
                           ->  Index Scan using movie_id_movie_companies on movie_companies mc  (cost=0.43..0.61 rows=3 width=32) (actual time=0.022..0.032 rows=13 loops=6)
                                 Index Cond: (movie_id = t.id)
                                 Filter: ((note)::text !~~ '%(as Metro-Goldwyn-Mayer Pictures)%'::text)
                                 Rows Removed by Filter: 2
                     ->  Hash  (cost=1.05..1.05 rows=1 width=4) (actual time=0.015..0.015 rows=1 loops=3)
                           Buckets: 1024  Batches: 1  Memory Usage: 9kB
                           ->  Seq Scan on company_type ct  (cost=0.00..1.05 rows=1 width=4) (actual time=0.010..0.011 rows=1 loops=3)
                                 Filter: ((kind)::text = 'production companies'::text)
                                 Rows Removed by Filter: 3
 Planning Time: 1.803 ms
 Execution Time: 73.137 ms
(32 rows)

SET
                                                                                             QUERY PLAN                                                                                             
----------------------------------------------------------------------------------------------------------------------------------------------------------------------------------------------------
 Aggregate  (cost=12310.45..12310.46 rows=1 width=32) (actual time=3441.341..3441.342 rows=1 loops=1)
   ->  Nested Loop  (cost=9.02..12310.44 rows=1 width=17) (actual time=48.714..3441.304 rows=33 loops=1)
         ->  Nested Loop  (cost=8.59..12309.99 rows=1 width=21) (actual time=48.688..3440.921 rows=33 loops=1)
               ->  Nested Loop  (cost=8.16..12304.93 rows=11 width=25) (actual time=5.146..2053.362 rows=532809 loops=1)
                     Join Filter: (t.id = ci.movie_id)
                     ->  Nested Loop  (cost=7.60..12298.97 rows=3 width=29) (actual time=5.108..482.875 rows=6016 loops=1)
                           Join Filter: (t.kind_id = kt.id)
                           Rows Removed by Join Filter: 1347
                           ->  Seq Scan on kind_type kt  (cost=0.00..1.09 rows=1 width=4) (actual time=0.016..0.017 rows=1 loops=1)
                                 Filter: ((kind)::text = 'movie'::text)
                                 Rows Removed by Filter: 6
                           ->  Nested Loop  (cost=7.60..12297.62 rows=21 width=33) (actual time=1.083..481.242 rows=7363 loops=1)
                                 ->  Nested Loop  (cost=7.17..12286.40 rows=23 width=8) (actual time=1.054..417.524 rows=8765 loops=1)
                                       Join Filter: (cc.status_id = cct2.id)
                                       Rows Removed by Join Filter: 8765
                                       ->  Seq Scan on comp_cast_type cct2  (cost=0.00..1.05 rows=1 width=4) (actual time=0.012..0.013 rows=2 loops=1)
                                             Filter: ((kind)::text ~~ '%complete%'::text)
                                             Rows Removed by Filter: 2
                                       ->  Nested Loop  (cost=7.17..12284.17 rows=94 width=12) (actual time=0.863..207.257 rows=8765 loops=2)
                                             Join Filter: (cc.subject_id = cct1.id)
                                             Rows Removed by Join Filter: 4045
                                             ->  Seq Scan on comp_cast_type cct1  (cost=0.00..1.05 rows=1 width=4) (actual time=0.001..0.003 rows=1 loops=2)
                                                   Filter: ((kind)::text = 'cast'::text)
                                                   Rows Removed by Filter: 3
                                             ->  Nested Loop  (cost=7.17..12278.42 rows=376 width=16) (actual time=0.861..205.255 rows=12810 loops=2)
                                                   ->  Nested Loop  (cost=6.75..12149.91 rows=270 width=4) (actual time=0.627..132.240 rows=35548 loops=2)
                                                         ->  Seq Scan on keyword k  (cost=0.00..3632.40 rows=8 width=4) (actual time=0.117..30.109 rows=8 loops=2)
                                                               Filter: ((keyword)::text = ANY ('{superhero,sequel,second-part,marvel-comics,based-on-comic,tv-special,fight,violence}'::text[]))
                                                               Rows Removed by Filter: 134162
                                                         ->  Bitmap Heap Scan on movie_keyword mk  (cost=6.75..1061.70 rows=299 width=8) (actual time=1.083..12.260 rows=4444 loops=16)
                                                               Recheck Cond: (keyword_id = k.id)
                                                               Heap Blocks: exact=46976
                                                               ->  Bitmap Index Scan on keyword_id_movie_keyword  (cost=0.00..6.67 rows=299 width=0) (actual time=0.599..0.599 rows=4444 loops=16)
                                                                     Index Cond: (keyword_id = k.id)
                                                   ->  Index Scan using movie_id_complete_cast on complete_cast cc  (cost=0.42..0.46 rows=2 width=12) (actual time=0.002..0.002 rows=0 loops=71096)
                                                         Index Cond: (movie_id = mk.movie_id)
                                 ->  Index Scan using title_pkey on title t  (cost=0.43..0.49 rows=1 width=25) (actual time=0.007..0.007 rows=1 loops=8765)
                                       Index Cond: (id = mk.movie_id)
                                       Filter: (production_year > 1950)
                                       Rows Removed by Filter: 0
                     ->  Index Scan using movie_id_cast_info on cast_info ci  (cost=0.56..1.52 rows=37 width=12) (actual time=0.010..0.246 rows=89 loops=6016)
                           Index Cond: (movie_id = mk.movie_id)
               ->  Index Scan using char_name_pkey on char_name chn  (cost=0.43..0.46 rows=1 width=4) (actual time=0.002..0.002 rows=0 loops=532809)
                     Index Cond: (id = ci.person_role_id)
                     Filter: (((name)::text !~~ '%Sherlock%'::text) AND (((name)::text ~~ '%Tony%Stark%'::text) OR ((name)::text ~~ '%Iron%Man%'::text)))
                     Rows Removed by Filter: 0
         ->  Index Only Scan using name_pkey on name n  (cost=0.43..0.45 rows=1 width=4) (actual time=0.011..0.011 rows=1 loops=33)
               Index Cond: (id = ci.person_id)
               Heap Fetches: 33
 Planning Time: 15.850 ms
 Execution Time: 3441.542 ms
(51 rows)

SET
                                                                                            QUERY PLAN                                                                                             
---------------------------------------------------------------------------------------------------------------------------------------------------------------------------------------------------
 Aggregate  (cost=12304.81..12304.82 rows=1 width=32) (actual time=2672.400..2672.400 rows=1 loops=1)
   ->  Nested Loop  (cost=9.02..12304.81 rows=1 width=17) (actual time=59.739..2672.370 rows=17 loops=1)
         ->  Nested Loop  (cost=8.59..12304.35 rows=1 width=21) (actual time=59.722..2672.044 rows=27 loops=1)
               ->  Nested Loop  (cost=8.16..12301.15 rows=7 width=25) (actual time=7.837..1326.086 rows=222518 loops=1)
                     Join Filter: (t.id = ci.movie_id)
                     ->  Nested Loop  (cost=7.60..12297.17 rows=2 width=29) (actual time=7.801..648.087 rows=1472 loops=1)
                           Join Filter: (cc.status_id = cct2.id)
                           Rows Removed by Join Filter: 1472
                           ->  Seq Scan on comp_cast_type cct2  (cost=0.00..1.05 rows=1 width=4) (actual time=0.012..0.013 rows=2 loops=1)
                                 Filter: ((kind)::text ~~ '%complete%'::text)
                                 Rows Removed by Filter: 2
                           ->  Nested Loop  (cost=7.60..12296.04 rows=7 width=33) (actual time=5.781..323.683 rows=1472 loops=2)
                                 Join Filter: (cc.subject_id = cct1.id)
                                 Rows Removed by Join Filter: 243
                                 ->  Seq Scan on comp_cast_type cct1  (cost=0.00..1.05 rows=1 width=4) (actual time=0.002..0.003 rows=1 loops=2)
                                       Filter: ((kind)::text = 'cast'::text)
                                       Rows Removed by Filter: 3
                                 ->  Nested Loop  (cost=7.60..12294.62 rows=29 width=37) (actual time=5.778..323.264 rows=1715 loops=2)
                                       ->  Nested Loop  (cost=7.18..12284.58 rows=21 width=25) (actual time=5.689..306.354 rows=6043 loops=2)
                                             Join Filter: (t.kind_id = kt.id)
                                             Rows Removed by Join Filter: 8122
                                             ->  Seq Scan on kind_type kt  (cost=0.00..1.09 rows=1 width=4) (actual time=0.002..0.003 rows=1 loops=2)
                                                   Filter: ((kind)::text = 'movie'::text)
                                                   Rows Removed by Filter: 6
                                             ->  Nested Loop  (cost=7.18..12281.66 rows=147 width=29) (actual time=0.636..304.550 rows=14165 loops=2)
                                                   ->  Nested Loop  (cost=6.75..12149.91 rows=270 width=4) (actual time=0.619..130.381 rows=35548 loops=2)
                                                         ->  Seq Scan on keyword k  (cost=0.00..3632.40 rows=8 width=4) (actual time=0.117..30.288 rows=8 loops=2)
                                                               Filter: ((keyword)::text = ANY ('{superhero,sequel,second-part,marvel-comics,based-on-comic,tv-special,fight,violence}'::text[]))
                                                               Rows Removed by Filter: 134162
                                                         ->  Bitmap Heap Scan on movie_keyword mk  (cost=6.75..1061.70 rows=299 width=8) (actual time=1.081..12.019 rows=4444 loops=16)
                                                               Recheck Cond: (keyword_id = k.id)
                                                               Heap Blocks: exact=46976
                                                               ->  Bitmap Index Scan on keyword_id_movie_keyword  (cost=0.00..6.67 rows=299 width=0) (actual time=0.598..0.598 rows=4444 loops=16)
                                                                     Index Cond: (keyword_id = k.id)
                                                   ->  Index Scan using title_pkey on title t  (cost=0.43..0.49 rows=1 width=25) (actual time=0.005..0.005 rows=0 loops=71096)
                                                         Index Cond: (id = mk.movie_id)
                                                         Filter: (production_year > 2000)
                                                         Rows Removed by Filter: 1
                                       ->  Index Scan using movie_id_complete_cast on complete_cast cc  (cost=0.42..0.46 rows=2 width=12) (actual time=0.002..0.003 rows=0 loops=12086)
                                             Index Cond: (movie_id = t.id)
                     ->  Index Scan using movie_id_cast_info on cast_info ci  (cost=0.56..1.52 rows=37 width=12) (actual time=0.012..0.430 rows=151 loops=1472)
                           Index Cond: (movie_id = mk.movie_id)
               ->  Index Scan using name_pkey on name n  (cost=0.43..0.46 rows=1 width=4) (actual time=0.006..0.006 rows=0 loops=222518)
                     Index Cond: (id = ci.person_id)
                     Filter: ((name)::text ~~ '%Downey%Robert%'::text)
                     Rows Removed by Filter: 1
         ->  Index Scan using char_name_pkey on char_name chn  (cost=0.43..0.46 rows=1 width=4) (actual time=0.011..0.011 rows=1 loops=27)
               Index Cond: (id = ci.person_role_id)
               Filter: (((name)::text !~~ '%Sherlock%'::text) AND (((name)::text ~~ '%Tony%Stark%'::text) OR ((name)::text ~~ '%Iron%Man%'::text)))
               Rows Removed by Filter: 0
 Planning Time: 15.951 ms
 Execution Time: 2672.591 ms
(52 rows)

SET
                                                                                             QUERY PLAN                                                                                             
----------------------------------------------------------------------------------------------------------------------------------------------------------------------------------------------------
 Aggregate  (cost=14665.13..14665.14 rows=1 width=64) (actual time=1504.395..1504.396 rows=1 loops=1)
   ->  Nested Loop  (cost=9.02..14665.12 rows=1 width=32) (actual time=7.777..1503.034 rows=5406 loops=1)
         ->  Nested Loop  (cost=8.59..14664.67 rows=1 width=21) (actual time=7.749..1459.401 rows=5406 loops=1)
               ->  Nested Loop  (cost=8.16..14661.01 rows=8 width=25) (actual time=7.452..1033.611 rows=189844 loops=1)
                     Join Filter: (t.id = ci.movie_id)
                     ->  Nested Loop  (cost=7.60..14657.03 rows=2 width=29) (actual time=7.407..496.991 rows=1267 loops=1)
                           Join Filter: (cc.status_id = cct2.id)
                           Rows Removed by Join Filter: 1267
                           ->  Seq Scan on comp_cast_type cct2  (cost=0.00..1.05 rows=1 width=4) (actual time=0.012..0.013 rows=2 loops=1)
                                 Filter: ((kind)::text ~~ '%complete%'::text)
                                 Rows Removed by Filter: 2
                           ->  Nested Loop  (cost=7.60..14655.87 rows=9 width=33) (actual time=5.569..248.231 rows=1267 loops=2)
                                 Join Filter: (cc.subject_id = cct1.id)
                                 Rows Removed by Join Filter: 218
                                 ->  Seq Scan on comp_cast_type cct1  (cost=0.00..1.05 rows=1 width=4) (actual time=0.001..0.002 rows=1 loops=2)
                                       Filter: ((kind)::text = 'cast'::text)
                                       Rows Removed by Filter: 3
                                 ->  Nested Loop  (cost=7.60..14654.36 rows=37 width=37) (actual time=5.566..247.878 rows=1485 loops=2)
                                       ->  Nested Loop  (cost=7.18..14641.93 rows=26 width=25) (actual time=5.487..234.097 rows=5032 loops=2)
                                             Join Filter: (t.kind_id = kt.id)
                                             Rows Removed by Join Filter: 5581
                                             ->  Seq Scan on kind_type kt  (cost=0.00..1.09 rows=1 width=4) (actual time=0.002..0.003 rows=1 loops=2)
                                                   Filter: ((kind)::text = 'movie'::text)
                                                   Rows Removed by Filter: 6
                                             ->  Nested Loop  (cost=7.18..14638.55 rows=183 width=29) (actual time=0.651..232.710 rows=10613 loops=2)
                                                   ->  Nested Loop  (cost=6.75..14474.11 rows=337 width=4) (actual time=0.635..109.929 rows=24091 loops=2)
                                                         ->  Seq Scan on keyword k  (cost=0.00..3967.82 rows=10 width=4) (actual time=0.135..37.156 rows=10 loops=2)
                                                               Filter: ((keyword)::text = ANY ('{superhero,marvel-comics,based-on-comic,tv-special,fight,violence,magnet,web,claw,laser}'::text[]))
                                                               Rows Removed by Filter: 134160
                                                         ->  Bitmap Heap Scan on movie_keyword mk  (cost=6.75..1047.64 rows=299 width=8) (actual time=0.643..6.995 rows=2409 loops=20)
                                                               Recheck Cond: (keyword_id = k.id)
                                                               Heap Blocks: exact=34254
                                                               ->  Bitmap Index Scan on keyword_id_movie_keyword  (cost=0.00..6.67 rows=299 width=0) (actual time=0.360..0.360 rows=2409 loops=20)
                                                                     Index Cond: (keyword_id = k.id)
                                                   ->  Index Scan using title_pkey on title t  (cost=0.43..0.49 rows=1 width=25) (actual time=0.005..0.005 rows=0 loops=48182)
                                                         Index Cond: (id = mk.movie_id)
                                                         Filter: (production_year > 2000)
                                                         Rows Removed by Filter: 1
                                       ->  Index Scan using movie_id_complete_cast on complete_cast cc  (cost=0.42..0.46 rows=2 width=12) (actual time=0.002..0.002 rows=0 loops=10064)
                                             Index Cond: (movie_id = t.id)
                     ->  Index Scan using movie_id_cast_info on cast_info ci  (cost=0.56..1.52 rows=37 width=12) (actual time=0.012..0.398 rows=150 loops=1267)
                           Index Cond: (movie_id = mk.movie_id)
               ->  Index Scan using char_name_pkey on char_name chn  (cost=0.43..0.46 rows=1 width=4) (actual time=0.002..0.002 rows=0 loops=189844)
                     Index Cond: (id = ci.person_role_id)
                     Filter: ((name IS NOT NULL) AND (((name)::text ~~ '%man%'::text) OR ((name)::text ~~ '%Man%'::text)))
                     Rows Removed by Filter: 0
         ->  Index Scan using name_pkey on name n  (cost=0.43..0.45 rows=1 width=19) (actual time=0.008..0.008 rows=1 loops=5406)
               Index Cond: (id = ci.person_id)
 Planning Time: 16.316 ms
 Execution Time: 1504.581 ms
(50 rows)

SET
                                                                                         QUERY PLAN                                                                                          
---------------------------------------------------------------------------------------------------------------------------------------------------------------------------------------------
 Aggregate  (cost=3753.11..3753.12 rows=1 width=96) (actual time=104.709..104.710 rows=1 loops=1)
   ->  Nested Loop  (cost=8.75..3753.10 rows=1 width=118) (actual time=3.715..104.389 rows=1410 loops=1)
         Join Filter: (ml.movie_id = t.id)
         ->  Nested Loop  (cost=8.32..3752.60 rows=1 width=117) (actual time=3.694..101.348 rows=1816 loops=1)
               Join Filter: (ml.movie_id = mi.movie_id)
               ->  Nested Loop  (cost=7.89..3750.82 rows=1 width=113) (actual time=3.649..96.406 rows=402 loops=1)
                     Join Filter: (mc.company_type_id = ct.id)
                     Rows Removed by Join Filter: 20
                     ->  Nested Loop  (cost=7.89..3749.75 rows=1 width=117) (actual time=3.638..95.942 rows=422 loops=1)
                           ->  Nested Loop  (cost=7.47..3749.30 rows=1 width=102) (actual time=3.257..93.505 rows=1021 loops=1)
                                 Join Filter: (ml.movie_id = mc.movie_id)
                                 ->  Nested Loop  (cost=7.04..3748.73 rows=1 width=90) (actual time=3.228..92.337 rows=199 loops=1)
                                       Join Filter: (ml.link_type_id = lt.id)
                                       Rows Removed by Join Filter: 303
                                       ->  Seq Scan on link_type lt  (cost=0.00..1.23 rows=1 width=86) (actual time=0.014..0.018 rows=2 loops=1)
                                             Filter: ((link)::text ~~ '%follow%'::text)
                                             Rows Removed by Filter: 16
                                       ->  Nested Loop  (cost=7.04..3747.37 rows=11 width=12) (actual time=2.947..46.131 rows=251 loops=2)
                                             ->  Nested Loop  (cost=6.75..3732.91 rows=34 width=4) (actual time=2.941..36.526 rows=10544 loops=2)
                                                   ->  Seq Scan on keyword k  (cost=0.00..2626.12 rows=1 width=4) (actual time=0.684..10.734 rows=1 loops=2)
                                                         Filter: ((keyword)::text = 'sequel'::text)
                                                         Rows Removed by Filter: 134169
                                                   ->  Bitmap Heap Scan on movie_keyword mk  (cost=6.75..1103.80 rows=299 width=8) (actual time=2.238..24.764 rows=10544 loops=2)
                                                         Recheck Cond: (keyword_id = k.id)
                                                         Heap Blocks: exact=11140
                                                         ->  Bitmap Index Scan on keyword_id_movie_keyword  (cost=0.00..6.67 rows=299 width=0) (actual time=1.329..1.329 rows=10544 loops=2)
                                                               Index Cond: (keyword_id = k.id)
                                             ->  Index Scan using movie_id_movie_link on movie_link ml  (cost=0.29..0.38 rows=5 width=8) (actual time=0.001..0.001 rows=0 loops=21088)
                                                   Index Cond: (movie_id = mk.movie_id)
                                 ->  Index Scan using movie_id_movie_companies on movie_companies mc  (cost=0.43..0.54 rows=2 width=12) (actual time=0.004..0.005 rows=5 loops=199)
                                       Index Cond: (movie_id = mk.movie_id)
                                       Filter: (note IS NULL)
                                       Rows Removed by Filter: 2
                           ->  Index Scan using company_name_pkey on company_name cn  (cost=0.42..0.46 rows=1 width=23) (actual time=0.002..0.002 rows=0 loops=1021)
                                 Index Cond: (id = mc.company_id)
                                 Filter: (((country_code)::text <> '[pl]'::text) AND (((name)::text ~~ '%Film%'::text) OR ((name)::text ~~ '%Warner%'::text)))
                                 Rows Removed by Filter: 1
                     ->  Seq Scan on company_type ct  (cost=0.00..1.05 rows=1 width=4) (actual time=0.001..0.001 rows=1 loops=422)
                           Filter: ((kind)::text = 'production companies'::text)
                           Rows Removed by Filter: 1
               ->  Index Scan using movie_id_movie_info on movie_info mi  (cost=0.43..1.77 rows=1 width=4) (actual time=0.009..0.012 rows=5 loops=402)
                     Index Cond: (movie_id = mk.movie_id)
                     Filter: ((info)::text = ANY ('{Sweden,Norway,Germany,Denmark,Swedish,Denish,Norwegian,German}'::text[]))
                     Rows Removed by Filter: 16
         ->  Index Scan using title_pkey on title t  (cost=0.43..0.49 rows=1 width=21) (actual time=0.001..0.001 rows=1 loops=1816)
               Index Cond: (id = mk.movie_id)
               Filter: ((production_year >= 1950) AND (production_year <= 2000))
               Rows Removed by Filter: 0
 Planning Time: 15.232 ms
 Execution Time: 104.895 ms
(50 rows)

SET
                                                                                         QUERY PLAN                                                                                          
---------------------------------------------------------------------------------------------------------------------------------------------------------------------------------------------
 Aggregate  (cost=3752.79..3752.80 rows=1 width=96) (actual time=69.182..69.182 rows=1 loops=1)
   ->  Nested Loop  (cost=8.75..3752.79 rows=1 width=118) (actual time=3.468..69.161 rows=38 loops=1)
         Join Filter: (ml.movie_id = t.id)
         ->  Nested Loop  (cost=8.32..3752.28 rows=1 width=117) (actual time=3.104..68.610 rows=308 loops=1)
               Join Filter: (ml.movie_id = mi.movie_id)
               ->  Nested Loop  (cost=7.89..3750.82 rows=1 width=113) (actual time=3.089..65.284 rows=402 loops=1)
                     Join Filter: (mc.company_type_id = ct.id)
                     Rows Removed by Join Filter: 20
                     ->  Nested Loop  (cost=7.89..3749.75 rows=1 width=117) (actual time=3.081..64.836 rows=422 loops=1)
                           ->  Nested Loop  (cost=7.47..3749.30 rows=1 width=102) (actual time=2.901..62.802 rows=1021 loops=1)
                                 Join Filter: (ml.movie_id = mc.movie_id)
                                 ->  Nested Loop  (cost=7.04..3748.73 rows=1 width=90) (actual time=2.884..61.899 rows=199 loops=1)
                                       Join Filter: (ml.link_type_id = lt.id)
                                       Rows Removed by Join Filter: 303
                                       ->  Seq Scan on link_type lt  (cost=0.00..1.23 rows=1 width=86) (actual time=0.009..0.013 rows=2 loops=1)
                                             Filter: ((link)::text ~~ '%follow%'::text)
                                             Rows Removed by Filter: 16
                                       ->  Nested Loop  (cost=7.04..3747.37 rows=11 width=12) (actual time=2.753..30.915 rows=251 loops=2)
                                             ->  Nested Loop  (cost=6.75..3732.91 rows=34 width=4) (actual time=2.747..21.715 rows=10544 loops=2)
                                                   ->  Seq Scan on keyword k  (cost=0.00..2626.12 rows=1 width=4) (actual time=0.590..10.018 rows=1 loops=2)
                                                         Filter: ((keyword)::text = 'sequel'::text)
                                                         Rows Removed by Filter: 134169
                                                   ->  Bitmap Heap Scan on movie_keyword mk  (cost=6.75..1103.80 rows=299 width=8) (actual time=2.144..10.728 rows=10544 loops=2)
                                                         Recheck Cond: (keyword_id = k.id)
                                                         Heap Blocks: exact=11140
                                                         ->  Bitmap Index Scan on keyword_id_movie_keyword  (cost=0.00..6.67 rows=299 width=0) (actual time=1.238..1.238 rows=10544 loops=2)
                                                               Index Cond: (keyword_id = k.id)
                                             ->  Index Scan using movie_id_movie_link on movie_link ml  (cost=0.29..0.38 rows=5 width=8) (actual time=0.001..0.001 rows=0 loops=21088)
                                                   Index Cond: (movie_id = mk.movie_id)
                                 ->  Index Scan using movie_id_movie_companies on movie_companies mc  (cost=0.43..0.54 rows=2 width=12) (actual time=0.003..0.004 rows=5 loops=199)
                                       Index Cond: (movie_id = mk.movie_id)
                                       Filter: (note IS NULL)
                                       Rows Removed by Filter: 2
                           ->  Index Scan using company_name_pkey on company_name cn  (cost=0.42..0.46 rows=1 width=23) (actual time=0.002..0.002 rows=0 loops=1021)
                                 Index Cond: (id = mc.company_id)
                                 Filter: (((country_code)::text <> '[pl]'::text) AND (((name)::text ~~ '%Film%'::text) OR ((name)::text ~~ '%Warner%'::text)))
                                 Rows Removed by Filter: 1
                     ->  Seq Scan on company_type ct  (cost=0.00..1.05 rows=1 width=4) (actual time=0.000..0.001 rows=1 loops=422)
                           Filter: ((kind)::text = 'production companies'::text)
                           Rows Removed by Filter: 1
               ->  Index Scan using movie_id_movie_info on movie_info mi  (cost=0.43..1.45 rows=1 width=4) (actual time=0.007..0.008 rows=1 loops=402)
                     Index Cond: (movie_id = mk.movie_id)
                     Filter: ((info)::text = ANY ('{Germany,German}'::text[]))
                     Rows Removed by Filter: 20
         ->  Index Scan using title_pkey on title t  (cost=0.43..0.49 rows=1 width=21) (actual time=0.002..0.002 rows=0 loops=308)
               Index Cond: (id = mk.movie_id)
               Filter: ((production_year >= 2000) AND (production_year <= 2010))
               Rows Removed by Filter: 1
 Planning Time: 14.408 ms
 Execution Time: 69.366 ms
(50 rows)

SET
                                                                                         QUERY PLAN                                                                                          
---------------------------------------------------------------------------------------------------------------------------------------------------------------------------------------------
 Aggregate  (cost=3753.19..3753.20 rows=1 width=96) (actual time=71.844..71.844 rows=1 loops=1)
   ->  Nested Loop  (cost=8.75..3753.18 rows=1 width=118) (actual time=3.042..71.441 rows=1874 loops=1)
         Join Filter: (ml.movie_id = t.id)
         ->  Nested Loop  (cost=8.32..3752.68 rows=1 width=117) (actual time=3.036..68.313 rows=1874 loops=1)
               Join Filter: (ml.movie_id = mi.movie_id)
               ->  Nested Loop  (cost=7.89..3750.82 rows=1 width=113) (actual time=3.022..63.674 rows=402 loops=1)
                     Join Filter: (mc.company_type_id = ct.id)
                     Rows Removed by Join Filter: 20
                     ->  Nested Loop  (cost=7.89..3749.75 rows=1 width=117) (actual time=3.016..63.221 rows=422 loops=1)
                           ->  Nested Loop  (cost=7.47..3749.30 rows=1 width=102) (actual time=2.841..61.235 rows=1021 loops=1)
                                 Join Filter: (ml.movie_id = mc.movie_id)
                                 ->  Nested Loop  (cost=7.04..3748.73 rows=1 width=90) (actual time=2.826..60.354 rows=199 loops=1)
                                       Join Filter: (ml.link_type_id = lt.id)
                                       Rows Removed by Join Filter: 303
                                       ->  Seq Scan on link_type lt  (cost=0.00..1.23 rows=1 width=86) (actual time=0.009..0.013 rows=2 loops=1)
                                             Filter: ((link)::text ~~ '%follow%'::text)
                                             Rows Removed by Filter: 16
                                       ->  Nested Loop  (cost=7.04..3747.37 rows=11 width=12) (actual time=2.706..30.143 rows=251 loops=2)
                                             ->  Nested Loop  (cost=6.75..3732.91 rows=34 width=4) (actual time=2.700..21.038 rows=10544 loops=2)
                                                   ->  Seq Scan on keyword k  (cost=0.00..2626.12 rows=1 width=4) (actual time=0.556..9.889 rows=1 loops=2)
                                                         Filter: ((keyword)::text = 'sequel'::text)
                                                         Rows Removed by Filter: 134169
                                                   ->  Bitmap Heap Scan on movie_keyword mk  (cost=6.75..1103.80 rows=299 width=8) (actual time=2.130..10.170 rows=10544 loops=2)
                                                         Recheck Cond: (keyword_id = k.id)
                                                         Heap Blocks: exact=11140
                                                         ->  Bitmap Index Scan on keyword_id_movie_keyword  (cost=0.00..6.67 rows=299 width=0) (actual time=1.219..1.219 rows=10544 loops=2)
                                                               Index Cond: (keyword_id = k.id)
                                             ->  Index Scan using movie_id_movie_link on movie_link ml  (cost=0.29..0.38 rows=5 width=8) (actual time=0.001..0.001 rows=0 loops=21088)
                                                   Index Cond: (movie_id = mk.movie_id)
                                 ->  Index Scan using movie_id_movie_companies on movie_companies mc  (cost=0.43..0.54 rows=2 width=12) (actual time=0.002..0.004 rows=5 loops=199)
                                       Index Cond: (movie_id = mk.movie_id)
                                       Filter: (note IS NULL)
                                       Rows Removed by Filter: 2
                           ->  Index Scan using company_name_pkey on company_name cn  (cost=0.42..0.46 rows=1 width=23) (actual time=0.002..0.002 rows=0 loops=1021)
                                 Index Cond: (id = mc.company_id)
                                 Filter: (((country_code)::text <> '[pl]'::text) AND (((name)::text ~~ '%Film%'::text) OR ((name)::text ~~ '%Warner%'::text)))
                                 Rows Removed by Filter: 1
                     ->  Seq Scan on company_type ct  (cost=0.00..1.05 rows=1 width=4) (actual time=0.001..0.001 rows=1 loops=422)
                           Filter: ((kind)::text = 'production companies'::text)
                           Rows Removed by Filter: 1
               ->  Index Scan using movie_id_movie_info on movie_info mi  (cost=0.43..1.82 rows=3 width=4) (actual time=0.008..0.011 rows=5 loops=402)
                     Index Cond: (movie_id = mk.movie_id)
                     Filter: ((info)::text = ANY ('{Sweden,Norway,Germany,Denmark,Swedish,Denish,Norwegian,German,English}'::text[]))
                     Rows Removed by Filter: 16
         ->  Index Scan using title_pkey on title t  (cost=0.43..0.49 rows=1 width=21) (actual time=0.001..0.001 rows=1 loops=1874)
               Index Cond: (id = mk.movie_id)
               Filter: ((production_year >= 1950) AND (production_year <= 2010))
 Planning Time: 14.517 ms
 Execution Time: 72.041 ms
(49 rows)

SET
                                                                                               QUERY PLAN                                                                                                
---------------------------------------------------------------------------------------------------------------------------------------------------------------------------------------------------------
 Aggregate  (cost=7386.84..7386.85 rows=1 width=96) (actual time=548.813..548.813 rows=1 loops=1)
   ->  Nested Loop  (cost=8.89..7386.83 rows=1 width=42) (actual time=14.771..548.031 rows=2851 loops=1)
         Join Filter: (mi.info_type_id = it1.id)
         Rows Removed by Join Filter: 191
         ->  Nested Loop  (cost=8.89..7384.41 rows=1 width=46) (actual time=14.766..538.596 rows=3042 loops=1)
               Join Filter: (t.id = mi.movie_id)
               ->  Nested Loop  (cost=8.46..7382.82 rows=1 width=58) (actual time=6.542..396.372 rows=2958 loops=1)
                     Join Filter: (mc.company_type_id = ct.id)
                     ->  Nested Loop  (cost=8.46..7381.73 rows=1 width=62) (actual time=6.535..393.572 rows=2958 loops=1)
                           ->  Nested Loop  (cost=8.04..7381.19 rows=1 width=47) (actual time=6.518..380.039 rows=3374 loops=1)
                                 Join Filter: (t.id = mc.movie_id)
                                 ->  Nested Loop  (cost=7.61..7380.61 rows=1 width=35) (actual time=6.489..343.627 rows=2378 loops=1)
                                       Join Filter: (mi_idx.info_type_id = it2.id)
                                       Rows Removed by Join Filter: 6322
                                       ->  Seq Scan on info_type it2  (cost=0.00..2.41 rows=1 width=4) (actual time=0.012..0.013 rows=1 loops=1)
                                             Filter: ((info)::text = 'rating'::text)
                                             Rows Removed by Filter: 112
                                       ->  Nested Loop  (cost=7.61..7377.88 rows=25 width=39) (actual time=4.396..342.736 rows=8700 loops=1)
                                             Join Filter: (t.id = mi_idx.movie_id)
                                             ->  Nested Loop  (cost=7.18..7372.53 rows=10 width=25) (actual time=4.375..312.719 rows=4832 loops=1)
                                                   Join Filter: (t.kind_id = kt.id)
                                                   Rows Removed by Join Filter: 2286
                                                   ->  Nested Loop  (cost=7.18..7370.44 rows=35 width=29) (actual time=4.356..310.838 rows=5606 loops=1)
                                                         ->  Nested Loop  (cost=6.75..7304.56 rows=135 width=4) (actual time=4.282..136.285 rows=37091 loops=1)
                                                               ->  Seq Scan on keyword k  (cost=0.00..2961.55 rows=4 width=4) (actual time=0.924..20.775 rows=3 loops=1)
                                                                     Filter: ((keyword)::text = ANY ('{murder,murder-in-title,blood,violence}'::text[]))
                                                                     Rows Removed by Filter: 134167
                                                               ->  Bitmap Heap Scan on movie_keyword mk  (cost=6.75..1082.76 rows=299 width=8) (actual time=3.394..37.050 rows=12364 loops=3)
                                                                     Recheck Cond: (keyword_id = k.id)
                                                                     Heap Blocks: exact=26312
                                                                     ->  Bitmap Index Scan on keyword_id_movie_keyword  (cost=0.00..6.67 rows=299 width=0) (actual time=1.863..1.863 rows=12364 loops=3)
                                                                           Index Cond: (keyword_id = k.id)
                                                         ->  Index Scan using title_pkey on title t  (cost=0.43..0.49 rows=1 width=25) (actual time=0.004..0.004 rows=0 loops=37091)
                                                               Index Cond: (id = mk.movie_id)
                                                               Filter: (production_year > 2008)
                                                               Rows Removed by Filter: 1
                                                   ->  Materialize  (cost=0.00..1.10 rows=2 width=4) (actual time=0.000..0.000 rows=1 loops=5606)
                                                         ->  Seq Scan on kind_type kt  (cost=0.00..1.09 rows=2 width=4) (actual time=0.013..0.015 rows=2 loops=1)
                                                               Filter: ((kind)::text = ANY ('{movie,episode}'::text[]))
                                                               Rows Removed by Filter: 5
                                             ->  Index Scan using movie_id_movie_info_idx on movie_info_idx mi_idx  (cost=0.43..0.50 rows=3 width=14) (actual time=0.005..0.006 rows=2 loops=4832)
                                                   Index Cond: (movie_id = mk.movie_id)
                                                   Filter: ((info)::text < '7.0'::text)
                                                   Rows Removed by Filter: 0
                                 ->  Index Scan using movie_id_movie_companies on movie_companies mc  (cost=0.43..0.57 rows=1 width=12) (actual time=0.013..0.015 rows=1 loops=2378)
                                       Index Cond: (movie_id = mk.movie_id)
                                       Filter: (((note)::text !~~ '%(USA)%'::text) AND ((note)::text ~~ '%(200%)%'::text))
                                       Rows Removed by Filter: 10
                           ->  Index Scan using company_name_pkey on company_name cn  (cost=0.42..0.55 rows=1 width=23) (actual time=0.004..0.004 rows=1 loops=3374)
                                 Index Cond: (id = mc.company_id)
                                 Filter: ((country_code)::text <> '[us]'::text)
                                 Rows Removed by Filter: 0
                     ->  Seq Scan on company_type ct  (cost=0.00..1.04 rows=4 width=4) (actual time=0.000..0.000 rows=1 loops=2958)
               ->  Index Scan using movie_id_movie_info on movie_info mi  (cost=0.43..1.56 rows=2 width=8) (actual time=0.043..0.048 rows=1 loops=2958)
                     Index Cond: (movie_id = mk.movie_id)
                     Filter: ((info)::text = ANY ('{Germany,German,USA,American}'::text[]))
                     Rows Removed by Filter: 155
         ->  Seq Scan on info_type it1  (cost=0.00..2.41 rows=1 width=4) (actual time=0.002..0.003 rows=1 loops=3042)
               Filter: ((info)::text = 'countries'::text)
               Rows Removed by Filter: 14
 Planning Time: 37.332 ms
 Execution Time: 549.019 ms
(62 rows)

SET
                                                                                               QUERY PLAN                                                                                                
---------------------------------------------------------------------------------------------------------------------------------------------------------------------------------------------------------
 Aggregate  (cost=7385.52..7385.53 rows=1 width=96) (actual time=368.729..368.729 rows=1 loops=1)
   ->  Nested Loop  (cost=8.89..7385.51 rows=1 width=42) (actual time=18.261..368.700 rows=31 loops=1)
         Join Filter: (mi.info_type_id = it1.id)
         Rows Removed by Join Filter: 3
         ->  Nested Loop  (cost=8.89..7383.09 rows=1 width=46) (actual time=18.256..368.560 rows=34 loops=1)
               Join Filter: (t.id = mi.movie_id)
               ->  Nested Loop  (cost=8.46..7381.50 rows=1 width=58) (actual time=18.157..365.223 rows=50 loops=1)
                     Join Filter: (mc.company_type_id = ct.id)
                     ->  Nested Loop  (cost=8.46..7380.41 rows=1 width=62) (actual time=18.154..365.136 rows=50 loops=1)
                           ->  Nested Loop  (cost=8.04..7379.87 rows=1 width=47) (actual time=18.136..364.496 rows=78 loops=1)
                                 Join Filter: (t.id = mc.movie_id)
                                 ->  Nested Loop  (cost=7.61..7379.29 rows=1 width=35) (actual time=8.095..339.940 rows=1615 loops=1)
                                       Join Filter: (mi_idx.info_type_id = it2.id)
                                       Rows Removed by Join Filter: 4362
                                       ->  Seq Scan on info_type it2  (cost=0.00..2.41 rows=1 width=4) (actual time=0.012..0.013 rows=1 loops=1)
                                             Filter: ((info)::text = 'rating'::text)
                                             Rows Removed by Filter: 112
                                       ->  Nested Loop  (cost=7.61..7376.61 rows=21 width=39) (actual time=4.599..339.317 rows=5977 loops=1)
                                             Join Filter: (t.id = mi_idx.movie_id)
                                             ->  Nested Loop  (cost=7.18..7372.33 rows=8 width=25) (actual time=4.578..317.178 rows=3517 loops=1)
                                                   Join Filter: (t.kind_id = kt.id)
                                                   Rows Removed by Join Filter: 1618
                                                   ->  Nested Loop  (cost=7.18..7370.44 rows=28 width=29) (actual time=4.563..315.801 rows=4040 loops=1)
                                                         ->  Nested Loop  (cost=6.75..7304.56 rows=135 width=4) (actual time=4.499..144.639 rows=37091 loops=1)
                                                               ->  Seq Scan on keyword k  (cost=0.00..2961.55 rows=4 width=4) (actual time=1.162..20.956 rows=3 loops=1)
                                                                     Filter: ((keyword)::text = ANY ('{murder,murder-in-title,blood,violence}'::text[]))
                                                                     Rows Removed by Filter: 134167
                                                               ->  Bitmap Heap Scan on movie_keyword mk  (cost=6.75..1082.76 rows=299 width=8) (actual time=3.371..39.704 rows=12364 loops=3)
                                                                     Recheck Cond: (keyword_id = k.id)
                                                                     Heap Blocks: exact=26312
                                                                     ->  Bitmap Index Scan on keyword_id_movie_keyword  (cost=0.00..6.67 rows=299 width=0) (actual time=1.844..1.844 rows=12364 loops=3)
                                                                           Index Cond: (keyword_id = k.id)
                                                         ->  Index Scan using title_pkey on title t  (cost=0.43..0.49 rows=1 width=25) (actual time=0.004..0.004 rows=0 loops=37091)
                                                               Index Cond: (id = mk.movie_id)
                                                               Filter: (production_year > 2009)
                                                               Rows Removed by Filter: 1
                                                   ->  Materialize  (cost=0.00..1.10 rows=2 width=4) (actual time=0.000..0.000 rows=1 loops=4040)
                                                         ->  Seq Scan on kind_type kt  (cost=0.00..1.09 rows=2 width=4) (actual time=0.009..0.011 rows=2 loops=1)
                                                               Filter: ((kind)::text = ANY ('{movie,episode}'::text[]))
                                                               Rows Removed by Filter: 5
                                             ->  Index Scan using movie_id_movie_info_idx on movie_info_idx mi_idx  (cost=0.43..0.50 rows=3 width=14) (actual time=0.005..0.006 rows=2 loops=3517)
                                                   Index Cond: (movie_id = mk.movie_id)
                                                   Filter: ((info)::text < '7.0'::text)
                                                   Rows Removed by Filter: 0
                                 ->  Index Scan using movie_id_movie_companies on movie_companies mc  (cost=0.43..0.57 rows=1 width=12) (actual time=0.015..0.015 rows=0 loops=1615)
                                       Index Cond: (movie_id = mk.movie_id)
                                       Filter: (((note)::text !~~ '%(USA)%'::text) AND ((note)::text ~~ '%(200%)%'::text))
                                       Rows Removed by Filter: 12
                           ->  Index Scan using company_name_pkey on company_name cn  (cost=0.42..0.55 rows=1 width=23) (actual time=0.008..0.008 rows=1 loops=78)
                                 Index Cond: (id = mc.company_id)
                                 Filter: ((country_code)::text <> '[us]'::text)
                                 Rows Removed by Filter: 0
                     ->  Seq Scan on company_type ct  (cost=0.00..1.04 rows=4 width=4) (actual time=0.001..0.001 rows=1 loops=50)
               ->  Index Scan using movie_id_movie_info on movie_info mi  (cost=0.43..1.56 rows=2 width=8) (actual time=0.061..0.066 rows=1 loops=50)
                     Index Cond: (movie_id = mk.movie_id)
                     Filter: ((info)::text = ANY ('{Germany,German,USA,American}'::text[]))
                     Rows Removed by Filter: 53
         ->  Seq Scan on info_type it1  (cost=0.00..2.41 rows=1 width=4) (actual time=0.003..0.003 rows=1 loops=34)
               Filter: ((info)::text = 'countries'::text)
               Rows Removed by Filter: 16
 Planning Time: 38.135 ms
 Execution Time: 368.964 ms
(62 rows)

SET
                                                                                               QUERY PLAN                                                                                                
---------------------------------------------------------------------------------------------------------------------------------------------------------------------------------------------------------
 Aggregate  (cost=7390.61..7390.62 rows=1 width=96) (actual time=2364.003..2364.003 rows=1 loops=1)
   ->  Nested Loop  (cost=8.89..7390.60 rows=1 width=42) (actual time=6.101..2358.584 rows=21489 loops=1)
         Join Filter: (mi.info_type_id = it1.id)
         Rows Removed by Join Filter: 3123
         ->  Nested Loop  (cost=8.89..7388.18 rows=1 width=46) (actual time=6.095..2272.834 rows=24612 loops=1)
               Join Filter: (t.id = mi.movie_id)
               ->  Nested Loop  (cost=8.46..7386.28 rows=1 width=58) (actual time=6.034..549.600 rows=23425 loops=1)
                     Join Filter: (mc.company_type_id = ct.id)
                     ->  Nested Loop  (cost=8.46..7385.19 rows=1 width=62) (actual time=6.025..528.089 rows=23425 loops=1)
                           ->  Nested Loop  (cost=8.04..7384.64 rows=1 width=47) (actual time=6.011..457.754 rows=25316 loops=1)
                                 Join Filter: (t.id = mc.movie_id)
                                 ->  Nested Loop  (cost=7.61..7384.06 rows=1 width=35) (actual time=4.606..370.633 rows=5949 loops=1)
                                       Join Filter: (mi_idx.info_type_id = it2.id)
                                       Rows Removed by Join Filter: 11839
                                       ->  Seq Scan on info_type it2  (cost=0.00..2.41 rows=1 width=4) (actual time=0.012..0.013 rows=1 loops=1)
                                             Filter: ((info)::text = 'rating'::text)
                                             Rows Removed by Filter: 112
                                       ->  Nested Loop  (cost=7.61..7381.10 rows=44 width=39) (actual time=4.590..368.739 rows=17788 loops=1)
                                             Join Filter: (t.id = mi_idx.movie_id)
                                             ->  Nested Loop  (cost=7.18..7373.07 rows=15 width=25) (actual time=4.568..320.627 rows=8073 loops=1)
                                                   Join Filter: (t.kind_id = kt.id)
                                                   Rows Removed by Join Filter: 4332
                                                   ->  Nested Loop  (cost=7.18..7370.44 rows=54 width=29) (actual time=4.499..317.229 rows=9739 loops=1)
                                                         ->  Nested Loop  (cost=6.75..7304.56 rows=135 width=4) (actual time=4.473..140.689 rows=37091 loops=1)
                                                               ->  Seq Scan on keyword k  (cost=0.00..2961.55 rows=4 width=4) (actual time=1.140..20.883 rows=3 loops=1)
                                                                     Filter: ((keyword)::text = ANY ('{murder,murder-in-title,blood,violence}'::text[]))
                                                                     Rows Removed by Filter: 134167
                                                               ->  Bitmap Heap Scan on movie_keyword mk  (cost=6.75..1082.76 rows=299 width=8) (actual time=3.378..38.494 rows=12364 loops=3)
                                                                     Recheck Cond: (keyword_id = k.id)
                                                                     Heap Blocks: exact=26312
                                                                     ->  Bitmap Index Scan on keyword_id_movie_keyword  (cost=0.00..6.67 rows=299 width=0) (actual time=1.854..1.854 rows=12364 loops=3)
                                                                           Index Cond: (keyword_id = k.id)
                                                         ->  Index Scan using title_pkey on title t  (cost=0.43..0.49 rows=1 width=25) (actual time=0.004..0.004 rows=0 loops=37091)
                                                               Index Cond: (id = mk.movie_id)
                                                               Filter: (production_year > 2005)
                                                               Rows Removed by Filter: 1
                                                   ->  Materialize  (cost=0.00..1.10 rows=2 width=4) (actual time=0.000..0.000 rows=1 loops=9739)
                                                         ->  Seq Scan on kind_type kt  (cost=0.00..1.09 rows=2 width=4) (actual time=0.011..0.012 rows=2 loops=1)
                                                               Filter: ((kind)::text = ANY ('{movie,episode}'::text[]))
                                                               Rows Removed by Filter: 5
                                             ->  Index Scan using movie_id_movie_info_idx on movie_info_idx mi_idx  (cost=0.43..0.50 rows=3 width=14) (actual time=0.005..0.005 rows=2 loops=8073)
                                                   Index Cond: (movie_id = mk.movie_id)
                                                   Filter: ((info)::text < '8.5'::text)
                                                   Rows Removed by Filter: 0
                                 ->  Index Scan using movie_id_movie_companies on movie_companies mc  (cost=0.43..0.57 rows=1 width=12) (actual time=0.009..0.014 rows=4 loops=5949)
                                       Index Cond: (movie_id = mk.movie_id)
                                       Filter: (((note)::text !~~ '%(USA)%'::text) AND ((note)::text ~~ '%(200%)%'::text))
                                       Rows Removed by Filter: 8
                           ->  Index Scan using company_name_pkey on company_name cn  (cost=0.42..0.55 rows=1 width=23) (actual time=0.002..0.002 rows=1 loops=25316)
                                 Index Cond: (id = mc.company_id)
                                 Filter: ((country_code)::text <> '[us]'::text)
                                 Rows Removed by Filter: 0
                     ->  Seq Scan on company_type ct  (cost=0.00..1.04 rows=4 width=4) (actual time=0.000..0.000 rows=1 loops=23425)
               ->  Index Scan using movie_id_movie_info on movie_info mi  (cost=0.43..1.87 rows=2 width=8) (actual time=0.061..0.073 rows=1 loops=23425)
                     Index Cond: (movie_id = mk.movie_id)
                     Filter: ((info)::text = ANY ('{Sweden,Norway,Germany,Denmark,Swedish,Danish,Norwegian,German,USA,American}'::text[]))
                     Rows Removed by Filter: 180
         ->  Seq Scan on info_type it1  (cost=0.00..2.41 rows=1 width=4) (actual time=0.002..0.003 rows=1 loops=24612)
               Filter: ((info)::text = 'countries'::text)
               Rows Removed by Filter: 20
 Planning Time: 38.291 ms
 Execution Time: 2364.233 ms
(62 rows)

SET
                                                                                               QUERY PLAN                                                                                                
---------------------------------------------------------------------------------------------------------------------------------------------------------------------------------------------------------
 Aggregate  (cost=7390.53..7390.54 rows=1 width=96) (actual time=1041.877..1041.877 rows=1 loops=1)
   ->  Nested Loop  (cost=8.89..7390.53 rows=1 width=42) (actual time=6.316..1031.869 rows=46281 loops=1)
         Join Filter: (mc.company_type_id = ct.id)
         Rows Removed by Join Filter: 4783
         ->  Nested Loop  (cost=8.89..7389.44 rows=1 width=46) (actual time=6.306..994.909 rows=46281 loops=1)
               ->  Nested Loop  (cost=8.47..7388.99 rows=1 width=31) (actual time=4.681..832.973 rows=64848 loops=1)
                     Join Filter: (t.id = mc.movie_id)
                     ->  Nested Loop  (cost=8.04..7388.39 rows=1 width=39) (actual time=4.667..775.065 rows=4115 loops=1)
                           Join Filter: (mi.info_type_id = it1.id)
                           Rows Removed by Join Filter: 594
                           ->  Nested Loop  (cost=8.04..7385.96 rows=1 width=43) (actual time=4.662..757.710 rows=4709 loops=1)
                                 Join Filter: (t.id = mi.movie_id)
                                 ->  Nested Loop  (cost=7.61..7384.06 rows=1 width=35) (actual time=4.616..365.428 rows=5949 loops=1)
                                       Join Filter: (mi_idx.info_type_id = it2.id)
                                       Rows Removed by Join Filter: 11839
                                       ->  Seq Scan on info_type it2  (cost=0.00..2.41 rows=1 width=4) (actual time=0.012..0.013 rows=1 loops=1)
                                             Filter: ((info)::text = 'rating'::text)
                                             Rows Removed by Filter: 112
                                       ->  Nested Loop  (cost=7.61..7381.10 rows=44 width=39) (actual time=4.600..363.539 rows=17788 loops=1)
                                             Join Filter: (t.id = mi_idx.movie_id)
                                             ->  Nested Loop  (cost=7.18..7373.07 rows=15 width=25) (actual time=4.584..316.255 rows=8073 loops=1)
                                                   Join Filter: (t.kind_id = kt.id)
                                                   Rows Removed by Join Filter: 4332
                                                   ->  Nested Loop  (cost=7.18..7370.44 rows=54 width=29) (actual time=4.523..312.924 rows=9739 loops=1)
                                                         ->  Nested Loop  (cost=6.75..7304.56 rows=135 width=4) (actual time=4.505..138.480 rows=37091 loops=1)
                                                               ->  Seq Scan on keyword k  (cost=0.00..2961.55 rows=4 width=4) (actual time=1.175..20.970 rows=3 loops=1)
                                                                     Filter: ((keyword)::text = ANY ('{murder,murder-in-title,blood,violence}'::text[]))
                                                                     Rows Removed by Filter: 134167
                                                               ->  Bitmap Heap Scan on movie_keyword mk  (cost=6.75..1082.76 rows=299 width=8) (actual time=3.376..37.800 rows=12364 loops=3)
                                                                     Recheck Cond: (keyword_id = k.id)
                                                                     Heap Blocks: exact=26312
                                                                     ->  Bitmap Index Scan on keyword_id_movie_keyword  (cost=0.00..6.67 rows=299 width=0) (actual time=1.851..1.851 rows=12364 loops=3)
                                                                           Index Cond: (keyword_id = k.id)
                                                         ->  Index Scan using title_pkey on title t  (cost=0.43..0.49 rows=1 width=25) (actual time=0.004..0.004 rows=0 loops=37091)
                                                               Index Cond: (id = mk.movie_id)
                                                               Filter: (production_year > 2005)
                                                               Rows Removed by Filter: 1
                                                   ->  Materialize  (cost=0.00..1.10 rows=2 width=4) (actual time=0.000..0.000 rows=1 loops=9739)
                                                         ->  Seq Scan on kind_type kt  (cost=0.00..1.09 rows=2 width=4) (actual time=0.009..0.011 rows=2 loops=1)
                                                               Filter: ((kind)::text = ANY ('{movie,episode}'::text[]))
                                                               Rows Removed by Filter: 5
                                             ->  Index Scan using movie_id_movie_info_idx on movie_info_idx mi_idx  (cost=0.43..0.50 rows=3 width=14) (actual time=0.005..0.005 rows=2 loops=8073)
                                                   Index Cond: (movie_id = mk.movie_id)
                                                   Filter: ((info)::text < '8.5'::text)
                                                   Rows Removed by Filter: 0
                                 ->  Index Scan using movie_id_movie_info on movie_info mi  (cost=0.43..1.87 rows=2 width=8) (actual time=0.056..0.066 rows=1 loops=5949)
                                       Index Cond: (movie_id = mk.movie_id)
                                       Filter: ((info)::text = ANY ('{Sweden,Norway,Germany,Denmark,Swedish,Danish,Norwegian,German,USA,American}'::text[]))
                                       Rows Removed by Filter: 71
                           ->  Seq Scan on info_type it1  (cost=0.00..2.41 rows=1 width=4) (actual time=0.002..0.003 rows=1 loops=4709)
                                 Filter: ((info)::text = 'countries'::text)
                                 Rows Removed by Filter: 20
                     ->  Index Scan using movie_id_movie_companies on movie_companies mc  (cost=0.43..0.54 rows=5 width=12) (actual time=0.006..0.011 rows=16 loops=4115)
                           Index Cond: (movie_id = mk.movie_id)
               ->  Index Scan using company_name_pkey on company_name cn  (cost=0.42..0.45 rows=1 width=23) (actual time=0.002..0.002 rows=1 loops=64848)
                     Index Cond: (id = mc.company_id)
                     Filter: ((country_code)::text <> '[us]'::text)
                     Rows Removed by Filter: 0
         ->  Seq Scan on company_type ct  (cost=0.00..1.04 rows=4 width=4) (actual time=0.000..0.000 rows=1 loops=46281)
 Planning Time: 39.928 ms
 Execution Time: 1042.110 ms
(61 rows)

SET
                                                                                                    QUERY PLAN                                                                                                    
------------------------------------------------------------------------------------------------------------------------------------------------------------------------------------------------------------------
 Aggregate  (cost=57942.47..57942.48 rows=1 width=64) (actual time=259.584..259.584 rows=1 loops=1)
   ->  Nested Loop  (cost=4238.90..57942.46 rows=1 width=65) (actual time=254.456..259.455 rows=618 loops=1)
         ->  Nested Loop  (cost=4238.48..57942.02 rows=1 width=69) (actual time=254.425..257.242 rows=618 loops=1)
               ->  Nested Loop  (cost=4238.35..57941.87 rows=1 width=73) (actual time=254.394..256.607 rows=618 loops=1)
                     ->  Nested Loop  (cost=4237.93..57941.42 rows=1 width=77) (actual time=254.374..255.647 rows=618 loops=1)
                           Join Filter: (t.id = mc.movie_id)
                           ->  Nested Loop  (cost=4237.50..57940.82 rows=1 width=85) (actual time=254.348..254.572 rows=615 loops=1)
                                 ->  Gather  (cost=4237.06..57938.99 rows=1 width=77) (actual time=254.309..254.391 rows=5 loops=1)
                                       Workers Planned: 2
                                       Workers Launched: 2
                                       ->  Nested Loop  (cost=3237.06..56938.89 rows=1 width=77) (actual time=242.576..251.815 rows=2 loops=3)
                                             ->  Nested Loop  (cost=3236.92..56938.62 rows=1 width=81) (actual time=242.563..251.798 rows=2 loops=3)
                                                   ->  Hash Join  (cost=3236.49..54660.05 rows=1093 width=73) (actual time=132.529..188.812 rows=344 loops=3)
                                                         Hash Cond: (t.kind_id = kt.id)
                                                         ->  Hash Join  (cost=3235.39..54626.70 rows=7653 width=29) (actual time=29.602..188.601 rows=694 loops=3)
                                                               Hash Cond: (t.id = cc.movie_id)
                                                               ->  Parallel Seq Scan on title t  (cost=0.00..49166.29 rows=572932 width=25) (actual time=0.020..112.387 rows=460484 loops=3)
                                                                     Filter: (production_year > 2000)
                                                                     Rows Removed by Filter: 382286
                                                               ->  Hash  (cost=2813.24..2813.24 rows=33772 width=4) (actual time=28.992..28.992 rows=24592 loops=3)
                                                                     Buckets: 65536  Batches: 1  Memory Usage: 1377kB
                                                                     ->  Hash Join  (cost=1.06..2813.24 rows=33772 width=4) (actual time=0.037..25.632 rows=24592 loops=3)
                                                                           Hash Cond: (cc.status_id = cct1.id)
                                                                           ->  Seq Scan on complete_cast cc  (cost=0.00..2081.86 rows=135086 width=8) (actual time=0.009..13.006 rows=135086 loops=3)
                                                                           ->  Hash  (cost=1.05..1.05 rows=1 width=4) (actual time=0.013..0.013 rows=1 loops=3)
                                                                                 Buckets: 1024  Batches: 1  Memory Usage: 9kB
                                                                                 ->  Seq Scan on comp_cast_type cct1  (cost=0.00..1.05 rows=1 width=4) (actual time=0.010..0.010 rows=1 loops=3)
                                                                                       Filter: ((kind)::text = 'complete+verified'::text)
                                                                                       Rows Removed by Filter: 3
                                                         ->  Hash  (cost=1.09..1.09 rows=1 width=52) (actual time=0.022..0.022 rows=1 loops=3)
                                                               Buckets: 1024  Batches: 1  Memory Usage: 9kB
                                                               ->  Seq Scan on kind_type kt  (cost=0.00..1.09 rows=1 width=52) (actual time=0.016..0.018 rows=1 loops=3)
                                                                     Filter: ((kind)::text = 'movie'::text)
                                                                     Rows Removed by Filter: 6
                                                   ->  Index Scan using movie_id_movie_info on movie_info mi  (cost=0.43..2.07 rows=1 width=8) (actual time=0.182..0.183 rows=0 loops=1033)
                                                         Index Cond: (movie_id = t.id)
                                                         Filter: ((info IS NOT NULL) AND ((note)::text ~~ '%internet%'::text) AND (((info)::text ~~ 'USA:% 199%'::text) OR ((info)::text ~~ 'USA:% 200%'::text)))
                                                         Rows Removed by Filter: 211
                                             ->  Index Scan using info_type_pkey on info_type it1  (cost=0.14..0.20 rows=1 width=4) (actual time=0.008..0.009 rows=1 loops=5)
                                                   Index Cond: (id = mi.info_type_id)
                                                   Filter: ((info)::text = 'release dates'::text)
                                 ->  Index Scan using movie_id_movie_keyword on movie_keyword mk  (cost=0.43..1.36 rows=47 width=8) (actual time=0.012..0.035 rows=123 loops=5)
                                       Index Cond: (movie_id = t.id)
                           ->  Index Scan using movie_id_movie_companies on movie_companies mc  (cost=0.43..0.54 rows=5 width=12) (actual time=0.001..0.001 rows=1 loops=615)
                                 Index Cond: (movie_id = mk.movie_id)
                     ->  Index Scan using company_name_pkey on company_name cn  (cost=0.42..0.45 rows=1 width=4) (actual time=0.001..0.001 rows=1 loops=618)
                           Index Cond: (id = mc.company_id)
                           Filter: ((country_code)::text = '[us]'::text)
               ->  Index Only Scan using company_type_pkey on company_type ct  (cost=0.13..0.15 rows=1 width=4) (actual time=0.001..0.001 rows=1 loops=618)
                     Index Cond: (id = mc.company_type_id)
                     Heap Fetches: 618
         ->  Index Only Scan using keyword_pkey on keyword k  (cost=0.42..0.44 rows=1 width=4) (actual time=0.003..0.003 rows=1 loops=618)
               Index Cond: (id = mk.keyword_id)
               Heap Fetches: 618
 Planning Time: 37.585 ms
 Execution Time: 259.946 ms
(56 rows)

SET
                                                                                              QUERY PLAN                                                                                               
-------------------------------------------------------------------------------------------------------------------------------------------------------------------------------------------------------
 Aggregate  (cost=7387.30..7387.31 rows=1 width=64) (actual time=76.105..76.105 rows=1 loops=1)
   ->  Nested Loop  (cost=8.88..7387.29 rows=1 width=65) (actual time=20.785..76.086 rows=16 loops=1)
         Join Filter: (mi.info_type_id = it1.id)
         ->  Nested Loop  (cost=8.88..7384.87 rows=1 width=69) (actual time=20.778..76.024 rows=16 loops=1)
               Join Filter: (t.id = mi.movie_id)
               ->  Nested Loop  (cost=8.45..7383.30 rows=1 width=81) (actual time=4.124..56.694 rows=315 loops=1)
                     Join Filter: (mc.company_type_id = ct.id)
                     Rows Removed by Join Filter: 140
                     ->  Nested Loop  (cost=8.45..7382.21 rows=1 width=85) (actual time=4.114..56.351 rows=315 loops=1)
                           ->  Nested Loop  (cost=8.03..7380.87 rows=3 width=89) (actual time=4.054..50.530 rows=1218 loops=1)
                                 Join Filter: (t.id = mc.movie_id)
                                 ->  Nested Loop  (cost=7.60..7378.46 rows=4 width=77) (actual time=4.017..48.864 rows=60 loops=1)
                                       Join Filter: (cc.status_id = cct1.id)
                                       Rows Removed by Join Filter: 81
                                       ->  Seq Scan on comp_cast_type cct1  (cost=0.00..1.05 rows=1 width=4) (actual time=0.011..0.012 rows=1 loops=1)
                                             Filter: ((kind)::text = 'complete+verified'::text)
                                             Rows Removed by Filter: 3
                                       ->  Nested Loop  (cost=7.60..7377.22 rows=15 width=81) (actual time=3.993..48.827 rows=141 loops=1)
                                             ->  Nested Loop  (cost=7.18..7372.44 rows=10 width=73) (actual time=3.774..46.405 rows=401 loops=1)
                                                   Join Filter: (t.kind_id = kt.id)
                                                   Rows Removed by Join Filter: 156
                                                   ->  Seq Scan on kind_type kt  (cost=0.00..1.09 rows=1 width=52) (actual time=0.008..0.009 rows=1 loops=1)
                                                         Filter: ((kind)::text = 'movie'::text)
                                                         Rows Removed by Filter: 6
                                                   ->  Nested Loop  (cost=7.18..7370.44 rows=73 width=29) (actual time=0.908..46.306 rows=557 loops=1)
                                                         ->  Nested Loop  (cost=6.75..7304.56 rows=135 width=4) (actual time=0.887..31.568 rows=1133 loops=1)
                                                               ->  Seq Scan on keyword k  (cost=0.00..2961.55 rows=4 width=4) (actual time=0.675..23.208 rows=4 loops=1)
                                                                     Filter: ((keyword)::text = ANY ('{nerd,loner,alienation,dignity}'::text[]))
                                                                     Rows Removed by Filter: 134166
                                                               ->  Bitmap Heap Scan on movie_keyword mk  (cost=6.75..1082.76 rows=299 width=8) (actual time=0.102..2.051 rows=283 loops=4)
                                                                     Recheck Cond: (keyword_id = k.id)
                                                                     Heap Blocks: exact=1083
                                                                     ->  Bitmap Index Scan on keyword_id_movie_keyword  (cost=0.00..6.67 rows=299 width=0) (actual time=0.058..0.058 rows=283 loops=4)
                                                                           Index Cond: (keyword_id = k.id)
                                                         ->  Index Scan using title_pkey on title t  (cost=0.43..0.49 rows=1 width=25) (actual time=0.013..0.013 rows=0 loops=1133)
                                                               Index Cond: (id = mk.movie_id)
                                                               Filter: (production_year > 2000)
                                                               Rows Removed by Filter: 1
                                             ->  Index Scan using movie_id_complete_cast on complete_cast cc  (cost=0.42..0.46 rows=2 width=8) (actual time=0.005..0.006 rows=0 loops=401)
                                                   Index Cond: (movie_id = t.id)
                                 ->  Index Scan using movie_id_movie_companies on movie_companies mc  (cost=0.43..0.54 rows=5 width=12) (actual time=0.014..0.024 rows=20 loops=60)
                                       Index Cond: (movie_id = mk.movie_id)
                           ->  Index Scan using company_name_pkey on company_name cn  (cost=0.42..0.45 rows=1 width=4) (actual time=0.005..0.005 rows=0 loops=1218)
                                 Index Cond: (id = mc.company_id)
                                 Filter: ((country_code)::text = '[us]'::text)
                                 Rows Removed by Filter: 1
                     ->  Seq Scan on company_type ct  (cost=0.00..1.04 rows=4 width=4) (actual time=0.000..0.000 rows=1 loops=315)
               ->  Index Scan using movie_id_movie_info on movie_info mi  (cost=0.43..1.56 rows=1 width=8) (actual time=0.061..0.061 rows=0 loops=315)
                     Index Cond: (movie_id = mk.movie_id)
                     Filter: (((note)::text ~~ '%internet%'::text) AND ((info)::text ~~ 'USA:% 200%'::text))
                     Rows Removed by Filter: 268
         ->  Seq Scan on info_type it1  (cost=0.00..2.41 rows=1 width=4) (actual time=0.003..0.003 rows=1 loops=16)
               Filter: ((info)::text = 'release dates'::text)
               Rows Removed by Filter: 15
 Planning Time: 37.154 ms
 Execution Time: 76.329 ms
(56 rows)

SET
                                                                                                       QUERY PLAN                                                                                                       
------------------------------------------------------------------------------------------------------------------------------------------------------------------------------------------------------------------------
 Finalize Aggregate  (cost=67112.66..67112.67 rows=1 width=64) (actual time=359.216..359.216 rows=1 loops=1)
   ->  Gather  (cost=67112.44..67112.65 rows=2 width=64) (actual time=358.994..365.679 rows=3 loops=1)
         Workers Planned: 2
         Workers Launched: 2
         ->  Partial Aggregate  (cost=66112.44..66112.45 rows=1 width=64) (actual time=356.078..356.078 rows=1 loops=3)
               ->  Nested Loop  (cost=3238.95..66112.43 rows=2 width=65) (actual time=290.821..356.034 rows=209 loops=3)
                     ->  Nested Loop  (cost=3238.53..66111.55 rows=2 width=69) (actual time=290.802..355.285 rows=209 loops=3)
                           ->  Nested Loop  (cost=3238.10..66109.74 rows=1 width=81) (actual time=290.779..355.194 rows=2 loops=3)
                                 ->  Nested Loop  (cost=3237.97..66109.58 rows=1 width=85) (actual time=290.759..355.169 rows=2 loops=3)
                                       ->  Nested Loop  (cost=3237.55..66109.14 rows=1 width=89) (actual time=290.736..355.131 rows=2 loops=3)
                                             ->  Nested Loop  (cost=3237.12..66108.51 rows=1 width=77) (actual time=290.712..355.096 rows=2 loops=3)
                                                   ->  Nested Loop  (cost=3236.98..66107.43 rows=5 width=81) (actual time=290.695..355.075 rows=2 loops=3)
                                                         ->  Hash Join  (cost=3236.54..55258.37 rows=5532 width=73) (actual time=135.258..203.808 rows=1684 loops=3)
                                                               Hash Cond: (t.kind_id = kt.id)
                                                               ->  Hash Join  (cost=3235.39..55216.42 rows=9681 width=29) (actual time=28.554..203.254 rows=2141 loops=3)
                                                                     Hash Cond: (t.id = cc.movie_id)
                                                                     ->  Parallel Seq Scan on title t  (cost=0.00..49166.29 rows=724782 width=25) (actual time=0.024..115.252 rows=583011 loops=3)
                                                                           Filter: (production_year > 1990)
                                                                           Rows Removed by Filter: 259760
                                                                     ->  Hash  (cost=2813.24..2813.24 rows=33772 width=4) (actual time=28.132..28.132 rows=24592 loops=3)
                                                                           Buckets: 65536  Batches: 1  Memory Usage: 1377kB
                                                                           ->  Hash Join  (cost=1.06..2813.24 rows=33772 width=4) (actual time=0.034..24.837 rows=24592 loops=3)
                                                                                 Hash Cond: (cc.status_id = cct1.id)
                                                                                 ->  Seq Scan on complete_cast cc  (cost=0.00..2081.86 rows=135086 width=8) (actual time=0.006..12.297 rows=135086 loops=3)
                                                                                 ->  Hash  (cost=1.05..1.05 rows=1 width=4) (actual time=0.011..0.012 rows=1 loops=3)
                                                                                       Buckets: 1024  Batches: 1  Memory Usage: 9kB
                                                                                       ->  Seq Scan on comp_cast_type cct1  (cost=0.00..1.05 rows=1 width=4) (actual time=0.009..0.009 rows=1 loops=3)
                                                                                             Filter: ((kind)::text = 'complete+verified'::text)
                                                                                             Rows Removed by Filter: 3
                                                               ->  Hash  (cost=1.10..1.10 rows=4 width=52) (actual time=0.022..0.022 rows=4 loops=3)
                                                                     Buckets: 1024  Batches: 1  Memory Usage: 9kB
                                                                     ->  Seq Scan on kind_type kt  (cost=0.00..1.10 rows=4 width=52) (actual time=0.013..0.015 rows=4 loops=3)
                                                                           Filter: ((kind)::text = ANY ('{movie,"tv movie","video movie","video game"}'::text[]))
                                                                           Rows Removed by Filter: 3
                                                         ->  Index Scan using movie_id_movie_info on movie_info mi  (cost=0.43..1.95 rows=1 width=8) (actual time=0.089..0.090 rows=0 loops=5053)
                                                               Index Cond: (movie_id = t.id)
                                                               Filter: ((info IS NOT NULL) AND ((note)::text ~~ '%internet%'::text) AND (((info)::text ~~ 'USA:% 199%'::text) OR ((info)::text ~~ 'USA:% 200%'::text)))
                                                               Rows Removed by Filter: 123
                                                   ->  Index Scan using info_type_pkey on info_type it1  (cost=0.14..0.20 rows=1 width=4) (actual time=0.009..0.009 rows=1 loops=6)
                                                         Index Cond: (id = mi.info_type_id)
                                                         Filter: ((info)::text = 'release dates'::text)
                                             ->  Index Scan using movie_id_movie_companies on movie_companies mc  (cost=0.43..0.58 rows=5 width=12) (actual time=0.015..0.016 rows=1 loops=6)
                                                   Index Cond: (movie_id = t.id)
                                       ->  Index Scan using company_name_pkey on company_name cn  (cost=0.42..0.45 rows=1 width=4) (actual time=0.015..0.015 rows=1 loops=7)
                                             Index Cond: (id = mc.company_id)
                                             Filter: ((country_code)::text = '[us]'::text)
                                 ->  Index Only Scan using company_type_pkey on company_type ct  (cost=0.13..0.15 rows=1 width=4) (actual time=0.009..0.009 rows=1 loops=7)
                                       Index Cond: (id = mc.company_type_id)
                                       Heap Fetches: 7
                           ->  Index Scan using movie_id_movie_keyword on movie_keyword mk  (cost=0.43..1.34 rows=47 width=8) (actual time=0.013..0.028 rows=90 loops=7)
                                 Index Cond: (movie_id = t.id)
                     ->  Index Only Scan using keyword_pkey on keyword k  (cost=0.42..0.44 rows=1 width=4) (actual time=0.003..0.003 rows=1 loops=628)
                           Index Cond: (id = mk.keyword_id)
                           Heap Fetches: 628
 Planning Time: 36.021 ms
 Execution Time: 366.001 ms
(56 rows)

SET
                                                                                                  QUERY PLAN                                                                                                  
--------------------------------------------------------------------------------------------------------------------------------------------------------------------------------------------------------------
 Aggregate  (cost=6625.30..6625.31 rows=1 width=96) (actual time=441.870..441.870 rows=1 loops=1)
   ->  Nested Loop  (cost=10.31..6625.29 rows=1 width=48) (actual time=81.904..441.785 rows=275 loops=1)
         ->  Nested Loop  (cost=9.88..6623.49 rows=1 width=41) (actual time=2.276..428.301 rows=6518 loops=1)
               Join Filter: (it.id = mi.info_type_id)
               ->  Seq Scan on info_type it  (cost=0.00..2.41 rows=1 width=4) (actual time=0.007..0.014 rows=1 loops=1)
                     Filter: ((info)::text = 'release dates'::text)
                     Rows Removed by Filter: 112
               ->  Nested Loop  (cost=9.88..6621.07 rows=1 width=45) (actual time=2.267..427.354 rows=6518 loops=1)
                     Join Filter: (t.id = mi.movie_id)
                     ->  Nested Loop  (cost=9.45..6555.77 rows=2 width=57) (actual time=2.220..354.474 rows=4044 loops=1)
                           ->  Nested Loop  (cost=9.02..6553.68 rows=1 width=53) (actual time=2.187..347.854 rows=1578 loops=1)
                                 ->  Nested Loop  (cost=8.59..6551.98 rows=1 width=41) (actual time=2.156..341.428 rows=1608 loops=1)
                                       Join Filter: (rt.id = ci.role_id)
                                       Rows Removed by Join Filter: 5708
                                       ->  Seq Scan on role_type rt  (cost=0.00..1.15 rows=1 width=4) (actual time=0.012..0.013 rows=1 loops=1)
                                             Filter: ((role)::text = 'actress'::text)
                                             Rows Removed by Filter: 11
                                       ->  Nested Loop  (cost=8.59..6550.80 rows=2 width=45) (actual time=2.124..340.794 rows=7316 loops=1)
                                             Join Filter: (t.id = ci.movie_id)
                                             ->  Nested Loop  (cost=8.03..6311.77 rows=6 width=29) (actual time=1.221..155.919 rows=1576 loops=1)
                                                   ->  Nested Loop  (cost=7.61..6286.76 rows=17 width=33) (actual time=1.199..133.853 rows=5566 loops=1)
                                                         Join Filter: (t.id = mc.movie_id)
                                                         ->  Nested Loop  (cost=7.18..6231.61 rows=16 width=25) (actual time=1.176..125.555 rows=495 loops=1)
                                                               ->  Nested Loop  (cost=6.75..6072.14 rows=101 width=4) (actual time=1.004..58.321 rows=9696 loops=1)
                                                                     ->  Seq Scan on keyword k  (cost=0.00..2793.84 rows=3 width=4) (actual time=0.015..18.533 rows=3 loops=1)
                                                                           Filter: ((keyword)::text = ANY ('{hero,martial-arts,hand-to-hand-combat}'::text[]))
                                                                           Rows Removed by Filter: 134167
                                                                     ->  Bitmap Heap Scan on movie_keyword mk  (cost=6.75..1089.78 rows=299 width=8) (actual time=0.938..12.854 rows=3232 loops=3)
                                                                           Recheck Cond: (keyword_id = k.id)
                                                                           Heap Blocks: exact=7446
                                                                           ->  Bitmap Index Scan on keyword_id_movie_keyword  (cost=0.00..6.67 rows=299 width=0) (actual time=0.547..0.547 rows=3232 loops=3)
                                                                                 Index Cond: (keyword_id = k.id)
                                                               ->  Index Scan using title_pkey on title t  (cost=0.43..1.58 rows=1 width=21) (actual time=0.007..0.007 rows=0 loops=9696)
                                                                     Index Cond: (id = mk.movie_id)
                                                                     Filter: (production_year > 2010)
                                                                     Rows Removed by Filter: 1
                                                         ->  Index Scan using movie_id_movie_companies on movie_companies mc  (cost=0.43..3.38 rows=5 width=8) (actual time=0.009..0.014 rows=11 loops=495)
                                                               Index Cond: (movie_id = mk.movie_id)
                                                   ->  Index Scan using company_name_pkey on company_name cn  (cost=0.42..1.47 rows=1 width=4) (actual time=0.004..0.004 rows=0 loops=5566)
                                                         Index Cond: (id = mc.company_id)
                                                         Filter: ((country_code)::text = '[us]'::text)
                                                         Rows Removed by Filter: 1
                                             ->  Index Scan using movie_id_cast_info on cast_info ci  (cost=0.56..39.83 rows=1 width=16) (actual time=0.078..0.116 rows=5 loops=1576)
                                                   Index Cond: (movie_id = mk.movie_id)
                                                   Filter: ((note)::text = ANY ('{(voice),"(voice: Japanese version)","(voice) (uncredited)","(voice: English version)"}'::text[]))
                                                   Rows Removed by Filter: 136
                                 ->  Index Scan using char_name_pkey on char_name chn  (cost=0.43..1.70 rows=1 width=20) (actual time=0.004..0.004 rows=1 loops=1608)
                                       Index Cond: (id = ci.person_role_id)
                           ->  Index Only Scan using person_id_aka_name on aka_name an  (cost=0.42..2.08 rows=2 width=4) (actual time=0.003..0.004 rows=3 loops=1578)
                                 Index Cond: (person_id = ci.person_id)
                                 Heap Fetches: 4044
                     ->  Index Scan using movie_id_movie_info on movie_info mi  (cost=0.43..32.63 rows=1 width=8) (actual time=0.004..0.018 rows=2 loops=4044)
                           Index Cond: (movie_id = mk.movie_id)
                           Filter: ((info IS NOT NULL) AND (((info)::text ~~ 'Japan:%201%'::text) OR ((info)::text ~~ 'USA:%201%'::text)))
                           Rows Removed by Filter: 57
         ->  Index Scan using name_pkey on name n  (cost=0.43..1.80 rows=1 width=19) (actual time=0.002..0.002 rows=0 loops=6518)
               Index Cond: (id = ci.person_id)
               Filter: (((name)::text ~~ '%An%'::text) AND ((gender)::text = 'f'::text))
               Rows Removed by Filter: 1
 Planning Time: 82.022 ms
 Execution Time: 442.122 ms
(61 rows)

SET
                                                                                                            QUERY PLAN                                                                                                            
----------------------------------------------------------------------------------------------------------------------------------------------------------------------------------------------------------------------------------
 Aggregate  (cost=6509.33..6509.34 rows=1 width=96) (actual time=28.656..28.656 rows=1 loops=1)
   ->  Nested Loop  (cost=1004.27..6509.32 rows=1 width=48) (actual time=26.737..28.635 rows=45 loops=1)
         ->  Nested Loop  (cost=1003.84..6507.62 rows=1 width=36) (actual time=26.723..28.554 rows=45 loops=1)
               Join Filter: (n.id = an.person_id)
               ->  Nested Loop  (cost=1003.42..6505.51 rows=1 width=44) (actual time=26.700..28.487 rows=9 loops=1)
                     ->  Nested Loop  (cost=1003.28..6505.34 rows=1 width=48) (actual time=26.679..28.456 rows=9 loops=1)
                           ->  Nested Loop  (cost=1002.86..6503.54 rows=1 width=29) (actual time=26.117..27.392 rows=244 loops=1)
                                 Join Filter: (t.id = ci.movie_id)
                                 ->  Nested Loop  (cost=1002.29..6463.70 rows=1 width=33) (actual time=26.075..26.255 rows=9 loops=1)
                                       ->  Nested Loop  (cost=1002.15..6463.52 rows=1 width=37) (actual time=26.066..26.234 rows=9 loops=1)
                                             Join Filter: (t.id = mi.movie_id)
                                             ->  Gather  (cost=1001.71..6430.87 rows=1 width=29) (actual time=25.921..25.985 rows=6 loops=1)
                                                   Workers Planned: 1
                                                   Workers Launched: 1
                                                   ->  Nested Loop  (cost=1.71..5430.77 rows=1 width=29) (actual time=15.457..24.104 rows=3 loops=2)
                                                         ->  Nested Loop  (cost=1.29..5428.89 rows=1 width=33) (actual time=15.401..23.735 rows=42 loops=2)
                                                               Join Filter: (t.id = mk.movie_id)
                                                               ->  Nested Loop  (cost=0.86..5425.84 rows=1 width=25) (actual time=15.378..23.677 rows=2 loops=2)
                                                                     ->  Nested Loop  (cost=0.43..5416.18 rows=6 width=4) (actual time=15.169..22.938 rows=50 loops=2)
                                                                           ->  Parallel Seq Scan on company_name cn  (cost=0.00..5068.50 rows=1 width=4) (actual time=15.141..22.631 rows=0 loops=2)
                                                                                 Filter: (((country_code)::text = '[us]'::text) AND ((name)::text = 'DreamWorks Animation'::text))
                                                                                 Rows Removed by Filter: 117498
                                                                           ->  Index Scan using company_id_movie_companies on movie_companies mc  (cost=0.43..346.37 rows=130 width=8) (actual time=0.052..0.597 rows=99 loops=1)
                                                                                 Index Cond: (company_id = cn.id)
                                                                     ->  Index Scan using title_pkey on title t  (cost=0.43..1.60 rows=1 width=21) (actual time=0.015..0.015 rows=0 loops=99)
                                                                           Index Cond: (id = mc.movie_id)
                                                                           Filter: ((production_year > 2010) AND ((title)::text ~~ 'Kung Fu Panda%'::text))
                                                                           Rows Removed by Filter: 1
                                                               ->  Index Scan using movie_id_movie_keyword on movie_keyword mk  (cost=0.43..2.47 rows=47 width=8) (actual time=0.019..0.024 rows=21 loops=4)
                                                                     Index Cond: (movie_id = mc.movie_id)
                                                         ->  Index Scan using keyword_pkey on keyword k  (cost=0.42..1.46 rows=1 width=4) (actual time=0.009..0.009 rows=0 loops=83)
                                                               Index Cond: (id = mk.keyword_id)
                                                               Filter: ((keyword)::text = ANY ('{hero,martial-arts,hand-to-hand-combat,computer-animated-movie}'::text[]))
                                                               Rows Removed by Filter: 1
                                             ->  Index Scan using movie_id_movie_info on movie_info mi  (cost=0.43..32.63 rows=1 width=8) (actual time=0.026..0.050 rows=2 loops=6)
                                                   Index Cond: (movie_id = mk.movie_id)
                                                   Filter: ((info IS NOT NULL) AND (((info)::text ~~ 'Japan:%201%'::text) OR ((info)::text ~~ 'USA:%201%'::text)))
                                                   Rows Removed by Filter: 89
                                       ->  Index Scan using info_type_pkey on info_type it  (cost=0.14..0.16 rows=1 width=4) (actual time=0.002..0.002 rows=1 loops=9)
                                             Index Cond: (id = mi.info_type_id)
                                             Filter: ((info)::text = 'release dates'::text)
                                 ->  Index Scan using movie_id_cast_info on cast_info ci  (cost=0.56..39.83 rows=1 width=16) (actual time=0.010..0.122 rows=27 loops=9)
                                       Index Cond: (movie_id = mk.movie_id)
                                       Filter: ((note)::text = ANY ('{(voice),"(voice: Japanese version)","(voice) (uncredited)","(voice: English version)"}'::text[]))
                                       Rows Removed by Filter: 91
                           ->  Index Scan using name_pkey on name n  (cost=0.43..1.80 rows=1 width=19) (actual time=0.004..0.004 rows=0 loops=244)
                                 Index Cond: (id = ci.person_id)
                                 Filter: (((name)::text ~~ '%An%'::text) AND ((gender)::text = 'f'::text))
                                 Rows Removed by Filter: 1
                     ->  Index Scan using role_type_pkey on role_type rt  (cost=0.14..0.16 rows=1 width=4) (actual time=0.003..0.003 rows=1 loops=9)
                           Index Cond: (id = ci.role_id)
                           Filter: ((role)::text = 'actress'::text)
               ->  Index Only Scan using person_id_aka_name on aka_name an  (cost=0.42..2.08 rows=2 width=4) (actual time=0.004..0.006 rows=5 loops=9)
                     Index Cond: (person_id = ci.person_id)
                     Heap Fetches: 45
         ->  Index Scan using char_name_pkey on char_name chn  (cost=0.43..1.70 rows=1 width=20) (actual time=0.001..0.001 rows=1 loops=45)
               Index Cond: (id = ci.person_role_id)
 Planning Time: 79.803 ms
 Execution Time: 28.968 ms
(59 rows)

SET
                                                                                                QUERY PLAN                                                                                                
----------------------------------------------------------------------------------------------------------------------------------------------------------------------------------------------------------
 Aggregate  (cost=7497.91..7497.92 rows=1 width=128) (actual time=2626.769..2626.770 rows=1 loops=1)
   ->  Nested Loop  (cost=1012.02..7497.90 rows=1 width=80) (actual time=24.881..2624.514 rows=4407 loops=1)
         Join Filter: (mi.movie_id = t.id)
         ->  Nested Loop  (cost=1011.59..7497.08 rows=1 width=79) (actual time=24.847..2590.902 rows=4407 loops=1)
               ->  Nested Loop  (cost=1011.16..7496.06 rows=1 width=68) (actual time=12.358..2519.134 rows=7112 loops=1)
                     ->  Nested Loop  (cost=1011.02..7495.88 rows=1 width=72) (actual time=12.349..2506.456 rows=7740 loops=1)
                           Join Filter: (mi.movie_id = ci.movie_id)
                           ->  Gather  (cost=1010.46..7466.93 rows=1 width=64) (actual time=6.242..629.218 rows=12260 loops=1)
                                 Workers Planned: 2
                                 Workers Launched: 2
                                 ->  Nested Loop  (cost=10.46..6466.83 rows=1 width=64) (actual time=6.009..837.705 rows=4087 loops=3)
                                       Join Filter: (mi_idx.movie_id = mi.movie_id)
                                       ->  Hash Join  (cost=10.02..6431.17 rows=2 width=14) (actual time=4.602..192.764 rows=16920 loops=3)
                                             Hash Cond: (mi_idx.info_type_id = it2.id)
                                             ->  Nested Loop  (cost=7.60..6428.17 rows=211 width=18) (actual time=4.517..184.849 rows=50907 loops=3)
                                                   ->  Nested Loop  (cost=7.17..6372.12 rows=70 width=4) (actual time=4.482..92.958 rows=20699 loops=3)
                                                         ->  Parallel Index Scan using keyword_pkey on keyword k  (cost=0.42..4207.64 rows=2 width=4) (actual time=0.218..19.224 rows=2 loops=3)
                                                               Filter: ((keyword)::text = ANY ('{murder,blood,gore,death,female-nudity}'::text[]))
                                                               Rows Removed by Filter: 44722
                                                         ->  Bitmap Heap Scan on movie_keyword mk  (cost=6.75..1079.25 rows=299 width=8) (actual time=3.446..42.713 rows=12419 loops=5)
                                                               Recheck Cond: (keyword_id = k.id)
                                                               Heap Blocks: exact=12389
                                                               ->  Bitmap Index Scan on keyword_id_movie_keyword  (cost=0.00..6.67 rows=299 width=0) (actual time=1.997..1.997 rows=12419 loops=5)
                                                                     Index Cond: (keyword_id = k.id)
                                                   ->  Index Scan using movie_id_movie_info_idx on movie_info_idx mi_idx  (cost=0.43..0.77 rows=3 width=14) (actual time=0.003..0.004 rows=2 loops=62096)
                                                         Index Cond: (movie_id = mk.movie_id)
                                             ->  Hash  (cost=2.41..2.41 rows=1 width=4) (actual time=0.026..0.026 rows=1 loops=3)
                                                   Buckets: 1024  Batches: 1  Memory Usage: 9kB
                                                   ->  Seq Scan on info_type it2  (cost=0.00..2.41 rows=1 width=4) (actual time=0.021..0.022 rows=1 loops=3)
                                                         Filter: ((info)::text = 'votes'::text)
                                                         Rows Removed by Filter: 112
                                       ->  Index Scan using movie_id_movie_info on movie_info mi  (cost=0.43..17.82 rows=1 width=50) (actual time=0.038..0.038 rows=0 loops=50760)
                                             Index Cond: (movie_id = mk.movie_id)
                                             Filter: ((info)::text = 'Horror'::text)
                                             Rows Removed by Filter: 56
                           ->  Index Scan using movie_id_cast_info on cast_info ci  (cost=0.56..28.93 rows=1 width=8) (actual time=0.125..0.153 rows=1 loops=12260)
                                 Index Cond: (movie_id = mk.movie_id)
                                 Filter: ((note)::text = ANY ('{(writer),"(head writer)","(written by)",(story),"(story editor)"}'::text[]))
                                 Rows Removed by Filter: 47
                     ->  Index Scan using info_type_pkey on info_type it1  (cost=0.14..0.16 rows=1 width=4) (actual time=0.001..0.001 rows=1 loops=7740)
                           Index Cond: (id = mi.info_type_id)
                           Filter: ((info)::text = 'genres'::text)
                           Rows Removed by Filter: 0
               ->  Index Scan using name_pkey on name n  (cost=0.43..1.02 rows=1 width=19) (actual time=0.010..0.010 rows=1 loops=7112)
                     Index Cond: (id = ci.person_id)
                     Filter: ((gender)::text = 'm'::text)
                     Rows Removed by Filter: 0
         ->  Index Scan using title_pkey on title t  (cost=0.43..0.81 rows=1 width=21) (actual time=0.007..0.007 rows=1 loops=4407)
               Index Cond: (id = mk.movie_id)
 Planning Time: 12.952 ms
 Execution Time: 2627.173 ms
(51 rows)

SET
                                                                                            QUERY PLAN                                                                                             
---------------------------------------------------------------------------------------------------------------------------------------------------------------------------------------------------
 Aggregate  (cost=7478.04..7478.05 rows=1 width=128) (actual time=245.254..245.254 rows=1 loops=1)
   ->  Nested Loop  (cost=1009.74..7478.03 rows=1 width=80) (actual time=142.462..245.236 rows=6 loops=1)
         ->  Nested Loop  (cost=1009.31..7477.01 rows=1 width=69) (actual time=142.420..245.144 rows=6 loops=1)
               ->  Nested Loop  (cost=1009.17..7476.82 rows=1 width=73) (actual time=142.406..245.107 rows=18 loops=1)
                     Join Filter: (t.id = mi_idx.movie_id)
                     ->  Nested Loop  (cost=1008.74..7476.02 rows=1 width=79) (actual time=142.361..245.025 rows=6 loops=1)
                           ->  Nested Loop  (cost=1008.60..7475.83 rows=1 width=83) (actual time=142.341..244.994 rows=6 loops=1)
                                 Join Filter: (t.id = mi.movie_id)
                                 ->  Nested Loop  (cost=1008.16..7458.00 rows=1 width=33) (actual time=142.240..244.688 rows=6 loops=1)
                                       Join Filter: (t.id = ci.movie_id)
                                       ->  Gather  (cost=1007.60..7429.06 rows=1 width=25) (actual time=141.957..248.347 rows=9 loops=1)
                                             Workers Planned: 2
                                             Workers Launched: 2
                                             ->  Nested Loop  (cost=7.60..6428.96 rows=1 width=25) (actual time=148.618..199.697 rows=3 loops=3)
                                                   ->  Nested Loop  (cost=7.17..6372.12 rows=70 width=4) (actual time=4.397..96.362 rows=20699 loops=3)
                                                         ->  Parallel Index Scan using keyword_pkey on keyword k  (cost=0.42..4207.64 rows=2 width=4) (actual time=0.166..23.234 rows=2 loops=3)
                                                               Filter: ((keyword)::text = ANY ('{murder,blood,gore,death,female-nudity}'::text[]))
                                                               Rows Removed by Filter: 44722
                                                         ->  Bitmap Heap Scan on movie_keyword mk  (cost=6.75..1079.25 rows=299 width=8) (actual time=3.426..42.582 rows=12419 loops=5)
                                                               Recheck Cond: (keyword_id = k.id)
                                                               Heap Blocks: exact=12389
                                                               ->  Bitmap Index Scan on keyword_id_movie_keyword  (cost=0.00..6.67 rows=299 width=0) (actual time=1.968..1.968 rows=12419 loops=5)
                                                                     Index Cond: (keyword_id = k.id)
                                                   ->  Index Scan using title_pkey on title t  (cost=0.43..0.81 rows=1 width=21) (actual time=0.005..0.005 rows=0 loops=62096)
                                                         Index Cond: (id = mk.movie_id)
                                                         Filter: ((production_year > 2010) AND ((title)::text ~~ 'Vampire%'::text))
                                                         Rows Removed by Filter: 1
                                       ->  Index Scan using movie_id_cast_info on cast_info ci  (cost=0.56..28.93 rows=1 width=8) (actual time=0.067..0.080 rows=1 loops=9)
                                             Index Cond: (movie_id = mk.movie_id)
                                             Filter: ((note)::text = ANY ('{(writer),"(head writer)","(written by)",(story),"(story editor)"}'::text[]))
                                             Rows Removed by Filter: 21
                                 ->  Index Scan using movie_id_movie_info on movie_info mi  (cost=0.43..17.82 rows=1 width=50) (actual time=0.049..0.050 rows=1 loops=6)
                                       Index Cond: (movie_id = mk.movie_id)
                                       Filter: ((info)::text = 'Horror'::text)
                                       Rows Removed by Filter: 20
                           ->  Index Scan using info_type_pkey on info_type it1  (cost=0.14..0.16 rows=1 width=4) (actual time=0.003..0.003 rows=1 loops=6)
                                 Index Cond: (id = mi.info_type_id)
                                 Filter: ((info)::text = 'genres'::text)
                     ->  Index Scan using movie_id_movie_info_idx on movie_info_idx mi_idx  (cost=0.43..0.77 rows=3 width=14) (actual time=0.011..0.012 rows=3 loops=6)
                           Index Cond: (movie_id = mk.movie_id)
               ->  Index Scan using info_type_pkey on info_type it2  (cost=0.14..0.16 rows=1 width=4) (actual time=0.002..0.002 rows=0 loops=18)
                     Index Cond: (id = mi_idx.info_type_id)
                     Filter: ((info)::text = 'votes'::text)
                     Rows Removed by Filter: 1
         ->  Index Scan using name_pkey on name n  (cost=0.43..1.02 rows=1 width=19) (actual time=0.014..0.014 rows=1 loops=6)
               Index Cond: (id = ci.person_id)
               Filter: ((gender)::text = 'm'::text)
 Planning Time: 13.743 ms
 Execution Time: 249.895 ms
(49 rows)

SET
                                                                                                QUERY PLAN                                                                                                
----------------------------------------------------------------------------------------------------------------------------------------------------------------------------------------------------------
 Aggregate  (cost=8700.85..8700.86 rows=1 width=128) (actual time=9162.509..9162.509 rows=1 loops=1)
   ->  Nested Loop  (cost=1012.02..8700.84 rows=1 width=80) (actual time=7.815..9150.955 rows=26153 loops=1)
         Join Filter: (mi.movie_id = t.id)
         ->  Nested Loop  (cost=1011.59..8700.02 rows=1 width=79) (actual time=7.795..9028.131 rows=26153 loops=1)
               ->  Nested Loop  (cost=1011.16..8699.00 rows=1 width=68) (actual time=7.757..8751.830 rows=42900 loops=1)
                     Join Filter: (mi.movie_id = ci.movie_id)
                     ->  Gather  (cost=1010.60..8670.06 rows=1 width=60) (actual time=6.082..791.503 rows=63386 loops=1)
                           Workers Planned: 2
                           Workers Launched: 2
                           ->  Nested Loop  (cost=10.60..7669.96 rows=1 width=60) (actual time=4.765..1272.934 rows=21129 loops=3)
                                 ->  Nested Loop  (cost=10.46..7669.77 rows=1 width=64) (actual time=4.760..1245.338 rows=22577 loops=3)
                                       Join Filter: (mi_idx.movie_id = mi.movie_id)
                                       ->  Hash Join  (cost=10.02..7633.70 rows=2 width=14) (actual time=4.654..244.447 rows=21234 loops=3)
                                             Hash Cond: (mi_idx.info_type_id = it2.id)
                                             ->  Nested Loop  (cost=7.60..7630.47 rows=294 width=18) (actual time=4.563..234.379 rows=63896 loops=3)
                                                   ->  Nested Loop  (cost=7.17..7552.00 rows=98 width=4) (actual time=4.523..115.719 rows=25571 loops=3)
                                                         ->  Parallel Index Scan using keyword_pkey on keyword k  (cost=0.42..4347.40 rows=3 width=4) (actual time=0.272..22.441 rows=2 loops=3)
                                                               Filter: ((keyword)::text = ANY ('{murder,violence,blood,gore,death,female-nudity,hospital}'::text[]))
                                                               Rows Removed by Filter: 44721
                                                         ->  Bitmap Heap Scan on movie_keyword mk  (cost=6.75..1065.21 rows=299 width=8) (actual time=3.161..38.619 rows=10959 loops=7)
                                                               Recheck Cond: (keyword_id = k.id)
                                                               Heap Blocks: exact=12389
                                                               ->  Bitmap Index Scan on keyword_id_movie_keyword  (cost=0.00..6.67 rows=299 width=0) (actual time=1.824..1.824 rows=10959 loops=7)
                                                                     Index Cond: (keyword_id = k.id)
                                                   ->  Index Scan using movie_id_movie_info_idx on movie_info_idx mi_idx  (cost=0.43..0.77 rows=3 width=14) (actual time=0.004..0.004 rows=2 loops=76714)
                                                         Index Cond: (movie_id = mk.movie_id)
                                             ->  Hash  (cost=2.41..2.41 rows=1 width=4) (actual time=0.028..0.028 rows=1 loops=3)
                                                   Buckets: 1024  Batches: 1  Memory Usage: 9kB
                                                   ->  Seq Scan on info_type it2  (cost=0.00..2.41 rows=1 width=4) (actual time=0.022..0.024 rows=1 loops=3)
                                                         Filter: ((info)::text = 'votes'::text)
                                                         Rows Removed by Filter: 112
                                       ->  Index Scan using movie_id_movie_info on movie_info mi  (cost=0.43..18.03 rows=1 width=50) (actual time=0.045..0.047 rows=1 loops=63701)
                                             Index Cond: (movie_id = mk.movie_id)
                                             Filter: ((info)::text = ANY ('{Horror,Action,Sci-Fi,Thriller,Crime,War}'::text[]))
                                             Rows Removed by Filter: 58
                                 ->  Index Scan using info_type_pkey on info_type it1  (cost=0.14..0.16 rows=1 width=4) (actual time=0.001..0.001 rows=1 loops=67732)
                                       Index Cond: (id = mi.info_type_id)
                                       Filter: ((info)::text = 'genres'::text)
                                       Rows Removed by Filter: 0
                     ->  Index Scan using movie_id_cast_info on cast_info ci  (cost=0.56..28.93 rows=1 width=8) (actual time=0.099..0.125 rows=1 loops=63386)
                           Index Cond: (movie_id = mk.movie_id)
                           Filter: ((note)::text = ANY ('{(writer),"(head writer)","(written by)",(story),"(story editor)"}'::text[]))
                           Rows Removed by Filter: 63
               ->  Index Scan using name_pkey on name n  (cost=0.43..1.02 rows=1 width=19) (actual time=0.006..0.006 rows=1 loops=42900)
                     Index Cond: (id = ci.person_id)
                     Filter: ((gender)::text = 'm'::text)
                     Rows Removed by Filter: 0
         ->  Index Scan using title_pkey on title t  (cost=0.43..0.81 rows=1 width=21) (actual time=0.004..0.004 rows=1 loops=26153)
               Index Cond: (id = mk.movie_id)
 Planning Time: 14.090 ms
 Execution Time: 9162.978 ms
(51 rows)

SET
                                                                                                   QUERY PLAN                                                                                                   
----------------------------------------------------------------------------------------------------------------------------------------------------------------------------------------------------------------
 Aggregate  (cost=10239.97..10239.98 rows=1 width=128) (actual time=1135.215..1135.216 rows=1 loops=1)
   ->  Nested Loop  (cost=5.26..10239.96 rows=1 width=54) (actual time=12.391..1134.501 rows=1728 loops=1)
         ->  Nested Loop  (cost=4.83..10233.55 rows=14 width=42) (actual time=1.520..1011.047 rows=58947 loops=1)
               ->  Nested Loop  (cost=4.40..10227.18 rows=14 width=31) (actual time=1.492..707.157 rows=58947 loops=1)
                     Join Filter: (t.id = ci.movie_id)
                     ->  Nested Loop  (cost=3.84..10225.20 rows=1 width=39) (actual time=1.454..564.060 rows=326 loops=1)
                           ->  Nested Loop  (cost=3.42..10223.39 rows=4 width=43) (actual time=0.535..375.848 rows=79039 loops=1)
                                 ->  Nested Loop  (cost=2.98..10219.72 rows=2 width=35) (actual time=0.505..347.465 rows=647 loops=1)
                                       Join Filter: (kt.id = t.kind_id)
                                       Rows Removed by Join Filter: 5355
                                       ->  Seq Scan on kind_type kt  (cost=0.00..1.09 rows=1 width=4) (actual time=0.016..0.017 rows=1 loops=1)
                                             Filter: ((kind)::text = 'movie'::text)
                                             Rows Removed by Filter: 6
                                       ->  Nested Loop  (cost=2.98..10218.42 rows=17 width=39) (actual time=0.384..346.754 rows=6002 loops=1)
                                             Join Filter: (cc.movie_id = t.id)
                                             ->  Nested Loop  (cost=2.55..10175.60 rows=32 width=14) (actual time=0.270..259.394 rows=17898 loops=1)
                                                   Join Filter: (it2.id = mi_idx.info_type_id)
                                                   Rows Removed by Join Filter: 8960
                                                   ->  Seq Scan on info_type it2  (cost=0.00..2.41 rows=1 width=4) (actual time=0.010..0.012 rows=1 loops=1)
                                                         Filter: ((info)::text = 'rating'::text)
                                                         Rows Removed by Filter: 112
                                                   ->  Nested Loop  (cost=2.55..10128.32 rows=3590 width=18) (actual time=0.146..255.928 rows=26858 loops=1)
                                                         ->  Hash Join  (cost=2.12..2996.88 rows=8443 width=4) (actual time=0.077..48.640 rows=85941 loops=1)
                                                               Hash Cond: (cc.status_id = cct2.id)
                                                               ->  Hash Join  (cost=1.06..2813.24 rows=33772 width=8) (actual time=0.030..34.257 rows=85941 loops=1)
                                                                     Hash Cond: (cc.subject_id = cct1.id)
                                                                     ->  Seq Scan on complete_cast cc  (cost=0.00..2081.86 rows=135086 width=12) (actual time=0.012..12.149 rows=135086 loops=1)
                                                                     ->  Hash  (cost=1.05..1.05 rows=1 width=4) (actual time=0.004..0.004 rows=1 loops=1)
                                                                           Buckets: 1024  Batches: 1  Memory Usage: 9kB
                                                                           ->  Seq Scan on comp_cast_type cct1  (cost=0.00..1.05 rows=1 width=4) (actual time=0.001..0.002 rows=1 loops=1)
                                                                                 Filter: ((kind)::text = 'cast'::text)
                                                                                 Rows Removed by Filter: 3
                                                               ->  Hash  (cost=1.05..1.05 rows=1 width=4) (actual time=0.021..0.021 rows=2 loops=1)
                                                                     Buckets: 1024  Batches: 1  Memory Usage: 9kB
                                                                     ->  Seq Scan on comp_cast_type cct2  (cost=0.00..1.05 rows=1 width=4) (actual time=0.015..0.016 rows=2 loops=1)
                                                                           Filter: ((kind)::text ~~ '%complete%'::text)
                                                                           Rows Removed by Filter: 2
                                                         ->  Index Scan using movie_id_movie_info_idx on movie_info_idx mi_idx  (cost=0.43..0.83 rows=1 width=14) (actual time=0.002..0.002 rows=0 loops=85941)
                                                               Index Cond: (movie_id = cc.movie_id)
                                                               Filter: ((info)::text > '7.0'::text)
                                                               Rows Removed by Filter: 2
                                             ->  Index Scan using title_pkey on title t  (cost=0.43..1.33 rows=1 width=25) (actual time=0.005..0.005 rows=0 loops=17898)
                                                   Index Cond: (id = mi_idx.movie_id)
                                                   Filter: (production_year > 2000)
                                                   Rows Removed by Filter: 1
                                 ->  Index Scan using movie_id_movie_keyword on movie_keyword mk  (cost=0.43..1.36 rows=47 width=8) (actual time=0.010..0.029 rows=122 loops=647)
                                       Index Cond: (movie_id = t.id)
                           ->  Index Scan using keyword_pkey on keyword k  (cost=0.42..0.45 rows=1 width=4) (actual time=0.002..0.002 rows=0 loops=79039)
                                 Index Cond: (id = mk.keyword_id)
                                 Filter: ((keyword)::text = ANY ('{superhero,marvel-comics,based-on-comic,tv-special,fight,violence,magnet,web,claw,laser}'::text[]))
                                 Rows Removed by Filter: 1
                     ->  Index Scan using movie_id_cast_info on cast_info ci  (cost=0.56..1.52 rows=37 width=12) (actual time=0.011..0.404 rows=181 loops=326)
                           Index Cond: (movie_id = mk.movie_id)
               ->  Index Scan using name_pkey on name n  (cost=0.43..0.45 rows=1 width=19) (actual time=0.005..0.005 rows=1 loops=58947)
                     Index Cond: (id = ci.person_id)
         ->  Index Scan using char_name_pkey on char_name chn  (cost=0.43..0.46 rows=1 width=20) (actual time=0.002..0.002 rows=0 loops=58947)
               Index Cond: (id = ci.person_role_id)
               Filter: ((name IS NOT NULL) AND (((name)::text ~~ '%man%'::text) OR ((name)::text ~~ '%Man%'::text)))
               Rows Removed by Filter: 0
 Planning Time: 69.135 ms
 Execution Time: 1135.455 ms
(61 rows)

SET
                                                                                                      QUERY PLAN                                                                                                      
----------------------------------------------------------------------------------------------------------------------------------------------------------------------------------------------------------------------
 Aggregate  (cost=7388.77..7388.78 rows=1 width=96) (actual time=281.740..281.740 rows=1 loops=1)
   ->  Nested Loop  (cost=9.45..7388.76 rows=1 width=39) (actual time=30.944..281.695 rows=93 loops=1)
         Join Filter: (cct1.id = cc.subject_id)
         Rows Removed by Join Filter: 87
         ->  Seq Scan on comp_cast_type cct1  (cost=0.00..1.05 rows=1 width=4) (actual time=0.015..0.017 rows=1 loops=1)
               Filter: ((kind)::text = 'cast'::text)
               Rows Removed by Filter: 3
         ->  Nested Loop  (cost=9.45..7387.70 rows=1 width=43) (actual time=30.927..281.652 rows=180 loops=1)
               Join Filter: (cct2.id = cc.status_id)
               Rows Removed by Join Filter: 180
               ->  Seq Scan on comp_cast_type cct2  (cost=0.00..1.05 rows=1 width=4) (actual time=0.002..0.004 rows=2 loops=1)
                     Filter: ((kind)::text ~~ '%complete%'::text)
                     Rows Removed by Filter: 2
               ->  Nested Loop  (cost=9.45..7386.64 rows=1 width=47) (actual time=22.017..140.801 rows=180 loops=2)
                     ->  Nested Loop  (cost=9.03..7386.16 rows=1 width=55) (actual time=19.358..140.356 rows=191 loops=2)
                           ->  Nested Loop  (cost=8.60..7385.70 rows=1 width=59) (actual time=19.341..139.012 rows=191 loops=2)
                                 ->  Nested Loop  (cost=8.17..7379.30 rows=14 width=47) (actual time=19.278..124.829 rows=7981 loops=2)
                                       Join Filter: (t.id = ci.movie_id)
                                       ->  Nested Loop  (cost=7.61..7377.31 rows=1 width=35) (actual time=19.259..107.378 rows=31 loops=2)
                                             Join Filter: (kt.id = t.kind_id)
                                             Rows Removed by Join Filter: 167
                                             ->  Seq Scan on kind_type kt  (cost=0.00..1.09 rows=1 width=4) (actual time=0.005..0.007 rows=1 loops=2)
                                                   Filter: ((kind)::text = 'movie'::text)
                                                   Rows Removed by Filter: 6
                                             ->  Nested Loop  (cost=7.61..7376.21 rows=1 width=39) (actual time=0.831..107.341 rows=198 loops=2)
                                                   ->  Nested Loop  (cost=7.18..7375.73 rows=1 width=14) (actual time=0.815..104.483 rows=313 loops=2)
                                                         Join Filter: (mi_idx.info_type_id = it2.id)
                                                         Rows Removed by Join Filter: 612
                                                         ->  Seq Scan on info_type it2  (cost=0.00..2.41 rows=1 width=4) (actual time=0.009..0.010 rows=1 loops=2)
                                                               Filter: ((info)::text = 'rating'::text)
                                                               Rows Removed by Filter: 112
                                                         ->  Nested Loop  (cost=7.18..7373.13 rows=15 width=18) (actual time=0.698..104.352 rows=925 loops=2)
                                                               ->  Nested Loop  (cost=6.75..7304.56 rows=135 width=4) (actual time=0.598..57.615 rows=9984 loops=2)
                                                                     ->  Seq Scan on keyword k  (cost=0.00..2961.55 rows=4 width=4) (actual time=0.079..21.004 rows=4 loops=2)
                                                                           Filter: ((keyword)::text = ANY ('{superhero,marvel-comics,based-on-comic,fight}'::text[]))
                                                                           Rows Removed by Filter: 134166
                                                                     ->  Bitmap Heap Scan on movie_keyword mk  (cost=6.75..1082.76 rows=299 width=8) (actual time=0.690..8.871 rows=2496 loops=8)
                                                                           Recheck Cond: (keyword_id = k.id)
                                                                           Heap Blocks: exact=15372
                                                                           ->  Bitmap Index Scan on keyword_id_movie_keyword  (cost=0.00..6.67 rows=299 width=0) (actual time=0.385..0.385 rows=2496 loops=8)
                                                                                 Index Cond: (keyword_id = k.id)
                                                               ->  Index Scan using movie_id_movie_info_idx on movie_info_idx mi_idx  (cost=0.43..0.50 rows=1 width=14) (actual time=0.004..0.004 rows=0 loops=19968)
                                                                     Index Cond: (movie_id = mk.movie_id)
                                                                     Filter: ((info)::text > '8.0'::text)
                                                                     Rows Removed by Filter: 2
                                                   ->  Index Scan using title_pkey on title t  (cost=0.43..0.49 rows=1 width=25) (actual time=0.009..0.009 rows=1 loops=626)
                                                         Index Cond: (id = mk.movie_id)
                                                         Filter: (production_year > 2005)
                                                         Rows Removed by Filter: 0
                                       ->  Index Scan using movie_id_cast_info on cast_info ci  (cost=0.56..1.52 rows=37 width=12) (actual time=0.013..0.521 rows=257 loops=62)
                                             Index Cond: (movie_id = mk.movie_id)
                                 ->  Index Scan using char_name_pkey on char_name chn  (cost=0.43..0.46 rows=1 width=20) (actual time=0.002..0.002 rows=0 loops=15962)
                                       Index Cond: (id = ci.person_role_id)
                                       Filter: ((name IS NOT NULL) AND (((name)::text ~~ '%man%'::text) OR ((name)::text ~~ '%Man%'::text)))
                                       Rows Removed by Filter: 0
                           ->  Index Only Scan using name_pkey on name n  (cost=0.43..0.45 rows=1 width=4) (actual time=0.007..0.007 rows=1 loops=382)
                                 Index Cond: (id = ci.person_id)
                                 Heap Fetches: 382
                     ->  Index Scan using movie_id_complete_cast on complete_cast cc  (cost=0.42..0.46 rows=2 width=12) (actual time=0.002..0.002 rows=1 loops=382)
                           Index Cond: (movie_id = t.id)
 Planning Time: 71.019 ms
 Execution Time: 281.986 ms
(62 rows)

SET
                                                                                                   QUERY PLAN                                                                                                   
----------------------------------------------------------------------------------------------------------------------------------------------------------------------------------------------------------------
 Aggregate  (cost=14668.28..14668.29 rows=1 width=96) (actual time=1540.656..1540.656 rows=1 loops=1)
   ->  Nested Loop  (cost=9.45..14668.27 rows=1 width=39) (actual time=8.269..1538.849 rows=5400 loops=1)
         ->  Nested Loop  (cost=9.02..14667.82 rows=1 width=43) (actual time=8.241..1494.149 rows=5400 loops=1)
               Join Filter: (it2.id = mi_idx.info_type_id)
               Rows Removed by Join Filter: 11196
               ->  Seq Scan on info_type it2  (cost=0.00..2.41 rows=1 width=4) (actual time=0.013..0.015 rows=1 loops=1)
                     Filter: ((info)::text = 'rating'::text)
                     Rows Removed by Filter: 112
               ->  Nested Loop  (cost=9.02..14665.39 rows=1 width=47) (actual time=8.225..1492.194 rows=16596 loops=1)
                     Join Filter: (t.id = mi_idx.movie_id)
                     ->  Nested Loop  (cost=8.59..14664.88 rows=1 width=53) (actual time=8.204..1469.986 rows=5406 loops=1)
                           ->  Nested Loop  (cost=8.16..14658.47 rows=14 width=41) (actual time=7.898..1041.907 rows=189844 loops=1)
                                 Join Filter: (t.id = ci.movie_id)
                                 ->  Nested Loop  (cost=7.60..14656.48 rows=1 width=29) (actual time=7.864..500.185 rows=1267 loops=1)
                                       Join Filter: (cct2.id = cc.status_id)
                                       Rows Removed by Join Filter: 1267
                                       ->  Seq Scan on comp_cast_type cct2  (cost=0.00..1.05 rows=1 width=4) (actual time=0.008..0.009 rows=2 loops=1)
                                             Filter: ((kind)::text ~~ '%complete%'::text)
                                             Rows Removed by Filter: 2
                                       ->  Nested Loop  (cost=7.60..14655.42 rows=1 width=33) (actual time=5.770..249.816 rows=1267 loops=2)
                                             Join Filter: (cct1.id = cc.subject_id)
                                             Rows Removed by Join Filter: 218
                                             ->  Seq Scan on comp_cast_type cct1  (cost=0.00..1.05 rows=1 width=4) (actual time=0.001..0.002 rows=1 loops=2)
                                                   Filter: ((kind)::text = 'cast'::text)
                                                   Rows Removed by Filter: 3
                                             ->  Nested Loop  (cost=7.60..14654.36 rows=1 width=37) (actual time=5.767..249.471 rows=1485 loops=2)
                                                   ->  Nested Loop  (cost=7.18..14641.93 rows=26 width=25) (actual time=5.685..235.713 rows=5032 loops=2)
                                                         Join Filter: (kt.id = t.kind_id)
                                                         Rows Removed by Join Filter: 5581
                                                         ->  Seq Scan on kind_type kt  (cost=0.00..1.09 rows=1 width=4) (actual time=0.004..0.006 rows=1 loops=2)
                                                               Filter: ((kind)::text = 'movie'::text)
                                                               Rows Removed by Filter: 6
                                                         ->  Nested Loop  (cost=7.18..14638.55 rows=183 width=29) (actual time=0.655..234.332 rows=10613 loops=2)
                                                               ->  Nested Loop  (cost=6.75..14474.11 rows=337 width=4) (actual time=0.639..109.672 rows=24091 loops=2)
                                                                     ->  Seq Scan on keyword k  (cost=0.00..3967.82 rows=10 width=4) (actual time=0.138..36.299 rows=10 loops=2)
                                                                           Filter: ((keyword)::text = ANY ('{superhero,marvel-comics,based-on-comic,tv-special,fight,violence,magnet,web,claw,laser}'::text[]))
                                                                           Rows Removed by Filter: 134160
                                                                     ->  Bitmap Heap Scan on movie_keyword mk  (cost=6.75..1047.64 rows=299 width=8) (actual time=0.651..7.039 rows=2409 loops=20)
                                                                           Recheck Cond: (keyword_id = k.id)
                                                                           Heap Blocks: exact=34254
                                                                           ->  Bitmap Index Scan on keyword_id_movie_keyword  (cost=0.00..6.67 rows=299 width=0) (actual time=0.366..0.366 rows=2409 loops=20)
                                                                                 Index Cond: (keyword_id = k.id)
                                                               ->  Index Scan using title_pkey on title t  (cost=0.43..0.49 rows=1 width=25) (actual time=0.005..0.005 rows=0 loops=48182)
                                                                     Index Cond: (id = mk.movie_id)
                                                                     Filter: (production_year > 2000)
                                                                     Rows Removed by Filter: 1
                                                   ->  Index Scan using movie_id_complete_cast on complete_cast cc  (cost=0.42..0.46 rows=2 width=12) (actual time=0.002..0.002 rows=0 loops=10064)
                                                         Index Cond: (movie_id = t.id)
                                 ->  Index Scan using movie_id_cast_info on cast_info ci  (cost=0.56..1.52 rows=37 width=12) (actual time=0.012..0.401 rows=150 loops=1267)
                                       Index Cond: (movie_id = mk.movie_id)
                           ->  Index Scan using char_name_pkey on char_name chn  (cost=0.43..0.46 rows=1 width=20) (actual time=0.002..0.002 rows=0 loops=189844)
                                 Index Cond: (id = ci.person_role_id)
                                 Filter: ((name IS NOT NULL) AND (((name)::text ~~ '%man%'::text) OR ((name)::text ~~ '%Man%'::text)))
                                 Rows Removed by Filter: 0
                     ->  Index Scan using movie_id_movie_info_idx on movie_info_idx mi_idx  (cost=0.43..0.48 rows=3 width=14) (actual time=0.003..0.003 rows=3 loops=5406)
                           Index Cond: (movie_id = ci.movie_id)
         ->  Index Only Scan using name_pkey on name n  (cost=0.43..0.45 rows=1 width=4) (actual time=0.008..0.008 rows=1 loops=5400)
               Index Cond: (id = ci.person_id)
               Heap Fetches: 5400
 Planning Time: 69.010 ms
 Execution Time: 1540.884 ms
(61 rows)

SET
                                                                                                         QUERY PLAN                                                                                                          
-----------------------------------------------------------------------------------------------------------------------------------------------------------------------------------------------------------------------------
 Aggregate  (cost=3308.26..3308.27 rows=1 width=96) (actual time=26.353..26.353 rows=1 loops=1)
   ->  Nested Loop  (cost=6.00..3308.26 rows=1 width=118) (actual time=3.524..26.226 rows=477 loops=1)
         ->  Nested Loop  (cost=5.58..3307.80 rows=1 width=103) (actual time=3.498..24.192 rows=1106 loops=1)
               Join Filter: (ct.id = mc.company_type_id)
               Rows Removed by Join Filter: 57
               ->  Seq Scan on company_type ct  (cost=0.00..1.05 rows=1 width=4) (actual time=0.015..0.016 rows=1 loops=1)
                     Filter: ((kind)::text = 'production companies'::text)
                     Rows Removed by Filter: 3
               ->  Nested Loop  (cost=5.58..3306.72 rows=2 width=107) (actual time=3.480..24.053 rows=1163 loops=1)
                     Join Filter: (ml.movie_id = mc.movie_id)
                     ->  Nested Loop  (cost=5.15..3306.16 rows=1 width=119) (actual time=3.457..23.368 rows=154 loops=1)
                           ->  Nested Loop  (cost=4.73..2463.07 rows=1911 width=123) (actual time=3.419..20.247 rows=1853 loops=1)
                                 Join Filter: (ml.movie_id = mk.movie_id)
                                 ->  Nested Loop  (cost=4.29..2380.91 rows=41 width=115) (actual time=3.397..19.323 rows=213 loops=1)
                                       Join Filter: (ml.movie_id = mi.movie_id)
                                       ->  Nested Loop  (cost=3.86..2105.18 rows=121 width=111) (actual time=0.972..14.183 rows=179 loops=1)
                                             Join Filter: (ml.movie_id = t.id)
                                             ->  Hash Join  (cost=3.43..1527.00 rows=333 width=90) (actual time=0.943..13.175 rows=189 loops=1)
                                                   Hash Cond: (ml.link_type_id = lt.id)
                                                   ->  Merge Join  (cost=2.19..1506.31 rows=6002 width=12) (actual time=0.066..12.890 rows=3346 loops=1)
                                                         Merge Cond: (cc.movie_id = ml.movie_id)
                                                         ->  Nested Loop  (cost=0.42..9294.58 rows=16886 width=4) (actual time=0.031..5.094 rows=5561 loops=1)
                                                               Join Filter: (cc.subject_id = cct1.id)
                                                               Rows Removed by Join Filter: 2227
                                                               ->  Nested Loop  (cost=0.42..8364.79 rows=33772 width=8) (actual time=0.022..3.710 rows=5561 loops=1)
                                                                     Join Filter: (cct2.id = cc.status_id)
                                                                     Rows Removed by Join Filter: 432
                                                                     ->  Index Scan using movie_id_complete_cast on complete_cast cc  (cost=0.42..6337.45 rows=135086 width=12) (actual time=0.008..2.311 rows=5993 loops=1)
                                                                     ->  Materialize  (cost=0.00..1.05 rows=1 width=4) (actual time=0.000..0.000 rows=1 loops=5993)
                                                                           ->  Seq Scan on comp_cast_type cct2  (cost=0.00..1.05 rows=1 width=4) (actual time=0.007..0.008 rows=1 loops=1)
                                                                                 Filter: ((kind)::text = 'complete'::text)
                                                                                 Rows Removed by Filter: 3
                                                               ->  Materialize  (cost=0.00..1.06 rows=2 width=4) (actual time=0.000..0.000 rows=1 loops=5561)
                                                                     ->  Seq Scan on comp_cast_type cct1  (cost=0.00..1.05 rows=2 width=4) (actual time=0.002..0.002 rows=2 loops=1)
                                                                           Filter: ((kind)::text = ANY ('{cast,crew}'::text[]))
                                                         ->  Index Scan using movie_id_movie_link on movie_link ml  (cost=0.29..959.51 rows=29997 width=8) (actual time=0.008..5.227 rows=30638 loops=1)
                                                   ->  Hash  (cost=1.23..1.23 rows=1 width=86) (actual time=0.018..0.018 rows=2 loops=1)
                                                         Buckets: 1024  Batches: 1  Memory Usage: 9kB
                                                         ->  Seq Scan on link_type lt  (cost=0.00..1.23 rows=1 width=86) (actual time=0.009..0.013 rows=2 loops=1)
                                                               Filter: ((link)::text ~~ '%follow%'::text)
                                                               Rows Removed by Filter: 16
                                             ->  Index Scan using title_pkey on title t  (cost=0.43..1.72 rows=1 width=21) (actual time=0.005..0.005 rows=1 loops=189)
                                                   Index Cond: (id = cc.movie_id)
                                                   Filter: ((production_year >= 1950) AND (production_year <= 2000))
                                                   Rows Removed by Filter: 0
                                       ->  Index Scan using movie_id_movie_info on movie_info mi  (cost=0.43..2.27 rows=1 width=4) (actual time=0.027..0.028 rows=1 loops=179)
                                             Index Cond: (movie_id = t.id)
                                             Filter: ((info)::text = ANY ('{Sweden,Germany,Swedish,German}'::text[]))
                                             Rows Removed by Filter: 27
                                 ->  Index Scan using movie_id_movie_keyword on movie_keyword mk  (cost=0.43..1.42 rows=47 width=8) (actual time=0.002..0.003 rows=9 loops=213)
                                       Index Cond: (movie_id = t.id)
                           ->  Index Scan using keyword_pkey on keyword k  (cost=0.42..0.44 rows=1 width=4) (actual time=0.002..0.002 rows=0 loops=1853)
                                 Index Cond: (id = mk.keyword_id)
                                 Filter: ((keyword)::text = 'sequel'::text)
                                 Rows Removed by Filter: 1
                     ->  Index Scan using movie_id_movie_companies on movie_companies mc  (cost=0.43..0.54 rows=2 width=12) (actual time=0.002..0.003 rows=8 loops=154)
                           Index Cond: (movie_id = mk.movie_id)
                           Filter: (note IS NULL)
                           Rows Removed by Filter: 1
         ->  Index Scan using company_name_pkey on company_name cn  (cost=0.42..0.46 rows=1 width=23) (actual time=0.002..0.002 rows=0 loops=1106)
               Index Cond: (id = mc.company_id)
               Filter: (((country_code)::text <> '[pl]'::text) AND (((name)::text ~~ '%Film%'::text) OR ((name)::text ~~ '%Warner%'::text)))
               Rows Removed by Filter: 1
 Planning Time: 70.021 ms
 Execution Time: 26.608 ms
(65 rows)

SET
                                                                                                         QUERY PLAN                                                                                                          
-----------------------------------------------------------------------------------------------------------------------------------------------------------------------------------------------------------------------------
 Aggregate  (cost=2420.10..2420.11 rows=1 width=96) (actual time=35.693..35.694 rows=1 loops=1)
   ->  Nested Loop  (cost=3.52..2420.10 rows=1 width=118) (actual time=25.562..35.629 rows=247 loops=1)
         Join Filter: (ml.movie_id = mi.movie_id)
         ->  Nested Loop  (cost=3.08..2418.52 rows=1 width=138) (actual time=25.533..34.963 rows=95 loops=1)
               ->  Nested Loop  (cost=2.66..2397.77 rows=47 width=142) (actual time=25.480..33.789 rows=703 loops=1)
                     Join Filter: (ml.movie_id = mk.movie_id)
                     ->  Nested Loop  (cost=2.23..2395.81 rows=1 width=134) (actual time=25.460..33.413 rows=95 loops=1)
                           ->  Nested Loop  (cost=1.81..2395.35 rows=1 width=119) (actual time=25.444..33.055 rows=190 loops=1)
                                 Join Filter: (ml.movie_id = t.id)
                                 ->  Nested Loop  (cost=1.38..2375.69 rows=33 width=98) (actual time=1.912..31.724 rows=705 loops=1)
                                       Join Filter: (lt.id = ml.link_type_id)
                                       Rows Removed by Join Filter: 10769
                                       ->  Merge Join  (cost=1.38..2365.44 rows=601 width=20) (actual time=0.436..29.781 rows=5794 loops=1)
                                             Merge Cond: (mc.movie_id = ml.movie_id)
                                             ->  Nested Loop  (cost=0.85..33746.92 rows=10432 width=12) (actual time=0.401..22.261 rows=4702 loops=1)
                                                   Join Filter: (ct.id = mc.company_type_id)
                                                   Rows Removed by Join Filter: 109
                                                   ->  Nested Loop  (cost=0.85..33119.98 rows=41726 width=16) (actual time=0.396..21.156 rows=4811 loops=1)
                                                         ->  Nested Loop  (cost=0.42..11067.56 rows=16886 width=4) (actual time=0.023..5.017 rows=5561 loops=1)
                                                               Join Filter: (cc.status_id = cct2.id)
                                                               Rows Removed by Join Filter: 432
                                                               ->  Nested Loop  (cost=0.42..10053.37 rows=67543 width=8) (actual time=0.017..3.726 rows=5993 loops=1)
                                                                     Join Filter: (cct1.id = cc.subject_id)
                                                                     Rows Removed by Join Filter: 2305
                                                                     ->  Index Scan using movie_id_complete_cast on complete_cast cc  (cost=0.42..6337.45 rows=135086 width=12) (actual time=0.006..1.896 rows=5993 loops=1)
                                                                     ->  Materialize  (cost=0.00..1.06 rows=2 width=4) (actual time=0.000..0.000 rows=1 loops=5993)
                                                                           ->  Seq Scan on comp_cast_type cct1  (cost=0.00..1.05 rows=2 width=4) (actual time=0.006..0.007 rows=2 loops=1)
                                                                                 Filter: ((kind)::text = ANY ('{cast,crew}'::text[]))
                                                               ->  Materialize  (cost=0.00..1.05 rows=1 width=4) (actual time=0.000..0.000 rows=1 loops=5993)
                                                                     ->  Seq Scan on comp_cast_type cct2  (cost=0.00..1.05 rows=1 width=4) (actual time=0.002..0.003 rows=1 loops=1)
                                                                           Filter: ((kind)::text = 'complete'::text)
                                                                           Rows Removed by Filter: 3
                                                         ->  Index Scan using movie_id_movie_companies on movie_companies mc  (cost=0.43..1.29 rows=2 width=12) (actual time=0.002..0.003 rows=1 loops=5561)
                                                               Index Cond: (movie_id = cc.movie_id)
                                                               Filter: (note IS NULL)
                                                               Rows Removed by Filter: 2
                                                   ->  Materialize  (cost=0.00..1.05 rows=1 width=4) (actual time=0.000..0.000 rows=1 loops=4811)
                                                         ->  Seq Scan on company_type ct  (cost=0.00..1.05 rows=1 width=4) (actual time=0.002..0.002 rows=1 loops=1)
                                                               Filter: ((kind)::text = 'production companies'::text)
                                                               Rows Removed by Filter: 3
                                             ->  Index Scan using movie_id_movie_link on movie_link ml  (cost=0.29..959.51 rows=29997 width=8) (actual time=0.008..4.538 rows=33634 loops=1)
                                       ->  Materialize  (cost=0.00..1.23 rows=1 width=86) (actual time=0.000..0.000 rows=2 loops=5794)
                                             ->  Seq Scan on link_type lt  (cost=0.00..1.23 rows=1 width=86) (actual time=0.003..0.006 rows=2 loops=1)
                                                   Filter: ((link)::text ~~ '%follow%'::text)
                                                   Rows Removed by Filter: 16
                                 ->  Index Scan using title_pkey on title t  (cost=0.43..0.58 rows=1 width=21) (actual time=0.002..0.002 rows=0 loops=705)
                                       Index Cond: (id = mc.movie_id)
                                       Filter: (production_year = 1998)
                                       Rows Removed by Filter: 1
                           ->  Index Scan using company_name_pkey on company_name cn  (cost=0.42..0.46 rows=1 width=23) (actual time=0.002..0.002 rows=0 loops=190)
                                 Index Cond: (id = mc.company_id)
                                 Filter: (((country_code)::text <> '[pl]'::text) AND (((name)::text ~~ '%Film%'::text) OR ((name)::text ~~ '%Warner%'::text)))
                                 Rows Removed by Filter: 0
                     ->  Index Scan using movie_id_movie_keyword on movie_keyword mk  (cost=0.43..1.37 rows=47 width=8) (actual time=0.002..0.003 rows=7 loops=95)
                           Index Cond: (movie_id = mc.movie_id)
               ->  Index Scan using keyword_pkey on keyword k  (cost=0.42..0.44 rows=1 width=4) (actual time=0.001..0.001 rows=0 loops=703)
                     Index Cond: (id = mk.keyword_id)
                     Filter: ((keyword)::text = 'sequel'::text)
                     Rows Removed by Filter: 1
         ->  Index Scan using movie_id_movie_info on movie_info mi  (cost=0.43..1.56 rows=1 width=4) (actual time=0.005..0.006 rows=3 loops=95)
               Index Cond: (movie_id = mk.movie_id)
               Filter: ((info)::text = ANY ('{Sweden,Germany,Swedish,German}'::text[]))
               Rows Removed by Filter: 10
 Planning Time: 69.518 ms
 Execution Time: 35.945 ms
(65 rows)

SET
                                                                                                         QUERY PLAN                                                                                                          
-----------------------------------------------------------------------------------------------------------------------------------------------------------------------------------------------------------------------------
 Aggregate  (cost=3422.73..3422.74 rows=1 width=96) (actual time=41.452..41.452 rows=1 loops=1)
   ->  Nested Loop  (cost=3.38..3422.71 rows=3 width=118) (actual time=6.136..41.287 rows=743 loops=1)
         Join Filter: (ml.movie_id = mi.movie_id)
         ->  Nested Loop  (cost=2.94..3420.85 rows=1 width=138) (actual time=6.115..39.400 rows=172 loops=1)
               Join Filter: (mc.company_type_id = ct.id)
               Rows Removed by Join Filter: 19
               ->  Nested Loop  (cost=2.94..3419.79 rows=1 width=142) (actual time=6.111..39.195 rows=191 loops=1)
                     ->  Nested Loop  (cost=2.52..3378.74 rows=93 width=146) (actual time=3.402..33.443 rows=3396 loops=1)
                           Join Filter: (ml.movie_id = mk.movie_id)
                           ->  Nested Loop  (cost=2.09..3374.90 rows=2 width=138) (actual time=3.376..31.837 rows=298 loops=1)
                                 Join Filter: (lt.id = ml.link_type_id)
                                 Rows Removed by Join Filter: 1113
                                 ->  Merge Join  (cost=2.09..3373.07 rows=40 width=60) (actual time=2.474..31.557 rows=720 loops=1)
                                       Merge Cond: (t.id = ml.movie_id)
                                       ->  Nested Loop  (cost=1.70..32069.95 rows=3391 width=52) (actual time=1.346..25.696 rows=161 loops=1)
                                             ->  Nested Loop  (cost=1.27..29418.97 rows=4524 width=31) (actual time=1.324..24.111 rows=174 loops=1)
                                                   ->  Nested Loop  (cost=0.85..19898.64 rows=20863 width=16) (actual time=0.262..14.528 rows=3375 loops=1)
                                                         ->  Nested Loop  (cost=0.42..8872.43 rows=8443 width=4) (actual time=0.025..4.580 rows=3834 loops=1)
                                                               Join Filter: (cct2.id = cc.status_id)
                                                               Rows Removed by Join Filter: 372
                                                               ->  Nested Loop  (cost=0.42..8364.79 rows=33772 width=8) (actual time=0.015..3.656 rows=3834 loops=1)
                                                                     Join Filter: (cct1.id = cc.subject_id)
                                                                     Rows Removed by Join Filter: 2385
                                                                     ->  Index Scan using movie_id_complete_cast on complete_cast cc  (cost=0.42..6337.45 rows=135086 width=12) (actual time=0.004..2.014 rows=6219 loops=1)
                                                                     ->  Materialize  (cost=0.00..1.05 rows=1 width=4) (actual time=0.000..0.000 rows=1 loops=6219)
                                                                           ->  Seq Scan on comp_cast_type cct1  (cost=0.00..1.05 rows=1 width=4) (actual time=0.005..0.006 rows=1 loops=1)
                                                                                 Filter: ((kind)::text = 'cast'::text)
                                                                                 Rows Removed by Filter: 3
                                                               ->  Materialize  (cost=0.00..1.05 rows=1 width=4) (actual time=0.000..0.000 rows=1 loops=3834)
                                                                     ->  Seq Scan on comp_cast_type cct2  (cost=0.00..1.05 rows=1 width=4) (actual time=0.008..0.008 rows=2 loops=1)
                                                                           Filter: ((kind)::text ~~ 'complete%'::text)
                                                                           Rows Removed by Filter: 2
                                                         ->  Index Scan using movie_id_movie_companies on movie_companies mc  (cost=0.43..1.29 rows=2 width=12) (actual time=0.002..0.002 rows=1 loops=3834)
                                                               Index Cond: (movie_id = cc.movie_id)
                                                               Filter: (note IS NULL)
                                                               Rows Removed by Filter: 2
                                                   ->  Index Scan using company_name_pkey on company_name cn  (cost=0.42..0.46 rows=1 width=23) (actual time=0.003..0.003 rows=0 loops=3375)
                                                         Index Cond: (id = mc.company_id)
                                                         Filter: (((country_code)::text <> '[pl]'::text) AND (((name)::text ~~ '%Film%'::text) OR ((name)::text ~~ '%Warner%'::text)))
                                                         Rows Removed by Filter: 1
                                             ->  Index Scan using title_pkey on title t  (cost=0.43..0.59 rows=1 width=21) (actual time=0.009..0.009 rows=1 loops=174)
                                                   Index Cond: (id = mc.movie_id)
                                                   Filter: ((production_year >= 1950) AND (production_year <= 2010))
                                                   Rows Removed by Filter: 0
                                       ->  Index Scan using movie_id_movie_link on movie_link ml  (cost=0.29..959.51 rows=29997 width=8) (actual time=0.007..3.855 rows=30313 loops=1)
                                 ->  Materialize  (cost=0.00..1.23 rows=1 width=86) (actual time=0.000..0.000 rows=2 loops=720)
                                       ->  Seq Scan on link_type lt  (cost=0.00..1.23 rows=1 width=86) (actual time=0.002..0.006 rows=2 loops=1)
                                             Filter: ((link)::text ~~ '%follow%'::text)
                                             Rows Removed by Filter: 16
                           ->  Index Scan using movie_id_movie_keyword on movie_keyword mk  (cost=0.43..1.33 rows=47 width=8) (actual time=0.002..0.003 rows=11 loops=298)
                                 Index Cond: (movie_id = t.id)
                     ->  Index Scan using keyword_pkey on keyword k  (cost=0.42..0.44 rows=1 width=4) (actual time=0.002..0.002 rows=0 loops=3396)
                           Index Cond: (id = mk.keyword_id)
                           Filter: ((keyword)::text = 'sequel'::text)
                           Rows Removed by Filter: 1
               ->  Seq Scan on company_type ct  (cost=0.00..1.05 rows=1 width=4) (actual time=0.000..0.001 rows=1 loops=191)
                     Filter: ((kind)::text = 'production companies'::text)
                     Rows Removed by Filter: 1
         ->  Index Scan using movie_id_movie_info on movie_info mi  (cost=0.43..1.82 rows=3 width=4) (actual time=0.008..0.010 rows=4 loops=172)
               Index Cond: (movie_id = mk.movie_id)
               Filter: ((info)::text = ANY ('{Sweden,Norway,Germany,Denmark,Swedish,Denish,Norwegian,German,English}'::text[]))
               Rows Removed by Filter: 15
 Planning Time: 69.959 ms
 Execution Time: 41.664 ms
(64 rows)

SET
                                                                                                            QUERY PLAN                                                                                                            
----------------------------------------------------------------------------------------------------------------------------------------------------------------------------------------------------------------------------------
 Aggregate  (cost=7394.90..7394.91 rows=1 width=96) (actual time=498.076..498.076 rows=1 loops=1)
   ->  Nested Loop  (cost=9.31..7394.89 rows=1 width=42) (actual time=6.031..496.963 rows=4803 loops=1)
         Join Filter: (ct.id = mc.company_type_id)
         ->  Nested Loop  (cost=9.31..7393.80 rows=1 width=46) (actual time=6.029..492.984 rows=4803 loops=1)
               ->  Nested Loop  (cost=8.89..7393.26 rows=1 width=31) (actual time=6.017..478.063 rows=4955 loops=1)
                     Join Filter: (t.id = mc.movie_id)
                     ->  Nested Loop  (cost=8.46..7392.68 rows=1 width=43) (actual time=5.990..468.451 rows=432 loops=1)
                           Join Filter: (it1.id = mi.info_type_id)
                           Rows Removed by Join Filter: 49
                           ->  Seq Scan on info_type it1  (cost=0.00..2.41 rows=1 width=4) (actual time=0.007..0.013 rows=1 loops=1)
                                 Filter: ((info)::text = 'countries'::text)
                                 Rows Removed by Filter: 112
                           ->  Nested Loop  (cost=8.46..7390.25 rows=1 width=47) (actual time=5.981..468.322 rows=481 loops=1)
                                 Join Filter: (t.id = mi.movie_id)
                                 ->  Nested Loop  (cost=8.03..7388.35 rows=1 width=39) (actual time=5.923..412.573 rows=473 loops=1)
                                       Join Filter: (cc.status_id = cct2.id)
                                       Rows Removed by Join Filter: 1159
                                       ->  Nested Loop  (cost=8.03..7387.27 rows=1 width=43) (actual time=5.919..411.646 rows=544 loops=1)
                                             Join Filter: (kt.id = t.kind_id)
                                             Rows Removed by Join Filter: 244
                                             ->  Nested Loop  (cost=8.03..7386.15 rows=1 width=47) (actual time=5.905..410.569 rows=596 loops=1)
                                                   ->  Nested Loop  (cost=7.60..7385.67 rows=1 width=22) (actual time=5.881..371.545 rows=5973 loops=1)
                                                         Join Filter: (cct1.id = cc.subject_id)
                                                         Rows Removed by Join Filter: 13371
                                                         ->  Seq Scan on comp_cast_type cct1  (cost=0.00..1.05 rows=1 width=4) (actual time=0.001..0.002 rows=1 loops=1)
                                                               Filter: ((kind)::text = 'crew'::text)
                                                               Rows Removed by Filter: 3
                                                         ->  Nested Loop  (cost=7.60..7384.57 rows=4 width=26) (actual time=5.359..369.504 rows=19344 loops=1)
                                                               ->  Nested Loop  (cost=7.18..7383.14 rows=3 width=14) (actual time=4.532..308.315 rows=31800 loops=1)
                                                                     Join Filter: (mi_idx.info_type_id = it2.id)
                                                                     Rows Removed by Join Filter: 62093
                                                                     ->  Seq Scan on info_type it2  (cost=0.00..2.41 rows=1 width=4) (actual time=0.008..0.010 rows=1 loops=1)
                                                                           Filter: ((info)::text = 'rating'::text)
                                                                           Rows Removed by Filter: 112
                                                                     ->  Nested Loop  (cost=7.18..7375.83 rows=392 width=18) (actual time=4.520..299.744 rows=93893 loops=1)
                                                                           ->  Nested Loop  (cost=6.75..7304.56 rows=135 width=4) (actual time=4.495..145.336 rows=37091 loops=1)
                                                                                 ->  Seq Scan on keyword k  (cost=0.00..2961.55 rows=4 width=4) (actual time=1.104..20.654 rows=3 loops=1)
                                                                                       Filter: ((keyword)::text = ANY ('{murder,murder-in-title,blood,violence}'::text[]))
                                                                                       Rows Removed by Filter: 134167
                                                                                 ->  Bitmap Heap Scan on movie_keyword mk  (cost=6.75..1082.76 rows=299 width=8) (actual time=3.402..40.073 rows=12364 loops=3)
                                                                                       Recheck Cond: (keyword_id = k.id)
                                                                                       Heap Blocks: exact=26312
                                                                                       ->  Bitmap Index Scan on keyword_id_movie_keyword  (cost=0.00..6.67 rows=299 width=0) (actual time=1.871..1.871 rows=12364 loops=3)
                                                                                             Index Cond: (keyword_id = k.id)
                                                                           ->  Index Scan using movie_id_movie_info_idx on movie_info_idx mi_idx  (cost=0.43..0.50 rows=3 width=14) (actual time=0.003..0.004 rows=3 loops=37091)
                                                                                 Index Cond: (movie_id = mk.movie_id)
                                                                                 Filter: ((info)::text < '8.5'::text)
                                                                                 Rows Removed by Filter: 0
                                                               ->  Index Scan using movie_id_complete_cast on complete_cast cc  (cost=0.42..0.46 rows=2 width=12) (actual time=0.001..0.002 rows=1 loops=31800)
                                                                     Index Cond: (movie_id = mk.movie_id)
                                                   ->  Index Scan using title_pkey on title t  (cost=0.43..0.49 rows=1 width=25) (actual time=0.006..0.006 rows=0 loops=5973)
                                                         Index Cond: (id = mk.movie_id)
                                                         Filter: (production_year > 2000)
                                                         Rows Removed by Filter: 1
                                             ->  Seq Scan on kind_type kt  (cost=0.00..1.09 rows=2 width=4) (actual time=0.001..0.001 rows=1 loops=596)
                                                   Filter: ((kind)::text = ANY ('{movie,episode}'::text[]))
                                                   Rows Removed by Filter: 2
                                       ->  Seq Scan on comp_cast_type cct2  (cost=0.00..1.05 rows=3 width=4) (actual time=0.001..0.001 rows=3 loops=544)
                                             Filter: ((kind)::text <> 'complete+verified'::text)
                                             Rows Removed by Filter: 0
                                 ->  Index Scan using movie_id_movie_info on movie_info mi  (cost=0.43..1.87 rows=2 width=8) (actual time=0.101..0.117 rows=1 loops=473)
                                       Index Cond: (movie_id = mk.movie_id)
                                       Filter: ((info)::text = ANY ('{Sweden,Norway,Germany,Denmark,Swedish,Danish,Norwegian,German,USA,American}'::text[]))
                                       Rows Removed by Filter: 139
                     ->  Index Scan using movie_id_movie_companies on movie_companies mc  (cost=0.43..0.57 rows=1 width=12) (actual time=0.010..0.020 rows=11 loops=432)
                           Index Cond: (movie_id = mk.movie_id)
                           Filter: (((note)::text !~~ '%(USA)%'::text) AND ((note)::text ~~ '%(200%)%'::text))
                           Rows Removed by Filter: 10
               ->  Index Scan using company_name_pkey on company_name cn  (cost=0.42..0.55 rows=1 width=23) (actual time=0.003..0.003 rows=1 loops=4955)
                     Index Cond: (id = mc.company_id)
                     Filter: ((country_code)::text <> '[us]'::text)
                     Rows Removed by Filter: 0
         ->  Seq Scan on company_type ct  (cost=0.00..1.04 rows=4 width=4) (actual time=0.000..0.000 rows=1 loops=4803)
 Planning Time: 86.509 ms
 Execution Time: 498.335 ms
(75 rows)

SET
                                                                                                            QUERY PLAN                                                                                                            
----------------------------------------------------------------------------------------------------------------------------------------------------------------------------------------------------------------------------------
 Aggregate  (cost=7387.11..7387.12 rows=1 width=96) (actual time=385.237..385.238 rows=1 loops=1)
   ->  Nested Loop  (cost=9.31..7387.10 rows=1 width=42) (actual time=8.388..385.181 rows=148 loops=1)
         ->  Nested Loop  (cost=8.89..7386.56 rows=1 width=27) (actual time=8.361..384.387 rows=150 loops=1)
               Join Filter: (ct.id = mc.company_type_id)
               ->  Nested Loop  (cost=8.89..7385.47 rows=1 width=31) (actual time=8.352..384.234 rows=150 loops=1)
                     Join Filter: (t.id = mc.movie_id)
                     ->  Nested Loop  (cost=8.46..7384.89 rows=1 width=43) (actual time=8.323..383.780 rows=13 loops=1)
                           Join Filter: (it1.id = mi.info_type_id)
                           Rows Removed by Join Filter: 7
                           ->  Seq Scan on info_type it1  (cost=0.00..2.41 rows=1 width=4) (actual time=0.007..0.013 rows=1 loops=1)
                                 Filter: ((info)::text = 'countries'::text)
                                 Rows Removed by Filter: 112
                           ->  Nested Loop  (cost=8.46..7382.46 rows=1 width=47) (actual time=8.315..383.757 rows=20 loops=1)
                                 Join Filter: (t.id = mi.movie_id)
                                 ->  Nested Loop  (cost=8.03..7380.89 rows=1 width=39) (actual time=6.493..368.797 rows=179 loops=1)
                                       Join Filter: (cct2.id = cc.status_id)
                                       Rows Removed by Join Filter: 394
                                       ->  Nested Loop  (cost=8.03..7379.81 rows=1 width=43) (actual time=6.489..368.466 rows=191 loops=1)
                                             Join Filter: (cct1.id = cc.subject_id)
                                             Rows Removed by Join Filter: 689
                                             ->  Seq Scan on comp_cast_type cct1  (cost=0.00..1.05 rows=1 width=4) (actual time=0.007..0.008 rows=1 loops=1)
                                                   Filter: ((kind)::text = 'crew'::text)
                                                   Rows Removed by Filter: 3
                                             ->  Nested Loop  (cost=8.03..7378.74 rows=1 width=47) (actual time=6.478..368.330 rows=880 loops=1)
                                                   ->  Nested Loop  (cost=7.61..7378.26 rows=1 width=35) (actual time=4.728..361.434 rows=2312 loops=1)
                                                         Join Filter: (kt.id = t.kind_id)
                                                         Rows Removed by Join Filter: 1695
                                                         ->  Nested Loop  (cost=7.61..7377.15 rows=1 width=39) (actual time=4.622..357.441 rows=2835 loops=1)
                                                               ->  Nested Loop  (cost=7.18..7376.66 rows=1 width=14) (actual time=4.598..284.596 rows=11708 loops=1)
                                                                     Join Filter: (it2.id = mi_idx.info_type_id)
                                                                     Rows Removed by Join Filter: 6993
                                                                     ->  Seq Scan on info_type it2  (cost=0.00..2.41 rows=1 width=4) (actual time=0.008..0.010 rows=1 loops=1)
                                                                           Filter: ((info)::text = 'rating'::text)
                                                                           Rows Removed by Filter: 112
                                                                     ->  Nested Loop  (cost=7.18..7373.13 rows=90 width=18) (actual time=4.588..282.023 rows=18701 loops=1)
                                                                           ->  Nested Loop  (cost=6.75..7304.56 rows=135 width=4) (actual time=4.558..143.395 rows=37091 loops=1)
                                                                                 ->  Seq Scan on keyword k  (cost=0.00..2961.55 rows=4 width=4) (actual time=1.157..20.994 rows=3 loops=1)
                                                                                       Filter: ((keyword)::text = ANY ('{murder,murder-in-title,blood,violence}'::text[]))
                                                                                       Rows Removed by Filter: 134167
                                                                                 ->  Bitmap Heap Scan on movie_keyword mk  (cost=6.75..1082.76 rows=299 width=8) (actual time=3.413..39.396 rows=12364 loops=3)
                                                                                       Recheck Cond: (keyword_id = k.id)
                                                                                       Heap Blocks: exact=26312
                                                                                       ->  Bitmap Index Scan on keyword_id_movie_keyword  (cost=0.00..6.67 rows=299 width=0) (actual time=1.878..1.878 rows=12364 loops=3)
                                                                                             Index Cond: (keyword_id = k.id)
                                                                           ->  Index Scan using movie_id_movie_info_idx on movie_info_idx mi_idx  (cost=0.43..0.50 rows=1 width=14) (actual time=0.003..0.003 rows=1 loops=37091)
                                                                                 Index Cond: (movie_id = mk.movie_id)
                                                                                 Filter: ((info)::text > '6.5'::text)
                                                                                 Rows Removed by Filter: 2
                                                               ->  Index Scan using title_pkey on title t  (cost=0.43..0.49 rows=1 width=25) (actual time=0.006..0.006 rows=0 loops=11708)
                                                                     Index Cond: (id = mk.movie_id)
                                                                     Filter: (production_year > 2005)
                                                                     Rows Removed by Filter: 1
                                                         ->  Seq Scan on kind_type kt  (cost=0.00..1.09 rows=2 width=4) (actual time=0.000..0.001 rows=1 loops=2835)
                                                               Filter: ((kind)::text = ANY ('{movie,episode}'::text[]))
                                                               Rows Removed by Filter: 2
                                                   ->  Index Scan using movie_id_complete_cast on complete_cast cc  (cost=0.42..0.46 rows=2 width=12) (actual time=0.003..0.003 rows=0 loops=2312)
                                                         Index Cond: (movie_id = t.id)
                                       ->  Seq Scan on comp_cast_type cct2  (cost=0.00..1.05 rows=3 width=4) (actual time=0.001..0.001 rows=3 loops=191)
                                             Filter: ((kind)::text <> 'complete+verified'::text)
                                             Rows Removed by Filter: 0
                                 ->  Index Scan using movie_id_movie_info on movie_info mi  (cost=0.43..1.56 rows=1 width=8) (actual time=0.080..0.083 rows=0 loops=179)
                                       Index Cond: (movie_id = mk.movie_id)
                                       Filter: ((info)::text = ANY ('{Sweden,Germany,Swedish,German}'::text[]))
                                       Rows Removed by Filter: 130
                     ->  Index Scan using movie_id_movie_companies on movie_companies mc  (cost=0.43..0.57 rows=1 width=12) (actual time=0.017..0.032 rows=12 loops=13)
                           Index Cond: (movie_id = mk.movie_id)
                           Filter: (((note)::text !~~ '%(USA)%'::text) AND ((note)::text ~~ '%(200%)%'::text))
                           Rows Removed by Filter: 17
               ->  Seq Scan on company_type ct  (cost=0.00..1.04 rows=4 width=4) (actual time=0.000..0.000 rows=1 loops=150)
         ->  Index Scan using company_name_pkey on company_name cn  (cost=0.42..0.55 rows=1 width=23) (actual time=0.005..0.005 rows=1 loops=150)
               Index Cond: (id = mc.company_id)
               Filter: ((country_code)::text <> '[us]'::text)
               Rows Removed by Filter: 0
 Planning Time: 86.657 ms
 Execution Time: 385.539 ms
(75 rows)

SET
                                                                                                         QUERY PLAN                                                                                                         
----------------------------------------------------------------------------------------------------------------------------------------------------------------------------------------------------------------------------
 Aggregate  (cost=7394.43..7394.44 rows=1 width=96) (actual time=2368.498..2368.498 rows=1 loops=1)
   ->  Nested Loop  (cost=9.31..7394.42 rows=1 width=42) (actual time=10.547..2366.319 rows=8373 loops=1)
         Join Filter: (it2.id = mi_idx.info_type_id)
         Rows Removed by Join Filter: 16430
         ->  Seq Scan on info_type it2  (cost=0.00..2.41 rows=1 width=4) (actual time=0.012..0.013 rows=1 loops=1)
               Filter: ((info)::text = 'rating'::text)
               Rows Removed by Filter: 112
         ->  Nested Loop  (cost=9.31..7391.99 rows=1 width=46) (actual time=10.532..2364.003 rows=24803 loops=1)
               Join Filter: (t.id = mi_idx.movie_id)
               ->  Nested Loop  (cost=8.88..7391.46 rows=1 width=56) (actual time=10.505..2337.287 rows=8493 loops=1)
                     Join Filter: (kt.id = t.kind_id)
                     Rows Removed by Join Filter: 712
                     ->  Nested Loop  (cost=8.88..7390.35 rows=1 width=60) (actual time=10.496..2327.244 rows=8788 loops=1)
                           Join Filter: (mi.movie_id = t.id)
                           ->  Nested Loop  (cost=8.45..7389.84 rows=1 width=35) (actual time=5.329..2274.235 rows=22323 loops=1)
                                 Join Filter: (it1.id = mi.info_type_id)
                                 Rows Removed by Join Filter: 5071
                                 ->  Seq Scan on info_type it1  (cost=0.00..2.41 rows=1 width=4) (actual time=0.003..0.010 rows=1 loops=1)
                                       Filter: ((info)::text = 'countries'::text)
                                       Rows Removed by Filter: 112
                                 ->  Nested Loop  (cost=8.45..7387.38 rows=4 width=39) (actual time=5.325..2270.280 rows=27394 loops=1)
                                       ->  Nested Loop  (cost=8.02..7383.59 rows=2 width=31) (actual time=5.071..384.753 rows=22725 loops=1)
                                             ->  Nested Loop  (cost=7.60..7381.96 rows=3 width=16) (actual time=5.058..319.946 rows=24082 loops=1)
                                                   Join Filter: (ct.id = mc.company_type_id)
                                                   Rows Removed by Join Filter: 7
                                                   ->  Nested Loop  (cost=7.60..7380.76 rows=3 width=20) (actual time=5.045..313.062 rows=24082 loops=1)
                                                         ->  Nested Loop  (cost=7.17..7373.86 rows=12 width=8) (actual time=4.980..221.805 rows=6704 loops=1)
                                                               Join Filter: (cc.subject_id = cct1.id)
                                                               Rows Removed by Join Filter: 3832
                                                               ->  Seq Scan on comp_cast_type cct1  (cost=0.00..1.05 rows=1 width=4) (actual time=0.007..0.008 rows=1 loops=1)
                                                                     Filter: ((kind)::text = 'cast'::text)
                                                                     Rows Removed by Filter: 3
                                                               ->  Nested Loop  (cost=7.17..7372.22 rows=47 width=12) (actual time=4.972..220.313 rows=10536 loops=1)
                                                                     Join Filter: (cct2.id = cc.status_id)
                                                                     Rows Removed by Join Filter: 9488
                                                                     ->  Seq Scan on comp_cast_type cct2  (cost=0.00..1.05 rows=1 width=4) (actual time=0.003..0.004 rows=1 loops=1)
                                                                           Filter: ((kind)::text = 'complete'::text)
                                                                           Rows Removed by Filter: 3
                                                                     ->  Nested Loop  (cost=7.17..7368.82 rows=188 width=16) (actual time=4.949..217.666 rows=20024 loops=1)
                                                                           ->  Nested Loop  (cost=6.75..7304.56 rows=135 width=4) (actual time=4.532..141.906 rows=37091 loops=1)
                                                                                 ->  Seq Scan on keyword k  (cost=0.00..2961.55 rows=4 width=4) (actual time=1.138..20.913 rows=3 loops=1)
                                                                                       Filter: ((keyword)::text = ANY ('{murder,murder-in-title,blood,violence}'::text[]))
                                                                                       Rows Removed by Filter: 134167
                                                                                 ->  Bitmap Heap Scan on movie_keyword mk  (cost=6.75..1082.76 rows=299 width=8) (actual time=3.414..39.024 rows=12364 loops=3)
                                                                                       Recheck Cond: (keyword_id = k.id)
                                                                                       Heap Blocks: exact=26312
                                                                                       ->  Bitmap Index Scan on keyword_id_movie_keyword  (cost=0.00..6.67 rows=299 width=0) (actual time=1.881..1.881 rows=12364 loops=3)
                                                                                             Index Cond: (keyword_id = k.id)
                                                                           ->  Index Scan using movie_id_complete_cast on complete_cast cc  (cost=0.42..0.46 rows=2 width=12) (actual time=0.002..0.002 rows=1 loops=37091)
                                                                                 Index Cond: (movie_id = mk.movie_id)
                                                         ->  Index Scan using movie_id_movie_companies on movie_companies mc  (cost=0.43..0.57 rows=1 width=12) (actual time=0.009..0.013 rows=4 loops=6704)
                                                               Index Cond: (movie_id = mk.movie_id)
                                                               Filter: (((note)::text !~~ '%(USA)%'::text) AND ((note)::text ~~ '%(200%)%'::text))
                                                               Rows Removed by Filter: 8
                                                   ->  Materialize  (cost=0.00..1.06 rows=4 width=4) (actual time=0.000..0.000 rows=1 loops=24082)
                                                         ->  Seq Scan on company_type ct  (cost=0.00..1.04 rows=4 width=4) (actual time=0.009..0.009 rows=2 loops=1)
                                             ->  Index Scan using company_name_pkey on company_name cn  (cost=0.42..0.55 rows=1 width=23) (actual time=0.002..0.002 rows=1 loops=24082)
                                                   Index Cond: (id = mc.company_id)
                                                   Filter: ((country_code)::text <> '[us]'::text)
                                                   Rows Removed by Filter: 0
                                       ->  Index Scan using movie_id_movie_info on movie_info mi  (cost=0.43..1.87 rows=2 width=8) (actual time=0.070..0.083 rows=1 loops=22725)
                                             Index Cond: (movie_id = mk.movie_id)
                                             Filter: ((info)::text = ANY ('{Sweden,Norway,Germany,Denmark,Swedish,Danish,Norwegian,German,USA,American}'::text[]))
                                             Rows Removed by Filter: 203
                           ->  Index Scan using title_pkey on title t  (cost=0.43..0.49 rows=1 width=25) (actual time=0.002..0.002 rows=0 loops=22323)
                                 Index Cond: (id = mk.movie_id)
                                 Filter: (production_year > 2005)
                                 Rows Removed by Filter: 1
                     ->  Seq Scan on kind_type kt  (cost=0.00..1.09 rows=2 width=4) (actual time=0.000..0.001 rows=1 loops=8788)
                           Filter: ((kind)::text = ANY ('{movie,episode}'::text[]))
                           Rows Removed by Filter: 0
               ->  Index Scan using movie_id_movie_info_idx on movie_info_idx mi_idx  (cost=0.43..0.50 rows=3 width=14) (actual time=0.002..0.003 rows=3 loops=8493)
                     Index Cond: (movie_id = mk.movie_id)
                     Filter: ((info)::text < '8.5'::text)
                     Rows Removed by Filter: 0
 Planning Time: 88.075 ms
 Execution Time: 2368.773 ms
(77 rows)

SET
                                                                                                                QUERY PLAN                                                                                                                 
-------------------------------------------------------------------------------------------------------------------------------------------------------------------------------------------------------------------------------------------
 Aggregate  (cost=3945.49..3945.50 rows=1 width=96) (actual time=26.844..26.844 rows=1 loops=1)
   ->  Nested Loop  (cost=11.16..3945.49 rows=1 width=48) (actual time=8.028..26.562 rows=1620 loops=1)
         Join Filter: (it3.id = pi.info_type_id)
         Rows Removed by Join Filter: 3270
         ->  Seq Scan on info_type it3  (cost=0.00..2.41 rows=1 width=4) (actual time=0.007..0.014 rows=1 loops=1)
               Filter: ((info)::text = 'trivia'::text)
               Rows Removed by Filter: 112
         ->  Nested Loop  (cost=11.16..3943.06 rows=1 width=52) (actual time=8.004..26.222 rows=4890 loops=1)
               Join Filter: (n.id = pi.person_id)
               ->  Nested Loop  (cost=10.73..3922.80 rows=1 width=60) (actual time=7.976..24.789 rows=30 loops=1)
                     Join Filter: (cc.subject_id = cct1.id)
                     ->  Nested Loop  (cost=10.73..3921.74 rows=1 width=64) (actual time=7.973..24.753 rows=30 loops=1)
                           ->  Nested Loop  (cost=10.30..3919.44 rows=1 width=45) (actual time=7.944..24.657 rows=30 loops=1)
                                 Join Filter: (ci.role_id = rt.id)
                                 ->  Nested Loop  (cost=10.30..3918.28 rows=1 width=49) (actual time=7.932..24.606 rows=30 loops=1)
                                       Join Filter: (mi.info_type_id = it.id)
                                       ->  Nested Loop  (cost=10.30..3915.85 rows=1 width=53) (actual time=7.926..24.497 rows=30 loops=1)
                                             ->  Nested Loop  (cost=9.88..3913.83 rows=1 width=57) (actual time=7.913..24.066 rows=132 loops=1)
                                                   Join Filter: (t.id = mc.movie_id)
                                                   ->  Nested Loop  (cost=9.45..3908.99 rows=1 width=73) (actual time=7.880..23.968 rows=6 loops=1)
                                                         ->  Nested Loop  (cost=9.02..3902.76 rows=2 width=61) (actual time=7.034..23.316 rows=132 loops=1)
                                                               ->  Nested Loop  (cost=8.60..3899.85 rows=1 width=57) (actual time=6.975..22.681 rows=76 loops=1)
                                                                     Join Filter: (t.id = ci.movie_id)
                                                                     ->  Nested Loop  (cost=8.03..3852.25 rows=1 width=41) (actual time=6.943..20.976 rows=2 loops=1)
                                                                           Join Filter: (t.id = mi.movie_id)
                                                                           ->  Nested Loop  (cost=7.60..3809.27 rows=1 width=33) (actual time=6.870..20.612 rows=1 loops=1)
                                                                                 Join Filter: (cct2.id = cc.status_id)
                                                                                 ->  Seq Scan on comp_cast_type cct2  (cost=0.00..1.05 rows=1 width=4) (actual time=0.008..0.009 rows=1 loops=1)
                                                                                       Filter: ((kind)::text = 'complete+verified'::text)
                                                                                       Rows Removed by Filter: 3
                                                                                 ->  Nested Loop  (cost=7.60..3808.21 rows=1 width=37) (actual time=6.860..20.602 rows=1 loops=1)
                                                                                       Join Filter: (t.id = cc.movie_id)
                                                                                       ->  Nested Loop  (cost=7.18..3805.41 rows=1 width=25) (actual time=6.834..20.574 rows=1 loops=1)
                                                                                             ->  Nested Loop  (cost=6.75..3732.91 rows=34 width=4) (actual time=0.185..14.673 rows=414 loops=1)
                                                                                                   ->  Seq Scan on keyword k  (cost=0.00..2626.12 rows=1 width=4) (actual time=0.054..11.668 rows=1 loops=1)
                                                                                                         Filter: ((keyword)::text = 'computer-animation'::text)
                                                                                                         Rows Removed by Filter: 134169
                                                                                                   ->  Bitmap Heap Scan on movie_keyword mk  (cost=6.75..1103.80 rows=299 width=8) (actual time=0.129..2.948 rows=414 loops=1)
                                                                                                         Recheck Cond: (keyword_id = k.id)
                                                                                                         Heap Blocks: exact=358
                                                                                                         ->  Bitmap Index Scan on keyword_id_movie_keyword  (cost=0.00..6.67 rows=299 width=0) (actual time=0.073..0.073 rows=414 loops=1)
                                                                                                               Index Cond: (keyword_id = k.id)
                                                                                             ->  Index Scan using title_pkey on title t  (cost=0.43..2.12 rows=1 width=21) (actual time=0.014..0.014 rows=0 loops=414)
                                                                                                   Index Cond: (id = mk.movie_id)
                                                                                                   Filter: ((production_year >= 2000) AND (production_year <= 2010) AND ((title)::text = 'Shrek 2'::text))
                                                                                                   Rows Removed by Filter: 1
                                                                                       ->  Index Scan using movie_id_complete_cast on complete_cast cc  (cost=0.42..2.77 rows=2 width=12) (actual time=0.023..0.024 rows=1 loops=1)
                                                                                             Index Cond: (movie_id = mk.movie_id)
                                                                           ->  Index Scan using movie_id_movie_info on movie_info mi  (cost=0.43..42.97 rows=1 width=8) (actual time=0.071..0.361 rows=2 loops=1)
                                                                                 Index Cond: (movie_id = mk.movie_id)
                                                                                 Filter: ((info IS NOT NULL) AND (((info)::text ~~ 'Japan:%200%'::text) OR ((info)::text ~~ 'USA:%200%'::text)))
                                                                                 Rows Removed by Filter: 455
                                                                     ->  Index Scan using movie_id_cast_info on cast_info ci  (cost=0.56..47.58 rows=1 width=16) (actual time=0.018..0.843 rows=38 loops=2)
                                                                           Index Cond: (movie_id = mk.movie_id)
                                                                           Filter: ((note)::text = ANY ('{(voice),"(voice) (uncredited)","(voice: English version)"}'::text[]))
                                                                           Rows Removed by Filter: 191
                                                               ->  Index Only Scan using person_id_aka_name on aka_name an  (cost=0.42..2.89 rows=2 width=4) (actual time=0.006..0.008 rows=2 loops=76)
                                                                     Index Cond: (person_id = ci.person_id)
                                                                     Heap Fetches: 132
                                                         ->  Index Scan using char_name_pkey on char_name chn  (cost=0.43..2.22 rows=1 width=20) (actual time=0.005..0.005 rows=0 loops=132)
                                                               Index Cond: (id = ci.person_role_id)
                                                               Filter: ((name)::text = 'Queen'::text)
                                                               Rows Removed by Filter: 1
                                                   ->  Index Scan using movie_id_movie_companies on movie_companies mc  (cost=0.43..4.77 rows=5 width=8) (actual time=0.007..0.012 rows=22 loops=6)
                                                         Index Cond: (movie_id = mk.movie_id)
                                             ->  Index Scan using company_name_pkey on company_name cn  (cost=0.42..2.03 rows=1 width=4) (actual time=0.003..0.003 rows=0 loops=132)
                                                   Index Cond: (id = mc.company_id)
                                                   Filter: ((country_code)::text = '[us]'::text)
                                                   Rows Removed by Filter: 1
                                       ->  Seq Scan on info_type it  (cost=0.00..2.41 rows=1 width=4) (actual time=0.003..0.003 rows=1 loops=30)
                                             Filter: ((info)::text = 'release dates'::text)
                                             Rows Removed by Filter: 15
                                 ->  Seq Scan on role_type rt  (cost=0.00..1.15 rows=1 width=4) (actual time=0.001..0.001 rows=1 loops=30)
                                       Filter: ((role)::text = 'actress'::text)
                                       Rows Removed by Filter: 1
                           ->  Index Scan using name_pkey on name n  (cost=0.43..2.30 rows=1 width=19) (actual time=0.003..0.003 rows=1 loops=30)
                                 Index Cond: (id = ci.person_id)
                                 Filter: (((name)::text ~~ '%An%'::text) AND ((gender)::text = 'f'::text))
                     ->  Seq Scan on comp_cast_type cct1  (cost=0.00..1.05 rows=1 width=4) (actual time=0.000..0.000 rows=1 loops=30)
                           Filter: ((kind)::text = 'cast'::text)
               ->  Index Scan using person_id_person_info on person_info pi  (cost=0.43..19.93 rows=26 width=8) (actual time=0.002..0.027 rows=163 loops=30)
                     Index Cond: (person_id = an.person_id)
 Planning Time: 118.801 ms
 Execution Time: 27.220 ms
(84 rows)

SET
                                                                                                                 QUERY PLAN                                                                                                                 
--------------------------------------------------------------------------------------------------------------------------------------------------------------------------------------------------------------------------------------------
 Aggregate  (cost=4148.76..4148.77 rows=1 width=96) (actual time=177.854..177.854 rows=1 loops=1)
   ->  Nested Loop  (cost=11.16..4148.76 rows=1 width=48) (actual time=27.543..177.840 rows=15 loops=1)
         ->  Nested Loop  (cost=10.74..4146.73 rows=1 width=52) (actual time=27.531..177.597 rows=66 loops=1)
               Join Filter: (pi.info_type_id = it3.id)
               Rows Removed by Join Filter: 10692
               ->  Nested Loop  (cost=10.74..4144.31 rows=1 width=56) (actual time=26.247..85.871 rows=10758 loops=1)
                     Join Filter: (mi.info_type_id = it.id)
                     ->  Nested Loop  (cost=10.74..4141.88 rows=1 width=60) (actual time=26.241..53.420 rows=10758 loops=1)
                           Join Filter: (n.id = pi.person_id)
                           ->  Nested Loop  (cost=10.31..4121.62 rows=1 width=68) (actual time=26.226..49.827 rows=66 loops=1)
                                 ->  Nested Loop  (cost=9.88..4117.61 rows=1 width=56) (actual time=26.216..49.693 rows=66 loops=1)
                                       Join Filter: (n.id = an.person_id)
                                       ->  Nested Loop  (cost=9.46..4114.69 rows=1 width=52) (actual time=26.202..49.602 rows=22 loops=1)
                                             Join Filter: (mi.movie_id = t.id)
                                             ->  Nested Loop  (cost=9.03..4110.43 rows=2 width=55) (actual time=8.991..49.198 rows=193 loops=1)
                                                   Join Filter: (mc.movie_id = mi.movie_id)
                                                   ->  Nested Loop  (cost=8.59..3981.80 rows=3 width=47) (actual time=3.214..35.555 rows=167 loops=1)
                                                         Join Filter: (ci.movie_id = mc.movie_id)
                                                         ->  Nested Loop  (cost=8.16..3976.97 rows=1 width=39) (actual time=3.164..35.309 rows=6 loops=1)
                                                               ->  Nested Loop  (cost=7.73..3974.67 rows=1 width=20) (actual time=1.357..32.925 rows=175 loops=1)
                                                                     Join Filter: (rt.id = ci.role_id)
                                                                     Rows Removed by Join Filter: 528
                                                                     ->  Seq Scan on role_type rt  (cost=0.00..1.15 rows=1 width=4) (actual time=0.015..0.016 rows=1 loops=1)
                                                                           Filter: ((role)::text = 'actress'::text)
                                                                           Rows Removed by Filter: 11
                                                                     ->  Nested Loop  (cost=7.73..3973.48 rows=3 width=24) (actual time=1.028..32.838 rows=703 loops=1)
                                                                           ->  Nested Loop  (cost=7.17..3830.71 rows=3 width=8) (actual time=0.984..15.386 rows=23 loops=1)
                                                                                 Join Filter: (cc.status_id = cct2.id)
                                                                                 Rows Removed by Join Filter: 51
                                                                                 ->  Seq Scan on comp_cast_type cct2  (cost=0.00..1.05 rows=1 width=4) (actual time=0.008..0.008 rows=1 loops=1)
                                                                                       Filter: ((kind)::text = 'complete+verified'::text)
                                                                                       Rows Removed by Filter: 3
                                                                                 ->  Nested Loop  (cost=7.17..3829.51 rows=12 width=12) (actual time=0.365..15.363 rows=74 loops=1)
                                                                                       Join Filter: (cc.subject_id = cct1.id)
                                                                                       Rows Removed by Join Filter: 16
                                                                                       ->  Seq Scan on comp_cast_type cct1  (cost=0.00..1.05 rows=1 width=4) (actual time=0.001..0.002 rows=1 loops=1)
                                                                                             Filter: ((kind)::text = 'cast'::text)
                                                                                             Rows Removed by Filter: 3
                                                                                       ->  Nested Loop  (cost=7.17..3827.87 rows=47 width=16) (actual time=0.363..15.341 rows=90 loops=1)
                                                                                             ->  Nested Loop  (cost=6.75..3732.91 rows=34 width=4) (actual time=0.143..12.981 rows=414 loops=1)
                                                                                                   ->  Seq Scan on keyword k  (cost=0.00..2626.12 rows=1 width=4) (actual time=0.031..11.318 rows=1 loops=1)
                                                                                                         Filter: ((keyword)::text = 'computer-animation'::text)
                                                                                                         Rows Removed by Filter: 134169
                                                                                                   ->  Bitmap Heap Scan on movie_keyword mk  (cost=6.75..1103.80 rows=299 width=8) (actual time=0.110..1.615 rows=414 loops=1)
                                                                                                         Recheck Cond: (keyword_id = k.id)
                                                                                                         Heap Blocks: exact=358
                                                                                                         ->  Bitmap Index Scan on keyword_id_movie_keyword  (cost=0.00..6.67 rows=299 width=0) (actual time=0.060..0.060 rows=414 loops=1)
                                                                                                               Index Cond: (keyword_id = k.id)
                                                                                             ->  Index Scan using movie_id_complete_cast on complete_cast cc  (cost=0.42..2.77 rows=2 width=12) (actual time=0.005..0.005 rows=0 loops=414)
                                                                                                   Index Cond: (movie_id = mk.movie_id)
                                                                           ->  Index Scan using movie_id_cast_info on cast_info ci  (cost=0.56..47.58 rows=1 width=16) (actual time=0.093..0.754 rows=31 loops=23)
                                                                                 Index Cond: (movie_id = mk.movie_id)
                                                                                 Filter: ((note)::text = ANY ('{(voice),"(voice) (uncredited)","(voice: English version)"}'::text[]))
                                                                                 Rows Removed by Filter: 116
                                                               ->  Index Scan using name_pkey on name n  (cost=0.43..2.30 rows=1 width=19) (actual time=0.013..0.013 rows=0 loops=175)
                                                                     Index Cond: (id = ci.person_id)
                                                                     Filter: (((name)::text ~~ '%An%'::text) AND ((gender)::text = 'f'::text))
                                                                     Rows Removed by Filter: 1
                                                         ->  Index Scan using movie_id_movie_companies on movie_companies mc  (cost=0.43..4.77 rows=5 width=8) (actual time=0.022..0.034 rows=28 loops=6)
                                                               Index Cond: (movie_id = mk.movie_id)
                                                   ->  Index Scan using movie_id_movie_info on movie_info mi  (cost=0.43..42.86 rows=1 width=8) (actual time=0.018..0.081 rows=1 loops=167)
                                                         Index Cond: (movie_id = mk.movie_id)
                                                         Filter: ((info)::text ~~ 'USA:%200%'::text)
                                                         Rows Removed by Filter: 422
                                             ->  Index Scan using title_pkey on title t  (cost=0.43..2.12 rows=1 width=21) (actual time=0.002..0.002 rows=0 loops=193)
                                                   Index Cond: (id = mk.movie_id)
                                                   Filter: ((production_year >= 2000) AND (production_year <= 2005) AND ((title)::text = 'Shrek 2'::text))
                                                   Rows Removed by Filter: 1
                                       ->  Index Only Scan using person_id_aka_name on aka_name an  (cost=0.42..2.89 rows=2 width=4) (actual time=0.002..0.003 rows=3 loops=22)
                                             Index Cond: (person_id = ci.person_id)
                                             Heap Fetches: 66
                                 ->  Index Scan using char_name_pkey on char_name chn  (cost=0.43..2.22 rows=1 width=20) (actual time=0.002..0.002 rows=1 loops=66)
                                       Index Cond: (id = ci.person_role_id)
                                       Filter: ((name)::text = 'Queen'::text)
                           ->  Index Scan using person_id_person_info on person_info pi  (cost=0.43..19.93 rows=26 width=8) (actual time=0.001..0.028 rows=163 loops=66)
                                 Index Cond: (person_id = an.person_id)
                     ->  Seq Scan on info_type it  (cost=0.00..2.41 rows=1 width=4) (actual time=0.003..0.003 rows=1 loops=10758)
                           Filter: ((info)::text = 'release dates'::text)
                           Rows Removed by Filter: 15
               ->  Seq Scan on info_type it3  (cost=0.00..2.41 rows=1 width=4) (actual time=0.003..0.008 rows=1 loops=10758)
                     Filter: ((info)::text = 'height'::text)
                     Rows Removed by Filter: 111
         ->  Index Scan using company_name_pkey on company_name cn  (cost=0.42..2.03 rows=1 width=4) (actual time=0.003..0.003 rows=0 loops=66)
               Index Cond: (id = mc.company_id)
               Filter: ((country_code)::text = '[us]'::text)
               Rows Removed by Filter: 1
 Planning Time: 116.763 ms
 Execution Time: 178.181 ms
(88 rows)

SET
                                                                                                                QUERY PLAN                                                                                                                 
-------------------------------------------------------------------------------------------------------------------------------------------------------------------------------------------------------------------------------------------
 Aggregate  (cost=4547.37..4547.38 rows=1 width=96) (actual time=558.661..558.662 rows=1 loops=1)
   ->  Nested Loop  (cost=11.16..4547.36 rows=1 width=48) (actual time=73.080..555.321 rows=16308 loops=1)
         Join Filter: (cc.status_id = cct2.id)
         Rows Removed by Join Filter: 11714
         ->  Nested Loop  (cost=11.16..4546.30 rows=1 width=52) (actual time=17.234..527.543 rows=28022 loops=1)
               ->  Nested Loop  (cost=10.74..4544.27 rows=1 width=56) (actual time=16.846..304.783 rows=149974 loops=1)
                     Join Filter: (n.id = an.person_id)
                     ->  Nested Loop  (cost=10.32..4541.38 rows=1 width=68) (actual time=16.811..196.755 rows=36250 loops=1)
                           Join Filter: (it3.id = pi.info_type_id)
                           Rows Removed by Join Filter: 117713
                           ->  Seq Scan on info_type it3  (cost=0.00..2.41 rows=1 width=4) (actual time=0.007..0.013 rows=1 loops=1)
                                 Filter: ((info)::text = 'trivia'::text)
                                 Rows Removed by Filter: 112
                           ->  Nested Loop  (cost=10.32..4538.95 rows=1 width=72) (actual time=16.800..186.258 rows=153963 loops=1)
                                 Join Filter: (n.id = pi.person_id)
                                 ->  Nested Loop  (cost=9.89..4518.69 rows=1 width=64) (actual time=16.768..141.575 rows=1206 loops=1)
                                       Join Filter: (ci.role_id = rt.id)
                                       ->  Nested Loop  (cost=9.89..4517.53 rows=1 width=68) (actual time=16.760..140.217 rows=1206 loops=1)
                                             ->  Nested Loop  (cost=9.46..4515.32 rows=1 width=56) (actual time=16.731..137.605 rows=1455 loops=1)
                                                   Join Filter: (cc.subject_id = cct1.id)
                                                   ->  Nested Loop  (cost=9.46..4514.26 rows=1 width=60) (actual time=16.723..136.259 rows=1455 loops=1)
                                                         Join Filter: (t.id = mc.movie_id)
                                                         ->  Nested Loop  (cost=9.03..4509.42 rows=1 width=76) (actual time=16.690..135.210 rows=58 loops=1)
                                                               Join Filter: (mi.info_type_id = it.id)
                                                               ->  Nested Loop  (cost=9.03..4506.99 rows=1 width=80) (actual time=16.684..134.977 rows=58 loops=1)
                                                                     ->  Nested Loop  (cost=8.61..4504.20 rows=1 width=68) (actual time=14.759..134.641 rows=75 loops=1)
                                                                           ->  Nested Loop  (cost=8.18..4501.91 rows=1 width=49) (actual time=2.501..99.077 rows=7505 loops=1)
                                                                                 Join Filter: (t.id = ci.movie_id)
                                                                                 ->  Nested Loop  (cost=7.61..4406.63 rows=2 width=33) (actual time=0.745..42.362 rows=357 loops=1)
                                                                                       Join Filter: (t.id = mi.movie_id)
                                                                                       ->  Nested Loop  (cost=7.18..3804.91 rows=14 width=25) (actual time=0.155..17.976 rows=249 loops=1)
                                                                                             ->  Nested Loop  (cost=6.75..3732.91 rows=34 width=4) (actual time=0.146..14.182 rows=414 loops=1)
                                                                                                   ->  Seq Scan on keyword k  (cost=0.00..2626.12 rows=1 width=4) (actual time=0.029..12.577 rows=1 loops=1)
                                                                                                         Filter: ((keyword)::text = 'computer-animation'::text)
                                                                                                         Rows Removed by Filter: 134169
                                                                                                   ->  Bitmap Heap Scan on movie_keyword mk  (cost=6.75..1103.80 rows=299 width=8) (actual time=0.115..1.539 rows=414 loops=1)
                                                                                                         Recheck Cond: (keyword_id = k.id)
                                                                                                         Heap Blocks: exact=358
                                                                                                         ->  Bitmap Index Scan on keyword_id_movie_keyword  (cost=0.00..6.67 rows=299 width=0) (actual time=0.066..0.066 rows=414 loops=1)
                                                                                                               Index Cond: (keyword_id = k.id)
                                                                                             ->  Index Scan using title_pkey on title t  (cost=0.43..2.12 rows=1 width=21) (actual time=0.009..0.009 rows=1 loops=414)
                                                                                                   Index Cond: (id = mk.movie_id)
                                                                                                   Filter: ((production_year >= 2000) AND (production_year <= 2010))
                                                                                                   Rows Removed by Filter: 0
                                                                                       ->  Index Scan using movie_id_movie_info on movie_info mi  (cost=0.43..42.97 rows=1 width=8) (actual time=0.044..0.097 rows=1 loops=249)
                                                                                             Index Cond: (movie_id = mk.movie_id)
                                                                                             Filter: ((info IS NOT NULL) AND (((info)::text ~~ 'Japan:%200%'::text) OR ((info)::text ~~ 'USA:%200%'::text)))
                                                                                             Rows Removed by Filter: 88
                                                                                 ->  Index Scan using movie_id_cast_info on cast_info ci  (cost=0.56..47.63 rows=1 width=16) (actual time=0.027..0.155 rows=21 loops=357)
                                                                                       Index Cond: (movie_id = mk.movie_id)
                                                                                       Filter: ((note)::text = ANY ('{(voice),"(voice: Japanese version)","(voice) (uncredited)","(voice: English version)"}'::text[]))
                                                                                       Rows Removed by Filter: 72
                                                                           ->  Index Scan using name_pkey on name n  (cost=0.43..2.29 rows=1 width=19) (actual time=0.005..0.005 rows=0 loops=7505)
                                                                                 Index Cond: (id = ci.person_id)
                                                                                 Filter: (((name)::text ~~ '%An%'::text) AND ((gender)::text = 'f'::text))
                                                                                 Rows Removed by Filter: 1
                                                                     ->  Index Scan using movie_id_complete_cast on complete_cast cc  (cost=0.42..2.77 rows=2 width=12) (actual time=0.004..0.004 rows=1 loops=75)
                                                                           Index Cond: (movie_id = t.id)
                                                               ->  Seq Scan on info_type it  (cost=0.00..2.41 rows=1 width=4) (actual time=0.003..0.003 rows=1 loops=58)
                                                                     Filter: ((info)::text = 'release dates'::text)
                                                                     Rows Removed by Filter: 15
                                                         ->  Index Scan using movie_id_movie_companies on movie_companies mc  (cost=0.43..4.77 rows=5 width=8) (actual time=0.007..0.013 rows=25 loops=58)
                                                               Index Cond: (movie_id = mk.movie_id)
                                                   ->  Seq Scan on comp_cast_type cct1  (cost=0.00..1.05 rows=1 width=4) (actual time=0.000..0.000 rows=1 loops=1455)
                                                         Filter: ((kind)::text = 'cast'::text)
                                             ->  Index Scan using char_name_pkey on char_name chn  (cost=0.43..2.21 rows=1 width=20) (actual time=0.001..0.001 rows=1 loops=1455)
                                                   Index Cond: (id = ci.person_role_id)
                                       ->  Seq Scan on role_type rt  (cost=0.00..1.15 rows=1 width=4) (actual time=0.001..0.001 rows=1 loops=1206)
                                             Filter: ((role)::text = 'actress'::text)
                                             Rows Removed by Filter: 1
                                 ->  Index Scan using person_id_person_info on person_info pi  (cost=0.43..19.93 rows=26 width=8) (actual time=0.002..0.019 rows=128 loops=1206)
                                       Index Cond: (person_id = ci.person_id)
                     ->  Index Only Scan using person_id_aka_name on aka_name an  (cost=0.42..2.87 rows=2 width=4) (actual time=0.001..0.002 rows=4 loops=36250)
                           Index Cond: (person_id = pi.person_id)
                           Heap Fetches: 149974
               ->  Index Scan using company_name_pkey on company_name cn  (cost=0.42..2.03 rows=1 width=4) (actual time=0.001..0.001 rows=0 loops=149974)
                     Index Cond: (id = mc.company_id)
                     Filter: ((country_code)::text = '[us]'::text)
                     Rows Removed by Filter: 1
         ->  Seq Scan on comp_cast_type cct2  (cost=0.00..1.05 rows=1 width=4) (actual time=0.001..0.001 rows=1 loops=28022)
               Filter: ((kind)::text = 'complete+verified'::text)
               Rows Removed by Filter: 3
 Planning Time: 119.831 ms
 Execution Time: 558.995 ms
(84 rows)

SET
                                                                               QUERY PLAN                                                                                
-------------------------------------------------------------------------------------------------------------------------------------------------------------------------
 Aggregate  (cost=3832.24..3832.25 rows=1 width=32) (actual time=596.267..596.267 rows=1 loops=1)
   ->  Nested Loop  (cost=8.03..3832.22 rows=7 width=17) (actual time=7.451..595.086 rows=7834 loops=1)
         Join Filter: (mc.movie_id = t.id)
         ->  Nested Loop  (cost=7.60..3828.74 rows=7 width=8) (actual time=7.432..559.326 rows=7834 loops=1)
               ->  Nested Loop  (cost=7.18..3752.99 rows=170 width=12) (actual time=6.693..269.155 rows=148552 loops=1)
                     ->  Nested Loop  (cost=6.75..3732.91 rows=34 width=4) (actual time=6.652..82.105 rows=41840 loops=1)
                           ->  Seq Scan on keyword k  (cost=0.00..2626.12 rows=1 width=4) (actual time=0.502..11.579 rows=1 loops=1)
                                 Filter: ((keyword)::text = 'character-name-in-title'::text)
                                 Rows Removed by Filter: 134169
                           ->  Bitmap Heap Scan on movie_keyword mk  (cost=6.75..1103.80 rows=299 width=8) (actual time=6.146..66.138 rows=41840 loops=1)
                                 Recheck Cond: (keyword_id = k.id)
                                 Heap Blocks: exact=11541
                                 ->  Bitmap Index Scan on keyword_id_movie_keyword  (cost=0.00..6.67 rows=299 width=0) (actual time=4.078..4.078 rows=41840 loops=1)
                                       Index Cond: (keyword_id = k.id)
                     ->  Index Scan using movie_id_movie_companies on movie_companies mc  (cost=0.43..0.54 rows=5 width=8) (actual time=0.003..0.004 rows=4 loops=41840)
                           Index Cond: (movie_id = mk.movie_id)
               ->  Index Scan using company_name_pkey on company_name cn  (cost=0.42..0.45 rows=1 width=4) (actual time=0.002..0.002 rows=0 loops=148552)
                     Index Cond: (id = mc.company_id)
                     Filter: ((country_code)::text = '[de]'::text)
                     Rows Removed by Filter: 1
         ->  Index Scan using title_pkey on title t  (cost=0.43..0.49 rows=1 width=21) (actual time=0.004..0.004 rows=1 loops=7834)
               Index Cond: (id = mk.movie_id)
 Planning Time: 2.284 ms
 Execution Time: 596.470 ms
(24 rows)

SET
                                                                               QUERY PLAN                                                                                
-------------------------------------------------------------------------------------------------------------------------------------------------------------------------
 Aggregate  (cost=3829.74..3829.75 rows=1 width=32) (actual time=567.563..567.564 rows=1 loops=1)
   ->  Nested Loop  (cost=8.03..3829.73 rows=2 width=17) (actual time=9.235..566.747 rows=5228 loops=1)
         Join Filter: (mc.movie_id = t.id)
         ->  Nested Loop  (cost=7.60..3828.74 rows=2 width=8) (actual time=9.217..542.647 rows=5228 loops=1)
               ->  Nested Loop  (cost=7.18..3752.99 rows=170 width=12) (actual time=6.762..263.540 rows=148552 loops=1)
                     ->  Nested Loop  (cost=6.75..3732.91 rows=34 width=4) (actual time=6.721..80.355 rows=41840 loops=1)
                           ->  Seq Scan on keyword k  (cost=0.00..2626.12 rows=1 width=4) (actual time=0.657..11.695 rows=1 loops=1)
                                 Filter: ((keyword)::text = 'character-name-in-title'::text)
                                 Rows Removed by Filter: 134169
                           ->  Bitmap Heap Scan on movie_keyword mk  (cost=6.75..1103.80 rows=299 width=8) (actual time=6.061..64.275 rows=41840 loops=1)
                                 Recheck Cond: (keyword_id = k.id)
                                 Heap Blocks: exact=11541
                                 ->  Bitmap Index Scan on keyword_id_movie_keyword  (cost=0.00..6.67 rows=299 width=0) (actual time=4.000..4.000 rows=41840 loops=1)
                                       Index Cond: (keyword_id = k.id)
                     ->  Index Scan using movie_id_movie_companies on movie_companies mc  (cost=0.43..0.54 rows=5 width=8) (actual time=0.003..0.004 rows=4 loops=41840)
                           Index Cond: (movie_id = mk.movie_id)
               ->  Index Scan using company_name_pkey on company_name cn  (cost=0.42..0.45 rows=1 width=4) (actual time=0.002..0.002 rows=0 loops=148552)
                     Index Cond: (id = mc.company_id)
                     Filter: ((country_code)::text = '[nl]'::text)
                     Rows Removed by Filter: 1
         ->  Index Scan using title_pkey on title t  (cost=0.43..0.49 rows=1 width=21) (actual time=0.004..0.004 rows=1 loops=5228)
               Index Cond: (id = mk.movie_id)
 Planning Time: 2.490 ms
 Execution Time: 567.758 ms
(24 rows)

SET
                                                                               QUERY PLAN                                                                                
-------------------------------------------------------------------------------------------------------------------------------------------------------------------------
 Aggregate  (cost=3829.24..3829.25 rows=1 width=32) (actual time=545.608..545.608 rows=1 loops=1)
   ->  Nested Loop  (cost=8.03..3829.24 rows=1 width=17) (actual time=545.604..545.604 rows=0 loops=1)
         Join Filter: (mc.movie_id = t.id)
         ->  Nested Loop  (cost=7.60..3828.74 rows=1 width=8) (actual time=545.603..545.603 rows=0 loops=1)
               ->  Nested Loop  (cost=7.18..3752.99 rows=170 width=12) (actual time=6.757..267.729 rows=148552 loops=1)
                     ->  Nested Loop  (cost=6.75..3732.91 rows=34 width=4) (actual time=6.714..81.611 rows=41840 loops=1)
                           ->  Seq Scan on keyword k  (cost=0.00..2626.12 rows=1 width=4) (actual time=0.658..11.740 rows=1 loops=1)
                                 Filter: ((keyword)::text = 'character-name-in-title'::text)
                                 Rows Removed by Filter: 134169
                           ->  Bitmap Heap Scan on movie_keyword mk  (cost=6.75..1103.80 rows=299 width=8) (actual time=6.053..65.581 rows=41840 loops=1)
                                 Recheck Cond: (keyword_id = k.id)
                                 Heap Blocks: exact=11541
                                 ->  Bitmap Index Scan on keyword_id_movie_keyword  (cost=0.00..6.67 rows=299 width=0) (actual time=4.007..4.007 rows=41840 loops=1)
                                       Index Cond: (keyword_id = k.id)
                     ->  Index Scan using movie_id_movie_companies on movie_companies mc  (cost=0.43..0.54 rows=5 width=8) (actual time=0.003..0.004 rows=4 loops=41840)
                           Index Cond: (movie_id = mk.movie_id)
               ->  Index Scan using company_name_pkey on company_name cn  (cost=0.42..0.45 rows=1 width=4) (actual time=0.002..0.002 rows=0 loops=148552)
                     Index Cond: (id = mc.company_id)
                     Filter: ((country_code)::text = '[sm]'::text)
                     Rows Removed by Filter: 1
         ->  Index Scan using title_pkey on title t  (cost=0.43..0.49 rows=1 width=21) (never executed)
               Index Cond: (id = mk.movie_id)
 Planning Time: 2.505 ms
 Execution Time: 545.809 ms
(24 rows)

SET
                                                                             QUERY PLAN                                                                              
---------------------------------------------------------------------------------------------------------------------------------------------------------------------
 Aggregate  (cost=3845.82..3845.83 rows=1 width=32) (actual time=725.421..725.421 rows=1 loops=1)
   ->  Nested Loop  (cost=8.03..3845.67 rows=61 width=17) (actual time=6.872..717.205 rows=68316 loops=1)
         ->  Nested Loop  (cost=7.61..3769.92 rows=170 width=21) (actual time=6.807..429.526 rows=148552 loops=1)
               Join Filter: (t.id = mc.movie_id)
               ->  Nested Loop  (cost=7.18..3749.42 rows=34 width=25) (actual time=6.754..248.119 rows=41840 loops=1)
                     ->  Nested Loop  (cost=6.75..3732.91 rows=34 width=4) (actual time=6.733..76.478 rows=41840 loops=1)
                           ->  Seq Scan on keyword k  (cost=0.00..2626.12 rows=1 width=4) (actual time=0.664..11.710 rows=1 loops=1)
                                 Filter: ((keyword)::text = 'character-name-in-title'::text)
                                 Rows Removed by Filter: 134169
                           ->  Bitmap Heap Scan on movie_keyword mk  (cost=6.75..1103.80 rows=299 width=8) (actual time=6.066..60.072 rows=41840 loops=1)
                                 Recheck Cond: (keyword_id = k.id)
                                 Heap Blocks: exact=11541
                                 ->  Bitmap Index Scan on keyword_id_movie_keyword  (cost=0.00..6.67 rows=299 width=0) (actual time=4.026..4.026 rows=41840 loops=1)
                                       Index Cond: (keyword_id = k.id)
                     ->  Index Scan using title_pkey on title t  (cost=0.43..0.49 rows=1 width=21) (actual time=0.004..0.004 rows=1 loops=41840)
                           Index Cond: (id = mk.movie_id)
               ->  Index Scan using movie_id_movie_companies on movie_companies mc  (cost=0.43..0.54 rows=5 width=8) (actual time=0.002..0.004 rows=4 loops=41840)
                     Index Cond: (movie_id = mk.movie_id)
         ->  Index Scan using company_name_pkey on company_name cn  (cost=0.42..0.45 rows=1 width=4) (actual time=0.002..0.002 rows=0 loops=148552)
               Index Cond: (id = mc.company_id)
               Filter: ((country_code)::text = '[us]'::text)
               Rows Removed by Filter: 1
 Planning Time: 2.490 ms
 Execution Time: 725.613 ms
(24 rows)

SET
                                                                                                         QUERY PLAN                                                                                                         
----------------------------------------------------------------------------------------------------------------------------------------------------------------------------------------------------------------------------
 Aggregate  (cost=8691.91..8691.92 rows=1 width=128) (actual time=1359.148..1359.149 rows=1 loops=1)
   ->  Nested Loop  (cost=1012.70..8691.90 rows=1 width=80) (actual time=26.265..1358.644 rows=757 loops=1)
         ->  Nested Loop  (cost=1012.27..8690.88 rows=1 width=69) (actual time=26.227..1348.277 rows=1021 loops=1)
               ->  Nested Loop  (cost=1012.13..8690.69 rows=1 width=73) (actual time=26.218..1346.384 rows=1021 loops=1)
                     Join Filter: (t.id = mi.movie_id)
                     ->  Nested Loop  (cost=1011.70..8672.67 rows=1 width=47) (actual time=13.679..1164.324 rows=1736 loops=1)
                           Join Filter: (t.id = ci.movie_id)
                           ->  Nested Loop  (cost=1011.13..8643.58 rows=1 width=39) (actual time=7.079..317.683 rows=2023 loops=1)
                                 Join Filter: (mi_idx.movie_id = t.id)
                                 ->  Nested Loop  (cost=1010.70..8642.75 rows=1 width=18) (actual time=7.053..222.094 rows=16283 loops=1)
                                       ->  Gather  (cost=1010.57..8642.58 rows=1 width=22) (actual time=6.303..184.884 rows=35346 loops=1)
                                             Workers Planned: 2
                                             Workers Launched: 2
                                             ->  Nested Loop  (cost=10.57..7642.48 rows=1 width=22) (actual time=4.988..313.913 rows=11782 loops=3)
                                                   ->  Nested Loop  (cost=10.44..7642.32 rows=1 width=26) (actual time=4.971..300.708 rows=11782 loops=3)
                                                         ->  Hash Join  (cost=10.02..7640.66 rows=2 width=14) (actual time=4.648..254.298 rows=21234 loops=3)
                                                               Hash Cond: (mi_idx.info_type_id = it2.id)
                                                               ->  Nested Loop  (cost=7.60..7637.43 rows=294 width=18) (actual time=4.559..245.429 rows=63896 loops=3)
                                                                     ->  Nested Loop  (cost=7.17..7557.95 rows=98 width=4) (actual time=4.520..125.291 rows=25571 loops=3)
                                                                           ->  Parallel Index Scan using keyword_pkey on keyword k  (cost=0.42..4353.35 rows=3 width=4) (actual time=0.280..22.899 rows=2 loops=3)
                                                                                 Filter: ((keyword)::text = ANY ('{murder,violence,blood,gore,death,female-nudity,hospital}'::text[]))
                                                                                 Rows Removed by Filter: 44721
                                                                           ->  Bitmap Heap Scan on movie_keyword mk  (cost=6.75..1065.21 rows=299 width=8) (actual time=3.149..42.637 rows=10959 loops=7)
                                                                                 Recheck Cond: (keyword_id = k.id)
                                                                                 Heap Blocks: exact=12389
                                                                                 ->  Bitmap Index Scan on keyword_id_movie_keyword  (cost=0.00..6.67 rows=299 width=0) (actual time=1.816..1.816 rows=10959 loops=7)
                                                                                       Index Cond: (keyword_id = k.id)
                                                                     ->  Index Scan using movie_id_movie_info_idx on movie_info_idx mi_idx  (cost=0.43..0.78 rows=3 width=14) (actual time=0.004..0.004 rows=2 loops=76714)
                                                                           Index Cond: (movie_id = mk.movie_id)
                                                               ->  Hash  (cost=2.41..2.41 rows=1 width=4) (actual time=0.023..0.023 rows=1 loops=3)
                                                                     Buckets: 1024  Batches: 1  Memory Usage: 9kB
                                                                     ->  Seq Scan on info_type it2  (cost=0.00..2.41 rows=1 width=4) (actual time=0.017..0.019 rows=1 loops=3)
                                                                           Filter: ((info)::text = 'votes'::text)
                                                                           Rows Removed by Filter: 112
                                                         ->  Index Scan using movie_id_complete_cast on complete_cast cc  (cost=0.42..0.81 rows=2 width=12) (actual time=0.002..0.002 rows=1 loops=63701)
                                                               Index Cond: (movie_id = mi_idx.movie_id)
                                                   ->  Index Scan using comp_cast_type_pkey on comp_cast_type cct1  (cost=0.13..0.15 rows=1 width=4) (actual time=0.001..0.001 rows=1 loops=35346)
                                                         Index Cond: (id = cc.subject_id)
                                                         Filter: ((kind)::text = ANY ('{cast,crew}'::text[]))
                                       ->  Index Scan using comp_cast_type_pkey on comp_cast_type cct2  (cost=0.13..0.15 rows=1 width=4) (actual time=0.001..0.001 rows=0 loops=35346)
                                             Index Cond: (id = cc.status_id)
                                             Filter: ((kind)::text = 'complete+verified'::text)
                                             Rows Removed by Filter: 1
                                 ->  Index Scan using title_pkey on title t  (cost=0.43..0.82 rows=1 width=21) (actual time=0.006..0.006 rows=0 loops=16283)
                                       Index Cond: (id = mk.movie_id)
                                       Filter: (production_year > 2000)
                                       Rows Removed by Filter: 1
                           ->  Index Scan using movie_id_cast_info on cast_info ci  (cost=0.56..29.08 rows=1 width=8) (actual time=0.295..0.418 rows=1 loops=2023)
                                 Index Cond: (movie_id = mk.movie_id)
                                 Filter: ((note)::text = ANY ('{(writer),"(head writer)","(written by)",(story),"(story editor)"}'::text[]))
                                 Rows Removed by Filter: 137
                     ->  Index Scan using movie_id_movie_info on movie_info mi  (cost=0.43..18.01 rows=1 width=50) (actual time=0.104..0.104 rows=1 loops=1736)
                           Index Cond: (movie_id = mk.movie_id)
                           Filter: ((info)::text = ANY ('{Horror,Thriller}'::text[]))
                           Rows Removed by Filter: 226
               ->  Index Scan using info_type_pkey on info_type it1  (cost=0.14..0.16 rows=1 width=4) (actual time=0.001..0.001 rows=1 loops=1021)
                     Index Cond: (id = mi.info_type_id)
                     Filter: ((info)::text = 'genres'::text)
         ->  Index Scan using name_pkey on name n  (cost=0.43..1.03 rows=1 width=19) (actual time=0.010..0.010 rows=1 loops=1021)
               Index Cond: (id = ci.person_id)
               Filter: ((gender)::text = 'm'::text)
               Rows Removed by Filter: 0
 Planning Time: 73.197 ms
 Execution Time: 1359.581 ms
(64 rows)

SET
                                                                                                           QUERY PLAN                                                                                                            
---------------------------------------------------------------------------------------------------------------------------------------------------------------------------------------------------------------------------------
 Aggregate  (cost=8689.58..8689.59 rows=1 width=128) (actual time=308.461..308.461 rows=1 loops=1)
   ->  Nested Loop  (cost=1010.42..8689.57 rows=1 width=80) (actual time=64.527..308.429 rows=28 loops=1)
         ->  Nested Loop  (cost=1010.29..8689.41 rows=1 width=84) (actual time=64.517..308.387 rows=28 loops=1)
               ->  Nested Loop  (cost=1010.16..8689.23 rows=1 width=88) (actual time=64.509..308.232 rows=108 loops=1)
                     Join Filter: (t.id = cc.movie_id)
                     ->  Nested Loop  (cost=1009.74..8688.40 rows=1 width=100) (actual time=64.487..307.902 rows=108 loops=1)
                           ->  Nested Loop  (cost=1009.31..8687.37 rows=1 width=89) (actual time=64.466..307.350 rows=108 loops=1)
                                 ->  Nested Loop  (cost=1009.17..8687.19 rows=1 width=93) (actual time=64.450..306.964 rows=324 loops=1)
                                       Join Filter: (t.id = mi_idx.movie_id)
                                       ->  Nested Loop  (cost=1008.74..8686.37 rows=1 width=79) (actual time=64.426..306.526 rows=108 loops=1)
                                             ->  Nested Loop  (cost=1008.60..8686.19 rows=1 width=83) (actual time=64.420..306.354 rows=108 loops=1)
                                                   Join Filter: (t.id = mi.movie_id)
                                                   ->  Nested Loop  (cost=1008.16..8668.17 rows=1 width=33) (actual time=63.285..299.800 rows=77 loops=1)
                                                         Join Filter: (t.id = ci.movie_id)
                                                         ->  Gather  (cost=1007.60..8639.08 rows=1 width=25) (actual time=62.743..293.392 rows=49 loops=1)
                                                               Workers Planned: 2
                                                               Workers Launched: 2
                                                               ->  Nested Loop  (cost=7.60..7638.98 rows=1 width=25) (actual time=64.748..243.994 rows=16 loops=3)
                                                                     ->  Nested Loop  (cost=7.17..7557.95 rows=98 width=4) (actual time=4.469..115.182 rows=25571 loops=3)
                                                                           ->  Parallel Index Scan using keyword_pkey on keyword k  (cost=0.42..4353.35 rows=3 width=4) (actual time=0.200..25.748 rows=2 loops=3)
                                                                                 Filter: ((keyword)::text = ANY ('{murder,violence,blood,gore,death,female-nudity,hospital}'::text[]))
                                                                                 Rows Removed by Filter: 44721
                                                                           ->  Bitmap Heap Scan on movie_keyword mk  (cost=6.75..1065.21 rows=299 width=8) (actual time=3.147..37.150 rows=10959 loops=7)
                                                                                 Recheck Cond: (keyword_id = k.id)
                                                                                 Heap Blocks: exact=12389
                                                                                 ->  Bitmap Index Scan on keyword_id_movie_keyword  (cost=0.00..6.67 rows=299 width=0) (actual time=1.816..1.816 rows=10959 loops=7)
                                                                                       Index Cond: (keyword_id = k.id)
                                                                     ->  Index Scan using title_pkey on title t  (cost=0.43..0.83 rows=1 width=21) (actual time=0.005..0.005 rows=0 loops=76714)
                                                                           Index Cond: (id = mk.movie_id)
                                                                           Filter: ((production_year > 2000) AND (((title)::text ~~ '%Freddy%'::text) OR ((title)::text ~~ '%Jason%'::text) OR ((title)::text ~~ 'Saw%'::text)))
                                                                           Rows Removed by Filter: 1
                                                         ->  Index Scan using movie_id_cast_info on cast_info ci  (cost=0.56..29.08 rows=1 width=8) (actual time=0.139..0.209 rows=2 loops=49)
                                                               Index Cond: (movie_id = mk.movie_id)
                                                               Filter: ((note)::text = ANY ('{(writer),"(head writer)","(written by)",(story),"(story editor)"}'::text[]))
                                                               Rows Removed by Filter: 82
                                                   ->  Index Scan using movie_id_movie_info on movie_info mi  (cost=0.43..18.01 rows=1 width=50) (actual time=0.084..0.085 rows=1 loops=77)
                                                         Index Cond: (movie_id = mk.movie_id)
                                                         Filter: ((info)::text = ANY ('{Horror,Thriller}'::text[]))
                                                         Rows Removed by Filter: 279
                                             ->  Index Scan using info_type_pkey on info_type it1  (cost=0.14..0.16 rows=1 width=4) (actual time=0.001..0.001 rows=1 loops=108)
                                                   Index Cond: (id = mi.info_type_id)
                                                   Filter: ((info)::text = 'genres'::text)
                                       ->  Index Scan using movie_id_movie_info_idx on movie_info_idx mi_idx  (cost=0.43..0.78 rows=3 width=14) (actual time=0.003..0.003 rows=3 loops=108)
                                             Index Cond: (movie_id = mk.movie_id)
                                 ->  Index Scan using info_type_pkey on info_type it2  (cost=0.14..0.16 rows=1 width=4) (actual time=0.001..0.001 rows=0 loops=324)
                                       Index Cond: (id = mi_idx.info_type_id)
                                       Filter: ((info)::text = 'votes'::text)
                                       Rows Removed by Filter: 1
                           ->  Index Scan using name_pkey on name n  (cost=0.43..1.03 rows=1 width=19) (actual time=0.005..0.005 rows=1 loops=108)
                                 Index Cond: (id = ci.person_id)
                                 Filter: ((gender)::text = 'm'::text)
                     ->  Index Scan using movie_id_complete_cast on complete_cast cc  (cost=0.42..0.81 rows=2 width=12) (actual time=0.002..0.003 rows=1 loops=108)
                           Index Cond: (movie_id = mk.movie_id)
               ->  Index Scan using comp_cast_type_pkey on comp_cast_type cct2  (cost=0.13..0.15 rows=1 width=4) (actual time=0.001..0.001 rows=0 loops=108)
                     Index Cond: (id = cc.status_id)
                     Filter: ((kind)::text = 'complete+verified'::text)
                     Rows Removed by Filter: 1
         ->  Index Scan using comp_cast_type_pkey on comp_cast_type cct1  (cost=0.13..0.15 rows=1 width=4) (actual time=0.001..0.001 rows=1 loops=28)
               Index Cond: (id = cc.subject_id)
               Filter: ((kind)::text = ANY ('{cast,crew}'::text[]))
 Planning Time: 73.837 ms
 Execution Time: 312.720 ms
(62 rows)

SET
                                                                                                         QUERY PLAN                                                                                                         
----------------------------------------------------------------------------------------------------------------------------------------------------------------------------------------------------------------------------
 Aggregate  (cost=8709.53..8709.54 rows=1 width=128) (actual time=4053.397..4053.398 rows=1 loops=1)
   ->  Nested Loop  (cost=1012.70..8709.52 rows=1 width=80) (actual time=12.568..4049.572 rows=8024 loops=1)
         ->  Nested Loop  (cost=1012.27..8708.49 rows=1 width=69) (actual time=12.531..3968.285 rows=11863 loops=1)
               Join Filter: (t.id = ci.movie_id)
               ->  Nested Loop  (cost=1011.71..8679.40 rows=1 width=85) (actual time=10.236..1292.917 rows=14655 loops=1)
                     ->  Nested Loop  (cost=1011.58..8679.23 rows=1 width=89) (actual time=7.752..1263.965 rows=27522 loops=1)
                           ->  Nested Loop  (cost=1011.45..8679.06 rows=1 width=93) (actual time=7.728..1218.593 rows=37669 loops=1)
                                 ->  Nested Loop  (cost=1011.03..8678.23 rows=1 width=81) (actual time=6.228..1076.750 rows=63386 loops=1)
                                       Join Filter: (mi.movie_id = t.id)
                                       ->  Gather  (cost=1010.60..8677.40 rows=1 width=60) (actual time=6.205..781.151 rows=63386 loops=1)
                                             Workers Planned: 2
                                             Workers Launched: 2
                                             ->  Nested Loop  (cost=10.60..7677.30 rows=1 width=60) (actual time=4.822..1303.456 rows=21129 loops=3)
                                                   ->  Nested Loop  (cost=10.46..7677.12 rows=1 width=64) (actual time=4.813..1275.186 rows=22577 loops=3)
                                                         Join Filter: (mi_idx.movie_id = mi.movie_id)
                                                         ->  Hash Join  (cost=10.02..7640.66 rows=2 width=14) (actual time=4.702..251.378 rows=21234 loops=3)
                                                               Hash Cond: (mi_idx.info_type_id = it2.id)
                                                               ->  Nested Loop  (cost=7.60..7637.43 rows=294 width=18) (actual time=4.611..241.476 rows=63896 loops=3)
                                                                     ->  Nested Loop  (cost=7.17..7557.95 rows=98 width=4) (actual time=4.579..121.022 rows=25571 loops=3)
                                                                           ->  Parallel Index Scan using keyword_pkey on keyword k  (cost=0.42..4353.35 rows=3 width=4) (actual time=0.355..24.353 rows=2 loops=3)
                                                                                 Filter: ((keyword)::text = ANY ('{murder,violence,blood,gore,death,female-nudity,hospital}'::text[]))
                                                                                 Rows Removed by Filter: 44721
                                                                           ->  Bitmap Heap Scan on movie_keyword mk  (cost=6.75..1065.21 rows=299 width=8) (actual time=3.162..40.114 rows=10959 loops=7)
                                                                                 Recheck Cond: (keyword_id = k.id)
                                                                                 Heap Blocks: exact=12389
                                                                                 ->  Bitmap Index Scan on keyword_id_movie_keyword  (cost=0.00..6.67 rows=299 width=0) (actual time=1.833..1.833 rows=10959 loops=7)
                                                                                       Index Cond: (keyword_id = k.id)
                                                                     ->  Index Scan using movie_id_movie_info_idx on movie_info_idx mi_idx  (cost=0.43..0.78 rows=3 width=14) (actual time=0.004..0.004 rows=2 loops=76714)
                                                                           Index Cond: (movie_id = mk.movie_id)
                                                               ->  Hash  (cost=2.41..2.41 rows=1 width=4) (actual time=0.032..0.033 rows=1 loops=3)
                                                                     Buckets: 1024  Batches: 1  Memory Usage: 9kB
                                                                     ->  Seq Scan on info_type it2  (cost=0.00..2.41 rows=1 width=4) (actual time=0.023..0.025 rows=1 loops=3)
                                                                           Filter: ((info)::text = 'votes'::text)
                                                                           Rows Removed by Filter: 112
                                                         ->  Index Scan using movie_id_movie_info on movie_info mi  (cost=0.43..18.22 rows=1 width=50) (actual time=0.046..0.048 rows=1 loops=63701)
                                                               Index Cond: (movie_id = mk.movie_id)
                                                               Filter: ((info)::text = ANY ('{Horror,Action,Sci-Fi,Thriller,Crime,War}'::text[]))
                                                               Rows Removed by Filter: 58
                                                   ->  Index Scan using info_type_pkey on info_type it1  (cost=0.14..0.16 rows=1 width=4) (actual time=0.001..0.001 rows=1 loops=67732)
                                                         Index Cond: (id = mi.info_type_id)
                                                         Filter: ((info)::text = 'genres'::text)
                                                         Rows Removed by Filter: 0
                                       ->  Index Scan using title_pkey on title t  (cost=0.43..0.82 rows=1 width=21) (actual time=0.004..0.004 rows=1 loops=63386)
                                             Index Cond: (id = mk.movie_id)
                                 ->  Index Scan using movie_id_complete_cast on complete_cast cc  (cost=0.42..0.81 rows=2 width=12) (actual time=0.002..0.002 rows=1 loops=63386)
                                       Index Cond: (movie_id = t.id)
                           ->  Index Scan using comp_cast_type_pkey on comp_cast_type cct1  (cost=0.13..0.15 rows=1 width=4) (actual time=0.001..0.001 rows=1 loops=37669)
                                 Index Cond: (id = cc.subject_id)
                                 Filter: ((kind)::text = 'cast'::text)
                                 Rows Removed by Filter: 0
                     ->  Index Scan using comp_cast_type_pkey on comp_cast_type cct2  (cost=0.13..0.15 rows=1 width=4) (actual time=0.001..0.001 rows=1 loops=27522)
                           Index Cond: (id = cc.status_id)
                           Filter: ((kind)::text = 'complete+verified'::text)
                           Rows Removed by Filter: 0
               ->  Index Scan using movie_id_cast_info on cast_info ci  (cost=0.56..29.08 rows=1 width=8) (actual time=0.137..0.182 rows=1 loops=14655)
                     Index Cond: (movie_id = mk.movie_id)
                     Filter: ((note)::text = ANY ('{(writer),"(head writer)","(written by)",(story),"(story editor)"}'::text[]))
                     Rows Removed by Filter: 83
         ->  Index Scan using name_pkey on name n  (cost=0.43..1.03 rows=1 width=19) (actual time=0.006..0.006 rows=1 loops=11863)
               Index Cond: (id = ci.person_id)
               Filter: ((gender)::text = 'm'::text)
               Rows Removed by Filter: 0
 Planning Time: 73.977 ms
 Execution Time: 4053.842 ms
(64 rows)

SET
                                                                                                      QUERY PLAN                                                                                                      
----------------------------------------------------------------------------------------------------------------------------------------------------------------------------------------------------------------------
 Aggregate  (cost=8954.40..8954.41 rows=1 width=128) (actual time=1374.102..1374.102 rows=1 loops=1)
   ->  Nested Loop  (cost=1012.87..8954.39 rows=1 width=80) (actual time=59.790..1373.551 rows=1273 loops=1)
         Join Filter: (mi.movie_id = t.id)
         ->  Nested Loop  (cost=1012.44..8953.28 rows=1 width=83) (actual time=59.758..1367.980 rows=1273 loops=1)
               ->  Nested Loop  (cost=1012.01..8951.99 rows=1 width=72) (actual time=59.728..1358.810 rows=1556 loops=1)
                     ->  Nested Loop  (cost=1011.87..8951.81 rows=1 width=76) (actual time=59.719..1356.304 rows=1616 loops=1)
                           Join Filter: (mi_idx.movie_id = mi.movie_id)
                           ->  Nested Loop  (cost=1011.44..8928.44 rows=1 width=26) (actual time=29.093..1261.526 rows=1471 loops=1)
                                 Join Filter: (mi_idx.movie_id = ci.movie_id)
                                 ->  Gather  (cost=1010.87..8895.40 rows=1 width=18) (actual time=28.830..915.055 rows=1547 loops=1)
                                       Workers Planned: 2
                                       Workers Launched: 2
                                       ->  Nested Loop  (cost=10.87..7895.30 rows=1 width=18) (actual time=17.324..959.030 rows=516 loops=3)
                                             ->  Nested Loop  (cost=10.45..7882.53 rows=13 width=22) (actual time=4.583..458.748 rows=199419 loops=3)
                                                   Join Filter: (mi_idx.movie_id = mc.movie_id)
                                                   ->  Hash Join  (cost=10.02..7878.13 rows=2 width=14) (actual time=4.552..253.117 rows=21234 loops=3)
                                                         Hash Cond: (mi_idx.info_type_id = it2.id)
                                                         ->  Nested Loop  (cost=7.60..7874.90 rows=294 width=18) (actual time=4.473..243.830 rows=63896 loops=3)
                                                               ->  Nested Loop  (cost=7.17..7767.34 rows=98 width=4) (actual time=4.435..125.956 rows=25571 loops=3)
                                                                     ->  Parallel Index Scan using keyword_pkey on keyword k  (cost=0.42..4562.73 rows=3 width=4) (actual time=0.185..22.497 rows=2 loops=3)
                                                                           Filter: ((keyword)::text = ANY ('{murder,violence,blood,gore,death,female-nudity,hospital}'::text[]))
                                                                           Rows Removed by Filter: 44721
                                                                     ->  Bitmap Heap Scan on movie_keyword mk  (cost=6.75..1065.21 rows=299 width=8) (actual time=3.155..43.061 rows=10959 loops=7)
                                                                           Recheck Cond: (keyword_id = k.id)
                                                                           Heap Blocks: exact=12389
                                                                           ->  Bitmap Index Scan on keyword_id_movie_keyword  (cost=0.00..6.67 rows=299 width=0) (actual time=1.824..1.824 rows=10959 loops=7)
                                                                                 Index Cond: (keyword_id = k.id)
                                                               ->  Index Scan using movie_id_movie_info_idx on movie_info_idx mi_idx  (cost=0.43..1.07 rows=3 width=14) (actual time=0.004..0.004 rows=2 loops=76714)
                                                                     Index Cond: (movie_id = mk.movie_id)
                                                         ->  Hash  (cost=2.41..2.41 rows=1 width=4) (actual time=0.024..0.024 rows=1 loops=3)
                                                               Buckets: 1024  Batches: 1  Memory Usage: 9kB
                                                               ->  Seq Scan on info_type it2  (cost=0.00..2.41 rows=1 width=4) (actual time=0.018..0.020 rows=1 loops=3)
                                                                     Filter: ((info)::text = 'votes'::text)
                                                                     Rows Removed by Filter: 112
                                                   ->  Index Scan using movie_id_movie_companies on movie_companies mc  (cost=0.43..2.14 rows=5 width=8) (actual time=0.005..0.008 rows=9 loops=63701)
                                                         Index Cond: (movie_id = mk.movie_id)
                                             ->  Index Scan using company_name_pkey on company_name cn  (cost=0.42..0.98 rows=1 width=4) (actual time=0.002..0.002 rows=0 loops=598256)
                                                   Index Cond: (id = mc.company_id)
                                                   Filter: ((name)::text ~~ 'Lionsgate%'::text)
                                                   Rows Removed by Filter: 1
                                 ->  Index Scan using movie_id_cast_info on cast_info ci  (cost=0.56..33.03 rows=1 width=8) (actual time=0.164..0.226 rows=1 loops=1547)
                                       Index Cond: (movie_id = mk.movie_id)
                                       Filter: ((note)::text = ANY ('{(writer),"(head writer)","(written by)",(story),"(story editor)"}'::text[]))
                                       Rows Removed by Filter: 119
                           ->  Index Scan using movie_id_movie_info on movie_info mi  (cost=0.43..23.36 rows=1 width=50) (actual time=0.063..0.064 rows=1 loops=1471)
                                 Index Cond: (movie_id = mk.movie_id)
                                 Filter: ((info)::text = ANY ('{Horror,Thriller}'::text[]))
                                 Rows Removed by Filter: 173
                     ->  Index Scan using info_type_pkey on info_type it1  (cost=0.14..0.16 rows=1 width=4) (actual time=0.001..0.001 rows=1 loops=1616)
                           Index Cond: (id = mi.info_type_id)
                           Filter: ((info)::text = 'genres'::text)
                           Rows Removed by Filter: 0
               ->  Index Scan using name_pkey on name n  (cost=0.43..1.29 rows=1 width=19) (actual time=0.005..0.005 rows=1 loops=1556)
                     Index Cond: (id = ci.person_id)
                     Filter: ((gender)::text = 'm'::text)
                     Rows Removed by Filter: 0
         ->  Index Scan using title_pkey on title t  (cost=0.43..1.10 rows=1 width=21) (actual time=0.004..0.004 rows=1 loops=1273)
               Index Cond: (id = mk.movie_id)
 Planning Time: 51.178 ms
 Execution Time: 1378.996 ms
(60 rows)

SET
                                                                                                        QUERY PLAN                                                                                                         
---------------------------------------------------------------------------------------------------------------------------------------------------------------------------------------------------------------------------
 Aggregate  (cost=8939.01..8939.02 rows=1 width=128) (actual time=322.625..322.625 rows=1 loops=1)
   ->  Nested Loop  (cost=1010.59..8939.00 rows=1 width=80) (actual time=117.564..322.570 rows=84 loops=1)
         ->  Nested Loop  (cost=1010.16..8937.71 rows=1 width=69) (actual time=117.536..322.168 rows=84 loops=1)
               ->  Nested Loop  (cost=1010.02..8937.53 rows=1 width=73) (actual time=117.524..321.879 rows=252 loops=1)
                     Join Filter: (t.id = mi_idx.movie_id)
                     ->  Nested Loop  (cost=1009.59..8936.42 rows=1 width=83) (actual time=117.489..321.588 rows=84 loops=1)
                           ->  Nested Loop  (cost=1009.45..8936.24 rows=1 width=87) (actual time=117.471..321.445 rows=84 loops=1)
                                 Join Filter: (t.id = mi.movie_id)
                                 ->  Nested Loop  (cost=1009.01..8912.87 rows=1 width=37) (actual time=117.190..317.357 rows=53 loops=1)
                                       ->  Nested Loop  (cost=1008.59..8911.15 rows=1 width=41) (actual time=117.136..316.960 rows=119 loops=1)
                                             Join Filter: (t.id = mc.movie_id)
                                             ->  Nested Loop  (cost=1008.16..8908.99 rows=1 width=33) (actual time=74.309..315.920 rows=77 loops=1)
                                                   Join Filter: (t.id = ci.movie_id)
                                                   ->  Gather  (cost=1007.60..8875.95 rows=1 width=25) (actual time=59.186..309.088 rows=49 loops=1)
                                                         Workers Planned: 2
                                                         Workers Launched: 2
                                                         ->  Nested Loop  (cost=7.60..7875.85 rows=1 width=25) (actual time=64.575..246.228 rows=16 loops=3)
                                                               ->  Nested Loop  (cost=7.17..7767.34 rows=98 width=4) (actual time=4.424..115.462 rows=25571 loops=3)
                                                                     ->  Parallel Index Scan using keyword_pkey on keyword k  (cost=0.42..4562.73 rows=3 width=4) (actual time=0.181..23.359 rows=2 loops=3)
                                                                           Filter: ((keyword)::text = ANY ('{murder,violence,blood,gore,death,female-nudity,hospital}'::text[]))
                                                                           Rows Removed by Filter: 44721
                                                                     ->  Bitmap Heap Scan on movie_keyword mk  (cost=6.75..1065.21 rows=299 width=8) (actual time=3.146..38.295 rows=10959 loops=7)
                                                                           Recheck Cond: (keyword_id = k.id)
                                                                           Heap Blocks: exact=12389
                                                                           ->  Bitmap Index Scan on keyword_id_movie_keyword  (cost=0.00..6.67 rows=299 width=0) (actual time=1.808..1.808 rows=10959 loops=7)
                                                                                 Index Cond: (keyword_id = k.id)
                                                               ->  Index Scan using title_pkey on title t  (cost=0.43..1.11 rows=1 width=21) (actual time=0.005..0.005 rows=0 loops=76714)
                                                                     Index Cond: (id = mk.movie_id)
                                                                     Filter: ((production_year > 2000) AND (((title)::text ~~ '%Freddy%'::text) OR ((title)::text ~~ '%Jason%'::text) OR ((title)::text ~~ 'Saw%'::text)))
                                                                     Rows Removed by Filter: 1
                                                   ->  Index Scan using movie_id_cast_info on cast_info ci  (cost=0.56..33.03 rows=1 width=8) (actual time=0.153..0.229 rows=2 loops=49)
                                                         Index Cond: (movie_id = mk.movie_id)
                                                         Filter: ((note)::text = ANY ('{(writer),"(head writer)","(written by)",(story),"(story editor)"}'::text[]))
                                                         Rows Removed by Filter: 82
                                             ->  Index Scan using movie_id_movie_companies on movie_companies mc  (cost=0.43..2.15 rows=1 width=8) (actual time=0.009..0.013 rows=2 loops=77)
                                                   Index Cond: (movie_id = mk.movie_id)
                                                   Filter: ((note)::text ~~ '%(Blu-ray)%'::text)
                                                   Rows Removed by Filter: 24
                                       ->  Index Scan using company_name_pkey on company_name cn  (cost=0.42..1.61 rows=1 width=4) (actual time=0.003..0.003 rows=0 loops=119)
                                             Index Cond: (id = mc.company_id)
                                             Filter: ((name)::text ~~ 'Lionsgate%'::text)
                                             Rows Removed by Filter: 1
                                 ->  Index Scan using movie_id_movie_info on movie_info mi  (cost=0.43..23.36 rows=1 width=50) (actual time=0.076..0.076 rows=2 loops=53)
                                       Index Cond: (movie_id = mk.movie_id)
                                       Filter: ((info)::text = ANY ('{Horror,Thriller}'::text[]))
                                       Rows Removed by Filter: 292
                           ->  Index Scan using info_type_pkey on info_type it1  (cost=0.14..0.16 rows=1 width=4) (actual time=0.001..0.001 rows=1 loops=84)
                                 Index Cond: (id = mi.info_type_id)
                                 Filter: ((info)::text = 'genres'::text)
                     ->  Index Scan using movie_id_movie_info_idx on movie_info_idx mi_idx  (cost=0.43..1.07 rows=3 width=14) (actual time=0.002..0.003 rows=3 loops=84)
                           Index Cond: (movie_id = mk.movie_id)
               ->  Index Scan using info_type_pkey on info_type it2  (cost=0.14..0.16 rows=1 width=4) (actual time=0.001..0.001 rows=0 loops=252)
                     Index Cond: (id = mi_idx.info_type_id)
                     Filter: ((info)::text = 'votes'::text)
                     Rows Removed by Filter: 1
         ->  Index Scan using name_pkey on name n  (cost=0.43..1.29 rows=1 width=19) (actual time=0.004..0.004 rows=1 loops=84)
               Index Cond: (id = ci.person_id)
               Filter: ((gender)::text = 'm'::text)
 Planning Time: 50.479 ms
 Execution Time: 327.352 ms
(60 rows)

SET
                                                                                                      QUERY PLAN                                                                                                      
----------------------------------------------------------------------------------------------------------------------------------------------------------------------------------------------------------------------
 Aggregate  (cost=8954.61..8954.62 rows=1 width=128) (actual time=1381.522..1381.523 rows=1 loops=1)
   ->  Nested Loop  (cost=1012.87..8954.60 rows=1 width=80) (actual time=58.448..1380.482 rows=2825 loops=1)
         Join Filter: (mi.movie_id = t.id)
         ->  Nested Loop  (cost=1012.44..8953.49 rows=1 width=83) (actual time=58.425..1371.504 rows=2825 loops=1)
               ->  Nested Loop  (cost=1012.01..8952.20 rows=1 width=72) (actual time=58.397..1359.554 rows=2825 loops=1)
                     ->  Nested Loop  (cost=1011.87..8952.02 rows=1 width=76) (actual time=58.388..1355.447 rows=3007 loops=1)
                           Join Filter: (mi_idx.movie_id = mi.movie_id)
                           ->  Nested Loop  (cost=1011.44..8928.44 rows=1 width=26) (actual time=28.777..1241.162 rows=1471 loops=1)
                                 Join Filter: (mi_idx.movie_id = ci.movie_id)
                                 ->  Gather  (cost=1010.87..8895.40 rows=1 width=18) (actual time=28.511..894.998 rows=1547 loops=1)
                                       Workers Planned: 2
                                       Workers Launched: 2
                                       ->  Nested Loop  (cost=10.87..7895.30 rows=1 width=18) (actual time=17.252..960.819 rows=516 loops=3)
                                             ->  Nested Loop  (cost=10.45..7882.53 rows=13 width=22) (actual time=4.693..459.980 rows=199419 loops=3)
                                                   Join Filter: (mi_idx.movie_id = mc.movie_id)
                                                   ->  Hash Join  (cost=10.02..7878.13 rows=2 width=14) (actual time=4.652..253.848 rows=21234 loops=3)
                                                         Hash Cond: (mi_idx.info_type_id = it2.id)
                                                         ->  Nested Loop  (cost=7.60..7874.90 rows=294 width=18) (actual time=4.563..244.437 rows=63896 loops=3)
                                                               ->  Nested Loop  (cost=7.17..7767.34 rows=98 width=4) (actual time=4.530..125.982 rows=25571 loops=3)
                                                                     ->  Parallel Index Scan using keyword_pkey on keyword k  (cost=0.42..4562.73 rows=3 width=4) (actual time=0.275..22.568 rows=2 loops=3)
                                                                           Filter: ((keyword)::text = ANY ('{murder,violence,blood,gore,death,female-nudity,hospital}'::text[]))
                                                                           Rows Removed by Filter: 44721
                                                                     ->  Bitmap Heap Scan on movie_keyword mk  (cost=6.75..1065.21 rows=299 width=8) (actual time=3.151..43.033 rows=10959 loops=7)
                                                                           Recheck Cond: (keyword_id = k.id)
                                                                           Heap Blocks: exact=12389
                                                                           ->  Bitmap Index Scan on keyword_id_movie_keyword  (cost=0.00..6.67 rows=299 width=0) (actual time=1.813..1.813 rows=10959 loops=7)
                                                                                 Index Cond: (keyword_id = k.id)
                                                               ->  Index Scan using movie_id_movie_info_idx on movie_info_idx mi_idx  (cost=0.43..1.07 rows=3 width=14) (actual time=0.004..0.004 rows=2 loops=76714)
                                                                     Index Cond: (movie_id = mk.movie_id)
                                                         ->  Hash  (cost=2.41..2.41 rows=1 width=4) (actual time=0.027..0.027 rows=1 loops=3)
                                                               Buckets: 1024  Batches: 1  Memory Usage: 9kB
                                                               ->  Seq Scan on info_type it2  (cost=0.00..2.41 rows=1 width=4) (actual time=0.022..0.023 rows=1 loops=3)
                                                                     Filter: ((info)::text = 'votes'::text)
                                                                     Rows Removed by Filter: 112
                                                   ->  Index Scan using movie_id_movie_companies on movie_companies mc  (cost=0.43..2.14 rows=5 width=8) (actual time=0.005..0.008 rows=9 loops=63701)
                                                         Index Cond: (movie_id = mk.movie_id)
                                             ->  Index Scan using company_name_pkey on company_name cn  (cost=0.42..0.98 rows=1 width=4) (actual time=0.002..0.002 rows=0 loops=598256)
                                                   Index Cond: (id = mc.company_id)
                                                   Filter: ((name)::text ~~ 'Lionsgate%'::text)
                                                   Rows Removed by Filter: 1
                                 ->  Index Scan using movie_id_cast_info on cast_info ci  (cost=0.56..33.03 rows=1 width=8) (actual time=0.164..0.226 rows=1 loops=1547)
                                       Index Cond: (movie_id = mk.movie_id)
                                       Filter: ((note)::text = ANY ('{(writer),"(head writer)","(written by)",(story),"(story editor)"}'::text[]))
                                       Rows Removed by Filter: 119
                           ->  Index Scan using movie_id_movie_info on movie_info mi  (cost=0.43..23.57 rows=1 width=50) (actual time=0.075..0.077 rows=2 loops=1471)
                                 Index Cond: (movie_id = mk.movie_id)
                                 Filter: ((info)::text = ANY ('{Horror,Action,Sci-Fi,Thriller,Crime,War}'::text[]))
                                 Rows Removed by Filter: 172
                     ->  Index Scan using info_type_pkey on info_type it1  (cost=0.14..0.16 rows=1 width=4) (actual time=0.001..0.001 rows=1 loops=3007)
                           Index Cond: (id = mi.info_type_id)
                           Filter: ((info)::text = 'genres'::text)
                           Rows Removed by Filter: 0
               ->  Index Scan using name_pkey on name n  (cost=0.43..1.29 rows=1 width=19) (actual time=0.004..0.004 rows=1 loops=2825)
                     Index Cond: (id = ci.person_id)
         ->  Index Scan using title_pkey on title t  (cost=0.43..1.10 rows=1 width=21) (actual time=0.003..0.003 rows=1 loops=2825)
               Index Cond: (id = mk.movie_id)
 Planning Time: 51.022 ms
 Execution Time: 1386.421 ms
(58 rows)

SET
                                                                              QUERY PLAN                                                                               
-----------------------------------------------------------------------------------------------------------------------------------------------------------------------
 Aggregate  (cost=3802.90..3802.91 rows=1 width=96) (actual time=15.886..15.887 rows=1 loops=1)
   ->  Nested Loop  (cost=7.90..3802.82 rows=11 width=116) (actual time=15.884..15.884 rows=0 loops=1)
         ->  Nested Loop  (cost=7.47..3756.66 rows=11 width=103) (actual time=15.883..15.883 rows=0 loops=1)
               ->  Nested Loop  (cost=7.04..3751.32 rows=11 width=94) (actual time=15.883..15.883 rows=0 loops=1)
                     Join Filter: (ml.link_type_id = lt.id)
                     ->  Nested Loop  (cost=7.04..3747.37 rows=11 width=16) (actual time=15.883..15.883 rows=0 loops=1)
                           ->  Nested Loop  (cost=6.75..3732.91 rows=34 width=4) (actual time=15.504..15.873 rows=1 loops=1)
                                 ->  Seq Scan on keyword k  (cost=0.00..2626.12 rows=1 width=4) (actual time=15.469..15.838 rows=1 loops=1)
                                       Filter: ((keyword)::text = '10,000-mile-club'::text)
                                       Rows Removed by Filter: 134169
                                 ->  Bitmap Heap Scan on movie_keyword mk  (cost=6.75..1103.80 rows=299 width=8) (actual time=0.030..0.030 rows=1 loops=1)
                                       Recheck Cond: (keyword_id = k.id)
                                       Heap Blocks: exact=1
                                       ->  Bitmap Index Scan on keyword_id_movie_keyword  (cost=0.00..6.67 rows=299 width=0) (actual time=0.013..0.013 rows=1 loops=1)
                                             Index Cond: (keyword_id = k.id)
                           ->  Index Scan using movie_id_movie_link on movie_link ml  (cost=0.29..0.38 rows=5 width=12) (actual time=0.008..0.008 rows=0 loops=1)
                                 Index Cond: (movie_id = mk.movie_id)
                     ->  Materialize  (cost=0.00..1.27 rows=18 width=86) (never executed)
                           ->  Seq Scan on link_type lt  (cost=0.00..1.18 rows=18 width=86) (never executed)
               ->  Index Scan using title_pkey on title t1  (cost=0.43..0.49 rows=1 width=21) (never executed)
                     Index Cond: (id = mk.movie_id)
         ->  Index Scan using title_pkey on title t2  (cost=0.43..4.20 rows=1 width=21) (never executed)
               Index Cond: (id = ml.linked_movie_id)
 Planning Time: 2.897 ms
 Execution Time: 16.028 ms
(25 rows)

SET
                                                                                QUERY PLAN                                                                                 
---------------------------------------------------------------------------------------------------------------------------------------------------------------------------
 Aggregate  (cost=3802.90..3802.91 rows=1 width=96) (actual time=184.825..184.826 rows=1 loops=1)
   ->  Nested Loop  (cost=7.90..3802.82 rows=11 width=116) (actual time=6.806..183.679 rows=4388 loops=1)
         ->  Nested Loop  (cost=7.47..3756.66 rows=11 width=103) (actual time=6.775..140.376 rows=4388 loops=1)
               ->  Nested Loop  (cost=7.04..3751.32 rows=11 width=94) (actual time=6.752..128.951 rows=4388 loops=1)
                     Join Filter: (ml.link_type_id = lt.id)
                     Rows Removed by Join Filter: 30206
                     ->  Nested Loop  (cost=7.04..3747.37 rows=11 width=16) (actual time=6.730..124.210 rows=4388 loops=1)
                           ->  Nested Loop  (cost=6.75..3732.91 rows=34 width=4) (actual time=6.627..84.900 rows=41840 loops=1)
                                 ->  Seq Scan on keyword k  (cost=0.00..2626.12 rows=1 width=4) (actual time=0.494..11.985 rows=1 loops=1)
                                       Filter: ((keyword)::text = 'character-name-in-title'::text)
                                       Rows Removed by Filter: 134169
                                 ->  Bitmap Heap Scan on movie_keyword mk  (cost=6.75..1103.80 rows=299 width=8) (actual time=6.130..69.006 rows=41840 loops=1)
                                       Recheck Cond: (keyword_id = k.id)
                                       Heap Blocks: exact=11541
                                       ->  Bitmap Index Scan on keyword_id_movie_keyword  (cost=0.00..6.67 rows=299 width=0) (actual time=4.064..4.064 rows=41840 loops=1)
                                             Index Cond: (keyword_id = k.id)
                           ->  Index Scan using movie_id_movie_link on movie_link ml  (cost=0.29..0.38 rows=5 width=12) (actual time=0.001..0.001 rows=0 loops=41840)
                                 Index Cond: (movie_id = mk.movie_id)
                     ->  Materialize  (cost=0.00..1.27 rows=18 width=86) (actual time=0.000..0.000 rows=8 loops=4388)
                           ->  Seq Scan on link_type lt  (cost=0.00..1.18 rows=18 width=86) (actual time=0.010..0.013 rows=17 loops=1)
               ->  Index Scan using title_pkey on title t1  (cost=0.43..0.49 rows=1 width=21) (actual time=0.002..0.002 rows=1 loops=4388)
                     Index Cond: (id = mk.movie_id)
         ->  Index Scan using title_pkey on title t2  (cost=0.43..4.20 rows=1 width=21) (actual time=0.010..0.010 rows=1 loops=4388)
               Index Cond: (id = ml.linked_movie_id)
 Planning Time: 2.347 ms
 Execution Time: 185.028 ms
(26 rows)

SET
                                                                                                                  QUERY PLAN                                                                                                                   
-----------------------------------------------------------------------------------------------------------------------------------------------------------------------------------------------------------------------------------------------
 Aggregate  (cost=4451.76..4451.77 rows=1 width=192) (actual time=71.358..71.358 rows=1 loops=1)
   ->  Nested Loop  (cost=6.44..4451.74 rows=1 width=84) (actual time=11.855..71.343 rows=8 loops=1)
         ->  Nested Loop  (cost=6.02..4451.30 rows=1 width=69) (actual time=11.846..71.287 rows=8 loops=1)
               Join Filter: (t2.id = mc2.movie_id)
               ->  Nested Loop  (cost=5.59..4450.56 rows=1 width=77) (actual time=11.826..71.254 rows=2 loops=1)
                     Join Filter: ((ml.linked_movie_id = t2.id) AND (kt2.id = t2.kind_id))
                     ->  Nested Loop  (cost=5.16..4449.84 rows=1 width=60) (actual time=11.801..71.154 rows=12 loops=1)
                           ->  Nested Loop  (cost=4.74..4449.40 rows=1 width=45) (actual time=11.768..70.629 rows=81 loops=1)
                                 ->  Nested Loop  (cost=4.31..4448.79 rows=1 width=53) (actual time=11.744..70.260 rows=28 loops=1)
                                       Join Filter: (it2.id = mi_idx2.info_type_id)
                                       Rows Removed by Join Filter: 1595
                                       ->  Nested Loop  (cost=3.88..4409.59 rows=19 width=47) (actual time=0.210..62.265 rows=1220 loops=1)
                                             Join Filter: (kt1.id = t1.kind_id)
                                             Rows Removed by Join Filter: 844
                                             ->  Nested Loop  (cost=0.00..2.18 rows=1 width=8) (actual time=0.019..0.021 rows=1 loops=1)
                                                   ->  Seq Scan on kind_type kt1  (cost=0.00..1.09 rows=1 width=4) (actual time=0.016..0.017 rows=1 loops=1)
                                                         Filter: ((kind)::text = 'tv series'::text)
                                                         Rows Removed by Filter: 6
                                                   ->  Seq Scan on kind_type kt2  (cost=0.00..1.09 rows=1 width=4) (actual time=0.001..0.002 rows=1 loops=1)
                                                         Filter: ((kind)::text = 'tv series'::text)
                                                         Rows Removed by Filter: 6
                                             ->  Nested Loop  (cost=3.88..4405.75 rows=132 width=47) (actual time=0.190..61.985 rows=2064 loops=1)
                                                   Join Filter: (ml.movie_id = t1.id)
                                                   ->  Nested Loop  (cost=3.45..4328.60 rows=132 width=22) (actual time=0.171..54.471 rows=2064 loops=1)
                                                         Join Filter: (ml.link_type_id = lt.id)
                                                         Rows Removed by Join Filter: 38685
                                                         ->  Nested Loop  (cost=3.45..4292.61 rows=794 width=26) (actual time=0.067..47.553 rows=20890 loops=1)
                                                               ->  Seq Scan on info_type it2  (cost=0.00..2.41 rows=1 width=4) (actual time=0.009..0.011 rows=1 loops=1)
                                                                     Filter: ((info)::text = 'rating'::text)
                                                                     Rows Removed by Filter: 112
                                                               ->  Hash Join  (cost=3.45..4282.26 rows=794 width=22) (actual time=0.057..45.670 rows=20890 loops=1)
                                                                     Hash Cond: (mi_idx1.info_type_id = it1.id)
                                                                     ->  Merge Join  (cost=1.03..4035.43 rows=89741 width=26) (actual time=0.017..39.524 rows=62670 loops=1)
                                                                           Merge Cond: (ml.movie_id = mi_idx1.movie_id)
                                                                           ->  Index Scan using movie_id_movie_link on movie_link ml  (cost=0.29..959.51 rows=29997 width=12) (actual time=0.005..5.140 rows=29997 loops=1)
                                                                           ->  Index Scan using movie_id_movie_info_idx on movie_info_idx mi_idx1  (cost=0.43..43820.38 rows=1380035 width=14) (actual time=0.008..18.699 rows=114373 loops=1)
                                                                     ->  Hash  (cost=2.41..2.41 rows=1 width=4) (actual time=0.016..0.017 rows=1 loops=1)
                                                                           Buckets: 1024  Batches: 1  Memory Usage: 9kB
                                                                           ->  Seq Scan on info_type it1  (cost=0.00..2.41 rows=1 width=4) (actual time=0.009..0.010 rows=1 loops=1)
                                                                                 Filter: ((info)::text = 'rating'::text)
                                                                                 Rows Removed by Filter: 112
                                                         ->  Materialize  (cost=0.00..1.26 rows=3 width=4) (actual time=0.000..0.000 rows=2 loops=20890)
                                                               ->  Seq Scan on link_type lt  (cost=0.00..1.25 rows=3 width=4) (actual time=0.013..0.016 rows=2 loops=1)
                                                                     Filter: ((link)::text = ANY ('{sequel,follows,"followed by"}'::text[]))
                                                                     Rows Removed by Filter: 16
                                                   ->  Index Scan using title_pkey on title t1  (cost=0.43..0.57 rows=1 width=25) (actual time=0.003..0.003 rows=1 loops=2064)
                                                         Index Cond: (id = mi_idx1.movie_id)
                                       ->  Index Scan using movie_id_movie_info_idx on movie_info_idx mi_idx2  (cost=0.43..2.05 rows=1 width=14) (actual time=0.006..0.006 rows=1 loops=1220)
                                             Index Cond: (movie_id = ml.linked_movie_id)
                                             Filter: ((info)::text < '3.0'::text)
                                             Rows Removed by Filter: 1
                                 ->  Index Scan using movie_id_movie_companies on movie_companies mc1  (cost=0.43..0.56 rows=5 width=8) (actual time=0.009..0.012 rows=3 loops=28)
                                       Index Cond: (movie_id = t1.id)
                           ->  Index Scan using company_name_pkey on company_name cn1  (cost=0.42..0.45 rows=1 width=23) (actual time=0.006..0.006 rows=0 loops=81)
                                 Index Cond: (id = mc1.company_id)
                                 Filter: ((country_code)::text = '[us]'::text)
                                 Rows Removed by Filter: 1
                     ->  Index Scan using title_pkey on title t2  (cost=0.43..0.71 rows=1 width=25) (actual time=0.008..0.008 rows=0 loops=12)
                           Index Cond: (id = mi_idx2.movie_id)
                           Filter: ((production_year >= 2005) AND (production_year <= 2008))
                           Rows Removed by Filter: 1
               ->  Index Scan using movie_id_movie_companies on movie_companies mc2  (cost=0.43..0.67 rows=5 width=8) (actual time=0.010..0.014 rows=4 loops=2)
                     Index Cond: (movie_id = mi_idx2.movie_id)
         ->  Index Scan using company_name_pkey on company_name cn2  (cost=0.42..0.44 rows=1 width=23) (actual time=0.006..0.006 rows=1 loops=8)
               Index Cond: (id = mc2.company_id)
 Planning Time: 91.979 ms
 Execution Time: 71.636 ms
(67 rows)

SET
                                                                                                                 QUERY PLAN                                                                                                                  
---------------------------------------------------------------------------------------------------------------------------------------------------------------------------------------------------------------------------------------------
 Aggregate  (cost=2681.30..2681.31 rows=1 width=192) (actual time=46.837..46.837 rows=1 loops=1)
   ->  Nested Loop  (cost=340.64..2681.28 rows=1 width=84) (actual time=8.652..46.826 rows=4 loops=1)
         Join Filter: ((t2.id = mi_idx2.movie_id) AND (it2.id = mi_idx2.info_type_id))
         Rows Removed by Join Filter: 4
         ->  Nested Loop  (cost=340.21..2680.76 rows=1 width=94) (actual time=8.637..46.802 rows=4 loops=1)
               ->  Nested Loop  (cost=340.08..2680.59 rows=1 width=98) (actual time=8.630..46.791 rows=4 loops=1)
                     Join Filter: (ml.movie_id = t1.id)
                     ->  Nested Loop  (cost=339.65..2680.06 rows=1 width=89) (actual time=8.621..46.775 rows=4 loops=1)
                           ->  Nested Loop  (cost=339.23..2679.62 rows=1 width=74) (actual time=8.616..46.763 rows=4 loops=1)
                                 ->  Nested Loop  (cost=338.80..2678.21 rows=1 width=66) (actual time=8.612..46.756 rows=1 loops=1)
                                       ->  Nested Loop  (cost=338.67..2678.04 rows=1 width=70) (actual time=2.038..46.732 rows=6 loops=1)
                                             ->  Nested Loop  (cost=338.24..2669.65 rows=2 width=45) (actual time=2.009..44.428 rows=477 loops=1)
                                                   ->  Index Scan using info_type_pkey on info_type it2  (cost=0.14..14.12 rows=1 width=4) (actual time=0.017..0.019 rows=1 loops=1)
                                                         Filter: ((info)::text = 'rating'::text)
                                                         Rows Removed by Filter: 112
                                                   ->  Nested Loop  (cost=338.09..2655.51 rows=2 width=41) (actual time=1.991..44.354 rows=477 loops=1)
                                                         ->  Nested Loop  (cost=337.67..2557.48 rows=220 width=26) (actual time=1.931..25.943 rows=9674 loops=1)
                                                               Join Filter: (ml.movie_id = mc1.movie_id)
                                                               ->  Hash Join  (cost=337.24..2528.65 rows=44 width=18) (actual time=1.925..16.623 rows=2064 loops=1)
                                                                     Hash Cond: (mi_idx1.info_type_id = it1.id)
                                                                     ->  Merge Join  (cost=334.82..2512.65 rows=4984 width=22) (actual time=1.886..15.930 rows=6192 loops=1)
                                                                           Merge Cond: (mi_idx1.movie_id = ml.movie_id)
                                                                           ->  Index Scan using movie_id_movie_info_idx on movie_info_idx mi_idx1  (cost=0.43..43820.38 rows=1380035 width=14) (actual time=0.008..8.575 rows=63901 loops=1)
                                                                           ->  Sort  (cost=334.38..338.55 rows=1666 width=8) (actual time=1.857..2.179 rows=6443 loops=1)
                                                                                 Sort Key: ml.movie_id
                                                                                 Sort Method: quicksort  Memory: 205kB
                                                                                 ->  Nested Loop  (cost=38.82..245.23 rows=1666 width=8) (actual time=0.126..1.331 rows=2315 loops=1)
                                                                                       ->  Seq Scan on link_type lt  (cost=0.00..1.23 rows=1 width=4) (actual time=0.013..0.017 rows=2 loops=1)
                                                                                             Filter: ((link)::text ~~ '%follow%'::text)
                                                                                             Rows Removed by Filter: 16
                                                                                       ->  Bitmap Heap Scan on movie_link ml  (cost=38.82..225.26 rows=1875 width=12) (actual time=0.093..0.543 rows=1158 loops=2)
                                                                                             Recheck Cond: (link_type_id = lt.id)
                                                                                             Heap Blocks: exact=191
                                                                                             ->  Bitmap Index Scan on link_type_id_movie_link  (cost=0.00..38.35 rows=1875 width=0) (actual time=0.078..0.078 rows=1158 loops=2)
                                                                                                   Index Cond: (link_type_id = lt.id)
                                                                     ->  Hash  (cost=2.41..2.41 rows=1 width=4) (actual time=0.015..0.015 rows=1 loops=1)
                                                                           Buckets: 1024  Batches: 1  Memory Usage: 9kB
                                                                           ->  Seq Scan on info_type it1  (cost=0.00..2.41 rows=1 width=4) (actual time=0.010..0.012 rows=1 loops=1)
                                                                                 Filter: ((info)::text = 'rating'::text)
                                                                                 Rows Removed by Filter: 112
                                                               ->  Index Scan using movie_id_movie_companies on movie_companies mc1  (cost=0.43..0.59 rows=5 width=8) (actual time=0.002..0.004 rows=5 loops=2064)
                                                                     Index Cond: (movie_id = mi_idx1.movie_id)
                                                         ->  Index Scan using company_name_pkey on company_name cn1  (cost=0.42..0.45 rows=1 width=23) (actual time=0.002..0.002 rows=0 loops=9674)
                                                               Index Cond: (id = mc1.company_id)
                                                               Filter: ((country_code)::text = '[nl]'::text)
                                                               Rows Removed by Filter: 1
                                             ->  Index Scan using title_pkey on title t2  (cost=0.43..4.20 rows=1 width=25) (actual time=0.005..0.005 rows=0 loops=477)
                                                   Index Cond: (id = ml.linked_movie_id)
                                                   Filter: (production_year = 2007)
                                                   Rows Removed by Filter: 1
                                       ->  Index Scan using kind_type_pkey on kind_type kt2  (cost=0.13..0.15 rows=1 width=4) (actual time=0.003..0.003 rows=0 loops=6)
                                             Index Cond: (id = t2.kind_id)
                                             Filter: ((kind)::text = 'tv series'::text)
                                             Rows Removed by Filter: 1
                                 ->  Index Scan using movie_id_movie_companies on movie_companies mc2  (cost=0.43..1.35 rows=5 width=8) (actual time=0.003..0.005 rows=4 loops=1)
                                       Index Cond: (movie_id = t2.id)
                           ->  Index Scan using company_name_pkey on company_name cn2  (cost=0.42..0.44 rows=1 width=23) (actual time=0.002..0.002 rows=1 loops=4)
                                 Index Cond: (id = mc2.company_id)
                     ->  Index Scan using title_pkey on title t1  (cost=0.43..0.51 rows=1 width=25) (actual time=0.003..0.003 rows=1 loops=4)
                           Index Cond: (id = mc1.movie_id)
               ->  Index Scan using kind_type_pkey on kind_type kt1  (cost=0.13..0.15 rows=1 width=4) (actual time=0.002..0.002 rows=1 loops=4)
                     Index Cond: (id = t1.kind_id)
                     Filter: ((kind)::text = 'tv series'::text)
         ->  Index Scan using movie_id_movie_info_idx on movie_info_idx mi_idx2  (cost=0.43..0.51 rows=1 width=14) (actual time=0.005..0.005 rows=2 loops=4)
               Index Cond: (movie_id = mc2.movie_id)
               Filter: ((info)::text < '3.0'::text)
               Rows Removed by Filter: 1
 Planning Time: 92.313 ms
 Execution Time: 47.133 ms
(69 rows)

SET
                                                                                                                 QUERY PLAN                                                                                                                  
---------------------------------------------------------------------------------------------------------------------------------------------------------------------------------------------------------------------------------------------
 Aggregate  (cost=3851.97..3851.98 rows=1 width=192) (actual time=36.158..36.158 rows=1 loops=1)
   ->  Nested Loop  (cost=875.97..3851.96 rows=1 width=84) (actual time=10.071..36.100 rows=114 loops=1)
         ->  Nested Loop  (cost=875.55..3851.51 rows=1 width=69) (actual time=10.063..35.727 rows=131 loops=1)
               ->  Nested Loop  (cost=875.12..3850.90 rows=1 width=77) (actual time=10.056..35.565 rows=44 loops=1)
                     ->  Nested Loop  (cost=874.70..3850.46 rows=1 width=62) (actual time=10.042..35.395 rows=44 loops=1)
                           ->  Nested Loop  (cost=874.27..3849.79 rows=1 width=70) (actual time=10.037..35.201 rows=19 loops=1)
                                 ->  Nested Loop  (cost=874.14..3849.63 rows=1 width=74) (actual time=9.217..35.158 rows=27 loops=1)
                                       Join Filter: (it2.id = mi_idx2.info_type_id)
                                       Rows Removed by Join Filter: 1170
                                       ->  Nested Loop  (cost=873.71..3841.45 rows=15 width=68) (actual time=5.888..32.588 rows=851 loops=1)
                                             ->  Index Scan using info_type_pkey on info_type it2  (cost=0.14..14.12 rows=1 width=4) (actual time=0.016..0.019 rows=1 loops=1)
                                                   Filter: ((info)::text = 'rating'::text)
                                                   Rows Removed by Filter: 112
                                             ->  Hash Join  (cost=873.57..3827.18 rows=15 width=64) (actual time=5.869..32.458 rows=851 loops=1)
                                                   Hash Cond: (t1.kind_id = kt1.id)
                                                   ->  Nested Loop  (cost=872.46..3825.83 rows=54 width=68) (actual time=5.837..32.250 rows=851 loops=1)
                                                         Join Filter: (ml.movie_id = t1.id)
                                                         ->  Nested Loop  (cost=872.03..3794.27 rows=54 width=43) (actual time=5.826..30.456 rows=851 loops=1)
                                                               ->  Hash Join  (cost=871.60..3239.76 rows=132 width=18) (actual time=5.795..20.143 rows=2064 loops=1)
                                                                     Hash Cond: (mi_idx1.info_type_id = it1.id)
                                                                     ->  Merge Join  (cost=869.17..3196.60 rows=14958 width=22) (actual time=5.766..19.466 rows=6192 loops=1)
                                                                           Merge Cond: (mi_idx1.movie_id = ml.movie_id)
                                                                           ->  Index Scan using movie_id_movie_info_idx on movie_info_idx mi_idx1  (cost=0.43..43820.38 rows=1380035 width=14) (actual time=0.007..8.226 rows=63901 loops=1)
                                                                           ->  Sort  (cost=868.72..881.22 rows=5000 width=8) (actual time=5.737..6.055 rows=6443 loops=1)
                                                                                 Sort Key: ml.movie_id
                                                                                 Sort Method: quicksort  Memory: 205kB
                                                                                 ->  Hash Join  (cost=1.29..561.53 rows=5000 width=8) (actual time=0.038..5.235 rows=2315 loops=1)
                                                                                       Hash Cond: (ml.link_type_id = lt.id)
                                                                                       ->  Seq Scan on movie_link ml  (cost=0.00..462.97 rows=29997 width=12) (actual time=0.003..2.817 rows=29997 loops=1)
                                                                                       ->  Hash  (cost=1.25..1.25 rows=3 width=4) (actual time=0.017..0.017 rows=2 loops=1)
                                                                                             Buckets: 1024  Batches: 1  Memory Usage: 9kB
                                                                                             ->  Seq Scan on link_type lt  (cost=0.00..1.25 rows=3 width=4) (actual time=0.012..0.014 rows=2 loops=1)
                                                                                                   Filter: ((link)::text = ANY ('{sequel,follows,"followed by"}'::text[]))
                                                                                                   Rows Removed by Filter: 16
                                                                     ->  Hash  (cost=2.41..2.41 rows=1 width=4) (actual time=0.012..0.012 rows=1 loops=1)
                                                                           Buckets: 1024  Batches: 1  Memory Usage: 9kB
                                                                           ->  Seq Scan on info_type it1  (cost=0.00..2.41 rows=1 width=4) (actual time=0.009..0.010 rows=1 loops=1)
                                                                                 Filter: ((info)::text = 'rating'::text)
                                                                                 Rows Removed by Filter: 112
                                                               ->  Index Scan using title_pkey on title t2  (cost=0.43..4.20 rows=1 width=25) (actual time=0.005..0.005 rows=0 loops=2064)
                                                                     Index Cond: (id = ml.linked_movie_id)
                                                                     Filter: ((production_year >= 2000) AND (production_year <= 2010))
                                                                     Rows Removed by Filter: 1
                                                         ->  Index Scan using title_pkey on title t1  (cost=0.43..0.57 rows=1 width=25) (actual time=0.002..0.002 rows=1 loops=851)
                                                               Index Cond: (id = mi_idx1.movie_id)
                                                   ->  Hash  (cost=1.09..1.09 rows=2 width=4) (actual time=0.011..0.011 rows=2 loops=1)
                                                         Buckets: 1024  Batches: 1  Memory Usage: 9kB
                                                         ->  Seq Scan on kind_type kt1  (cost=0.00..1.09 rows=2 width=4) (actual time=0.005..0.006 rows=2 loops=1)
                                                               Filter: ((kind)::text = ANY ('{"tv series",episode}'::text[]))
                                                               Rows Removed by Filter: 5
                                       ->  Index Scan using movie_id_movie_info_idx on movie_info_idx mi_idx2  (cost=0.43..0.53 rows=1 width=14) (actual time=0.002..0.003 rows=1 loops=851)
                                             Index Cond: (movie_id = t2.id)
                                             Filter: ((info)::text < '3.5'::text)
                                             Rows Removed by Filter: 2
                                 ->  Index Scan using kind_type_pkey on kind_type kt2  (cost=0.13..0.15 rows=1 width=4) (actual time=0.001..0.001 rows=1 loops=27)
                                       Index Cond: (id = t2.kind_id)
                                       Filter: ((kind)::text = ANY ('{"tv series",episode}'::text[]))
                                       Rows Removed by Filter: 0
                           ->  Index Scan using movie_id_movie_companies on movie_companies mc2  (cost=0.43..0.62 rows=5 width=8) (actual time=0.007..0.009 rows=2 loops=19)
                                 Index Cond: (movie_id = t2.id)
                     ->  Index Scan using company_name_pkey on company_name cn2  (cost=0.42..0.44 rows=1 width=23) (actual time=0.003..0.003 rows=1 loops=44)
                           Index Cond: (id = mc2.company_id)
               ->  Index Scan using movie_id_movie_companies on movie_companies mc1  (cost=0.43..0.56 rows=5 width=8) (actual time=0.002..0.003 rows=3 loops=44)
                     Index Cond: (movie_id = t1.id)
         ->  Index Scan using company_name_pkey on company_name cn1  (cost=0.42..0.45 rows=1 width=23) (actual time=0.003..0.003 rows=1 loops=131)
               Index Cond: (id = mc1.company_id)
               Filter: ((country_code)::text <> '[us]'::text)
               Rows Removed by Filter: 0
 Planning Time: 89.849 ms
 Execution Time: 36.445 ms
(70 rows)

SET
                                                                          QUERY PLAN                                                                          
--------------------------------------------------------------------------------------------------------------------------------------------------------------
 Aggregate  (cost=16579.47..16579.48 rows=1 width=32) (actual time=227.288..227.289 rows=1 loops=1)
   ->  Nested Loop  (cost=7.61..16579.31 rows=65 width=17) (actual time=6.865..227.225 rows=206 loops=1)
         Join Filter: (t.id = mi.movie_id)
         ->  Nested Loop  (cost=7.18..16269.29 rows=174 width=25) (actual time=5.083..129.303 rows=2235 loops=1)
               ->  Nested Loop  (cost=6.75..16055.56 rows=438 width=4) (actual time=3.562..59.670 rows=12951 loops=1)
                     ->  Seq Scan on keyword k  (cost=0.00..2626.12 rows=13 width=4) (actual time=1.197..22.088 rows=30 loops=1)
                           Filter: ((keyword)::text ~~ '%sequel%'::text)
                           Rows Removed by Filter: 134140
                     ->  Bitmap Heap Scan on movie_keyword mk  (cost=6.75..1030.04 rows=299 width=8) (actual time=0.100..1.203 rows=432 loops=30)
                           Recheck Cond: (keyword_id = k.id)
                           Heap Blocks: exact=6979
                           ->  Bitmap Index Scan on keyword_id_movie_keyword  (cost=0.00..6.67 rows=299 width=0) (actual time=0.060..0.060 rows=432 loops=30)
                                 Index Cond: (keyword_id = k.id)
               ->  Index Scan using title_pkey on title t  (cost=0.43..0.49 rows=1 width=21) (actual time=0.005..0.005 rows=0 loops=12951)
                     Index Cond: (id = mk.movie_id)
                     Filter: (production_year > 2005)
                     Rows Removed by Filter: 1
         ->  Index Scan using movie_id_movie_info on movie_info mi  (cost=0.43..1.77 rows=1 width=4) (actual time=0.041..0.044 rows=0 loops=2235)
               Index Cond: (movie_id = mk.movie_id)
               Filter: ((info)::text = ANY ('{Sweden,Norway,Germany,Denmark,Swedish,Denish,Norwegian,German}'::text[]))
               Rows Removed by Filter: 45
 Planning Time: 1.819 ms
 Execution Time: 227.381 ms
(23 rows)

SET
                                                                          QUERY PLAN                                                                          
--------------------------------------------------------------------------------------------------------------------------------------------------------------
 Aggregate  (cost=16369.03..16369.04 rows=1 width=32) (actual time=148.440..148.441 rows=1 loops=1)
   ->  Nested Loop  (cost=7.61..16369.03 rows=1 width=17) (actual time=11.103..148.427 rows=5 loops=1)
         Join Filter: (t.id = mi.movie_id)
         ->  Nested Loop  (cost=7.18..16269.29 rows=68 width=25) (actual time=5.450..127.409 rows=405 loops=1)
               ->  Nested Loop  (cost=6.75..16055.56 rows=438 width=4) (actual time=3.751..59.903 rows=12951 loops=1)
                     ->  Seq Scan on keyword k  (cost=0.00..2626.12 rows=13 width=4) (actual time=1.363..22.352 rows=30 loops=1)
                           Filter: ((keyword)::text ~~ '%sequel%'::text)
                           Rows Removed by Filter: 134140
                     ->  Bitmap Heap Scan on movie_keyword mk  (cost=6.75..1030.04 rows=299 width=8) (actual time=0.100..1.203 rows=432 loops=30)
                           Recheck Cond: (keyword_id = k.id)
                           Heap Blocks: exact=6979
                           ->  Bitmap Index Scan on keyword_id_movie_keyword  (cost=0.00..6.67 rows=299 width=0) (actual time=0.061..0.061 rows=432 loops=30)
                                 Index Cond: (keyword_id = k.id)
               ->  Index Scan using title_pkey on title t  (cost=0.43..0.49 rows=1 width=21) (actual time=0.005..0.005 rows=0 loops=12951)
                     Index Cond: (id = mk.movie_id)
                     Filter: (production_year > 2010)
                     Rows Removed by Filter: 1
         ->  Index Scan using movie_id_movie_info on movie_info mi  (cost=0.43..1.45 rows=1 width=4) (actual time=0.051..0.052 rows=0 loops=405)
               Index Cond: (movie_id = mk.movie_id)
               Filter: ((info)::text = 'Bulgaria'::text)
               Rows Removed by Filter: 63
 Planning Time: 1.954 ms
 Execution Time: 148.554 ms
(23 rows)

SET
                                                                          QUERY PLAN                                                                          
--------------------------------------------------------------------------------------------------------------------------------------------------------------
 Aggregate  (cost=16842.39..16842.40 rows=1 width=32) (actual time=389.481..389.481 rows=1 loops=1)
   ->  Nested Loop  (cost=7.61..16840.96 rows=570 width=17) (actual time=4.010..388.455 rows=7250 loops=1)
         Join Filter: (t.id = mi.movie_id)
         ->  Nested Loop  (cost=7.18..16269.29 rows=301 width=25) (actual time=3.740..120.584 rows=7874 loops=1)
               ->  Nested Loop  (cost=6.75..16055.56 rows=438 width=4) (actual time=3.717..55.941 rows=12951 loops=1)
                     ->  Seq Scan on keyword k  (cost=0.00..2626.12 rows=13 width=4) (actual time=1.331..21.988 rows=30 loops=1)
                           Filter: ((keyword)::text ~~ '%sequel%'::text)
                           Rows Removed by Filter: 134140
                     ->  Bitmap Heap Scan on movie_keyword mk  (cost=6.75..1030.04 rows=299 width=8) (actual time=0.101..1.076 rows=432 loops=30)
                           Recheck Cond: (keyword_id = k.id)
                           Heap Blocks: exact=6979
                           ->  Bitmap Index Scan on keyword_id_movie_keyword  (cost=0.00..6.67 rows=299 width=0) (actual time=0.062..0.062 rows=432 loops=30)
                                 Index Cond: (keyword_id = k.id)
               ->  Index Scan using title_pkey on title t  (cost=0.43..0.49 rows=1 width=21) (actual time=0.005..0.005 rows=1 loops=12951)
                     Index Cond: (id = mk.movie_id)
                     Filter: (production_year > 1990)
                     Rows Removed by Filter: 0
         ->  Index Scan using movie_id_movie_info on movie_info mi  (cost=0.43..1.87 rows=2 width=4) (actual time=0.029..0.034 rows=1 loops=7874)
               Index Cond: (movie_id = mk.movie_id)
               Filter: ((info)::text = ANY ('{Sweden,Norway,Germany,Denmark,Swedish,Denish,Norwegian,German,USA,American}'::text[]))
               Rows Removed by Filter: 35
 Planning Time: 2.065 ms
 Execution Time: 389.583 ms
(23 rows)

SET
                                                                                 QUERY PLAN                                                                                 
----------------------------------------------------------------------------------------------------------------------------------------------------------------------------
 Aggregate  (cost=16288.57..16288.58 rows=1 width=64) (actual time=161.044..161.045 rows=1 loops=1)
   ->  Nested Loop  (cost=7.61..16288.56 rows=2 width=23) (actual time=6.021..160.867 rows=740 loops=1)
         Join Filter: (mi_idx.movie_id = t.id)
         ->  Nested Loop  (cost=7.18..16286.56 rows=4 width=14) (actual time=3.789..119.041 rows=5820 loops=1)
               Join Filter: (mi_idx.info_type_id = it.id)
               Rows Removed by Join Filter: 2613
               ->  Seq Scan on info_type it  (cost=0.00..2.41 rows=1 width=4) (actual time=0.011..0.013 rows=1 loops=1)
                     Filter: ((info)::text = 'rating'::text)
                     Rows Removed by Filter: 112
               ->  Nested Loop  (cost=7.18..16278.01 rows=491 width=18) (actual time=3.775..117.909 rows=8433 loops=1)
                     ->  Nested Loop  (cost=6.75..16055.56 rows=438 width=4) (actual time=3.750..63.762 rows=12951 loops=1)
                           ->  Seq Scan on keyword k  (cost=0.00..2626.12 rows=13 width=4) (actual time=1.345..22.716 rows=30 loops=1)
                                 Filter: ((keyword)::text ~~ '%sequel%'::text)
                                 Rows Removed by Filter: 134140
                           ->  Bitmap Heap Scan on movie_keyword mk  (cost=6.75..1030.04 rows=299 width=8) (actual time=0.101..1.318 rows=432 loops=30)
                                 Recheck Cond: (keyword_id = k.id)
                                 Heap Blocks: exact=6979
                                 ->  Bitmap Index Scan on keyword_id_movie_keyword  (cost=0.00..6.67 rows=299 width=0) (actual time=0.062..0.062 rows=432 loops=30)
                                       Index Cond: (keyword_id = k.id)
                     ->  Index Scan using movie_id_movie_info_idx on movie_info_idx mi_idx  (cost=0.43..0.50 rows=1 width=14) (actual time=0.004..0.004 rows=1 loops=12951)
                           Index Cond: (movie_id = mk.movie_id)
                           Filter: ((info)::text > '5.0'::text)
                           Rows Removed by Filter: 1
         ->  Index Scan using title_pkey on title t  (cost=0.43..0.49 rows=1 width=21) (actual time=0.007..0.007 rows=0 loops=5820)
               Index Cond: (id = mk.movie_id)
               Filter: (production_year > 2005)
               Rows Removed by Filter: 1
 Planning Time: 2.418 ms
 Execution Time: 161.171 ms
(29 rows)

SET
                                                                                 QUERY PLAN                                                                                 
----------------------------------------------------------------------------------------------------------------------------------------------------------------------------
 Aggregate  (cost=16281.03..16281.04 rows=1 width=64) (actual time=91.834..91.834 rows=1 loops=1)
   ->  Nested Loop  (cost=7.61..16281.02 rows=1 width=23) (actual time=14.997..91.821 rows=6 loops=1)
         Join Filter: (mi_idx.movie_id = t.id)
         ->  Nested Loop  (cost=7.18..16280.52 rows=1 width=14) (actual time=13.167..91.646 rows=21 loops=1)
               Join Filter: (mi_idx.info_type_id = it.id)
               Rows Removed by Join Filter: 285
               ->  Seq Scan on info_type it  (cost=0.00..2.41 rows=1 width=4) (actual time=0.012..0.013 rows=1 loops=1)
                     Filter: ((info)::text = 'rating'::text)
                     Rows Removed by Filter: 112
               ->  Nested Loop  (cost=7.18..16278.01 rows=8 width=18) (actual time=4.126..91.597 rows=306 loops=1)
                     ->  Nested Loop  (cost=6.75..16055.56 rows=438 width=4) (actual time=3.759..50.960 rows=12951 loops=1)
                           ->  Seq Scan on keyword k  (cost=0.00..2626.12 rows=13 width=4) (actual time=1.348..20.695 rows=30 loops=1)
                                 Filter: ((keyword)::text ~~ '%sequel%'::text)
                                 Rows Removed by Filter: 134140
                           ->  Bitmap Heap Scan on movie_keyword mk  (cost=6.75..1030.04 rows=299 width=8) (actual time=0.095..0.965 rows=432 loops=30)
                                 Recheck Cond: (keyword_id = k.id)
                                 Heap Blocks: exact=6979
                                 ->  Bitmap Index Scan on keyword_id_movie_keyword  (cost=0.00..6.67 rows=299 width=0) (actual time=0.058..0.058 rows=432 loops=30)
                                       Index Cond: (keyword_id = k.id)
                     ->  Index Scan using movie_id_movie_info_idx on movie_info_idx mi_idx  (cost=0.43..0.50 rows=1 width=14) (actual time=0.003..0.003 rows=0 loops=12951)
                           Index Cond: (movie_id = mk.movie_id)
                           Filter: ((info)::text > '9.0'::text)
                           Rows Removed by Filter: 2
         ->  Index Scan using title_pkey on title t  (cost=0.43..0.49 rows=1 width=21) (actual time=0.008..0.008 rows=0 loops=21)
               Index Cond: (id = mk.movie_id)
               Filter: (production_year > 2010)
               Rows Removed by Filter: 1
 Planning Time: 2.160 ms
 Execution Time: 91.956 ms
(29 rows)

SET
                                                                                 QUERY PLAN                                                                                 
----------------------------------------------------------------------------------------------------------------------------------------------------------------------------
 Aggregate  (cost=16297.85..16297.86 rows=1 width=64) (actual time=132.211..132.212 rows=1 loops=1)
   ->  Nested Loop  (cost=7.61..16297.83 rows=5 width=23) (actual time=3.440..131.308 rows=4700 loops=1)
         Join Filter: (mi_idx.movie_id = t.id)
         ->  Nested Loop  (cost=7.18..16294.33 rows=7 width=14) (actual time=3.403..83.435 rows=8092 loops=1)
               Join Filter: (mi_idx.info_type_id = it.id)
               Rows Removed by Join Filter: 6507
               ->  Seq Scan on info_type it  (cost=0.00..2.41 rows=1 width=4) (actual time=0.011..0.014 rows=1 loops=1)
                     Filter: ((info)::text = 'rating'::text)
                     Rows Removed by Filter: 112
               ->  Nested Loop  (cost=7.18..16282.39 rows=762 width=18) (actual time=3.390..81.784 rows=14599 loops=1)
                     ->  Nested Loop  (cost=6.75..16055.56 rows=438 width=4) (actual time=3.380..44.146 rows=12951 loops=1)
                           ->  Seq Scan on keyword k  (cost=0.00..2626.12 rows=13 width=4) (actual time=1.139..22.581 rows=30 loops=1)
                                 Filter: ((keyword)::text ~~ '%sequel%'::text)
                                 Rows Removed by Filter: 134140
                           ->  Bitmap Heap Scan on movie_keyword mk  (cost=6.75..1030.04 rows=299 width=8) (actual time=0.095..0.670 rows=432 loops=30)
                                 Recheck Cond: (keyword_id = k.id)
                                 Heap Blocks: exact=6979
                                 ->  Bitmap Index Scan on keyword_id_movie_keyword  (cost=0.00..6.67 rows=299 width=0) (actual time=0.057..0.057 rows=432 loops=30)
                                       Index Cond: (keyword_id = k.id)
                     ->  Index Scan using movie_id_movie_info_idx on movie_info_idx mi_idx  (cost=0.43..0.50 rows=2 width=14) (actual time=0.002..0.003 rows=1 loops=12951)
                           Index Cond: (movie_id = mk.movie_id)
                           Filter: ((info)::text > '2.0'::text)
                           Rows Removed by Filter: 1
         ->  Index Scan using title_pkey on title t  (cost=0.43..0.49 rows=1 width=21) (actual time=0.006..0.006 rows=1 loops=8092)
               Index Cond: (id = mk.movie_id)
               Filter: (production_year > 1990)
               Rows Removed by Filter: 0
 Planning Time: 1.930 ms
 Execution Time: 132.330 ms
(29 rows)

SET
                                                                                QUERY PLAN                                                                                 
---------------------------------------------------------------------------------------------------------------------------------------------------------------------------
 Finalize Aggregate  (cost=38740.79..38740.80 rows=1 width=32) (actual time=135.796..135.796 rows=1 loops=1)
   ->  Gather  (cost=38740.58..38740.79 rows=2 width=32) (actual time=135.728..136.489 rows=3 loops=1)
         Workers Planned: 2
         Workers Launched: 2
         ->  Partial Aggregate  (cost=37740.58..37740.59 rows=1 width=32) (actual time=133.262..133.262 rows=1 loops=3)
               ->  Hash Join  (cost=5.47..37740.50 rows=31 width=17) (actual time=133.259..133.259 rows=0 loops=3)
                     Hash Cond: (mi.info_type_id = it.id)
                     ->  Nested Loop  (cost=1.93..37736.88 rows=31 width=21) (actual time=133.258..133.258 rows=0 loops=3)
                           ->  Nested Loop  (cost=1.49..37442.96 rows=122 width=25) (actual time=133.258..133.258 rows=0 loops=3)
                                 ->  Hash Join  (cost=1.06..35104.78 rows=308 width=4) (actual time=133.258..133.258 rows=0 loops=3)
                                       Hash Cond: (mc.company_type_id = ct.id)
                                       ->  Parallel Seq Scan on movie_companies mc  (cost=0.00..35097.06 rows=1231 width=8) (actual time=2.289..132.620 rows=8008 loops=3)
                                             Filter: (((note)::text ~~ '%(theatrical)%'::text) AND ((note)::text ~~ '%(France)%'::text))
                                             Rows Removed by Filter: 861701
                                       ->  Hash  (cost=1.05..1.05 rows=1 width=4) (actual time=0.019..0.019 rows=1 loops=3)
                                             Buckets: 1024  Batches: 1  Memory Usage: 9kB
                                             ->  Seq Scan on company_type ct  (cost=0.00..1.05 rows=1 width=4) (actual time=0.013..0.014 rows=1 loops=3)
                                                   Filter: ((kind)::text = 'production companies'::text)
                                                   Rows Removed by Filter: 3
                                 ->  Index Scan using title_pkey on title t  (cost=0.43..7.59 rows=1 width=21) (never executed)
                                       Index Cond: (id = mc.movie_id)
                                       Filter: (production_year > 2005)
                           ->  Index Scan using movie_id_movie_info on movie_info mi  (cost=0.43..2.40 rows=1 width=8) (never executed)
                                 Index Cond: (movie_id = t.id)
                                 Filter: ((info)::text = ANY ('{Sweden,Norway,Germany,Denmark,Swedish,Denish,Norwegian,German}'::text[]))
                     ->  Hash  (cost=2.13..2.13 rows=113 width=4) (never executed)
                           ->  Seq Scan on info_type it  (cost=0.00..2.13 rows=113 width=4) (never executed)
 Planning Time: 2.399 ms
 Execution Time: 136.653 ms
(29 rows)

SET
                                                                            QUERY PLAN                                                                            
------------------------------------------------------------------------------------------------------------------------------------------------------------------
 Aggregate  (cost=38870.51..38870.52 rows=1 width=32) (actual time=127.553..127.553 rows=1 loops=1)
   ->  Gather  (cost=1002.07..38870.50 rows=2 width=17) (actual time=127.550..128.383 rows=0 loops=1)
         Workers Planned: 2
         Workers Launched: 2
         ->  Nested Loop  (cost=2.07..37870.30 rows=1 width=17) (actual time=125.165..125.165 rows=0 loops=3)
               ->  Nested Loop  (cost=1.93..37870.14 rows=1 width=21) (actual time=125.165..125.165 rows=0 loops=3)
                     ->  Nested Loop  (cost=1.49..37866.79 rows=1 width=25) (actual time=125.164..125.164 rows=0 loops=3)
                           ->  Hash Join  (cost=1.06..37816.09 rows=6 width=4) (actual time=125.164..125.164 rows=0 loops=3)
                                 Hash Cond: (mc.company_type_id = ct.id)
                                 ->  Parallel Seq Scan on movie_companies mc  (cost=0.00..37814.90 rows=25 width=8) (actual time=2.624..125.036 rows=473 loops=3)
                                       Filter: (((note)::text ~~ '%(VHS)%'::text) AND ((note)::text ~~ '%(USA)%'::text) AND ((note)::text ~~ '%(1994)%'::text))
                                       Rows Removed by Filter: 869237
                                 ->  Hash  (cost=1.05..1.05 rows=1 width=4) (actual time=0.016..0.016 rows=1 loops=3)
                                       Buckets: 1024  Batches: 1  Memory Usage: 9kB
                                       ->  Seq Scan on company_type ct  (cost=0.00..1.05 rows=1 width=4) (actual time=0.011..0.012 rows=1 loops=3)
                                             Filter: ((kind)::text = 'production companies'::text)
                                             Rows Removed by Filter: 3
                           ->  Index Scan using title_pkey on title t  (cost=0.43..8.45 rows=1 width=21) (never executed)
                                 Index Cond: (id = mc.movie_id)
                                 Filter: (production_year > 2010)
                     ->  Index Scan using movie_id_movie_info on movie_info mi  (cost=0.43..3.33 rows=2 width=8) (never executed)
                           Index Cond: (movie_id = t.id)
                           Filter: ((info)::text = ANY ('{USA,America}'::text[]))
               ->  Index Only Scan using info_type_pkey on info_type it  (cost=0.14..0.16 rows=1 width=4) (never executed)
                     Index Cond: (id = mi.info_type_id)
                     Heap Fetches: 0
 Planning Time: 2.092 ms
 Execution Time: 128.501 ms
(28 rows)

SET
                                                                                 QUERY PLAN                                                                                  
-----------------------------------------------------------------------------------------------------------------------------------------------------------------------------
 Finalize Aggregate  (cost=88991.12..88991.13 rows=1 width=32) (actual time=188.505..188.505 rows=1 loops=1)
   ->  Gather  (cost=88990.90..88991.11 rows=2 width=32) (actual time=188.415..190.876 rows=3 loops=1)
         Workers Planned: 2
         Workers Launched: 2
         ->  Partial Aggregate  (cost=87990.90..87990.91 rows=1 width=32) (actual time=186.055..186.055 rows=1 loops=3)
               ->  Hash Join  (cost=5.47..87951.49 rows=15766 width=17) (actual time=118.555..186.007 rows=223 loops=3)
                     Hash Cond: (mi.info_type_id = it.id)
                     ->  Nested Loop  (cost=1.93..87905.00 rows=15766 width=21) (actual time=118.500..185.893 rows=223 loops=3)
                           ->  Nested Loop  (cost=1.49..61336.48 rows=12181 width=25) (actual time=118.424..165.924 rows=256 loops=3)
                                 ->  Hash Join  (cost=1.06..35481.01 rows=17705 width=4) (actual time=118.363..161.323 rows=266 loops=3)
                                       Hash Cond: (mc.company_type_id = ct.id)
                                       ->  Parallel Seq Scan on movie_companies mc  (cost=0.00..35097.06 rows=70822 width=8) (actual time=0.027..154.609 rows=98543 loops=3)
                                             Filter: (((note)::text !~~ '%(TV)%'::text) AND ((note)::text ~~ '%(USA)%'::text))
                                             Rows Removed by Filter: 771167
                                       ->  Hash  (cost=1.05..1.05 rows=1 width=4) (actual time=0.015..0.015 rows=1 loops=3)
                                             Buckets: 1024  Batches: 1  Memory Usage: 9kB
                                             ->  Seq Scan on company_type ct  (cost=0.00..1.05 rows=1 width=4) (actual time=0.010..0.011 rows=1 loops=3)
                                                   Filter: ((kind)::text = 'production companies'::text)
                                                   Rows Removed by Filter: 3
                                 ->  Index Scan using title_pkey on title t  (cost=0.43..1.46 rows=1 width=21) (actual time=0.017..0.017 rows=1 loops=798)
                                       Index Cond: (id = mc.movie_id)
                                       Filter: (production_year > 1990)
                                       Rows Removed by Filter: 0
                           ->  Index Scan using movie_id_movie_info on movie_info mi  (cost=0.43..2.16 rows=2 width=8) (actual time=0.069..0.078 rows=1 loops=767)
                                 Index Cond: (movie_id = t.id)
                                 Filter: ((info)::text = ANY ('{Sweden,Norway,Germany,Denmark,Swedish,Denish,Norwegian,German,USA,American}'::text[]))
                                 Rows Removed by Filter: 10
                     ->  Hash  (cost=2.13..2.13 rows=113 width=4) (actual time=0.036..0.036 rows=113 loops=3)
                           Buckets: 1024  Batches: 1  Memory Usage: 12kB
                           ->  Seq Scan on info_type it  (cost=0.00..2.13 rows=113 width=4) (actual time=0.010..0.019 rows=113 loops=3)
 Planning Time: 2.119 ms
 Execution Time: 191.008 ms
(32 rows)

SET
                                                                            QUERY PLAN                                                                            
------------------------------------------------------------------------------------------------------------------------------------------------------------------
 Aggregate  (cost=3848.64..3848.65 rows=1 width=96) (actual time=39.002..39.002 rows=1 loops=1)
   ->  Nested Loop  (cost=8.17..3848.63 rows=1 width=48) (actual time=4.766..38.989 rows=6 loops=1)
         ->  Nested Loop  (cost=7.74..3759.44 rows=195 width=37) (actual time=0.490..23.530 rows=1224 loops=1)
               Join Filter: (t.id = ci.movie_id)
               ->  Nested Loop  (cost=7.18..3749.50 rows=5 width=41) (actual time=0.464..15.984 rows=11 loops=1)
                     ->  Nested Loop  (cost=6.75..3732.91 rows=34 width=20) (actual time=0.444..15.701 rows=14 loops=1)
                           ->  Seq Scan on keyword k  (cost=0.00..2626.12 rows=1 width=20) (actual time=0.413..15.568 rows=1 loops=1)
                                 Filter: ((keyword)::text = 'marvel-cinematic-universe'::text)
                                 Rows Removed by Filter: 134169
                           ->  Bitmap Heap Scan on movie_keyword mk  (cost=6.75..1103.80 rows=299 width=8) (actual time=0.028..0.126 rows=14 loops=1)
                                 Recheck Cond: (keyword_id = k.id)
                                 Heap Blocks: exact=12
                                 ->  Bitmap Index Scan on keyword_id_movie_keyword  (cost=0.00..6.67 rows=299 width=0) (actual time=0.017..0.017 rows=14 loops=1)
                                       Index Cond: (keyword_id = k.id)
                     ->  Index Scan using title_pkey on title t  (cost=0.43..0.49 rows=1 width=21) (actual time=0.019..0.019 rows=1 loops=14)
                           Index Cond: (id = mk.movie_id)
                           Filter: (production_year > 2010)
                           Rows Removed by Filter: 0
               ->  Index Scan using movie_id_cast_info on cast_info ci  (cost=0.56..1.52 rows=37 width=8) (actual time=0.019..0.664 rows=111 loops=11)
                     Index Cond: (movie_id = mk.movie_id)
         ->  Index Scan using name_pkey on name n  (cost=0.43..0.46 rows=1 width=19) (actual time=0.012..0.012 rows=0 loops=1224)
               Index Cond: (id = ci.person_id)
               Filter: ((name)::text ~~ '%Downey%Robert%'::text)
               Rows Removed by Filter: 1
 Planning Time: 2.338 ms
 Execution Time: 39.135 ms
(26 rows)

SET
                                                                             QUERY PLAN                                                                             
--------------------------------------------------------------------------------------------------------------------------------------------------------------------
 Aggregate  (cost=12284.11..12284.12 rows=1 width=96) (actual time=297.170..297.170 rows=1 loops=1)
   ->  Nested Loop  (cost=8.17..12284.10 rows=1 width=48) (actual time=31.331..297.148 rows=12 loops=1)
         ->  Nested Loop  (cost=7.74..12283.65 rows=1 width=37) (actual time=9.561..294.747 rows=383 loops=1)
               Join Filter: (t.id = ci.movie_id)
               ->  Nested Loop  (cost=7.18..12281.66 rows=1 width=41) (actual time=9.553..293.382 rows=36 loops=1)
                     ->  Nested Loop  (cost=6.75..12149.91 rows=270 width=20) (actual time=0.696..130.360 rows=35548 loops=1)
                           ->  Seq Scan on keyword k  (cost=0.00..3632.40 rows=8 width=20) (actual time=0.108..29.929 rows=8 loops=1)
                                 Filter: ((keyword)::text = ANY ('{superhero,sequel,second-part,marvel-comics,based-on-comic,tv-special,fight,violence}'::text[]))
                                 Rows Removed by Filter: 134162
                           ->  Bitmap Heap Scan on movie_keyword mk  (cost=6.75..1061.70 rows=299 width=8) (actual time=1.139..12.040 rows=4444 loops=8)
                                 Recheck Cond: (keyword_id = k.id)
                                 Heap Blocks: exact=23488
                                 ->  Bitmap Index Scan on keyword_id_movie_keyword  (cost=0.00..6.67 rows=299 width=0) (actual time=0.651..0.651 rows=4444 loops=8)
                                       Index Cond: (keyword_id = k.id)
                     ->  Index Scan using title_pkey on title t  (cost=0.43..0.49 rows=1 width=21) (actual time=0.004..0.004 rows=0 loops=35548)
                           Index Cond: (id = mk.movie_id)
                           Filter: (production_year > 2014)
                           Rows Removed by Filter: 1
               ->  Index Scan using movie_id_cast_info on cast_info ci  (cost=0.56..1.52 rows=37 width=8) (actual time=0.012..0.035 rows=11 loops=36)
                     Index Cond: (movie_id = mk.movie_id)
         ->  Index Scan using name_pkey on name n  (cost=0.43..0.46 rows=1 width=19) (actual time=0.006..0.006 rows=0 loops=383)
               Index Cond: (id = ci.person_id)
               Filter: ((name)::text ~~ '%Downey%Robert%'::text)
               Rows Removed by Filter: 1
 Planning Time: 2.159 ms
 Execution Time: 297.290 ms
(26 rows)

SET
                                                                            QUERY PLAN                                                                            
------------------------------------------------------------------------------------------------------------------------------------------------------------------
 Aggregate  (cost=3751.96..3751.97 rows=1 width=96) (actual time=11.645..11.645 rows=1 loops=1)
   ->  Nested Loop  (cost=8.17..3751.95 rows=1 width=48) (actual time=0.849..11.636 rows=2 loops=1)
         ->  Nested Loop  (cost=7.74..3751.49 rows=1 width=37) (actual time=0.480..11.440 rows=33 loops=1)
               Join Filter: (t.id = ci.movie_id)
               ->  Nested Loop  (cost=7.18..3749.51 rows=1 width=41) (actual time=0.453..11.298 rows=2 loops=1)
                     ->  Nested Loop  (cost=6.75..3732.91 rows=34 width=20) (actual time=0.404..11.039 rows=14 loops=1)
                           ->  Seq Scan on keyword k  (cost=0.00..2626.12 rows=1 width=20) (actual time=0.381..10.938 rows=1 loops=1)
                                 Filter: ((keyword)::text = 'marvel-cinematic-universe'::text)
                                 Rows Removed by Filter: 134169
                           ->  Bitmap Heap Scan on movie_keyword mk  (cost=6.75..1103.80 rows=299 width=8) (actual time=0.020..0.096 rows=14 loops=1)
                                 Recheck Cond: (keyword_id = k.id)
                                 Heap Blocks: exact=12
                                 ->  Bitmap Index Scan on keyword_id_movie_keyword  (cost=0.00..6.67 rows=299 width=0) (actual time=0.014..0.014 rows=14 loops=1)
                                       Index Cond: (keyword_id = k.id)
                     ->  Index Scan using title_pkey on title t  (cost=0.43..0.49 rows=1 width=21) (actual time=0.018..0.018 rows=0 loops=14)
                           Index Cond: (id = mk.movie_id)
                           Filter: (production_year > 2014)
                           Rows Removed by Filter: 1
               ->  Index Scan using movie_id_cast_info on cast_info ci  (cost=0.56..1.52 rows=37 width=8) (actual time=0.023..0.067 rows=16 loops=2)
                     Index Cond: (movie_id = mk.movie_id)
         ->  Index Scan using name_pkey on name n  (cost=0.43..0.46 rows=1 width=19) (actual time=0.006..0.006 rows=0 loops=33)
               Index Cond: (id = ci.person_id)
               Filter: ((name)::text ~~ '%Downey%Robert%'::text)
               Rows Removed by Filter: 1
 Planning Time: 2.532 ms
 Execution Time: 11.775 ms
(26 rows)

SET
                                                                             QUERY PLAN                                                                             
--------------------------------------------------------------------------------------------------------------------------------------------------------------------
 Aggregate  (cost=15053.68..15053.69 rows=1 width=96) (actual time=6839.497..6839.497 rows=1 loops=1)
   ->  Nested Loop  (cost=8.17..15053.68 rows=1 width=48) (actual time=190.282..6839.368 rows=88 loops=1)
         ->  Nested Loop  (cost=7.74..12573.66 rows=5422 width=37) (actual time=0.713..2559.859 rows=785477 loops=1)
               Join Filter: (t.id = ci.movie_id)
               ->  Nested Loop  (cost=7.18..12281.66 rows=147 width=41) (actual time=0.690..334.881 rows=14165 loops=1)
                     ->  Nested Loop  (cost=6.75..12149.91 rows=270 width=20) (actual time=0.668..139.548 rows=35548 loops=1)
                           ->  Seq Scan on keyword k  (cost=0.00..3632.40 rows=8 width=20) (actual time=0.100..30.588 rows=8 loops=1)
                                 Filter: ((keyword)::text = ANY ('{superhero,sequel,second-part,marvel-comics,based-on-comic,tv-special,fight,violence}'::text[]))
                                 Rows Removed by Filter: 134162
                           ->  Bitmap Heap Scan on movie_keyword mk  (cost=6.75..1061.70 rows=299 width=8) (actual time=1.141..12.912 rows=4444 loops=8)
                                 Recheck Cond: (keyword_id = k.id)
                                 Heap Blocks: exact=23488
                                 ->  Bitmap Index Scan on keyword_id_movie_keyword  (cost=0.00..6.67 rows=299 width=0) (actual time=0.654..0.654 rows=4444 loops=8)
                                       Index Cond: (keyword_id = k.id)
                     ->  Index Scan using title_pkey on title t  (cost=0.43..0.49 rows=1 width=21) (actual time=0.005..0.005 rows=0 loops=35548)
                           Index Cond: (id = mk.movie_id)
                           Filter: (production_year > 2000)
                           Rows Removed by Filter: 1
               ->  Index Scan using movie_id_cast_info on cast_info ci  (cost=0.56..1.52 rows=37 width=8) (actual time=0.008..0.147 rows=55 loops=14165)
                     Index Cond: (movie_id = mk.movie_id)
         ->  Index Scan using name_pkey on name n  (cost=0.43..0.46 rows=1 width=19) (actual time=0.005..0.005 rows=0 loops=785477)
               Index Cond: (id = ci.person_id)
               Filter: ((name)::text ~~ '%Downey%Robert%'::text)
               Rows Removed by Filter: 1
 Planning Time: 2.037 ms
 Execution Time: 6839.616 ms
(26 rows)

SET
                                                                            QUERY PLAN                                                                            
------------------------------------------------------------------------------------------------------------------------------------------------------------------
 Aggregate  (cost=4095.38..4095.39 rows=1 width=96) (actual time=25.380..25.380 rows=1 loops=1)
   ->  Nested Loop  (cost=8.17..4095.38 rows=1 width=48) (actual time=4.288..25.368 rows=6 loops=1)
         ->  Nested Loop  (cost=7.74..3785.26 rows=678 width=37) (actual time=0.471..15.377 rows=1224 loops=1)
               Join Filter: (t.id = ci.movie_id)
               ->  Nested Loop  (cost=7.18..3749.50 rows=18 width=41) (actual time=0.439..10.701 rows=11 loops=1)
                     ->  Nested Loop  (cost=6.75..3732.91 rows=34 width=20) (actual time=0.417..10.480 rows=14 loops=1)
                           ->  Seq Scan on keyword k  (cost=0.00..2626.12 rows=1 width=20) (actual time=0.379..10.355 rows=1 loops=1)
                                 Filter: ((keyword)::text = 'marvel-cinematic-universe'::text)
                                 Rows Removed by Filter: 134169
                           ->  Bitmap Heap Scan on movie_keyword mk  (cost=6.75..1103.80 rows=299 width=8) (actual time=0.036..0.118 rows=14 loops=1)
                                 Recheck Cond: (keyword_id = k.id)
                                 Heap Blocks: exact=12
                                 ->  Bitmap Index Scan on keyword_id_movie_keyword  (cost=0.00..6.67 rows=299 width=0) (actual time=0.022..0.022 rows=14 loops=1)
                                       Index Cond: (keyword_id = k.id)
                     ->  Index Scan using title_pkey on title t  (cost=0.43..0.49 rows=1 width=21) (actual time=0.015..0.015 rows=1 loops=14)
                           Index Cond: (id = mk.movie_id)
                           Filter: (production_year > 2000)
                           Rows Removed by Filter: 0
               ->  Index Scan using movie_id_cast_info on cast_info ci  (cost=0.56..1.52 rows=37 width=8) (actual time=0.017..0.406 rows=111 loops=11)
                     Index Cond: (movie_id = mk.movie_id)
         ->  Index Scan using name_pkey on name n  (cost=0.43..0.46 rows=1 width=19) (actual time=0.008..0.008 rows=0 loops=1224)
               Index Cond: (id = ci.person_id)
               Filter: ((name)::text ~~ '%Downey%Robert%'::text)
               Rows Removed by Filter: 1
 Planning Time: 2.560 ms
 Execution Time: 25.510 ms
(26 rows)

SET
                                                                             QUERY PLAN                                                                             
--------------------------------------------------------------------------------------------------------------------------------------------------------------------
 Aggregate  (cost=15080.79..15080.80 rows=1 width=96) (actual time=6906.503..6906.503 rows=1 loops=1)
   ->  Nested Loop  (cost=8.17..15040.12 rows=5422 width=48) (actual time=0.745..6730.411 rows=785477 loops=1)
         ->  Nested Loop  (cost=7.74..12573.66 rows=5422 width=37) (actual time=0.717..2574.265 rows=785477 loops=1)
               Join Filter: (t.id = ci.movie_id)
               ->  Nested Loop  (cost=7.18..12281.66 rows=147 width=41) (actual time=0.697..333.485 rows=14165 loops=1)
                     ->  Nested Loop  (cost=6.75..12149.91 rows=270 width=20) (actual time=0.674..138.555 rows=35548 loops=1)
                           ->  Seq Scan on keyword k  (cost=0.00..3632.40 rows=8 width=20) (actual time=0.101..30.051 rows=8 loops=1)
                                 Filter: ((keyword)::text = ANY ('{superhero,sequel,second-part,marvel-comics,based-on-comic,tv-special,fight,violence}'::text[]))
                                 Rows Removed by Filter: 134162
                           ->  Bitmap Heap Scan on movie_keyword mk  (cost=6.75..1061.70 rows=299 width=8) (actual time=1.139..12.858 rows=4444 loops=8)
                                 Recheck Cond: (keyword_id = k.id)
                                 Heap Blocks: exact=23488
                                 ->  Bitmap Index Scan on keyword_id_movie_keyword  (cost=0.00..6.67 rows=299 width=0) (actual time=0.653..0.653 rows=4444 loops=8)
                                       Index Cond: (keyword_id = k.id)
                     ->  Index Scan using title_pkey on title t  (cost=0.43..0.49 rows=1 width=21) (actual time=0.005..0.005 rows=0 loops=35548)
                           Index Cond: (id = mk.movie_id)
                           Filter: (production_year > 2000)
                           Rows Removed by Filter: 1
               ->  Index Scan using movie_id_cast_info on cast_info ci  (cost=0.56..1.52 rows=37 width=8) (actual time=0.008..0.148 rows=55 loops=14165)
                     Index Cond: (movie_id = mk.movie_id)
         ->  Index Scan using name_pkey on name n  (cost=0.43..0.45 rows=1 width=19) (actual time=0.005..0.005 rows=1 loops=785477)
               Index Cond: (id = ci.person_id)
 Planning Time: 2.079 ms
 Execution Time: 6906.622 ms
(24 rows)

SET
                                                                                                          QUERY PLAN                                                                                                           
-------------------------------------------------------------------------------------------------------------------------------------------------------------------------------------------------------------------------------
 Aggregate  (cost=13450.44..13450.45 rows=1 width=64) (actual time=1029.440..1029.440 rows=1 loops=1)
   ->  Nested Loop  (cost=41.24..13450.44 rows=1 width=32) (actual time=59.586..1029.406 rows=32 loops=1)
         ->  Nested Loop  (cost=41.10..13449.36 rows=1 width=36) (actual time=59.568..1029.312 rows=32 loops=1)
               Join Filter: (n.id = an.person_id)
               ->  Nested Loop  (cost=40.67..13448.87 rows=1 width=48) (actual time=59.542..1029.095 rows=14 loops=1)
                     Join Filter: (n.id = pi.person_id)
                     ->  Nested Loop  (cost=40.24..12494.38 rows=985 width=40) (actual time=0.424..877.659 rows=17559 loops=1)
                           ->  Nested Loop  (cost=39.81..8533.64 rows=8474 width=21) (actual time=0.396..310.350 rows=105262 loops=1)
                                 ->  Nested Loop  (cost=39.25..7243.89 rows=229 width=25) (actual time=0.352..39.287 rows=1467 loops=1)
                                       ->  Nested Loop  (cost=38.82..245.23 rows=1666 width=4) (actual time=0.317..2.614 rows=5186 loops=1)
                                             ->  Seq Scan on link_type lt  (cost=0.00..1.23 rows=1 width=4) (actual time=0.014..0.017 rows=1 loops=1)
                                                   Filter: ((link)::text = 'features'::text)
                                                   Rows Removed by Filter: 17
                                             ->  Bitmap Heap Scan on movie_link ml  (cost=38.82..225.26 rows=1875 width=8) (actual time=0.301..1.622 rows=5186 loops=1)
                                                   Recheck Cond: (link_type_id = lt.id)
                                                   Heap Blocks: exact=132
                                                   ->  Bitmap Index Scan on link_type_id_movie_link  (cost=0.00..38.35 rows=1875 width=0) (actual time=0.273..0.273 rows=5186 loops=1)
                                                         Index Cond: (link_type_id = lt.id)
                                       ->  Index Scan using title_pkey on title t  (cost=0.43..4.20 rows=1 width=21) (actual time=0.007..0.007 rows=0 loops=5186)
                                             Index Cond: (id = ml.linked_movie_id)
                                             Filter: ((production_year >= 1980) AND (production_year <= 1995))
                                             Rows Removed by Filter: 1
                                 ->  Index Scan using movie_id_cast_info on cast_info ci  (cost=0.56..5.26 rows=37 width=8) (actual time=0.010..0.176 rows=72 loops=1467)
                                       Index Cond: (movie_id = t.id)
                           ->  Index Scan using name_pkey on name n  (cost=0.43..0.47 rows=1 width=19) (actual time=0.005..0.005 rows=0 loops=105262)
                                 Index Cond: (id = ci.person_id)
                                 Filter: (((name_pcode_cf)::text >= 'A'::text) AND ((name_pcode_cf)::text <= 'F'::text) AND (((gender)::text = 'm'::text) OR (((gender)::text = 'f'::text) AND ((name)::text ~~ 'B%'::text))))
                                 Rows Removed by Filter: 1
                     ->  Index Scan using person_id_person_info on person_info pi  (cost=0.43..0.96 rows=1 width=8) (actual time=0.008..0.008 rows=0 loops=17559)
                           Index Cond: (person_id = ci.person_id)
                           Filter: ((note)::text = 'Volker Boehm'::text)
                           Rows Removed by Filter: 20
               ->  Index Scan using person_id_aka_name on aka_name an  (cost=0.42..0.47 rows=2 width=4) (actual time=0.011..0.014 rows=2 loops=14)
                     Index Cond: (person_id = ci.person_id)
                     Filter: ((name)::text ~~ '%a%'::text)
                     Rows Removed by Filter: 1
         ->  Index Scan using info_type_pkey on info_type it  (cost=0.14..0.61 rows=1 width=4) (actual time=0.002..0.002 rows=1 loops=32)
               Index Cond: (id = pi.info_type_id)
               Filter: ((info)::text = 'mini biography'::text)
 Planning Time: 7.452 ms
 Execution Time: 1029.625 ms
(41 rows)

SET
                                                                                      QUERY PLAN                                                                                       
---------------------------------------------------------------------------------------------------------------------------------------------------------------------------------------
 Aggregate  (cost=9049.69..9049.70 rows=1 width=64) (actual time=283.832..283.832 rows=1 loops=1)
   ->  Nested Loop  (cost=41.24..9049.68 rows=1 width=32) (actual time=12.665..283.812 rows=16 loops=1)
         ->  Nested Loop  (cost=41.10..9048.61 rows=1 width=36) (actual time=12.644..283.758 rows=16 loops=1)
               Join Filter: (n.id = an.person_id)
               ->  Nested Loop  (cost=40.67..9048.12 rows=1 width=48) (actual time=12.633..283.683 rows=8 loops=1)
                     Join Filter: (n.id = pi.person_id)
                     ->  Nested Loop  (cost=40.24..9005.48 rows=44 width=40) (actual time=0.607..275.254 rows=1076 loops=1)
                           ->  Nested Loop  (cost=39.81..8134.43 rows=1894 width=21) (actual time=0.383..112.098 rows=33415 loops=1)
                                 ->  Nested Loop  (cost=39.25..7243.89 rows=51 width=25) (actual time=0.344..35.935 rows=435 loops=1)
                                       ->  Nested Loop  (cost=38.82..245.23 rows=1666 width=4) (actual time=0.312..2.268 rows=5186 loops=1)
                                             ->  Seq Scan on link_type lt  (cost=0.00..1.23 rows=1 width=4) (actual time=0.010..0.013 rows=1 loops=1)
                                                   Filter: ((link)::text = 'features'::text)
                                                   Rows Removed by Filter: 17
                                             ->  Bitmap Heap Scan on movie_link ml  (cost=38.82..225.26 rows=1875 width=8) (actual time=0.300..1.509 rows=5186 loops=1)
                                                   Recheck Cond: (link_type_id = lt.id)
                                                   Heap Blocks: exact=132
                                                   ->  Bitmap Index Scan on link_type_id_movie_link  (cost=0.00..38.35 rows=1875 width=0) (actual time=0.271..0.271 rows=5186 loops=1)
                                                         Index Cond: (link_type_id = lt.id)
                                       ->  Index Scan using title_pkey on title t  (cost=0.43..4.20 rows=1 width=21) (actual time=0.006..0.006 rows=0 loops=5186)
                                             Index Cond: (id = ml.linked_movie_id)
                                             Filter: ((production_year >= 1980) AND (production_year <= 1984))
                                             Rows Removed by Filter: 1
                                 ->  Index Scan using movie_id_cast_info on cast_info ci  (cost=0.56..17.09 rows=37 width=8) (actual time=0.010..0.166 rows=77 loops=435)
                                       Index Cond: (movie_id = t.id)
                           ->  Index Scan using name_pkey on name n  (cost=0.43..0.46 rows=1 width=19) (actual time=0.005..0.005 rows=0 loops=33415)
                                 Index Cond: (id = ci.person_id)
                                 Filter: (((name_pcode_cf)::text ~~ 'D%'::text) AND ((gender)::text = 'm'::text))
                                 Rows Removed by Filter: 1
                     ->  Index Scan using person_id_person_info on person_info pi  (cost=0.43..0.96 rows=1 width=8) (actual time=0.007..0.008 rows=0 loops=1076)
                           Index Cond: (person_id = ci.person_id)
                           Filter: ((note)::text = 'Volker Boehm'::text)
                           Rows Removed by Filter: 16
               ->  Index Scan using person_id_aka_name on aka_name an  (cost=0.42..0.47 rows=2 width=4) (actual time=0.006..0.008 rows=2 loops=8)
                     Index Cond: (person_id = ci.person_id)
                     Filter: ((name)::text ~~ '%a%'::text)
                     Rows Removed by Filter: 1
         ->  Index Scan using info_type_pkey on info_type it  (cost=0.14..0.61 rows=1 width=4) (actual time=0.003..0.003 rows=1 loops=16)
               Index Cond: (id = pi.info_type_id)
               Filter: ((info)::text = 'mini biography'::text)
 Planning Time: 7.367 ms
 Execution Time: 284.013 ms
(41 rows)

SET
                                                                                                             QUERY PLAN                                                                                                              
-------------------------------------------------------------------------------------------------------------------------------------------------------------------------------------------------------------------------------------
 Aggregate  (cost=58025.67..58025.68 rows=1 width=64) (actual time=3316.731..3316.731 rows=1 loops=1)
   ->  Nested Loop  (cost=2495.15..58025.64 rows=6 width=111) (actual time=20.187..3073.835 rows=68185 loops=1)
         ->  Hash Join  (cost=2494.72..58021.06 rows=10 width=119) (actual time=20.149..2822.173 rows=109842 loops=1)
               Hash Cond: (ml.link_type_id = lt.id)
               ->  Nested Loop  (cost=2493.40..58019.61 rows=44 width=123) (actual time=20.104..2798.956 rows=127027 loops=1)
                     ->  Nested Loop  (cost=2493.11..57531.16 rows=1426 width=115) (actual time=20.071..1171.418 rows=1618304 loops=1)
                           ->  Nested Loop  (cost=2492.55..57287.95 rows=14 width=123) (actual time=20.047..663.061 rows=12595 loops=1)
                                 ->  Nested Loop  (cost=2492.12..56107.25 rows=1430 width=104) (actual time=19.941..414.537 rows=72979 loops=1)
                                       ->  Nested Loop  (cost=2491.69..55264.82 rows=717 width=100) (actual time=19.886..190.520 rows=84183 loops=1)
                                             ->  Seq Scan on info_type it  (cost=0.00..2.41 rows=1 width=4) (actual time=0.020..0.028 rows=1 loops=1)
                                                   Filter: ((info)::text = 'mini biography'::text)
                                                   Rows Removed by Filter: 112
                                             ->  Bitmap Heap Scan on person_info pi  (cost=2491.69..55225.59 rows=3682 width=104) (actual time=19.864..182.031 rows=84183 loops=1)
                                                   Recheck Cond: (info_type_id = it.id)
                                                   Filter: (note IS NOT NULL)
                                                   Rows Removed by Filter: 1
                                                   Heap Blocks: exact=40537
                                                   ->  Bitmap Index Scan on info_type_id_person_info  (cost=0.00..2490.77 rows=134712 width=0) (actual time=11.554..11.554 rows=84184 loops=1)
                                                         Index Cond: (info_type_id = it.id)
                                       ->  Index Scan using person_id_aka_name on aka_name an  (cost=0.42..1.15 rows=2 width=4) (actual time=0.002..0.002 rows=1 loops=84183)
                                             Index Cond: (person_id = pi.person_id)
                                             Filter: ((name IS NOT NULL) AND (((name)::text ~~ '%a%'::text) OR ((name)::text ~~ 'A%'::text)))
                                             Rows Removed by Filter: 0
                                 ->  Index Scan using name_pkey on name n  (cost=0.43..0.83 rows=1 width=19) (actual time=0.003..0.003 rows=0 loops=72979)
                                       Index Cond: (id = an.person_id)
                                       Filter: (((name_pcode_cf)::text >= 'A'::text) AND ((name_pcode_cf)::text <= 'F'::text) AND (((gender)::text = 'm'::text) OR (((gender)::text = 'f'::text) AND ((name)::text ~~ 'A%'::text))))
                                       Rows Removed by Filter: 1
                           ->  Index Scan using person_id_cast_info on cast_info ci  (cost=0.56..12.33 rows=504 width=8) (actual time=0.006..0.027 rows=128 loops=12595)
                                 Index Cond: (person_id = n.id)
                     ->  Index Scan using linked_movie_id_movie_link on movie_link ml  (cost=0.29..0.32 rows=2 width=8) (actual time=0.001..0.001 rows=0 loops=1618304)
                           Index Cond: (linked_movie_id = ci.movie_id)
               ->  Hash  (cost=1.27..1.27 rows=4 width=4) (actual time=0.018..0.018 rows=4 loops=1)
                     Buckets: 1024  Batches: 1  Memory Usage: 9kB
                     ->  Seq Scan on link_type lt  (cost=0.00..1.27 rows=4 width=4) (actual time=0.010..0.013 rows=4 loops=1)
                           Filter: ((link)::text = ANY ('{references,"referenced in",features,"featured in"}'::text[]))
                           Rows Removed by Filter: 14
         ->  Index Scan using title_pkey on title t  (cost=0.43..0.46 rows=1 width=4) (actual time=0.002..0.002 rows=1 loops=109842)
               Index Cond: (id = ci.movie_id)
               Filter: ((production_year >= 1980) AND (production_year <= 2010))
               Rows Removed by Filter: 0
 Planning Time: 7.588 ms
 Execution Time: 3317.120 ms
(42 rows)

SET
                                                                                    QUERY PLAN                                                                                     
-----------------------------------------------------------------------------------------------------------------------------------------------------------------------------------
 Aggregate  (cost=42962.65..42962.66 rows=1 width=64) (actual time=1454.642..1454.643 rows=1 loops=1)
   ->  Gather  (cost=5775.17..42962.64 rows=1 width=33) (actual time=125.392..1459.022 rows=62 loops=1)
         Workers Planned: 2
         Workers Launched: 2
         ->  Nested Loop  (cost=4775.17..41962.54 rows=1 width=33) (actual time=140.218..1451.849 rows=21 loops=3)
               ->  Nested Loop  (cost=4774.74..41958.79 rows=5 width=41) (actual time=16.740..1437.073 rows=5793 loops=3)
                     ->  Hash Join  (cost=4774.31..41956.44 rows=2 width=21) (actual time=16.702..1424.597 rows=2479 loops=3)
                           Hash Cond: (ci.role_id = rt.id)
                           ->  Nested Loop  (cost=4773.15..41955.18 rows=27 width=25) (actual time=16.602..1423.594 rows=6533 loops=3)
                                 ->  Nested Loop  (cost=4772.59..41333.61 rows=332 width=25) (actual time=16.363..240.866 rows=16109 loops=3)
                                       ->  Parallel Hash Join  (cost=4772.16..39899.83 rows=332 width=4) (actual time=16.322..155.743 rows=16109 loops=3)
                                             Hash Cond: (mc.company_id = cn.id)
                                             ->  Parallel Seq Scan on movie_companies mc  (cost=0.00..35097.06 rows=11664 width=8) (actual time=0.058..133.633 rows=16299 loops=3)
                                                   Filter: (((note)::text ~~ '%(Japan)%'::text) AND ((note)::text !~~ '%(USA)%'::text))
                                                   Rows Removed by Filter: 853411
                                             ->  Parallel Hash  (cost=4722.92..4722.92 rows=3939 width=4) (actual time=16.089..16.089 rows=2251 loops=3)
                                                   Buckets: 8192  Batches: 1  Memory Usage: 384kB
                                                   ->  Parallel Seq Scan on company_name cn  (cost=0.00..4722.92 rows=3939 width=4) (actual time=0.020..15.429 rows=2251 loops=3)
                                                         Filter: ((country_code)::text = '[jp]'::text)
                                                         Rows Removed by Filter: 76082
                                       ->  Index Scan using title_pkey on title t  (cost=0.43..4.32 rows=1 width=21) (actual time=0.005..0.005 rows=1 loops=48328)
                                             Index Cond: (id = mc.movie_id)
                                 ->  Index Scan using movie_id_cast_info on cast_info ci  (cost=0.56..1.86 rows=1 width=12) (actual time=0.070..0.073 rows=0 loops=48328)
                                       Index Cond: (movie_id = t.id)
                                       Filter: ((note)::text = '(voice: English version)'::text)
                                       Rows Removed by Filter: 32
                           ->  Hash  (cost=1.15..1.15 rows=1 width=4) (actual time=0.019..0.019 rows=1 loops=3)
                                 Buckets: 1024  Batches: 1  Memory Usage: 9kB
                                 ->  Seq Scan on role_type rt  (cost=0.00..1.15 rows=1 width=4) (actual time=0.014..0.015 rows=1 loops=3)
                                       Filter: ((role)::text = 'actress'::text)
                                       Rows Removed by Filter: 11
                     ->  Index Scan using person_id_aka_name on aka_name an1  (cost=0.42..1.16 rows=2 width=20) (actual time=0.004..0.005 rows=2 loops=7438)
                           Index Cond: (person_id = ci.person_id)
               ->  Index Scan using name_pkey on name n1  (cost=0.43..0.75 rows=1 width=4) (actual time=0.002..0.002 rows=0 loops=17379)
                     Index Cond: (id = an1.person_id)
                     Filter: (((name)::text ~~ '%Yo%'::text) AND ((name)::text !~~ '%Yu%'::text))
                     Rows Removed by Filter: 1
 Planning Time: 4.767 ms
 Execution Time: 1459.237 ms
(39 rows)

SET
                                                                                                      QUERY PLAN                                                                                                       
-----------------------------------------------------------------------------------------------------------------------------------------------------------------------------------------------------------------------
 Aggregate  (cost=44409.00..44409.01 rows=1 width=64) (actual time=172.732..172.732 rows=1 loops=1)
   ->  Nested Loop  (cost=1002.40..44409.00 rows=1 width=33) (actual time=170.936..172.718 rows=6 loops=1)
         ->  Nested Loop  (cost=1002.27..44408.82 rows=1 width=37) (actual time=170.907..172.680 rows=6 loops=1)
               ->  Nested Loop  (cost=1001.84..44408.07 rows=1 width=45) (actual time=170.194..171.820 rows=171 loops=1)
                     ->  Nested Loop  (cost=1001.42..44406.90 rows=1 width=25) (actual time=170.157..170.921 rows=104 loops=1)
                           Join Filter: (t.id = ci.movie_id)
                           ->  Gather  (cost=1000.85..44264.09 rows=1 width=25) (actual time=170.097..170.334 rows=4 loops=1)
                                 Workers Planned: 2
                                 Workers Launched: 2
                                 ->  Nested Loop  (cost=0.85..43263.99 rows=1 width=25) (actual time=134.642..167.637 rows=1 loops=3)
                                       ->  Nested Loop  (cost=0.42..43166.10 rows=12 width=4) (actual time=0.094..139.027 rows=2832 loops=3)
                                             ->  Parallel Seq Scan on movie_companies mc  (cost=0.00..40532.74 rows=434 width=8) (actual time=0.056..129.417 rows=2856 loops=3)
                                                   Filter: (((note)::text ~~ '%(Japan)%'::text) AND ((note)::text !~~ '%(USA)%'::text) AND (((note)::text ~~ '%(2006)%'::text) OR ((note)::text ~~ '%(2007)%'::text)))
                                                   Rows Removed by Filter: 866853
                                             ->  Index Scan using company_name_pkey on company_name cn  (cost=0.42..6.07 rows=1 width=4) (actual time=0.003..0.003 rows=1 loops=8569)
                                                   Index Cond: (id = mc.company_id)
                                                   Filter: ((country_code)::text = '[jp]'::text)
                                                   Rows Removed by Filter: 0
                                       ->  Index Scan using title_pkey on title t  (cost=0.43..8.13 rows=1 width=21) (actual time=0.010..0.010 rows=0 loops=8495)
                                             Index Cond: (id = mc.movie_id)
                                             Filter: ((production_year >= 2006) AND (production_year <= 2007) AND (((title)::text ~~ 'One Piece%'::text) OR ((title)::text ~~ 'Dragon Ball Z%'::text)))
                                             Rows Removed by Filter: 1
                           ->  Index Scan using movie_id_cast_info on cast_info ci  (cost=0.56..142.80 rows=1 width=12) (actual time=0.060..0.198 rows=26 loops=4)
                                 Index Cond: (movie_id = mc.movie_id)
                                 Filter: ((note)::text = '(voice: English version)'::text)
                                 Rows Removed by Filter: 17
                     ->  Index Scan using person_id_aka_name on aka_name an  (cost=0.42..1.16 rows=2 width=20) (actual time=0.007..0.008 rows=2 loops=104)
                           Index Cond: (person_id = ci.person_id)
               ->  Index Scan using name_pkey on name n  (cost=0.43..0.75 rows=1 width=4) (actual time=0.005..0.005 rows=0 loops=171)
                     Index Cond: (id = an.person_id)
                     Filter: (((name)::text ~~ '%Yo%'::text) AND ((name)::text !~~ '%Yu%'::text))
                     Rows Removed by Filter: 1
         ->  Index Scan using role_type_pkey on role_type rt  (cost=0.14..0.16 rows=1 width=4) (actual time=0.005..0.005 rows=1 loops=6)
               Index Cond: (id = ci.role_id)
               Filter: ((role)::text = 'actress'::text)
 Planning Time: 4.808 ms
 Execution Time: 173.130 ms
(37 rows)

SET
                                                                                                QUERY PLAN                                                                                                
----------------------------------------------------------------------------------------------------------------------------------------------------------------------------------------------------------
 Finalize Aggregate  (cost=529735.54..529735.55 rows=1 width=64) (actual time=3501.175..3501.175 rows=1 loops=1)
   ->  Gather  (cost=529735.32..529735.53 rows=2 width=64) (actual time=3500.822..3604.229 rows=3 loops=1)
         Workers Planned: 2
         Workers Launched: 2
         ->  Partial Aggregate  (cost=528735.32..528735.33 rows=1 width=64) (actual time=3497.160..3497.160 rows=1 loops=3)
               ->  Parallel Hash Join  (cost=483413.83..513803.80 rows=2986304 width=33) (actual time=3226.579..3392.973 rows=829204 loops=3)
                     Hash Cond: (a1.person_id = n1.id)
                     ->  Parallel Seq Scan on aka_name a1  (cost=0.00..15151.60 rows=375560 width=20) (actual time=0.028..39.122 rows=300448 loops=3)
                     ->  Parallel Hash  (cost=459853.10..459853.10 rows=1218458 width=25) (actual time=3127.887..3127.887 rows=656886 loops=3)
                           Buckets: 65536  Batches: 64  Memory Usage: 2848kB
                           ->  Parallel Hash Join  (cost=345158.80..459853.10 rows=1218458 width=25) (actual time=2790.406..2992.207 rows=656886 loops=3)
                                 Hash Cond: (ci.person_id = n1.id)
                                 ->  Hash Join  (cost=243691.57..334123.41 rows=1218458 width=21) (actual time=1946.348..2230.241 rows=656886 loops=3)
                                       Hash Cond: (t.id = ci.movie_id)
                                       ->  Parallel Hash Join  (cost=44358.48..110382.12 rows=395644 width=25) (actual time=591.857..794.349 rows=384599 loops=3)
                                             Hash Cond: (t.id = mc.movie_id)
                                             ->  Parallel Seq Scan on title t  (cost=0.00..46532.63 rows=1053463 width=21) (actual time=0.018..114.591 rows=842771 loops=3)
                                             ->  Parallel Hash  (cost=37866.93..37866.93 rows=395644 width=4) (actual time=298.159..298.159 rows=384599 loops=3)
                                                   Buckets: 131072  Batches: 16  Memory Usage: 3872kB
                                                   ->  Parallel Hash Join  (cost=5351.77..37866.93 rows=395644 width=4) (actual time=25.299..245.691 rows=384599 loops=3)
                                                         Hash Cond: (mc.company_id = cn.id)
                                                         ->  Parallel Seq Scan on movie_companies mc  (cost=0.00..29661.37 rows=1087137 width=8) (actual time=0.014..78.285 rows=869710 loops=3)
                                                         ->  Parallel Hash  (cost=4722.92..4722.92 rows=50308 width=4) (actual time=24.919..24.919 rows=28281 loops=3)
                                                               Buckets: 131072  Batches: 1  Memory Usage: 4384kB
                                                               ->  Parallel Seq Scan on company_name cn  (cost=0.00..4722.92 rows=50308 width=4) (actual time=0.016..17.084 rows=28281 loops=3)
                                                                     Filter: ((country_code)::text = '[us]'::text)
                                                                     Rows Removed by Filter: 50051
                                       ->  Hash  (cost=149779.57..149779.57 rows=3020362 width=8) (actual time=1150.771..1150.772 rows=2728943 loops=3)
                                             Buckets: 131072  Batches: 64  Memory Usage: 2675kB
                                             ->  Nested Loop  (cost=0.56..149779.57 rows=3020362 width=8) (actual time=0.055..772.376 rows=2728943 loops=3)
                                                   ->  Seq Scan on role_type rt  (cost=0.00..1.15 rows=1 width=4) (actual time=0.014..0.018 rows=1 loops=3)
                                                         Filter: ((role)::text = 'writer'::text)
                                                         Rows Removed by Filter: 11
                                                   ->  Index Scan using role_id_cast_info on cast_info ci  (cost=0.56..116829.02 rows=3294940 width=12) (actual time=0.036..518.438 rows=2728943 loops=3)
                                                         Index Cond: (role_id = rt.id)
                                 ->  Parallel Hash  (cost=72977.55..72977.55 rows=1736455 width=4) (actual time=353.021..353.022 rows=1389164 loops=3)
                                       Buckets: 131072  Batches: 64  Memory Usage: 3616kB
                                       ->  Parallel Seq Scan on name n1  (cost=0.00..72977.55 rows=1736455 width=4) (actual time=0.024..171.101 rows=1389164 loops=3)
 Planning Time: 4.293 ms
 Execution Time: 3604.479 ms
(40 rows)

SET
                                                                                               QUERY PLAN                                                                                               
--------------------------------------------------------------------------------------------------------------------------------------------------------------------------------------------------------
 Finalize Aggregate  (cost=529735.54..529735.55 rows=1 width=64) (actual time=1736.079..1736.079 rows=1 loops=1)
   ->  Gather  (cost=529735.32..529735.53 rows=2 width=64) (actual time=1734.264..1807.093 rows=3 loops=1)
         Workers Planned: 2
         Workers Launched: 2
         ->  Partial Aggregate  (cost=528735.32..528735.33 rows=1 width=64) (actual time=1731.767..1731.767 rows=1 loops=3)
               ->  Parallel Hash Join  (cost=483413.83..513803.80 rows=2986304 width=33) (actual time=1673.726..1718.276 rows=107668 loops=3)
                     Hash Cond: (an1.person_id = n1.id)
                     ->  Parallel Seq Scan on aka_name an1  (cost=0.00..15151.60 rows=375560 width=20) (actual time=0.026..39.345 rows=300448 loops=3)
                     ->  Parallel Hash  (cost=459853.10..459853.10 rows=1218458 width=25) (actual time=1576.041..1576.041 rows=95179 loops=3)
                           Buckets: 65536  Batches: 64  Memory Usage: 992kB
                           ->  Parallel Hash Join  (cost=345158.80..459853.10 rows=1218458 width=25) (actual time=1452.814..1555.442 rows=95179 loops=3)
                                 Hash Cond: (ci.person_id = n1.id)
                                 ->  Hash Join  (cost=243691.57..334123.41 rows=1218458 width=21) (actual time=902.309..1072.539 rows=95179 loops=3)
                                       Hash Cond: (t.id = ci.movie_id)
                                       ->  Parallel Hash Join  (cost=44358.48..110382.12 rows=395644 width=25) (actual time=591.198..794.751 rows=384599 loops=3)
                                             Hash Cond: (t.id = mc.movie_id)
                                             ->  Parallel Seq Scan on title t  (cost=0.00..46532.63 rows=1053463 width=21) (actual time=0.023..111.230 rows=842771 loops=3)
                                             ->  Parallel Hash  (cost=37866.93..37866.93 rows=395644 width=4) (actual time=300.709..300.710 rows=384599 loops=3)
                                                   Buckets: 131072  Batches: 16  Memory Usage: 3872kB
                                                   ->  Parallel Hash Join  (cost=5351.77..37866.93 rows=395644 width=4) (actual time=26.623..247.230 rows=384599 loops=3)
                                                         Hash Cond: (mc.company_id = cn.id)
                                                         ->  Parallel Seq Scan on movie_companies mc  (cost=0.00..29661.37 rows=1087137 width=8) (actual time=0.015..78.069 rows=869710 loops=3)
                                                         ->  Parallel Hash  (cost=4722.92..4722.92 rows=50308 width=4) (actual time=26.261..26.262 rows=28281 loops=3)
                                                               Buckets: 131072  Batches: 1  Memory Usage: 4384kB
                                                               ->  Parallel Seq Scan on company_name cn  (cost=0.00..4722.92 rows=50308 width=4) (actual time=0.026..18.040 rows=28281 loops=3)
                                                                     Filter: ((country_code)::text = '[us]'::text)
                                                                     Rows Removed by Filter: 50051
                                       ->  Hash  (cost=149779.57..149779.57 rows=3020362 width=8) (actual time=122.463..122.463 rows=276403 loops=3)
                                             Buckets: 131072  Batches: 64  Memory Usage: 1193kB
                                             ->  Nested Loop  (cost=0.56..149779.57 rows=3020362 width=8) (actual time=0.064..83.897 rows=276403 loops=3)
                                                   ->  Seq Scan on role_type rt  (cost=0.00..1.15 rows=1 width=4) (actual time=0.015..0.017 rows=1 loops=3)
                                                         Filter: ((role)::text = 'costume designer'::text)
                                                         Rows Removed by Filter: 11
                                                   ->  Index Scan using role_id_cast_info on cast_info ci  (cost=0.56..116829.02 rows=3294940 width=12) (actual time=0.044..58.106 rows=276403 loops=3)
                                                         Index Cond: (role_id = rt.id)
                                 ->  Parallel Hash  (cost=72977.55..72977.55 rows=1736455 width=4) (actual time=351.798..351.798 rows=1389164 loops=3)
                                       Buckets: 131072  Batches: 64  Memory Usage: 3648kB
                                       ->  Parallel Seq Scan on name n1  (cost=0.00..72977.55 rows=1736455 width=4) (actual time=0.021..170.473 rows=1389164 loops=3)
 Planning Time: 4.825 ms
 Execution Time: 1807.461 ms
(40 rows)

SET
                                                                                        QUERY PLAN                                                                                         
-------------------------------------------------------------------------------------------------------------------------------------------------------------------------------------------
 Aggregate  (cost=83282.38..83282.39 rows=1 width=96) (actual time=274.335..274.335 rows=1 loops=1)
   ->  Nested Loop  (cost=1003.86..83282.37 rows=1 width=49) (actual time=111.219..274.280 rows=121 loops=1)
         ->  Nested Loop  (cost=1003.44..83281.88 rows=1 width=53) (actual time=111.191..273.569 rows=123 loops=1)
               Join Filter: (ci.movie_id = mc.movie_id)
               ->  Gather  (cost=1003.01..83281.24 rows=1 width=57) (actual time=110.898..273.837 rows=139 loops=1)
                     Workers Planned: 2
                     Workers Launched: 2
                     ->  Nested Loop  (cost=3.01..82281.14 rows=1 width=57) (actual time=111.504..270.881 rows=46 loops=3)
                           ->  Nested Loop  (cost=2.58..82280.49 rows=1 width=45) (actual time=111.310..270.474 rows=52 loops=3)
                                 ->  Hash Join  (cost=2.15..82279.20 rows=2 width=24) (actual time=107.325..269.008 rows=142 loops=3)
                                       Hash Cond: (ci.role_id = rt.id)
                                       ->  Nested Loop  (cost=0.99..82277.96 rows=21 width=28) (actual time=107.207..268.854 rows=142 loops=3)
                                             Join Filter: (n.id = ci.person_id)
                                             ->  Nested Loop  (cost=0.42..82155.29 rows=9 width=24) (actual time=104.232..257.566 rows=519 loops=3)
                                                   ->  Parallel Seq Scan on name n  (cost=0.00..81659.82 rows=40 width=4) (actual time=103.699..246.927 rows=2256 loops=3)
                                                         Filter: (((name)::text ~~ '%Ang%'::text) AND ((gender)::text = 'f'::text))
                                                         Rows Removed by Filter: 1386908
                                                   ->  Index Scan using person_id_aka_name on aka_name an  (cost=0.42..12.37 rows=2 width=20) (actual time=0.004..0.004 rows=0 loops=6768)
                                                         Index Cond: (person_id = n.id)
                                             ->  Index Scan using person_id_cast_info on cast_info ci  (cost=0.56..13.47 rows=13 width=16) (actual time=0.020..0.021 rows=0 loops=1558)
                                                   Index Cond: (person_id = an.person_id)
                                                   Filter: ((note)::text = ANY ('{(voice),"(voice: Japanese version)","(voice) (uncredited)","(voice: English version)"}'::text[]))
                                                   Rows Removed by Filter: 44
                                       ->  Hash  (cost=1.15..1.15 rows=1 width=4) (actual time=0.028..0.028 rows=1 loops=3)
                                             Buckets: 1024  Batches: 1  Memory Usage: 9kB
                                             ->  Seq Scan on role_type rt  (cost=0.00..1.15 rows=1 width=4) (actual time=0.019..0.020 rows=1 loops=3)
                                                   Filter: ((role)::text = 'actress'::text)
                                                   Rows Removed by Filter: 11
                                 ->  Index Scan using title_pkey on title t  (cost=0.43..0.64 rows=1 width=21) (actual time=0.010..0.010 rows=0 loops=425)
                                       Index Cond: (id = ci.movie_id)
                                       Filter: ((production_year >= 2005) AND (production_year <= 2015))
                                       Rows Removed by Filter: 1
                           ->  Index Scan using char_name_pkey on char_name chn  (cost=0.43..0.65 rows=1 width=20) (actual time=0.007..0.007 rows=1 loops=155)
                                 Index Cond: (id = ci.person_role_id)
               ->  Index Scan using movie_id_movie_companies on movie_companies mc  (cost=0.43..0.64 rows=1 width=8) (actual time=0.009..0.012 rows=1 loops=139)
                     Index Cond: (movie_id = t.id)
                     Filter: ((note IS NOT NULL) AND (((note)::text ~~ '%(USA)%'::text) OR ((note)::text ~~ '%(worldwide)%'::text)))
                     Rows Removed by Filter: 5
         ->  Index Scan using company_name_pkey on company_name cn  (cost=0.42..0.49 rows=1 width=4) (actual time=0.005..0.005 rows=1 loops=123)
               Index Cond: (id = mc.company_id)
               Filter: ((country_code)::text = '[us]'::text)
               Rows Removed by Filter: 0
 Planning Time: 7.500 ms
 Execution Time: 276.584 ms
(44 rows)

SET
                                                                                        QUERY PLAN                                                                                         
-------------------------------------------------------------------------------------------------------------------------------------------------------------------------------------------
 Aggregate  (cost=83270.97..83270.98 rows=1 width=128) (actual time=263.892..263.892 rows=1 loops=1)
   ->  Nested Loop  (cost=1003.86..83270.96 rows=1 width=64) (actual time=113.485..263.862 rows=40 loops=1)
         ->  Nested Loop  (cost=1003.44..83270.37 rows=1 width=68) (actual time=113.473..263.712 rows=40 loops=1)
               ->  Nested Loop  (cost=1003.01..83269.66 rows=1 width=72) (actual time=113.410..263.205 rows=60 loops=1)
                     ->  Gather  (cost=1002.58..83268.98 rows=1 width=60) (actual time=109.732..265.206 rows=65 loops=1)
                           Workers Planned: 2
                           Workers Launched: 2
                           ->  Nested Loop  (cost=2.58..82268.88 rows=1 width=60) (actual time=111.016..260.826 rows=22 loops=3)
                                 ->  Hash Join  (cost=2.15..82267.52 rows=2 width=39) (actual time=106.931..260.262 rows=88 loops=3)
                                       Hash Cond: (ci.role_id = rt.id)
                                       ->  Nested Loop  (cost=0.99..82266.28 rows=18 width=43) (actual time=106.820..260.128 rows=88 loops=3)
                                             Join Filter: (n.id = ci.person_id)
                                             ->  Nested Loop  (cost=0.42..82155.29 rows=9 width=39) (actual time=104.598..254.271 rows=432 loops=3)
                                                   ->  Parallel Seq Scan on name n  (cost=0.00..81659.82 rows=40 width=19) (actual time=103.928..247.383 rows=1803 loops=3)
                                                         Filter: (((name)::text ~~ '%Angel%'::text) AND ((gender)::text = 'f'::text))
                                                         Rows Removed by Filter: 1387361
                                                   ->  Index Scan using person_id_aka_name on aka_name an  (cost=0.42..12.37 rows=2 width=20) (actual time=0.003..0.004 rows=0 loops=5409)
                                                         Index Cond: (person_id = n.id)
                                             ->  Index Scan using person_id_cast_info on cast_info ci  (cost=0.56..12.21 rows=10 width=16) (actual time=0.012..0.013 rows=0 loops=1296)
                                                   Index Cond: (person_id = an.person_id)
                                                   Filter: ((note)::text = '(voice)'::text)
                                                   Rows Removed by Filter: 43
                                       ->  Hash  (cost=1.15..1.15 rows=1 width=4) (actual time=0.027..0.027 rows=1 loops=3)
                                             Buckets: 1024  Batches: 1  Memory Usage: 9kB
                                             ->  Seq Scan on role_type rt  (cost=0.00..1.15 rows=1 width=4) (actual time=0.020..0.022 rows=1 loops=3)
                                                   Filter: ((role)::text = 'actress'::text)
                                                   Rows Removed by Filter: 11
                                 ->  Index Scan using title_pkey on title t  (cost=0.43..0.68 rows=1 width=21) (actual time=0.006..0.006 rows=0 loops=265)
                                       Index Cond: (id = ci.movie_id)
                                       Filter: ((production_year >= 2007) AND (production_year <= 2010))
                                       Rows Removed by Filter: 1
                     ->  Index Scan using char_name_pkey on char_name chn  (cost=0.43..0.69 rows=1 width=20) (actual time=0.003..0.003 rows=1 loops=65)
                           Index Cond: (id = ci.person_role_id)
               ->  Index Scan using movie_id_movie_companies on movie_companies mc  (cost=0.43..0.69 rows=1 width=8) (actual time=0.006..0.008 rows=1 loops=60)
                     Index Cond: (movie_id = ci.movie_id)
                     Filter: (((note)::text ~~ '%(200%)%'::text) AND (((note)::text ~~ '%(USA)%'::text) OR ((note)::text ~~ '%(worldwide)%'::text)))
                     Rows Removed by Filter: 7
         ->  Index Scan using company_name_pkey on company_name cn  (cost=0.42..0.59 rows=1 width=4) (actual time=0.003..0.003 rows=1 loops=40)
               Index Cond: (id = mc.company_id)
               Filter: ((country_code)::text = '[us]'::text)
 Planning Time: 7.135 ms
 Execution Time: 266.346 ms
(42 rows)

SET
                                                                                          QUERY PLAN                                                                                           
-----------------------------------------------------------------------------------------------------------------------------------------------------------------------------------------------
 Finalize Aggregate  (cost=123482.63..123482.64 rows=1 width=128) (actual time=459.247..459.248 rows=1 loops=1)
   ->  Gather  (cost=123482.40..123482.61 rows=2 width=128) (actual time=458.690..463.148 rows=3 loops=1)
         Workers Planned: 2
         Workers Launched: 2
         ->  Partial Aggregate  (cost=122482.40..122482.41 rows=1 width=128) (actual time=456.069..456.070 rows=1 loops=3)
               ->  Nested Loop  (cost=81764.69..122480.72 rows=168 width=64) (actual time=261.250..455.272 rows=2715 loops=3)
                     Join Filter: (ci.movie_id = t.id)
                     ->  Nested Loop  (cost=81764.26..122392.38 rows=168 width=55) (actual time=261.202..446.607 rows=2715 loops=3)
                           ->  Nested Loop  (cost=81763.84..122186.52 rows=462 width=59) (actual time=260.766..428.720 rows=6115 loops=3)
                                 ->  Nested Loop  (cost=81763.41..122068.42 rows=173 width=51) (actual time=260.709..416.509 rows=2575 loops=3)
                                       ->  Hash Join  (cost=81762.98..121836.61 rows=358 width=39) (actual time=260.654..406.779 rows=2735 loops=3)
                                             Hash Cond: (ci.role_id = rt.id)
                                             ->  Nested Loop  (cost=81761.82..121820.18 rows=4301 width=43) (actual time=260.575..406.146 rows=2735 loops=3)
                                                   Join Filter: (n.id = ci.person_id)
                                                   ->  Parallel Hash Join  (cost=81761.26..97898.70 rows=1755 width=39) (actual time=258.229..335.609 rows=3508 loops=3)
                                                         Hash Cond: (an.person_id = n.id)
                                                         ->  Parallel Seq Scan on aka_name an  (cost=0.00..15151.60 rows=375560 width=20) (actual time=0.015..32.540 rows=300448 loops=3)
                                                         ->  Parallel Hash  (cost=81659.82..81659.82 rows=8115 width=19) (actual time=257.886..257.886 rows=16670 loops=3)
                                                               Buckets: 65536 (originally 32768)  Batches: 1 (originally 1)  Memory Usage: 3584kB
                                                               ->  Parallel Seq Scan on name n  (cost=0.00..81659.82 rows=8115 width=19) (actual time=104.731..249.281 rows=16670 loops=3)
                                                                     Filter: (((name)::text ~~ '%An%'::text) AND ((gender)::text = 'f'::text))
                                                                     Rows Removed by Filter: 1372493
                                                   ->  Index Scan using person_id_cast_info on cast_info ci  (cost=0.56..13.47 rows=13 width=16) (actual time=0.018..0.020 rows=1 loops=10525)
                                                         Index Cond: (person_id = an.person_id)
                                                         Filter: ((note)::text = ANY ('{(voice),"(voice: Japanese version)","(voice) (uncredited)","(voice: English version)"}'::text[]))
                                                         Rows Removed by Filter: 44
                                             ->  Hash  (cost=1.15..1.15 rows=1 width=4) (actual time=0.024..0.024 rows=1 loops=3)
                                                   Buckets: 1024  Batches: 1  Memory Usage: 9kB
                                                   ->  Seq Scan on role_type rt  (cost=0.00..1.15 rows=1 width=4) (actual time=0.018..0.019 rows=1 loops=3)
                                                         Filter: ((role)::text = 'actress'::text)
                                                         Rows Removed by Filter: 11
                                       ->  Index Scan using char_name_pkey on char_name chn  (cost=0.43..0.65 rows=1 width=20) (actual time=0.003..0.003 rows=1 loops=8204)
                                             Index Cond: (id = ci.person_role_id)
                                 ->  Index Scan using movie_id_movie_companies on movie_companies mc  (cost=0.43..0.63 rows=5 width=8) (actual time=0.003..0.004 rows=2 loops=7726)
                                       Index Cond: (movie_id = ci.movie_id)
                           ->  Index Scan using company_name_pkey on company_name cn  (cost=0.42..0.45 rows=1 width=4) (actual time=0.003..0.003 rows=0 loops=18345)
                                 Index Cond: (id = mc.company_id)
                                 Filter: ((country_code)::text = '[us]'::text)
                                 Rows Removed by Filter: 1
                     ->  Index Scan using title_pkey on title t  (cost=0.43..0.51 rows=1 width=21) (actual time=0.003..0.003 rows=1 loops=8144)
                           Index Cond: (id = mc.movie_id)
 Planning Time: 7.185 ms
 Execution Time: 463.381 ms
(43 rows)

SET
                                                                                                  QUERY PLAN                                                                                                  
--------------------------------------------------------------------------------------------------------------------------------------------------------------------------------------------------------------
 Finalize Aggregate  (cost=211411.33..211411.34 rows=1 width=128) (actual time=3790.138..3790.138 rows=1 loops=1)
   ->  Gather  (cost=211411.10..211411.31 rows=2 width=128) (actual time=2874.238..3794.730 rows=3 loops=1)
         Workers Planned: 2
         Workers Launched: 2
         ->  Partial Aggregate  (cost=210411.10..210411.11 rows=1 width=128) (actual time=3173.245..3173.245 rows=1 loops=3)
               ->  Nested Loop  (cost=140783.51..210327.94 rows=8316 width=64) (actual time=2092.462..3135.453 rows=161027 loops=3)
                     ->  Nested Loop  (cost=140783.09..208504.03 rows=3393 width=56) (actual time=2092.378..2968.620 rows=57856 loops=3)
                           Join Filter: (ci.movie_id = t.id)
                           ->  Nested Loop  (cost=140782.66..206719.92 rows=3393 width=47) (actual time=2092.354..2821.630 rows=57856 loops=3)
                                 ->  Nested Loop  (cost=140782.23..202181.65 rows=7009 width=35) (actual time=2092.333..2628.666 rows=63155 loops=3)
                                       ->  Hash Join  (cost=140781.80..179531.73 rows=30299 width=16) (actual time=2092.301..2440.869 rows=63185 loops=3)
                                             Hash Cond: (mc.movie_id = ci.movie_id)
                                             ->  Parallel Hash Join  (cost=5351.77..37866.93 rows=395644 width=4) (actual time=23.998..252.919 rows=384599 loops=3)
                                                   Hash Cond: (mc.company_id = cn.id)
                                                   ->  Parallel Seq Scan on movie_companies mc  (cost=0.00..29661.37 rows=1087137 width=8) (actual time=0.015..77.434 rows=869710 loops=3)
                                                   ->  Parallel Hash  (cost=4722.92..4722.92 rows=50308 width=4) (actual time=23.531..23.532 rows=28281 loops=3)
                                                         Buckets: 131072  Batches: 1  Memory Usage: 4384kB
                                                         ->  Parallel Seq Scan on company_name cn  (cost=0.00..4722.92 rows=50308 width=4) (actual time=0.021..16.524 rows=28281 loops=3)
                                                               Filter: ((country_code)::text = '[us]'::text)
                                                               Rows Removed by Filter: 50051
                                             ->  Hash  (cost=134124.20..134124.20 rows=75106 width=12) (actual time=2067.269..2067.269 rows=276166 loops=3)
                                                   Buckets: 131072 (originally 131072)  Batches: 4 (originally 2)  Memory Usage: 3984kB
                                                   ->  Nested Loop  (cost=0.56..134124.20 rows=75106 width=12) (actual time=0.279..2012.791 rows=276166 loops=3)
                                                         ->  Seq Scan on role_type rt  (cost=0.00..1.15 rows=1 width=4) (actual time=0.012..0.015 rows=1 loops=3)
                                                               Filter: ((role)::text = 'actress'::text)
                                                               Rows Removed by Filter: 11
                                                         ->  Index Scan using role_id_cast_info on cast_info ci  (cost=0.56..133303.71 rows=81934 width=16) (actual time=0.264..1989.705 rows=276166 loops=3)
                                                               Index Cond: (role_id = rt.id)
                                                               Filter: ((note)::text = ANY ('{(voice),"(voice: Japanese version)","(voice) (uncredited)","(voice: English version)"}'::text[]))
                                                               Rows Removed by Filter: 7175807
                                       ->  Index Scan using name_pkey on name n  (cost=0.43..0.75 rows=1 width=19) (actual time=0.003..0.003 rows=1 loops=189554)
                                             Index Cond: (id = ci.person_id)
                                             Filter: ((gender)::text = 'f'::text)
                                             Rows Removed by Filter: 0
                                 ->  Index Scan using char_name_pkey on char_name chn  (cost=0.43..0.65 rows=1 width=20) (actual time=0.003..0.003 rows=1 loops=189464)
                                       Index Cond: (id = ci.person_role_id)
                           ->  Index Scan using title_pkey on title t  (cost=0.43..0.51 rows=1 width=21) (actual time=0.002..0.002 rows=1 loops=173567)
                                 Index Cond: (id = mc.movie_id)
                     ->  Index Scan using person_id_aka_name on aka_name an  (cost=0.42..0.52 rows=2 width=20) (actual time=0.002..0.002 rows=3 loops=173567)
                           Index Cond: (person_id = n.id)
 Planning Time: 7.512 ms
 Execution Time: 3794.977 ms
(42 rows)

