SET
                                                                                         QUERY PLAN                                                                                          
---------------------------------------------------------------------------------------------------------------------------------------------------------------------------------------------
 Finalize Aggregate  (cost=46738.99..46739.00 rows=1 width=64) (actual time=1087.521..1087.521 rows=1 loops=1)
   ->  Gather  (cost=46738.77..46738.98 rows=2 width=64) (actual time=1087.042..1092.610 rows=3 loops=1)
         Workers Planned: 2
         Workers Launched: 2
         ->  Partial Aggregate  (cost=45738.77..45738.78 rows=1 width=64) (actual time=1079.867..1079.868 rows=1 loops=3)
               ->  Nested Loop  (cost=4735.95..45738.76 rows=2 width=33) (actual time=150.875..1079.730 rows=35 loops=3)
                     ->  Nested Loop  (cost=4735.82..45738.46 rows=2 width=37) (actual time=150.768..1079.421 rows=35 loops=3)
                           ->  Hash Join  (cost=4735.39..45712.02 rows=5 width=25) (actual time=150.633..1078.190 rows=37 loops=3)
                                 Hash Cond: (ci.role_id = rt.id)
                                 ->  Nested Loop  (cost=4734.23..45710.67 rows=54 width=29) (actual time=150.417..1077.895 rows=50 loops=3)
                                       Join Filter: (t.id = ci.movie_id)
                                       ->  Nested Loop  (cost=4733.66..40594.00 rows=2624 width=29) (actual time=33.160..387.037 rows=1513 loops=3)
                                             ->  Parallel Hash Join  (cost=4733.23..37248.39 rows=6486 width=8) (actual time=32.651..323.379 rows=2930 loops=3)
                                                   Hash Cond: (mc.company_id = cn.id)
                                                   ->  Parallel Seq Scan on movie_companies mc  (cost=0.00..29661.37 rows=1087137 width=12) (actual time=0.049..163.620 rows=869710 loops=3)
                                                   ->  Parallel Hash  (cost=4722.92..4722.92 rows=825 width=4) (actual time=31.641..31.641 rows=454 loops=3)
                                                         Buckets: 2048  Batches: 1  Memory Usage: 112kB
                                                         ->  Parallel Seq Scan on company_name cn  (cost=0.00..4722.92 rows=825 width=4) (actual time=0.109..31.109 rows=454 loops=3)
                                                               Filter: ((country_code)::text = '[ru]'::text)
                                                               Rows Removed by Filter: 77879
                                             ->  Index Scan using title_pkey on title t  (cost=0.43..0.52 rows=1 width=21) (actual time=0.020..0.020 rows=1 loops=8790)
                                                   Index Cond: (id = mc.movie_id)
                                                   Filter: (production_year > 2005)
                                                   Rows Removed by Filter: 0
                                       ->  Index Scan using movie_id_cast_info on cast_info ci  (cost=0.56..1.94 rows=1 width=12) (actual time=0.427..0.455 rows=0 loops=4539)
                                             Index Cond: (movie_id = mc.movie_id)
                                             Filter: (((note)::text ~~ '%(voice)%'::text) AND ((note)::text ~~ '%(uncredited)%'::text))
                                             Rows Removed by Filter: 50
                                 ->  Hash  (cost=1.15..1.15 rows=1 width=4) (actual time=0.068..0.068 rows=1 loops=3)
                                       Buckets: 1024  Batches: 1  Memory Usage: 9kB
                                       ->  Seq Scan on role_type rt  (cost=0.00..1.15 rows=1 width=4) (actual time=0.043..0.046 rows=1 loops=3)
                                             Filter: ((role)::text = 'actor'::text)
                                             Rows Removed by Filter: 11
                           ->  Index Scan using char_name_pkey on char_name chn  (cost=0.43..5.29 rows=1 width=20) (actual time=0.031..0.031 rows=1 loops=112)
                                 Index Cond: (id = ci.person_role_id)
                     ->  Index Only Scan using company_type_pkey on company_type ct  (cost=0.13..0.15 rows=1 width=4) (actual time=0.007..0.007 rows=1 loops=104)
                           Index Cond: (id = mc.company_type_id)
                           Heap Fetches: 104
 Planning Time: 9.125 ms
 Execution Time: 1093.254 ms
(40 rows)

SET
                                                                                         QUERY PLAN                                                                                          
---------------------------------------------------------------------------------------------------------------------------------------------------------------------------------------------
 Finalize Aggregate  (cost=43565.51..43565.52 rows=1 width=64) (actual time=593.427..593.427 rows=1 loops=1)
   ->  Gather  (cost=43565.29..43565.50 rows=2 width=64) (actual time=593.246..601.570 rows=3 loops=1)
         Workers Planned: 2
         Workers Launched: 2
         ->  Partial Aggregate  (cost=42565.29..42565.30 rows=1 width=64) (actual time=586.008..586.009 rows=1 loops=3)
               ->  Hash Join  (cost=4736.91..42565.02 rows=55 width=33) (actual time=586.003..586.003 rows=0 loops=3)
                     Hash Cond: (mc.company_type_id = ct.id)
                     ->  Nested Loop  (cost=4735.82..42563.63 rows=55 width=37) (actual time=585.803..585.803 rows=0 loops=3)
                           ->  Hash Join  (cost=4735.39..42496.51 rows=115 width=25) (actual time=585.802..585.802 rows=0 loops=3)
                                 Hash Cond: (ci.role_id = rt.id)
                                 ->  Nested Loop  (cost=4734.23..42490.46 rows=1377 width=29) (actual time=38.197..585.366 rows=871 loops=3)
                                       Join Filter: (t.id = ci.movie_id)
                                       ->  Nested Loop  (cost=4733.66..40594.00 rows=1021 width=29) (actual time=37.013..401.086 rows=420 loops=3)
                                             ->  Parallel Hash Join  (cost=4733.23..37248.39 rows=6486 width=8) (actual time=33.970..327.259 rows=2930 loops=3)
                                                   Hash Cond: (mc.company_id = cn.id)
                                                   ->  Parallel Seq Scan on movie_companies mc  (cost=0.00..29661.37 rows=1087137 width=12) (actual time=0.054..166.355 rows=869710 loops=3)
                                                   ->  Parallel Hash  (cost=4722.92..4722.92 rows=825 width=4) (actual time=33.151..33.152 rows=454 loops=3)
                                                         Buckets: 2048  Batches: 1  Memory Usage: 112kB
                                                         ->  Parallel Seq Scan on company_name cn  (cost=0.00..4722.92 rows=825 width=4) (actual time=0.172..32.602 rows=454 loops=3)
                                                               Filter: ((country_code)::text = '[ru]'::text)
                                                               Rows Removed by Filter: 77879
                                             ->  Index Scan using title_pkey on title t  (cost=0.43..0.52 rows=1 width=21) (actual time=0.024..0.024 rows=0 loops=8790)
                                                   Index Cond: (id = mc.movie_id)
                                                   Filter: (production_year > 2010)
                                                   Rows Removed by Filter: 1
                                       ->  Index Scan using movie_id_cast_info on cast_info ci  (cost=0.56..1.84 rows=1 width=12) (actual time=0.229..0.437 rows=2 loops=1259)
                                             Index Cond: (movie_id = mc.movie_id)
                                             Filter: ((note)::text ~~ '%(producer)%'::text)
                                             Rows Removed by Filter: 44
                                 ->  Hash  (cost=1.15..1.15 rows=1 width=4) (actual time=0.052..0.052 rows=1 loops=3)
                                       Buckets: 1024  Batches: 1  Memory Usage: 9kB
                                       ->  Seq Scan on role_type rt  (cost=0.00..1.15 rows=1 width=4) (actual time=0.039..0.042 rows=1 loops=3)
                                             Filter: ((role)::text = 'actor'::text)
                                             Rows Removed by Filter: 11
                           ->  Index Scan using char_name_pkey on char_name chn  (cost=0.43..0.58 rows=1 width=20) (never executed)
                                 Index Cond: (id = ci.person_role_id)
                     ->  Hash  (cost=1.04..1.04 rows=4 width=4) (actual time=0.064..0.064 rows=4 loops=3)
                           Buckets: 1024  Batches: 1  Memory Usage: 9kB
                           ->  Seq Scan on company_type ct  (cost=0.00..1.04 rows=4 width=4) (actual time=0.042..0.043 rows=4 loops=3)
 Planning Time: 9.154 ms
 Execution Time: 602.192 ms
(41 rows)

SET
                                                                                          QUERY PLAN                                                                                           
-----------------------------------------------------------------------------------------------------------------------------------------------------------------------------------------------
 Finalize Aggregate  (cost=652016.30..652016.31 rows=1 width=64) (actual time=5212.506..5212.506 rows=1 loops=1)
   ->  Gather  (cost=652016.08..652016.29 rows=2 width=64) (actual time=5208.369..5302.173 rows=3 loops=1)
         Workers Planned: 2
         Workers Launched: 2
         ->  Partial Aggregate  (cost=651016.08..651016.09 rows=1 width=64) (actual time=5201.380..5201.380 rows=1 loops=3)
               ->  Hash Join  (cost=609518.31..650122.02 rows=178812 width=33) (actual time=5158.695..5201.359 rows=3 loops=3)
                     Hash Cond: (ci.role_id = rt.id)
                     ->  Hash Join  (cost=609517.04..649485.59 rows=178812 width=37) (actual time=5158.406..5201.068 rows=3 loops=3)
                           Hash Cond: (mc.company_type_id = ct.id)
                           ->  Parallel Hash Join  (cost=609515.95..648517.80 rows=178812 width=41) (actual time=5158.298..5200.958 rows=3 loops=3)
                                 Hash Cond: (mc.movie_id = t.id)
                                 ->  Parallel Hash Join  (cost=5350.78..37865.94 rows=395029 width=8) (actual time=47.856..434.561 rows=384599 loops=3)
                                       Hash Cond: (mc.company_id = cn.id)
                                       ->  Parallel Seq Scan on movie_companies mc  (cost=0.00..29661.37 rows=1087137 width=12) (actual time=0.025..176.911 rows=869710 loops=3)
                                       ->  Parallel Hash  (cost=4722.92..4722.92 rows=50229 width=4) (actual time=47.700..47.700 rows=28281 loops=3)
                                             Buckets: 131072  Batches: 1  Memory Usage: 4384kB
                                             ->  Parallel Seq Scan on company_name cn  (cost=0.00..4722.92 rows=50229 width=4) (actual time=0.090..32.218 rows=28281 loops=3)
                                                   Filter: ((country_code)::text = '[us]'::text)
                                                   Rows Removed by Filter: 50051
                                 ->  Parallel Hash  (cost=600222.44..600222.44 rows=185178 width=45) (actual time=4592.794..4592.794 rows=4 loops=3)
                                       Buckets: 65536  Batches: 16  Memory Usage: 576kB
                                       ->  Parallel Hash Join  (cost=136144.88..600222.44 rows=185178 width=45) (actual time=4475.705..4591.932 rows=4 loops=3)
                                             Hash Cond: (ci.movie_id = t.id)
                                             ->  Parallel Hash Join  (cost=73555.68..529520.84 rows=266824 width=24) (actual time=3827.603..3933.980 rows=5 loops=3)
                                                   Hash Cond: (ci.person_role_id = chn.id)
                                                   ->  Parallel Seq Scan on cast_info ci  (cost=0.00..441459.62 rows=551821 width=12) (actual time=324.813..2904.547 rows=478480 loops=3)
                                                         Filter: ((note)::text ~~ '%(producer)%'::text)
                                                         Rows Removed by Filter: 11602968
                                                   ->  Parallel Hash  (cost=49532.75..49532.75 rows=1308475 width=20) (actual time=708.759..708.759 rows=1046780 loops=3)
                                                         Buckets: 65536  Batches: 64  Memory Usage: 3232kB
                                                         ->  Parallel Seq Scan on char_name chn  (cost=0.00..49532.75 rows=1308475 width=20) (actual time=0.056..314.192 rows=1046780 loops=3)
                                             ->  Parallel Hash  (cost=49166.29..49166.29 rows=731112 width=21) (actual time=527.949..527.949 rows=583011 loops=3)
                                                   Buckets: 65536  Batches: 32  Memory Usage: 3648kB
                                                   ->  Parallel Seq Scan on title t  (cost=0.00..49166.29 rows=731112 width=21) (actual time=0.043..301.344 rows=583011 loops=3)
                                                         Filter: (production_year > 1990)
                                                         Rows Removed by Filter: 259760
                           ->  Hash  (cost=1.04..1.04 rows=4 width=4) (actual time=0.040..0.040 rows=4 loops=3)
                                 Buckets: 1024  Batches: 1  Memory Usage: 9kB
                                 ->  Seq Scan on company_type ct  (cost=0.00..1.04 rows=4 width=4) (actual time=0.023..0.025 rows=4 loops=3)
                     ->  Hash  (cost=1.12..1.12 rows=12 width=4) (actual time=0.057..0.057 rows=12 loops=3)
                           Buckets: 1024  Batches: 1  Memory Usage: 9kB
                           ->  Seq Scan on role_type rt  (cost=0.00..1.12 rows=12 width=4) (actual time=0.030..0.032 rows=12 loops=3)
 Planning Time: 9.201 ms
 Execution Time: 5302.869 ms
(44 rows)

SET
                                                                                      QUERY PLAN                                                                                       
---------------------------------------------------------------------------------------------------------------------------------------------------------------------------------------
 Aggregate  (cost=3754.86..3754.87 rows=1 width=96) (actual time=245.451..245.452 rows=1 loops=1)
   ->  Nested Loop  (cost=8.32..3754.85 rows=1 width=118) (actual time=6.605..245.010 rows=310 loops=1)
         Join Filter: (mc.company_type_id = ct.id)
         Rows Removed by Join Filter: 20
         ->  Nested Loop  (cost=8.32..3753.79 rows=1 width=122) (actual time=6.581..242.266 rows=330 loops=1)
               ->  Nested Loop  (cost=7.90..3753.33 rows=1 width=107) (actual time=5.852..238.570 rows=705 loops=1)
                     Join Filter: (ml.movie_id = mc.movie_id)
                     ->  Nested Loop  (cost=7.47..3752.76 rows=1 width=111) (actual time=5.801..236.602 rows=152 loops=1)
                           Join Filter: (ml.movie_id = t.id)
                           ->  Nested Loop  (cost=7.04..3752.25 rows=1 width=90) (actual time=5.616..235.019 rows=199 loops=1)
                                 Join Filter: (ml.link_type_id = lt.id)
                                 Rows Removed by Join Filter: 303
                                 ->  Seq Scan on link_type lt  (cost=0.00..1.23 rows=1 width=86) (actual time=0.033..0.043 rows=2 loops=1)
                                       Filter: ((link)::text ~~ '%follow%'::text)
                                       Rows Removed by Filter: 16
                                 ->  Nested Loop  (cost=7.04..3750.90 rows=10 width=12) (actual time=4.835..117.441 rows=251 loops=2)
                                       ->  Nested Loop  (cost=6.76..3736.45 rows=34 width=4) (actual time=4.824..95.015 rows=10544 loops=2)
                                             ->  Seq Scan on keyword k  (cost=0.00..2626.12 rows=1 width=4) (actual time=1.287..23.492 rows=1 loops=2)
                                                   Filter: ((keyword)::text = 'sequel'::text)
                                                   Rows Removed by Filter: 134169
                                             ->  Bitmap Heap Scan on movie_keyword mk  (cost=6.76..1107.32 rows=300 width=8) (actual time=3.493..68.858 rows=10544 loops=2)
                                                   Recheck Cond: (keyword_id = k.id)
                                                   Heap Blocks: exact=11140
                                                   ->  Bitmap Index Scan on keyword_id_movie_keyword  (cost=0.00..6.68 rows=300 width=0) (actual time=2.715..2.716 rows=10544 loops=2)
                                                         Index Cond: (keyword_id = k.id)
                                       ->  Index Scan using movie_id_movie_link on movie_link ml  (cost=0.29..0.38 rows=5 width=8) (actual time=0.002..0.002 rows=0 loops=21088)
                                             Index Cond: (movie_id = mk.movie_id)
                           ->  Index Scan using title_pkey on title t  (cost=0.43..0.49 rows=1 width=21) (actual time=0.007..0.007 rows=1 loops=199)
                                 Index Cond: (id = mk.movie_id)
                                 Filter: ((production_year >= 1950) AND (production_year <= 2000))
                                 Rows Removed by Filter: 0
                     ->  Index Scan using movie_id_movie_companies on movie_companies mc  (cost=0.43..0.54 rows=3 width=12) (actual time=0.008..0.011 rows=5 loops=152)
                           Index Cond: (movie_id = mk.movie_id)
                           Filter: (note IS NULL)
                           Rows Removed by Filter: 1
               ->  Index Scan using company_name_pkey on company_name cn  (cost=0.42..0.46 rows=1 width=23) (actual time=0.005..0.005 rows=0 loops=705)
                     Index Cond: (id = mc.company_id)
                     Filter: (((country_code)::text <> '[pl]'::text) AND (((name)::text ~~ '%Film%'::text) OR ((name)::text ~~ '%Warner%'::text)))
                     Rows Removed by Filter: 1
         ->  Seq Scan on company_type ct  (cost=0.00..1.05 rows=1 width=4) (actual time=0.003..0.003 rows=1 loops=330)
               Filter: ((kind)::text = 'production companies'::text)
               Rows Removed by Filter: 1
 Planning Time: 13.414 ms
 Execution Time: 246.039 ms
(44 rows)

SET
                                                                                      QUERY PLAN                                                                                       
---------------------------------------------------------------------------------------------------------------------------------------------------------------------------------------
 Aggregate  (cost=3754.86..3754.87 rows=1 width=96) (actual time=61.462..61.462 rows=1 loops=1)
   ->  Nested Loop  (cost=8.32..3754.85 rows=1 width=118) (actual time=5.350..61.429 rows=14 loops=1)
         Join Filter: (mc.company_type_id = ct.id)
         ->  Nested Loop  (cost=8.32..3753.79 rows=1 width=122) (actual time=5.329..61.304 rows=14 loops=1)
               ->  Nested Loop  (cost=7.90..3753.33 rows=1 width=107) (actual time=5.305..61.148 rows=21 loops=1)
                     Join Filter: (ml.movie_id = mc.movie_id)
                     ->  Nested Loop  (cost=7.47..3752.76 rows=1 width=111) (actual time=5.289..61.094 rows=7 loops=1)
                           Join Filter: (ml.movie_id = t.id)
                           ->  Nested Loop  (cost=7.04..3752.25 rows=1 width=90) (actual time=4.406..60.631 rows=64 loops=1)
                                 Join Filter: (ml.link_type_id = lt.id)
                                 Rows Removed by Join Filter: 187
                                 ->  Seq Scan on link_type lt  (cost=0.00..1.23 rows=1 width=86) (actual time=0.013..0.020 rows=1 loops=1)
                                       Filter: ((link)::text ~~ '%follows%'::text)
                                       Rows Removed by Filter: 17
                                 ->  Nested Loop  (cost=7.04..3750.90 rows=10 width=12) (actual time=4.388..60.575 rows=251 loops=1)
                                       ->  Nested Loop  (cost=6.76..3736.45 rows=34 width=4) (actual time=4.381..44.815 rows=10544 loops=1)
                                             ->  Seq Scan on keyword k  (cost=0.00..2626.12 rows=1 width=4) (actual time=1.049..18.534 rows=1 loops=1)
                                                   Filter: ((keyword)::text = 'sequel'::text)
                                                   Rows Removed by Filter: 134169
                                             ->  Bitmap Heap Scan on movie_keyword mk  (cost=6.76..1107.32 rows=300 width=8) (actual time=3.324..24.338 rows=10544 loops=1)
                                                   Recheck Cond: (keyword_id = k.id)
                                                   Heap Blocks: exact=5570
                                                   ->  Bitmap Index Scan on keyword_id_movie_keyword  (cost=0.00..6.68 rows=300 width=0) (actual time=2.558..2.559 rows=10544 loops=1)
                                                         Index Cond: (keyword_id = k.id)
                                       ->  Index Scan using movie_id_movie_link on movie_link ml  (cost=0.29..0.38 rows=5 width=8) (actual time=0.001..0.001 rows=0 loops=10544)
                                             Index Cond: (movie_id = mk.movie_id)
                           ->  Index Scan using title_pkey on title t  (cost=0.43..0.49 rows=1 width=21) (actual time=0.007..0.007 rows=0 loops=64)
                                 Index Cond: (id = mk.movie_id)
                                 Filter: (((title)::text ~~ '%Money%'::text) AND (production_year = 1998))
                                 Rows Removed by Filter: 1
                     ->  Index Scan using movie_id_movie_companies on movie_companies mc  (cost=0.43..0.54 rows=3 width=12) (actual time=0.004..0.006 rows=3 loops=7)
                           Index Cond: (movie_id = mk.movie_id)
                           Filter: (note IS NULL)
                           Rows Removed by Filter: 1
               ->  Index Scan using company_name_pkey on company_name cn  (cost=0.42..0.46 rows=1 width=23) (actual time=0.007..0.007 rows=1 loops=21)
                     Index Cond: (id = mc.company_id)
                     Filter: (((country_code)::text <> '[pl]'::text) AND (((name)::text ~~ '%Film%'::text) OR ((name)::text ~~ '%Warner%'::text)))
                     Rows Removed by Filter: 0
         ->  Seq Scan on company_type ct  (cost=0.00..1.05 rows=1 width=4) (actual time=0.003..0.003 rows=1 loops=14)
               Filter: ((kind)::text = 'production companies'::text)
               Rows Removed by Filter: 1
 Planning Time: 12.676 ms
 Execution Time: 62.111 ms
(43 rows)

SET
                                                                                      QUERY PLAN                                                                                       
---------------------------------------------------------------------------------------------------------------------------------------------------------------------------------------
 Aggregate  (cost=6178.62..6178.63 rows=1 width=96) (actual time=606.309..606.309 rows=1 loops=1)
   ->  Nested Loop  (cost=8.32..6178.61 rows=1 width=60) (actual time=5.484..595.921 rows=6946 loops=1)
         Join Filter: (ml.movie_id = t.id)
         ->  Nested Loop  (cost=7.89..6178.11 rows=1 width=55) (actual time=5.440..560.413 rows=6946 loops=1)
               Join Filter: (ml.link_type_id = lt.id)
               Rows Removed by Join Filter: 42158
               ->  Nested Loop  (cost=7.89..6176.70 rows=1 width=59) (actual time=5.426..499.259 rows=6946 loops=1)
                     ->  Nested Loop  (cost=7.47..6147.98 rows=63 width=44) (actual time=4.768..453.254 rows=14916 loops=1)
                           Join Filter: (mc.company_type_id = ct.id)
                           Rows Removed by Join Filter: 1782
                           ->  Nested Loop  (cost=7.47..6143.61 rows=84 width=48) (actual time=4.743..444.367 rows=15510 loops=1)
                                 Join Filter: (ml.movie_id = mc.movie_id)
                                 ->  Nested Loop  (cost=7.04..6125.70 rows=31 width=12) (actual time=4.697..426.370 rows=1460 loops=1)
                                       ->  Nested Loop  (cost=6.76..6082.75 rows=101 width=4) (actual time=4.688..323.277 rows=47403 loops=1)
                                             ->  Seq Scan on keyword k  (cost=0.00..2793.84 rows=3 width=4) (actual time=1.095..27.762 rows=3 loops=1)
                                                   Filter: ((keyword)::text = ANY ('{sequel,revenge,based-on-novel}'::text[]))
                                                   Rows Removed by Filter: 134167
                                             ->  Bitmap Heap Scan on movie_keyword mk  (cost=6.76..1093.30 rows=300 width=8) (actual time=4.912..94.166 rows=15801 loops=3)
                                                   Recheck Cond: (keyword_id = k.id)
                                                   Heap Blocks: exact=23953
                                                   ->  Bitmap Index Scan on keyword_id_movie_keyword  (cost=0.00..6.68 rows=300 width=0) (actual time=3.756..3.756 rows=15801 loops=3)
                                                         Index Cond: (keyword_id = k.id)
                                       ->  Index Scan using movie_id_movie_link on movie_link ml  (cost=0.29..0.38 rows=5 width=8) (actual time=0.002..0.002 rows=0 loops=47403)
                                             Index Cond: (movie_id = mk.movie_id)
                                 ->  Index Scan using movie_id_movie_companies on movie_companies mc  (cost=0.43..0.54 rows=3 width=36) (actual time=0.004..0.009 rows=11 loops=1460)
                                       Index Cond: (movie_id = mk.movie_id)
                                       Filter: (note IS NOT NULL)
                                       Rows Removed by Filter: 2
                           ->  Materialize  (cost=0.00..1.06 rows=3 width=4) (actual time=0.000..0.000 rows=1 loops=15510)
                                 ->  Seq Scan on company_type ct  (cost=0.00..1.05 rows=3 width=4) (actual time=0.019..0.021 rows=3 loops=1)
                                       Filter: ((kind IS NOT NULL) AND ((kind)::text <> 'production companies'::text))
                                       Rows Removed by Filter: 1
                     ->  Index Scan using company_name_pkey on company_name cn  (cost=0.42..0.46 rows=1 width=23) (actual time=0.003..0.003 rows=0 loops=14916)
                           Index Cond: (id = mc.company_id)
                           Filter: (((country_code)::text <> '[pl]'::text) AND (((name)::text ~~ '20th Century Fox%'::text) OR ((name)::text ~~ 'Twentieth Century Fox%'::text)))
                           Rows Removed by Filter: 1
               ->  Seq Scan on link_type lt  (cost=0.00..1.18 rows=18 width=4) (actual time=0.002..0.002 rows=7 loops=6946)
         ->  Index Scan using title_pkey on title t  (cost=0.43..0.49 rows=1 width=21) (actual time=0.004..0.004 rows=1 loops=6946)
               Index Cond: (id = mk.movie_id)
               Filter: (production_year > 1950)
 Planning Time: 12.984 ms
 Execution Time: 606.873 ms
(42 rows)

SET
                                                                                      QUERY PLAN                                                                                       
---------------------------------------------------------------------------------------------------------------------------------------------------------------------------------------
 Aggregate  (cost=6195.83..6195.84 rows=1 width=96) (actual time=502.981..502.981 rows=1 loops=1)
   ->  Nested Loop  (cost=8.32..6195.45 rows=51 width=60) (actual time=4.848..493.999 rows=14899 loops=1)
         ->  Nested Loop  (cost=7.90..6169.75 rows=57 width=45) (actual time=4.816..455.571 rows=14916 loops=1)
               Join Filter: (mc.company_type_id = ct.id)
               Rows Removed by Join Filter: 1782
               ->  Nested Loop  (cost=7.90..6165.70 rows=76 width=49) (actual time=4.796..449.777 rows=15510 loops=1)
                     Join Filter: (ml.movie_id = mc.movie_id)
                     ->  Nested Loop  (cost=7.47..6149.51 rows=28 width=29) (actual time=4.772..435.732 rows=1460 loops=1)
                           Join Filter: (ml.link_type_id = lt.id)
                           Rows Removed by Join Filter: 10576
                           ->  Nested Loop  (cost=7.47..6141.21 rows=28 width=33) (actual time=4.756..433.345 rows=1460 loops=1)
                                 Join Filter: (ml.movie_id = t.id)
                                 ->  Nested Loop  (cost=7.04..6125.70 rows=31 width=12) (actual time=4.716..426.200 rows=1460 loops=1)
                                       ->  Nested Loop  (cost=6.76..6082.75 rows=101 width=4) (actual time=4.697..321.247 rows=47403 loops=1)
                                             ->  Seq Scan on keyword k  (cost=0.00..2793.84 rows=3 width=4) (actual time=1.139..36.280 rows=3 loops=1)
                                                   Filter: ((keyword)::text = ANY ('{sequel,revenge,based-on-novel}'::text[]))
                                                   Rows Removed by Filter: 134167
                                             ->  Bitmap Heap Scan on movie_keyword mk  (cost=6.76..1093.30 rows=300 width=8) (actual time=4.999..90.528 rows=15801 loops=3)
                                                   Recheck Cond: (keyword_id = k.id)
                                                   Heap Blocks: exact=23953
                                                   ->  Bitmap Index Scan on keyword_id_movie_keyword  (cost=0.00..6.68 rows=300 width=0) (actual time=3.836..3.836 rows=15801 loops=3)
                                                         Index Cond: (keyword_id = k.id)
                                       ->  Index Scan using movie_id_movie_link on movie_link ml  (cost=0.29..0.38 rows=5 width=8) (actual time=0.002..0.002 rows=0 loops=47403)
                                             Index Cond: (movie_id = mk.movie_id)
                                 ->  Index Scan using title_pkey on title t  (cost=0.43..0.49 rows=1 width=21) (actual time=0.004..0.004 rows=1 loops=1460)
                                       Index Cond: (id = mk.movie_id)
                                       Filter: (production_year > 1950)
                           ->  Materialize  (cost=0.00..1.27 rows=18 width=4) (actual time=0.000..0.001 rows=8 loops=1460)
                                 ->  Seq Scan on link_type lt  (cost=0.00..1.18 rows=18 width=4) (actual time=0.008..0.011 rows=16 loops=1)
                     ->  Index Scan using movie_id_movie_companies on movie_companies mc  (cost=0.43..0.54 rows=3 width=36) (actual time=0.003..0.007 rows=11 loops=1460)
                           Index Cond: (movie_id = mk.movie_id)
                           Filter: (note IS NOT NULL)
                           Rows Removed by Filter: 2
               ->  Materialize  (cost=0.00..1.06 rows=3 width=4) (actual time=0.000..0.000 rows=1 loops=15510)
                     ->  Seq Scan on company_type ct  (cost=0.00..1.05 rows=3 width=4) (actual time=0.018..0.019 rows=3 loops=1)
                           Filter: ((kind IS NOT NULL) AND ((kind)::text <> 'production companies'::text))
                           Rows Removed by Filter: 1
         ->  Index Scan using company_name_pkey on company_name cn  (cost=0.42..0.45 rows=1 width=23) (actual time=0.002..0.002 rows=1 loops=14916)
               Index Cond: (id = mc.company_id)
               Filter: ((country_code)::text <> '[pl]'::text)
               Rows Removed by Filter: 0
 Planning Time: 13.757 ms
 Execution Time: 503.543 ms
(43 rows)

SET
                                                                                            QUERY PLAN                                                                                            
--------------------------------------------------------------------------------------------------------------------------------------------------------------------------------------------------
 Aggregate  (cost=16837.50..16837.51 rows=1 width=96) (actual time=478.643..478.644 rows=1 loops=1)
   ->  Gather  (cost=1005.35..16837.49 rows=1 width=41) (actual time=83.875..483.458 rows=397 loops=1)
         Workers Planned: 2
         Workers Launched: 2
         ->  Nested Loop  (cost=5.34..15837.39 rows=1 width=41) (actual time=48.374..471.073 rows=132 loops=3)
               ->  Nested Loop  (cost=5.20..15835.91 rows=9 width=45) (actual time=48.334..470.474 rows=132 loops=3)
                     Join Filter: (t.id = mi.movie_id)
                     ->  Nested Loop  (cost=4.77..15811.93 rows=15 width=53) (actual time=2.388..369.738 rows=1891 loops=3)
                           ->  Nested Loop  (cost=4.35..15793.67 rows=41 width=38) (actual time=2.301..346.483 rows=2203 loops=3)
                                 Join Filter: (mi_idx.movie_id = t.id)
                                 ->  Hash Join  (cost=3.92..15669.98 rows=233 width=17) (actual time=0.522..237.800 rows=8078 loops=3)
                                       Hash Cond: (mc.company_type_id = ct.id)
                                       ->  Nested Loop  (cost=2.86..15663.88 rows=932 width=21) (actual time=0.271..230.704 rows=21569 loops=3)
                                             ->  Hash Join  (cost=2.43..15179.85 rows=178 width=9) (actual time=0.177..141.362 rows=5283 loops=3)
                                                   Hash Cond: (mi_idx.info_type_id = it2.id)
                                                   ->  Parallel Seq Scan on movie_info_idx mi_idx  (cost=0.00..15122.68 rows=20101 width=13) (actual time=0.057..136.019 rows=17883 loops=3)
                                                         Filter: ((info)::text > '8.0'::text)
                                                         Rows Removed by Filter: 442129
                                                   ->  Hash  (cost=2.41..2.41 rows=1 width=4) (actual time=0.062..0.063 rows=1 loops=3)
                                                         Buckets: 1024  Batches: 1  Memory Usage: 9kB
                                                         ->  Seq Scan on info_type it2  (cost=0.00..2.41 rows=1 width=4) (actual time=0.043..0.046 rows=1 loops=3)
                                                               Filter: ((info)::text = 'rating'::text)
                                                               Rows Removed by Filter: 112
                                             ->  Index Scan using movie_id_movie_companies on movie_companies mc  (cost=0.43..2.67 rows=5 width=12) (actual time=0.011..0.015 rows=4 loops=15849)
                                                   Index Cond: (movie_id = mi_idx.movie_id)
                                       ->  Hash  (cost=1.05..1.05 rows=1 width=4) (actual time=0.066..0.067 rows=1 loops=3)
                                             Buckets: 1024  Batches: 1  Memory Usage: 9kB
                                             ->  Seq Scan on company_type ct  (cost=0.00..1.05 rows=1 width=4) (actual time=0.042..0.044 rows=1 loops=3)
                                                   Filter: ((kind)::text = 'production companies'::text)
                                                   Rows Removed by Filter: 3
                                 ->  Index Scan using title_pkey on title t  (cost=0.43..0.52 rows=1 width=21) (actual time=0.013..0.013 rows=0 loops=24233)
                                       Index Cond: (id = mc.movie_id)
                                       Filter: ((production_year >= 2005) AND (production_year <= 2008))
                                       Rows Removed by Filter: 1
                           ->  Index Scan using company_name_pkey on company_name cn  (cost=0.42..0.45 rows=1 width=23) (actual time=0.010..0.010 rows=1 loops=6610)
                                 Index Cond: (id = mc.company_id)
                                 Filter: ((country_code)::text = '[us]'::text)
                                 Rows Removed by Filter: 0
                     ->  Index Scan using movie_id_movie_info on movie_info mi  (cost=0.43..1.59 rows=1 width=8) (actual time=0.053..0.053 rows=0 loops=5674)
                           Index Cond: (movie_id = mc.movie_id)
                           Filter: ((info)::text = ANY ('{Drama,Horror}'::text[]))
                           Rows Removed by Filter: 28
               ->  Index Scan using info_type_pkey on info_type it1  (cost=0.14..0.16 rows=1 width=4) (actual time=0.003..0.003 rows=1 loops=397)
                     Index Cond: (id = mi.info_type_id)
                     Filter: ((info)::text = 'genres'::text)
 Planning Time: 14.304 ms
 Execution Time: 484.486 ms
(47 rows)

SET
                                                                                         QUERY PLAN                                                                                          
---------------------------------------------------------------------------------------------------------------------------------------------------------------------------------------------
 Aggregate  (cost=19208.43..19208.44 rows=1 width=64) (actual time=144.957..144.957 rows=1 loops=1)
   ->  Nested Loop  (cost=1006.70..19208.43 rows=1 width=60) (actual time=143.169..144.933 rows=10 loops=1)
         ->  Gather  (cost=1006.57..19208.26 rows=1 width=64) (actual time=143.107..144.980 rows=10 loops=1)
               Workers Planned: 2
               Workers Launched: 2
               ->  Nested Loop  (cost=6.57..18208.16 rows=1 width=64) (actual time=135.608..136.184 rows=3 loops=3)
                     ->  Nested Loop  (cost=6.15..18207.71 rows=1 width=68) (actual time=135.585..135.897 rows=11 loops=3)
                           Join Filter: (t.id = mc.movie_id)
                           ->  Hash Join  (cost=5.72..18207.13 rows=1 width=72) (actual time=135.559..135.832 rows=1 loops=3)
                                 Hash Cond: (mi.info_type_id = it1.id)
                                 ->  Nested Loop  (cost=3.29..18204.66 rows=17 width=76) (actual time=135.250..135.585 rows=74 loops=3)
                                       Join Filter: (t.id = mi.movie_id)
                                       ->  Nested Loop  (cost=2.86..18202.37 rows=1 width=25) (actual time=135.221..135.266 rows=1 loops=3)
                                             ->  Hash Join  (cost=2.43..15253.60 rows=5089 width=4) (actual time=135.050..135.055 rows=3 loops=3)
                                                   Hash Cond: (mi_idx.info_type_id = it2.id)
                                                   ->  Parallel Seq Scan on movie_info_idx mi_idx  (cost=0.00..13685.15 rows=575015 width=8) (actual time=0.034..79.365 rows=460012 loops=3)
                                                   ->  Hash  (cost=2.41..2.41 rows=1 width=4) (actual time=0.032..0.032 rows=1 loops=3)
                                                         Buckets: 1024  Batches: 1  Memory Usage: 9kB
                                                         ->  Seq Scan on info_type it2  (cost=0.00..2.41 rows=1 width=4) (actual time=0.021..0.022 rows=1 loops=3)
                                                               Filter: ((info)::text = 'bottom 10 rank'::text)
                                                               Rows Removed by Filter: 112
                                             ->  Index Scan using title_pkey on title t  (cost=0.43..0.58 rows=1 width=21) (actual time=0.062..0.062 rows=0 loops=10)
                                                   Index Cond: (id = mi_idx.movie_id)
                                                   Filter: ((production_year > 2000) AND (((title)::text ~~ 'Birdemic%'::text) OR ((title)::text ~~ '%Movie%'::text)))
                                                   Rows Removed by Filter: 1
                                       ->  Index Scan using movie_id_movie_info on movie_info mi  (cost=0.43..1.76 rows=42 width=51) (actual time=0.069..0.438 rows=110 loops=2)
                                             Index Cond: (movie_id = mi_idx.movie_id)
                                 ->  Hash  (cost=2.41..2.41 rows=1 width=4) (actual time=0.083..0.083 rows=1 loops=3)
                                       Buckets: 1024  Batches: 1  Memory Usage: 9kB
                                       ->  Seq Scan on info_type it1  (cost=0.00..2.41 rows=1 width=4) (actual time=0.061..0.063 rows=1 loops=3)
                                             Filter: ((info)::text = 'budget'::text)
                                             Rows Removed by Filter: 112
                           ->  Index Scan using movie_id_movie_companies on movie_companies mc  (cost=0.43..0.52 rows=5 width=12) (actual time=0.063..0.086 rows=16 loops=2)
                                 Index Cond: (movie_id = mi.movie_id)
                     ->  Index Scan using company_name_pkey on company_name cn  (cost=0.42..0.45 rows=1 width=4) (actual time=0.025..0.025 rows=0 loops=33)
                           Index Cond: (id = mc.company_id)
                           Filter: ((country_code)::text = '[us]'::text)
                           Rows Removed by Filter: 1
         ->  Index Scan using company_type_pkey on company_type ct  (cost=0.13..0.15 rows=1 width=4) (actual time=0.008..0.008 rows=1 loops=10)
               Index Cond: (id = mc.company_type_id)
               Filter: ((kind IS NOT NULL) AND (((kind)::text = 'production companies'::text) OR ((kind)::text = 'distributors'::text)))
 Planning Time: 14.672 ms
 Execution Time: 145.808 ms
(43 rows)

SET
                                                                                         QUERY PLAN                                                                                          
---------------------------------------------------------------------------------------------------------------------------------------------------------------------------------------------
 Aggregate  (cost=17908.15..17908.16 rows=1 width=96) (actual time=1719.720..1719.721 rows=1 loops=1)
   ->  Gather  (cost=1007.63..17908.14 rows=2 width=41) (actual time=7.191..1722.396 rows=4711 loops=1)
         Workers Planned: 2
         Workers Launched: 2
         ->  Hash Join  (cost=7.63..16907.94 rows=1 width=41) (actual time=18.069..1708.627 rows=1570 loops=3)
               Hash Cond: (mi.info_type_id = it1.id)
               ->  Nested Loop  (cost=5.20..16905.24 rows=98 width=45) (actual time=17.817..1707.080 rows=1570 loops=3)
                     Join Filter: (t.id = mi.movie_id)
                     ->  Nested Loop  (cost=4.77..16670.19 rows=138 width=53) (actual time=1.473..1087.207 rows=14111 loops=3)
                           ->  Hash Join  (cost=4.35..16500.42 rows=381 width=38) (actual time=0.497..896.518 rows=22822 loops=3)
                                 Hash Cond: (mc.company_type_id = ct.id)
                                 ->  Nested Loop  (cost=3.29..16491.13 rows=1523 width=42) (actual time=0.366..878.132 rows=56386 loops=3)
                                       ->  Nested Loop  (cost=2.86..16296.91 rows=291 width=30) (actual time=0.290..650.755 rows=17435 loops=3)
                                             ->  Hash Join  (cost=2.43..15342.82 rows=708 width=9) (actual time=0.152..185.192 rows=40524 loops=3)
                                                   Hash Cond: (mi_idx.info_type_id = it2.id)
                                                   ->  Parallel Seq Scan on movie_info_idx mi_idx  (cost=0.00..15122.68 rows=79942 width=13) (actual time=0.062..160.487 rows=64632 loops=3)
                                                         Filter: ((info)::text > '7.0'::text)
                                                         Rows Removed by Filter: 395380
                                                   ->  Hash  (cost=2.41..2.41 rows=1 width=4) (actual time=0.032..0.032 rows=1 loops=3)
                                                         Buckets: 1024  Batches: 1  Memory Usage: 9kB
                                                         ->  Seq Scan on info_type it2  (cost=0.00..2.41 rows=1 width=4) (actual time=0.020..0.023 rows=1 loops=3)
                                                               Filter: ((info)::text = 'rating'::text)
                                                               Rows Removed by Filter: 112
                                             ->  Index Scan using title_pkey on title t  (cost=0.43..1.35 rows=1 width=21) (actual time=0.011..0.011 rows=0 loops=121572)
                                                   Index Cond: (id = mi_idx.movie_id)
                                                   Filter: ((production_year >= 2000) AND (production_year <= 2010))
                                                   Rows Removed by Filter: 1
                                       ->  Index Scan using movie_id_movie_companies on movie_companies mc  (cost=0.43..0.62 rows=5 width=12) (actual time=0.009..0.012 rows=3 loops=52304)
                                             Index Cond: (movie_id = t.id)
                                 ->  Hash  (cost=1.05..1.05 rows=1 width=4) (actual time=0.056..0.056 rows=1 loops=3)
                                       Buckets: 1024  Batches: 1  Memory Usage: 9kB
                                       ->  Seq Scan on company_type ct  (cost=0.00..1.05 rows=1 width=4) (actual time=0.040..0.042 rows=1 loops=3)
                                             Filter: ((kind)::text = 'production companies'::text)
                                             Rows Removed by Filter: 3
                           ->  Index Scan using company_name_pkey on company_name cn  (cost=0.42..0.45 rows=1 width=23) (actual time=0.008..0.008 rows=1 loops=68466)
                                 Index Cond: (id = mc.company_id)
                                 Filter: ((country_code)::text = '[us]'::text)
                                 Rows Removed by Filter: 0
                     ->  Index Scan using movie_id_movie_info on movie_info mi  (cost=0.43..1.69 rows=1 width=8) (actual time=0.043..0.043 rows=0 loops=42332)
                           Index Cond: (movie_id = mc.movie_id)
                           Filter: ((info)::text = ANY ('{Drama,Horror,Western,Family}'::text[]))
                           Rows Removed by Filter: 29
               ->  Hash  (cost=2.41..2.41 rows=1 width=4) (actual time=0.084..0.084 rows=1 loops=3)
                     Buckets: 1024  Batches: 1  Memory Usage: 9kB
                     ->  Seq Scan on info_type it1  (cost=0.00..2.41 rows=1 width=4) (actual time=0.051..0.064 rows=1 loops=3)
                           Filter: ((info)::text = 'genres'::text)
                           Rows Removed by Filter: 112
 Planning Time: 13.513 ms
 Execution Time: 1726.761 ms
(49 rows)

SET
                                                                                               QUERY PLAN                                                                                                
---------------------------------------------------------------------------------------------------------------------------------------------------------------------------------------------------------
 Finalize Aggregate  (cost=20155.74..20155.75 rows=1 width=96) (actual time=2516.294..2516.294 rows=1 loops=1)
   ->  Gather  (cost=20155.52..20155.73 rows=2 width=96) (actual time=2515.023..2521.382 rows=3 loops=1)
         Workers Planned: 2
         Workers Launched: 2
         ->  Partial Aggregate  (cost=19155.52..19155.53 rows=1 width=96) (actual time=2508.102..2508.102 rows=1 loops=3)
               ->  Hash Join  (cost=8.73..19155.43 rows=11 width=65) (actual time=528.764..2489.050 rows=37034 loops=3)
                     Hash Cond: (mi.info_type_id = it2.id)
                     ->  Nested Loop  (cost=6.30..19149.54 rows=1275 width=69) (actual time=528.507..2459.411 rows=172109 loops=3)
                           ->  Nested Loop  (cost=5.87..19075.02 rows=39 width=34) (actual time=528.412..2100.218 rows=5490 loops=3)
                                 ->  Hash Join  (cost=5.45..18650.83 rows=952 width=38) (actual time=525.866..1614.030 rows=100870 loops=3)
                                       Hash Cond: (mc.company_type_id = ct.id)
                                       ->  Nested Loop  (cost=4.39..18629.17 rows=3809 width=42) (actual time=525.760..1560.954 rows=257695 loops=3)
                                             ->  Hash Join  (cost=3.96..18186.75 rows=727 width=30) (actual time=525.613..1114.169 rows=69960 loops=3)
                                                   Hash Cond: (t.kind_id = kt.id)
                                                   ->  Nested Loop  (cost=2.86..18164.20 rows=5089 width=34) (actual time=0.247..1072.983 rows=153308 loops=3)
                                                         ->  Hash Join  (cost=2.43..15253.60 rows=5089 width=9) (actual time=0.144..189.860 rows=153308 loops=3)
                                                               Hash Cond: (miidx.info_type_id = it.id)
                                                               ->  Parallel Seq Scan on movie_info_idx miidx  (cost=0.00..13685.15 rows=575015 width=13) (actual time=0.036..88.191 rows=460012 loops=3)
                                                               ->  Hash  (cost=2.41..2.41 rows=1 width=4) (actual time=0.052..0.053 rows=1 loops=3)
                                                                     Buckets: 1024  Batches: 1  Memory Usage: 9kB
                                                                     ->  Seq Scan on info_type it  (cost=0.00..2.41 rows=1 width=4) (actual time=0.031..0.034 rows=1 loops=3)
                                                                           Filter: ((info)::text = 'rating'::text)
                                                                           Rows Removed by Filter: 112
                                                         ->  Index Scan using title_pkey on title t  (cost=0.43..0.57 rows=1 width=25) (actual time=0.005..0.005 rows=1 loops=459925)
                                                               Index Cond: (id = miidx.movie_id)
                                                   ->  Hash  (cost=1.09..1.09 rows=1 width=4) (actual time=0.037..0.038 rows=1 loops=3)
                                                         Buckets: 1024  Batches: 1  Memory Usage: 9kB
                                                         ->  Seq Scan on kind_type kt  (cost=0.00..1.09 rows=1 width=4) (actual time=0.023..0.025 rows=1 loops=3)
                                                               Filter: ((kind)::text = 'movie'::text)
                                                               Rows Removed by Filter: 6
                                             ->  Index Scan using movie_id_movie_companies on movie_companies mc  (cost=0.43..0.56 rows=5 width=12) (actual time=0.004..0.005 rows=4 loops=209880)
                                                   Index Cond: (movie_id = t.id)
                                       ->  Hash  (cost=1.05..1.05 rows=1 width=4) (actual time=0.045..0.045 rows=1 loops=3)
                                             Buckets: 1024  Batches: 1  Memory Usage: 9kB
                                             ->  Seq Scan on company_type ct  (cost=0.00..1.05 rows=1 width=4) (actual time=0.032..0.033 rows=1 loops=3)
                                                   Filter: ((kind)::text = 'production companies'::text)
                                                   Rows Removed by Filter: 3
                                 ->  Index Scan using company_name_pkey on company_name cn  (cost=0.42..0.45 rows=1 width=4) (actual time=0.004..0.004 rows=0 loops=302610)
                                       Index Cond: (id = mc.company_id)
                                       Filter: ((country_code)::text = '[de]'::text)
                                       Rows Removed by Filter: 1
                           ->  Index Scan using movie_id_movie_info on movie_info mi  (cost=0.43..1.49 rows=42 width=51) (actual time=0.012..0.058 rows=31 loops=16470)
                                 Index Cond: (movie_id = t.id)
                     ->  Hash  (cost=2.41..2.41 rows=1 width=4) (actual time=0.077..0.077 rows=1 loops=3)
                           Buckets: 1024  Batches: 1  Memory Usage: 9kB
                           ->  Seq Scan on info_type it2  (cost=0.00..2.41 rows=1 width=4) (actual time=0.042..0.053 rows=1 loops=3)
                                 Filter: ((info)::text = 'release dates'::text)
                                 Rows Removed by Filter: 112
 Planning Time: 21.190 ms
 Execution Time: 2522.256 ms
(50 rows)

SET
                                                                                            QUERY PLAN                                                                                             
---------------------------------------------------------------------------------------------------------------------------------------------------------------------------------------------------
 Aggregate  (cost=19206.33..19206.34 rows=1 width=96) (actual time=1195.454..1195.455 rows=1 loops=1)
   ->  Gather  (cost=1004.54..19206.32 rows=1 width=41) (actual time=669.862..1200.525 rows=372 loops=1)
         Workers Planned: 2
         Workers Launched: 2
         ->  Nested Loop  (cost=4.54..18206.22 rows=1 width=41) (actual time=611.516..1187.718 rows=124 loops=3)
               ->  Nested Loop  (cost=4.40..18205.87 rows=2 width=45) (actual time=611.421..1186.168 rows=707 loops=3)
                     Join Filter: (t.id = mi.movie_id)
                     ->  Nested Loop  (cost=3.97..18203.87 rows=1 width=53) (actual time=611.306..1183.672 rows=20 loops=3)
                           ->  Nested Loop  (cost=3.84..18203.70 rows=1 width=57) (actual time=611.210..1183.397 rows=54 loops=3)
                                 ->  Nested Loop  (cost=3.42..18203.25 rows=1 width=42) (actual time=561.632..1181.098 rows=104 loops=3)
                                       Join Filter: (t.id = mc.movie_id)
                                       ->  Nested Loop  (cost=2.99..18202.60 rows=1 width=30) (actual time=561.474..1180.044 rows=30 loops=3)
                                             ->  Nested Loop  (cost=2.86..18202.37 rows=1 width=34) (actual time=5.229..1179.657 rows=117 loops=3)
                                                   ->  Hash Join  (cost=2.43..15253.60 rows=5089 width=9) (actual time=0.287..194.486 rows=153308 loops=3)
                                                         Hash Cond: (miidx.info_type_id = it.id)
                                                         ->  Parallel Seq Scan on movie_info_idx miidx  (cost=0.00..13685.15 rows=575015 width=13) (actual time=0.038..86.134 rows=460012 loops=3)
                                                         ->  Hash  (cost=2.41..2.41 rows=1 width=4) (actual time=0.073..0.073 rows=1 loops=3)
                                                               Buckets: 1024  Batches: 1  Memory Usage: 9kB
                                                               ->  Seq Scan on info_type it  (cost=0.00..2.41 rows=1 width=4) (actual time=0.050..0.052 rows=1 loops=3)
                                                                     Filter: ((info)::text = 'rating'::text)
                                                                     Rows Removed by Filter: 112
                                                   ->  Index Scan using title_pkey on title t  (cost=0.43..0.58 rows=1 width=25) (actual time=0.006..0.006 rows=0 loops=459925)
                                                         Index Cond: (id = miidx.movie_id)
                                                         Filter: (((title)::text <> ''::text) AND (((title)::text ~~ '%Champion%'::text) OR ((title)::text ~~ '%Loser%'::text)))
                                                         Rows Removed by Filter: 1
                                             ->  Index Scan using kind_type_pkey on kind_type kt  (cost=0.13..0.18 rows=1 width=4) (actual time=0.003..0.003 rows=0 loops=352)
                                                   Index Cond: (id = t.kind_id)
                                                   Filter: ((kind)::text = 'movie'::text)
                                                   Rows Removed by Filter: 1
                                       ->  Index Scan using movie_id_movie_companies on movie_companies mc  (cost=0.43..0.59 rows=5 width=12) (actual time=0.026..0.032 rows=3 loops=90)
                                             Index Cond: (movie_id = miidx.movie_id)
                                 ->  Index Scan using company_name_pkey on company_name cn  (cost=0.42..0.45 rows=1 width=23) (actual time=0.021..0.021 rows=1 loops=313)
                                       Index Cond: (id = mc.company_id)
                                       Filter: ((country_code)::text = '[us]'::text)
                                       Rows Removed by Filter: 0
                           ->  Index Scan using company_type_pkey on company_type ct  (cost=0.13..0.15 rows=1 width=4) (actual time=0.004..0.004 rows=0 loops=161)
                                 Index Cond: (id = mc.company_type_id)
                                 Filter: ((kind)::text = 'production companies'::text)
                                 Rows Removed by Filter: 1
                     ->  Index Scan using movie_id_movie_info on movie_info mi  (cost=0.43..1.48 rows=42 width=8) (actual time=0.026..0.110 rows=35 loops=61)
                           Index Cond: (movie_id = mc.movie_id)
               ->  Index Scan using info_type_pkey on info_type it2  (cost=0.14..0.16 rows=1 width=4) (actual time=0.002..0.002 rows=0 loops=2122)
                     Index Cond: (id = mi.info_type_id)
                     Filter: ((info)::text = 'release dates'::text)
                     Rows Removed by Filter: 1
 Planning Time: 22.028 ms
 Execution Time: 1201.715 ms
(47 rows)

SET
                                                                                            QUERY PLAN                                                                                             
---------------------------------------------------------------------------------------------------------------------------------------------------------------------------------------------------
 Aggregate  (cost=19206.33..19206.34 rows=1 width=96) (actual time=1203.058..1203.058 rows=1 loops=1)
   ->  Gather  (cost=1004.54..19206.32 rows=1 width=41) (actual time=661.737..1208.745 rows=53 loops=1)
         Workers Planned: 2
         Workers Launched: 2
         ->  Nested Loop  (cost=4.54..18206.22 rows=1 width=41) (actual time=1014.984..1195.316 rows=18 loops=3)
               ->  Nested Loop  (cost=4.40..18205.87 rows=2 width=45) (actual time=1014.935..1195.124 rows=73 loops=3)
                     Join Filter: (t.id = mi.movie_id)
                     ->  Nested Loop  (cost=3.97..18203.87 rows=1 width=53) (actual time=1014.908..1194.815 rows=5 loops=3)
                           ->  Nested Loop  (cost=3.84..18203.70 rows=1 width=57) (actual time=1014.785..1194.732 rows=16 loops=3)
                                 ->  Nested Loop  (cost=3.42..18203.25 rows=1 width=42) (actual time=1014.755..1193.985 rows=32 loops=3)
                                       Join Filter: (t.id = mc.movie_id)
                                       ->  Nested Loop  (cost=2.99..18202.60 rows=1 width=30) (actual time=1014.724..1193.853 rows=10 loops=3)
                                             ->  Nested Loop  (cost=2.86..18202.37 rows=1 width=34) (actual time=56.967..1193.741 rows=22 loops=3)
                                                   ->  Hash Join  (cost=2.43..15253.60 rows=5089 width=9) (actual time=0.302..194.297 rows=153308 loops=3)
                                                         Hash Cond: (miidx.info_type_id = it.id)
                                                         ->  Parallel Seq Scan on movie_info_idx miidx  (cost=0.00..13685.15 rows=575015 width=13) (actual time=0.043..86.560 rows=460012 loops=3)
                                                         ->  Hash  (cost=2.41..2.41 rows=1 width=4) (actual time=0.088..0.088 rows=1 loops=3)
                                                               Buckets: 1024  Batches: 1  Memory Usage: 9kB
                                                               ->  Seq Scan on info_type it  (cost=0.00..2.41 rows=1 width=4) (actual time=0.061..0.063 rows=1 loops=3)
                                                                     Filter: ((info)::text = 'rating'::text)
                                                                     Rows Removed by Filter: 112
                                                   ->  Index Scan using title_pkey on title t  (cost=0.43..0.58 rows=1 width=25) (actual time=0.006..0.006 rows=0 loops=459925)
                                                         Index Cond: (id = miidx.movie_id)
                                                         Filter: (((title)::text <> ''::text) AND (((title)::text ~~ 'Champion%'::text) OR ((title)::text ~~ 'Loser%'::text)))
                                                         Rows Removed by Filter: 1
                                             ->  Index Scan using kind_type_pkey on kind_type kt  (cost=0.13..0.18 rows=1 width=4) (actual time=0.004..0.004 rows=0 loops=66)
                                                   Index Cond: (id = t.kind_id)
                                                   Filter: ((kind)::text = 'movie'::text)
                                                   Rows Removed by Filter: 1
                                       ->  Index Scan using movie_id_movie_companies on movie_companies mc  (cost=0.43..0.59 rows=5 width=12) (actual time=0.008..0.011 rows=3 loops=29)
                                             Index Cond: (movie_id = miidx.movie_id)
                                 ->  Index Scan using company_name_pkey on company_name cn  (cost=0.42..0.45 rows=1 width=23) (actual time=0.023..0.023 rows=0 loops=95)
                                       Index Cond: (id = mc.company_id)
                                       Filter: ((country_code)::text = '[us]'::text)
                                       Rows Removed by Filter: 1
                           ->  Index Scan using company_type_pkey on company_type ct  (cost=0.13..0.15 rows=1 width=4) (actual time=0.004..0.004 rows=0 loops=47)
                                 Index Cond: (id = mc.company_type_id)
                                 Filter: ((kind)::text = 'production companies'::text)
                                 Rows Removed by Filter: 1
                     ->  Index Scan using movie_id_movie_info on movie_info mi  (cost=0.43..1.48 rows=42 width=8) (actual time=0.015..0.059 rows=16 loops=14)
                           Index Cond: (movie_id = mc.movie_id)
               ->  Index Scan using info_type_pkey on info_type it2  (cost=0.14..0.16 rows=1 width=4) (actual time=0.002..0.002 rows=0 loops=218)
                     Index Cond: (id = mi.info_type_id)
                     Filter: ((info)::text = 'release dates'::text)
                     Rows Removed by Filter: 1
 Planning Time: 21.863 ms
 Execution Time: 1209.658 ms
(47 rows)

SET
                                                                                               QUERY PLAN                                                                                                
---------------------------------------------------------------------------------------------------------------------------------------------------------------------------------------------------------
 Finalize Aggregate  (cost=20770.24..20770.25 rows=1 width=96) (actual time=4310.413..4310.413 rows=1 loops=1)
   ->  Gather  (cost=20770.01..20770.22 rows=2 width=96) (actual time=4309.864..4317.129 rows=3 loops=1)
         Workers Planned: 2
         Workers Launched: 2
         ->  Partial Aggregate  (cost=19770.01..19770.02 rows=1 width=96) (actual time=4302.111..4302.111 rows=1 loops=3)
               ->  Hash Join  (cost=8.73..19769.26 rows=100 width=41) (actual time=603.732..4191.496 rows=223463 loops=3)
                     Hash Cond: (mi.info_type_id = it2.id)
                     ->  Nested Loop  (cost=6.30..19736.13 rows=11276 width=45) (actual time=603.410..4001.478 rows=1438861 loops=3)
                           ->  Nested Loop  (cost=5.87..19075.02 rows=346 width=53) (actual time=603.315..2454.713 rows=29098 loops=3)
                                 ->  Hash Join  (cost=5.45..18650.83 rows=952 width=38) (actual time=603.155..1821.448 rows=100870 loops=3)
                                       Hash Cond: (mc.company_type_id = ct.id)
                                       ->  Nested Loop  (cost=4.39..18629.17 rows=3809 width=42) (actual time=603.054..1765.983 rows=257695 loops=3)
                                             ->  Hash Join  (cost=3.96..18186.75 rows=727 width=30) (actual time=602.902..1278.156 rows=69960 loops=3)
                                                   Hash Cond: (t.kind_id = kt.id)
                                                   ->  Nested Loop  (cost=2.86..18164.20 rows=5089 width=34) (actual time=0.238..1235.166 rows=153308 loops=3)
                                                         ->  Hash Join  (cost=2.43..15253.60 rows=5089 width=9) (actual time=0.142..199.731 rows=153308 loops=3)
                                                               Hash Cond: (miidx.info_type_id = it.id)
                                                               ->  Parallel Seq Scan on movie_info_idx miidx  (cost=0.00..13685.15 rows=575015 width=13) (actual time=0.038..92.464 rows=460012 loops=3)
                                                               ->  Hash  (cost=2.41..2.41 rows=1 width=4) (actual time=0.044..0.044 rows=1 loops=3)
                                                                     Buckets: 1024  Batches: 1  Memory Usage: 9kB
                                                                     ->  Seq Scan on info_type it  (cost=0.00..2.41 rows=1 width=4) (actual time=0.025..0.028 rows=1 loops=3)
                                                                           Filter: ((info)::text = 'rating'::text)
                                                                           Rows Removed by Filter: 112
                                                         ->  Index Scan using title_pkey on title t  (cost=0.43..0.57 rows=1 width=25) (actual time=0.006..0.006 rows=1 loops=459925)
                                                               Index Cond: (id = miidx.movie_id)
                                                   ->  Hash  (cost=1.09..1.09 rows=1 width=4) (actual time=0.057..0.057 rows=1 loops=3)
                                                         Buckets: 1024  Batches: 1  Memory Usage: 9kB
                                                         ->  Seq Scan on kind_type kt  (cost=0.00..1.09 rows=1 width=4) (actual time=0.046..0.048 rows=1 loops=3)
                                                               Filter: ((kind)::text = 'movie'::text)
                                                               Rows Removed by Filter: 6
                                             ->  Index Scan using movie_id_movie_companies on movie_companies mc  (cost=0.43..0.56 rows=5 width=12) (actual time=0.004..0.006 rows=4 loops=209880)
                                                   Index Cond: (movie_id = t.id)
                                       ->  Hash  (cost=1.05..1.05 rows=1 width=4) (actual time=0.042..0.042 rows=1 loops=3)
                                             Buckets: 1024  Batches: 1  Memory Usage: 9kB
                                             ->  Seq Scan on company_type ct  (cost=0.00..1.05 rows=1 width=4) (actual time=0.029..0.031 rows=1 loops=3)
                                                   Filter: ((kind)::text = 'production companies'::text)
                                                   Rows Removed by Filter: 3
                                 ->  Index Scan using company_name_pkey on company_name cn  (cost=0.42..0.45 rows=1 width=23) (actual time=0.006..0.006 rows=0 loops=302610)
                                       Index Cond: (id = mc.company_id)
                                       Filter: ((country_code)::text = '[us]'::text)
                                       Rows Removed by Filter: 1
                           ->  Index Scan using movie_id_movie_info on movie_info mi  (cost=0.43..1.49 rows=42 width=8) (actual time=0.008..0.044 rows=49 loops=87293)
                                 Index Cond: (movie_id = t.id)
                     ->  Hash  (cost=2.41..2.41 rows=1 width=4) (actual time=0.087..0.088 rows=1 loops=3)
                           Buckets: 1024  Batches: 1  Memory Usage: 9kB
                           ->  Seq Scan on info_type it2  (cost=0.00..2.41 rows=1 width=4) (actual time=0.053..0.064 rows=1 loops=3)
                                 Filter: ((info)::text = 'release dates'::text)
                                 Rows Removed by Filter: 112
 Planning Time: 21.727 ms
 Execution Time: 4317.891 ms
(50 rows)

SET
                                                                                      QUERY PLAN                                                                                       
---------------------------------------------------------------------------------------------------------------------------------------------------------------------------------------
 Aggregate  (cost=7394.40..7394.41 rows=1 width=64) (actual time=1409.060..1409.061 rows=1 loops=1)
   ->  Nested Loop  (cost=8.05..7394.40 rows=1 width=22) (actual time=38.187..1408.125 rows=761 loops=1)
         Join Filter: (mi.info_type_id = it1.id)
         Rows Removed by Join Filter: 117
         ->  Nested Loop  (cost=8.05..7391.97 rows=1 width=26) (actual time=38.166..1397.555 rows=878 loops=1)
               Join Filter: (t.id = mi.movie_id)
               ->  Nested Loop  (cost=7.62..7390.07 rows=1 width=34) (actual time=36.756..1141.945 rows=1147 loops=1)
                     Join Filter: (mi_idx.info_type_id = it2.id)
                     Rows Removed by Join Filter: 2256
                     ->  Seq Scan on info_type it2  (cost=0.00..2.41 rows=1 width=4) (actual time=0.022..0.024 rows=1 loops=1)
                           Filter: ((info)::text = 'rating'::text)
                           Rows Removed by Filter: 112
                     ->  Nested Loop  (cost=7.62..7387.55 rows=9 width=38) (actual time=35.761..1141.144 rows=3403 loops=1)
                           Join Filter: (t.id = mi_idx.movie_id)
                           ->  Nested Loop  (cost=7.19..7385.94 rows=3 width=25) (actual time=35.689..1098.458 rows=1966 loops=1)
                                 Join Filter: (t.kind_id = kt.id)
                                 Rows Removed by Join Filter: 616
                                 ->  Seq Scan on kind_type kt  (cost=0.00..1.09 rows=1 width=4) (actual time=0.027..0.029 rows=1 loops=1)
                                       Filter: ((kind)::text = 'movie'::text)
                                       Rows Removed by Filter: 6
                                 ->  Nested Loop  (cost=7.19..7384.59 rows=21 width=29) (actual time=8.451..1097.489 rows=2582 loops=1)
                                       ->  Nested Loop  (cost=6.76..7318.72 rows=135 width=4) (actual time=7.830..536.616 rows=37091 loops=1)
                                             ->  Seq Scan on keyword k  (cost=0.00..2961.55 rows=4 width=4) (actual time=1.961..38.468 rows=3 loops=1)
                                                   Filter: ((keyword)::text = ANY ('{murder,murder-in-title,blood,violence}'::text[]))
                                                   Rows Removed by Filter: 134167
                                             ->  Bitmap Heap Scan on movie_keyword mk  (cost=6.76..1086.29 rows=300 width=8) (actual time=5.056..160.286 rows=12364 loops=3)
                                                   Recheck Cond: (keyword_id = k.id)
                                                   Heap Blocks: exact=26312
                                                   ->  Bitmap Index Scan on keyword_id_movie_keyword  (cost=0.00..6.68 rows=300 width=0) (actual time=3.761..3.761 rows=12364 loops=3)
                                                         Index Cond: (keyword_id = k.id)
                                       ->  Index Scan using title_pkey on title t  (cost=0.43..0.49 rows=1 width=25) (actual time=0.014..0.014 rows=0 loops=37091)
                                             Index Cond: (id = mk.movie_id)
                                             Filter: (production_year > 2010)
                                             Rows Removed by Filter: 1
                           ->  Index Scan using movie_id_movie_info_idx on movie_info_idx mi_idx  (cost=0.43..0.50 rows=3 width=13) (actual time=0.019..0.020 rows=2 loops=1966)
                                 Index Cond: (movie_id = mk.movie_id)
                                 Filter: ((info)::text < '8.5'::text)
                                 Rows Removed by Filter: 0
               ->  Index Scan using movie_id_movie_info on movie_info mi  (cost=0.43..1.87 rows=2 width=8) (actual time=0.190..0.221 rows=1 loops=1147)
                     Index Cond: (movie_id = mk.movie_id)
                     Filter: ((info)::text = ANY ('{Sweden,Norway,Germany,Denmark,Swedish,Denish,Norwegian,German,USA,American}'::text[]))
                     Rows Removed by Filter: 69
         ->  Seq Scan on info_type it1  (cost=0.00..2.41 rows=1 width=4) (actual time=0.005..0.006 rows=1 loops=878)
               Filter: ((info)::text = 'countries'::text)
               Rows Removed by Filter: 21
 Planning Time: 13.798 ms
 Execution Time: 1409.594 ms
(47 rows)

SET
                                                                                              QUERY PLAN                                                                                              
------------------------------------------------------------------------------------------------------------------------------------------------------------------------------------------------------
 Aggregate  (cost=4874.32..4874.33 rows=1 width=64) (actual time=587.079..587.080 rows=1 loops=1)
   ->  Nested Loop  (cost=8.05..4874.31 rows=1 width=22) (actual time=374.278..587.061 rows=1 loops=1)
         Join Filter: (t.kind_id = kt.id)
         Rows Removed by Join Filter: 1
         ->  Nested Loop  (cost=8.05..4873.21 rows=1 width=26) (actual time=15.473..587.010 rows=2 loops=1)
               Join Filter: (mi_idx.info_type_id = it2.id)
               Rows Removed by Join Filter: 1
               ->  Nested Loop  (cost=8.05..4870.79 rows=1 width=30) (actual time=15.430..586.948 rows=3 loops=1)
                     Join Filter: (t.id = mi_idx.movie_id)
                     ->  Nested Loop  (cost=7.62..4870.28 rows=1 width=33) (actual time=15.383..586.688 rows=8 loops=1)
                           Join Filter: (mi.info_type_id = it1.id)
                           ->  Nested Loop  (cost=7.62..4867.85 rows=1 width=37) (actual time=15.369..586.555 rows=8 loops=1)
                                 Join Filter: (t.id = mi.movie_id)
                                 ->  Nested Loop  (cost=7.19..4865.95 rows=1 width=29) (actual time=15.040..584.424 rows=15 loops=1)
                                       ->  Nested Loop  (cost=6.76..4832.75 rows=67 width=4) (actual time=9.867..284.138 rows=19528 loops=1)
                                             ->  Seq Scan on keyword k  (cost=0.00..2626.12 rows=2 width=4) (actual time=2.098..33.019 rows=1 loops=1)
                                                   Filter: ((keyword)::text = ANY ('{murder,murder-in-title}'::text[]))
                                                   Rows Removed by Filter: 134169
                                             ->  Bitmap Heap Scan on movie_keyword mk  (cost=6.76..1100.31 rows=300 width=8) (actual time=7.761..242.237 rows=19528 loops=1)
                                                   Recheck Cond: (keyword_id = k.id)
                                                   Heap Blocks: exact=12389
                                                   ->  Bitmap Index Scan on keyword_id_movie_keyword  (cost=0.00..6.68 rows=300 width=0) (actual time=5.912..5.912 rows=19528 loops=1)
                                                         Index Cond: (keyword_id = k.id)
                                       ->  Index Scan using title_pkey on title t  (cost=0.43..0.50 rows=1 width=25) (actual time=0.014..0.014 rows=0 loops=19528)
                                             Index Cond: (id = mk.movie_id)
                                             Filter: ((production_year > 2010) AND (((title)::text ~~ '%murder%'::text) OR ((title)::text ~~ '%Murder%'::text) OR ((title)::text ~~ '%Mord%'::text)))
                                             Rows Removed by Filter: 1
                                 ->  Index Scan using movie_id_movie_info on movie_info mi  (cost=0.43..1.87 rows=2 width=8) (actual time=0.132..0.140 rows=1 loops=15)
                                       Index Cond: (movie_id = mk.movie_id)
                                       Filter: ((info)::text = ANY ('{Sweden,Norway,Germany,Denmark,Swedish,Denish,Norwegian,German,USA,American}'::text[]))
                                       Rows Removed by Filter: 12
                           ->  Seq Scan on info_type it1  (cost=0.00..2.41 rows=1 width=4) (actual time=0.008..0.008 rows=1 loops=8)
                                 Filter: ((info)::text = 'countries'::text)
                                 Rows Removed by Filter: 7
                     ->  Index Scan using movie_id_movie_info_idx on movie_info_idx mi_idx  (cost=0.43..0.50 rows=1 width=13) (actual time=0.030..0.030 rows=0 loops=8)
                           Index Cond: (movie_id = mk.movie_id)
                           Filter: ((info)::text > '6.0'::text)
                           Rows Removed by Filter: 1
               ->  Seq Scan on info_type it2  (cost=0.00..2.41 rows=1 width=4) (actual time=0.016..0.016 rows=1 loops=3)
                     Filter: ((info)::text = 'rating'::text)
                     Rows Removed by Filter: 104
         ->  Seq Scan on kind_type kt  (cost=0.00..1.09 rows=1 width=4) (actual time=0.020..0.020 rows=1 loops=2)
               Filter: ((kind)::text = 'movie'::text)
               Rows Removed by Filter: 3
 Planning Time: 13.770 ms
 Execution Time: 587.720 ms
(46 rows)

SET
                                                                                      QUERY PLAN                                                                                       
---------------------------------------------------------------------------------------------------------------------------------------------------------------------------------------
 Aggregate  (cost=7403.14..7403.15 rows=1 width=64) (actual time=2457.483..2457.483 rows=1 loops=1)
   ->  Nested Loop  (cost=8.05..7403.13 rows=1 width=22) (actual time=8.209..2452.623 rows=4115 loops=1)
         Join Filter: (mi.info_type_id = it1.id)
         Rows Removed by Join Filter: 594
         ->  Nested Loop  (cost=8.05..7400.71 rows=1 width=26) (actual time=8.188..2396.785 rows=4709 loops=1)
               Join Filter: (t.id = mi.movie_id)
               ->  Nested Loop  (cost=7.62..7398.81 rows=1 width=34) (actual time=8.040..1272.290 rows=5949 loops=1)
                     Join Filter: (mi_idx.info_type_id = it2.id)
                     Rows Removed by Join Filter: 11942
                     ->  Seq Scan on info_type it2  (cost=0.00..2.41 rows=1 width=4) (actual time=0.023..0.025 rows=1 loops=1)
                           Filter: ((info)::text = 'rating'::text)
                           Rows Removed by Filter: 112
                     ->  Nested Loop  (cost=7.62..7395.82 rows=46 width=38) (actual time=8.013..1268.503 rows=17891 loops=1)
                           Join Filter: (t.id = mi_idx.movie_id)
                           ->  Nested Loop  (cost=7.19..7387.25 rows=16 width=25) (actual time=7.965..1115.785 rows=8073 loops=1)
                                 Join Filter: (t.kind_id = kt.id)
                                 Rows Removed by Join Filter: 4332
                                 ->  Nested Loop  (cost=7.19..7384.59 rows=55 width=29) (actual time=7.804..1105.172 rows=9739 loops=1)
                                       ->  Nested Loop  (cost=6.76..7318.72 rows=135 width=4) (actual time=7.749..532.874 rows=37091 loops=1)
                                             ->  Seq Scan on keyword k  (cost=0.00..2961.55 rows=4 width=4) (actual time=1.979..39.678 rows=3 loops=1)
                                                   Filter: ((keyword IS NOT NULL) AND ((keyword)::text = ANY ('{murder,murder-in-title,blood,violence}'::text[])))
                                                   Rows Removed by Filter: 134167
                                             ->  Bitmap Heap Scan on movie_keyword mk  (cost=6.76..1086.29 rows=300 width=8) (actual time=5.028..158.620 rows=12364 loops=3)
                                                   Recheck Cond: (keyword_id = k.id)
                                                   Heap Blocks: exact=26312
                                                   ->  Bitmap Index Scan on keyword_id_movie_keyword  (cost=0.00..6.68 rows=300 width=0) (actual time=3.736..3.736 rows=12364 loops=3)
                                                         Index Cond: (keyword_id = k.id)
                                       ->  Index Scan using title_pkey on title t  (cost=0.43..0.49 rows=1 width=25) (actual time=0.014..0.014 rows=0 loops=37091)
                                             Index Cond: (id = mk.movie_id)
                                             Filter: (production_year > 2005)
                                             Rows Removed by Filter: 1
                                 ->  Materialize  (cost=0.00..1.10 rows=2 width=4) (actual time=0.000..0.000 rows=1 loops=9739)
                                       ->  Seq Scan on kind_type kt  (cost=0.00..1.09 rows=2 width=4) (actual time=0.031..0.033 rows=2 loops=1)
                                             Filter: ((kind)::text = ANY ('{movie,episode}'::text[]))
                                             Rows Removed by Filter: 5
                           ->  Index Scan using movie_id_movie_info_idx on movie_info_idx mi_idx  (cost=0.43..0.50 rows=3 width=13) (actual time=0.016..0.017 rows=2 loops=8073)
                                 Index Cond: (movie_id = mk.movie_id)
                                 Filter: ((info)::text < '8.5'::text)
                                 Rows Removed by Filter: 0
               ->  Index Scan using movie_id_movie_info on movie_info mi  (cost=0.43..1.87 rows=2 width=8) (actual time=0.162..0.188 rows=1 loops=5949)
                     Index Cond: (movie_id = mk.movie_id)
                     Filter: ((info)::text = ANY ('{Sweden,Norway,Germany,Denmark,Swedish,Danish,Norwegian,German,USA,American}'::text[]))
                     Rows Removed by Filter: 71
         ->  Seq Scan on info_type it1  (cost=0.00..2.41 rows=1 width=4) (actual time=0.005..0.006 rows=1 loops=4709)
               Filter: ((info)::text = 'countries'::text)
               Rows Removed by Filter: 20
 Planning Time: 13.241 ms
 Execution Time: 2458.089 ms
(48 rows)

SET
                                                                                              QUERY PLAN                                                                                              
------------------------------------------------------------------------------------------------------------------------------------------------------------------------------------------------------
 Finalize Aggregate  (cost=51296.76..51296.77 rows=1 width=64) (actual time=731.106..731.106 rows=1 loops=1)
   ->  Gather  (cost=51296.54..51296.75 rows=2 width=64) (actual time=730.260..737.331 rows=3 loops=1)
         Workers Planned: 2
         Workers Launched: 2
         ->  Partial Aggregate  (cost=50296.54..50296.55 rows=1 width=64) (actual time=722.620..722.620 rows=1 loops=3)
               ->  Nested Loop  (cost=5353.19..50296.50 rows=8 width=60) (actual time=349.394..722.480 rows=109 loops=3)
                     ->  Nested Loop  (cost=5352.77..50292.99 rows=8 width=64) (actual time=349.276..720.791 rows=109 loops=3)
                           ->  Nested Loop  (cost=5352.34..50291.15 rows=1 width=76) (actual time=82.439..720.189 rows=19 loops=3)
                                 ->  Nested Loop  (cost=5352.20..50290.92 rows=1 width=80) (actual time=82.358..720.023 rows=19 loops=3)
                                       ->  Nested Loop  (cost=5352.07..50290.76 rows=1 width=84) (actual time=82.259..719.836 rows=19 loops=3)
                                             ->  Nested Loop  (cost=5351.63..48102.52 rows=1107 width=33) (actual time=54.618..500.131 rows=1711 loops=3)
                                                   ->  Nested Loop  (cost=5351.20..46229.21 rows=2025 width=12) (actual time=54.464..433.880 rows=4566 loops=3)
                                                         ->  Parallel Hash Join  (cost=5350.78..40467.98 rows=2789 width=8) (actual time=53.577..326.970 rows=14612 loops=3)
                                                               Hash Cond: (mc.company_id = cn.id)
                                                               ->  Parallel Seq Scan on movie_companies mc  (cost=0.00..35097.06 rows=7675 width=12) (actual time=0.062..260.670 rows=20555 loops=3)
                                                                     Filter: (((note)::text ~~ '%(200%)%'::text) AND ((note)::text ~~ '%(worldwide)%'::text))
                                                                     Rows Removed by Filter: 849155
                                                               ->  Parallel Hash  (cost=4722.92..4722.92 rows=50229 width=4) (actual time=52.100..52.101 rows=28281 loops=3)
                                                                     Buckets: 131072  Batches: 1  Memory Usage: 4352kB
                                                                     ->  Parallel Seq Scan on company_name cn  (cost=0.00..4722.92 rows=50229 width=4) (actual time=0.057..35.330 rows=28281 loops=3)
                                                                           Filter: ((country_code)::text = '[us]'::text)
                                                                           Rows Removed by Filter: 50051
                                                         ->  Index Only Scan using movie_id_aka_title on aka_title at  (cost=0.42..2.04 rows=3 width=4) (actual time=0.005..0.007 rows=0 loops=43837)
                                                               Index Cond: (movie_id = mc.movie_id)
                                                               Heap Fetches: 13699
                                                   ->  Index Scan using title_pkey on title t  (cost=0.43..0.93 rows=1 width=21) (actual time=0.014..0.014 rows=0 loops=13699)
                                                         Index Cond: (id = at.movie_id)
                                                         Filter: (production_year > 2000)
                                                         Rows Removed by Filter: 1
                                             ->  Index Scan using movie_id_movie_info on movie_info mi  (cost=0.43..1.97 rows=1 width=51) (actual time=0.127..0.128 rows=0 loops=5134)
                                                   Index Cond: (movie_id = t.id)
                                                   Filter: (((note)::text ~~ '%internet%'::text) AND ((info)::text ~~ 'USA:% 200%'::text))
                                                   Rows Removed by Filter: 72
                                       ->  Index Only Scan using company_type_pkey on company_type ct  (cost=0.13..0.15 rows=1 width=4) (actual time=0.008..0.008 rows=1 loops=57)
                                             Index Cond: (id = mc.company_type_id)
                                             Heap Fetches: 57
                                 ->  Index Scan using info_type_pkey on info_type it1  (cost=0.14..0.19 rows=1 width=4) (actual time=0.007..0.007 rows=1 loops=57)
                                       Index Cond: (id = mi.info_type_id)
                                       Filter: ((info)::text = 'release dates'::text)
                           ->  Index Scan using movie_id_movie_keyword on movie_keyword mk  (cost=0.43..1.36 rows=47 width=8) (actual time=0.026..0.029 rows=6 loops=57)
                                 Index Cond: (movie_id = t.id)
                     ->  Index Only Scan using keyword_pkey on keyword k  (cost=0.42..0.44 rows=1 width=4) (actual time=0.014..0.014 rows=1 loops=328)
                           Index Cond: (id = mk.keyword_id)
                           Heap Fetches: 328
 Planning Time: 29.917 ms
 Execution Time: 738.087 ms
(46 rows)

SET
                                                                                                      QUERY PLAN                                                                                                       
-----------------------------------------------------------------------------------------------------------------------------------------------------------------------------------------------------------------------
 Finalize Aggregate  (cost=6434.72..6434.73 rows=1 width=64) (actual time=67.968..67.968 rows=1 loops=1)
   ->  Gather  (cost=6434.61..6434.72 rows=1 width=64) (actual time=67.774..70.065 rows=2 loops=1)
         Workers Planned: 1
         Workers Launched: 1
         ->  Partial Aggregate  (cost=5434.61..5434.62 rows=1 width=64) (actual time=62.024..62.024 rows=1 loops=2)
               ->  Nested Loop  (cost=2.84..5434.58 rows=5 width=60) (actual time=47.018..61.994 rows=18 loops=2)
                     ->  Nested Loop  (cost=2.42..5432.39 rows=5 width=64) (actual time=46.982..61.537 rows=18 loops=2)
                           ->  Nested Loop  (cost=1.99..5430.46 rows=1 width=76) (actual time=40.308..61.439 rows=2 loops=2)
                                 ->  Nested Loop  (cost=1.85..5430.22 rows=1 width=80) (actual time=40.294..61.419 rows=2 loops=2)
                                       ->  Nested Loop  (cost=1.41..5427.71 rows=1 width=29) (actual time=35.408..59.031 rows=13 loops=2)
                                             ->  Nested Loop  (cost=0.98..5426.78 rows=1 width=8) (actual time=35.369..58.465 rows=14 loops=2)
                                                   ->  Nested Loop  (cost=0.85..5426.62 rows=1 width=12) (actual time=35.327..58.364 rows=14 loops=2)
                                                         ->  Nested Loop  (cost=0.43..5424.56 rows=1 width=8) (actual time=34.475..56.235 rows=139 loops=2)
                                                               ->  Parallel Seq Scan on company_name cn  (cost=0.00..5068.50 rows=1 width=4) (actual time=34.405..45.922 rows=0 loops=2)
                                                                     Filter: (((country_code)::text = '[us]'::text) AND ((name)::text = 'YouTube'::text))
                                                                     Rows Removed by Filter: 117498
                                                               ->  Index Scan using company_id_movie_companies on movie_companies mc  (cost=0.43..356.04 rows=1 width=12) (actual time=0.134..20.522 rows=278 loops=1)
                                                                     Index Cond: (company_id = cn.id)
                                                                     Filter: (((note)::text ~~ '%(200%)%'::text) AND ((note)::text ~~ '%(worldwide)%'::text))
                                                                     Rows Removed by Filter: 1180
                                                         ->  Index Only Scan using movie_id_aka_title on aka_title at  (cost=0.42..2.04 rows=3 width=4) (actual time=0.014..0.014 rows=0 loops=278)
                                                               Index Cond: (movie_id = mc.movie_id)
                                                               Heap Fetches: 27
                                                   ->  Index Only Scan using company_type_pkey on company_type ct  (cost=0.13..0.15 rows=1 width=4) (actual time=0.006..0.006 rows=1 loops=27)
                                                         Index Cond: (id = mc.company_type_id)
                                                         Heap Fetches: 27
                                             ->  Index Scan using title_pkey on title t  (cost=0.43..0.93 rows=1 width=21) (actual time=0.041..0.041 rows=1 loops=27)
                                                   Index Cond: (id = at.movie_id)
                                                   Filter: ((production_year >= 2005) AND (production_year <= 2010))
                                                   Rows Removed by Filter: 0
                                       ->  Index Scan using movie_id_movie_info on movie_info mi  (cost=0.43..2.51 rows=1 width=51) (actual time=0.173..0.182 rows=0 loops=26)
                                             Index Cond: (movie_id = t.id)
                                             Filter: (((note)::text ~~ '%internet%'::text) AND ((info)::text ~~ 'USA:% 200%'::text))
                                             Rows Removed by Filter: 19
                                 ->  Index Scan using info_type_pkey on info_type it1  (cost=0.14..0.19 rows=1 width=4) (actual time=0.011..0.011 rows=1 loops=3)
                                       Index Cond: (id = mi.info_type_id)
                                       Filter: ((info)::text = 'release dates'::text)
                           ->  Index Scan using movie_id_movie_keyword on movie_keyword mk  (cost=0.43..1.46 rows=47 width=8) (actual time=0.053..0.059 rows=12 loops=3)
                                 Index Cond: (movie_id = t.id)
                     ->  Index Only Scan using keyword_pkey on keyword k  (cost=0.42..0.44 rows=1 width=4) (actual time=0.023..0.023 rows=1 loops=37)
                           Index Cond: (id = mk.keyword_id)
                           Heap Fetches: 37
 Planning Time: 30.361 ms
 Execution Time: 70.779 ms
(44 rows)

SET
                                                                                                          QUERY PLAN                                                                                                          
------------------------------------------------------------------------------------------------------------------------------------------------------------------------------------------------------------------------------
 Finalize Aggregate  (cost=271217.23..271217.24 rows=1 width=64) (actual time=1361.136..1361.136 rows=1 loops=1)
   ->  Gather  (cost=271217.01..271217.22 rows=2 width=64) (actual time=1360.958..1366.028 rows=3 loops=1)
         Workers Planned: 2
         Workers Launched: 2
         ->  Partial Aggregate  (cost=270217.01..270217.02 rows=1 width=64) (actual time=1353.567..1353.568 rows=1 loops=3)
               ->  Nested Loop  (cost=5.11..270216.63 rows=76 width=60) (actual time=325.462..1353.085 rows=757 loops=3)
                     Join Filter: (t.id = at.movie_id)
                     ->  Nested Loop  (cost=4.69..270201.06 rows=30 width=76) (actual time=309.111..1344.343 rows=2655 loops=3)
                           ->  Nested Loop  (cost=4.27..270187.90 rows=30 width=80) (actual time=309.034..1329.731 rows=2655 loops=3)
                                 ->  Nested Loop  (cost=3.84..270184.28 rows=2 width=72) (actual time=308.773..1315.810 rows=882 loops=3)
                                       ->  Nested Loop  (cost=3.71..270183.98 rows=2 width=76) (actual time=308.701..1312.720 rows=882 loops=3)
                                             ->  Nested Loop  (cost=3.29..270181.31 rows=6 width=80) (actual time=308.372..1298.784 rows=961 loops=3)
                                                   ->  Nested Loop  (cost=2.86..270180.68 rows=1 width=68) (actual time=308.277..1276.450 rows=594 loops=3)
                                                         ->  Hash Join  (cost=2.43..270164.10 rows=2 width=47) (actual time=308.175..1256.605 rows=594 loops=3)
                                                               Hash Cond: (mi.info_type_id = it1.id)
                                                               ->  Parallel Seq Scan on movie_info mi  (cost=0.00..270161.12 rows=200 width=51) (actual time=307.884..1255.639 rows=594 loops=3)
                                                                     Filter: ((info IS NOT NULL) AND ((note)::text ~~ '%internet%'::text) AND (((info)::text ~~ 'USA:% 199%'::text) OR ((info)::text ~~ 'USA:% 200%'::text)))
                                                                     Rows Removed by Filter: 4944646
                                                               ->  Hash  (cost=2.41..2.41 rows=1 width=4) (actual time=0.095..0.096 rows=1 loops=3)
                                                                     Buckets: 1024  Batches: 1  Memory Usage: 9kB
                                                                     ->  Seq Scan on info_type it1  (cost=0.00..2.41 rows=1 width=4) (actual time=0.058..0.069 rows=1 loops=3)
                                                                           Filter: ((info)::text = 'release dates'::text)
                                                                           Rows Removed by Filter: 112
                                                         ->  Index Scan using title_pkey on title t  (cost=0.43..8.29 rows=1 width=21) (actual time=0.032..0.032 rows=1 loops=1783)
                                                               Index Cond: (id = mi.movie_id)
                                                               Filter: (production_year > 1990)
                                                               Rows Removed by Filter: 0
                                                   ->  Index Scan using movie_id_movie_companies on movie_companies mc  (cost=0.43..0.58 rows=5 width=12) (actual time=0.028..0.036 rows=2 loops=1782)
                                                         Index Cond: (movie_id = t.id)
                                             ->  Index Scan using company_name_pkey on company_name cn  (cost=0.42..0.45 rows=1 width=4) (actual time=0.013..0.013 rows=1 loops=2884)
                                                   Index Cond: (id = mc.company_id)
                                                   Filter: ((country_code)::text = '[us]'::text)
                                                   Rows Removed by Filter: 0
                                       ->  Index Only Scan using company_type_pkey on company_type ct  (cost=0.13..0.15 rows=1 width=4) (actual time=0.002..0.002 rows=1 loops=2647)
                                             Index Cond: (id = mc.company_type_id)
                                             Heap Fetches: 2647
                                 ->  Index Scan using movie_id_movie_keyword on movie_keyword mk  (cost=0.43..1.34 rows=47 width=8) (actual time=0.014..0.015 rows=3 loops=2647)
                                       Index Cond: (movie_id = t.id)
                           ->  Index Only Scan using keyword_pkey on keyword k  (cost=0.42..0.44 rows=1 width=4) (actual time=0.005..0.005 rows=1 loops=7964)
                                 Index Cond: (id = mk.keyword_id)
                                 Heap Fetches: 7964
                     ->  Index Only Scan using movie_id_aka_title on aka_title at  (cost=0.42..0.48 rows=3 width=4) (actual time=0.003..0.003 rows=0 loops=7964)
                           Index Cond: (movie_id = mk.movie_id)
                           Heap Fetches: 2271
 Planning Time: 30.222 ms
 Execution Time: 1366.784 ms
(46 rows)

SET
                                                                                               QUERY PLAN                                                                                               
--------------------------------------------------------------------------------------------------------------------------------------------------------------------------------------------------------
 Finalize Aggregate  (cost=241404.07..241404.08 rows=1 width=64) (actual time=1642.253..1642.253 rows=1 loops=1)
   ->  Gather  (cost=241403.85..241404.06 rows=2 width=64) (actual time=1642.080..1650.730 rows=3 loops=1)
         Workers Planned: 2
         Workers Launched: 2
         ->  Partial Aggregate  (cost=240403.85..240403.86 rows=1 width=64) (actual time=1634.551..1634.551 rows=1 loops=3)
               ->  Nested Loop  (cost=6.07..240394.49 rows=1873 width=38) (actual time=315.425..1633.020 rows=3782 loops=3)
                     Join Filter: (t.id = at.movie_id)
                     ->  Nested Loop  (cost=5.65..240025.58 rows=711 width=33) (actual time=304.252..1605.500 rows=8521 loops=3)
                           ->  Nested Loop  (cost=5.23..239713.69 rows=711 width=37) (actual time=304.147..1566.213 rows=8521 loops=3)
                                 ->  Hash Join  (cost=4.80..239612.38 rows=56 width=29) (actual time=303.927..1520.698 rows=3286 loops=3)
                                       Hash Cond: (mc.company_type_id = ct.id)
                                       ->  Nested Loop  (cost=3.71..239610.99 rows=56 width=33) (actual time=303.723..1517.605 rows=3286 loops=3)
                                             ->  Nested Loop  (cost=3.29..239542.81 rows=153 width=37) (actual time=303.651..1461.841 rows=4792 loops=3)
                                                   ->  Nested Loop  (cost=2.86..239524.64 rows=29 width=25) (actual time=303.423..1362.642 rows=3554 loops=3)
                                                         ->  Hash Join  (cost=2.43..239268.80 rows=42 width=4) (actual time=303.337..1263.681 rows=3560 loops=3)
                                                               Hash Cond: (mi.info_type_id = it1.id)
                                                               ->  Parallel Seq Scan on movie_info mi  (cost=0.00..239253.38 rows=4774 width=8) (actual time=44.839..1260.405 rows=3603 loops=3)
                                                                     Filter: ((note)::text ~~ '%internet%'::text)
                                                                     Rows Removed by Filter: 4941637
                                                               ->  Hash  (cost=2.41..2.41 rows=1 width=4) (actual time=0.068..0.069 rows=1 loops=3)
                                                                     Buckets: 1024  Batches: 1  Memory Usage: 9kB
                                                                     ->  Seq Scan on info_type it1  (cost=0.00..2.41 rows=1 width=4) (actual time=0.048..0.059 rows=1 loops=3)
                                                                           Filter: ((info)::text = 'release dates'::text)
                                                                           Rows Removed by Filter: 112
                                                         ->  Index Scan using title_pkey on title t  (cost=0.43..6.09 rows=1 width=21) (actual time=0.026..0.026 rows=1 loops=10679)
                                                               Index Cond: (id = mi.movie_id)
                                                               Filter: (production_year > 1990)
                                                               Rows Removed by Filter: 0
                                                   ->  Index Scan using movie_id_movie_companies on movie_companies mc  (cost=0.43..0.58 rows=5 width=12) (actual time=0.022..0.026 rows=1 loops=10662)
                                                         Index Cond: (movie_id = t.id)
                                             ->  Index Scan using company_name_pkey on company_name cn  (cost=0.42..0.45 rows=1 width=4) (actual time=0.011..0.011 rows=1 loops=14377)
                                                   Index Cond: (id = mc.company_id)
                                                   Filter: ((country_code)::text = '[us]'::text)
                                                   Rows Removed by Filter: 0
                                       ->  Hash  (cost=1.04..1.04 rows=4 width=4) (actual time=0.063..0.063 rows=4 loops=3)
                                             Buckets: 1024  Batches: 1  Memory Usage: 9kB
                                             ->  Seq Scan on company_type ct  (cost=0.00..1.04 rows=4 width=4) (actual time=0.039..0.040 rows=4 loops=3)
                                 ->  Index Scan using movie_id_movie_keyword on movie_keyword mk  (cost=0.43..1.34 rows=47 width=8) (actual time=0.012..0.013 rows=3 loops=9857)
                                       Index Cond: (movie_id = t.id)
                           ->  Index Only Scan using keyword_pkey on keyword k  (cost=0.42..0.44 rows=1 width=4) (actual time=0.004..0.004 rows=1 loops=25564)
                                 Index Cond: (id = mk.keyword_id)
                                 Heap Fetches: 25564
                     ->  Index Scan using movie_id_aka_title on aka_title at  (cost=0.42..0.48 rows=3 width=25) (actual time=0.003..0.003 rows=0 loops=25564)
                           Index Cond: (movie_id = mk.movie_id)
 Planning Time: 30.123 ms
 Execution Time: 1651.489 ms
(46 rows)

SET
                                                                                      QUERY PLAN                                                                                       
---------------------------------------------------------------------------------------------------------------------------------------------------------------------------------------
 Aggregate  (cost=3790.42..3790.43 rows=1 width=64) (actual time=837.550..837.550 rows=1 loops=1)
   ->  Nested Loop  (cost=9.46..3790.05 rows=74 width=33) (actual time=37.751..837.217 rows=385 loops=1)
         Join Filter: (n.id = an.person_id)
         ->  Nested Loop  (cost=9.03..3774.48 rows=32 width=25) (actual time=37.672..831.238 rows=323 loops=1)
               ->  Nested Loop  (cost=8.60..3759.93 rows=32 width=21) (actual time=37.567..824.250 rows=323 loops=1)
                     Join Filter: (t.id = ci.movie_id)
                     ->  Nested Loop  (cost=8.04..3755.95 rows=2 width=29) (actual time=37.492..820.489 rows=25 loops=1)
                           ->  Nested Loop  (cost=7.62..3753.72 rows=5 width=33) (actual time=37.026..819.625 rows=54 loops=1)
                                 Join Filter: (t.id = mc.movie_id)
                                 ->  Nested Loop  (cost=7.19..3753.12 rows=1 width=25) (actual time=29.741..817.864 rows=146 loops=1)
                                       ->  Nested Loop  (cost=6.76..3736.45 rows=34 width=4) (actual time=10.960..272.453 rows=41840 loops=1)
                                             ->  Seq Scan on keyword k  (cost=0.00..2626.12 rows=1 width=4) (actual time=1.267..26.753 rows=1 loops=1)
                                                   Filter: ((keyword)::text = 'character-name-in-title'::text)
                                                   Rows Removed by Filter: 134169
                                             ->  Bitmap Heap Scan on movie_keyword mk  (cost=6.76..1107.32 rows=300 width=8) (actual time=9.684..230.825 rows=41840 loops=1)
                                                   Recheck Cond: (keyword_id = k.id)
                                                   Heap Blocks: exact=11541
                                                   ->  Bitmap Index Scan on keyword_id_movie_keyword  (cost=0.00..6.68 rows=300 width=0) (actual time=7.967..7.967 rows=41840 loops=1)
                                                         Index Cond: (keyword_id = k.id)
                                       ->  Index Scan using title_pkey on title t  (cost=0.43..0.49 rows=1 width=21) (actual time=0.012..0.012 rows=0 loops=41840)
                                             Index Cond: (id = mk.movie_id)
                                             Filter: ((episode_nr >= 50) AND (episode_nr < 100))
                                             Rows Removed by Filter: 1
                                 ->  Index Scan using movie_id_movie_companies on movie_companies mc  (cost=0.43..0.54 rows=5 width=8) (actual time=0.010..0.011 rows=0 loops=146)
                                       Index Cond: (movie_id = mk.movie_id)
                           ->  Index Scan using company_name_pkey on company_name cn  (cost=0.42..0.45 rows=1 width=4) (actual time=0.015..0.015 rows=0 loops=54)
                                 Index Cond: (id = mc.company_id)
                                 Filter: ((country_code)::text = '[us]'::text)
                                 Rows Removed by Filter: 1
                     ->  Index Scan using movie_id_cast_info on cast_info ci  (cost=0.56..1.52 rows=37 width=8) (actual time=0.033..0.142 rows=13 loops=25)
                           Index Cond: (movie_id = mk.movie_id)
               ->  Index Only Scan using name_pkey on name n  (cost=0.43..0.45 rows=1 width=4) (actual time=0.020..0.020 rows=1 loops=323)
                     Index Cond: (id = ci.person_id)
                     Heap Fetches: 323
         ->  Index Scan using person_id_aka_name on aka_name an  (cost=0.42..0.46 rows=2 width=20) (actual time=0.015..0.017 rows=1 loops=323)
               Index Cond: (person_id = ci.person_id)
 Planning Time: 16.987 ms
 Execution Time: 838.272 ms
(38 rows)

SET
                                                                                      QUERY PLAN                                                                                       
---------------------------------------------------------------------------------------------------------------------------------------------------------------------------------------
 Aggregate  (cost=5125.30..5125.31 rows=1 width=64) (actual time=51281.571..51281.571 rows=1 loops=1)
   ->  Nested Loop  (cost=9.46..5111.49 rows=2761 width=33) (actual time=12.288..49693.809 rows=3710592 loops=1)
         Join Filter: (n.id = an.person_id)
         ->  Nested Loop  (cost=9.03..4526.68 rows=1202 width=25) (actual time=12.213..33643.612 rows=2832555 loops=1)
               ->  Nested Loop  (cost=8.60..3979.90 rows=1202 width=21) (actual time=12.115..13549.080 rows=2832555 loops=1)
                     Join Filter: (t.id = ci.movie_id)
                     ->  Nested Loop  (cost=8.04..3852.77 rows=64 width=29) (actual time=11.186..3260.225 rows=68316 loops=1)
                           ->  Nested Loop  (cost=7.62..3773.45 rows=178 width=33) (actual time=11.048..1479.728 rows=148552 loops=1)
                                 Join Filter: (t.id = mc.movie_id)
                                 ->  Nested Loop  (cost=7.19..3752.95 rows=34 width=25) (actual time=10.925..905.200 rows=41840 loops=1)
                                       ->  Nested Loop  (cost=6.76..3736.45 rows=34 width=4) (actual time=10.886..271.813 rows=41840 loops=1)
                                             ->  Seq Scan on keyword k  (cost=0.00..2626.12 rows=1 width=4) (actual time=1.335..26.662 rows=1 loops=1)
                                                   Filter: ((keyword)::text = 'character-name-in-title'::text)
                                                   Rows Removed by Filter: 134169
                                             ->  Bitmap Heap Scan on movie_keyword mk  (cost=6.76..1107.32 rows=300 width=8) (actual time=9.543..229.980 rows=41840 loops=1)
                                                   Recheck Cond: (keyword_id = k.id)
                                                   Heap Blocks: exact=11541
                                                   ->  Bitmap Index Scan on keyword_id_movie_keyword  (cost=0.00..6.68 rows=300 width=0) (actual time=7.830..7.830 rows=41840 loops=1)
                                                         Index Cond: (keyword_id = k.id)
                                       ->  Index Scan using title_pkey on title t  (cost=0.43..0.49 rows=1 width=21) (actual time=0.014..0.014 rows=1 loops=41840)
                                             Index Cond: (id = mk.movie_id)
                                 ->  Index Scan using movie_id_movie_companies on movie_companies mc  (cost=0.43..0.54 rows=5 width=8) (actual time=0.008..0.011 rows=4 loops=41840)
                                       Index Cond: (movie_id = mk.movie_id)
                           ->  Index Scan using company_name_pkey on company_name cn  (cost=0.42..0.45 rows=1 width=4) (actual time=0.011..0.011 rows=0 loops=148552)
                                 Index Cond: (id = mc.company_id)
                                 Filter: ((country_code)::text = '[us]'::text)
                                 Rows Removed by Filter: 1
                     ->  Index Scan using movie_id_cast_info on cast_info ci  (cost=0.56..1.52 rows=37 width=8) (actual time=0.009..0.136 rows=41 loops=68316)
                           Index Cond: (movie_id = mk.movie_id)
               ->  Index Only Scan using name_pkey on name n  (cost=0.43..0.45 rows=1 width=4) (actual time=0.006..0.006 rows=1 loops=2832555)
                     Index Cond: (id = ci.person_id)
                     Heap Fetches: 2832555
         ->  Index Scan using person_id_aka_name on aka_name an  (cost=0.42..0.46 rows=2 width=20) (actual time=0.004..0.005 rows=1 loops=2832555)
               Index Cond: (person_id = ci.person_id)
 Planning Time: 16.565 ms
 Execution Time: 51282.314 ms
(36 rows)

SET
                                                                                      QUERY PLAN                                                                                       
---------------------------------------------------------------------------------------------------------------------------------------------------------------------------------------
 Aggregate  (cost=4271.02..4271.03 rows=1 width=64) (actual time=4442.095..4442.096 rows=1 loops=1)
   ->  Nested Loop  (cost=9.46..4265.81 rows=1042 width=33) (actual time=12.401..4304.774 rows=319932 loops=1)
         Join Filter: (n.id = an.person_id)
         ->  Nested Loop  (cost=9.03..4044.93 rows=454 width=25) (actual time=12.341..3074.240 rows=221609 loops=1)
               ->  Nested Loop  (cost=8.60..3838.40 rows=454 width=21) (actual time=12.245..1627.513 rows=221609 loops=1)
                     Join Filter: (t.id = ci.movie_id)
                     ->  Nested Loop  (cost=8.04..3790.73 rows=24 width=29) (actual time=12.186..874.675 rows=8538 loops=1)
                           ->  Nested Loop  (cost=7.62..3760.87 rows=67 width=33) (actual time=11.275..808.109 rows=11406 loops=1)
                                 Join Filter: (t.id = mc.movie_id)
                                 ->  Nested Loop  (cost=7.19..3753.04 rows=13 width=25) (actual time=11.069..740.864 rows=6926 loops=1)
                                       ->  Nested Loop  (cost=6.76..3736.45 rows=34 width=4) (actual time=11.037..256.583 rows=41840 loops=1)
                                             ->  Seq Scan on keyword k  (cost=0.00..2626.12 rows=1 width=4) (actual time=1.330..26.367 rows=1 loops=1)
                                                   Filter: ((keyword)::text = 'character-name-in-title'::text)
                                                   Rows Removed by Filter: 134169
                                             ->  Bitmap Heap Scan on movie_keyword mk  (cost=6.76..1107.32 rows=300 width=8) (actual time=9.699..215.639 rows=41840 loops=1)
                                                   Recheck Cond: (keyword_id = k.id)
                                                   Heap Blocks: exact=11541
                                                   ->  Bitmap Index Scan on keyword_id_movie_keyword  (cost=0.00..6.68 rows=300 width=0) (actual time=7.970..7.970 rows=41840 loops=1)
                                                         Index Cond: (keyword_id = k.id)
                                       ->  Index Scan using title_pkey on title t  (cost=0.43..0.49 rows=1 width=21) (actual time=0.011..0.011 rows=0 loops=41840)
                                             Index Cond: (id = mk.movie_id)
                                             Filter: (episode_nr < 100)
                                             Rows Removed by Filter: 1
                                 ->  Index Scan using movie_id_movie_companies on movie_companies mc  (cost=0.43..0.54 rows=5 width=8) (actual time=0.006..0.008 rows=2 loops=6926)
                                       Index Cond: (movie_id = mk.movie_id)
                           ->  Index Scan using company_name_pkey on company_name cn  (cost=0.42..0.45 rows=1 width=4) (actual time=0.005..0.005 rows=1 loops=11406)
                                 Index Cond: (id = mc.company_id)
                                 Filter: ((country_code)::text = '[us]'::text)
                                 Rows Removed by Filter: 0
                     ->  Index Scan using movie_id_cast_info on cast_info ci  (cost=0.56..1.52 rows=37 width=8) (actual time=0.008..0.079 rows=26 loops=8538)
                           Index Cond: (movie_id = mk.movie_id)
               ->  Index Only Scan using name_pkey on name n  (cost=0.43..0.45 rows=1 width=4) (actual time=0.006..0.006 rows=1 loops=221609)
                     Index Cond: (id = ci.person_id)
                     Heap Fetches: 221609
         ->  Index Scan using person_id_aka_name on aka_name an  (cost=0.42..0.46 rows=2 width=20) (actual time=0.004..0.005 rows=1 loops=221609)
               Index Cond: (person_id = ci.person_id)
 Planning Time: 17.141 ms
 Execution Time: 4442.836 ms
(38 rows)

SET
                                                                                      QUERY PLAN                                                                                       
---------------------------------------------------------------------------------------------------------------------------------------------------------------------------------------
 Aggregate  (cost=4132.51..4132.52 rows=1 width=64) (actual time=3631.249..3631.249 rows=1 loops=1)
   ->  Nested Loop  (cost=9.46..4128.69 rows=764 width=33) (actual time=12.643..3524.025 rows=249455 loops=1)
         Join Filter: (n.id = an.person_id)
         ->  Nested Loop  (cost=9.03..3967.16 rows=332 width=25) (actual time=12.581..2553.845 rows=169273 loops=1)
               ->  Nested Loop  (cost=8.60..3816.14 rows=332 width=21) (actual time=12.493..1433.375 rows=169273 loops=1)
                     Join Filter: (t.id = ci.movie_id)
                     ->  Nested Loop  (cost=8.04..3780.38 rows=18 width=29) (actual time=12.426..846.196 rows=6766 loops=1)
                           ->  Nested Loop  (cost=7.62..3758.55 rows=49 width=33) (actual time=11.570..794.908 rows=8661 loops=1)
                                 Join Filter: (t.id = mc.movie_id)
                                 ->  Nested Loop  (cost=7.19..3753.12 rows=9 width=25) (actual time=11.373..741.167 rows=5385 loops=1)
                                       ->  Nested Loop  (cost=6.76..3736.45 rows=34 width=4) (actual time=11.342..256.262 rows=41840 loops=1)
                                             ->  Seq Scan on keyword k  (cost=0.00..2626.12 rows=1 width=4) (actual time=1.308..26.384 rows=1 loops=1)
                                                   Filter: ((keyword)::text = 'character-name-in-title'::text)
                                                   Rows Removed by Filter: 134169
                                             ->  Bitmap Heap Scan on movie_keyword mk  (cost=6.76..1107.32 rows=300 width=8) (actual time=10.026..215.473 rows=41840 loops=1)
                                                   Recheck Cond: (keyword_id = k.id)
                                                   Heap Blocks: exact=11541
                                                   ->  Bitmap Index Scan on keyword_id_movie_keyword  (cost=0.00..6.68 rows=300 width=0) (actual time=8.313..8.313 rows=41840 loops=1)
                                                         Index Cond: (keyword_id = k.id)
                                       ->  Index Scan using title_pkey on title t  (cost=0.43..0.49 rows=1 width=21) (actual time=0.011..0.011 rows=0 loops=41840)
                                             Index Cond: (id = mk.movie_id)
                                             Filter: ((episode_nr >= 5) AND (episode_nr < 100))
                                             Rows Removed by Filter: 1
                                 ->  Index Scan using movie_id_movie_companies on movie_companies mc  (cost=0.43..0.54 rows=5 width=8) (actual time=0.007..0.008 rows=2 loops=5385)
                                       Index Cond: (movie_id = mk.movie_id)
                           ->  Index Scan using company_name_pkey on company_name cn  (cost=0.42..0.45 rows=1 width=4) (actual time=0.005..0.005 rows=1 loops=8661)
                                 Index Cond: (id = mc.company_id)
                                 Filter: ((country_code)::text = '[us]'::text)
                                 Rows Removed by Filter: 0
                     ->  Index Scan using movie_id_cast_info on cast_info ci  (cost=0.56..1.52 rows=37 width=8) (actual time=0.009..0.078 rows=25 loops=6766)
                           Index Cond: (movie_id = mk.movie_id)
               ->  Index Only Scan using name_pkey on name n  (cost=0.43..0.45 rows=1 width=4) (actual time=0.006..0.006 rows=1 loops=169273)
                     Index Cond: (id = ci.person_id)
                     Heap Fetches: 169273
         ->  Index Scan using person_id_aka_name on aka_name an  (cost=0.42..0.46 rows=2 width=20) (actual time=0.004..0.005 rows=1 loops=169273)
               Index Cond: (person_id = ci.person_id)
 Planning Time: 16.858 ms
 Execution Time: 3632.094 ms
(38 rows)

SET
                                                                                   QUERY PLAN                                                                                    
---------------------------------------------------------------------------------------------------------------------------------------------------------------------------------
 Aggregate  (cost=4530.17..4530.18 rows=1 width=64) (actual time=33317.493..33317.494 rows=1 loops=1)
   ->  Nested Loop  (cost=9.03..4529.69 rows=97 width=15) (actual time=12.282..33161.303 rows=258289 loops=1)
         ->  Nested Loop  (cost=8.60..3979.90 rows=1202 width=4) (actual time=12.124..13219.659 rows=2832555 loops=1)
               Join Filter: (t.id = ci.movie_id)
               ->  Nested Loop  (cost=8.04..3852.77 rows=64 width=12) (actual time=11.183..3097.946 rows=68316 loops=1)
                     ->  Nested Loop  (cost=7.62..3773.45 rows=178 width=16) (actual time=11.043..1461.209 rows=148552 loops=1)
                           Join Filter: (t.id = mc.movie_id)
                           ->  Nested Loop  (cost=7.19..3752.95 rows=34 width=8) (actual time=10.919..896.968 rows=41840 loops=1)
                                 ->  Nested Loop  (cost=6.76..3736.45 rows=34 width=4) (actual time=10.889..267.654 rows=41840 loops=1)
                                       ->  Seq Scan on keyword k  (cost=0.00..2626.12 rows=1 width=4) (actual time=1.312..26.675 rows=1 loops=1)
                                             Filter: ((keyword)::text = 'character-name-in-title'::text)
                                             Rows Removed by Filter: 134169
                                       ->  Bitmap Heap Scan on movie_keyword mk  (cost=6.76..1107.32 rows=300 width=8) (actual time=9.569..226.626 rows=41840 loops=1)
                                             Recheck Cond: (keyword_id = k.id)
                                             Heap Blocks: exact=11541
                                             ->  Bitmap Index Scan on keyword_id_movie_keyword  (cost=0.00..6.68 rows=300 width=0) (actual time=7.839..7.839 rows=41840 loops=1)
                                                   Index Cond: (keyword_id = k.id)
                                 ->  Index Only Scan using title_pkey on title t  (cost=0.43..0.49 rows=1 width=4) (actual time=0.014..0.014 rows=1 loops=41840)
                                       Index Cond: (id = mk.movie_id)
                                       Heap Fetches: 41840
                           ->  Index Scan using movie_id_movie_companies on movie_companies mc  (cost=0.43..0.54 rows=5 width=8) (actual time=0.008..0.011 rows=4 loops=41840)
                                 Index Cond: (movie_id = mk.movie_id)
                     ->  Index Scan using company_name_pkey on company_name cn  (cost=0.42..0.45 rows=1 width=4) (actual time=0.010..0.010 rows=0 loops=148552)
                           Index Cond: (id = mc.company_id)
                           Filter: ((country_code)::text = '[us]'::text)
                           Rows Removed by Filter: 1
               ->  Index Scan using movie_id_cast_info on cast_info ci  (cost=0.56..1.52 rows=37 width=8) (actual time=0.009..0.134 rows=41 loops=68316)
                     Index Cond: (movie_id = mk.movie_id)
         ->  Index Scan using name_pkey on name n  (cost=0.43..0.46 rows=1 width=19) (actual time=0.007..0.007 rows=0 loops=2832555)
               Index Cond: (id = ci.person_id)
               Filter: ((name)::text ~~ 'B%'::text)
               Rows Removed by Filter: 1
 Planning Time: 10.688 ms
 Execution Time: 33318.227 ms
(34 rows)

SET
                                                                                   QUERY PLAN                                                                                    
---------------------------------------------------------------------------------------------------------------------------------------------------------------------------------
 Aggregate  (cost=4371.77..4371.78 rows=1 width=64) (actual time=32186.232..32186.233 rows=1 loops=1)
   ->  Nested Loop  (cost=9.03..4371.77 rows=1 width=15) (actual time=26.855..32147.960 rows=52306 loops=1)
         ->  Nested Loop  (cost=8.60..4371.31 rows=1 width=27) (actual time=26.780..31886.828 rows=52306 loops=1)
               ->  Nested Loop  (cost=8.18..4370.87 rows=1 width=31) (actual time=26.725..31384.980 rows=52306 loops=1)
                     ->  Nested Loop  (cost=7.75..4370.30 rows=1 width=23) (actual time=26.679..31223.391 rows=6642 loops=1)
                           ->  Nested Loop  (cost=7.32..3800.84 rows=1245 width=12) (actual time=11.078..11866.047 rows=1038393 loops=1)
                                 ->  Nested Loop  (cost=6.76..3736.45 rows=34 width=4) (actual time=11.033..264.943 rows=41840 loops=1)
                                       ->  Seq Scan on keyword k  (cost=0.00..2626.12 rows=1 width=4) (actual time=1.323..26.631 rows=1 loops=1)
                                             Filter: ((keyword)::text = 'character-name-in-title'::text)
                                             Rows Removed by Filter: 134169
                                       ->  Bitmap Heap Scan on movie_keyword mk  (cost=6.76..1107.32 rows=300 width=8) (actual time=9.702..222.376 rows=41840 loops=1)
                                             Recheck Cond: (keyword_id = k.id)
                                             Heap Blocks: exact=11541
                                             ->  Bitmap Index Scan on keyword_id_movie_keyword  (cost=0.00..6.68 rows=300 width=0) (actual time=7.968..7.968 rows=41840 loops=1)
                                                   Index Cond: (keyword_id = k.id)
                                 ->  Index Scan using movie_id_cast_info on cast_info ci  (cost=0.56..1.52 rows=37 width=8) (actual time=0.017..0.263 rows=25 loops=41840)
                                       Index Cond: (movie_id = mk.movie_id)
                           ->  Index Scan using name_pkey on name n  (cost=0.43..0.46 rows=1 width=19) (actual time=0.018..0.018 rows=0 loops=1038393)
                                 Index Cond: (id = ci.person_id)
                                 Filter: ((name)::text ~~ 'Z%'::text)
                                 Rows Removed by Filter: 1
                     ->  Index Scan using movie_id_movie_companies on movie_companies mc  (cost=0.43..0.52 rows=5 width=8) (actual time=0.014..0.021 rows=8 loops=6642)
                           Index Cond: (movie_id = ci.movie_id)
               ->  Index Only Scan using company_name_pkey on company_name cn  (cost=0.42..0.44 rows=1 width=4) (actual time=0.009..0.009 rows=1 loops=52306)
                     Index Cond: (id = mc.company_id)
                     Heap Fetches: 52306
         ->  Index Only Scan using title_pkey on title t  (cost=0.43..0.45 rows=1 width=4) (actual time=0.004..0.004 rows=1 loops=52306)
               Index Cond: (id = ci.movie_id)
               Heap Fetches: 52306
 Planning Time: 10.735 ms
 Execution Time: 32186.878 ms
(31 rows)

SET
                                                                                   QUERY PLAN                                                                                    
---------------------------------------------------------------------------------------------------------------------------------------------------------------------------------
 Aggregate  (cost=4371.77..4371.78 rows=1 width=64) (actual time=31208.614..31208.614 rows=1 loops=1)
   ->  Nested Loop  (cost=9.03..4371.77 rows=1 width=15) (actual time=225.095..31205.867 rows=1918 loops=1)
         ->  Nested Loop  (cost=8.60..4371.31 rows=1 width=27) (actual time=225.020..31191.900 rows=1918 loops=1)
               ->  Nested Loop  (cost=8.18..4370.87 rows=1 width=31) (actual time=224.949..31156.878 rows=1918 loops=1)
                     ->  Nested Loop  (cost=7.75..4370.30 rows=1 width=23) (actual time=224.902..31146.388 rows=250 loops=1)
                           ->  Nested Loop  (cost=7.32..3800.84 rows=1245 width=12) (actual time=10.926..11811.077 rows=1038393 loops=1)
                                 ->  Nested Loop  (cost=6.76..3736.45 rows=34 width=4) (actual time=10.882..265.076 rows=41840 loops=1)
                                       ->  Seq Scan on keyword k  (cost=0.00..2626.12 rows=1 width=4) (actual time=1.304..26.319 rows=1 loops=1)
                                             Filter: ((keyword)::text = 'character-name-in-title'::text)
                                             Rows Removed by Filter: 134169
                                       ->  Bitmap Heap Scan on movie_keyword mk  (cost=6.76..1107.32 rows=300 width=8) (actual time=9.569..222.627 rows=41840 loops=1)
                                             Recheck Cond: (keyword_id = k.id)
                                             Heap Blocks: exact=11541
                                             ->  Bitmap Index Scan on keyword_id_movie_keyword  (cost=0.00..6.68 rows=300 width=0) (actual time=7.846..7.846 rows=41840 loops=1)
                                                   Index Cond: (keyword_id = k.id)
                                 ->  Index Scan using movie_id_cast_info on cast_info ci  (cost=0.56..1.52 rows=37 width=8) (actual time=0.017..0.261 rows=25 loops=41840)
                                       Index Cond: (movie_id = mk.movie_id)
                           ->  Index Scan using name_pkey on name n  (cost=0.43..0.46 rows=1 width=19) (actual time=0.018..0.018 rows=0 loops=1038393)
                                 Index Cond: (id = ci.person_id)
                                 Filter: ((name)::text ~~ 'X%'::text)
                                 Rows Removed by Filter: 1
                     ->  Index Scan using movie_id_movie_companies on movie_companies mc  (cost=0.43..0.52 rows=5 width=8) (actual time=0.026..0.037 rows=8 loops=250)
                           Index Cond: (movie_id = ci.movie_id)
               ->  Index Only Scan using company_name_pkey on company_name cn  (cost=0.42..0.44 rows=1 width=4) (actual time=0.017..0.017 rows=1 loops=1918)
                     Index Cond: (id = mc.company_id)
                     Heap Fetches: 1918
         ->  Index Only Scan using title_pkey on title t  (cost=0.43..0.45 rows=1 width=4) (actual time=0.006..0.006 rows=1 loops=1918)
               Index Cond: (id = ci.movie_id)
               Heap Fetches: 1918
 Planning Time: 10.775 ms
 Execution Time: 31209.253 ms
(31 rows)

SET
                                                                                   QUERY PLAN                                                                                    
---------------------------------------------------------------------------------------------------------------------------------------------------------------------------------
 Aggregate  (cost=4371.77..4371.78 rows=1 width=32) (actual time=31514.576..31514.576 rows=1 loops=1)
   ->  Nested Loop  (cost=9.03..4371.77 rows=1 width=15) (actual time=128.647..31501.220 rows=11538 loops=1)
         ->  Nested Loop  (cost=8.60..4371.31 rows=1 width=27) (actual time=128.584..31417.772 rows=11538 loops=1)
               ->  Nested Loop  (cost=8.18..4370.87 rows=1 width=31) (actual time=128.507..31242.041 rows=11538 loops=1)
                     ->  Nested Loop  (cost=7.75..4370.30 rows=1 width=23) (actual time=128.456..31178.799 rows=1972 loops=1)
                           ->  Nested Loop  (cost=7.32..3800.84 rows=1245 width=12) (actual time=10.841..11767.681 rows=1038393 loops=1)
                                 ->  Nested Loop  (cost=6.76..3736.45 rows=34 width=4) (actual time=10.793..263.765 rows=41840 loops=1)
                                       ->  Seq Scan on keyword k  (cost=0.00..2626.12 rows=1 width=4) (actual time=1.274..26.341 rows=1 loops=1)
                                             Filter: ((keyword)::text = 'character-name-in-title'::text)
                                             Rows Removed by Filter: 134169
                                       ->  Bitmap Heap Scan on movie_keyword mk  (cost=6.76..1107.32 rows=300 width=8) (actual time=9.511..221.664 rows=41840 loops=1)
                                             Recheck Cond: (keyword_id = k.id)
                                             Heap Blocks: exact=11541
                                             ->  Bitmap Index Scan on keyword_id_movie_keyword  (cost=0.00..6.68 rows=300 width=0) (actual time=7.780..7.780 rows=41840 loops=1)
                                                   Index Cond: (keyword_id = k.id)
                                 ->  Index Scan using movie_id_cast_info on cast_info ci  (cost=0.56..1.52 rows=37 width=8) (actual time=0.017..0.260 rows=25 loops=41840)
                                       Index Cond: (movie_id = mk.movie_id)
                           ->  Index Scan using name_pkey on name n  (cost=0.43..0.46 rows=1 width=19) (actual time=0.018..0.018 rows=0 loops=1038393)
                                 Index Cond: (id = ci.person_id)
                                 Filter: ((name)::text ~~ '%Bert%'::text)
                                 Rows Removed by Filter: 1
                     ->  Index Scan using movie_id_movie_companies on movie_companies mc  (cost=0.43..0.52 rows=5 width=8) (actual time=0.020..0.028 rows=6 loops=1972)
                           Index Cond: (movie_id = ci.movie_id)
               ->  Index Only Scan using company_name_pkey on company_name cn  (cost=0.42..0.44 rows=1 width=4) (actual time=0.014..0.014 rows=1 loops=11538)
                     Index Cond: (id = mc.company_id)
                     Heap Fetches: 11538
         ->  Index Only Scan using title_pkey on title t  (cost=0.43..0.45 rows=1 width=4) (actual time=0.006..0.006 rows=1 loops=11538)
               Index Cond: (id = ci.movie_id)
               Heap Fetches: 11538
 Planning Time: 10.582 ms
 Execution Time: 31515.222 ms
(31 rows)

SET
                                                                                   QUERY PLAN                                                                                    
---------------------------------------------------------------------------------------------------------------------------------------------------------------------------------
 Aggregate  (cost=4529.69..4529.70 rows=1 width=32) (actual time=33369.036..33369.037 rows=1 loops=1)
   ->  Nested Loop  (cost=9.03..4526.68 rows=1202 width=15) (actual time=12.122..32200.426 rows=2832555 loops=1)
         ->  Nested Loop  (cost=8.60..3979.90 rows=1202 width=4) (actual time=12.037..13242.498 rows=2832555 loops=1)
               Join Filter: (t.id = ci.movie_id)
               ->  Nested Loop  (cost=8.04..3852.77 rows=64 width=12) (actual time=11.113..3058.139 rows=68316 loops=1)
                     ->  Nested Loop  (cost=7.62..3773.45 rows=178 width=16) (actual time=10.967..1445.664 rows=148552 loops=1)
                           Join Filter: (t.id = mc.movie_id)
                           ->  Nested Loop  (cost=7.19..3752.95 rows=34 width=8) (actual time=10.834..885.011 rows=41840 loops=1)
                                 ->  Nested Loop  (cost=6.76..3736.45 rows=34 width=4) (actual time=10.804..263.866 rows=41840 loops=1)
                                       ->  Seq Scan on keyword k  (cost=0.00..2626.12 rows=1 width=4) (actual time=1.270..26.476 rows=1 loops=1)
                                             Filter: ((keyword)::text = 'character-name-in-title'::text)
                                             Rows Removed by Filter: 134169
                                       ->  Bitmap Heap Scan on movie_keyword mk  (cost=6.76..1107.32 rows=300 width=8) (actual time=9.526..223.217 rows=41840 loops=1)
                                             Recheck Cond: (keyword_id = k.id)
                                             Heap Blocks: exact=11541
                                             ->  Bitmap Index Scan on keyword_id_movie_keyword  (cost=0.00..6.68 rows=300 width=0) (actual time=7.815..7.815 rows=41840 loops=1)
                                                   Index Cond: (keyword_id = k.id)
                                 ->  Index Only Scan using title_pkey on title t  (cost=0.43..0.49 rows=1 width=4) (actual time=0.014..0.014 rows=1 loops=41840)
                                       Index Cond: (id = mk.movie_id)
                                       Heap Fetches: 41840
                           ->  Index Scan using movie_id_movie_companies on movie_companies mc  (cost=0.43..0.54 rows=5 width=8) (actual time=0.008..0.011 rows=4 loops=41840)
                                 Index Cond: (movie_id = mk.movie_id)
                     ->  Index Scan using company_name_pkey on company_name cn  (cost=0.42..0.45 rows=1 width=4) (actual time=0.010..0.010 rows=0 loops=148552)
                           Index Cond: (id = mc.company_id)
                           Filter: ((country_code)::text = '[us]'::text)
                           Rows Removed by Filter: 1
               ->  Index Scan using movie_id_cast_info on cast_info ci  (cost=0.56..1.52 rows=37 width=8) (actual time=0.009..0.135 rows=41 loops=68316)
                     Index Cond: (movie_id = mk.movie_id)
         ->  Index Scan using name_pkey on name n  (cost=0.43..0.45 rows=1 width=19) (actual time=0.006..0.006 rows=1 loops=2832555)
               Index Cond: (id = ci.person_id)
 Planning Time: 10.594 ms
 Execution Time: 33369.690 ms
(32 rows)

SET
                                                                                   QUERY PLAN                                                                                    
---------------------------------------------------------------------------------------------------------------------------------------------------------------------------------
 Aggregate  (cost=4654.76..4654.77 rows=1 width=32) (actual time=37936.203..37936.204 rows=1 loops=1)
   ->  Nested Loop  (cost=9.03..4653.75 rows=401 width=15) (actual time=15.168..37539.285 rows=1113120 loops=1)
         ->  Nested Loop  (cost=8.61..4476.08 rows=401 width=19) (actual time=15.106..34084.926 rows=1113120 loops=1)
               ->  Nested Loop  (cost=8.18..4389.95 rows=151 width=27) (actual time=11.092..32596.641 rows=149494 loops=1)
                     ->  Nested Loop  (cost=7.75..3820.49 rows=1245 width=16) (actual time=11.018..12830.618 rows=1038393 loops=1)
                           Join Filter: (t.id = ci.movie_id)
                           ->  Nested Loop  (cost=7.19..3752.95 rows=34 width=8) (actual time=10.969..902.709 rows=41840 loops=1)
                                 ->  Nested Loop  (cost=6.76..3736.45 rows=34 width=4) (actual time=10.930..268.621 rows=41840 loops=1)
                                       ->  Seq Scan on keyword k  (cost=0.00..2626.12 rows=1 width=4) (actual time=1.308..26.591 rows=1 loops=1)
                                             Filter: ((keyword)::text = 'character-name-in-title'::text)
                                             Rows Removed by Filter: 134169
                                       ->  Bitmap Heap Scan on movie_keyword mk  (cost=6.76..1107.32 rows=300 width=8) (actual time=9.614..225.512 rows=41840 loops=1)
                                             Recheck Cond: (keyword_id = k.id)
                                             Heap Blocks: exact=11541
                                             ->  Bitmap Index Scan on keyword_id_movie_keyword  (cost=0.00..6.68 rows=300 width=0) (actual time=7.890..7.890 rows=41840 loops=1)
                                                   Index Cond: (keyword_id = k.id)
                                 ->  Index Only Scan using title_pkey on title t  (cost=0.43..0.49 rows=1 width=4) (actual time=0.014..0.014 rows=1 loops=41840)
                                       Index Cond: (id = mk.movie_id)
                                       Heap Fetches: 41840
                           ->  Index Scan using movie_id_cast_info on cast_info ci  (cost=0.56..1.52 rows=37 width=8) (actual time=0.018..0.266 rows=25 loops=41840)
                                 Index Cond: (movie_id = mk.movie_id)
                     ->  Index Scan using name_pkey on name n  (cost=0.43..0.46 rows=1 width=19) (actual time=0.018..0.018 rows=0 loops=1038393)
                           Index Cond: (id = ci.person_id)
                           Filter: ((name)::text ~~ '%B%'::text)
                           Rows Removed by Filter: 1
               ->  Index Scan using movie_id_movie_companies on movie_companies mc  (cost=0.43..0.52 rows=5 width=8) (actual time=0.005..0.008 rows=7 loops=149494)
                     Index Cond: (movie_id = ci.movie_id)
         ->  Index Only Scan using company_name_pkey on company_name cn  (cost=0.42..0.44 rows=1 width=4) (actual time=0.003..0.003 rows=1 loops=1113120)
               Index Cond: (id = mc.company_id)
               Heap Fetches: 1113120
 Planning Time: 10.785 ms
 Execution Time: 37936.840 ms
(32 rows)

SET
                                                                                       QUERY PLAN                                                                                       
----------------------------------------------------------------------------------------------------------------------------------------------------------------------------------------
 Aggregate  (cost=111692.15..111692.16 rows=1 width=96) (actual time=12512.947..12512.948 rows=1 loops=1)
   ->  Nested Loop  (cost=1006.71..111692.14 rows=1 width=65) (actual time=302.510..12511.453 rows=410 loops=1)
         ->  Gather  (cost=1006.28..111691.68 rows=1 width=60) (actual time=302.416..12503.418 rows=410 loops=1)
               Workers Planned: 2
               Workers Launched: 2
               ->  Nested Loop  (cost=6.28..110691.58 rows=1 width=60) (actual time=631.230..12500.105 rows=137 loops=3)
                     ->  Nested Loop  (cost=5.85..108696.70 rows=3377 width=64) (actual time=2.876..11488.865 rows=35780 loops=3)
                           ->  Hash Join  (cost=5.29..74146.13 rows=1468 width=56) (actual time=1.215..3630.922 rows=15144 loops=3)
                                 Hash Cond: (mi.info_type_id = it1.id)
                                 ->  Nested Loop  (cost=2.86..73692.04 rows=165842 width=60) (actual time=0.262..3357.590 rows=2310111 loops=3)
                                       ->  Hash Join  (cost=2.43..15253.60 rows=5089 width=9) (actual time=0.126..209.124 rows=153308 loops=3)
                                             Hash Cond: (mi_idx.info_type_id = it2.id)
                                             ->  Parallel Seq Scan on movie_info_idx mi_idx  (cost=0.00..13685.15 rows=575015 width=13) (actual time=0.034..90.272 rows=460012 loops=3)
                                             ->  Hash  (cost=2.41..2.41 rows=1 width=4) (actual time=0.037..0.038 rows=1 loops=3)
                                                   Buckets: 1024  Batches: 1  Memory Usage: 9kB
                                                   ->  Seq Scan on info_type it2  (cost=0.00..2.41 rows=1 width=4) (actual time=0.020..0.022 rows=1 loops=3)
                                                         Filter: ((info)::text = 'votes'::text)
                                                         Rows Removed by Filter: 112
                                       ->  Index Scan using movie_id_movie_info on movie_info mi  (cost=0.43..11.06 rows=42 width=51) (actual time=0.005..0.017 rows=15 loops=459925)
                                             Index Cond: (movie_id = mi_idx.movie_id)
                                 ->  Hash  (cost=2.41..2.41 rows=1 width=4) (actual time=0.075..0.075 rows=1 loops=3)
                                       Buckets: 1024  Batches: 1  Memory Usage: 9kB
                                       ->  Seq Scan on info_type it1  (cost=0.00..2.41 rows=1 width=4) (actual time=0.051..0.053 rows=1 loops=3)
                                             Filter: ((info)::text = 'budget'::text)
                                             Rows Removed by Filter: 112
                           ->  Index Scan using movie_id_cast_info on cast_info ci  (cost=0.56..23.52 rows=2 width=8) (actual time=0.299..0.517 rows=2 loops=45431)
                                 Index Cond: (movie_id = mi.movie_id)
                                 Filter: ((note)::text = ANY ('{(producer),"(executive producer)"}'::text[]))
                                 Rows Removed by Filter: 38
                     ->  Index Scan using name_pkey on name n  (cost=0.43..0.59 rows=1 width=4) (actual time=0.027..0.027 rows=0 loops=107339)
                           Index Cond: (id = ci.person_id)
                           Filter: (((name)::text ~~ '%Tim%'::text) AND ((gender)::text = 'm'::text))
                           Rows Removed by Filter: 1
         ->  Index Scan using title_pkey on title t  (cost=0.43..0.46 rows=1 width=21) (actual time=0.029..0.029 rows=1 loops=410)
               Index Cond: (id = mi.movie_id)
 Planning Time: 10.401 ms
 Execution Time: 12518.366 ms
(37 rows)

SET
                                                                                      QUERY PLAN                                                                                       
---------------------------------------------------------------------------------------------------------------------------------------------------------------------------------------
 Aggregate  (cost=17462.60..17462.61 rows=1 width=96) (actual time=487.609..487.609 rows=1 loops=1)
   ->  Nested Loop  (cost=1004.43..17462.59 rows=1 width=65) (actual time=245.061..487.550 rows=11 loops=1)
         ->  Nested Loop  (cost=1004.00..17461.90 rows=1 width=69) (actual time=75.722..479.530 rows=268 loops=1)
               ->  Gather  (cost=1003.43..17437.17 rows=1 width=77) (actual time=74.686..329.923 rows=358 loops=1)
                     Workers Planned: 2
                     Workers Launched: 2
                     ->  Nested Loop  (cost=3.43..16437.07 rows=1 width=77) (actual time=32.105..425.439 rows=119 loops=3)
                           ->  Nested Loop  (cost=3.29..16435.43 rows=10 width=81) (actual time=32.078..424.847 rows=119 loops=3)
                                 ->  Nested Loop  (cost=2.86..15789.08 rows=56 width=30) (actual time=1.992..264.669 rows=2051 loops=3)
                                       ->  Hash Join  (cost=2.43..15179.85 rows=178 width=9) (actual time=0.283..142.814 rows=5283 loops=3)
                                             Hash Cond: (mi_idx.info_type_id = it2.id)
                                             ->  Parallel Seq Scan on movie_info_idx mi_idx  (cost=0.00..15122.68 rows=20101 width=13) (actual time=0.059..135.445 rows=17883 loops=3)
                                                   Filter: ((info)::text > '8.0'::text)
                                                   Rows Removed by Filter: 442129
                                             ->  Hash  (cost=2.41..2.41 rows=1 width=4) (actual time=0.062..0.063 rows=1 loops=3)
                                                   Buckets: 1024  Batches: 1  Memory Usage: 9kB
                                                   ->  Seq Scan on info_type it2  (cost=0.00..2.41 rows=1 width=4) (actual time=0.037..0.039 rows=1 loops=3)
                                                         Filter: ((info)::text = 'rating'::text)
                                                         Rows Removed by Filter: 112
                                       ->  Index Scan using title_pkey on title t  (cost=0.43..3.42 rows=1 width=21) (actual time=0.022..0.022 rows=0 loops=15849)
                                             Index Cond: (id = mi_idx.movie_id)
                                             Filter: ((production_year >= 2008) AND (production_year <= 2014))
                                             Rows Removed by Filter: 1
                                 ->  Index Scan using movie_id_movie_info on movie_info mi  (cost=0.43..11.53 rows=1 width=51) (actual time=0.077..0.077 rows=0 loops=6152)
                                       Index Cond: (movie_id = t.id)
                                       Filter: ((note IS NULL) AND ((info)::text = ANY ('{Horror,Thriller}'::text[])))
                                       Rows Removed by Filter: 18
                           ->  Index Scan using info_type_pkey on info_type it1  (cost=0.14..0.16 rows=1 width=4) (actual time=0.003..0.003 rows=1 loops=358)
                                 Index Cond: (id = mi.info_type_id)
                                 Filter: ((info)::text = 'genres'::text)
               ->  Index Scan using movie_id_cast_info on cast_info ci  (cost=0.56..24.72 rows=1 width=8) (actual time=0.337..0.437 rows=1 loops=358)
                     Index Cond: (movie_id = t.id)
                     Filter: ((note)::text = ANY ('{(writer),"(head writer)","(written by)",(story),"(story editor)"}'::text[]))
                     Rows Removed by Filter: 34
         ->  Index Scan using name_pkey on name n  (cost=0.43..0.69 rows=1 width=4) (actual time=0.029..0.029 rows=0 loops=268)
               Index Cond: (id = ci.person_id)
               Filter: ((gender IS NOT NULL) AND ((gender)::text = 'f'::text))
               Rows Removed by Filter: 1
 Planning Time: 10.276 ms
 Execution Time: 495.740 ms
(40 rows)

SET
                                                                                          QUERY PLAN                                                                                          
----------------------------------------------------------------------------------------------------------------------------------------------------------------------------------------------
 Finalize Aggregate  (cost=74751.79..74751.80 rows=1 width=96) (actual time=17353.737..17353.737 rows=1 loops=1)
   ->  Gather  (cost=74751.57..74751.78 rows=2 width=96) (actual time=17353.523..17358.624 rows=3 loops=1)
         Workers Planned: 2
         Workers Launched: 2
         ->  Partial Aggregate  (cost=73751.57..73751.58 rows=1 width=96) (actual time=17344.729..17344.729 rows=1 loops=3)
               ->  Nested Loop  (cost=6.71..73751.49 rows=11 width=65) (actual time=31.643..17331.144 rows=9358 loops=3)
                     ->  Nested Loop  (cost=6.28..73732.96 rows=27 width=69) (actual time=21.755..16869.328 rows=18052 loops=3)
                           ->  Nested Loop  (cost=5.72..73229.83 rows=21 width=77) (actual time=1.496..4284.439 rows=34172 loops=3)
                                 Join Filter: (mi.movie_id = t.id)
                                 ->  Hash Join  (cost=5.29..73217.55 rows=21 width=56) (actual time=1.391..3771.698 rows=34172 loops=3)
                                       Hash Cond: (mi.info_type_id = it1.id)
                                       ->  Nested Loop  (cost=2.86..73208.58 rows=2405 width=60) (actual time=1.174..3742.898 rows=34964 loops=3)
                                             ->  Hash Join  (cost=2.43..15253.60 rows=5089 width=9) (actual time=0.127..252.527 rows=153308 loops=3)
                                                   Hash Cond: (mi_idx.info_type_id = it2.id)
                                                   ->  Parallel Seq Scan on movie_info_idx mi_idx  (cost=0.00..13685.15 rows=575015 width=13) (actual time=0.032..98.817 rows=460012 loops=3)
                                                   ->  Hash  (cost=2.41..2.41 rows=1 width=4) (actual time=0.039..0.040 rows=1 loops=3)
                                                         Buckets: 1024  Batches: 1  Memory Usage: 9kB
                                                         ->  Seq Scan on info_type it2  (cost=0.00..2.41 rows=1 width=4) (actual time=0.020..0.022 rows=1 loops=3)
                                                               Filter: ((info)::text = 'votes'::text)
                                                               Rows Removed by Filter: 112
                                             ->  Index Scan using movie_id_movie_info on movie_info mi  (cost=0.43..11.38 rows=1 width=51) (actual time=0.022..0.022 rows=0 loops=459925)
                                                   Index Cond: (movie_id = mi_idx.movie_id)
                                                   Filter: ((info)::text = ANY ('{Horror,Action,Sci-Fi,Thriller,Crime,War}'::text[]))
                                                   Rows Removed by Filter: 15
                                       ->  Hash  (cost=2.41..2.41 rows=1 width=4) (actual time=0.080..0.080 rows=1 loops=3)
                                             Buckets: 1024  Batches: 1  Memory Usage: 9kB
                                             ->  Seq Scan on info_type it1  (cost=0.00..2.41 rows=1 width=4) (actual time=0.046..0.058 rows=1 loops=3)
                                                   Filter: ((info)::text = 'genres'::text)
                                                   Rows Removed by Filter: 112
                                 ->  Index Scan using title_pkey on title t  (cost=0.43..0.57 rows=1 width=21) (actual time=0.013..0.013 rows=1 loops=102516)
                                       Index Cond: (id = mi_idx.movie_id)
                           ->  Index Scan using movie_id_cast_info on cast_info ci  (cost=0.56..23.95 rows=1 width=8) (actual time=0.313..0.367 rows=1 loops=102516)
                                 Index Cond: (movie_id = t.id)
                                 Filter: ((note)::text = ANY ('{(writer),"(head writer)","(written by)",(story),"(story editor)"}'::text[]))
                                 Rows Removed by Filter: 39
                     ->  Index Scan using name_pkey on name n  (cost=0.43..0.69 rows=1 width=4) (actual time=0.024..0.024 rows=1 loops=54155)
                           Index Cond: (id = ci.person_id)
                           Filter: ((gender)::text = 'm'::text)
                           Rows Removed by Filter: 0
 Planning Time: 10.503 ms
 Execution Time: 17359.252 ms
(41 rows)

SET
                                                                                                QUERY PLAN                                                                                                 
-----------------------------------------------------------------------------------------------------------------------------------------------------------------------------------------------------------
 Aggregate  (cost=85507.29..85507.30 rows=1 width=64) (actual time=587.637..587.637 rows=1 loops=1)
   ->  Nested Loop  (cost=1004.44..85507.29 rows=1 width=32) (actual time=265.344..587.500 rows=184 loops=1)
         ->  Nested Loop  (cost=1004.30..85507.10 rows=1 width=36) (actual time=265.298..587.039 rows=184 loops=1)
               Join Filter: (t.id = mi.movie_id)
               ->  Nested Loop  (cost=1003.86..85479.65 rows=1 width=44) (actual time=265.170..575.519 rows=77 loops=1)
                     ->  Nested Loop  (cost=1003.44..85478.45 rows=1 width=48) (actual time=265.103..574.287 rows=79 loops=1)
                           Join Filter: (t.id = mc.movie_id)
                           ->  Nested Loop  (cost=1003.01..85475.72 rows=1 width=40) (actual time=265.016..571.643 rows=102 loops=1)
                                 ->  Gather  (cost=1002.58..85474.30 rows=1 width=44) (actual time=234.181..573.381 rows=115 loops=1)
                                       Workers Planned: 2
                                       Workers Launched: 2
                                       ->  Nested Loop  (cost=2.58..84474.20 rows=1 width=44) (actual time=227.164..574.515 rows=38 loops=3)
                                             ->  Hash Join  (cost=2.15..84471.40 rows=2 width=23) (actual time=225.391..571.133 rows=142 loops=3)
                                                   Hash Cond: (ci.role_id = rt.id)
                                                   ->  Nested Loop  (cost=0.99..84470.16 rows=19 width=27) (actual time=225.177..570.829 rows=142 loops=3)
                                                         Join Filter: (n.id = ci.person_id)
                                                         ->  Nested Loop  (cost=0.42..82155.48 rows=9 width=23) (actual time=219.105..547.803 rows=519 loops=3)
                                                               ->  Parallel Seq Scan on name n  (cost=0.00..81659.82 rows=40 width=19) (actual time=218.138..519.768 rows=2256 loops=3)
                                                                     Filter: (((name)::text ~~ '%Ang%'::text) AND ((gender)::text = 'f'::text))
                                                                     Rows Removed by Filter: 1386908
                                                               ->  Index Only Scan using person_id_aka_name on aka_name an  (cost=0.42..12.37 rows=2 width=4) (actual time=0.011..0.011 rows=0 loops=6768)
                                                                     Index Cond: (person_id = n.id)
                                                                     Heap Fetches: 1558
                                                         ->  Index Scan using person_id_cast_info on cast_info ci  (cost=0.56..257.04 rows=12 width=16) (actual time=0.041..0.043 rows=0 loops=1558)
                                                               Index Cond: (person_id = an.person_id)
                                                               Filter: ((note)::text = ANY ('{(voice),"(voice: Japanese version)","(voice) (uncredited)","(voice: English version)"}'::text[]))
                                                               Rows Removed by Filter: 44
                                                   ->  Hash  (cost=1.15..1.15 rows=1 width=4) (actual time=0.066..0.066 rows=1 loops=3)
                                                         Buckets: 1024  Batches: 1  Memory Usage: 9kB
                                                         ->  Seq Scan on role_type rt  (cost=0.00..1.15 rows=1 width=4) (actual time=0.032..0.034 rows=1 loops=3)
                                                               Filter: ((role)::text = 'actress'::text)
                                                               Rows Removed by Filter: 11
                                             ->  Index Scan using title_pkey on title t  (cost=0.43..1.40 rows=1 width=21) (actual time=0.023..0.023 rows=0 loops=425)
                                                   Index Cond: (id = ci.movie_id)
                                                   Filter: ((production_year >= 2005) AND (production_year <= 2009))
                                                   Rows Removed by Filter: 1
                                 ->  Index Only Scan using char_name_pkey on char_name chn  (cost=0.43..1.42 rows=1 width=4) (actual time=0.015..0.015 rows=1 loops=115)
                                       Index Cond: (id = ci.person_role_id)
                                       Heap Fetches: 102
                           ->  Index Scan using movie_id_movie_companies on movie_companies mc  (cost=0.43..2.72 rows=1 width=8) (actual time=0.020..0.025 rows=1 loops=102)
                                 Index Cond: (movie_id = ci.movie_id)
                                 Filter: ((note IS NOT NULL) AND (((note)::text ~~ '%(USA)%'::text) OR ((note)::text ~~ '%(worldwide)%'::text)))
                                 Rows Removed by Filter: 6
                     ->  Index Scan using company_name_pkey on company_name cn  (cost=0.42..1.20 rows=1 width=4) (actual time=0.015..0.015 rows=1 loops=79)
                           Index Cond: (id = mc.company_id)
                           Filter: ((country_code)::text = '[us]'::text)
                           Rows Removed by Filter: 0
               ->  Index Scan using movie_id_movie_info on movie_info mi  (cost=0.43..27.43 rows=2 width=8) (actual time=0.044..0.148 rows=2 loops=77)
                     Index Cond: (movie_id = ci.movie_id)
                     Filter: ((info IS NOT NULL) AND (((info)::text ~~ 'Japan:%200%'::text) OR ((info)::text ~~ 'USA:%200%'::text)))
                     Rows Removed by Filter: 166
         ->  Index Scan using info_type_pkey on info_type it  (cost=0.14..0.16 rows=1 width=4) (actual time=0.002..0.002 rows=1 loops=184)
               Index Cond: (id = mi.info_type_id)
               Filter: ((info)::text = 'release dates'::text)
 Planning Time: 50.345 ms
 Execution Time: 592.071 ms
(56 rows)

SET
                                                                                                   QUERY PLAN                                                                                                   
----------------------------------------------------------------------------------------------------------------------------------------------------------------------------------------------------------------
 Aggregate  (cost=55722.95..55722.96 rows=1 width=64) (actual time=280.177..280.177 rows=1 loops=1)
   ->  Nested Loop  (cost=1003.41..55722.94 rows=1 width=32) (actual time=230.728..280.158 rows=15 loops=1)
         ->  Nested Loop  (cost=1003.28..55722.77 rows=1 width=36) (actual time=230.672..280.074 rows=15 loops=1)
               Join Filter: (ci.person_id = n.id)
               ->  Nested Loop  (cost=1002.85..55721.23 rows=1 width=29) (actual time=218.996..278.035 rows=275 loops=1)
                     ->  Nested Loop  (cost=1002.70..55721.05 rows=1 width=33) (actual time=218.961..277.450 rows=275 loops=1)
                           Join Filter: (t.id = mi.movie_id)
                           ->  Nested Loop  (cost=1002.27..55693.47 rows=1 width=41) (actual time=218.880..250.536 rows=275 loops=1)
                                 ->  Nested Loop  (cost=1001.85..55692.20 rows=1 width=45) (actual time=218.835..249.449 rows=275 loops=1)
                                       ->  Nested Loop  (cost=1001.42..55690.54 rows=1 width=41) (actual time=218.762..247.343 rows=99 loops=1)
                                             ->  Nested Loop  (cost=1001.00..55689.08 rows=1 width=45) (actual time=218.667..244.985 rows=100 loops=1)
                                                   Join Filter: (t.id = ci.movie_id)
                                                   ->  Gather  (cost=1000.43..55647.01 rows=1 width=29) (actual time=218.565..242.247 rows=4 loops=1)
                                                         Workers Planned: 2
                                                         Workers Launched: 2
                                                         ->  Nested Loop  (cost=0.43..54646.91 rows=1 width=29) (actual time=233.733..260.597 rows=1 loops=3)
                                                               ->  Parallel Seq Scan on title t  (cost=0.00..54433.61 rows=10 width=21) (actual time=86.049..260.413 rows=2 loops=3)
                                                                     Filter: ((production_year >= 2007) AND (production_year <= 2008) AND ((title)::text ~~ '%Kung%Fu%Panda%'::text))
                                                                     Rows Removed by Filter: 842768
                                                               ->  Index Scan using movie_id_movie_companies on movie_companies mc  (cost=0.43..21.32 rows=1 width=8) (actual time=0.072..0.076 rows=1 loops=7)
                                                                     Index Cond: (movie_id = t.id)
                                                                     Filter: (((note)::text ~~ '%(200%)%'::text) AND (((note)::text ~~ '%(USA)%'::text) OR ((note)::text ~~ '%(worldwide)%'::text)))
                                                                     Rows Removed by Filter: 6
                                                   ->  Index Scan using movie_id_cast_info on cast_info ci  (cost=0.56..42.06 rows=1 width=16) (actual time=0.035..1.132 rows=25 loops=4)
                                                         Index Cond: (movie_id = mc.movie_id)
                                                         Filter: ((note)::text = '(voice)'::text)
                                                         Rows Removed by Filter: 127
                                             ->  Index Only Scan using char_name_pkey on char_name chn  (cost=0.43..1.46 rows=1 width=4) (actual time=0.022..0.022 rows=1 loops=100)
                                                   Index Cond: (id = ci.person_role_id)
                                                   Heap Fetches: 99
                                       ->  Index Only Scan using person_id_aka_name on aka_name an  (cost=0.42..1.64 rows=2 width=4) (actual time=0.016..0.020 rows=3 loops=99)
                                             Index Cond: (person_id = ci.person_id)
                                             Heap Fetches: 275
                                 ->  Index Scan using company_name_pkey on company_name cn  (cost=0.42..1.27 rows=1 width=4) (actual time=0.003..0.003 rows=1 loops=275)
                                       Index Cond: (id = mc.company_id)
                                       Filter: ((country_code)::text = '[us]'::text)
                           ->  Index Scan using movie_id_movie_info on movie_info mi  (cost=0.43..27.56 rows=1 width=8) (actual time=0.016..0.097 rows=1 loops=275)
                                 Index Cond: (movie_id = ci.movie_id)
                                 Filter: ((info IS NOT NULL) AND (((info)::text ~~ 'Japan:%2007%'::text) OR ((info)::text ~~ 'USA:%2008%'::text)))
                                 Rows Removed by Filter: 295
                     ->  Index Scan using info_type_pkey on info_type it  (cost=0.14..0.16 rows=1 width=4) (actual time=0.002..0.002 rows=1 loops=275)
                           Index Cond: (id = mi.info_type_id)
                           Filter: ((info)::text = 'release dates'::text)
               ->  Index Scan using name_pkey on name n  (cost=0.43..1.53 rows=1 width=19) (actual time=0.007..0.007 rows=0 loops=275)
                     Index Cond: (id = an.person_id)
                     Filter: (((name)::text ~~ '%Angel%'::text) AND ((gender)::text = 'f'::text))
                     Rows Removed by Filter: 1
         ->  Index Scan using role_type_pkey on role_type rt  (cost=0.14..0.16 rows=1 width=4) (actual time=0.005..0.005 rows=1 loops=15)
               Index Cond: (id = ci.role_id)
               Filter: ((role)::text = 'actress'::text)
 Planning Time: 48.069 ms
 Execution Time: 282.771 ms
(52 rows)

SET
                                                                                                           QUERY PLAN                                                                                                           
--------------------------------------------------------------------------------------------------------------------------------------------------------------------------------------------------------------------------------
 Finalize Aggregate  (cost=224820.56..224820.57 rows=1 width=64) (actual time=4080.784..4080.784 rows=1 loops=1)
   ->  Gather  (cost=224820.34..224820.55 rows=2 width=64) (actual time=4076.887..4085.876 rows=3 loops=1)
         Workers Planned: 2
         Workers Launched: 2
         ->  Partial Aggregate  (cost=223820.34..223820.35 rows=1 width=64) (actual time=4070.252..4070.252 rows=1 loops=3)
               ->  Nested Loop  (cost=135386.97..223820.33 rows=2 width=32) (actual time=3093.409..4069.561 rows=1192 loops=3)
                     Join Filter: (n.id = an.person_id)
                     ->  Nested Loop  (cost=135386.54..223818.68 rows=1 width=40) (actual time=3091.615..4064.401 rows=877 loops=3)
                           ->  Nested Loop  (cost=135386.12..223816.35 rows=2 width=44) (actual time=3062.592..4046.623 rows=2862 loops=3)
                                 ->  Hash Join  (cost=135385.69..223813.63 rows=1 width=52) (actual time=3007.424..4036.040 rows=710 loops=3)
                                       Hash Cond: (mi.info_type_id = it.id)
                                       ->  Nested Loop  (cost=135383.27..223811.07 rows=52 width=56) (actual time=3007.200..4035.201 rows=710 loops=3)
                                             ->  Nested Loop  (cost=135382.83..221277.71 rows=93 width=48) (actual time=3001.979..3964.173 rows=1116 loops=3)
                                                   ->  Nested Loop  (cost=135382.40..221003.48 rows=193 width=52) (actual time=3001.900..3946.263 rows=1229 loops=3)
                                                         ->  Hash Join  (cost=135381.97..195421.31 rows=16716 width=33) (actual time=2998.871..3588.559 rows=56136 loops=3)
                                                               Hash Cond: (t.id = ci.movie_id)
                                                               ->  Parallel Seq Scan on title t  (cost=0.00..49166.29 rows=575821 width=21) (actual time=0.058..279.401 rows=460484 loops=3)
                                                                     Filter: (production_year > 2000)
                                                                     Rows Removed by Filter: 382286
                                                               ->  Hash  (cost=134105.54..134105.54 rows=73395 width=12) (actual time=2996.138..2996.138 rows=276166 loops=3)
                                                                     Buckets: 131072 (originally 131072)  Batches: 4 (originally 2)  Memory Usage: 3984kB
                                                                     ->  Nested Loop  (cost=0.56..134105.54 rows=73395 width=12) (actual time=0.282..2882.366 rows=276166 loops=3)
                                                                           ->  Seq Scan on role_type rt  (cost=0.00..1.15 rows=1 width=4) (actual time=0.031..0.036 rows=1 loops=3)
                                                                                 Filter: ((role)::text = 'actress'::text)
                                                                                 Rows Removed by Filter: 11
                                                                           ->  Index Scan using role_id_cast_info on cast_info ci  (cost=0.56..133303.71 rows=80067 width=16) (actual time=0.248..2844.134 rows=276166 loops=3)
                                                                                 Index Cond: (role_id = rt.id)
                                                                                 Filter: ((note)::text = ANY ('{(voice),"(voice: Japanese version)","(voice) (uncredited)","(voice: English version)"}'::text[]))
                                                                                 Rows Removed by Filter: 7175807
                                                         ->  Index Scan using name_pkey on name n  (cost=0.43..1.53 rows=1 width=19) (actual time=0.006..0.006 rows=0 loops=168407)
                                                               Index Cond: (id = ci.person_id)
                                                               Filter: (((name)::text ~~ '%An%'::text) AND ((gender)::text = 'f'::text))
                                                               Rows Removed by Filter: 1
                                                   ->  Index Only Scan using char_name_pkey on char_name chn  (cost=0.43..1.42 rows=1 width=4) (actual time=0.014..0.014 rows=1 loops=3686)
                                                         Index Cond: (id = ci.person_role_id)
                                                         Heap Fetches: 3349
                                             ->  Index Scan using movie_id_movie_info on movie_info mi  (cost=0.43..27.22 rows=2 width=8) (actual time=0.044..0.063 rows=1 loops=3349)
                                                   Index Cond: (movie_id = t.id)
                                                   Filter: ((info IS NOT NULL) AND (((info)::text ~~ 'Japan:%200%'::text) OR ((info)::text ~~ 'USA:%200%'::text)))
                                                   Rows Removed by Filter: 15
                                       ->  Hash  (cost=2.41..2.41 rows=1 width=4) (actual time=0.081..0.081 rows=1 loops=3)
                                             Buckets: 1024  Batches: 1  Memory Usage: 9kB
                                             ->  Seq Scan on info_type it  (cost=0.00..2.41 rows=1 width=4) (actual time=0.048..0.058 rows=1 loops=3)
                                                   Filter: ((info)::text = 'release dates'::text)
                                                   Rows Removed by Filter: 112
                                 ->  Index Scan using movie_id_movie_companies on movie_companies mc  (cost=0.43..2.67 rows=5 width=8) (actual time=0.010..0.013 rows=4 loops=2129)
                                       Index Cond: (movie_id = t.id)
                           ->  Index Scan using company_name_pkey on company_name cn  (cost=0.42..1.16 rows=1 width=4) (actual time=0.006..0.006 rows=0 loops=8585)
                                 Index Cond: (id = mc.company_id)
                                 Filter: ((country_code)::text = '[us]'::text)
                                 Rows Removed by Filter: 1
                     ->  Index Only Scan using person_id_aka_name on aka_name an  (cost=0.42..1.63 rows=2 width=4) (actual time=0.004..0.005 rows=1 loops=2632)
                           Index Cond: (person_id = ci.person_id)
                           Heap Fetches: 3575
 Planning Time: 49.062 ms
 Execution Time: 4086.721 ms
(56 rows)

SET
                                                                                                           QUERY PLAN                                                                                                           
--------------------------------------------------------------------------------------------------------------------------------------------------------------------------------------------------------------------------------
 Finalize Aggregate  (cost=281048.09..281048.10 rows=1 width=64) (actual time=13434.582..13434.582 rows=1 loops=1)
   ->  Gather  (cost=281047.87..281048.08 rows=2 width=64) (actual time=13434.552..13434.756 rows=3 loops=1)
         Workers Planned: 2
         Workers Launched: 2
         ->  Partial Aggregate  (cost=280047.87..280047.88 rows=1 width=64) (actual time=12380.888..12380.888 rows=1 loops=3)
               ->  Nested Loop  (cost=135386.97..280042.47 rows=1080 width=32) (actual time=2876.594..12189.991 rows=586882 loops=3)
                     ->  Nested Loop  (cost=135386.54..279269.61 rows=470 width=40) (actual time=2875.275..11112.725 rows=262348 loops=3)
                           ->  Nested Loop  (cost=135386.12..277763.14 rows=1294 width=44) (actual time=2875.225..7092.340 rows=1076352 loops=3)
                                 Join Filter: (t.id = mc.movie_id)
                                 ->  Hash Join  (cost=135385.69..277101.59 rows=247 width=52) (actual time=2874.706..6015.428 rows=113945 loops=3)
                                       Hash Cond: (mi.info_type_id = it.id)
                                       ->  Nested Loop  (cost=135383.27..277023.18 rows=27899 width=56) (actual time=2874.480..5901.396 rows=540998 loops=3)
                                             ->  Nested Loop  (cost=135382.83..226386.57 rows=1846 width=48) (actual time=2874.392..4795.240 rows=53102 loops=3)
                                                   ->  Nested Loop  (cost=135382.40..220961.69 rows=3818 width=52) (actual time=2874.285..4105.181 rows=56088 loops=3)
                                                         ->  Hash Join  (cost=135381.97..195421.31 rows=16716 width=33) (actual time=2874.175..3520.835 rows=56136 loops=3)
                                                               Hash Cond: (t.id = ci.movie_id)
                                                               ->  Parallel Seq Scan on title t  (cost=0.00..49166.29 rows=575821 width=21) (actual time=0.043..287.616 rows=460484 loops=3)
                                                                     Filter: (production_year > 2000)
                                                                     Rows Removed by Filter: 382286
                                                               ->  Hash  (cost=134105.54..134105.54 rows=73395 width=12) (actual time=2871.577..2871.577 rows=276166 loops=3)
                                                                     Buckets: 131072 (originally 131072)  Batches: 4 (originally 2)  Memory Usage: 3984kB
                                                                     ->  Nested Loop  (cost=0.56..134105.54 rows=73395 width=12) (actual time=0.292..2760.439 rows=276166 loops=3)
                                                                           ->  Seq Scan on role_type rt  (cost=0.00..1.15 rows=1 width=4) (actual time=0.034..0.039 rows=1 loops=3)
                                                                                 Filter: ((role)::text = 'actress'::text)
                                                                                 Rows Removed by Filter: 11
                                                                           ->  Index Scan using role_id_cast_info on cast_info ci  (cost=0.56..133303.71 rows=80067 width=16) (actual time=0.251..2722.802 rows=276166 loops=3)
                                                                                 Index Cond: (role_id = rt.id)
                                                                                 Filter: ((note)::text = ANY ('{(voice),"(voice: Japanese version)","(voice) (uncredited)","(voice: English version)"}'::text[]))
                                                                                 Rows Removed by Filter: 7175807
                                                         ->  Index Scan using name_pkey on name n  (cost=0.43..1.53 rows=1 width=19) (actual time=0.010..0.010 rows=1 loops=168407)
                                                               Index Cond: (id = ci.person_id)
                                                               Filter: ((gender)::text = 'f'::text)
                                                               Rows Removed by Filter: 0
                                                   ->  Index Only Scan using char_name_pkey on char_name chn  (cost=0.43..1.42 rows=1 width=4) (actual time=0.011..0.011 rows=1 loops=168264)
                                                         Index Cond: (id = ci.person_role_id)
                                                         Heap Fetches: 159307
                                             ->  Index Scan using movie_id_movie_info on movie_info mi  (cost=0.43..27.01 rows=42 width=8) (actual time=0.007..0.018 rows=10 loops=159307)
                                                   Index Cond: (movie_id = t.id)
                                       ->  Hash  (cost=2.41..2.41 rows=1 width=4) (actual time=0.081..0.081 rows=1 loops=3)
                                             Buckets: 1024  Batches: 1  Memory Usage: 9kB
                                             ->  Seq Scan on info_type it  (cost=0.00..2.41 rows=1 width=4) (actual time=0.051..0.062 rows=1 loops=3)
                                                   Filter: ((info)::text = 'release dates'::text)
                                                   Rows Removed by Filter: 112
                                 ->  Index Scan using movie_id_movie_companies on movie_companies mc  (cost=0.43..2.62 rows=5 width=8) (actual time=0.004..0.006 rows=9 loops=341836)
                                       Index Cond: (movie_id = mi.movie_id)
                           ->  Index Scan using company_name_pkey on company_name cn  (cost=0.42..1.16 rows=1 width=4) (actual time=0.003..0.003 rows=0 loops=3229056)
                                 Index Cond: (id = mc.company_id)
                                 Filter: ((country_code)::text = '[us]'::text)
                                 Rows Removed by Filter: 1
                     ->  Index Only Scan using person_id_aka_name on aka_name an  (cost=0.42..1.62 rows=2 width=4) (actual time=0.003..0.004 rows=2 loops=787043)
                           Index Cond: (person_id = n.id)
                           Heap Fetches: 1760645
 Planning Time: 51.903 ms
 Execution Time: 13435.955 ms
(54 rows)

SET
                                                                                                 QUERY PLAN                                                                                                 
------------------------------------------------------------------------------------------------------------------------------------------------------------------------------------------------------------
 Finalize Aggregate  (cost=19541.81..19541.82 rows=1 width=68) (actual time=160.809..160.809 rows=1 loops=1)
   ->  Gather  (cost=19541.58..19541.79 rows=2 width=68) (actual time=152.385..162.370 rows=3 loops=1)
         Workers Planned: 2
         Workers Launched: 2
         ->  Partial Aggregate  (cost=18541.58..18541.59 rows=1 width=68) (actual time=145.168..145.169 rows=1 loops=3)
               ->  Nested Loop  (cost=4.35..18541.23 rows=47 width=45) (actual time=136.034..145.082 rows=47 loops=3)
                     Join Filter: (mc.movie_id = t.id)
                     ->  Hash Join  (cost=3.92..18513.76 rows=47 width=32) (actual time=135.966..143.535 rows=47 loops=3)
                           Hash Cond: (mc.company_type_id = ct.id)
                           ->  Nested Loop  (cost=2.86..18511.69 rows=187 width=36) (actual time=135.729..143.256 rows=49 loops=3)
                                 ->  Hash Join  (cost=2.43..15253.60 rows=5089 width=4) (actual time=135.600..135.701 rows=83 loops=3)
                                       Hash Cond: (mi_idx.info_type_id = it.id)
                                       ->  Parallel Seq Scan on movie_info_idx mi_idx  (cost=0.00..13685.15 rows=575015 width=8) (actual time=0.032..79.698 rows=460012 loops=3)
                                       ->  Hash  (cost=2.41..2.41 rows=1 width=4) (actual time=0.053..0.054 rows=1 loops=3)
                                             Buckets: 1024  Batches: 1  Memory Usage: 9kB
                                             ->  Seq Scan on info_type it  (cost=0.00..2.41 rows=1 width=4) (actual time=0.042..0.044 rows=1 loops=3)
                                                   Filter: ((info)::text = 'top 250 rank'::text)
                                                   Rows Removed by Filter: 112
                                 ->  Index Scan using movie_id_movie_companies on movie_companies mc  (cost=0.43..0.63 rows=1 width=32) (actual time=0.088..0.089 rows=1 loops=250)
                                       Index Cond: (movie_id = mi_idx.movie_id)
                                       Filter: (((note)::text !~~ '%(as Metro-Goldwyn-Mayer Pictures)%'::text) AND (((note)::text ~~ '%(co-production)%'::text) OR ((note)::text ~~ '%(presents)%'::text)))
                                       Rows Removed by Filter: 33
                           ->  Hash  (cost=1.05..1.05 rows=1 width=4) (actual time=0.086..0.086 rows=1 loops=3)
                                 Buckets: 1024  Batches: 1  Memory Usage: 9kB
                                 ->  Seq Scan on company_type ct  (cost=0.00..1.05 rows=1 width=4) (actual time=0.044..0.046 rows=1 loops=3)
                                       Filter: ((kind)::text = 'production companies'::text)
                                       Rows Removed by Filter: 3
                     ->  Index Scan using title_pkey on title t  (cost=0.43..0.57 rows=1 width=25) (actual time=0.031..0.031 rows=1 loops=142)
                           Index Cond: (id = mi_idx.movie_id)
 Planning Time: 5.023 ms
 Execution Time: 162.828 ms
(31 rows)

SET
                                                                                   QUERY PLAN                                                                                    
---------------------------------------------------------------------------------------------------------------------------------------------------------------------------------
 Finalize Aggregate  (cost=20151.20..20151.21 rows=1 width=68) (actual time=144.722..144.723 rows=1 loops=1)
   ->  Gather  (cost=20150.97..20151.18 rows=2 width=68) (actual time=143.400..146.008 rows=3 loops=1)
         Workers Planned: 2
         Workers Launched: 2
         ->  Partial Aggregate  (cost=19150.97..19150.98 rows=1 width=68) (actual time=136.982..136.982 rows=1 loops=3)
               ->  Hash Join  (cost=4.35..19143.68 rows=972 width=45) (actual time=136.974..136.976 rows=1 loops=3)
                     Hash Cond: (mc.company_type_id = ct.id)
                     ->  Nested Loop  (cost=3.29..19121.60 rows=3890 width=49) (actual time=136.551..136.733 rows=22 loops=3)
                           Join Filter: (t.id = mc.movie_id)
                           ->  Nested Loop  (cost=2.86..18189.65 rows=1450 width=29) (actual time=136.501..136.568 rows=1 loops=3)
                                 ->  Hash Join  (cost=2.43..15253.60 rows=5089 width=4) (actual time=136.339..136.344 rows=3 loops=3)
                                       Hash Cond: (mi_idx.info_type_id = it.id)
                                       ->  Parallel Seq Scan on movie_info_idx mi_idx  (cost=0.00..13685.15 rows=575015 width=8) (actual time=0.046..80.405 rows=460012 loops=3)
                                       ->  Hash  (cost=2.41..2.41 rows=1 width=4) (actual time=0.048..0.049 rows=1 loops=3)
                                             Buckets: 1024  Batches: 1  Memory Usage: 9kB
                                             ->  Seq Scan on info_type it  (cost=0.00..2.41 rows=1 width=4) (actual time=0.038..0.039 rows=1 loops=3)
                                                   Filter: ((info)::text = 'bottom 10 rank'::text)
                                                   Rows Removed by Filter: 112
                                 ->  Index Scan using title_pkey on title t  (cost=0.43..0.58 rows=1 width=25) (actual time=0.066..0.066 rows=0 loops=10)
                                       Index Cond: (id = mi_idx.movie_id)
                                       Filter: ((production_year >= 2005) AND (production_year <= 2010))
                                       Rows Removed by Filter: 1
                           ->  Index Scan using movie_id_movie_companies on movie_companies mc  (cost=0.43..0.61 rows=3 width=32) (actual time=0.092..0.119 rows=16 loops=4)
                                 Index Cond: (movie_id = mi_idx.movie_id)
                                 Filter: ((note)::text !~~ '%(as Metro-Goldwyn-Mayer Pictures)%'::text)
                                 Rows Removed by Filter: 2
                     ->  Hash  (cost=1.05..1.05 rows=1 width=4) (actual time=0.063..0.063 rows=1 loops=3)
                           Buckets: 1024  Batches: 1  Memory Usage: 9kB
                           ->  Seq Scan on company_type ct  (cost=0.00..1.05 rows=1 width=4) (actual time=0.042..0.044 rows=1 loops=3)
                                 Filter: ((kind)::text = 'production companies'::text)
                                 Rows Removed by Filter: 3
 Planning Time: 3.929 ms
 Execution Time: 146.603 ms
(33 rows)

SET
                                                                                     QUERY PLAN                                                                                     
------------------------------------------------------------------------------------------------------------------------------------------------------------------------------------
 Finalize Aggregate  (cost=19470.70..19470.71 rows=1 width=68) (actual time=150.816..150.816 rows=1 loops=1)
   ->  Gather  (cost=19470.48..19470.69 rows=2 width=68) (actual time=150.807..150.951 rows=3 loops=1)
         Workers Planned: 2
         Workers Launched: 2
         ->  Partial Aggregate  (cost=18470.48..18470.49 rows=1 width=68) (actual time=140.019..140.019 rows=1 loops=3)
               ->  Nested Loop  (cost=4.35..18470.44 rows=5 width=45) (actual time=138.461..140.013 rows=1 loops=3)
                     Join Filter: (mc.movie_id = t.id)
                     ->  Hash Join  (cost=3.92..18449.90 rows=35 width=32) (actual time=136.729..139.899 rows=8 loops=3)
                           Hash Cond: (mc.company_type_id = ct.id)
                           ->  Nested Loop  (cost=2.86..18448.07 rows=141 width=36) (actual time=136.501..139.667 rows=8 loops=3)
                                 ->  Hash Join  (cost=2.43..15253.60 rows=5089 width=4) (actual time=135.177..135.276 rows=83 loops=3)
                                       Hash Cond: (mi_idx.info_type_id = it.id)
                                       ->  Parallel Seq Scan on movie_info_idx mi_idx  (cost=0.00..13685.15 rows=575015 width=8) (actual time=0.040..79.181 rows=460012 loops=3)
                                       ->  Hash  (cost=2.41..2.41 rows=1 width=4) (actual time=0.047..0.048 rows=1 loops=3)
                                             Buckets: 1024  Batches: 1  Memory Usage: 9kB
                                             ->  Seq Scan on info_type it  (cost=0.00..2.41 rows=1 width=4) (actual time=0.036..0.038 rows=1 loops=3)
                                                   Filter: ((info)::text = 'top 250 rank'::text)
                                                   Rows Removed by Filter: 112
                                 ->  Index Scan using movie_id_movie_companies on movie_companies mc  (cost=0.43..0.62 rows=1 width=32) (actual time=0.052..0.052 rows=0 loops=250)
                                       Index Cond: (movie_id = mi_idx.movie_id)
                                       Filter: (((note)::text !~~ '%(as Metro-Goldwyn-Mayer Pictures)%'::text) AND ((note)::text ~~ '%(co-production)%'::text))
                                       Rows Removed by Filter: 33
                           ->  Hash  (cost=1.05..1.05 rows=1 width=4) (actual time=0.059..0.060 rows=1 loops=3)
                                 Buckets: 1024  Batches: 1  Memory Usage: 9kB
                                 ->  Seq Scan on company_type ct  (cost=0.00..1.05 rows=1 width=4) (actual time=0.040..0.041 rows=1 loops=3)
                                       Filter: ((kind)::text = 'production companies'::text)
                                       Rows Removed by Filter: 3
                     ->  Index Scan using title_pkey on title t  (cost=0.43..0.57 rows=1 width=25) (actual time=0.013..0.013 rows=0 loops=23)
                           Index Cond: (id = mi_idx.movie_id)
                           Filter: (production_year > 2010)
                           Rows Removed by Filter: 1
 Planning Time: 3.908 ms
 Execution Time: 151.460 ms
(33 rows)

SET
                                                                                   QUERY PLAN                                                                                    
---------------------------------------------------------------------------------------------------------------------------------------------------------------------------------
 Finalize Aggregate  (cost=20999.43..20999.44 rows=1 width=68) (actual time=143.553..143.553 rows=1 loops=1)
   ->  Gather  (cost=20999.20..20999.41 rows=2 width=68) (actual time=142.582..145.012 rows=3 loops=1)
         Workers Planned: 2
         Workers Launched: 2
         ->  Partial Aggregate  (cost=19999.20..19999.21 rows=1 width=68) (actual time=136.129..136.129 rows=1 loops=3)
               ->  Hash Join  (cost=4.35..19985.21 rows=1865 width=45) (actual time=136.091..136.122 rows=1 loops=3)
                     Hash Cond: (mc.company_type_id = ct.id)
                     ->  Nested Loop  (cost=3.29..19943.82 rows=7460 width=49) (actual time=135.735..135.919 rows=26 loops=3)
                           ->  Nested Loop  (cost=2.86..18176.93 rows=2782 width=29) (actual time=135.685..135.766 rows=2 loops=3)
                                 ->  Hash Join  (cost=2.43..15253.60 rows=5089 width=4) (actual time=135.645..135.649 rows=3 loops=3)
                                       Hash Cond: (mi_idx.info_type_id = it.id)
                                       ->  Parallel Seq Scan on movie_info_idx mi_idx  (cost=0.00..13685.15 rows=575015 width=8) (actual time=0.046..79.719 rows=460012 loops=3)
                                       ->  Hash  (cost=2.41..2.41 rows=1 width=4) (actual time=0.053..0.054 rows=1 loops=3)
                                             Buckets: 1024  Batches: 1  Memory Usage: 9kB
                                             ->  Seq Scan on info_type it  (cost=0.00..2.41 rows=1 width=4) (actual time=0.043..0.044 rows=1 loops=3)
                                                   Filter: ((info)::text = 'bottom 10 rank'::text)
                                                   Rows Removed by Filter: 112
                                 ->  Index Scan using title_pkey on title t  (cost=0.43..0.57 rows=1 width=25) (actual time=0.034..0.034 rows=1 loops=10)
                                       Index Cond: (id = mi_idx.movie_id)
                                       Filter: (production_year > 2000)
                                       Rows Removed by Filter: 0
                           ->  Index Scan using movie_id_movie_companies on movie_companies mc  (cost=0.43..0.61 rows=3 width=32) (actual time=0.056..0.073 rows=13 loops=6)
                                 Index Cond: (movie_id = t.id)
                                 Filter: ((note)::text !~~ '%(as Metro-Goldwyn-Mayer Pictures)%'::text)
                                 Rows Removed by Filter: 2
                     ->  Hash  (cost=1.05..1.05 rows=1 width=4) (actual time=0.059..0.059 rows=1 loops=3)
                           Buckets: 1024  Batches: 1  Memory Usage: 9kB
                           ->  Seq Scan on company_type ct  (cost=0.00..1.05 rows=1 width=4) (actual time=0.040..0.041 rows=1 loops=3)
                                 Filter: ((kind)::text = 'production companies'::text)
                                 Rows Removed by Filter: 3
 Planning Time: 3.907 ms
 Execution Time: 145.468 ms
(32 rows)

SET
                                                                                             QUERY PLAN                                                                                             
----------------------------------------------------------------------------------------------------------------------------------------------------------------------------------------------------
 Aggregate  (cost=12310.68..12310.69 rows=1 width=32) (actual time=12365.700..12365.700 rows=1 loops=1)
   ->  Nested Loop  (cost=9.03..12310.67 rows=1 width=17) (actual time=122.930..12365.572 rows=33 loops=1)
         ->  Nested Loop  (cost=8.60..12310.22 rows=1 width=21) (actual time=122.869..12364.551 rows=33 loops=1)
               ->  Nested Loop  (cost=8.17..12305.16 rows=11 width=25) (actual time=13.254..7450.928 rows=532809 loops=1)
                     Join Filter: (t.id = ci.movie_id)
                     ->  Nested Loop  (cost=7.61..12299.20 rows=3 width=29) (actual time=13.176..1569.607 rows=6016 loops=1)
                           Join Filter: (t.kind_id = kt.id)
                           Rows Removed by Join Filter: 1347
                           ->  Seq Scan on kind_type kt  (cost=0.00..1.09 rows=1 width=4) (actual time=0.048..0.050 rows=1 loops=1)
                                 Filter: ((kind)::text = 'movie'::text)
                                 Rows Removed by Filter: 6
                           ->  Nested Loop  (cost=7.61..12297.85 rows=21 width=33) (actual time=2.210..1566.731 rows=7363 loops=1)
                                 ->  Nested Loop  (cost=7.18..12286.63 rows=23 width=8) (actual time=2.151..1378.984 rows=8765 loops=1)
                                       Join Filter: (cc.status_id = cct2.id)
                                       Rows Removed by Join Filter: 8765
                                       ->  Seq Scan on comp_cast_type cct2  (cost=0.00..1.05 rows=1 width=4) (actual time=0.028..0.030 rows=2 loops=1)
                                             Filter: ((kind)::text ~~ '%complete%'::text)
                                             Rows Removed by Filter: 2
                                       ->  Nested Loop  (cost=7.18..12284.40 rows=94 width=12) (actual time=1.670..687.647 rows=8765 loops=2)
                                             Join Filter: (cc.subject_id = cct1.id)
                                             Rows Removed by Join Filter: 4045
                                             ->  Seq Scan on comp_cast_type cct1  (cost=0.00..1.05 rows=1 width=4) (actual time=0.005..0.007 rows=1 loops=2)
                                                   Filter: ((kind)::text = 'cast'::text)
                                                   Rows Removed by Filter: 3
                                             ->  Nested Loop  (cost=7.18..12278.66 rows=375 width=16) (actual time=1.660..683.455 rows=12810 loops=2)
                                                   ->  Nested Loop  (cost=6.76..12150.15 rows=270 width=4) (actual time=0.940..475.293 rows=35548 loops=2)
                                                         ->  Seq Scan on keyword k  (cost=0.00..3632.40 rows=8 width=4) (actual time=0.178..50.335 rows=8 loops=2)
                                                               Filter: ((keyword)::text = ANY ('{superhero,sequel,second-part,marvel-comics,based-on-comic,tv-special,fight,violence}'::text[]))
                                                               Rows Removed by Filter: 134162
                                                         ->  Bitmap Heap Scan on movie_keyword mk  (cost=6.76..1061.72 rows=300 width=8) (actual time=1.581..51.326 rows=4444 loops=16)
                                                               Recheck Cond: (keyword_id = k.id)
                                                               Heap Blocks: exact=46976
                                                               ->  Bitmap Index Scan on keyword_id_movie_keyword  (cost=0.00..6.68 rows=300 width=0) (actual time=1.161..1.161 rows=4444 loops=16)
                                                                     Index Cond: (keyword_id = k.id)
                                                   ->  Index Scan using movie_id_complete_cast on complete_cast cc  (cost=0.42..0.46 rows=2 width=12) (actual time=0.004..0.005 rows=0 loops=71096)
                                                         Index Cond: (movie_id = mk.movie_id)
                                 ->  Index Scan using title_pkey on title t  (cost=0.43..0.49 rows=1 width=25) (actual time=0.020..0.020 rows=1 loops=8765)
                                       Index Cond: (id = mk.movie_id)
                                       Filter: (production_year > 1950)
                                       Rows Removed by Filter: 0
                     ->  Index Scan using movie_id_cast_info on cast_info ci  (cost=0.56..1.52 rows=37 width=12) (actual time=0.029..0.912 rows=89 loops=6016)
                           Index Cond: (movie_id = mk.movie_id)
               ->  Index Scan using char_name_pkey on char_name chn  (cost=0.43..0.46 rows=1 width=4) (actual time=0.008..0.008 rows=0 loops=532809)
                     Index Cond: (id = ci.person_role_id)
                     Filter: (((name)::text !~~ '%Sherlock%'::text) AND (((name)::text ~~ '%Tony%Stark%'::text) OR ((name)::text ~~ '%Iron%Man%'::text)))
                     Rows Removed by Filter: 0
         ->  Index Only Scan using name_pkey on name n  (cost=0.43..0.45 rows=1 width=4) (actual time=0.029..0.029 rows=1 loops=33)
               Index Cond: (id = ci.person_id)
               Heap Fetches: 33
 Planning Time: 32.911 ms
 Execution Time: 12366.321 ms
(51 rows)

SET
                                                                                            QUERY PLAN                                                                                             
---------------------------------------------------------------------------------------------------------------------------------------------------------------------------------------------------
 Aggregate  (cost=12305.07..12305.08 rows=1 width=32) (actual time=9362.048..9362.048 rows=1 loops=1)
   ->  Nested Loop  (cost=9.03..12305.06 rows=1 width=17) (actual time=147.540..9361.953 rows=17 loops=1)
         ->  Nested Loop  (cost=8.60..12304.60 rows=1 width=21) (actual time=147.509..9360.967 rows=27 loops=1)
               ->  Nested Loop  (cost=8.17..12301.40 rows=7 width=25) (actual time=19.323..4845.371 rows=222518 loops=1)
                     Join Filter: (t.id = ci.movie_id)
                     ->  Nested Loop  (cost=7.61..12297.43 rows=2 width=29) (actual time=19.251..2257.832 rows=1472 loops=1)
                           Join Filter: (cc.status_id = cct2.id)
                           Rows Removed by Join Filter: 1472
                           ->  Seq Scan on comp_cast_type cct2  (cost=0.00..1.05 rows=1 width=4) (actual time=0.046..0.048 rows=2 loops=1)
                                 Filter: ((kind)::text ~~ '%complete%'::text)
                                 Rows Removed by Filter: 2
                           ->  Nested Loop  (cost=7.61..12296.29 rows=7 width=33) (actual time=16.105..1128.531 rows=1472 loops=2)
                                 Join Filter: (cc.subject_id = cct1.id)
                                 Rows Removed by Join Filter: 243
                                 ->  Seq Scan on comp_cast_type cct1  (cost=0.00..1.05 rows=1 width=4) (actual time=0.006..0.007 rows=1 loops=2)
                                       Filter: ((kind)::text = 'cast'::text)
                                       Rows Removed by Filter: 3
                                 ->  Nested Loop  (cost=7.61..12294.88 rows=29 width=37) (actual time=16.094..1127.841 rows=1715 loops=2)
                                       ->  Nested Loop  (cost=7.19..12284.84 rows=21 width=25) (actual time=15.852..1077.750 rows=6043 loops=2)
                                             Join Filter: (t.kind_id = kt.id)
                                             Rows Removed by Join Filter: 8122
                                             ->  Seq Scan on kind_type kt  (cost=0.00..1.09 rows=1 width=4) (actual time=0.006..0.008 rows=1 loops=2)
                                                   Filter: ((kind)::text = 'movie'::text)
                                                   Rows Removed by Filter: 6
                                             ->  Nested Loop  (cost=7.19..12281.90 rows=148 width=29) (actual time=0.908..1073.308 rows=14165 loops=2)
                                                   ->  Nested Loop  (cost=6.76..12150.15 rows=270 width=4) (actual time=0.871..475.432 rows=35548 loops=2)
                                                         ->  Seq Scan on keyword k  (cost=0.00..3632.40 rows=8 width=4) (actual time=0.173..48.981 rows=8 loops=2)
                                                               Filter: ((keyword)::text = ANY ('{superhero,sequel,second-part,marvel-comics,based-on-comic,tv-special,fight,violence}'::text[]))
                                                               Rows Removed by Filter: 134162
                                                         ->  Bitmap Heap Scan on movie_keyword mk  (cost=6.76..1061.72 rows=300 width=8) (actual time=1.567..51.308 rows=4444 loops=16)
                                                               Recheck Cond: (keyword_id = k.id)
                                                               Heap Blocks: exact=46976
                                                               ->  Bitmap Index Scan on keyword_id_movie_keyword  (cost=0.00..6.68 rows=300 width=0) (actual time=1.150..1.150 rows=4444 loops=16)
                                                                     Index Cond: (keyword_id = k.id)
                                                   ->  Index Scan using title_pkey on title t  (cost=0.43..0.49 rows=1 width=25) (actual time=0.016..0.016 rows=0 loops=71096)
                                                         Index Cond: (id = mk.movie_id)
                                                         Filter: (production_year > 2000)
                                                         Rows Removed by Filter: 1
                                       ->  Index Scan using movie_id_complete_cast on complete_cast cc  (cost=0.42..0.46 rows=2 width=12) (actual time=0.007..0.007 rows=0 loops=12086)
                                             Index Cond: (movie_id = t.id)
                     ->  Index Scan using movie_id_cast_info on cast_info ci  (cost=0.56..1.52 rows=37 width=12) (actual time=0.034..1.639 rows=151 loops=1472)
                           Index Cond: (movie_id = mk.movie_id)
               ->  Index Scan using name_pkey on name n  (cost=0.43..0.46 rows=1 width=4) (actual time=0.019..0.019 rows=0 loops=222518)
                     Index Cond: (id = ci.person_id)
                     Filter: ((name)::text ~~ '%Downey%Robert%'::text)
                     Rows Removed by Filter: 1
         ->  Index Scan using char_name_pkey on char_name chn  (cost=0.43..0.46 rows=1 width=4) (actual time=0.035..0.035 rows=1 loops=27)
               Index Cond: (id = ci.person_role_id)
               Filter: (((name)::text !~~ '%Sherlock%'::text) AND (((name)::text ~~ '%Tony%Stark%'::text) OR ((name)::text ~~ '%Iron%Man%'::text)))
               Rows Removed by Filter: 0
 Planning Time: 33.626 ms
 Execution Time: 9362.720 ms
(52 rows)

SET
                                                                                             QUERY PLAN                                                                                             
----------------------------------------------------------------------------------------------------------------------------------------------------------------------------------------------------
 Aggregate  (cost=14700.60..14700.61 rows=1 width=64) (actual time=5319.986..5319.986 rows=1 loops=1)
   ->  Nested Loop  (cost=9.03..14700.60 rows=1 width=32) (actual time=19.531..5313.247 rows=5406 loops=1)
         ->  Nested Loop  (cost=8.60..14700.14 rows=1 width=21) (actual time=19.450..5172.513 rows=5406 loops=1)
               ->  Nested Loop  (cost=8.17..14696.48 rows=8 width=25) (actual time=18.717..3653.365 rows=189844 loops=1)
                     Join Filter: (t.id = ci.movie_id)
                     ->  Nested Loop  (cost=7.61..14692.51 rows=2 width=29) (actual time=18.620..1647.244 rows=1267 loops=1)
                           Join Filter: (cc.status_id = cct2.id)
                           Rows Removed by Join Filter: 1267
                           ->  Seq Scan on comp_cast_type cct2  (cost=0.00..1.05 rows=1 width=4) (actual time=0.038..0.040 rows=2 loops=1)
                                 Filter: ((kind)::text ~~ '%complete%'::text)
                                 Rows Removed by Filter: 2
                           ->  Nested Loop  (cost=7.61..14691.35 rows=9 width=33) (actual time=15.723..823.286 rows=1267 loops=2)
                                 Join Filter: (cc.subject_id = cct1.id)
                                 Rows Removed by Join Filter: 218
                                 ->  Seq Scan on comp_cast_type cct1  (cost=0.00..1.05 rows=1 width=4) (actual time=0.010..0.012 rows=1 loops=2)
                                       Filter: ((kind)::text = 'cast'::text)
                                       Rows Removed by Filter: 3
                                 ->  Nested Loop  (cost=7.61..14689.84 rows=37 width=37) (actual time=15.708..822.738 rows=1485 loops=2)
                                       ->  Nested Loop  (cost=7.19..14677.40 rows=26 width=25) (actual time=15.484..782.543 rows=5032 loops=2)
                                             Join Filter: (t.kind_id = kt.id)
                                             Rows Removed by Join Filter: 5581
                                             ->  Seq Scan on kind_type kt  (cost=0.00..1.09 rows=1 width=4) (actual time=0.005..0.009 rows=1 loops=2)
                                                   Filter: ((kind)::text = 'movie'::text)
                                                   Rows Removed by Filter: 6
                                             ->  Nested Loop  (cost=7.19..14674.02 rows=184 width=29) (actual time=0.950..778.988 rows=10613 loops=2)
                                                   ->  Nested Loop  (cost=6.76..14509.57 rows=337 width=4) (actual time=0.911..361.411 rows=24091 loops=2)
                                                         ->  Seq Scan on keyword k  (cost=0.00..3967.82 rows=10 width=4) (actual time=0.189..53.666 rows=10 loops=2)
                                                               Filter: ((keyword)::text = ANY ('{superhero,marvel-comics,based-on-comic,tv-special,fight,violence,magnet,web,claw,laser}'::text[]))
                                                               Rows Removed by Filter: 134160
                                                         ->  Bitmap Heap Scan on movie_keyword mk  (cost=6.76..1051.17 rows=300 width=8) (actual time=0.981..29.647 rows=2409 loops=20)
                                                               Recheck Cond: (keyword_id = k.id)
                                                               Heap Blocks: exact=34254
                                                               ->  Bitmap Index Scan on keyword_id_movie_keyword  (cost=0.00..6.68 rows=300 width=0) (actual time=0.729..0.729 rows=2409 loops=20)
                                                                     Index Cond: (keyword_id = k.id)
                                                   ->  Index Scan using title_pkey on title t  (cost=0.43..0.49 rows=1 width=25) (actual time=0.016..0.016 rows=0 loops=48182)
                                                         Index Cond: (id = mk.movie_id)
                                                         Filter: (production_year > 2000)
                                                         Rows Removed by Filter: 1
                                       ->  Index Scan using movie_id_complete_cast on complete_cast cc  (cost=0.42..0.46 rows=2 width=12) (actual time=0.006..0.007 rows=0 loops=10064)
                                             Index Cond: (movie_id = t.id)
                     ->  Index Scan using movie_id_cast_info on cast_info ci  (cost=0.56..1.52 rows=37 width=12) (actual time=0.032..1.480 rows=150 loops=1267)
                           Index Cond: (movie_id = mk.movie_id)
               ->  Index Scan using char_name_pkey on char_name chn  (cost=0.43..0.46 rows=1 width=4) (actual time=0.007..0.007 rows=0 loops=189844)
                     Index Cond: (id = ci.person_role_id)
                     Filter: ((name IS NOT NULL) AND (((name)::text ~~ '%man%'::text) OR ((name)::text ~~ '%Man%'::text)))
                     Rows Removed by Filter: 0
         ->  Index Scan using name_pkey on name n  (cost=0.43..0.45 rows=1 width=19) (actual time=0.024..0.024 rows=1 loops=5406)
               Index Cond: (id = ci.person_id)
 Planning Time: 33.856 ms
 Execution Time: 5320.644 ms
(50 rows)

SET
                                                                                         QUERY PLAN                                                                                          
---------------------------------------------------------------------------------------------------------------------------------------------------------------------------------------------
 Aggregate  (cost=3756.64..3756.65 rows=1 width=96) (actual time=271.369..271.369 rows=1 loops=1)
   ->  Nested Loop  (cost=8.76..3756.63 rows=1 width=118) (actual time=6.895..269.614 rows=1410 loops=1)
         Join Filter: (ml.movie_id = t.id)
         ->  Nested Loop  (cost=8.33..3756.13 rows=1 width=117) (actual time=6.850..259.785 rows=1816 loops=1)
               Join Filter: (mc.company_type_id = ct.id)
               Rows Removed by Join Filter: 95
               ->  Nested Loop  (cost=8.33..3755.07 rows=1 width=121) (actual time=6.824..244.202 rows=1911 loops=1)
                     ->  Nested Loop  (cost=7.91..3754.61 rows=1 width=106) (actual time=6.769..229.947 rows=4365 loops=1)
                           Join Filter: (ml.movie_id = mc.movie_id)
                           ->  Nested Loop  (cost=7.48..3754.04 rows=1 width=94) (actual time=6.724..224.530 rows=684 loops=1)
                                 Join Filter: (ml.movie_id = mi.movie_id)
                                 ->  Nested Loop  (cost=7.04..3752.25 rows=1 width=90) (actual time=5.463..217.420 rows=199 loops=1)
                                       Join Filter: (ml.link_type_id = lt.id)
                                       Rows Removed by Join Filter: 303
                                       ->  Seq Scan on link_type lt  (cost=0.00..1.23 rows=1 width=86) (actual time=0.035..0.047 rows=2 loops=1)
                                             Filter: ((link)::text ~~ '%follow%'::text)
                                             Rows Removed by Filter: 16
                                       ->  Nested Loop  (cost=7.04..3750.90 rows=10 width=12) (actual time=4.760..108.636 rows=251 loops=2)
                                             ->  Nested Loop  (cost=6.76..3736.45 rows=34 width=4) (actual time=4.749..86.554 rows=10544 loops=2)
                                                   ->  Seq Scan on keyword k  (cost=0.00..2626.12 rows=1 width=4) (actual time=1.255..17.879 rows=1 loops=2)
                                                         Filter: ((keyword)::text = 'sequel'::text)
                                                         Rows Removed by Filter: 134169
                                                   ->  Bitmap Heap Scan on movie_keyword mk  (cost=6.76..1107.32 rows=300 width=8) (actual time=3.443..66.000 rows=10544 loops=2)
                                                         Recheck Cond: (keyword_id = k.id)
                                                         Heap Blocks: exact=11140
                                                         ->  Bitmap Index Scan on keyword_id_movie_keyword  (cost=0.00..6.68 rows=300 width=0) (actual time=2.659..2.659 rows=10544 loops=2)
                                                               Index Cond: (keyword_id = k.id)
                                             ->  Index Scan using movie_id_movie_link on movie_link ml  (cost=0.29..0.38 rows=5 width=8) (actual time=0.002..0.002 rows=0 loops=21088)
                                                   Index Cond: (movie_id = mk.movie_id)
                                 ->  Index Scan using movie_id_movie_info on movie_info mi  (cost=0.43..1.77 rows=1 width=4) (actual time=0.031..0.035 rows=3 loops=199)
                                       Index Cond: (movie_id = mk.movie_id)
                                       Filter: ((info)::text = ANY ('{Sweden,Norway,Germany,Denmark,Swedish,Denish,Norwegian,German}'::text[]))
                                       Rows Removed by Filter: 17
                           ->  Index Scan using movie_id_movie_companies on movie_companies mc  (cost=0.43..0.54 rows=3 width=12) (actual time=0.003..0.006 rows=6 loops=684)
                                 Index Cond: (movie_id = mk.movie_id)
                                 Filter: (note IS NULL)
                                 Rows Removed by Filter: 2
                     ->  Index Scan using company_name_pkey on company_name cn  (cost=0.42..0.46 rows=1 width=23) (actual time=0.003..0.003 rows=0 loops=4365)
                           Index Cond: (id = mc.company_id)
                           Filter: (((country_code)::text <> '[pl]'::text) AND (((name)::text ~~ '%Film%'::text) OR ((name)::text ~~ '%Warner%'::text)))
                           Rows Removed by Filter: 1
               ->  Seq Scan on company_type ct  (cost=0.00..1.05 rows=1 width=4) (actual time=0.002..0.002 rows=1 loops=1911)
                     Filter: ((kind)::text = 'production companies'::text)
                     Rows Removed by Filter: 1
         ->  Index Scan using title_pkey on title t  (cost=0.43..0.49 rows=1 width=21) (actual time=0.004..0.004 rows=1 loops=1816)
               Index Cond: (id = mk.movie_id)
               Filter: ((production_year >= 1950) AND (production_year <= 2000))
               Rows Removed by Filter: 0
 Planning Time: 30.637 ms
 Execution Time: 272.097 ms
(50 rows)

SET
                                                                                         QUERY PLAN                                                                                          
---------------------------------------------------------------------------------------------------------------------------------------------------------------------------------------------
 Aggregate  (cost=3756.33..3756.34 rows=1 width=96) (actual time=127.080..127.080 rows=1 loops=1)
   ->  Nested Loop  (cost=8.76..3756.32 rows=1 width=118) (actual time=6.176..126.998 rows=38 loops=1)
         Join Filter: (ml.movie_id = t.id)
         ->  Nested Loop  (cost=8.33..3755.82 rows=1 width=117) (actual time=5.154..125.220 rows=308 loops=1)
               Join Filter: (mc.company_type_id = ct.id)
               Rows Removed by Join Filter: 19
               ->  Nested Loop  (cost=8.33..3754.75 rows=1 width=121) (actual time=5.142..122.529 rows=327 loops=1)
                     ->  Nested Loop  (cost=7.91..3754.30 rows=1 width=106) (actual time=5.120..119.991 rows=749 loops=1)
                           Join Filter: (ml.movie_id = mc.movie_id)
                           ->  Nested Loop  (cost=7.48..3753.72 rows=1 width=94) (actual time=5.107..119.056 rows=118 loops=1)
                                 Join Filter: (ml.movie_id = mi.movie_id)
                                 ->  Nested Loop  (cost=7.04..3752.25 rows=1 width=90) (actual time=4.645..115.611 rows=199 loops=1)
                                       Join Filter: (ml.link_type_id = lt.id)
                                       Rows Removed by Join Filter: 303
                                       ->  Seq Scan on link_type lt  (cost=0.00..1.23 rows=1 width=86) (actual time=0.025..0.036 rows=2 loops=1)
                                             Filter: ((link)::text ~~ '%follow%'::text)
                                             Rows Removed by Filter: 16
                                       ->  Nested Loop  (cost=7.04..3750.90 rows=10 width=12) (actual time=4.349..57.740 rows=251 loops=2)
                                             ->  Nested Loop  (cost=6.76..3736.45 rows=34 width=4) (actual time=4.334..41.869 rows=10544 loops=2)
                                                   ->  Seq Scan on keyword k  (cost=0.00..2626.12 rows=1 width=4) (actual time=1.018..17.546 rows=1 loops=2)
                                                         Filter: ((keyword)::text = 'sequel'::text)
                                                         Rows Removed by Filter: 134169
                                                   ->  Bitmap Heap Scan on movie_keyword mk  (cost=6.76..1107.32 rows=300 width=8) (actual time=3.269..22.394 rows=10544 loops=2)
                                                         Recheck Cond: (keyword_id = k.id)
                                                         Heap Blocks: exact=11140
                                                         ->  Bitmap Index Scan on keyword_id_movie_keyword  (cost=0.00..6.68 rows=300 width=0) (actual time=2.496..2.496 rows=10544 loops=2)
                                                               Index Cond: (keyword_id = k.id)
                                             ->  Index Scan using movie_id_movie_link on movie_link ml  (cost=0.29..0.38 rows=5 width=8) (actual time=0.001..0.001 rows=0 loops=21088)
                                                   Index Cond: (movie_id = mk.movie_id)
                                 ->  Index Scan using movie_id_movie_info on movie_info mi  (cost=0.43..1.45 rows=1 width=4) (actual time=0.015..0.017 rows=1 loops=199)
                                       Index Cond: (movie_id = mk.movie_id)
                                       Filter: ((info)::text = ANY ('{Germany,German}'::text[]))
                                       Rows Removed by Filter: 20
                           ->  Index Scan using movie_id_movie_companies on movie_companies mc  (cost=0.43..0.54 rows=3 width=12) (actual time=0.003..0.006 rows=6 loops=118)
                                 Index Cond: (movie_id = mk.movie_id)
                                 Filter: (note IS NULL)
                                 Rows Removed by Filter: 2
                     ->  Index Scan using company_name_pkey on company_name cn  (cost=0.42..0.46 rows=1 width=23) (actual time=0.003..0.003 rows=0 loops=749)
                           Index Cond: (id = mc.company_id)
                           Filter: (((country_code)::text <> '[pl]'::text) AND (((name)::text ~~ '%Film%'::text) OR ((name)::text ~~ '%Warner%'::text)))
                           Rows Removed by Filter: 1
               ->  Seq Scan on company_type ct  (cost=0.00..1.05 rows=1 width=4) (actual time=0.003..0.003 rows=1 loops=327)
                     Filter: ((kind)::text = 'production companies'::text)
                     Rows Removed by Filter: 1
         ->  Index Scan using title_pkey on title t  (cost=0.43..0.49 rows=1 width=21) (actual time=0.005..0.005 rows=0 loops=308)
               Index Cond: (id = mk.movie_id)
               Filter: ((production_year >= 2000) AND (production_year <= 2010))
               Rows Removed by Filter: 1
 Planning Time: 28.600 ms
 Execution Time: 127.696 ms
(50 rows)

SET
                                                                                         QUERY PLAN                                                                                          
---------------------------------------------------------------------------------------------------------------------------------------------------------------------------------------------
 Aggregate  (cost=3756.72..3756.73 rows=1 width=96) (actual time=135.550..135.550 rows=1 loops=1)
   ->  Nested Loop  (cost=8.76..3756.71 rows=1 width=118) (actual time=5.777..134.473 rows=1874 loops=1)
         Join Filter: (ml.movie_id = mi.movie_id)
         ->  Nested Loop  (cost=8.32..3754.85 rows=1 width=134) (actual time=5.754..126.712 rows=402 loops=1)
               Join Filter: (mc.company_type_id = ct.id)
               Rows Removed by Join Filter: 20
               ->  Nested Loop  (cost=8.32..3753.79 rows=1 width=138) (actual time=5.743..123.261 rows=422 loops=1)
                     ->  Nested Loop  (cost=7.90..3753.33 rows=1 width=123) (actual time=4.850..118.992 rows=1021 loops=1)
                           Join Filter: (ml.movie_id = mc.movie_id)
                           ->  Nested Loop  (cost=7.47..3752.76 rows=1 width=111) (actual time=4.770..116.741 rows=199 loops=1)
                                 Join Filter: (ml.movie_id = t.id)
                                 ->  Nested Loop  (cost=7.04..3752.25 rows=1 width=90) (actual time=4.679..115.258 rows=199 loops=1)
                                       Join Filter: (ml.link_type_id = lt.id)
                                       Rows Removed by Join Filter: 303
                                       ->  Seq Scan on link_type lt  (cost=0.00..1.23 rows=1 width=86) (actual time=0.025..0.035 rows=2 loops=1)
                                             Filter: ((link)::text ~~ '%follow%'::text)
                                             Rows Removed by Filter: 16
                                       ->  Nested Loop  (cost=7.04..3750.90 rows=10 width=12) (actual time=4.381..57.560 rows=251 loops=2)
                                             ->  Nested Loop  (cost=6.76..3736.45 rows=34 width=4) (actual time=4.368..41.495 rows=10544 loops=2)
                                                   ->  Seq Scan on keyword k  (cost=0.00..2626.12 rows=1 width=4) (actual time=1.039..17.614 rows=1 loops=2)
                                                         Filter: ((keyword)::text = 'sequel'::text)
                                                         Rows Removed by Filter: 134169
                                                   ->  Bitmap Heap Scan on movie_keyword mk  (cost=6.76..1107.32 rows=300 width=8) (actual time=3.286..21.913 rows=10544 loops=2)
                                                         Recheck Cond: (keyword_id = k.id)
                                                         Heap Blocks: exact=11140
                                                         ->  Bitmap Index Scan on keyword_id_movie_keyword  (cost=0.00..6.68 rows=300 width=0) (actual time=2.507..2.507 rows=10544 loops=2)
                                                               Index Cond: (keyword_id = k.id)
                                             ->  Index Scan using movie_id_movie_link on movie_link ml  (cost=0.29..0.38 rows=5 width=8) (actual time=0.001..0.001 rows=0 loops=21088)
                                                   Index Cond: (movie_id = mk.movie_id)
                                 ->  Index Scan using title_pkey on title t  (cost=0.43..0.49 rows=1 width=21) (actual time=0.007..0.007 rows=1 loops=199)
                                       Index Cond: (id = mk.movie_id)
                                       Filter: ((production_year >= 1950) AND (production_year <= 2010))
                           ->  Index Scan using movie_id_movie_companies on movie_companies mc  (cost=0.43..0.54 rows=3 width=12) (actual time=0.007..0.010 rows=5 loops=199)
                                 Index Cond: (movie_id = mk.movie_id)
                                 Filter: (note IS NULL)
                                 Rows Removed by Filter: 2
                     ->  Index Scan using company_name_pkey on company_name cn  (cost=0.42..0.46 rows=1 width=23) (actual time=0.004..0.004 rows=0 loops=1021)
                           Index Cond: (id = mc.company_id)
                           Filter: (((country_code)::text <> '[pl]'::text) AND (((name)::text ~~ '%Film%'::text) OR ((name)::text ~~ '%Warner%'::text)))
                           Rows Removed by Filter: 1
               ->  Seq Scan on company_type ct  (cost=0.00..1.05 rows=1 width=4) (actual time=0.002..0.002 rows=1 loops=422)
                     Filter: ((kind)::text = 'production companies'::text)
                     Rows Removed by Filter: 1
         ->  Index Scan using movie_id_movie_info on movie_info mi  (cost=0.43..1.82 rows=3 width=4) (actual time=0.013..0.017 rows=5 loops=402)
               Index Cond: (movie_id = mk.movie_id)
               Filter: ((info)::text = ANY ('{Sweden,Norway,Germany,Denmark,Swedish,Denish,Norwegian,German,English}'::text[]))
               Rows Removed by Filter: 16
 Planning Time: 29.278 ms
 Execution Time: 136.202 ms
(49 rows)

SET
                                                                                               QUERY PLAN                                                                                                
---------------------------------------------------------------------------------------------------------------------------------------------------------------------------------------------------------
 Aggregate  (cost=7401.04..7401.05 rows=1 width=96) (actual time=1631.982..1631.982 rows=1 loops=1)
   ->  Nested Loop  (cost=8.90..7401.03 rows=1 width=41) (actual time=35.007..1628.622 rows=2851 loops=1)
         Join Filter: (mi.info_type_id = it1.id)
         Rows Removed by Join Filter: 191
         ->  Nested Loop  (cost=8.90..7398.61 rows=1 width=45) (actual time=34.992..1595.239 rows=3042 loops=1)
               Join Filter: (t.id = mi.movie_id)
               ->  Nested Loop  (cost=8.46..7397.02 rows=1 width=57) (actual time=13.182..1339.589 rows=2958 loops=1)
                     Join Filter: (mc.company_type_id = ct.id)
                     ->  Nested Loop  (cost=8.46..7395.93 rows=1 width=61) (actual time=13.159..1316.447 rows=2958 loops=1)
                           ->  Nested Loop  (cost=8.04..7395.38 rows=1 width=46) (actual time=13.125..1277.477 rows=3374 loops=1)
                                 Join Filter: (t.id = mc.movie_id)
                                 ->  Nested Loop  (cost=7.62..7394.80 rows=1 width=34) (actual time=13.054..1173.363 rows=2378 loops=1)
                                       Join Filter: (mi_idx.info_type_id = it2.id)
                                       Rows Removed by Join Filter: 6321
                                       ->  Seq Scan on info_type it2  (cost=0.00..2.41 rows=1 width=4) (actual time=0.029..0.032 rows=1 loops=1)
                                             Filter: ((info)::text = 'rating'::text)
                                             Rows Removed by Filter: 112
                                       ->  Nested Loop  (cost=7.62..7392.07 rows=26 width=38) (actual time=7.636..1171.518 rows=8699 loops=1)
                                             Join Filter: (t.id = mi_idx.movie_id)
                                             ->  Nested Loop  (cost=7.19..7386.71 rows=10 width=25) (actual time=7.583..1075.035 rows=4832 loops=1)
                                                   Join Filter: (t.kind_id = kt.id)
                                                   Rows Removed by Join Filter: 2286
                                                   ->  Nested Loop  (cost=7.19..7384.59 rows=36 width=29) (actual time=7.529..1068.697 rows=5606 loops=1)
                                                         ->  Nested Loop  (cost=6.76..7318.72 rows=135 width=4) (actual time=7.358..501.939 rows=37091 loops=1)
                                                               ->  Seq Scan on keyword k  (cost=0.00..2961.55 rows=4 width=4) (actual time=1.491..38.155 rows=3 loops=1)
                                                                     Filter: ((keyword)::text = ANY ('{murder,murder-in-title,blood,violence}'::text[]))
                                                                     Rows Removed by Filter: 134167
                                                               ->  Bitmap Heap Scan on movie_keyword mk  (cost=6.76..1086.29 rows=300 width=8) (actual time=5.080..148.910 rows=12364 loops=3)
                                                                     Recheck Cond: (keyword_id = k.id)
                                                                     Heap Blocks: exact=26312
                                                                     ->  Bitmap Index Scan on keyword_id_movie_keyword  (cost=0.00..6.68 rows=300 width=0) (actual time=3.778..3.778 rows=12364 loops=3)
                                                                           Index Cond: (keyword_id = k.id)
                                                         ->  Index Scan using title_pkey on title t  (cost=0.43..0.49 rows=1 width=25) (actual time=0.014..0.014 rows=0 loops=37091)
                                                               Index Cond: (id = mk.movie_id)
                                                               Filter: (production_year > 2008)
                                                               Rows Removed by Filter: 1
                                                   ->  Materialize  (cost=0.00..1.10 rows=2 width=4) (actual time=0.000..0.000 rows=1 loops=5606)
                                                         ->  Seq Scan on kind_type kt  (cost=0.00..1.09 rows=2 width=4) (actual time=0.035..0.037 rows=2 loops=1)
                                                               Filter: ((kind)::text = ANY ('{movie,episode}'::text[]))
                                                               Rows Removed by Filter: 5
                                             ->  Index Scan using movie_id_movie_info_idx on movie_info_idx mi_idx  (cost=0.43..0.50 rows=3 width=13) (actual time=0.017..0.018 rows=2 loops=4832)
                                                   Index Cond: (movie_id = mk.movie_id)
                                                   Filter: ((info)::text < '7.0'::text)
                                                   Rows Removed by Filter: 0
                                 ->  Index Scan using movie_id_movie_companies on movie_companies mc  (cost=0.43..0.57 rows=1 width=12) (actual time=0.037..0.042 rows=1 loops=2378)
                                       Index Cond: (movie_id = mk.movie_id)
                                       Filter: (((note)::text !~~ '%(USA)%'::text) AND ((note)::text ~~ '%(200%)%'::text))
                                       Rows Removed by Filter: 10
                           ->  Index Scan using company_name_pkey on company_name cn  (cost=0.42..0.55 rows=1 width=23) (actual time=0.010..0.010 rows=1 loops=3374)
                                 Index Cond: (id = mc.company_id)
                                 Filter: ((country_code)::text <> '[us]'::text)
                                 Rows Removed by Filter: 0
                     ->  Seq Scan on company_type ct  (cost=0.00..1.04 rows=4 width=4) (actual time=0.002..0.002 rows=1 loops=2958)
               ->  Index Scan using movie_id_movie_info on movie_info mi  (cost=0.43..1.56 rows=2 width=8) (actual time=0.077..0.085 rows=1 loops=2958)
                     Index Cond: (movie_id = mk.movie_id)
                     Filter: ((info)::text = ANY ('{Germany,German,USA,American}'::text[]))
                     Rows Removed by Filter: 155
         ->  Seq Scan on info_type it1  (cost=0.00..2.41 rows=1 width=4) (actual time=0.005..0.005 rows=1 loops=3042)
               Filter: ((info)::text = 'countries'::text)
               Rows Removed by Filter: 14
 Planning Time: 76.971 ms
 Execution Time: 1632.735 ms
(62 rows)

SET
                                                                                               QUERY PLAN                                                                                                
---------------------------------------------------------------------------------------------------------------------------------------------------------------------------------------------------------
 Aggregate  (cost=7399.71..7399.72 rows=1 width=96) (actual time=1211.676..1211.676 rows=1 loops=1)
   ->  Nested Loop  (cost=8.90..7399.70 rows=1 width=41) (actual time=42.625..1211.581 rows=31 loops=1)
         Join Filter: (mi.info_type_id = it1.id)
         Rows Removed by Join Filter: 3
         ->  Nested Loop  (cost=8.90..7397.27 rows=1 width=45) (actual time=42.610..1211.152 rows=34 loops=1)
               Join Filter: (t.id = mi.movie_id)
               ->  Nested Loop  (cost=8.46..7395.69 rows=1 width=57) (actual time=42.394..1201.750 rows=50 loops=1)
                     Join Filter: (mc.company_type_id = ct.id)
                     ->  Nested Loop  (cost=8.46..7394.60 rows=1 width=61) (actual time=42.370..1201.185 rows=50 loops=1)
                           ->  Nested Loop  (cost=8.04..7394.05 rows=1 width=46) (actual time=42.341..1199.286 rows=78 loops=1)
                                 Join Filter: (t.id = mc.movie_id)
                                 ->  Nested Loop  (cost=7.62..7393.47 rows=1 width=34) (actual time=16.995..1131.148 rows=1615 loops=1)
                                       Join Filter: (mi_idx.info_type_id = it2.id)
                                       Rows Removed by Join Filter: 4362
                                       ->  Seq Scan on info_type it2  (cost=0.00..2.41 rows=1 width=4) (actual time=0.031..0.034 rows=1 loops=1)
                                             Filter: ((info)::text = 'rating'::text)
                                             Rows Removed by Filter: 112
                                       ->  Nested Loop  (cost=7.62..7390.80 rows=21 width=38) (actual time=7.978..1129.884 rows=5977 loops=1)
                                             Join Filter: (t.id = mi_idx.movie_id)
                                             ->  Nested Loop  (cost=7.19..7386.51 rows=8 width=25) (actual time=7.929..1061.692 rows=3517 loops=1)
                                                   Join Filter: (t.kind_id = kt.id)
                                                   Rows Removed by Join Filter: 1618
                                                   ->  Nested Loop  (cost=7.19..7384.59 rows=29 width=29) (actual time=7.892..1057.279 rows=4040 loops=1)
                                                         ->  Nested Loop  (cost=6.76..7318.72 rows=135 width=4) (actual time=7.729..526.073 rows=37091 loops=1)
                                                               ->  Seq Scan on keyword k  (cost=0.00..2961.55 rows=4 width=4) (actual time=1.941..38.580 rows=3 loops=1)
                                                                     Filter: ((keyword)::text = ANY ('{murder,murder-in-title,blood,violence}'::text[]))
                                                                     Rows Removed by Filter: 134167
                                                               ->  Bitmap Heap Scan on movie_keyword mk  (cost=6.76..1086.29 rows=300 width=8) (actual time=5.008..156.801 rows=12364 loops=3)
                                                                     Recheck Cond: (keyword_id = k.id)
                                                                     Heap Blocks: exact=26312
                                                                     ->  Bitmap Index Scan on keyword_id_movie_keyword  (cost=0.00..6.68 rows=300 width=0) (actual time=3.715..3.715 rows=12364 loops=3)
                                                                           Index Cond: (keyword_id = k.id)
                                                         ->  Index Scan using title_pkey on title t  (cost=0.43..0.49 rows=1 width=25) (actual time=0.013..0.013 rows=0 loops=37091)
                                                               Index Cond: (id = mk.movie_id)
                                                               Filter: (production_year > 2009)
                                                               Rows Removed by Filter: 1
                                                   ->  Materialize  (cost=0.00..1.10 rows=2 width=4) (actual time=0.000..0.000 rows=1 loops=4040)
                                                         ->  Seq Scan on kind_type kt  (cost=0.00..1.09 rows=2 width=4) (actual time=0.026..0.029 rows=2 loops=1)
                                                               Filter: ((kind)::text = ANY ('{movie,episode}'::text[]))
                                                               Rows Removed by Filter: 5
                                             ->  Index Scan using movie_id_movie_info_idx on movie_info_idx mi_idx  (cost=0.43..0.50 rows=3 width=13) (actual time=0.017..0.018 rows=2 loops=3517)
                                                   Index Cond: (movie_id = mk.movie_id)
                                                   Filter: ((info)::text < '7.0'::text)
                                                   Rows Removed by Filter: 0
                                 ->  Index Scan using movie_id_movie_companies on movie_companies mc  (cost=0.43..0.57 rows=1 width=12) (actual time=0.040..0.041 rows=0 loops=1615)
                                       Index Cond: (movie_id = mk.movie_id)
                                       Filter: (((note)::text !~~ '%(USA)%'::text) AND ((note)::text ~~ '%(200%)%'::text))
                                       Rows Removed by Filter: 12
                           ->  Index Scan using company_name_pkey on company_name cn  (cost=0.42..0.55 rows=1 width=23) (actual time=0.023..0.023 rows=1 loops=78)
                                 Index Cond: (id = mc.company_id)
                                 Filter: ((country_code)::text <> '[us]'::text)
                                 Rows Removed by Filter: 0
                     ->  Seq Scan on company_type ct  (cost=0.00..1.04 rows=4 width=4) (actual time=0.003..0.003 rows=1 loops=50)
               ->  Index Scan using movie_id_movie_info on movie_info mi  (cost=0.43..1.56 rows=2 width=8) (actual time=0.172..0.186 rows=1 loops=50)
                     Index Cond: (movie_id = mk.movie_id)
                     Filter: ((info)::text = ANY ('{Germany,German,USA,American}'::text[]))
                     Rows Removed by Filter: 53
         ->  Seq Scan on info_type it1  (cost=0.00..2.41 rows=1 width=4) (actual time=0.005..0.006 rows=1 loops=34)
               Filter: ((info)::text = 'countries'::text)
               Rows Removed by Filter: 16
 Planning Time: 78.137 ms
 Execution Time: 1212.530 ms
(62 rows)

SET
                                                                                               QUERY PLAN                                                                                                
---------------------------------------------------------------------------------------------------------------------------------------------------------------------------------------------------------
 Aggregate  (cost=7405.36..7405.37 rows=1 width=96) (actual time=4753.120..4753.121 rows=1 loops=1)
   ->  Nested Loop  (cost=8.90..7405.35 rows=1 width=41) (actual time=12.094..4728.544 rows=21489 loops=1)
         Join Filter: (mi.info_type_id = it1.id)
         Rows Removed by Join Filter: 3123
         ->  Nested Loop  (cost=8.90..7402.92 rows=1 width=45) (actual time=12.080..4440.948 rows=24612 loops=1)
               Join Filter: (t.id = mi.movie_id)
               ->  Nested Loop  (cost=8.46..7401.02 rows=1 width=57) (actual time=11.938..1904.323 rows=23425 loops=1)
                     Join Filter: (mc.company_type_id = ct.id)
                     ->  Nested Loop  (cost=8.46..7399.93 rows=1 width=61) (actual time=11.914..1722.943 rows=23425 loops=1)
                           ->  Nested Loop  (cost=8.04..7399.38 rows=1 width=46) (actual time=11.883..1536.088 rows=25316 loops=1)
                                 Join Filter: (t.id = mc.movie_id)
                                 ->  Nested Loop  (cost=7.62..7398.81 rows=1 width=34) (actual time=8.165..1286.195 rows=5949 loops=1)
                                       Join Filter: (mi_idx.info_type_id = it2.id)
                                       Rows Removed by Join Filter: 11942
                                       ->  Seq Scan on info_type it2  (cost=0.00..2.41 rows=1 width=4) (actual time=0.031..0.034 rows=1 loops=1)
                                             Filter: ((info)::text = 'rating'::text)
                                             Rows Removed by Filter: 112
                                       ->  Nested Loop  (cost=7.62..7395.82 rows=46 width=38) (actual time=8.130..1282.456 rows=17891 loops=1)
                                             Join Filter: (t.id = mi_idx.movie_id)
                                             ->  Nested Loop  (cost=7.19..7387.25 rows=16 width=25) (actual time=8.080..1127.513 rows=8073 loops=1)
                                                   Join Filter: (t.kind_id = kt.id)
                                                   Rows Removed by Join Filter: 4332
                                                   ->  Nested Loop  (cost=7.19..7384.59 rows=55 width=29) (actual time=7.926..1116.825 rows=9739 loops=1)
                                                         ->  Nested Loop  (cost=6.76..7318.72 rows=135 width=4) (actual time=7.877..534.303 rows=37091 loops=1)
                                                               ->  Seq Scan on keyword k  (cost=0.00..2961.55 rows=4 width=4) (actual time=1.966..38.462 rows=3 loops=1)
                                                                     Filter: ((keyword)::text = ANY ('{murder,murder-in-title,blood,violence}'::text[]))
                                                                     Rows Removed by Filter: 134167
                                                               ->  Bitmap Heap Scan on movie_keyword mk  (cost=6.76..1086.29 rows=300 width=8) (actual time=5.083..159.476 rows=12364 loops=3)
                                                                     Recheck Cond: (keyword_id = k.id)
                                                                     Heap Blocks: exact=26312
                                                                     ->  Bitmap Index Scan on keyword_id_movie_keyword  (cost=0.00..6.68 rows=300 width=0) (actual time=3.781..3.781 rows=12364 loops=3)
                                                                           Index Cond: (keyword_id = k.id)
                                                         ->  Index Scan using title_pkey on title t  (cost=0.43..0.49 rows=1 width=25) (actual time=0.015..0.015 rows=0 loops=37091)
                                                               Index Cond: (id = mk.movie_id)
                                                               Filter: (production_year > 2005)
                                                               Rows Removed by Filter: 1
                                                   ->  Materialize  (cost=0.00..1.10 rows=2 width=4) (actual time=0.000..0.000 rows=1 loops=9739)
                                                         ->  Seq Scan on kind_type kt  (cost=0.00..1.09 rows=2 width=4) (actual time=0.026..0.027 rows=2 loops=1)
                                                               Filter: ((kind)::text = ANY ('{movie,episode}'::text[]))
                                                               Rows Removed by Filter: 5
                                             ->  Index Scan using movie_id_movie_info_idx on movie_info_idx mi_idx  (cost=0.43..0.50 rows=3 width=13) (actual time=0.016..0.018 rows=2 loops=8073)
                                                   Index Cond: (movie_id = mk.movie_id)
                                                   Filter: ((info)::text < '8.5'::text)
                                                   Rows Removed by Filter: 0
                                 ->  Index Scan using movie_id_movie_companies on movie_companies mc  (cost=0.43..0.57 rows=1 width=12) (actual time=0.028..0.039 rows=4 loops=5949)
                                       Index Cond: (movie_id = mk.movie_id)
                                       Filter: (((note)::text !~~ '%(USA)%'::text) AND ((note)::text ~~ '%(200%)%'::text))
                                       Rows Removed by Filter: 8
                           ->  Index Scan using company_name_pkey on company_name cn  (cost=0.42..0.55 rows=1 width=23) (actual time=0.006..0.006 rows=1 loops=25316)
                                 Index Cond: (id = mc.company_id)
                                 Filter: ((country_code)::text <> '[us]'::text)
                                 Rows Removed by Filter: 0
                     ->  Seq Scan on company_type ct  (cost=0.00..1.04 rows=4 width=4) (actual time=0.002..0.002 rows=1 loops=23425)
               ->  Index Scan using movie_id_movie_info on movie_info mi  (cost=0.43..1.87 rows=2 width=8) (actual time=0.089..0.107 rows=1 loops=23425)
                     Index Cond: (movie_id = mk.movie_id)
                     Filter: ((info)::text = ANY ('{Sweden,Norway,Germany,Denmark,Swedish,Danish,Norwegian,German,USA,American}'::text[]))
                     Rows Removed by Filter: 180
         ->  Seq Scan on info_type it1  (cost=0.00..2.41 rows=1 width=4) (actual time=0.005..0.006 rows=1 loops=24612)
               Filter: ((info)::text = 'countries'::text)
               Rows Removed by Filter: 20
 Planning Time: 79.259 ms
 Execution Time: 4753.957 ms
(62 rows)

SET
                                                                                               QUERY PLAN                                                                                                
---------------------------------------------------------------------------------------------------------------------------------------------------------------------------------------------------------
 Aggregate  (cost=7405.28..7405.29 rows=1 width=96) (actual time=3532.230..3532.230 rows=1 loops=1)
   ->  Nested Loop  (cost=8.90..7405.27 rows=1 width=41) (actual time=12.421..3475.914 rows=46281 loops=1)
         Join Filter: (mc.company_type_id = ct.id)
         Rows Removed by Join Filter: 4783
         ->  Nested Loop  (cost=8.90..7404.18 rows=1 width=45) (actual time=12.398..3119.858 rows=46281 loops=1)
               ->  Nested Loop  (cost=8.48..7403.73 rows=1 width=30) (actual time=8.267..2667.119 rows=64848 loops=1)
                     Join Filter: (t.id = mc.movie_id)
                     ->  Nested Loop  (cost=8.05..7403.13 rows=1 width=38) (actual time=8.227..2480.767 rows=4115 loops=1)
                           Join Filter: (mi.info_type_id = it1.id)
                           Rows Removed by Join Filter: 594
                           ->  Nested Loop  (cost=8.05..7400.71 rows=1 width=42) (actual time=8.215..2423.698 rows=4709 loops=1)
                                 Join Filter: (t.id = mi.movie_id)
                                 ->  Nested Loop  (cost=7.62..7398.81 rows=1 width=34) (actual time=8.097..1284.728 rows=5949 loops=1)
                                       Join Filter: (mi_idx.info_type_id = it2.id)
                                       Rows Removed by Join Filter: 11942
                                       ->  Seq Scan on info_type it2  (cost=0.00..2.41 rows=1 width=4) (actual time=0.030..0.033 rows=1 loops=1)
                                             Filter: ((info)::text = 'rating'::text)
                                             Rows Removed by Filter: 112
                                       ->  Nested Loop  (cost=7.62..7395.82 rows=46 width=38) (actual time=8.061..1280.872 rows=17891 loops=1)
                                             Join Filter: (t.id = mi_idx.movie_id)
                                             ->  Nested Loop  (cost=7.19..7387.25 rows=16 width=25) (actual time=8.014..1124.783 rows=8073 loops=1)
                                                   Join Filter: (t.kind_id = kt.id)
                                                   Rows Removed by Join Filter: 4332
                                                   ->  Nested Loop  (cost=7.19..7384.59 rows=55 width=29) (actual time=7.856..1113.976 rows=9739 loops=1)
                                                         ->  Nested Loop  (cost=6.76..7318.72 rows=135 width=4) (actual time=7.816..532.199 rows=37091 loops=1)
                                                               ->  Seq Scan on keyword k  (cost=0.00..2961.55 rows=4 width=4) (actual time=1.975..38.709 rows=3 loops=1)
                                                                     Filter: ((keyword)::text = ANY ('{murder,murder-in-title,blood,violence}'::text[]))
                                                                     Rows Removed by Filter: 134167
                                                               ->  Bitmap Heap Scan on movie_keyword mk  (cost=6.76..1086.29 rows=300 width=8) (actual time=5.054..158.768 rows=12364 loops=3)
                                                                     Recheck Cond: (keyword_id = k.id)
                                                                     Heap Blocks: exact=26312
                                                                     ->  Bitmap Index Scan on keyword_id_movie_keyword  (cost=0.00..6.68 rows=300 width=0) (actual time=3.759..3.759 rows=12364 loops=3)
                                                                           Index Cond: (keyword_id = k.id)
                                                         ->  Index Scan using title_pkey on title t  (cost=0.43..0.49 rows=1 width=25) (actual time=0.015..0.015 rows=0 loops=37091)
                                                               Index Cond: (id = mk.movie_id)
                                                               Filter: (production_year > 2005)
                                                               Rows Removed by Filter: 1
                                                   ->  Materialize  (cost=0.00..1.10 rows=2 width=4) (actual time=0.000..0.000 rows=1 loops=9739)
                                                         ->  Seq Scan on kind_type kt  (cost=0.00..1.09 rows=2 width=4) (actual time=0.031..0.033 rows=2 loops=1)
                                                               Filter: ((kind)::text = ANY ('{movie,episode}'::text[]))
                                                               Rows Removed by Filter: 5
                                             ->  Index Scan using movie_id_movie_info_idx on movie_info_idx mi_idx  (cost=0.43..0.50 rows=3 width=13) (actual time=0.017..0.018 rows=2 loops=8073)
                                                   Index Cond: (movie_id = mk.movie_id)
                                                   Filter: ((info)::text < '8.5'::text)
                                                   Rows Removed by Filter: 0
                                 ->  Index Scan using movie_id_movie_info on movie_info mi  (cost=0.43..1.87 rows=2 width=8) (actual time=0.165..0.190 rows=1 loops=5949)
                                       Index Cond: (movie_id = mk.movie_id)
                                       Filter: ((info)::text = ANY ('{Sweden,Norway,Germany,Denmark,Swedish,Danish,Norwegian,German,USA,American}'::text[]))
                                       Rows Removed by Filter: 71
                           ->  Seq Scan on info_type it1  (cost=0.00..2.41 rows=1 width=4) (actual time=0.005..0.006 rows=1 loops=4709)
                                 Filter: ((info)::text = 'countries'::text)
                                 Rows Removed by Filter: 20
                     ->  Index Scan using movie_id_movie_companies on movie_companies mc  (cost=0.43..0.54 rows=5 width=12) (actual time=0.020..0.038 rows=16 loops=4115)
                           Index Cond: (movie_id = mk.movie_id)
               ->  Index Scan using company_name_pkey on company_name cn  (cost=0.42..0.45 rows=1 width=23) (actual time=0.006..0.006 rows=1 loops=64848)
                     Index Cond: (id = mc.company_id)
                     Filter: ((country_code)::text <> '[us]'::text)
                     Rows Removed by Filter: 0
         ->  Seq Scan on company_type ct  (cost=0.00..1.04 rows=4 width=4) (actual time=0.002..0.002 rows=1 loops=46281)
 Planning Time: 81.000 ms
 Execution Time: 3533.043 ms
(61 rows)

SET
                                                                                                    QUERY PLAN                                                                                                    
------------------------------------------------------------------------------------------------------------------------------------------------------------------------------------------------------------------
 Aggregate  (cost=57963.27..57963.28 rows=1 width=64) (actual time=533.376..533.376 rows=1 loops=1)
   ->  Nested Loop  (cost=4238.90..57963.26 rows=1 width=65) (actual time=480.143..532.883 rows=618 loops=1)
         ->  Nested Loop  (cost=4238.48..57962.82 rows=1 width=69) (actual time=479.822..527.419 rows=618 loops=1)
               ->  Gather  (cost=4238.35..57962.67 rows=1 width=73) (actual time=479.730..530.901 rows=618 loops=1)
                     Workers Planned: 2
                     Workers Launched: 2
                     ->  Nested Loop  (cost=3238.35..56962.57 rows=1 width=73) (actual time=485.890..522.915 rows=206 loops=3)
                           ->  Nested Loop  (cost=3237.93..56962.12 rows=1 width=77) (actual time=485.809..522.324 rows=206 loops=3)
                                 Join Filter: (t.id = mc.movie_id)
                                 ->  Nested Loop  (cost=3237.50..56961.52 rows=1 width=85) (actual time=485.734..521.677 rows=205 loops=3)
                                       ->  Nested Loop  (cost=3237.06..56959.69 rows=1 width=77) (actual time=485.660..521.491 rows=2 loops=3)
                                             ->  Nested Loop  (cost=3236.92..56959.27 rows=2 width=81) (actual time=485.606..521.433 rows=2 loops=3)
                                                   ->  Hash Join  (cost=3236.49..54671.45 rows=1099 width=73) (actual time=263.095..378.057 rows=344 loops=3)
                                                         Hash Cond: (t.kind_id = kt.id)
                                                         ->  Hash Join  (cost=3235.39..54637.93 rows=7692 width=29) (actual time=50.664..377.484 rows=694 loops=3)
                                                               Hash Cond: (t.id = cc.movie_id)
                                                               ->  Parallel Seq Scan on title t  (cost=0.00..49166.29 rows=575821 width=25) (actual time=0.038..268.740 rows=460484 loops=3)
                                                                     Filter: (production_year > 2000)
                                                                     Rows Removed by Filter: 382286
                                                               ->  Hash  (cost=2813.24..2813.24 rows=33772 width=4) (actual time=49.132..49.132 rows=24592 loops=3)
                                                                     Buckets: 65536  Batches: 1  Memory Usage: 1377kB
                                                                     ->  Hash Join  (cost=1.06..2813.24 rows=33772 width=4) (actual time=0.131..41.947 rows=24592 loops=3)
                                                                           Hash Cond: (cc.status_id = cct1.id)
                                                                           ->  Seq Scan on complete_cast cc  (cost=0.00..2081.86 rows=135086 width=8) (actual time=0.037..21.143 rows=135086 loops=3)
                                                                           ->  Hash  (cost=1.05..1.05 rows=1 width=4) (actual time=0.037..0.037 rows=1 loops=3)
                                                                                 Buckets: 1024  Batches: 1  Memory Usage: 9kB
                                                                                 ->  Seq Scan on comp_cast_type cct1  (cost=0.00..1.05 rows=1 width=4) (actual time=0.026..0.027 rows=1 loops=3)
                                                                                       Filter: ((kind)::text = 'complete+verified'::text)
                                                                                       Rows Removed by Filter: 3
                                                         ->  Hash  (cost=1.09..1.09 rows=1 width=52) (actual time=0.080..0.081 rows=1 loops=3)
                                                               Buckets: 1024  Batches: 1  Memory Usage: 9kB
                                                               ->  Seq Scan on kind_type kt  (cost=0.00..1.09 rows=1 width=52) (actual time=0.054..0.056 rows=1 loops=3)
                                                                     Filter: ((kind)::text = 'movie'::text)
                                                                     Rows Removed by Filter: 6
                                                   ->  Index Scan using movie_id_movie_info on movie_info mi  (cost=0.43..2.07 rows=1 width=8) (actual time=0.415..0.415 rows=0 loops=1033)
                                                         Index Cond: (movie_id = t.id)
                                                         Filter: ((info IS NOT NULL) AND ((note)::text ~~ '%internet%'::text) AND (((info)::text ~~ 'USA:% 199%'::text) OR ((info)::text ~~ 'USA:% 200%'::text)))
                                                         Rows Removed by Filter: 211
                                             ->  Index Scan using info_type_pkey on info_type it1  (cost=0.14..0.19 rows=1 width=4) (actual time=0.033..0.033 rows=1 loops=5)
                                                   Index Cond: (id = mi.info_type_id)
                                                   Filter: ((info)::text = 'release dates'::text)
                                       ->  Index Scan using movie_id_movie_keyword on movie_keyword mk  (cost=0.43..1.36 rows=47 width=8) (actual time=0.044..0.083 rows=123 loops=5)
                                             Index Cond: (movie_id = t.id)
                                 ->  Index Scan using movie_id_movie_companies on movie_companies mc  (cost=0.43..0.54 rows=5 width=12) (actual time=0.002..0.003 rows=1 loops=615)
                                       Index Cond: (movie_id = mk.movie_id)
                           ->  Index Scan using company_name_pkey on company_name cn  (cost=0.42..0.45 rows=1 width=4) (actual time=0.002..0.002 rows=1 loops=618)
                                 Index Cond: (id = mc.company_id)
                                 Filter: ((country_code)::text = '[us]'::text)
               ->  Index Only Scan using company_type_pkey on company_type ct  (cost=0.13..0.15 rows=1 width=4) (actual time=0.002..0.002 rows=1 loops=618)
                     Index Cond: (id = mc.company_type_id)
                     Heap Fetches: 618
         ->  Index Only Scan using keyword_pkey on keyword k  (cost=0.42..0.44 rows=1 width=4) (actual time=0.008..0.008 rows=1 loops=618)
               Index Cond: (id = mk.keyword_id)
               Heap Fetches: 618
 Planning Time: 76.708 ms
 Execution Time: 539.285 ms
(56 rows)

SET
                                                                                              QUERY PLAN                                                                                               
-------------------------------------------------------------------------------------------------------------------------------------------------------------------------------------------------------
 Aggregate  (cost=7402.39..7402.40 rows=1 width=64) (actual time=161.327..161.327 rows=1 loops=1)
   ->  Nested Loop  (cost=8.89..7402.38 rows=1 width=65) (actual time=48.101..161.291 rows=16 loops=1)
         Join Filter: (mi.info_type_id = it1.id)
         ->  Nested Loop  (cost=8.89..7399.96 rows=1 width=69) (actual time=48.083..161.084 rows=16 loops=1)
               Join Filter: (t.id = mi.movie_id)
               ->  Nested Loop  (cost=8.46..7398.38 rows=1 width=81) (actual time=9.989..127.210 rows=315 loops=1)
                     Join Filter: (mc.company_type_id = ct.id)
                     Rows Removed by Join Filter: 140
                     ->  Nested Loop  (cost=8.46..7397.29 rows=1 width=85) (actual time=9.965..124.664 rows=315 loops=1)
                           ->  Nested Loop  (cost=8.04..7395.51 rows=4 width=89) (actual time=9.794..111.938 rows=1218 loops=1)
                                 Join Filter: (t.id = mc.movie_id)
                                 ->  Nested Loop  (cost=7.61..7393.10 rows=4 width=77) (actual time=9.734..108.227 rows=60 loops=1)
                                       Join Filter: (cc.status_id = cct1.id)
                                       Rows Removed by Join Filter: 81
                                       ->  Seq Scan on comp_cast_type cct1  (cost=0.00..1.05 rows=1 width=4) (actual time=0.036..0.036 rows=1 loops=1)
                                             Filter: ((kind)::text = 'complete+verified'::text)
                                             Rows Removed by Filter: 3
                                       ->  Nested Loop  (cost=7.61..7391.86 rows=15 width=81) (actual time=9.668..108.139 rows=141 loops=1)
                                             ->  Nested Loop  (cost=7.19..7386.60 rows=11 width=73) (actual time=9.110..102.328 rows=401 loops=1)
                                                   Join Filter: (t.kind_id = kt.id)
                                                   Rows Removed by Join Filter: 156
                                                   ->  Seq Scan on kind_type kt  (cost=0.00..1.09 rows=1 width=52) (actual time=0.020..0.023 rows=1 loops=1)
                                                         Filter: ((kind)::text = 'movie'::text)
                                                         Rows Removed by Filter: 6
                                                   ->  Nested Loop  (cost=7.19..7384.59 rows=74 width=29) (actual time=1.630..102.086 rows=557 loops=1)
                                                         ->  Nested Loop  (cost=6.76..7318.72 rows=135 width=4) (actual time=1.579..65.799 rows=1133 loops=1)
                                                               ->  Seq Scan on keyword k  (cost=0.00..2961.55 rows=4 width=4) (actual time=1.172..41.455 rows=4 loops=1)
                                                                     Filter: ((keyword)::text = ANY ('{nerd,loner,alienation,dignity}'::text[]))
                                                                     Rows Removed by Filter: 134166
                                                               ->  Bitmap Heap Scan on movie_keyword mk  (cost=6.76..1086.29 rows=300 width=8) (actual time=0.171..5.930 rows=283 loops=4)
                                                                     Recheck Cond: (keyword_id = k.id)
                                                                     Heap Blocks: exact=1083
                                                                     ->  Bitmap Index Scan on keyword_id_movie_keyword  (cost=0.00..6.68 rows=300 width=0) (actual time=0.115..0.115 rows=283 loops=4)
                                                                           Index Cond: (keyword_id = k.id)
                                                         ->  Index Scan using title_pkey on title t  (cost=0.43..0.49 rows=1 width=25) (actual time=0.031..0.031 rows=0 loops=1133)
                                                               Index Cond: (id = mk.movie_id)
                                                               Filter: (production_year > 2000)
                                                               Rows Removed by Filter: 1
                                             ->  Index Scan using movie_id_complete_cast on complete_cast cc  (cost=0.42..0.46 rows=2 width=8) (actual time=0.012..0.013 rows=0 loops=401)
                                                   Index Cond: (movie_id = t.id)
                                 ->  Index Scan using movie_id_movie_companies on movie_companies mc  (cost=0.43..0.54 rows=5 width=12) (actual time=0.031..0.052 rows=20 loops=60)
                                       Index Cond: (movie_id = mk.movie_id)
                           ->  Index Scan using company_name_pkey on company_name cn  (cost=0.42..0.45 rows=1 width=4) (actual time=0.010..0.010 rows=0 loops=1218)
                                 Index Cond: (id = mc.company_id)
                                 Filter: ((country_code)::text = '[us]'::text)
                                 Rows Removed by Filter: 1
                     ->  Seq Scan on company_type ct  (cost=0.00..1.04 rows=4 width=4) (actual time=0.002..0.002 rows=1 loops=315)
               ->  Index Scan using movie_id_movie_info on movie_info mi  (cost=0.43..1.56 rows=1 width=8) (actual time=0.106..0.107 rows=0 loops=315)
                     Index Cond: (movie_id = mk.movie_id)
                     Filter: (((note)::text ~~ '%internet%'::text) AND ((info)::text ~~ 'USA:% 200%'::text))
                     Rows Removed by Filter: 268
         ->  Seq Scan on info_type it1  (cost=0.00..2.41 rows=1 width=4) (actual time=0.006..0.006 rows=1 loops=16)
               Filter: ((info)::text = 'release dates'::text)
               Rows Removed by Filter: 15
 Planning Time: 75.584 ms
 Execution Time: 162.046 ms
(56 rows)

SET
                                                                                                       QUERY PLAN                                                                                                       
------------------------------------------------------------------------------------------------------------------------------------------------------------------------------------------------------------------------
 Finalize Aggregate  (cost=67209.67..67209.68 rows=1 width=64) (actual time=781.154..781.154 rows=1 loops=1)
   ->  Gather  (cost=67209.45..67209.66 rows=2 width=64) (actual time=780.812..789.053 rows=3 loops=1)
         Workers Planned: 2
         Workers Launched: 2
         ->  Partial Aggregate  (cost=66209.45..66209.46 rows=1 width=64) (actual time=773.176..773.176 rows=1 loops=3)
               ->  Nested Loop  (cost=3238.95..66209.44 rows=2 width=65) (actual time=618.898..773.063 rows=209 loops=3)
                     ->  Nested Loop  (cost=3238.53..66208.57 rows=2 width=69) (actual time=618.835..771.310 rows=209 loops=3)
                           ->  Nested Loop  (cost=3238.10..66206.76 rows=1 width=81) (actual time=618.772..771.109 rows=2 loops=3)
                                 ->  Nested Loop  (cost=3237.97..66206.60 rows=1 width=85) (actual time=618.714..771.044 rows=2 loops=3)
                                       ->  Nested Loop  (cost=3237.55..66206.16 rows=1 width=89) (actual time=618.649..770.942 rows=2 loops=3)
                                             ->  Nested Loop  (cost=3237.12..66205.53 rows=1 width=77) (actual time=618.584..770.852 rows=2 loops=3)
                                                   ->  Nested Loop  (cost=3236.98..66203.98 rows=8 width=81) (actual time=618.532..770.795 rows=2 loops=3)
                                                         ->  Hash Join  (cost=3236.54..55283.32 rows=5580 width=73) (actual time=267.877..407.432 rows=1684 loops=3)
                                                               Hash Cond: (t.kind_id = kt.id)
                                                               ->  Hash Join  (cost=3235.39..55241.01 rows=9766 width=29) (actual time=50.384..405.977 rows=2141 loops=3)
                                                                     Hash Cond: (t.id = cc.movie_id)
                                                                     ->  Parallel Seq Scan on title t  (cost=0.00..49166.29 rows=731112 width=25) (actual time=0.057..277.779 rows=583011 loops=3)
                                                                           Filter: (production_year > 1990)
                                                                           Rows Removed by Filter: 259760
                                                                     ->  Hash  (cost=2813.24..2813.24 rows=33772 width=4) (actual time=48.715..48.715 rows=24592 loops=3)
                                                                           Buckets: 65536  Batches: 1  Memory Usage: 1377kB
                                                                           ->  Hash Join  (cost=1.06..2813.24 rows=33772 width=4) (actual time=0.125..41.417 rows=24592 loops=3)
                                                                                 Hash Cond: (cc.status_id = cct1.id)
                                                                                 ->  Seq Scan on complete_cast cc  (cost=0.00..2081.86 rows=135086 width=8) (actual time=0.033..20.531 rows=135086 loops=3)
                                                                                 ->  Hash  (cost=1.05..1.05 rows=1 width=4) (actual time=0.030..0.030 rows=1 loops=3)
                                                                                       Buckets: 1024  Batches: 1  Memory Usage: 9kB
                                                                                       ->  Seq Scan on comp_cast_type cct1  (cost=0.00..1.05 rows=1 width=4) (actual time=0.019..0.020 rows=1 loops=3)
                                                                                             Filter: ((kind)::text = 'complete+verified'::text)
                                                                                             Rows Removed by Filter: 3
                                                               ->  Hash  (cost=1.10..1.10 rows=4 width=52) (actual time=0.075..0.075 rows=4 loops=3)
                                                                     Buckets: 1024  Batches: 1  Memory Usage: 9kB
                                                                     ->  Seq Scan on kind_type kt  (cost=0.00..1.10 rows=4 width=52) (actual time=0.044..0.047 rows=4 loops=3)
                                                                           Filter: ((kind)::text = ANY ('{movie,"tv movie","video movie","video game"}'::text[]))
                                                                           Rows Removed by Filter: 3
                                                         ->  Index Scan using movie_id_movie_info on movie_info mi  (cost=0.43..1.95 rows=1 width=8) (actual time=0.214..0.215 rows=0 loops=5053)
                                                               Index Cond: (movie_id = t.id)
                                                               Filter: ((info IS NOT NULL) AND ((note)::text ~~ '%internet%'::text) AND (((info)::text ~~ 'USA:% 199%'::text) OR ((info)::text ~~ 'USA:% 200%'::text)))
                                                               Rows Removed by Filter: 123
                                                   ->  Index Scan using info_type_pkey on info_type it1  (cost=0.14..0.19 rows=1 width=4) (actual time=0.027..0.027 rows=1 loops=6)
                                                         Index Cond: (id = mi.info_type_id)
                                                         Filter: ((info)::text = 'release dates'::text)
                                             ->  Index Scan using movie_id_movie_companies on movie_companies mc  (cost=0.43..0.58 rows=5 width=12) (actual time=0.040..0.043 rows=1 loops=6)
                                                   Index Cond: (movie_id = t.id)
                                       ->  Index Scan using company_name_pkey on company_name cn  (cost=0.42..0.45 rows=1 width=4) (actual time=0.042..0.042 rows=1 loops=7)
                                             Index Cond: (id = mc.company_id)
                                             Filter: ((country_code)::text = '[us]'::text)
                                 ->  Index Only Scan using company_type_pkey on company_type ct  (cost=0.13..0.15 rows=1 width=4) (actual time=0.026..0.026 rows=1 loops=7)
                                       Index Cond: (id = mc.company_type_id)
                                       Heap Fetches: 7
                           ->  Index Scan using movie_id_movie_keyword on movie_keyword mk  (cost=0.43..1.34 rows=47 width=8) (actual time=0.035..0.065 rows=90 loops=7)
                                 Index Cond: (movie_id = t.id)
                     ->  Index Only Scan using keyword_pkey on keyword k  (cost=0.42..0.44 rows=1 width=4) (actual time=0.008..0.008 rows=1 loops=628)
                           Index Cond: (id = mk.keyword_id)
                           Heap Fetches: 628
 Planning Time: 74.101 ms
 Execution Time: 789.999 ms
(56 rows)

SET
                                                                                                  QUERY PLAN                                                                                                  
--------------------------------------------------------------------------------------------------------------------------------------------------------------------------------------------------------------
 Aggregate  (cost=6567.88..6567.89 rows=1 width=96) (actual time=1518.718..1518.719 rows=1 loops=1)
   ->  Nested Loop  (cost=10.32..6567.87 rows=1 width=48) (actual time=229.168..1518.457 rows=275 loops=1)
         ->  Nested Loop  (cost=9.89..6566.07 rows=1 width=41) (actual time=5.159..1493.934 rows=6518 loops=1)
               Join Filter: (rt.id = ci.role_id)
               Rows Removed by Join Filter: 30060
               ->  Seq Scan on role_type rt  (cost=0.00..1.15 rows=1 width=4) (actual time=0.027..0.030 rows=1 loops=1)
                     Filter: ((role)::text = 'actress'::text)
                     Rows Removed by Filter: 11
               ->  Nested Loop  (cost=9.89..6564.90 rows=2 width=45) (actual time=4.684..1489.677 rows=36578 loops=1)
                     ->  Nested Loop  (cost=9.47..6562.80 rows=1 width=41) (actual time=4.642..1406.288 rows=13608 loops=1)
                           ->  Nested Loop  (cost=9.04..6561.09 rows=1 width=29) (actual time=4.575..1327.976 rows=13758 loops=1)
                                 Join Filter: (t.id = ci.movie_id)
                                 ->  Nested Loop  (cost=8.47..6521.26 rows=1 width=33) (actual time=2.245..626.347 rows=3406 loops=1)
                                       Join Filter: (it.id = mi.info_type_id)
                                       ->  Seq Scan on info_type it  (cost=0.00..2.41 rows=1 width=4) (actual time=0.011..0.023 rows=1 loops=1)
                                             Filter: ((info)::text = 'release dates'::text)
                                             Rows Removed by Filter: 112
                                       ->  Nested Loop  (cost=8.47..6518.83 rows=1 width=37) (actual time=2.232..625.483 rows=3406 loops=1)
                                             Join Filter: (t.id = mi.movie_id)
                                             ->  Nested Loop  (cost=8.04..6322.71 rows=6 width=29) (actual time=2.174..475.585 rows=1576 loops=1)
                                                   ->  Nested Loop  (cost=7.62..6297.69 rows=17 width=33) (actual time=2.132..414.217 rows=5566 loops=1)
                                                         Join Filter: (t.id = mc.movie_id)
                                                         ->  Nested Loop  (cost=7.19..6242.22 rows=16 width=25) (actual time=2.090..391.679 rows=495 loops=1)
                                                               ->  Nested Loop  (cost=6.76..6082.75 rows=101 width=4) (actual time=1.668..183.250 rows=9696 loops=1)
                                                                     ->  Seq Scan on keyword k  (cost=0.00..2793.84 rows=3 width=4) (actual time=0.044..36.066 rows=3 loops=1)
                                                                           Filter: ((keyword)::text = ANY ('{hero,martial-arts,hand-to-hand-combat}'::text[]))
                                                                           Rows Removed by Filter: 134167
                                                                     ->  Bitmap Heap Scan on movie_keyword mk  (cost=6.76..1093.30 rows=300 width=8) (actual time=1.464..47.397 rows=3232 loops=3)
                                                                           Recheck Cond: (keyword_id = k.id)
                                                                           Heap Blocks: exact=7446
                                                                           ->  Bitmap Index Scan on keyword_id_movie_keyword  (cost=0.00..6.68 rows=300 width=0) (actual time=1.121..1.121 rows=3232 loops=3)
                                                                                 Index Cond: (keyword_id = k.id)
                                                               ->  Index Scan using title_pkey on title t  (cost=0.43..1.58 rows=1 width=21) (actual time=0.020..0.020 rows=0 loops=9696)
                                                                     Index Cond: (id = mk.movie_id)
                                                                     Filter: (production_year > 2010)
                                                                     Rows Removed by Filter: 1
                                                         ->  Index Scan using movie_id_movie_companies on movie_companies mc  (cost=0.43..3.40 rows=5 width=8) (actual time=0.026..0.039 rows=11 loops=495)
                                                               Index Cond: (movie_id = mk.movie_id)
                                                   ->  Index Scan using company_name_pkey on company_name cn  (cost=0.42..1.47 rows=1 width=4) (actual time=0.010..0.010 rows=0 loops=5566)
                                                         Index Cond: (id = mc.company_id)
                                                         Filter: ((country_code)::text = '[us]'::text)
                                                         Rows Removed by Filter: 1
                                             ->  Index Scan using movie_id_movie_info on movie_info mi  (cost=0.43..32.67 rows=1 width=8) (actual time=0.031..0.094 rows=2 loops=1576)
                                                   Index Cond: (movie_id = mk.movie_id)
                                                   Filter: ((info IS NOT NULL) AND (((info)::text ~~ 'Japan:%201%'::text) OR ((info)::text ~~ 'USA:%201%'::text)))
                                                   Rows Removed by Filter: 131
                                 ->  Index Scan using movie_id_cast_info on cast_info ci  (cost=0.56..39.82 rows=1 width=16) (actual time=0.135..0.204 rows=4 loops=3406)
                                       Index Cond: (movie_id = mk.movie_id)
                                       Filter: ((note)::text = ANY ('{(voice),"(voice: Japanese version)","(voice) (uncredited)","(voice: English version)"}'::text[]))
                                       Rows Removed by Filter: 169
                           ->  Index Scan using char_name_pkey on char_name chn  (cost=0.43..1.70 rows=1 width=20) (actual time=0.005..0.005 rows=1 loops=13758)
                                 Index Cond: (id = ci.person_role_id)
                     ->  Index Only Scan using person_id_aka_name on aka_name an  (cost=0.42..2.08 rows=2 width=4) (actual time=0.004..0.005 rows=3 loops=13608)
                           Index Cond: (person_id = ci.person_id)
                           Heap Fetches: 36578
         ->  Index Scan using name_pkey on name n  (cost=0.43..1.80 rows=1 width=19) (actual time=0.003..0.003 rows=0 loops=6518)
               Index Cond: (id = ci.person_id)
               Filter: (((name)::text ~~ '%An%'::text) AND ((gender)::text = 'f'::text))
               Rows Removed by Filter: 1
 Planning Time: 102.210 ms
 Execution Time: 1519.598 ms
(61 rows)

SET
                                                                                                            QUERY PLAN                                                                                                            
----------------------------------------------------------------------------------------------------------------------------------------------------------------------------------------------------------------------------------
 Aggregate  (cost=6518.41..6518.42 rows=1 width=96) (actual time=140.985..140.985 rows=1 loops=1)
   ->  Nested Loop  (cost=1004.27..6518.40 rows=1 width=48) (actual time=108.083..140.930 rows=45 loops=1)
         ->  Nested Loop  (cost=1003.85..6516.52 rows=1 width=52) (actual time=77.762..137.646 rows=810 loops=1)
               ->  Nested Loop  (cost=1003.42..6514.72 rows=1 width=45) (actual time=77.711..132.150 rows=1986 loops=1)
                     ->  Nested Loop  (cost=1003.28..6514.53 rows=1 width=49) (actual time=77.685..128.765 rows=1986 loops=1)
                           Join Filter: (t.id = mi.movie_id)
                           ->  Nested Loop  (cost=1002.85..6481.85 rows=1 width=61) (actual time=77.591..80.377 rows=842 loops=1)
                                 ->  Gather  (cost=1002.42..6480.14 rows=1 width=49) (actual time=77.513..77.910 rows=857 loops=1)
                                       Workers Planned: 1
                                       Workers Launched: 1
                                       ->  Nested Loop  (cost=2.42..5480.04 rows=1 width=49) (actual time=44.153..56.235 rows=428 loops=2)
                                             ->  Nested Loop  (cost=2.28..5479.87 rows=1 width=53) (actual time=43.707..52.609 rows=2428 loops=2)
                                                   ->  Nested Loop  (cost=1.86..5477.77 rows=1 width=49) (actual time=43.662..48.567 rows=920 loops=2)
                                                         Join Filter: (t.id = ci.movie_id)
                                                         ->  Nested Loop  (cost=1.29..5437.93 rows=1 width=33) (actual time=42.484..44.504 rows=42 loops=2)
                                                               Join Filter: (t.id = mk.movie_id)
                                                               ->  Nested Loop  (cost=0.86..5434.87 rows=1 width=25) (actual time=42.419..44.361 rows=2 loops=2)
                                                                     ->  Nested Loop  (cost=0.43..5425.21 rows=6 width=4) (actual time=41.916..42.606 rows=50 loops=2)
                                                                           ->  Parallel Seq Scan on company_name cn  (cost=0.00..5068.50 rows=1 width=4) (actual time=41.841..41.847 rows=0 loops=2)
                                                                                 Filter: (((country_code)::text = '[us]'::text) AND ((name)::text = 'DreamWorks Animation'::text))
                                                                                 Rows Removed by Filter: 117498
                                                                           ->  Index Scan using company_id_movie_companies on movie_companies mc  (cost=0.43..355.38 rows=133 width=8) (actual time=0.144..1.462 rows=99 loops=1)
                                                                                 Index Cond: (company_id = cn.id)
                                                                     ->  Index Scan using title_pkey on title t  (cost=0.43..1.60 rows=1 width=21) (actual time=0.034..0.034 rows=0 loops=99)
                                                                           Index Cond: (id = mc.movie_id)
                                                                           Filter: ((production_year > 2010) AND ((title)::text ~~ 'Kung Fu Panda%'::text))
                                                                           Rows Removed by Filter: 1
                                                               ->  Index Scan using movie_id_movie_keyword on movie_keyword mk  (cost=0.43..2.47 rows=47 width=8) (actual time=0.052..0.062 rows=21 loops=4)
                                                                     Index Cond: (movie_id = mc.movie_id)
                                                         ->  Index Scan using movie_id_cast_info on cast_info ci  (cost=0.56..39.82 rows=1 width=16) (actual time=0.014..0.092 rows=22 loops=83)
                                                               Index Cond: (movie_id = mk.movie_id)
                                                               Filter: ((note)::text = ANY ('{(voice),"(voice: Japanese version)","(voice) (uncredited)","(voice: English version)"}'::text[]))
                                                               Rows Removed by Filter: 75
                                                   ->  Index Only Scan using person_id_aka_name on aka_name an  (cost=0.42..2.08 rows=2 width=4) (actual time=0.003..0.004 rows=3 loops=1841)
                                                         Index Cond: (person_id = ci.person_id)
                                                         Heap Fetches: 4855
                                             ->  Index Scan using role_type_pkey on role_type rt  (cost=0.14..0.16 rows=1 width=4) (actual time=0.001..0.001 rows=0 loops=4855)
                                                   Index Cond: (id = ci.role_id)
                                                   Filter: ((role)::text = 'actress'::text)
                                                   Rows Removed by Filter: 1
                                 ->  Index Scan using char_name_pkey on char_name chn  (cost=0.43..1.70 rows=1 width=20) (actual time=0.002..0.002 rows=1 loops=857)
                                       Index Cond: (id = ci.person_role_id)
                           ->  Index Scan using movie_id_movie_info on movie_info mi  (cost=0.43..32.67 rows=1 width=8) (actual time=0.009..0.057 rows=2 loops=842)
                                 Index Cond: (movie_id = mk.movie_id)
                                 Filter: ((info IS NOT NULL) AND (((info)::text ~~ 'Japan:%201%'::text) OR ((info)::text ~~ 'USA:%201%'::text)))
                                 Rows Removed by Filter: 166
                     ->  Index Scan using info_type_pkey on info_type it  (cost=0.14..0.16 rows=1 width=4) (actual time=0.001..0.001 rows=1 loops=1986)
                           Index Cond: (id = mi.info_type_id)
                           Filter: ((info)::text = 'release dates'::text)
               ->  Index Scan using name_pkey on name n  (cost=0.43..1.80 rows=1 width=19) (actual time=0.002..0.002 rows=0 loops=1986)
                     Index Cond: (id = ci.person_id)
                     Filter: (((name)::text ~~ '%An%'::text) AND ((gender)::text = 'f'::text))
                     Rows Removed by Filter: 1
         ->  Index Scan using keyword_pkey on keyword k  (cost=0.42..1.46 rows=1 width=4) (actual time=0.004..0.004 rows=0 loops=810)
               Index Cond: (id = mk.keyword_id)
               Filter: ((keyword)::text = ANY ('{hero,martial-arts,hand-to-hand-combat,computer-animated-movie}'::text[]))
               Rows Removed by Filter: 1
 Planning Time: 101.074 ms
 Execution Time: 142.038 ms
(59 rows)

SET
                                                                                                QUERY PLAN                                                                                                
----------------------------------------------------------------------------------------------------------------------------------------------------------------------------------------------------------
 Aggregate  (cost=7505.11..7505.12 rows=1 width=128) (actual time=9164.672..9164.672 rows=1 loops=1)
   ->  Nested Loop  (cost=1012.03..7505.10 rows=1 width=80) (actual time=64.541..9156.330 rows=4407 loops=1)
         Join Filter: (mi.movie_id = t.id)
         ->  Nested Loop  (cost=1011.60..7504.28 rows=1 width=79) (actual time=64.458..9057.875 rows=4407 loops=1)
               ->  Nested Loop  (cost=1011.17..7503.25 rows=1 width=68) (actual time=33.775..8852.595 rows=7112 loops=1)
                     ->  Nested Loop  (cost=1011.03..7503.07 rows=1 width=72) (actual time=33.720..8815.544 rows=7740 loops=1)
                           Join Filter: (mi.movie_id = ci.movie_id)
                           ->  Gather  (cost=1010.47..7474.12 rows=1 width=64) (actual time=10.041..2006.377 rows=12260 loops=1)
                                 Workers Planned: 2
                                 Workers Launched: 2
                                 ->  Nested Loop  (cost=10.46..6474.02 rows=1 width=64) (actual time=10.747..2652.005 rows=4087 loops=3)
                                       Join Filter: (mi_idx.movie_id = mi.movie_id)
                                       ->  Hash Join  (cost=10.03..6438.32 rows=2 width=13) (actual time=7.253..629.035 rows=16920 loops=3)
                                             Hash Cond: (mi_idx.info_type_id = it2.id)
                                             ->  Nested Loop  (cost=7.61..6435.32 rows=213 width=17) (actual time=7.024..603.079 rows=50907 loops=3)
                                                   ->  Nested Loop  (cost=7.18..6379.27 rows=70 width=4) (actual time=6.959..322.004 rows=20699 loops=3)
                                                         ->  Parallel Index Scan using keyword_pkey on keyword k  (cost=0.42..4207.70 rows=2 width=4) (actual time=0.390..31.703 rows=2 loops=3)
                                                               Filter: ((keyword)::text = ANY ('{murder,blood,gore,death,female-nudity}'::text[]))
                                                               Rows Removed by Filter: 44722
                                                         ->  Bitmap Heap Scan on movie_keyword mk  (cost=6.76..1082.78 rows=300 width=8) (actual time=5.384..169.118 rows=12419 loops=5)
                                                               Recheck Cond: (keyword_id = k.id)
                                                               Heap Blocks: exact=12389
                                                               ->  Bitmap Index Scan on keyword_id_movie_keyword  (cost=0.00..6.68 rows=300 width=0) (actual time=4.157..4.157 rows=12419 loops=5)
                                                                     Index Cond: (keyword_id = k.id)
                                                   ->  Index Scan using movie_id_movie_info_idx on movie_info_idx mi_idx  (cost=0.43..0.77 rows=3 width=13) (actual time=0.011..0.012 rows=2 loops=62096)
                                                         Index Cond: (movie_id = mk.movie_id)
                                             ->  Hash  (cost=2.41..2.41 rows=1 width=4) (actual time=0.083..0.083 rows=1 loops=3)
                                                   Buckets: 1024  Batches: 1  Memory Usage: 9kB
                                                   ->  Seq Scan on info_type it2  (cost=0.00..2.41 rows=1 width=4) (actual time=0.061..0.064 rows=1 loops=3)
                                                         Filter: ((info)::text = 'votes'::text)
                                                         Rows Removed by Filter: 112
                                       ->  Index Scan using movie_id_movie_info on movie_info mi  (cost=0.43..17.84 rows=1 width=51) (actual time=0.118..0.119 rows=0 loops=50760)
                                             Index Cond: (movie_id = mk.movie_id)
                                             Filter: ((info)::text = 'Horror'::text)
                                             Rows Removed by Filter: 56
                           ->  Index Scan using movie_id_cast_info on cast_info ci  (cost=0.56..28.93 rows=1 width=8) (actual time=0.452..0.554 rows=1 loops=12260)
                                 Index Cond: (movie_id = mk.movie_id)
                                 Filter: ((note)::text = ANY ('{(writer),"(head writer)","(written by)",(story),"(story editor)"}'::text[]))
                                 Rows Removed by Filter: 47
                     ->  Index Scan using info_type_pkey on info_type it1  (cost=0.14..0.16 rows=1 width=4) (actual time=0.003..0.003 rows=1 loops=7740)
                           Index Cond: (id = mi.info_type_id)
                           Filter: ((info)::text = 'genres'::text)
                           Rows Removed by Filter: 0
               ->  Index Scan using name_pkey on name n  (cost=0.43..1.03 rows=1 width=19) (actual time=0.028..0.028 rows=1 loops=7112)
                     Index Cond: (id = ci.person_id)
                     Filter: ((gender)::text = 'm'::text)
                     Rows Removed by Filter: 0
         ->  Index Scan using title_pkey on title t  (cost=0.43..0.81 rows=1 width=21) (actual time=0.020..0.020 rows=1 loops=4407)
               Index Cond: (id = mk.movie_id)
 Planning Time: 26.752 ms
 Execution Time: 9165.883 ms
(51 rows)

SET
                                                                                            QUERY PLAN                                                                                             
---------------------------------------------------------------------------------------------------------------------------------------------------------------------------------------------------
 Aggregate  (cost=7485.20..7485.21 rows=1 width=128) (actual time=751.614..751.615 rows=1 loops=1)
   ->  Nested Loop  (cost=1009.75..7485.19 rows=1 width=80) (actual time=370.800..751.556 rows=6 loops=1)
         ->  Nested Loop  (cost=1009.32..7484.17 rows=1 width=69) (actual time=370.720..751.339 rows=6 loops=1)
               ->  Nested Loop  (cost=1009.18..7483.98 rows=1 width=73) (actual time=370.692..751.259 rows=18 loops=1)
                     Join Filter: (t.id = mi_idx.movie_id)
                     ->  Nested Loop  (cost=1008.75..7483.18 rows=1 width=80) (actual time=370.613..751.098 rows=6 loops=1)
                           ->  Nested Loop  (cost=1008.61..7482.99 rows=1 width=84) (actual time=370.521..750.980 rows=6 loops=1)
                                 Join Filter: (t.id = mi.movie_id)
                                 ->  Nested Loop  (cost=1008.17..7465.14 rows=1 width=33) (actual time=370.255..750.138 rows=6 loops=1)
                                       Join Filter: (t.id = ci.movie_id)
                                       ->  Gather  (cost=1007.61..7436.20 rows=1 width=25) (actual time=369.480..752.602 rows=9 loops=1)
                                             Workers Planned: 2
                                             Workers Launched: 2
                                             ->  Nested Loop  (cost=7.61..6436.10 rows=1 width=25) (actual time=380.919..541.444 rows=3 loops=3)
                                                   ->  Nested Loop  (cost=7.18..6379.27 rows=70 width=4) (actual time=6.817..269.786 rows=20699 loops=3)
                                                         ->  Parallel Index Scan using keyword_pkey on keyword k  (cost=0.42..4207.70 rows=2 width=4) (actual time=0.319..44.115 rows=2 loops=3)
                                                               Filter: ((keyword)::text = ANY ('{murder,blood,gore,death,female-nudity}'::text[]))
                                                               Rows Removed by Filter: 44722
                                                         ->  Bitmap Heap Scan on movie_keyword mk  (cost=6.76..1082.78 rows=300 width=8) (actual time=5.322..130.409 rows=12419 loops=5)
                                                               Recheck Cond: (keyword_id = k.id)
                                                               Heap Blocks: exact=12389
                                                               ->  Bitmap Index Scan on keyword_id_movie_keyword  (cost=0.00..6.68 rows=300 width=0) (actual time=4.097..4.097 rows=12419 loops=5)
                                                                     Index Cond: (keyword_id = k.id)
                                                   ->  Index Scan using title_pkey on title t  (cost=0.43..0.81 rows=1 width=21) (actual time=0.012..0.012 rows=0 loops=62096)
                                                         Index Cond: (id = mk.movie_id)
                                                         Filter: ((production_year > 2010) AND ((title)::text ~~ 'Vampire%'::text))
                                                         Rows Removed by Filter: 1
                                       ->  Index Scan using movie_id_cast_info on cast_info ci  (cost=0.56..28.93 rows=1 width=8) (actual time=0.192..0.234 rows=1 loops=9)
                                             Index Cond: (movie_id = mk.movie_id)
                                             Filter: ((note)::text = ANY ('{(writer),"(head writer)","(written by)",(story),"(story editor)"}'::text[]))
                                             Rows Removed by Filter: 21
                                 ->  Index Scan using movie_id_movie_info on movie_info mi  (cost=0.43..17.84 rows=1 width=51) (actual time=0.138..0.138 rows=1 loops=6)
                                       Index Cond: (movie_id = mk.movie_id)
                                       Filter: ((info)::text = 'Horror'::text)
                                       Rows Removed by Filter: 20
                           ->  Index Scan using info_type_pkey on info_type it1  (cost=0.14..0.16 rows=1 width=4) (actual time=0.015..0.015 rows=1 loops=6)
                                 Index Cond: (id = mi.info_type_id)
                                 Filter: ((info)::text = 'genres'::text)
                     ->  Index Scan using movie_id_movie_info_idx on movie_info_idx mi_idx  (cost=0.43..0.77 rows=3 width=13) (actual time=0.023..0.024 rows=3 loops=6)
                           Index Cond: (movie_id = mk.movie_id)
               ->  Index Scan using info_type_pkey on info_type it2  (cost=0.14..0.16 rows=1 width=4) (actual time=0.004..0.004 rows=0 loops=18)
                     Index Cond: (id = mi_idx.info_type_id)
                     Filter: ((info)::text = 'votes'::text)
                     Rows Removed by Filter: 1
         ->  Index Scan using name_pkey on name n  (cost=0.43..1.03 rows=1 width=19) (actual time=0.035..0.035 rows=1 loops=6)
               Index Cond: (id = ci.person_id)
               Filter: ((gender)::text = 'm'::text)
 Planning Time: 28.090 ms
 Execution Time: 756.969 ms
(49 rows)

SET
                                                                                                QUERY PLAN                                                                                                
----------------------------------------------------------------------------------------------------------------------------------------------------------------------------------------------------------
 Aggregate  (cost=8711.77..8711.78 rows=1 width=128) (actual time=30362.819..30362.819 rows=1 loops=1)
   ->  Nested Loop  (cost=1012.03..8711.76 rows=1 width=80) (actual time=14.039..30323.246 rows=26153 loops=1)
         Join Filter: (mi.movie_id = t.id)
         ->  Nested Loop  (cost=1011.60..8710.94 rows=1 width=79) (actual time=13.984..29996.241 rows=26153 loops=1)
               ->  Nested Loop  (cost=1011.17..8709.91 rows=1 width=68) (actual time=13.904..29222.549 rows=42900 loops=1)
                     Join Filter: (mi.movie_id = ci.movie_id)
                     ->  Gather  (cost=1010.61..8680.97 rows=1 width=60) (actual time=10.074..2263.792 rows=63386 loops=1)
                           Workers Planned: 2
                           Workers Launched: 2
                           ->  Nested Loop  (cost=10.61..7680.87 rows=1 width=60) (actual time=7.601..3626.686 rows=21129 loops=3)
                                 ->  Nested Loop  (cost=10.46..7680.52 rows=2 width=64) (actual time=7.577..3547.653 rows=22577 loops=3)
                                       Join Filter: (mi_idx.movie_id = mi.movie_id)
                                       ->  Hash Join  (cost=10.03..7644.40 rows=2 width=13) (actual time=7.350..766.173 rows=21234 loops=3)
                                             Hash Cond: (mi_idx.info_type_id = it2.id)
                                             ->  Nested Loop  (cost=7.61..7641.16 rows=298 width=17) (actual time=7.130..732.295 rows=63896 loops=3)
                                                   ->  Nested Loop  (cost=7.18..7562.69 rows=98 width=4) (actual time=7.053..389.046 rows=25571 loops=3)
                                                         ->  Parallel Index Scan using keyword_pkey on keyword k  (cost=0.42..4347.46 rows=3 width=4) (actual time=0.572..34.584 rows=2 loops=3)
                                                               Filter: ((keyword)::text = ANY ('{murder,violence,blood,gore,death,female-nudity,hospital}'::text[]))
                                                               Rows Removed by Filter: 44721
                                                         ->  Bitmap Heap Scan on movie_keyword mk  (cost=6.76..1068.74 rows=300 width=8) (actual time=4.901..147.278 rows=10959 loops=7)
                                                               Recheck Cond: (keyword_id = k.id)
                                                               Heap Blocks: exact=12389
                                                               ->  Bitmap Index Scan on keyword_id_movie_keyword  (cost=0.00..6.68 rows=300 width=0) (actual time=3.782..3.782 rows=10959 loops=7)
                                                                     Index Cond: (keyword_id = k.id)
                                                   ->  Index Scan using movie_id_movie_info_idx on movie_info_idx mi_idx  (cost=0.43..0.77 rows=3 width=13) (actual time=0.011..0.012 rows=2 loops=76714)
                                                         Index Cond: (movie_id = mk.movie_id)
                                             ->  Hash  (cost=2.41..2.41 rows=1 width=4) (actual time=0.084..0.084 rows=1 loops=3)
                                                   Buckets: 1024  Batches: 1  Memory Usage: 9kB
                                                   ->  Seq Scan on info_type it2  (cost=0.00..2.41 rows=1 width=4) (actual time=0.056..0.059 rows=1 loops=3)
                                                         Filter: ((info)::text = 'votes'::text)
                                                         Rows Removed by Filter: 112
                                       ->  Index Scan using movie_id_movie_info on movie_info mi  (cost=0.43..18.05 rows=1 width=51) (actual time=0.126..0.130 rows=1 loops=63701)
                                             Index Cond: (movie_id = mk.movie_id)
                                             Filter: ((info)::text = ANY ('{Horror,Action,Sci-Fi,Thriller,Crime,War}'::text[]))
                                             Rows Removed by Filter: 58
                                 ->  Index Scan using info_type_pkey on info_type it1  (cost=0.14..0.16 rows=1 width=4) (actual time=0.002..0.002 rows=1 loops=67732)
                                       Index Cond: (id = mi.info_type_id)
                                       Filter: ((info)::text = 'genres'::text)
                                       Rows Removed by Filter: 0
                     ->  Index Scan using movie_id_cast_info on cast_info ci  (cost=0.56..28.93 rows=1 width=8) (actual time=0.338..0.424 rows=1 loops=63386)
                           Index Cond: (movie_id = mk.movie_id)
                           Filter: ((note)::text = ANY ('{(writer),"(head writer)","(written by)",(story),"(story editor)"}'::text[]))
                           Rows Removed by Filter: 63
               ->  Index Scan using name_pkey on name n  (cost=0.43..1.03 rows=1 width=19) (actual time=0.017..0.017 rows=1 loops=42900)
                     Index Cond: (id = ci.person_id)
                     Filter: ((gender)::text = 'm'::text)
                     Rows Removed by Filter: 0
         ->  Index Scan using title_pkey on title t  (cost=0.43..0.81 rows=1 width=21) (actual time=0.011..0.011 rows=1 loops=26153)
               Index Cond: (id = mk.movie_id)
 Planning Time: 28.600 ms
 Execution Time: 30363.905 ms
(51 rows)

SET
                                                                                                      QUERY PLAN                                                                                                      
----------------------------------------------------------------------------------------------------------------------------------------------------------------------------------------------------------------------
 Aggregate  (cost=14697.96..14697.97 rows=1 width=128) (actual time=5675.037..5675.038 rows=1 loops=1)
   ->  Nested Loop  (cost=9.46..14697.95 rows=1 width=53) (actual time=34.305..5671.794 rows=1728 loops=1)
         Join Filter: (cct1.id = cc.subject_id)
         Rows Removed by Join Filter: 471
         ->  Seq Scan on comp_cast_type cct1  (cost=0.00..1.05 rows=1 width=4) (actual time=0.029..0.030 rows=1 loops=1)
               Filter: ((kind)::text = 'cast'::text)
               Rows Removed by Filter: 3
         ->  Nested Loop  (cost=9.46..14696.89 rows=1 width=57) (actual time=34.273..5671.185 rows=2199 loops=1)
               Join Filter: (cct2.id = cc.status_id)
               Rows Removed by Join Filter: 2199
               ->  Seq Scan on comp_cast_type cct2  (cost=0.00..1.05 rows=1 width=4) (actual time=0.009..0.013 rows=2 loops=1)
                     Filter: ((kind)::text ~~ '%complete%'::text)
                     Rows Removed by Filter: 2
               ->  Nested Loop  (cost=9.46..14695.82 rows=1 width=61) (actual time=28.607..2834.861 rows=2199 loops=2)
                     ->  Nested Loop  (cost=9.04..14695.35 rows=1 width=69) (actual time=20.816..2811.459 rows=2929 loops=2)
                           ->  Nested Loop  (cost=8.61..14694.89 rows=1 width=58) (actual time=20.771..2737.018 rows=2929 loops=2)
                                 ->  Nested Loop  (cost=8.18..14688.49 rows=14 width=46) (actual time=20.326..1886.416 rows=105632 loops=2)
                                       Join Filter: (t.id = ci.movie_id)
                                       ->  Nested Loop  (cost=7.62..14686.50 rows=1 width=34) (actual time=20.259..795.123 rows=884 loops=2)
                                             Join Filter: (kt.id = t.kind_id)
                                             Rows Removed by Join Filter: 1016
                                             ->  Seq Scan on kind_type kt  (cost=0.00..1.09 rows=1 width=4) (actual time=0.018..0.021 rows=1 loops=2)
                                                   Filter: ((kind)::text = 'movie'::text)
                                                   Rows Removed by Filter: 6
                                             ->  Nested Loop  (cost=7.62..14685.40 rows=1 width=38) (actual time=1.170..794.436 rows=1900 loops=2)
                                                   ->  Nested Loop  (cost=7.19..14684.91 rows=1 width=13) (actual time=1.134..706.090 rows=3908 loops=2)
                                                         Join Filter: (mi_idx.info_type_id = it2.id)
                                                         Rows Removed by Join Filter: 2713
                                                         ->  Seq Scan on info_type it2  (cost=0.00..2.41 rows=1 width=4) (actual time=0.018..0.021 rows=1 loops=2)
                                                               Filter: ((info)::text = 'rating'::text)
                                                               Rows Removed by Filter: 112
                                                         ->  Nested Loop  (cost=7.19..14680.72 rows=142 width=17) (actual time=1.113..704.056 rows=6621 loops=2)
                                                               ->  Nested Loop  (cost=6.76..14509.57 rows=337 width=4) (actual time=0.887..365.049 rows=24091 loops=2)
                                                                     ->  Seq Scan on keyword k  (cost=0.00..3967.82 rows=10 width=4) (actual time=0.185..53.724 rows=10 loops=2)
                                                                           Filter: ((keyword)::text = ANY ('{superhero,marvel-comics,based-on-comic,tv-special,fight,violence,magnet,web,claw,laser}'::text[]))
                                                                           Rows Removed by Filter: 134160
                                                                     ->  Bitmap Heap Scan on movie_keyword mk  (cost=6.76..1051.17 rows=300 width=8) (actual time=0.991..30.053 rows=2409 loops=20)
                                                                           Recheck Cond: (keyword_id = k.id)
                                                                           Heap Blocks: exact=34254
                                                                           ->  Bitmap Index Scan on keyword_id_movie_keyword  (cost=0.00..6.68 rows=300 width=0) (actual time=0.736..0.736 rows=2409 loops=20)
                                                                                 Index Cond: (keyword_id = k.id)
                                                               ->  Index Scan using movie_id_movie_info_idx on movie_info_idx mi_idx  (cost=0.43..0.50 rows=1 width=13) (actual time=0.013..0.013 rows=0 loops=48182)
                                                                     Index Cond: (movie_id = mk.movie_id)
                                                                     Filter: ((info)::text > '7.0'::text)
                                                                     Rows Removed by Filter: 2
                                                   ->  Index Scan using title_pkey on title t  (cost=0.43..0.49 rows=1 width=25) (actual time=0.022..0.022 rows=0 loops=7816)
                                                         Index Cond: (id = mk.movie_id)
                                                         Filter: (production_year > 2000)
                                                         Rows Removed by Filter: 1
                                       ->  Index Scan using movie_id_cast_info on cast_info ci  (cost=0.56..1.52 rows=37 width=12) (actual time=0.032..1.147 rows=119 loops=1768)
                                             Index Cond: (movie_id = mk.movie_id)
                                 ->  Index Scan using char_name_pkey on char_name chn  (cost=0.43..0.46 rows=1 width=20) (actual time=0.007..0.007 rows=0 loops=211264)
                                       Index Cond: (id = ci.person_role_id)
                                       Filter: ((name IS NOT NULL) AND (((name)::text ~~ '%man%'::text) OR ((name)::text ~~ '%Man%'::text)))
                                       Rows Removed by Filter: 0
                           ->  Index Scan using name_pkey on name n  (cost=0.43..0.45 rows=1 width=19) (actual time=0.024..0.024 rows=1 loops=5858)
                                 Index Cond: (id = ci.person_id)
                     ->  Index Scan using movie_id_complete_cast on complete_cast cc  (cost=0.42..0.46 rows=2 width=12) (actual time=0.006..0.007 rows=1 loops=5858)
                           Index Cond: (movie_id = t.id)
 Planning Time: 89.195 ms
 Execution Time: 5675.828 ms
(61 rows)

SET
                                                                                                      QUERY PLAN                                                                                                      
----------------------------------------------------------------------------------------------------------------------------------------------------------------------------------------------------------------------
 Aggregate  (cost=7402.91..7402.92 rows=1 width=96) (actual time=776.946..776.946 rows=1 loops=1)
   ->  Nested Loop  (cost=9.46..7402.90 rows=1 width=38) (actual time=68.129..776.789 rows=93 loops=1)
         Join Filter: (cct1.id = cc.subject_id)
         Rows Removed by Join Filter: 87
         ->  Seq Scan on comp_cast_type cct1  (cost=0.00..1.05 rows=1 width=4) (actual time=0.024..0.026 rows=1 loops=1)
               Filter: ((kind)::text = 'cast'::text)
               Rows Removed by Filter: 3
         ->  Nested Loop  (cost=9.46..7401.84 rows=1 width=42) (actual time=68.102..776.727 rows=180 loops=1)
               Join Filter: (cct2.id = cc.status_id)
               Rows Removed by Join Filter: 180
               ->  Seq Scan on comp_cast_type cct2  (cost=0.00..1.05 rows=1 width=4) (actual time=0.008..0.011 rows=2 loops=1)
                     Filter: ((kind)::text ~~ '%complete%'::text)
                     Rows Removed by Filter: 2
               ->  Nested Loop  (cost=9.46..7400.78 rows=1 width=46) (actual time=56.474..388.315 rows=180 loops=2)
                     ->  Nested Loop  (cost=9.04..7400.30 rows=1 width=54) (actual time=52.888..387.380 rows=191 loops=2)
                           ->  Nested Loop  (cost=8.61..7399.84 rows=1 width=58) (actual time=52.862..384.336 rows=191 loops=2)
                                 ->  Nested Loop  (cost=8.18..7393.44 rows=14 width=46) (actual time=52.777..348.538 rows=7981 loops=2)
                                       Join Filter: (t.id = ci.movie_id)
                                       ->  Nested Loop  (cost=7.62..7391.45 rows=1 width=34) (actual time=52.752..303.082 rows=31 loops=2)
                                             Join Filter: (kt.id = t.kind_id)
                                             Rows Removed by Join Filter: 167
                                             ->  Seq Scan on kind_type kt  (cost=0.00..1.09 rows=1 width=4) (actual time=0.015..0.017 rows=1 loops=2)
                                                   Filter: ((kind)::text = 'movie'::text)
                                                   Rows Removed by Filter: 6
                                             ->  Nested Loop  (cost=7.62..7390.35 rows=1 width=38) (actual time=1.518..302.994 rows=198 loops=2)
                                                   ->  Nested Loop  (cost=7.19..7389.87 rows=1 width=13) (actual time=1.481..296.139 rows=313 loops=2)
                                                         Join Filter: (mi_idx.info_type_id = it2.id)
                                                         Rows Removed by Join Filter: 613
                                                         ->  Seq Scan on info_type it2  (cost=0.00..2.41 rows=1 width=4) (actual time=0.018..0.021 rows=1 loops=2)
                                                               Filter: ((info)::text = 'rating'::text)
                                                               Rows Removed by Filter: 112
                                                         ->  Nested Loop  (cost=7.19..7387.28 rows=14 width=17) (actual time=1.146..295.873 rows=926 loops=2)
                                                               ->  Nested Loop  (cost=6.76..7318.72 rows=135 width=4) (actual time=0.875..166.503 rows=9984 loops=2)
                                                                     ->  Seq Scan on keyword k  (cost=0.00..2961.55 rows=4 width=4) (actual time=0.136..38.540 rows=4 loops=2)
                                                                           Filter: ((keyword)::text = ANY ('{superhero,marvel-comics,based-on-comic,fight}'::text[]))
                                                                           Rows Removed by Filter: 134166
                                                                     ->  Bitmap Heap Scan on movie_keyword mk  (cost=6.76..1086.29 rows=300 width=8) (actual time=1.022..30.909 rows=2496 loops=8)
                                                                           Recheck Cond: (keyword_id = k.id)
                                                                           Heap Blocks: exact=15372
                                                                           ->  Bitmap Index Scan on keyword_id_movie_keyword  (cost=0.00..6.68 rows=300 width=0) (actual time=0.758..0.758 rows=2496 loops=8)
                                                                                 Index Cond: (keyword_id = k.id)
                                                               ->  Index Scan using movie_id_movie_info_idx on movie_info_idx mi_idx  (cost=0.43..0.50 rows=1 width=13) (actual time=0.012..0.012 rows=0 loops=19968)
                                                                     Index Cond: (movie_id = mk.movie_id)
                                                                     Filter: ((info)::text > '8.0'::text)
                                                                     Rows Removed by Filter: 2
                                                   ->  Index Scan using title_pkey on title t  (cost=0.43..0.49 rows=1 width=25) (actual time=0.021..0.021 rows=1 loops=626)
                                                         Index Cond: (id = mk.movie_id)
                                                         Filter: (production_year > 2005)
                                                         Rows Removed by Filter: 0
                                       ->  Index Scan using movie_id_cast_info on cast_info ci  (cost=0.56..1.52 rows=37 width=12) (actual time=0.031..1.345 rows=257 loops=62)
                                             Index Cond: (movie_id = mk.movie_id)
                                 ->  Index Scan using char_name_pkey on char_name chn  (cost=0.43..0.46 rows=1 width=20) (actual time=0.004..0.004 rows=0 loops=15962)
                                       Index Cond: (id = ci.person_role_id)
                                       Filter: ((name IS NOT NULL) AND (((name)::text ~~ '%man%'::text) OR ((name)::text ~~ '%Man%'::text)))
                                       Rows Removed by Filter: 0
                           ->  Index Only Scan using name_pkey on name n  (cost=0.43..0.45 rows=1 width=4) (actual time=0.015..0.015 rows=1 loops=382)
                                 Index Cond: (id = ci.person_id)
                                 Heap Fetches: 382
                     ->  Index Scan using movie_id_complete_cast on complete_cast cc  (cost=0.42..0.46 rows=2 width=12) (actual time=0.003..0.004 rows=1 loops=382)
                           Index Cond: (movie_id = t.id)
 Planning Time: 87.731 ms
 Execution Time: 777.714 ms
(62 rows)

SET
                                                                                                   QUERY PLAN                                                                                                   
----------------------------------------------------------------------------------------------------------------------------------------------------------------------------------------------------------------
 Aggregate  (cost=14709.67..14709.68 rows=1 width=96) (actual time=9586.380..9586.381 rows=1 loops=1)
   ->  Nested Loop  (cost=9.46..14709.67 rows=1 width=38) (actual time=19.189..9577.986 rows=5400 loops=1)
         Join Filter: (it2.id = mi_idx.info_type_id)
         Rows Removed by Join Filter: 11196
         ->  Seq Scan on info_type it2  (cost=0.00..2.41 rows=1 width=4) (actual time=0.024..0.027 rows=1 loops=1)
               Filter: ((info)::text = 'rating'::text)
               Rows Removed by Filter: 112
         ->  Nested Loop  (cost=9.46..14707.24 rows=1 width=42) (actual time=19.161..9574.975 rows=16596 loops=1)
               Join Filter: (t.id = mi_idx.movie_id)
               ->  Nested Loop  (cost=9.03..14706.72 rows=1 width=49) (actual time=19.110..9513.610 rows=5406 loops=1)
                     ->  Nested Loop  (cost=8.60..14700.32 rows=14 width=37) (actual time=18.070..7799.786 rows=189844 loops=1)
                           ->  Nested Loop  (cost=8.17..14693.95 rows=14 width=41) (actual time=18.036..3964.242 rows=189844 loops=1)
                                 Join Filter: (t.id = ci.movie_id)
                                 ->  Nested Loop  (cost=7.61..14691.96 rows=1 width=29) (actual time=17.954..1708.809 rows=1267 loops=1)
                                       Join Filter: (cct2.id = cc.status_id)
                                       Rows Removed by Join Filter: 1267
                                       ->  Seq Scan on comp_cast_type cct2  (cost=0.00..1.05 rows=1 width=4) (actual time=0.022..0.024 rows=2 loops=1)
                                             Filter: ((kind)::text ~~ '%complete%'::text)
                                             Rows Removed by Filter: 2
                                       ->  Nested Loop  (cost=7.61..14690.90 rows=1 width=33) (actual time=15.532..854.032 rows=1267 loops=2)
                                             Join Filter: (cct1.id = cc.subject_id)
                                             Rows Removed by Join Filter: 218
                                             ->  Seq Scan on comp_cast_type cct1  (cost=0.00..1.05 rows=1 width=4) (actual time=0.005..0.007 rows=1 loops=2)
                                                   Filter: ((kind)::text = 'cast'::text)
                                                   Rows Removed by Filter: 3
                                             ->  Nested Loop  (cost=7.61..14689.84 rows=1 width=37) (actual time=15.522..853.414 rows=1485 loops=2)
                                                   ->  Nested Loop  (cost=7.19..14677.40 rows=26 width=25) (actual time=15.279..810.565 rows=5032 loops=2)
                                                         Join Filter: (kt.id = t.kind_id)
                                                         Rows Removed by Join Filter: 5581
                                                         ->  Seq Scan on kind_type kt  (cost=0.00..1.09 rows=1 width=4) (actual time=0.011..0.013 rows=1 loops=2)
                                                               Filter: ((kind)::text = 'movie'::text)
                                                               Rows Removed by Filter: 6
                                                         ->  Nested Loop  (cost=7.19..14674.02 rows=184 width=29) (actual time=0.936..807.109 rows=10613 loops=2)
                                                               ->  Nested Loop  (cost=6.76..14509.57 rows=337 width=4) (actual time=0.899..369.569 rows=24091 loops=2)
                                                                     ->  Seq Scan on keyword k  (cost=0.00..3967.82 rows=10 width=4) (actual time=0.194..53.706 rows=10 loops=2)
                                                                           Filter: ((keyword)::text = ANY ('{superhero,marvel-comics,based-on-comic,tv-special,fight,violence,magnet,web,claw,laser}'::text[]))
                                                                           Rows Removed by Filter: 134160
                                                                     ->  Bitmap Heap Scan on movie_keyword mk  (cost=6.76..1051.17 rows=300 width=8) (actual time=0.993..30.432 rows=2409 loops=20)
                                                                           Recheck Cond: (keyword_id = k.id)
                                                                           Heap Blocks: exact=34254
                                                                           ->  Bitmap Index Scan on keyword_id_movie_keyword  (cost=0.00..6.68 rows=300 width=0) (actual time=0.741..0.741 rows=2409 loops=20)
                                                                                 Index Cond: (keyword_id = k.id)
                                                               ->  Index Scan using title_pkey on title t  (cost=0.43..0.49 rows=1 width=25) (actual time=0.017..0.017 rows=0 loops=48182)
                                                                     Index Cond: (id = mk.movie_id)
                                                                     Filter: (production_year > 2000)
                                                                     Rows Removed by Filter: 1
                                                   ->  Index Scan using movie_id_complete_cast on complete_cast cc  (cost=0.42..0.46 rows=2 width=12) (actual time=0.007..0.007 rows=0 loops=10064)
                                                         Index Cond: (movie_id = t.id)
                                 ->  Index Scan using movie_id_cast_info on cast_info ci  (cost=0.56..1.52 rows=37 width=12) (actual time=0.034..1.659 rows=150 loops=1267)
                                       Index Cond: (movie_id = mk.movie_id)
                           ->  Index Only Scan using name_pkey on name n  (cost=0.43..0.45 rows=1 width=4) (actual time=0.019..0.019 rows=1 loops=189844)
                                 Index Cond: (id = ci.person_id)
                                 Heap Fetches: 189844
                     ->  Index Scan using char_name_pkey on char_name chn  (cost=0.43..0.46 rows=1 width=20) (actual time=0.008..0.008 rows=0 loops=189844)
                           Index Cond: (id = ci.person_role_id)
                           Filter: ((name IS NOT NULL) AND (((name)::text ~~ '%man%'::text) OR ((name)::text ~~ '%Man%'::text)))
                           Rows Removed by Filter: 0
               ->  Index Scan using movie_id_movie_info_idx on movie_info_idx mi_idx  (cost=0.43..0.48 rows=3 width=13) (actual time=0.008..0.009 rows=3 loops=5406)
                     Index Cond: (movie_id = ci.movie_id)
 Planning Time: 89.130 ms
 Execution Time: 9587.127 ms
(61 rows)

SET
                                                                                                  QUERY PLAN                                                                                                   
---------------------------------------------------------------------------------------------------------------------------------------------------------------------------------------------------------------
 Aggregate  (cost=3759.09..3759.10 rows=1 width=96) (actual time=228.202..228.202 rows=1 loops=1)
   ->  Nested Loop  (cost=9.18..3759.08 rows=1 width=118) (actual time=10.147..227.826 rows=477 loops=1)
         Join Filter: (ml.movie_id = mi.movie_id)
         ->  Nested Loop  (cost=8.74..3757.51 rows=1 width=138) (actual time=9.864..224.593 rows=172 loops=1)
               Join Filter: (cc.subject_id = cct1.id)
               Rows Removed by Join Filter: 57
               ->  Nested Loop  (cost=8.74..3756.43 rows=1 width=142) (actual time=9.852..223.187 rows=172 loops=1)
                     Join Filter: (cct2.id = cc.status_id)
                     Rows Removed by Join Filter: 57
                     ->  Seq Scan on comp_cast_type cct2  (cost=0.00..1.05 rows=1 width=4) (actual time=0.024..0.025 rows=1 loops=1)
                           Filter: ((kind)::text = 'complete'::text)
                           Rows Removed by Filter: 3
                     ->  Nested Loop  (cost=8.74..3755.36 rows=2 width=146) (actual time=9.826..223.107 rows=229 loops=1)
                           Join Filter: (ml.movie_id = cc.movie_id)
                           ->  Nested Loop  (cost=8.32..3754.88 rows=1 width=134) (actual time=6.520..222.149 rows=310 loops=1)
                                 Join Filter: (ml.movie_id = t.id)
                                 ->  Nested Loop  (cost=7.89..3754.38 rows=1 width=113) (actual time=6.454..220.636 rows=402 loops=1)
                                       ->  Nested Loop  (cost=7.47..3753.92 rows=1 width=98) (actual time=5.579..216.588 rows=962 loops=1)
                                             Join Filter: (ct.id = mc.company_type_id)
                                             Rows Removed by Join Filter: 59
                                             ->  Seq Scan on company_type ct  (cost=0.00..1.05 rows=1 width=4) (actual time=0.024..0.026 rows=1 loops=1)
                                                   Filter: ((kind)::text = 'production companies'::text)
                                                   Rows Removed by Filter: 3
                                             ->  Nested Loop  (cost=7.47..3752.83 rows=3 width=102) (actual time=5.554..216.359 rows=1021 loops=1)
                                                   Join Filter: (ml.movie_id = mc.movie_id)
                                                   ->  Nested Loop  (cost=7.04..3752.25 rows=1 width=90) (actual time=5.479..214.173 rows=199 loops=1)
                                                         Join Filter: (lt.id = ml.link_type_id)
                                                         Rows Removed by Join Filter: 303
                                                         ->  Seq Scan on link_type lt  (cost=0.00..1.23 rows=1 width=86) (actual time=0.024..0.033 rows=2 loops=1)
                                                               Filter: ((link)::text ~~ '%follow%'::text)
                                                               Rows Removed by Filter: 16
                                                         ->  Nested Loop  (cost=7.04..3750.90 rows=10 width=12) (actual time=4.815..107.023 rows=251 loops=2)
                                                               ->  Nested Loop  (cost=6.76..3736.45 rows=34 width=4) (actual time=4.796..85.031 rows=10544 loops=2)
                                                                     ->  Seq Scan on keyword k  (cost=0.00..2626.12 rows=1 width=4) (actual time=1.230..17.726 rows=1 loops=2)
                                                                           Filter: ((keyword)::text = 'sequel'::text)
                                                                           Rows Removed by Filter: 134169
                                                                     ->  Bitmap Heap Scan on movie_keyword mk  (cost=6.76..1107.32 rows=300 width=8) (actual time=3.521..64.721 rows=10544 loops=2)
                                                                           Recheck Cond: (keyword_id = k.id)
                                                                           Heap Blocks: exact=11140
                                                                           ->  Bitmap Index Scan on keyword_id_movie_keyword  (cost=0.00..6.68 rows=300 width=0) (actual time=2.698..2.698 rows=10544 loops=2)
                                                                                 Index Cond: (keyword_id = k.id)
                                                               ->  Index Scan using movie_id_movie_link on movie_link ml  (cost=0.29..0.38 rows=5 width=8) (actual time=0.002..0.002 rows=0 loops=21088)
                                                                     Index Cond: (movie_id = mk.movie_id)
                                                   ->  Index Scan using movie_id_movie_companies on movie_companies mc  (cost=0.43..0.54 rows=3 width=12) (actual time=0.007..0.009 rows=5 loops=199)
                                                         Index Cond: (movie_id = mk.movie_id)
                                                         Filter: (note IS NULL)
                                                         Rows Removed by Filter: 2
                                       ->  Index Scan using company_name_pkey on company_name cn  (cost=0.42..0.46 rows=1 width=23) (actual time=0.004..0.004 rows=0 loops=962)
                                             Index Cond: (id = mc.company_id)
                                             Filter: (((country_code)::text <> '[pl]'::text) AND (((name)::text ~~ '%Film%'::text) OR ((name)::text ~~ '%Warner%'::text)))
                                             Rows Removed by Filter: 1
                                 ->  Index Scan using title_pkey on title t  (cost=0.43..0.49 rows=1 width=21) (actual time=0.003..0.003 rows=1 loops=402)
                                       Index Cond: (id = mk.movie_id)
                                       Filter: ((production_year >= 1950) AND (production_year <= 2000))
                                       Rows Removed by Filter: 0
                           ->  Index Scan using movie_id_complete_cast on complete_cast cc  (cost=0.42..0.46 rows=2 width=12) (actual time=0.002..0.002 rows=1 loops=310)
                                 Index Cond: (movie_id = mk.movie_id)
               ->  Seq Scan on comp_cast_type cct1  (cost=0.00..1.05 rows=2 width=4) (actual time=0.002..0.002 rows=1 loops=172)
                     Filter: ((kind)::text = ANY ('{cast,crew}'::text[]))
         ->  Index Scan using movie_id_movie_info on movie_info mi  (cost=0.43..1.56 rows=1 width=4) (actual time=0.014..0.017 rows=3 loops=172)
               Index Cond: (movie_id = mk.movie_id)
               Filter: ((info)::text = ANY ('{Sweden,Germany,Swedish,German}'::text[]))
               Rows Removed by Filter: 17
 Planning Time: 87.607 ms
 Execution Time: 228.933 ms
(65 rows)

SET
                                                                                                         QUERY PLAN                                                                                                          
-----------------------------------------------------------------------------------------------------------------------------------------------------------------------------------------------------------------------------
 Aggregate  (cost=2479.14..2479.15 rows=1 width=96) (actual time=68.535..68.536 rows=1 loops=1)
   ->  Nested Loop  (cost=4.75..2479.13 rows=1 width=118) (actual time=44.469..68.192 rows=247 loops=1)
         Join Filter: (mc.company_type_id = ct.id)
         ->  Nested Loop  (cost=4.75..2478.07 rows=1 width=122) (actual time=44.454..66.144 rows=247 loops=1)
               ->  Nested Loop  (cost=4.33..2457.31 rows=47 width=126) (actual time=44.317..60.638 rows=1919 loops=1)
                     Join Filter: (ml.movie_id = mk.movie_id)
                     ->  Nested Loop  (cost=3.90..2455.35 rows=1 width=142) (actual time=44.261..58.891 rows=247 loops=1)
                           Join Filter: (ml.movie_id = mi.movie_id)
                           ->  Nested Loop  (cost=3.47..2453.33 rows=1 width=138) (actual time=44.151..57.714 rows=95 loops=1)
                                 ->  Nested Loop  (cost=3.05..2451.96 rows=3 width=123) (actual time=44.097..57.015 rows=190 loops=1)
                                       Join Filter: (ml.movie_id = t.id)
                                       ->  Hash Join  (cost=2.62..2365.94 rows=144 width=102) (actual time=3.480..53.675 rows=794 loops=1)
                                             Hash Cond: (ml.link_type_id = lt.id)
                                             ->  Merge Join  (cost=1.38..2356.27 rows=2601 width=24) (actual time=0.870..52.534 rows=7314 loops=1)
                                                   Merge Cond: (mc.movie_id = ml.movie_id)
                                                   ->  Nested Loop  (cost=0.85..33295.88 rows=43182 width=16) (actual time=0.803..37.506 rows=4811 loops=1)
                                                         ->  Nested Loop  (cost=0.42..11074.61 rows=16886 width=4) (actual time=0.145..9.600 rows=5561 loops=1)
                                                               Join Filter: (cct2.id = cc.status_id)
                                                               Rows Removed by Join Filter: 432
                                                               ->  Nested Loop  (cost=0.42..10060.41 rows=67543 width=8) (actual time=0.119..7.555 rows=5993 loops=1)
                                                                     Join Filter: (cct1.id = cc.subject_id)
                                                                     Rows Removed by Join Filter: 2305
                                                                     ->  Index Scan using movie_id_complete_cast on complete_cast cc  (cost=0.42..6344.49 rows=135086 width=12) (actual time=0.083..4.110 rows=5993 loops=1)
                                                                     ->  Materialize  (cost=0.00..1.06 rows=2 width=4) (actual time=0.000..0.000 rows=1 loops=5993)
                                                                           ->  Seq Scan on comp_cast_type cct1  (cost=0.00..1.05 rows=2 width=4) (actual time=0.022..0.023 rows=2 loops=1)
                                                                                 Filter: ((kind)::text = ANY ('{cast,crew}'::text[]))
                                                               ->  Materialize  (cost=0.00..1.05 rows=1 width=4) (actual time=0.000..0.000 rows=1 loops=5993)
                                                                     ->  Seq Scan on comp_cast_type cct2  (cost=0.00..1.05 rows=1 width=4) (actual time=0.016..0.017 rows=1 loops=1)
                                                                           Filter: ((kind)::text = 'complete'::text)
                                                                           Rows Removed by Filter: 3
                                                         ->  Index Scan using movie_id_movie_companies on movie_companies mc  (cost=0.43..1.29 rows=3 width=12) (actual time=0.004..0.005 rows=1 loops=5561)
                                                               Index Cond: (movie_id = cc.movie_id)
                                                               Filter: (note IS NULL)
                                                               Rows Removed by Filter: 2
                                                   ->  Index Scan using movie_id_movie_link on movie_link ml  (cost=0.29..959.51 rows=29997 width=8) (actual time=0.024..9.611 rows=35147 loops=1)
                                             ->  Hash  (cost=1.23..1.23 rows=1 width=86) (actual time=0.047..0.047 rows=2 loops=1)
                                                   Buckets: 1024  Batches: 1  Memory Usage: 9kB
                                                   ->  Seq Scan on link_type lt  (cost=0.00..1.23 rows=1 width=86) (actual time=0.023..0.028 rows=2 loops=1)
                                                         Filter: ((link)::text ~~ '%follow%'::text)
                                                         Rows Removed by Filter: 16
                                       ->  Index Scan using title_pkey on title t  (cost=0.43..0.58 rows=1 width=21) (actual time=0.004..0.004 rows=0 loops=794)
                                             Index Cond: (id = mc.movie_id)
                                             Filter: (production_year = 1998)
                                             Rows Removed by Filter: 1
                                 ->  Index Scan using company_name_pkey on company_name cn  (cost=0.42..0.46 rows=1 width=23) (actual time=0.003..0.003 rows=0 loops=190)
                                       Index Cond: (id = mc.company_id)
                                       Filter: (((country_code)::text <> '[pl]'::text) AND (((name)::text ~~ '%Film%'::text) OR ((name)::text ~~ '%Warner%'::text)))
                                       Rows Removed by Filter: 0
                           ->  Index Scan using movie_id_movie_info on movie_info mi  (cost=0.43..2.02 rows=1 width=4) (actual time=0.008..0.011 rows=3 loops=95)
                                 Index Cond: (movie_id = mc.movie_id)
                                 Filter: ((info)::text = ANY ('{Sweden,Germany,Swedish,German}'::text[]))
                                 Rows Removed by Filter: 10
                     ->  Index Scan using movie_id_movie_keyword on movie_keyword mk  (cost=0.43..1.37 rows=47 width=8) (actual time=0.002..0.005 rows=8 loops=247)
                           Index Cond: (movie_id = mc.movie_id)
               ->  Index Scan using keyword_pkey on keyword k  (cost=0.42..0.44 rows=1 width=4) (actual time=0.002..0.002 rows=0 loops=1919)
                     Index Cond: (id = mk.keyword_id)
                     Filter: ((keyword)::text = 'sequel'::text)
                     Rows Removed by Filter: 1
         ->  Seq Scan on company_type ct  (cost=0.00..1.05 rows=1 width=4) (actual time=0.003..0.003 rows=1 loops=247)
               Filter: ((kind)::text = 'production companies'::text)
               Rows Removed by Filter: 1
 Planning Time: 85.902 ms
 Execution Time: 69.327 ms
(63 rows)

SET
                                                                                                         QUERY PLAN                                                                                                          
-----------------------------------------------------------------------------------------------------------------------------------------------------------------------------------------------------------------------------
 Aggregate  (cost=2071.28..2071.29 rows=1 width=96) (actual time=119.349..119.349 rows=1 loops=1)
   ->  Nested Loop  (cost=3.52..2071.27 rows=1 width=118) (actual time=10.471..118.922 rows=743 loops=1)
         ->  Nested Loop  (cost=3.10..1948.16 rows=279 width=122) (actual time=5.615..90.161 rows=11620 loops=1)
               Join Filter: (ml.movie_id = mk.movie_id)
               ->  Nested Loop  (cost=2.66..1936.64 rows=6 width=138) (actual time=5.561..81.795 rows=1150 loops=1)
                     ->  Nested Loop  (cost=2.24..1920.67 rows=35 width=123) (actual time=2.679..72.509 rows=2871 loops=1)
                           Join Filter: (ml.movie_id = mi.movie_id)
                           ->  Nested Loop  (cost=1.81..1891.16 rows=14 width=119) (actual time=2.357..45.096 rows=763 loops=1)
                                 Join Filter: (mc.company_type_id = ct.id)
                                 Rows Removed by Join Filter: 101
                                 ->  Nested Loop  (cost=1.81..1889.30 rows=54 width=123) (actual time=2.336..44.670 rows=864 loops=1)
                                       Join Filter: (ml.movie_id = t.id)
                                       ->  Nested Loop  (cost=1.38..1846.11 rows=72 width=102) (actual time=2.297..41.003 rows=864 loops=1)
                                             Join Filter: (lt.id = ml.link_type_id)
                                             Rows Removed by Join Filter: 12659
                                             ->  Merge Join  (cost=1.38..1825.36 rows=1301 width=24) (actual time=0.614..36.909 rows=6843 loops=1)
                                                   Merge Cond: (mc.movie_id = ml.movie_id)
                                                   ->  Nested Loop  (cost=0.85..19990.11 rows=21591 width=16) (actual time=0.541..24.478 rows=3202 loops=1)
                                                         ->  Nested Loop  (cost=0.42..8879.47 rows=8443 width=4) (actual time=0.067..8.324 rows=3688 loops=1)
                                                               Join Filter: (cc.subject_id = cct1.id)
                                                               Rows Removed by Join Filter: 2305
                                                               ->  Nested Loop  (cost=0.42..8371.84 rows=33772 width=8) (actual time=0.048..6.171 rows=5993 loops=1)
                                                                     Join Filter: (cct2.id = cc.status_id)
                                                                     Rows Removed by Join Filter: 432
                                                                     ->  Index Scan using movie_id_complete_cast on complete_cast cc  (cost=0.42..6344.49 rows=135086 width=12) (actual time=0.009..3.481 rows=5993 loops=1)
                                                                     ->  Materialize  (cost=0.00..1.05 rows=1 width=4) (actual time=0.000..0.000 rows=1 loops=5993)
                                                                           ->  Seq Scan on comp_cast_type cct2  (cost=0.00..1.05 rows=1 width=4) (actual time=0.023..0.024 rows=2 loops=1)
                                                                                 Filter: ((kind)::text ~~ 'complete%'::text)
                                                                                 Rows Removed by Filter: 2
                                                               ->  Materialize  (cost=0.00..1.05 rows=1 width=4) (actual time=0.000..0.000 rows=1 loops=5993)
                                                                     ->  Seq Scan on comp_cast_type cct1  (cost=0.00..1.05 rows=1 width=4) (actual time=0.008..0.009 rows=1 loops=1)
                                                                           Filter: ((kind)::text = 'cast'::text)
                                                                           Rows Removed by Filter: 3
                                                         ->  Index Scan using movie_id_movie_companies on movie_companies mc  (cost=0.43..1.29 rows=3 width=12) (actual time=0.004..0.004 rows=1 loops=3688)
                                                               Index Cond: (movie_id = cc.movie_id)
                                                               Filter: (note IS NULL)
                                                               Rows Removed by Filter: 2
                                                   ->  Index Scan using movie_id_movie_link on movie_link ml  (cost=0.29..959.51 rows=29997 width=8) (actual time=0.023..7.380 rows=33905 loops=1)
                                             ->  Materialize  (cost=0.00..1.23 rows=1 width=86) (actual time=0.000..0.000 rows=2 loops=6843)
                                                   ->  Seq Scan on link_type lt  (cost=0.00..1.23 rows=1 width=86) (actual time=0.027..0.031 rows=2 loops=1)
                                                         Filter: ((link)::text ~~ '%follow%'::text)
                                                         Rows Removed by Filter: 16
                                       ->  Index Scan using title_pkey on title t  (cost=0.43..0.59 rows=1 width=21) (actual time=0.004..0.004 rows=1 loops=864)
                                             Index Cond: (id = mc.movie_id)
                                             Filter: ((production_year >= 1950) AND (production_year <= 2010))
                                 ->  Materialize  (cost=0.00..1.05 rows=1 width=4) (actual time=0.000..0.000 rows=1 loops=864)
                                       ->  Seq Scan on company_type ct  (cost=0.00..1.05 rows=1 width=4) (actual time=0.009..0.011 rows=1 loops=1)
                                             Filter: ((kind)::text = 'production companies'::text)
                                             Rows Removed by Filter: 3
                           ->  Index Scan using movie_id_movie_info on movie_info mi  (cost=0.43..2.07 rows=3 width=4) (actual time=0.031..0.035 rows=4 loops=763)
                                 Index Cond: (movie_id = t.id)
                                 Filter: ((info)::text = ANY ('{Sweden,Norway,Germany,Denmark,Swedish,Denish,Norwegian,German,English}'::text[]))
                                 Rows Removed by Filter: 31
                     ->  Index Scan using company_name_pkey on company_name cn  (cost=0.42..0.46 rows=1 width=23) (actual time=0.003..0.003 rows=0 loops=2871)
                           Index Cond: (id = mc.company_id)
                           Filter: (((country_code)::text <> '[pl]'::text) AND (((name)::text ~~ '%Film%'::text) OR ((name)::text ~~ '%Warner%'::text)))
                           Rows Removed by Filter: 1
               ->  Index Scan using movie_id_movie_keyword on movie_keyword mk  (cost=0.43..1.33 rows=47 width=8) (actual time=0.003..0.004 rows=10 loops=1150)
                     Index Cond: (movie_id = t.id)
         ->  Index Scan using keyword_pkey on keyword k  (cost=0.42..0.44 rows=1 width=4) (actual time=0.002..0.002 rows=0 loops=11620)
               Index Cond: (id = mk.keyword_id)
               Filter: ((keyword)::text = 'sequel'::text)
               Rows Removed by Filter: 1
 Planning Time: 85.349 ms
 Execution Time: 120.126 ms
(65 rows)

SET
                                                                                                        QUERY PLAN                                                                                                         
---------------------------------------------------------------------------------------------------------------------------------------------------------------------------------------------------------------------------
 Aggregate  (cost=7410.76..7410.77 rows=1 width=96) (actual time=1683.978..1683.978 rows=1 loops=1)
   ->  Nested Loop  (cost=9.32..7410.76 rows=1 width=41) (actual time=11.565..1678.165 rows=4803 loops=1)
         ->  Nested Loop  (cost=8.90..7410.21 rows=1 width=26) (actual time=11.537..1632.012 rows=4955 loops=1)
               Join Filter: (ct.id = mc.company_type_id)
               ->  Nested Loop  (cost=8.90..7409.12 rows=1 width=30) (actual time=11.519..1593.929 rows=4955 loops=1)
                     Join Filter: (t.id = mc.movie_id)
                     ->  Nested Loop  (cost=8.47..7408.54 rows=1 width=42) (actual time=11.470..1567.948 rows=432 loops=1)
                           Join Filter: (it1.id = mi.info_type_id)
                           Rows Removed by Join Filter: 49
                           ->  Seq Scan on info_type it1  (cost=0.00..2.41 rows=1 width=4) (actual time=0.014..0.026 rows=1 loops=1)
                                 Filter: ((info)::text = 'countries'::text)
                                 Rows Removed by Filter: 112
                           ->  Nested Loop  (cost=8.47..7406.11 rows=1 width=46) (actual time=11.453..1567.753 rows=481 loops=1)
                                 Join Filter: (t.id = mi.movie_id)
                                 ->  Nested Loop  (cost=8.04..7404.21 rows=1 width=38) (actual time=11.315..1424.765 rows=473 loops=1)
                                       Join Filter: (cc.subject_id = cct1.id)
                                       Rows Removed by Join Filter: 1570
                                       ->  Nested Loop  (cost=8.04..7403.15 rows=1 width=42) (actual time=11.268..1407.864 rows=2043 loops=1)
                                             Join Filter: (cct2.id = cc.status_id)
                                             Rows Removed by Join Filter: 6987
                                             ->  Nested Loop  (cost=8.04..7402.06 rows=1 width=46) (actual time=11.244..1381.003 rows=3010 loops=1)
                                                   ->  Nested Loop  (cost=7.62..7401.59 rows=1 width=34) (actual time=7.543..1317.960 rows=9301 loops=1)
                                                         Join Filter: (it2.id = mi_idx.info_type_id)
                                                         Rows Removed by Join Filter: 18529
                                                         ->  Seq Scan on info_type it2  (cost=0.00..2.41 rows=1 width=4) (actual time=0.019..0.023 rows=1 loops=1)
                                                               Filter: ((info)::text = 'rating'::text)
                                                               Rows Removed by Filter: 112
                                                         ->  Nested Loop  (cost=7.62..7399.04 rows=11 width=38) (actual time=7.520..1312.992 rows=27830 loops=1)
                                                               Join Filter: (t.id = mi_idx.movie_id)
                                                               ->  Nested Loop  (cost=7.19..7387.79 rows=21 width=25) (actual time=7.468..1103.405 rows=11686 loops=1)
                                                                     Join Filter: (kt.id = t.kind_id)
                                                                     Rows Removed by Join Filter: 7484
                                                                     ->  Nested Loop  (cost=7.19..7384.59 rows=74 width=29) (actual time=7.314..1088.036 rows=14771 loops=1)
                                                                           ->  Nested Loop  (cost=6.76..7318.72 rows=135 width=4) (actual time=7.271..524.614 rows=37091 loops=1)
                                                                                 ->  Seq Scan on keyword k  (cost=0.00..2961.55 rows=4 width=4) (actual time=1.466..38.313 rows=3 loops=1)
                                                                                       Filter: ((keyword)::text = ANY ('{murder,murder-in-title,blood,violence}'::text[]))
                                                                                       Rows Removed by Filter: 134167
                                                                                 ->  Bitmap Heap Scan on movie_keyword mk  (cost=6.76..1086.29 rows=300 width=8) (actual time=5.079..156.467 rows=12364 loops=3)
                                                                                       Recheck Cond: (keyword_id = k.id)
                                                                                       Heap Blocks: exact=26312
                                                                                       ->  Bitmap Index Scan on keyword_id_movie_keyword  (cost=0.00..6.68 rows=300 width=0) (actual time=3.759..3.759 rows=12364 loops=3)
                                                                                             Index Cond: (keyword_id = k.id)
                                                                           ->  Index Scan using title_pkey on title t  (cost=0.43..0.49 rows=1 width=25) (actual time=0.014..0.014 rows=0 loops=37091)
                                                                                 Index Cond: (id = mk.movie_id)
                                                                                 Filter: (production_year > 2000)
                                                                                 Rows Removed by Filter: 1
                                                                     ->  Materialize  (cost=0.00..1.10 rows=2 width=4) (actual time=0.000..0.000 rows=1 loops=14771)
                                                                           ->  Seq Scan on kind_type kt  (cost=0.00..1.09 rows=2 width=4) (actual time=0.023..0.025 rows=2 loops=1)
                                                                                 Filter: ((kind)::text = ANY ('{movie,episode}'::text[]))
                                                                                 Rows Removed by Filter: 5
                                                               ->  Index Scan using movie_id_movie_info_idx on movie_info_idx mi_idx  (cost=0.43..0.50 rows=3 width=13) (actual time=0.015..0.016 rows=2 loops=11686)
                                                                     Index Cond: (movie_id = mk.movie_id)
                                                                     Filter: ((info)::text < '8.5'::text)
                                                                     Rows Removed by Filter: 0
                                                   ->  Index Scan using movie_id_complete_cast on complete_cast cc  (cost=0.42..0.46 rows=2 width=12) (actual time=0.005..0.006 rows=0 loops=9301)
                                                         Index Cond: (movie_id = t.id)
                                             ->  Seq Scan on comp_cast_type cct2  (cost=0.00..1.05 rows=3 width=4) (actual time=0.002..0.003 rows=3 loops=3010)
                                                   Filter: ((kind)::text <> 'complete+verified'::text)
                                                   Rows Removed by Filter: 0
                                       ->  Seq Scan on comp_cast_type cct1  (cost=0.00..1.05 rows=1 width=4) (actual time=0.002..0.003 rows=1 loops=2043)
                                             Filter: ((kind)::text = 'crew'::text)
                                             Rows Removed by Filter: 3
                                 ->  Index Scan using movie_id_movie_info on movie_info mi  (cost=0.43..1.87 rows=2 width=8) (actual time=0.260..0.301 rows=1 loops=473)
                                       Index Cond: (movie_id = mk.movie_id)
                                       Filter: ((info)::text = ANY ('{Sweden,Norway,Germany,Denmark,Swedish,Danish,Norwegian,German,USA,American}'::text[]))
                                       Rows Removed by Filter: 139
                     ->  Index Scan using movie_id_movie_companies on movie_companies mc  (cost=0.43..0.57 rows=1 width=12) (actual time=0.027..0.054 rows=11 loops=432)
                           Index Cond: (movie_id = mk.movie_id)
                           Filter: (((note)::text !~~ '%(USA)%'::text) AND ((note)::text ~~ '%(200%)%'::text))
                           Rows Removed by Filter: 10
               ->  Seq Scan on company_type ct  (cost=0.00..1.04 rows=4 width=4) (actual time=0.002..0.002 rows=1 loops=4955)
         ->  Index Scan using company_name_pkey on company_name cn  (cost=0.42..0.55 rows=1 width=23) (actual time=0.008..0.008 rows=1 loops=4955)
               Index Cond: (id = mc.company_id)
               Filter: ((country_code)::text <> '[us]'::text)
               Rows Removed by Filter: 0
 Planning Time: 109.535 ms
 Execution Time: 1684.826 ms
(77 rows)

SET
                                                                                                            QUERY PLAN                                                                                                            
----------------------------------------------------------------------------------------------------------------------------------------------------------------------------------------------------------------------------------
 Aggregate  (cost=7401.26..7401.27 rows=1 width=96) (actual time=1274.435..1274.435 rows=1 loops=1)
   ->  Nested Loop  (cost=9.32..7401.25 rows=1 width=41) (actual time=17.253..1274.181 rows=148 loops=1)
         ->  Nested Loop  (cost=8.90..7400.70 rows=1 width=26) (actual time=17.191..1271.632 rows=150 loops=1)
               Join Filter: (ct.id = mc.company_type_id)
               ->  Nested Loop  (cost=8.90..7399.61 rows=1 width=30) (actual time=17.169..1270.438 rows=150 loops=1)
                     Join Filter: (t.id = mc.movie_id)
                     ->  Nested Loop  (cost=8.47..7399.03 rows=1 width=42) (actual time=17.107..1269.233 rows=13 loops=1)
                           Join Filter: (it1.id = mi.info_type_id)
                           Rows Removed by Join Filter: 7
                           ->  Seq Scan on info_type it1  (cost=0.00..2.41 rows=1 width=4) (actual time=0.014..0.027 rows=1 loops=1)
                                 Filter: ((info)::text = 'countries'::text)
                                 Rows Removed by Filter: 112
                           ->  Nested Loop  (cost=8.47..7396.60 rows=1 width=46) (actual time=17.090..1269.192 rows=20 loops=1)
                                 Join Filter: (t.id = mi.movie_id)
                                 ->  Nested Loop  (cost=8.04..7395.03 rows=1 width=38) (actual time=12.479..1227.368 rows=179 loops=1)
                                       Join Filter: (cct2.id = cc.status_id)
                                       Rows Removed by Join Filter: 394
                                       ->  Nested Loop  (cost=8.04..7393.94 rows=1 width=42) (actual time=12.467..1225.642 rows=191 loops=1)
                                             Join Filter: (cct1.id = cc.subject_id)
                                             Rows Removed by Join Filter: 689
                                             ->  Seq Scan on comp_cast_type cct1  (cost=0.00..1.05 rows=1 width=4) (actual time=0.021..0.023 rows=1 loops=1)
                                                   Filter: ((kind)::text = 'crew'::text)
                                                   Rows Removed by Filter: 3
                                             ->  Nested Loop  (cost=8.04..7392.88 rows=1 width=46) (actual time=12.425..1225.350 rows=880 loops=1)
                                                   ->  Nested Loop  (cost=7.62..7392.40 rows=1 width=34) (actual time=8.112..1203.568 rows=2312 loops=1)
                                                         Join Filter: (kt.id = t.kind_id)
                                                         Rows Removed by Join Filter: 1695
                                                         ->  Nested Loop  (cost=7.62..7391.29 rows=1 width=38) (actual time=7.874..1177.541 rows=2835 loops=1)
                                                               ->  Nested Loop  (cost=7.19..7390.80 rows=1 width=13) (actual time=7.836..969.288 rows=11708 loops=1)
                                                                     Join Filter: (it2.id = mi_idx.info_type_id)
                                                                     Rows Removed by Join Filter: 5912
                                                                     ->  Seq Scan on info_type it2  (cost=0.00..2.41 rows=1 width=4) (actual time=0.019..0.022 rows=1 loops=1)
                                                                           Filter: ((info)::text = 'rating'::text)
                                                                           Rows Removed by Filter: 112
                                                                     ->  Nested Loop  (cost=7.19..7387.28 rows=89 width=17) (actual time=7.815..964.027 rows=17620 loops=1)
                                                                           ->  Nested Loop  (cost=6.76..7318.72 rows=135 width=4) (actual time=7.768..525.066 rows=37091 loops=1)
                                                                                 ->  Seq Scan on keyword k  (cost=0.00..2961.55 rows=4 width=4) (actual time=1.962..38.573 rows=3 loops=1)
                                                                                       Filter: ((keyword)::text = ANY ('{murder,murder-in-title,blood,violence}'::text[]))
                                                                                       Rows Removed by Filter: 134167
                                                                                 ->  Bitmap Heap Scan on movie_keyword mk  (cost=6.76..1086.29 rows=300 width=8) (actual time=5.018..156.955 rows=12364 loops=3)
                                                                                       Recheck Cond: (keyword_id = k.id)
                                                                                       Heap Blocks: exact=26312
                                                                                       ->  Bitmap Index Scan on keyword_id_movie_keyword  (cost=0.00..6.68 rows=300 width=0) (actual time=3.728..3.728 rows=12364 loops=3)
                                                                                             Index Cond: (keyword_id = k.id)
                                                                           ->  Index Scan using movie_id_movie_info_idx on movie_info_idx mi_idx  (cost=0.43..0.50 rows=1 width=13) (actual time=0.011..0.011 rows=0 loops=37091)
                                                                                 Index Cond: (movie_id = mk.movie_id)
                                                                                 Filter: ((info)::text > '6.5'::text)
                                                                                 Rows Removed by Filter: 2
                                                               ->  Index Scan using title_pkey on title t  (cost=0.43..0.49 rows=1 width=25) (actual time=0.017..0.017 rows=0 loops=11708)
                                                                     Index Cond: (id = mk.movie_id)
                                                                     Filter: (production_year > 2005)
                                                                     Rows Removed by Filter: 1
                                                         ->  Seq Scan on kind_type kt  (cost=0.00..1.09 rows=2 width=4) (actual time=0.003..0.003 rows=1 loops=2835)
                                                               Filter: ((kind)::text = ANY ('{movie,episode}'::text[]))
                                                               Rows Removed by Filter: 2
                                                   ->  Index Scan using movie_id_complete_cast on complete_cast cc  (cost=0.42..0.46 rows=2 width=12) (actual time=0.007..0.008 rows=0 loops=2312)
                                                         Index Cond: (movie_id = t.id)
                                       ->  Seq Scan on comp_cast_type cct2  (cost=0.00..1.05 rows=3 width=4) (actual time=0.002..0.003 rows=3 loops=191)
                                             Filter: ((kind)::text <> 'complete+verified'::text)
                                             Rows Removed by Filter: 0
                                 ->  Index Scan using movie_id_movie_info on movie_info mi  (cost=0.43..1.56 rows=1 width=8) (actual time=0.223..0.232 rows=0 loops=179)
                                       Index Cond: (movie_id = mk.movie_id)
                                       Filter: ((info)::text = ANY ('{Sweden,Germany,Swedish,German}'::text[]))
                                       Rows Removed by Filter: 130
                     ->  Index Scan using movie_id_movie_companies on movie_companies mc  (cost=0.43..0.57 rows=1 width=12) (actual time=0.047..0.086 rows=12 loops=13)
                           Index Cond: (movie_id = mk.movie_id)
                           Filter: (((note)::text !~~ '%(USA)%'::text) AND ((note)::text ~~ '%(200%)%'::text))
                           Rows Removed by Filter: 17
               ->  Seq Scan on company_type ct  (cost=0.00..1.04 rows=4 width=4) (actual time=0.002..0.002 rows=1 loops=150)
         ->  Index Scan using company_name_pkey on company_name cn  (cost=0.42..0.55 rows=1 width=23) (actual time=0.015..0.015 rows=1 loops=150)
               Index Cond: (id = mc.company_id)
               Filter: ((country_code)::text <> '[us]'::text)
               Rows Removed by Filter: 0
 Planning Time: 111.341 ms
 Execution Time: 1275.266 ms
(75 rows)

SET
                                                                                                        QUERY PLAN                                                                                                         
---------------------------------------------------------------------------------------------------------------------------------------------------------------------------------------------------------------------------
 Aggregate  (cost=7408.04..7408.05 rows=1 width=96) (actual time=4469.643..4469.643 rows=1 loops=1)
   ->  Nested Loop  (cost=9.32..7408.03 rows=1 width=41) (actual time=12.645..4458.411 rows=8373 loops=1)
         Join Filter: (mc.company_type_id = ct.id)
         ->  Nested Loop  (cost=9.32..7406.94 rows=1 width=45) (actual time=12.624..4393.786 rows=8373 loops=1)
               Join Filter: (it1.id = mi.info_type_id)
               Rows Removed by Join Filter: 1116
               ->  Seq Scan on info_type it1  (cost=0.00..2.41 rows=1 width=4) (actual time=0.013..0.025 rows=1 loops=1)
                     Filter: ((info)::text = 'countries'::text)
                     Rows Removed by Filter: 112
               ->  Nested Loop  (cost=9.32..7404.51 rows=1 width=49) (actual time=12.609..4391.489 rows=9489 loops=1)
                     Join Filter: (t.id = mi.movie_id)
                     ->  Nested Loop  (cost=8.88..7402.62 rows=1 width=65) (actual time=12.464..3452.848 rows=8156 loops=1)
                           Join Filter: (cc.subject_id = cct1.id)
                           Rows Removed by Join Filter: 1453
                           ->  Nested Loop  (cost=8.88..7401.55 rows=1 width=69) (actual time=12.453..3375.926 rows=9609 loops=1)
                                 Join Filter: (cct2.id = cc.status_id)
                                 Rows Removed by Join Filter: 5617
                                 ->  Seq Scan on comp_cast_type cct2  (cost=0.00..1.05 rows=1 width=4) (actual time=0.022..0.024 rows=1 loops=1)
                                       Filter: ((kind)::text = 'complete'::text)
                                       Rows Removed by Filter: 3
                                 ->  Nested Loop  (cost=8.88..7400.49 rows=1 width=73) (actual time=12.429..3371.976 rows=15226 loops=1)
                                       ->  Nested Loop  (cost=8.46..7400.01 rows=1 width=61) (actual time=12.384..3235.452 rows=23425 loops=1)
                                             Join Filter: (mi_idx.info_type_id = it2.id)
                                             Rows Removed by Join Filter: 46773
                                             ->  Nested Loop  (cost=8.46..7397.59 rows=1 width=65) (actual time=11.164..1816.206 rows=70198 loops=1)
                                                   Join Filter: (t.id = mi_idx.movie_id)
                                                   ->  Nested Loop  (cost=8.04..7397.05 rows=1 width=52) (actual time=11.117..1600.613 rows=23902 loops=1)
                                                         ->  Nested Loop  (cost=7.62..7396.50 rows=1 width=37) (actual time=11.078..1434.570 rows=25853 loops=1)
                                                               Join Filter: (t.id = mc.movie_id)
                                                               ->  Nested Loop  (cost=7.19..7387.25 rows=16 width=25) (actual time=8.006..1138.262 rows=8073 loops=1)
                                                                     Join Filter: (t.kind_id = kt.id)
                                                                     Rows Removed by Join Filter: 4332
                                                                     ->  Nested Loop  (cost=7.19..7384.59 rows=55 width=29) (actual time=7.842..1127.306 rows=9739 loops=1)
                                                                           ->  Nested Loop  (cost=6.76..7318.72 rows=135 width=4) (actual time=7.797..541.765 rows=37091 loops=1)
                                                                                 ->  Seq Scan on keyword k  (cost=0.00..2961.55 rows=4 width=4) (actual time=1.946..38.526 rows=3 loops=1)
                                                                                       Filter: ((keyword)::text = ANY ('{murder,murder-in-title,blood,violence}'::text[]))
                                                                                       Rows Removed by Filter: 134167
                                                                                 ->  Bitmap Heap Scan on movie_keyword mk  (cost=6.76..1086.29 rows=300 width=8) (actual time=5.096..161.809 rows=12364 loops=3)
                                                                                       Recheck Cond: (keyword_id = k.id)
                                                                                       Heap Blocks: exact=26312
                                                                                       ->  Bitmap Index Scan on keyword_id_movie_keyword  (cost=0.00..6.68 rows=300 width=0) (actual time=3.786..3.786 rows=12364 loops=3)
                                                                                             Index Cond: (keyword_id = k.id)
                                                                           ->  Index Scan using title_pkey on title t  (cost=0.43..0.49 rows=1 width=25) (actual time=0.015..0.015 rows=0 loops=37091)
                                                                                 Index Cond: (id = mk.movie_id)
                                                                                 Filter: (production_year > 2005)
                                                                                 Rows Removed by Filter: 1
                                                                     ->  Materialize  (cost=0.00..1.10 rows=2 width=4) (actual time=0.000..0.000 rows=1 loops=9739)
                                                                           ->  Seq Scan on kind_type kt  (cost=0.00..1.09 rows=2 width=4) (actual time=0.024..0.026 rows=2 loops=1)
                                                                                 Filter: ((kind)::text = ANY ('{movie,episode}'::text[]))
                                                                                 Rows Removed by Filter: 5
                                                               ->  Index Scan using movie_id_movie_companies on movie_companies mc  (cost=0.43..0.57 rows=1 width=12) (actual time=0.025..0.035 rows=3 loops=8073)
                                                                     Index Cond: (movie_id = mk.movie_id)
                                                                     Filter: (((note)::text !~~ '%(USA)%'::text) AND ((note)::text ~~ '%(200%)%'::text))
                                                                     Rows Removed by Filter: 7
                                                         ->  Index Scan using company_name_pkey on company_name cn  (cost=0.42..0.55 rows=1 width=23) (actual time=0.006..0.006 rows=1 loops=25853)
                                                               Index Cond: (id = mc.company_id)
                                                               Filter: ((country_code)::text <> '[us]'::text)
                                                               Rows Removed by Filter: 0
                                                   ->  Index Scan using movie_id_movie_info_idx on movie_info_idx mi_idx  (cost=0.43..0.50 rows=3 width=13) (actual time=0.005..0.008 rows=3 loops=23902)
                                                         Index Cond: (movie_id = mk.movie_id)
                                                         Filter: ((info)::text < '8.5'::text)
                                                         Rows Removed by Filter: 0
                                             ->  Seq Scan on info_type it2  (cost=0.00..2.41 rows=1 width=4) (actual time=0.014..0.015 rows=1 loops=70198)
                                                   Filter: ((info)::text = 'rating'::text)
                                                   Rows Removed by Filter: 108
                                       ->  Index Scan using movie_id_complete_cast on complete_cast cc  (cost=0.42..0.46 rows=2 width=12) (actual time=0.004..0.005 rows=1 loops=23425)
                                             Index Cond: (movie_id = t.id)
                           ->  Seq Scan on comp_cast_type cct1  (cost=0.00..1.05 rows=1 width=4) (actual time=0.002..0.002 rows=1 loops=9609)
                                 Filter: ((kind)::text = 'cast'::text)
                                 Rows Removed by Filter: 0
                     ->  Index Scan using movie_id_movie_info on movie_info mi  (cost=0.43..1.87 rows=2 width=8) (actual time=0.095..0.114 rows=1 loops=8156)
                           Index Cond: (movie_id = mk.movie_id)
                           Filter: ((info)::text = ANY ('{Sweden,Norway,Germany,Denmark,Swedish,Danish,Norwegian,German,USA,American}'::text[]))
                           Rows Removed by Filter: 206
         ->  Seq Scan on company_type ct  (cost=0.00..1.04 rows=4 width=4) (actual time=0.002..0.002 rows=1 loops=8373)
 Planning Time: 112.561 ms
 Execution Time: 4470.511 ms
(77 rows)

SET
                                                                                                                QUERY PLAN                                                                                                                 
-------------------------------------------------------------------------------------------------------------------------------------------------------------------------------------------------------------------------------------------
 Aggregate  (cost=3946.87..3946.88 rows=1 width=96) (actual time=61.599..61.600 rows=1 loops=1)
   ->  Nested Loop  (cost=11.17..3946.87 rows=1 width=48) (actual time=19.217..61.078 rows=1620 loops=1)
         Join Filter: (it3.id = pi.info_type_id)
         Rows Removed by Join Filter: 3270
         ->  Seq Scan on info_type it3  (cost=0.00..2.41 rows=1 width=4) (actual time=0.017..0.027 rows=1 loops=1)
               Filter: ((info)::text = 'trivia'::text)
               Rows Removed by Filter: 112
         ->  Nested Loop  (cost=11.17..3944.44 rows=1 width=52) (actual time=19.159..60.539 rows=4890 loops=1)
               Join Filter: (n.id = pi.person_id)
               ->  Nested Loop  (cost=10.74..3924.23 rows=1 width=60) (actual time=19.086..58.126 rows=30 loops=1)
                     Join Filter: (it.id = mi.info_type_id)
                     ->  Seq Scan on info_type it  (cost=0.00..2.41 rows=1 width=4) (actual time=0.012..0.022 rows=1 loops=1)
                           Filter: ((info)::text = 'release dates'::text)
                           Rows Removed by Filter: 112
                     ->  Nested Loop  (cost=10.74..3921.81 rows=1 width=64) (actual time=19.072..58.094 rows=30 loops=1)
                           Join Filter: (t.id = mi.movie_id)
                           ->  Nested Loop  (cost=10.31..3878.76 rows=1 width=80) (actual time=18.899..55.263 rows=15 loops=1)
                                 Join Filter: (cct2.id = cc.status_id)
                                 ->  Seq Scan on comp_cast_type cct2  (cost=0.00..1.05 rows=1 width=4) (actual time=0.020..0.021 rows=1 loops=1)
                                       Filter: ((kind)::text = 'complete+verified'::text)
                                       Rows Removed by Filter: 3
                                 ->  Nested Loop  (cost=10.31..3877.70 rows=1 width=84) (actual time=18.877..55.235 rows=15 loops=1)
                                       Join Filter: (cct1.id = cc.subject_id)
                                       ->  Seq Scan on comp_cast_type cct1  (cost=0.00..1.05 rows=1 width=4) (actual time=0.007..0.009 rows=1 loops=1)
                                             Filter: ((kind)::text = 'cast'::text)
                                             Rows Removed by Filter: 3
                                       ->  Nested Loop  (cost=10.31..3876.64 rows=1 width=88) (actual time=18.867..55.220 rows=15 loops=1)
                                             Join Filter: (t.id = cc.movie_id)
                                             ->  Nested Loop  (cost=9.89..3873.84 rows=1 width=76) (actual time=18.823..55.128 rows=15 loops=1)
                                                   ->  Nested Loop  (cost=9.46..3871.53 rows=1 width=57) (actual time=18.746..54.986 rows=15 loops=1)
                                                         ->  Nested Loop  (cost=9.04..3869.51 rows=1 width=61) (actual time=18.698..54.314 rows=66 loops=1)
                                                               ->  Nested Loop  (cost=8.61..3865.49 rows=1 width=49) (actual time=18.619..52.986 rows=352 loops=1)
                                                                     Join Filter: (rt.id = ci.role_id)
                                                                     Rows Removed by Join Filter: 1100
                                                                     ->  Seq Scan on role_type rt  (cost=0.00..1.15 rows=1 width=4) (actual time=0.024..0.027 rows=1 loops=1)
                                                                           Filter: ((role)::text = 'actress'::text)
                                                                           Rows Removed by Filter: 11
                                                                     ->  Nested Loop  (cost=8.61..3864.32 rows=2 width=53) (actual time=17.577..52.767 rows=1452 loops=1)
                                                                           ->  Nested Loop  (cost=8.18..3861.40 rows=1 width=49) (actual time=17.427..48.999 rows=836 loops=1)
                                                                                 Join Filter: (t.id = ci.movie_id)
                                                                                 ->  Nested Loop  (cost=7.62..3813.81 rows=1 width=33) (actual time=17.345..41.996 rows=22 loops=1)
                                                                                       Join Filter: (t.id = mc.movie_id)
                                                                                       ->  Nested Loop  (cost=7.19..3808.95 rows=1 width=25) (actual time=17.239..41.852 rows=1 loops=1)
                                                                                             ->  Nested Loop  (cost=6.76..3736.45 rows=34 width=4) (actual time=0.329..28.335 rows=414 loops=1)
                                                                                                   ->  Seq Scan on keyword k  (cost=0.00..2626.12 rows=1 width=4) (actual time=0.107..20.293 rows=1 loops=1)
                                                                                                         Filter: ((keyword)::text = 'computer-animation'::text)
                                                                                                         Rows Removed by Filter: 134169
                                                                                                   ->  Bitmap Heap Scan on movie_keyword mk  (cost=6.76..1107.32 rows=300 width=8) (actual time=0.215..7.814 rows=414 loops=1)
                                                                                                         Recheck Cond: (keyword_id = k.id)
                                                                                                         Heap Blocks: exact=358
                                                                                                         ->  Bitmap Index Scan on keyword_id_movie_keyword  (cost=0.00..6.68 rows=300 width=0) (actual time=0.147..0.147 rows=414 loops=1)
                                                                                                               Index Cond: (keyword_id = k.id)
                                                                                             ->  Index Scan using title_pkey on title t  (cost=0.43..2.12 rows=1 width=21) (actual time=0.031..0.031 rows=0 loops=414)
                                                                                                   Index Cond: (id = mk.movie_id)
                                                                                                   Filter: ((production_year >= 2000) AND (production_year <= 2010) AND ((title)::text = 'Shrek 2'::text))
                                                                                                   Rows Removed by Filter: 1
                                                                                       ->  Index Scan using movie_id_movie_companies on movie_companies mc  (cost=0.43..4.80 rows=5 width=8) (actual time=0.102..0.131 rows=22 loops=1)
                                                                                             Index Cond: (movie_id = mk.movie_id)
                                                                                 ->  Index Scan using movie_id_cast_info on cast_info ci  (cost=0.56..47.58 rows=1 width=16) (actual time=0.008..0.308 rows=38 loops=22)
                                                                                       Index Cond: (movie_id = mk.movie_id)
                                                                                       Filter: ((note)::text = ANY ('{(voice),"(voice) (uncredited)","(voice: English version)"}'::text[]))
                                                                                       Rows Removed by Filter: 191
                                                                           ->  Index Only Scan using person_id_aka_name on aka_name an  (cost=0.42..2.90 rows=2 width=4) (actual time=0.003..0.004 rows=2 loops=836)
                                                                                 Index Cond: (person_id = ci.person_id)
                                                                                 Heap Fetches: 1452
                                                               ->  Index Scan using char_name_pkey on char_name chn  (cost=0.43..2.22 rows=1 width=20) (actual time=0.003..0.003 rows=0 loops=352)
                                                                     Index Cond: (id = ci.person_role_id)
                                                                     Filter: ((name)::text = 'Queen'::text)
                                                                     Rows Removed by Filter: 1
                                                         ->  Index Scan using company_name_pkey on company_name cn  (cost=0.42..2.03 rows=1 width=4) (actual time=0.010..0.010 rows=0 loops=66)
                                                               Index Cond: (id = mc.company_id)
                                                               Filter: ((country_code)::text = '[us]'::text)
                                                               Rows Removed by Filter: 1
                                                   ->  Index Scan using name_pkey on name n  (cost=0.43..2.30 rows=1 width=19) (actual time=0.008..0.008 rows=1 loops=15)
                                                         Index Cond: (id = ci.person_id)
                                                         Filter: (((name)::text ~~ '%An%'::text) AND ((gender)::text = 'f'::text))
                                             ->  Index Scan using movie_id_complete_cast on complete_cast cc  (cost=0.42..2.78 rows=2 width=12) (actual time=0.005..0.005 rows=1 loops=15)
                                                   Index Cond: (movie_id = mk.movie_id)
                           ->  Index Scan using movie_id_movie_info on movie_info mi  (cost=0.43..43.02 rows=2 width=8) (actual time=0.026..0.188 rows=2 loops=15)
                                 Index Cond: (movie_id = mk.movie_id)
                                 Filter: ((info IS NOT NULL) AND (((info)::text ~~ 'Japan:%200%'::text) OR ((info)::text ~~ 'USA:%200%'::text)))
                                 Rows Removed by Filter: 455
               ->  Index Scan using person_id_person_info on person_info pi  (cost=0.43..19.88 rows=26 width=8) (actual time=0.005..0.044 rows=163 loops=30)
                     Index Cond: (person_id = an.person_id)
 Planning Time: 146.599 ms
 Execution Time: 62.860 ms
(86 rows)

SET
                                                                                                                QUERY PLAN                                                                                                                 
-------------------------------------------------------------------------------------------------------------------------------------------------------------------------------------------------------------------------------------------
 Aggregate  (cost=3950.13..3950.14 rows=1 width=96) (actual time=34.739..34.739 rows=1 loops=1)
   ->  Nested Loop  (cost=11.17..3950.12 rows=1 width=48) (actual time=8.678..34.715 rows=15 loops=1)
         Join Filter: (ci.person_id = n.id)
         ->  Nested Loop  (cost=10.74..3947.92 rows=1 width=45) (actual time=8.645..34.631 rows=15 loops=1)
               Join Filter: (it3.id = pi.info_type_id)
               Rows Removed by Join Filter: 2430
               ->  Seq Scan on info_type it3  (cost=0.00..2.41 rows=1 width=4) (actual time=0.018..0.027 rows=1 loops=1)
                     Filter: ((info)::text = 'height'::text)
                     Rows Removed by Filter: 112
               ->  Nested Loop  (cost=10.74..3945.19 rows=26 width=49) (actual time=8.530..34.389 rows=2445 loops=1)
                     ->  Nested Loop  (cost=10.31..3925.03 rows=1 width=41) (actual time=8.501..33.335 rows=15 loops=1)
                           ->  Nested Loop  (cost=9.89..3923.01 rows=1 width=45) (actual time=8.456..32.769 rows=66 loops=1)
                                 Join Filter: (t.id = mc.movie_id)
                                 ->  Nested Loop  (cost=9.46..3918.14 rows=1 width=61) (actual time=8.415..32.662 rows=3 loops=1)
                                       Join Filter: (mi.info_type_id = it.id)
                                       ->  Nested Loop  (cost=9.46..3915.72 rows=1 width=65) (actual time=8.401..32.627 rows=3 loops=1)
                                             Join Filter: (cc.status_id = cct2.id)
                                             ->  Nested Loop  (cost=9.46..3914.65 rows=1 width=69) (actual time=8.391..32.599 rows=3 loops=1)
                                                   Join Filter: (cct1.id = cc.subject_id)
                                                   ->  Seq Scan on comp_cast_type cct1  (cost=0.00..1.05 rows=1 width=4) (actual time=0.020..0.022 rows=1 loops=1)
                                                         Filter: ((kind)::text = 'cast'::text)
                                                         Rows Removed by Filter: 3
                                                   ->  Nested Loop  (cost=9.46..3913.59 rows=1 width=73) (actual time=8.369..32.574 rows=3 loops=1)
                                                         Join Filter: (t.id = cc.movie_id)
                                                         ->  Nested Loop  (cost=9.04..3907.99 rows=2 width=61) (actual time=8.328..32.522 rows=3 loops=1)
                                                               ->  Nested Loop  (cost=8.62..3905.08 rows=1 width=57) (actual time=8.271..32.449 rows=1 loops=1)
                                                                     Join Filter: (t.id = mi.movie_id)
                                                                     ->  Nested Loop  (cost=8.18..3862.13 rows=1 width=49) (actual time=8.184..32.163 rows=1 loops=1)
                                                                           ->  Nested Loop  (cost=7.75..3858.12 rows=1 width=37) (actual time=8.143..31.652 rows=11 loops=1)
                                                                                 Join Filter: (rt.id = ci.role_id)
                                                                                 Rows Removed by Join Filter: 27
                                                                                 ->  Seq Scan on role_type rt  (cost=0.00..1.15 rows=1 width=4) (actual time=0.021..0.024 rows=1 loops=1)
                                                                                       Filter: ((role)::text = 'actress'::text)
                                                                                       Rows Removed by Filter: 11
                                                                                 ->  Nested Loop  (cost=7.75..3856.96 rows=1 width=41) (actual time=7.923..31.618 rows=38 loops=1)
                                                                                       Join Filter: (t.id = ci.movie_id)
                                                                                       ->  Nested Loop  (cost=7.19..3809.37 rows=1 width=25) (actual time=7.877..30.350 rows=1 loops=1)
                                                                                             ->  Nested Loop  (cost=6.76..3736.45 rows=34 width=4) (actual time=0.253..22.551 rows=414 loops=1)
                                                                                                   ->  Seq Scan on keyword k  (cost=0.00..2626.12 rows=1 width=4) (actual time=0.067..19.906 rows=1 loops=1)
                                                                                                         Filter: ((keyword)::text = 'computer-animation'::text)
                                                                                                         Rows Removed by Filter: 134169
                                                                                                   ->  Bitmap Heap Scan on movie_keyword mk  (cost=6.76..1107.32 rows=300 width=8) (actual time=0.179..2.469 rows=414 loops=1)
                                                                                                         Recheck Cond: (keyword_id = k.id)
                                                                                                         Heap Blocks: exact=358
                                                                                                         ->  Bitmap Index Scan on keyword_id_movie_keyword  (cost=0.00..6.68 rows=300 width=0) (actual time=0.118..0.118 rows=414 loops=1)
                                                                                                               Index Cond: (keyword_id = k.id)
                                                                                             ->  Index Scan using title_pkey on title t  (cost=0.43..2.12 rows=1 width=21) (actual time=0.018..0.018 rows=0 loops=414)
                                                                                                   Index Cond: (id = mk.movie_id)
                                                                                                   Filter: ((production_year >= 2000) AND (production_year <= 2005) AND ((title)::text = 'Shrek 2'::text))
                                                                                                   Rows Removed by Filter: 1
                                                                                       ->  Index Scan using movie_id_cast_info on cast_info ci  (cost=0.56..47.58 rows=1 width=16) (actual time=0.042..1.246 rows=38 loops=1)
                                                                                             Index Cond: (movie_id = mk.movie_id)
                                                                                             Filter: ((note)::text = ANY ('{(voice),"(voice) (uncredited)","(voice: English version)"}'::text[]))
                                                                                             Rows Removed by Filter: 191
                                                                           ->  Index Scan using char_name_pkey on char_name chn  (cost=0.43..2.22 rows=1 width=20) (actual time=0.045..0.045 rows=0 loops=11)
                                                                                 Index Cond: (id = ci.person_role_id)
                                                                                 Filter: ((name)::text = 'Queen'::text)
                                                                                 Rows Removed by Filter: 1
                                                                     ->  Index Scan using movie_id_movie_info on movie_info mi  (cost=0.43..42.92 rows=2 width=8) (actual time=0.084..0.284 rows=1 loops=1)
                                                                           Index Cond: (movie_id = mk.movie_id)
                                                                           Filter: ((info)::text ~~ 'USA:%200%'::text)
                                                                           Rows Removed by Filter: 456
                                                               ->  Index Only Scan using person_id_aka_name on aka_name an  (cost=0.42..2.90 rows=2 width=4) (actual time=0.055..0.069 rows=3 loops=1)
                                                                     Index Cond: (person_id = ci.person_id)
                                                                     Heap Fetches: 3
                                                         ->  Index Scan using movie_id_complete_cast on complete_cast cc  (cost=0.42..2.78 rows=2 width=12) (actual time=0.015..0.015 rows=1 loops=3)
                                                               Index Cond: (movie_id = mk.movie_id)
                                             ->  Seq Scan on comp_cast_type cct2  (cost=0.00..1.05 rows=1 width=4) (actual time=0.005..0.005 rows=1 loops=3)
                                                   Filter: ((kind)::text = 'complete+verified'::text)
                                                   Rows Removed by Filter: 3
                                       ->  Seq Scan on info_type it  (cost=0.00..2.41 rows=1 width=4) (actual time=0.007..0.007 rows=1 loops=3)
                                             Filter: ((info)::text = 'release dates'::text)
                                             Rows Removed by Filter: 15
                                 ->  Index Scan using movie_id_movie_companies on movie_companies mc  (cost=0.43..4.80 rows=5 width=8) (actual time=0.016..0.027 rows=22 loops=3)
                                       Index Cond: (movie_id = mk.movie_id)
                           ->  Index Scan using company_name_pkey on company_name cn  (cost=0.42..2.03 rows=1 width=4) (actual time=0.008..0.008 rows=0 loops=66)
                                 Index Cond: (id = mc.company_id)
                                 Filter: ((country_code)::text = '[us]'::text)
                                 Rows Removed by Filter: 1
                     ->  Index Scan using person_id_person_info on person_info pi  (cost=0.43..19.89 rows=26 width=8) (actual time=0.004..0.044 rows=163 loops=15)
                           Index Cond: (person_id = ci.person_id)
         ->  Index Scan using name_pkey on name n  (cost=0.43..2.19 rows=1 width=19) (actual time=0.005..0.005 rows=1 loops=15)
               Index Cond: (id = pi.person_id)
               Filter: (((name)::text ~~ '%An%'::text) AND ((gender)::text = 'f'::text))
 Planning Time: 144.647 ms
 Execution Time: 35.901 ms
(86 rows)

SET
                                                                                                                QUERY PLAN                                                                                                                 
-------------------------------------------------------------------------------------------------------------------------------------------------------------------------------------------------------------------------------------------
 Aggregate  (cost=5517.26..5517.27 rows=1 width=96) (actual time=5788.508..5788.508 rows=1 loops=1)
   ->  Nested Loop  (cost=11.17..5517.25 rows=1 width=48) (actual time=847.140..5770.756 rows=16308 loops=1)
         Join Filter: (pi.info_type_id = it3.id)
         Rows Removed by Join Filter: 51519
         ->  Nested Loop  (cost=11.17..5514.83 rows=1 width=52) (actual time=298.507..4523.261 rows=67827 loops=1)
               Join Filter: (cc.subject_id = cct1.id)
               ->  Nested Loop  (cost=11.17..5513.77 rows=1 width=56) (actual time=298.495..3995.013 rows=67827 loops=1)
                     Join Filter: (ci.role_id = rt.id)
                     ->  Nested Loop  (cost=11.17..5512.60 rows=1 width=60) (actual time=298.477..3431.358 rows=67827 loops=1)
                           Join Filter: (it.id = mi.info_type_id)
                           ->  Seq Scan on info_type it  (cost=0.00..2.41 rows=1 width=4) (actual time=0.016..0.028 rows=1 loops=1)
                                 Filter: ((info)::text = 'release dates'::text)
                                 Rows Removed by Filter: 112
                           ->  Nested Loop  (cost=11.17..5510.18 rows=1 width=64) (actual time=298.458..3415.155 rows=67827 loops=1)
                                 Join Filter: (t.id = mi.movie_id)
                                 ->  Nested Loop  (cost=10.74..5467.13 rows=1 width=80) (actual time=298.318..1090.790 rows=23424 loops=1)
                                       Join Filter: (mc.movie_id = t.id)
                                       ->  Nested Loop  (cost=10.31..5465.00 rows=1 width=59) (actual time=31.984..1006.518 rows=27549 loops=1)
                                             Join Filter: (cct2.id = cc.status_id)
                                             Rows Removed by Join Filter: 19742
                                             ->  Seq Scan on comp_cast_type cct2  (cost=0.00..1.05 rows=1 width=4) (actual time=0.021..0.022 rows=1 loops=1)
                                                   Filter: ((kind)::text = 'complete+verified'::text)
                                                   Rows Removed by Filter: 3
                                             ->  Nested Loop  (cost=10.31..5463.94 rows=1 width=63) (actual time=31.961..997.033 rows=47291 loops=1)
                                                   ->  Nested Loop  (cost=9.89..5461.14 rows=1 width=51) (actual time=31.896..847.015 rows=56941 loops=1)
                                                         ->  Nested Loop  (cost=9.46..5458.93 rows=1 width=39) (actual time=31.855..661.465 rows=58777 loops=1)
                                                               Join Filter: (n.id = an.person_id)
                                                               ->  Nested Loop  (cost=9.03..5456.03 rows=1 width=51) (actual time=31.755..575.717 rows=15702 loops=1)
                                                                     ->  Nested Loop  (cost=8.61..5449.96 rows=3 width=55) (actual time=31.593..367.492 rows=75939 loops=1)
                                                                           Join Filter: (ci.movie_id = mc.movie_id)
                                                                           ->  Nested Loop  (cost=8.18..5445.09 rows=1 width=47) (actual time=31.520..313.733 rows=2996 loops=1)
                                                                                 Join Filter: (n.id = pi.person_id)
                                                                                 ->  Nested Loop  (cost=7.75..5424.88 rows=1 width=39) (actual time=31.437..309.678 rows=45 loops=1)
                                                                                       ->  Nested Loop  (cost=7.32..5355.96 rows=30 width=20) (actual time=0.372..223.228 rows=4395 loops=1)
                                                                                             ->  Nested Loop  (cost=6.76..3736.45 rows=34 width=4) (actual time=0.282..27.095 rows=414 loops=1)
                                                                                                   ->  Seq Scan on keyword k  (cost=0.00..2626.12 rows=1 width=4) (actual time=0.081..22.430 rows=1 loops=1)
                                                                                                         Filter: ((keyword)::text = 'computer-animation'::text)
                                                                                                         Rows Removed by Filter: 134169
                                                                                                   ->  Bitmap Heap Scan on movie_keyword mk  (cost=6.76..1107.32 rows=300 width=8) (actual time=0.194..4.448 rows=414 loops=1)
                                                                                                         Recheck Cond: (keyword_id = k.id)
                                                                                                         Heap Blocks: exact=358
                                                                                                         ->  Bitmap Index Scan on keyword_id_movie_keyword  (cost=0.00..6.68 rows=300 width=0) (actual time=0.118..0.118 rows=414 loops=1)
                                                                                                               Index Cond: (keyword_id = k.id)
                                                                                             ->  Index Scan using movie_id_cast_info on cast_info ci  (cost=0.56..47.62 rows=1 width=16) (actual time=0.121..0.468 rows=11 loops=414)
                                                                                                   Index Cond: (movie_id = mk.movie_id)
                                                                                                   Filter: ((note)::text = ANY ('{(voice),"(voice: Japanese version)","(voice) (uncredited)","(voice: English version)"}'::text[]))
                                                                                                   Rows Removed by Filter: 33
                                                                                       ->  Index Scan using name_pkey on name n  (cost=0.43..2.30 rows=1 width=19) (actual time=0.019..0.019 rows=0 loops=4395)
                                                                                             Index Cond: (id = ci.person_id)
                                                                                             Filter: (((name)::text ~~ '%An%'::text) AND ((gender)::text = 'f'::text))
                                                                                             Rows Removed by Filter: 1
                                                                                 ->  Index Scan using person_id_person_info on person_info pi  (cost=0.43..19.89 rows=26 width=8) (actual time=0.027..0.063 rows=67 loops=45)
                                                                                       Index Cond: (person_id = ci.person_id)
                                                                           ->  Index Scan using movie_id_movie_companies on movie_companies mc  (cost=0.43..4.80 rows=5 width=8) (actual time=0.004..0.009 rows=25 loops=2996)
                                                                                 Index Cond: (movie_id = mk.movie_id)
                                                                     ->  Index Scan using company_name_pkey on company_name cn  (cost=0.42..2.03 rows=1 width=4) (actual time=0.002..0.002 rows=0 loops=75939)
                                                                           Index Cond: (id = mc.company_id)
                                                                           Filter: ((country_code)::text = '[us]'::text)
                                                                           Rows Removed by Filter: 1
                                                               ->  Index Only Scan using person_id_aka_name on aka_name an  (cost=0.42..2.87 rows=2 width=4) (actual time=0.002..0.004 rows=4 loops=15702)
                                                                     Index Cond: (person_id = pi.person_id)
                                                                     Heap Fetches: 58777
                                                         ->  Index Scan using char_name_pkey on char_name chn  (cost=0.43..2.21 rows=1 width=20) (actual time=0.002..0.002 rows=1 loops=58777)
                                                               Index Cond: (id = ci.person_role_id)
                                                   ->  Index Scan using movie_id_complete_cast on complete_cast cc  (cost=0.42..2.78 rows=2 width=12) (actual time=0.002..0.002 rows=1 loops=56941)
                                                         Index Cond: (movie_id = mc.movie_id)
                                       ->  Index Scan using title_pkey on title t  (cost=0.43..2.12 rows=1 width=21) (actual time=0.002..0.002 rows=1 loops=27549)
                                             Index Cond: (id = mk.movie_id)
                                             Filter: ((production_year >= 2000) AND (production_year <= 2010))
                                             Rows Removed by Filter: 0
                                 ->  Index Scan using movie_id_movie_info on movie_info mi  (cost=0.43..43.02 rows=2 width=8) (actual time=0.015..0.098 rows=3 loops=23424)
                                       Index Cond: (movie_id = mk.movie_id)
                                       Filter: ((info IS NOT NULL) AND (((info)::text ~~ 'Japan:%200%'::text) OR ((info)::text ~~ 'USA:%200%'::text)))
                                       Rows Removed by Filter: 298
                     ->  Seq Scan on role_type rt  (cost=0.00..1.15 rows=1 width=4) (actual time=0.003..0.003 rows=1 loops=67827)
                           Filter: ((role)::text = 'actress'::text)
                           Rows Removed by Filter: 1
               ->  Seq Scan on comp_cast_type cct1  (cost=0.00..1.05 rows=1 width=4) (actual time=0.002..0.002 rows=1 loops=67827)
                     Filter: ((kind)::text = 'cast'::text)
         ->  Seq Scan on info_type it3  (cost=0.00..2.41 rows=1 width=4) (actual time=0.005..0.013 rows=1 loops=67827)
               Filter: ((info)::text = 'trivia'::text)
               Rows Removed by Filter: 89
 Planning Time: 146.667 ms
 Execution Time: 5789.571 ms
(84 rows)

SET
                                                                               QUERY PLAN                                                                                
-------------------------------------------------------------------------------------------------------------------------------------------------------------------------
 Aggregate  (cost=3839.34..3839.35 rows=1 width=32) (actual time=1353.905..1353.905 rows=1 loops=1)
   ->  Nested Loop  (cost=8.04..3839.32 rows=7 width=17) (actual time=12.541..1348.250 rows=7834 loops=1)
         Join Filter: (mc.movie_id = t.id)
         ->  Nested Loop  (cost=7.61..3835.84 rows=7 width=8) (actual time=12.500..1258.524 rows=7834 loops=1)
               ->  Nested Loop  (cost=7.19..3756.52 rows=178 width=12) (actual time=10.737..704.051 rows=148552 loops=1)
                     ->  Nested Loop  (cost=6.76..3736.45 rows=34 width=4) (actual time=10.639..263.130 rows=41840 loops=1)
                           ->  Seq Scan on keyword k  (cost=0.00..2626.12 rows=1 width=4) (actual time=0.856..26.102 rows=1 loops=1)
                                 Filter: ((keyword)::text = 'character-name-in-title'::text)
                                 Rows Removed by Filter: 134169
                           ->  Bitmap Heap Scan on movie_keyword mk  (cost=6.76..1107.32 rows=300 width=8) (actual time=9.775..225.929 rows=41840 loops=1)
                                 Recheck Cond: (keyword_id = k.id)
                                 Heap Blocks: exact=11541
                                 ->  Bitmap Index Scan on keyword_id_movie_keyword  (cost=0.00..6.68 rows=300 width=0) (actual time=8.037..8.037 rows=41840 loops=1)
                                       Index Cond: (keyword_id = k.id)
                     ->  Index Scan using movie_id_movie_companies on movie_companies mc  (cost=0.43..0.54 rows=5 width=8) (actual time=0.007..0.009 rows=4 loops=41840)
                           Index Cond: (movie_id = mk.movie_id)
               ->  Index Scan using company_name_pkey on company_name cn  (cost=0.42..0.45 rows=1 width=4) (actual time=0.003..0.003 rows=0 loops=148552)
                     Index Cond: (id = mc.company_id)
                     Filter: ((country_code)::text = '[de]'::text)
                     Rows Removed by Filter: 1
         ->  Index Scan using title_pkey on title t  (cost=0.43..0.49 rows=1 width=21) (actual time=0.010..0.010 rows=1 loops=7834)
               Index Cond: (id = mk.movie_id)
 Planning Time: 4.223 ms
 Execution Time: 1354.392 ms
(24 rows)

SET
                                                                               QUERY PLAN                                                                                
-------------------------------------------------------------------------------------------------------------------------------------------------------------------------
 Aggregate  (cost=3836.84..3836.85 rows=1 width=32) (actual time=1292.335..1292.335 rows=1 loops=1)
   ->  Nested Loop  (cost=8.04..3836.83 rows=2 width=17) (actual time=16.559..1288.845 rows=5228 loops=1)
         Join Filter: (mc.movie_id = t.id)
         ->  Nested Loop  (cost=7.61..3835.84 rows=2 width=8) (actual time=16.518..1229.868 rows=5228 loops=1)
               ->  Nested Loop  (cost=7.19..3756.52 rows=178 width=12) (actual time=10.931..691.976 rows=148552 loops=1)
                     ->  Nested Loop  (cost=6.76..3736.45 rows=34 width=4) (actual time=10.843..260.568 rows=41840 loops=1)
                           ->  Seq Scan on keyword k  (cost=0.00..2626.12 rows=1 width=4) (actual time=1.306..26.726 rows=1 loops=1)
                                 Filter: ((keyword)::text = 'character-name-in-title'::text)
                                 Rows Removed by Filter: 134169
                           ->  Bitmap Heap Scan on movie_keyword mk  (cost=6.76..1107.32 rows=300 width=8) (actual time=9.528..222.752 rows=41840 loops=1)
                                 Recheck Cond: (keyword_id = k.id)
                                 Heap Blocks: exact=11541
                                 ->  Bitmap Index Scan on keyword_id_movie_keyword  (cost=0.00..6.68 rows=300 width=0) (actual time=7.804..7.804 rows=41840 loops=1)
                                       Index Cond: (keyword_id = k.id)
                     ->  Index Scan using movie_id_movie_companies on movie_companies mc  (cost=0.43..0.54 rows=5 width=8) (actual time=0.006..0.009 rows=4 loops=41840)
                           Index Cond: (movie_id = mk.movie_id)
               ->  Index Scan using company_name_pkey on company_name cn  (cost=0.42..0.45 rows=1 width=4) (actual time=0.003..0.003 rows=0 loops=148552)
                     Index Cond: (id = mc.company_id)
                     Filter: ((country_code)::text = '[nl]'::text)
                     Rows Removed by Filter: 1
         ->  Index Scan using title_pkey on title t  (cost=0.43..0.49 rows=1 width=21) (actual time=0.010..0.010 rows=1 loops=5228)
               Index Cond: (id = mk.movie_id)
 Planning Time: 5.346 ms
 Execution Time: 1292.818 ms
(24 rows)

SET
                                                                               QUERY PLAN                                                                                
-------------------------------------------------------------------------------------------------------------------------------------------------------------------------
 Aggregate  (cost=3836.34..3836.35 rows=1 width=32) (actual time=1217.478..1217.478 rows=1 loops=1)
   ->  Nested Loop  (cost=8.04..3836.34 rows=1 width=17) (actual time=1217.470..1217.470 rows=0 loops=1)
         Join Filter: (mc.movie_id = t.id)
         ->  Nested Loop  (cost=7.61..3835.84 rows=1 width=8) (actual time=1217.470..1217.470 rows=0 loops=1)
               ->  Nested Loop  (cost=7.19..3756.52 rows=178 width=12) (actual time=10.957..695.018 rows=148552 loops=1)
                     ->  Nested Loop  (cost=6.76..3736.45 rows=34 width=4) (actual time=10.868..261.915 rows=41840 loops=1)
                           ->  Seq Scan on keyword k  (cost=0.00..2626.12 rows=1 width=4) (actual time=1.308..26.681 rows=1 loops=1)
                                 Filter: ((keyword)::text = 'character-name-in-title'::text)
                                 Rows Removed by Filter: 134169
                           ->  Bitmap Heap Scan on movie_keyword mk  (cost=6.76..1107.32 rows=300 width=8) (actual time=9.552..224.052 rows=41840 loops=1)
                                 Recheck Cond: (keyword_id = k.id)
                                 Heap Blocks: exact=11541
                                 ->  Bitmap Index Scan on keyword_id_movie_keyword  (cost=0.00..6.68 rows=300 width=0) (actual time=7.829..7.829 rows=41840 loops=1)
                                       Index Cond: (keyword_id = k.id)
                     ->  Index Scan using movie_id_movie_companies on movie_companies mc  (cost=0.43..0.54 rows=5 width=8) (actual time=0.006..0.009 rows=4 loops=41840)
                           Index Cond: (movie_id = mk.movie_id)
               ->  Index Scan using company_name_pkey on company_name cn  (cost=0.42..0.45 rows=1 width=4) (actual time=0.003..0.003 rows=0 loops=148552)
                     Index Cond: (id = mc.company_id)
                     Filter: ((country_code)::text = '[sm]'::text)
                     Rows Removed by Filter: 1
         ->  Index Scan using title_pkey on title t  (cost=0.43..0.49 rows=1 width=21) (never executed)
               Index Cond: (id = mk.movie_id)
 Planning Time: 5.258 ms
 Execution Time: 1217.974 ms
(24 rows)

SET
                                                                             QUERY PLAN                                                                              
---------------------------------------------------------------------------------------------------------------------------------------------------------------------
 Aggregate  (cost=3852.93..3852.94 rows=1 width=32) (actual time=1765.617..1765.618 rows=1 loops=1)
   ->  Nested Loop  (cost=8.04..3852.77 rows=64 width=17) (actual time=11.243..1734.827 rows=68316 loops=1)
         ->  Nested Loop  (cost=7.62..3773.45 rows=178 width=21) (actual time=11.104..1181.173 rows=148552 loops=1)
               Join Filter: (t.id = mc.movie_id)
               ->  Nested Loop  (cost=7.19..3752.95 rows=34 width=25) (actual time=10.984..710.042 rows=41840 loops=1)
                     ->  Nested Loop  (cost=6.76..3736.45 rows=34 width=4) (actual time=10.946..257.495 rows=41840 loops=1)
                           ->  Seq Scan on keyword k  (cost=0.00..2626.12 rows=1 width=4) (actual time=1.311..26.440 rows=1 loops=1)
                                 Filter: ((keyword)::text = 'character-name-in-title'::text)
                                 Rows Removed by Filter: 134169
                           ->  Bitmap Heap Scan on movie_keyword mk  (cost=6.76..1107.32 rows=300 width=8) (actual time=9.627..219.307 rows=41840 loops=1)
                                 Recheck Cond: (keyword_id = k.id)
                                 Heap Blocks: exact=11541
                                 ->  Bitmap Index Scan on keyword_id_movie_keyword  (cost=0.00..6.68 rows=300 width=0) (actual time=7.885..7.885 rows=41840 loops=1)
                                       Index Cond: (keyword_id = k.id)
                     ->  Index Scan using title_pkey on title t  (cost=0.43..0.49 rows=1 width=21) (actual time=0.010..0.010 rows=1 loops=41840)
                           Index Cond: (id = mk.movie_id)
               ->  Index Scan using movie_id_movie_companies on movie_companies mc  (cost=0.43..0.54 rows=5 width=8) (actual time=0.007..0.009 rows=4 loops=41840)
                     Index Cond: (movie_id = mk.movie_id)
         ->  Index Scan using company_name_pkey on company_name cn  (cost=0.42..0.45 rows=1 width=4) (actual time=0.003..0.003 rows=0 loops=148552)
               Index Cond: (id = mc.company_id)
               Filter: ((country_code)::text = '[us]'::text)
               Rows Removed by Filter: 1
 Planning Time: 5.375 ms
 Execution Time: 1766.108 ms
(24 rows)

SET
                                                                                                         QUERY PLAN                                                                                                         
----------------------------------------------------------------------------------------------------------------------------------------------------------------------------------------------------------------------------
 Aggregate  (cost=8702.65..8702.66 rows=1 width=128) (actual time=12742.889..12742.890 rows=1 loops=1)
   ->  Nested Loop  (cost=1012.71..8702.64 rows=1 width=80) (actual time=92.007..12739.802 rows=757 loops=1)
         ->  Nested Loop  (cost=1012.58..8702.48 rows=1 width=84) (actual time=91.980..12737.901 rows=757 loops=1)
               ->  Nested Loop  (cost=1012.45..8702.31 rows=1 width=88) (actual time=82.923..12731.202 rows=2492 loops=1)
                     ->  Nested Loop  (cost=1012.31..8702.12 rows=1 width=92) (actual time=82.887..12720.381 rows=2492 loops=1)
                           Join Filter: (mi.movie_id = t.id)
                           ->  Nested Loop  (cost=1011.88..8701.29 rows=1 width=95) (actual time=33.132..12578.677 rows=9940 loops=1)
                                 ->  Nested Loop  (cost=1011.45..8700.26 rows=1 width=84) (actual time=30.842..12290.043 rows=15093 loops=1)
                                       Join Filter: (mi.movie_id = ci.movie_id)
                                       ->  Gather  (cost=1010.88..8671.17 rows=1 width=76) (actual time=13.990..1696.251 rows=19944 loops=1)
                                             Workers Planned: 2
                                             Workers Launched: 2
                                             ->  Nested Loop  (cost=10.88..7671.07 rows=1 width=76) (actual time=10.825..2775.429 rows=6648 loops=3)
                                                   Join Filter: (mi_idx.movie_id = mi.movie_id)
                                                   ->  Nested Loop  (cost=10.45..7653.03 rows=1 width=25) (actual time=8.322..917.095 rows=11782 loops=3)
                                                         ->  Hash Join  (cost=10.03..7651.37 rows=2 width=13) (actual time=7.528..796.645 rows=21234 loops=3)
                                                               Hash Cond: (mi_idx.info_type_id = it2.id)
                                                               ->  Nested Loop  (cost=7.61..7648.12 rows=298 width=17) (actual time=7.312..768.347 rows=63896 loops=3)
                                                                     ->  Nested Loop  (cost=7.18..7568.64 rows=98 width=4) (actual time=7.224..414.303 rows=25571 loops=3)
                                                                           ->  Parallel Index Scan using keyword_pkey on keyword k  (cost=0.42..4353.41 rows=3 width=4) (actual time=0.661..34.664 rows=2 loops=3)
                                                                                 Filter: ((keyword)::text = ANY ('{murder,violence,blood,gore,death,female-nudity,hospital}'::text[]))
                                                                                 Rows Removed by Filter: 44721
                                                                           ->  Bitmap Heap Scan on movie_keyword mk  (cost=6.76..1068.74 rows=300 width=8) (actual time=4.989..158.205 rows=10959 loops=7)
                                                                                 Recheck Cond: (keyword_id = k.id)
                                                                                 Heap Blocks: exact=12389
                                                                                 ->  Bitmap Index Scan on keyword_id_movie_keyword  (cost=0.00..6.68 rows=300 width=0) (actual time=3.864..3.864 rows=10959 loops=7)
                                                                                       Index Cond: (keyword_id = k.id)
                                                                     ->  Index Scan using movie_id_movie_info_idx on movie_info_idx mi_idx  (cost=0.43..0.78 rows=3 width=13) (actual time=0.011..0.012 rows=2 loops=76714)
                                                                           Index Cond: (movie_id = mk.movie_id)
                                                               ->  Hash  (cost=2.41..2.41 rows=1 width=4) (actual time=0.082..0.082 rows=1 loops=3)
                                                                     Buckets: 1024  Batches: 1  Memory Usage: 9kB
                                                                     ->  Seq Scan on info_type it2  (cost=0.00..2.41 rows=1 width=4) (actual time=0.052..0.055 rows=1 loops=3)
                                                                           Filter: ((info)::text = 'votes'::text)
                                                                           Rows Removed by Filter: 112
                                                         ->  Index Scan using movie_id_complete_cast on complete_cast cc  (cost=0.42..0.81 rows=2 width=12) (actual time=0.004..0.005 rows=1 loops=63701)
                                                               Index Cond: (movie_id = mi_idx.movie_id)
                                                   ->  Index Scan using movie_id_movie_info on movie_info mi  (cost=0.43..18.03 rows=1 width=51) (actual time=0.154..0.157 rows=1 loops=35346)
                                                         Index Cond: (movie_id = mk.movie_id)
                                                         Filter: ((info)::text = ANY ('{Horror,Thriller}'::text[]))
                                                         Rows Removed by Filter: 101
                                       ->  Index Scan using movie_id_cast_info on cast_info ci  (cost=0.56..29.07 rows=1 width=8) (actual time=0.395..0.530 rows=1 loops=19944)
                                             Index Cond: (movie_id = mk.movie_id)
                                             Filter: ((note)::text = ANY ('{(writer),"(head writer)","(written by)",(story),"(story editor)"}'::text[]))
                                             Rows Removed by Filter: 73
                                 ->  Index Scan using name_pkey on name n  (cost=0.43..1.04 rows=1 width=19) (actual time=0.018..0.018 rows=1 loops=15093)
                                       Index Cond: (id = ci.person_id)
                                       Filter: ((gender)::text = 'm'::text)
                                       Rows Removed by Filter: 0
                           ->  Index Scan using title_pkey on title t  (cost=0.43..0.82 rows=1 width=21) (actual time=0.013..0.013 rows=0 loops=9940)
                                 Index Cond: (id = mk.movie_id)
                                 Filter: (production_year > 2000)
                                 Rows Removed by Filter: 1
                     ->  Index Scan using info_type_pkey on info_type it1  (cost=0.14..0.16 rows=1 width=4) (actual time=0.003..0.003 rows=1 loops=2492)
                           Index Cond: (id = mi.info_type_id)
                           Filter: ((info)::text = 'genres'::text)
               ->  Index Scan using comp_cast_type_pkey on comp_cast_type cct2  (cost=0.13..0.15 rows=1 width=4) (actual time=0.002..0.002 rows=0 loops=2492)
                     Index Cond: (id = cc.status_id)
                     Filter: ((kind)::text = 'complete+verified'::text)
                     Rows Removed by Filter: 1
         ->  Index Scan using comp_cast_type_pkey on comp_cast_type cct1  (cost=0.13..0.15 rows=1 width=4) (actual time=0.001..0.001 rows=1 loops=757)
               Index Cond: (id = cc.subject_id)
               Filter: ((kind)::text = ANY ('{cast,crew}'::text[]))
 Planning Time: 92.954 ms
 Execution Time: 12744.164 ms
(64 rows)

SET
                                                                                                           QUERY PLAN                                                                                                            
---------------------------------------------------------------------------------------------------------------------------------------------------------------------------------------------------------------------------------
 Aggregate  (cost=8700.30..8700.31 rows=1 width=128) (actual time=1107.559..1107.559 rows=1 loops=1)
   ->  Nested Loop  (cost=1010.43..8700.29 rows=1 width=80) (actual time=199.102..1107.490 rows=28 loops=1)
         ->  Nested Loop  (cost=1010.30..8700.12 rows=1 width=84) (actual time=199.077..1107.413 rows=28 loops=1)
               ->  Nested Loop  (cost=1010.17..8699.95 rows=1 width=88) (actual time=199.046..1107.163 rows=108 loops=1)
                     Join Filter: (t.id = cc.movie_id)
                     ->  Nested Loop  (cost=1009.75..8699.12 rows=1 width=100) (actual time=198.988..1106.612 rows=108 loops=1)
                           ->  Nested Loop  (cost=1009.61..8698.94 rows=1 width=104) (actual time=198.962..1106.385 rows=108 loops=1)
                                 ->  Nested Loop  (cost=1009.46..8698.75 rows=1 width=108) (actual time=198.911..1105.732 rows=324 loops=1)
                                       Join Filter: (t.id = mi_idx.movie_id)
                                       ->  Nested Loop  (cost=1009.04..8697.94 rows=1 width=95) (actual time=198.831..1104.918 rows=108 loops=1)
                                             ->  Nested Loop  (cost=1008.61..8696.90 rows=1 width=84) (actual time=198.739..1103.710 rows=108 loops=1)
                                                   Join Filter: (t.id = ci.movie_id)
                                                   ->  Nested Loop  (cost=1008.04..8667.81 rows=1 width=76) (actual time=197.702..1082.225 rows=65 loops=1)
                                                         Join Filter: (t.id = mi.movie_id)
                                                         ->  Gather  (cost=1007.61..8649.77 rows=1 width=25) (actual time=152.429..1077.658 rows=49 loops=1)
                                                               Workers Planned: 2
                                                               Workers Launched: 2
                                                               ->  Nested Loop  (cost=7.61..7649.67 rows=1 width=25) (actual time=173.437..751.679 rows=16 loops=3)
                                                                     ->  Nested Loop  (cost=7.18..7568.64 rows=98 width=4) (actual time=7.006..356.775 rows=25571 loops=3)
                                                                           ->  Parallel Index Scan using keyword_pkey on keyword k  (cost=0.42..4353.41 rows=3 width=4) (actual time=0.395..36.014 rows=2 loops=3)
                                                                                 Filter: ((keyword)::text = ANY ('{murder,violence,blood,gore,death,female-nudity,hospital}'::text[]))
                                                                                 Rows Removed by Filter: 44721
                                                                           ->  Bitmap Heap Scan on movie_keyword mk  (cost=6.76..1068.74 rows=300 width=8) (actual time=4.957..132.964 rows=10959 loops=7)
                                                                                 Recheck Cond: (keyword_id = k.id)
                                                                                 Heap Blocks: exact=12389
                                                                                 ->  Bitmap Index Scan on keyword_id_movie_keyword  (cost=0.00..6.68 rows=300 width=0) (actual time=3.835..3.835 rows=10959 loops=7)
                                                                                       Index Cond: (keyword_id = k.id)
                                                                     ->  Index Scan using title_pkey on title t  (cost=0.43..0.83 rows=1 width=21) (actual time=0.015..0.015 rows=0 loops=76714)
                                                                           Index Cond: (id = mk.movie_id)
                                                                           Filter: ((production_year > 2000) AND (((title)::text ~~ '%Freddy%'::text) OR ((title)::text ~~ '%Jason%'::text) OR ((title)::text ~~ 'Saw%'::text)))
                                                                           Rows Removed by Filter: 1
                                                         ->  Index Scan using movie_id_movie_info on movie_info mi  (cost=0.43..18.03 rows=1 width=51) (actual time=0.211..0.212 rows=1 loops=49)
                                                               Index Cond: (movie_id = mk.movie_id)
                                                               Filter: ((info)::text = ANY ('{Horror,Thriller}'::text[]))
                                                               Rows Removed by Filter: 230
                                                   ->  Index Scan using movie_id_cast_info on cast_info ci  (cost=0.56..29.07 rows=1 width=8) (actual time=0.205..0.329 rows=2 loops=65)
                                                         Index Cond: (movie_id = mk.movie_id)
                                                         Filter: ((note)::text = ANY ('{(writer),"(head writer)","(written by)",(story),"(story editor)"}'::text[]))
                                                         Rows Removed by Filter: 85
                                             ->  Index Scan using name_pkey on name n  (cost=0.43..1.04 rows=1 width=19) (actual time=0.010..0.010 rows=1 loops=108)
                                                   Index Cond: (id = ci.person_id)
                                                   Filter: ((gender)::text = 'm'::text)
                                       ->  Index Scan using movie_id_movie_info_idx on movie_info_idx mi_idx  (cost=0.43..0.78 rows=3 width=13) (actual time=0.005..0.006 rows=3 loops=108)
                                             Index Cond: (movie_id = mk.movie_id)
                                 ->  Index Scan using info_type_pkey on info_type it2  (cost=0.14..0.16 rows=1 width=4) (actual time=0.002..0.002 rows=0 loops=324)
                                       Index Cond: (id = mi_idx.info_type_id)
                                       Filter: ((info)::text = 'votes'::text)
                                       Rows Removed by Filter: 1
                           ->  Index Scan using info_type_pkey on info_type it1  (cost=0.14..0.16 rows=1 width=4) (actual time=0.002..0.002 rows=1 loops=108)
                                 Index Cond: (id = mi.info_type_id)
                                 Filter: ((info)::text = 'genres'::text)
                     ->  Index Scan using movie_id_complete_cast on complete_cast cc  (cost=0.42..0.81 rows=2 width=12) (actual time=0.004..0.004 rows=1 loops=108)
                           Index Cond: (movie_id = mk.movie_id)
               ->  Index Scan using comp_cast_type_pkey on comp_cast_type cct2  (cost=0.13..0.15 rows=1 width=4) (actual time=0.002..0.002 rows=0 loops=108)
                     Index Cond: (id = cc.status_id)
                     Filter: ((kind)::text = 'complete+verified'::text)
                     Rows Removed by Filter: 1
         ->  Index Scan using comp_cast_type_pkey on comp_cast_type cct1  (cost=0.13..0.15 rows=1 width=4) (actual time=0.002..0.002 rows=1 loops=28)
               Index Cond: (id = cc.subject_id)
               Filter: ((kind)::text = ANY ('{cast,crew}'::text[]))
 Planning Time: 94.261 ms
 Execution Time: 1114.465 ms
(62 rows)

SET
                                                                                                         QUERY PLAN                                                                                                         
----------------------------------------------------------------------------------------------------------------------------------------------------------------------------------------------------------------------------
 Aggregate  (cost=8720.29..8720.30 rows=1 width=128) (actual time=11553.163..11553.164 rows=1 loops=1)
   ->  Nested Loop  (cost=1012.71..8720.28 rows=1 width=80) (actual time=37.616..11540.984 rows=8024 loops=1)
         Join Filter: (mi.movie_id = t.id)
         ->  Nested Loop  (cost=1012.28..8719.45 rows=1 width=83) (actual time=37.533..11430.251 rows=8024 loops=1)
               ->  Nested Loop  (cost=1011.85..8718.42 rows=1 width=72) (actual time=37.449..11213.383 rows=11863 loops=1)
                     Join Filter: (mi.movie_id = ci.movie_id)
                     ->  Nested Loop  (cost=1011.29..8689.33 rows=1 width=64) (actual time=17.431..2401.273 rows=14655 loops=1)
                           ->  Nested Loop  (cost=1011.14..8689.15 rows=1 width=68) (actual time=17.406..2364.124 rows=18333 loops=1)
                                 ->  Nested Loop  (cost=1011.01..8688.98 rows=1 width=72) (actual time=17.376..2324.355 rows=23704 loops=1)
                                       ->  Gather  (cost=1010.88..8688.81 rows=1 width=76) (actual time=12.763..2221.018 rows=43984 loops=1)
                                             Workers Planned: 2
                                             Workers Launched: 2
                                             ->  Nested Loop  (cost=10.88..7688.71 rows=1 width=76) (actual time=12.579..3870.035 rows=14661 loops=3)
                                                   Join Filter: (mi.movie_id = cc.movie_id)
                                                   ->  Nested Loop  (cost=10.46..7687.87 rows=1 width=64) (actual time=7.622..3736.859 rows=22577 loops=3)
                                                         Join Filter: (mi_idx.movie_id = mi.movie_id)
                                                         ->  Hash Join  (cost=10.03..7651.37 rows=2 width=13) (actual time=7.361..809.901 rows=21234 loops=3)
                                                               Hash Cond: (mi_idx.info_type_id = it2.id)
                                                               ->  Nested Loop  (cost=7.61..7648.12 rows=298 width=17) (actual time=7.133..777.151 rows=63896 loops=3)
                                                                     ->  Nested Loop  (cost=7.18..7568.64 rows=98 width=4) (actual time=7.047..417.078 rows=25571 loops=3)
                                                                           ->  Parallel Index Scan using keyword_pkey on keyword k  (cost=0.42..4353.41 rows=3 width=4) (actual time=0.514..34.361 rows=2 loops=3)
                                                                                 Filter: ((keyword)::text = ANY ('{murder,violence,blood,gore,death,female-nudity,hospital}'::text[]))
                                                                                 Rows Removed by Filter: 44721
                                                                           ->  Bitmap Heap Scan on movie_keyword mk  (cost=6.76..1068.74 rows=300 width=8) (actual time=4.967..159.389 rows=10959 loops=7)
                                                                                 Recheck Cond: (keyword_id = k.id)
                                                                                 Heap Blocks: exact=12389
                                                                                 ->  Bitmap Index Scan on keyword_id_movie_keyword  (cost=0.00..6.68 rows=300 width=0) (actual time=3.849..3.849 rows=10959 loops=7)
                                                                                       Index Cond: (keyword_id = k.id)
                                                                     ->  Index Scan using movie_id_movie_info_idx on movie_info_idx mi_idx  (cost=0.43..0.78 rows=3 width=13) (actual time=0.011..0.012 rows=2 loops=76714)
                                                                           Index Cond: (movie_id = mk.movie_id)
                                                               ->  Hash  (cost=2.41..2.41 rows=1 width=4) (actual time=0.078..0.078 rows=1 loops=3)
                                                                     Buckets: 1024  Batches: 1  Memory Usage: 9kB
                                                                     ->  Seq Scan on info_type it2  (cost=0.00..2.41 rows=1 width=4) (actual time=0.051..0.053 rows=1 loops=3)
                                                                           Filter: ((info)::text = 'votes'::text)
                                                                           Rows Removed by Filter: 112
                                                         ->  Index Scan using movie_id_movie_info on movie_info mi  (cost=0.43..18.24 rows=1 width=51) (actual time=0.133..0.137 rows=1 loops=63701)
                                                               Index Cond: (movie_id = mk.movie_id)
                                                               Filter: ((info)::text = ANY ('{Horror,Action,Sci-Fi,Thriller,Crime,War}'::text[]))
                                                               Rows Removed by Filter: 58
                                                   ->  Index Scan using movie_id_complete_cast on complete_cast cc  (cost=0.42..0.81 rows=2 width=12) (actual time=0.004..0.005 rows=1 loops=67732)
                                                         Index Cond: (movie_id = mk.movie_id)
                                       ->  Index Scan using comp_cast_type_pkey on comp_cast_type cct2  (cost=0.13..0.15 rows=1 width=4) (actual time=0.002..0.002 rows=1 loops=43984)
                                             Index Cond: (id = cc.status_id)
                                             Filter: ((kind)::text = 'complete+verified'::text)
                                             Rows Removed by Filter: 0
                                 ->  Index Scan using comp_cast_type_pkey on comp_cast_type cct1  (cost=0.13..0.15 rows=1 width=4) (actual time=0.001..0.001 rows=1 loops=23704)
                                       Index Cond: (id = cc.subject_id)
                                       Filter: ((kind)::text = 'cast'::text)
                                       Rows Removed by Filter: 0
                           ->  Index Scan using info_type_pkey on info_type it1  (cost=0.14..0.16 rows=1 width=4) (actual time=0.001..0.001 rows=1 loops=18333)
                                 Index Cond: (id = mi.info_type_id)
                                 Filter: ((info)::text = 'genres'::text)
                                 Rows Removed by Filter: 0
                     ->  Index Scan using movie_id_cast_info on cast_info ci  (cost=0.56..29.07 rows=1 width=8) (actual time=0.453..0.600 rows=1 loops=14655)
                           Index Cond: (movie_id = mk.movie_id)
                           Filter: ((note)::text = ANY ('{(writer),"(head writer)","(written by)",(story),"(story editor)"}'::text[]))
                           Rows Removed by Filter: 83
               ->  Index Scan using name_pkey on name n  (cost=0.43..1.04 rows=1 width=19) (actual time=0.017..0.017 rows=1 loops=11863)
                     Index Cond: (id = ci.person_id)
                     Filter: ((gender)::text = 'm'::text)
                     Rows Removed by Filter: 0
         ->  Index Scan using title_pkey on title t  (cost=0.43..0.82 rows=1 width=21) (actual time=0.012..0.012 rows=1 loops=8024)
               Index Cond: (id = mk.movie_id)
 Planning Time: 93.947 ms
 Execution Time: 11554.375 ms
(65 rows)

SET
                                                                                                      QUERY PLAN                                                                                                      
----------------------------------------------------------------------------------------------------------------------------------------------------------------------------------------------------------------------
 Aggregate  (cost=8966.22..8966.23 rows=1 width=128) (actual time=3504.156..3504.156 rows=1 loops=1)
   ->  Nested Loop  (cost=1012.88..8966.21 rows=1 width=80) (actual time=140.020..3502.459 rows=1273 loops=1)
         Join Filter: (mi.movie_id = t.id)
         ->  Nested Loop  (cost=1012.45..8965.10 rows=1 width=83) (actual time=139.945..3488.787 rows=1273 loops=1)
               ->  Nested Loop  (cost=1012.02..8963.80 rows=1 width=72) (actual time=139.864..3466.698 rows=1556 loops=1)
                     ->  Nested Loop  (cost=1011.88..8963.62 rows=1 width=76) (actual time=139.828..3461.625 rows=1616 loops=1)
                           Join Filter: (mi_idx.movie_id = mi.movie_id)
                           ->  Nested Loop  (cost=1011.45..8940.22 rows=1 width=25) (actual time=64.929..3245.922 rows=1471 loops=1)
                                 Join Filter: (mi_idx.movie_id = ci.movie_id)
                                 ->  Gather  (cost=1010.88..8907.19 rows=1 width=17) (actual time=64.238..2138.286 rows=1547 loops=1)
                                       Workers Planned: 2
                                       Workers Launched: 2
                                       ->  Nested Loop  (cost=10.88..7907.09 rows=1 width=17) (actual time=38.361..2313.827 rows=516 loops=3)
                                             ->  Nested Loop  (cost=10.46..7893.34 rows=14 width=21) (actual time=7.498..1302.935 rows=199419 loops=3)
                                                   Join Filter: (mi_idx.movie_id = mc.movie_id)
                                                   ->  Hash Join  (cost=10.03..7888.91 rows=2 width=13) (actual time=7.424..768.113 rows=21234 loops=3)
                                                         Hash Cond: (mi_idx.info_type_id = it2.id)
                                                         ->  Nested Loop  (cost=7.61..7885.67 rows=298 width=17) (actual time=7.193..739.136 rows=63896 loops=3)
                                                               ->  Nested Loop  (cost=7.18..7778.10 rows=98 width=4) (actual time=7.099..406.037 rows=25571 loops=3)
                                                                     ->  Parallel Index Scan using keyword_pkey on keyword k  (cost=0.42..4562.87 rows=3 width=4) (actual time=0.478..36.120 rows=2 loops=3)
                                                                           Filter: ((keyword)::text = ANY ('{murder,violence,blood,gore,death,female-nudity,hospital}'::text[]))
                                                                           Rows Removed by Filter: 44721
                                                                     ->  Bitmap Heap Scan on movie_keyword mk  (cost=6.76..1068.74 rows=300 width=8) (actual time=4.982..154.215 rows=10959 loops=7)
                                                                           Recheck Cond: (keyword_id = k.id)
                                                                           Heap Blocks: exact=12389
                                                                           ->  Bitmap Index Scan on keyword_id_movie_keyword  (cost=0.00..6.68 rows=300 width=0) (actual time=3.854..3.854 rows=10959 loops=7)
                                                                                 Index Cond: (keyword_id = k.id)
                                                               ->  Index Scan using movie_id_movie_info_idx on movie_info_idx mi_idx  (cost=0.43..1.07 rows=3 width=13) (actual time=0.011..0.011 rows=2 loops=76714)
                                                                     Index Cond: (movie_id = mk.movie_id)
                                                         ->  Hash  (cost=2.41..2.41 rows=1 width=4) (actual time=0.084..0.085 rows=1 loops=3)
                                                               Buckets: 1024  Batches: 1  Memory Usage: 9kB
                                                               ->  Seq Scan on info_type it2  (cost=0.00..2.41 rows=1 width=4) (actual time=0.061..0.064 rows=1 loops=3)
                                                                     Filter: ((info)::text = 'votes'::text)
                                                                     Rows Removed by Filter: 112
                                                   ->  Index Scan using movie_id_movie_companies on movie_companies mc  (cost=0.43..2.15 rows=5 width=8) (actual time=0.014..0.022 rows=9 loops=63701)
                                                         Index Cond: (movie_id = mk.movie_id)
                                             ->  Index Scan using company_name_pkey on company_name cn  (cost=0.42..0.98 rows=1 width=4) (actual time=0.005..0.005 rows=0 loops=598256)
                                                   Index Cond: (id = mc.company_id)
                                                   Filter: ((name)::text ~~ 'Lionsgate%'::text)
                                                   Rows Removed by Filter: 1
                                 ->  Index Scan using movie_id_cast_info on cast_info ci  (cost=0.56..33.03 rows=1 width=8) (actual time=0.520..0.719 rows=1 loops=1547)
                                       Index Cond: (movie_id = mk.movie_id)
                                       Filter: ((note)::text = ANY ('{(writer),"(head writer)","(written by)",(story),"(story editor)"}'::text[]))
                                       Rows Removed by Filter: 119
                           ->  Index Scan using movie_id_movie_info on movie_info mi  (cost=0.43..23.38 rows=1 width=51) (actual time=0.143..0.145 rows=1 loops=1471)
                                 Index Cond: (movie_id = mk.movie_id)
                                 Filter: ((info)::text = ANY ('{Horror,Thriller}'::text[]))
                                 Rows Removed by Filter: 173
                     ->  Index Scan using info_type_pkey on info_type it1  (cost=0.14..0.16 rows=1 width=4) (actual time=0.002..0.002 rows=1 loops=1616)
                           Index Cond: (id = mi.info_type_id)
                           Filter: ((info)::text = 'genres'::text)
                           Rows Removed by Filter: 0
               ->  Index Scan using name_pkey on name n  (cost=0.43..1.30 rows=1 width=19) (actual time=0.014..0.014 rows=1 loops=1556)
                     Index Cond: (id = ci.person_id)
                     Filter: ((gender)::text = 'm'::text)
                     Rows Removed by Filter: 0
         ->  Index Scan using title_pkey on title t  (cost=0.43..1.10 rows=1 width=21) (actual time=0.010..0.010 rows=1 loops=1273)
               Index Cond: (id = mk.movie_id)
 Planning Time: 108.667 ms
 Execution Time: 3511.276 ms
(60 rows)

SET
                                                                                                        QUERY PLAN                                                                                                         
---------------------------------------------------------------------------------------------------------------------------------------------------------------------------------------------------------------------------
 Aggregate  (cost=8956.88..8956.89 rows=1 width=128) (actual time=1099.967..1099.967 rows=1 loops=1)
   ->  Nested Loop  (cost=1010.60..8956.87 rows=1 width=80) (actual time=324.003..1099.839 rows=84 loops=1)
         ->  Nested Loop  (cost=1010.17..8955.57 rows=1 width=69) (actual time=323.917..1098.982 rows=84 loops=1)
               ->  Nested Loop  (cost=1010.03..8955.39 rows=1 width=73) (actual time=323.888..1098.486 rows=252 loops=1)
                     Join Filter: (t.id = mi_idx.movie_id)
                     ->  Nested Loop  (cost=1009.60..8954.29 rows=1 width=84) (actual time=323.808..1098.031 rows=84 loops=1)
                           ->  Nested Loop  (cost=1009.46..8954.10 rows=1 width=88) (actual time=323.780..1097.814 rows=84 loops=1)
                                 Join Filter: (t.id = mi.movie_id)
                                 ->  Nested Loop  (cost=1009.02..8930.71 rows=1 width=37) (actual time=323.078..1091.224 rows=53 loops=1)
                                       ->  Nested Loop  (cost=1008.60..8921.93 rows=1 width=41) (actual time=322.920..1090.510 rows=119 loops=1)
                                             Join Filter: (t.id = mc.movie_id)
                                             ->  Nested Loop  (cost=1008.17..8919.75 rows=1 width=33) (actual time=191.849..1088.712 rows=77 loops=1)
                                                   Join Filter: (t.id = ci.movie_id)
                                                   ->  Gather  (cost=1007.61..8886.71 rows=1 width=25) (actual time=149.554..1063.897 rows=49 loops=1)
                                                         Workers Planned: 2
                                                         Workers Launched: 2
                                                         ->  Nested Loop  (cost=7.61..7886.61 rows=1 width=25) (actual time=169.535..741.280 rows=16 loops=3)
                                                               ->  Nested Loop  (cost=7.18..7778.10 rows=98 width=4) (actual time=7.069..352.823 rows=25571 loops=3)
                                                                     ->  Parallel Index Scan using keyword_pkey on keyword k  (cost=0.42..4562.87 rows=3 width=4) (actual time=0.434..35.561 rows=2 loops=3)
                                                                           Filter: ((keyword)::text = ANY ('{murder,violence,blood,gore,death,female-nudity,hospital}'::text[]))
                                                                           Rows Removed by Filter: 44721
                                                                     ->  Bitmap Heap Scan on movie_keyword mk  (cost=6.76..1068.74 rows=300 width=8) (actual time=4.962..131.449 rows=10959 loops=7)
                                                                           Recheck Cond: (keyword_id = k.id)
                                                                           Heap Blocks: exact=12389
                                                                           ->  Bitmap Index Scan on keyword_id_movie_keyword  (cost=0.00..6.68 rows=300 width=0) (actual time=3.843..3.843 rows=10959 loops=7)
                                                                                 Index Cond: (keyword_id = k.id)
                                                               ->  Index Scan using title_pkey on title t  (cost=0.43..1.11 rows=1 width=21) (actual time=0.014..0.014 rows=0 loops=76714)
                                                                     Index Cond: (id = mk.movie_id)
                                                                     Filter: ((production_year > 2000) AND (((title)::text ~~ '%Freddy%'::text) OR ((title)::text ~~ '%Jason%'::text) OR ((title)::text ~~ 'Saw%'::text)))
                                                                     Rows Removed by Filter: 1
                                                   ->  Index Scan using movie_id_cast_info on cast_info ci  (cost=0.56..33.03 rows=1 width=8) (actual time=0.419..0.629 rows=2 loops=49)
                                                         Index Cond: (movie_id = mk.movie_id)
                                                         Filter: ((note)::text = ANY ('{(writer),"(head writer)","(written by)",(story),"(story editor)"}'::text[]))
                                                         Rows Removed by Filter: 82
                                             ->  Index Scan using movie_id_movie_companies on movie_companies mc  (cost=0.43..2.16 rows=1 width=8) (actual time=0.016..0.022 rows=2 loops=77)
                                                   Index Cond: (movie_id = mk.movie_id)
                                                   Filter: ((note)::text ~~ '%(Blu-ray)%'::text)
                                                   Rows Removed by Filter: 24
                                       ->  Index Scan using company_name_pkey on company_name cn  (cost=0.42..8.14 rows=1 width=4) (actual time=0.005..0.005 rows=0 loops=119)
                                             Index Cond: (id = mc.company_id)
                                             Filter: ((name)::text ~~ 'Lionsgate%'::text)
                                             Rows Removed by Filter: 1
                                 ->  Index Scan using movie_id_movie_info on movie_info mi  (cost=0.43..23.38 rows=1 width=51) (actual time=0.123..0.123 rows=2 loops=53)
                                       Index Cond: (movie_id = mk.movie_id)
                                       Filter: ((info)::text = ANY ('{Horror,Thriller}'::text[]))
                                       Rows Removed by Filter: 292
                           ->  Index Scan using info_type_pkey on info_type it1  (cost=0.14..0.16 rows=1 width=4) (actual time=0.002..0.002 rows=1 loops=84)
                                 Index Cond: (id = mi.info_type_id)
                                 Filter: ((info)::text = 'genres'::text)
                     ->  Index Scan using movie_id_movie_info_idx on movie_info_idx mi_idx  (cost=0.43..1.07 rows=3 width=13) (actual time=0.003..0.004 rows=3 loops=84)
                           Index Cond: (movie_id = mk.movie_id)
               ->  Index Scan using info_type_pkey on info_type it2  (cost=0.14..0.16 rows=1 width=4) (actual time=0.002..0.002 rows=0 loops=252)
                     Index Cond: (id = mi_idx.info_type_id)
                     Filter: ((info)::text = 'votes'::text)
                     Rows Removed by Filter: 1
         ->  Index Scan using name_pkey on name n  (cost=0.43..1.30 rows=1 width=19) (actual time=0.010..0.010 rows=1 loops=84)
               Index Cond: (id = ci.person_id)
               Filter: ((gender)::text = 'm'::text)
 Planning Time: 105.612 ms
 Execution Time: 1107.090 ms
(60 rows)

SET
                                                                                                      QUERY PLAN                                                                                                      
----------------------------------------------------------------------------------------------------------------------------------------------------------------------------------------------------------------------
 Aggregate  (cost=8966.43..8966.44 rows=1 width=128) (actual time=3517.966..3517.967 rows=1 loops=1)
   ->  Nested Loop  (cost=1012.88..8966.42 rows=1 width=80) (actual time=136.562..3515.117 rows=2825 loops=1)
         Join Filter: (mi.movie_id = t.id)
         ->  Nested Loop  (cost=1012.45..8965.31 rows=1 width=83) (actual time=136.495..3494.555 rows=2825 loops=1)
               ->  Nested Loop  (cost=1012.02..8964.01 rows=1 width=72) (actual time=136.417..3467.245 rows=2825 loops=1)
                     ->  Nested Loop  (cost=1011.88..8963.83 rows=1 width=76) (actual time=136.382..3458.886 rows=3007 loops=1)
                           Join Filter: (mi_idx.movie_id = mi.movie_id)
                           ->  Nested Loop  (cost=1011.45..8940.22 rows=1 width=25) (actual time=64.101..3218.048 rows=1471 loops=1)
                                 Join Filter: (mi_idx.movie_id = ci.movie_id)
                                 ->  Gather  (cost=1010.88..8907.19 rows=1 width=17) (actual time=63.440..2096.141 rows=1547 loops=1)
                                       Workers Planned: 2
                                       Workers Launched: 2
                                       ->  Nested Loop  (cost=10.88..7907.09 rows=1 width=17) (actual time=38.139..2322.041 rows=516 loops=3)
                                             ->  Nested Loop  (cost=10.46..7893.34 rows=14 width=21) (actual time=7.498..1309.855 rows=199419 loops=3)
                                                   Join Filter: (mi_idx.movie_id = mc.movie_id)
                                                   ->  Hash Join  (cost=10.03..7888.91 rows=2 width=13) (actual time=7.403..772.513 rows=21234 loops=3)
                                                         Hash Cond: (mi_idx.info_type_id = it2.id)
                                                         ->  Nested Loop  (cost=7.61..7885.67 rows=298 width=17) (actual time=7.168..743.391 rows=63896 loops=3)
                                                               ->  Nested Loop  (cost=7.18..7778.10 rows=98 width=4) (actual time=7.092..408.913 rows=25571 loops=3)
                                                                     ->  Parallel Index Scan using keyword_pkey on keyword k  (cost=0.42..4562.87 rows=3 width=4) (actual time=0.564..36.456 rows=2 loops=3)
                                                                           Filter: ((keyword)::text = ANY ('{murder,violence,blood,gore,death,female-nudity,hospital}'::text[]))
                                                                           Rows Removed by Filter: 44721
                                                                     ->  Bitmap Heap Scan on movie_keyword mk  (cost=6.76..1068.74 rows=300 width=8) (actual time=4.935..155.311 rows=10959 loops=7)
                                                                           Recheck Cond: (keyword_id = k.id)
                                                                           Heap Blocks: exact=12389
                                                                           ->  Bitmap Index Scan on keyword_id_movie_keyword  (cost=0.00..6.68 rows=300 width=0) (actual time=3.807..3.807 rows=10959 loops=7)
                                                                                 Index Cond: (keyword_id = k.id)
                                                               ->  Index Scan using movie_id_movie_info_idx on movie_info_idx mi_idx  (cost=0.43..1.07 rows=3 width=13) (actual time=0.011..0.012 rows=2 loops=76714)
                                                                     Index Cond: (movie_id = mk.movie_id)
                                                         ->  Hash  (cost=2.41..2.41 rows=1 width=4) (actual time=0.078..0.078 rows=1 loops=3)
                                                               Buckets: 1024  Batches: 1  Memory Usage: 9kB
                                                               ->  Seq Scan on info_type it2  (cost=0.00..2.41 rows=1 width=4) (actual time=0.055..0.057 rows=1 loops=3)
                                                                     Filter: ((info)::text = 'votes'::text)
                                                                     Rows Removed by Filter: 112
                                                   ->  Index Scan using movie_id_movie_companies on movie_companies mc  (cost=0.43..2.15 rows=5 width=8) (actual time=0.014..0.022 rows=9 loops=63701)
                                                         Index Cond: (movie_id = mk.movie_id)
                                             ->  Index Scan using company_name_pkey on company_name cn  (cost=0.42..0.98 rows=1 width=4) (actual time=0.005..0.005 rows=0 loops=598256)
                                                   Index Cond: (id = mc.company_id)
                                                   Filter: ((name)::text ~~ 'Lionsgate%'::text)
                                                   Rows Removed by Filter: 1
                                 ->  Index Scan using movie_id_cast_info on cast_info ci  (cost=0.56..33.03 rows=1 width=8) (actual time=0.526..0.728 rows=1 loops=1547)
                                       Index Cond: (movie_id = mk.movie_id)
                                       Filter: ((note)::text = ANY ('{(writer),"(head writer)","(written by)",(story),"(story editor)"}'::text[]))
                                       Rows Removed by Filter: 119
                           ->  Index Scan using movie_id_movie_info on movie_info mi  (cost=0.43..23.59 rows=1 width=51) (actual time=0.157..0.162 rows=2 loops=1471)
                                 Index Cond: (movie_id = mk.movie_id)
                                 Filter: ((info)::text = ANY ('{Horror,Action,Sci-Fi,Thriller,Crime,War}'::text[]))
                                 Rows Removed by Filter: 172
                     ->  Index Scan using info_type_pkey on info_type it1  (cost=0.14..0.16 rows=1 width=4) (actual time=0.002..0.002 rows=1 loops=3007)
                           Index Cond: (id = mi.info_type_id)
                           Filter: ((info)::text = 'genres'::text)
                           Rows Removed by Filter: 0
               ->  Index Scan using name_pkey on name n  (cost=0.43..1.29 rows=1 width=19) (actual time=0.009..0.009 rows=1 loops=2825)
                     Index Cond: (id = ci.person_id)
         ->  Index Scan using title_pkey on title t  (cost=0.43..1.10 rows=1 width=21) (actual time=0.006..0.006 rows=1 loops=2825)
               Index Cond: (id = mk.movie_id)
 Planning Time: 108.961 ms
 Execution Time: 3525.076 ms
(58 rows)

SET
                                                                              QUERY PLAN                                                                               
-----------------------------------------------------------------------------------------------------------------------------------------------------------------------
 Aggregate  (cost=3801.48..3801.49 rows=1 width=96) (actual time=31.092..31.092 rows=1 loops=1)
   ->  Nested Loop  (cost=7.90..3801.40 rows=10 width=116) (actual time=31.084..31.084 rows=0 loops=1)
         ->  Nested Loop  (cost=7.47..3759.44 rows=10 width=103) (actual time=31.084..31.084 rows=0 loops=1)
               ->  Nested Loop  (cost=7.04..3754.59 rows=10 width=94) (actual time=31.083..31.084 rows=0 loops=1)
                     Join Filter: (ml.link_type_id = lt.id)
                     ->  Nested Loop  (cost=7.04..3750.90 rows=10 width=16) (actual time=31.083..31.083 rows=0 loops=1)
                           ->  Nested Loop  (cost=6.76..3736.45 rows=34 width=4) (actual time=30.386..31.056 rows=1 loops=1)
                                 ->  Seq Scan on keyword k  (cost=0.00..2626.12 rows=1 width=4) (actual time=30.291..30.959 rows=1 loops=1)
                                       Filter: ((keyword)::text = '10,000-mile-club'::text)
                                       Rows Removed by Filter: 134169
                                 ->  Bitmap Heap Scan on movie_keyword mk  (cost=6.76..1107.32 rows=300 width=8) (actual time=0.081..0.082 rows=1 loops=1)
                                       Recheck Cond: (keyword_id = k.id)
                                       Heap Blocks: exact=1
                                       ->  Bitmap Index Scan on keyword_id_movie_keyword  (cost=0.00..6.68 rows=300 width=0) (actual time=0.030..0.030 rows=1 loops=1)
                                             Index Cond: (keyword_id = k.id)
                           ->  Index Scan using movie_id_movie_link on movie_link ml  (cost=0.29..0.38 rows=5 width=12) (actual time=0.025..0.025 rows=0 loops=1)
                                 Index Cond: (movie_id = mk.movie_id)
                     ->  Materialize  (cost=0.00..1.27 rows=18 width=86) (never executed)
                           ->  Seq Scan on link_type lt  (cost=0.00..1.18 rows=18 width=86) (never executed)
               ->  Index Scan using title_pkey on title t1  (cost=0.43..0.49 rows=1 width=21) (never executed)
                     Index Cond: (id = mk.movie_id)
         ->  Index Scan using title_pkey on title t2  (cost=0.43..4.20 rows=1 width=21) (never executed)
               Index Cond: (id = ml.linked_movie_id)
 Planning Time: 6.101 ms
 Execution Time: 31.614 ms
(25 rows)

SET
                                                                                QUERY PLAN                                                                                 
---------------------------------------------------------------------------------------------------------------------------------------------------------------------------
 Aggregate  (cost=3801.48..3801.49 rows=1 width=96) (actual time=504.865..504.865 rows=1 loops=1)
   ->  Nested Loop  (cost=7.90..3801.40 rows=10 width=116) (actual time=11.103..499.963 rows=4388 loops=1)
         ->  Nested Loop  (cost=7.47..3759.44 rows=10 width=103) (actual time=11.022..404.684 rows=4388 loops=1)
               ->  Nested Loop  (cost=7.04..3754.59 rows=10 width=94) (actual time=10.961..376.874 rows=4388 loops=1)
                     Join Filter: (ml.link_type_id = lt.id)
                     Rows Removed by Join Filter: 30206
                     ->  Nested Loop  (cost=7.04..3750.90 rows=10 width=16) (actual time=10.914..367.465 rows=4388 loops=1)
                           ->  Nested Loop  (cost=6.76..3736.45 rows=34 width=4) (actual time=10.647..276.290 rows=41840 loops=1)
                                 ->  Seq Scan on keyword k  (cost=0.00..2626.12 rows=1 width=4) (actual time=0.926..26.671 rows=1 loops=1)
                                       Filter: ((keyword)::text = 'character-name-in-title'::text)
                                       Rows Removed by Filter: 134169
                                 ->  Bitmap Heap Scan on movie_keyword mk  (cost=6.76..1107.32 rows=300 width=8) (actual time=9.712..239.185 rows=41840 loops=1)
                                       Recheck Cond: (keyword_id = k.id)
                                       Heap Blocks: exact=11541
                                       ->  Bitmap Index Scan on keyword_id_movie_keyword  (cost=0.00..6.68 rows=300 width=0) (actual time=7.967..7.968 rows=41840 loops=1)
                                             Index Cond: (keyword_id = k.id)
                           ->  Index Scan using movie_id_movie_link on movie_link ml  (cost=0.29..0.38 rows=5 width=12) (actual time=0.002..0.002 rows=0 loops=41840)
                                 Index Cond: (movie_id = mk.movie_id)
                     ->  Materialize  (cost=0.00..1.27 rows=18 width=86) (actual time=0.000..0.001 rows=8 loops=4388)
                           ->  Seq Scan on link_type lt  (cost=0.00..1.18 rows=18 width=86) (actual time=0.024..0.033 rows=17 loops=1)
               ->  Index Scan using title_pkey on title t1  (cost=0.43..0.49 rows=1 width=21) (actual time=0.005..0.005 rows=1 loops=4388)
                     Index Cond: (id = mk.movie_id)
         ->  Index Scan using title_pkey on title t2  (cost=0.43..4.20 rows=1 width=21) (actual time=0.021..0.021 rows=1 loops=4388)
               Index Cond: (id = ml.linked_movie_id)
 Planning Time: 5.039 ms
 Execution Time: 505.406 ms
(26 rows)

SET
                                                                                                               QUERY PLAN                                                                                                               
----------------------------------------------------------------------------------------------------------------------------------------------------------------------------------------------------------------------------------------
 Aggregate  (cost=3985.44..3985.45 rows=1 width=192) (actual time=280.174..280.174 rows=1 loops=1)
   ->  Nested Loop  (cost=874.71..3985.43 rows=1 width=82) (actual time=67.756..280.149 rows=8 loops=1)
         Join Filter: ((ml.linked_movie_id = t2.id) AND (kt2.id = t2.kind_id))
         ->  Nested Loop  (cost=874.28..3984.89 rows=1 width=81) (actual time=67.715..279.922 rows=35 loops=1)
               Join Filter: (mi_idx2.info_type_id = it2.id)
               Rows Removed by Join Filter: 16250
               ->  Nested Loop  (cost=874.28..3981.65 rows=55 width=85) (actual time=11.705..272.802 rows=16285 loops=1)
                     ->  Nested Loop  (cost=873.86..3913.92 rows=152 width=70) (actual time=11.529..170.451 rows=39869 loops=1)
                           ->  Nested Loop  (cost=873.43..3824.47 rows=147 width=78) (actual time=11.509..130.695 rows=6175 loops=1)
                                 ->  Nested Loop  (cost=873.01..3759.33 rows=147 width=63) (actual time=11.485..105.134 rows=6175 loops=1)
                                       Join Filter: (ml.linked_movie_id = mc2.movie_id)
                                       ->  Nested Loop  (cost=872.58..3738.66 rows=28 width=55) (actual time=11.431..80.284 rows=1602 loops=1)
                                             Join Filter: (kt1.id = t1.kind_id)
                                             Rows Removed by Join Filter: 1143
                                             ->  Nested Loop  (cost=0.13..13.35 rows=1 width=8) (actual time=0.056..0.065 rows=1 loops=1)
                                                   ->  Index Scan using kind_type_pkey on kind_type kt2  (cost=0.13..12.26 rows=1 width=4) (actual time=0.045..0.047 rows=1 loops=1)
                                                         Filter: ((kind)::text = 'tv series'::text)
                                                         Rows Removed by Filter: 6
                                                   ->  Seq Scan on kind_type kt1  (cost=0.00..1.09 rows=1 width=4) (actual time=0.010..0.015 rows=1 loops=1)
                                                         Filter: ((kind)::text = 'tv series'::text)
                                                         Rows Removed by Filter: 6
                                             ->  Nested Loop  (cost=872.44..3722.90 rows=193 width=55) (actual time=11.372..79.622 rows=2745 loops=1)
                                                   Join Filter: (ml.movie_id = t1.id)
                                                   ->  Nested Loop  (cost=872.01..3610.10 rows=193 width=30) (actual time=11.347..62.763 rows=2745 loops=1)
                                                         ->  Hash Join  (cost=871.59..3333.95 rows=134 width=17) (actual time=11.291..40.783 rows=2064 loops=1)
                                                               Hash Cond: (mi_idx1.info_type_id = it1.id)
                                                               ->  Merge Join  (cost=869.16..3290.24 rows=15158 width=21) (actual time=11.187..39.235 rows=6192 loops=1)
                                                                     Merge Cond: (mi_idx1.movie_id = ml.movie_id)
                                                                     ->  Index Scan using movie_id_movie_info_idx on movie_info_idx mi_idx1  (cost=0.43..43826.36 rows=1380035 width=13) (actual time=0.023..18.446 rows=63901 loops=1)
                                                                     ->  Sort  (cost=868.72..881.22 rows=5000 width=8) (actual time=11.132..11.717 rows=6443 loops=1)
                                                                           Sort Key: ml.movie_id
                                                                           Sort Method: quicksort  Memory: 205kB
                                                                           ->  Hash Join  (cost=1.29..561.53 rows=5000 width=8) (actual time=0.111..9.939 rows=2315 loops=1)
                                                                                 Hash Cond: (ml.link_type_id = lt.id)
                                                                                 ->  Seq Scan on movie_link ml  (cost=0.00..462.97 rows=29997 width=12) (actual time=0.010..5.638 rows=29997 loops=1)
                                                                                 ->  Hash  (cost=1.25..1.25 rows=3 width=4) (actual time=0.040..0.040 rows=2 loops=1)
                                                                                       Buckets: 1024  Batches: 1  Memory Usage: 9kB
                                                                                       ->  Seq Scan on link_type lt  (cost=0.00..1.25 rows=3 width=4) (actual time=0.023..0.028 rows=2 loops=1)
                                                                                             Filter: ((link)::text = ANY ('{sequel,follows,"followed by"}'::text[]))
                                                                                             Rows Removed by Filter: 16
                                                               ->  Hash  (cost=2.41..2.41 rows=1 width=4) (actual time=0.037..0.037 rows=1 loops=1)
                                                                     Buckets: 1024  Batches: 1  Memory Usage: 9kB
                                                                     ->  Seq Scan on info_type it1  (cost=0.00..2.41 rows=1 width=4) (actual time=0.022..0.024 rows=1 loops=1)
                                                                           Filter: ((info)::text = 'rating'::text)
                                                                           Rows Removed by Filter: 112
                                                         ->  Index Scan using movie_id_movie_info_idx on movie_info_idx mi_idx2  (cost=0.43..2.05 rows=1 width=13) (actual time=0.009..0.010 rows=1 loops=2064)
                                                               Index Cond: (movie_id = ml.linked_movie_id)
                                                               Filter: ((info)::text < '3.0'::text)
                                                               Rows Removed by Filter: 2
                                                   ->  Index Scan using title_pkey on title t1  (cost=0.43..0.57 rows=1 width=25) (actual time=0.005..0.005 rows=1 loops=2745)
                                                         Index Cond: (id = mi_idx1.movie_id)
                                       ->  Index Scan using movie_id_movie_companies on movie_companies mc2  (cost=0.43..0.68 rows=5 width=8) (actual time=0.010..0.014 rows=4 loops=1602)
                                             Index Cond: (movie_id = mi_idx2.movie_id)
                                 ->  Index Scan using company_name_pkey on company_name cn2  (cost=0.42..0.44 rows=1 width=23) (actual time=0.003..0.003 rows=1 loops=6175)
                                       Index Cond: (id = mc2.company_id)
                           ->  Index Scan using movie_id_movie_companies on movie_companies mc1  (cost=0.43..0.56 rows=5 width=8) (actual time=0.003..0.005 rows=6 loops=6175)
                                 Index Cond: (movie_id = t1.id)
                     ->  Index Scan using company_name_pkey on company_name cn1  (cost=0.42..0.45 rows=1 width=23) (actual time=0.002..0.002 rows=0 loops=39869)
                           Index Cond: (id = mc1.company_id)
                           Filter: ((country_code)::text = '[us]'::text)
                           Rows Removed by Filter: 1
               ->  Materialize  (cost=0.00..2.42 rows=1 width=4) (actual time=0.000..0.000 rows=1 loops=16285)
                     ->  Seq Scan on info_type it2  (cost=0.00..2.41 rows=1 width=4) (actual time=0.021..0.022 rows=1 loops=1)
                           Filter: ((info)::text = 'rating'::text)
                           Rows Removed by Filter: 112
         ->  Index Scan using title_pkey on title t2  (cost=0.43..0.52 rows=1 width=25) (actual time=0.006..0.006 rows=0 loops=35)
               Index Cond: (id = mc2.movie_id)
               Filter: ((production_year >= 2005) AND (production_year <= 2008))
               Rows Removed by Filter: 1
 Planning Time: 111.264 ms
 Execution Time: 281.149 ms
(71 rows)

SET
                                                                                                                  QUERY PLAN                                                                                                                  
----------------------------------------------------------------------------------------------------------------------------------------------------------------------------------------------------------------------------------------------
 Aggregate  (cost=2780.95..2780.96 rows=1 width=192) (actual time=78.715..78.715 rows=1 loops=1)
   ->  Nested Loop  (cost=340.63..2780.94 rows=1 width=82) (actual time=15.477..78.698 rows=4 loops=1)
         Join Filter: ((t2.id = mi_idx2.movie_id) AND (it2.id = mi_idx2.info_type_id))
         Rows Removed by Join Filter: 4
         ->  Nested Loop  (cost=340.20..2780.42 rows=1 width=93) (actual time=15.444..78.651 rows=4 loops=1)
               ->  Nested Loop  (cost=340.07..2780.25 rows=1 width=97) (actual time=15.421..78.621 rows=4 loops=1)
                     Join Filter: (ml.movie_id = t1.id)
                     ->  Nested Loop  (cost=339.64..2779.72 rows=1 width=88) (actual time=15.390..78.582 rows=4 loops=1)
                           ->  Nested Loop  (cost=339.22..2779.28 rows=1 width=73) (actual time=15.385..78.568 rows=4 loops=1)
                                 ->  Nested Loop  (cost=338.79..2777.83 rows=1 width=65) (actual time=15.377..78.555 rows=1 loops=1)
                                       ->  Nested Loop  (cost=338.66..2777.66 rows=1 width=69) (actual time=4.104..78.518 rows=6 loops=1)
                                             ->  Nested Loop  (cost=338.23..2769.26 rows=2 width=44) (actual time=4.047..73.642 rows=477 loops=1)
                                                   ->  Index Scan using info_type_pkey on info_type it2  (cost=0.14..14.12 rows=1 width=4) (actual time=0.027..0.033 rows=1 loops=1)
                                                         Filter: ((info)::text = 'rating'::text)
                                                         Rows Removed by Filter: 112
                                                   ->  Nested Loop  (cost=338.08..2755.12 rows=2 width=40) (actual time=4.016..73.502 rows=477 loops=1)
                                                         ->  Nested Loop  (cost=337.66..2649.97 rows=236 width=25) (actual time=3.873..42.638 rows=9674 loops=1)
                                                               Join Filter: (ml.movie_id = mc1.movie_id)
                                                               ->  Hash Join  (cost=337.23..2620.48 rows=45 width=17) (actual time=3.863..28.129 rows=2064 loops=1)
                                                                     Hash Cond: (mi_idx1.info_type_id = it1.id)
                                                                     ->  Merge Join  (cost=334.81..2604.30 rows=5051 width=21) (actual time=3.758..26.787 rows=6192 loops=1)
                                                                           Merge Cond: (mi_idx1.movie_id = ml.movie_id)
                                                                           ->  Index Scan using movie_id_movie_info_idx on movie_info_idx mi_idx1  (cost=0.43..43826.36 rows=1380035 width=13) (actual time=0.030..13.755 rows=63901 loops=1)
                                                                           ->  Sort  (cost=334.38..338.55 rows=1666 width=8) (actual time=3.693..4.232 rows=6443 loops=1)
                                                                                 Sort Key: ml.movie_id
                                                                                 Sort Method: quicksort  Memory: 205kB
                                                                                 ->  Nested Loop  (cost=38.82..245.23 rows=1666 width=8) (actual time=0.208..2.506 rows=2315 loops=1)
                                                                                       ->  Seq Scan on link_type lt  (cost=0.00..1.23 rows=1 width=4) (actual time=0.023..0.029 rows=2 loops=1)
                                                                                             Filter: ((link)::text ~~ '%follow%'::text)
                                                                                             Rows Removed by Filter: 16
                                                                                       ->  Bitmap Heap Scan on movie_link ml  (cost=38.82..225.26 rows=1875 width=12) (actual time=0.150..1.035 rows=1158 loops=2)
                                                                                             Recheck Cond: (link_type_id = lt.id)
                                                                                             Heap Blocks: exact=191
                                                                                             ->  Bitmap Index Scan on link_type_id_movie_link  (cost=0.00..38.35 rows=1875 width=0) (actual time=0.128..0.128 rows=1158 loops=2)
                                                                                                   Index Cond: (link_type_id = lt.id)
                                                                     ->  Hash  (cost=2.41..2.41 rows=1 width=4) (actual time=0.034..0.035 rows=1 loops=1)
                                                                           Buckets: 1024  Batches: 1  Memory Usage: 9kB
                                                                           ->  Seq Scan on info_type it1  (cost=0.00..2.41 rows=1 width=4) (actual time=0.021..0.023 rows=1 loops=1)
                                                                                 Filter: ((info)::text = 'rating'::text)
                                                                                 Rows Removed by Filter: 112
                                                               ->  Index Scan using movie_id_movie_companies on movie_companies mc1  (cost=0.43..0.59 rows=5 width=8) (actual time=0.004..0.005 rows=5 loops=2064)
                                                                     Index Cond: (movie_id = mi_idx1.movie_id)
                                                         ->  Index Scan using company_name_pkey on company_name cn1  (cost=0.42..0.45 rows=1 width=23) (actual time=0.003..0.003 rows=0 loops=9674)
                                                               Index Cond: (id = mc1.company_id)
                                                               Filter: ((country_code)::text = '[nl]'::text)
                                                               Rows Removed by Filter: 1
                                             ->  Index Scan using title_pkey on title t2  (cost=0.43..4.20 rows=1 width=25) (actual time=0.010..0.010 rows=0 loops=477)
                                                   Index Cond: (id = ml.linked_movie_id)
                                                   Filter: (production_year = 2007)
                                                   Rows Removed by Filter: 1
                                       ->  Index Scan using kind_type_pkey on kind_type kt2  (cost=0.13..0.15 rows=1 width=4) (actual time=0.005..0.005 rows=0 loops=6)
                                             Index Cond: (id = t2.kind_id)
                                             Filter: ((kind)::text = 'tv series'::text)
                                             Rows Removed by Filter: 1
                                 ->  Index Scan using movie_id_movie_companies on movie_companies mc2  (cost=0.43..1.39 rows=5 width=8) (actual time=0.007..0.010 rows=4 loops=1)
                                       Index Cond: (movie_id = t2.id)
                           ->  Index Scan using company_name_pkey on company_name cn2  (cost=0.42..0.44 rows=1 width=23) (actual time=0.003..0.003 rows=1 loops=4)
                                 Index Cond: (id = mc2.company_id)
                     ->  Index Scan using title_pkey on title t1  (cost=0.43..0.51 rows=1 width=25) (actual time=0.008..0.008 rows=1 loops=4)
                           Index Cond: (id = mc1.movie_id)
               ->  Index Scan using kind_type_pkey on kind_type kt1  (cost=0.13..0.15 rows=1 width=4) (actual time=0.006..0.006 rows=1 loops=4)
                     Index Cond: (id = t1.kind_id)
                     Filter: ((kind)::text = 'tv series'::text)
         ->  Index Scan using movie_id_movie_info_idx on movie_info_idx mi_idx2  (cost=0.43..0.51 rows=1 width=13) (actual time=0.009..0.010 rows=2 loops=4)
               Index Cond: (movie_id = mc2.movie_id)
               Filter: ((info)::text < '3.0'::text)
               Rows Removed by Filter: 1
 Planning Time: 111.074 ms
 Execution Time: 79.807 ms
(69 rows)

SET
                                                                                                                  QUERY PLAN                                                                                                                  
----------------------------------------------------------------------------------------------------------------------------------------------------------------------------------------------------------------------------------------------
 Aggregate  (cost=4007.21..4007.22 rows=1 width=192) (actual time=82.403..82.403 rows=1 loops=1)
   ->  Nested Loop  (cost=874.85..4007.20 rows=1 width=82) (actual time=19.972..82.255 rows=114 loops=1)
         ->  Nested Loop  (cost=874.43..4006.75 rows=1 width=67) (actual time=19.947..81.597 rows=131 loops=1)
               ->  Nested Loop  (cost=874.30..4006.58 rows=1 width=71) (actual time=19.922..81.315 rows=131 loops=1)
                     Join Filter: (ml.movie_id = t1.id)
                     ->  Nested Loop  (cost=873.87..4006.06 rows=1 width=62) (actual time=19.886..80.817 rows=131 loops=1)
                           ->  Nested Loop  (cost=873.45..4005.62 rows=1 width=47) (actual time=19.840..80.151 rows=131 loops=1)
                                 ->  Nested Loop  (cost=873.02..4004.95 rows=1 width=55) (actual time=19.818..79.780 rows=51 loops=1)
                                       Join Filter: (it2.id = mi_idx2.info_type_id)
                                       Rows Removed by Join Filter: 4467
                                       ->  Nested Loop  (cost=872.59..3959.22 rows=82 width=50) (actual time=11.405..67.123 rows=3300 loops=1)
                                             Join Filter: (t2.kind_id = kt2.id)
                                             Rows Removed by Join Filter: 4017
                                             ->  Nested Loop  (cost=872.59..3949.90 rows=288 width=54) (actual time=10.564..64.683 rows=4087 loops=1)
                                                   ->  Index Scan using info_type_pkey on info_type it2  (cost=0.14..14.12 rows=1 width=4) (actual time=0.025..0.030 rows=1 loops=1)
                                                         Filter: ((info)::text = 'rating'::text)
                                                         Rows Removed by Filter: 112
                                                   ->  Nested Loop  (cost=872.45..3932.90 rows=288 width=50) (actual time=10.536..63.871 rows=4087 loops=1)
                                                         Join Filter: (ml.movie_id = mc1.movie_id)
                                                         ->  Nested Loop  (cost=872.02..3896.86 rows=55 width=42) (actual time=10.526..57.284 rows=851 loops=1)
                                                               ->  Hash Join  (cost=871.59..3333.95 rows=134 width=17) (actual time=10.419..34.686 rows=2064 loops=1)
                                                                     Hash Cond: (mi_idx1.info_type_id = it1.id)
                                                                     ->  Merge Join  (cost=869.16..3290.24 rows=15158 width=21) (actual time=10.305..33.220 rows=6192 loops=1)
                                                                           Merge Cond: (mi_idx1.movie_id = ml.movie_id)
                                                                           ->  Index Scan using movie_id_movie_info_idx on movie_info_idx mi_idx1  (cost=0.43..43826.36 rows=1380035 width=13) (actual time=0.023..13.655 rows=63901 loops=1)
                                                                           ->  Sort  (cost=868.72..881.22 rows=5000 width=8) (actual time=10.250..10.799 rows=6443 loops=1)
                                                                                 Sort Key: ml.movie_id
                                                                                 Sort Method: quicksort  Memory: 205kB
                                                                                 ->  Hash Join  (cost=1.29..561.53 rows=5000 width=8) (actual time=0.104..9.098 rows=2315 loops=1)
                                                                                       Hash Cond: (ml.link_type_id = lt.id)
                                                                                       ->  Seq Scan on movie_link ml  (cost=0.00..462.97 rows=29997 width=12) (actual time=0.010..4.851 rows=29997 loops=1)
                                                                                       ->  Hash  (cost=1.25..1.25 rows=3 width=4) (actual time=0.047..0.048 rows=2 loops=1)
                                                                                             Buckets: 1024  Batches: 1  Memory Usage: 9kB
                                                                                             ->  Seq Scan on link_type lt  (cost=0.00..1.25 rows=3 width=4) (actual time=0.025..0.030 rows=2 loops=1)
                                                                                                   Filter: ((link)::text = ANY ('{sequel,follows,"followed by"}'::text[]))
                                                                                                   Rows Removed by Filter: 16
                                                                     ->  Hash  (cost=2.41..2.41 rows=1 width=4) (actual time=0.035..0.035 rows=1 loops=1)
                                                                           Buckets: 1024  Batches: 1  Memory Usage: 9kB
                                                                           ->  Seq Scan on info_type it1  (cost=0.00..2.41 rows=1 width=4) (actual time=0.021..0.023 rows=1 loops=1)
                                                                                 Filter: ((info)::text = 'rating'::text)
                                                                                 Rows Removed by Filter: 112
                                                               ->  Index Scan using title_pkey on title t2  (cost=0.43..4.20 rows=1 width=25) (actual time=0.010..0.010 rows=0 loops=2064)
                                                                     Index Cond: (id = ml.linked_movie_id)
                                                                     Filter: ((production_year >= 2000) AND (production_year <= 2010))
                                                                     Rows Removed by Filter: 1
                                                         ->  Index Scan using movie_id_movie_companies on movie_companies mc1  (cost=0.43..0.59 rows=5 width=8) (actual time=0.004..0.006 rows=5 loops=851)
                                                               Index Cond: (movie_id = mi_idx1.movie_id)
                                             ->  Materialize  (cost=0.00..1.10 rows=2 width=4) (actual time=0.000..0.000 rows=2 loops=4087)
                                                   ->  Seq Scan on kind_type kt2  (cost=0.00..1.09 rows=2 width=4) (actual time=0.010..0.012 rows=2 loops=1)
                                                         Filter: ((kind)::text = ANY ('{"tv series",episode}'::text[]))
                                                         Rows Removed by Filter: 5
                                       ->  Index Scan using movie_id_movie_info_idx on movie_info_idx mi_idx2  (cost=0.43..0.53 rows=2 width=13) (actual time=0.003..0.003 rows=1 loops=3300)
                                             Index Cond: (movie_id = t2.id)
                                             Filter: ((info)::text < '3.5'::text)
                                             Rows Removed by Filter: 2
                                 ->  Index Scan using movie_id_movie_companies on movie_companies mc2  (cost=0.43..0.62 rows=5 width=8) (actual time=0.005..0.006 rows=3 loops=51)
                                       Index Cond: (movie_id = t2.id)
                           ->  Index Scan using company_name_pkey on company_name cn2  (cost=0.42..0.44 rows=1 width=23) (actual time=0.004..0.004 rows=1 loops=131)
                                 Index Cond: (id = mc2.company_id)
                     ->  Index Scan using title_pkey on title t1  (cost=0.43..0.51 rows=1 width=25) (actual time=0.003..0.003 rows=1 loops=131)
                           Index Cond: (id = mc1.movie_id)
               ->  Index Scan using kind_type_pkey on kind_type kt1  (cost=0.13..0.15 rows=1 width=4) (actual time=0.001..0.001 rows=1 loops=131)
                     Index Cond: (id = t1.kind_id)
                     Filter: ((kind)::text = ANY ('{"tv series",episode}'::text[]))
         ->  Index Scan using company_name_pkey on company_name cn1  (cost=0.42..0.45 rows=1 width=23) (actual time=0.004..0.004 rows=1 loops=131)
               Index Cond: (id = mc1.company_id)
               Filter: ((country_code)::text <> '[us]'::text)
               Rows Removed by Filter: 0
 Planning Time: 108.983 ms
 Execution Time: 83.363 ms
(70 rows)

SET
                                                                          QUERY PLAN                                                                          
--------------------------------------------------------------------------------------------------------------------------------------------------------------
 Aggregate  (cost=16631.00..16631.01 rows=1 width=32) (actual time=638.473..638.473 rows=1 loops=1)
   ->  Nested Loop  (cost=7.62..16630.82 rows=72 width=17) (actual time=14.212..638.220 rows=206 loops=1)
         Join Filter: (t.id = mi.movie_id)
         ->  Nested Loop  (cost=7.19..16315.45 rows=177 width=25) (actual time=9.721..379.288 rows=2235 loops=1)
               ->  Nested Loop  (cost=6.76..16101.73 rows=438 width=4) (actual time=5.676..174.953 rows=12951 loops=1)
                     ->  Seq Scan on keyword k  (cost=0.00..2626.12 rows=13 width=4) (actual time=1.836..39.710 rows=30 loops=1)
                           Filter: ((keyword)::text ~~ '%sequel%'::text)
                           Rows Removed by Filter: 134140
                     ->  Bitmap Heap Scan on movie_keyword mk  (cost=6.76..1033.58 rows=300 width=8) (actual time=0.172..4.315 rows=432 loops=30)
                           Recheck Cond: (keyword_id = k.id)
                           Heap Blocks: exact=6979
                           ->  Bitmap Index Scan on keyword_id_movie_keyword  (cost=0.00..6.68 rows=300 width=0) (actual time=0.130..0.130 rows=432 loops=30)
                                 Index Cond: (keyword_id = k.id)
               ->  Index Scan using title_pkey on title t  (cost=0.43..0.49 rows=1 width=21) (actual time=0.015..0.015 rows=0 loops=12951)
                     Index Cond: (id = mk.movie_id)
                     Filter: (production_year > 2005)
                     Rows Removed by Filter: 1
         ->  Index Scan using movie_id_movie_info on movie_info mi  (cost=0.43..1.77 rows=1 width=4) (actual time=0.109..0.115 rows=0 loops=2235)
               Index Cond: (movie_id = mk.movie_id)
               Filter: ((info)::text = ANY ('{Sweden,Norway,Germany,Denmark,Swedish,Denish,Norwegian,German}'::text[]))
               Rows Removed by Filter: 45
 Planning Time: 4.057 ms
 Execution Time: 638.787 ms
(23 rows)

SET
                                                                          QUERY PLAN                                                                          
--------------------------------------------------------------------------------------------------------------------------------------------------------------
 Aggregate  (cost=16416.66..16416.67 rows=1 width=32) (actual time=398.454..398.454 rows=1 loops=1)
   ->  Nested Loop  (cost=7.62..16416.66 rows=1 width=17) (actual time=24.274..398.410 rows=5 loops=1)
         Join Filter: (t.id = mi.movie_id)
         ->  Nested Loop  (cost=7.19..16315.45 rows=69 width=25) (actual time=10.474..344.435 rows=405 loops=1)
               ->  Nested Loop  (cost=6.76..16101.73 rows=438 width=4) (actual time=6.030..161.414 rows=12951 loops=1)
                     ->  Seq Scan on keyword k  (cost=0.00..2626.12 rows=13 width=4) (actual time=2.222..39.128 rows=30 loops=1)
                           Filter: ((keyword)::text ~~ '%sequel%'::text)
                           Rows Removed by Filter: 134140
                     ->  Bitmap Heap Scan on movie_keyword mk  (cost=6.76..1033.58 rows=300 width=8) (actual time=0.166..3.893 rows=432 loops=30)
                           Recheck Cond: (keyword_id = k.id)
                           Heap Blocks: exact=6979
                           ->  Bitmap Index Scan on keyword_id_movie_keyword  (cost=0.00..6.68 rows=300 width=0) (actual time=0.126..0.126 rows=432 loops=30)
                                 Index Cond: (keyword_id = k.id)
               ->  Index Scan using title_pkey on title t  (cost=0.43..0.49 rows=1 width=21) (actual time=0.013..0.013 rows=0 loops=12951)
                     Index Cond: (id = mk.movie_id)
                     Filter: (production_year > 2010)
                     Rows Removed by Filter: 1
         ->  Index Scan using movie_id_movie_info on movie_info mi  (cost=0.43..1.45 rows=1 width=4) (actual time=0.131..0.132 rows=0 loops=405)
               Index Cond: (movie_id = mk.movie_id)
               Filter: ((info)::text = 'Bulgaria'::text)
               Rows Removed by Filter: 63
 Planning Time: 4.243 ms
 Execution Time: 398.799 ms
(23 rows)

SET
                                                                          QUERY PLAN                                                                          
--------------------------------------------------------------------------------------------------------------------------------------------------------------
 Aggregate  (cost=16894.26..16894.27 rows=1 width=32) (actual time=1060.623..1060.624 rows=1 loops=1)
   ->  Nested Loop  (cost=7.62..16892.82 rows=578 width=17) (actual time=6.736..1055.246 rows=7250 loops=1)
         Join Filter: (t.id = mi.movie_id)
         ->  Nested Loop  (cost=7.19..16315.45 rows=304 width=25) (actual time=6.059..361.154 rows=7874 loops=1)
               ->  Nested Loop  (cost=6.76..16101.73 rows=438 width=4) (actual time=6.008..167.309 rows=12951 loops=1)
                     ->  Seq Scan on keyword k  (cost=0.00..2626.12 rows=13 width=4) (actual time=2.243..39.002 rows=30 loops=1)
                           Filter: ((keyword)::text ~~ '%sequel%'::text)
                           Rows Removed by Filter: 134140
                     ->  Bitmap Heap Scan on movie_keyword mk  (cost=6.76..1033.58 rows=300 width=8) (actual time=0.168..4.089 rows=432 loops=30)
                           Recheck Cond: (keyword_id = k.id)
                           Heap Blocks: exact=6979
                           ->  Bitmap Index Scan on keyword_id_movie_keyword  (cost=0.00..6.68 rows=300 width=0) (actual time=0.126..0.126 rows=432 loops=30)
                                 Index Cond: (keyword_id = k.id)
               ->  Index Scan using title_pkey on title t  (cost=0.43..0.49 rows=1 width=21) (actual time=0.014..0.014 rows=1 loops=12951)
                     Index Cond: (id = mk.movie_id)
                     Filter: (production_year > 1990)
                     Rows Removed by Filter: 0
         ->  Index Scan using movie_id_movie_info on movie_info mi  (cost=0.43..1.87 rows=2 width=4) (actual time=0.076..0.087 rows=1 loops=7874)
               Index Cond: (movie_id = mk.movie_id)
               Filter: ((info)::text = ANY ('{Sweden,Norway,Germany,Denmark,Swedish,Denish,Norwegian,German,USA,American}'::text[]))
               Rows Removed by Filter: 35
 Planning Time: 4.408 ms
 Execution Time: 1060.940 ms
(23 rows)

SET
                                                                                 QUERY PLAN                                                                                 
----------------------------------------------------------------------------------------------------------------------------------------------------------------------------
 Aggregate  (cost=16334.91..16334.92 rows=1 width=64) (actual time=420.410..420.410 rows=1 loops=1)
   ->  Nested Loop  (cost=7.62..16334.90 rows=2 width=22) (actual time=11.931..419.581 rows=740 loops=1)
         Join Filter: (mi_idx.movie_id = t.id)
         ->  Nested Loop  (cost=7.19..16332.90 rows=4 width=13) (actual time=6.129..314.198 rows=5820 loops=1)
               Join Filter: (mi_idx.info_type_id = it.id)
               Rows Removed by Join Filter: 2643
               ->  Seq Scan on info_type it  (cost=0.00..2.41 rows=1 width=4) (actual time=0.032..0.035 rows=1 loops=1)
                     Filter: ((info)::text = 'rating'::text)
                     Rows Removed by Filter: 112
               ->  Nested Loop  (cost=7.19..16324.17 rows=505 width=17) (actual time=6.094..311.742 rows=8463 loops=1)
                     ->  Nested Loop  (cost=6.76..16101.73 rows=438 width=4) (actual time=6.043..168.556 rows=12951 loops=1)
                           ->  Seq Scan on keyword k  (cost=0.00..2626.12 rows=13 width=4) (actual time=2.271..39.816 rows=30 loops=1)
                                 Filter: ((keyword)::text ~~ '%sequel%'::text)
                                 Rows Removed by Filter: 134140
                           ->  Bitmap Heap Scan on movie_keyword mk  (cost=6.76..1033.58 rows=300 width=8) (actual time=0.167..4.128 rows=432 loops=30)
                                 Recheck Cond: (keyword_id = k.id)
                                 Heap Blocks: exact=6979
                                 ->  Bitmap Index Scan on keyword_id_movie_keyword  (cost=0.00..6.68 rows=300 width=0) (actual time=0.127..0.127 rows=432 loops=30)
                                       Index Cond: (keyword_id = k.id)
                     ->  Index Scan using movie_id_movie_info_idx on movie_info_idx mi_idx  (cost=0.43..0.50 rows=1 width=13) (actual time=0.010..0.010 rows=1 loops=12951)
                           Index Cond: (movie_id = mk.movie_id)
                           Filter: ((info)::text > '5.0'::text)
                           Rows Removed by Filter: 1
         ->  Index Scan using title_pkey on title t  (cost=0.43..0.49 rows=1 width=21) (actual time=0.017..0.017 rows=0 loops=5820)
               Index Cond: (id = mk.movie_id)
               Filter: (production_year > 2005)
               Rows Removed by Filter: 1
 Planning Time: 4.976 ms
 Execution Time: 420.808 ms
(29 rows)

SET
                                                                                 QUERY PLAN                                                                                 
----------------------------------------------------------------------------------------------------------------------------------------------------------------------------
 Aggregate  (cost=16327.16..16327.17 rows=1 width=64) (actual time=205.334..205.335 rows=1 loops=1)
   ->  Nested Loop  (cost=7.62..16327.16 rows=1 width=22) (actual time=35.835..205.309 rows=6 loops=1)
         Join Filter: (mi_idx.movie_id = t.id)
         ->  Nested Loop  (cost=7.19..16326.66 rows=1 width=13) (actual time=31.244..204.902 rows=21 loops=1)
               Join Filter: (mi_idx.info_type_id = it.id)
               Rows Removed by Join Filter: 285
               ->  Seq Scan on info_type it  (cost=0.00..2.41 rows=1 width=4) (actual time=0.025..0.029 rows=1 loops=1)
                     Filter: ((info)::text = 'rating'::text)
                     Rows Removed by Filter: 112
               ->  Nested Loop  (cost=7.19..16324.17 rows=6 width=17) (actual time=6.945..204.802 rows=306 loops=1)
                     ->  Nested Loop  (cost=6.76..16101.73 rows=438 width=4) (actual time=6.024..111.720 rows=12951 loops=1)
                           ->  Seq Scan on keyword k  (cost=0.00..2626.12 rows=13 width=4) (actual time=2.252..30.117 rows=30 loops=1)
                                 Filter: ((keyword)::text ~~ '%sequel%'::text)
                                 Rows Removed by Filter: 134140
                           ->  Bitmap Heap Scan on movie_keyword mk  (cost=6.76..1033.58 rows=300 width=8) (actual time=0.150..2.593 rows=432 loops=30)
                                 Recheck Cond: (keyword_id = k.id)
                                 Heap Blocks: exact=6979
                                 ->  Bitmap Index Scan on keyword_id_movie_keyword  (cost=0.00..6.68 rows=300 width=0) (actual time=0.114..0.114 rows=432 loops=30)
                                       Index Cond: (keyword_id = k.id)
                     ->  Index Scan using movie_id_movie_info_idx on movie_info_idx mi_idx  (cost=0.43..0.50 rows=1 width=13) (actual time=0.007..0.007 rows=0 loops=12951)
                           Index Cond: (movie_id = mk.movie_id)
                           Filter: ((info)::text > '9.0'::text)
                           Rows Removed by Filter: 2
         ->  Index Scan using title_pkey on title t  (cost=0.43..0.49 rows=1 width=21) (actual time=0.018..0.018 rows=0 loops=21)
               Index Cond: (id = mk.movie_id)
               Filter: (production_year > 2010)
               Rows Removed by Filter: 1
 Planning Time: 4.429 ms
 Execution Time: 205.727 ms
(29 rows)

SET
                                                                                 QUERY PLAN                                                                                 
----------------------------------------------------------------------------------------------------------------------------------------------------------------------------
 Aggregate  (cost=16344.82..16344.83 rows=1 width=64) (actual time=311.990..311.991 rows=1 loops=1)
   ->  Nested Loop  (cost=7.62..16344.79 rows=5 width=22) (actual time=5.338..307.625 rows=4700 loops=1)
         Join Filter: (mi_idx.movie_id = t.id)
         ->  Nested Loop  (cost=7.19..16341.29 rows=7 width=13) (actual time=5.260..195.584 rows=8092 loops=1)
               Join Filter: (mi_idx.info_type_id = it.id)
               Rows Removed by Join Filter: 6865
               ->  Seq Scan on info_type it  (cost=0.00..2.41 rows=1 width=4) (actual time=0.036..0.039 rows=1 loops=1)
                     Filter: ((info)::text = 'rating'::text)
                     Rows Removed by Filter: 112
               ->  Nested Loop  (cost=7.19..16328.55 rows=826 width=17) (actual time=5.222..192.229 rows=14957 loops=1)
                     ->  Nested Loop  (cost=6.76..16101.73 rows=438 width=4) (actual time=5.197..98.427 rows=12951 loops=1)
                           ->  Seq Scan on keyword k  (cost=0.00..2626.12 rows=13 width=4) (actual time=1.793..38.736 rows=30 loops=1)
                                 Filter: ((keyword)::text ~~ '%sequel%'::text)
                                 Rows Removed by Filter: 134140
                           ->  Bitmap Heap Scan on movie_keyword mk  (cost=6.76..1033.58 rows=300 width=8) (actual time=0.150..1.858 rows=432 loops=30)
                                 Recheck Cond: (keyword_id = k.id)
                                 Heap Blocks: exact=6979
                                 ->  Bitmap Index Scan on keyword_id_movie_keyword  (cost=0.00..6.68 rows=300 width=0) (actual time=0.112..0.112 rows=432 loops=30)
                                       Index Cond: (keyword_id = k.id)
                     ->  Index Scan using movie_id_movie_info_idx on movie_info_idx mi_idx  (cost=0.43..0.50 rows=2 width=13) (actual time=0.006..0.006 rows=1 loops=12951)
                           Index Cond: (movie_id = mk.movie_id)
                           Filter: ((info)::text > '2.0'::text)
                           Rows Removed by Filter: 1
         ->  Index Scan using title_pkey on title t  (cost=0.43..0.49 rows=1 width=21) (actual time=0.013..0.013 rows=1 loops=8092)
               Index Cond: (id = mk.movie_id)
               Filter: (production_year > 1990)
               Rows Removed by Filter: 0
 Planning Time: 4.001 ms
 Execution Time: 312.373 ms
(29 rows)

SET
                                                                                QUERY PLAN                                                                                 
---------------------------------------------------------------------------------------------------------------------------------------------------------------------------
 Finalize Aggregate  (cost=39503.41..39503.42 rows=1 width=32) (actual time=267.401..267.401 rows=1 loops=1)
   ->  Gather  (cost=39503.19..39503.40 rows=2 width=32) (actual time=267.266..268.752 rows=3 loops=1)
         Workers Planned: 2
         Workers Launched: 2
         ->  Partial Aggregate  (cost=38503.19..38503.20 rows=1 width=32) (actual time=260.327..260.327 rows=1 loops=3)
               ->  Hash Join  (cost=5.47..38503.07 rows=48 width=17) (actual time=260.324..260.324 rows=0 loops=3)
                     Hash Cond: (mi.info_type_id = it.id)
                     ->  Nested Loop  (cost=1.93..38499.40 rows=48 width=21) (actual time=260.323..260.323 rows=0 loops=3)
                           ->  Nested Loop  (cost=1.49..38104.61 rows=165 width=25) (actual time=260.323..260.323 rows=0 loops=3)
                                 ->  Hash Join  (cost=1.06..35106.92 rows=407 width=4) (actual time=260.322..260.323 rows=0 loops=3)
                                       Hash Cond: (mc.company_type_id = ct.id)
                                       ->  Parallel Seq Scan on movie_companies mc  (cost=0.00..35097.06 rows=1629 width=8) (actual time=9.072..258.499 rows=8008 loops=3)
                                             Filter: (((note)::text ~~ '%(theatrical)%'::text) AND ((note)::text ~~ '%(France)%'::text))
                                             Rows Removed by Filter: 861701
                                       ->  Hash  (cost=1.05..1.05 rows=1 width=4) (actual time=0.069..0.070 rows=1 loops=3)
                                             Buckets: 1024  Batches: 1  Memory Usage: 9kB
                                             ->  Seq Scan on company_type ct  (cost=0.00..1.05 rows=1 width=4) (actual time=0.038..0.039 rows=1 loops=3)
                                                   Filter: ((kind)::text = 'production companies'::text)
                                                   Rows Removed by Filter: 3
                                 ->  Index Scan using title_pkey on title t  (cost=0.43..7.37 rows=1 width=21) (never executed)
                                       Index Cond: (id = mc.movie_id)
                                       Filter: (production_year > 2005)
                           ->  Index Scan using movie_id_movie_info on movie_info mi  (cost=0.43..2.38 rows=1 width=8) (never executed)
                                 Index Cond: (movie_id = t.id)
                                 Filter: ((info)::text = ANY ('{Sweden,Norway,Germany,Denmark,Swedish,Denish,Norwegian,German}'::text[]))
                     ->  Hash  (cost=2.13..2.13 rows=113 width=4) (never executed)
                           ->  Seq Scan on info_type it  (cost=0.00..2.13 rows=113 width=4) (never executed)
 Planning Time: 5.142 ms
 Execution Time: 269.202 ms
(29 rows)

SET
                                                                               QUERY PLAN                                                                               
------------------------------------------------------------------------------------------------------------------------------------------------------------------------
 Finalize Aggregate  (cost=38870.49..38870.50 rows=1 width=32) (actual time=255.786..255.786 rows=1 loops=1)
   ->  Gather  (cost=38870.28..38870.49 rows=2 width=32) (actual time=255.685..257.173 rows=3 loops=1)
         Workers Planned: 2
         Workers Launched: 2
         ->  Partial Aggregate  (cost=37870.28..37870.29 rows=1 width=32) (actual time=249.081..249.081 rows=1 loops=3)
               ->  Nested Loop  (cost=2.07..37870.28 rows=1 width=17) (actual time=249.079..249.079 rows=0 loops=3)
                     ->  Nested Loop  (cost=1.93..37870.12 rows=1 width=21) (actual time=249.078..249.078 rows=0 loops=3)
                           ->  Nested Loop  (cost=1.49..37866.79 rows=1 width=25) (actual time=249.078..249.078 rows=0 loops=3)
                                 ->  Hash Join  (cost=1.06..37816.09 rows=6 width=4) (actual time=249.078..249.078 rows=0 loops=3)
                                       Hash Cond: (mc.company_type_id = ct.id)
                                       ->  Parallel Seq Scan on movie_companies mc  (cost=0.00..37814.90 rows=25 width=8) (actual time=3.539..248.661 rows=473 loops=3)
                                             Filter: (((note)::text ~~ '%(VHS)%'::text) AND ((note)::text ~~ '%(USA)%'::text) AND ((note)::text ~~ '%(1994)%'::text))
                                             Rows Removed by Filter: 869237
                                       ->  Hash  (cost=1.05..1.05 rows=1 width=4) (actual time=0.061..0.061 rows=1 loops=3)
                                             Buckets: 1024  Batches: 1  Memory Usage: 9kB
                                             ->  Seq Scan on company_type ct  (cost=0.00..1.05 rows=1 width=4) (actual time=0.041..0.042 rows=1 loops=3)
                                                   Filter: ((kind)::text = 'production companies'::text)
                                                   Rows Removed by Filter: 3
                                 ->  Index Scan using title_pkey on title t  (cost=0.43..8.45 rows=1 width=21) (never executed)
                                       Index Cond: (id = mc.movie_id)
                                       Filter: (production_year > 2010)
                           ->  Index Scan using movie_id_movie_info on movie_info mi  (cost=0.43..3.31 rows=1 width=8) (never executed)
                                 Index Cond: (movie_id = t.id)
                                 Filter: ((info)::text = ANY ('{USA,America}'::text[]))
                     ->  Index Only Scan using info_type_pkey on info_type it  (cost=0.14..0.16 rows=1 width=4) (never executed)
                           Index Cond: (id = mi.info_type_id)
                           Heap Fetches: 0
 Planning Time: 4.337 ms
 Execution Time: 257.646 ms
(29 rows)

SET
                                                                                 QUERY PLAN                                                                                  
-----------------------------------------------------------------------------------------------------------------------------------------------------------------------------
 Finalize Aggregate  (cost=91609.00..91609.01 rows=1 width=32) (actual time=359.213..359.213 rows=1 loops=1)
   ->  Gather  (cost=91608.78..91608.99 rows=2 width=32) (actual time=358.995..362.766 rows=3 loops=1)
         Workers Planned: 2
         Workers Launched: 2
         ->  Partial Aggregate  (cost=90608.78..90608.79 rows=1 width=32) (actual time=352.464..352.464 rows=1 loops=3)
               ->  Hash Join  (cost=5.47..90564.24 rows=17818 width=17) (actual time=211.742..352.208 rows=223 loops=3)
                     Hash Cond: (mi.info_type_id = it.id)
                     ->  Nested Loop  (cost=1.93..90512.17 rows=17818 width=21) (actual time=211.598..351.832 rows=223 loops=3)
                           ->  Nested Loop  (cost=1.49..61913.67 rows=13136 width=25) (actual time=211.440..306.763 rows=256 loops=3)
                                 ->  Hash Join  (cost=1.06..35507.44 rows=18928 width=4) (actual time=211.323..296.903 rows=266 loops=3)
                                       Hash Cond: (mc.company_type_id = ct.id)
                                       ->  Parallel Seq Scan on movie_companies mc  (cost=0.00..35097.06 rows=75712 width=8) (actual time=0.051..286.539 rows=98543 loops=3)
                                             Filter: (((note)::text !~~ '%(TV)%'::text) AND ((note)::text ~~ '%(USA)%'::text))
                                             Rows Removed by Filter: 771167
                                       ->  Hash  (cost=1.05..1.05 rows=1 width=4) (actual time=0.059..0.059 rows=1 loops=3)
                                             Buckets: 1024  Batches: 1  Memory Usage: 9kB
                                             ->  Seq Scan on company_type ct  (cost=0.00..1.05 rows=1 width=4) (actual time=0.030..0.032 rows=1 loops=3)
                                                   Filter: ((kind)::text = 'production companies'::text)
                                                   Rows Removed by Filter: 3
                                 ->  Index Scan using title_pkey on title t  (cost=0.43..1.40 rows=1 width=21) (actual time=0.035..0.035 rows=1 loops=798)
                                       Index Cond: (id = mc.movie_id)
                                       Filter: (production_year > 1990)
                                       Rows Removed by Filter: 0
                           ->  Index Scan using movie_id_movie_info on movie_info mi  (cost=0.43..2.16 rows=2 width=8) (actual time=0.155..0.175 rows=1 loops=767)
                                 Index Cond: (movie_id = t.id)
                                 Filter: ((info)::text = ANY ('{Sweden,Norway,Germany,Denmark,Swedish,Denish,Norwegian,German,USA,American}'::text[]))
                                 Rows Removed by Filter: 10
                     ->  Hash  (cost=2.13..2.13 rows=113 width=4) (actual time=0.080..0.080 rows=113 loops=3)
                           Buckets: 1024  Batches: 1  Memory Usage: 12kB
                           ->  Seq Scan on info_type it  (cost=0.00..2.13 rows=113 width=4) (actual time=0.026..0.041 rows=113 loops=3)
 Planning Time: 4.216 ms
 Execution Time: 363.252 ms
(32 rows)

SET
                                                                            QUERY PLAN                                                                            
------------------------------------------------------------------------------------------------------------------------------------------------------------------
 Aggregate  (cost=3852.63..3852.64 rows=1 width=96) (actual time=87.508..87.509 rows=1 loops=1)
   ->  Nested Loop  (cost=8.18..3852.62 rows=1 width=48) (actual time=11.445..87.474 rows=6 loops=1)
         ->  Nested Loop  (cost=7.75..3762.97 rows=196 width=37) (actual time=0.923..50.558 rows=1224 loops=1)
               Join Filter: (t.id = ci.movie_id)
               ->  Nested Loop  (cost=7.19..3753.04 rows=5 width=41) (actual time=0.862..31.905 rows=11 loops=1)
                     ->  Nested Loop  (cost=6.76..3736.45 rows=34 width=20) (actual time=0.811..31.250 rows=14 loops=1)
                           ->  Seq Scan on keyword k  (cost=0.00..2626.12 rows=1 width=20) (actual time=0.732..30.879 rows=1 loops=1)
                                 Filter: ((keyword)::text = 'marvel-cinematic-universe'::text)
                                 Rows Removed by Filter: 134169
                           ->  Bitmap Heap Scan on movie_keyword mk  (cost=6.76..1107.32 rows=300 width=8) (actual time=0.071..0.353 rows=14 loops=1)
                                 Recheck Cond: (keyword_id = k.id)
                                 Heap Blocks: exact=12
                                 ->  Bitmap Index Scan on keyword_id_movie_keyword  (cost=0.00..6.68 rows=300 width=0) (actual time=0.041..0.041 rows=14 loops=1)
                                       Index Cond: (keyword_id = k.id)
                     ->  Index Scan using title_pkey on title t  (cost=0.43..0.49 rows=1 width=21) (actual time=0.045..0.045 rows=1 loops=14)
                           Index Cond: (id = mk.movie_id)
                           Filter: (production_year > 2010)
                           Rows Removed by Filter: 0
               ->  Index Scan using movie_id_cast_info on cast_info ci  (cost=0.56..1.52 rows=37 width=8) (actual time=0.043..1.610 rows=111 loops=11)
                     Index Cond: (movie_id = mk.movie_id)
         ->  Index Scan using name_pkey on name n  (cost=0.43..0.46 rows=1 width=19) (actual time=0.029..0.029 rows=0 loops=1224)
               Index Cond: (id = ci.person_id)
               Filter: ((name)::text ~~ '%Downey%Robert%'::text)
               Rows Removed by Filter: 1
 Planning Time: 4.750 ms
 Execution Time: 87.910 ms
(26 rows)

SET
                                                                             QUERY PLAN                                                                             
--------------------------------------------------------------------------------------------------------------------------------------------------------------------
 Aggregate  (cost=12284.35..12284.36 rows=1 width=96) (actual time=927.210..927.210 rows=1 loops=1)
   ->  Nested Loop  (cost=8.18..12284.35 rows=1 width=48) (actual time=81.508..927.151 rows=12 loops=1)
         ->  Nested Loop  (cost=7.75..12283.89 rows=1 width=37) (actual time=24.231..920.726 rows=383 loops=1)
               Join Filter: (t.id = ci.movie_id)
               ->  Nested Loop  (cost=7.19..12281.90 rows=1 width=41) (actual time=24.200..916.843 rows=36 loops=1)
                     ->  Nested Loop  (cost=6.76..12150.15 rows=270 width=20) (actual time=1.110..427.212 rows=35548 loops=1)
                           ->  Seq Scan on keyword k  (cost=0.00..3632.40 rows=8 width=20) (actual time=0.174..48.962 rows=8 loops=1)
                                 Filter: ((keyword)::text = ANY ('{superhero,sequel,second-part,marvel-comics,based-on-comic,tv-special,fight,violence}'::text[]))
                                 Rows Removed by Filter: 134162
                           ->  Bitmap Heap Scan on movie_keyword mk  (cost=6.76..1061.72 rows=300 width=8) (actual time=1.776..44.961 rows=4444 loops=8)
                                 Recheck Cond: (keyword_id = k.id)
                                 Heap Blocks: exact=23488
                                 ->  Bitmap Index Scan on keyword_id_movie_keyword  (cost=0.00..6.68 rows=300 width=0) (actual time=1.357..1.358 rows=4444 loops=8)
                                       Index Cond: (keyword_id = k.id)
                     ->  Index Scan using title_pkey on title t  (cost=0.43..0.49 rows=1 width=21) (actual time=0.013..0.013 rows=0 loops=35548)
                           Index Cond: (id = mk.movie_id)
                           Filter: (production_year > 2014)
                           Rows Removed by Filter: 1
               ->  Index Scan using movie_id_cast_info on cast_info ci  (cost=0.56..1.52 rows=37 width=8) (actual time=0.031..0.101 rows=11 loops=36)
                     Index Cond: (movie_id = mk.movie_id)
         ->  Index Scan using name_pkey on name n  (cost=0.43..0.46 rows=1 width=19) (actual time=0.016..0.016 rows=0 loops=383)
               Index Cond: (id = ci.person_id)
               Filter: ((name)::text ~~ '%Downey%Robert%'::text)
               Rows Removed by Filter: 1
 Planning Time: 4.397 ms
 Execution Time: 927.595 ms
(26 rows)

SET
                                                                            QUERY PLAN                                                                            
------------------------------------------------------------------------------------------------------------------------------------------------------------------
 Aggregate  (cost=3755.49..3755.50 rows=1 width=96) (actual time=21.509..21.509 rows=1 loops=1)
   ->  Nested Loop  (cost=8.18..3755.48 rows=1 width=48) (actual time=1.916..21.497 rows=2 loops=1)
         ->  Nested Loop  (cost=7.75..3755.03 rows=1 width=37) (actual time=0.999..20.941 rows=33 loops=1)
               Join Filter: (t.id = ci.movie_id)
               ->  Nested Loop  (cost=7.19..3753.04 rows=1 width=41) (actual time=0.934..20.601 rows=2 loops=1)
                     ->  Nested Loop  (cost=6.76..3736.45 rows=34 width=20) (actual time=0.828..20.012 rows=14 loops=1)
                           ->  Seq Scan on keyword k  (cost=0.00..2626.12 rows=1 width=20) (actual time=0.766..19.774 rows=1 loops=1)
                                 Filter: ((keyword)::text = 'marvel-cinematic-universe'::text)
                                 Rows Removed by Filter: 134169
                           ->  Bitmap Heap Scan on movie_keyword mk  (cost=6.76..1107.32 rows=300 width=8) (actual time=0.054..0.222 rows=14 loops=1)
                                 Recheck Cond: (keyword_id = k.id)
                                 Heap Blocks: exact=12
                                 ->  Bitmap Index Scan on keyword_id_movie_keyword  (cost=0.00..6.68 rows=300 width=0) (actual time=0.045..0.045 rows=14 loops=1)
                                       Index Cond: (keyword_id = k.id)
                     ->  Index Scan using title_pkey on title t  (cost=0.43..0.49 rows=1 width=21) (actual time=0.041..0.041 rows=0 loops=14)
                           Index Cond: (id = mk.movie_id)
                           Filter: (production_year > 2014)
                           Rows Removed by Filter: 1
               ->  Index Scan using movie_id_cast_info on cast_info ci  (cost=0.56..1.52 rows=37 width=8) (actual time=0.055..0.157 rows=16 loops=2)
                     Index Cond: (movie_id = mk.movie_id)
         ->  Index Scan using name_pkey on name n  (cost=0.43..0.46 rows=1 width=19) (actual time=0.016..0.016 rows=0 loops=33)
               Index Cond: (id = ci.person_id)
               Filter: ((name)::text ~~ '%Downey%Robert%'::text)
               Rows Removed by Filter: 1
 Planning Time: 5.528 ms
 Execution Time: 21.985 ms
(26 rows)

SET
                                                                             QUERY PLAN                                                                             
--------------------------------------------------------------------------------------------------------------------------------------------------------------------
 Aggregate  (cost=15065.52..15065.53 rows=1 width=96) (actual time=24030.982..24030.982 rows=1 loops=1)
   ->  Nested Loop  (cost=8.18..15065.51 rows=1 width=48) (actual time=568.218..24030.419 rows=88 loops=1)
         ->  Nested Loop  (cost=7.75..12575.89 rows=5443 width=37) (actual time=1.142..9712.110 rows=785477 loops=1)
               Join Filter: (t.id = ci.movie_id)
               ->  Nested Loop  (cost=7.19..12281.90 rows=148 width=41) (actual time=1.095..1139.046 rows=14165 loops=1)
                     ->  Nested Loop  (cost=6.76..12150.15 rows=270 width=20) (actual time=1.052..492.383 rows=35548 loops=1)
                           ->  Seq Scan on keyword k  (cost=0.00..3632.40 rows=8 width=20) (actual time=0.157..48.847 rows=8 loops=1)
                                 Filter: ((keyword)::text = ANY ('{superhero,sequel,second-part,marvel-comics,based-on-comic,tv-special,fight,violence}'::text[]))
                                 Rows Removed by Filter: 134162
                           ->  Bitmap Heap Scan on movie_keyword mk  (cost=6.76..1061.72 rows=300 width=8) (actual time=1.787..52.899 rows=4444 loops=8)
                                 Recheck Cond: (keyword_id = k.id)
                                 Heap Blocks: exact=23488
                                 ->  Bitmap Index Scan on keyword_id_movie_keyword  (cost=0.00..6.68 rows=300 width=0) (actual time=1.362..1.362 rows=4444 loops=8)
                                       Index Cond: (keyword_id = k.id)
                     ->  Index Scan using title_pkey on title t  (cost=0.43..0.49 rows=1 width=21) (actual time=0.017..0.017 rows=0 loops=35548)
                           Index Cond: (id = mk.movie_id)
                           Filter: (production_year > 2000)
                           Rows Removed by Filter: 1
               ->  Index Scan using movie_id_cast_info on cast_info ci  (cost=0.56..1.52 rows=37 width=8) (actual time=0.023..0.564 rows=55 loops=14165)
                     Index Cond: (movie_id = mk.movie_id)
         ->  Index Scan using name_pkey on name n  (cost=0.43..0.46 rows=1 width=19) (actual time=0.017..0.017 rows=0 loops=785477)
               Index Cond: (id = ci.person_id)
               Filter: ((name)::text ~~ '%Downey%Robert%'::text)
               Rows Removed by Filter: 1
 Planning Time: 4.423 ms
 Execution Time: 24031.368 ms
(26 rows)

SET
                                                                            QUERY PLAN                                                                            
------------------------------------------------------------------------------------------------------------------------------------------------------------------
 Aggregate  (cost=4102.27..4102.28 rows=1 width=96) (actual time=54.226..54.227 rows=1 loops=1)
   ->  Nested Loop  (cost=8.18..4102.27 rows=1 width=48) (actual time=10.310..54.197 rows=6 loops=1)
         ->  Nested Loop  (cost=7.75..3790.78 rows=681 width=37) (actual time=0.978..29.915 rows=1224 loops=1)
               Join Filter: (t.id = ci.movie_id)
               ->  Nested Loop  (cost=7.19..3753.04 rows=19 width=41) (actual time=0.903..18.570 rows=11 loops=1)
                     ->  Nested Loop  (cost=6.76..3736.45 rows=34 width=20) (actual time=0.841..18.071 rows=14 loops=1)
                           ->  Seq Scan on keyword k  (cost=0.00..2626.12 rows=1 width=20) (actual time=0.770..17.790 rows=1 loops=1)
                                 Filter: ((keyword)::text = 'marvel-cinematic-universe'::text)
                                 Rows Removed by Filter: 134169
                           ->  Bitmap Heap Scan on movie_keyword mk  (cost=6.76..1107.32 rows=300 width=8) (actual time=0.063..0.264 rows=14 loops=1)
                                 Recheck Cond: (keyword_id = k.id)
                                 Heap Blocks: exact=12
                                 ->  Bitmap Index Scan on keyword_id_movie_keyword  (cost=0.00..6.68 rows=300 width=0) (actual time=0.040..0.040 rows=14 loops=1)
                                       Index Cond: (keyword_id = k.id)
                     ->  Index Scan using title_pkey on title t  (cost=0.43..0.49 rows=1 width=21) (actual time=0.034..0.034 rows=1 loops=14)
                           Index Cond: (id = mk.movie_id)
                           Filter: (production_year > 2000)
                           Rows Removed by Filter: 0
               ->  Index Scan using movie_id_cast_info on cast_info ci  (cost=0.56..1.52 rows=37 width=8) (actual time=0.037..0.963 rows=111 loops=11)
                     Index Cond: (movie_id = mk.movie_id)
         ->  Index Scan using name_pkey on name n  (cost=0.43..0.46 rows=1 width=19) (actual time=0.019..0.019 rows=0 loops=1224)
               Index Cond: (id = ci.person_id)
               Filter: ((name)::text ~~ '%Downey%Robert%'::text)
               Rows Removed by Filter: 1
 Planning Time: 5.560 ms
 Execution Time: 54.700 ms
(26 rows)

SET
                                                                             QUERY PLAN                                                                             
--------------------------------------------------------------------------------------------------------------------------------------------------------------------
 Aggregate  (cost=15092.73..15092.74 rows=1 width=96) (actual time=24432.721..24432.721 rows=1 loops=1)
   ->  Nested Loop  (cost=8.18..15051.90 rows=5443 width=48) (actual time=1.245..23583.069 rows=785477 loops=1)
         ->  Nested Loop  (cost=7.75..12575.89 rows=5443 width=37) (actual time=1.175..9861.058 rows=785477 loops=1)
               Join Filter: (t.id = ci.movie_id)
               ->  Nested Loop  (cost=7.19..12281.90 rows=148 width=41) (actual time=1.128..1141.141 rows=14165 loops=1)
                     ->  Nested Loop  (cost=6.76..12150.15 rows=270 width=20) (actual time=1.083..494.163 rows=35548 loops=1)
                           ->  Seq Scan on keyword k  (cost=0.00..3632.40 rows=8 width=20) (actual time=0.164..50.237 rows=8 loops=1)
                                 Filter: ((keyword)::text = ANY ('{superhero,sequel,second-part,marvel-comics,based-on-comic,tv-special,fight,violence}'::text[]))
                                 Rows Removed by Filter: 134162
                           ->  Bitmap Heap Scan on movie_keyword mk  (cost=6.76..1061.72 rows=300 width=8) (actual time=1.791..53.003 rows=4444 loops=8)
                                 Recheck Cond: (keyword_id = k.id)
                                 Heap Blocks: exact=23488
                                 ->  Bitmap Index Scan on keyword_id_movie_keyword  (cost=0.00..6.68 rows=300 width=0) (actual time=1.372..1.372 rows=4444 loops=8)
                                       Index Cond: (keyword_id = k.id)
                     ->  Index Scan using title_pkey on title t  (cost=0.43..0.49 rows=1 width=21) (actual time=0.017..0.017 rows=0 loops=35548)
                           Index Cond: (id = mk.movie_id)
                           Filter: (production_year > 2000)
                           Rows Removed by Filter: 1
               ->  Index Scan using movie_id_cast_info on cast_info ci  (cost=0.56..1.52 rows=37 width=8) (actual time=0.023..0.576 rows=55 loops=14165)
                     Index Cond: (movie_id = mk.movie_id)
         ->  Index Scan using name_pkey on name n  (cost=0.43..0.45 rows=1 width=19) (actual time=0.016..0.016 rows=1 loops=785477)
               Index Cond: (id = ci.person_id)
 Planning Time: 4.620 ms
 Execution Time: 24433.111 ms
(24 rows)

SET
                                                                                                          QUERY PLAN                                                                                                           
-------------------------------------------------------------------------------------------------------------------------------------------------------------------------------------------------------------------------------
 Aggregate  (cost=13380.61..13380.62 rows=1 width=64) (actual time=3147.558..3147.558 rows=1 loops=1)
   ->  Nested Loop  (cost=41.24..13380.61 rows=1 width=32) (actual time=147.251..3147.483 rows=32 loops=1)
         ->  Nested Loop  (cost=41.10..13379.60 rows=1 width=36) (actual time=147.186..3147.257 rows=32 loops=1)
               Join Filter: (n.id = an.person_id)
               ->  Nested Loop  (cost=40.67..13379.10 rows=1 width=48) (actual time=147.116..3146.658 rows=14 loops=1)
                     Join Filter: (n.id = pi.person_id)
                     ->  Nested Loop  (cost=40.24..12435.27 rows=974 width=40) (actual time=0.816..2790.660 rows=17559 loops=1)
                           ->  Nested Loop  (cost=39.81..8528.28 rows=8359 width=21) (actual time=0.758..1070.937 rows=105262 loops=1)
                                 ->  Nested Loop  (cost=39.25..7243.89 rows=226 width=25) (actual time=0.675..119.338 rows=1467 loops=1)
                                       ->  Nested Loop  (cost=38.82..245.23 rows=1666 width=4) (actual time=0.593..6.943 rows=5186 loops=1)
                                             ->  Seq Scan on link_type lt  (cost=0.00..1.23 rows=1 width=4) (actual time=0.034..0.040 rows=1 loops=1)
                                                   Filter: ((link)::text = 'features'::text)
                                                   Rows Removed by Filter: 17
                                             ->  Bitmap Heap Scan on movie_link ml  (cost=38.82..225.26 rows=1875 width=8) (actual time=0.551..4.776 rows=5186 loops=1)
                                                   Recheck Cond: (link_type_id = lt.id)
                                                   Heap Blocks: exact=132
                                                   ->  Bitmap Index Scan on link_type_id_movie_link  (cost=0.00..38.35 rows=1875 width=0) (actual time=0.495..0.495 rows=5186 loops=1)
                                                         Index Cond: (link_type_id = lt.id)
                                       ->  Index Scan using title_pkey on title t  (cost=0.43..4.20 rows=1 width=21) (actual time=0.021..0.021 rows=0 loops=5186)
                                             Index Cond: (id = ml.linked_movie_id)
                                             Filter: ((production_year >= 1980) AND (production_year <= 1995))
                                             Rows Removed by Filter: 1
                                 ->  Index Scan using movie_id_cast_info on cast_info ci  (cost=0.56..5.31 rows=37 width=8) (actual time=0.028..0.615 rows=72 loops=1467)
                                       Index Cond: (movie_id = t.id)
                           ->  Index Scan using name_pkey on name n  (cost=0.43..0.47 rows=1 width=19) (actual time=0.015..0.015 rows=0 loops=105262)
                                 Index Cond: (id = ci.person_id)
                                 Filter: (((name_pcode_cf)::text >= 'A'::text) AND ((name_pcode_cf)::text <= 'F'::text) AND (((gender)::text = 'm'::text) OR (((gender)::text = 'f'::text) AND ((name)::text ~~ 'B%'::text))))
                                 Rows Removed by Filter: 1
                     ->  Index Scan using person_id_person_info on person_info pi  (cost=0.43..0.96 rows=1 width=8) (actual time=0.019..0.019 rows=0 loops=17559)
                           Index Cond: (person_id = ci.person_id)
                           Filter: ((note)::text = 'Volker Boehm'::text)
                           Rows Removed by Filter: 20
               ->  Index Scan using person_id_aka_name on aka_name an  (cost=0.42..0.47 rows=2 width=4) (actual time=0.031..0.040 rows=2 loops=14)
                     Index Cond: (person_id = ci.person_id)
                     Filter: ((name)::text ~~ '%a%'::text)
                     Rows Removed by Filter: 1
         ->  Index Scan using info_type_pkey on info_type it  (cost=0.14..0.58 rows=1 width=4) (actual time=0.006..0.006 rows=1 loops=32)
               Index Cond: (id = pi.info_type_id)
               Filter: ((info)::text = 'mini biography'::text)
 Planning Time: 14.966 ms
 Execution Time: 3148.157 ms
(41 rows)

SET
                                                                                      QUERY PLAN                                                                                       
---------------------------------------------------------------------------------------------------------------------------------------------------------------------------------------
 Aggregate  (cost=9090.16..9090.17 rows=1 width=64) (actual time=800.372..800.373 rows=1 loops=1)
   ->  Nested Loop  (cost=41.24..9090.16 rows=1 width=32) (actual time=30.799..800.317 rows=16 loops=1)
         ->  Nested Loop  (cost=41.10..9089.15 rows=1 width=36) (actual time=30.739..800.189 rows=16 loops=1)
               Join Filter: (n.id = an.person_id)
               ->  Nested Loop  (cost=40.67..9088.65 rows=1 width=48) (actual time=30.701..800.010 rows=8 loops=1)
                     Join Filter: (n.id = pi.person_id)
                     ->  Nested Loop  (cost=40.24..9045.05 rows=45 width=40) (actual time=1.244..781.980 rows=1076 loops=1)
                           ->  Nested Loop  (cost=39.81..8143.65 rows=1960 width=21) (actual time=0.733..340.581 rows=33415 loops=1)
                                 ->  Nested Loop  (cost=39.25..7243.89 rows=53 width=25) (actual time=0.644..104.989 rows=435 loops=1)
                                       ->  Nested Loop  (cost=38.82..245.23 rows=1666 width=4) (actual time=0.576..6.316 rows=5186 loops=1)
                                             ->  Seq Scan on link_type lt  (cost=0.00..1.23 rows=1 width=4) (actual time=0.026..0.032 rows=1 loops=1)
                                                   Filter: ((link)::text = 'features'::text)
                                                   Rows Removed by Filter: 17
                                             ->  Bitmap Heap Scan on movie_link ml  (cost=38.82..225.26 rows=1875 width=8) (actual time=0.543..4.419 rows=5186 loops=1)
                                                   Recheck Cond: (link_type_id = lt.id)
                                                   Heap Blocks: exact=132
                                                   ->  Bitmap Index Scan on link_type_id_movie_link  (cost=0.00..38.35 rows=1875 width=0) (actual time=0.499..0.499 rows=5186 loops=1)
                                                         Index Cond: (link_type_id = lt.id)
                                       ->  Index Scan using title_pkey on title t  (cost=0.43..4.20 rows=1 width=21) (actual time=0.018..0.018 rows=0 loops=5186)
                                             Index Cond: (id = ml.linked_movie_id)
                                             Filter: ((production_year >= 1980) AND (production_year <= 1984))
                                             Rows Removed by Filter: 1
                                 ->  Index Scan using movie_id_cast_info on cast_info ci  (cost=0.56..16.61 rows=37 width=8) (actual time=0.026..0.511 rows=77 loops=435)
                                       Index Cond: (movie_id = t.id)
                           ->  Index Scan using name_pkey on name n  (cost=0.43..0.46 rows=1 width=19) (actual time=0.012..0.012 rows=0 loops=33415)
                                 Index Cond: (id = ci.person_id)
                                 Filter: (((name_pcode_cf)::text ~~ 'D%'::text) AND ((gender)::text = 'm'::text))
                                 Rows Removed by Filter: 1
                     ->  Index Scan using person_id_person_info on person_info pi  (cost=0.43..0.96 rows=1 width=8) (actual time=0.016..0.016 rows=0 loops=1076)
                           Index Cond: (person_id = ci.person_id)
                           Filter: ((note)::text = 'Volker Boehm'::text)
                           Rows Removed by Filter: 16
               ->  Index Scan using person_id_aka_name on aka_name an  (cost=0.42..0.47 rows=2 width=4) (actual time=0.016..0.020 rows=2 loops=8)
                     Index Cond: (person_id = ci.person_id)
                     Filter: ((name)::text ~~ '%a%'::text)
                     Rows Removed by Filter: 1
         ->  Index Scan using info_type_pkey on info_type it  (cost=0.14..0.58 rows=1 width=4) (actual time=0.007..0.007 rows=1 loops=16)
               Index Cond: (id = pi.info_type_id)
               Filter: ((info)::text = 'mini biography'::text)
 Planning Time: 14.846 ms
 Execution Time: 800.967 ms
(41 rows)

SET
                                                                                                             QUERY PLAN                                                                                                              
-------------------------------------------------------------------------------------------------------------------------------------------------------------------------------------------------------------------------------------
 Aggregate  (cost=57980.82..57980.83 rows=1 width=64) (actual time=6466.140..6466.141 rows=1 loops=1)
   ->  Nested Loop  (cost=2495.17..57980.79 rows=6 width=109) (actual time=27.408..6071.322 rows=68185 loops=1)
         ->  Hash Join  (cost=2494.74..57976.67 rows=9 width=117) (actual time=27.321..5609.148 rows=109842 loops=1)
               Hash Cond: (ml.link_type_id = lt.id)
               ->  Nested Loop  (cost=2493.42..57975.22 rows=42 width=121) (actual time=27.190..5563.544 rows=127027 loops=1)
                     ->  Nested Loop  (cost=2493.13..57509.04 rows=1361 width=113) (actual time=27.112..3031.729 rows=1618304 loops=1)
                           ->  Nested Loop  (cost=2492.57..57244.88 rows=15 width=121) (actual time=27.046..2060.798 rows=12595 loops=1)
                                 ->  Nested Loop  (cost=2492.14..56116.79 rows=1360 width=102) (actual time=26.769..1365.024 rows=72979 loops=1)
                                       ->  Nested Loop  (cost=2491.71..55265.79 rows=735 width=98) (actual time=26.634..769.919 rows=84183 loops=1)
                                             ->  Seq Scan on info_type it  (cost=0.00..2.41 rows=1 width=4) (actual time=0.035..0.050 rows=1 loops=1)
                                                   Filter: ((info)::text = 'mini biography'::text)
                                                   Rows Removed by Filter: 112
                                             ->  Bitmap Heap Scan on person_info pi  (cost=2491.71..55225.61 rows=3776 width=102) (actual time=26.590..747.297 rows=84183 loops=1)
                                                   Recheck Cond: (info_type_id = it.id)
                                                   Filter: (note IS NOT NULL)
                                                   Rows Removed by Filter: 1
                                                   Heap Blocks: exact=40537
                                                   ->  Bitmap Index Scan on info_type_id_person_info  (cost=0.00..2490.77 rows=134712 width=0) (actual time=19.373..19.373 rows=84184 loops=1)
                                                         Index Cond: (info_type_id = it.id)
                                       ->  Index Scan using person_id_aka_name on aka_name an  (cost=0.42..1.14 rows=2 width=4) (actual time=0.005..0.006 rows=1 loops=84183)
                                             Index Cond: (person_id = pi.person_id)
                                             Filter: ((name IS NOT NULL) AND (((name)::text ~~ '%a%'::text) OR ((name)::text ~~ 'A%'::text)))
                                             Rows Removed by Filter: 0
                                 ->  Index Scan using name_pkey on name n  (cost=0.43..0.83 rows=1 width=19) (actual time=0.009..0.009 rows=0 loops=72979)
                                       Index Cond: (id = an.person_id)
                                       Filter: (((name_pcode_cf)::text >= 'A'::text) AND ((name_pcode_cf)::text <= 'F'::text) AND (((gender)::text = 'm'::text) OR (((gender)::text = 'f'::text) AND ((name)::text ~~ 'A%'::text))))
                                       Rows Removed by Filter: 1
                           ->  Index Scan using person_id_cast_info on cast_info ci  (cost=0.56..12.48 rows=513 width=8) (actual time=0.014..0.054 rows=128 loops=12595)
                                 Index Cond: (person_id = n.id)
                     ->  Index Scan using linked_movie_id_movie_link on movie_link ml  (cost=0.29..0.32 rows=2 width=8) (actual time=0.001..0.001 rows=0 loops=1618304)
                           Index Cond: (linked_movie_id = ci.movie_id)
               ->  Hash  (cost=1.27..1.27 rows=4 width=4) (actual time=0.044..0.045 rows=4 loops=1)
                     Buckets: 1024  Batches: 1  Memory Usage: 9kB
                     ->  Seq Scan on link_type lt  (cost=0.00..1.27 rows=4 width=4) (actual time=0.026..0.031 rows=4 loops=1)
                           Filter: ((link)::text = ANY ('{references,"referenced in",features,"featured in"}'::text[]))
                           Rows Removed by Filter: 14
         ->  Index Scan using title_pkey on title t  (cost=0.43..0.46 rows=1 width=4) (actual time=0.004..0.004 rows=1 loops=109842)
               Index Cond: (id = ci.movie_id)
               Filter: ((production_year >= 1980) AND (production_year <= 2010))
               Rows Removed by Filter: 0
 Planning Time: 15.182 ms
 Execution Time: 6467.031 ms
(42 rows)

SET
                                                                                    QUERY PLAN                                                                                    
----------------------------------------------------------------------------------------------------------------------------------------------------------------------------------
 Aggregate  (cost=42573.42..42573.43 rows=1 width=64) (actual time=4086.402..4086.403 rows=1 loops=1)
   ->  Gather  (cost=5776.21..42573.41 rows=1 width=33) (actual time=405.858..4091.264 rows=62 loops=1)
         Workers Planned: 2
         Workers Launched: 2
         ->  Nested Loop  (cost=4776.21..41573.31 rows=1 width=33) (actual time=315.118..4079.028 rows=21 loops=3)
               ->  Nested Loop  (cost=4775.78..41569.56 rows=5 width=41) (actual time=34.188..4048.363 rows=5793 loops=3)
                     ->  Hash Join  (cost=4775.35..41567.47 rows=2 width=21) (actual time=34.099..4018.824 rows=2479 loops=3)
                           Hash Cond: (ci.role_id = rt.id)
                           ->  Nested Loop  (cost=4774.19..41566.22 rows=25 width=25) (actual time=33.836..4015.949 rows=6533 loops=3)
                                 ->  Nested Loop  (cost=4773.62..41105.65 rows=246 width=25) (actual time=33.333..518.630 rows=16109 loops=3)
                                       ->  Parallel Hash Join  (cost=4773.19..39892.48 rows=246 width=4) (actual time=33.234..303.260 rows=16109 loops=3)
                                             Hash Cond: (mc.company_id = cn.id)
                                             ->  Parallel Seq Scan on movie_companies mc  (cost=0.00..35097.06 rows=8470 width=8) (actual time=0.106..253.604 rows=16299 loops=3)
                                                   Filter: (((note)::text ~~ '%(Japan)%'::text) AND ((note)::text !~~ '%(USA)%'::text))
                                                   Rows Removed by Filter: 853411
                                             ->  Parallel Hash  (cost=4722.92..4722.92 rows=4022 width=4) (actual time=32.655..32.655 rows=2251 loops=3)
                                                   Buckets: 8192  Batches: 1  Memory Usage: 384kB
                                                   ->  Parallel Seq Scan on company_name cn  (cost=0.00..4722.92 rows=4022 width=4) (actual time=0.041..30.979 rows=2251 loops=3)
                                                         Filter: ((country_code)::text = '[jp]'::text)
                                                         Rows Removed by Filter: 76082
                                       ->  Index Scan using title_pkey on title t  (cost=0.43..4.93 rows=1 width=21) (actual time=0.012..0.012 rows=1 loops=48328)
                                             Index Cond: (id = mc.movie_id)
                                 ->  Index Scan using movie_id_cast_info on cast_info ci  (cost=0.56..1.86 rows=1 width=12) (actual time=0.209..0.216 rows=0 loops=48328)
                                       Index Cond: (movie_id = t.id)
                                       Filter: ((note)::text = '(voice: English version)'::text)
                                       Rows Removed by Filter: 32
                           ->  Hash  (cost=1.15..1.15 rows=1 width=4) (actual time=0.067..0.067 rows=1 loops=3)
                                 Buckets: 1024  Batches: 1  Memory Usage: 9kB
                                 ->  Seq Scan on role_type rt  (cost=0.00..1.15 rows=1 width=4) (actual time=0.043..0.045 rows=1 loops=3)
                                       Filter: ((role)::text = 'actress'::text)
                                       Rows Removed by Filter: 11
                     ->  Index Scan using person_id_aka_name on aka_name an1  (cost=0.42..1.03 rows=2 width=20) (actual time=0.009..0.011 rows=2 loops=7438)
                           Index Cond: (person_id = ci.person_id)
               ->  Index Scan using name_pkey on name n1  (cost=0.43..0.75 rows=1 width=4) (actual time=0.005..0.005 rows=0 loops=17379)
                     Index Cond: (id = an1.person_id)
                     Filter: (((name)::text ~~ '%Yo%'::text) AND ((name)::text !~~ '%Yu%'::text))
                     Rows Removed by Filter: 1
 Planning Time: 10.248 ms
 Execution Time: 4091.926 ms
(39 rows)

SET
                                                                                                      QUERY PLAN                                                                                                       
-----------------------------------------------------------------------------------------------------------------------------------------------------------------------------------------------------------------------
 Aggregate  (cost=43935.52..43935.53 rows=1 width=64) (actual time=355.419..355.420 rows=1 loops=1)
   ->  Nested Loop  (cost=1002.40..43935.52 rows=1 width=33) (actual time=210.351..355.373 rows=6 loops=1)
         ->  Nested Loop  (cost=1002.27..43935.34 rows=1 width=37) (actual time=210.256..355.265 rows=6 loops=1)
               ->  Nested Loop  (cost=1001.84..43934.59 rows=1 width=45) (actual time=208.493..353.253 rows=171 loops=1)
                     ->  Nested Loop  (cost=1001.42..43933.55 rows=1 width=25) (actual time=208.436..350.977 rows=104 loops=1)
                           Join Filter: (t.id = ci.movie_id)
                           ->  Gather  (cost=1000.85..43788.54 rows=1 width=25) (actual time=207.787..353.907 rows=4 loops=1)
                                 Workers Planned: 2
                                 Workers Launched: 2
                                 ->  Nested Loop  (cost=0.85..42788.44 rows=1 width=25) (actual time=231.101..346.403 rows=1 loops=3)
                                       ->  Nested Loop  (cost=0.42..42706.13 rows=10 width=4) (actual time=0.181..277.263 rows=2832 loops=3)
                                             ->  Parallel Seq Scan on movie_companies mc  (cost=0.00..40532.74 rows=338 width=8) (actual time=0.096..251.566 rows=2856 loops=3)
                                                   Filter: (((note)::text ~~ '%(Japan)%'::text) AND ((note)::text !~~ '%(USA)%'::text) AND (((note)::text ~~ '%(2006)%'::text) OR ((note)::text ~~ '%(2007)%'::text)))
                                                   Rows Removed by Filter: 866853
                                             ->  Index Scan using company_name_pkey on company_name cn  (cost=0.42..6.43 rows=1 width=4) (actual time=0.008..0.008 rows=1 loops=8569)
                                                   Index Cond: (id = mc.company_id)
                                                   Filter: ((country_code)::text = '[jp]'::text)
                                                   Rows Removed by Filter: 0
                                       ->  Index Scan using title_pkey on title t  (cost=0.43..8.20 rows=1 width=21) (actual time=0.024..0.024 rows=0 loops=8495)
                                             Index Cond: (id = mc.movie_id)
                                             Filter: ((production_year >= 2006) AND (production_year <= 2007) AND (((title)::text ~~ 'One Piece%'::text) OR ((title)::text ~~ 'Dragon Ball Z%'::text)))
                                             Rows Removed by Filter: 1
                           ->  Index Scan using movie_id_cast_info on cast_info ci  (cost=0.56..145.00 rows=1 width=12) (actual time=0.168..0.526 rows=26 loops=4)
                                 Index Cond: (movie_id = mc.movie_id)
                                 Filter: ((note)::text = '(voice: English version)'::text)
                                 Rows Removed by Filter: 17
                     ->  Index Scan using person_id_aka_name on aka_name an  (cost=0.42..1.03 rows=2 width=20) (actual time=0.018..0.021 rows=2 loops=104)
                           Index Cond: (person_id = ci.person_id)
               ->  Index Scan using name_pkey on name n  (cost=0.43..0.75 rows=1 width=4) (actual time=0.011..0.011 rows=0 loops=171)
                     Index Cond: (id = an.person_id)
                     Filter: (((name)::text ~~ '%Yo%'::text) AND ((name)::text !~~ '%Yu%'::text))
                     Rows Removed by Filter: 1
         ->  Index Scan using role_type_pkey on role_type rt  (cost=0.14..0.16 rows=1 width=4) (actual time=0.017..0.017 rows=1 loops=6)
               Index Cond: (id = ci.role_id)
               Filter: ((role)::text = 'actress'::text)
 Planning Time: 10.229 ms
 Execution Time: 361.061 ms
(37 rows)

SET
                                                                                          QUERY PLAN                                                                                           
-----------------------------------------------------------------------------------------------------------------------------------------------------------------------------------------------
 Finalize Aggregate  (cost=507448.30..507448.31 rows=1 width=64) (actual time=7324.355..7324.356 rows=1 loops=1)
   ->  Gather  (cost=507448.08..507448.29 rows=2 width=64) (actual time=7320.766..7443.217 rows=3 loops=1)
         Workers Planned: 2
         Workers Launched: 2
         ->  Partial Aggregate  (cost=506448.08..506448.09 rows=1 width=64) (actual time=7313.809..7313.810 rows=1 loops=3)
               ->  Parallel Hash Join  (cost=369446.57..492488.07 rows=2792002 width=33) (actual time=6794.972..7078.576 rows=829204 loops=3)
                     Hash Cond: (ci.person_id = a1.person_id)
                     ->  Hash Join  (cost=243680.90..334088.98 rows=1215217 width=21) (actual time=4598.582..5051.059 rows=656886 loops=3)
                           Hash Cond: (t.id = ci.movie_id)
                           ->  Parallel Hash Join  (cost=44347.81..110366.87 rows=395029 width=25) (actual time=1105.556..1390.322 rows=384599 loops=3)
                                 Hash Cond: (t.id = mc.movie_id)
                                 ->  Parallel Seq Scan on title t  (cost=0.00..46532.63 rows=1053463 width=21) (actual time=0.048..259.524 rows=842771 loops=3)
                                 ->  Parallel Hash  (cost=37865.94..37865.94 rows=395029 width=4) (actual time=534.777..534.777 rows=384599 loops=3)
                                       Buckets: 131072  Batches: 16  Memory Usage: 3872kB
                                       ->  Parallel Hash Join  (cost=5350.78..37865.94 rows=395029 width=4) (actual time=47.086..411.460 rows=384599 loops=3)
                                             Hash Cond: (mc.company_id = cn.id)
                                             ->  Parallel Seq Scan on movie_companies mc  (cost=0.00..29661.37 rows=1087137 width=8) (actual time=0.037..168.150 rows=869710 loops=3)
                                             ->  Parallel Hash  (cost=4722.92..4722.92 rows=50229 width=4) (actual time=46.130..46.131 rows=28281 loops=3)
                                                   Buckets: 131072  Batches: 1  Memory Usage: 4416kB
                                                   ->  Parallel Seq Scan on company_name cn  (cost=0.00..4722.92 rows=50229 width=4) (actual time=0.046..32.200 rows=28281 loops=3)
                                                         Filter: ((country_code)::text = '[us]'::text)
                                                         Rows Removed by Filter: 50051
                           ->  Hash  (cost=149779.57..149779.57 rows=3020362 width=8) (actual time=3198.382..3198.382 rows=2728943 loops=3)
                                 Buckets: 131072  Batches: 64  Memory Usage: 2675kB
                                 ->  Nested Loop  (cost=0.56..149779.57 rows=3020362 width=8) (actual time=0.116..2362.531 rows=2728943 loops=3)
                                       ->  Seq Scan on role_type rt  (cost=0.00..1.15 rows=1 width=4) (actual time=0.033..0.041 rows=1 loops=3)
                                             Filter: ((role)::text = 'writer'::text)
                                             Rows Removed by Filter: 11
                                       ->  Index Scan using role_id_cast_info on cast_info ci  (cost=0.56..116829.02 rows=3294940 width=12) (actual time=0.074..1948.779 rows=2728943 loops=3)
                                             Index Cond: (role_id = rt.id)
                     ->  Parallel Hash  (cost=118870.18..118870.18 rows=375560 width=24) (actual time=1486.083..1486.083 rows=300448 loops=3)
                           Buckets: 65536  Batches: 16  Memory Usage: 3872kB
                           ->  Parallel Hash Join  (cost=22047.10..118870.18 rows=375560 width=24) (actual time=1020.476..1369.126 rows=300448 loops=3)
                                 Hash Cond: (n1.id = a1.person_id)
                                 ->  Parallel Seq Scan on name n1  (cost=0.00..72977.55 rows=1736455 width=4) (actual time=0.054..396.200 rows=1389164 loops=3)
                                 ->  Parallel Hash  (cost=15151.60..15151.60 rows=375560 width=20) (actual time=207.701..207.701 rows=300448 loops=3)
                                       Buckets: 65536  Batches: 16  Memory Usage: 3712kB
                                       ->  Parallel Seq Scan on aka_name a1  (cost=0.00..15151.60 rows=375560 width=20) (actual time=0.035..94.739 rows=300448 loops=3)
 Planning Time: 8.678 ms
 Execution Time: 7443.855 ms
(40 rows)

SET
                                                                                         QUERY PLAN                                                                                         
--------------------------------------------------------------------------------------------------------------------------------------------------------------------------------------------
 Finalize Aggregate  (cost=507448.30..507448.31 rows=1 width=64) (actual time=3527.329..3527.330 rows=1 loops=1)
   ->  Gather  (cost=507448.08..507448.29 rows=2 width=64) (actual time=3523.593..3628.983 rows=3 loops=1)
         Workers Planned: 2
         Workers Launched: 2
         ->  Partial Aggregate  (cost=506448.08..506448.09 rows=1 width=64) (actual time=3516.643..3516.643 rows=1 loops=3)
               ->  Parallel Hash Join  (cost=369446.57..492488.07 rows=2792002 width=33) (actual time=3414.538..3485.859 rows=107668 loops=3)
                     Hash Cond: (ci.person_id = an1.person_id)
                     ->  Hash Join  (cost=243680.90..334088.98 rows=1215217 width=21) (actual time=1625.586..1891.208 rows=95179 loops=3)
                           Hash Cond: (t.id = ci.movie_id)
                           ->  Parallel Hash Join  (cost=44347.81..110366.87 rows=395029 width=25) (actual time=1112.699..1422.552 rows=384599 loops=3)
                                 Hash Cond: (t.id = mc.movie_id)
                                 ->  Parallel Seq Scan on title t  (cost=0.00..46532.63 rows=1053463 width=21) (actual time=0.051..262.737 rows=842771 loops=3)
                                 ->  Parallel Hash  (cost=37865.94..37865.94 rows=395029 width=4) (actual time=536.251..536.251 rows=384599 loops=3)
                                       Buckets: 131072  Batches: 16  Memory Usage: 3904kB
                                       ->  Parallel Hash Join  (cost=5350.78..37865.94 rows=395029 width=4) (actual time=48.544..413.194 rows=384599 loops=3)
                                             Hash Cond: (mc.company_id = cn.id)
                                             ->  Parallel Seq Scan on movie_companies mc  (cost=0.00..29661.37 rows=1087137 width=8) (actual time=0.040..166.995 rows=869710 loops=3)
                                             ->  Parallel Hash  (cost=4722.92..4722.92 rows=50229 width=4) (actual time=48.046..48.046 rows=28281 loops=3)
                                                   Buckets: 131072  Batches: 1  Memory Usage: 4384kB
                                                   ->  Parallel Seq Scan on company_name cn  (cost=0.00..4722.92 rows=50229 width=4) (actual time=0.083..34.840 rows=28281 loops=3)
                                                         Filter: ((country_code)::text = '[us]'::text)
                                                         Rows Removed by Filter: 50051
                           ->  Hash  (cost=149779.57..149779.57 rows=3020362 width=8) (actual time=207.660..207.660 rows=276403 loops=3)
                                 Buckets: 131072  Batches: 64  Memory Usage: 1193kB
                                 ->  Nested Loop  (cost=0.56..149779.57 rows=3020362 width=8) (actual time=0.163..125.765 rows=276403 loops=3)
                                       ->  Seq Scan on role_type rt  (cost=0.00..1.15 rows=1 width=4) (actual time=0.039..0.045 rows=1 loops=3)
                                             Filter: ((role)::text = 'costume designer'::text)
                                             Rows Removed by Filter: 11
                                       ->  Index Scan using role_id_cast_info on cast_info ci  (cost=0.56..116829.02 rows=3294940 width=12) (actual time=0.116..84.823 rows=276403 loops=3)
                                             Index Cond: (role_id = rt.id)
                     ->  Parallel Hash  (cost=118870.18..118870.18 rows=375560 width=24) (actual time=1474.885..1474.885 rows=300448 loops=3)
                           Buckets: 65536  Batches: 16  Memory Usage: 3872kB
                           ->  Parallel Hash Join  (cost=22047.10..118870.18 rows=375560 width=24) (actual time=996.736..1356.558 rows=300448 loops=3)
                                 Hash Cond: (n1.id = an1.person_id)
                                 ->  Parallel Seq Scan on name n1  (cost=0.00..72977.55 rows=1736455 width=4) (actual time=0.056..394.881 rows=1389164 loops=3)
                                 ->  Parallel Hash  (cost=15151.60..15151.60 rows=375560 width=20) (actual time=206.981..206.981 rows=300448 loops=3)
                                       Buckets: 65536  Batches: 16  Memory Usage: 3680kB
                                       ->  Parallel Seq Scan on aka_name an1  (cost=0.00..15151.60 rows=375560 width=20) (actual time=0.040..93.921 rows=300448 loops=3)
 Planning Time: 10.630 ms
 Execution Time: 3630.101 ms
(40 rows)

SET
                                                                                        QUERY PLAN                                                                                         
-------------------------------------------------------------------------------------------------------------------------------------------------------------------------------------------
 Aggregate  (cost=83284.29..83284.30 rows=1 width=96) (actual time=550.517..550.517 rows=1 loops=1)
   ->  Nested Loop  (cost=1003.86..83284.28 rows=1 width=49) (actual time=223.349..550.381 rows=121 loops=1)
         ->  Nested Loop  (cost=1003.44..83283.79 rows=1 width=53) (actual time=223.284..548.862 rows=123 loops=1)
               Join Filter: (ci.movie_id = mc.movie_id)
               ->  Gather  (cost=1003.01..83283.14 rows=1 width=57) (actual time=222.902..548.149 rows=139 loops=1)
                     Workers Planned: 2
                     Workers Launched: 2
                     ->  Nested Loop  (cost=3.01..82283.04 rows=1 width=57) (actual time=214.469..541.763 rows=46 loops=3)
                           ->  Nested Loop  (cost=2.58..82282.39 rows=1 width=45) (actual time=213.387..540.845 rows=52 loops=3)
                                 ->  Hash Join  (cost=2.15..82281.10 rows=2 width=24) (actual time=212.093..537.734 rows=142 loops=3)
                                       Hash Cond: (ci.role_id = rt.id)
                                       ->  Nested Loop  (cost=0.99..82279.86 rows=19 width=28) (actual time=211.871..537.419 rows=142 loops=3)
                                             Join Filter: (n.id = ci.person_id)
                                             ->  Nested Loop  (cost=0.42..82155.48 rows=9 width=24) (actual time=205.938..515.414 rows=519 loops=3)
                                                   ->  Parallel Seq Scan on name n  (cost=0.00..81659.82 rows=40 width=4) (actual time=205.192..490.304 rows=2256 loops=3)
                                                         Filter: (((name)::text ~~ '%Ang%'::text) AND ((gender)::text = 'f'::text))
                                                         Rows Removed by Filter: 1386908
                                                   ->  Index Scan using person_id_aka_name on aka_name an  (cost=0.42..12.37 rows=2 width=20) (actual time=0.010..0.010 rows=0 loops=6768)
                                                         Index Cond: (person_id = n.id)
                                             ->  Index Scan using person_id_cast_info on cast_info ci  (cost=0.56..13.67 rows=12 width=16) (actual time=0.039..0.041 rows=0 loops=1558)
                                                   Index Cond: (person_id = an.person_id)
                                                   Filter: ((note)::text = ANY ('{(voice),"(voice: Japanese version)","(voice) (uncredited)","(voice: English version)"}'::text[]))
                                                   Rows Removed by Filter: 44
                                       ->  Hash  (cost=1.15..1.15 rows=1 width=4) (actual time=0.062..0.062 rows=1 loops=3)
                                             Buckets: 1024  Batches: 1  Memory Usage: 9kB
                                             ->  Seq Scan on role_type rt  (cost=0.00..1.15 rows=1 width=4) (actual time=0.032..0.035 rows=1 loops=3)
                                                   Filter: ((role)::text = 'actress'::text)
                                                   Rows Removed by Filter: 11
                                 ->  Index Scan using title_pkey on title t  (cost=0.43..0.65 rows=1 width=21) (actual time=0.021..0.021 rows=0 loops=425)
                                       Index Cond: (id = ci.movie_id)
                                       Filter: ((production_year >= 2005) AND (production_year <= 2015))
                                       Rows Removed by Filter: 1
                           ->  Index Scan using char_name_pkey on char_name chn  (cost=0.43..0.65 rows=1 width=20) (actual time=0.016..0.016 rows=1 loops=155)
                                 Index Cond: (id = ci.person_role_id)
               ->  Index Scan using movie_id_movie_companies on movie_companies mc  (cost=0.43..0.64 rows=1 width=8) (actual time=0.019..0.025 rows=1 loops=139)
                     Index Cond: (movie_id = t.id)
                     Filter: ((note IS NOT NULL) AND (((note)::text ~~ '%(USA)%'::text) OR ((note)::text ~~ '%(worldwide)%'::text)))
                     Rows Removed by Filter: 5
         ->  Index Scan using company_name_pkey on company_name cn  (cost=0.42..0.49 rows=1 width=4) (actual time=0.011..0.011 rows=1 loops=123)
               Index Cond: (id = mc.company_id)
               Filter: ((country_code)::text = '[us]'::text)
               Rows Removed by Filter: 0
 Planning Time: 15.838 ms
 Execution Time: 554.009 ms
(44 rows)

SET
                                                                                        QUERY PLAN                                                                                         
-------------------------------------------------------------------------------------------------------------------------------------------------------------------------------------------
 Aggregate  (cost=83272.11..83272.12 rows=1 width=128) (actual time=527.040..527.040 rows=1 loops=1)
   ->  Nested Loop  (cost=1003.86..83272.10 rows=1 width=64) (actual time=226.790..526.964 rows=40 loops=1)
         ->  Nested Loop  (cost=1003.43..83271.40 rows=1 width=55) (actual time=217.473..526.090 rows=94 loops=1)
               ->  Nested Loop  (cost=1003.01..83270.82 rows=1 width=59) (actual time=217.397..525.245 rows=94 loops=1)
                     ->  Gather  (cost=1002.58..83270.12 rows=1 width=47) (actual time=217.356..527.304 rows=103 loops=1)
                           Workers Planned: 2
                           Workers Launched: 2
                           ->  Nested Loop  (cost=2.58..82270.02 rows=1 width=47) (actual time=211.618..519.271 rows=34 loops=3)
                                 ->  Hash Join  (cost=2.15..82269.31 rows=1 width=39) (actual time=211.281..517.254 rows=88 loops=3)
                                       Hash Cond: (ci.role_id = rt.id)
                                       ->  Nested Loop  (cost=0.99..82268.09 rows=15 width=43) (actual time=211.047..516.967 rows=88 loops=3)
                                             Join Filter: (n.id = ci.person_id)
                                             ->  Nested Loop  (cost=0.42..82155.48 rows=9 width=39) (actual time=206.661..506.831 rows=432 loops=3)
                                                   ->  Parallel Seq Scan on name n  (cost=0.00..81659.82 rows=40 width=19) (actual time=205.693..491.134 rows=1803 loops=3)
                                                         Filter: (((name)::text ~~ '%Angel%'::text) AND ((gender)::text = 'f'::text))
                                                         Rows Removed by Filter: 1387361
                                                   ->  Index Scan using person_id_aka_name on aka_name an  (cost=0.42..12.37 rows=2 width=20) (actual time=0.007..0.008 rows=0 loops=5409)
                                                         Index Cond: (person_id = n.id)
                                             ->  Index Scan using person_id_cast_info on cast_info ci  (cost=0.56..12.39 rows=10 width=16) (actual time=0.021..0.023 rows=0 loops=1296)
                                                   Index Cond: (person_id = an.person_id)
                                                   Filter: ((note)::text = '(voice)'::text)
                                                   Rows Removed by Filter: 43
                                       ->  Hash  (cost=1.15..1.15 rows=1 width=4) (actual time=0.060..0.060 rows=1 loops=3)
                                             Buckets: 1024  Batches: 1  Memory Usage: 9kB
                                             ->  Seq Scan on role_type rt  (cost=0.00..1.15 rows=1 width=4) (actual time=0.036..0.038 rows=1 loops=3)
                                                   Filter: ((role)::text = 'actress'::text)
                                                   Rows Removed by Filter: 11
                                 ->  Index Scan using movie_id_movie_companies on movie_companies mc  (cost=0.43..0.70 rows=1 width=8) (actual time=0.019..0.022 rows=0 loops=265)
                                       Index Cond: (movie_id = ci.movie_id)
                                       Filter: (((note)::text ~~ '%(200%)%'::text) AND (((note)::text ~~ '%(USA)%'::text) OR ((note)::text ~~ '%(worldwide)%'::text)))
                                       Rows Removed by Filter: 4
                     ->  Index Scan using char_name_pkey on char_name chn  (cost=0.43..0.70 rows=1 width=20) (actual time=0.010..0.010 rows=1 loops=103)
                           Index Cond: (id = ci.person_role_id)
               ->  Index Scan using company_name_pkey on company_name cn  (cost=0.42..0.59 rows=1 width=4) (actual time=0.008..0.008 rows=1 loops=94)
                     Index Cond: (id = mc.company_id)
                     Filter: ((country_code)::text = '[us]'::text)
         ->  Index Scan using title_pkey on title t  (cost=0.43..0.69 rows=1 width=21) (actual time=0.009..0.009 rows=0 loops=94)
               Index Cond: (id = ci.movie_id)
               Filter: ((production_year >= 2007) AND (production_year <= 2010))
               Rows Removed by Filter: 1
 Planning Time: 14.650 ms
 Execution Time: 530.926 ms
(42 rows)

SET
                                                                                          QUERY PLAN                                                                                           
-----------------------------------------------------------------------------------------------------------------------------------------------------------------------------------------------
 Finalize Aggregate  (cost=160431.48..160431.49 rows=1 width=128) (actual time=949.122..949.122 rows=1 loops=1)
   ->  Gather  (cost=160431.25..160431.46 rows=2 width=128) (actual time=948.117..955.600 rows=3 loops=1)
         Workers Planned: 2
         Workers Launched: 2
         ->  Partial Aggregate  (cost=159431.25..159431.26 rows=1 width=128) (actual time=940.598..940.599 rows=1 loops=3)
               ->  Nested Loop  (cost=81913.67..159427.47 rows=378 width=64) (actual time=534.586..938.226 rows=2715 loops=3)
                     Join Filter: (ci.movie_id = t.id)
                     ->  Nested Loop  (cost=81913.24..159228.71 rows=378 width=55) (actual time=534.460..919.420 rows=2715 loops=3)
                           ->  Nested Loop  (cost=81912.82..158764.41 rows=1042 width=59) (actual time=533.190..880.332 rows=6115 loops=3)
                                 ->  Nested Loop  (cost=81912.39..158495.75 rows=392 width=51) (actual time=532.771..853.152 rows=2575 loops=3)
                                       ->  Hash Join  (cost=81911.96..157967.51 rows=810 width=39) (actual time=532.648..831.272 rows=2735 loops=3)
                                             Hash Cond: (ci.role_id = rt.id)
                                             ->  Nested Loop  (cost=81910.80..157931.79 rows=9727 width=43) (actual time=532.401..829.730 rows=2735 loops=3)
                                                   Join Filter: (n.id = ci.person_id)
                                                   ->  Parallel Hash Join  (cost=81910.23..98047.67 rows=4333 width=39) (actual time=527.967..677.288 rows=3508 loops=3)
                                                         Hash Cond: (an.person_id = n.id)
                                                         ->  Parallel Seq Scan on aka_name an  (cost=0.00..15151.60 rows=375560 width=20) (actual time=0.027..80.235 rows=300448 loops=3)
                                                         ->  Parallel Hash  (cost=81659.82..81659.82 rows=20033 width=19) (actual time=526.880..526.880 rows=16670 loops=3)
                                                               Buckets: 65536  Batches: 1  Memory Usage: 3264kB
                                                               ->  Parallel Seq Scan on name n  (cost=0.00..81659.82 rows=20033 width=19) (actual time=214.235..512.529 rows=16670 loops=3)
                                                                     Filter: (((name)::text ~~ '%An%'::text) AND ((gender)::text = 'f'::text))
                                                                     Rows Removed by Filter: 1372493
                                                   ->  Index Scan using person_id_cast_info on cast_info ci  (cost=0.56..13.67 rows=12 width=16) (actual time=0.039..0.042 rows=1 loops=10525)
                                                         Index Cond: (person_id = an.person_id)
                                                         Filter: ((note)::text = ANY ('{(voice),"(voice: Japanese version)","(voice) (uncredited)","(voice: English version)"}'::text[]))
                                                         Rows Removed by Filter: 44
                                             ->  Hash  (cost=1.15..1.15 rows=1 width=4) (actual time=0.086..0.086 rows=1 loops=3)
                                                   Buckets: 1024  Batches: 1  Memory Usage: 9kB
                                                   ->  Seq Scan on role_type rt  (cost=0.00..1.15 rows=1 width=4) (actual time=0.050..0.052 rows=1 loops=3)
                                                         Filter: ((role)::text = 'actress'::text)
                                                         Rows Removed by Filter: 11
                                       ->  Index Scan using char_name_pkey on char_name chn  (cost=0.43..0.65 rows=1 width=20) (actual time=0.007..0.007 rows=1 loops=8204)
                                             Index Cond: (id = ci.person_role_id)
                                 ->  Index Scan using movie_id_movie_companies on movie_companies mc  (cost=0.43..0.64 rows=5 width=8) (actual time=0.007..0.009 rows=2 loops=7726)
                                       Index Cond: (movie_id = ci.movie_id)
                           ->  Index Scan using company_name_pkey on company_name cn  (cost=0.42..0.45 rows=1 width=4) (actual time=0.006..0.006 rows=0 loops=18345)
                                 Index Cond: (id = mc.company_id)
                                 Filter: ((country_code)::text = '[us]'::text)
                                 Rows Removed by Filter: 1
                     ->  Index Scan using title_pkey on title t  (cost=0.43..0.51 rows=1 width=21) (actual time=0.006..0.006 rows=1 loops=8144)
                           Index Cond: (id = mc.movie_id)
 Planning Time: 15.067 ms
 Execution Time: 956.303 ms
(43 rows)

SET
                                                                                                  QUERY PLAN                                                                                                  
--------------------------------------------------------------------------------------------------------------------------------------------------------------------------------------------------------------
 Finalize Aggregate  (cost=210684.16..210684.17 rows=1 width=128) (actual time=5403.052..5403.052 rows=1 loops=1)
   ->  Gather  (cost=210683.93..210684.14 rows=2 width=128) (actual time=5397.736..5408.153 rows=3 loops=1)
         Workers Planned: 2
         Workers Launched: 2
         ->  Partial Aggregate  (cost=209683.93..209683.94 rows=1 width=128) (actual time=5387.501..5387.501 rows=1 loops=3)
               ->  Nested Loop  (cost=140734.47..209608.99 rows=7494 width=64) (actual time=2997.967..5290.548 rows=161027 loops=3)
                     ->  Nested Loop  (cost=140734.04..207853.12 rows=3262 width=56) (actual time=2997.594..4925.899 rows=57856 loops=3)
                           Join Filter: (ci.movie_id = t.id)
                           ->  Nested Loop  (cost=140733.61..206137.89 rows=3262 width=47) (actual time=2997.524..4555.087 rows=57856 loops=3)
                                 ->  Nested Loop  (cost=140733.18..201739.10 rows=6745 width=35) (actual time=2997.453..4055.900 rows=63155 loops=3)
                                       ->  Hash Join  (cost=140732.75..179459.15 rows=29530 width=16) (actual time=2997.370..3621.352 rows=63185 loops=3)
                                             Hash Cond: (mc.movie_id = ci.movie_id)
                                             ->  Parallel Hash Join  (cost=5350.78..37865.94 rows=395029 width=4) (actual time=48.410..443.944 rows=384599 loops=3)
                                                   Hash Cond: (mc.company_id = cn.id)
                                                   ->  Parallel Seq Scan on movie_companies mc  (cost=0.00..29661.37 rows=1087137 width=8) (actual time=0.043..168.819 rows=869710 loops=3)
                                                   ->  Parallel Hash  (cost=4722.92..4722.92 rows=50229 width=4) (actual time=47.030..47.031 rows=28281 loops=3)
                                                         Buckets: 131072  Batches: 1  Memory Usage: 4384kB
                                                         ->  Parallel Seq Scan on company_name cn  (cost=0.00..4722.92 rows=50229 width=4) (actual time=0.040..30.935 rows=28281 loops=3)
                                                               Filter: ((country_code)::text = '[us]'::text)
                                                               Rows Removed by Filter: 50051
                                             ->  Hash  (cost=134105.54..134105.54 rows=73395 width=12) (actual time=2945.516..2945.516 rows=276166 loops=3)
                                                   Buckets: 131072 (originally 131072)  Batches: 4 (originally 2)  Memory Usage: 3984kB
                                                   ->  Nested Loop  (cost=0.56..134105.54 rows=73395 width=12) (actual time=0.306..2826.650 rows=276166 loops=3)
                                                         ->  Seq Scan on role_type rt  (cost=0.00..1.15 rows=1 width=4) (actual time=0.038..0.043 rows=1 loops=3)
                                                               Filter: ((role)::text = 'actress'::text)
                                                               Rows Removed by Filter: 11
                                                         ->  Index Scan using role_id_cast_info on cast_info ci  (cost=0.56..133303.71 rows=80067 width=16) (actual time=0.262..2788.375 rows=276166 loops=3)
                                                               Index Cond: (role_id = rt.id)
                                                               Filter: ((note)::text = ANY ('{(voice),"(voice: Japanese version)","(voice) (uncredited)","(voice: English version)"}'::text[]))
                                                               Rows Removed by Filter: 7175807
                                       ->  Index Scan using name_pkey on name n  (cost=0.43..0.75 rows=1 width=19) (actual time=0.006..0.006 rows=1 loops=189554)
                                             Index Cond: (id = ci.person_id)
                                             Filter: ((gender)::text = 'f'::text)
                                             Rows Removed by Filter: 0
                                 ->  Index Scan using char_name_pkey on char_name chn  (cost=0.43..0.65 rows=1 width=20) (actual time=0.007..0.007 rows=1 loops=189464)
                                       Index Cond: (id = ci.person_role_id)
                           ->  Index Scan using title_pkey on title t  (cost=0.43..0.51 rows=1 width=21) (actual time=0.005..0.005 rows=1 loops=173567)
                                 Index Cond: (id = mc.movie_id)
                     ->  Index Scan using person_id_aka_name on aka_name an  (cost=0.42..0.52 rows=2 width=20) (actual time=0.004..0.005 rows=3 loops=173567)
                           Index Cond: (person_id = n.id)
 Planning Time: 15.663 ms
 Execution Time: 5408.885 ms
(42 rows)

