SET
                                                                                         QUERY PLAN                                                                                         
--------------------------------------------------------------------------------------------------------------------------------------------------------------------------------------------
 Finalize Aggregate  (cost=46680.35..46680.36 rows=1 width=64) (actual time=442.843..442.844 rows=1 loops=1)
   ->  Gather  (cost=46680.13..46680.34 rows=2 width=64) (actual time=442.667..455.075 rows=3 loops=1)
         Workers Planned: 2
         Workers Launched: 2
         ->  Partial Aggregate  (cost=45680.13..45680.14 rows=1 width=64) (actual time=440.006..440.007 rows=1 loops=3)
               ->  Nested Loop  (cost=4736.00..45680.12 rows=2 width=33) (actual time=66.864..439.972 rows=35 loops=3)
                     ->  Nested Loop  (cost=4735.87..45679.82 rows=2 width=37) (actual time=66.832..439.858 rows=35 loops=3)
                           ->  Hash Join  (cost=4735.44..45655.14 rows=5 width=25) (actual time=66.790..439.413 rows=37 loops=3)
                                 Hash Cond: (ci.role_id = rt.id)
                                 ->  Nested Loop  (cost=4734.28..45653.76 rows=62 width=29) (actual time=66.700..439.296 rows=50 loops=3)
                                       Join Filter: (t.id = ci.movie_id)
                                       ->  Nested Loop  (cost=4733.71..40613.13 rows=2585 width=29) (actual time=16.499..201.510 rows=1513 loops=3)
                                             ->  Parallel Hash Join  (cost=4733.28..37248.44 rows=6523 width=8) (actual time=16.353..178.029 rows=2930 loops=3)
                                                   Hash Cond: (mc.company_id = cn.id)
                                                   ->  Parallel Seq Scan on movie_companies mc  (cost=0.00..29661.37 rows=1087137 width=12) (actual time=0.021..77.301 rows=869710 loops=3)
                                                   ->  Parallel Hash  (cost=4722.92..4722.92 rows=829 width=4) (actual time=15.796..15.796 rows=454 loops=3)
                                                         Buckets: 2048  Batches: 1  Memory Usage: 112kB
                                                         ->  Parallel Seq Scan on company_name cn  (cost=0.00..4722.92 rows=829 width=4) (actual time=0.039..15.632 rows=454 loops=3)
                                                               Filter: ((country_code)::text = '[ru]'::text)
                                                               Rows Removed by Filter: 77879
                                             ->  Index Scan using title_pkey on title t  (cost=0.43..0.52 rows=1 width=21) (actual time=0.008..0.008 rows=1 loops=8790)
                                                   Index Cond: (id = mc.movie_id)
                                                   Filter: (production_year > 2005)
                                                   Rows Removed by Filter: 0
                                       ->  Index Scan using movie_id_cast_info on cast_info ci  (cost=0.56..1.94 rows=1 width=12) (actual time=0.148..0.157 rows=0 loops=4539)
                                             Index Cond: (movie_id = mc.movie_id)
                                             Filter: (((note)::text ~~ '%(voice)%'::text) AND ((note)::text ~~ '%(uncredited)%'::text))
                                             Rows Removed by Filter: 50
                                 ->  Hash  (cost=1.15..1.15 rows=1 width=4) (actual time=0.021..0.021 rows=1 loops=3)
                                       Buckets: 1024  Batches: 1  Memory Usage: 9kB
                                       ->  Seq Scan on role_type rt  (cost=0.00..1.15 rows=1 width=4) (actual time=0.015..0.017 rows=1 loops=3)
                                             Filter: ((role)::text = 'actor'::text)
                                             Rows Removed by Filter: 11
                           ->  Index Scan using char_name_pkey on char_name chn  (cost=0.43..4.94 rows=1 width=20) (actual time=0.011..0.011 rows=1 loops=112)
                                 Index Cond: (id = ci.person_role_id)
                     ->  Index Only Scan using company_type_pkey on company_type ct  (cost=0.13..0.15 rows=1 width=4) (actual time=0.002..0.002 rows=1 loops=104)
                           Index Cond: (id = mc.company_type_id)
                           Heap Fetches: 104
 Planning Time: 4.255 ms
 Execution Time: 455.301 ms
(40 rows)

SET
                                                                                         QUERY PLAN                                                                                         
--------------------------------------------------------------------------------------------------------------------------------------------------------------------------------------------
 Finalize Aggregate  (cost=43581.05..43581.06 rows=1 width=64) (actual time=269.881..269.881 rows=1 loops=1)
   ->  Gather  (cost=43580.83..43581.04 rows=2 width=64) (actual time=269.740..274.128 rows=3 loops=1)
         Workers Planned: 2
         Workers Launched: 2
         ->  Partial Aggregate  (cost=42580.83..42580.84 rows=1 width=64) (actual time=267.127..267.127 rows=1 loops=3)
               ->  Hash Join  (cost=4736.96..42580.54 rows=58 width=33) (actual time=267.123..267.123 rows=0 loops=3)
                     Hash Cond: (mc.company_type_id = ct.id)
                     ->  Nested Loop  (cost=4735.87..42579.14 rows=58 width=37) (actual time=267.050..267.050 rows=0 loops=3)
                           ->  Hash Join  (cost=4735.44..42510.24 rows=119 width=25) (actual time=267.049..267.049 rows=0 loops=3)
                                 Hash Cond: (ci.role_id = rt.id)
                                 ->  Nested Loop  (cost=4734.28..42504.02 rows=1424 width=29) (actual time=18.110..266.925 rows=871 loops=3)
                                       Join Filter: (t.id = ci.movie_id)
                                       ->  Nested Loop  (cost=4733.71..40613.13 rows=1018 width=29) (actual time=17.231..201.156 rows=420 loops=3)
                                             ->  Parallel Hash Join  (cost=4733.28..37248.44 rows=6523 width=8) (actual time=15.976..175.546 rows=2930 loops=3)
                                                   Hash Cond: (mc.company_id = cn.id)
                                                   ->  Parallel Seq Scan on movie_companies mc  (cost=0.00..29661.37 rows=1087137 width=12) (actual time=0.021..76.683 rows=869710 loops=3)
                                                   ->  Parallel Hash  (cost=4722.92..4722.92 rows=829 width=4) (actual time=15.546..15.547 rows=454 loops=3)
                                                         Buckets: 2048  Batches: 1  Memory Usage: 112kB
                                                         ->  Parallel Seq Scan on company_name cn  (cost=0.00..4722.92 rows=829 width=4) (actual time=0.029..15.378 rows=454 loops=3)
                                                               Filter: ((country_code)::text = '[ru]'::text)
                                                               Rows Removed by Filter: 77879
                                             ->  Index Scan using title_pkey on title t  (cost=0.43..0.52 rows=1 width=21) (actual time=0.008..0.008 rows=0 loops=8790)
                                                   Index Cond: (id = mc.movie_id)
                                                   Filter: (production_year > 2010)
                                                   Rows Removed by Filter: 1
                                       ->  Index Scan using movie_id_cast_info on cast_info ci  (cost=0.56..1.84 rows=1 width=12) (actual time=0.083..0.156 rows=2 loops=1259)
                                             Index Cond: (movie_id = mc.movie_id)
                                             Filter: ((note)::text ~~ '%(producer)%'::text)
                                             Rows Removed by Filter: 44
                                 ->  Hash  (cost=1.15..1.15 rows=1 width=4) (actual time=0.017..0.017 rows=1 loops=3)
                                       Buckets: 1024  Batches: 1  Memory Usage: 9kB
                                       ->  Seq Scan on role_type rt  (cost=0.00..1.15 rows=1 width=4) (actual time=0.013..0.015 rows=1 loops=3)
                                             Filter: ((role)::text = 'actor'::text)
                                             Rows Removed by Filter: 11
                           ->  Index Scan using char_name_pkey on char_name chn  (cost=0.43..0.58 rows=1 width=20) (never executed)
                                 Index Cond: (id = ci.person_role_id)
                     ->  Hash  (cost=1.04..1.04 rows=4 width=4) (actual time=0.023..0.023 rows=4 loops=3)
                           Buckets: 1024  Batches: 1  Memory Usage: 9kB
                           ->  Seq Scan on company_type ct  (cost=0.00..1.04 rows=4 width=4) (actual time=0.018..0.019 rows=4 loops=3)
 Planning Time: 4.317 ms
 Execution Time: 274.327 ms
(41 rows)

SET
                                                                                            QUERY PLAN                                                                                            
--------------------------------------------------------------------------------------------------------------------------------------------------------------------------------------------------
 Finalize Aggregate  (cost=652454.39..652454.40 rows=1 width=64) (actual time=2642.727..2642.727 rows=1 loops=1)
   ->  Gather  (cost=652454.17..652454.38 rows=2 width=64) (actual time=2640.064..2703.217 rows=3 loops=1)
         Workers Planned: 2
         Workers Launched: 2
         ->  Partial Aggregate  (cost=651454.17..651454.18 rows=1 width=64) (actual time=2637.641..2637.641 rows=1 loops=3)
               ->  Hash Join  (cost=186238.47..650533.03 rows=184228 width=33) (actual time=2625.980..2637.628 rows=3 loops=3)
                     Hash Cond: (ci.role_id = rt.id)
                     ->  Hash Join  (cost=186237.20..649877.37 rows=184228 width=37) (actual time=2625.859..2637.505 rows=3 loops=3)
                           Hash Cond: (mc.company_type_id = ct.id)
                           ->  Parallel Hash Join  (cost=186236.11..648880.30 rows=184228 width=41) (actual time=2625.834..2637.479 rows=3 loops=3)
                                 Hash Cond: (ci.movie_id = t.id)
                                 ->  Parallel Hash Join  (cost=73555.68..529761.99 rows=276569 width=24) (actual time=1828.808..1866.465 rows=5 loops=3)
                                       Hash Cond: (ci.person_role_id = chn.id)
                                       ->  Parallel Seq Scan on cast_info ci  (cost=0.00..441459.62 rows=571306 width=12) (actual time=239.980..1410.048 rows=478480 loops=3)
                                             Filter: ((note)::text ~~ '%(producer)%'::text)
                                             Rows Removed by Filter: 11602968
                                       ->  Parallel Hash  (cost=49532.75..49532.75 rows=1308475 width=20) (actual time=361.242..361.242 rows=1046780 loops=3)
                                             Buckets: 65536  Batches: 64  Memory Usage: 3232kB
                                             ->  Parallel Seq Scan on char_name chn  (cost=0.00..49532.75 rows=1308475 width=20) (actual time=0.023..130.672 rows=1046780 loops=3)
                                 ->  Parallel Hash  (cost=107416.88..107416.88 rows=272203 width=29) (actual time=754.540..754.540 rows=198750 loops=3)
                                       Buckets: 65536  Batches: 16  Memory Usage: 3008kB
                                       ->  Parallel Hash Join  (cost=44358.48..107416.88 rows=272203 width=29) (actual time=564.461..712.195 rows=198750 loops=3)
                                             Hash Cond: (t.id = mc.movie_id)
                                             ->  Parallel Seq Scan on title t  (cost=0.00..49166.29 rows=724782 width=21) (actual time=0.021..128.415 rows=583011 loops=3)
                                                   Filter: (production_year > 1990)
                                                   Rows Removed by Filter: 259760
                                             ->  Parallel Hash  (cost=37866.93..37866.93 rows=395644 width=8) (actual time=309.223..309.223 rows=384599 loops=3)
                                                   Buckets: 131072  Batches: 16  Memory Usage: 3904kB
                                                   ->  Parallel Hash Join  (cost=5351.77..37866.93 rows=395644 width=8) (actual time=24.969..252.193 rows=384599 loops=3)
                                                         Hash Cond: (mc.company_id = cn.id)
                                                         ->  Parallel Seq Scan on movie_companies mc  (cost=0.00..29661.37 rows=1087137 width=12) (actual time=0.017..78.222 rows=869710 loops=3)
                                                         ->  Parallel Hash  (cost=4722.92..4722.92 rows=50308 width=4) (actual time=24.693..24.693 rows=28281 loops=3)
                                                               Buckets: 131072  Batches: 1  Memory Usage: 4416kB
                                                               ->  Parallel Seq Scan on company_name cn  (cost=0.00..4722.92 rows=50308 width=4) (actual time=0.022..17.427 rows=28281 loops=3)
                                                                     Filter: ((country_code)::text = '[us]'::text)
                                                                     Rows Removed by Filter: 50051
                           ->  Hash  (cost=1.04..1.04 rows=4 width=4) (actual time=0.009..0.009 rows=4 loops=3)
                                 Buckets: 1024  Batches: 1  Memory Usage: 9kB
                                 ->  Seq Scan on company_type ct  (cost=0.00..1.04 rows=4 width=4) (actual time=0.005..0.006 rows=4 loops=3)
                     ->  Hash  (cost=1.12..1.12 rows=12 width=4) (actual time=0.016..0.016 rows=12 loops=3)
                           Buckets: 1024  Batches: 1  Memory Usage: 9kB
                           ->  Seq Scan on role_type rt  (cost=0.00..1.12 rows=12 width=4) (actual time=0.009..0.011 rows=12 loops=3)
 Planning Time: 4.277 ms
 Execution Time: 2704.530 ms
(44 rows)

SET
                                                                                      QUERY PLAN                                                                                       
---------------------------------------------------------------------------------------------------------------------------------------------------------------------------------------
 Aggregate  (cost=3751.33..3751.34 rows=1 width=96) (actual time=100.992..100.992 rows=1 loops=1)
   ->  Nested Loop  (cost=8.32..3751.32 rows=1 width=118) (actual time=3.926..100.911 rows=310 loops=1)
         Join Filter: (ml.movie_id = t.id)
         ->  Nested Loop  (cost=7.89..3750.82 rows=1 width=113) (actual time=3.898..100.055 rows=402 loops=1)
               Join Filter: (mc.company_type_id = ct.id)
               Rows Removed by Join Filter: 20
               ->  Nested Loop  (cost=7.89..3749.75 rows=1 width=117) (actual time=3.894..99.630 rows=422 loops=1)
                     ->  Nested Loop  (cost=7.47..3749.30 rows=1 width=102) (actual time=3.438..97.219 rows=1021 loops=1)
                           Join Filter: (ml.movie_id = mc.movie_id)
                           ->  Nested Loop  (cost=7.04..3748.73 rows=1 width=90) (actual time=3.394..95.963 rows=199 loops=1)
                                 Join Filter: (ml.link_type_id = lt.id)
                                 Rows Removed by Join Filter: 303
                                 ->  Seq Scan on link_type lt  (cost=0.00..1.23 rows=1 width=86) (actual time=0.018..0.023 rows=2 loops=1)
                                       Filter: ((link)::text ~~ '%follow%'::text)
                                       Rows Removed by Filter: 16
                                 ->  Nested Loop  (cost=7.04..3747.37 rows=11 width=12) (actual time=3.031..47.942 rows=251 loops=2)
                                       ->  Nested Loop  (cost=6.75..3732.91 rows=34 width=4) (actual time=3.025..38.288 rows=10544 loops=2)
                                             ->  Seq Scan on keyword k  (cost=0.00..2626.12 rows=1 width=4) (actual time=0.749..12.300 rows=1 loops=2)
                                                   Filter: ((keyword)::text = 'sequel'::text)
                                                   Rows Removed by Filter: 134169
                                             ->  Bitmap Heap Scan on movie_keyword mk  (cost=6.75..1103.80 rows=299 width=8) (actual time=2.255..24.962 rows=10544 loops=2)
                                                   Recheck Cond: (keyword_id = k.id)
                                                   Heap Blocks: exact=11140
                                                   ->  Bitmap Index Scan on keyword_id_movie_keyword  (cost=0.00..6.67 rows=299 width=0) (actual time=1.340..1.340 rows=10544 loops=2)
                                                         Index Cond: (keyword_id = k.id)
                                       ->  Index Scan using movie_id_movie_link on movie_link ml  (cost=0.29..0.38 rows=5 width=8) (actual time=0.001..0.001 rows=0 loops=21088)
                                             Index Cond: (movie_id = mk.movie_id)
                           ->  Index Scan using movie_id_movie_companies on movie_companies mc  (cost=0.43..0.54 rows=2 width=12) (actual time=0.004..0.005 rows=5 loops=199)
                                 Index Cond: (movie_id = mk.movie_id)
                                 Filter: (note IS NULL)
                                 Rows Removed by Filter: 2
                     ->  Index Scan using company_name_pkey on company_name cn  (cost=0.42..0.46 rows=1 width=23) (actual time=0.002..0.002 rows=0 loops=1021)
                           Index Cond: (id = mc.company_id)
                           Filter: (((country_code)::text <> '[pl]'::text) AND (((name)::text ~~ '%Film%'::text) OR ((name)::text ~~ '%Warner%'::text)))
                           Rows Removed by Filter: 1
               ->  Seq Scan on company_type ct  (cost=0.00..1.05 rows=1 width=4) (actual time=0.000..0.000 rows=1 loops=422)
                     Filter: ((kind)::text = 'production companies'::text)
                     Rows Removed by Filter: 1
         ->  Index Scan using title_pkey on title t  (cost=0.43..0.49 rows=1 width=21) (actual time=0.002..0.002 rows=1 loops=402)
               Index Cond: (id = mk.movie_id)
               Filter: ((production_year >= 1950) AND (production_year <= 2000))
               Rows Removed by Filter: 0
 Planning Time: 6.888 ms
 Execution Time: 101.209 ms
(44 rows)

SET
                                                                                      QUERY PLAN                                                                                       
---------------------------------------------------------------------------------------------------------------------------------------------------------------------------------------
 Aggregate  (cost=3751.33..3751.34 rows=1 width=96) (actual time=34.176..34.176 rows=1 loops=1)
   ->  Nested Loop  (cost=8.32..3751.32 rows=1 width=118) (actual time=4.715..34.162 rows=14 loops=1)
         Join Filter: (ml.movie_id = t.id)
         ->  Nested Loop  (cost=7.89..3750.82 rows=1 width=113) (actual time=3.398..33.941 rows=102 loops=1)
               Join Filter: (mc.company_type_id = ct.id)
               Rows Removed by Join Filter: 1
               ->  Nested Loop  (cost=7.89..3749.75 rows=1 width=117) (actual time=3.395..33.838 rows=103 loops=1)
                     ->  Nested Loop  (cost=7.47..3749.30 rows=1 width=102) (actual time=3.072..33.005 rows=288 loops=1)
                           Join Filter: (ml.movie_id = mc.movie_id)
                           ->  Nested Loop  (cost=7.04..3748.73 rows=1 width=90) (actual time=3.052..32.534 rows=64 loops=1)
                                 Join Filter: (ml.link_type_id = lt.id)
                                 Rows Removed by Join Filter: 187
                                 ->  Seq Scan on link_type lt  (cost=0.00..1.23 rows=1 width=86) (actual time=0.009..0.012 rows=1 loops=1)
                                       Filter: ((link)::text ~~ '%follows%'::text)
                                       Rows Removed by Filter: 17
                                 ->  Nested Loop  (cost=7.04..3747.37 rows=11 width=12) (actual time=3.039..32.497 rows=251 loops=1)
                                       ->  Nested Loop  (cost=6.75..3732.91 rows=34 width=4) (actual time=3.032..23.506 rows=10544 loops=1)
                                             ->  Seq Scan on keyword k  (cost=0.00..2626.12 rows=1 width=4) (actual time=0.757..10.281 rows=1 loops=1)
                                                   Filter: ((keyword)::text = 'sequel'::text)
                                                   Rows Removed by Filter: 134169
                                             ->  Bitmap Heap Scan on movie_keyword mk  (cost=6.75..1103.80 rows=299 width=8) (actual time=2.271..12.248 rows=10544 loops=1)
                                                   Recheck Cond: (keyword_id = k.id)
                                                   Heap Blocks: exact=5570
                                                   ->  Bitmap Index Scan on keyword_id_movie_keyword  (cost=0.00..6.67 rows=299 width=0) (actual time=1.350..1.350 rows=10544 loops=1)
                                                         Index Cond: (keyword_id = k.id)
                                       ->  Index Scan using movie_id_movie_link on movie_link ml  (cost=0.29..0.38 rows=5 width=8) (actual time=0.001..0.001 rows=0 loops=10544)
                                             Index Cond: (movie_id = mk.movie_id)
                           ->  Index Scan using movie_id_movie_companies on movie_companies mc  (cost=0.43..0.54 rows=2 width=12) (actual time=0.005..0.006 rows=4 loops=64)
                                 Index Cond: (movie_id = mk.movie_id)
                                 Filter: (note IS NULL)
                                 Rows Removed by Filter: 2
                     ->  Index Scan using company_name_pkey on company_name cn  (cost=0.42..0.46 rows=1 width=23) (actual time=0.003..0.003 rows=0 loops=288)
                           Index Cond: (id = mc.company_id)
                           Filter: (((country_code)::text <> '[pl]'::text) AND (((name)::text ~~ '%Film%'::text) OR ((name)::text ~~ '%Warner%'::text)))
                           Rows Removed by Filter: 1
               ->  Seq Scan on company_type ct  (cost=0.00..1.05 rows=1 width=4) (actual time=0.000..0.000 rows=1 loops=103)
                     Filter: ((kind)::text = 'production companies'::text)
                     Rows Removed by Filter: 1
         ->  Index Scan using title_pkey on title t  (cost=0.43..0.49 rows=1 width=21) (actual time=0.002..0.002 rows=0 loops=102)
               Index Cond: (id = mk.movie_id)
               Filter: (((title)::text ~~ '%Money%'::text) AND (production_year = 1998))
               Rows Removed by Filter: 1
 Planning Time: 6.662 ms
 Execution Time: 34.388 ms
(44 rows)

SET
                                                                                      QUERY PLAN                                                                                       
---------------------------------------------------------------------------------------------------------------------------------------------------------------------------------------
 Aggregate  (cost=6166.44..6166.45 rows=1 width=96) (actual time=222.597..222.597 rows=1 loops=1)
   ->  Nested Loop  (cost=8.32..6166.44 rows=1 width=60) (actual time=3.498..220.910 rows=6946 loops=1)
         Join Filter: (ml.movie_id = t.id)
         ->  Nested Loop  (cost=7.89..6165.94 rows=1 width=55) (actual time=3.478..209.344 rows=6946 loops=1)
               Join Filter: (ml.link_type_id = lt.id)
               Rows Removed by Join Filter: 42158
               ->  Nested Loop  (cost=7.89..6164.53 rows=1 width=59) (actual time=3.470..196.472 rows=6946 loops=1)
                     ->  Nested Loop  (cost=7.47..6137.17 rows=60 width=44) (actual time=3.121..170.306 rows=14916 loops=1)
                           Join Filter: (mc.company_type_id = ct.id)
                           Rows Removed by Join Filter: 1782
                           ->  Nested Loop  (cost=7.47..6133.01 rows=79 width=48) (actual time=3.112..166.505 rows=15510 loops=1)
                                 Join Filter: (ml.movie_id = mc.movie_id)
                                 ->  Nested Loop  (cost=7.04..6115.09 rows=31 width=12) (actual time=3.091..157.531 rows=1460 loops=1)
                                       ->  Nested Loop  (cost=6.75..6072.14 rows=101 width=4) (actual time=3.084..115.450 rows=47403 loops=1)
                                             ->  Seq Scan on keyword k  (cost=0.00..2793.84 rows=3 width=4) (actual time=0.777..17.199 rows=3 loops=1)
                                                   Filter: ((keyword)::text = ANY ('{sequel,revenge,based-on-novel}'::text[]))
                                                   Rows Removed by Filter: 134167
                                             ->  Bitmap Heap Scan on movie_keyword mk  (cost=6.75..1089.78 rows=299 width=8) (actual time=3.266..31.185 rows=15801 loops=3)
                                                   Recheck Cond: (keyword_id = k.id)
                                                   Heap Blocks: exact=23953
                                                   ->  Bitmap Index Scan on keyword_id_movie_keyword  (cost=0.00..6.67 rows=299 width=0) (actual time=1.904..1.904 rows=15801 loops=3)
                                                         Index Cond: (keyword_id = k.id)
                                       ->  Index Scan using movie_id_movie_link on movie_link ml  (cost=0.29..0.38 rows=5 width=8) (actual time=0.001..0.001 rows=0 loops=47403)
                                             Index Cond: (movie_id = mk.movie_id)
                                 ->  Index Scan using movie_id_movie_companies on movie_companies mc  (cost=0.43..0.54 rows=3 width=36) (actual time=0.002..0.005 rows=11 loops=1460)
                                       Index Cond: (movie_id = mk.movie_id)
                                       Filter: (note IS NOT NULL)
                                       Rows Removed by Filter: 2
                           ->  Materialize  (cost=0.00..1.06 rows=3 width=4) (actual time=0.000..0.000 rows=1 loops=15510)
                                 ->  Seq Scan on company_type ct  (cost=0.00..1.05 rows=3 width=4) (actual time=0.005..0.006 rows=3 loops=1)
                                       Filter: ((kind IS NOT NULL) AND ((kind)::text <> 'production companies'::text))
                                       Rows Removed by Filter: 1
                     ->  Index Scan using company_name_pkey on company_name cn  (cost=0.42..0.46 rows=1 width=23) (actual time=0.002..0.002 rows=0 loops=14916)
                           Index Cond: (id = mc.company_id)
                           Filter: (((country_code)::text <> '[pl]'::text) AND (((name)::text ~~ '20th Century Fox%'::text) OR ((name)::text ~~ 'Twentieth Century Fox%'::text)))
                           Rows Removed by Filter: 1
               ->  Seq Scan on link_type lt  (cost=0.00..1.18 rows=18 width=4) (actual time=0.001..0.001 rows=7 loops=6946)
         ->  Index Scan using title_pkey on title t  (cost=0.43..0.49 rows=1 width=21) (actual time=0.001..0.001 rows=1 loops=6946)
               Index Cond: (id = mk.movie_id)
               Filter: (production_year > 1950)
 Planning Time: 6.544 ms
 Execution Time: 222.767 ms
(42 rows)

SET
                                                                                      QUERY PLAN                                                                                       
---------------------------------------------------------------------------------------------------------------------------------------------------------------------------------------
 Aggregate  (cost=6183.65..6183.66 rows=1 width=96) (actual time=199.199..199.200 rows=1 loops=1)
   ->  Nested Loop  (cost=8.32..6183.29 rows=48 width=60) (actual time=3.175..196.101 rows=14899 loops=1)
         ->  Nested Loop  (cost=7.90..6158.94 rows=54 width=45) (actual time=3.168..172.558 rows=14916 loops=1)
               Join Filter: (mc.company_type_id = ct.id)
               Rows Removed by Join Filter: 1782
               ->  Nested Loop  (cost=7.90..6155.09 rows=71 width=49) (actual time=3.164..169.165 rows=15510 loops=1)
                     Join Filter: (ml.movie_id = mc.movie_id)
                     ->  Nested Loop  (cost=7.47..6138.91 rows=28 width=29) (actual time=3.151..161.160 rows=1460 loops=1)
                           Join Filter: (ml.link_type_id = lt.id)
                           Rows Removed by Join Filter: 10576
                           ->  Nested Loop  (cost=7.47..6130.60 rows=28 width=33) (actual time=3.140..159.667 rows=1460 loops=1)
                                 Join Filter: (ml.movie_id = t.id)
                                 ->  Nested Loop  (cost=7.04..6115.09 rows=31 width=12) (actual time=3.115..156.004 rows=1460 loops=1)
                                       ->  Nested Loop  (cost=6.75..6072.14 rows=101 width=4) (actual time=3.108..113.558 rows=47403 loops=1)
                                             ->  Seq Scan on keyword k  (cost=0.00..2793.84 rows=3 width=4) (actual time=0.820..19.843 rows=3 loops=1)
                                                   Filter: ((keyword)::text = ANY ('{sequel,revenge,based-on-novel}'::text[]))
                                                   Rows Removed by Filter: 134167
                                             ->  Bitmap Heap Scan on movie_keyword mk  (cost=6.75..1089.78 rows=299 width=8) (actual time=3.240..29.703 rows=15801 loops=3)
                                                   Recheck Cond: (keyword_id = k.id)
                                                   Heap Blocks: exact=23953
                                                   ->  Bitmap Index Scan on keyword_id_movie_keyword  (cost=0.00..6.67 rows=299 width=0) (actual time=1.875..1.875 rows=15801 loops=3)
                                                         Index Cond: (keyword_id = k.id)
                                       ->  Index Scan using movie_id_movie_link on movie_link ml  (cost=0.29..0.38 rows=5 width=8) (actual time=0.001..0.001 rows=0 loops=47403)
                                             Index Cond: (movie_id = mk.movie_id)
                                 ->  Index Scan using title_pkey on title t  (cost=0.43..0.49 rows=1 width=21) (actual time=0.002..0.002 rows=1 loops=1460)
                                       Index Cond: (id = mk.movie_id)
                                       Filter: (production_year > 1950)
                           ->  Materialize  (cost=0.00..1.27 rows=18 width=4) (actual time=0.000..0.000 rows=8 loops=1460)
                                 ->  Seq Scan on link_type lt  (cost=0.00..1.18 rows=18 width=4) (actual time=0.007..0.009 rows=16 loops=1)
                     ->  Index Scan using movie_id_movie_companies on movie_companies mc  (cost=0.43..0.54 rows=3 width=36) (actual time=0.002..0.004 rows=11 loops=1460)
                           Index Cond: (movie_id = mk.movie_id)
                           Filter: (note IS NOT NULL)
                           Rows Removed by Filter: 2
               ->  Materialize  (cost=0.00..1.06 rows=3 width=4) (actual time=0.000..0.000 rows=1 loops=15510)
                     ->  Seq Scan on company_type ct  (cost=0.00..1.05 rows=3 width=4) (actual time=0.003..0.004 rows=3 loops=1)
                           Filter: ((kind IS NOT NULL) AND ((kind)::text <> 'production companies'::text))
                           Rows Removed by Filter: 1
         ->  Index Scan using company_name_pkey on company_name cn  (cost=0.42..0.45 rows=1 width=23) (actual time=0.001..0.001 rows=1 loops=14916)
               Index Cond: (id = mc.company_id)
               Filter: ((country_code)::text <> '[pl]'::text)
               Rows Removed by Filter: 0
 Planning Time: 6.746 ms
 Execution Time: 199.380 ms
(43 rows)

SET
                                                                                            QUERY PLAN                                                                                            
--------------------------------------------------------------------------------------------------------------------------------------------------------------------------------------------------
 Aggregate  (cost=16845.82..16845.83 rows=1 width=96) (actual time=207.105..207.105 rows=1 loops=1)
   ->  Gather  (cost=1005.35..16845.81 rows=1 width=42) (actual time=12.954..212.489 rows=397 loops=1)
         Workers Planned: 2
         Workers Launched: 2
         ->  Nested Loop  (cost=5.34..15845.71 rows=1 width=42) (actual time=15.128..204.279 rows=132 loops=3)
               ->  Nested Loop  (cost=5.20..15844.23 rows=9 width=46) (actual time=15.117..204.042 rows=132 loops=3)
                     Join Filter: (t.id = mi.movie_id)
                     ->  Nested Loop  (cost=4.77..15820.25 rows=15 width=54) (actual time=1.079..157.004 rows=1891 loops=3)
                           ->  Nested Loop  (cost=4.35..15801.98 rows=41 width=39) (actual time=1.040..147.357 rows=2203 loops=3)
                                 Join Filter: (mi_idx.movie_id = t.id)
                                 ->  Hash Join  (cost=3.92..15677.77 rows=234 width=18) (actual time=0.186..99.461 rows=8078 loops=3)
                                       Hash Cond: (mc.company_type_id = ct.id)
                                       ->  Nested Loop  (cost=2.86..15671.64 rows=938 width=22) (actual time=0.091..96.711 rows=21569 loops=3)
                                             ->  Hash Join  (cost=2.43..15182.64 rows=187 width=10) (actual time=0.056..56.564 rows=5283 loops=3)
                                                   Hash Cond: (mi_idx.info_type_id = it2.id)
                                                   ->  Parallel Seq Scan on movie_info_idx mi_idx  (cost=0.00..15122.68 rows=21125 width=14) (actual time=0.021..54.564 rows=17543 loops=3)
                                                         Filter: ((info)::text > '8.0'::text)
                                                         Rows Removed by Filter: 442469
                                                   ->  Hash  (cost=2.41..2.41 rows=1 width=4) (actual time=0.019..0.020 rows=1 loops=3)
                                                         Buckets: 1024  Batches: 1  Memory Usage: 9kB
                                                         ->  Seq Scan on info_type it2  (cost=0.00..2.41 rows=1 width=4) (actual time=0.015..0.016 rows=1 loops=3)
                                                               Filter: ((info)::text = 'rating'::text)
                                                               Rows Removed by Filter: 112
                                             ->  Index Scan using movie_id_movie_companies on movie_companies mc  (cost=0.43..2.56 rows=5 width=12) (actual time=0.005..0.007 rows=4 loops=15849)
                                                   Index Cond: (movie_id = mi_idx.movie_id)
                                       ->  Hash  (cost=1.05..1.05 rows=1 width=4) (actual time=0.018..0.018 rows=1 loops=3)
                                             Buckets: 1024  Batches: 1  Memory Usage: 9kB
                                             ->  Seq Scan on company_type ct  (cost=0.00..1.05 rows=1 width=4) (actual time=0.013..0.014 rows=1 loops=3)
                                                   Filter: ((kind)::text = 'production companies'::text)
                                                   Rows Removed by Filter: 3
                                 ->  Index Scan using title_pkey on title t  (cost=0.43..0.52 rows=1 width=21) (actual time=0.006..0.006 rows=0 loops=24233)
                                       Index Cond: (id = mc.movie_id)
                                       Filter: ((production_year >= 2005) AND (production_year <= 2008))
                                       Rows Removed by Filter: 1
                           ->  Index Scan using company_name_pkey on company_name cn  (cost=0.42..0.45 rows=1 width=23) (actual time=0.004..0.004 rows=1 loops=6610)
                                 Index Cond: (id = mc.company_id)
                                 Filter: ((country_code)::text = '[us]'::text)
                                 Rows Removed by Filter: 0
                     ->  Index Scan using movie_id_movie_info on movie_info mi  (cost=0.43..1.59 rows=1 width=8) (actual time=0.025..0.025 rows=0 loops=5674)
                           Index Cond: (movie_id = mc.movie_id)
                           Filter: ((info)::text = ANY ('{Drama,Horror}'::text[]))
                           Rows Removed by Filter: 28
               ->  Index Scan using info_type_pkey on info_type it1  (cost=0.14..0.16 rows=1 width=4) (actual time=0.001..0.001 rows=1 loops=397)
                     Index Cond: (id = mi.info_type_id)
                     Filter: ((info)::text = 'genres'::text)
 Planning Time: 6.824 ms
 Execution Time: 212.813 ms
(47 rows)

SET
                                                                                         QUERY PLAN                                                                                          
---------------------------------------------------------------------------------------------------------------------------------------------------------------------------------------------
 Aggregate  (cost=19208.36..19208.37 rows=1 width=64) (actual time=75.999..75.999 rows=1 loops=1)
   ->  Gather  (cost=1004.41..19208.36 rows=1 width=59) (actual time=73.670..76.938 rows=10 loops=1)
         Workers Planned: 2
         Workers Launched: 2
         ->  Nested Loop  (cost=4.41..18208.26 rows=1 width=59) (actual time=70.661..71.405 rows=3 loops=3)
               ->  Nested Loop  (cost=4.27..18205.80 rows=15 width=63) (actual time=70.599..71.016 rows=403 loops=3)
                     Join Filter: (t.id = mi.movie_id)
                     ->  Nested Loop  (cost=3.84..18203.79 rows=1 width=29) (actual time=70.586..70.760 rows=3 loops=3)
                           ->  Nested Loop  (cost=3.42..18203.35 rows=1 width=33) (actual time=70.573..70.624 rows=11 loops=3)
                                 ->  Nested Loop  (cost=3.29..18203.03 rows=2 width=37) (actual time=70.560..70.599 rows=11 loops=3)
                                       Join Filter: (t.id = mc.movie_id)
                                       ->  Nested Loop  (cost=2.86..18202.37 rows=1 width=25) (actual time=70.543..70.567 rows=1 loops=3)
                                             ->  Hash Join  (cost=2.43..15253.60 rows=5089 width=4) (actual time=70.463..70.465 rows=3 loops=3)
                                                   Hash Cond: (mi_idx.info_type_id = it2.id)
                                                   ->  Parallel Seq Scan on movie_info_idx mi_idx  (cost=0.00..13685.15 rows=575015 width=8) (actual time=0.017..38.195 rows=460012 loops=3)
                                                   ->  Hash  (cost=2.41..2.41 rows=1 width=4) (actual time=0.026..0.026 rows=1 loops=3)
                                                         Buckets: 1024  Batches: 1  Memory Usage: 9kB
                                                         ->  Seq Scan on info_type it2  (cost=0.00..2.41 rows=1 width=4) (actual time=0.021..0.022 rows=1 loops=3)
                                                               Filter: ((info)::text = 'bottom 10 rank'::text)
                                                               Rows Removed by Filter: 112
                                             ->  Index Scan using title_pkey on title t  (cost=0.43..0.58 rows=1 width=21) (actual time=0.030..0.030 rows=0 loops=10)
                                                   Index Cond: (id = mi_idx.movie_id)
                                                   Filter: ((production_year > 2000) AND (((title)::text ~~ 'Birdemic%'::text) OR ((title)::text ~~ '%Movie%'::text)))
                                                   Rows Removed by Filter: 1
                                       ->  Index Scan using movie_id_movie_companies on movie_companies mc  (cost=0.43..0.59 rows=5 width=12) (actual time=0.033..0.042 rows=16 loops=2)
                                             Index Cond: (movie_id = mi_idx.movie_id)
                                 ->  Index Scan using company_type_pkey on company_type ct  (cost=0.13..0.15 rows=1 width=4) (actual time=0.002..0.002 rows=1 loops=33)
                                       Index Cond: (id = mc.company_type_id)
                                       Filter: ((kind IS NOT NULL) AND (((kind)::text = 'production companies'::text) OR ((kind)::text = 'distributors'::text)))
                           ->  Index Scan using company_name_pkey on company_name cn  (cost=0.42..0.45 rows=1 width=4) (actual time=0.012..0.012 rows=0 loops=33)
                                 Index Cond: (id = mc.company_id)
                                 Filter: ((country_code)::text = '[us]'::text)
                                 Rows Removed by Filter: 1
                     ->  Index Scan using movie_id_movie_info on movie_info mi  (cost=0.43..1.48 rows=42 width=50) (actual time=0.008..0.058 rows=121 loops=10)
                           Index Cond: (movie_id = mc.movie_id)
               ->  Index Scan using info_type_pkey on info_type it1  (cost=0.14..0.16 rows=1 width=4) (actual time=0.001..0.001 rows=0 loops=1210)
                     Index Cond: (id = mi.info_type_id)
                     Filter: ((info)::text = 'budget'::text)
                     Rows Removed by Filter: 1
 Planning Time: 7.178 ms
 Execution Time: 77.174 ms
(41 rows)

SET
                                                                                         QUERY PLAN                                                                                         
--------------------------------------------------------------------------------------------------------------------------------------------------------------------------------------------
 Aggregate  (cost=17912.37..17912.38 rows=1 width=96) (actual time=685.582..685.582 rows=1 loops=1)
   ->  Gather  (cost=1007.63..17912.35 rows=2 width=42) (actual time=3.120..693.613 rows=4711 loops=1)
         Workers Planned: 2
         Workers Launched: 2
         ->  Hash Join  (cost=7.63..16912.15 rows=1 width=42) (actual time=4.287..681.609 rows=1570 loops=3)
               Hash Cond: (mi.info_type_id = it1.id)
               ->  Nested Loop  (cost=5.20..16909.46 rows=98 width=46) (actual time=4.206..681.115 rows=1570 loops=3)
                     Join Filter: (t.id = mi.movie_id)
                     ->  Nested Loop  (cost=4.77..16679.52 rows=135 width=54) (actual time=0.365..417.397 rows=14111 loops=3)
                           ->  Hash Join  (cost=4.35..16514.65 rows=370 width=39) (actual time=0.167..343.468 rows=22822 loops=3)
                                 Hash Cond: (mc.company_type_id = ct.id)
                                 ->  Nested Loop  (cost=3.29..16505.58 rows=1482 width=43) (actual time=0.119..335.859 rows=56386 loops=3)
                                       ->  Nested Loop  (cost=2.86..16307.87 rows=296 width=31) (actual time=0.092..248.260 rows=17435 loops=3)
                                             ->  Hash Join  (cost=2.43..15347.68 rows=723 width=10) (actual time=0.053..71.936 rows=40524 loops=3)
                                                   Hash Cond: (mi_idx.info_type_id = it2.id)
                                                   ->  Parallel Seq Scan on movie_info_idx mi_idx  (cost=0.00..15122.68 rows=81724 width=14) (actual time=0.027..62.323 rows=64280 loops=3)
                                                         Filter: ((info)::text > '7.0'::text)
                                                         Rows Removed by Filter: 395732
                                                   ->  Hash  (cost=2.41..2.41 rows=1 width=4) (actual time=0.012..0.012 rows=1 loops=3)
                                                         Buckets: 1024  Batches: 1  Memory Usage: 9kB
                                                         ->  Seq Scan on info_type it2  (cost=0.00..2.41 rows=1 width=4) (actual time=0.009..0.010 rows=1 loops=3)
                                                               Filter: ((info)::text = 'rating'::text)
                                                               Rows Removed by Filter: 112
                                             ->  Index Scan using title_pkey on title t  (cost=0.43..1.33 rows=1 width=21) (actual time=0.004..0.004 rows=0 loops=121572)
                                                   Index Cond: (id = mi_idx.movie_id)
                                                   Filter: ((production_year >= 2000) AND (production_year <= 2010))
                                                   Rows Removed by Filter: 1
                                       ->  Index Scan using movie_id_movie_companies on movie_companies mc  (cost=0.43..0.62 rows=5 width=12) (actual time=0.003..0.004 rows=3 loops=52304)
                                             Index Cond: (movie_id = t.id)
                                 ->  Hash  (cost=1.05..1.05 rows=1 width=4) (actual time=0.019..0.019 rows=1 loops=3)
                                       Buckets: 1024  Batches: 1  Memory Usage: 9kB
                                       ->  Seq Scan on company_type ct  (cost=0.00..1.05 rows=1 width=4) (actual time=0.016..0.016 rows=1 loops=3)
                                             Filter: ((kind)::text = 'production companies'::text)
                                             Rows Removed by Filter: 3
                           ->  Index Scan using company_name_pkey on company_name cn  (cost=0.42..0.45 rows=1 width=23) (actual time=0.003..0.003 rows=1 loops=68466)
                                 Index Cond: (id = mc.company_id)
                                 Filter: ((country_code)::text = '[us]'::text)
                                 Rows Removed by Filter: 0
                     ->  Index Scan using movie_id_movie_info on movie_info mi  (cost=0.43..1.69 rows=1 width=8) (actual time=0.018..0.018 rows=0 loops=42332)
                           Index Cond: (movie_id = mc.movie_id)
                           Filter: ((info)::text = ANY ('{Drama,Horror,Western,Family}'::text[]))
                           Rows Removed by Filter: 29
               ->  Hash  (cost=2.41..2.41 rows=1 width=4) (actual time=0.027..0.027 rows=1 loops=3)
                     Buckets: 1024  Batches: 1  Memory Usage: 9kB
                     ->  Seq Scan on info_type it1  (cost=0.00..2.41 rows=1 width=4) (actual time=0.016..0.024 rows=1 loops=3)
                           Filter: ((info)::text = 'genres'::text)
                           Rows Removed by Filter: 112
 Planning Time: 6.608 ms
 Execution Time: 694.985 ms
(49 rows)

SET
                                                                                               QUERY PLAN                                                                                                
---------------------------------------------------------------------------------------------------------------------------------------------------------------------------------------------------------
 Finalize Aggregate  (cost=20132.55..20132.56 rows=1 width=96) (actual time=1323.038..1323.039 rows=1 loops=1)
   ->  Gather  (cost=20132.32..20132.53 rows=2 width=96) (actual time=1322.397..1327.403 rows=3 loops=1)
         Workers Planned: 2
         Workers Launched: 2
         ->  Partial Aggregate  (cost=19132.32..19132.33 rows=1 width=96) (actual time=1319.796..1319.797 rows=1 loops=3)
               ->  Hash Join  (cost=8.73..19132.25 rows=10 width=65) (actual time=268.559..1312.905 rows=37034 loops=3)
                     Hash Cond: (mi.info_type_id = it2.id)
                     ->  Nested Loop  (cost=6.30..19126.56 rows=1197 width=69) (actual time=268.459..1297.386 rows=172109 loops=3)
                           ->  Nested Loop  (cost=5.87..19055.86 rows=37 width=35) (actual time=268.426..1154.128 rows=5490 loops=3)
                                 ->  Hash Join  (cost=5.45..18649.93 rows=911 width=39) (actual time=267.362..885.124 rows=100870 loops=3)
                                       Hash Cond: (mc.company_type_id = ct.id)
                                       ->  Nested Loop  (cost=4.39..18629.17 rows=3643 width=43) (actual time=267.330..854.751 rows=257695 loops=3)
                                             ->  Hash Join  (cost=3.96..18186.75 rows=727 width=31) (actual time=267.280..601.329 rows=69960 loops=3)
                                                   Hash Cond: (t.kind_id = kt.id)
                                                   ->  Nested Loop  (cost=2.86..18164.20 rows=5089 width=35) (actual time=0.083..581.460 rows=153308 loops=3)
                                                         ->  Hash Join  (cost=2.43..15253.60 rows=5089 width=10) (actual time=0.048..110.226 rows=153308 loops=3)
                                                               Hash Cond: (miidx.info_type_id = it.id)
                                                               ->  Parallel Seq Scan on movie_info_idx miidx  (cost=0.00..13685.15 rows=575015 width=14) (actual time=0.019..43.347 rows=460012 loops=3)
                                                               ->  Hash  (cost=2.41..2.41 rows=1 width=4) (actual time=0.013..0.013 rows=1 loops=3)
                                                                     Buckets: 1024  Batches: 1  Memory Usage: 9kB
                                                                     ->  Seq Scan on info_type it  (cost=0.00..2.41 rows=1 width=4) (actual time=0.009..0.010 rows=1 loops=3)
                                                                           Filter: ((info)::text = 'rating'::text)
                                                                           Rows Removed by Filter: 112
                                                         ->  Index Scan using title_pkey on title t  (cost=0.43..0.57 rows=1 width=25) (actual time=0.003..0.003 rows=1 loops=459925)
                                                               Index Cond: (id = miidx.movie_id)
                                                   ->  Hash  (cost=1.09..1.09 rows=1 width=4) (actual time=0.013..0.013 rows=1 loops=3)
                                                         Buckets: 1024  Batches: 1  Memory Usage: 9kB
                                                         ->  Seq Scan on kind_type kt  (cost=0.00..1.09 rows=1 width=4) (actual time=0.010..0.011 rows=1 loops=3)
                                                               Filter: ((kind)::text = 'movie'::text)
                                                               Rows Removed by Filter: 6
                                             ->  Index Scan using movie_id_movie_companies on movie_companies mc  (cost=0.43..0.56 rows=5 width=12) (actual time=0.002..0.003 rows=4 loops=209880)
                                                   Index Cond: (movie_id = t.id)
                                       ->  Hash  (cost=1.05..1.05 rows=1 width=4) (actual time=0.016..0.016 rows=1 loops=3)
                                             Buckets: 1024  Batches: 1  Memory Usage: 9kB
                                             ->  Seq Scan on company_type ct  (cost=0.00..1.05 rows=1 width=4) (actual time=0.013..0.014 rows=1 loops=3)
                                                   Filter: ((kind)::text = 'production companies'::text)
                                                   Rows Removed by Filter: 3
                                 ->  Index Scan using company_name_pkey on company_name cn  (cost=0.42..0.45 rows=1 width=4) (actual time=0.002..0.002 rows=0 loops=302610)
                                       Index Cond: (id = mc.company_id)
                                       Filter: ((country_code)::text = '[de]'::text)
                                       Rows Removed by Filter: 1
                           ->  Index Scan using movie_id_movie_info on movie_info mi  (cost=0.43..1.49 rows=42 width=50) (actual time=0.005..0.022 rows=31 loops=16470)
                                 Index Cond: (movie_id = t.id)
                     ->  Hash  (cost=2.41..2.41 rows=1 width=4) (actual time=0.024..0.024 rows=1 loops=3)
                           Buckets: 1024  Batches: 1  Memory Usage: 9kB
                           ->  Seq Scan on info_type it2  (cost=0.00..2.41 rows=1 width=4) (actual time=0.013..0.019 rows=1 loops=3)
                                 Filter: ((info)::text = 'release dates'::text)
                                 Rows Removed by Filter: 112
 Planning Time: 10.282 ms
 Execution Time: 1327.719 ms
(50 rows)

SET
                                                                                            QUERY PLAN                                                                                             
---------------------------------------------------------------------------------------------------------------------------------------------------------------------------------------------------
 Aggregate  (cost=19206.33..19206.34 rows=1 width=96) (actual time=637.232..637.232 rows=1 loops=1)
   ->  Gather  (cost=1004.54..19206.32 rows=1 width=42) (actual time=313.042..643.176 rows=372 loops=1)
         Workers Planned: 2
         Workers Launched: 2
         ->  Nested Loop  (cost=4.54..18206.22 rows=1 width=42) (actual time=300.079..634.278 rows=124 loops=3)
               ->  Nested Loop  (cost=4.40..18205.87 rows=2 width=46) (actual time=300.052..633.511 rows=707 loops=3)
                     Join Filter: (t.id = mi.movie_id)
                     ->  Nested Loop  (cost=3.97..18203.87 rows=1 width=54) (actual time=300.015..632.556 rows=20 loops=3)
                           ->  Nested Loop  (cost=3.84..18203.70 rows=1 width=58) (actual time=299.986..632.459 rows=54 loops=3)
                                 ->  Nested Loop  (cost=3.42..18203.25 rows=1 width=43) (actual time=289.701..631.655 rows=104 loops=3)
                                       Join Filter: (t.id = mc.movie_id)
                                       ->  Nested Loop  (cost=2.99..18202.60 rows=1 width=31) (actual time=289.648..631.215 rows=30 loops=3)
                                             ->  Nested Loop  (cost=2.86..18202.37 rows=1 width=35) (actual time=2.382..631.003 rows=117 loops=3)
                                                   ->  Hash Join  (cost=2.43..15253.60 rows=5089 width=10) (actual time=0.129..107.824 rows=153308 loops=3)
                                                         Hash Cond: (miidx.info_type_id = it.id)
                                                         ->  Parallel Seq Scan on movie_info_idx miidx  (cost=0.00..13685.15 rows=575015 width=14) (actual time=0.021..41.575 rows=460012 loops=3)
                                                         ->  Hash  (cost=2.41..2.41 rows=1 width=4) (actual time=0.024..0.024 rows=1 loops=3)
                                                               Buckets: 1024  Batches: 1  Memory Usage: 9kB
                                                               ->  Seq Scan on info_type it  (cost=0.00..2.41 rows=1 width=4) (actual time=0.018..0.020 rows=1 loops=3)
                                                                     Filter: ((info)::text = 'rating'::text)
                                                                     Rows Removed by Filter: 112
                                                   ->  Index Scan using title_pkey on title t  (cost=0.43..0.58 rows=1 width=25) (actual time=0.003..0.003 rows=0 loops=459925)
                                                         Index Cond: (id = miidx.movie_id)
                                                         Filter: (((title)::text <> ''::text) AND (((title)::text ~~ '%Champion%'::text) OR ((title)::text ~~ '%Loser%'::text)))
                                                         Rows Removed by Filter: 1
                                             ->  Index Scan using kind_type_pkey on kind_type kt  (cost=0.13..0.18 rows=1 width=4) (actual time=0.001..0.001 rows=0 loops=352)
                                                   Index Cond: (id = t.kind_id)
                                                   Filter: ((kind)::text = 'movie'::text)
                                                   Rows Removed by Filter: 1
                                       ->  Index Scan using movie_id_movie_companies on movie_companies mc  (cost=0.43..0.59 rows=5 width=12) (actual time=0.011..0.013 rows=3 loops=90)
                                             Index Cond: (movie_id = miidx.movie_id)
                                 ->  Index Scan using company_name_pkey on company_name cn  (cost=0.42..0.45 rows=1 width=23) (actual time=0.007..0.007 rows=1 loops=313)
                                       Index Cond: (id = mc.company_id)
                                       Filter: ((country_code)::text = '[us]'::text)
                                       Rows Removed by Filter: 0
                           ->  Index Scan using company_type_pkey on company_type ct  (cost=0.13..0.15 rows=1 width=4) (actual time=0.001..0.001 rows=0 loops=161)
                                 Index Cond: (id = mc.company_type_id)
                                 Filter: ((kind)::text = 'production companies'::text)
                                 Rows Removed by Filter: 1
                     ->  Index Scan using movie_id_movie_info on movie_info mi  (cost=0.43..1.48 rows=42 width=8) (actual time=0.010..0.041 rows=35 loops=61)
                           Index Cond: (movie_id = mc.movie_id)
               ->  Index Scan using info_type_pkey on info_type it2  (cost=0.14..0.16 rows=1 width=4) (actual time=0.001..0.001 rows=0 loops=2122)
                     Index Cond: (id = mi.info_type_id)
                     Filter: ((info)::text = 'release dates'::text)
                     Rows Removed by Filter: 1
 Planning Time: 10.683 ms
 Execution Time: 643.487 ms
(47 rows)

SET
                                                                                            QUERY PLAN                                                                                             
---------------------------------------------------------------------------------------------------------------------------------------------------------------------------------------------------
 Aggregate  (cost=19206.33..19206.34 rows=1 width=96) (actual time=615.730..615.730 rows=1 loops=1)
   ->  Gather  (cost=1004.54..19206.32 rows=1 width=42) (actual time=323.399..622.444 rows=53 loops=1)
         Workers Planned: 2
         Workers Launched: 2
         ->  Nested Loop  (cost=4.54..18206.22 rows=1 width=42) (actual time=515.463..612.852 rows=18 loops=3)
               ->  Nested Loop  (cost=4.40..18205.87 rows=2 width=46) (actual time=515.447..612.765 rows=73 loops=3)
                     Join Filter: (t.id = mi.movie_id)
                     ->  Nested Loop  (cost=3.97..18203.87 rows=1 width=54) (actual time=515.437..612.644 rows=5 loops=3)
                           ->  Nested Loop  (cost=3.84..18203.70 rows=1 width=58) (actual time=515.395..612.619 rows=16 loops=3)
                                 ->  Nested Loop  (cost=3.42..18203.25 rows=1 width=43) (actual time=515.385..612.372 rows=32 loops=3)
                                       Join Filter: (t.id = mc.movie_id)
                                       ->  Nested Loop  (cost=2.99..18202.60 rows=1 width=31) (actual time=515.373..612.312 rows=10 loops=3)
                                             ->  Nested Loop  (cost=2.86..18202.37 rows=1 width=35) (actual time=25.525..612.264 rows=22 loops=3)
                                                   ->  Hash Join  (cost=2.43..15253.60 rows=5089 width=10) (actual time=0.128..106.962 rows=153308 loops=3)
                                                         Hash Cond: (miidx.info_type_id = it.id)
                                                         ->  Parallel Seq Scan on movie_info_idx miidx  (cost=0.00..13685.15 rows=575015 width=14) (actual time=0.022..41.286 rows=460012 loops=3)
                                                         ->  Hash  (cost=2.41..2.41 rows=1 width=4) (actual time=0.026..0.027 rows=1 loops=3)
                                                               Buckets: 1024  Batches: 1  Memory Usage: 9kB
                                                               ->  Seq Scan on info_type it  (cost=0.00..2.41 rows=1 width=4) (actual time=0.021..0.022 rows=1 loops=3)
                                                                     Filter: ((info)::text = 'rating'::text)
                                                                     Rows Removed by Filter: 112
                                                   ->  Index Scan using title_pkey on title t  (cost=0.43..0.58 rows=1 width=25) (actual time=0.003..0.003 rows=0 loops=459925)
                                                         Index Cond: (id = miidx.movie_id)
                                                         Filter: (((title)::text <> ''::text) AND (((title)::text ~~ 'Champion%'::text) OR ((title)::text ~~ 'Loser%'::text)))
                                                         Rows Removed by Filter: 1
                                             ->  Index Scan using kind_type_pkey on kind_type kt  (cost=0.13..0.18 rows=1 width=4) (actual time=0.002..0.002 rows=0 loops=66)
                                                   Index Cond: (id = t.kind_id)
                                                   Filter: ((kind)::text = 'movie'::text)
                                                   Rows Removed by Filter: 1
                                       ->  Index Scan using movie_id_movie_companies on movie_companies mc  (cost=0.43..0.59 rows=5 width=12) (actual time=0.004..0.005 rows=3 loops=29)
                                             Index Cond: (movie_id = miidx.movie_id)
                                 ->  Index Scan using company_name_pkey on company_name cn  (cost=0.42..0.45 rows=1 width=23) (actual time=0.007..0.007 rows=0 loops=95)
                                       Index Cond: (id = mc.company_id)
                                       Filter: ((country_code)::text = '[us]'::text)
                                       Rows Removed by Filter: 1
                           ->  Index Scan using company_type_pkey on company_type ct  (cost=0.13..0.15 rows=1 width=4) (actual time=0.001..0.001 rows=0 loops=47)
                                 Index Cond: (id = mc.company_type_id)
                                 Filter: ((kind)::text = 'production companies'::text)
                                 Rows Removed by Filter: 1
                     ->  Index Scan using movie_id_movie_info on movie_info mi  (cost=0.43..1.48 rows=42 width=8) (actual time=0.006..0.023 rows=16 loops=14)
                           Index Cond: (movie_id = mc.movie_id)
               ->  Index Scan using info_type_pkey on info_type it2  (cost=0.14..0.16 rows=1 width=4) (actual time=0.001..0.001 rows=0 loops=218)
                     Index Cond: (id = mi.info_type_id)
                     Filter: ((info)::text = 'release dates'::text)
                     Rows Removed by Filter: 1
 Planning Time: 10.671 ms
 Execution Time: 622.687 ms
(47 rows)

SET
                                                                                               QUERY PLAN                                                                                                
---------------------------------------------------------------------------------------------------------------------------------------------------------------------------------------------------------
 Finalize Aggregate  (cost=20720.69..20720.70 rows=1 width=96) (actual time=2041.525..2041.525 rows=1 loops=1)
   ->  Gather  (cost=20720.46..20720.67 rows=2 width=96) (actual time=2041.328..2045.867 rows=3 loops=1)
         Workers Planned: 2
         Workers Launched: 2
         ->  Partial Aggregate  (cost=19720.46..19720.47 rows=1 width=96) (actual time=2038.468..2038.468 rows=1 loops=3)
               ->  Hash Join  (cost=8.73..19719.76 rows=94 width=42) (actual time=268.587..1998.096 rows=223463 loops=3)
                     Hash Cond: (mi.info_type_id = it2.id)
                     ->  Nested Loop  (cost=6.30..19688.31 rows=10660 width=46) (actual time=268.476..1883.750 rows=1438861 loops=3)
                           ->  Nested Loop  (cost=5.87..19055.86 rows=331 width=54) (actual time=268.445..1174.170 rows=29098 loops=3)
                                 ->  Hash Join  (cost=5.45..18649.93 rows=911 width=39) (actual time=268.385..886.155 rows=100870 loops=3)
                                       Hash Cond: (mc.company_type_id = ct.id)
                                       ->  Nested Loop  (cost=4.39..18629.17 rows=3643 width=43) (actual time=268.354..854.544 rows=257695 loops=3)
                                             ->  Hash Join  (cost=3.96..18186.75 rows=727 width=31) (actual time=268.301..602.691 rows=69960 loops=3)
                                                   Hash Cond: (t.kind_id = kt.id)
                                                   ->  Nested Loop  (cost=2.86..18164.20 rows=5089 width=35) (actual time=0.092..582.385 rows=153308 loops=3)
                                                         ->  Hash Join  (cost=2.43..15253.60 rows=5089 width=10) (actual time=0.047..111.531 rows=153308 loops=3)
                                                               Hash Cond: (miidx.info_type_id = it.id)
                                                               ->  Parallel Seq Scan on movie_info_idx miidx  (cost=0.00..13685.15 rows=575015 width=14) (actual time=0.017..44.155 rows=460012 loops=3)
                                                               ->  Hash  (cost=2.41..2.41 rows=1 width=4) (actual time=0.012..0.013 rows=1 loops=3)
                                                                     Buckets: 1024  Batches: 1  Memory Usage: 9kB
                                                                     ->  Seq Scan on info_type it  (cost=0.00..2.41 rows=1 width=4) (actual time=0.009..0.010 rows=1 loops=3)
                                                                           Filter: ((info)::text = 'rating'::text)
                                                                           Rows Removed by Filter: 112
                                                         ->  Index Scan using title_pkey on title t  (cost=0.43..0.57 rows=1 width=25) (actual time=0.003..0.003 rows=1 loops=459925)
                                                               Index Cond: (id = miidx.movie_id)
                                                   ->  Hash  (cost=1.09..1.09 rows=1 width=4) (actual time=0.014..0.014 rows=1 loops=3)
                                                         Buckets: 1024  Batches: 1  Memory Usage: 9kB
                                                         ->  Seq Scan on kind_type kt  (cost=0.00..1.09 rows=1 width=4) (actual time=0.011..0.012 rows=1 loops=3)
                                                               Filter: ((kind)::text = 'movie'::text)
                                                               Rows Removed by Filter: 6
                                             ->  Index Scan using movie_id_movie_companies on movie_companies mc  (cost=0.43..0.56 rows=5 width=12) (actual time=0.002..0.003 rows=4 loops=209880)
                                                   Index Cond: (movie_id = t.id)
                                       ->  Hash  (cost=1.05..1.05 rows=1 width=4) (actual time=0.016..0.016 rows=1 loops=3)
                                             Buckets: 1024  Batches: 1  Memory Usage: 9kB
                                             ->  Seq Scan on company_type ct  (cost=0.00..1.05 rows=1 width=4) (actual time=0.013..0.013 rows=1 loops=3)
                                                   Filter: ((kind)::text = 'production companies'::text)
                                                   Rows Removed by Filter: 3
                                 ->  Index Scan using company_name_pkey on company_name cn  (cost=0.42..0.45 rows=1 width=23) (actual time=0.003..0.003 rows=0 loops=302610)
                                       Index Cond: (id = mc.company_id)
                                       Filter: ((country_code)::text = '[us]'::text)
                                       Rows Removed by Filter: 1
                           ->  Index Scan using movie_id_movie_info on movie_info mi  (cost=0.43..1.49 rows=42 width=8) (actual time=0.004..0.019 rows=49 loops=87293)
                                 Index Cond: (movie_id = t.id)
                     ->  Hash  (cost=2.41..2.41 rows=1 width=4) (actual time=0.027..0.027 rows=1 loops=3)
                           Buckets: 1024  Batches: 1  Memory Usage: 9kB
                           ->  Seq Scan on info_type it2  (cost=0.00..2.41 rows=1 width=4) (actual time=0.016..0.023 rows=1 loops=3)
                                 Filter: ((info)::text = 'release dates'::text)
                                 Rows Removed by Filter: 112
 Planning Time: 10.556 ms
 Execution Time: 2046.244 ms
(50 rows)

SET
                                                                                      QUERY PLAN                                                                                       
---------------------------------------------------------------------------------------------------------------------------------------------------------------------------------------
 Aggregate  (cost=7380.25..7380.26 rows=1 width=64) (actual time=424.323..424.323 rows=1 loops=1)
   ->  Nested Loop  (cost=8.04..7380.24 rows=1 width=23) (actual time=16.592..424.090 rows=761 loops=1)
         Join Filter: (mi.info_type_id = it1.id)
         Rows Removed by Join Filter: 117
         ->  Nested Loop  (cost=8.04..7377.82 rows=1 width=27) (actual time=16.586..420.771 rows=878 loops=1)
               Join Filter: (t.id = mi.movie_id)
               ->  Nested Loop  (cost=7.61..7375.92 rows=1 width=35) (actual time=16.023..333.186 rows=1147 loops=1)
                     Join Filter: (mi_idx.info_type_id = it2.id)
                     Rows Removed by Join Filter: 2233
                     ->  Seq Scan on info_type it2  (cost=0.00..2.41 rows=1 width=4) (actual time=0.012..0.014 rows=1 loops=1)
                           Filter: ((info)::text = 'rating'::text)
                           Rows Removed by Filter: 112
                     ->  Nested Loop  (cost=7.61..7373.39 rows=9 width=39) (actual time=15.620..332.792 rows=3380 loops=1)
                           Join Filter: (t.id = mi_idx.movie_id)
                           ->  Nested Loop  (cost=7.18..7371.79 rows=3 width=25) (actual time=15.592..319.254 rows=1966 loops=1)
                                 Join Filter: (t.kind_id = kt.id)
                                 Rows Removed by Join Filter: 616
                                 ->  Seq Scan on kind_type kt  (cost=0.00..1.09 rows=1 width=4) (actual time=0.013..0.015 rows=1 loops=1)
                                       Filter: ((kind)::text = 'movie'::text)
                                       Rows Removed by Filter: 6
                                 ->  Nested Loop  (cost=7.18..7370.44 rows=21 width=29) (actual time=4.784..318.836 rows=2582 loops=1)
                                       ->  Nested Loop  (cost=6.75..7304.56 rows=135 width=4) (actual time=4.511..144.361 rows=37091 loops=1)
                                             ->  Seq Scan on keyword k  (cost=0.00..2961.55 rows=4 width=4) (actual time=1.154..20.922 rows=3 loops=1)
                                                   Filter: ((keyword)::text = ANY ('{murder,murder-in-title,blood,violence}'::text[]))
                                                   Rows Removed by Filter: 134167
                                             ->  Bitmap Heap Scan on movie_keyword mk  (cost=6.75..1082.76 rows=299 width=8) (actual time=3.378..39.712 rows=12364 loops=3)
                                                   Recheck Cond: (keyword_id = k.id)
                                                   Heap Blocks: exact=26312
                                                   ->  Bitmap Index Scan on keyword_id_movie_keyword  (cost=0.00..6.67 rows=299 width=0) (actual time=1.854..1.854 rows=12364 loops=3)
                                                         Index Cond: (keyword_id = k.id)
                                       ->  Index Scan using title_pkey on title t  (cost=0.43..0.49 rows=1 width=25) (actual time=0.004..0.004 rows=0 loops=37091)
                                             Index Cond: (id = mk.movie_id)
                                             Filter: (production_year > 2010)
                                             Rows Removed by Filter: 1
                           ->  Index Scan using movie_id_movie_info_idx on movie_info_idx mi_idx  (cost=0.43..0.50 rows=3 width=14) (actual time=0.006..0.006 rows=2 loops=1966)
                                 Index Cond: (movie_id = mk.movie_id)
                                 Filter: ((info)::text < '8.5'::text)
                                 Rows Removed by Filter: 0
               ->  Index Scan using movie_id_movie_info on movie_info mi  (cost=0.43..1.87 rows=2 width=8) (actual time=0.065..0.076 rows=1 loops=1147)
                     Index Cond: (movie_id = mk.movie_id)
                     Filter: ((info)::text = ANY ('{Sweden,Norway,Germany,Denmark,Swedish,Denish,Norwegian,German,USA,American}'::text[]))
                     Rows Removed by Filter: 69
         ->  Seq Scan on info_type it1  (cost=0.00..2.41 rows=1 width=4) (actual time=0.002..0.003 rows=1 loops=878)
               Filter: ((info)::text = 'countries'::text)
               Rows Removed by Filter: 21
 Planning Time: 6.607 ms
 Execution Time: 424.489 ms
(47 rows)

SET
                                                                                              QUERY PLAN                                                                                              
------------------------------------------------------------------------------------------------------------------------------------------------------------------------------------------------------
 Aggregate  (cost=4867.25..4867.26 rows=1 width=64) (actual time=187.549..187.549 rows=1 loops=1)
   ->  Nested Loop  (cost=8.04..4867.24 rows=1 width=23) (actual time=125.781..187.539 rows=1 loops=1)
         Join Filter: (t.kind_id = kt.id)
         Rows Removed by Join Filter: 1
         ->  Nested Loop  (cost=8.04..4866.14 rows=1 width=27) (actual time=8.471..187.524 rows=2 loops=1)
               Join Filter: (mi_idx.info_type_id = it2.id)
               Rows Removed by Join Filter: 1
               ->  Nested Loop  (cost=8.04..4863.72 rows=1 width=31) (actual time=8.450..187.494 rows=3 loops=1)
                     Join Filter: (t.id = mi_idx.movie_id)
                     ->  Nested Loop  (cost=7.61..4863.21 rows=1 width=33) (actual time=8.429..187.395 rows=8 loops=1)
                           Join Filter: (mi.info_type_id = it1.id)
                           ->  Nested Loop  (cost=7.61..4860.78 rows=1 width=37) (actual time=8.423..187.359 rows=8 loops=1)
                                 Join Filter: (t.id = mi.movie_id)
                                 ->  Nested Loop  (cost=7.18..4858.88 rows=1 width=29) (actual time=8.266..186.618 rows=15 loops=1)
                                       ->  Nested Loop  (cost=6.75..4825.68 rows=67 width=4) (actual time=6.297..84.268 rows=19528 loops=1)
                                             ->  Seq Scan on keyword k  (cost=0.00..2626.12 rows=2 width=4) (actual time=1.194..16.475 rows=1 loops=1)
                                                   Filter: ((keyword)::text = ANY ('{murder,murder-in-title}'::text[]))
                                                   Rows Removed by Filter: 134169
                                             ->  Bitmap Heap Scan on movie_keyword mk  (cost=6.75..1096.79 rows=299 width=8) (actual time=5.100..65.639 rows=19528 loops=1)
                                                   Recheck Cond: (keyword_id = k.id)
                                                   Heap Blocks: exact=12389
                                                   ->  Bitmap Index Scan on keyword_id_movie_keyword  (cost=0.00..6.67 rows=299 width=0) (actual time=2.913..2.913 rows=19528 loops=1)
                                                         Index Cond: (keyword_id = k.id)
                                       ->  Index Scan using title_pkey on title t  (cost=0.43..0.50 rows=1 width=25) (actual time=0.005..0.005 rows=0 loops=19528)
                                             Index Cond: (id = mk.movie_id)
                                             Filter: ((production_year > 2010) AND (((title)::text ~~ '%murder%'::text) OR ((title)::text ~~ '%Murder%'::text) OR ((title)::text ~~ '%Mord%'::text)))
                                             Rows Removed by Filter: 1
                                 ->  Index Scan using movie_id_movie_info on movie_info mi  (cost=0.43..1.87 rows=2 width=8) (actual time=0.046..0.049 rows=1 loops=15)
                                       Index Cond: (movie_id = mk.movie_id)
                                       Filter: ((info)::text = ANY ('{Sweden,Norway,Germany,Denmark,Swedish,Denish,Norwegian,German,USA,American}'::text[]))
                                       Rows Removed by Filter: 12
                           ->  Seq Scan on info_type it1  (cost=0.00..2.41 rows=1 width=4) (actual time=0.003..0.003 rows=1 loops=8)
                                 Filter: ((info)::text = 'countries'::text)
                                 Rows Removed by Filter: 7
                     ->  Index Scan using movie_id_movie_info_idx on movie_info_idx mi_idx  (cost=0.43..0.50 rows=1 width=14) (actual time=0.011..0.011 rows=0 loops=8)
                           Index Cond: (movie_id = mk.movie_id)
                           Filter: ((info)::text > '6.0'::text)
                           Rows Removed by Filter: 1
               ->  Seq Scan on info_type it2  (cost=0.00..2.41 rows=1 width=4) (actual time=0.008..0.009 rows=1 loops=3)
                     Filter: ((info)::text = 'rating'::text)
                     Rows Removed by Filter: 104
         ->  Seq Scan on kind_type kt  (cost=0.00..1.09 rows=1 width=4) (actual time=0.005..0.006 rows=1 loops=2)
               Filter: ((kind)::text = 'movie'::text)
               Rows Removed by Filter: 3
 Planning Time: 6.563 ms
 Execution Time: 187.773 ms
(46 rows)

SET
                                                                                      QUERY PLAN                                                                                       
---------------------------------------------------------------------------------------------------------------------------------------------------------------------------------------
 Aggregate  (cost=7388.39..7388.40 rows=1 width=64) (actual time=768.876..768.876 rows=1 loops=1)
   ->  Nested Loop  (cost=8.04..7388.39 rows=1 width=23) (actual time=4.724..767.909 rows=4115 loops=1)
         Join Filter: (mi.info_type_id = it1.id)
         Rows Removed by Join Filter: 594
         ->  Nested Loop  (cost=8.04..7385.96 rows=1 width=27) (actual time=4.719..751.171 rows=4709 loops=1)
               Join Filter: (t.id = mi.movie_id)
               ->  Nested Loop  (cost=7.61..7384.06 rows=1 width=35) (actual time=4.655..361.605 rows=5949 loops=1)
                     Join Filter: (mi_idx.info_type_id = it2.id)
                     Rows Removed by Join Filter: 11839
                     ->  Seq Scan on info_type it2  (cost=0.00..2.41 rows=1 width=4) (actual time=0.012..0.013 rows=1 loops=1)
                           Filter: ((info)::text = 'rating'::text)
                           Rows Removed by Filter: 112
                     ->  Nested Loop  (cost=7.61..7381.10 rows=44 width=39) (actual time=4.639..359.742 rows=17788 loops=1)
                           Join Filter: (t.id = mi_idx.movie_id)
                           ->  Nested Loop  (cost=7.18..7373.07 rows=15 width=25) (actual time=4.618..312.842 rows=8073 loops=1)
                                 Join Filter: (t.kind_id = kt.id)
                                 Rows Removed by Join Filter: 4332
                                 ->  Nested Loop  (cost=7.18..7370.44 rows=54 width=29) (actual time=4.553..309.539 rows=9739 loops=1)
                                       ->  Nested Loop  (cost=6.75..7304.56 rows=135 width=4) (actual time=4.530..138.278 rows=37091 loops=1)
                                             ->  Seq Scan on keyword k  (cost=0.00..2961.55 rows=4 width=4) (actual time=1.165..21.513 rows=3 loops=1)
                                                   Filter: ((keyword IS NOT NULL) AND ((keyword)::text = ANY ('{murder,murder-in-title,blood,violence}'::text[])))
                                                   Rows Removed by Filter: 134167
                                             ->  Bitmap Heap Scan on movie_keyword mk  (cost=6.75..1082.76 rows=299 width=8) (actual time=3.390..37.472 rows=12364 loops=3)
                                                   Recheck Cond: (keyword_id = k.id)
                                                   Heap Blocks: exact=26312
                                                   ->  Bitmap Index Scan on keyword_id_movie_keyword  (cost=0.00..6.67 rows=299 width=0) (actual time=1.859..1.859 rows=12364 loops=3)
                                                         Index Cond: (keyword_id = k.id)
                                       ->  Index Scan using title_pkey on title t  (cost=0.43..0.49 rows=1 width=25) (actual time=0.004..0.004 rows=0 loops=37091)
                                             Index Cond: (id = mk.movie_id)
                                             Filter: (production_year > 2005)
                                             Rows Removed by Filter: 1
                                 ->  Materialize  (cost=0.00..1.10 rows=2 width=4) (actual time=0.000..0.000 rows=1 loops=9739)
                                       ->  Seq Scan on kind_type kt  (cost=0.00..1.09 rows=2 width=4) (actual time=0.010..0.011 rows=2 loops=1)
                                             Filter: ((kind)::text = ANY ('{movie,episode}'::text[]))
                                             Rows Removed by Filter: 5
                           ->  Index Scan using movie_id_movie_info_idx on movie_info_idx mi_idx  (cost=0.43..0.50 rows=3 width=14) (actual time=0.005..0.005 rows=2 loops=8073)
                                 Index Cond: (movie_id = mk.movie_id)
                                 Filter: ((info)::text < '8.5'::text)
                                 Rows Removed by Filter: 0
               ->  Index Scan using movie_id_movie_info on movie_info mi  (cost=0.43..1.87 rows=2 width=8) (actual time=0.056..0.065 rows=1 loops=5949)
                     Index Cond: (movie_id = mk.movie_id)
                     Filter: ((info)::text = ANY ('{Sweden,Norway,Germany,Denmark,Swedish,Danish,Norwegian,German,USA,American}'::text[]))
                     Rows Removed by Filter: 71
         ->  Seq Scan on info_type it1  (cost=0.00..2.41 rows=1 width=4) (actual time=0.002..0.003 rows=1 loops=4709)
               Filter: ((info)::text = 'countries'::text)
               Rows Removed by Filter: 20
 Planning Time: 6.467 ms
 Execution Time: 769.049 ms
(48 rows)

SET
                                                                                              QUERY PLAN                                                                                              
------------------------------------------------------------------------------------------------------------------------------------------------------------------------------------------------------
 Finalize Aggregate  (cost=51520.30..51520.31 rows=1 width=64) (actual time=330.490..330.490 rows=1 loops=1)
   ->  Gather  (cost=51520.08..51520.29 rows=2 width=64) (actual time=330.046..334.658 rows=3 loops=1)
         Workers Planned: 2
         Workers Launched: 2
         ->  Partial Aggregate  (cost=50520.08..50520.09 rows=1 width=64) (actual time=327.213..327.213 rows=1 loops=3)
               ->  Nested Loop  (cost=5354.18..50520.04 rows=7 width=59) (actual time=81.999..327.179 rows=109 loops=3)
                     ->  Nested Loop  (cost=5353.76..50516.97 rows=7 width=63) (actual time=81.964..326.580 rows=109 loops=3)
                           ->  Nested Loop  (cost=5353.33..50515.14 rows=1 width=75) (actual time=47.766..326.339 rows=19 loops=3)
                                 ->  Nested Loop  (cost=5353.19..50514.85 rows=1 width=79) (actual time=47.735..326.265 rows=19 loops=3)
                                       ->  Nested Loop  (cost=5353.06..50514.70 rows=1 width=83) (actual time=47.702..326.191 rows=19 loops=3)
                                             ->  Nested Loop  (cost=5352.62..48271.71 rows=1133 width=33) (actual time=25.246..239.579 rows=1711 loops=3)
                                                   ->  Nested Loop  (cost=5352.19..46344.74 rows=2083 width=12) (actual time=25.195..215.450 rows=4566 loops=3)
                                                         ->  Parallel Hash Join  (cost=5351.77..40470.46 rows=3000 width=8) (actual time=24.799..170.679 rows=14612 loops=3)
                                                               Hash Cond: (mc.company_id = cn.id)
                                                               ->  Parallel Seq Scan on movie_companies mc  (cost=0.00..35097.06 rows=8243 width=12) (actual time=0.030..139.753 rows=20555 loops=3)
                                                                     Filter: (((note)::text ~~ '%(200%)%'::text) AND ((note)::text ~~ '%(worldwide)%'::text))
                                                                     Rows Removed by Filter: 849155
                                                               ->  Parallel Hash  (cost=4722.92..4722.92 rows=50308 width=4) (actual time=24.221..24.221 rows=28281 loops=3)
                                                                     Buckets: 131072  Batches: 1  Memory Usage: 4384kB
                                                                     ->  Parallel Seq Scan on company_name cn  (cost=0.00..4722.92 rows=50308 width=4) (actual time=0.020..17.175 rows=28281 loops=3)
                                                                           Filter: ((country_code)::text = '[us]'::text)
                                                                           Rows Removed by Filter: 50051
                                                         ->  Index Only Scan using movie_id_aka_title on aka_title at  (cost=0.42..1.93 rows=3 width=4) (actual time=0.002..0.003 rows=0 loops=43837)
                                                               Index Cond: (movie_id = mc.movie_id)
                                                               Heap Fetches: 13699
                                                   ->  Index Scan using title_pkey on title t  (cost=0.43..0.93 rows=1 width=21) (actual time=0.005..0.005 rows=0 loops=13699)
                                                         Index Cond: (id = at.movie_id)
                                                         Filter: (production_year > 2000)
                                                         Rows Removed by Filter: 1
                                             ->  Index Scan using movie_id_movie_info on movie_info mi  (cost=0.43..1.97 rows=1 width=50) (actual time=0.050..0.050 rows=0 loops=5134)
                                                   Index Cond: (movie_id = t.id)
                                                   Filter: (((note)::text ~~ '%internet%'::text) AND ((info)::text ~~ 'USA:% 200%'::text))
                                                   Rows Removed by Filter: 72
                                       ->  Index Only Scan using company_type_pkey on company_type ct  (cost=0.13..0.15 rows=1 width=4) (actual time=0.003..0.003 rows=1 loops=57)
                                             Index Cond: (id = mc.company_type_id)
                                             Heap Fetches: 57
                                 ->  Index Scan using info_type_pkey on info_type it1  (cost=0.14..0.21 rows=1 width=4) (actual time=0.003..0.003 rows=1 loops=57)
                                       Index Cond: (id = mi.info_type_id)
                                       Filter: ((info)::text = 'release dates'::text)
                           ->  Index Scan using movie_id_movie_keyword on movie_keyword mk  (cost=0.43..1.36 rows=47 width=8) (actual time=0.010..0.011 rows=6 loops=57)
                                 Index Cond: (movie_id = t.id)
                     ->  Index Only Scan using keyword_pkey on keyword k  (cost=0.42..0.44 rows=1 width=4) (actual time=0.005..0.005 rows=1 loops=328)
                           Index Cond: (id = mk.keyword_id)
                           Heap Fetches: 328
 Planning Time: 14.794 ms
 Execution Time: 334.900 ms
(46 rows)

SET
                                                                                                      QUERY PLAN                                                                                                      
----------------------------------------------------------------------------------------------------------------------------------------------------------------------------------------------------------------------
 Finalize Aggregate  (cost=6425.67..6425.68 rows=1 width=64) (actual time=31.802..31.802 rows=1 loops=1)
   ->  Gather  (cost=6425.55..6425.66 rows=1 width=64) (actual time=31.733..33.456 rows=2 loops=1)
         Workers Planned: 1
         Workers Launched: 1
         ->  Partial Aggregate  (cost=5425.55..5425.56 rows=1 width=64) (actual time=29.664..29.664 rows=1 loops=2)
               ->  Nested Loop  (cost=2.84..5425.53 rows=5 width=59) (actual time=21.678..29.654 rows=18 loops=2)
                     ->  Nested Loop  (cost=2.42..5423.34 rows=5 width=63) (actual time=21.661..29.450 rows=18 loops=2)
                           ->  Nested Loop  (cost=1.99..5421.40 rows=1 width=75) (actual time=19.001..29.401 rows=2 loops=2)
                                 ->  Nested Loop  (cost=1.85..5421.11 rows=1 width=79) (actual time=18.990..29.385 rows=2 loops=2)
                                       ->  Nested Loop  (cost=1.41..5418.58 rows=1 width=29) (actual time=17.037..28.393 rows=13 loops=2)
                                             ->  Nested Loop  (cost=0.98..5417.65 rows=1 width=8) (actual time=17.014..28.136 rows=14 loops=2)
                                                   ->  Nested Loop  (cost=0.85..5417.49 rows=1 width=12) (actual time=16.999..28.102 rows=14 loops=2)
                                                         ->  Nested Loop  (cost=0.43..5415.54 rows=1 width=8) (actual time=16.624..27.193 rows=139 loops=2)
                                                               ->  Parallel Seq Scan on company_name cn  (cost=0.00..5068.50 rows=1 width=4) (actual time=16.583..23.198 rows=0 loops=2)
                                                                     Filter: (((country_code)::text = '[us]'::text) AND ((name)::text = 'YouTube'::text))
                                                                     Rows Removed by Filter: 117498
                                                               ->  Index Scan using company_id_movie_companies on movie_companies mc  (cost=0.43..347.02 rows=1 width=12) (actual time=0.078..7.953 rows=278 loops=1)
                                                                     Index Cond: (company_id = cn.id)
                                                                     Filter: (((note)::text ~~ '%(200%)%'::text) AND ((note)::text ~~ '%(worldwide)%'::text))
                                                                     Rows Removed by Filter: 1180
                                                         ->  Index Only Scan using movie_id_aka_title on aka_title at  (cost=0.42..1.93 rows=3 width=4) (actual time=0.006..0.006 rows=0 loops=278)
                                                               Index Cond: (movie_id = mc.movie_id)
                                                               Heap Fetches: 27
                                                   ->  Index Only Scan using company_type_pkey on company_type ct  (cost=0.13..0.15 rows=1 width=4) (actual time=0.002..0.002 rows=1 loops=27)
                                                         Index Cond: (id = mc.company_type_id)
                                                         Heap Fetches: 27
                                             ->  Index Scan using title_pkey on title t  (cost=0.43..0.93 rows=1 width=21) (actual time=0.018..0.018 rows=1 loops=27)
                                                   Index Cond: (id = at.movie_id)
                                                   Filter: ((production_year >= 2005) AND (production_year <= 2010))
                                                   Rows Removed by Filter: 0
                                       ->  Index Scan using movie_id_movie_info on movie_info mi  (cost=0.43..2.53 rows=1 width=50) (actual time=0.071..0.076 rows=0 loops=26)
                                             Index Cond: (movie_id = t.id)
                                             Filter: (((note)::text ~~ '%internet%'::text) AND ((info)::text ~~ 'USA:% 200%'::text))
                                             Rows Removed by Filter: 19
                                 ->  Index Scan using info_type_pkey on info_type it1  (cost=0.14..0.21 rows=1 width=4) (actual time=0.009..0.009 rows=1 loops=3)
                                       Index Cond: (id = mi.info_type_id)
                                       Filter: ((info)::text = 'release dates'::text)
                           ->  Index Scan using movie_id_movie_keyword on movie_keyword mk  (cost=0.43..1.46 rows=47 width=8) (actual time=0.028..0.030 rows=12 loops=3)
                                 Index Cond: (movie_id = t.id)
                     ->  Index Only Scan using keyword_pkey on keyword k  (cost=0.42..0.44 rows=1 width=4) (actual time=0.011..0.011 rows=1 loops=37)
                           Index Cond: (id = mk.keyword_id)
                           Heap Fetches: 37
 Planning Time: 15.396 ms
 Execution Time: 33.673 ms
(44 rows)

SET
                                                                                                          QUERY PLAN                                                                                                          
------------------------------------------------------------------------------------------------------------------------------------------------------------------------------------------------------------------------------
 Finalize Aggregate  (cost=271194.30..271194.31 rows=1 width=64) (actual time=594.796..594.796 rows=1 loops=1)
   ->  Gather  (cost=271194.08..271194.29 rows=2 width=64) (actual time=594.666..598.799 rows=3 loops=1)
         Workers Planned: 2
         Workers Launched: 2
         ->  Partial Aggregate  (cost=270194.08..270194.09 rows=1 width=64) (actual time=591.919..591.919 rows=1 loops=3)
               ->  Nested Loop  (cost=5.11..270193.85 rows=46 width=59) (actual time=158.087..591.781 rows=757 loops=3)
                     Join Filter: (t.id = at.movie_id)
                     ->  Nested Loop  (cost=4.69..270184.51 rows=18 width=75) (actual time=145.902..587.058 rows=2655 loops=3)
                           ->  Nested Loop  (cost=4.27..270176.61 rows=18 width=79) (actual time=145.872..578.885 rows=2655 loops=3)
                                 ->  Nested Loop  (cost=3.84..270174.80 rows=1 width=71) (actual time=145.673..572.313 rows=882 loops=3)
                                       ->  Nested Loop  (cost=3.71..270174.65 rows=1 width=75) (actual time=145.644..571.048 rows=882 loops=3)
                                             ->  Nested Loop  (cost=3.29..270172.87 rows=4 width=79) (actual time=145.525..564.940 rows=961 loops=3)
                                                   ->  Nested Loop  (cost=2.86..270172.24 rows=1 width=67) (actual time=145.482..555.534 rows=594 loops=3)
                                                         ->  Hash Join  (cost=2.43..270163.87 rows=1 width=46) (actual time=145.436..546.951 rows=594 loops=3)
                                                               Hash Cond: (mi.info_type_id = it1.id)
                                                               ->  Parallel Seq Scan on movie_info mi  (cost=0.00..270161.12 rows=119 width=50) (actual time=145.302..546.648 rows=594 loops=3)
                                                                     Filter: ((info IS NOT NULL) AND ((note)::text ~~ '%internet%'::text) AND (((info)::text ~~ 'USA:% 199%'::text) OR ((info)::text ~~ 'USA:% 200%'::text)))
                                                                     Rows Removed by Filter: 4944646
                                                               ->  Hash  (cost=2.41..2.41 rows=1 width=4) (actual time=0.029..0.029 rows=1 loops=3)
                                                                     Buckets: 1024  Batches: 1  Memory Usage: 9kB
                                                                     ->  Seq Scan on info_type it1  (cost=0.00..2.41 rows=1 width=4) (actual time=0.017..0.023 rows=1 loops=3)
                                                                           Filter: ((info)::text = 'release dates'::text)
                                                                           Rows Removed by Filter: 112
                                                         ->  Index Scan using title_pkey on title t  (cost=0.43..8.37 rows=1 width=21) (actual time=0.014..0.014 rows=1 loops=1783)
                                                               Index Cond: (id = mi.movie_id)
                                                               Filter: (production_year > 1990)
                                                               Rows Removed by Filter: 0
                                                   ->  Index Scan using movie_id_movie_companies on movie_companies mc  (cost=0.43..0.58 rows=5 width=12) (actual time=0.012..0.015 rows=2 loops=1782)
                                                         Index Cond: (movie_id = t.id)
                                             ->  Index Scan using company_name_pkey on company_name cn  (cost=0.42..0.45 rows=1 width=4) (actual time=0.006..0.006 rows=1 loops=2884)
                                                   Index Cond: (id = mc.company_id)
                                                   Filter: ((country_code)::text = '[us]'::text)
                                                   Rows Removed by Filter: 0
                                       ->  Index Only Scan using company_type_pkey on company_type ct  (cost=0.13..0.15 rows=1 width=4) (actual time=0.001..0.001 rows=1 loops=2647)
                                             Index Cond: (id = mc.company_type_id)
                                             Heap Fetches: 2647
                                 ->  Index Scan using movie_id_movie_keyword on movie_keyword mk  (cost=0.43..1.34 rows=47 width=8) (actual time=0.006..0.007 rows=3 loops=2647)
                                       Index Cond: (movie_id = t.id)
                           ->  Index Only Scan using keyword_pkey on keyword k  (cost=0.42..0.44 rows=1 width=4) (actual time=0.003..0.003 rows=1 loops=7964)
                                 Index Cond: (id = mk.keyword_id)
                                 Heap Fetches: 7964
                     ->  Index Only Scan using movie_id_aka_title on aka_title at  (cost=0.42..0.48 rows=3 width=4) (actual time=0.001..0.002 rows=0 loops=7964)
                           Index Cond: (movie_id = mk.movie_id)
                           Heap Fetches: 2271
 Planning Time: 14.959 ms
 Execution Time: 599.049 ms
(46 rows)

SET
                                                                                               QUERY PLAN                                                                                               
--------------------------------------------------------------------------------------------------------------------------------------------------------------------------------------------------------
 Finalize Aggregate  (cost=241312.72..241312.73 rows=1 width=64) (actual time=667.866..667.866 rows=1 loops=1)
   ->  Gather  (cost=241312.50..241312.71 rows=2 width=64) (actual time=667.740..673.511 rows=3 loops=1)
         Workers Planned: 2
         Workers Launched: 2
         ->  Partial Aggregate  (cost=240312.50..240312.51 rows=1 width=64) (actual time=664.961..664.962 rows=1 loops=3)
               ->  Nested Loop  (cost=6.07..240304.29 rows=1642 width=38) (actual time=144.977..664.374 rows=3782 loops=3)
                     Join Filter: (t.id = at.movie_id)
                     ->  Nested Loop  (cost=5.65..239970.15 rows=644 width=33) (actual time=135.574..650.080 rows=8521 loops=3)
                           ->  Nested Loop  (cost=5.23..239687.65 rows=644 width=37) (actual time=135.532..629.455 rows=8521 loops=3)
                                 ->  Hash Join  (cost=4.80..239595.35 rows=51 width=29) (actual time=135.421..611.153 rows=3286 loops=3)
                                       Hash Cond: (mc.company_type_id = ct.id)
                                       ->  Nested Loop  (cost=3.71..239593.98 rows=51 width=33) (actual time=135.337..610.249 rows=3286 loops=3)
                                             ->  Nested Loop  (cost=3.29..239532.04 rows=139 width=37) (actual time=135.313..589.396 rows=4792 loops=3)
                                                   ->  Nested Loop  (cost=2.86..239514.48 rows=28 width=25) (actual time=135.206..554.791 rows=3554 loops=3)
                                                         ->  Hash Join  (cost=2.43..239268.23 rows=40 width=4) (actual time=135.152..519.477 rows=3560 loops=3)
                                                               Hash Cond: (mi.info_type_id = it1.id)
                                                               ->  Parallel Seq Scan on movie_info mi  (cost=0.00..239253.38 rows=4567 width=8) (actual time=32.232..518.545 rows=3603 loops=3)
                                                                     Filter: ((note)::text ~~ '%internet%'::text)
                                                                     Rows Removed by Filter: 4941637
                                                               ->  Hash  (cost=2.41..2.41 rows=1 width=4) (actual time=0.029..0.029 rows=1 loops=3)
                                                                     Buckets: 1024  Batches: 1  Memory Usage: 9kB
                                                                     ->  Seq Scan on info_type it1  (cost=0.00..2.41 rows=1 width=4) (actual time=0.018..0.024 rows=1 loops=3)
                                                                           Filter: ((info)::text = 'release dates'::text)
                                                                           Rows Removed by Filter: 112
                                                         ->  Index Scan using title_pkey on title t  (cost=0.43..6.16 rows=1 width=21) (actual time=0.009..0.009 rows=1 loops=10679)
                                                               Index Cond: (id = mi.movie_id)
                                                               Filter: (production_year > 1990)
                                                               Rows Removed by Filter: 0
                                                   ->  Index Scan using movie_id_movie_companies on movie_companies mc  (cost=0.43..0.58 rows=5 width=12) (actual time=0.008..0.009 rows=1 loops=10662)
                                                         Index Cond: (movie_id = t.id)
                                             ->  Index Scan using company_name_pkey on company_name cn  (cost=0.42..0.45 rows=1 width=4) (actual time=0.004..0.004 rows=1 loops=14377)
                                                   Index Cond: (id = mc.company_id)
                                                   Filter: ((country_code)::text = '[us]'::text)
                                                   Rows Removed by Filter: 0
                                       ->  Hash  (cost=1.04..1.04 rows=4 width=4) (actual time=0.019..0.019 rows=4 loops=3)
                                             Buckets: 1024  Batches: 1  Memory Usage: 9kB
                                             ->  Seq Scan on company_type ct  (cost=0.00..1.04 rows=4 width=4) (actual time=0.012..0.013 rows=4 loops=3)
                                 ->  Index Scan using movie_id_movie_keyword on movie_keyword mk  (cost=0.43..1.34 rows=47 width=8) (actual time=0.005..0.005 rows=3 loops=9857)
                                       Index Cond: (movie_id = t.id)
                           ->  Index Only Scan using keyword_pkey on keyword k  (cost=0.42..0.44 rows=1 width=4) (actual time=0.002..0.002 rows=1 loops=25564)
                                 Index Cond: (id = mk.keyword_id)
                                 Heap Fetches: 25564
                     ->  Index Scan using movie_id_aka_title on aka_title at  (cost=0.42..0.48 rows=3 width=25) (actual time=0.001..0.001 rows=0 loops=25564)
                           Index Cond: (movie_id = mk.movie_id)
 Planning Time: 15.109 ms
 Execution Time: 673.766 ms
(46 rows)

SET
                                                                                      QUERY PLAN                                                                                       
---------------------------------------------------------------------------------------------------------------------------------------------------------------------------------------
 Aggregate  (cost=3786.91..3786.92 rows=1 width=64) (actual time=269.616..269.617 rows=1 loops=1)
   ->  Nested Loop  (cost=9.45..3786.52 rows=79 width=33) (actual time=16.894..269.536 rows=385 loops=1)
         Join Filter: (n.id = an.person_id)
         ->  Nested Loop  (cost=9.02..3770.95 rows=32 width=25) (actual time=16.864..267.286 rows=323 loops=1)
               ->  Nested Loop  (cost=8.59..3756.39 rows=32 width=21) (actual time=16.829..264.535 rows=323 loops=1)
                     Join Filter: (t.id = ci.movie_id)
                     ->  Nested Loop  (cost=8.03..3752.42 rows=2 width=29) (actual time=16.803..263.143 rows=25 loops=1)
                           ->  Nested Loop  (cost=7.61..3750.19 rows=5 width=33) (actual time=16.619..262.777 rows=54 loops=1)
                                 Join Filter: (t.id = mc.movie_id)
                                 ->  Nested Loop  (cost=7.18..3749.59 rows=1 width=25) (actual time=13.878..262.083 rows=146 loops=1)
                                       ->  Nested Loop  (cost=6.75..3732.91 rows=34 width=4) (actual time=6.753..76.346 rows=41840 loops=1)
                                             ->  Seq Scan on keyword k  (cost=0.00..2626.12 rows=1 width=4) (actual time=0.652..11.734 rows=1 loops=1)
                                                   Filter: ((keyword)::text = 'character-name-in-title'::text)
                                                   Rows Removed by Filter: 134169
                                             ->  Bitmap Heap Scan on movie_keyword mk  (cost=6.75..1103.80 rows=299 width=8) (actual time=6.097..60.291 rows=41840 loops=1)
                                                   Recheck Cond: (keyword_id = k.id)
                                                   Heap Blocks: exact=11541
                                                   ->  Bitmap Index Scan on keyword_id_movie_keyword  (cost=0.00..6.67 rows=299 width=0) (actual time=4.037..4.037 rows=41840 loops=1)
                                                         Index Cond: (keyword_id = k.id)
                                       ->  Index Scan using title_pkey on title t  (cost=0.43..0.49 rows=1 width=21) (actual time=0.004..0.004 rows=0 loops=41840)
                                             Index Cond: (id = mk.movie_id)
                                             Filter: ((episode_nr >= 50) AND (episode_nr < 100))
                                             Rows Removed by Filter: 1
                                 ->  Index Scan using movie_id_movie_companies on movie_companies mc  (cost=0.43..0.54 rows=5 width=8) (actual time=0.004..0.004 rows=0 loops=146)
                                       Index Cond: (movie_id = mk.movie_id)
                           ->  Index Scan using company_name_pkey on company_name cn  (cost=0.42..0.45 rows=1 width=4) (actual time=0.006..0.006 rows=0 loops=54)
                                 Index Cond: (id = mc.company_id)
                                 Filter: ((country_code)::text = '[us]'::text)
                                 Rows Removed by Filter: 1
                     ->  Index Scan using movie_id_cast_info on cast_info ci  (cost=0.56..1.52 rows=37 width=8) (actual time=0.014..0.053 rows=13 loops=25)
                           Index Cond: (movie_id = mk.movie_id)
               ->  Index Only Scan using name_pkey on name n  (cost=0.43..0.45 rows=1 width=4) (actual time=0.008..0.008 rows=1 loops=323)
                     Index Cond: (id = ci.person_id)
                     Heap Fetches: 323
         ->  Index Scan using person_id_aka_name on aka_name an  (cost=0.42..0.46 rows=2 width=20) (actual time=0.006..0.007 rows=1 loops=323)
               Index Cond: (person_id = ci.person_id)
 Planning Time: 8.419 ms
 Execution Time: 269.872 ms
(38 rows)

SET
                                                                                      QUERY PLAN                                                                                       
---------------------------------------------------------------------------------------------------------------------------------------------------------------------------------------
 Aggregate  (cost=5116.99..5117.00 rows=1 width=64) (actual time=21508.647..21508.648 rows=1 loops=1)
   ->  Nested Loop  (cost=9.45..5102.20 rows=2957 width=33) (actual time=7.238..20957.852 rows=3710592 loops=1)
         Join Filter: (n.id = an.person_id)
         ->  Nested Loop  (cost=9.02..4515.45 rows=1206 width=25) (actual time=7.206..13396.270 rows=2832555 loops=1)
               ->  Nested Loop  (cost=8.59..3966.84 rows=1206 width=21) (actual time=7.174..4731.699 rows=2832555 loops=1)
                     Join Filter: (t.id = ci.movie_id)
                     ->  Nested Loop  (cost=8.03..3845.67 rows=61 width=29) (actual time=6.780..1138.686 rows=68316 loops=1)
                           ->  Nested Loop  (cost=7.61..3769.92 rows=170 width=33) (actual time=6.723..530.519 rows=148552 loops=1)
                                 Join Filter: (t.id = mc.movie_id)
                                 ->  Nested Loop  (cost=7.18..3749.42 rows=34 width=25) (actual time=6.673..310.419 rows=41840 loops=1)
                                       ->  Nested Loop  (cost=6.75..3732.91 rows=34 width=4) (actual time=6.655..85.175 rows=41840 loops=1)
                                             ->  Seq Scan on keyword k  (cost=0.00..2626.12 rows=1 width=4) (actual time=0.665..11.710 rows=1 loops=1)
                                                   Filter: ((keyword)::text = 'character-name-in-title'::text)
                                                   Rows Removed by Filter: 134169
                                             ->  Bitmap Heap Scan on movie_keyword mk  (cost=6.75..1103.80 rows=299 width=8) (actual time=5.988..66.123 rows=41840 loops=1)
                                                   Recheck Cond: (keyword_id = k.id)
                                                   Heap Blocks: exact=11541
                                                   ->  Bitmap Index Scan on keyword_id_movie_keyword  (cost=0.00..6.67 rows=299 width=0) (actual time=3.935..3.935 rows=41840 loops=1)
                                                         Index Cond: (keyword_id = k.id)
                                       ->  Index Scan using title_pkey on title t  (cost=0.43..0.49 rows=1 width=21) (actual time=0.005..0.005 rows=1 loops=41840)
                                             Index Cond: (id = mk.movie_id)
                                 ->  Index Scan using movie_id_movie_companies on movie_companies mc  (cost=0.43..0.54 rows=5 width=8) (actual time=0.003..0.004 rows=4 loops=41840)
                                       Index Cond: (movie_id = mk.movie_id)
                           ->  Index Scan using company_name_pkey on company_name cn  (cost=0.42..0.45 rows=1 width=4) (actual time=0.004..0.004 rows=0 loops=148552)
                                 Index Cond: (id = mc.company_id)
                                 Filter: ((country_code)::text = '[us]'::text)
                                 Rows Removed by Filter: 1
                     ->  Index Scan using movie_id_cast_info on cast_info ci  (cost=0.56..1.52 rows=37 width=8) (actual time=0.004..0.046 rows=41 loops=68316)
                           Index Cond: (movie_id = mk.movie_id)
               ->  Index Only Scan using name_pkey on name n  (cost=0.43..0.45 rows=1 width=4) (actual time=0.003..0.003 rows=1 loops=2832555)
                     Index Cond: (id = ci.person_id)
                     Heap Fetches: 2832555
         ->  Index Scan using person_id_aka_name on aka_name an  (cost=0.42..0.46 rows=2 width=20) (actual time=0.002..0.002 rows=1 loops=2832555)
               Index Cond: (person_id = ci.person_id)
 Planning Time: 8.248 ms
 Execution Time: 21508.946 ms
(36 rows)

SET
                                                                                      QUERY PLAN                                                                                       
---------------------------------------------------------------------------------------------------------------------------------------------------------------------------------------
 Aggregate  (cost=4258.35..4258.36 rows=1 width=64) (actual time=1841.569..1841.569 rows=1 loops=1)
   ->  Nested Loop  (cost=9.45..4252.86 rows=1097 width=33) (actual time=7.265..1792.707 rows=319932 loops=1)
         Join Filter: (n.id = an.person_id)
         ->  Nested Loop  (cost=9.02..4034.90 rows=448 width=25) (actual time=7.236..1196.166 rows=221609 loops=1)
               ->  Nested Loop  (cost=8.59..3831.10 rows=448 width=21) (actual time=7.200..560.086 rows=221609 loops=1)
                     Join Filter: (t.id = ci.movie_id)
                     ->  Nested Loop  (cost=8.03..3785.41 rows=23 width=29) (actual time=7.171..277.466 rows=8538 loops=1)
                           ->  Nested Loop  (cost=7.61..3757.34 rows=63 width=33) (actual time=6.804..248.135 rows=11406 loops=1)
                                 Join Filter: (t.id = mc.movie_id)
                                 ->  Nested Loop  (cost=7.18..3749.50 rows=13 width=25) (actual time=6.716..223.006 rows=6926 loops=1)
                                       ->  Nested Loop  (cost=6.75..3732.91 rows=34 width=4) (actual time=6.697..69.152 rows=41840 loops=1)
                                             ->  Seq Scan on keyword k  (cost=0.00..2626.12 rows=1 width=4) (actual time=0.660..11.861 rows=1 loops=1)
                                                   Filter: ((keyword)::text = 'character-name-in-title'::text)
                                                   Rows Removed by Filter: 134169
                                             ->  Bitmap Heap Scan on movie_keyword mk  (cost=6.75..1103.80 rows=299 width=8) (actual time=6.033..52.509 rows=41840 loops=1)
                                                   Recheck Cond: (keyword_id = k.id)
                                                   Heap Blocks: exact=11541
                                                   ->  Bitmap Index Scan on keyword_id_movie_keyword  (cost=0.00..6.67 rows=299 width=0) (actual time=3.976..3.976 rows=41840 loops=1)
                                                         Index Cond: (keyword_id = k.id)
                                       ->  Index Scan using title_pkey on title t  (cost=0.43..0.49 rows=1 width=21) (actual time=0.003..0.003 rows=0 loops=41840)
                                             Index Cond: (id = mk.movie_id)
                                             Filter: (episode_nr < 100)
                                             Rows Removed by Filter: 1
                                 ->  Index Scan using movie_id_movie_companies on movie_companies mc  (cost=0.43..0.54 rows=5 width=8) (actual time=0.002..0.003 rows=2 loops=6926)
                                       Index Cond: (movie_id = mk.movie_id)
                           ->  Index Scan using company_name_pkey on company_name cn  (cost=0.42..0.45 rows=1 width=4) (actual time=0.002..0.002 rows=1 loops=11406)
                                 Index Cond: (id = mc.company_id)
                                 Filter: ((country_code)::text = '[us]'::text)
                                 Rows Removed by Filter: 0
                     ->  Index Scan using movie_id_cast_info on cast_info ci  (cost=0.56..1.52 rows=37 width=8) (actual time=0.004..0.029 rows=26 loops=8538)
                           Index Cond: (movie_id = mk.movie_id)
               ->  Index Only Scan using name_pkey on name n  (cost=0.43..0.45 rows=1 width=4) (actual time=0.003..0.003 rows=1 loops=221609)
                     Index Cond: (id = ci.person_id)
                     Heap Fetches: 221609
         ->  Index Scan using person_id_aka_name on aka_name an  (cost=0.42..0.46 rows=2 width=20) (actual time=0.002..0.002 rows=1 loops=221609)
               Index Cond: (person_id = ci.person_id)
 Planning Time: 8.343 ms
 Execution Time: 1841.847 ms
(38 rows)

SET
                                                                                      QUERY PLAN                                                                                       
---------------------------------------------------------------------------------------------------------------------------------------------------------------------------------------
 Aggregate  (cost=4117.25..4117.26 rows=1 width=64) (actual time=1487.873..1487.873 rows=1 loops=1)
   ->  Nested Loop  (cost=9.45..4113.26 rows=798 width=33) (actual time=7.242..1450.193 rows=249455 loops=1)
         Join Filter: (n.id = an.person_id)
         ->  Nested Loop  (cost=9.02..3955.14 rows=325 width=25) (actual time=7.212..983.938 rows=169273 loops=1)
               ->  Nested Loop  (cost=8.59..3807.29 rows=325 width=21) (actual time=7.178..488.402 rows=169273 loops=1)
                     Join Filter: (t.id = ci.movie_id)
                     ->  Nested Loop  (cost=8.03..3775.51 rows=16 width=29) (actual time=7.150..266.307 rows=6766 loops=1)
                           ->  Nested Loop  (cost=7.61..3755.01 rows=46 width=33) (actual time=6.804..243.898 rows=8661 loops=1)
                                 Join Filter: (t.id = mc.movie_id)
                                 ->  Nested Loop  (cost=7.18..3749.59 rows=9 width=25) (actual time=6.721..223.851 rows=5385 loops=1)
                                       ->  Nested Loop  (cost=6.75..3732.91 rows=34 width=4) (actual time=6.703..68.931 rows=41840 loops=1)
                                             ->  Seq Scan on keyword k  (cost=0.00..2626.12 rows=1 width=4) (actual time=0.653..11.677 rows=1 loops=1)
                                                   Filter: ((keyword)::text = 'character-name-in-title'::text)
                                                   Rows Removed by Filter: 134169
                                             ->  Bitmap Heap Scan on movie_keyword mk  (cost=6.75..1103.80 rows=299 width=8) (actual time=6.047..52.621 rows=41840 loops=1)
                                                   Recheck Cond: (keyword_id = k.id)
                                                   Heap Blocks: exact=11541
                                                   ->  Bitmap Index Scan on keyword_id_movie_keyword  (cost=0.00..6.67 rows=299 width=0) (actual time=3.978..3.978 rows=41840 loops=1)
                                                         Index Cond: (keyword_id = k.id)
                                       ->  Index Scan using title_pkey on title t  (cost=0.43..0.49 rows=1 width=21) (actual time=0.003..0.003 rows=0 loops=41840)
                                             Index Cond: (id = mk.movie_id)
                                             Filter: ((episode_nr >= 5) AND (episode_nr < 100))
                                             Rows Removed by Filter: 1
                                 ->  Index Scan using movie_id_movie_companies on movie_companies mc  (cost=0.43..0.54 rows=5 width=8) (actual time=0.002..0.003 rows=2 loops=5385)
                                       Index Cond: (movie_id = mk.movie_id)
                           ->  Index Scan using company_name_pkey on company_name cn  (cost=0.42..0.45 rows=1 width=4) (actual time=0.002..0.002 rows=1 loops=8661)
                                 Index Cond: (id = mc.company_id)
                                 Filter: ((country_code)::text = '[us]'::text)
                                 Rows Removed by Filter: 0
                     ->  Index Scan using movie_id_cast_info on cast_info ci  (cost=0.56..1.52 rows=37 width=8) (actual time=0.004..0.029 rows=25 loops=6766)
                           Index Cond: (movie_id = mk.movie_id)
               ->  Index Only Scan using name_pkey on name n  (cost=0.43..0.45 rows=1 width=4) (actual time=0.003..0.003 rows=1 loops=169273)
                     Index Cond: (id = ci.person_id)
                     Heap Fetches: 169273
         ->  Index Scan using person_id_aka_name on aka_name an  (cost=0.42..0.46 rows=2 width=20) (actual time=0.002..0.002 rows=1 loops=169273)
               Index Cond: (person_id = ci.person_id)
 Planning Time: 8.386 ms
 Execution Time: 1488.134 ms
(38 rows)

SET
                                                                                   QUERY PLAN                                                                                    
---------------------------------------------------------------------------------------------------------------------------------------------------------------------------------
 Aggregate  (cost=4518.95..4518.96 rows=1 width=64) (actual time=12765.997..12765.997 rows=1 loops=1)
   ->  Nested Loop  (cost=9.02..4518.46 rows=97 width=15) (actual time=7.260..12731.799 rows=258289 loops=1)
         ->  Nested Loop  (cost=8.59..3966.84 rows=1206 width=4) (actual time=7.195..4474.530 rows=2832555 loops=1)
               Join Filter: (t.id = ci.movie_id)
               ->  Nested Loop  (cost=8.03..3845.67 rows=61 width=12) (actual time=6.799..1054.031 rows=68316 loops=1)
                     ->  Nested Loop  (cost=7.61..3769.92 rows=170 width=16) (actual time=6.737..501.885 rows=148552 loops=1)
                           Join Filter: (t.id = mc.movie_id)
                           ->  Nested Loop  (cost=7.18..3749.42 rows=34 width=8) (actual time=6.680..292.805 rows=41840 loops=1)
                                 ->  Nested Loop  (cost=6.75..3732.91 rows=34 width=4) (actual time=6.661..81.749 rows=41840 loops=1)
                                       ->  Seq Scan on keyword k  (cost=0.00..2626.12 rows=1 width=4) (actual time=0.654..11.772 rows=1 loops=1)
                                             Filter: ((keyword)::text = 'character-name-in-title'::text)
                                             Rows Removed by Filter: 134169
                                       ->  Bitmap Heap Scan on movie_keyword mk  (cost=6.75..1103.80 rows=299 width=8) (actual time=6.003..63.216 rows=41840 loops=1)
                                             Recheck Cond: (keyword_id = k.id)
                                             Heap Blocks: exact=11541
                                             ->  Bitmap Index Scan on keyword_id_movie_keyword  (cost=0.00..6.67 rows=299 width=0) (actual time=3.965..3.965 rows=41840 loops=1)
                                                   Index Cond: (keyword_id = k.id)
                                 ->  Index Only Scan using title_pkey on title t  (cost=0.43..0.49 rows=1 width=4) (actual time=0.005..0.005 rows=1 loops=41840)
                                       Index Cond: (id = mk.movie_id)
                                       Heap Fetches: 41840
                           ->  Index Scan using movie_id_movie_companies on movie_companies mc  (cost=0.43..0.54 rows=5 width=8) (actual time=0.003..0.004 rows=4 loops=41840)
                                 Index Cond: (movie_id = mk.movie_id)
                     ->  Index Scan using company_name_pkey on company_name cn  (cost=0.42..0.45 rows=1 width=4) (actual time=0.003..0.003 rows=0 loops=148552)
                           Index Cond: (id = mc.company_id)
                           Filter: ((country_code)::text = '[us]'::text)
                           Rows Removed by Filter: 1
               ->  Index Scan using movie_id_cast_info on cast_info ci  (cost=0.56..1.52 rows=37 width=8) (actual time=0.004..0.044 rows=41 loops=68316)
                     Index Cond: (movie_id = mk.movie_id)
         ->  Index Scan using name_pkey on name n  (cost=0.43..0.46 rows=1 width=19) (actual time=0.003..0.003 rows=0 loops=2832555)
               Index Cond: (id = ci.person_id)
               Filter: ((name)::text ~~ 'B%'::text)
               Rows Removed by Filter: 1
 Planning Time: 5.272 ms
 Execution Time: 12766.259 ms
(34 rows)

SET
                                                                                   QUERY PLAN                                                                                    
---------------------------------------------------------------------------------------------------------------------------------------------------------------------------------
 Aggregate  (cost=4395.31..4395.32 rows=1 width=64) (actual time=9166.886..9166.886 rows=1 loops=1)
   ->  Nested Loop  (cost=9.02..4395.14 rows=33 width=15) (actual time=13.495..9159.637 rows=52306 loops=1)
         ->  Nested Loop  (cost=8.60..4380.52 rows=33 width=19) (actual time=13.478..8973.237 rows=52306 loops=1)
               ->  Nested Loop  (cost=8.17..4373.10 rows=13 width=27) (actual time=13.456..8914.408 rows=6642 loops=1)
                     ->  Nested Loop  (cost=7.74..4367.22 rows=13 width=23) (actual time=13.436..8873.016 rows=6642 loops=1)
                           ->  Nested Loop  (cost=7.31..3797.31 rows=1246 width=12) (actual time=6.791..3114.298 rows=1038393 loops=1)
                                 ->  Nested Loop  (cost=6.75..3732.91 rows=34 width=4) (actual time=6.763..79.314 rows=41840 loops=1)
                                       ->  Seq Scan on keyword k  (cost=0.00..2626.12 rows=1 width=4) (actual time=0.666..11.662 rows=1 loops=1)
                                             Filter: ((keyword)::text = 'character-name-in-title'::text)
                                             Rows Removed by Filter: 134169
                                       ->  Bitmap Heap Scan on movie_keyword mk  (cost=6.75..1103.80 rows=299 width=8) (actual time=6.094..60.358 rows=41840 loops=1)
                                             Recheck Cond: (keyword_id = k.id)
                                             Heap Blocks: exact=11541
                                             ->  Bitmap Index Scan on keyword_id_movie_keyword  (cost=0.00..6.67 rows=299 width=0) (actual time=4.043..4.043 rows=41840 loops=1)
                                                   Index Cond: (keyword_id = k.id)
                                 ->  Index Scan using movie_id_cast_info on cast_info ci  (cost=0.56..1.52 rows=37 width=8) (actual time=0.006..0.069 rows=25 loops=41840)
                                       Index Cond: (movie_id = mk.movie_id)
                           ->  Index Scan using name_pkey on name n  (cost=0.43..0.46 rows=1 width=19) (actual time=0.005..0.005 rows=0 loops=1038393)
                                 Index Cond: (id = ci.person_id)
                                 Filter: ((name)::text ~~ 'Z%'::text)
                                 Rows Removed by Filter: 1
                     ->  Index Only Scan using title_pkey on title t  (cost=0.43..0.45 rows=1 width=4) (actual time=0.006..0.006 rows=1 loops=6642)
                           Index Cond: (id = ci.movie_id)
                           Heap Fetches: 6642
               ->  Index Scan using movie_id_movie_companies on movie_companies mc  (cost=0.43..0.52 rows=5 width=8) (actual time=0.005..0.007 rows=8 loops=6642)
                     Index Cond: (movie_id = ci.movie_id)
         ->  Index Only Scan using company_name_pkey on company_name cn  (cost=0.42..0.44 rows=1 width=4) (actual time=0.003..0.003 rows=1 loops=52306)
               Index Cond: (id = mc.company_id)
               Heap Fetches: 52306
 Planning Time: 5.245 ms
 Execution Time: 9167.110 ms
(31 rows)

SET
                                                                                   QUERY PLAN                                                                                    
---------------------------------------------------------------------------------------------------------------------------------------------------------------------------------
 Aggregate  (cost=4368.70..4368.71 rows=1 width=64) (actual time=8808.972..8808.972 rows=1 loops=1)
   ->  Nested Loop  (cost=9.02..4368.69 rows=1 width=15) (actual time=94.730..8808.568 rows=1918 loops=1)
         ->  Nested Loop  (cost=8.59..4368.24 rows=1 width=27) (actual time=94.709..8803.259 rows=1918 loops=1)
               ->  Nested Loop  (cost=8.17..4367.80 rows=1 width=31) (actual time=94.686..8792.308 rows=1918 loops=1)
                     ->  Nested Loop  (cost=7.74..4367.23 rows=1 width=23) (actual time=94.671..8788.669 rows=250 loops=1)
                           ->  Nested Loop  (cost=7.31..3797.31 rows=1246 width=12) (actual time=6.755..3087.780 rows=1038393 loops=1)
                                 ->  Nested Loop  (cost=6.75..3732.91 rows=34 width=4) (actual time=6.730..79.021 rows=41840 loops=1)
                                       ->  Seq Scan on keyword k  (cost=0.00..2626.12 rows=1 width=4) (actual time=0.644..11.614 rows=1 loops=1)
                                             Filter: ((keyword)::text = 'character-name-in-title'::text)
                                             Rows Removed by Filter: 134169
                                       ->  Bitmap Heap Scan on movie_keyword mk  (cost=6.75..1103.80 rows=299 width=8) (actual time=6.081..59.889 rows=41840 loops=1)
                                             Recheck Cond: (keyword_id = k.id)
                                             Heap Blocks: exact=11541
                                             ->  Bitmap Index Scan on keyword_id_movie_keyword  (cost=0.00..6.67 rows=299 width=0) (actual time=4.014..4.014 rows=41840 loops=1)
                                                   Index Cond: (keyword_id = k.id)
                                 ->  Index Scan using movie_id_cast_info on cast_info ci  (cost=0.56..1.52 rows=37 width=8) (actual time=0.006..0.068 rows=25 loops=41840)
                                       Index Cond: (movie_id = mk.movie_id)
                           ->  Index Scan using name_pkey on name n  (cost=0.43..0.46 rows=1 width=19) (actual time=0.005..0.005 rows=0 loops=1038393)
                                 Index Cond: (id = ci.person_id)
                                 Filter: ((name)::text ~~ 'X%'::text)
                                 Rows Removed by Filter: 1
                     ->  Index Scan using movie_id_movie_companies on movie_companies mc  (cost=0.43..0.52 rows=5 width=8) (actual time=0.009..0.013 rows=8 loops=250)
                           Index Cond: (movie_id = ci.movie_id)
               ->  Index Only Scan using company_name_pkey on company_name cn  (cost=0.42..0.44 rows=1 width=4) (actual time=0.005..0.005 rows=1 loops=1918)
                     Index Cond: (id = mc.company_id)
                     Heap Fetches: 1918
         ->  Index Only Scan using title_pkey on title t  (cost=0.43..0.45 rows=1 width=4) (actual time=0.002..0.002 rows=1 loops=1918)
               Index Cond: (id = ci.movie_id)
               Heap Fetches: 1918
 Planning Time: 5.269 ms
 Execution Time: 8809.236 ms
(31 rows)

SET
                                                                                   QUERY PLAN                                                                                    
---------------------------------------------------------------------------------------------------------------------------------------------------------------------------------
 Aggregate  (cost=4368.69..4368.70 rows=1 width=32) (actual time=9001.565..9001.565 rows=1 loops=1)
   ->  Nested Loop  (cost=9.02..4368.69 rows=1 width=15) (actual time=58.968..8999.644 rows=11538 loops=1)
         ->  Nested Loop  (cost=8.59..4368.24 rows=1 width=27) (actual time=58.942..8968.904 rows=11538 loops=1)
               ->  Nested Loop  (cost=8.17..4367.80 rows=1 width=31) (actual time=58.921..8912.007 rows=11538 loops=1)
                     ->  Nested Loop  (cost=7.74..4367.23 rows=1 width=23) (actual time=58.900..8891.476 rows=1972 loops=1)
                           ->  Nested Loop  (cost=7.31..3797.31 rows=1246 width=12) (actual time=6.662..3102.163 rows=1038393 loops=1)
                                 ->  Nested Loop  (cost=6.75..3732.91 rows=34 width=4) (actual time=6.636..79.064 rows=41840 loops=1)
                                       ->  Seq Scan on keyword k  (cost=0.00..2626.12 rows=1 width=4) (actual time=0.648..11.623 rows=1 loops=1)
                                             Filter: ((keyword)::text = 'character-name-in-title'::text)
                                             Rows Removed by Filter: 134169
                                       ->  Bitmap Heap Scan on movie_keyword mk  (cost=6.75..1103.80 rows=299 width=8) (actual time=5.984..60.243 rows=41840 loops=1)
                                             Recheck Cond: (keyword_id = k.id)
                                             Heap Blocks: exact=11541
                                             ->  Bitmap Index Scan on keyword_id_movie_keyword  (cost=0.00..6.67 rows=299 width=0) (actual time=3.918..3.918 rows=41840 loops=1)
                                                   Index Cond: (keyword_id = k.id)
                                 ->  Index Scan using movie_id_cast_info on cast_info ci  (cost=0.56..1.52 rows=37 width=8) (actual time=0.006..0.069 rows=25 loops=41840)
                                       Index Cond: (movie_id = mk.movie_id)
                           ->  Index Scan using name_pkey on name n  (cost=0.43..0.46 rows=1 width=19) (actual time=0.005..0.005 rows=0 loops=1038393)
                                 Index Cond: (id = ci.person_id)
                                 Filter: ((name)::text ~~ '%Bert%'::text)
                                 Rows Removed by Filter: 1
                     ->  Index Scan using movie_id_movie_companies on movie_companies mc  (cost=0.43..0.52 rows=5 width=8) (actual time=0.006..0.009 rows=6 loops=1972)
                           Index Cond: (movie_id = ci.movie_id)
               ->  Index Only Scan using company_name_pkey on company_name cn  (cost=0.42..0.44 rows=1 width=4) (actual time=0.005..0.005 rows=1 loops=11538)
                     Index Cond: (id = mc.company_id)
                     Heap Fetches: 11538
         ->  Index Only Scan using title_pkey on title t  (cost=0.43..0.45 rows=1 width=4) (actual time=0.002..0.002 rows=1 loops=11538)
               Index Cond: (id = ci.movie_id)
               Heap Fetches: 11538
 Planning Time: 5.243 ms
 Execution Time: 9001.791 ms
(31 rows)

SET
                                                                                   QUERY PLAN                                                                                    
---------------------------------------------------------------------------------------------------------------------------------------------------------------------------------
 Aggregate  (cost=4518.46..4518.47 rows=1 width=32) (actual time=12771.377..12771.378 rows=1 loops=1)
   ->  Nested Loop  (cost=9.02..4515.45 rows=1206 width=15) (actual time=7.179..12446.817 rows=2832555 loops=1)
         ->  Nested Loop  (cost=8.59..3966.84 rows=1206 width=4) (actual time=7.148..4519.506 rows=2832555 loops=1)
               Join Filter: (t.id = ci.movie_id)
               ->  Nested Loop  (cost=8.03..3845.67 rows=61 width=12) (actual time=6.760..1044.925 rows=68316 loops=1)
                     ->  Nested Loop  (cost=7.61..3769.92 rows=170 width=16) (actual time=6.709..498.669 rows=148552 loops=1)
                           Join Filter: (t.id = mc.movie_id)
                           ->  Nested Loop  (cost=7.18..3749.42 rows=34 width=8) (actual time=6.664..291.252 rows=41840 loops=1)
                                 ->  Nested Loop  (cost=6.75..3732.91 rows=34 width=4) (actual time=6.646..81.757 rows=41840 loops=1)
                                       ->  Seq Scan on keyword k  (cost=0.00..2626.12 rows=1 width=4) (actual time=0.648..11.759 rows=1 loops=1)
                                             Filter: ((keyword)::text = 'character-name-in-title'::text)
                                             Rows Removed by Filter: 134169
                                       ->  Bitmap Heap Scan on movie_keyword mk  (cost=6.75..1103.80 rows=299 width=8) (actual time=5.994..63.158 rows=41840 loops=1)
                                             Recheck Cond: (keyword_id = k.id)
                                             Heap Blocks: exact=11541
                                             ->  Bitmap Index Scan on keyword_id_movie_keyword  (cost=0.00..6.67 rows=299 width=0) (actual time=3.941..3.941 rows=41840 loops=1)
                                                   Index Cond: (keyword_id = k.id)
                                 ->  Index Only Scan using title_pkey on title t  (cost=0.43..0.49 rows=1 width=4) (actual time=0.005..0.005 rows=1 loops=41840)
                                       Index Cond: (id = mk.movie_id)
                                       Heap Fetches: 41840
                           ->  Index Scan using movie_id_movie_companies on movie_companies mc  (cost=0.43..0.54 rows=5 width=8) (actual time=0.003..0.004 rows=4 loops=41840)
                                 Index Cond: (movie_id = mk.movie_id)
                     ->  Index Scan using company_name_pkey on company_name cn  (cost=0.42..0.45 rows=1 width=4) (actual time=0.003..0.003 rows=0 loops=148552)
                           Index Cond: (id = mc.company_id)
                           Filter: ((country_code)::text = '[us]'::text)
                           Rows Removed by Filter: 1
               ->  Index Scan using movie_id_cast_info on cast_info ci  (cost=0.56..1.52 rows=37 width=8) (actual time=0.004..0.044 rows=41 loops=68316)
                     Index Cond: (movie_id = mk.movie_id)
         ->  Index Scan using name_pkey on name n  (cost=0.43..0.45 rows=1 width=19) (actual time=0.003..0.003 rows=1 loops=2832555)
               Index Cond: (id = ci.person_id)
 Planning Time: 5.257 ms
 Execution Time: 12771.659 ms
(32 rows)

SET
                                                                                   QUERY PLAN                                                                                    
---------------------------------------------------------------------------------------------------------------------------------------------------------------------------------
 Aggregate  (cost=4629.56..4629.57 rows=1 width=32) (actual time=12091.916..12091.917 rows=1 loops=1)
   ->  Nested Loop  (cost=9.02..4628.64 rows=368 width=15) (actual time=8.624..11974.644 rows=1113120 loops=1)
         ->  Nested Loop  (cost=8.60..4465.59 rows=368 width=19) (actual time=8.600..10037.930 rows=1113120 loops=1)
               ->  Nested Loop  (cost=8.17..4386.88 rows=138 width=27) (actual time=6.831..9394.113 rows=149494 loops=1)
                     ->  Nested Loop  (cost=7.74..3816.96 rows=1246 width=16) (actual time=6.802..3443.162 rows=1038393 loops=1)
                           Join Filter: (t.id = ci.movie_id)
                           ->  Nested Loop  (cost=7.18..3749.42 rows=34 width=8) (actual time=6.778..292.572 rows=41840 loops=1)
                                 ->  Nested Loop  (cost=6.75..3732.91 rows=34 width=4) (actual time=6.760..81.774 rows=41840 loops=1)
                                       ->  Seq Scan on keyword k  (cost=0.00..2626.12 rows=1 width=4) (actual time=0.660..11.672 rows=1 loops=1)
                                             Filter: ((keyword)::text = 'character-name-in-title'::text)
                                             Rows Removed by Filter: 134169
                                       ->  Bitmap Heap Scan on movie_keyword mk  (cost=6.75..1103.80 rows=299 width=8) (actual time=6.097..62.453 rows=41840 loops=1)
                                             Recheck Cond: (keyword_id = k.id)
                                             Heap Blocks: exact=11541
                                             ->  Bitmap Index Scan on keyword_id_movie_keyword  (cost=0.00..6.67 rows=299 width=0) (actual time=4.015..4.015 rows=41840 loops=1)
                                                   Index Cond: (keyword_id = k.id)
                                 ->  Index Only Scan using title_pkey on title t  (cost=0.43..0.49 rows=1 width=4) (actual time=0.005..0.005 rows=1 loops=41840)
                                       Index Cond: (id = mk.movie_id)
                                       Heap Fetches: 41840
                           ->  Index Scan using movie_id_cast_info on cast_info ci  (cost=0.56..1.52 rows=37 width=8) (actual time=0.006..0.070 rows=25 loops=41840)
                                 Index Cond: (movie_id = mk.movie_id)
                     ->  Index Scan using name_pkey on name n  (cost=0.43..0.46 rows=1 width=19) (actual time=0.006..0.006 rows=0 loops=1038393)
                           Index Cond: (id = ci.person_id)
                           Filter: ((name)::text ~~ '%B%'::text)
                           Rows Removed by Filter: 1
               ->  Index Scan using movie_id_movie_companies on movie_companies mc  (cost=0.43..0.52 rows=5 width=8) (actual time=0.002..0.003 rows=7 loops=149494)
                     Index Cond: (movie_id = ci.movie_id)
         ->  Index Only Scan using company_name_pkey on company_name cn  (cost=0.42..0.44 rows=1 width=4) (actual time=0.001..0.001 rows=1 loops=1113120)
               Index Cond: (id = mc.company_id)
               Heap Fetches: 1113120
 Planning Time: 5.305 ms
 Execution Time: 12092.147 ms
(32 rows)

SET
                                                                                       QUERY PLAN                                                                                       
----------------------------------------------------------------------------------------------------------------------------------------------------------------------------------------
 Aggregate  (cost=111123.79..111123.80 rows=1 width=96) (actual time=4589.491..4589.491 rows=1 loops=1)
   ->  Nested Loop  (cost=1006.71..111123.78 rows=1 width=65) (actual time=28.867..4589.172 rows=410 loops=1)
         ->  Gather  (cost=1006.28..111123.32 rows=1 width=60) (actual time=28.837..4589.065 rows=410 loops=1)
               Workers Planned: 2
               Workers Launched: 2
               ->  Nested Loop  (cost=6.28..110123.22 rows=1 width=60) (actual time=183.790..4584.907 rows=137 loops=3)
                     ->  Nested Loop  (cost=5.85..108160.12 rows=3320 width=64) (actual time=1.134..4246.504 rows=35780 loops=3)
                           ->  Hash Join  (cost=5.29..74077.91 rows=1448 width=56) (actual time=0.519..1899.087 rows=15144 loops=3)
                                 Hash Cond: (mi.info_type_id = it1.id)
                                 ->  Nested Loop  (cost=2.86..73629.77 rows=163660 width=60) (actual time=0.091..1750.599 rows=2310111 loops=3)
                                       ->  Hash Join  (cost=2.43..15253.60 rows=5089 width=10) (actual time=0.047..116.143 rows=153308 loops=3)
                                             Hash Cond: (mi_idx.info_type_id = it2.id)
                                             ->  Parallel Seq Scan on movie_info_idx mi_idx  (cost=0.00..13685.15 rows=575015 width=14) (actual time=0.018..44.699 rows=460012 loops=3)
                                             ->  Hash  (cost=2.41..2.41 rows=1 width=4) (actual time=0.013..0.014 rows=1 loops=3)
                                                   Buckets: 1024  Batches: 1  Memory Usage: 9kB
                                                   ->  Seq Scan on info_type it2  (cost=0.00..2.41 rows=1 width=4) (actual time=0.009..0.010 rows=1 loops=3)
                                                         Filter: ((info)::text = 'votes'::text)
                                                         Rows Removed by Filter: 112
                                       ->  Index Scan using movie_id_movie_info on movie_info mi  (cost=0.43..11.05 rows=42 width=50) (actual time=0.003..0.009 rows=15 loops=459925)
                                             Index Cond: (movie_id = mi_idx.movie_id)
                                 ->  Hash  (cost=2.41..2.41 rows=1 width=4) (actual time=0.024..0.024 rows=1 loops=3)
                                       Buckets: 1024  Batches: 1  Memory Usage: 9kB
                                       ->  Seq Scan on info_type it1  (cost=0.00..2.41 rows=1 width=4) (actual time=0.019..0.020 rows=1 loops=3)
                                             Filter: ((info)::text = 'budget'::text)
                                             Rows Removed by Filter: 112
                           ->  Index Scan using movie_id_cast_info on cast_info ci  (cost=0.56..23.52 rows=2 width=8) (actual time=0.091..0.154 rows=2 loops=45431)
                                 Index Cond: (movie_id = mi.movie_id)
                                 Filter: ((note)::text = ANY ('{(producer),"(executive producer)"}'::text[]))
                                 Rows Removed by Filter: 38
                     ->  Index Scan using name_pkey on name n  (cost=0.43..0.59 rows=1 width=4) (actual time=0.009..0.009 rows=0 loops=107339)
                           Index Cond: (id = ci.person_id)
                           Filter: (((name)::text ~~ '%Tim%'::text) AND ((gender)::text = 'm'::text))
                           Rows Removed by Filter: 1
         ->  Index Scan using title_pkey on title t  (cost=0.43..0.46 rows=1 width=21) (actual time=0.010..0.010 rows=1 loops=410)
               Index Cond: (id = mi.movie_id)
 Planning Time: 5.032 ms
 Execution Time: 4594.036 ms
(37 rows)

SET
                                                                                      QUERY PLAN                                                                                      
--------------------------------------------------------------------------------------------------------------------------------------------------------------------------------------
 Aggregate  (cost=17505.24..17505.25 rows=1 width=96) (actual time=191.428..191.428 rows=1 loops=1)
   ->  Nested Loop  (cost=1004.43..17505.23 rows=1 width=65) (actual time=102.787..191.407 rows=11 loops=1)
         ->  Nested Loop  (cost=1004.00..17504.55 rows=1 width=69) (actual time=34.076..188.415 rows=268 loops=1)
               ->  Gather  (cost=1003.43..17479.79 rows=1 width=77) (actual time=33.531..141.597 rows=358 loops=1)
                     Workers Planned: 2
                     Workers Launched: 2
                     ->  Nested Loop  (cost=3.43..16479.69 rows=1 width=77) (actual time=14.395..170.089 rows=119 loops=3)
                           ->  Nested Loop  (cost=3.29..16478.37 rows=8 width=81) (actual time=14.385..169.858 rows=119 loops=3)
                                 ->  Nested Loop  (cost=2.86..15808.49 rows=58 width=31) (actual time=0.778..105.995 rows=2051 loops=3)
                                       ->  Hash Join  (cost=2.43..15182.64 rows=187 width=10) (actual time=0.103..56.241 rows=5283 loops=3)
                                             Hash Cond: (mi_idx.info_type_id = it2.id)
                                             ->  Parallel Seq Scan on movie_info_idx mi_idx  (cost=0.00..15122.68 rows=21125 width=14) (actual time=0.025..54.182 rows=17543 loops=3)
                                                   Filter: ((info)::text > '8.0'::text)
                                                   Rows Removed by Filter: 442469
                                             ->  Hash  (cost=2.41..2.41 rows=1 width=4) (actual time=0.022..0.022 rows=1 loops=3)
                                                   Buckets: 1024  Batches: 1  Memory Usage: 9kB
                                                   ->  Seq Scan on info_type it2  (cost=0.00..2.41 rows=1 width=4) (actual time=0.016..0.017 rows=1 loops=3)
                                                         Filter: ((info)::text = 'rating'::text)
                                                         Rows Removed by Filter: 112
                                       ->  Index Scan using title_pkey on title t  (cost=0.43..3.35 rows=1 width=21) (actual time=0.009..0.009 rows=0 loops=15849)
                                             Index Cond: (id = mi_idx.movie_id)
                                             Filter: ((production_year >= 2008) AND (production_year <= 2014))
                                             Rows Removed by Filter: 1
                                 ->  Index Scan using movie_id_movie_info on movie_info mi  (cost=0.43..11.54 rows=1 width=50) (actual time=0.031..0.031 rows=0 loops=6152)
                                       Index Cond: (movie_id = t.id)
                                       Filter: ((note IS NULL) AND ((info)::text = ANY ('{Horror,Thriller}'::text[])))
                                       Rows Removed by Filter: 18
                           ->  Index Scan using info_type_pkey on info_type it1  (cost=0.14..0.16 rows=1 width=4) (actual time=0.001..0.001 rows=1 loops=358)
                                 Index Cond: (id = mi.info_type_id)
                                 Filter: ((info)::text = 'genres'::text)
               ->  Index Scan using movie_id_cast_info on cast_info ci  (cost=0.56..24.75 rows=1 width=8) (actual time=0.114..0.146 rows=1 loops=358)
                     Index Cond: (movie_id = t.id)
                     Filter: ((note)::text = ANY ('{(writer),"(head writer)","(written by)",(story),"(story editor)"}'::text[]))
                     Rows Removed by Filter: 34
         ->  Index Scan using name_pkey on name n  (cost=0.43..0.68 rows=1 width=4) (actual time=0.011..0.011 rows=0 loops=268)
               Index Cond: (id = ci.person_id)
               Filter: ((gender IS NOT NULL) AND ((gender)::text = 'f'::text))
               Rows Removed by Filter: 1
 Planning Time: 4.911 ms
 Execution Time: 197.341 ms
(40 rows)

SET
                                                                                          QUERY PLAN                                                                                          
----------------------------------------------------------------------------------------------------------------------------------------------------------------------------------------------
 Finalize Aggregate  (cost=74638.17..74638.18 rows=1 width=96) (actual time=5876.918..5876.918 rows=1 loops=1)
   ->  Gather  (cost=74637.94..74638.15 rows=2 width=96) (actual time=5876.905..5881.181 rows=3 loops=1)
         Workers Planned: 2
         Workers Launched: 2
         ->  Partial Aggregate  (cost=73637.94..73637.95 rows=1 width=96) (actual time=5873.902..5873.902 rows=1 loops=3)
               ->  Nested Loop  (cost=6.71..73637.87 rows=10 width=65) (actual time=22.325..5869.952 rows=9358 loops=3)
                     ->  Nested Loop  (cost=6.28..73620.90 rows=25 width=69) (actual time=11.794..5720.347 rows=18052 loops=3)
                           ->  Nested Loop  (cost=5.72..73165.64 rows=19 width=77) (actual time=0.584..2018.356 rows=34172 loops=3)
                                 Join Filter: (mi.movie_id = t.id)
                                 ->  Hash Join  (cost=5.29..73154.54 rows=19 width=56) (actual time=0.547..1840.212 rows=34172 loops=3)
                                       Hash Cond: (mi.info_type_id = it1.id)
                                       ->  Nested Loop  (cost=2.86..73146.32 rows=2128 width=60) (actual time=0.467..1831.270 rows=34964 loops=3)
                                             ->  Hash Join  (cost=2.43..15253.60 rows=5089 width=10) (actual time=0.046..117.422 rows=153308 loops=3)
                                                   Hash Cond: (mi_idx.info_type_id = it2.id)
                                                   ->  Parallel Seq Scan on movie_info_idx mi_idx  (cost=0.00..13685.15 rows=575015 width=14) (actual time=0.017..45.434 rows=460012 loops=3)
                                                   ->  Hash  (cost=2.41..2.41 rows=1 width=4) (actual time=0.013..0.014 rows=1 loops=3)
                                                         Buckets: 1024  Batches: 1  Memory Usage: 9kB
                                                         ->  Seq Scan on info_type it2  (cost=0.00..2.41 rows=1 width=4) (actual time=0.009..0.010 rows=1 loops=3)
                                                               Filter: ((info)::text = 'votes'::text)
                                                               Rows Removed by Filter: 112
                                             ->  Index Scan using movie_id_movie_info on movie_info mi  (cost=0.43..11.37 rows=1 width=50) (actual time=0.011..0.011 rows=0 loops=459925)
                                                   Index Cond: (movie_id = mi_idx.movie_id)
                                                   Filter: ((info)::text = ANY ('{Horror,Action,Sci-Fi,Thriller,Crime,War}'::text[]))
                                                   Rows Removed by Filter: 15
                                       ->  Hash  (cost=2.41..2.41 rows=1 width=4) (actual time=0.027..0.027 rows=1 loops=3)
                                             Buckets: 1024  Batches: 1  Memory Usage: 9kB
                                             ->  Seq Scan on info_type it1  (cost=0.00..2.41 rows=1 width=4) (actual time=0.015..0.022 rows=1 loops=3)
                                                   Filter: ((info)::text = 'genres'::text)
                                                   Rows Removed by Filter: 112
                                 ->  Index Scan using title_pkey on title t  (cost=0.43..0.57 rows=1 width=21) (actual time=0.005..0.005 rows=1 loops=102516)
                                       Index Cond: (id = mi_idx.movie_id)
                           ->  Index Scan using movie_id_cast_info on cast_info ci  (cost=0.56..23.95 rows=1 width=8) (actual time=0.092..0.108 rows=1 loops=102516)
                                 Index Cond: (movie_id = t.id)
                                 Filter: ((note)::text = ANY ('{(writer),"(head writer)","(written by)",(story),"(story editor)"}'::text[]))
                                 Rows Removed by Filter: 39
                     ->  Index Scan using name_pkey on name n  (cost=0.43..0.68 rows=1 width=4) (actual time=0.008..0.008 rows=1 loops=54155)
                           Index Cond: (id = ci.person_id)
                           Filter: ((gender)::text = 'm'::text)
                           Rows Removed by Filter: 0
 Planning Time: 4.859 ms
 Execution Time: 5881.385 ms
(41 rows)

SET
                                                                                                QUERY PLAN                                                                                                 
-----------------------------------------------------------------------------------------------------------------------------------------------------------------------------------------------------------
 Aggregate  (cost=85372.10..85372.11 rows=1 width=64) (actual time=277.036..277.036 rows=1 loops=1)
   ->  Nested Loop  (cost=1004.44..85372.09 rows=1 width=32) (actual time=121.898..276.984 rows=184 loops=1)
         ->  Nested Loop  (cost=1004.30..85371.91 rows=1 width=36) (actual time=121.887..276.750 rows=184 loops=1)
               Join Filter: (t.id = mi.movie_id)
               ->  Nested Loop  (cost=1003.86..85344.51 rows=1 width=44) (actual time=121.803..270.662 rows=77 loops=1)
                     ->  Nested Loop  (cost=1003.44..85343.31 rows=1 width=48) (actual time=121.777..270.106 rows=79 loops=1)
                           Join Filter: (t.id = mc.movie_id)
                           ->  Nested Loop  (cost=1003.01..85340.60 rows=1 width=40) (actual time=121.501..268.771 rows=102 loops=1)
                                 ->  Gather  (cost=1002.58..85339.18 rows=1 width=44) (actual time=121.476..270.068 rows=115 loops=1)
                                       Workers Planned: 2
                                       Workers Launched: 2
                                       ->  Nested Loop  (cost=2.58..84339.08 rows=1 width=44) (actual time=112.488..271.411 rows=38 loops=3)
                                             ->  Hash Join  (cost=2.15..84336.29 rows=2 width=23) (actual time=108.450..269.977 rows=142 loops=3)
                                                   Hash Cond: (ci.role_id = rt.id)
                                                   ->  Nested Loop  (cost=0.99..84335.05 rows=21 width=27) (actual time=108.349..269.838 rows=142 loops=3)
                                                         Join Filter: (n.id = ci.person_id)
                                                         ->  Nested Loop  (cost=0.42..82155.29 rows=9 width=23) (actual time=105.170..258.658 rows=519 loops=3)
                                                               ->  Parallel Seq Scan on name n  (cost=0.00..81659.82 rows=40 width=19) (actual time=104.791..248.052 rows=2256 loops=3)
                                                                     Filter: (((name)::text ~~ '%Ang%'::text) AND ((gender)::text = 'f'::text))
                                                                     Rows Removed by Filter: 1386908
                                                               ->  Index Only Scan using person_id_aka_name on aka_name an  (cost=0.42..12.37 rows=2 width=4) (actual time=0.004..0.004 rows=0 loops=6768)
                                                                     Index Cond: (person_id = n.id)
                                                                     Heap Fetches: 1558
                                                         ->  Index Scan using person_id_cast_info on cast_info ci  (cost=0.56..242.03 rows=13 width=16) (actual time=0.020..0.021 rows=0 loops=1558)
                                                               Index Cond: (person_id = an.person_id)
                                                               Filter: ((note)::text = ANY ('{(voice),"(voice: Japanese version)","(voice) (uncredited)","(voice: English version)"}'::text[]))
                                                               Rows Removed by Filter: 44
                                                   ->  Hash  (cost=1.15..1.15 rows=1 width=4) (actual time=0.022..0.023 rows=1 loops=3)
                                                         Buckets: 1024  Batches: 1  Memory Usage: 9kB
                                                         ->  Seq Scan on role_type rt  (cost=0.00..1.15 rows=1 width=4) (actual time=0.013..0.014 rows=1 loops=3)
                                                               Filter: ((role)::text = 'actress'::text)
                                                               Rows Removed by Filter: 11
                                             ->  Index Scan using title_pkey on title t  (cost=0.43..1.40 rows=1 width=21) (actual time=0.010..0.010 rows=0 loops=425)
                                                   Index Cond: (id = ci.movie_id)
                                                   Filter: ((production_year >= 2005) AND (production_year <= 2009))
                                                   Rows Removed by Filter: 1
                                 ->  Index Only Scan using char_name_pkey on char_name chn  (cost=0.43..1.42 rows=1 width=4) (actual time=0.007..0.007 rows=1 loops=115)
                                       Index Cond: (id = ci.person_role_id)
                                       Heap Fetches: 102
                           ->  Index Scan using movie_id_movie_companies on movie_companies mc  (cost=0.43..2.71 rows=1 width=8) (actual time=0.010..0.013 rows=1 loops=102)
                                 Index Cond: (movie_id = ci.movie_id)
                                 Filter: ((note IS NOT NULL) AND (((note)::text ~~ '%(USA)%'::text) OR ((note)::text ~~ '%(worldwide)%'::text)))
                                 Rows Removed by Filter: 6
                     ->  Index Scan using company_name_pkey on company_name cn  (cost=0.42..1.20 rows=1 width=4) (actual time=0.007..0.007 rows=1 loops=79)
                           Index Cond: (id = mc.company_id)
                           Filter: ((country_code)::text = '[us]'::text)
                           Rows Removed by Filter: 0
               ->  Index Scan using movie_id_movie_info on movie_info mi  (cost=0.43..27.38 rows=1 width=8) (actual time=0.021..0.078 rows=2 loops=77)
                     Index Cond: (movie_id = ci.movie_id)
                     Filter: ((info IS NOT NULL) AND (((info)::text ~~ 'Japan:%200%'::text) OR ((info)::text ~~ 'USA:%200%'::text)))
                     Rows Removed by Filter: 166
         ->  Index Scan using info_type_pkey on info_type it  (cost=0.14..0.16 rows=1 width=4) (actual time=0.001..0.001 rows=1 loops=184)
               Index Cond: (id = mi.info_type_id)
               Filter: ((info)::text = 'release dates'::text)
 Planning Time: 24.486 ms
 Execution Time: 279.413 ms
(56 rows)

SET
                                                                                                   QUERY PLAN                                                                                                   
----------------------------------------------------------------------------------------------------------------------------------------------------------------------------------------------------------------
 Aggregate  (cost=55721.55..55721.56 rows=1 width=64) (actual time=120.341..120.341 rows=1 loops=1)
   ->  Nested Loop  (cost=1003.41..55721.55 rows=1 width=32) (actual time=101.906..120.328 rows=15 loops=1)
         ->  Nested Loop  (cost=1003.28..55721.37 rows=1 width=36) (actual time=101.886..120.287 rows=15 loops=1)
               Join Filter: (ci.person_id = n.id)
               ->  Nested Loop  (cost=1002.85..55719.84 rows=1 width=29) (actual time=92.273..119.178 rows=275 loops=1)
                     ->  Nested Loop  (cost=1002.70..55719.64 rows=1 width=33) (actual time=92.261..118.815 rows=275 loops=1)
                           Join Filter: (t.id = mi.movie_id)
                           ->  Nested Loop  (cost=1002.27..55692.13 rows=1 width=41) (actual time=92.208..99.735 rows=275 loops=1)
                                 ->  Nested Loop  (cost=1001.85..55690.86 rows=1 width=45) (actual time=92.182..99.154 rows=275 loops=1)
                                       ->  Nested Loop  (cost=1001.42..55689.20 rows=1 width=41) (actual time=92.154..98.155 rows=99 loops=1)
                                             ->  Nested Loop  (cost=1001.00..55687.75 rows=1 width=45) (actual time=92.115..97.086 rows=100 loops=1)
                                                   Join Filter: (t.id = ci.movie_id)
                                                   ->  Gather  (cost=1000.43..55645.55 rows=1 width=29) (actual time=92.073..96.410 rows=4 loops=1)
                                                         Workers Planned: 2
                                                         Workers Launched: 2
                                                         ->  Nested Loop  (cost=0.43..54645.45 rows=1 width=29) (actual time=98.959..109.580 rows=1 loops=3)
                                                               ->  Parallel Seq Scan on title t  (cost=0.00..54433.61 rows=10 width=21) (actual time=14.879..109.491 rows=2 loops=3)
                                                                     Filter: ((production_year >= 2007) AND (production_year <= 2008) AND ((title)::text ~~ '%Kung%Fu%Panda%'::text))
                                                                     Rows Removed by Filter: 842768
                                                               ->  Index Scan using movie_id_movie_companies on movie_companies mc  (cost=0.43..21.17 rows=1 width=8) (actual time=0.033..0.036 rows=1 loops=7)
                                                                     Index Cond: (movie_id = t.id)
                                                                     Filter: (((note)::text ~~ '%(200%)%'::text) AND (((note)::text ~~ '%(USA)%'::text) OR ((note)::text ~~ '%(worldwide)%'::text)))
                                                                     Rows Removed by Filter: 6
                                                   ->  Index Scan using movie_id_cast_info on cast_info ci  (cost=0.56..42.20 rows=1 width=16) (actual time=0.017..0.493 rows=25 loops=4)
                                                         Index Cond: (movie_id = mc.movie_id)
                                                         Filter: ((note)::text = '(voice)'::text)
                                                         Rows Removed by Filter: 127
                                             ->  Index Only Scan using char_name_pkey on char_name chn  (cost=0.43..1.45 rows=1 width=4) (actual time=0.010..0.010 rows=1 loops=100)
                                                   Index Cond: (id = ci.person_role_id)
                                                   Heap Fetches: 99
                                       ->  Index Only Scan using person_id_aka_name on aka_name an  (cost=0.42..1.64 rows=2 width=4) (actual time=0.007..0.009 rows=3 loops=99)
                                             Index Cond: (person_id = ci.person_id)
                                             Heap Fetches: 275
                                 ->  Index Scan using company_name_pkey on company_name cn  (cost=0.42..1.27 rows=1 width=4) (actual time=0.002..0.002 rows=1 loops=275)
                                       Index Cond: (id = mc.company_id)
                                       Filter: ((country_code)::text = '[us]'::text)
                           ->  Index Scan using movie_id_movie_info on movie_info mi  (cost=0.43..27.50 rows=1 width=8) (actual time=0.011..0.069 rows=1 loops=275)
                                 Index Cond: (movie_id = ci.movie_id)
                                 Filter: ((info IS NOT NULL) AND (((info)::text ~~ 'Japan:%2007%'::text) OR ((info)::text ~~ 'USA:%2008%'::text)))
                                 Rows Removed by Filter: 295
                     ->  Index Scan using info_type_pkey on info_type it  (cost=0.14..0.17 rows=1 width=4) (actual time=0.001..0.001 rows=1 loops=275)
                           Index Cond: (id = mi.info_type_id)
                           Filter: ((info)::text = 'release dates'::text)
               ->  Index Scan using name_pkey on name n  (cost=0.43..1.53 rows=1 width=19) (actual time=0.004..0.004 rows=0 loops=275)
                     Index Cond: (id = an.person_id)
                     Filter: (((name)::text ~~ '%Angel%'::text) AND ((gender)::text = 'f'::text))
                     Rows Removed by Filter: 1
         ->  Index Scan using role_type_pkey on role_type rt  (cost=0.14..0.16 rows=1 width=4) (actual time=0.002..0.002 rows=1 loops=15)
               Index Cond: (id = ci.role_id)
               Filter: ((role)::text = 'actress'::text)
 Planning Time: 23.312 ms
 Execution Time: 121.893 ms
(52 rows)

SET
                                                                                                  QUERY PLAN                                                                                                  
--------------------------------------------------------------------------------------------------------------------------------------------------------------------------------------------------------------
 Aggregate  (cost=222418.16..222418.17 rows=1 width=64) (actual time=1744.127..1744.128 rows=1 loops=1)
   ->  Nested Loop  (cost=84856.43..222418.15 rows=2 width=32) (actual time=284.168..1743.522 rows=3575 loops=1)
         Join Filter: (n.id = an.person_id)
         ->  Nested Loop  (cost=84856.00..222416.50 rows=1 width=40) (actual time=270.386..1737.146 rows=2632 loops=1)
               ->  Nested Loop  (cost=84855.58..222414.17 rows=2 width=44) (actual time=270.359..1713.388 rows=8585 loops=1)
                     ->  Hash Join  (cost=84855.15..222411.47 rows=1 width=52) (actual time=270.327..1701.531 rows=2129 loops=1)
                           Hash Cond: (mi.info_type_id = it.id)
                           ->  Nested Loop  (cost=84852.73..222408.95 rows=36 width=56) (actual time=270.280..1700.888 rows=2129 loops=1)
                                 ->  Nested Loop  (cost=84852.29..219906.63 rows=92 width=48) (actual time=270.199..1631.535 rows=3349 loops=1)
                                       ->  Nested Loop  (cost=84851.86..219669.76 rows=170 width=27) (actual time=270.162..1595.015 rows=5686 loops=1)
                                             ->  Hash Join  (cost=84851.43..219172.23 rows=351 width=31) (actual time=270.119..1569.848 rows=6552 loops=1)
                                                   Hash Cond: (ci.person_id = n.id)
                                                   ->  Nested Loop  (cost=0.56..134124.20 rows=75106 width=12) (actual time=0.221..1278.517 rows=276166 loops=1)
                                                         ->  Seq Scan on role_type rt  (cost=0.00..1.15 rows=1 width=4) (actual time=0.013..0.017 rows=1 loops=1)
                                                               Filter: ((role)::text = 'actress'::text)
                                                               Rows Removed by Filter: 11
                                                         ->  Index Scan using role_id_cast_info on cast_info ci  (cost=0.56..133303.71 rows=81934 width=16) (actual time=0.206..1255.001 rows=276166 loops=1)
                                                               Index Cond: (role_id = rt.id)
                                                               Filter: ((note)::text = ANY ('{(voice),"(voice: Japanese version)","(voice) (uncredited)","(voice: English version)"}'::text[]))
                                                               Rows Removed by Filter: 7175807
                                                   ->  Hash  (cost=84607.42..84607.42 rows=19476 width=19) (actual time=264.629..264.629 rows=50011 loops=1)
                                                         Buckets: 65536 (originally 32768)  Batches: 1 (originally 1)  Memory Usage: 3135kB
                                                         ->  Gather  (cost=1000.00..84607.42 rows=19476 width=19) (actual time=106.920..255.733 rows=50011 loops=1)
                                                               Workers Planned: 2
                                                               Workers Launched: 2
                                                               ->  Parallel Seq Scan on name n  (cost=0.00..81659.82 rows=8115 width=19) (actual time=104.896..250.170 rows=16670 loops=3)
                                                                     Filter: (((name)::text ~~ '%An%'::text) AND ((gender)::text = 'f'::text))
                                                                     Rows Removed by Filter: 1372493
                                             ->  Index Only Scan using char_name_pkey on char_name chn  (cost=0.43..1.42 rows=1 width=4) (actual time=0.003..0.003 rows=1 loops=6552)
                                                   Index Cond: (id = ci.person_role_id)
                                                   Heap Fetches: 5686
                                       ->  Index Scan using title_pkey on title t  (cost=0.43..1.39 rows=1 width=21) (actual time=0.006..0.006 rows=1 loops=5686)
                                             Index Cond: (id = ci.movie_id)
                                             Filter: (production_year > 2000)
                                             Rows Removed by Filter: 0
                                 ->  Index Scan using movie_id_movie_info on movie_info mi  (cost=0.43..27.19 rows=1 width=8) (actual time=0.014..0.020 rows=1 loops=3349)
                                       Index Cond: (movie_id = t.id)
                                       Filter: ((info IS NOT NULL) AND (((info)::text ~~ 'Japan:%200%'::text) OR ((info)::text ~~ 'USA:%200%'::text)))
                                       Rows Removed by Filter: 15
                           ->  Hash  (cost=2.41..2.41 rows=1 width=4) (actual time=0.021..0.021 rows=1 loops=1)
                                 Buckets: 1024  Batches: 1  Memory Usage: 9kB
                                 ->  Seq Scan on info_type it  (cost=0.00..2.41 rows=1 width=4) (actual time=0.009..0.015 rows=1 loops=1)
                                       Filter: ((info)::text = 'release dates'::text)
                                       Rows Removed by Filter: 112
                     ->  Index Scan using movie_id_movie_companies on movie_companies mc  (cost=0.43..2.65 rows=5 width=8) (actual time=0.003..0.005 rows=4 loops=2129)
                           Index Cond: (movie_id = t.id)
               ->  Index Scan using company_name_pkey on company_name cn  (cost=0.42..1.16 rows=1 width=4) (actual time=0.003..0.003 rows=0 loops=8585)
                     Index Cond: (id = mc.company_id)
                     Filter: ((country_code)::text = '[us]'::text)
                     Rows Removed by Filter: 1
         ->  Index Only Scan using person_id_aka_name on aka_name an  (cost=0.42..1.63 rows=2 width=4) (actual time=0.002..0.002 rows=1 loops=2632)
               Index Cond: (person_id = ci.person_id)
               Heap Fetches: 3575
 Planning Time: 24.114 ms
 Execution Time: 1744.515 ms
(55 rows)

SET
                                                                                                           QUERY PLAN                                                                                                           
--------------------------------------------------------------------------------------------------------------------------------------------------------------------------------------------------------------------------------
 Finalize Aggregate  (cost=283172.99..283173.00 rows=1 width=64) (actual time=8298.853..8298.853 rows=1 loops=1)
   ->  Gather  (cost=283172.77..283172.98 rows=2 width=64) (actual time=5980.368..8303.398 rows=3 loops=1)
         Workers Planned: 2
         Workers Launched: 2
         ->  Partial Aggregate  (cost=282172.77..282172.78 rows=1 width=64) (actual time=6821.560..6821.560 rows=1 loops=3)
               ->  Nested Loop  (cost=135435.02..282167.07 rows=1140 width=32) (actual time=2048.534..6743.480 rows=586882 loops=3)
                     ->  Nested Loop  (cost=135434.60..281402.94 rows=465 width=40) (actual time=2048.513..6162.875 rows=262348 loops=3)
                           ->  Nested Loop  (cost=135434.18..279915.09 rows=1278 width=44) (actual time=2048.494..3844.796 rows=1076352 loops=3)
                                 Join Filter: (t.id = mc.movie_id)
                                 ->  Hash Join  (cost=135433.75..279235.89 rows=255 width=52) (actual time=2048.125..3295.369 rows=113945 loops=3)
                                       Hash Cond: (mi.info_type_id = it.id)
                                       ->  Nested Loop  (cost=135431.32..279154.95 rows=28832 width=56) (actual time=2048.039..3240.710 rows=540998 loops=3)
                                             ->  Nested Loop  (cost=135430.89..226932.18 rows=1906 width=48) (actual time=2048.015..2822.413 rows=53102 loops=3)
                                                   ->  Nested Loop  (cost=135430.46..221350.20 rows=3938 width=52) (actual time=2047.987..2589.252 rows=56088 loops=3)
                                                         ->  Hash Join  (cost=135430.03..195430.35 rows=17020 width=33) (actual time=2047.955..2373.650 rows=56136 loops=3)
                                                               Hash Cond: (t.id = ci.movie_id)
                                                               ->  Parallel Seq Scan on title t  (cost=0.00..49166.29 rows=572932 width=21) (actual time=0.020..120.920 rows=460484 loops=3)
                                                                     Filter: (production_year > 2000)
                                                                     Rows Removed by Filter: 382286
                                                               ->  Hash  (cost=134124.20..134124.20 rows=75106 width=12) (actual time=2047.100..2047.100 rows=276166 loops=3)
                                                                     Buckets: 131072 (originally 131072)  Batches: 4 (originally 2)  Memory Usage: 3984kB
                                                                     ->  Nested Loop  (cost=0.56..134124.20 rows=75106 width=12) (actual time=0.164..1992.982 rows=276166 loops=3)
                                                                           ->  Seq Scan on role_type rt  (cost=0.00..1.15 rows=1 width=4) (actual time=0.014..0.017 rows=1 loops=3)
                                                                                 Filter: ((role)::text = 'actress'::text)
                                                                                 Rows Removed by Filter: 11
                                                                           ->  Index Scan using role_id_cast_info on cast_info ci  (cost=0.56..133303.71 rows=81934 width=16) (actual time=0.147..1969.930 rows=276166 loops=3)
                                                                                 Index Cond: (role_id = rt.id)
                                                                                 Filter: ((note)::text = ANY ('{(voice),"(voice: Japanese version)","(voice) (uncredited)","(voice: English version)"}'::text[]))
                                                                                 Rows Removed by Filter: 7175807
                                                         ->  Index Scan using name_pkey on name n  (cost=0.43..1.52 rows=1 width=19) (actual time=0.003..0.003 rows=1 loops=168407)
                                                               Index Cond: (id = ci.person_id)
                                                               Filter: ((gender)::text = 'f'::text)
                                                               Rows Removed by Filter: 0
                                                   ->  Index Only Scan using char_name_pkey on char_name chn  (cost=0.43..1.42 rows=1 width=4) (actual time=0.004..0.004 rows=1 loops=168264)
                                                         Index Cond: (id = ci.person_role_id)
                                                         Heap Fetches: 159307
                                             ->  Index Scan using movie_id_movie_info on movie_info mi  (cost=0.43..26.98 rows=42 width=8) (actual time=0.003..0.006 rows=10 loops=159307)
                                                   Index Cond: (movie_id = t.id)
                                       ->  Hash  (cost=2.41..2.41 rows=1 width=4) (actual time=0.030..0.030 rows=1 loops=3)
                                             Buckets: 1024  Batches: 1  Memory Usage: 9kB
                                             ->  Seq Scan on info_type it  (cost=0.00..2.41 rows=1 width=4) (actual time=0.019..0.026 rows=1 loops=3)
                                                   Filter: ((info)::text = 'release dates'::text)
                                                   Rows Removed by Filter: 112
                                 ->  Index Scan using movie_id_movie_companies on movie_companies mc  (cost=0.43..2.60 rows=5 width=8) (actual time=0.002..0.003 rows=9 loops=341836)
                                       Index Cond: (movie_id = mi.movie_id)
                           ->  Index Scan using company_name_pkey on company_name cn  (cost=0.42..1.16 rows=1 width=4) (actual time=0.002..0.002 rows=0 loops=3229056)
                                 Index Cond: (id = mc.company_id)
                                 Filter: ((country_code)::text = '[us]'::text)
                                 Rows Removed by Filter: 1
                     ->  Index Only Scan using person_id_aka_name on aka_name an  (cost=0.42..1.62 rows=2 width=4) (actual time=0.001..0.002 rows=2 loops=787043)
                           Index Cond: (person_id = n.id)
                           Heap Fetches: 1760645
 Planning Time: 25.509 ms
 Execution Time: 8303.831 ms
(54 rows)

SET
                                                                                                 QUERY PLAN                                                                                                 
------------------------------------------------------------------------------------------------------------------------------------------------------------------------------------------------------------
 Finalize Aggregate  (cost=19539.97..19539.98 rows=1 width=68) (actual time=81.881..81.881 rows=1 loops=1)
   ->  Gather  (cost=19539.75..19539.96 rows=2 width=68) (actual time=77.470..82.900 rows=3 loops=1)
         Workers Planned: 2
         Workers Launched: 2
         ->  Partial Aggregate  (cost=18539.75..18539.76 rows=1 width=68) (actual time=74.823..74.823 rows=1 loops=3)
               ->  Nested Loop  (cost=4.35..18539.42 rows=44 width=45) (actual time=70.252..74.803 rows=47 loops=3)
                     Join Filter: (mc.movie_id = t.id)
                     ->  Hash Join  (cost=3.92..18513.70 rows=44 width=32) (actual time=70.222..74.107 rows=47 loops=3)
                           Hash Cond: (mc.company_type_id = ct.id)
                           ->  Nested Loop  (cost=2.86..18511.69 rows=177 width=36) (actual time=70.157..74.029 rows=49 loops=3)
                                 ->  Hash Join  (cost=2.43..15253.60 rows=5089 width=4) (actual time=70.098..70.128 rows=83 loops=3)
                                       Hash Cond: (mi_idx.info_type_id = it.id)
                                       ->  Parallel Seq Scan on movie_info_idx mi_idx  (cost=0.00..13685.15 rows=575015 width=8) (actual time=0.017..37.970 rows=460012 loops=3)
                                       ->  Hash  (cost=2.41..2.41 rows=1 width=4) (actual time=0.020..0.020 rows=1 loops=3)
                                             Buckets: 1024  Batches: 1  Memory Usage: 9kB
                                             ->  Seq Scan on info_type it  (cost=0.00..2.41 rows=1 width=4) (actual time=0.017..0.017 rows=1 loops=3)
                                                   Filter: ((info)::text = 'top 250 rank'::text)
                                                   Rows Removed by Filter: 112
                                 ->  Index Scan using movie_id_movie_companies on movie_companies mc  (cost=0.43..0.63 rows=1 width=32) (actual time=0.046..0.046 rows=1 loops=250)
                                       Index Cond: (movie_id = mi_idx.movie_id)
                                       Filter: (((note)::text !~~ '%(as Metro-Goldwyn-Mayer Pictures)%'::text) AND (((note)::text ~~ '%(co-production)%'::text) OR ((note)::text ~~ '%(presents)%'::text)))
                                       Rows Removed by Filter: 33
                           ->  Hash  (cost=1.05..1.05 rows=1 width=4) (actual time=0.018..0.019 rows=1 loops=3)
                                 Buckets: 1024  Batches: 1  Memory Usage: 9kB
                                 ->  Seq Scan on company_type ct  (cost=0.00..1.05 rows=1 width=4) (actual time=0.013..0.014 rows=1 loops=3)
                                       Filter: ((kind)::text = 'production companies'::text)
                                       Rows Removed by Filter: 3
                     ->  Index Scan using title_pkey on title t  (cost=0.43..0.57 rows=1 width=25) (actual time=0.014..0.014 rows=1 loops=142)
                           Index Cond: (id = mi_idx.movie_id)
 Planning Time: 2.339 ms
 Execution Time: 83.049 ms
(31 rows)

SET
                                                                                   QUERY PLAN                                                                                    
---------------------------------------------------------------------------------------------------------------------------------------------------------------------------------
 Finalize Aggregate  (cost=20131.19..20131.20 rows=1 width=68) (actual time=73.082..73.082 rows=1 loops=1)
   ->  Gather  (cost=20130.96..20131.17 rows=2 width=68) (actual time=72.473..73.833 rows=3 loops=1)
         Workers Planned: 2
         Workers Launched: 2
         ->  Partial Aggregate  (cost=19130.96..19130.97 rows=1 width=68) (actual time=70.229..70.229 rows=1 loops=3)
               ->  Hash Join  (cost=4.35..19124.19 rows=903 width=45) (actual time=70.222..70.223 rows=1 loops=3)
                     Hash Cond: (mc.company_type_id = ct.id)
                     ->  Nested Loop  (cost=3.29..19103.60 rows=3612 width=49) (actual time=70.071..70.153 rows=22 loops=3)
                           Join Filter: (t.id = mc.movie_id)
                           ->  Nested Loop  (cost=2.86..18189.65 rows=1422 width=29) (actual time=70.049..70.079 rows=1 loops=3)
                                 ->  Hash Join  (cost=2.43..15253.60 rows=5089 width=4) (actual time=69.976..69.978 rows=3 loops=3)
                                       Hash Cond: (mi_idx.info_type_id = it.id)
                                       ->  Parallel Seq Scan on movie_info_idx mi_idx  (cost=0.00..13685.15 rows=575015 width=8) (actual time=0.019..37.805 rows=460012 loops=3)
                                       ->  Hash  (cost=2.41..2.41 rows=1 width=4) (actual time=0.017..0.017 rows=1 loops=3)
                                             Buckets: 1024  Batches: 1  Memory Usage: 9kB
                                             ->  Seq Scan on info_type it  (cost=0.00..2.41 rows=1 width=4) (actual time=0.015..0.015 rows=1 loops=3)
                                                   Filter: ((info)::text = 'bottom 10 rank'::text)
                                                   Rows Removed by Filter: 112
                                 ->  Index Scan using title_pkey on title t  (cost=0.43..0.58 rows=1 width=25) (actual time=0.030..0.030 rows=0 loops=10)
                                       Index Cond: (id = mi_idx.movie_id)
                                       Filter: ((production_year >= 2005) AND (production_year <= 2010))
                                       Rows Removed by Filter: 1
                           ->  Index Scan using movie_id_movie_companies on movie_companies mc  (cost=0.43..0.61 rows=3 width=32) (actual time=0.037..0.052 rows=16 loops=4)
                                 Index Cond: (movie_id = mi_idx.movie_id)
                                 Filter: ((note)::text !~~ '%(as Metro-Goldwyn-Mayer Pictures)%'::text)
                                 Rows Removed by Filter: 2
                     ->  Hash  (cost=1.05..1.05 rows=1 width=4) (actual time=0.015..0.015 rows=1 loops=3)
                           Buckets: 1024  Batches: 1  Memory Usage: 9kB
                           ->  Seq Scan on company_type ct  (cost=0.00..1.05 rows=1 width=4) (actual time=0.010..0.011 rows=1 loops=3)
                                 Filter: ((kind)::text = 'production companies'::text)
                                 Rows Removed by Filter: 3
 Planning Time: 1.852 ms
 Execution Time: 73.987 ms
(33 rows)

SET
                                                                                     QUERY PLAN                                                                                     
------------------------------------------------------------------------------------------------------------------------------------------------------------------------------------
 Finalize Aggregate  (cost=19461.56..19461.57 rows=1 width=68) (actual time=77.529..77.529 rows=1 loops=1)
   ->  Gather  (cost=19461.33..19461.54 rows=2 width=68) (actual time=77.521..77.589 rows=3 loops=1)
         Workers Planned: 2
         Workers Launched: 2
         ->  Partial Aggregate  (cost=18461.33..18461.34 rows=1 width=68) (actual time=72.658..72.658 rows=1 loops=3)
               ->  Nested Loop  (cost=4.35..18461.31 rows=3 width=45) (actual time=71.695..72.652 rows=1 loops=3)
                     Join Filter: (mc.movie_id = t.id)
                     ->  Hash Join  (cost=3.92..18449.57 rows=20 width=32) (actual time=70.649..72.603 rows=8 loops=3)
                           Hash Cond: (mc.company_type_id = ct.id)
                           ->  Nested Loop  (cost=2.86..18448.07 rows=81 width=36) (actual time=70.586..72.538 rows=8 loops=3)
                                 ->  Hash Join  (cost=2.43..15253.60 rows=5089 width=4) (actual time=69.756..69.783 rows=83 loops=3)
                                       Hash Cond: (mi_idx.info_type_id = it.id)
                                       ->  Parallel Seq Scan on movie_info_idx mi_idx  (cost=0.00..13685.15 rows=575015 width=8) (actual time=0.019..37.594 rows=460012 loops=3)
                                       ->  Hash  (cost=2.41..2.41 rows=1 width=4) (actual time=0.018..0.018 rows=1 loops=3)
                                             Buckets: 1024  Batches: 1  Memory Usage: 9kB
                                             ->  Seq Scan on info_type it  (cost=0.00..2.41 rows=1 width=4) (actual time=0.015..0.015 rows=1 loops=3)
                                                   Filter: ((info)::text = 'top 250 rank'::text)
                                                   Rows Removed by Filter: 112
                                 ->  Index Scan using movie_id_movie_companies on movie_companies mc  (cost=0.43..0.62 rows=1 width=32) (actual time=0.033..0.033 rows=0 loops=250)
                                       Index Cond: (movie_id = mi_idx.movie_id)
                                       Filter: (((note)::text !~~ '%(as Metro-Goldwyn-Mayer Pictures)%'::text) AND ((note)::text ~~ '%(co-production)%'::text))
                                       Rows Removed by Filter: 33
                           ->  Hash  (cost=1.05..1.05 rows=1 width=4) (actual time=0.015..0.015 rows=1 loops=3)
                                 Buckets: 1024  Batches: 1  Memory Usage: 9kB
                                 ->  Seq Scan on company_type ct  (cost=0.00..1.05 rows=1 width=4) (actual time=0.010..0.011 rows=1 loops=3)
                                       Filter: ((kind)::text = 'production companies'::text)
                                       Rows Removed by Filter: 3
                     ->  Index Scan using title_pkey on title t  (cost=0.43..0.57 rows=1 width=25) (actual time=0.006..0.006 rows=0 loops=23)
                           Index Cond: (id = mi_idx.movie_id)
                           Filter: (production_year > 2010)
                           Rows Removed by Filter: 1
 Planning Time: 1.840 ms
 Execution Time: 77.738 ms
(33 rows)

SET
                                                                                   QUERY PLAN                                                                                    
---------------------------------------------------------------------------------------------------------------------------------------------------------------------------------
 Finalize Aggregate  (cost=20988.46..20988.47 rows=1 width=68) (actual time=72.685..72.685 rows=1 loops=1)
   ->  Gather  (cost=20988.24..20988.45 rows=2 width=68) (actual time=72.117..73.547 rows=3 loops=1)
         Workers Planned: 2
         Workers Launched: 2
         ->  Partial Aggregate  (cost=19988.24..19988.25 rows=1 width=68) (actual time=69.949..69.950 rows=1 loops=3)
               ->  Hash Join  (cost=4.35..19975.05 rows=1758 width=45) (actual time=69.928..69.944 rows=1 loops=3)
                     Hash Cond: (mc.company_type_id = ct.id)
                     ->  Nested Loop  (cost=3.29..19935.98 rows=7030 width=49) (actual time=69.783..69.884 rows=26 loops=3)
                           ->  Nested Loop  (cost=2.86..18176.93 rows=2768 width=29) (actual time=69.759..69.800 rows=2 loops=3)
                                 ->  Hash Join  (cost=2.43..15253.60 rows=5089 width=4) (actual time=69.723..69.725 rows=3 loops=3)
                                       Hash Cond: (mi_idx.info_type_id = it.id)
                                       ->  Parallel Seq Scan on movie_info_idx mi_idx  (cost=0.00..13685.15 rows=575015 width=8) (actual time=0.019..37.624 rows=460012 loops=3)
                                       ->  Hash  (cost=2.41..2.41 rows=1 width=4) (actual time=0.019..0.019 rows=1 loops=3)
                                             Buckets: 1024  Batches: 1  Memory Usage: 9kB
                                             ->  Seq Scan on info_type it  (cost=0.00..2.41 rows=1 width=4) (actual time=0.017..0.017 rows=1 loops=3)
                                                   Filter: ((info)::text = 'bottom 10 rank'::text)
                                                   Rows Removed by Filter: 112
                                 ->  Index Scan using title_pkey on title t  (cost=0.43..0.57 rows=1 width=25) (actual time=0.022..0.022 rows=1 loops=10)
                                       Index Cond: (id = mi_idx.movie_id)
                                       Filter: (production_year > 2000)
                                       Rows Removed by Filter: 0
                           ->  Index Scan using movie_id_movie_companies on movie_companies mc  (cost=0.43..0.61 rows=3 width=32) (actual time=0.029..0.040 rows=13 loops=6)
                                 Index Cond: (movie_id = t.id)
                                 Filter: ((note)::text !~~ '%(as Metro-Goldwyn-Mayer Pictures)%'::text)
                                 Rows Removed by Filter: 2
                     ->  Hash  (cost=1.05..1.05 rows=1 width=4) (actual time=0.014..0.014 rows=1 loops=3)
                           Buckets: 1024  Batches: 1  Memory Usage: 9kB
                           ->  Seq Scan on company_type ct  (cost=0.00..1.05 rows=1 width=4) (actual time=0.010..0.010 rows=1 loops=3)
                                 Filter: ((kind)::text = 'production companies'::text)
                                 Rows Removed by Filter: 3
 Planning Time: 1.775 ms
 Execution Time: 73.704 ms
(32 rows)

SET
                                                                                             QUERY PLAN                                                                                             
----------------------------------------------------------------------------------------------------------------------------------------------------------------------------------------------------
 Aggregate  (cost=12310.45..12310.46 rows=1 width=32) (actual time=3429.395..3429.395 rows=1 loops=1)
   ->  Nested Loop  (cost=9.02..12310.44 rows=1 width=17) (actual time=48.305..3429.361 rows=33 loops=1)
         ->  Nested Loop  (cost=8.59..12309.99 rows=1 width=21) (actual time=48.278..3428.981 rows=33 loops=1)
               ->  Nested Loop  (cost=8.16..12304.93 rows=11 width=25) (actual time=5.104..2044.557 rows=532809 loops=1)
                     Join Filter: (t.id = ci.movie_id)
                     ->  Nested Loop  (cost=7.60..12298.97 rows=3 width=29) (actual time=5.071..481.415 rows=6016 loops=1)
                           Join Filter: (t.kind_id = kt.id)
                           Rows Removed by Join Filter: 1347
                           ->  Seq Scan on kind_type kt  (cost=0.00..1.09 rows=1 width=4) (actual time=0.014..0.015 rows=1 loops=1)
                                 Filter: ((kind)::text = 'movie'::text)
                                 Rows Removed by Filter: 6
                           ->  Nested Loop  (cost=7.60..12297.62 rows=21 width=33) (actual time=1.075..479.751 rows=7363 loops=1)
                                 ->  Nested Loop  (cost=7.17..12286.40 rows=23 width=8) (actual time=1.048..416.396 rows=8765 loops=1)
                                       Join Filter: (cc.status_id = cct2.id)
                                       Rows Removed by Join Filter: 8765
                                       ->  Seq Scan on comp_cast_type cct2  (cost=0.00..1.05 rows=1 width=4) (actual time=0.011..0.012 rows=2 loops=1)
                                             Filter: ((kind)::text ~~ '%complete%'::text)
                                             Rows Removed by Filter: 2
                                       ->  Nested Loop  (cost=7.17..12284.17 rows=94 width=12) (actual time=0.858..206.693 rows=8765 loops=2)
                                             Join Filter: (cc.subject_id = cct1.id)
                                             Rows Removed by Join Filter: 4045
                                             ->  Seq Scan on comp_cast_type cct1  (cost=0.00..1.05 rows=1 width=4) (actual time=0.001..0.003 rows=1 loops=2)
                                                   Filter: ((kind)::text = 'cast'::text)
                                                   Rows Removed by Filter: 3
                                             ->  Nested Loop  (cost=7.17..12278.42 rows=376 width=16) (actual time=0.856..204.698 rows=12810 loops=2)
                                                   ->  Nested Loop  (cost=6.75..12149.91 rows=270 width=4) (actual time=0.619..131.860 rows=35548 loops=2)
                                                         ->  Seq Scan on keyword k  (cost=0.00..3632.40 rows=8 width=4) (actual time=0.115..29.961 rows=8 loops=2)
                                                               Filter: ((keyword)::text = ANY ('{superhero,sequel,second-part,marvel-comics,based-on-comic,tv-special,fight,violence}'::text[]))
                                                               Rows Removed by Filter: 134162
                                                         ->  Bitmap Heap Scan on movie_keyword mk  (cost=6.75..1061.70 rows=299 width=8) (actual time=1.087..12.230 rows=4444 loops=16)
                                                               Recheck Cond: (keyword_id = k.id)
                                                               Heap Blocks: exact=46976
                                                               ->  Bitmap Index Scan on keyword_id_movie_keyword  (cost=0.00..6.67 rows=299 width=0) (actual time=0.603..0.603 rows=4444 loops=16)
                                                                     Index Cond: (keyword_id = k.id)
                                                   ->  Index Scan using movie_id_complete_cast on complete_cast cc  (cost=0.42..0.46 rows=2 width=12) (actual time=0.002..0.002 rows=0 loops=71096)
                                                         Index Cond: (movie_id = mk.movie_id)
                                 ->  Index Scan using title_pkey on title t  (cost=0.43..0.49 rows=1 width=25) (actual time=0.007..0.007 rows=1 loops=8765)
                                       Index Cond: (id = mk.movie_id)
                                       Filter: (production_year > 1950)
                                       Rows Removed by Filter: 0
                     ->  Index Scan using movie_id_cast_info on cast_info ci  (cost=0.56..1.52 rows=37 width=12) (actual time=0.010..0.245 rows=89 loops=6016)
                           Index Cond: (movie_id = mk.movie_id)
               ->  Index Scan using char_name_pkey on char_name chn  (cost=0.43..0.46 rows=1 width=4) (actual time=0.002..0.002 rows=0 loops=532809)
                     Index Cond: (id = ci.person_role_id)
                     Filter: (((name)::text !~~ '%Sherlock%'::text) AND (((name)::text ~~ '%Tony%Stark%'::text) OR ((name)::text ~~ '%Iron%Man%'::text)))
                     Rows Removed by Filter: 0
         ->  Index Only Scan using name_pkey on name n  (cost=0.43..0.45 rows=1 width=4) (actual time=0.011..0.011 rows=1 loops=33)
               Index Cond: (id = ci.person_id)
               Heap Fetches: 33
 Planning Time: 15.895 ms
 Execution Time: 3429.591 ms
(51 rows)

SET
                                                                                            QUERY PLAN                                                                                             
---------------------------------------------------------------------------------------------------------------------------------------------------------------------------------------------------
 Aggregate  (cost=12304.81..12304.82 rows=1 width=32) (actual time=2655.890..2655.890 rows=1 loops=1)
   ->  Nested Loop  (cost=9.02..12304.81 rows=1 width=17) (actual time=59.319..2655.861 rows=17 loops=1)
         ->  Nested Loop  (cost=8.59..12304.35 rows=1 width=21) (actual time=59.307..2655.543 rows=27 loops=1)
               ->  Nested Loop  (cost=8.16..12301.15 rows=7 width=25) (actual time=7.812..1318.214 rows=222518 loops=1)
                     Join Filter: (t.id = ci.movie_id)
                     ->  Nested Loop  (cost=7.60..12297.17 rows=2 width=29) (actual time=7.771..645.073 rows=1472 loops=1)
                           Join Filter: (cc.status_id = cct2.id)
                           Rows Removed by Join Filter: 1472
                           ->  Seq Scan on comp_cast_type cct2  (cost=0.00..1.05 rows=1 width=4) (actual time=0.011..0.012 rows=2 loops=1)
                                 Filter: ((kind)::text ~~ '%complete%'::text)
                                 Rows Removed by Filter: 2
                           ->  Nested Loop  (cost=7.60..12296.04 rows=7 width=33) (actual time=5.758..322.167 rows=1472 loops=2)
                                 Join Filter: (cc.subject_id = cct1.id)
                                 Rows Removed by Join Filter: 243
                                 ->  Seq Scan on comp_cast_type cct1  (cost=0.00..1.05 rows=1 width=4) (actual time=0.002..0.003 rows=1 loops=2)
                                       Filter: ((kind)::text = 'cast'::text)
                                       Rows Removed by Filter: 3
                                 ->  Nested Loop  (cost=7.60..12294.62 rows=29 width=37) (actual time=5.755..321.706 rows=1715 loops=2)
                                       ->  Nested Loop  (cost=7.18..12284.58 rows=21 width=25) (actual time=5.666..304.894 rows=6043 loops=2)
                                             Join Filter: (t.kind_id = kt.id)
                                             Rows Removed by Join Filter: 8122
                                             ->  Seq Scan on kind_type kt  (cost=0.00..1.09 rows=1 width=4) (actual time=0.001..0.003 rows=1 loops=2)
                                                   Filter: ((kind)::text = 'movie'::text)
                                                   Rows Removed by Filter: 6
                                             ->  Nested Loop  (cost=7.18..12281.66 rows=147 width=29) (actual time=0.626..303.065 rows=14165 loops=2)
                                                   ->  Nested Loop  (cost=6.75..12149.91 rows=270 width=4) (actual time=0.610..129.816 rows=35548 loops=2)
                                                         ->  Seq Scan on keyword k  (cost=0.00..3632.40 rows=8 width=4) (actual time=0.110..30.040 rows=8 loops=2)
                                                               Filter: ((keyword)::text = ANY ('{superhero,sequel,second-part,marvel-comics,based-on-comic,tv-special,fight,violence}'::text[]))
                                                               Rows Removed by Filter: 134162
                                                         ->  Bitmap Heap Scan on movie_keyword mk  (cost=6.75..1061.70 rows=299 width=8) (actual time=1.082..11.980 rows=4444 loops=16)
                                                               Recheck Cond: (keyword_id = k.id)
                                                               Heap Blocks: exact=46976
                                                               ->  Bitmap Index Scan on keyword_id_movie_keyword  (cost=0.00..6.67 rows=299 width=0) (actual time=0.597..0.597 rows=4444 loops=16)
                                                                     Index Cond: (keyword_id = k.id)
                                                   ->  Index Scan using title_pkey on title t  (cost=0.43..0.49 rows=1 width=25) (actual time=0.005..0.005 rows=0 loops=71096)
                                                         Index Cond: (id = mk.movie_id)
                                                         Filter: (production_year > 2000)
                                                         Rows Removed by Filter: 1
                                       ->  Index Scan using movie_id_complete_cast on complete_cast cc  (cost=0.42..0.46 rows=2 width=12) (actual time=0.002..0.002 rows=0 loops=12086)
                                             Index Cond: (movie_id = t.id)
                     ->  Index Scan using movie_id_cast_info on cast_info ci  (cost=0.56..1.52 rows=37 width=12) (actual time=0.012..0.427 rows=151 loops=1472)
                           Index Cond: (movie_id = mk.movie_id)
               ->  Index Scan using name_pkey on name n  (cost=0.43..0.46 rows=1 width=4) (actual time=0.006..0.006 rows=0 loops=222518)
                     Index Cond: (id = ci.person_id)
                     Filter: ((name)::text ~~ '%Downey%Robert%'::text)
                     Rows Removed by Filter: 1
         ->  Index Scan using char_name_pkey on char_name chn  (cost=0.43..0.46 rows=1 width=4) (actual time=0.011..0.011 rows=1 loops=27)
               Index Cond: (id = ci.person_role_id)
               Filter: (((name)::text !~~ '%Sherlock%'::text) AND (((name)::text ~~ '%Tony%Stark%'::text) OR ((name)::text ~~ '%Iron%Man%'::text)))
               Rows Removed by Filter: 0
 Planning Time: 15.938 ms
 Execution Time: 2656.079 ms
(52 rows)

SET
                                                                                             QUERY PLAN                                                                                             
----------------------------------------------------------------------------------------------------------------------------------------------------------------------------------------------------
 Aggregate  (cost=14665.13..14665.14 rows=1 width=64) (actual time=1501.859..1501.859 rows=1 loops=1)
   ->  Nested Loop  (cost=9.02..14665.12 rows=1 width=32) (actual time=7.793..1500.498 rows=5406 loops=1)
         ->  Nested Loop  (cost=8.59..14664.67 rows=1 width=21) (actual time=7.761..1456.820 rows=5406 loops=1)
               ->  Nested Loop  (cost=8.16..14661.01 rows=8 width=25) (actual time=7.464..1030.064 rows=189844 loops=1)
                     Join Filter: (t.id = ci.movie_id)
                     ->  Nested Loop  (cost=7.60..14657.03 rows=2 width=29) (actual time=7.424..494.498 rows=1267 loops=1)
                           Join Filter: (cc.status_id = cct2.id)
                           Rows Removed by Join Filter: 1267
                           ->  Seq Scan on comp_cast_type cct2  (cost=0.00..1.05 rows=1 width=4) (actual time=0.011..0.012 rows=2 loops=1)
                                 Filter: ((kind)::text ~~ '%complete%'::text)
                                 Rows Removed by Filter: 2
                           ->  Nested Loop  (cost=7.60..14655.87 rows=9 width=33) (actual time=5.590..246.983 rows=1267 loops=2)
                                 Join Filter: (cc.subject_id = cct1.id)
                                 Rows Removed by Join Filter: 218
                                 ->  Seq Scan on comp_cast_type cct1  (cost=0.00..1.05 rows=1 width=4) (actual time=0.001..0.002 rows=1 loops=2)
                                       Filter: ((kind)::text = 'cast'::text)
                                       Rows Removed by Filter: 3
                                 ->  Nested Loop  (cost=7.60..14654.36 rows=37 width=37) (actual time=5.587..246.631 rows=1485 loops=2)
                                       ->  Nested Loop  (cost=7.18..14641.93 rows=26 width=25) (actual time=5.502..233.029 rows=5032 loops=2)
                                             Join Filter: (t.kind_id = kt.id)
                                             Rows Removed by Join Filter: 5581
                                             ->  Seq Scan on kind_type kt  (cost=0.00..1.09 rows=1 width=4) (actual time=0.001..0.003 rows=1 loops=2)
                                                   Filter: ((kind)::text = 'movie'::text)
                                                   Rows Removed by Filter: 6
                                             ->  Nested Loop  (cost=7.18..14638.55 rows=183 width=29) (actual time=0.652..231.636 rows=10613 loops=2)
                                                   ->  Nested Loop  (cost=6.75..14474.11 rows=337 width=4) (actual time=0.635..108.877 rows=24091 loops=2)
                                                         ->  Seq Scan on keyword k  (cost=0.00..3967.82 rows=10 width=4) (actual time=0.135..36.094 rows=10 loops=2)
                                                               Filter: ((keyword)::text = ANY ('{superhero,marvel-comics,based-on-comic,tv-special,fight,violence,magnet,web,claw,laser}'::text[]))
                                                               Rows Removed by Filter: 134160
                                                         ->  Bitmap Heap Scan on movie_keyword mk  (cost=6.75..1047.64 rows=299 width=8) (actual time=0.647..6.998 rows=2409 loops=20)
                                                               Recheck Cond: (keyword_id = k.id)
                                                               Heap Blocks: exact=34254
                                                               ->  Bitmap Index Scan on keyword_id_movie_keyword  (cost=0.00..6.67 rows=299 width=0) (actual time=0.362..0.362 rows=2409 loops=20)
                                                                     Index Cond: (keyword_id = k.id)
                                                   ->  Index Scan using title_pkey on title t  (cost=0.43..0.49 rows=1 width=25) (actual time=0.005..0.005 rows=0 loops=48182)
                                                         Index Cond: (id = mk.movie_id)
                                                         Filter: (production_year > 2000)
                                                         Rows Removed by Filter: 1
                                       ->  Index Scan using movie_id_complete_cast on complete_cast cc  (cost=0.42..0.46 rows=2 width=12) (actual time=0.002..0.002 rows=0 loops=10064)
                                             Index Cond: (movie_id = t.id)
                     ->  Index Scan using movie_id_cast_info on cast_info ci  (cost=0.56..1.52 rows=37 width=12) (actual time=0.012..0.398 rows=150 loops=1267)
                           Index Cond: (movie_id = mk.movie_id)
               ->  Index Scan using char_name_pkey on char_name chn  (cost=0.43..0.46 rows=1 width=4) (actual time=0.002..0.002 rows=0 loops=189844)
                     Index Cond: (id = ci.person_role_id)
                     Filter: ((name IS NOT NULL) AND (((name)::text ~~ '%man%'::text) OR ((name)::text ~~ '%Man%'::text)))
                     Rows Removed by Filter: 0
         ->  Index Scan using name_pkey on name n  (cost=0.43..0.45 rows=1 width=19) (actual time=0.008..0.008 rows=1 loops=5406)
               Index Cond: (id = ci.person_id)
 Planning Time: 16.183 ms
 Execution Time: 1502.046 ms
(50 rows)

SET
                                                                                         QUERY PLAN                                                                                          
---------------------------------------------------------------------------------------------------------------------------------------------------------------------------------------------
 Aggregate  (cost=3753.11..3753.12 rows=1 width=96) (actual time=104.249..104.249 rows=1 loops=1)
   ->  Nested Loop  (cost=8.75..3753.10 rows=1 width=118) (actual time=3.771..103.928 rows=1410 loops=1)
         Join Filter: (ml.movie_id = t.id)
         ->  Nested Loop  (cost=8.32..3752.60 rows=1 width=117) (actual time=3.750..100.869 rows=1816 loops=1)
               Join Filter: (ml.movie_id = mi.movie_id)
               ->  Nested Loop  (cost=7.89..3750.82 rows=1 width=113) (actual time=3.703..95.945 rows=402 loops=1)
                     Join Filter: (mc.company_type_id = ct.id)
                     Rows Removed by Join Filter: 20
                     ->  Nested Loop  (cost=7.89..3749.75 rows=1 width=117) (actual time=3.692..95.478 rows=422 loops=1)
                           ->  Nested Loop  (cost=7.47..3749.30 rows=1 width=102) (actual time=3.317..93.068 rows=1021 loops=1)
                                 Join Filter: (ml.movie_id = mc.movie_id)
                                 ->  Nested Loop  (cost=7.04..3748.73 rows=1 width=90) (actual time=3.289..91.893 rows=199 loops=1)
                                       Join Filter: (ml.link_type_id = lt.id)
                                       Rows Removed by Join Filter: 303
                                       ->  Seq Scan on link_type lt  (cost=0.00..1.23 rows=1 width=86) (actual time=0.014..0.018 rows=2 loops=1)
                                             Filter: ((link)::text ~~ '%follow%'::text)
                                             Rows Removed by Filter: 16
                                       ->  Nested Loop  (cost=7.04..3747.37 rows=11 width=12) (actual time=2.970..45.910 rows=251 loops=2)
                                             ->  Nested Loop  (cost=6.75..3732.91 rows=34 width=4) (actual time=2.964..36.324 rows=10544 loops=2)
                                                   ->  Seq Scan on keyword k  (cost=0.00..2626.12 rows=1 width=4) (actual time=0.679..10.506 rows=1 loops=2)
                                                         Filter: ((keyword)::text = 'sequel'::text)
                                                         Rows Removed by Filter: 134169
                                                   ->  Bitmap Heap Scan on movie_keyword mk  (cost=6.75..1103.80 rows=299 width=8) (actual time=2.267..24.781 rows=10544 loops=2)
                                                         Recheck Cond: (keyword_id = k.id)
                                                         Heap Blocks: exact=11140
                                                         ->  Bitmap Index Scan on keyword_id_movie_keyword  (cost=0.00..6.67 rows=299 width=0) (actual time=1.354..1.354 rows=10544 loops=2)
                                                               Index Cond: (keyword_id = k.id)
                                             ->  Index Scan using movie_id_movie_link on movie_link ml  (cost=0.29..0.38 rows=5 width=8) (actual time=0.001..0.001 rows=0 loops=21088)
                                                   Index Cond: (movie_id = mk.movie_id)
                                 ->  Index Scan using movie_id_movie_companies on movie_companies mc  (cost=0.43..0.54 rows=2 width=12) (actual time=0.004..0.005 rows=5 loops=199)
                                       Index Cond: (movie_id = mk.movie_id)
                                       Filter: (note IS NULL)
                                       Rows Removed by Filter: 2
                           ->  Index Scan using company_name_pkey on company_name cn  (cost=0.42..0.46 rows=1 width=23) (actual time=0.002..0.002 rows=0 loops=1021)
                                 Index Cond: (id = mc.company_id)
                                 Filter: (((country_code)::text <> '[pl]'::text) AND (((name)::text ~~ '%Film%'::text) OR ((name)::text ~~ '%Warner%'::text)))
                                 Rows Removed by Filter: 1
                     ->  Seq Scan on company_type ct  (cost=0.00..1.05 rows=1 width=4) (actual time=0.001..0.001 rows=1 loops=422)
                           Filter: ((kind)::text = 'production companies'::text)
                           Rows Removed by Filter: 1
               ->  Index Scan using movie_id_movie_info on movie_info mi  (cost=0.43..1.77 rows=1 width=4) (actual time=0.009..0.011 rows=5 loops=402)
                     Index Cond: (movie_id = mk.movie_id)
                     Filter: ((info)::text = ANY ('{Sweden,Norway,Germany,Denmark,Swedish,Denish,Norwegian,German}'::text[]))
                     Rows Removed by Filter: 16
         ->  Index Scan using title_pkey on title t  (cost=0.43..0.49 rows=1 width=21) (actual time=0.001..0.001 rows=1 loops=1816)
               Index Cond: (id = mk.movie_id)
               Filter: ((production_year >= 1950) AND (production_year <= 2000))
               Rows Removed by Filter: 0
 Planning Time: 15.218 ms
 Execution Time: 104.435 ms
(50 rows)

SET
                                                                                         QUERY PLAN                                                                                          
---------------------------------------------------------------------------------------------------------------------------------------------------------------------------------------------
 Aggregate  (cost=3752.79..3752.80 rows=1 width=96) (actual time=69.276..69.276 rows=1 loops=1)
   ->  Nested Loop  (cost=8.75..3752.79 rows=1 width=118) (actual time=3.486..69.255 rows=38 loops=1)
         Join Filter: (ml.movie_id = t.id)
         ->  Nested Loop  (cost=8.32..3752.28 rows=1 width=117) (actual time=3.103..68.680 rows=308 loops=1)
               Join Filter: (ml.movie_id = mi.movie_id)
               ->  Nested Loop  (cost=7.89..3750.82 rows=1 width=113) (actual time=3.084..65.339 rows=402 loops=1)
                     Join Filter: (mc.company_type_id = ct.id)
                     Rows Removed by Join Filter: 20
                     ->  Nested Loop  (cost=7.89..3749.75 rows=1 width=117) (actual time=3.081..64.887 rows=422 loops=1)
                           ->  Nested Loop  (cost=7.47..3749.30 rows=1 width=102) (actual time=2.887..62.851 rows=1021 loops=1)
                                 Join Filter: (ml.movie_id = mc.movie_id)
                                 ->  Nested Loop  (cost=7.04..3748.73 rows=1 width=90) (actual time=2.874..61.962 rows=199 loops=1)
                                       Join Filter: (ml.link_type_id = lt.id)
                                       Rows Removed by Join Filter: 303
                                       ->  Seq Scan on link_type lt  (cost=0.00..1.23 rows=1 width=86) (actual time=0.004..0.008 rows=2 loops=1)
                                             Filter: ((link)::text ~~ '%follow%'::text)
                                             Rows Removed by Filter: 16
                                       ->  Nested Loop  (cost=7.04..3747.37 rows=11 width=12) (actual time=2.758..30.949 rows=251 loops=2)
                                             ->  Nested Loop  (cost=6.75..3732.91 rows=34 width=4) (actual time=2.752..21.832 rows=10544 loops=2)
                                                   ->  Seq Scan on keyword k  (cost=0.00..2626.12 rows=1 width=4) (actual time=0.590..10.018 rows=1 loops=2)
                                                         Filter: ((keyword)::text = 'sequel'::text)
                                                         Rows Removed by Filter: 134169
                                                   ->  Bitmap Heap Scan on movie_keyword mk  (cost=6.75..1103.80 rows=299 width=8) (actual time=2.147..10.846 rows=10544 loops=2)
                                                         Recheck Cond: (keyword_id = k.id)
                                                         Heap Blocks: exact=11140
                                                         ->  Bitmap Index Scan on keyword_id_movie_keyword  (cost=0.00..6.67 rows=299 width=0) (actual time=1.233..1.233 rows=10544 loops=2)
                                                               Index Cond: (keyword_id = k.id)
                                             ->  Index Scan using movie_id_movie_link on movie_link ml  (cost=0.29..0.38 rows=5 width=8) (actual time=0.001..0.001 rows=0 loops=21088)
                                                   Index Cond: (movie_id = mk.movie_id)
                                 ->  Index Scan using movie_id_movie_companies on movie_companies mc  (cost=0.43..0.54 rows=2 width=12) (actual time=0.002..0.004 rows=5 loops=199)
                                       Index Cond: (movie_id = mk.movie_id)
                                       Filter: (note IS NULL)
                                       Rows Removed by Filter: 2
                           ->  Index Scan using company_name_pkey on company_name cn  (cost=0.42..0.46 rows=1 width=23) (actual time=0.002..0.002 rows=0 loops=1021)
                                 Index Cond: (id = mc.company_id)
                                 Filter: (((country_code)::text <> '[pl]'::text) AND (((name)::text ~~ '%Film%'::text) OR ((name)::text ~~ '%Warner%'::text)))
                                 Rows Removed by Filter: 1
                     ->  Seq Scan on company_type ct  (cost=0.00..1.05 rows=1 width=4) (actual time=0.000..0.001 rows=1 loops=422)
                           Filter: ((kind)::text = 'production companies'::text)
                           Rows Removed by Filter: 1
               ->  Index Scan using movie_id_movie_info on movie_info mi  (cost=0.43..1.45 rows=1 width=4) (actual time=0.007..0.008 rows=1 loops=402)
                     Index Cond: (movie_id = mk.movie_id)
                     Filter: ((info)::text = ANY ('{Germany,German}'::text[]))
                     Rows Removed by Filter: 20
         ->  Index Scan using title_pkey on title t  (cost=0.43..0.49 rows=1 width=21) (actual time=0.002..0.002 rows=0 loops=308)
               Index Cond: (id = mk.movie_id)
               Filter: ((production_year >= 2000) AND (production_year <= 2010))
               Rows Removed by Filter: 1
 Planning Time: 14.363 ms
 Execution Time: 69.458 ms
(50 rows)

SET
                                                                                         QUERY PLAN                                                                                          
---------------------------------------------------------------------------------------------------------------------------------------------------------------------------------------------
 Aggregate  (cost=3753.19..3753.20 rows=1 width=96) (actual time=71.640..71.640 rows=1 loops=1)
   ->  Nested Loop  (cost=8.75..3753.18 rows=1 width=118) (actual time=3.032..71.237 rows=1874 loops=1)
         Join Filter: (ml.movie_id = t.id)
         ->  Nested Loop  (cost=8.32..3752.68 rows=1 width=117) (actual time=3.022..68.086 rows=1874 loops=1)
               Join Filter: (ml.movie_id = mi.movie_id)
               ->  Nested Loop  (cost=7.89..3750.82 rows=1 width=113) (actual time=3.007..63.446 rows=402 loops=1)
                     Join Filter: (mc.company_type_id = ct.id)
                     Rows Removed by Join Filter: 20
                     ->  Nested Loop  (cost=7.89..3749.75 rows=1 width=117) (actual time=3.004..62.992 rows=422 loops=1)
                           ->  Nested Loop  (cost=7.47..3749.30 rows=1 width=102) (actual time=2.828..61.000 rows=1021 loops=1)
                                 Join Filter: (ml.movie_id = mc.movie_id)
                                 ->  Nested Loop  (cost=7.04..3748.73 rows=1 width=90) (actual time=2.817..60.134 rows=199 loops=1)
                                       Join Filter: (ml.link_type_id = lt.id)
                                       Rows Removed by Join Filter: 303
                                       ->  Seq Scan on link_type lt  (cost=0.00..1.23 rows=1 width=86) (actual time=0.004..0.008 rows=2 loops=1)
                                             Filter: ((link)::text ~~ '%follow%'::text)
                                             Rows Removed by Filter: 16
                                       ->  Nested Loop  (cost=7.04..3747.37 rows=11 width=12) (actual time=2.710..30.037 rows=251 loops=2)
                                             ->  Nested Loop  (cost=6.75..3732.91 rows=34 width=4) (actual time=2.704..20.945 rows=10544 loops=2)
                                                   ->  Seq Scan on keyword k  (cost=0.00..2626.12 rows=1 width=4) (actual time=0.563..9.942 rows=1 loops=2)
                                                         Filter: ((keyword)::text = 'sequel'::text)
                                                         Rows Removed by Filter: 134169
                                                   ->  Bitmap Heap Scan on movie_keyword mk  (cost=6.75..1103.80 rows=299 width=8) (actual time=2.127..10.027 rows=10544 loops=2)
                                                         Recheck Cond: (keyword_id = k.id)
                                                         Heap Blocks: exact=11140
                                                         ->  Bitmap Index Scan on keyword_id_movie_keyword  (cost=0.00..6.67 rows=299 width=0) (actual time=1.215..1.215 rows=10544 loops=2)
                                                               Index Cond: (keyword_id = k.id)
                                             ->  Index Scan using movie_id_movie_link on movie_link ml  (cost=0.29..0.38 rows=5 width=8) (actual time=0.001..0.001 rows=0 loops=21088)
                                                   Index Cond: (movie_id = mk.movie_id)
                                 ->  Index Scan using movie_id_movie_companies on movie_companies mc  (cost=0.43..0.54 rows=2 width=12) (actual time=0.002..0.003 rows=5 loops=199)
                                       Index Cond: (movie_id = mk.movie_id)
                                       Filter: (note IS NULL)
                                       Rows Removed by Filter: 2
                           ->  Index Scan using company_name_pkey on company_name cn  (cost=0.42..0.46 rows=1 width=23) (actual time=0.002..0.002 rows=0 loops=1021)
                                 Index Cond: (id = mc.company_id)
                                 Filter: (((country_code)::text <> '[pl]'::text) AND (((name)::text ~~ '%Film%'::text) OR ((name)::text ~~ '%Warner%'::text)))
                                 Rows Removed by Filter: 1
                     ->  Seq Scan on company_type ct  (cost=0.00..1.05 rows=1 width=4) (actual time=0.001..0.001 rows=1 loops=422)
                           Filter: ((kind)::text = 'production companies'::text)
                           Rows Removed by Filter: 1
               ->  Index Scan using movie_id_movie_info on movie_info mi  (cost=0.43..1.82 rows=3 width=4) (actual time=0.008..0.011 rows=5 loops=402)
                     Index Cond: (movie_id = mk.movie_id)
                     Filter: ((info)::text = ANY ('{Sweden,Norway,Germany,Denmark,Swedish,Denish,Norwegian,German,English}'::text[]))
                     Rows Removed by Filter: 16
         ->  Index Scan using title_pkey on title t  (cost=0.43..0.49 rows=1 width=21) (actual time=0.001..0.001 rows=1 loops=1874)
               Index Cond: (id = mk.movie_id)
               Filter: ((production_year >= 1950) AND (production_year <= 2010))
 Planning Time: 14.508 ms
 Execution Time: 71.837 ms
(49 rows)

SET
                                                                                               QUERY PLAN                                                                                                
---------------------------------------------------------------------------------------------------------------------------------------------------------------------------------------------------------
 Aggregate  (cost=7386.84..7386.85 rows=1 width=96) (actual time=550.524..550.524 rows=1 loops=1)
   ->  Nested Loop  (cost=8.89..7386.83 rows=1 width=42) (actual time=14.811..549.739 rows=2851 loops=1)
         Join Filter: (mi.info_type_id = it1.id)
         Rows Removed by Join Filter: 191
         ->  Nested Loop  (cost=8.89..7384.41 rows=1 width=46) (actual time=14.806..540.284 rows=3042 loops=1)
               Join Filter: (t.id = mi.movie_id)
               ->  Nested Loop  (cost=8.46..7382.82 rows=1 width=58) (actual time=6.545..398.384 rows=2958 loops=1)
                     Join Filter: (mc.company_type_id = ct.id)
                     ->  Nested Loop  (cost=8.46..7381.73 rows=1 width=62) (actual time=6.538..395.560 rows=2958 loops=1)
                           ->  Nested Loop  (cost=8.04..7381.19 rows=1 width=47) (actual time=6.521..382.025 rows=3374 loops=1)
                                 Join Filter: (t.id = mc.movie_id)
                                 ->  Nested Loop  (cost=7.61..7380.61 rows=1 width=35) (actual time=6.492..345.388 rows=2378 loops=1)
                                       Join Filter: (mi_idx.info_type_id = it2.id)
                                       Rows Removed by Join Filter: 6322
                                       ->  Seq Scan on info_type it2  (cost=0.00..2.41 rows=1 width=4) (actual time=0.012..0.013 rows=1 loops=1)
                                             Filter: ((info)::text = 'rating'::text)
                                             Rows Removed by Filter: 112
                                       ->  Nested Loop  (cost=7.61..7377.88 rows=25 width=39) (actual time=4.408..344.500 rows=8700 loops=1)
                                             Join Filter: (t.id = mi_idx.movie_id)
                                             ->  Nested Loop  (cost=7.18..7372.53 rows=10 width=25) (actual time=4.386..314.055 rows=4832 loops=1)
                                                   Join Filter: (t.kind_id = kt.id)
                                                   Rows Removed by Join Filter: 2286
                                                   ->  Nested Loop  (cost=7.18..7370.44 rows=35 width=29) (actual time=4.367..312.185 rows=5606 loops=1)
                                                         ->  Nested Loop  (cost=6.75..7304.56 rows=135 width=4) (actual time=4.296..136.694 rows=37091 loops=1)
                                                               ->  Seq Scan on keyword k  (cost=0.00..2961.55 rows=4 width=4) (actual time=0.940..20.737 rows=3 loops=1)
                                                                     Filter: ((keyword)::text = ANY ('{murder,murder-in-title,blood,violence}'::text[]))
                                                                     Rows Removed by Filter: 134167
                                                               ->  Bitmap Heap Scan on movie_keyword mk  (cost=6.75..1082.76 rows=299 width=8) (actual time=3.385..37.201 rows=12364 loops=3)
                                                                     Recheck Cond: (keyword_id = k.id)
                                                                     Heap Blocks: exact=26312
                                                                     ->  Bitmap Index Scan on keyword_id_movie_keyword  (cost=0.00..6.67 rows=299 width=0) (actual time=1.857..1.857 rows=12364 loops=3)
                                                                           Index Cond: (keyword_id = k.id)
                                                         ->  Index Scan using title_pkey on title t  (cost=0.43..0.49 rows=1 width=25) (actual time=0.004..0.004 rows=0 loops=37091)
                                                               Index Cond: (id = mk.movie_id)
                                                               Filter: (production_year > 2008)
                                                               Rows Removed by Filter: 1
                                                   ->  Materialize  (cost=0.00..1.10 rows=2 width=4) (actual time=0.000..0.000 rows=1 loops=5606)
                                                         ->  Seq Scan on kind_type kt  (cost=0.00..1.09 rows=2 width=4) (actual time=0.013..0.014 rows=2 loops=1)
                                                               Filter: ((kind)::text = ANY ('{movie,episode}'::text[]))
                                                               Rows Removed by Filter: 5
                                             ->  Index Scan using movie_id_movie_info_idx on movie_info_idx mi_idx  (cost=0.43..0.50 rows=3 width=14) (actual time=0.005..0.006 rows=2 loops=4832)
                                                   Index Cond: (movie_id = mk.movie_id)
                                                   Filter: ((info)::text < '7.0'::text)
                                                   Rows Removed by Filter: 0
                                 ->  Index Scan using movie_id_movie_companies on movie_companies mc  (cost=0.43..0.57 rows=1 width=12) (actual time=0.013..0.015 rows=1 loops=2378)
                                       Index Cond: (movie_id = mk.movie_id)
                                       Filter: (((note)::text !~~ '%(USA)%'::text) AND ((note)::text ~~ '%(200%)%'::text))
                                       Rows Removed by Filter: 10
                           ->  Index Scan using company_name_pkey on company_name cn  (cost=0.42..0.55 rows=1 width=23) (actual time=0.004..0.004 rows=1 loops=3374)
                                 Index Cond: (id = mc.company_id)
                                 Filter: ((country_code)::text <> '[us]'::text)
                                 Rows Removed by Filter: 0
                     ->  Seq Scan on company_type ct  (cost=0.00..1.04 rows=4 width=4) (actual time=0.000..0.000 rows=1 loops=2958)
               ->  Index Scan using movie_id_movie_info on movie_info mi  (cost=0.43..1.56 rows=2 width=8) (actual time=0.043..0.048 rows=1 loops=2958)
                     Index Cond: (movie_id = mk.movie_id)
                     Filter: ((info)::text = ANY ('{Germany,German,USA,American}'::text[]))
                     Rows Removed by Filter: 155
         ->  Seq Scan on info_type it1  (cost=0.00..2.41 rows=1 width=4) (actual time=0.002..0.003 rows=1 loops=3042)
               Filter: ((info)::text = 'countries'::text)
               Rows Removed by Filter: 14
 Planning Time: 37.422 ms
 Execution Time: 550.730 ms
(62 rows)

SET
                                                                                               QUERY PLAN                                                                                                
---------------------------------------------------------------------------------------------------------------------------------------------------------------------------------------------------------
 Aggregate  (cost=7385.52..7385.53 rows=1 width=96) (actual time=367.163..367.163 rows=1 loops=1)
   ->  Nested Loop  (cost=8.89..7385.51 rows=1 width=42) (actual time=18.234..367.133 rows=31 loops=1)
         Join Filter: (mi.info_type_id = it1.id)
         Rows Removed by Join Filter: 3
         ->  Nested Loop  (cost=8.89..7383.09 rows=1 width=46) (actual time=18.229..366.992 rows=34 loops=1)
               Join Filter: (t.id = mi.movie_id)
               ->  Nested Loop  (cost=8.46..7381.50 rows=1 width=58) (actual time=18.141..363.710 rows=50 loops=1)
                     Join Filter: (mc.company_type_id = ct.id)
                     ->  Nested Loop  (cost=8.46..7380.41 rows=1 width=62) (actual time=18.134..363.624 rows=50 loops=1)
                           ->  Nested Loop  (cost=8.04..7379.87 rows=1 width=47) (actual time=18.121..363.011 rows=78 loops=1)
                                 Join Filter: (t.id = mc.movie_id)
                                 ->  Nested Loop  (cost=7.61..7379.29 rows=1 width=35) (actual time=8.075..338.669 rows=1615 loops=1)
                                       Join Filter: (mi_idx.info_type_id = it2.id)
                                       Rows Removed by Join Filter: 4362
                                       ->  Seq Scan on info_type it2  (cost=0.00..2.41 rows=1 width=4) (actual time=0.012..0.013 rows=1 loops=1)
                                             Filter: ((info)::text = 'rating'::text)
                                             Rows Removed by Filter: 112
                                       ->  Nested Loop  (cost=7.61..7376.61 rows=21 width=39) (actual time=4.596..338.033 rows=5977 loops=1)
                                             Join Filter: (t.id = mi_idx.movie_id)
                                             ->  Nested Loop  (cost=7.18..7372.33 rows=8 width=25) (actual time=4.573..315.900 rows=3517 loops=1)
                                                   Join Filter: (t.kind_id = kt.id)
                                                   Rows Removed by Join Filter: 1618
                                                   ->  Nested Loop  (cost=7.18..7370.44 rows=28 width=29) (actual time=4.558..314.512 rows=4040 loops=1)
                                                         ->  Nested Loop  (cost=6.75..7304.56 rows=135 width=4) (actual time=4.488..144.111 rows=37091 loops=1)
                                                               ->  Seq Scan on keyword k  (cost=0.00..2961.55 rows=4 width=4) (actual time=1.141..20.894 rows=3 loops=1)
                                                                     Filter: ((keyword)::text = ANY ('{murder,murder-in-title,blood,violence}'::text[]))
                                                                     Rows Removed by Filter: 134167
                                                               ->  Bitmap Heap Scan on movie_keyword mk  (cost=6.75..1082.76 rows=299 width=8) (actual time=3.368..39.540 rows=12364 loops=3)
                                                                     Recheck Cond: (keyword_id = k.id)
                                                                     Heap Blocks: exact=26312
                                                                     ->  Bitmap Index Scan on keyword_id_movie_keyword  (cost=0.00..6.67 rows=299 width=0) (actual time=1.844..1.844 rows=12364 loops=3)
                                                                           Index Cond: (keyword_id = k.id)
                                                         ->  Index Scan using title_pkey on title t  (cost=0.43..0.49 rows=1 width=25) (actual time=0.004..0.004 rows=0 loops=37091)
                                                               Index Cond: (id = mk.movie_id)
                                                               Filter: (production_year > 2009)
                                                               Rows Removed by Filter: 1
                                                   ->  Materialize  (cost=0.00..1.10 rows=2 width=4) (actual time=0.000..0.000 rows=1 loops=4040)
                                                         ->  Seq Scan on kind_type kt  (cost=0.00..1.09 rows=2 width=4) (actual time=0.009..0.011 rows=2 loops=1)
                                                               Filter: ((kind)::text = ANY ('{movie,episode}'::text[]))
                                                               Rows Removed by Filter: 5
                                             ->  Index Scan using movie_id_movie_info_idx on movie_info_idx mi_idx  (cost=0.43..0.50 rows=3 width=14) (actual time=0.005..0.006 rows=2 loops=3517)
                                                   Index Cond: (movie_id = mk.movie_id)
                                                   Filter: ((info)::text < '7.0'::text)
                                                   Rows Removed by Filter: 0
                                 ->  Index Scan using movie_id_movie_companies on movie_companies mc  (cost=0.43..0.57 rows=1 width=12) (actual time=0.015..0.015 rows=0 loops=1615)
                                       Index Cond: (movie_id = mk.movie_id)
                                       Filter: (((note)::text !~~ '%(USA)%'::text) AND ((note)::text ~~ '%(200%)%'::text))
                                       Rows Removed by Filter: 12
                           ->  Index Scan using company_name_pkey on company_name cn  (cost=0.42..0.55 rows=1 width=23) (actual time=0.007..0.007 rows=1 loops=78)
                                 Index Cond: (id = mc.company_id)
                                 Filter: ((country_code)::text <> '[us]'::text)
                                 Rows Removed by Filter: 0
                     ->  Seq Scan on company_type ct  (cost=0.00..1.04 rows=4 width=4) (actual time=0.001..0.001 rows=1 loops=50)
               ->  Index Scan using movie_id_movie_info on movie_info mi  (cost=0.43..1.56 rows=2 width=8) (actual time=0.060..0.065 rows=1 loops=50)
                     Index Cond: (movie_id = mk.movie_id)
                     Filter: ((info)::text = ANY ('{Germany,German,USA,American}'::text[]))
                     Rows Removed by Filter: 53
         ->  Seq Scan on info_type it1  (cost=0.00..2.41 rows=1 width=4) (actual time=0.003..0.003 rows=1 loops=34)
               Filter: ((info)::text = 'countries'::text)
               Rows Removed by Filter: 16
 Planning Time: 38.131 ms
 Execution Time: 367.393 ms
(62 rows)

SET
                                                                                               QUERY PLAN                                                                                                
---------------------------------------------------------------------------------------------------------------------------------------------------------------------------------------------------------
 Aggregate  (cost=7390.61..7390.62 rows=1 width=96) (actual time=2360.710..2360.711 rows=1 loops=1)
   ->  Nested Loop  (cost=8.89..7390.60 rows=1 width=42) (actual time=6.198..2355.292 rows=21489 loops=1)
         Join Filter: (mi.info_type_id = it1.id)
         Rows Removed by Join Filter: 3123
         ->  Nested Loop  (cost=8.89..7388.18 rows=1 width=46) (actual time=6.193..2269.958 rows=24612 loops=1)
               Join Filter: (t.id = mi.movie_id)
               ->  Nested Loop  (cost=8.46..7386.28 rows=1 width=58) (actual time=6.130..550.644 rows=23425 loops=1)
                     Join Filter: (mc.company_type_id = ct.id)
                     ->  Nested Loop  (cost=8.46..7385.19 rows=1 width=62) (actual time=6.120..528.950 rows=23425 loops=1)
                           ->  Nested Loop  (cost=8.04..7384.64 rows=1 width=47) (actual time=6.107..458.555 rows=25316 loops=1)
                                 Join Filter: (t.id = mc.movie_id)
                                 ->  Nested Loop  (cost=7.61..7384.06 rows=1 width=35) (actual time=4.656..371.380 rows=5949 loops=1)
                                       Join Filter: (mi_idx.info_type_id = it2.id)
                                       Rows Removed by Join Filter: 11839
                                       ->  Seq Scan on info_type it2  (cost=0.00..2.41 rows=1 width=4) (actual time=0.012..0.013 rows=1 loops=1)
                                             Filter: ((info)::text = 'rating'::text)
                                             Rows Removed by Filter: 112
                                       ->  Nested Loop  (cost=7.61..7381.10 rows=44 width=39) (actual time=4.640..369.483 rows=17788 loops=1)
                                             Join Filter: (t.id = mi_idx.movie_id)
                                             ->  Nested Loop  (cost=7.18..7373.07 rows=15 width=25) (actual time=4.618..321.166 rows=8073 loops=1)
                                                   Join Filter: (t.kind_id = kt.id)
                                                   Rows Removed by Join Filter: 4332
                                                   ->  Nested Loop  (cost=7.18..7370.44 rows=54 width=29) (actual time=4.540..317.761 rows=9739 loops=1)
                                                         ->  Nested Loop  (cost=6.75..7304.56 rows=135 width=4) (actual time=4.512..140.870 rows=37091 loops=1)
                                                               ->  Seq Scan on keyword k  (cost=0.00..2961.55 rows=4 width=4) (actual time=1.160..20.932 rows=3 loops=1)
                                                                     Filter: ((keyword)::text = ANY ('{murder,murder-in-title,blood,violence}'::text[]))
                                                                     Rows Removed by Filter: 134167
                                                               ->  Bitmap Heap Scan on movie_keyword mk  (cost=6.75..1082.76 rows=299 width=8) (actual time=3.386..38.543 rows=12364 loops=3)
                                                                     Recheck Cond: (keyword_id = k.id)
                                                                     Heap Blocks: exact=26312
                                                                     ->  Bitmap Index Scan on keyword_id_movie_keyword  (cost=0.00..6.67 rows=299 width=0) (actual time=1.851..1.851 rows=12364 loops=3)
                                                                           Index Cond: (keyword_id = k.id)
                                                         ->  Index Scan using title_pkey on title t  (cost=0.43..0.49 rows=1 width=25) (actual time=0.004..0.004 rows=0 loops=37091)
                                                               Index Cond: (id = mk.movie_id)
                                                               Filter: (production_year > 2005)
                                                               Rows Removed by Filter: 1
                                                   ->  Materialize  (cost=0.00..1.10 rows=2 width=4) (actual time=0.000..0.000 rows=1 loops=9739)
                                                         ->  Seq Scan on kind_type kt  (cost=0.00..1.09 rows=2 width=4) (actual time=0.011..0.013 rows=2 loops=1)
                                                               Filter: ((kind)::text = ANY ('{movie,episode}'::text[]))
                                                               Rows Removed by Filter: 5
                                             ->  Index Scan using movie_id_movie_info_idx on movie_info_idx mi_idx  (cost=0.43..0.50 rows=3 width=14) (actual time=0.005..0.005 rows=2 loops=8073)
                                                   Index Cond: (movie_id = mk.movie_id)
                                                   Filter: ((info)::text < '8.5'::text)
                                                   Rows Removed by Filter: 0
                                 ->  Index Scan using movie_id_movie_companies on movie_companies mc  (cost=0.43..0.57 rows=1 width=12) (actual time=0.009..0.014 rows=4 loops=5949)
                                       Index Cond: (movie_id = mk.movie_id)
                                       Filter: (((note)::text !~~ '%(USA)%'::text) AND ((note)::text ~~ '%(200%)%'::text))
                                       Rows Removed by Filter: 8
                           ->  Index Scan using company_name_pkey on company_name cn  (cost=0.42..0.55 rows=1 width=23) (actual time=0.002..0.002 rows=1 loops=25316)
                                 Index Cond: (id = mc.company_id)
                                 Filter: ((country_code)::text <> '[us]'::text)
                                 Rows Removed by Filter: 0
                     ->  Seq Scan on company_type ct  (cost=0.00..1.04 rows=4 width=4) (actual time=0.000..0.000 rows=1 loops=23425)
               ->  Index Scan using movie_id_movie_info on movie_info mi  (cost=0.43..1.87 rows=2 width=8) (actual time=0.061..0.073 rows=1 loops=23425)
                     Index Cond: (movie_id = mk.movie_id)
                     Filter: ((info)::text = ANY ('{Sweden,Norway,Germany,Denmark,Swedish,Danish,Norwegian,German,USA,American}'::text[]))
                     Rows Removed by Filter: 180
         ->  Seq Scan on info_type it1  (cost=0.00..2.41 rows=1 width=4) (actual time=0.002..0.003 rows=1 loops=24612)
               Filter: ((info)::text = 'countries'::text)
               Rows Removed by Filter: 20
 Planning Time: 38.422 ms
 Execution Time: 2360.936 ms
(62 rows)

SET
                                                                                               QUERY PLAN                                                                                                
---------------------------------------------------------------------------------------------------------------------------------------------------------------------------------------------------------
 Aggregate  (cost=7390.53..7390.54 rows=1 width=96) (actual time=1037.600..1037.600 rows=1 loops=1)
   ->  Nested Loop  (cost=8.89..7390.53 rows=1 width=42) (actual time=6.291..1027.652 rows=46281 loops=1)
         Join Filter: (mc.company_type_id = ct.id)
         Rows Removed by Join Filter: 4783
         ->  Nested Loop  (cost=8.89..7389.44 rows=1 width=46) (actual time=6.282..990.460 rows=46281 loops=1)
               ->  Nested Loop  (cost=8.47..7388.99 rows=1 width=31) (actual time=4.656..829.398 rows=64848 loops=1)
                     Join Filter: (t.id = mc.movie_id)
                     ->  Nested Loop  (cost=8.04..7388.39 rows=1 width=39) (actual time=4.641..771.805 rows=4115 loops=1)
                           Join Filter: (mi.info_type_id = it1.id)
                           Rows Removed by Join Filter: 594
                           ->  Nested Loop  (cost=8.04..7385.96 rows=1 width=43) (actual time=4.637..754.478 rows=4709 loops=1)
                                 Join Filter: (t.id = mi.movie_id)
                                 ->  Nested Loop  (cost=7.61..7384.06 rows=1 width=35) (actual time=4.591..363.752 rows=5949 loops=1)
                                       Join Filter: (mi_idx.info_type_id = it2.id)
                                       Rows Removed by Join Filter: 11839
                                       ->  Seq Scan on info_type it2  (cost=0.00..2.41 rows=1 width=4) (actual time=0.012..0.013 rows=1 loops=1)
                                             Filter: ((info)::text = 'rating'::text)
                                             Rows Removed by Filter: 112
                                       ->  Nested Loop  (cost=7.61..7381.10 rows=44 width=39) (actual time=4.575..361.878 rows=17788 loops=1)
                                             Join Filter: (t.id = mi_idx.movie_id)
                                             ->  Nested Loop  (cost=7.18..7373.07 rows=15 width=25) (actual time=4.560..314.652 rows=8073 loops=1)
                                                   Join Filter: (t.kind_id = kt.id)
                                                   Rows Removed by Join Filter: 4332
                                                   ->  Nested Loop  (cost=7.18..7370.44 rows=54 width=29) (actual time=4.507..311.341 rows=9739 loops=1)
                                                         ->  Nested Loop  (cost=6.75..7304.56 rows=135 width=4) (actual time=4.488..137.743 rows=37091 loops=1)
                                                               ->  Seq Scan on keyword k  (cost=0.00..2961.55 rows=4 width=4) (actual time=1.158..20.913 rows=3 loops=1)
                                                                     Filter: ((keyword)::text = ANY ('{murder,murder-in-title,blood,violence}'::text[]))
                                                                     Rows Removed by Filter: 134167
                                                               ->  Bitmap Heap Scan on movie_keyword mk  (cost=6.75..1082.76 rows=299 width=8) (actual time=3.380..37.575 rows=12364 loops=3)
                                                                     Recheck Cond: (keyword_id = k.id)
                                                                     Heap Blocks: exact=26312
                                                                     ->  Bitmap Index Scan on keyword_id_movie_keyword  (cost=0.00..6.67 rows=299 width=0) (actual time=1.852..1.852 rows=12364 loops=3)
                                                                           Index Cond: (keyword_id = k.id)
                                                         ->  Index Scan using title_pkey on title t  (cost=0.43..0.49 rows=1 width=25) (actual time=0.004..0.004 rows=0 loops=37091)
                                                               Index Cond: (id = mk.movie_id)
                                                               Filter: (production_year > 2005)
                                                               Rows Removed by Filter: 1
                                                   ->  Materialize  (cost=0.00..1.10 rows=2 width=4) (actual time=0.000..0.000 rows=1 loops=9739)
                                                         ->  Seq Scan on kind_type kt  (cost=0.00..1.09 rows=2 width=4) (actual time=0.010..0.012 rows=2 loops=1)
                                                               Filter: ((kind)::text = ANY ('{movie,episode}'::text[]))
                                                               Rows Removed by Filter: 5
                                             ->  Index Scan using movie_id_movie_info_idx on movie_info_idx mi_idx  (cost=0.43..0.50 rows=3 width=14) (actual time=0.005..0.005 rows=2 loops=8073)
                                                   Index Cond: (movie_id = mk.movie_id)
                                                   Filter: ((info)::text < '8.5'::text)
                                                   Rows Removed by Filter: 0
                                 ->  Index Scan using movie_id_movie_info on movie_info mi  (cost=0.43..1.87 rows=2 width=8) (actual time=0.056..0.065 rows=1 loops=5949)
                                       Index Cond: (movie_id = mk.movie_id)
                                       Filter: ((info)::text = ANY ('{Sweden,Norway,Germany,Denmark,Swedish,Danish,Norwegian,German,USA,American}'::text[]))
                                       Rows Removed by Filter: 71
                           ->  Seq Scan on info_type it1  (cost=0.00..2.41 rows=1 width=4) (actual time=0.002..0.003 rows=1 loops=4709)
                                 Filter: ((info)::text = 'countries'::text)
                                 Rows Removed by Filter: 20
                     ->  Index Scan using movie_id_movie_companies on movie_companies mc  (cost=0.43..0.54 rows=5 width=12) (actual time=0.006..0.011 rows=16 loops=4115)
                           Index Cond: (movie_id = mk.movie_id)
               ->  Index Scan using company_name_pkey on company_name cn  (cost=0.42..0.45 rows=1 width=23) (actual time=0.002..0.002 rows=1 loops=64848)
                     Index Cond: (id = mc.company_id)
                     Filter: ((country_code)::text <> '[us]'::text)
                     Rows Removed by Filter: 0
         ->  Seq Scan on company_type ct  (cost=0.00..1.04 rows=4 width=4) (actual time=0.000..0.000 rows=1 loops=46281)
 Planning Time: 39.589 ms
 Execution Time: 1037.837 ms
(61 rows)

SET
                                                                                                    QUERY PLAN                                                                                                    
------------------------------------------------------------------------------------------------------------------------------------------------------------------------------------------------------------------
 Aggregate  (cost=57942.47..57942.48 rows=1 width=64) (actual time=256.282..256.282 rows=1 loops=1)
   ->  Nested Loop  (cost=4238.90..57942.46 rows=1 width=65) (actual time=226.546..256.160 rows=618 loops=1)
         ->  Nested Loop  (cost=4238.48..57942.02 rows=1 width=69) (actual time=226.514..253.654 rows=618 loops=1)
               ->  Nested Loop  (cost=4238.35..57941.87 rows=1 width=73) (actual time=226.482..253.014 rows=618 loops=1)
                     ->  Nested Loop  (cost=4237.93..57941.42 rows=1 width=77) (actual time=226.457..251.959 rows=618 loops=1)
                           Join Filter: (t.id = mc.movie_id)
                           ->  Nested Loop  (cost=4237.50..57940.82 rows=1 width=85) (actual time=226.424..250.775 rows=615 loops=1)
                                 ->  Gather  (cost=4237.06..57938.99 rows=1 width=77) (actual time=226.393..254.621 rows=5 loops=1)
                                       Workers Planned: 2
                                       Workers Launched: 2
                                       ->  Nested Loop  (cost=3237.06..56938.89 rows=1 width=77) (actual time=236.103..251.699 rows=2 loops=3)
                                             ->  Nested Loop  (cost=3236.92..56938.62 rows=1 width=81) (actual time=236.088..251.681 rows=2 loops=3)
                                                   ->  Hash Join  (cost=3236.49..54660.05 rows=1093 width=73) (actual time=132.126..188.344 rows=344 loops=3)
                                                         Hash Cond: (t.kind_id = kt.id)
                                                         ->  Hash Join  (cost=3235.39..54626.70 rows=7653 width=29) (actual time=29.275..188.135 rows=694 loops=3)
                                                               Hash Cond: (t.id = cc.movie_id)
                                                               ->  Parallel Seq Scan on title t  (cost=0.00..49166.29 rows=572932 width=25) (actual time=0.018..112.395 rows=460484 loops=3)
                                                                     Filter: (production_year > 2000)
                                                                     Rows Removed by Filter: 382286
                                                               ->  Hash  (cost=2813.24..2813.24 rows=33772 width=4) (actual time=28.671..28.671 rows=24592 loops=3)
                                                                     Buckets: 65536  Batches: 1  Memory Usage: 1377kB
                                                                     ->  Hash Join  (cost=1.06..2813.24 rows=33772 width=4) (actual time=0.060..25.359 rows=24592 loops=3)
                                                                           Hash Cond: (cc.status_id = cct1.id)
                                                                           ->  Seq Scan on complete_cast cc  (cost=0.00..2081.86 rows=135086 width=8) (actual time=0.012..12.756 rows=135086 loops=3)
                                                                           ->  Hash  (cost=1.05..1.05 rows=1 width=4) (actual time=0.010..0.010 rows=1 loops=3)
                                                                                 Buckets: 1024  Batches: 1  Memory Usage: 9kB
                                                                                 ->  Seq Scan on comp_cast_type cct1  (cost=0.00..1.05 rows=1 width=4) (actual time=0.007..0.007 rows=1 loops=3)
                                                                                       Filter: ((kind)::text = 'complete+verified'::text)
                                                                                       Rows Removed by Filter: 3
                                                         ->  Hash  (cost=1.09..1.09 rows=1 width=52) (actual time=0.022..0.022 rows=1 loops=3)
                                                               Buckets: 1024  Batches: 1  Memory Usage: 9kB
                                                               ->  Seq Scan on kind_type kt  (cost=0.00..1.09 rows=1 width=52) (actual time=0.016..0.017 rows=1 loops=3)
                                                                     Filter: ((kind)::text = 'movie'::text)
                                                                     Rows Removed by Filter: 6
                                                   ->  Index Scan using movie_id_movie_info on movie_info mi  (cost=0.43..2.07 rows=1 width=8) (actual time=0.183..0.184 rows=0 loops=1033)
                                                         Index Cond: (movie_id = t.id)
                                                         Filter: ((info IS NOT NULL) AND ((note)::text ~~ '%internet%'::text) AND (((info)::text ~~ 'USA:% 199%'::text) OR ((info)::text ~~ 'USA:% 200%'::text)))
                                                         Rows Removed by Filter: 211
                                             ->  Index Scan using info_type_pkey on info_type it1  (cost=0.14..0.20 rows=1 width=4) (actual time=0.009..0.009 rows=1 loops=5)
                                                   Index Cond: (id = mi.info_type_id)
                                                   Filter: ((info)::text = 'release dates'::text)
                                 ->  Index Scan using movie_id_movie_keyword on movie_keyword mk  (cost=0.43..1.36 rows=47 width=8) (actual time=0.012..0.034 rows=123 loops=5)
                                       Index Cond: (movie_id = t.id)
                           ->  Index Scan using movie_id_movie_companies on movie_companies mc  (cost=0.43..0.54 rows=5 width=12) (actual time=0.001..0.002 rows=1 loops=615)
                                 Index Cond: (movie_id = mk.movie_id)
                     ->  Index Scan using company_name_pkey on company_name cn  (cost=0.42..0.45 rows=1 width=4) (actual time=0.001..0.001 rows=1 loops=618)
                           Index Cond: (id = mc.company_id)
                           Filter: ((country_code)::text = '[us]'::text)
               ->  Index Only Scan using company_type_pkey on company_type ct  (cost=0.13..0.15 rows=1 width=4) (actual time=0.001..0.001 rows=1 loops=618)
                     Index Cond: (id = mc.company_type_id)
                     Heap Fetches: 618
         ->  Index Only Scan using keyword_pkey on keyword k  (cost=0.42..0.44 rows=1 width=4) (actual time=0.004..0.004 rows=1 loops=618)
               Index Cond: (id = mk.keyword_id)
               Heap Fetches: 618
 Planning Time: 37.657 ms
 Execution Time: 260.671 ms
(56 rows)

SET
                                                                                              QUERY PLAN                                                                                               
-------------------------------------------------------------------------------------------------------------------------------------------------------------------------------------------------------
 Aggregate  (cost=7387.30..7387.31 rows=1 width=64) (actual time=75.785..75.785 rows=1 loops=1)
   ->  Nested Loop  (cost=8.88..7387.29 rows=1 width=65) (actual time=20.661..75.770 rows=16 loops=1)
         Join Filter: (mi.info_type_id = it1.id)
         ->  Nested Loop  (cost=8.88..7384.87 rows=1 width=69) (actual time=20.655..75.709 rows=16 loops=1)
               Join Filter: (t.id = mi.movie_id)
               ->  Nested Loop  (cost=8.45..7383.30 rows=1 width=81) (actual time=4.110..56.482 rows=315 loops=1)
                     Join Filter: (mc.company_type_id = ct.id)
                     Rows Removed by Join Filter: 140
                     ->  Nested Loop  (cost=8.45..7382.21 rows=1 width=85) (actual time=4.101..56.143 rows=315 loops=1)
                           ->  Nested Loop  (cost=8.03..7380.87 rows=3 width=89) (actual time=4.039..50.423 rows=1218 loops=1)
                                 Join Filter: (t.id = mc.movie_id)
                                 ->  Nested Loop  (cost=7.60..7378.46 rows=4 width=77) (actual time=4.011..48.797 rows=60 loops=1)
                                       Join Filter: (cc.status_id = cct1.id)
                                       Rows Removed by Join Filter: 81
                                       ->  Seq Scan on comp_cast_type cct1  (cost=0.00..1.05 rows=1 width=4) (actual time=0.011..0.012 rows=1 loops=1)
                                             Filter: ((kind)::text = 'complete+verified'::text)
                                             Rows Removed by Filter: 3
                                       ->  Nested Loop  (cost=7.60..7377.22 rows=15 width=81) (actual time=3.987..48.760 rows=141 loops=1)
                                             ->  Nested Loop  (cost=7.18..7372.44 rows=10 width=73) (actual time=3.769..46.425 rows=401 loops=1)
                                                   Join Filter: (t.kind_id = kt.id)
                                                   Rows Removed by Join Filter: 156
                                                   ->  Seq Scan on kind_type kt  (cost=0.00..1.09 rows=1 width=52) (actual time=0.007..0.008 rows=1 loops=1)
                                                         Filter: ((kind)::text = 'movie'::text)
                                                         Rows Removed by Filter: 6
                                                   ->  Nested Loop  (cost=7.18..7370.44 rows=73 width=29) (actual time=0.956..46.327 rows=557 loops=1)
                                                         ->  Nested Loop  (cost=6.75..7304.56 rows=135 width=4) (actual time=0.934..31.822 rows=1133 loops=1)
                                                               ->  Seq Scan on keyword k  (cost=0.00..2961.55 rows=4 width=4) (actual time=0.713..23.562 rows=4 loops=1)
                                                                     Filter: ((keyword)::text = ANY ('{nerd,loner,alienation,dignity}'::text[]))
                                                                     Rows Removed by Filter: 134166
                                                               ->  Bitmap Heap Scan on movie_keyword mk  (cost=6.75..1082.76 rows=299 width=8) (actual time=0.101..2.027 rows=283 loops=4)
                                                                     Recheck Cond: (keyword_id = k.id)
                                                                     Heap Blocks: exact=1083
                                                                     ->  Bitmap Index Scan on keyword_id_movie_keyword  (cost=0.00..6.67 rows=299 width=0) (actual time=0.057..0.057 rows=283 loops=4)
                                                                           Index Cond: (keyword_id = k.id)
                                                         ->  Index Scan using title_pkey on title t  (cost=0.43..0.49 rows=1 width=25) (actual time=0.012..0.012 rows=0 loops=1133)
                                                               Index Cond: (id = mk.movie_id)
                                                               Filter: (production_year > 2000)
                                                               Rows Removed by Filter: 1
                                             ->  Index Scan using movie_id_complete_cast on complete_cast cc  (cost=0.42..0.46 rows=2 width=8) (actual time=0.005..0.006 rows=0 loops=401)
                                                   Index Cond: (movie_id = t.id)
                                 ->  Index Scan using movie_id_movie_companies on movie_companies mc  (cost=0.43..0.54 rows=5 width=12) (actual time=0.014..0.023 rows=20 loops=60)
                                       Index Cond: (movie_id = mk.movie_id)
                           ->  Index Scan using company_name_pkey on company_name cn  (cost=0.42..0.45 rows=1 width=4) (actual time=0.004..0.004 rows=0 loops=1218)
                                 Index Cond: (id = mc.company_id)
                                 Filter: ((country_code)::text = '[us]'::text)
                                 Rows Removed by Filter: 1
                     ->  Seq Scan on company_type ct  (cost=0.00..1.04 rows=4 width=4) (actual time=0.000..0.000 rows=1 loops=315)
               ->  Index Scan using movie_id_movie_info on movie_info mi  (cost=0.43..1.56 rows=1 width=8) (actual time=0.060..0.061 rows=0 loops=315)
                     Index Cond: (movie_id = mk.movie_id)
                     Filter: (((note)::text ~~ '%internet%'::text) AND ((info)::text ~~ 'USA:% 200%'::text))
                     Rows Removed by Filter: 268
         ->  Seq Scan on info_type it1  (cost=0.00..2.41 rows=1 width=4) (actual time=0.003..0.003 rows=1 loops=16)
               Filter: ((info)::text = 'release dates'::text)
               Rows Removed by Filter: 15
 Planning Time: 37.253 ms
 Execution Time: 76.006 ms
(56 rows)

SET
                                                                                                       QUERY PLAN                                                                                                       
------------------------------------------------------------------------------------------------------------------------------------------------------------------------------------------------------------------------
 Finalize Aggregate  (cost=67112.66..67112.67 rows=1 width=64) (actual time=358.456..358.456 rows=1 loops=1)
   ->  Gather  (cost=67112.44..67112.65 rows=2 width=64) (actual time=358.222..365.231 rows=3 loops=1)
         Workers Planned: 2
         Workers Launched: 2
         ->  Partial Aggregate  (cost=66112.44..66112.45 rows=1 width=64) (actual time=355.304..355.304 rows=1 loops=3)
               ->  Nested Loop  (cost=3238.95..66112.43 rows=2 width=65) (actual time=292.956..355.261 rows=209 loops=3)
                     ->  Nested Loop  (cost=3238.53..66111.55 rows=2 width=69) (actual time=292.932..354.486 rows=209 loops=3)
                           ->  Nested Loop  (cost=3238.10..66109.74 rows=1 width=81) (actual time=292.903..354.383 rows=2 loops=3)
                                 ->  Nested Loop  (cost=3237.97..66109.58 rows=1 width=85) (actual time=292.880..354.356 rows=2 loops=3)
                                       ->  Nested Loop  (cost=3237.55..66109.14 rows=1 width=89) (actual time=292.852..354.309 rows=2 loops=3)
                                             ->  Nested Loop  (cost=3237.12..66108.51 rows=1 width=77) (actual time=292.829..354.271 rows=2 loops=3)
                                                   ->  Nested Loop  (cost=3236.98..66107.43 rows=5 width=81) (actual time=292.814..354.247 rows=2 loops=3)
                                                         ->  Hash Join  (cost=3236.54..55258.37 rows=5532 width=73) (actual time=134.583..202.881 rows=1684 loops=3)
                                                               Hash Cond: (t.kind_id = kt.id)
                                                               ->  Hash Join  (cost=3235.39..55216.42 rows=9681 width=29) (actual time=28.631..202.323 rows=2141 loops=3)
                                                                     Hash Cond: (t.id = cc.movie_id)
                                                                     ->  Parallel Seq Scan on title t  (cost=0.00..49166.29 rows=724782 width=25) (actual time=0.024..114.442 rows=583011 loops=3)
                                                                           Filter: (production_year > 1990)
                                                                           Rows Removed by Filter: 259760
                                                                     ->  Hash  (cost=2813.24..2813.24 rows=33772 width=4) (actual time=28.127..28.128 rows=24592 loops=3)
                                                                           Buckets: 65536  Batches: 1  Memory Usage: 1377kB
                                                                           ->  Hash Join  (cost=1.06..2813.24 rows=33772 width=4) (actual time=0.034..24.833 rows=24592 loops=3)
                                                                                 Hash Cond: (cc.status_id = cct1.id)
                                                                                 ->  Seq Scan on complete_cast cc  (cost=0.00..2081.86 rows=135086 width=8) (actual time=0.011..12.302 rows=135086 loops=3)
                                                                                 ->  Hash  (cost=1.05..1.05 rows=1 width=4) (actual time=0.006..0.007 rows=1 loops=3)
                                                                                       Buckets: 1024  Batches: 1  Memory Usage: 9kB
                                                                                       ->  Seq Scan on comp_cast_type cct1  (cost=0.00..1.05 rows=1 width=4) (actual time=0.004..0.004 rows=1 loops=3)
                                                                                             Filter: ((kind)::text = 'complete+verified'::text)
                                                                                             Rows Removed by Filter: 3
                                                               ->  Hash  (cost=1.10..1.10 rows=4 width=52) (actual time=0.023..0.023 rows=4 loops=3)
                                                                     Buckets: 1024  Batches: 1  Memory Usage: 9kB
                                                                     ->  Seq Scan on kind_type kt  (cost=0.00..1.10 rows=4 width=52) (actual time=0.013..0.015 rows=4 loops=3)
                                                                           Filter: ((kind)::text = ANY ('{movie,"tv movie","video movie","video game"}'::text[]))
                                                                           Rows Removed by Filter: 3
                                                         ->  Index Scan using movie_id_movie_info on movie_info mi  (cost=0.43..1.95 rows=1 width=8) (actual time=0.090..0.090 rows=0 loops=5053)
                                                               Index Cond: (movie_id = t.id)
                                                               Filter: ((info IS NOT NULL) AND ((note)::text ~~ '%internet%'::text) AND (((info)::text ~~ 'USA:% 199%'::text) OR ((info)::text ~~ 'USA:% 200%'::text)))
                                                               Rows Removed by Filter: 123
                                                   ->  Index Scan using info_type_pkey on info_type it1  (cost=0.14..0.20 rows=1 width=4) (actual time=0.010..0.010 rows=1 loops=6)
                                                         Index Cond: (id = mi.info_type_id)
                                                         Filter: ((info)::text = 'release dates'::text)
                                             ->  Index Scan using movie_id_movie_companies on movie_companies mc  (cost=0.43..0.58 rows=5 width=12) (actual time=0.016..0.017 rows=1 loops=6)
                                                   Index Cond: (movie_id = t.id)
                                       ->  Index Scan using company_name_pkey on company_name cn  (cost=0.42..0.45 rows=1 width=4) (actual time=0.019..0.019 rows=1 loops=7)
                                             Index Cond: (id = mc.company_id)
                                             Filter: ((country_code)::text = '[us]'::text)
                                 ->  Index Only Scan using company_type_pkey on company_type ct  (cost=0.13..0.15 rows=1 width=4) (actual time=0.010..0.010 rows=1 loops=7)
                                       Index Cond: (id = mc.company_type_id)
                                       Heap Fetches: 7
                           ->  Index Scan using movie_id_movie_keyword on movie_keyword mk  (cost=0.43..1.34 rows=47 width=8) (actual time=0.018..0.033 rows=90 loops=7)
                                 Index Cond: (movie_id = t.id)
                     ->  Index Only Scan using keyword_pkey on keyword k  (cost=0.42..0.44 rows=1 width=4) (actual time=0.003..0.003 rows=1 loops=628)
                           Index Cond: (id = mk.keyword_id)
                           Heap Fetches: 628
 Planning Time: 36.025 ms
 Execution Time: 365.580 ms
(56 rows)

SET
                                                                                                  QUERY PLAN                                                                                                  
--------------------------------------------------------------------------------------------------------------------------------------------------------------------------------------------------------------
 Aggregate  (cost=6625.30..6625.31 rows=1 width=96) (actual time=442.330..442.330 rows=1 loops=1)
   ->  Nested Loop  (cost=10.31..6625.29 rows=1 width=48) (actual time=81.751..442.245 rows=275 loops=1)
         ->  Nested Loop  (cost=9.88..6623.49 rows=1 width=41) (actual time=2.292..428.814 rows=6518 loops=1)
               Join Filter: (it.id = mi.info_type_id)
               ->  Seq Scan on info_type it  (cost=0.00..2.41 rows=1 width=4) (actual time=0.008..0.014 rows=1 loops=1)
                     Filter: ((info)::text = 'release dates'::text)
                     Rows Removed by Filter: 112
               ->  Nested Loop  (cost=9.88..6621.07 rows=1 width=45) (actual time=2.283..427.874 rows=6518 loops=1)
                     Join Filter: (t.id = mi.movie_id)
                     ->  Nested Loop  (cost=9.45..6555.77 rows=2 width=57) (actual time=2.234..355.111 rows=4044 loops=1)
                           ->  Nested Loop  (cost=9.02..6553.68 rows=1 width=53) (actual time=2.201..348.497 rows=1578 loops=1)
                                 ->  Nested Loop  (cost=8.59..6551.98 rows=1 width=41) (actual time=2.166..342.058 rows=1608 loops=1)
                                       Join Filter: (rt.id = ci.role_id)
                                       Rows Removed by Join Filter: 5708
                                       ->  Seq Scan on role_type rt  (cost=0.00..1.15 rows=1 width=4) (actual time=0.014..0.016 rows=1 loops=1)
                                             Filter: ((role)::text = 'actress'::text)
                                             Rows Removed by Filter: 11
                                       ->  Nested Loop  (cost=8.59..6550.80 rows=2 width=45) (actual time=2.133..341.416 rows=7316 loops=1)
                                             Join Filter: (t.id = ci.movie_id)
                                             ->  Nested Loop  (cost=8.03..6311.77 rows=6 width=29) (actual time=1.243..156.432 rows=1576 loops=1)
                                                   ->  Nested Loop  (cost=7.61..6286.76 rows=17 width=33) (actual time=1.222..134.305 rows=5566 loops=1)
                                                         Join Filter: (t.id = mc.movie_id)
                                                         ->  Nested Loop  (cost=7.18..6231.61 rows=16 width=25) (actual time=1.199..126.019 rows=495 loops=1)
                                                               ->  Nested Loop  (cost=6.75..6072.14 rows=101 width=4) (actual time=1.028..58.743 rows=9696 loops=1)
                                                                     ->  Seq Scan on keyword k  (cost=0.00..2793.84 rows=3 width=4) (actual time=0.019..18.738 rows=3 loops=1)
                                                                           Filter: ((keyword)::text = ANY ('{hero,martial-arts,hand-to-hand-combat}'::text[]))
                                                                           Rows Removed by Filter: 134167
                                                                     ->  Bitmap Heap Scan on movie_keyword mk  (cost=6.75..1089.78 rows=299 width=8) (actual time=0.945..12.922 rows=3232 loops=3)
                                                                           Recheck Cond: (keyword_id = k.id)
                                                                           Heap Blocks: exact=7446
                                                                           ->  Bitmap Index Scan on keyword_id_movie_keyword  (cost=0.00..6.67 rows=299 width=0) (actual time=0.557..0.557 rows=3232 loops=3)
                                                                                 Index Cond: (keyword_id = k.id)
                                                               ->  Index Scan using title_pkey on title t  (cost=0.43..1.58 rows=1 width=21) (actual time=0.007..0.007 rows=0 loops=9696)
                                                                     Index Cond: (id = mk.movie_id)
                                                                     Filter: (production_year > 2010)
                                                                     Rows Removed by Filter: 1
                                                         ->  Index Scan using movie_id_movie_companies on movie_companies mc  (cost=0.43..3.38 rows=5 width=8) (actual time=0.009..0.014 rows=11 loops=495)
                                                               Index Cond: (movie_id = mk.movie_id)
                                                   ->  Index Scan using company_name_pkey on company_name cn  (cost=0.42..1.47 rows=1 width=4) (actual time=0.004..0.004 rows=0 loops=5566)
                                                         Index Cond: (id = mc.company_id)
                                                         Filter: ((country_code)::text = '[us]'::text)
                                                         Rows Removed by Filter: 1
                                             ->  Index Scan using movie_id_cast_info on cast_info ci  (cost=0.56..39.83 rows=1 width=16) (actual time=0.078..0.116 rows=5 loops=1576)
                                                   Index Cond: (movie_id = mk.movie_id)
                                                   Filter: ((note)::text = ANY ('{(voice),"(voice: Japanese version)","(voice) (uncredited)","(voice: English version)"}'::text[]))
                                                   Rows Removed by Filter: 136
                                 ->  Index Scan using char_name_pkey on char_name chn  (cost=0.43..1.70 rows=1 width=20) (actual time=0.004..0.004 rows=1 loops=1608)
                                       Index Cond: (id = ci.person_role_id)
                           ->  Index Only Scan using person_id_aka_name on aka_name an  (cost=0.42..2.08 rows=2 width=4) (actual time=0.003..0.004 rows=3 loops=1578)
                                 Index Cond: (person_id = ci.person_id)
                                 Heap Fetches: 4044
                     ->  Index Scan using movie_id_movie_info on movie_info mi  (cost=0.43..32.63 rows=1 width=8) (actual time=0.004..0.018 rows=2 loops=4044)
                           Index Cond: (movie_id = mk.movie_id)
                           Filter: ((info IS NOT NULL) AND (((info)::text ~~ 'Japan:%201%'::text) OR ((info)::text ~~ 'USA:%201%'::text)))
                           Rows Removed by Filter: 57
         ->  Index Scan using name_pkey on name n  (cost=0.43..1.80 rows=1 width=19) (actual time=0.002..0.002 rows=0 loops=6518)
               Index Cond: (id = ci.person_id)
               Filter: (((name)::text ~~ '%An%'::text) AND ((gender)::text = 'f'::text))
               Rows Removed by Filter: 1
 Planning Time: 81.692 ms
 Execution Time: 442.595 ms
(61 rows)

SET
                                                                                                            QUERY PLAN                                                                                                            
----------------------------------------------------------------------------------------------------------------------------------------------------------------------------------------------------------------------------------
 Aggregate  (cost=6509.33..6509.34 rows=1 width=96) (actual time=27.288..27.288 rows=1 loops=1)
   ->  Nested Loop  (cost=1004.27..6509.32 rows=1 width=48) (actual time=10.338..27.267 rows=45 loops=1)
         ->  Nested Loop  (cost=1003.84..6507.62 rows=1 width=36) (actual time=10.325..27.183 rows=45 loops=1)
               Join Filter: (n.id = an.person_id)
               ->  Nested Loop  (cost=1003.42..6505.51 rows=1 width=44) (actual time=10.303..27.123 rows=9 loops=1)
                     ->  Nested Loop  (cost=1003.28..6505.34 rows=1 width=48) (actual time=10.284..27.093 rows=9 loops=1)
                           ->  Nested Loop  (cost=1002.86..6503.54 rows=1 width=29) (actual time=9.591..25.834 rows=244 loops=1)
                                 Join Filter: (t.id = ci.movie_id)
                                 ->  Nested Loop  (cost=1002.29..6463.70 rows=1 width=33) (actual time=9.554..24.546 rows=9 loops=1)
                                       ->  Nested Loop  (cost=1002.15..6463.52 rows=1 width=37) (actual time=9.547..24.524 rows=9 loops=1)
                                             Join Filter: (t.id = mi.movie_id)
                                             ->  Gather  (cost=1001.71..6430.87 rows=1 width=29) (actual time=8.519..25.460 rows=6 loops=1)
                                                   Workers Planned: 1
                                                   Workers Launched: 1
                                                   ->  Nested Loop  (cost=1.71..5430.77 rows=1 width=29) (actual time=16.046..23.857 rows=3 loops=2)
                                                         ->  Nested Loop  (cost=1.29..5428.89 rows=1 width=33) (actual time=16.002..23.520 rows=42 loops=2)
                                                               Join Filter: (t.id = mk.movie_id)
                                                               ->  Nested Loop  (cost=0.86..5425.84 rows=1 width=25) (actual time=15.989..23.470 rows=2 loops=2)
                                                                     ->  Nested Loop  (cost=0.43..5416.18 rows=6 width=4) (actual time=15.804..22.803 rows=50 loops=2)
                                                                           ->  Parallel Seq Scan on company_name cn  (cost=0.00..5068.50 rows=1 width=4) (actual time=15.786..22.519 rows=0 loops=2)
                                                                                 Filter: (((country_code)::text = '[us]'::text) AND ((name)::text = 'DreamWorks Animation'::text))
                                                                                 Rows Removed by Filter: 117498
                                                                           ->  Index Scan using company_id_movie_companies on movie_companies mc  (cost=0.43..346.37 rows=130 width=8) (actual time=0.033..0.551 rows=99 loops=1)
                                                                                 Index Cond: (company_id = cn.id)
                                                                     ->  Index Scan using title_pkey on title t  (cost=0.43..1.60 rows=1 width=21) (actual time=0.013..0.013 rows=0 loops=99)
                                                                           Index Cond: (id = mc.movie_id)
                                                                           Filter: ((production_year > 2010) AND ((title)::text ~~ 'Kung Fu Panda%'::text))
                                                                           Rows Removed by Filter: 1
                                                               ->  Index Scan using movie_id_movie_keyword on movie_keyword mk  (cost=0.43..2.47 rows=47 width=8) (actual time=0.014..0.020 rows=21 loops=4)
                                                                     Index Cond: (movie_id = mc.movie_id)
                                                         ->  Index Scan using keyword_pkey on keyword k  (cost=0.42..1.46 rows=1 width=4) (actual time=0.008..0.008 rows=0 loops=83)
                                                               Index Cond: (id = mk.keyword_id)
                                                               Filter: ((keyword)::text = ANY ('{hero,martial-arts,hand-to-hand-combat,computer-animated-movie}'::text[]))
                                                               Rows Removed by Filter: 1
                                             ->  Index Scan using movie_id_movie_info on movie_info mi  (cost=0.43..32.63 rows=1 width=8) (actual time=0.026..0.050 rows=2 loops=6)
                                                   Index Cond: (movie_id = mk.movie_id)
                                                   Filter: ((info IS NOT NULL) AND (((info)::text ~~ 'Japan:%201%'::text) OR ((info)::text ~~ 'USA:%201%'::text)))
                                                   Rows Removed by Filter: 89
                                       ->  Index Scan using info_type_pkey on info_type it  (cost=0.14..0.16 rows=1 width=4) (actual time=0.002..0.002 rows=1 loops=9)
                                             Index Cond: (id = mi.info_type_id)
                                             Filter: ((info)::text = 'release dates'::text)
                                 ->  Index Scan using movie_id_cast_info on cast_info ci  (cost=0.56..39.83 rows=1 width=16) (actual time=0.010..0.139 rows=27 loops=9)
                                       Index Cond: (movie_id = mk.movie_id)
                                       Filter: ((note)::text = ANY ('{(voice),"(voice: Japanese version)","(voice) (uncredited)","(voice: English version)"}'::text[]))
                                       Rows Removed by Filter: 91
                           ->  Index Scan using name_pkey on name n  (cost=0.43..1.80 rows=1 width=19) (actual time=0.005..0.005 rows=0 loops=244)
                                 Index Cond: (id = ci.person_id)
                                 Filter: (((name)::text ~~ '%An%'::text) AND ((gender)::text = 'f'::text))
                                 Rows Removed by Filter: 1
                     ->  Index Scan using role_type_pkey on role_type rt  (cost=0.14..0.16 rows=1 width=4) (actual time=0.003..0.003 rows=1 loops=9)
                           Index Cond: (id = ci.role_id)
                           Filter: ((role)::text = 'actress'::text)
               ->  Index Only Scan using person_id_aka_name on aka_name an  (cost=0.42..2.08 rows=2 width=4) (actual time=0.004..0.006 rows=5 loops=9)
                     Index Cond: (person_id = ci.person_id)
                     Heap Fetches: 45
         ->  Index Scan using char_name_pkey on char_name chn  (cost=0.43..1.70 rows=1 width=20) (actual time=0.001..0.001 rows=1 loops=45)
               Index Cond: (id = ci.person_role_id)
 Planning Time: 79.931 ms
 Execution Time: 28.791 ms
(59 rows)

SET
                                                                                                QUERY PLAN                                                                                                
----------------------------------------------------------------------------------------------------------------------------------------------------------------------------------------------------------
 Aggregate  (cost=7497.91..7497.92 rows=1 width=128) (actual time=2628.455..2628.455 rows=1 loops=1)
   ->  Nested Loop  (cost=1012.02..7497.90 rows=1 width=80) (actual time=24.899..2626.136 rows=4407 loops=1)
         Join Filter: (mi.movie_id = t.id)
         ->  Nested Loop  (cost=1011.59..7497.08 rows=1 width=79) (actual time=24.864..2592.672 rows=4407 loops=1)
               ->  Nested Loop  (cost=1011.16..7496.06 rows=1 width=68) (actual time=12.398..2521.229 rows=7112 loops=1)
                     ->  Nested Loop  (cost=1011.02..7495.88 rows=1 width=72) (actual time=12.389..2508.847 rows=7740 loops=1)
                           Join Filter: (mi.movie_id = ci.movie_id)
                           ->  Gather  (cost=1010.46..7466.93 rows=1 width=64) (actual time=6.205..631.972 rows=12260 loops=1)
                                 Workers Planned: 2
                                 Workers Launched: 2
                                 ->  Nested Loop  (cost=10.46..6466.83 rows=1 width=64) (actual time=6.016..834.549 rows=4087 loops=3)
                                       Join Filter: (mi_idx.movie_id = mi.movie_id)
                                       ->  Hash Join  (cost=10.02..6431.17 rows=2 width=14) (actual time=4.603..192.735 rows=16920 loops=3)
                                             Hash Cond: (mi_idx.info_type_id = it2.id)
                                             ->  Nested Loop  (cost=7.60..6428.17 rows=211 width=18) (actual time=4.524..184.847 rows=50907 loops=3)
                                                   ->  Nested Loop  (cost=7.17..6372.12 rows=70 width=4) (actual time=4.486..92.624 rows=20699 loops=3)
                                                         ->  Parallel Index Scan using keyword_pkey on keyword k  (cost=0.42..4207.64 rows=2 width=4) (actual time=0.216..19.621 rows=2 loops=3)
                                                               Filter: ((keyword)::text = ANY ('{murder,blood,gore,death,female-nudity}'::text[]))
                                                               Rows Removed by Filter: 44722
                                                         ->  Bitmap Heap Scan on movie_keyword mk  (cost=6.75..1079.25 rows=299 width=8) (actual time=3.461..42.274 rows=12419 loops=5)
                                                               Recheck Cond: (keyword_id = k.id)
                                                               Heap Blocks: exact=12389
                                                               ->  Bitmap Index Scan on keyword_id_movie_keyword  (cost=0.00..6.67 rows=299 width=0) (actual time=2.004..2.004 rows=12419 loops=5)
                                                                     Index Cond: (keyword_id = k.id)
                                                   ->  Index Scan using movie_id_movie_info_idx on movie_info_idx mi_idx  (cost=0.43..0.77 rows=3 width=14) (actual time=0.004..0.004 rows=2 loops=62096)
                                                         Index Cond: (movie_id = mk.movie_id)
                                             ->  Hash  (cost=2.41..2.41 rows=1 width=4) (actual time=0.026..0.026 rows=1 loops=3)
                                                   Buckets: 1024  Batches: 1  Memory Usage: 9kB
                                                   ->  Seq Scan on info_type it2  (cost=0.00..2.41 rows=1 width=4) (actual time=0.020..0.022 rows=1 loops=3)
                                                         Filter: ((info)::text = 'votes'::text)
                                                         Rows Removed by Filter: 112
                                       ->  Index Scan using movie_id_movie_info on movie_info mi  (cost=0.43..17.82 rows=1 width=50) (actual time=0.037..0.038 rows=0 loops=50760)
                                             Index Cond: (movie_id = mk.movie_id)
                                             Filter: ((info)::text = 'Horror'::text)
                                             Rows Removed by Filter: 56
                           ->  Index Scan using movie_id_cast_info on cast_info ci  (cost=0.56..28.93 rows=1 width=8) (actual time=0.125..0.153 rows=1 loops=12260)
                                 Index Cond: (movie_id = mk.movie_id)
                                 Filter: ((note)::text = ANY ('{(writer),"(head writer)","(written by)",(story),"(story editor)"}'::text[]))
                                 Rows Removed by Filter: 47
                     ->  Index Scan using info_type_pkey on info_type it1  (cost=0.14..0.16 rows=1 width=4) (actual time=0.001..0.001 rows=1 loops=7740)
                           Index Cond: (id = mi.info_type_id)
                           Filter: ((info)::text = 'genres'::text)
                           Rows Removed by Filter: 0
               ->  Index Scan using name_pkey on name n  (cost=0.43..1.02 rows=1 width=19) (actual time=0.010..0.010 rows=1 loops=7112)
                     Index Cond: (id = ci.person_id)
                     Filter: ((gender)::text = 'm'::text)
                     Rows Removed by Filter: 0
         ->  Index Scan using title_pkey on title t  (cost=0.43..0.81 rows=1 width=21) (actual time=0.007..0.007 rows=1 loops=4407)
               Index Cond: (id = mk.movie_id)
 Planning Time: 12.954 ms
 Execution Time: 2628.931 ms
(51 rows)

SET
                                                                                            QUERY PLAN                                                                                             
---------------------------------------------------------------------------------------------------------------------------------------------------------------------------------------------------
 Aggregate  (cost=7478.04..7478.05 rows=1 width=128) (actual time=246.508..246.508 rows=1 loops=1)
   ->  Nested Loop  (cost=1009.74..7478.03 rows=1 width=80) (actual time=142.567..246.490 rows=6 loops=1)
         ->  Nested Loop  (cost=1009.31..7477.01 rows=1 width=69) (actual time=142.538..246.410 rows=6 loops=1)
               ->  Nested Loop  (cost=1009.17..7476.82 rows=1 width=73) (actual time=142.529..246.376 rows=18 loops=1)
                     Join Filter: (t.id = mi_idx.movie_id)
                     ->  Nested Loop  (cost=1008.74..7476.02 rows=1 width=79) (actual time=142.494..246.304 rows=6 loops=1)
                           ->  Nested Loop  (cost=1008.60..7475.83 rows=1 width=83) (actual time=142.472..246.271 rows=6 loops=1)
                                 Join Filter: (t.id = mi.movie_id)
                                 ->  Nested Loop  (cost=1008.16..7458.00 rows=1 width=33) (actual time=142.370..245.965 rows=6 loops=1)
                                       Join Filter: (t.id = ci.movie_id)
                                       ->  Gather  (cost=1007.60..7429.06 rows=1 width=25) (actual time=142.074..249.597 rows=9 loops=1)
                                             Workers Planned: 2
                                             Workers Launched: 2
                                             ->  Nested Loop  (cost=7.60..6428.96 rows=1 width=25) (actual time=148.903..200.142 rows=3 loops=3)
                                                   ->  Nested Loop  (cost=7.17..6372.12 rows=70 width=4) (actual time=4.411..96.501 rows=20699 loops=3)
                                                         ->  Parallel Index Scan using keyword_pkey on keyword k  (cost=0.42..4207.64 rows=2 width=4) (actual time=0.164..23.195 rows=2 loops=3)
                                                               Filter: ((keyword)::text = ANY ('{murder,blood,gore,death,female-nudity}'::text[]))
                                                               Rows Removed by Filter: 44722
                                                         ->  Bitmap Heap Scan on movie_keyword mk  (cost=6.75..1079.25 rows=299 width=8) (actual time=3.435..42.666 rows=12419 loops=5)
                                                               Recheck Cond: (keyword_id = k.id)
                                                               Heap Blocks: exact=12389
                                                               ->  Bitmap Index Scan on keyword_id_movie_keyword  (cost=0.00..6.67 rows=299 width=0) (actual time=1.978..1.978 rows=12419 loops=5)
                                                                     Index Cond: (keyword_id = k.id)
                                                   ->  Index Scan using title_pkey on title t  (cost=0.43..0.81 rows=1 width=21) (actual time=0.005..0.005 rows=0 loops=62096)
                                                         Index Cond: (id = mk.movie_id)
                                                         Filter: ((production_year > 2010) AND ((title)::text ~~ 'Vampire%'::text))
                                                         Rows Removed by Filter: 1
                                       ->  Index Scan using movie_id_cast_info on cast_info ci  (cost=0.56..28.93 rows=1 width=8) (actual time=0.068..0.082 rows=1 loops=9)
                                             Index Cond: (movie_id = mk.movie_id)
                                             Filter: ((note)::text = ANY ('{(writer),"(head writer)","(written by)",(story),"(story editor)"}'::text[]))
                                             Rows Removed by Filter: 21
                                 ->  Index Scan using movie_id_movie_info on movie_info mi  (cost=0.43..17.82 rows=1 width=50) (actual time=0.049..0.050 rows=1 loops=6)
                                       Index Cond: (movie_id = mk.movie_id)
                                       Filter: ((info)::text = 'Horror'::text)
                                       Rows Removed by Filter: 20
                           ->  Index Scan using info_type_pkey on info_type it1  (cost=0.14..0.16 rows=1 width=4) (actual time=0.004..0.004 rows=1 loops=6)
                                 Index Cond: (id = mi.info_type_id)
                                 Filter: ((info)::text = 'genres'::text)
                     ->  Index Scan using movie_id_movie_info_idx on movie_info_idx mi_idx  (cost=0.43..0.77 rows=3 width=14) (actual time=0.010..0.010 rows=3 loops=6)
                           Index Cond: (movie_id = mk.movie_id)
               ->  Index Scan using info_type_pkey on info_type it2  (cost=0.14..0.16 rows=1 width=4) (actual time=0.001..0.001 rows=0 loops=18)
                     Index Cond: (id = mi_idx.info_type_id)
                     Filter: ((info)::text = 'votes'::text)
                     Rows Removed by Filter: 1
         ->  Index Scan using name_pkey on name n  (cost=0.43..1.02 rows=1 width=19) (actual time=0.012..0.013 rows=1 loops=6)
               Index Cond: (id = ci.person_id)
               Filter: ((gender)::text = 'm'::text)
 Planning Time: 13.695 ms
 Execution Time: 251.149 ms
(49 rows)

SET
                                                                                                QUERY PLAN                                                                                                
----------------------------------------------------------------------------------------------------------------------------------------------------------------------------------------------------------
 Aggregate  (cost=8700.85..8700.86 rows=1 width=128) (actual time=9063.925..9063.925 rows=1 loops=1)
   ->  Nested Loop  (cost=1012.02..8700.84 rows=1 width=80) (actual time=7.821..9052.461 rows=26153 loops=1)
         Join Filter: (mi.movie_id = t.id)
         ->  Nested Loop  (cost=1011.59..8700.02 rows=1 width=79) (actual time=7.794..8932.006 rows=26153 loops=1)
               ->  Nested Loop  (cost=1011.16..8699.00 rows=1 width=68) (actual time=7.756..8660.316 rows=42900 loops=1)
                     Join Filter: (mi.movie_id = ci.movie_id)
                     ->  Gather  (cost=1010.60..8670.06 rows=1 width=60) (actual time=6.072..783.980 rows=63386 loops=1)
                           Workers Planned: 2
                           Workers Launched: 2
                           ->  Nested Loop  (cost=10.60..7669.96 rows=1 width=60) (actual time=4.754..1269.431 rows=21129 loops=3)
                                 ->  Nested Loop  (cost=10.46..7669.77 rows=1 width=64) (actual time=4.746..1241.715 rows=22577 loops=3)
                                       Join Filter: (mi_idx.movie_id = mi.movie_id)
                                       ->  Hash Join  (cost=10.02..7633.70 rows=2 width=14) (actual time=4.636..243.304 rows=21234 loops=3)
                                             Hash Cond: (mi_idx.info_type_id = it2.id)
                                             ->  Nested Loop  (cost=7.60..7630.47 rows=294 width=18) (actual time=4.544..233.341 rows=63896 loops=3)
                                                   ->  Nested Loop  (cost=7.17..7552.00 rows=98 width=4) (actual time=4.508..115.305 rows=25571 loops=3)
                                                         ->  Parallel Index Scan using keyword_pkey on keyword k  (cost=0.42..4347.40 rows=3 width=4) (actual time=0.270..22.630 rows=2 loops=3)
                                                               Filter: ((keyword)::text = ANY ('{murder,violence,blood,gore,death,female-nudity,hospital}'::text[]))
                                                               Rows Removed by Filter: 44721
                                                         ->  Bitmap Heap Scan on movie_keyword mk  (cost=6.75..1065.21 rows=299 width=8) (actual time=3.155..38.376 rows=10959 loops=7)
                                                               Recheck Cond: (keyword_id = k.id)
                                                               Heap Blocks: exact=12389
                                                               ->  Bitmap Index Scan on keyword_id_movie_keyword  (cost=0.00..6.67 rows=299 width=0) (actual time=1.825..1.825 rows=10959 loops=7)
                                                                     Index Cond: (keyword_id = k.id)
                                                   ->  Index Scan using movie_id_movie_info_idx on movie_info_idx mi_idx  (cost=0.43..0.77 rows=3 width=14) (actual time=0.004..0.004 rows=2 loops=76714)
                                                         Index Cond: (movie_id = mk.movie_id)
                                             ->  Hash  (cost=2.41..2.41 rows=1 width=4) (actual time=0.028..0.029 rows=1 loops=3)
                                                   Buckets: 1024  Batches: 1  Memory Usage: 9kB
                                                   ->  Seq Scan on info_type it2  (cost=0.00..2.41 rows=1 width=4) (actual time=0.022..0.024 rows=1 loops=3)
                                                         Filter: ((info)::text = 'votes'::text)
                                                         Rows Removed by Filter: 112
                                       ->  Index Scan using movie_id_movie_info on movie_info mi  (cost=0.43..18.03 rows=1 width=50) (actual time=0.045..0.047 rows=1 loops=63701)
                                             Index Cond: (movie_id = mk.movie_id)
                                             Filter: ((info)::text = ANY ('{Horror,Action,Sci-Fi,Thriller,Crime,War}'::text[]))
                                             Rows Removed by Filter: 58
                                 ->  Index Scan using info_type_pkey on info_type it1  (cost=0.14..0.16 rows=1 width=4) (actual time=0.001..0.001 rows=1 loops=67732)
                                       Index Cond: (id = mi.info_type_id)
                                       Filter: ((info)::text = 'genres'::text)
                                       Rows Removed by Filter: 0
                     ->  Index Scan using movie_id_cast_info on cast_info ci  (cost=0.56..28.93 rows=1 width=8) (actual time=0.098..0.124 rows=1 loops=63386)
                           Index Cond: (movie_id = mk.movie_id)
                           Filter: ((note)::text = ANY ('{(writer),"(head writer)","(written by)",(story),"(story editor)"}'::text[]))
                           Rows Removed by Filter: 63
               ->  Index Scan using name_pkey on name n  (cost=0.43..1.02 rows=1 width=19) (actual time=0.006..0.006 rows=1 loops=42900)
                     Index Cond: (id = ci.person_id)
                     Filter: ((gender)::text = 'm'::text)
                     Rows Removed by Filter: 0
         ->  Index Scan using title_pkey on title t  (cost=0.43..0.81 rows=1 width=21) (actual time=0.004..0.004 rows=1 loops=26153)
               Index Cond: (id = mk.movie_id)
 Planning Time: 13.885 ms
 Execution Time: 9064.318 ms
(51 rows)

SET
                                                                                                   QUERY PLAN                                                                                                   
----------------------------------------------------------------------------------------------------------------------------------------------------------------------------------------------------------------
 Aggregate  (cost=10239.97..10239.98 rows=1 width=128) (actual time=1137.040..1137.041 rows=1 loops=1)
   ->  Nested Loop  (cost=5.26..10239.96 rows=1 width=54) (actual time=12.280..1136.314 rows=1728 loops=1)
         ->  Nested Loop  (cost=4.83..10233.55 rows=14 width=42) (actual time=1.496..1012.453 rows=58947 loops=1)
               ->  Nested Loop  (cost=4.40..10227.18 rows=14 width=31) (actual time=1.469..707.231 rows=58947 loops=1)
                     Join Filter: (t.id = ci.movie_id)
                     ->  Nested Loop  (cost=3.84..10225.20 rows=1 width=39) (actual time=1.427..563.456 rows=326 loops=1)
                           ->  Nested Loop  (cost=3.42..10223.39 rows=4 width=43) (actual time=0.537..376.243 rows=79039 loops=1)
                                 ->  Nested Loop  (cost=2.98..10219.72 rows=2 width=35) (actual time=0.508..347.768 rows=647 loops=1)
                                       Join Filter: (kt.id = t.kind_id)
                                       Rows Removed by Join Filter: 5355
                                       ->  Seq Scan on kind_type kt  (cost=0.00..1.09 rows=1 width=4) (actual time=0.016..0.018 rows=1 loops=1)
                                             Filter: ((kind)::text = 'movie'::text)
                                             Rows Removed by Filter: 6
                                       ->  Nested Loop  (cost=2.98..10218.42 rows=17 width=39) (actual time=0.384..347.115 rows=6002 loops=1)
                                             Join Filter: (cc.movie_id = t.id)
                                             ->  Nested Loop  (cost=2.55..10175.60 rows=32 width=14) (actual time=0.270..259.559 rows=17898 loops=1)
                                                   Join Filter: (it2.id = mi_idx.info_type_id)
                                                   Rows Removed by Join Filter: 8960
                                                   ->  Seq Scan on info_type it2  (cost=0.00..2.41 rows=1 width=4) (actual time=0.010..0.013 rows=1 loops=1)
                                                         Filter: ((info)::text = 'rating'::text)
                                                         Rows Removed by Filter: 112
                                                   ->  Nested Loop  (cost=2.55..10128.32 rows=3590 width=18) (actual time=0.147..256.094 rows=26858 loops=1)
                                                         ->  Hash Join  (cost=2.12..2996.88 rows=8443 width=4) (actual time=0.078..48.765 rows=85941 loops=1)
                                                               Hash Cond: (cc.status_id = cct2.id)
                                                               ->  Hash Join  (cost=1.06..2813.24 rows=33772 width=8) (actual time=0.030..34.366 rows=85941 loops=1)
                                                                     Hash Cond: (cc.subject_id = cct1.id)
                                                                     ->  Seq Scan on complete_cast cc  (cost=0.00..2081.86 rows=135086 width=12) (actual time=0.011..12.207 rows=135086 loops=1)
                                                                     ->  Hash  (cost=1.05..1.05 rows=1 width=4) (actual time=0.004..0.005 rows=1 loops=1)
                                                                           Buckets: 1024  Batches: 1  Memory Usage: 9kB
                                                                           ->  Seq Scan on comp_cast_type cct1  (cost=0.00..1.05 rows=1 width=4) (actual time=0.001..0.002 rows=1 loops=1)
                                                                                 Filter: ((kind)::text = 'cast'::text)
                                                                                 Rows Removed by Filter: 3
                                                               ->  Hash  (cost=1.05..1.05 rows=1 width=4) (actual time=0.021..0.021 rows=2 loops=1)
                                                                     Buckets: 1024  Batches: 1  Memory Usage: 9kB
                                                                     ->  Seq Scan on comp_cast_type cct2  (cost=0.00..1.05 rows=1 width=4) (actual time=0.015..0.016 rows=2 loops=1)
                                                                           Filter: ((kind)::text ~~ '%complete%'::text)
                                                                           Rows Removed by Filter: 2
                                                         ->  Index Scan using movie_id_movie_info_idx on movie_info_idx mi_idx  (cost=0.43..0.83 rows=1 width=14) (actual time=0.002..0.002 rows=0 loops=85941)
                                                               Index Cond: (movie_id = cc.movie_id)
                                                               Filter: ((info)::text > '7.0'::text)
                                                               Rows Removed by Filter: 2
                                             ->  Index Scan using title_pkey on title t  (cost=0.43..1.33 rows=1 width=25) (actual time=0.005..0.005 rows=0 loops=17898)
                                                   Index Cond: (id = mi_idx.movie_id)
                                                   Filter: (production_year > 2000)
                                                   Rows Removed by Filter: 1
                                 ->  Index Scan using movie_id_movie_keyword on movie_keyword mk  (cost=0.43..1.36 rows=47 width=8) (actual time=0.010..0.029 rows=122 loops=647)
                                       Index Cond: (movie_id = t.id)
                           ->  Index Scan using keyword_pkey on keyword k  (cost=0.42..0.45 rows=1 width=4) (actual time=0.002..0.002 rows=0 loops=79039)
                                 Index Cond: (id = mk.keyword_id)
                                 Filter: ((keyword)::text = ANY ('{superhero,marvel-comics,based-on-comic,tv-special,fight,violence,magnet,web,claw,laser}'::text[]))
                                 Rows Removed by Filter: 1
                     ->  Index Scan using movie_id_cast_info on cast_info ci  (cost=0.56..1.52 rows=37 width=12) (actual time=0.011..0.406 rows=181 loops=326)
                           Index Cond: (movie_id = mk.movie_id)
               ->  Index Scan using name_pkey on name n  (cost=0.43..0.45 rows=1 width=19) (actual time=0.005..0.005 rows=1 loops=58947)
                     Index Cond: (id = ci.person_id)
         ->  Index Scan using char_name_pkey on char_name chn  (cost=0.43..0.46 rows=1 width=20) (actual time=0.002..0.002 rows=0 loops=58947)
               Index Cond: (id = ci.person_role_id)
               Filter: ((name IS NOT NULL) AND (((name)::text ~~ '%man%'::text) OR ((name)::text ~~ '%Man%'::text)))
               Rows Removed by Filter: 0
 Planning Time: 68.953 ms
 Execution Time: 1137.281 ms
(61 rows)

SET
                                                                                                      QUERY PLAN                                                                                                      
----------------------------------------------------------------------------------------------------------------------------------------------------------------------------------------------------------------------
 Aggregate  (cost=7388.77..7388.78 rows=1 width=96) (actual time=280.057..280.057 rows=1 loops=1)
   ->  Nested Loop  (cost=9.45..7388.76 rows=1 width=39) (actual time=30.767..280.013 rows=93 loops=1)
         Join Filter: (cct1.id = cc.subject_id)
         Rows Removed by Join Filter: 87
         ->  Seq Scan on comp_cast_type cct1  (cost=0.00..1.05 rows=1 width=4) (actual time=0.015..0.016 rows=1 loops=1)
               Filter: ((kind)::text = 'cast'::text)
               Rows Removed by Filter: 3
         ->  Nested Loop  (cost=9.45..7387.70 rows=1 width=43) (actual time=30.750..279.973 rows=180 loops=1)
               Join Filter: (cct2.id = cc.status_id)
               Rows Removed by Join Filter: 180
               ->  Seq Scan on comp_cast_type cct2  (cost=0.00..1.05 rows=1 width=4) (actual time=0.002..0.004 rows=2 loops=1)
                     Filter: ((kind)::text ~~ '%complete%'::text)
                     Rows Removed by Filter: 2
               ->  Nested Loop  (cost=9.45..7386.64 rows=1 width=47) (actual time=21.919..139.962 rows=180 loops=2)
                     ->  Nested Loop  (cost=9.03..7386.16 rows=1 width=55) (actual time=19.275..139.514 rows=191 loops=2)
                           ->  Nested Loop  (cost=8.60..7385.70 rows=1 width=59) (actual time=19.259..138.215 rows=191 loops=2)
                                 ->  Nested Loop  (cost=8.17..7379.30 rows=14 width=47) (actual time=19.193..124.155 rows=7981 loops=2)
                                       Join Filter: (t.id = ci.movie_id)
                                       ->  Nested Loop  (cost=7.61..7377.31 rows=1 width=35) (actual time=19.173..106.876 rows=31 loops=2)
                                             Join Filter: (kt.id = t.kind_id)
                                             Rows Removed by Join Filter: 167
                                             ->  Seq Scan on kind_type kt  (cost=0.00..1.09 rows=1 width=4) (actual time=0.005..0.006 rows=1 loops=2)
                                                   Filter: ((kind)::text = 'movie'::text)
                                                   Rows Removed by Filter: 6
                                             ->  Nested Loop  (cost=7.61..7376.21 rows=1 width=39) (actual time=0.823..106.841 rows=198 loops=2)
                                                   ->  Nested Loop  (cost=7.18..7375.73 rows=1 width=14) (actual time=0.807..104.017 rows=313 loops=2)
                                                         Join Filter: (mi_idx.info_type_id = it2.id)
                                                         Rows Removed by Join Filter: 612
                                                         ->  Seq Scan on info_type it2  (cost=0.00..2.41 rows=1 width=4) (actual time=0.009..0.011 rows=1 loops=2)
                                                               Filter: ((info)::text = 'rating'::text)
                                                               Rows Removed by Filter: 112
                                                         ->  Nested Loop  (cost=7.18..7373.13 rows=15 width=18) (actual time=0.692..103.887 rows=925 loops=2)
                                                               ->  Nested Loop  (cost=6.75..7304.56 rows=135 width=4) (actual time=0.595..57.393 rows=9984 loops=2)
                                                                     ->  Seq Scan on keyword k  (cost=0.00..2961.55 rows=4 width=4) (actual time=0.077..21.006 rows=4 loops=2)
                                                                           Filter: ((keyword)::text = ANY ('{superhero,marvel-comics,based-on-comic,fight}'::text[]))
                                                                           Rows Removed by Filter: 134166
                                                                     ->  Bitmap Heap Scan on movie_keyword mk  (cost=6.75..1082.76 rows=299 width=8) (actual time=0.689..8.816 rows=2496 loops=8)
                                                                           Recheck Cond: (keyword_id = k.id)
                                                                           Heap Blocks: exact=15372
                                                                           ->  Bitmap Index Scan on keyword_id_movie_keyword  (cost=0.00..6.67 rows=299 width=0) (actual time=0.383..0.383 rows=2496 loops=8)
                                                                                 Index Cond: (keyword_id = k.id)
                                                               ->  Index Scan using movie_id_movie_info_idx on movie_info_idx mi_idx  (cost=0.43..0.50 rows=1 width=14) (actual time=0.004..0.004 rows=0 loops=19968)
                                                                     Index Cond: (movie_id = mk.movie_id)
                                                                     Filter: ((info)::text > '8.0'::text)
                                                                     Rows Removed by Filter: 2
                                                   ->  Index Scan using title_pkey on title t  (cost=0.43..0.49 rows=1 width=25) (actual time=0.009..0.009 rows=1 loops=626)
                                                         Index Cond: (id = mk.movie_id)
                                                         Filter: (production_year > 2005)
                                                         Rows Removed by Filter: 0
                                       ->  Index Scan using movie_id_cast_info on cast_info ci  (cost=0.56..1.52 rows=37 width=12) (actual time=0.013..0.515 rows=257 loops=62)
                                             Index Cond: (movie_id = mk.movie_id)
                                 ->  Index Scan using char_name_pkey on char_name chn  (cost=0.43..0.46 rows=1 width=20) (actual time=0.002..0.002 rows=0 loops=15962)
                                       Index Cond: (id = ci.person_role_id)
                                       Filter: ((name IS NOT NULL) AND (((name)::text ~~ '%man%'::text) OR ((name)::text ~~ '%Man%'::text)))
                                       Rows Removed by Filter: 0
                           ->  Index Only Scan using name_pkey on name n  (cost=0.43..0.45 rows=1 width=4) (actual time=0.006..0.006 rows=1 loops=382)
                                 Index Cond: (id = ci.person_id)
                                 Heap Fetches: 382
                     ->  Index Scan using movie_id_complete_cast on complete_cast cc  (cost=0.42..0.46 rows=2 width=12) (actual time=0.002..0.002 rows=1 loops=382)
                           Index Cond: (movie_id = t.id)
 Planning Time: 70.745 ms
 Execution Time: 280.335 ms
(62 rows)

SET
                                                                                                   QUERY PLAN                                                                                                   
----------------------------------------------------------------------------------------------------------------------------------------------------------------------------------------------------------------
 Aggregate  (cost=14668.28..14668.29 rows=1 width=96) (actual time=1548.641..1548.642 rows=1 loops=1)
   ->  Nested Loop  (cost=9.45..14668.27 rows=1 width=39) (actual time=8.212..1546.820 rows=5400 loops=1)
         ->  Nested Loop  (cost=9.02..14667.82 rows=1 width=43) (actual time=8.185..1502.069 rows=5400 loops=1)
               Join Filter: (it2.id = mi_idx.info_type_id)
               Rows Removed by Join Filter: 11196
               ->  Seq Scan on info_type it2  (cost=0.00..2.41 rows=1 width=4) (actual time=0.013..0.015 rows=1 loops=1)
                     Filter: ((info)::text = 'rating'::text)
                     Rows Removed by Filter: 112
               ->  Nested Loop  (cost=9.02..14665.39 rows=1 width=47) (actual time=8.170..1500.095 rows=16596 loops=1)
                     Join Filter: (t.id = mi_idx.movie_id)
                     ->  Nested Loop  (cost=8.59..14664.88 rows=1 width=53) (actual time=8.153..1477.925 rows=5406 loops=1)
                           ->  Nested Loop  (cost=8.16..14658.47 rows=14 width=41) (actual time=7.861..1047.528 rows=189844 loops=1)
                                 Join Filter: (t.id = ci.movie_id)
                                 ->  Nested Loop  (cost=7.60..14656.48 rows=1 width=29) (actual time=7.830..502.937 rows=1267 loops=1)
                                       Join Filter: (cct2.id = cc.status_id)
                                       Rows Removed by Join Filter: 1267
                                       ->  Seq Scan on comp_cast_type cct2  (cost=0.00..1.05 rows=1 width=4) (actual time=0.009..0.010 rows=2 loops=1)
                                             Filter: ((kind)::text ~~ '%complete%'::text)
                                             Rows Removed by Filter: 2
                                       ->  Nested Loop  (cost=7.60..14655.42 rows=1 width=33) (actual time=5.793..251.188 rows=1267 loops=2)
                                             Join Filter: (cct1.id = cc.subject_id)
                                             Rows Removed by Join Filter: 218
                                             ->  Seq Scan on comp_cast_type cct1  (cost=0.00..1.05 rows=1 width=4) (actual time=0.001..0.002 rows=1 loops=2)
                                                   Filter: ((kind)::text = 'cast'::text)
                                                   Rows Removed by Filter: 3
                                             ->  Nested Loop  (cost=7.60..14654.36 rows=1 width=37) (actual time=5.790..250.840 rows=1485 loops=2)
                                                   ->  Nested Loop  (cost=7.18..14641.93 rows=26 width=25) (actual time=5.707..237.030 rows=5032 loops=2)
                                                         Join Filter: (kt.id = t.kind_id)
                                                         Rows Removed by Join Filter: 5581
                                                         ->  Seq Scan on kind_type kt  (cost=0.00..1.09 rows=1 width=4) (actual time=0.004..0.006 rows=1 loops=2)
                                                               Filter: ((kind)::text = 'movie'::text)
                                                               Rows Removed by Filter: 6
                                                         ->  Nested Loop  (cost=7.18..14638.55 rows=183 width=29) (actual time=0.654..235.644 rows=10613 loops=2)
                                                               ->  Nested Loop  (cost=6.75..14474.11 rows=337 width=4) (actual time=0.638..111.044 rows=24091 loops=2)
                                                                     ->  Seq Scan on keyword k  (cost=0.00..3967.82 rows=10 width=4) (actual time=0.137..37.319 rows=10 loops=2)
                                                                           Filter: ((keyword)::text = ANY ('{superhero,marvel-comics,based-on-comic,tv-special,fight,violence,magnet,web,claw,laser}'::text[]))
                                                                           Rows Removed by Filter: 134160
                                                                     ->  Bitmap Heap Scan on movie_keyword mk  (cost=6.75..1047.64 rows=299 width=8) (actual time=0.653..7.065 rows=2409 loops=20)
                                                                           Recheck Cond: (keyword_id = k.id)
                                                                           Heap Blocks: exact=34254
                                                                           ->  Bitmap Index Scan on keyword_id_movie_keyword  (cost=0.00..6.67 rows=299 width=0) (actual time=0.368..0.368 rows=2409 loops=20)
                                                                                 Index Cond: (keyword_id = k.id)
                                                               ->  Index Scan using title_pkey on title t  (cost=0.43..0.49 rows=1 width=25) (actual time=0.005..0.005 rows=0 loops=48182)
                                                                     Index Cond: (id = mk.movie_id)
                                                                     Filter: (production_year > 2000)
                                                                     Rows Removed by Filter: 1
                                                   ->  Index Scan using movie_id_complete_cast on complete_cast cc  (cost=0.42..0.46 rows=2 width=12) (actual time=0.002..0.002 rows=0 loops=10064)
                                                         Index Cond: (movie_id = t.id)
                                 ->  Index Scan using movie_id_cast_info on cast_info ci  (cost=0.56..1.52 rows=37 width=12) (actual time=0.012..0.404 rows=150 loops=1267)
                                       Index Cond: (movie_id = mk.movie_id)
                           ->  Index Scan using char_name_pkey on char_name chn  (cost=0.43..0.46 rows=1 width=20) (actual time=0.002..0.002 rows=0 loops=189844)
                                 Index Cond: (id = ci.person_role_id)
                                 Filter: ((name IS NOT NULL) AND (((name)::text ~~ '%man%'::text) OR ((name)::text ~~ '%Man%'::text)))
                                 Rows Removed by Filter: 0
                     ->  Index Scan using movie_id_movie_info_idx on movie_info_idx mi_idx  (cost=0.43..0.48 rows=3 width=14) (actual time=0.003..0.003 rows=3 loops=5406)
                           Index Cond: (movie_id = ci.movie_id)
         ->  Index Only Scan using name_pkey on name n  (cost=0.43..0.45 rows=1 width=4) (actual time=0.008..0.008 rows=1 loops=5400)
               Index Cond: (id = ci.person_id)
               Heap Fetches: 5400
 Planning Time: 68.994 ms
 Execution Time: 1548.889 ms
(61 rows)

SET
                                                                                                         QUERY PLAN                                                                                                          
-----------------------------------------------------------------------------------------------------------------------------------------------------------------------------------------------------------------------------
 Aggregate  (cost=3308.26..3308.27 rows=1 width=96) (actual time=26.274..26.274 rows=1 loops=1)
   ->  Nested Loop  (cost=6.00..3308.26 rows=1 width=118) (actual time=3.487..26.153 rows=477 loops=1)
         ->  Nested Loop  (cost=5.58..3307.80 rows=1 width=103) (actual time=3.462..24.129 rows=1106 loops=1)
               Join Filter: (ct.id = mc.company_type_id)
               Rows Removed by Join Filter: 57
               ->  Seq Scan on company_type ct  (cost=0.00..1.05 rows=1 width=4) (actual time=0.016..0.017 rows=1 loops=1)
                     Filter: ((kind)::text = 'production companies'::text)
                     Rows Removed by Filter: 3
               ->  Nested Loop  (cost=5.58..3306.72 rows=2 width=107) (actual time=3.444..23.990 rows=1163 loops=1)
                     Join Filter: (ml.movie_id = mc.movie_id)
                     ->  Nested Loop  (cost=5.15..3306.16 rows=1 width=119) (actual time=3.421..23.293 rows=154 loops=1)
                           ->  Nested Loop  (cost=4.73..2463.07 rows=1911 width=123) (actual time=3.376..20.176 rows=1853 loops=1)
                                 Join Filter: (ml.movie_id = mk.movie_id)
                                 ->  Nested Loop  (cost=4.29..2380.91 rows=41 width=115) (actual time=3.354..19.250 rows=213 loops=1)
                                       Join Filter: (ml.movie_id = mi.movie_id)
                                       ->  Nested Loop  (cost=3.86..2105.18 rows=121 width=111) (actual time=0.964..14.133 rows=179 loops=1)
                                             Join Filter: (ml.movie_id = t.id)
                                             ->  Hash Join  (cost=3.43..1527.00 rows=333 width=90) (actual time=0.940..13.148 rows=189 loops=1)
                                                   Hash Cond: (ml.link_type_id = lt.id)
                                                   ->  Merge Join  (cost=2.19..1506.31 rows=6002 width=12) (actual time=0.065..12.862 rows=3346 loops=1)
                                                         Merge Cond: (cc.movie_id = ml.movie_id)
                                                         ->  Nested Loop  (cost=0.42..9294.58 rows=16886 width=4) (actual time=0.030..5.072 rows=5561 loops=1)
                                                               Join Filter: (cc.subject_id = cct1.id)
                                                               Rows Removed by Join Filter: 2227
                                                               ->  Nested Loop  (cost=0.42..8364.79 rows=33772 width=8) (actual time=0.021..3.701 rows=5561 loops=1)
                                                                     Join Filter: (cct2.id = cc.status_id)
                                                                     Rows Removed by Join Filter: 432
                                                                     ->  Index Scan using movie_id_complete_cast on complete_cast cc  (cost=0.42..6337.45 rows=135086 width=12) (actual time=0.008..2.303 rows=5993 loops=1)
                                                                     ->  Materialize  (cost=0.00..1.05 rows=1 width=4) (actual time=0.000..0.000 rows=1 loops=5993)
                                                                           ->  Seq Scan on comp_cast_type cct2  (cost=0.00..1.05 rows=1 width=4) (actual time=0.007..0.008 rows=1 loops=1)
                                                                                 Filter: ((kind)::text = 'complete'::text)
                                                                                 Rows Removed by Filter: 3
                                                               ->  Materialize  (cost=0.00..1.06 rows=2 width=4) (actual time=0.000..0.000 rows=1 loops=5561)
                                                                     ->  Seq Scan on comp_cast_type cct1  (cost=0.00..1.05 rows=2 width=4) (actual time=0.002..0.002 rows=2 loops=1)
                                                                           Filter: ((kind)::text = ANY ('{cast,crew}'::text[]))
                                                         ->  Index Scan using movie_id_movie_link on movie_link ml  (cost=0.29..959.51 rows=29997 width=8) (actual time=0.007..5.219 rows=30638 loops=1)
                                                   ->  Hash  (cost=1.23..1.23 rows=1 width=86) (actual time=0.018..0.018 rows=2 loops=1)
                                                         Buckets: 1024  Batches: 1  Memory Usage: 9kB
                                                         ->  Seq Scan on link_type lt  (cost=0.00..1.23 rows=1 width=86) (actual time=0.010..0.013 rows=2 loops=1)
                                                               Filter: ((link)::text ~~ '%follow%'::text)
                                                               Rows Removed by Filter: 16
                                             ->  Index Scan using title_pkey on title t  (cost=0.43..1.72 rows=1 width=21) (actual time=0.005..0.005 rows=1 loops=189)
                                                   Index Cond: (id = cc.movie_id)
                                                   Filter: ((production_year >= 1950) AND (production_year <= 2000))
                                                   Rows Removed by Filter: 0
                                       ->  Index Scan using movie_id_movie_info on movie_info mi  (cost=0.43..2.27 rows=1 width=4) (actual time=0.027..0.028 rows=1 loops=179)
                                             Index Cond: (movie_id = t.id)
                                             Filter: ((info)::text = ANY ('{Sweden,Germany,Swedish,German}'::text[]))
                                             Rows Removed by Filter: 27
                                 ->  Index Scan using movie_id_movie_keyword on movie_keyword mk  (cost=0.43..1.42 rows=47 width=8) (actual time=0.002..0.003 rows=9 loops=213)
                                       Index Cond: (movie_id = t.id)
                           ->  Index Scan using keyword_pkey on keyword k  (cost=0.42..0.44 rows=1 width=4) (actual time=0.002..0.002 rows=0 loops=1853)
                                 Index Cond: (id = mk.keyword_id)
                                 Filter: ((keyword)::text = 'sequel'::text)
                                 Rows Removed by Filter: 1
                     ->  Index Scan using movie_id_movie_companies on movie_companies mc  (cost=0.43..0.54 rows=2 width=12) (actual time=0.002..0.003 rows=8 loops=154)
                           Index Cond: (movie_id = mk.movie_id)
                           Filter: (note IS NULL)
                           Rows Removed by Filter: 1
         ->  Index Scan using company_name_pkey on company_name cn  (cost=0.42..0.46 rows=1 width=23) (actual time=0.002..0.002 rows=0 loops=1106)
               Index Cond: (id = mc.company_id)
               Filter: (((country_code)::text <> '[pl]'::text) AND (((name)::text ~~ '%Film%'::text) OR ((name)::text ~~ '%Warner%'::text)))
               Rows Removed by Filter: 1
 Planning Time: 69.930 ms
 Execution Time: 26.526 ms
(65 rows)

SET
                                                                                                         QUERY PLAN                                                                                                          
-----------------------------------------------------------------------------------------------------------------------------------------------------------------------------------------------------------------------------
 Aggregate  (cost=2420.10..2420.11 rows=1 width=96) (actual time=35.685..35.685 rows=1 loops=1)
   ->  Nested Loop  (cost=3.52..2420.10 rows=1 width=118) (actual time=25.598..35.622 rows=247 loops=1)
         Join Filter: (ml.movie_id = mi.movie_id)
         ->  Nested Loop  (cost=3.08..2418.52 rows=1 width=138) (actual time=25.566..34.961 rows=95 loops=1)
               ->  Nested Loop  (cost=2.66..2397.77 rows=47 width=142) (actual time=25.504..33.777 rows=703 loops=1)
                     Join Filter: (ml.movie_id = mk.movie_id)
                     ->  Nested Loop  (cost=2.23..2395.81 rows=1 width=134) (actual time=25.483..33.401 rows=95 loops=1)
                           ->  Nested Loop  (cost=1.81..2395.35 rows=1 width=119) (actual time=25.468..33.045 rows=190 loops=1)
                                 Join Filter: (ml.movie_id = t.id)
                                 ->  Nested Loop  (cost=1.38..2375.69 rows=33 width=98) (actual time=1.921..31.673 rows=705 loops=1)
                                       Join Filter: (lt.id = ml.link_type_id)
                                       Rows Removed by Join Filter: 10769
                                       ->  Merge Join  (cost=1.38..2365.44 rows=601 width=20) (actual time=0.432..29.727 rows=5794 loops=1)
                                             Merge Cond: (mc.movie_id = ml.movie_id)
                                             ->  Nested Loop  (cost=0.85..33746.92 rows=10432 width=12) (actual time=0.397..22.175 rows=4702 loops=1)
                                                   Join Filter: (ct.id = mc.company_type_id)
                                                   Rows Removed by Join Filter: 109
                                                   ->  Nested Loop  (cost=0.85..33119.98 rows=41726 width=16) (actual time=0.391..21.074 rows=4811 loops=1)
                                                         ->  Nested Loop  (cost=0.42..11067.56 rows=16886 width=4) (actual time=0.021..5.033 rows=5561 loops=1)
                                                               Join Filter: (cc.status_id = cct2.id)
                                                               Rows Removed by Join Filter: 432
                                                               ->  Nested Loop  (cost=0.42..10053.37 rows=67543 width=8) (actual time=0.016..3.753 rows=5993 loops=1)
                                                                     Join Filter: (cct1.id = cc.subject_id)
                                                                     Rows Removed by Join Filter: 2305
                                                                     ->  Index Scan using movie_id_complete_cast on complete_cast cc  (cost=0.42..6337.45 rows=135086 width=12) (actual time=0.005..1.929 rows=5993 loops=1)
                                                                     ->  Materialize  (cost=0.00..1.06 rows=2 width=4) (actual time=0.000..0.000 rows=1 loops=5993)
                                                                           ->  Seq Scan on comp_cast_type cct1  (cost=0.00..1.05 rows=2 width=4) (actual time=0.005..0.006 rows=2 loops=1)
                                                                                 Filter: ((kind)::text = ANY ('{cast,crew}'::text[]))
                                                               ->  Materialize  (cost=0.00..1.05 rows=1 width=4) (actual time=0.000..0.000 rows=1 loops=5993)
                                                                     ->  Seq Scan on comp_cast_type cct2  (cost=0.00..1.05 rows=1 width=4) (actual time=0.002..0.002 rows=1 loops=1)
                                                                           Filter: ((kind)::text = 'complete'::text)
                                                                           Rows Removed by Filter: 3
                                                         ->  Index Scan using movie_id_movie_companies on movie_companies mc  (cost=0.43..1.29 rows=2 width=12) (actual time=0.002..0.003 rows=1 loops=5561)
                                                               Index Cond: (movie_id = cc.movie_id)
                                                               Filter: (note IS NULL)
                                                               Rows Removed by Filter: 2
                                                   ->  Materialize  (cost=0.00..1.05 rows=1 width=4) (actual time=0.000..0.000 rows=1 loops=4811)
                                                         ->  Seq Scan on company_type ct  (cost=0.00..1.05 rows=1 width=4) (actual time=0.002..0.003 rows=1 loops=1)
                                                               Filter: ((kind)::text = 'production companies'::text)
                                                               Rows Removed by Filter: 3
                                             ->  Index Scan using movie_id_movie_link on movie_link ml  (cost=0.29..959.51 rows=29997 width=8) (actual time=0.008..4.578 rows=33634 loops=1)
                                       ->  Materialize  (cost=0.00..1.23 rows=1 width=86) (actual time=0.000..0.000 rows=2 loops=5794)
                                             ->  Seq Scan on link_type lt  (cost=0.00..1.23 rows=1 width=86) (actual time=0.002..0.005 rows=2 loops=1)
                                                   Filter: ((link)::text ~~ '%follow%'::text)
                                                   Rows Removed by Filter: 16
                                 ->  Index Scan using title_pkey on title t  (cost=0.43..0.58 rows=1 width=21) (actual time=0.002..0.002 rows=0 loops=705)
                                       Index Cond: (id = mc.movie_id)
                                       Filter: (production_year = 1998)
                                       Rows Removed by Filter: 1
                           ->  Index Scan using company_name_pkey on company_name cn  (cost=0.42..0.46 rows=1 width=23) (actual time=0.002..0.002 rows=0 loops=190)
                                 Index Cond: (id = mc.company_id)
                                 Filter: (((country_code)::text <> '[pl]'::text) AND (((name)::text ~~ '%Film%'::text) OR ((name)::text ~~ '%Warner%'::text)))
                                 Rows Removed by Filter: 0
                     ->  Index Scan using movie_id_movie_keyword on movie_keyword mk  (cost=0.43..1.37 rows=47 width=8) (actual time=0.002..0.003 rows=7 loops=95)
                           Index Cond: (movie_id = mc.movie_id)
               ->  Index Scan using keyword_pkey on keyword k  (cost=0.42..0.44 rows=1 width=4) (actual time=0.001..0.001 rows=0 loops=703)
                     Index Cond: (id = mk.keyword_id)
                     Filter: ((keyword)::text = 'sequel'::text)
                     Rows Removed by Filter: 1
         ->  Index Scan using movie_id_movie_info on movie_info mi  (cost=0.43..1.56 rows=1 width=4) (actual time=0.005..0.006 rows=3 loops=95)
               Index Cond: (movie_id = mk.movie_id)
               Filter: ((info)::text = ANY ('{Sweden,Germany,Swedish,German}'::text[]))
               Rows Removed by Filter: 10
 Planning Time: 69.261 ms
 Execution Time: 35.915 ms
(65 rows)

SET
                                                                                                         QUERY PLAN                                                                                                          
-----------------------------------------------------------------------------------------------------------------------------------------------------------------------------------------------------------------------------
 Aggregate  (cost=3422.73..3422.74 rows=1 width=96) (actual time=41.358..41.358 rows=1 loops=1)
   ->  Nested Loop  (cost=3.38..3422.71 rows=3 width=118) (actual time=6.153..41.199 rows=743 loops=1)
         Join Filter: (ml.movie_id = mi.movie_id)
         ->  Nested Loop  (cost=2.94..3420.85 rows=1 width=138) (actual time=6.132..39.282 rows=172 loops=1)
               Join Filter: (mc.company_type_id = ct.id)
               Rows Removed by Join Filter: 19
               ->  Nested Loop  (cost=2.94..3419.79 rows=1 width=142) (actual time=6.127..39.075 rows=191 loops=1)
                     ->  Nested Loop  (cost=2.52..3378.74 rows=93 width=146) (actual time=3.424..33.339 rows=3396 loops=1)
                           Join Filter: (ml.movie_id = mk.movie_id)
                           ->  Nested Loop  (cost=2.09..3374.90 rows=2 width=138) (actual time=3.399..31.738 rows=298 loops=1)
                                 Join Filter: (lt.id = ml.link_type_id)
                                 Rows Removed by Join Filter: 1113
                                 ->  Merge Join  (cost=2.09..3373.07 rows=40 width=60) (actual time=2.498..31.457 rows=720 loops=1)
                                       Merge Cond: (t.id = ml.movie_id)
                                       ->  Nested Loop  (cost=1.70..32069.95 rows=3391 width=52) (actual time=1.365..25.558 rows=161 loops=1)
                                             ->  Nested Loop  (cost=1.27..29418.97 rows=4524 width=31) (actual time=1.342..23.984 rows=174 loops=1)
                                                   ->  Nested Loop  (cost=0.85..19898.64 rows=20863 width=16) (actual time=0.268..14.440 rows=3375 loops=1)
                                                         ->  Nested Loop  (cost=0.42..8872.43 rows=8443 width=4) (actual time=0.025..4.617 rows=3834 loops=1)
                                                               Join Filter: (cct2.id = cc.status_id)
                                                               Rows Removed by Join Filter: 372
                                                               ->  Nested Loop  (cost=0.42..8364.79 rows=33772 width=8) (actual time=0.014..3.699 rows=3834 loops=1)
                                                                     Join Filter: (cct1.id = cc.subject_id)
                                                                     Rows Removed by Join Filter: 2385
                                                                     ->  Index Scan using movie_id_complete_cast on complete_cast cc  (cost=0.42..6337.45 rows=135086 width=12) (actual time=0.005..2.060 rows=6219 loops=1)
                                                                     ->  Materialize  (cost=0.00..1.05 rows=1 width=4) (actual time=0.000..0.000 rows=1 loops=6219)
                                                                           ->  Seq Scan on comp_cast_type cct1  (cost=0.00..1.05 rows=1 width=4) (actual time=0.004..0.005 rows=1 loops=1)
                                                                                 Filter: ((kind)::text = 'cast'::text)
                                                                                 Rows Removed by Filter: 3
                                                               ->  Materialize  (cost=0.00..1.05 rows=1 width=4) (actual time=0.000..0.000 rows=1 loops=3834)
                                                                     ->  Seq Scan on comp_cast_type cct2  (cost=0.00..1.05 rows=1 width=4) (actual time=0.007..0.008 rows=2 loops=1)
                                                                           Filter: ((kind)::text ~~ 'complete%'::text)
                                                                           Rows Removed by Filter: 2
                                                         ->  Index Scan using movie_id_movie_companies on movie_companies mc  (cost=0.43..1.29 rows=2 width=12) (actual time=0.002..0.002 rows=1 loops=3834)
                                                               Index Cond: (movie_id = cc.movie_id)
                                                               Filter: (note IS NULL)
                                                               Rows Removed by Filter: 2
                                                   ->  Index Scan using company_name_pkey on company_name cn  (cost=0.42..0.46 rows=1 width=23) (actual time=0.003..0.003 rows=0 loops=3375)
                                                         Index Cond: (id = mc.company_id)
                                                         Filter: (((country_code)::text <> '[pl]'::text) AND (((name)::text ~~ '%Film%'::text) OR ((name)::text ~~ '%Warner%'::text)))
                                                         Rows Removed by Filter: 1
                                             ->  Index Scan using title_pkey on title t  (cost=0.43..0.59 rows=1 width=21) (actual time=0.009..0.009 rows=1 loops=174)
                                                   Index Cond: (id = mc.movie_id)
                                                   Filter: ((production_year >= 1950) AND (production_year <= 2010))
                                                   Rows Removed by Filter: 0
                                       ->  Index Scan using movie_id_movie_link on movie_link ml  (cost=0.29..959.51 rows=29997 width=8) (actual time=0.008..3.893 rows=30313 loops=1)
                                 ->  Materialize  (cost=0.00..1.23 rows=1 width=86) (actual time=0.000..0.000 rows=2 loops=720)
                                       ->  Seq Scan on link_type lt  (cost=0.00..1.23 rows=1 width=86) (actual time=0.002..0.006 rows=2 loops=1)
                                             Filter: ((link)::text ~~ '%follow%'::text)
                                             Rows Removed by Filter: 16
                           ->  Index Scan using movie_id_movie_keyword on movie_keyword mk  (cost=0.43..1.33 rows=47 width=8) (actual time=0.002..0.003 rows=11 loops=298)
                                 Index Cond: (movie_id = t.id)
                     ->  Index Scan using keyword_pkey on keyword k  (cost=0.42..0.44 rows=1 width=4) (actual time=0.002..0.002 rows=0 loops=3396)
                           Index Cond: (id = mk.keyword_id)
                           Filter: ((keyword)::text = 'sequel'::text)
                           Rows Removed by Filter: 1
               ->  Seq Scan on company_type ct  (cost=0.00..1.05 rows=1 width=4) (actual time=0.000..0.001 rows=1 loops=191)
                     Filter: ((kind)::text = 'production companies'::text)
                     Rows Removed by Filter: 1
         ->  Index Scan using movie_id_movie_info on movie_info mi  (cost=0.43..1.82 rows=3 width=4) (actual time=0.008..0.010 rows=4 loops=172)
               Index Cond: (movie_id = mk.movie_id)
               Filter: ((info)::text = ANY ('{Sweden,Norway,Germany,Denmark,Swedish,Denish,Norwegian,German,English}'::text[]))
               Rows Removed by Filter: 15
 Planning Time: 70.128 ms
 Execution Time: 41.579 ms
(64 rows)

SET
                                                                                                            QUERY PLAN                                                                                                            
----------------------------------------------------------------------------------------------------------------------------------------------------------------------------------------------------------------------------------
 Aggregate  (cost=7394.90..7394.91 rows=1 width=96) (actual time=499.736..499.736 rows=1 loops=1)
   ->  Nested Loop  (cost=9.31..7394.89 rows=1 width=42) (actual time=5.990..498.613 rows=4803 loops=1)
         Join Filter: (ct.id = mc.company_type_id)
         ->  Nested Loop  (cost=9.31..7393.80 rows=1 width=46) (actual time=5.987..494.605 rows=4803 loops=1)
               ->  Nested Loop  (cost=8.89..7393.26 rows=1 width=31) (actual time=5.977..479.687 rows=4955 loops=1)
                     Join Filter: (t.id = mc.movie_id)
                     ->  Nested Loop  (cost=8.46..7392.68 rows=1 width=43) (actual time=5.946..470.020 rows=432 loops=1)
                           Join Filter: (it1.id = mi.info_type_id)
                           Rows Removed by Join Filter: 49
                           ->  Seq Scan on info_type it1  (cost=0.00..2.41 rows=1 width=4) (actual time=0.006..0.013 rows=1 loops=1)
                                 Filter: ((info)::text = 'countries'::text)
                                 Rows Removed by Filter: 112
                           ->  Nested Loop  (cost=8.46..7390.25 rows=1 width=47) (actual time=5.938..469.888 rows=481 loops=1)
                                 Join Filter: (t.id = mi.movie_id)
                                 ->  Nested Loop  (cost=8.03..7388.35 rows=1 width=39) (actual time=5.877..413.864 rows=473 loops=1)
                                       Join Filter: (cc.status_id = cct2.id)
                                       Rows Removed by Join Filter: 1159
                                       ->  Nested Loop  (cost=8.03..7387.27 rows=1 width=43) (actual time=5.874..412.938 rows=544 loops=1)
                                             Join Filter: (kt.id = t.kind_id)
                                             Rows Removed by Join Filter: 244
                                             ->  Nested Loop  (cost=8.03..7386.15 rows=1 width=47) (actual time=5.860..411.861 rows=596 loops=1)
                                                   ->  Nested Loop  (cost=7.60..7385.67 rows=1 width=22) (actual time=5.836..372.691 rows=5973 loops=1)
                                                         Join Filter: (cct1.id = cc.subject_id)
                                                         Rows Removed by Join Filter: 13371
                                                         ->  Seq Scan on comp_cast_type cct1  (cost=0.00..1.05 rows=1 width=4) (actual time=0.002..0.002 rows=1 loops=1)
                                                               Filter: ((kind)::text = 'crew'::text)
                                                               Rows Removed by Filter: 3
                                                         ->  Nested Loop  (cost=7.60..7384.57 rows=4 width=26) (actual time=5.314..370.649 rows=19344 loops=1)
                                                               ->  Nested Loop  (cost=7.18..7383.14 rows=3 width=14) (actual time=4.490..309.388 rows=31800 loops=1)
                                                                     Join Filter: (mi_idx.info_type_id = it2.id)
                                                                     Rows Removed by Join Filter: 62093
                                                                     ->  Seq Scan on info_type it2  (cost=0.00..2.41 rows=1 width=4) (actual time=0.008..0.010 rows=1 loops=1)
                                                                           Filter: ((info)::text = 'rating'::text)
                                                                           Rows Removed by Filter: 112
                                                                     ->  Nested Loop  (cost=7.18..7375.83 rows=392 width=18) (actual time=4.478..300.810 rows=93893 loops=1)
                                                                           ->  Nested Loop  (cost=6.75..7304.56 rows=135 width=4) (actual time=4.453..146.023 rows=37091 loops=1)
                                                                                 ->  Seq Scan on keyword k  (cost=0.00..2961.55 rows=4 width=4) (actual time=1.086..20.796 rows=3 loops=1)
                                                                                       Filter: ((keyword)::text = ANY ('{murder,murder-in-title,blood,violence}'::text[]))
                                                                                       Rows Removed by Filter: 134167
                                                                                 ->  Bitmap Heap Scan on movie_keyword mk  (cost=6.75..1082.76 rows=299 width=8) (actual time=3.392..40.249 rows=12364 loops=3)
                                                                                       Recheck Cond: (keyword_id = k.id)
                                                                                       Heap Blocks: exact=26312
                                                                                       ->  Bitmap Index Scan on keyword_id_movie_keyword  (cost=0.00..6.67 rows=299 width=0) (actual time=1.855..1.855 rows=12364 loops=3)
                                                                                             Index Cond: (keyword_id = k.id)
                                                                           ->  Index Scan using movie_id_movie_info_idx on movie_info_idx mi_idx  (cost=0.43..0.50 rows=3 width=14) (actual time=0.003..0.004 rows=3 loops=37091)
                                                                                 Index Cond: (movie_id = mk.movie_id)
                                                                                 Filter: ((info)::text < '8.5'::text)
                                                                                 Rows Removed by Filter: 0
                                                               ->  Index Scan using movie_id_complete_cast on complete_cast cc  (cost=0.42..0.46 rows=2 width=12) (actual time=0.001..0.002 rows=1 loops=31800)
                                                                     Index Cond: (movie_id = mk.movie_id)
                                                   ->  Index Scan using title_pkey on title t  (cost=0.43..0.49 rows=1 width=25) (actual time=0.006..0.006 rows=0 loops=5973)
                                                         Index Cond: (id = mk.movie_id)
                                                         Filter: (production_year > 2000)
                                                         Rows Removed by Filter: 1
                                             ->  Seq Scan on kind_type kt  (cost=0.00..1.09 rows=2 width=4) (actual time=0.001..0.001 rows=1 loops=596)
                                                   Filter: ((kind)::text = ANY ('{movie,episode}'::text[]))
                                                   Rows Removed by Filter: 2
                                       ->  Seq Scan on comp_cast_type cct2  (cost=0.00..1.05 rows=3 width=4) (actual time=0.000..0.001 rows=3 loops=544)
                                             Filter: ((kind)::text <> 'complete+verified'::text)
                                             Rows Removed by Filter: 0
                                 ->  Index Scan using movie_id_movie_info on movie_info mi  (cost=0.43..1.87 rows=2 width=8) (actual time=0.102..0.118 rows=1 loops=473)
                                       Index Cond: (movie_id = mk.movie_id)
                                       Filter: ((info)::text = ANY ('{Sweden,Norway,Germany,Denmark,Swedish,Danish,Norwegian,German,USA,American}'::text[]))
                                       Rows Removed by Filter: 139
                     ->  Index Scan using movie_id_movie_companies on movie_companies mc  (cost=0.43..0.57 rows=1 width=12) (actual time=0.010..0.020 rows=11 loops=432)
                           Index Cond: (movie_id = mk.movie_id)
                           Filter: (((note)::text !~~ '%(USA)%'::text) AND ((note)::text ~~ '%(200%)%'::text))
                           Rows Removed by Filter: 10
               ->  Index Scan using company_name_pkey on company_name cn  (cost=0.42..0.55 rows=1 width=23) (actual time=0.003..0.003 rows=1 loops=4955)
                     Index Cond: (id = mc.company_id)
                     Filter: ((country_code)::text <> '[us]'::text)
                     Rows Removed by Filter: 0
         ->  Seq Scan on company_type ct  (cost=0.00..1.04 rows=4 width=4) (actual time=0.000..0.000 rows=1 loops=4803)
 Planning Time: 86.686 ms
 Execution Time: 499.976 ms
(75 rows)

SET
                                                                                                            QUERY PLAN                                                                                                            
----------------------------------------------------------------------------------------------------------------------------------------------------------------------------------------------------------------------------------
 Aggregate  (cost=7387.11..7387.12 rows=1 width=96) (actual time=381.521..381.521 rows=1 loops=1)
   ->  Nested Loop  (cost=9.31..7387.10 rows=1 width=42) (actual time=8.160..381.463 rows=148 loops=1)
         ->  Nested Loop  (cost=8.89..7386.56 rows=1 width=27) (actual time=8.129..380.692 rows=150 loops=1)
               Join Filter: (ct.id = mc.company_type_id)
               ->  Nested Loop  (cost=8.89..7385.47 rows=1 width=31) (actual time=8.121..380.541 rows=150 loops=1)
                     Join Filter: (t.id = mc.movie_id)
                     ->  Nested Loop  (cost=8.46..7384.89 rows=1 width=43) (actual time=8.083..380.088 rows=13 loops=1)
                           Join Filter: (it1.id = mi.info_type_id)
                           Rows Removed by Join Filter: 7
                           ->  Seq Scan on info_type it1  (cost=0.00..2.41 rows=1 width=4) (actual time=0.006..0.013 rows=1 loops=1)
                                 Filter: ((info)::text = 'countries'::text)
                                 Rows Removed by Filter: 112
                           ->  Nested Loop  (cost=8.46..7382.46 rows=1 width=47) (actual time=8.076..380.065 rows=20 loops=1)
                                 Join Filter: (t.id = mi.movie_id)
                                 ->  Nested Loop  (cost=8.03..7380.89 rows=1 width=39) (actual time=6.334..365.264 rows=179 loops=1)
                                       Join Filter: (cct2.id = cc.status_id)
                                       Rows Removed by Join Filter: 394
                                       ->  Nested Loop  (cost=8.03..7379.81 rows=1 width=43) (actual time=6.330..364.948 rows=191 loops=1)
                                             Join Filter: (cct1.id = cc.subject_id)
                                             Rows Removed by Join Filter: 689
                                             ->  Seq Scan on comp_cast_type cct1  (cost=0.00..1.05 rows=1 width=4) (actual time=0.007..0.008 rows=1 loops=1)
                                                   Filter: ((kind)::text = 'crew'::text)
                                                   Rows Removed by Filter: 3
                                             ->  Nested Loop  (cost=8.03..7378.74 rows=1 width=47) (actual time=6.319..364.813 rows=880 loops=1)
                                                   ->  Nested Loop  (cost=7.61..7378.26 rows=1 width=35) (actual time=4.628..357.979 rows=2312 loops=1)
                                                         Join Filter: (kt.id = t.kind_id)
                                                         Rows Removed by Join Filter: 1695
                                                         ->  Nested Loop  (cost=7.61..7377.15 rows=1 width=39) (actual time=4.521..353.995 rows=2835 loops=1)
                                                               ->  Nested Loop  (cost=7.18..7376.66 rows=1 width=14) (actual time=4.500..282.034 rows=11708 loops=1)
                                                                     Join Filter: (it2.id = mi_idx.info_type_id)
                                                                     Rows Removed by Join Filter: 6993
                                                                     ->  Seq Scan on info_type it2  (cost=0.00..2.41 rows=1 width=4) (actual time=0.008..0.010 rows=1 loops=1)
                                                                           Filter: ((info)::text = 'rating'::text)
                                                                           Rows Removed by Filter: 112
                                                                     ->  Nested Loop  (cost=7.18..7373.13 rows=90 width=18) (actual time=4.490..279.442 rows=18701 loops=1)
                                                                           ->  Nested Loop  (cost=6.75..7304.56 rows=135 width=4) (actual time=4.463..142.196 rows=37091 loops=1)
                                                                                 ->  Seq Scan on keyword k  (cost=0.00..2961.55 rows=4 width=4) (actual time=1.121..20.834 rows=3 loops=1)
                                                                                       Filter: ((keyword)::text = ANY ('{murder,murder-in-title,blood,violence}'::text[]))
                                                                                       Rows Removed by Filter: 134167
                                                                                 ->  Bitmap Heap Scan on movie_keyword mk  (cost=6.75..1082.76 rows=299 width=8) (actual time=3.385..39.053 rows=12364 loops=3)
                                                                                       Recheck Cond: (keyword_id = k.id)
                                                                                       Heap Blocks: exact=26312
                                                                                       ->  Bitmap Index Scan on keyword_id_movie_keyword  (cost=0.00..6.67 rows=299 width=0) (actual time=1.842..1.842 rows=12364 loops=3)
                                                                                             Index Cond: (keyword_id = k.id)
                                                                           ->  Index Scan using movie_id_movie_info_idx on movie_info_idx mi_idx  (cost=0.43..0.50 rows=1 width=14) (actual time=0.003..0.003 rows=1 loops=37091)
                                                                                 Index Cond: (movie_id = mk.movie_id)
                                                                                 Filter: ((info)::text > '6.5'::text)
                                                                                 Rows Removed by Filter: 2
                                                               ->  Index Scan using title_pkey on title t  (cost=0.43..0.49 rows=1 width=25) (actual time=0.006..0.006 rows=0 loops=11708)
                                                                     Index Cond: (id = mk.movie_id)
                                                                     Filter: (production_year > 2005)
                                                                     Rows Removed by Filter: 1
                                                         ->  Seq Scan on kind_type kt  (cost=0.00..1.09 rows=2 width=4) (actual time=0.000..0.001 rows=1 loops=2835)
                                                               Filter: ((kind)::text = ANY ('{movie,episode}'::text[]))
                                                               Rows Removed by Filter: 2
                                                   ->  Index Scan using movie_id_complete_cast on complete_cast cc  (cost=0.42..0.46 rows=2 width=12) (actual time=0.002..0.003 rows=0 loops=2312)
                                                         Index Cond: (movie_id = t.id)
                                       ->  Seq Scan on comp_cast_type cct2  (cost=0.00..1.05 rows=3 width=4) (actual time=0.000..0.001 rows=3 loops=191)
                                             Filter: ((kind)::text <> 'complete+verified'::text)
                                             Rows Removed by Filter: 0
                                 ->  Index Scan using movie_id_movie_info on movie_info mi  (cost=0.43..1.56 rows=1 width=8) (actual time=0.079..0.082 rows=0 loops=179)
                                       Index Cond: (movie_id = mk.movie_id)
                                       Filter: ((info)::text = ANY ('{Sweden,Germany,Swedish,German}'::text[]))
                                       Rows Removed by Filter: 130
                     ->  Index Scan using movie_id_movie_companies on movie_companies mc  (cost=0.43..0.57 rows=1 width=12) (actual time=0.017..0.032 rows=12 loops=13)
                           Index Cond: (movie_id = mk.movie_id)
                           Filter: (((note)::text !~~ '%(USA)%'::text) AND ((note)::text ~~ '%(200%)%'::text))
                           Rows Removed by Filter: 17
               ->  Seq Scan on company_type ct  (cost=0.00..1.04 rows=4 width=4) (actual time=0.000..0.000 rows=1 loops=150)
         ->  Index Scan using company_name_pkey on company_name cn  (cost=0.42..0.55 rows=1 width=23) (actual time=0.005..0.005 rows=1 loops=150)
               Index Cond: (id = mc.company_id)
               Filter: ((country_code)::text <> '[us]'::text)
               Rows Removed by Filter: 0
 Planning Time: 86.818 ms
 Execution Time: 381.774 ms
(75 rows)

SET
                                                                                                         QUERY PLAN                                                                                                         
----------------------------------------------------------------------------------------------------------------------------------------------------------------------------------------------------------------------------
 Aggregate  (cost=7394.43..7394.44 rows=1 width=96) (actual time=2367.310..2367.310 rows=1 loops=1)
   ->  Nested Loop  (cost=9.31..7394.42 rows=1 width=42) (actual time=10.497..2365.120 rows=8373 loops=1)
         Join Filter: (it2.id = mi_idx.info_type_id)
         Rows Removed by Join Filter: 16430
         ->  Seq Scan on info_type it2  (cost=0.00..2.41 rows=1 width=4) (actual time=0.012..0.013 rows=1 loops=1)
               Filter: ((info)::text = 'rating'::text)
               Rows Removed by Filter: 112
         ->  Nested Loop  (cost=9.31..7391.99 rows=1 width=46) (actual time=10.482..2362.840 rows=24803 loops=1)
               Join Filter: (t.id = mi_idx.movie_id)
               ->  Nested Loop  (cost=8.88..7391.46 rows=1 width=56) (actual time=10.461..2336.225 rows=8493 loops=1)
                     Join Filter: (kt.id = t.kind_id)
                     Rows Removed by Join Filter: 712
                     ->  Nested Loop  (cost=8.88..7390.35 rows=1 width=60) (actual time=10.452..2326.192 rows=8788 loops=1)
                           Join Filter: (mi.movie_id = t.id)
                           ->  Nested Loop  (cost=8.45..7389.84 rows=1 width=35) (actual time=5.263..2273.309 rows=22323 loops=1)
                                 Join Filter: (it1.id = mi.info_type_id)
                                 Rows Removed by Join Filter: 5071
                                 ->  Seq Scan on info_type it1  (cost=0.00..2.41 rows=1 width=4) (actual time=0.003..0.010 rows=1 loops=1)
                                       Filter: ((info)::text = 'countries'::text)
                                       Rows Removed by Filter: 112
                                 ->  Nested Loop  (cost=8.45..7387.38 rows=4 width=39) (actual time=5.259..2269.399 rows=27394 loops=1)
                                       ->  Nested Loop  (cost=8.02..7383.59 rows=2 width=31) (actual time=5.005..385.818 rows=22725 loops=1)
                                             ->  Nested Loop  (cost=7.60..7381.96 rows=3 width=16) (actual time=4.991..320.429 rows=24082 loops=1)
                                                   Join Filter: (ct.id = mc.company_type_id)
                                                   Rows Removed by Join Filter: 7
                                                   ->  Nested Loop  (cost=7.60..7380.76 rows=3 width=20) (actual time=4.979..313.533 rows=24082 loops=1)
                                                         ->  Nested Loop  (cost=7.17..7373.86 rows=12 width=8) (actual time=4.911..222.013 rows=6704 loops=1)
                                                               Join Filter: (cc.subject_id = cct1.id)
                                                               Rows Removed by Join Filter: 3832
                                                               ->  Seq Scan on comp_cast_type cct1  (cost=0.00..1.05 rows=1 width=4) (actual time=0.007..0.008 rows=1 loops=1)
                                                                     Filter: ((kind)::text = 'cast'::text)
                                                                     Rows Removed by Filter: 3
                                                               ->  Nested Loop  (cost=7.17..7372.22 rows=47 width=12) (actual time=4.902..220.543 rows=10536 loops=1)
                                                                     Join Filter: (cct2.id = cc.status_id)
                                                                     Rows Removed by Join Filter: 9488
                                                                     ->  Seq Scan on comp_cast_type cct2  (cost=0.00..1.05 rows=1 width=4) (actual time=0.003..0.004 rows=1 loops=1)
                                                                           Filter: ((kind)::text = 'complete'::text)
                                                                           Rows Removed by Filter: 3
                                                                     ->  Nested Loop  (cost=7.17..7368.82 rows=188 width=16) (actual time=4.885..217.849 rows=20024 loops=1)
                                                                           ->  Nested Loop  (cost=6.75..7304.56 rows=135 width=4) (actual time=4.475..142.401 rows=37091 loops=1)
                                                                                 ->  Seq Scan on keyword k  (cost=0.00..2961.55 rows=4 width=4) (actual time=1.118..20.822 rows=3 loops=1)
                                                                                       Filter: ((keyword)::text = ANY ('{murder,murder-in-title,blood,violence}'::text[]))
                                                                                       Rows Removed by Filter: 134167
                                                                                 ->  Bitmap Heap Scan on movie_keyword mk  (cost=6.75..1082.76 rows=299 width=8) (actual time=3.402..39.227 rows=12364 loops=3)
                                                                                       Recheck Cond: (keyword_id = k.id)
                                                                                       Heap Blocks: exact=26312
                                                                                       ->  Bitmap Index Scan on keyword_id_movie_keyword  (cost=0.00..6.67 rows=299 width=0) (actual time=1.870..1.870 rows=12364 loops=3)
                                                                                             Index Cond: (keyword_id = k.id)
                                                                           ->  Index Scan using movie_id_complete_cast on complete_cast cc  (cost=0.42..0.46 rows=2 width=12) (actual time=0.002..0.002 rows=1 loops=37091)
                                                                                 Index Cond: (movie_id = mk.movie_id)
                                                         ->  Index Scan using movie_id_movie_companies on movie_companies mc  (cost=0.43..0.57 rows=1 width=12) (actual time=0.009..0.013 rows=4 loops=6704)
                                                               Index Cond: (movie_id = mk.movie_id)
                                                               Filter: (((note)::text !~~ '%(USA)%'::text) AND ((note)::text ~~ '%(200%)%'::text))
                                                               Rows Removed by Filter: 8
                                                   ->  Materialize  (cost=0.00..1.06 rows=4 width=4) (actual time=0.000..0.000 rows=1 loops=24082)
                                                         ->  Seq Scan on company_type ct  (cost=0.00..1.04 rows=4 width=4) (actual time=0.008..0.009 rows=2 loops=1)
                                             ->  Index Scan using company_name_pkey on company_name cn  (cost=0.42..0.55 rows=1 width=23) (actual time=0.002..0.002 rows=1 loops=24082)
                                                   Index Cond: (id = mc.company_id)
                                                   Filter: ((country_code)::text <> '[us]'::text)
                                                   Rows Removed by Filter: 0
                                       ->  Index Scan using movie_id_movie_info on movie_info mi  (cost=0.43..1.87 rows=2 width=8) (actual time=0.070..0.083 rows=1 loops=22725)
                                             Index Cond: (movie_id = mk.movie_id)
                                             Filter: ((info)::text = ANY ('{Sweden,Norway,Germany,Denmark,Swedish,Danish,Norwegian,German,USA,American}'::text[]))
                                             Rows Removed by Filter: 203
                           ->  Index Scan using title_pkey on title t  (cost=0.43..0.49 rows=1 width=25) (actual time=0.002..0.002 rows=0 loops=22323)
                                 Index Cond: (id = mk.movie_id)
                                 Filter: (production_year > 2005)
                                 Rows Removed by Filter: 1
                     ->  Seq Scan on kind_type kt  (cost=0.00..1.09 rows=2 width=4) (actual time=0.000..0.001 rows=1 loops=8788)
                           Filter: ((kind)::text = ANY ('{movie,episode}'::text[]))
                           Rows Removed by Filter: 0
               ->  Index Scan using movie_id_movie_info_idx on movie_info_idx mi_idx  (cost=0.43..0.50 rows=3 width=14) (actual time=0.002..0.003 rows=3 loops=8493)
                     Index Cond: (movie_id = mk.movie_id)
                     Filter: ((info)::text < '8.5'::text)
                     Rows Removed by Filter: 0
 Planning Time: 88.353 ms
 Execution Time: 2367.567 ms
(77 rows)

SET
                                                                                                                QUERY PLAN                                                                                                                 
-------------------------------------------------------------------------------------------------------------------------------------------------------------------------------------------------------------------------------------------
 Aggregate  (cost=3945.49..3945.50 rows=1 width=96) (actual time=27.006..27.006 rows=1 loops=1)
   ->  Nested Loop  (cost=11.16..3945.49 rows=1 width=48) (actual time=8.070..26.720 rows=1620 loops=1)
         Join Filter: (it3.id = pi.info_type_id)
         Rows Removed by Join Filter: 3270
         ->  Seq Scan on info_type it3  (cost=0.00..2.41 rows=1 width=4) (actual time=0.007..0.014 rows=1 loops=1)
               Filter: ((info)::text = 'trivia'::text)
               Rows Removed by Filter: 112
         ->  Nested Loop  (cost=11.16..3943.06 rows=1 width=52) (actual time=8.046..26.380 rows=4890 loops=1)
               Join Filter: (n.id = pi.person_id)
               ->  Nested Loop  (cost=10.73..3922.80 rows=1 width=60) (actual time=8.017..24.951 rows=30 loops=1)
                     Join Filter: (cc.subject_id = cct1.id)
                     ->  Nested Loop  (cost=10.73..3921.74 rows=1 width=64) (actual time=8.013..24.913 rows=30 loops=1)
                           ->  Nested Loop  (cost=10.30..3919.44 rows=1 width=45) (actual time=7.981..24.813 rows=30 loops=1)
                                 Join Filter: (ci.role_id = rt.id)
                                 ->  Nested Loop  (cost=10.30..3918.28 rows=1 width=49) (actual time=7.969..24.761 rows=30 loops=1)
                                       Join Filter: (mi.info_type_id = it.id)
                                       ->  Nested Loop  (cost=10.30..3915.85 rows=1 width=53) (actual time=7.963..24.653 rows=30 loops=1)
                                             ->  Nested Loop  (cost=9.88..3913.83 rows=1 width=57) (actual time=7.953..24.232 rows=132 loops=1)
                                                   Join Filter: (t.id = mc.movie_id)
                                                   ->  Nested Loop  (cost=9.45..3908.99 rows=1 width=73) (actual time=7.916..24.126 rows=6 loops=1)
                                                         ->  Nested Loop  (cost=9.02..3902.76 rows=2 width=61) (actual time=7.072..23.468 rows=132 loops=1)
                                                               ->  Nested Loop  (cost=8.60..3899.85 rows=1 width=57) (actual time=7.011..22.826 rows=76 loops=1)
                                                                     Join Filter: (t.id = ci.movie_id)
                                                                     ->  Nested Loop  (cost=8.03..3852.25 rows=1 width=41) (actual time=6.978..21.142 rows=2 loops=1)
                                                                           Join Filter: (t.id = mi.movie_id)
                                                                           ->  Nested Loop  (cost=7.60..3809.27 rows=1 width=33) (actual time=6.897..20.789 rows=1 loops=1)
                                                                                 Join Filter: (cct2.id = cc.status_id)
                                                                                 ->  Seq Scan on comp_cast_type cct2  (cost=0.00..1.05 rows=1 width=4) (actual time=0.009..0.010 rows=1 loops=1)
                                                                                       Filter: ((kind)::text = 'complete+verified'::text)
                                                                                       Rows Removed by Filter: 3
                                                                                 ->  Nested Loop  (cost=7.60..3808.21 rows=1 width=37) (actual time=6.886..20.777 rows=1 loops=1)
                                                                                       Join Filter: (t.id = cc.movie_id)
                                                                                       ->  Nested Loop  (cost=7.18..3805.41 rows=1 width=25) (actual time=6.860..20.750 rows=1 loops=1)
                                                                                             ->  Nested Loop  (cost=6.75..3732.91 rows=34 width=4) (actual time=0.200..14.823 rows=414 loops=1)
                                                                                                   ->  Seq Scan on keyword k  (cost=0.00..2626.12 rows=1 width=4) (actual time=0.054..11.856 rows=1 loops=1)
                                                                                                         Filter: ((keyword)::text = 'computer-animation'::text)
                                                                                                         Rows Removed by Filter: 134169
                                                                                                   ->  Bitmap Heap Scan on movie_keyword mk  (cost=6.75..1103.80 rows=299 width=8) (actual time=0.144..2.910 rows=414 loops=1)
                                                                                                         Recheck Cond: (keyword_id = k.id)
                                                                                                         Heap Blocks: exact=358
                                                                                                         ->  Bitmap Index Scan on keyword_id_movie_keyword  (cost=0.00..6.67 rows=299 width=0) (actual time=0.088..0.088 rows=414 loops=1)
                                                                                                               Index Cond: (keyword_id = k.id)
                                                                                             ->  Index Scan using title_pkey on title t  (cost=0.43..2.12 rows=1 width=21) (actual time=0.014..0.014 rows=0 loops=414)
                                                                                                   Index Cond: (id = mk.movie_id)
                                                                                                   Filter: ((production_year >= 2000) AND (production_year <= 2010) AND ((title)::text = 'Shrek 2'::text))
                                                                                                   Rows Removed by Filter: 1
                                                                                       ->  Index Scan using movie_id_complete_cast on complete_cast cc  (cost=0.42..2.77 rows=2 width=12) (actual time=0.023..0.024 rows=1 loops=1)
                                                                                             Index Cond: (movie_id = mk.movie_id)
                                                                           ->  Index Scan using movie_id_movie_info on movie_info mi  (cost=0.43..42.97 rows=1 width=8) (actual time=0.080..0.350 rows=2 loops=1)
                                                                                 Index Cond: (movie_id = mk.movie_id)
                                                                                 Filter: ((info IS NOT NULL) AND (((info)::text ~~ 'Japan:%200%'::text) OR ((info)::text ~~ 'USA:%200%'::text)))
                                                                                 Rows Removed by Filter: 455
                                                                     ->  Index Scan using movie_id_cast_info on cast_info ci  (cost=0.56..47.58 rows=1 width=16) (actual time=0.019..0.833 rows=38 loops=2)
                                                                           Index Cond: (movie_id = mk.movie_id)
                                                                           Filter: ((note)::text = ANY ('{(voice),"(voice) (uncredited)","(voice: English version)"}'::text[]))
                                                                           Rows Removed by Filter: 191
                                                               ->  Index Only Scan using person_id_aka_name on aka_name an  (cost=0.42..2.89 rows=2 width=4) (actual time=0.006..0.008 rows=2 loops=76)
                                                                     Index Cond: (person_id = ci.person_id)
                                                                     Heap Fetches: 132
                                                         ->  Index Scan using char_name_pkey on char_name chn  (cost=0.43..2.22 rows=1 width=20) (actual time=0.005..0.005 rows=0 loops=132)
                                                               Index Cond: (id = ci.person_role_id)
                                                               Filter: ((name)::text = 'Queen'::text)
                                                               Rows Removed by Filter: 1
                                                   ->  Index Scan using movie_id_movie_companies on movie_companies mc  (cost=0.43..4.77 rows=5 width=8) (actual time=0.008..0.013 rows=22 loops=6)
                                                         Index Cond: (movie_id = mk.movie_id)
                                             ->  Index Scan using company_name_pkey on company_name cn  (cost=0.42..2.03 rows=1 width=4) (actual time=0.003..0.003 rows=0 loops=132)
                                                   Index Cond: (id = mc.company_id)
                                                   Filter: ((country_code)::text = '[us]'::text)
                                                   Rows Removed by Filter: 1
                                       ->  Seq Scan on info_type it  (cost=0.00..2.41 rows=1 width=4) (actual time=0.003..0.003 rows=1 loops=30)
                                             Filter: ((info)::text = 'release dates'::text)
                                             Rows Removed by Filter: 15
                                 ->  Seq Scan on role_type rt  (cost=0.00..1.15 rows=1 width=4) (actual time=0.001..0.001 rows=1 loops=30)
                                       Filter: ((role)::text = 'actress'::text)
                                       Rows Removed by Filter: 1
                           ->  Index Scan using name_pkey on name n  (cost=0.43..2.30 rows=1 width=19) (actual time=0.003..0.003 rows=1 loops=30)
                                 Index Cond: (id = ci.person_id)
                                 Filter: (((name)::text ~~ '%An%'::text) AND ((gender)::text = 'f'::text))
                     ->  Seq Scan on comp_cast_type cct1  (cost=0.00..1.05 rows=1 width=4) (actual time=0.001..0.001 rows=1 loops=30)
                           Filter: ((kind)::text = 'cast'::text)
               ->  Index Scan using person_id_person_info on person_info pi  (cost=0.43..19.93 rows=26 width=8) (actual time=0.002..0.027 rows=163 loops=30)
                     Index Cond: (person_id = an.person_id)
 Planning Time: 118.755 ms
 Execution Time: 27.362 ms
(84 rows)

SET
                                                                                                                 QUERY PLAN                                                                                                                 
--------------------------------------------------------------------------------------------------------------------------------------------------------------------------------------------------------------------------------------------
 Aggregate  (cost=4148.76..4148.77 rows=1 width=96) (actual time=178.336..178.336 rows=1 loops=1)
   ->  Nested Loop  (cost=11.16..4148.76 rows=1 width=48) (actual time=27.691..178.322 rows=15 loops=1)
         ->  Nested Loop  (cost=10.74..4146.73 rows=1 width=52) (actual time=27.674..178.080 rows=66 loops=1)
               Join Filter: (pi.info_type_id = it3.id)
               Rows Removed by Join Filter: 10692
               ->  Nested Loop  (cost=10.74..4144.31 rows=1 width=56) (actual time=26.407..86.423 rows=10758 loops=1)
                     Join Filter: (mi.info_type_id = it.id)
                     ->  Nested Loop  (cost=10.74..4141.88 rows=1 width=60) (actual time=26.401..53.964 rows=10758 loops=1)
                           Join Filter: (n.id = pi.person_id)
                           ->  Nested Loop  (cost=10.31..4121.62 rows=1 width=68) (actual time=26.386..50.314 rows=66 loops=1)
                                 ->  Nested Loop  (cost=9.88..4117.61 rows=1 width=56) (actual time=26.372..50.175 rows=66 loops=1)
                                       Join Filter: (n.id = an.person_id)
                                       ->  Nested Loop  (cost=9.46..4114.69 rows=1 width=52) (actual time=26.358..50.085 rows=22 loops=1)
                                             Join Filter: (mi.movie_id = t.id)
                                             ->  Nested Loop  (cost=9.03..4110.43 rows=2 width=55) (actual time=9.085..49.694 rows=193 loops=1)
                                                   Join Filter: (mc.movie_id = mi.movie_id)
                                                   ->  Nested Loop  (cost=8.59..3981.80 rows=3 width=47) (actual time=3.274..36.044 rows=167 loops=1)
                                                         Join Filter: (ci.movie_id = mc.movie_id)
                                                         ->  Nested Loop  (cost=8.16..3976.97 rows=1 width=39) (actual time=3.243..35.804 rows=6 loops=1)
                                                               ->  Nested Loop  (cost=7.73..3974.67 rows=1 width=20) (actual time=1.387..33.376 rows=175 loops=1)
                                                                     Join Filter: (rt.id = ci.role_id)
                                                                     Rows Removed by Join Filter: 528
                                                                     ->  Seq Scan on role_type rt  (cost=0.00..1.15 rows=1 width=4) (actual time=0.015..0.017 rows=1 loops=1)
                                                                           Filter: ((role)::text = 'actress'::text)
                                                                           Rows Removed by Filter: 11
                                                                     ->  Nested Loop  (cost=7.73..3973.48 rows=3 width=24) (actual time=1.057..33.288 rows=703 loops=1)
                                                                           ->  Nested Loop  (cost=7.17..3830.71 rows=3 width=8) (actual time=1.012..15.618 rows=23 loops=1)
                                                                                 Join Filter: (cc.status_id = cct2.id)
                                                                                 Rows Removed by Join Filter: 51
                                                                                 ->  Seq Scan on comp_cast_type cct2  (cost=0.00..1.05 rows=1 width=4) (actual time=0.009..0.010 rows=1 loops=1)
                                                                                       Filter: ((kind)::text = 'complete+verified'::text)
                                                                                       Rows Removed by Filter: 3
                                                                                 ->  Nested Loop  (cost=7.17..3829.51 rows=12 width=12) (actual time=0.379..15.592 rows=74 loops=1)
                                                                                       Join Filter: (cc.subject_id = cct1.id)
                                                                                       Rows Removed by Join Filter: 16
                                                                                       ->  Seq Scan on comp_cast_type cct1  (cost=0.00..1.05 rows=1 width=4) (actual time=0.001..0.002 rows=1 loops=1)
                                                                                             Filter: ((kind)::text = 'cast'::text)
                                                                                             Rows Removed by Filter: 3
                                                                                       ->  Nested Loop  (cost=7.17..3827.87 rows=47 width=16) (actual time=0.377..15.570 rows=90 loops=1)
                                                                                             ->  Nested Loop  (cost=6.75..3732.91 rows=34 width=4) (actual time=0.142..13.146 rows=414 loops=1)
                                                                                                   ->  Seq Scan on keyword k  (cost=0.00..2626.12 rows=1 width=4) (actual time=0.034..11.438 rows=1 loops=1)
                                                                                                         Filter: ((keyword)::text = 'computer-animation'::text)
                                                                                                         Rows Removed by Filter: 134169
                                                                                                   ->  Bitmap Heap Scan on movie_keyword mk  (cost=6.75..1103.80 rows=299 width=8) (actual time=0.105..1.659 rows=414 loops=1)
                                                                                                         Recheck Cond: (keyword_id = k.id)
                                                                                                         Heap Blocks: exact=358
                                                                                                         ->  Bitmap Index Scan on keyword_id_movie_keyword  (cost=0.00..6.67 rows=299 width=0) (actual time=0.055..0.055 rows=414 loops=1)
                                                                                                               Index Cond: (keyword_id = k.id)
                                                                                             ->  Index Scan using movie_id_complete_cast on complete_cast cc  (cost=0.42..2.77 rows=2 width=12) (actual time=0.005..0.006 rows=0 loops=414)
                                                                                                   Index Cond: (movie_id = mk.movie_id)
                                                                           ->  Index Scan using movie_id_cast_info on cast_info ci  (cost=0.56..47.58 rows=1 width=16) (actual time=0.094..0.764 rows=31 loops=23)
                                                                                 Index Cond: (movie_id = mk.movie_id)
                                                                                 Filter: ((note)::text = ANY ('{(voice),"(voice) (uncredited)","(voice: English version)"}'::text[]))
                                                                                 Rows Removed by Filter: 116
                                                               ->  Index Scan using name_pkey on name n  (cost=0.43..2.30 rows=1 width=19) (actual time=0.014..0.014 rows=0 loops=175)
                                                                     Index Cond: (id = ci.person_id)
                                                                     Filter: (((name)::text ~~ '%An%'::text) AND ((gender)::text = 'f'::text))
                                                                     Rows Removed by Filter: 1
                                                         ->  Index Scan using movie_id_movie_companies on movie_companies mc  (cost=0.43..4.77 rows=5 width=8) (actual time=0.020..0.033 rows=28 loops=6)
                                                               Index Cond: (movie_id = mk.movie_id)
                                                   ->  Index Scan using movie_id_movie_info on movie_info mi  (cost=0.43..42.86 rows=1 width=8) (actual time=0.019..0.081 rows=1 loops=167)
                                                         Index Cond: (movie_id = mk.movie_id)
                                                         Filter: ((info)::text ~~ 'USA:%200%'::text)
                                                         Rows Removed by Filter: 422
                                             ->  Index Scan using title_pkey on title t  (cost=0.43..2.12 rows=1 width=21) (actual time=0.002..0.002 rows=0 loops=193)
                                                   Index Cond: (id = mk.movie_id)
                                                   Filter: ((production_year >= 2000) AND (production_year <= 2005) AND ((title)::text = 'Shrek 2'::text))
                                                   Rows Removed by Filter: 1
                                       ->  Index Only Scan using person_id_aka_name on aka_name an  (cost=0.42..2.89 rows=2 width=4) (actual time=0.002..0.003 rows=3 loops=22)
                                             Index Cond: (person_id = ci.person_id)
                                             Heap Fetches: 66
                                 ->  Index Scan using char_name_pkey on char_name chn  (cost=0.43..2.22 rows=1 width=20) (actual time=0.002..0.002 rows=1 loops=66)
                                       Index Cond: (id = ci.person_role_id)
                                       Filter: ((name)::text = 'Queen'::text)
                           ->  Index Scan using person_id_person_info on person_info pi  (cost=0.43..19.93 rows=26 width=8) (actual time=0.002..0.029 rows=163 loops=66)
                                 Index Cond: (person_id = an.person_id)
                     ->  Seq Scan on info_type it  (cost=0.00..2.41 rows=1 width=4) (actual time=0.003..0.003 rows=1 loops=10758)
                           Filter: ((info)::text = 'release dates'::text)
                           Rows Removed by Filter: 15
               ->  Seq Scan on info_type it3  (cost=0.00..2.41 rows=1 width=4) (actual time=0.003..0.008 rows=1 loops=10758)
                     Filter: ((info)::text = 'height'::text)
                     Rows Removed by Filter: 111
         ->  Index Scan using company_name_pkey on company_name cn  (cost=0.42..2.03 rows=1 width=4) (actual time=0.003..0.003 rows=0 loops=66)
               Index Cond: (id = mc.company_id)
               Filter: ((country_code)::text = '[us]'::text)
               Rows Removed by Filter: 1
 Planning Time: 116.774 ms
 Execution Time: 178.652 ms
(88 rows)

SET
                                                                                                                QUERY PLAN                                                                                                                 
-------------------------------------------------------------------------------------------------------------------------------------------------------------------------------------------------------------------------------------------
 Aggregate  (cost=4547.37..4547.38 rows=1 width=96) (actual time=562.098..562.098 rows=1 loops=1)
   ->  Nested Loop  (cost=11.16..4547.36 rows=1 width=48) (actual time=74.859..558.771 rows=16308 loops=1)
         Join Filter: (cc.status_id = cct2.id)
         Rows Removed by Join Filter: 11714
         ->  Nested Loop  (cost=11.16..4546.30 rows=1 width=52) (actual time=18.242..530.796 rows=28022 loops=1)
               ->  Nested Loop  (cost=10.74..4544.27 rows=1 width=56) (actual time=17.851..307.334 rows=149974 loops=1)
                     Join Filter: (n.id = an.person_id)
                     ->  Nested Loop  (cost=10.32..4541.38 rows=1 width=68) (actual time=17.807..199.289 rows=36250 loops=1)
                           Join Filter: (it3.id = pi.info_type_id)
                           Rows Removed by Join Filter: 117713
                           ->  Seq Scan on info_type it3  (cost=0.00..2.41 rows=1 width=4) (actual time=0.008..0.014 rows=1 loops=1)
                                 Filter: ((info)::text = 'trivia'::text)
                                 Rows Removed by Filter: 112
                           ->  Nested Loop  (cost=10.32..4538.95 rows=1 width=72) (actual time=17.795..188.812 rows=153963 loops=1)
                                 Join Filter: (n.id = pi.person_id)
                                 ->  Nested Loop  (cost=9.89..4518.69 rows=1 width=64) (actual time=17.762..144.167 rows=1206 loops=1)
                                       Join Filter: (ci.role_id = rt.id)
                                       ->  Nested Loop  (cost=9.89..4517.53 rows=1 width=68) (actual time=17.759..142.795 rows=1206 loops=1)
                                             ->  Nested Loop  (cost=9.46..4515.32 rows=1 width=56) (actual time=17.727..140.242 rows=1455 loops=1)
                                                   Join Filter: (cc.subject_id = cct1.id)
                                                   ->  Nested Loop  (cost=9.46..4514.26 rows=1 width=60) (actual time=17.719..138.894 rows=1455 loops=1)
                                                         Join Filter: (t.id = mc.movie_id)
                                                         ->  Nested Loop  (cost=9.03..4509.42 rows=1 width=76) (actual time=17.687..137.849 rows=58 loops=1)
                                                               Join Filter: (mi.info_type_id = it.id)
                                                               ->  Nested Loop  (cost=9.03..4506.99 rows=1 width=80) (actual time=17.681..137.617 rows=58 loops=1)
                                                                     ->  Nested Loop  (cost=8.61..4504.20 rows=1 width=68) (actual time=15.572..137.305 rows=75 loops=1)
                                                                           ->  Nested Loop  (cost=8.18..4501.91 rows=1 width=49) (actual time=2.667..101.120 rows=7505 loops=1)
                                                                                 Join Filter: (t.id = ci.movie_id)
                                                                                 ->  Nested Loop  (cost=7.61..4406.63 rows=2 width=33) (actual time=0.790..43.342 rows=357 loops=1)
                                                                                       Join Filter: (t.id = mi.movie_id)
                                                                                       ->  Nested Loop  (cost=7.18..3804.91 rows=14 width=25) (actual time=0.157..18.403 rows=249 loops=1)
                                                                                             ->  Nested Loop  (cost=6.75..3732.91 rows=34 width=4) (actual time=0.142..14.349 rows=414 loops=1)
                                                                                                   ->  Seq Scan on keyword k  (cost=0.00..2626.12 rows=1 width=4) (actual time=0.035..12.786 rows=1 loops=1)
                                                                                                         Filter: ((keyword)::text = 'computer-animation'::text)
                                                                                                         Rows Removed by Filter: 134169
                                                                                                   ->  Bitmap Heap Scan on movie_keyword mk  (cost=6.75..1103.80 rows=299 width=8) (actual time=0.105..1.493 rows=414 loops=1)
                                                                                                         Recheck Cond: (keyword_id = k.id)
                                                                                                         Heap Blocks: exact=358
                                                                                                         ->  Bitmap Index Scan on keyword_id_movie_keyword  (cost=0.00..6.67 rows=299 width=0) (actual time=0.054..0.054 rows=414 loops=1)
                                                                                                               Index Cond: (keyword_id = k.id)
                                                                                             ->  Index Scan using title_pkey on title t  (cost=0.43..2.12 rows=1 width=21) (actual time=0.009..0.009 rows=1 loops=414)
                                                                                                   Index Cond: (id = mk.movie_id)
                                                                                                   Filter: ((production_year >= 2000) AND (production_year <= 2010))
                                                                                                   Rows Removed by Filter: 0
                                                                                       ->  Index Scan using movie_id_movie_info on movie_info mi  (cost=0.43..42.97 rows=1 width=8) (actual time=0.045..0.100 rows=1 loops=249)
                                                                                             Index Cond: (movie_id = mk.movie_id)
                                                                                             Filter: ((info IS NOT NULL) AND (((info)::text ~~ 'Japan:%200%'::text) OR ((info)::text ~~ 'USA:%200%'::text)))
                                                                                             Rows Removed by Filter: 88
                                                                                 ->  Index Scan using movie_id_cast_info on cast_info ci  (cost=0.56..47.63 rows=1 width=16) (actual time=0.028..0.158 rows=21 loops=357)
                                                                                       Index Cond: (movie_id = mk.movie_id)
                                                                                       Filter: ((note)::text = ANY ('{(voice),"(voice: Japanese version)","(voice) (uncredited)","(voice: English version)"}'::text[]))
                                                                                       Rows Removed by Filter: 72
                                                                           ->  Index Scan using name_pkey on name n  (cost=0.43..2.29 rows=1 width=19) (actual time=0.005..0.005 rows=0 loops=7505)
                                                                                 Index Cond: (id = ci.person_id)
                                                                                 Filter: (((name)::text ~~ '%An%'::text) AND ((gender)::text = 'f'::text))
                                                                                 Rows Removed by Filter: 1
                                                                     ->  Index Scan using movie_id_complete_cast on complete_cast cc  (cost=0.42..2.77 rows=2 width=12) (actual time=0.003..0.004 rows=1 loops=75)
                                                                           Index Cond: (movie_id = t.id)
                                                               ->  Seq Scan on info_type it  (cost=0.00..2.41 rows=1 width=4) (actual time=0.003..0.003 rows=1 loops=58)
                                                                     Filter: ((info)::text = 'release dates'::text)
                                                                     Rows Removed by Filter: 15
                                                         ->  Index Scan using movie_id_movie_companies on movie_companies mc  (cost=0.43..4.77 rows=5 width=8) (actual time=0.007..0.013 rows=25 loops=58)
                                                               Index Cond: (movie_id = mk.movie_id)
                                                   ->  Seq Scan on comp_cast_type cct1  (cost=0.00..1.05 rows=1 width=4) (actual time=0.000..0.000 rows=1 loops=1455)
                                                         Filter: ((kind)::text = 'cast'::text)
                                             ->  Index Scan using char_name_pkey on char_name chn  (cost=0.43..2.21 rows=1 width=20) (actual time=0.001..0.001 rows=1 loops=1455)
                                                   Index Cond: (id = ci.person_role_id)
                                       ->  Seq Scan on role_type rt  (cost=0.00..1.15 rows=1 width=4) (actual time=0.001..0.001 rows=1 loops=1206)
                                             Filter: ((role)::text = 'actress'::text)
                                             Rows Removed by Filter: 1
                                 ->  Index Scan using person_id_person_info on person_info pi  (cost=0.43..19.93 rows=26 width=8) (actual time=0.002..0.019 rows=128 loops=1206)
                                       Index Cond: (person_id = ci.person_id)
                     ->  Index Only Scan using person_id_aka_name on aka_name an  (cost=0.42..2.87 rows=2 width=4) (actual time=0.001..0.002 rows=4 loops=36250)
                           Index Cond: (person_id = pi.person_id)
                           Heap Fetches: 149974
               ->  Index Scan using company_name_pkey on company_name cn  (cost=0.42..2.03 rows=1 width=4) (actual time=0.001..0.001 rows=0 loops=149974)
                     Index Cond: (id = mc.company_id)
                     Filter: ((country_code)::text = '[us]'::text)
                     Rows Removed by Filter: 1
         ->  Seq Scan on comp_cast_type cct2  (cost=0.00..1.05 rows=1 width=4) (actual time=0.001..0.001 rows=1 loops=28022)
               Filter: ((kind)::text = 'complete+verified'::text)
               Rows Removed by Filter: 3
 Planning Time: 119.829 ms
 Execution Time: 562.439 ms
(84 rows)

SET
                                                                               QUERY PLAN                                                                                
-------------------------------------------------------------------------------------------------------------------------------------------------------------------------
 Aggregate  (cost=3832.24..3832.25 rows=1 width=32) (actual time=592.508..592.509 rows=1 loops=1)
   ->  Nested Loop  (cost=8.03..3832.22 rows=7 width=17) (actual time=7.431..591.371 rows=7834 loops=1)
         Join Filter: (mc.movie_id = t.id)
         ->  Nested Loop  (cost=7.60..3828.74 rows=7 width=8) (actual time=7.412..555.960 rows=7834 loops=1)
               ->  Nested Loop  (cost=7.18..3752.99 rows=170 width=12) (actual time=6.684..267.554 rows=148552 loops=1)
                     ->  Nested Loop  (cost=6.75..3732.91 rows=34 width=4) (actual time=6.644..81.563 rows=41840 loops=1)
                           ->  Seq Scan on keyword k  (cost=0.00..2626.12 rows=1 width=4) (actual time=0.510..11.541 rows=1 loops=1)
                                 Filter: ((keyword)::text = 'character-name-in-title'::text)
                                 Rows Removed by Filter: 134169
                           ->  Bitmap Heap Scan on movie_keyword mk  (cost=6.75..1103.80 rows=299 width=8) (actual time=6.131..65.637 rows=41840 loops=1)
                                 Recheck Cond: (keyword_id = k.id)
                                 Heap Blocks: exact=11541
                                 ->  Bitmap Index Scan on keyword_id_movie_keyword  (cost=0.00..6.67 rows=299 width=0) (actual time=4.067..4.067 rows=41840 loops=1)
                                       Index Cond: (keyword_id = k.id)
                     ->  Index Scan using movie_id_movie_companies on movie_companies mc  (cost=0.43..0.54 rows=5 width=8) (actual time=0.003..0.004 rows=4 loops=41840)
                           Index Cond: (movie_id = mk.movie_id)
               ->  Index Scan using company_name_pkey on company_name cn  (cost=0.42..0.45 rows=1 width=4) (actual time=0.002..0.002 rows=0 loops=148552)
                     Index Cond: (id = mc.company_id)
                     Filter: ((country_code)::text = '[de]'::text)
                     Rows Removed by Filter: 1
         ->  Index Scan using title_pkey on title t  (cost=0.43..0.49 rows=1 width=21) (actual time=0.004..0.004 rows=1 loops=7834)
               Index Cond: (id = mk.movie_id)
 Planning Time: 2.254 ms
 Execution Time: 592.707 ms
(24 rows)

SET
                                                                               QUERY PLAN                                                                                
-------------------------------------------------------------------------------------------------------------------------------------------------------------------------
 Aggregate  (cost=3829.74..3829.75 rows=1 width=32) (actual time=568.690..568.690 rows=1 loops=1)
   ->  Nested Loop  (cost=8.03..3829.73 rows=2 width=17) (actual time=9.179..567.903 rows=5228 loops=1)
         Join Filter: (mc.movie_id = t.id)
         ->  Nested Loop  (cost=7.60..3828.74 rows=2 width=8) (actual time=9.159..543.854 rows=5228 loops=1)
               ->  Nested Loop  (cost=7.18..3752.99 rows=170 width=12) (actual time=6.736..263.999 rows=148552 loops=1)
                     ->  Nested Loop  (cost=6.75..3732.91 rows=34 width=4) (actual time=6.688..80.603 rows=41840 loops=1)
                           ->  Seq Scan on keyword k  (cost=0.00..2626.12 rows=1 width=4) (actual time=0.652..11.775 rows=1 loops=1)
                                 Filter: ((keyword)::text = 'character-name-in-title'::text)
                                 Rows Removed by Filter: 134169
                           ->  Bitmap Heap Scan on movie_keyword mk  (cost=6.75..1103.80 rows=299 width=8) (actual time=6.033..64.436 rows=41840 loops=1)
                                 Recheck Cond: (keyword_id = k.id)
                                 Heap Blocks: exact=11541
                                 ->  Bitmap Index Scan on keyword_id_movie_keyword  (cost=0.00..6.67 rows=299 width=0) (actual time=3.975..3.975 rows=41840 loops=1)
                                       Index Cond: (keyword_id = k.id)
                     ->  Index Scan using movie_id_movie_companies on movie_companies mc  (cost=0.43..0.54 rows=5 width=8) (actual time=0.003..0.004 rows=4 loops=41840)
                           Index Cond: (movie_id = mk.movie_id)
               ->  Index Scan using company_name_pkey on company_name cn  (cost=0.42..0.45 rows=1 width=4) (actual time=0.002..0.002 rows=0 loops=148552)
                     Index Cond: (id = mc.company_id)
                     Filter: ((country_code)::text = '[nl]'::text)
                     Rows Removed by Filter: 1
         ->  Index Scan using title_pkey on title t  (cost=0.43..0.49 rows=1 width=21) (actual time=0.004..0.004 rows=1 loops=5228)
               Index Cond: (id = mk.movie_id)
 Planning Time: 2.526 ms
 Execution Time: 568.874 ms
(24 rows)

SET
                                                                               QUERY PLAN                                                                                
-------------------------------------------------------------------------------------------------------------------------------------------------------------------------
 Aggregate  (cost=3829.24..3829.25 rows=1 width=32) (actual time=541.282..541.282 rows=1 loops=1)
   ->  Nested Loop  (cost=8.03..3829.24 rows=1 width=17) (actual time=541.278..541.278 rows=0 loops=1)
         Join Filter: (mc.movie_id = t.id)
         ->  Nested Loop  (cost=7.60..3828.74 rows=1 width=8) (actual time=541.278..541.278 rows=0 loops=1)
               ->  Nested Loop  (cost=7.18..3752.99 rows=170 width=12) (actual time=6.729..265.498 rows=148552 loops=1)
                     ->  Nested Loop  (cost=6.75..3732.91 rows=34 width=4) (actual time=6.688..81.188 rows=41840 loops=1)
                           ->  Seq Scan on keyword k  (cost=0.00..2626.12 rows=1 width=4) (actual time=0.652..11.750 rows=1 loops=1)
                                 Filter: ((keyword)::text = 'character-name-in-title'::text)
                                 Rows Removed by Filter: 134169
                           ->  Bitmap Heap Scan on movie_keyword mk  (cost=6.75..1103.80 rows=299 width=8) (actual time=6.032..65.133 rows=41840 loops=1)
                                 Recheck Cond: (keyword_id = k.id)
                                 Heap Blocks: exact=11541
                                 ->  Bitmap Index Scan on keyword_id_movie_keyword  (cost=0.00..6.67 rows=299 width=0) (actual time=3.976..3.976 rows=41840 loops=1)
                                       Index Cond: (keyword_id = k.id)
                     ->  Index Scan using movie_id_movie_companies on movie_companies mc  (cost=0.43..0.54 rows=5 width=8) (actual time=0.003..0.004 rows=4 loops=41840)
                           Index Cond: (movie_id = mk.movie_id)
               ->  Index Scan using company_name_pkey on company_name cn  (cost=0.42..0.45 rows=1 width=4) (actual time=0.002..0.002 rows=0 loops=148552)
                     Index Cond: (id = mc.company_id)
                     Filter: ((country_code)::text = '[sm]'::text)
                     Rows Removed by Filter: 1
         ->  Index Scan using title_pkey on title t  (cost=0.43..0.49 rows=1 width=21) (never executed)
               Index Cond: (id = mk.movie_id)
 Planning Time: 2.495 ms
 Execution Time: 541.472 ms
(24 rows)

SET
                                                                             QUERY PLAN                                                                              
---------------------------------------------------------------------------------------------------------------------------------------------------------------------
 Aggregate  (cost=3845.82..3845.83 rows=1 width=32) (actual time=727.898..727.898 rows=1 loops=1)
   ->  Nested Loop  (cost=8.03..3845.67 rows=61 width=17) (actual time=6.810..719.745 rows=68316 loops=1)
         ->  Nested Loop  (cost=7.61..3769.92 rows=170 width=21) (actual time=6.750..430.546 rows=148552 loops=1)
               Join Filter: (t.id = mc.movie_id)
               ->  Nested Loop  (cost=7.18..3749.42 rows=34 width=25) (actual time=6.697..248.686 rows=41840 loops=1)
                     ->  Nested Loop  (cost=6.75..3732.91 rows=34 width=4) (actual time=6.675..76.469 rows=41840 loops=1)
                           ->  Seq Scan on keyword k  (cost=0.00..2626.12 rows=1 width=4) (actual time=0.665..11.674 rows=1 loops=1)
                                 Filter: ((keyword)::text = 'character-name-in-title'::text)
                                 Rows Removed by Filter: 134169
                           ->  Bitmap Heap Scan on movie_keyword mk  (cost=6.75..1103.80 rows=299 width=8) (actual time=6.007..60.112 rows=41840 loops=1)
                                 Recheck Cond: (keyword_id = k.id)
                                 Heap Blocks: exact=11541
                                 ->  Bitmap Index Scan on keyword_id_movie_keyword  (cost=0.00..6.67 rows=299 width=0) (actual time=3.961..3.961 rows=41840 loops=1)
                                       Index Cond: (keyword_id = k.id)
                     ->  Index Scan using title_pkey on title t  (cost=0.43..0.49 rows=1 width=21) (actual time=0.004..0.004 rows=1 loops=41840)
                           Index Cond: (id = mk.movie_id)
               ->  Index Scan using movie_id_movie_companies on movie_companies mc  (cost=0.43..0.54 rows=5 width=8) (actual time=0.003..0.004 rows=4 loops=41840)
                     Index Cond: (movie_id = mk.movie_id)
         ->  Index Scan using company_name_pkey on company_name cn  (cost=0.42..0.45 rows=1 width=4) (actual time=0.002..0.002 rows=0 loops=148552)
               Index Cond: (id = mc.company_id)
               Filter: ((country_code)::text = '[us]'::text)
               Rows Removed by Filter: 1
 Planning Time: 2.496 ms
 Execution Time: 728.089 ms
(24 rows)

SET
                                                                                                         QUERY PLAN                                                                                                         
----------------------------------------------------------------------------------------------------------------------------------------------------------------------------------------------------------------------------
 Aggregate  (cost=8691.91..8691.92 rows=1 width=128) (actual time=1344.295..1344.295 rows=1 loops=1)
   ->  Nested Loop  (cost=1012.70..8691.90 rows=1 width=80) (actual time=25.988..1343.813 rows=757 loops=1)
         ->  Nested Loop  (cost=1012.27..8690.88 rows=1 width=69) (actual time=25.948..1333.584 rows=1021 loops=1)
               ->  Nested Loop  (cost=1012.13..8690.69 rows=1 width=73) (actual time=25.939..1331.707 rows=1021 loops=1)
                     Join Filter: (t.id = mi.movie_id)
                     ->  Nested Loop  (cost=1011.70..8672.67 rows=1 width=47) (actual time=13.579..1150.733 rows=1736 loops=1)
                           Join Filter: (t.id = ci.movie_id)
                           ->  Nested Loop  (cost=1011.13..8643.58 rows=1 width=39) (actual time=7.041..315.263 rows=2023 loops=1)
                                 Join Filter: (mi_idx.movie_id = t.id)
                                 ->  Nested Loop  (cost=1010.70..8642.75 rows=1 width=18) (actual time=7.014..220.227 rows=16283 loops=1)
                                       ->  Gather  (cost=1010.57..8642.58 rows=1 width=22) (actual time=6.281..183.094 rows=35346 loops=1)
                                             Workers Planned: 2
                                             Workers Launched: 2
                                             ->  Nested Loop  (cost=10.57..7642.48 rows=1 width=22) (actual time=4.963..312.771 rows=11782 loops=3)
                                                   ->  Nested Loop  (cost=10.44..7642.32 rows=1 width=26) (actual time=4.943..299.630 rows=11782 loops=3)
                                                         ->  Hash Join  (cost=10.02..7640.66 rows=2 width=14) (actual time=4.647..253.475 rows=21234 loops=3)
                                                               Hash Cond: (mi_idx.info_type_id = it2.id)
                                                               ->  Nested Loop  (cost=7.60..7637.43 rows=294 width=18) (actual time=4.557..244.581 rows=63896 loops=3)
                                                                     ->  Nested Loop  (cost=7.17..7557.95 rows=98 width=4) (actual time=4.522..125.010 rows=25571 loops=3)
                                                                           ->  Parallel Index Scan using keyword_pkey on keyword k  (cost=0.42..4353.35 rows=3 width=4) (actual time=0.273..22.978 rows=2 loops=3)
                                                                                 Filter: ((keyword)::text = ANY ('{murder,violence,blood,gore,death,female-nudity,hospital}'::text[]))
                                                                                 Rows Removed by Filter: 44721
                                                                           ->  Bitmap Heap Scan on movie_keyword mk  (cost=6.75..1065.21 rows=299 width=8) (actual time=3.161..42.496 rows=10959 loops=7)
                                                                                 Recheck Cond: (keyword_id = k.id)
                                                                                 Heap Blocks: exact=12389
                                                                                 ->  Bitmap Index Scan on keyword_id_movie_keyword  (cost=0.00..6.67 rows=299 width=0) (actual time=1.823..1.823 rows=10959 loops=7)
                                                                                       Index Cond: (keyword_id = k.id)
                                                                     ->  Index Scan using movie_id_movie_info_idx on movie_info_idx mi_idx  (cost=0.43..0.78 rows=3 width=14) (actual time=0.004..0.004 rows=2 loops=76714)
                                                                           Index Cond: (movie_id = mk.movie_id)
                                                               ->  Hash  (cost=2.41..2.41 rows=1 width=4) (actual time=0.026..0.026 rows=1 loops=3)
                                                                     Buckets: 1024  Batches: 1  Memory Usage: 9kB
                                                                     ->  Seq Scan on info_type it2  (cost=0.00..2.41 rows=1 width=4) (actual time=0.018..0.020 rows=1 loops=3)
                                                                           Filter: ((info)::text = 'votes'::text)
                                                                           Rows Removed by Filter: 112
                                                         ->  Index Scan using movie_id_complete_cast on complete_cast cc  (cost=0.42..0.81 rows=2 width=12) (actual time=0.002..0.002 rows=1 loops=63701)
                                                               Index Cond: (movie_id = mi_idx.movie_id)
                                                   ->  Index Scan using comp_cast_type_pkey on comp_cast_type cct1  (cost=0.13..0.15 rows=1 width=4) (actual time=0.001..0.001 rows=1 loops=35346)
                                                         Index Cond: (id = cc.subject_id)
                                                         Filter: ((kind)::text = ANY ('{cast,crew}'::text[]))
                                       ->  Index Scan using comp_cast_type_pkey on comp_cast_type cct2  (cost=0.13..0.15 rows=1 width=4) (actual time=0.001..0.001 rows=0 loops=35346)
                                             Index Cond: (id = cc.status_id)
                                             Filter: ((kind)::text = 'complete+verified'::text)
                                             Rows Removed by Filter: 1
                                 ->  Index Scan using title_pkey on title t  (cost=0.43..0.82 rows=1 width=21) (actual time=0.006..0.006 rows=0 loops=16283)
                                       Index Cond: (id = mk.movie_id)
                                       Filter: (production_year > 2000)
                                       Rows Removed by Filter: 1
                           ->  Index Scan using movie_id_cast_info on cast_info ci  (cost=0.56..29.08 rows=1 width=8) (actual time=0.291..0.412 rows=1 loops=2023)
                                 Index Cond: (movie_id = mk.movie_id)
                                 Filter: ((note)::text = ANY ('{(writer),"(head writer)","(written by)",(story),"(story editor)"}'::text[]))
                                 Rows Removed by Filter: 137
                     ->  Index Scan using movie_id_movie_info on movie_info mi  (cost=0.43..18.01 rows=1 width=50) (actual time=0.104..0.104 rows=1 loops=1736)
                           Index Cond: (movie_id = mk.movie_id)
                           Filter: ((info)::text = ANY ('{Horror,Thriller}'::text[]))
                           Rows Removed by Filter: 226
               ->  Index Scan using info_type_pkey on info_type it1  (cost=0.14..0.16 rows=1 width=4) (actual time=0.001..0.001 rows=1 loops=1021)
                     Index Cond: (id = mi.info_type_id)
                     Filter: ((info)::text = 'genres'::text)
         ->  Index Scan using name_pkey on name n  (cost=0.43..1.03 rows=1 width=19) (actual time=0.009..0.009 rows=1 loops=1021)
               Index Cond: (id = ci.person_id)
               Filter: ((gender)::text = 'm'::text)
               Rows Removed by Filter: 0
 Planning Time: 73.157 ms
 Execution Time: 1344.721 ms
(64 rows)

SET
                                                                                                           QUERY PLAN                                                                                                            
---------------------------------------------------------------------------------------------------------------------------------------------------------------------------------------------------------------------------------
 Aggregate  (cost=8689.58..8689.59 rows=1 width=128) (actual time=322.016..322.016 rows=1 loops=1)
   ->  Nested Loop  (cost=1010.42..8689.57 rows=1 width=80) (actual time=75.116..321.981 rows=28 loops=1)
         ->  Nested Loop  (cost=1010.29..8689.41 rows=1 width=84) (actual time=75.107..321.935 rows=28 loops=1)
               ->  Nested Loop  (cost=1010.16..8689.23 rows=1 width=88) (actual time=75.098..321.781 rows=108 loops=1)
                     Join Filter: (t.id = cc.movie_id)
                     ->  Nested Loop  (cost=1009.74..8688.40 rows=1 width=100) (actual time=75.068..321.421 rows=108 loops=1)
                           ->  Nested Loop  (cost=1009.31..8687.37 rows=1 width=89) (actual time=75.046..320.833 rows=108 loops=1)
                                 ->  Nested Loop  (cost=1009.17..8687.19 rows=1 width=93) (actual time=75.032..320.453 rows=324 loops=1)
                                       Join Filter: (t.id = mi_idx.movie_id)
                                       ->  Nested Loop  (cost=1008.74..8686.37 rows=1 width=79) (actual time=75.000..319.996 rows=108 loops=1)
                                             ->  Nested Loop  (cost=1008.60..8686.19 rows=1 width=83) (actual time=74.995..319.818 rows=108 loops=1)
                                                   Join Filter: (t.id = mi.movie_id)
                                                   ->  Nested Loop  (cost=1008.16..8668.17 rows=1 width=33) (actual time=74.656..313.353 rows=77 loops=1)
                                                         Join Filter: (t.id = ci.movie_id)
                                                         ->  Gather  (cost=1007.60..8639.08 rows=1 width=25) (actual time=59.503..306.726 rows=49 loops=1)
                                                               Workers Planned: 2
                                                               Workers Launched: 2
                                                               ->  Nested Loop  (cost=7.60..7638.98 rows=1 width=25) (actual time=65.225..246.027 rows=16 loops=3)
                                                                     ->  Nested Loop  (cost=7.17..7557.95 rows=98 width=4) (actual time=4.436..115.450 rows=25571 loops=3)
                                                                           ->  Parallel Index Scan using keyword_pkey on keyword k  (cost=0.42..4353.35 rows=3 width=4) (actual time=0.183..23.289 rows=2 loops=3)
                                                                                 Filter: ((keyword)::text = ANY ('{murder,violence,blood,gore,death,female-nudity,hospital}'::text[]))
                                                                                 Rows Removed by Filter: 44721
                                                                           ->  Bitmap Heap Scan on movie_keyword mk  (cost=6.75..1065.21 rows=299 width=8) (actual time=3.146..38.332 rows=10959 loops=7)
                                                                                 Recheck Cond: (keyword_id = k.id)
                                                                                 Heap Blocks: exact=12389
                                                                                 ->  Bitmap Index Scan on keyword_id_movie_keyword  (cost=0.00..6.67 rows=299 width=0) (actual time=1.813..1.814 rows=10959 loops=7)
                                                                                       Index Cond: (keyword_id = k.id)
                                                                     ->  Index Scan using title_pkey on title t  (cost=0.43..0.83 rows=1 width=21) (actual time=0.005..0.005 rows=0 loops=76714)
                                                                           Index Cond: (id = mk.movie_id)
                                                                           Filter: ((production_year > 2000) AND (((title)::text ~~ '%Freddy%'::text) OR ((title)::text ~~ '%Jason%'::text) OR ((title)::text ~~ 'Saw%'::text)))
                                                                           Rows Removed by Filter: 1
                                                         ->  Index Scan using movie_id_cast_info on cast_info ci  (cost=0.56..29.08 rows=1 width=8) (actual time=0.151..0.225 rows=2 loops=49)
                                                               Index Cond: (movie_id = mk.movie_id)
                                                               Filter: ((note)::text = ANY ('{(writer),"(head writer)","(written by)",(story),"(story editor)"}'::text[]))
                                                               Rows Removed by Filter: 82
                                                   ->  Index Scan using movie_id_movie_info on movie_info mi  (cost=0.43..18.01 rows=1 width=50) (actual time=0.083..0.083 rows=1 loops=77)
                                                         Index Cond: (movie_id = mk.movie_id)
                                                         Filter: ((info)::text = ANY ('{Horror,Thriller}'::text[]))
                                                         Rows Removed by Filter: 279
                                             ->  Index Scan using info_type_pkey on info_type it1  (cost=0.14..0.16 rows=1 width=4) (actual time=0.001..0.001 rows=1 loops=108)
                                                   Index Cond: (id = mi.info_type_id)
                                                   Filter: ((info)::text = 'genres'::text)
                                       ->  Index Scan using movie_id_movie_info_idx on movie_info_idx mi_idx  (cost=0.43..0.78 rows=3 width=14) (actual time=0.003..0.003 rows=3 loops=108)
                                             Index Cond: (movie_id = mk.movie_id)
                                 ->  Index Scan using info_type_pkey on info_type it2  (cost=0.14..0.16 rows=1 width=4) (actual time=0.001..0.001 rows=0 loops=324)
                                       Index Cond: (id = mi_idx.info_type_id)
                                       Filter: ((info)::text = 'votes'::text)
                                       Rows Removed by Filter: 1
                           ->  Index Scan using name_pkey on name n  (cost=0.43..1.03 rows=1 width=19) (actual time=0.005..0.005 rows=1 loops=108)
                                 Index Cond: (id = ci.person_id)
                                 Filter: ((gender)::text = 'm'::text)
                     ->  Index Scan using movie_id_complete_cast on complete_cast cc  (cost=0.42..0.81 rows=2 width=12) (actual time=0.003..0.003 rows=1 loops=108)
                           Index Cond: (movie_id = mk.movie_id)
               ->  Index Scan using comp_cast_type_pkey on comp_cast_type cct2  (cost=0.13..0.15 rows=1 width=4) (actual time=0.001..0.001 rows=0 loops=108)
                     Index Cond: (id = cc.status_id)
                     Filter: ((kind)::text = 'complete+verified'::text)
                     Rows Removed by Filter: 1
         ->  Index Scan using comp_cast_type_pkey on comp_cast_type cct1  (cost=0.13..0.15 rows=1 width=4) (actual time=0.001..0.001 rows=1 loops=28)
               Index Cond: (id = cc.subject_id)
               Filter: ((kind)::text = ANY ('{cast,crew}'::text[]))
 Planning Time: 73.435 ms
 Execution Time: 326.784 ms
(62 rows)

SET
                                                                                                         QUERY PLAN                                                                                                         
----------------------------------------------------------------------------------------------------------------------------------------------------------------------------------------------------------------------------
 Aggregate  (cost=8709.53..8709.54 rows=1 width=128) (actual time=4009.208..4009.208 rows=1 loops=1)
   ->  Nested Loop  (cost=1012.70..8709.52 rows=1 width=80) (actual time=12.271..4005.374 rows=8024 loops=1)
         ->  Nested Loop  (cost=1012.27..8708.49 rows=1 width=69) (actual time=12.236..3924.740 rows=11863 loops=1)
               Join Filter: (t.id = ci.movie_id)
               ->  Nested Loop  (cost=1011.71..8679.40 rows=1 width=85) (actual time=10.052..1281.695 rows=14655 loops=1)
                     ->  Nested Loop  (cost=1011.58..8679.23 rows=1 width=89) (actual time=7.574..1252.940 rows=27522 loops=1)
                           ->  Nested Loop  (cost=1011.45..8679.06 rows=1 width=93) (actual time=7.556..1207.832 rows=37669 loops=1)
                                 ->  Nested Loop  (cost=1011.03..8678.23 rows=1 width=81) (actual time=6.095..1066.404 rows=63386 loops=1)
                                       Join Filter: (mi.movie_id = t.id)
                                       ->  Gather  (cost=1010.60..8677.40 rows=1 width=60) (actual time=6.074..774.031 rows=63386 loops=1)
                                             Workers Planned: 2
                                             Workers Launched: 2
                                             ->  Nested Loop  (cost=10.60..7677.30 rows=1 width=60) (actual time=4.744..1294.065 rows=21129 loops=3)
                                                   ->  Nested Loop  (cost=10.46..7677.12 rows=1 width=64) (actual time=4.732..1265.781 rows=22577 loops=3)
                                                         Join Filter: (mi_idx.movie_id = mi.movie_id)
                                                         ->  Hash Join  (cost=10.02..7640.66 rows=2 width=14) (actual time=4.630..249.591 rows=21234 loops=3)
                                                               Hash Cond: (mi_idx.info_type_id = it2.id)
                                                               ->  Nested Loop  (cost=7.60..7637.43 rows=294 width=18) (actual time=4.545..239.679 rows=63896 loops=3)
                                                                     ->  Nested Loop  (cost=7.17..7557.95 rows=98 width=4) (actual time=4.509..120.179 rows=25571 loops=3)
                                                                           ->  Parallel Index Scan using keyword_pkey on keyword k  (cost=0.42..4353.35 rows=3 width=4) (actual time=0.268..24.045 rows=2 loops=3)
                                                                                 Filter: ((keyword)::text = ANY ('{murder,violence,blood,gore,death,female-nudity,hospital}'::text[]))
                                                                                 Rows Removed by Filter: 44721
                                                                           ->  Bitmap Heap Scan on movie_keyword mk  (cost=6.75..1065.21 rows=299 width=8) (actual time=3.153..39.890 rows=10959 loops=7)
                                                                                 Recheck Cond: (keyword_id = k.id)
                                                                                 Heap Blocks: exact=12389
                                                                                 ->  Bitmap Index Scan on keyword_id_movie_keyword  (cost=0.00..6.67 rows=299 width=0) (actual time=1.818..1.818 rows=10959 loops=7)
                                                                                       Index Cond: (keyword_id = k.id)
                                                                     ->  Index Scan using movie_id_movie_info_idx on movie_info_idx mi_idx  (cost=0.43..0.78 rows=3 width=14) (actual time=0.004..0.004 rows=2 loops=76714)
                                                                           Index Cond: (movie_id = mk.movie_id)
                                                               ->  Hash  (cost=2.41..2.41 rows=1 width=4) (actual time=0.029..0.029 rows=1 loops=3)
                                                                     Buckets: 1024  Batches: 1  Memory Usage: 9kB
                                                                     ->  Seq Scan on info_type it2  (cost=0.00..2.41 rows=1 width=4) (actual time=0.023..0.025 rows=1 loops=3)
                                                                           Filter: ((info)::text = 'votes'::text)
                                                                           Rows Removed by Filter: 112
                                                         ->  Index Scan using movie_id_movie_info on movie_info mi  (cost=0.43..18.22 rows=1 width=50) (actual time=0.046..0.047 rows=1 loops=63701)
                                                               Index Cond: (movie_id = mk.movie_id)
                                                               Filter: ((info)::text = ANY ('{Horror,Action,Sci-Fi,Thriller,Crime,War}'::text[]))
                                                               Rows Removed by Filter: 58
                                                   ->  Index Scan using info_type_pkey on info_type it1  (cost=0.14..0.16 rows=1 width=4) (actual time=0.001..0.001 rows=1 loops=67732)
                                                         Index Cond: (id = mi.info_type_id)
                                                         Filter: ((info)::text = 'genres'::text)
                                                         Rows Removed by Filter: 0
                                       ->  Index Scan using title_pkey on title t  (cost=0.43..0.82 rows=1 width=21) (actual time=0.004..0.004 rows=1 loops=63386)
                                             Index Cond: (id = mk.movie_id)
                                 ->  Index Scan using movie_id_complete_cast on complete_cast cc  (cost=0.42..0.81 rows=2 width=12) (actual time=0.002..0.002 rows=1 loops=63386)
                                       Index Cond: (movie_id = t.id)
                           ->  Index Scan using comp_cast_type_pkey on comp_cast_type cct1  (cost=0.13..0.15 rows=1 width=4) (actual time=0.001..0.001 rows=1 loops=37669)
                                 Index Cond: (id = cc.subject_id)
                                 Filter: ((kind)::text = 'cast'::text)
                                 Rows Removed by Filter: 0
                     ->  Index Scan using comp_cast_type_pkey on comp_cast_type cct2  (cost=0.13..0.15 rows=1 width=4) (actual time=0.001..0.001 rows=1 loops=27522)
                           Index Cond: (id = cc.status_id)
                           Filter: ((kind)::text = 'complete+verified'::text)
                           Rows Removed by Filter: 0
               ->  Index Scan using movie_id_cast_info on cast_info ci  (cost=0.56..29.08 rows=1 width=8) (actual time=0.135..0.180 rows=1 loops=14655)
                     Index Cond: (movie_id = mk.movie_id)
                     Filter: ((note)::text = ANY ('{(writer),"(head writer)","(written by)",(story),"(story editor)"}'::text[]))
                     Rows Removed by Filter: 83
         ->  Index Scan using name_pkey on name n  (cost=0.43..1.03 rows=1 width=19) (actual time=0.006..0.006 rows=1 loops=11863)
               Index Cond: (id = ci.person_id)
               Filter: ((gender)::text = 'm'::text)
               Rows Removed by Filter: 0
 Planning Time: 73.874 ms
 Execution Time: 4009.647 ms
(64 rows)

SET
                                                                                                      QUERY PLAN                                                                                                      
----------------------------------------------------------------------------------------------------------------------------------------------------------------------------------------------------------------------
 Aggregate  (cost=8954.40..8954.41 rows=1 width=128) (actual time=1374.569..1374.569 rows=1 loops=1)
   ->  Nested Loop  (cost=1012.87..8954.39 rows=1 width=80) (actual time=59.926..1374.005 rows=1273 loops=1)
         Join Filter: (mi.movie_id = t.id)
         ->  Nested Loop  (cost=1012.44..8953.28 rows=1 width=83) (actual time=59.896..1368.327 rows=1273 loops=1)
               ->  Nested Loop  (cost=1012.01..8951.99 rows=1 width=72) (actual time=59.862..1358.992 rows=1556 loops=1)
                     ->  Nested Loop  (cost=1011.87..8951.81 rows=1 width=76) (actual time=59.853..1356.526 rows=1616 loops=1)
                           Join Filter: (mi_idx.movie_id = mi.movie_id)
                           ->  Nested Loop  (cost=1011.44..8928.44 rows=1 width=26) (actual time=28.942..1260.975 rows=1471 loops=1)
                                 Join Filter: (mi_idx.movie_id = ci.movie_id)
                                 ->  Gather  (cost=1010.87..8895.40 rows=1 width=18) (actual time=28.671..912.317 rows=1547 loops=1)
                                       Workers Planned: 2
                                       Workers Launched: 2
                                       ->  Nested Loop  (cost=10.87..7895.30 rows=1 width=18) (actual time=17.253..956.374 rows=516 loops=3)
                                             ->  Nested Loop  (cost=10.45..7882.53 rows=13 width=22) (actual time=4.545..458.829 rows=199419 loops=3)
                                                   Join Filter: (mi_idx.movie_id = mc.movie_id)
                                                   ->  Hash Join  (cost=10.02..7878.13 rows=2 width=14) (actual time=4.510..253.181 rows=21234 loops=3)
                                                         Hash Cond: (mi_idx.info_type_id = it2.id)
                                                         ->  Nested Loop  (cost=7.60..7874.90 rows=294 width=18) (actual time=4.420..243.870 rows=63896 loops=3)
                                                               ->  Nested Loop  (cost=7.17..7767.34 rows=98 width=4) (actual time=4.379..125.585 rows=25571 loops=3)
                                                                     ->  Parallel Index Scan using keyword_pkey on keyword k  (cost=0.42..4562.73 rows=3 width=4) (actual time=0.178..22.321 rows=2 loops=3)
                                                                           Filter: ((keyword)::text = ANY ('{murder,violence,blood,gore,death,female-nudity,hospital}'::text[]))
                                                                           Rows Removed by Filter: 44721
                                                                     ->  Bitmap Heap Scan on movie_keyword mk  (cost=6.75..1065.21 rows=299 width=8) (actual time=3.131..42.976 rows=10959 loops=7)
                                                                           Recheck Cond: (keyword_id = k.id)
                                                                           Heap Blocks: exact=12389
                                                                           ->  Bitmap Index Scan on keyword_id_movie_keyword  (cost=0.00..6.67 rows=299 width=0) (actual time=1.799..1.799 rows=10959 loops=7)
                                                                                 Index Cond: (keyword_id = k.id)
                                                               ->  Index Scan using movie_id_movie_info_idx on movie_info_idx mi_idx  (cost=0.43..1.07 rows=3 width=14) (actual time=0.004..0.004 rows=2 loops=76714)
                                                                     Index Cond: (movie_id = mk.movie_id)
                                                         ->  Hash  (cost=2.41..2.41 rows=1 width=4) (actual time=0.027..0.028 rows=1 loops=3)
                                                               Buckets: 1024  Batches: 1  Memory Usage: 9kB
                                                               ->  Seq Scan on info_type it2  (cost=0.00..2.41 rows=1 width=4) (actual time=0.022..0.023 rows=1 loops=3)
                                                                     Filter: ((info)::text = 'votes'::text)
                                                                     Rows Removed by Filter: 112
                                                   ->  Index Scan using movie_id_movie_companies on movie_companies mc  (cost=0.43..2.14 rows=5 width=8) (actual time=0.005..0.008 rows=9 loops=63701)
                                                         Index Cond: (movie_id = mk.movie_id)
                                             ->  Index Scan using company_name_pkey on company_name cn  (cost=0.42..0.98 rows=1 width=4) (actual time=0.002..0.002 rows=0 loops=598256)
                                                   Index Cond: (id = mc.company_id)
                                                   Filter: ((name)::text ~~ 'Lionsgate%'::text)
                                                   Rows Removed by Filter: 1
                                 ->  Index Scan using movie_id_cast_info on cast_info ci  (cost=0.56..33.03 rows=1 width=8) (actual time=0.165..0.228 rows=1 loops=1547)
                                       Index Cond: (movie_id = mk.movie_id)
                                       Filter: ((note)::text = ANY ('{(writer),"(head writer)","(written by)",(story),"(story editor)"}'::text[]))
                                       Rows Removed by Filter: 119
                           ->  Index Scan using movie_id_movie_info on movie_info mi  (cost=0.43..23.36 rows=1 width=50) (actual time=0.063..0.064 rows=1 loops=1471)
                                 Index Cond: (movie_id = mk.movie_id)
                                 Filter: ((info)::text = ANY ('{Horror,Thriller}'::text[]))
                                 Rows Removed by Filter: 173
                     ->  Index Scan using info_type_pkey on info_type it1  (cost=0.14..0.16 rows=1 width=4) (actual time=0.001..0.001 rows=1 loops=1616)
                           Index Cond: (id = mi.info_type_id)
                           Filter: ((info)::text = 'genres'::text)
                           Rows Removed by Filter: 0
               ->  Index Scan using name_pkey on name n  (cost=0.43..1.29 rows=1 width=19) (actual time=0.006..0.006 rows=1 loops=1556)
                     Index Cond: (id = ci.person_id)
                     Filter: ((gender)::text = 'm'::text)
                     Rows Removed by Filter: 0
         ->  Index Scan using title_pkey on title t  (cost=0.43..1.10 rows=1 width=21) (actual time=0.004..0.004 rows=1 loops=1273)
               Index Cond: (id = mk.movie_id)
 Planning Time: 51.388 ms
 Execution Time: 1379.405 ms
(60 rows)

SET
                                                                                                        QUERY PLAN                                                                                                         
---------------------------------------------------------------------------------------------------------------------------------------------------------------------------------------------------------------------------
 Aggregate  (cost=8939.01..8939.02 rows=1 width=128) (actual time=323.713..323.713 rows=1 loops=1)
   ->  Nested Loop  (cost=1010.59..8939.00 rows=1 width=80) (actual time=117.246..323.661 rows=84 loops=1)
         ->  Nested Loop  (cost=1010.16..8937.71 rows=1 width=69) (actual time=117.218..323.245 rows=84 loops=1)
               ->  Nested Loop  (cost=1010.02..8937.53 rows=1 width=73) (actual time=117.205..322.958 rows=252 loops=1)
                     Join Filter: (t.id = mi_idx.movie_id)
                     ->  Nested Loop  (cost=1009.59..8936.42 rows=1 width=83) (actual time=117.172..322.670 rows=84 loops=1)
                           ->  Nested Loop  (cost=1009.45..8936.24 rows=1 width=87) (actual time=117.155..322.527 rows=84 loops=1)
                                 Join Filter: (t.id = mi.movie_id)
                                 ->  Nested Loop  (cost=1009.01..8912.87 rows=1 width=37) (actual time=116.859..318.458 rows=53 loops=1)
                                       ->  Nested Loop  (cost=1008.59..8911.15 rows=1 width=41) (actual time=116.819..318.080 rows=119 loops=1)
                                             Join Filter: (t.id = mc.movie_id)
                                             ->  Nested Loop  (cost=1008.16..8908.99 rows=1 width=33) (actual time=73.970..317.037 rows=77 loops=1)
                                                   Join Filter: (t.id = ci.movie_id)
                                                   ->  Gather  (cost=1007.60..8875.95 rows=1 width=25) (actual time=58.957..310.366 rows=49 loops=1)
                                                         Workers Planned: 2
                                                         Workers Launched: 2
                                                         ->  Nested Loop  (cost=7.60..7875.85 rows=1 width=25) (actual time=64.441..246.420 rows=16 loops=3)
                                                               ->  Nested Loop  (cost=7.17..7767.34 rows=98 width=4) (actual time=4.433..115.483 rows=25571 loops=3)
                                                                     ->  Parallel Index Scan using keyword_pkey on keyword k  (cost=0.42..4562.73 rows=3 width=4) (actual time=0.192..23.175 rows=2 loops=3)
                                                                           Filter: ((keyword)::text = ANY ('{murder,violence,blood,gore,death,female-nudity,hospital}'::text[]))
                                                                           Rows Removed by Filter: 44721
                                                                     ->  Bitmap Heap Scan on movie_keyword mk  (cost=6.75..1065.21 rows=299 width=8) (actual time=3.144..38.373 rows=10959 loops=7)
                                                                           Recheck Cond: (keyword_id = k.id)
                                                                           Heap Blocks: exact=12389
                                                                           ->  Bitmap Index Scan on keyword_id_movie_keyword  (cost=0.00..6.67 rows=299 width=0) (actual time=1.807..1.807 rows=10959 loops=7)
                                                                                 Index Cond: (keyword_id = k.id)
                                                               ->  Index Scan using title_pkey on title t  (cost=0.43..1.11 rows=1 width=21) (actual time=0.005..0.005 rows=0 loops=76714)
                                                                     Index Cond: (id = mk.movie_id)
                                                                     Filter: ((production_year > 2000) AND (((title)::text ~~ '%Freddy%'::text) OR ((title)::text ~~ '%Jason%'::text) OR ((title)::text ~~ 'Saw%'::text)))
                                                                     Rows Removed by Filter: 1
                                                   ->  Index Scan using movie_id_cast_info on cast_info ci  (cost=0.56..33.03 rows=1 width=8) (actual time=0.152..0.226 rows=2 loops=49)
                                                         Index Cond: (movie_id = mk.movie_id)
                                                         Filter: ((note)::text = ANY ('{(writer),"(head writer)","(written by)",(story),"(story editor)"}'::text[]))
                                                         Rows Removed by Filter: 82
                                             ->  Index Scan using movie_id_movie_companies on movie_companies mc  (cost=0.43..2.15 rows=1 width=8) (actual time=0.008..0.013 rows=2 loops=77)
                                                   Index Cond: (movie_id = mk.movie_id)
                                                   Filter: ((note)::text ~~ '%(Blu-ray)%'::text)
                                                   Rows Removed by Filter: 24
                                       ->  Index Scan using company_name_pkey on company_name cn  (cost=0.42..1.61 rows=1 width=4) (actual time=0.003..0.003 rows=0 loops=119)
                                             Index Cond: (id = mc.company_id)
                                             Filter: ((name)::text ~~ 'Lionsgate%'::text)
                                             Rows Removed by Filter: 1
                                 ->  Index Scan using movie_id_movie_info on movie_info mi  (cost=0.43..23.36 rows=1 width=50) (actual time=0.076..0.076 rows=2 loops=53)
                                       Index Cond: (movie_id = mk.movie_id)
                                       Filter: ((info)::text = ANY ('{Horror,Thriller}'::text[]))
                                       Rows Removed by Filter: 292
                           ->  Index Scan using info_type_pkey on info_type it1  (cost=0.14..0.16 rows=1 width=4) (actual time=0.001..0.001 rows=1 loops=84)
                                 Index Cond: (id = mi.info_type_id)
                                 Filter: ((info)::text = 'genres'::text)
                     ->  Index Scan using movie_id_movie_info_idx on movie_info_idx mi_idx  (cost=0.43..1.07 rows=3 width=14) (actual time=0.002..0.003 rows=3 loops=84)
                           Index Cond: (movie_id = mk.movie_id)
               ->  Index Scan using info_type_pkey on info_type it2  (cost=0.14..0.16 rows=1 width=4) (actual time=0.001..0.001 rows=0 loops=252)
                     Index Cond: (id = mi_idx.info_type_id)
                     Filter: ((info)::text = 'votes'::text)
                     Rows Removed by Filter: 1
         ->  Index Scan using name_pkey on name n  (cost=0.43..1.29 rows=1 width=19) (actual time=0.005..0.005 rows=1 loops=84)
               Index Cond: (id = ci.person_id)
               Filter: ((gender)::text = 'm'::text)
 Planning Time: 50.413 ms
 Execution Time: 328.486 ms
(60 rows)

SET
                                                                                                      QUERY PLAN                                                                                                      
----------------------------------------------------------------------------------------------------------------------------------------------------------------------------------------------------------------------
 Aggregate  (cost=8954.61..8954.62 rows=1 width=128) (actual time=1379.624..1379.625 rows=1 loops=1)
   ->  Nested Loop  (cost=1012.87..8954.60 rows=1 width=80) (actual time=58.319..1378.565 rows=2825 loops=1)
         Join Filter: (mi.movie_id = t.id)
         ->  Nested Loop  (cost=1012.44..8953.49 rows=1 width=83) (actual time=58.292..1369.547 rows=2825 loops=1)
               ->  Nested Loop  (cost=1012.01..8952.20 rows=1 width=72) (actual time=58.263..1357.627 rows=2825 loops=1)
                     ->  Nested Loop  (cost=1011.87..8952.02 rows=1 width=76) (actual time=58.253..1353.526 rows=3007 loops=1)
                           Join Filter: (mi_idx.movie_id = mi.movie_id)
                           ->  Nested Loop  (cost=1011.44..8928.44 rows=1 width=26) (actual time=28.753..1238.767 rows=1471 loops=1)
                                 Join Filter: (mi_idx.movie_id = ci.movie_id)
                                 ->  Gather  (cost=1010.87..8895.40 rows=1 width=18) (actual time=28.500..889.603 rows=1547 loops=1)
                                       Workers Planned: 2
                                       Workers Launched: 2
                                       ->  Nested Loop  (cost=10.87..7895.30 rows=1 width=18) (actual time=17.208..958.621 rows=516 loops=3)
                                             ->  Nested Loop  (cost=10.45..7882.53 rows=13 width=22) (actual time=4.668..458.538 rows=199419 loops=3)
                                                   Join Filter: (mi_idx.movie_id = mc.movie_id)
                                                   ->  Hash Join  (cost=10.02..7878.13 rows=2 width=14) (actual time=4.626..253.000 rows=21234 loops=3)
                                                         Hash Cond: (mi_idx.info_type_id = it2.id)
                                                         ->  Nested Loop  (cost=7.60..7874.90 rows=294 width=18) (actual time=4.538..243.700 rows=63896 loops=3)
                                                               ->  Nested Loop  (cost=7.17..7767.34 rows=98 width=4) (actual time=4.498..125.870 rows=25571 loops=3)
                                                                     ->  Parallel Index Scan using keyword_pkey on keyword k  (cost=0.42..4562.73 rows=3 width=4) (actual time=0.275..22.658 rows=2 loops=3)
                                                                           Filter: ((keyword)::text = ANY ('{murder,violence,blood,gore,death,female-nudity,hospital}'::text[]))
                                                                           Rows Removed by Filter: 44721
                                                                     ->  Bitmap Heap Scan on movie_keyword mk  (cost=6.75..1065.21 rows=299 width=8) (actual time=3.146..42.952 rows=10959 loops=7)
                                                                           Recheck Cond: (keyword_id = k.id)
                                                                           Heap Blocks: exact=12389
                                                                           ->  Bitmap Index Scan on keyword_id_movie_keyword  (cost=0.00..6.67 rows=299 width=0) (actual time=1.811..1.811 rows=10959 loops=7)
                                                                                 Index Cond: (keyword_id = k.id)
                                                               ->  Index Scan using movie_id_movie_info_idx on movie_info_idx mi_idx  (cost=0.43..1.07 rows=3 width=14) (actual time=0.004..0.004 rows=2 loops=76714)
                                                                     Index Cond: (movie_id = mk.movie_id)
                                                         ->  Hash  (cost=2.41..2.41 rows=1 width=4) (actual time=0.028..0.028 rows=1 loops=3)
                                                               Buckets: 1024  Batches: 1  Memory Usage: 9kB
                                                               ->  Seq Scan on info_type it2  (cost=0.00..2.41 rows=1 width=4) (actual time=0.022..0.024 rows=1 loops=3)
                                                                     Filter: ((info)::text = 'votes'::text)
                                                                     Rows Removed by Filter: 112
                                                   ->  Index Scan using movie_id_movie_companies on movie_companies mc  (cost=0.43..2.14 rows=5 width=8) (actual time=0.005..0.008 rows=9 loops=63701)
                                                         Index Cond: (movie_id = mk.movie_id)
                                             ->  Index Scan using company_name_pkey on company_name cn  (cost=0.42..0.98 rows=1 width=4) (actual time=0.002..0.002 rows=0 loops=598256)
                                                   Index Cond: (id = mc.company_id)
                                                   Filter: ((name)::text ~~ 'Lionsgate%'::text)
                                                   Rows Removed by Filter: 1
                                 ->  Index Scan using movie_id_cast_info on cast_info ci  (cost=0.56..33.03 rows=1 width=8) (actual time=0.165..0.228 rows=1 loops=1547)
                                       Index Cond: (movie_id = mk.movie_id)
                                       Filter: ((note)::text = ANY ('{(writer),"(head writer)","(written by)",(story),"(story editor)"}'::text[]))
                                       Rows Removed by Filter: 119
                           ->  Index Scan using movie_id_movie_info on movie_info mi  (cost=0.43..23.57 rows=1 width=50) (actual time=0.075..0.077 rows=2 loops=1471)
                                 Index Cond: (movie_id = mk.movie_id)
                                 Filter: ((info)::text = ANY ('{Horror,Action,Sci-Fi,Thriller,Crime,War}'::text[]))
                                 Rows Removed by Filter: 172
                     ->  Index Scan using info_type_pkey on info_type it1  (cost=0.14..0.16 rows=1 width=4) (actual time=0.001..0.001 rows=1 loops=3007)
                           Index Cond: (id = mi.info_type_id)
                           Filter: ((info)::text = 'genres'::text)
                           Rows Removed by Filter: 0
               ->  Index Scan using name_pkey on name n  (cost=0.43..1.29 rows=1 width=19) (actual time=0.004..0.004 rows=1 loops=2825)
                     Index Cond: (id = ci.person_id)
         ->  Index Scan using title_pkey on title t  (cost=0.43..1.10 rows=1 width=21) (actual time=0.003..0.003 rows=1 loops=2825)
               Index Cond: (id = mk.movie_id)
 Planning Time: 51.068 ms
 Execution Time: 1384.545 ms
(58 rows)

SET
                                                                              QUERY PLAN                                                                               
-----------------------------------------------------------------------------------------------------------------------------------------------------------------------
 Aggregate  (cost=3802.90..3802.91 rows=1 width=96) (actual time=15.955..15.955 rows=1 loops=1)
   ->  Nested Loop  (cost=7.90..3802.82 rows=11 width=116) (actual time=15.952..15.952 rows=0 loops=1)
         ->  Nested Loop  (cost=7.47..3756.66 rows=11 width=103) (actual time=15.952..15.952 rows=0 loops=1)
               ->  Nested Loop  (cost=7.04..3751.32 rows=11 width=94) (actual time=15.952..15.952 rows=0 loops=1)
                     Join Filter: (ml.link_type_id = lt.id)
                     ->  Nested Loop  (cost=7.04..3747.37 rows=11 width=16) (actual time=15.951..15.951 rows=0 loops=1)
                           ->  Nested Loop  (cost=6.75..3732.91 rows=34 width=4) (actual time=15.578..15.941 rows=1 loops=1)
                                 ->  Seq Scan on keyword k  (cost=0.00..2626.12 rows=1 width=4) (actual time=15.545..15.906 rows=1 loops=1)
                                       Filter: ((keyword)::text = '10,000-mile-club'::text)
                                       Rows Removed by Filter: 134169
                                 ->  Bitmap Heap Scan on movie_keyword mk  (cost=6.75..1103.80 rows=299 width=8) (actual time=0.030..0.030 rows=1 loops=1)
                                       Recheck Cond: (keyword_id = k.id)
                                       Heap Blocks: exact=1
                                       ->  Bitmap Index Scan on keyword_id_movie_keyword  (cost=0.00..6.67 rows=299 width=0) (actual time=0.013..0.013 rows=1 loops=1)
                                             Index Cond: (keyword_id = k.id)
                           ->  Index Scan using movie_id_movie_link on movie_link ml  (cost=0.29..0.38 rows=5 width=12) (actual time=0.009..0.009 rows=0 loops=1)
                                 Index Cond: (movie_id = mk.movie_id)
                     ->  Materialize  (cost=0.00..1.27 rows=18 width=86) (never executed)
                           ->  Seq Scan on link_type lt  (cost=0.00..1.18 rows=18 width=86) (never executed)
               ->  Index Scan using title_pkey on title t1  (cost=0.43..0.49 rows=1 width=21) (never executed)
                     Index Cond: (id = mk.movie_id)
         ->  Index Scan using title_pkey on title t2  (cost=0.43..4.20 rows=1 width=21) (never executed)
               Index Cond: (id = ml.linked_movie_id)
 Planning Time: 2.905 ms
 Execution Time: 16.096 ms
(25 rows)

SET
                                                                                QUERY PLAN                                                                                 
---------------------------------------------------------------------------------------------------------------------------------------------------------------------------
 Aggregate  (cost=3802.90..3802.91 rows=1 width=96) (actual time=185.481..185.481 rows=1 loops=1)
   ->  Nested Loop  (cost=7.90..3802.82 rows=11 width=116) (actual time=6.896..184.381 rows=4388 loops=1)
         ->  Nested Loop  (cost=7.47..3756.66 rows=11 width=103) (actual time=6.864..140.917 rows=4388 loops=1)
               ->  Nested Loop  (cost=7.04..3751.32 rows=11 width=94) (actual time=6.839..129.540 rows=4388 loops=1)
                     Join Filter: (ml.link_type_id = lt.id)
                     Rows Removed by Join Filter: 30206
                     ->  Nested Loop  (cost=7.04..3747.37 rows=11 width=16) (actual time=6.816..124.796 rows=4388 loops=1)
                           ->  Nested Loop  (cost=6.75..3732.91 rows=34 width=4) (actual time=6.707..85.278 rows=41840 loops=1)
                                 ->  Seq Scan on keyword k  (cost=0.00..2626.12 rows=1 width=4) (actual time=0.510..12.020 rows=1 loops=1)
                                       Filter: ((keyword)::text = 'character-name-in-title'::text)
                                       Rows Removed by Filter: 134169
                                 ->  Bitmap Heap Scan on movie_keyword mk  (cost=6.75..1103.80 rows=299 width=8) (actual time=6.194..69.348 rows=41840 loops=1)
                                       Recheck Cond: (keyword_id = k.id)
                                       Heap Blocks: exact=11541
                                       ->  Bitmap Index Scan on keyword_id_movie_keyword  (cost=0.00..6.67 rows=299 width=0) (actual time=4.127..4.127 rows=41840 loops=1)
                                             Index Cond: (keyword_id = k.id)
                           ->  Index Scan using movie_id_movie_link on movie_link ml  (cost=0.29..0.38 rows=5 width=12) (actual time=0.001..0.001 rows=0 loops=41840)
                                 Index Cond: (movie_id = mk.movie_id)
                     ->  Materialize  (cost=0.00..1.27 rows=18 width=86) (actual time=0.000..0.000 rows=8 loops=4388)
                           ->  Seq Scan on link_type lt  (cost=0.00..1.18 rows=18 width=86) (actual time=0.012..0.015 rows=17 loops=1)
               ->  Index Scan using title_pkey on title t1  (cost=0.43..0.49 rows=1 width=21) (actual time=0.002..0.002 rows=1 loops=4388)
                     Index Cond: (id = mk.movie_id)
         ->  Index Scan using title_pkey on title t2  (cost=0.43..4.20 rows=1 width=21) (actual time=0.010..0.010 rows=1 loops=4388)
               Index Cond: (id = ml.linked_movie_id)
 Planning Time: 2.375 ms
 Execution Time: 185.676 ms
(26 rows)

SET
                                                                                                                  QUERY PLAN                                                                                                                   
-----------------------------------------------------------------------------------------------------------------------------------------------------------------------------------------------------------------------------------------------
 Aggregate  (cost=4451.76..4451.77 rows=1 width=192) (actual time=71.525..71.526 rows=1 loops=1)
   ->  Nested Loop  (cost=6.44..4451.74 rows=1 width=84) (actual time=11.936..71.512 rows=8 loops=1)
         ->  Nested Loop  (cost=6.02..4451.30 rows=1 width=69) (actual time=11.927..71.458 rows=8 loops=1)
               Join Filter: (t2.id = mc2.movie_id)
               ->  Nested Loop  (cost=5.59..4450.56 rows=1 width=77) (actual time=11.909..71.426 rows=2 loops=1)
                     Join Filter: ((ml.linked_movie_id = t2.id) AND (kt2.id = t2.kind_id))
                     ->  Nested Loop  (cost=5.16..4449.84 rows=1 width=60) (actual time=11.887..71.332 rows=12 loops=1)
                           ->  Nested Loop  (cost=4.74..4449.40 rows=1 width=45) (actual time=11.851..70.824 rows=81 loops=1)
                                 ->  Nested Loop  (cost=4.31..4448.79 rows=1 width=53) (actual time=11.826..70.451 rows=28 loops=1)
                                       Join Filter: (it2.id = mi_idx2.info_type_id)
                                       Rows Removed by Join Filter: 1595
                                       ->  Nested Loop  (cost=3.88..4409.59 rows=19 width=47) (actual time=0.205..62.350 rows=1220 loops=1)
                                             Join Filter: (kt1.id = t1.kind_id)
                                             Rows Removed by Join Filter: 844
                                             ->  Nested Loop  (cost=0.00..2.18 rows=1 width=8) (actual time=0.018..0.020 rows=1 loops=1)
                                                   ->  Seq Scan on kind_type kt1  (cost=0.00..1.09 rows=1 width=4) (actual time=0.015..0.016 rows=1 loops=1)
                                                         Filter: ((kind)::text = 'tv series'::text)
                                                         Rows Removed by Filter: 6
                                                   ->  Seq Scan on kind_type kt2  (cost=0.00..1.09 rows=1 width=4) (actual time=0.001..0.002 rows=1 loops=1)
                                                         Filter: ((kind)::text = 'tv series'::text)
                                                         Rows Removed by Filter: 6
                                             ->  Nested Loop  (cost=3.88..4405.75 rows=132 width=47) (actual time=0.185..62.069 rows=2064 loops=1)
                                                   Join Filter: (ml.movie_id = t1.id)
                                                   ->  Nested Loop  (cost=3.45..4328.60 rows=132 width=22) (actual time=0.168..54.499 rows=2064 loops=1)
                                                         Join Filter: (ml.link_type_id = lt.id)
                                                         Rows Removed by Join Filter: 38685
                                                         ->  Nested Loop  (cost=3.45..4292.61 rows=794 width=26) (actual time=0.068..47.592 rows=20890 loops=1)
                                                               ->  Seq Scan on info_type it2  (cost=0.00..2.41 rows=1 width=4) (actual time=0.010..0.012 rows=1 loops=1)
                                                                     Filter: ((info)::text = 'rating'::text)
                                                                     Rows Removed by Filter: 112
                                                               ->  Hash Join  (cost=3.45..4282.26 rows=794 width=22) (actual time=0.057..45.707 rows=20890 loops=1)
                                                                     Hash Cond: (mi_idx1.info_type_id = it1.id)
                                                                     ->  Merge Join  (cost=1.03..4035.43 rows=89741 width=26) (actual time=0.016..39.552 rows=62670 loops=1)
                                                                           Merge Cond: (ml.movie_id = mi_idx1.movie_id)
                                                                           ->  Index Scan using movie_id_movie_link on movie_link ml  (cost=0.29..959.51 rows=29997 width=12) (actual time=0.005..5.201 rows=29997 loops=1)
                                                                           ->  Index Scan using movie_id_movie_info_idx on movie_info_idx mi_idx1  (cost=0.43..43820.38 rows=1380035 width=14) (actual time=0.008..18.691 rows=114373 loops=1)
                                                                     ->  Hash  (cost=2.41..2.41 rows=1 width=4) (actual time=0.016..0.016 rows=1 loops=1)
                                                                           Buckets: 1024  Batches: 1  Memory Usage: 9kB
                                                                           ->  Seq Scan on info_type it1  (cost=0.00..2.41 rows=1 width=4) (actual time=0.009..0.010 rows=1 loops=1)
                                                                                 Filter: ((info)::text = 'rating'::text)
                                                                                 Rows Removed by Filter: 112
                                                         ->  Materialize  (cost=0.00..1.26 rows=3 width=4) (actual time=0.000..0.000 rows=2 loops=20890)
                                                               ->  Seq Scan on link_type lt  (cost=0.00..1.25 rows=3 width=4) (actual time=0.009..0.012 rows=2 loops=1)
                                                                     Filter: ((link)::text = ANY ('{sequel,follows,"followed by"}'::text[]))
                                                                     Rows Removed by Filter: 16
                                                   ->  Index Scan using title_pkey on title t1  (cost=0.43..0.57 rows=1 width=25) (actual time=0.003..0.003 rows=1 loops=2064)
                                                         Index Cond: (id = mi_idx1.movie_id)
                                       ->  Index Scan using movie_id_movie_info_idx on movie_info_idx mi_idx2  (cost=0.43..2.05 rows=1 width=14) (actual time=0.006..0.006 rows=1 loops=1220)
                                             Index Cond: (movie_id = ml.linked_movie_id)
                                             Filter: ((info)::text < '3.0'::text)
                                             Rows Removed by Filter: 1
                                 ->  Index Scan using movie_id_movie_companies on movie_companies mc1  (cost=0.43..0.56 rows=5 width=8) (actual time=0.009..0.012 rows=3 loops=28)
                                       Index Cond: (movie_id = t1.id)
                           ->  Index Scan using company_name_pkey on company_name cn1  (cost=0.42..0.45 rows=1 width=23) (actual time=0.006..0.006 rows=0 loops=81)
                                 Index Cond: (id = mc1.company_id)
                                 Filter: ((country_code)::text = '[us]'::text)
                                 Rows Removed by Filter: 1
                     ->  Index Scan using title_pkey on title t2  (cost=0.43..0.71 rows=1 width=25) (actual time=0.007..0.007 rows=0 loops=12)
                           Index Cond: (id = mi_idx2.movie_id)
                           Filter: ((production_year >= 2005) AND (production_year <= 2008))
                           Rows Removed by Filter: 1
               ->  Index Scan using movie_id_movie_companies on movie_companies mc2  (cost=0.43..0.67 rows=5 width=8) (actual time=0.009..0.014 rows=4 loops=2)
                     Index Cond: (movie_id = mi_idx2.movie_id)
         ->  Index Scan using company_name_pkey on company_name cn2  (cost=0.42..0.44 rows=1 width=23) (actual time=0.006..0.006 rows=1 loops=8)
               Index Cond: (id = mc2.company_id)
 Planning Time: 92.042 ms
 Execution Time: 71.798 ms
(67 rows)

SET
                                                                                                                 QUERY PLAN                                                                                                                  
---------------------------------------------------------------------------------------------------------------------------------------------------------------------------------------------------------------------------------------------
 Aggregate  (cost=2681.30..2681.31 rows=1 width=192) (actual time=47.118..47.119 rows=1 loops=1)
   ->  Nested Loop  (cost=340.64..2681.28 rows=1 width=84) (actual time=8.786..47.107 rows=4 loops=1)
         Join Filter: ((t2.id = mi_idx2.movie_id) AND (it2.id = mi_idx2.info_type_id))
         Rows Removed by Join Filter: 4
         ->  Nested Loop  (cost=340.21..2680.76 rows=1 width=94) (actual time=8.764..47.076 rows=4 loops=1)
               ->  Nested Loop  (cost=340.08..2680.59 rows=1 width=98) (actual time=8.756..47.064 rows=4 loops=1)
                     Join Filter: (ml.movie_id = t1.id)
                     ->  Nested Loop  (cost=339.65..2680.06 rows=1 width=89) (actual time=8.747..47.047 rows=4 loops=1)
                           ->  Nested Loop  (cost=339.23..2679.62 rows=1 width=74) (actual time=8.742..47.035 rows=4 loops=1)
                                 ->  Nested Loop  (cost=338.80..2678.21 rows=1 width=66) (actual time=8.737..47.027 rows=1 loops=1)
                                       ->  Nested Loop  (cost=338.67..2678.04 rows=1 width=70) (actual time=2.079..47.004 rows=6 loops=1)
                                             ->  Nested Loop  (cost=338.24..2669.65 rows=2 width=45) (actual time=2.052..44.624 rows=477 loops=1)
                                                   ->  Index Scan using info_type_pkey on info_type it2  (cost=0.14..14.12 rows=1 width=4) (actual time=0.017..0.020 rows=1 loops=1)
                                                         Filter: ((info)::text = 'rating'::text)
                                                         Rows Removed by Filter: 112
                                                   ->  Nested Loop  (cost=338.09..2655.51 rows=2 width=41) (actual time=2.033..44.549 rows=477 loops=1)
                                                         ->  Nested Loop  (cost=337.67..2557.48 rows=220 width=26) (actual time=1.977..26.135 rows=9674 loops=1)
                                                               Join Filter: (ml.movie_id = mc1.movie_id)
                                                               ->  Hash Join  (cost=337.24..2528.65 rows=44 width=18) (actual time=1.970..16.682 rows=2064 loops=1)
                                                                     Hash Cond: (mi_idx1.info_type_id = it1.id)
                                                                     ->  Merge Join  (cost=334.82..2512.65 rows=4984 width=22) (actual time=1.932..15.982 rows=6192 loops=1)
                                                                           Merge Cond: (mi_idx1.movie_id = ml.movie_id)
                                                                           ->  Index Scan using movie_id_movie_info_idx on movie_info_idx mi_idx1  (cost=0.43..43820.38 rows=1380035 width=14) (actual time=0.008..8.581 rows=63901 loops=1)
                                                                           ->  Sort  (cost=334.38..338.55 rows=1666 width=8) (actual time=1.902..2.227 rows=6443 loops=1)
                                                                                 Sort Key: ml.movie_id
                                                                                 Sort Method: quicksort  Memory: 205kB
                                                                                 ->  Nested Loop  (cost=38.82..245.23 rows=1666 width=8) (actual time=0.126..1.387 rows=2315 loops=1)
                                                                                       ->  Seq Scan on link_type lt  (cost=0.00..1.23 rows=1 width=4) (actual time=0.011..0.015 rows=2 loops=1)
                                                                                             Filter: ((link)::text ~~ '%follow%'::text)
                                                                                             Rows Removed by Filter: 16
                                                                                       ->  Bitmap Heap Scan on movie_link ml  (cost=38.82..225.26 rows=1875 width=12) (actual time=0.097..0.568 rows=1158 loops=2)
                                                                                             Recheck Cond: (link_type_id = lt.id)
                                                                                             Heap Blocks: exact=191
                                                                                             ->  Bitmap Index Scan on link_type_id_movie_link  (cost=0.00..38.35 rows=1875 width=0) (actual time=0.081..0.081 rows=1158 loops=2)
                                                                                                   Index Cond: (link_type_id = lt.id)
                                                                     ->  Hash  (cost=2.41..2.41 rows=1 width=4) (actual time=0.015..0.015 rows=1 loops=1)
                                                                           Buckets: 1024  Batches: 1  Memory Usage: 9kB
                                                                           ->  Seq Scan on info_type it1  (cost=0.00..2.41 rows=1 width=4) (actual time=0.010..0.011 rows=1 loops=1)
                                                                                 Filter: ((info)::text = 'rating'::text)
                                                                                 Rows Removed by Filter: 112
                                                               ->  Index Scan using movie_id_movie_companies on movie_companies mc1  (cost=0.43..0.59 rows=5 width=8) (actual time=0.002..0.004 rows=5 loops=2064)
                                                                     Index Cond: (movie_id = mi_idx1.movie_id)
                                                         ->  Index Scan using company_name_pkey on company_name cn1  (cost=0.42..0.45 rows=1 width=23) (actual time=0.002..0.002 rows=0 loops=9674)
                                                               Index Cond: (id = mc1.company_id)
                                                               Filter: ((country_code)::text = '[nl]'::text)
                                                               Rows Removed by Filter: 1
                                             ->  Index Scan using title_pkey on title t2  (cost=0.43..4.20 rows=1 width=25) (actual time=0.005..0.005 rows=0 loops=477)
                                                   Index Cond: (id = ml.linked_movie_id)
                                                   Filter: (production_year = 2007)
                                                   Rows Removed by Filter: 1
                                       ->  Index Scan using kind_type_pkey on kind_type kt2  (cost=0.13..0.15 rows=1 width=4) (actual time=0.003..0.003 rows=0 loops=6)
                                             Index Cond: (id = t2.kind_id)
                                             Filter: ((kind)::text = 'tv series'::text)
                                             Rows Removed by Filter: 1
                                 ->  Index Scan using movie_id_movie_companies on movie_companies mc2  (cost=0.43..1.35 rows=5 width=8) (actual time=0.004..0.006 rows=4 loops=1)
                                       Index Cond: (movie_id = t2.id)
                           ->  Index Scan using company_name_pkey on company_name cn2  (cost=0.42..0.44 rows=1 width=23) (actual time=0.002..0.002 rows=1 loops=4)
                                 Index Cond: (id = mc2.company_id)
                     ->  Index Scan using title_pkey on title t1  (cost=0.43..0.51 rows=1 width=25) (actual time=0.003..0.003 rows=1 loops=4)
                           Index Cond: (id = mc1.movie_id)
               ->  Index Scan using kind_type_pkey on kind_type kt1  (cost=0.13..0.15 rows=1 width=4) (actual time=0.002..0.002 rows=1 loops=4)
                     Index Cond: (id = t1.kind_id)
                     Filter: ((kind)::text = 'tv series'::text)
         ->  Index Scan using movie_id_movie_info_idx on movie_info_idx mi_idx2  (cost=0.43..0.51 rows=1 width=14) (actual time=0.006..0.007 rows=2 loops=4)
               Index Cond: (movie_id = mc2.movie_id)
               Filter: ((info)::text < '3.0'::text)
               Rows Removed by Filter: 1
 Planning Time: 92.213 ms
 Execution Time: 47.423 ms
(69 rows)

SET
                                                                                                                 QUERY PLAN                                                                                                                  
---------------------------------------------------------------------------------------------------------------------------------------------------------------------------------------------------------------------------------------------
 Aggregate  (cost=3851.97..3851.98 rows=1 width=192) (actual time=36.218..36.218 rows=1 loops=1)
   ->  Nested Loop  (cost=875.97..3851.96 rows=1 width=84) (actual time=10.083..36.160 rows=114 loops=1)
         ->  Nested Loop  (cost=875.55..3851.51 rows=1 width=69) (actual time=10.075..35.790 rows=131 loops=1)
               ->  Nested Loop  (cost=875.12..3850.90 rows=1 width=77) (actual time=10.068..35.630 rows=44 loops=1)
                     ->  Nested Loop  (cost=874.70..3850.46 rows=1 width=62) (actual time=10.059..35.482 rows=44 loops=1)
                           ->  Nested Loop  (cost=874.27..3849.79 rows=1 width=70) (actual time=10.054..35.292 rows=19 loops=1)
                                 ->  Nested Loop  (cost=874.14..3849.63 rows=1 width=74) (actual time=9.235..35.248 rows=27 loops=1)
                                       Join Filter: (it2.id = mi_idx2.info_type_id)
                                       Rows Removed by Join Filter: 1170
                                       ->  Nested Loop  (cost=873.71..3841.45 rows=15 width=68) (actual time=5.894..32.615 rows=851 loops=1)
                                             ->  Index Scan using info_type_pkey on info_type it2  (cost=0.14..14.12 rows=1 width=4) (actual time=0.016..0.019 rows=1 loops=1)
                                                   Filter: ((info)::text = 'rating'::text)
                                                   Rows Removed by Filter: 112
                                             ->  Hash Join  (cost=873.57..3827.18 rows=15 width=64) (actual time=5.876..32.484 rows=851 loops=1)
                                                   Hash Cond: (t1.kind_id = kt1.id)
                                                   ->  Nested Loop  (cost=872.46..3825.83 rows=54 width=68) (actual time=5.843..32.276 rows=851 loops=1)
                                                         Join Filter: (ml.movie_id = t1.id)
                                                         ->  Nested Loop  (cost=872.03..3794.27 rows=54 width=43) (actual time=5.838..30.470 rows=851 loops=1)
                                                               ->  Hash Join  (cost=871.60..3239.76 rows=132 width=18) (actual time=5.803..20.117 rows=2064 loops=1)
                                                                     Hash Cond: (mi_idx1.info_type_id = it1.id)
                                                                     ->  Merge Join  (cost=869.17..3196.60 rows=14958 width=22) (actual time=5.774..19.439 rows=6192 loops=1)
                                                                           Merge Cond: (mi_idx1.movie_id = ml.movie_id)
                                                                           ->  Index Scan using movie_id_movie_info_idx on movie_info_idx mi_idx1  (cost=0.43..43820.38 rows=1380035 width=14) (actual time=0.008..8.200 rows=63901 loops=1)
                                                                           ->  Sort  (cost=868.72..881.22 rows=5000 width=8) (actual time=5.744..6.060 rows=6443 loops=1)
                                                                                 Sort Key: ml.movie_id
                                                                                 Sort Method: quicksort  Memory: 205kB
                                                                                 ->  Hash Join  (cost=1.29..561.53 rows=5000 width=8) (actual time=0.034..5.241 rows=2315 loops=1)
                                                                                       Hash Cond: (ml.link_type_id = lt.id)
                                                                                       ->  Seq Scan on movie_link ml  (cost=0.00..462.97 rows=29997 width=12) (actual time=0.003..2.822 rows=29997 loops=1)
                                                                                       ->  Hash  (cost=1.25..1.25 rows=3 width=4) (actual time=0.014..0.014 rows=2 loops=1)
                                                                                             Buckets: 1024  Batches: 1  Memory Usage: 9kB
                                                                                             ->  Seq Scan on link_type lt  (cost=0.00..1.25 rows=3 width=4) (actual time=0.009..0.012 rows=2 loops=1)
                                                                                                   Filter: ((link)::text = ANY ('{sequel,follows,"followed by"}'::text[]))
                                                                                                   Rows Removed by Filter: 16
                                                                     ->  Hash  (cost=2.41..2.41 rows=1 width=4) (actual time=0.013..0.013 rows=1 loops=1)
                                                                           Buckets: 1024  Batches: 1  Memory Usage: 9kB
                                                                           ->  Seq Scan on info_type it1  (cost=0.00..2.41 rows=1 width=4) (actual time=0.009..0.011 rows=1 loops=1)
                                                                                 Filter: ((info)::text = 'rating'::text)
                                                                                 Rows Removed by Filter: 112
                                                               ->  Index Scan using title_pkey on title t2  (cost=0.43..4.20 rows=1 width=25) (actual time=0.005..0.005 rows=0 loops=2064)
                                                                     Index Cond: (id = ml.linked_movie_id)
                                                                     Filter: ((production_year >= 2000) AND (production_year <= 2010))
                                                                     Rows Removed by Filter: 1
                                                         ->  Index Scan using title_pkey on title t1  (cost=0.43..0.57 rows=1 width=25) (actual time=0.002..0.002 rows=1 loops=851)
                                                               Index Cond: (id = mi_idx1.movie_id)
                                                   ->  Hash  (cost=1.09..1.09 rows=2 width=4) (actual time=0.011..0.011 rows=2 loops=1)
                                                         Buckets: 1024  Batches: 1  Memory Usage: 9kB
                                                         ->  Seq Scan on kind_type kt1  (cost=0.00..1.09 rows=2 width=4) (actual time=0.004..0.006 rows=2 loops=1)
                                                               Filter: ((kind)::text = ANY ('{"tv series",episode}'::text[]))
                                                               Rows Removed by Filter: 5
                                       ->  Index Scan using movie_id_movie_info_idx on movie_info_idx mi_idx2  (cost=0.43..0.53 rows=1 width=14) (actual time=0.002..0.003 rows=1 loops=851)
                                             Index Cond: (movie_id = t2.id)
                                             Filter: ((info)::text < '3.5'::text)
                                             Rows Removed by Filter: 2
                                 ->  Index Scan using kind_type_pkey on kind_type kt2  (cost=0.13..0.15 rows=1 width=4) (actual time=0.001..0.001 rows=1 loops=27)
                                       Index Cond: (id = t2.kind_id)
                                       Filter: ((kind)::text = ANY ('{"tv series",episode}'::text[]))
                                       Rows Removed by Filter: 0
                           ->  Index Scan using movie_id_movie_companies on movie_companies mc2  (cost=0.43..0.62 rows=5 width=8) (actual time=0.007..0.009 rows=2 loops=19)
                                 Index Cond: (movie_id = t2.id)
                     ->  Index Scan using company_name_pkey on company_name cn2  (cost=0.42..0.44 rows=1 width=23) (actual time=0.003..0.003 rows=1 loops=44)
                           Index Cond: (id = mc2.company_id)
               ->  Index Scan using movie_id_movie_companies on movie_companies mc1  (cost=0.43..0.56 rows=5 width=8) (actual time=0.002..0.003 rows=3 loops=44)
                     Index Cond: (movie_id = t1.id)
         ->  Index Scan using company_name_pkey on company_name cn1  (cost=0.42..0.45 rows=1 width=23) (actual time=0.002..0.002 rows=1 loops=131)
               Index Cond: (id = mc1.company_id)
               Filter: ((country_code)::text <> '[us]'::text)
               Rows Removed by Filter: 0
 Planning Time: 89.772 ms
 Execution Time: 36.501 ms
(70 rows)

SET
                                                                          QUERY PLAN                                                                          
--------------------------------------------------------------------------------------------------------------------------------------------------------------
 Aggregate  (cost=16579.47..16579.48 rows=1 width=32) (actual time=228.006..228.006 rows=1 loops=1)
   ->  Nested Loop  (cost=7.61..16579.31 rows=65 width=17) (actual time=6.898..227.941 rows=206 loops=1)
         Join Filter: (t.id = mi.movie_id)
         ->  Nested Loop  (cost=7.18..16269.29 rows=174 width=25) (actual time=5.123..129.838 rows=2235 loops=1)
               ->  Nested Loop  (cost=6.75..16055.56 rows=438 width=4) (actual time=3.588..59.934 rows=12951 loops=1)
                     ->  Seq Scan on keyword k  (cost=0.00..2626.12 rows=13 width=4) (actual time=1.207..22.022 rows=30 loops=1)
                           Filter: ((keyword)::text ~~ '%sequel%'::text)
                           Rows Removed by Filter: 134140
                     ->  Bitmap Heap Scan on movie_keyword mk  (cost=6.75..1030.04 rows=299 width=8) (actual time=0.100..1.214 rows=432 loops=30)
                           Recheck Cond: (keyword_id = k.id)
                           Heap Blocks: exact=6979
                           ->  Bitmap Index Scan on keyword_id_movie_keyword  (cost=0.00..6.67 rows=299 width=0) (actual time=0.061..0.061 rows=432 loops=30)
                                 Index Cond: (keyword_id = k.id)
               ->  Index Scan using title_pkey on title t  (cost=0.43..0.49 rows=1 width=21) (actual time=0.005..0.005 rows=0 loops=12951)
                     Index Cond: (id = mk.movie_id)
                     Filter: (production_year > 2005)
                     Rows Removed by Filter: 1
         ->  Index Scan using movie_id_movie_info on movie_info mi  (cost=0.43..1.77 rows=1 width=4) (actual time=0.041..0.044 rows=0 loops=2235)
               Index Cond: (movie_id = mk.movie_id)
               Filter: ((info)::text = ANY ('{Sweden,Norway,Germany,Denmark,Swedish,Denish,Norwegian,German}'::text[]))
               Rows Removed by Filter: 45
 Planning Time: 1.817 ms
 Execution Time: 228.098 ms
(23 rows)

SET
                                                                          QUERY PLAN                                                                          
--------------------------------------------------------------------------------------------------------------------------------------------------------------
 Aggregate  (cost=16369.03..16369.04 rows=1 width=32) (actual time=147.595..147.595 rows=1 loops=1)
   ->  Nested Loop  (cost=7.61..16369.03 rows=1 width=17) (actual time=10.952..147.581 rows=5 loops=1)
         Join Filter: (t.id = mi.movie_id)
         ->  Nested Loop  (cost=7.18..16269.29 rows=68 width=25) (actual time=5.471..126.468 rows=405 loops=1)
               ->  Nested Loop  (cost=6.75..16055.56 rows=438 width=4) (actual time=3.721..59.652 rows=12951 loops=1)
                     ->  Seq Scan on keyword k  (cost=0.00..2626.12 rows=13 width=4) (actual time=1.340..22.237 rows=30 loops=1)
                           Filter: ((keyword)::text ~~ '%sequel%'::text)
                           Rows Removed by Filter: 134140
                     ->  Bitmap Heap Scan on movie_keyword mk  (cost=6.75..1030.04 rows=299 width=8) (actual time=0.099..1.199 rows=432 loops=30)
                           Recheck Cond: (keyword_id = k.id)
                           Heap Blocks: exact=6979
                           ->  Bitmap Index Scan on keyword_id_movie_keyword  (cost=0.00..6.67 rows=299 width=0) (actual time=0.060..0.060 rows=432 loops=30)
                                 Index Cond: (keyword_id = k.id)
               ->  Index Scan using title_pkey on title t  (cost=0.43..0.49 rows=1 width=21) (actual time=0.005..0.005 rows=0 loops=12951)
                     Index Cond: (id = mk.movie_id)
                     Filter: (production_year > 2010)
                     Rows Removed by Filter: 1
         ->  Index Scan using movie_id_movie_info on movie_info mi  (cost=0.43..1.45 rows=1 width=4) (actual time=0.051..0.052 rows=0 loops=405)
               Index Cond: (movie_id = mk.movie_id)
               Filter: ((info)::text = 'Bulgaria'::text)
               Rows Removed by Filter: 63
 Planning Time: 1.920 ms
 Execution Time: 147.707 ms
(23 rows)

SET
                                                                          QUERY PLAN                                                                          
--------------------------------------------------------------------------------------------------------------------------------------------------------------
 Aggregate  (cost=16842.39..16842.40 rows=1 width=32) (actual time=390.526..390.526 rows=1 loops=1)
   ->  Nested Loop  (cost=7.61..16840.96 rows=570 width=17) (actual time=4.020..389.496 rows=7250 loops=1)
         Join Filter: (t.id = mi.movie_id)
         ->  Nested Loop  (cost=7.18..16269.29 rows=301 width=25) (actual time=3.753..120.993 rows=7874 loops=1)
               ->  Nested Loop  (cost=6.75..16055.56 rows=438 width=4) (actual time=3.729..56.300 rows=12951 loops=1)
                     ->  Seq Scan on keyword k  (cost=0.00..2626.12 rows=13 width=4) (actual time=1.342..22.041 rows=30 loops=1)
                           Filter: ((keyword)::text ~~ '%sequel%'::text)
                           Rows Removed by Filter: 134140
                     ->  Bitmap Heap Scan on movie_keyword mk  (cost=6.75..1030.04 rows=299 width=8) (actual time=0.102..1.086 rows=432 loops=30)
                           Recheck Cond: (keyword_id = k.id)
                           Heap Blocks: exact=6979
                           ->  Bitmap Index Scan on keyword_id_movie_keyword  (cost=0.00..6.67 rows=299 width=0) (actual time=0.062..0.062 rows=432 loops=30)
                                 Index Cond: (keyword_id = k.id)
               ->  Index Scan using title_pkey on title t  (cost=0.43..0.49 rows=1 width=21) (actual time=0.005..0.005 rows=1 loops=12951)
                     Index Cond: (id = mk.movie_id)
                     Filter: (production_year > 1990)
                     Rows Removed by Filter: 0
         ->  Index Scan using movie_id_movie_info on movie_info mi  (cost=0.43..1.87 rows=2 width=4) (actual time=0.029..0.034 rows=1 loops=7874)
               Index Cond: (movie_id = mk.movie_id)
               Filter: ((info)::text = ANY ('{Sweden,Norway,Germany,Denmark,Swedish,Denish,Norwegian,German,USA,American}'::text[]))
               Rows Removed by Filter: 35
 Planning Time: 2.043 ms
 Execution Time: 390.630 ms
(23 rows)

SET
                                                                                 QUERY PLAN                                                                                 
----------------------------------------------------------------------------------------------------------------------------------------------------------------------------
 Aggregate  (cost=16288.57..16288.58 rows=1 width=64) (actual time=160.255..160.255 rows=1 loops=1)
   ->  Nested Loop  (cost=7.61..16288.56 rows=2 width=23) (actual time=6.083..160.082 rows=740 loops=1)
         Join Filter: (mi_idx.movie_id = t.id)
         ->  Nested Loop  (cost=7.18..16286.56 rows=4 width=14) (actual time=3.804..118.514 rows=5820 loops=1)
               Join Filter: (mi_idx.info_type_id = it.id)
               Rows Removed by Join Filter: 2613
               ->  Seq Scan on info_type it  (cost=0.00..2.41 rows=1 width=4) (actual time=0.011..0.013 rows=1 loops=1)
                     Filter: ((info)::text = 'rating'::text)
                     Rows Removed by Filter: 112
               ->  Nested Loop  (cost=7.18..16278.01 rows=491 width=18) (actual time=3.791..117.384 rows=8433 loops=1)
                     ->  Nested Loop  (cost=6.75..16055.56 rows=438 width=4) (actual time=3.767..63.483 rows=12951 loops=1)
                           ->  Seq Scan on keyword k  (cost=0.00..2626.12 rows=13 width=4) (actual time=1.354..22.705 rows=30 loops=1)
                                 Filter: ((keyword)::text ~~ '%sequel%'::text)
                                 Rows Removed by Filter: 134140
                           ->  Bitmap Heap Scan on movie_keyword mk  (cost=6.75..1030.04 rows=299 width=8) (actual time=0.101..1.310 rows=432 loops=30)
                                 Recheck Cond: (keyword_id = k.id)
                                 Heap Blocks: exact=6979
                                 ->  Bitmap Index Scan on keyword_id_movie_keyword  (cost=0.00..6.67 rows=299 width=0) (actual time=0.062..0.062 rows=432 loops=30)
                                       Index Cond: (keyword_id = k.id)
                     ->  Index Scan using movie_id_movie_info_idx on movie_info_idx mi_idx  (cost=0.43..0.50 rows=1 width=14) (actual time=0.004..0.004 rows=1 loops=12951)
                           Index Cond: (movie_id = mk.movie_id)
                           Filter: ((info)::text > '5.0'::text)
                           Rows Removed by Filter: 1
         ->  Index Scan using title_pkey on title t  (cost=0.43..0.49 rows=1 width=21) (actual time=0.007..0.007 rows=0 loops=5820)
               Index Cond: (id = mk.movie_id)
               Filter: (production_year > 2005)
               Rows Removed by Filter: 1
 Planning Time: 2.385 ms
 Execution Time: 160.379 ms
(29 rows)

SET
                                                                                 QUERY PLAN                                                                                 
----------------------------------------------------------------------------------------------------------------------------------------------------------------------------
 Aggregate  (cost=16281.03..16281.04 rows=1 width=64) (actual time=92.002..92.002 rows=1 loops=1)
   ->  Nested Loop  (cost=7.61..16281.02 rows=1 width=23) (actual time=14.991..91.989 rows=6 loops=1)
         Join Filter: (mi_idx.movie_id = t.id)
         ->  Nested Loop  (cost=7.18..16280.52 rows=1 width=14) (actual time=13.165..91.809 rows=21 loops=1)
               Join Filter: (mi_idx.info_type_id = it.id)
               Rows Removed by Join Filter: 285
               ->  Seq Scan on info_type it  (cost=0.00..2.41 rows=1 width=4) (actual time=0.012..0.014 rows=1 loops=1)
                     Filter: ((info)::text = 'rating'::text)
                     Rows Removed by Filter: 112
               ->  Nested Loop  (cost=7.18..16278.01 rows=8 width=18) (actual time=4.135..91.757 rows=306 loops=1)
                     ->  Nested Loop  (cost=6.75..16055.56 rows=438 width=4) (actual time=3.755..50.966 rows=12951 loops=1)
                           ->  Seq Scan on keyword k  (cost=0.00..2626.12 rows=13 width=4) (actual time=1.371..20.700 rows=30 loops=1)
                                 Filter: ((keyword)::text ~~ '%sequel%'::text)
                                 Rows Removed by Filter: 134140
                           ->  Bitmap Heap Scan on movie_keyword mk  (cost=6.75..1030.04 rows=299 width=8) (actual time=0.095..0.965 rows=432 loops=30)
                                 Recheck Cond: (keyword_id = k.id)
                                 Heap Blocks: exact=6979
                                 ->  Bitmap Index Scan on keyword_id_movie_keyword  (cost=0.00..6.67 rows=299 width=0) (actual time=0.057..0.057 rows=432 loops=30)
                                       Index Cond: (keyword_id = k.id)
                     ->  Index Scan using movie_id_movie_info_idx on movie_info_idx mi_idx  (cost=0.43..0.50 rows=1 width=14) (actual time=0.003..0.003 rows=0 loops=12951)
                           Index Cond: (movie_id = mk.movie_id)
                           Filter: ((info)::text > '9.0'::text)
                           Rows Removed by Filter: 2
         ->  Index Scan using title_pkey on title t  (cost=0.43..0.49 rows=1 width=21) (actual time=0.008..0.008 rows=0 loops=21)
               Index Cond: (id = mk.movie_id)
               Filter: (production_year > 2010)
               Rows Removed by Filter: 1
 Planning Time: 2.145 ms
 Execution Time: 92.123 ms
(29 rows)

SET
                                                                                 QUERY PLAN                                                                                 
----------------------------------------------------------------------------------------------------------------------------------------------------------------------------
 Aggregate  (cost=16297.85..16297.86 rows=1 width=64) (actual time=131.752..131.752 rows=1 loops=1)
   ->  Nested Loop  (cost=7.61..16297.83 rows=5 width=23) (actual time=3.429..130.844 rows=4700 loops=1)
         Join Filter: (mi_idx.movie_id = t.id)
         ->  Nested Loop  (cost=7.18..16294.33 rows=7 width=14) (actual time=3.393..83.289 rows=8092 loops=1)
               Join Filter: (mi_idx.info_type_id = it.id)
               Rows Removed by Join Filter: 6507
               ->  Seq Scan on info_type it  (cost=0.00..2.41 rows=1 width=4) (actual time=0.012..0.014 rows=1 loops=1)
                     Filter: ((info)::text = 'rating'::text)
                     Rows Removed by Filter: 112
               ->  Nested Loop  (cost=7.18..16282.39 rows=762 width=18) (actual time=3.379..81.693 rows=14599 loops=1)
                     ->  Nested Loop  (cost=6.75..16055.56 rows=438 width=4) (actual time=3.364..43.967 rows=12951 loops=1)
                           ->  Seq Scan on keyword k  (cost=0.00..2626.12 rows=13 width=4) (actual time=1.150..22.625 rows=30 loops=1)
                                 Filter: ((keyword)::text ~~ '%sequel%'::text)
                                 Rows Removed by Filter: 134140
                           ->  Bitmap Heap Scan on movie_keyword mk  (cost=6.75..1030.04 rows=299 width=8) (actual time=0.094..0.661 rows=432 loops=30)
                                 Recheck Cond: (keyword_id = k.id)
                                 Heap Blocks: exact=6979
                                 ->  Bitmap Index Scan on keyword_id_movie_keyword  (cost=0.00..6.67 rows=299 width=0) (actual time=0.056..0.056 rows=432 loops=30)
                                       Index Cond: (keyword_id = k.id)
                     ->  Index Scan using movie_id_movie_info_idx on movie_info_idx mi_idx  (cost=0.43..0.50 rows=2 width=14) (actual time=0.002..0.003 rows=1 loops=12951)
                           Index Cond: (movie_id = mk.movie_id)
                           Filter: ((info)::text > '2.0'::text)
                           Rows Removed by Filter: 1
         ->  Index Scan using title_pkey on title t  (cost=0.43..0.49 rows=1 width=21) (actual time=0.006..0.006 rows=1 loops=8092)
               Index Cond: (id = mk.movie_id)
               Filter: (production_year > 1990)
               Rows Removed by Filter: 0
 Planning Time: 1.917 ms
 Execution Time: 131.871 ms
(29 rows)

SET
                                                                                QUERY PLAN                                                                                 
---------------------------------------------------------------------------------------------------------------------------------------------------------------------------
 Finalize Aggregate  (cost=38740.79..38740.80 rows=1 width=32) (actual time=134.826..134.826 rows=1 loops=1)
   ->  Gather  (cost=38740.58..38740.79 rows=2 width=32) (actual time=134.753..135.503 rows=3 loops=1)
         Workers Planned: 2
         Workers Launched: 2
         ->  Partial Aggregate  (cost=37740.58..37740.59 rows=1 width=32) (actual time=132.341..132.341 rows=1 loops=3)
               ->  Hash Join  (cost=5.47..37740.50 rows=31 width=17) (actual time=132.338..132.338 rows=0 loops=3)
                     Hash Cond: (mi.info_type_id = it.id)
                     ->  Nested Loop  (cost=1.93..37736.88 rows=31 width=21) (actual time=132.337..132.337 rows=0 loops=3)
                           ->  Nested Loop  (cost=1.49..37442.96 rows=122 width=25) (actual time=132.337..132.337 rows=0 loops=3)
                                 ->  Hash Join  (cost=1.06..35104.78 rows=308 width=4) (actual time=132.336..132.337 rows=0 loops=3)
                                       Hash Cond: (mc.company_type_id = ct.id)
                                       ->  Parallel Seq Scan on movie_companies mc  (cost=0.00..35097.06 rows=1231 width=8) (actual time=4.609..131.686 rows=8008 loops=3)
                                             Filter: (((note)::text ~~ '%(theatrical)%'::text) AND ((note)::text ~~ '%(France)%'::text))
                                             Rows Removed by Filter: 861701
                                       ->  Hash  (cost=1.05..1.05 rows=1 width=4) (actual time=0.023..0.023 rows=1 loops=3)
                                             Buckets: 1024  Batches: 1  Memory Usage: 9kB
                                             ->  Seq Scan on company_type ct  (cost=0.00..1.05 rows=1 width=4) (actual time=0.017..0.017 rows=1 loops=3)
                                                   Filter: ((kind)::text = 'production companies'::text)
                                                   Rows Removed by Filter: 3
                                 ->  Index Scan using title_pkey on title t  (cost=0.43..7.59 rows=1 width=21) (never executed)
                                       Index Cond: (id = mc.movie_id)
                                       Filter: (production_year > 2005)
                           ->  Index Scan using movie_id_movie_info on movie_info mi  (cost=0.43..2.40 rows=1 width=8) (never executed)
                                 Index Cond: (movie_id = t.id)
                                 Filter: ((info)::text = ANY ('{Sweden,Norway,Germany,Denmark,Swedish,Denish,Norwegian,German}'::text[]))
                     ->  Hash  (cost=2.13..2.13 rows=113 width=4) (never executed)
                           ->  Seq Scan on info_type it  (cost=0.00..2.13 rows=113 width=4) (never executed)
 Planning Time: 2.406 ms
 Execution Time: 135.669 ms
(29 rows)

SET
                                                                            QUERY PLAN                                                                            
------------------------------------------------------------------------------------------------------------------------------------------------------------------
 Aggregate  (cost=38870.51..38870.52 rows=1 width=32) (actual time=128.055..128.056 rows=1 loops=1)
   ->  Gather  (cost=1002.07..38870.50 rows=2 width=17) (actual time=128.053..128.718 rows=0 loops=1)
         Workers Planned: 2
         Workers Launched: 2
         ->  Nested Loop  (cost=2.07..37870.30 rows=1 width=17) (actual time=125.699..125.699 rows=0 loops=3)
               ->  Nested Loop  (cost=1.93..37870.14 rows=1 width=21) (actual time=125.699..125.699 rows=0 loops=3)
                     ->  Nested Loop  (cost=1.49..37866.79 rows=1 width=25) (actual time=125.699..125.699 rows=0 loops=3)
                           ->  Hash Join  (cost=1.06..37816.09 rows=6 width=4) (actual time=125.698..125.698 rows=0 loops=3)
                                 Hash Cond: (mc.company_type_id = ct.id)
                                 ->  Parallel Seq Scan on movie_companies mc  (cost=0.00..37814.90 rows=25 width=8) (actual time=1.387..125.579 rows=473 loops=3)
                                       Filter: (((note)::text ~~ '%(VHS)%'::text) AND ((note)::text ~~ '%(USA)%'::text) AND ((note)::text ~~ '%(1994)%'::text))
                                       Rows Removed by Filter: 869237
                                 ->  Hash  (cost=1.05..1.05 rows=1 width=4) (actual time=0.015..0.015 rows=1 loops=3)
                                       Buckets: 1024  Batches: 1  Memory Usage: 9kB
                                       ->  Seq Scan on company_type ct  (cost=0.00..1.05 rows=1 width=4) (actual time=0.010..0.011 rows=1 loops=3)
                                             Filter: ((kind)::text = 'production companies'::text)
                                             Rows Removed by Filter: 3
                           ->  Index Scan using title_pkey on title t  (cost=0.43..8.45 rows=1 width=21) (never executed)
                                 Index Cond: (id = mc.movie_id)
                                 Filter: (production_year > 2010)
                     ->  Index Scan using movie_id_movie_info on movie_info mi  (cost=0.43..3.33 rows=2 width=8) (never executed)
                           Index Cond: (movie_id = t.id)
                           Filter: ((info)::text = ANY ('{USA,America}'::text[]))
               ->  Index Only Scan using info_type_pkey on info_type it  (cost=0.14..0.16 rows=1 width=4) (never executed)
                     Index Cond: (id = mi.info_type_id)
                     Heap Fetches: 0
 Planning Time: 2.089 ms
 Execution Time: 128.837 ms
(28 rows)

SET
                                                                                 QUERY PLAN                                                                                  
-----------------------------------------------------------------------------------------------------------------------------------------------------------------------------
 Finalize Aggregate  (cost=88991.12..88991.13 rows=1 width=32) (actual time=189.265..189.265 rows=1 loops=1)
   ->  Gather  (cost=88990.90..88991.11 rows=2 width=32) (actual time=189.167..191.635 rows=3 loops=1)
         Workers Planned: 2
         Workers Launched: 2
         ->  Partial Aggregate  (cost=87990.90..87990.91 rows=1 width=32) (actual time=186.586..186.586 rows=1 loops=3)
               ->  Hash Join  (cost=5.47..87951.49 rows=15766 width=17) (actual time=118.829..186.538 rows=223 loops=3)
                     Hash Cond: (mi.info_type_id = it.id)
                     ->  Nested Loop  (cost=1.93..87905.00 rows=15766 width=21) (actual time=118.773..186.421 rows=223 loops=3)
                           ->  Nested Loop  (cost=1.49..61336.48 rows=12181 width=25) (actual time=118.701..166.481 rows=256 loops=3)
                                 ->  Hash Join  (cost=1.06..35481.01 rows=17705 width=4) (actual time=118.636..161.872 rows=266 loops=3)
                                       Hash Cond: (mc.company_type_id = ct.id)
                                       ->  Parallel Seq Scan on movie_companies mc  (cost=0.00..35097.06 rows=70822 width=8) (actual time=0.030..155.164 rows=98543 loops=3)
                                             Filter: (((note)::text !~~ '%(TV)%'::text) AND ((note)::text ~~ '%(USA)%'::text))
                                             Rows Removed by Filter: 771167
                                       ->  Hash  (cost=1.05..1.05 rows=1 width=4) (actual time=0.015..0.016 rows=1 loops=3)
                                             Buckets: 1024  Batches: 1  Memory Usage: 9kB
                                             ->  Seq Scan on company_type ct  (cost=0.00..1.05 rows=1 width=4) (actual time=0.010..0.010 rows=1 loops=3)
                                                   Filter: ((kind)::text = 'production companies'::text)
                                                   Rows Removed by Filter: 3
                                 ->  Index Scan using title_pkey on title t  (cost=0.43..1.46 rows=1 width=21) (actual time=0.017..0.017 rows=1 loops=798)
                                       Index Cond: (id = mc.movie_id)
                                       Filter: (production_year > 1990)
                                       Rows Removed by Filter: 0
                           ->  Index Scan using movie_id_movie_info on movie_info mi  (cost=0.43..2.16 rows=2 width=8) (actual time=0.069..0.078 rows=1 loops=767)
                                 Index Cond: (movie_id = t.id)
                                 Filter: ((info)::text = ANY ('{Sweden,Norway,Germany,Denmark,Swedish,Denish,Norwegian,German,USA,American}'::text[]))
                                 Rows Removed by Filter: 10
                     ->  Hash  (cost=2.13..2.13 rows=113 width=4) (actual time=0.037..0.037 rows=113 loops=3)
                           Buckets: 1024  Batches: 1  Memory Usage: 12kB
                           ->  Seq Scan on info_type it  (cost=0.00..2.13 rows=113 width=4) (actual time=0.011..0.020 rows=113 loops=3)
 Planning Time: 2.113 ms
 Execution Time: 191.765 ms
(32 rows)

SET
                                                                            QUERY PLAN                                                                            
------------------------------------------------------------------------------------------------------------------------------------------------------------------
 Aggregate  (cost=3848.64..3848.65 rows=1 width=96) (actual time=38.934..38.935 rows=1 loops=1)
   ->  Nested Loop  (cost=8.17..3848.63 rows=1 width=48) (actual time=4.808..38.922 rows=6 loops=1)
         ->  Nested Loop  (cost=7.74..3759.44 rows=195 width=37) (actual time=0.476..23.366 rows=1224 loops=1)
               Join Filter: (t.id = ci.movie_id)
               ->  Nested Loop  (cost=7.18..3749.50 rows=5 width=41) (actual time=0.452..15.805 rows=11 loops=1)
                     ->  Nested Loop  (cost=6.75..3732.91 rows=34 width=20) (actual time=0.432..15.513 rows=14 loops=1)
                           ->  Seq Scan on keyword k  (cost=0.00..2626.12 rows=1 width=20) (actual time=0.399..15.378 rows=1 loops=1)
                                 Filter: ((keyword)::text = 'marvel-cinematic-universe'::text)
                                 Rows Removed by Filter: 134169
                           ->  Bitmap Heap Scan on movie_keyword mk  (cost=6.75..1103.80 rows=299 width=8) (actual time=0.030..0.129 rows=14 loops=1)
                                 Recheck Cond: (keyword_id = k.id)
                                 Heap Blocks: exact=12
                                 ->  Bitmap Index Scan on keyword_id_movie_keyword  (cost=0.00..6.67 rows=299 width=0) (actual time=0.018..0.018 rows=14 loops=1)
                                       Index Cond: (keyword_id = k.id)
                     ->  Index Scan using title_pkey on title t  (cost=0.43..0.49 rows=1 width=21) (actual time=0.020..0.020 rows=1 loops=14)
                           Index Cond: (id = mk.movie_id)
                           Filter: (production_year > 2010)
                           Rows Removed by Filter: 0
               ->  Index Scan using movie_id_cast_info on cast_info ci  (cost=0.56..1.52 rows=37 width=8) (actual time=0.019..0.665 rows=111 loops=11)
                     Index Cond: (movie_id = mk.movie_id)
         ->  Index Scan using name_pkey on name n  (cost=0.43..0.46 rows=1 width=19) (actual time=0.012..0.012 rows=0 loops=1224)
               Index Cond: (id = ci.person_id)
               Filter: ((name)::text ~~ '%Downey%Robert%'::text)
               Rows Removed by Filter: 1
 Planning Time: 2.381 ms
 Execution Time: 39.066 ms
(26 rows)

SET
                                                                             QUERY PLAN                                                                             
--------------------------------------------------------------------------------------------------------------------------------------------------------------------
 Aggregate  (cost=12284.11..12284.12 rows=1 width=96) (actual time=297.681..297.682 rows=1 loops=1)
   ->  Nested Loop  (cost=8.17..12284.10 rows=1 width=48) (actual time=31.269..297.659 rows=12 loops=1)
         ->  Nested Loop  (cost=7.74..12283.65 rows=1 width=37) (actual time=9.538..295.239 rows=383 loops=1)
               Join Filter: (t.id = ci.movie_id)
               ->  Nested Loop  (cost=7.18..12281.66 rows=1 width=41) (actual time=9.529..293.892 rows=36 loops=1)
                     ->  Nested Loop  (cost=6.75..12149.91 rows=270 width=20) (actual time=0.714..130.618 rows=35548 loops=1)
                           ->  Seq Scan on keyword k  (cost=0.00..3632.40 rows=8 width=20) (actual time=0.106..30.008 rows=8 loops=1)
                                 Filter: ((keyword)::text = ANY ('{superhero,sequel,second-part,marvel-comics,based-on-comic,tv-special,fight,violence}'::text[]))
                                 Rows Removed by Filter: 134162
                           ->  Bitmap Heap Scan on movie_keyword mk  (cost=6.75..1061.70 rows=299 width=8) (actual time=1.145..12.060 rows=4444 loops=8)
                                 Recheck Cond: (keyword_id = k.id)
                                 Heap Blocks: exact=23488
                                 ->  Bitmap Index Scan on keyword_id_movie_keyword  (cost=0.00..6.67 rows=299 width=0) (actual time=0.659..0.659 rows=4444 loops=8)
                                       Index Cond: (keyword_id = k.id)
                     ->  Index Scan using title_pkey on title t  (cost=0.43..0.49 rows=1 width=21) (actual time=0.004..0.004 rows=0 loops=35548)
                           Index Cond: (id = mk.movie_id)
                           Filter: (production_year > 2014)
                           Rows Removed by Filter: 1
               ->  Index Scan using movie_id_cast_info on cast_info ci  (cost=0.56..1.52 rows=37 width=8) (actual time=0.012..0.035 rows=11 loops=36)
                     Index Cond: (movie_id = mk.movie_id)
         ->  Index Scan using name_pkey on name n  (cost=0.43..0.46 rows=1 width=19) (actual time=0.006..0.006 rows=0 loops=383)
               Index Cond: (id = ci.person_id)
               Filter: ((name)::text ~~ '%Downey%Robert%'::text)
               Rows Removed by Filter: 1
 Planning Time: 2.125 ms
 Execution Time: 297.800 ms
(26 rows)

SET
                                                                            QUERY PLAN                                                                            
------------------------------------------------------------------------------------------------------------------------------------------------------------------
 Aggregate  (cost=3751.96..3751.97 rows=1 width=96) (actual time=11.805..11.805 rows=1 loops=1)
   ->  Nested Loop  (cost=8.17..3751.95 rows=1 width=48) (actual time=0.839..11.796 rows=2 loops=1)
         ->  Nested Loop  (cost=7.74..3751.49 rows=1 width=37) (actual time=0.481..11.599 rows=33 loops=1)
               Join Filter: (t.id = ci.movie_id)
               ->  Nested Loop  (cost=7.18..3749.51 rows=1 width=41) (actual time=0.455..11.458 rows=2 loops=1)
                     ->  Nested Loop  (cost=6.75..3732.91 rows=34 width=20) (actual time=0.411..11.218 rows=14 loops=1)
                           ->  Seq Scan on keyword k  (cost=0.00..2626.12 rows=1 width=20) (actual time=0.388..11.107 rows=1 loops=1)
                                 Filter: ((keyword)::text = 'marvel-cinematic-universe'::text)
                                 Rows Removed by Filter: 134169
                           ->  Bitmap Heap Scan on movie_keyword mk  (cost=6.75..1103.80 rows=299 width=8) (actual time=0.020..0.106 rows=14 loops=1)
                                 Recheck Cond: (keyword_id = k.id)
                                 Heap Blocks: exact=12
                                 ->  Bitmap Index Scan on keyword_id_movie_keyword  (cost=0.00..6.67 rows=299 width=0) (actual time=0.014..0.014 rows=14 loops=1)
                                       Index Cond: (keyword_id = k.id)
                     ->  Index Scan using title_pkey on title t  (cost=0.43..0.49 rows=1 width=21) (actual time=0.017..0.017 rows=0 loops=14)
                           Index Cond: (id = mk.movie_id)
                           Filter: (production_year > 2014)
                           Rows Removed by Filter: 1
               ->  Index Scan using movie_id_cast_info on cast_info ci  (cost=0.56..1.52 rows=37 width=8) (actual time=0.022..0.066 rows=16 loops=2)
                     Index Cond: (movie_id = mk.movie_id)
         ->  Index Scan using name_pkey on name n  (cost=0.43..0.46 rows=1 width=19) (actual time=0.006..0.006 rows=0 loops=33)
               Index Cond: (id = ci.person_id)
               Filter: ((name)::text ~~ '%Downey%Robert%'::text)
               Rows Removed by Filter: 1
 Planning Time: 2.538 ms
 Execution Time: 11.936 ms
(26 rows)

SET
                                                                             QUERY PLAN                                                                             
--------------------------------------------------------------------------------------------------------------------------------------------------------------------
 Aggregate  (cost=15053.68..15053.69 rows=1 width=96) (actual time=6874.268..6874.268 rows=1 loops=1)
   ->  Nested Loop  (cost=8.17..15053.68 rows=1 width=48) (actual time=191.103..6874.148 rows=88 loops=1)
         ->  Nested Loop  (cost=7.74..12573.66 rows=5422 width=37) (actual time=0.723..2574.354 rows=785477 loops=1)
               Join Filter: (t.id = ci.movie_id)
               ->  Nested Loop  (cost=7.18..12281.66 rows=147 width=41) (actual time=0.701..336.027 rows=14165 loops=1)
                     ->  Nested Loop  (cost=6.75..12149.91 rows=270 width=20) (actual time=0.678..139.298 rows=35548 loops=1)
                           ->  Seq Scan on keyword k  (cost=0.00..3632.40 rows=8 width=20) (actual time=0.107..29.989 rows=8 loops=1)
                                 Filter: ((keyword)::text = ANY ('{superhero,sequel,second-part,marvel-comics,based-on-comic,tv-special,fight,violence}'::text[]))
                                 Rows Removed by Filter: 134162
                           ->  Bitmap Heap Scan on movie_keyword mk  (cost=6.75..1061.70 rows=299 width=8) (actual time=1.140..12.956 rows=4444 loops=8)
                                 Recheck Cond: (keyword_id = k.id)
                                 Heap Blocks: exact=23488
                                 ->  Bitmap Index Scan on keyword_id_movie_keyword  (cost=0.00..6.67 rows=299 width=0) (actual time=0.655..0.655 rows=4444 loops=8)
                                       Index Cond: (keyword_id = k.id)
                     ->  Index Scan using title_pkey on title t  (cost=0.43..0.49 rows=1 width=21) (actual time=0.005..0.005 rows=0 loops=35548)
                           Index Cond: (id = mk.movie_id)
                           Filter: (production_year > 2000)
                           Rows Removed by Filter: 1
               ->  Index Scan using movie_id_cast_info on cast_info ci  (cost=0.56..1.52 rows=37 width=8) (actual time=0.008..0.148 rows=55 loops=14165)
                     Index Cond: (movie_id = mk.movie_id)
         ->  Index Scan using name_pkey on name n  (cost=0.43..0.46 rows=1 width=19) (actual time=0.005..0.005 rows=0 loops=785477)
               Index Cond: (id = ci.person_id)
               Filter: ((name)::text ~~ '%Downey%Robert%'::text)
               Rows Removed by Filter: 1
 Planning Time: 1.993 ms
 Execution Time: 6874.384 ms
(26 rows)

SET
                                                                            QUERY PLAN                                                                            
------------------------------------------------------------------------------------------------------------------------------------------------------------------
 Aggregate  (cost=4095.38..4095.39 rows=1 width=96) (actual time=25.109..25.109 rows=1 loops=1)
   ->  Nested Loop  (cost=8.17..4095.38 rows=1 width=48) (actual time=4.135..25.096 rows=6 loops=1)
         ->  Nested Loop  (cost=7.74..3785.26 rows=678 width=37) (actual time=0.474..15.285 rows=1224 loops=1)
               Join Filter: (t.id = ci.movie_id)
               ->  Nested Loop  (cost=7.18..3749.50 rows=18 width=41) (actual time=0.442..10.676 rows=11 loops=1)
                     ->  Nested Loop  (cost=6.75..3732.91 rows=34 width=20) (actual time=0.420..10.462 rows=14 loops=1)
                           ->  Seq Scan on keyword k  (cost=0.00..2626.12 rows=1 width=20) (actual time=0.383..10.349 rows=1 loops=1)
                                 Filter: ((keyword)::text = 'marvel-cinematic-universe'::text)
                                 Rows Removed by Filter: 134169
                           ->  Bitmap Heap Scan on movie_keyword mk  (cost=6.75..1103.80 rows=299 width=8) (actual time=0.035..0.107 rows=14 loops=1)
                                 Recheck Cond: (keyword_id = k.id)
                                 Heap Blocks: exact=12
                                 ->  Bitmap Index Scan on keyword_id_movie_keyword  (cost=0.00..6.67 rows=299 width=0) (actual time=0.021..0.021 rows=14 loops=1)
                                       Index Cond: (keyword_id = k.id)
                     ->  Index Scan using title_pkey on title t  (cost=0.43..0.49 rows=1 width=21) (actual time=0.015..0.015 rows=1 loops=14)
                           Index Cond: (id = mk.movie_id)
                           Filter: (production_year > 2000)
                           Rows Removed by Filter: 0
               ->  Index Scan using movie_id_cast_info on cast_info ci  (cost=0.56..1.52 rows=37 width=8) (actual time=0.017..0.400 rows=111 loops=11)
                     Index Cond: (movie_id = mk.movie_id)
         ->  Index Scan using name_pkey on name n  (cost=0.43..0.46 rows=1 width=19) (actual time=0.008..0.008 rows=0 loops=1224)
               Index Cond: (id = ci.person_id)
               Filter: ((name)::text ~~ '%Downey%Robert%'::text)
               Rows Removed by Filter: 1
 Planning Time: 2.541 ms
 Execution Time: 25.238 ms
(26 rows)

SET
                                                                             QUERY PLAN                                                                             
--------------------------------------------------------------------------------------------------------------------------------------------------------------------
 Aggregate  (cost=15080.79..15080.80 rows=1 width=96) (actual time=6942.996..6942.996 rows=1 loops=1)
   ->  Nested Loop  (cost=8.17..15040.12 rows=5422 width=48) (actual time=0.750..6765.813 rows=785477 loops=1)
         ->  Nested Loop  (cost=7.74..12573.66 rows=5422 width=37) (actual time=0.721..2586.124 rows=785477 loops=1)
               Join Filter: (t.id = ci.movie_id)
               ->  Nested Loop  (cost=7.18..12281.66 rows=147 width=41) (actual time=0.700..334.529 rows=14165 loops=1)
                     ->  Nested Loop  (cost=6.75..12149.91 rows=270 width=20) (actual time=0.677..138.611 rows=35548 loops=1)
                           ->  Seq Scan on keyword k  (cost=0.00..3632.40 rows=8 width=20) (actual time=0.104..29.801 rows=8 loops=1)
                                 Filter: ((keyword)::text = ANY ('{superhero,sequel,second-part,marvel-comics,based-on-comic,tv-special,fight,violence}'::text[]))
                                 Rows Removed by Filter: 134162
                           ->  Bitmap Heap Scan on movie_keyword mk  (cost=6.75..1061.70 rows=299 width=8) (actual time=1.137..12.894 rows=4444 loops=8)
                                 Recheck Cond: (keyword_id = k.id)
                                 Heap Blocks: exact=23488
                                 ->  Bitmap Index Scan on keyword_id_movie_keyword  (cost=0.00..6.67 rows=299 width=0) (actual time=0.653..0.653 rows=4444 loops=8)
                                       Index Cond: (keyword_id = k.id)
                     ->  Index Scan using title_pkey on title t  (cost=0.43..0.49 rows=1 width=21) (actual time=0.005..0.005 rows=0 loops=35548)
                           Index Cond: (id = mk.movie_id)
                           Filter: (production_year > 2000)
                           Rows Removed by Filter: 1
               ->  Index Scan using movie_id_cast_info on cast_info ci  (cost=0.56..1.52 rows=37 width=8) (actual time=0.008..0.149 rows=55 loops=14165)
                     Index Cond: (movie_id = mk.movie_id)
         ->  Index Scan using name_pkey on name n  (cost=0.43..0.45 rows=1 width=19) (actual time=0.005..0.005 rows=1 loops=785477)
               Index Cond: (id = ci.person_id)
 Planning Time: 2.060 ms
 Execution Time: 6943.113 ms
(24 rows)

SET
                                                                                                          QUERY PLAN                                                                                                           
-------------------------------------------------------------------------------------------------------------------------------------------------------------------------------------------------------------------------------
 Aggregate  (cost=13450.44..13450.45 rows=1 width=64) (actual time=1015.820..1015.820 rows=1 loops=1)
   ->  Nested Loop  (cost=41.24..13450.44 rows=1 width=32) (actual time=58.992..1015.791 rows=32 loops=1)
         ->  Nested Loop  (cost=41.10..13449.36 rows=1 width=36) (actual time=58.974..1015.694 rows=32 loops=1)
               Join Filter: (n.id = an.person_id)
               ->  Nested Loop  (cost=40.67..13448.87 rows=1 width=48) (actual time=58.949..1015.475 rows=14 loops=1)
                     Join Filter: (n.id = pi.person_id)
                     ->  Nested Loop  (cost=40.24..12494.38 rows=985 width=40) (actual time=0.415..866.025 rows=17559 loops=1)
                           ->  Nested Loop  (cost=39.81..8533.64 rows=8474 width=21) (actual time=0.386..305.975 rows=105262 loops=1)
                                 ->  Nested Loop  (cost=39.25..7243.89 rows=229 width=25) (actual time=0.352..38.755 rows=1467 loops=1)
                                       ->  Nested Loop  (cost=38.82..245.23 rows=1666 width=4) (actual time=0.319..2.585 rows=5186 loops=1)
                                             ->  Seq Scan on link_type lt  (cost=0.00..1.23 rows=1 width=4) (actual time=0.016..0.019 rows=1 loops=1)
                                                   Filter: ((link)::text = 'features'::text)
                                                   Rows Removed by Filter: 17
                                             ->  Bitmap Heap Scan on movie_link ml  (cost=38.82..225.26 rows=1875 width=8) (actual time=0.301..1.608 rows=5186 loops=1)
                                                   Recheck Cond: (link_type_id = lt.id)
                                                   Heap Blocks: exact=132
                                                   ->  Bitmap Index Scan on link_type_id_movie_link  (cost=0.00..38.35 rows=1875 width=0) (actual time=0.274..0.274 rows=5186 loops=1)
                                                         Index Cond: (link_type_id = lt.id)
                                       ->  Index Scan using title_pkey on title t  (cost=0.43..4.20 rows=1 width=21) (actual time=0.007..0.007 rows=0 loops=5186)
                                             Index Cond: (id = ml.linked_movie_id)
                                             Filter: ((production_year >= 1980) AND (production_year <= 1995))
                                             Rows Removed by Filter: 1
                                 ->  Index Scan using movie_id_cast_info on cast_info ci  (cost=0.56..5.26 rows=37 width=8) (actual time=0.010..0.173 rows=72 loops=1467)
                                       Index Cond: (movie_id = t.id)
                           ->  Index Scan using name_pkey on name n  (cost=0.43..0.47 rows=1 width=19) (actual time=0.005..0.005 rows=0 loops=105262)
                                 Index Cond: (id = ci.person_id)
                                 Filter: (((name_pcode_cf)::text >= 'A'::text) AND ((name_pcode_cf)::text <= 'F'::text) AND (((gender)::text = 'm'::text) OR (((gender)::text = 'f'::text) AND ((name)::text ~~ 'B%'::text))))
                                 Rows Removed by Filter: 1
                     ->  Index Scan using person_id_person_info on person_info pi  (cost=0.43..0.96 rows=1 width=8) (actual time=0.008..0.008 rows=0 loops=17559)
                           Index Cond: (person_id = ci.person_id)
                           Filter: ((note)::text = 'Volker Boehm'::text)
                           Rows Removed by Filter: 20
               ->  Index Scan using person_id_aka_name on aka_name an  (cost=0.42..0.47 rows=2 width=4) (actual time=0.011..0.014 rows=2 loops=14)
                     Index Cond: (person_id = ci.person_id)
                     Filter: ((name)::text ~~ '%a%'::text)
                     Rows Removed by Filter: 1
         ->  Index Scan using info_type_pkey on info_type it  (cost=0.14..0.61 rows=1 width=4) (actual time=0.002..0.002 rows=1 loops=32)
               Index Cond: (id = pi.info_type_id)
               Filter: ((info)::text = 'mini biography'::text)
 Planning Time: 7.476 ms
 Execution Time: 1016.004 ms
(41 rows)

SET
                                                                                      QUERY PLAN                                                                                       
---------------------------------------------------------------------------------------------------------------------------------------------------------------------------------------
 Aggregate  (cost=9049.69..9049.70 rows=1 width=64) (actual time=286.231..286.231 rows=1 loops=1)
   ->  Nested Loop  (cost=41.24..9049.68 rows=1 width=32) (actual time=12.793..286.211 rows=16 loops=1)
         ->  Nested Loop  (cost=41.10..9048.61 rows=1 width=36) (actual time=12.777..286.160 rows=16 loops=1)
               Join Filter: (n.id = an.person_id)
               ->  Nested Loop  (cost=40.67..9048.12 rows=1 width=48) (actual time=12.765..286.077 rows=8 loops=1)
                     Join Filter: (n.id = pi.person_id)
                     ->  Nested Loop  (cost=40.24..9005.48 rows=44 width=40) (actual time=0.607..277.640 rows=1076 loops=1)
                           ->  Nested Loop  (cost=39.81..8134.43 rows=1894 width=21) (actual time=0.389..113.057 rows=33415 loops=1)
                                 ->  Nested Loop  (cost=39.25..7243.89 rows=51 width=25) (actual time=0.358..36.096 rows=435 loops=1)
                                       ->  Nested Loop  (cost=38.82..245.23 rows=1666 width=4) (actual time=0.325..2.275 rows=5186 loops=1)
                                             ->  Seq Scan on link_type lt  (cost=0.00..1.23 rows=1 width=4) (actual time=0.016..0.020 rows=1 loops=1)
                                                   Filter: ((link)::text = 'features'::text)
                                                   Rows Removed by Filter: 17
                                             ->  Bitmap Heap Scan on movie_link ml  (cost=38.82..225.26 rows=1875 width=8) (actual time=0.306..1.510 rows=5186 loops=1)
                                                   Recheck Cond: (link_type_id = lt.id)
                                                   Heap Blocks: exact=132
                                                   ->  Bitmap Index Scan on link_type_id_movie_link  (cost=0.00..38.35 rows=1875 width=0) (actual time=0.277..0.277 rows=5186 loops=1)
                                                         Index Cond: (link_type_id = lt.id)
                                       ->  Index Scan using title_pkey on title t  (cost=0.43..4.20 rows=1 width=21) (actual time=0.006..0.006 rows=0 loops=5186)
                                             Index Cond: (id = ml.linked_movie_id)
                                             Filter: ((production_year >= 1980) AND (production_year <= 1984))
                                             Rows Removed by Filter: 1
                                 ->  Index Scan using movie_id_cast_info on cast_info ci  (cost=0.56..17.09 rows=37 width=8) (actual time=0.011..0.167 rows=77 loops=435)
                                       Index Cond: (movie_id = t.id)
                           ->  Index Scan using name_pkey on name n  (cost=0.43..0.46 rows=1 width=19) (actual time=0.005..0.005 rows=0 loops=33415)
                                 Index Cond: (id = ci.person_id)
                                 Filter: (((name_pcode_cf)::text ~~ 'D%'::text) AND ((gender)::text = 'm'::text))
                                 Rows Removed by Filter: 1
                     ->  Index Scan using person_id_person_info on person_info pi  (cost=0.43..0.96 rows=1 width=8) (actual time=0.007..0.008 rows=0 loops=1076)
                           Index Cond: (person_id = ci.person_id)
                           Filter: ((note)::text = 'Volker Boehm'::text)
                           Rows Removed by Filter: 16
               ->  Index Scan using person_id_aka_name on aka_name an  (cost=0.42..0.47 rows=2 width=4) (actual time=0.006..0.009 rows=2 loops=8)
                     Index Cond: (person_id = ci.person_id)
                     Filter: ((name)::text ~~ '%a%'::text)
                     Rows Removed by Filter: 1
         ->  Index Scan using info_type_pkey on info_type it  (cost=0.14..0.61 rows=1 width=4) (actual time=0.002..0.002 rows=1 loops=16)
               Index Cond: (id = pi.info_type_id)
               Filter: ((info)::text = 'mini biography'::text)
 Planning Time: 7.399 ms
 Execution Time: 286.408 ms
(41 rows)

SET
                                                                                                             QUERY PLAN                                                                                                              
-------------------------------------------------------------------------------------------------------------------------------------------------------------------------------------------------------------------------------------
 Aggregate  (cost=58025.67..58025.68 rows=1 width=64) (actual time=3307.882..3307.883 rows=1 loops=1)
   ->  Nested Loop  (cost=2495.15..58025.64 rows=6 width=111) (actual time=20.137..3066.848 rows=68185 loops=1)
         ->  Hash Join  (cost=2494.72..58021.06 rows=10 width=119) (actual time=20.104..2815.877 rows=109842 loops=1)
               Hash Cond: (ml.link_type_id = lt.id)
               ->  Nested Loop  (cost=2493.40..58019.61 rows=44 width=123) (actual time=20.059..2792.487 rows=127027 loops=1)
                     ->  Nested Loop  (cost=2493.11..57531.16 rows=1426 width=115) (actual time=20.024..1167.105 rows=1618304 loops=1)
                           ->  Nested Loop  (cost=2492.55..57287.95 rows=14 width=123) (actual time=19.999..659.360 rows=12595 loops=1)
                                 ->  Nested Loop  (cost=2492.12..56107.25 rows=1430 width=104) (actual time=19.896..412.314 rows=72979 loops=1)
                                       ->  Nested Loop  (cost=2491.69..55264.82 rows=717 width=100) (actual time=19.845..188.676 rows=84183 loops=1)
                                             ->  Seq Scan on info_type it  (cost=0.00..2.41 rows=1 width=4) (actual time=0.011..0.020 rows=1 loops=1)
                                                   Filter: ((info)::text = 'mini biography'::text)
                                                   Rows Removed by Filter: 112
                                             ->  Bitmap Heap Scan on person_info pi  (cost=2491.69..55225.59 rows=3682 width=104) (actual time=19.831..180.226 rows=84183 loops=1)
                                                   Recheck Cond: (info_type_id = it.id)
                                                   Filter: (note IS NOT NULL)
                                                   Rows Removed by Filter: 1
                                                   Heap Blocks: exact=40537
                                                   ->  Bitmap Index Scan on info_type_id_person_info  (cost=0.00..2490.77 rows=134712 width=0) (actual time=11.514..11.514 rows=84184 loops=1)
                                                         Index Cond: (info_type_id = it.id)
                                       ->  Index Scan using person_id_aka_name on aka_name an  (cost=0.42..1.15 rows=2 width=4) (actual time=0.002..0.002 rows=1 loops=84183)
                                             Index Cond: (person_id = pi.person_id)
                                             Filter: ((name IS NOT NULL) AND (((name)::text ~~ '%a%'::text) OR ((name)::text ~~ 'A%'::text)))
                                             Rows Removed by Filter: 0
                                 ->  Index Scan using name_pkey on name n  (cost=0.43..0.83 rows=1 width=19) (actual time=0.003..0.003 rows=0 loops=72979)
                                       Index Cond: (id = an.person_id)
                                       Filter: (((name_pcode_cf)::text >= 'A'::text) AND ((name_pcode_cf)::text <= 'F'::text) AND (((gender)::text = 'm'::text) OR (((gender)::text = 'f'::text) AND ((name)::text ~~ 'A%'::text))))
                                       Rows Removed by Filter: 1
                           ->  Index Scan using person_id_cast_info on cast_info ci  (cost=0.56..12.33 rows=504 width=8) (actual time=0.005..0.027 rows=128 loops=12595)
                                 Index Cond: (person_id = n.id)
                     ->  Index Scan using linked_movie_id_movie_link on movie_link ml  (cost=0.29..0.32 rows=2 width=8) (actual time=0.001..0.001 rows=0 loops=1618304)
                           Index Cond: (linked_movie_id = ci.movie_id)
               ->  Hash  (cost=1.27..1.27 rows=4 width=4) (actual time=0.019..0.020 rows=4 loops=1)
                     Buckets: 1024  Batches: 1  Memory Usage: 9kB
                     ->  Seq Scan on link_type lt  (cost=0.00..1.27 rows=4 width=4) (actual time=0.012..0.014 rows=4 loops=1)
                           Filter: ((link)::text = ANY ('{references,"referenced in",features,"featured in"}'::text[]))
                           Rows Removed by Filter: 14
         ->  Index Scan using title_pkey on title t  (cost=0.43..0.46 rows=1 width=4) (actual time=0.002..0.002 rows=1 loops=109842)
               Index Cond: (id = ci.movie_id)
               Filter: ((production_year >= 1980) AND (production_year <= 2010))
               Rows Removed by Filter: 0
 Planning Time: 7.565 ms
 Execution Time: 3308.272 ms
(42 rows)

SET
                                                                                    QUERY PLAN                                                                                     
-----------------------------------------------------------------------------------------------------------------------------------------------------------------------------------
 Aggregate  (cost=42962.65..42962.66 rows=1 width=64) (actual time=1448.723..1448.723 rows=1 loops=1)
   ->  Gather  (cost=5775.17..42962.64 rows=1 width=33) (actual time=124.782..1453.198 rows=62 loops=1)
         Workers Planned: 2
         Workers Launched: 2
         ->  Nested Loop  (cost=4775.17..41962.54 rows=1 width=33) (actual time=170.017..1445.949 rows=21 loops=3)
               ->  Nested Loop  (cost=4774.74..41958.79 rows=5 width=41) (actual time=16.689..1431.028 rows=5793 loops=3)
                     ->  Hash Join  (cost=4774.31..41956.44 rows=2 width=21) (actual time=16.656..1418.522 rows=2479 loops=3)
                           Hash Cond: (ci.role_id = rt.id)
                           ->  Nested Loop  (cost=4773.15..41955.18 rows=27 width=25) (actual time=16.555..1417.514 rows=6533 loops=3)
                                 ->  Nested Loop  (cost=4772.59..41333.61 rows=332 width=25) (actual time=16.323..240.346 rows=16109 loops=3)
                                       ->  Parallel Hash Join  (cost=4772.16..39899.83 rows=332 width=4) (actual time=16.279..155.468 rows=16109 loops=3)
                                             Hash Cond: (mc.company_id = cn.id)
                                             ->  Parallel Seq Scan on movie_companies mc  (cost=0.00..35097.06 rows=11664 width=8) (actual time=0.053..133.424 rows=16299 loops=3)
                                                   Filter: (((note)::text ~~ '%(Japan)%'::text) AND ((note)::text !~~ '%(USA)%'::text))
                                                   Rows Removed by Filter: 853411
                                             ->  Parallel Hash  (cost=4722.92..4722.92 rows=3939 width=4) (actual time=16.039..16.040 rows=2251 loops=3)
                                                   Buckets: 8192  Batches: 1  Memory Usage: 384kB
                                                   ->  Parallel Seq Scan on company_name cn  (cost=0.00..4722.92 rows=3939 width=4) (actual time=0.020..15.378 rows=2251 loops=3)
                                                         Filter: ((country_code)::text = '[jp]'::text)
                                                         Rows Removed by Filter: 76082
                                       ->  Index Scan using title_pkey on title t  (cost=0.43..4.32 rows=1 width=21) (actual time=0.005..0.005 rows=1 loops=48328)
                                             Index Cond: (id = mc.movie_id)
                                 ->  Index Scan using movie_id_cast_info on cast_info ci  (cost=0.56..1.86 rows=1 width=12) (actual time=0.070..0.073 rows=0 loops=48328)
                                       Index Cond: (movie_id = t.id)
                                       Filter: ((note)::text = '(voice: English version)'::text)
                                       Rows Removed by Filter: 32
                           ->  Hash  (cost=1.15..1.15 rows=1 width=4) (actual time=0.019..0.019 rows=1 loops=3)
                                 Buckets: 1024  Batches: 1  Memory Usage: 9kB
                                 ->  Seq Scan on role_type rt  (cost=0.00..1.15 rows=1 width=4) (actual time=0.013..0.015 rows=1 loops=3)
                                       Filter: ((role)::text = 'actress'::text)
                                       Rows Removed by Filter: 11
                     ->  Index Scan using person_id_aka_name on aka_name an1  (cost=0.42..1.16 rows=2 width=20) (actual time=0.004..0.005 rows=2 loops=7438)
                           Index Cond: (person_id = ci.person_id)
               ->  Index Scan using name_pkey on name n1  (cost=0.43..0.75 rows=1 width=4) (actual time=0.002..0.002 rows=0 loops=17379)
                     Index Cond: (id = an1.person_id)
                     Filter: (((name)::text ~~ '%Yo%'::text) AND ((name)::text !~~ '%Yu%'::text))
                     Rows Removed by Filter: 1
 Planning Time: 4.773 ms
 Execution Time: 1453.428 ms
(39 rows)

SET
                                                                                                      QUERY PLAN                                                                                                       
-----------------------------------------------------------------------------------------------------------------------------------------------------------------------------------------------------------------------
 Aggregate  (cost=44409.00..44409.01 rows=1 width=64) (actual time=172.863..172.863 rows=1 loops=1)
   ->  Nested Loop  (cost=1002.40..44409.00 rows=1 width=33) (actual time=171.976..172.848 rows=6 loops=1)
         ->  Nested Loop  (cost=1002.27..44408.82 rows=1 width=37) (actual time=171.949..172.816 rows=6 loops=1)
               ->  Nested Loop  (cost=1001.84..44408.07 rows=1 width=45) (actual time=170.522..171.994 rows=171 loops=1)
                     ->  Nested Loop  (cost=1001.42..44406.90 rows=1 width=25) (actual time=170.494..171.095 rows=104 loops=1)
                           Join Filter: (t.id = ci.movie_id)
                           ->  Gather  (cost=1000.85..44264.09 rows=1 width=25) (actual time=170.294..170.578 rows=4 loops=1)
                                 Workers Planned: 2
                                 Workers Launched: 2
                                 ->  Nested Loop  (cost=0.85..43263.99 rows=1 width=25) (actual time=111.313..167.875 rows=1 loops=3)
                                       ->  Nested Loop  (cost=0.42..43166.10 rows=12 width=4) (actual time=0.099..139.255 rows=2832 loops=3)
                                             ->  Parallel Seq Scan on movie_companies mc  (cost=0.00..40532.74 rows=434 width=8) (actual time=0.055..129.568 rows=2856 loops=3)
                                                   Filter: (((note)::text ~~ '%(Japan)%'::text) AND ((note)::text !~~ '%(USA)%'::text) AND (((note)::text ~~ '%(2006)%'::text) OR ((note)::text ~~ '%(2007)%'::text)))
                                                   Rows Removed by Filter: 866853
                                             ->  Index Scan using company_name_pkey on company_name cn  (cost=0.42..6.07 rows=1 width=4) (actual time=0.003..0.003 rows=1 loops=8569)
                                                   Index Cond: (id = mc.company_id)
                                                   Filter: ((country_code)::text = '[jp]'::text)
                                                   Rows Removed by Filter: 0
                                       ->  Index Scan using title_pkey on title t  (cost=0.43..8.13 rows=1 width=21) (actual time=0.010..0.010 rows=0 loops=8495)
                                             Index Cond: (id = mc.movie_id)
                                             Filter: ((production_year >= 2006) AND (production_year <= 2007) AND (((title)::text ~~ 'One Piece%'::text) OR ((title)::text ~~ 'Dragon Ball Z%'::text)))
                                             Rows Removed by Filter: 1
                           ->  Index Scan using movie_id_cast_info on cast_info ci  (cost=0.56..142.80 rows=1 width=12) (actual time=0.058..0.193 rows=26 loops=4)
                                 Index Cond: (movie_id = mc.movie_id)
                                 Filter: ((note)::text = '(voice: English version)'::text)
                                 Rows Removed by Filter: 17
                     ->  Index Scan using person_id_aka_name on aka_name an  (cost=0.42..1.16 rows=2 width=20) (actual time=0.007..0.008 rows=2 loops=104)
                           Index Cond: (person_id = ci.person_id)
               ->  Index Scan using name_pkey on name n  (cost=0.43..0.75 rows=1 width=4) (actual time=0.005..0.005 rows=0 loops=171)
                     Index Cond: (id = an.person_id)
                     Filter: (((name)::text ~~ '%Yo%'::text) AND ((name)::text !~~ '%Yu%'::text))
                     Rows Removed by Filter: 1
         ->  Index Scan using role_type_pkey on role_type rt  (cost=0.14..0.16 rows=1 width=4) (actual time=0.005..0.005 rows=1 loops=6)
               Index Cond: (id = ci.role_id)
               Filter: ((role)::text = 'actress'::text)
 Planning Time: 4.833 ms
 Execution Time: 173.376 ms
(37 rows)

SET
                                                                                                QUERY PLAN                                                                                                
----------------------------------------------------------------------------------------------------------------------------------------------------------------------------------------------------------
 Finalize Aggregate  (cost=529735.54..529735.55 rows=1 width=64) (actual time=3513.395..3513.396 rows=1 loops=1)
   ->  Gather  (cost=529735.32..529735.53 rows=2 width=64) (actual time=3511.306..3613.799 rows=3 loops=1)
         Workers Planned: 2
         Workers Launched: 2
         ->  Partial Aggregate  (cost=528735.32..528735.33 rows=1 width=64) (actual time=3508.445..3508.445 rows=1 loops=3)
               ->  Parallel Hash Join  (cost=483413.83..513803.80 rows=2986304 width=33) (actual time=3235.546..3404.644 rows=829204 loops=3)
                     Hash Cond: (a1.person_id = n1.id)
                     ->  Parallel Seq Scan on aka_name a1  (cost=0.00..15151.60 rows=375560 width=20) (actual time=0.027..39.387 rows=300448 loops=3)
                     ->  Parallel Hash  (cost=459853.10..459853.10 rows=1218458 width=25) (actual time=3136.602..3136.602 rows=656886 loops=3)
                           Buckets: 65536  Batches: 64  Memory Usage: 2848kB
                           ->  Parallel Hash Join  (cost=345158.80..459853.10 rows=1218458 width=25) (actual time=2794.226..3000.428 rows=656886 loops=3)
                                 Hash Cond: (ci.person_id = n1.id)
                                 ->  Hash Join  (cost=243691.57..334123.41 rows=1218458 width=21) (actual time=1921.790..2237.319 rows=656886 loops=3)
                                       Hash Cond: (t.id = ci.movie_id)
                                       ->  Parallel Hash Join  (cost=44358.48..110382.12 rows=395644 width=25) (actual time=591.744..795.342 rows=384599 loops=3)
                                             Hash Cond: (t.id = mc.movie_id)
                                             ->  Parallel Seq Scan on title t  (cost=0.00..46532.63 rows=1053463 width=21) (actual time=0.017..114.280 rows=842771 loops=3)
                                             ->  Parallel Hash  (cost=37866.93..37866.93 rows=395644 width=4) (actual time=298.843..298.844 rows=384599 loops=3)
                                                   Buckets: 131072  Batches: 16  Memory Usage: 3872kB
                                                   ->  Parallel Hash Join  (cost=5351.77..37866.93 rows=395644 width=4) (actual time=25.472..245.611 rows=384599 loops=3)
                                                         Hash Cond: (mc.company_id = cn.id)
                                                         ->  Parallel Seq Scan on movie_companies mc  (cost=0.00..29661.37 rows=1087137 width=8) (actual time=0.012..78.189 rows=869710 loops=3)
                                                         ->  Parallel Hash  (cost=4722.92..4722.92 rows=50308 width=4) (actual time=25.109..25.109 rows=28281 loops=3)
                                                               Buckets: 131072  Batches: 1  Memory Usage: 4384kB
                                                               ->  Parallel Seq Scan on company_name cn  (cost=0.00..4722.92 rows=50308 width=4) (actual time=0.021..17.059 rows=28281 loops=3)
                                                                     Filter: ((country_code)::text = '[us]'::text)
                                                                     Rows Removed by Filter: 50051
                                       ->  Hash  (cost=149779.57..149779.57 rows=3020362 width=8) (actual time=1158.356..1158.356 rows=2728943 loops=3)
                                             Buckets: 131072  Batches: 64  Memory Usage: 2675kB
                                             ->  Nested Loop  (cost=0.56..149779.57 rows=3020362 width=8) (actual time=0.045..782.565 rows=2728943 loops=3)
                                                   ->  Seq Scan on role_type rt  (cost=0.00..1.15 rows=1 width=4) (actual time=0.011..0.014 rows=1 loops=3)
                                                         Filter: ((role)::text = 'writer'::text)
                                                         Rows Removed by Filter: 11
                                                   ->  Index Scan using role_id_cast_info on cast_info ci  (cost=0.56..116829.02 rows=3294940 width=12) (actual time=0.030..529.196 rows=2728943 loops=3)
                                                         Index Cond: (role_id = rt.id)
                                 ->  Parallel Hash  (cost=72977.55..72977.55 rows=1736455 width=4) (actual time=353.157..353.157 rows=1389164 loops=3)
                                       Buckets: 131072  Batches: 64  Memory Usage: 3616kB
                                       ->  Parallel Seq Scan on name n1  (cost=0.00..72977.55 rows=1736455 width=4) (actual time=0.023..171.044 rows=1389164 loops=3)
 Planning Time: 4.216 ms
 Execution Time: 3614.200 ms
(40 rows)

SET
                                                                                               QUERY PLAN                                                                                               
--------------------------------------------------------------------------------------------------------------------------------------------------------------------------------------------------------
 Finalize Aggregate  (cost=529735.54..529735.55 rows=1 width=64) (actual time=1741.167..1741.167 rows=1 loops=1)
   ->  Gather  (cost=529735.32..529735.53 rows=2 width=64) (actual time=1738.180..1815.604 rows=3 loops=1)
         Workers Planned: 2
         Workers Launched: 2
         ->  Partial Aggregate  (cost=528735.32..528735.33 rows=1 width=64) (actual time=1735.807..1735.807 rows=1 loops=3)
               ->  Parallel Hash Join  (cost=483413.83..513803.80 rows=2986304 width=33) (actual time=1678.375..1722.328 rows=107668 loops=3)
                     Hash Cond: (an1.person_id = n1.id)
                     ->  Parallel Seq Scan on aka_name an1  (cost=0.00..15151.60 rows=375560 width=20) (actual time=0.027..39.059 rows=300448 loops=3)
                     ->  Parallel Hash  (cost=459853.10..459853.10 rows=1218458 width=25) (actual time=1581.116..1581.116 rows=95179 loops=3)
                           Buckets: 65536  Batches: 64  Memory Usage: 992kB
                           ->  Parallel Hash Join  (cost=345158.80..459853.10 rows=1218458 width=25) (actual time=1448.484..1559.630 rows=95179 loops=3)
                                 Hash Cond: (ci.person_id = n1.id)
                                 ->  Hash Join  (cost=243691.57..334123.41 rows=1218458 width=21) (actual time=894.384..1060.524 rows=95179 loops=3)
                                       Hash Cond: (t.id = ci.movie_id)
                                       ->  Parallel Hash Join  (cost=44358.48..110382.12 rows=395644 width=25) (actual time=590.597..794.424 rows=384599 loops=3)
                                             Hash Cond: (t.id = mc.movie_id)
                                             ->  Parallel Seq Scan on title t  (cost=0.00..46532.63 rows=1053463 width=21) (actual time=0.020..110.493 rows=842771 loops=3)
                                             ->  Parallel Hash  (cost=37866.93..37866.93 rows=395644 width=4) (actual time=300.646..300.646 rows=384599 loops=3)
                                                   Buckets: 131072  Batches: 16  Memory Usage: 3904kB
                                                   ->  Parallel Hash Join  (cost=5351.77..37866.93 rows=395644 width=4) (actual time=26.270..245.784 rows=384599 loops=3)
                                                         Hash Cond: (mc.company_id = cn.id)
                                                         ->  Parallel Seq Scan on movie_companies mc  (cost=0.00..29661.37 rows=1087137 width=8) (actual time=0.015..77.949 rows=869710 loops=3)
                                                         ->  Parallel Hash  (cost=4722.92..4722.92 rows=50308 width=4) (actual time=25.881..25.882 rows=28281 loops=3)
                                                               Buckets: 131072  Batches: 1  Memory Usage: 4384kB
                                                               ->  Parallel Seq Scan on company_name cn  (cost=0.00..4722.92 rows=50308 width=4) (actual time=0.026..17.956 rows=28281 loops=3)
                                                                     Filter: ((country_code)::text = '[us]'::text)
                                                                     Rows Removed by Filter: 50051
                                       ->  Hash  (cost=149779.57..149779.57 rows=3020362 width=8) (actual time=111.133..111.134 rows=276403 loops=3)
                                             Buckets: 131072  Batches: 64  Memory Usage: 1193kB
                                             ->  Nested Loop  (cost=0.56..149779.57 rows=3020362 width=8) (actual time=0.057..71.447 rows=276403 loops=3)
                                                   ->  Seq Scan on role_type rt  (cost=0.00..1.15 rows=1 width=4) (actual time=0.015..0.017 rows=1 loops=3)
                                                         Filter: ((role)::text = 'costume designer'::text)
                                                         Rows Removed by Filter: 11
                                                   ->  Index Scan using role_id_cast_info on cast_info ci  (cost=0.56..116829.02 rows=3294940 width=12) (actual time=0.038..45.660 rows=276403 loops=3)
                                                         Index Cond: (role_id = rt.id)
                                 ->  Parallel Hash  (cost=72977.55..72977.55 rows=1736455 width=4) (actual time=354.730..354.730 rows=1389164 loops=3)
                                       Buckets: 131072  Batches: 64  Memory Usage: 3616kB
                                       ->  Parallel Seq Scan on name n1  (cost=0.00..72977.55 rows=1736455 width=4) (actual time=0.019..171.098 rows=1389164 loops=3)
 Planning Time: 4.807 ms
 Execution Time: 1816.133 ms
(40 rows)

SET
                                                                                        QUERY PLAN                                                                                         
-------------------------------------------------------------------------------------------------------------------------------------------------------------------------------------------
 Aggregate  (cost=83282.38..83282.39 rows=1 width=96) (actual time=274.002..274.002 rows=1 loops=1)
   ->  Nested Loop  (cost=1003.86..83282.37 rows=1 width=49) (actual time=110.944..273.953 rows=121 loops=1)
         ->  Nested Loop  (cost=1003.44..83281.88 rows=1 width=53) (actual time=110.917..273.256 rows=123 loops=1)
               Join Filter: (ci.movie_id = mc.movie_id)
               ->  Gather  (cost=1003.01..83281.24 rows=1 width=57) (actual time=110.630..273.315 rows=139 loops=1)
                     Workers Planned: 2
                     Workers Launched: 2
                     ->  Nested Loop  (cost=3.01..82281.14 rows=1 width=57) (actual time=113.576..270.497 rows=46 loops=3)
                           ->  Nested Loop  (cost=2.58..82280.49 rows=1 width=45) (actual time=107.804..270.081 rows=52 loops=3)
                                 ->  Hash Join  (cost=2.15..82279.20 rows=2 width=24) (actual time=107.051..268.659 rows=142 loops=3)
                                       Hash Cond: (ci.role_id = rt.id)
                                       ->  Nested Loop  (cost=0.99..82277.96 rows=21 width=28) (actual time=106.947..268.519 rows=142 loops=3)
                                             Join Filter: (n.id = ci.person_id)
                                             ->  Nested Loop  (cost=0.42..82155.29 rows=9 width=24) (actual time=104.118..257.189 rows=519 loops=3)
                                                   ->  Parallel Seq Scan on name n  (cost=0.00..81659.82 rows=40 width=4) (actual time=103.459..246.514 rows=2256 loops=3)
                                                         Filter: (((name)::text ~~ '%Ang%'::text) AND ((gender)::text = 'f'::text))
                                                         Rows Removed by Filter: 1386908
                                                   ->  Index Scan using person_id_aka_name on aka_name an  (cost=0.42..12.37 rows=2 width=20) (actual time=0.004..0.004 rows=0 loops=6768)
                                                         Index Cond: (person_id = n.id)
                                             ->  Index Scan using person_id_cast_info on cast_info ci  (cost=0.56..13.47 rows=13 width=16) (actual time=0.020..0.022 rows=0 loops=1558)
                                                   Index Cond: (person_id = an.person_id)
                                                   Filter: ((note)::text = ANY ('{(voice),"(voice: Japanese version)","(voice) (uncredited)","(voice: English version)"}'::text[]))
                                                   Rows Removed by Filter: 44
                                       ->  Hash  (cost=1.15..1.15 rows=1 width=4) (actual time=0.027..0.027 rows=1 loops=3)
                                             Buckets: 1024  Batches: 1  Memory Usage: 9kB
                                             ->  Seq Scan on role_type rt  (cost=0.00..1.15 rows=1 width=4) (actual time=0.018..0.020 rows=1 loops=3)
                                                   Filter: ((role)::text = 'actress'::text)
                                                   Rows Removed by Filter: 11
                                 ->  Index Scan using title_pkey on title t  (cost=0.43..0.64 rows=1 width=21) (actual time=0.010..0.010 rows=0 loops=425)
                                       Index Cond: (id = ci.movie_id)
                                       Filter: ((production_year >= 2005) AND (production_year <= 2015))
                                       Rows Removed by Filter: 1
                           ->  Index Scan using char_name_pkey on char_name chn  (cost=0.43..0.65 rows=1 width=20) (actual time=0.008..0.008 rows=1 loops=155)
                                 Index Cond: (id = ci.person_role_id)
               ->  Index Scan using movie_id_movie_companies on movie_companies mc  (cost=0.43..0.64 rows=1 width=8) (actual time=0.009..0.012 rows=1 loops=139)
                     Index Cond: (movie_id = t.id)
                     Filter: ((note IS NOT NULL) AND (((note)::text ~~ '%(USA)%'::text) OR ((note)::text ~~ '%(worldwide)%'::text)))
                     Rows Removed by Filter: 5
         ->  Index Scan using company_name_pkey on company_name cn  (cost=0.42..0.49 rows=1 width=4) (actual time=0.005..0.005 rows=1 loops=123)
               Index Cond: (id = mc.company_id)
               Filter: ((country_code)::text = '[us]'::text)
               Rows Removed by Filter: 0
 Planning Time: 7.582 ms
 Execution Time: 275.952 ms
(44 rows)

SET
                                                                                        QUERY PLAN                                                                                         
-------------------------------------------------------------------------------------------------------------------------------------------------------------------------------------------
 Aggregate  (cost=83270.97..83270.98 rows=1 width=128) (actual time=263.055..263.055 rows=1 loops=1)
   ->  Nested Loop  (cost=1003.86..83270.96 rows=1 width=64) (actual time=121.982..263.024 rows=40 loops=1)
         ->  Nested Loop  (cost=1003.44..83270.37 rows=1 width=68) (actual time=121.964..262.895 rows=40 loops=1)
               ->  Nested Loop  (cost=1003.01..83269.66 rows=1 width=72) (actual time=121.939..262.455 rows=60 loops=1)
                     ->  Gather  (cost=1002.58..83268.98 rows=1 width=60) (actual time=121.920..264.761 rows=65 loops=1)
                           Workers Planned: 2
                           Workers Launched: 2
                           ->  Nested Loop  (cost=2.58..82268.88 rows=1 width=60) (actual time=119.304..260.114 rows=22 loops=3)
                                 ->  Hash Join  (cost=2.15..82267.52 rows=2 width=39) (actual time=106.914..259.558 rows=88 loops=3)
                                       Hash Cond: (ci.role_id = rt.id)
                                       ->  Nested Loop  (cost=0.99..82266.28 rows=18 width=43) (actual time=106.811..259.430 rows=88 loops=3)
                                             Join Filter: (n.id = ci.person_id)
                                             ->  Nested Loop  (cost=0.42..82155.29 rows=9 width=39) (actual time=103.934..253.573 rows=432 loops=3)
                                                   ->  Parallel Seq Scan on name n  (cost=0.00..81659.82 rows=40 width=19) (actual time=103.485..246.676 rows=1803 loops=3)
                                                         Filter: (((name)::text ~~ '%Angel%'::text) AND ((gender)::text = 'f'::text))
                                                         Rows Removed by Filter: 1387361
                                                   ->  Index Scan using person_id_aka_name on aka_name an  (cost=0.42..12.37 rows=2 width=20) (actual time=0.003..0.004 rows=0 loops=5409)
                                                         Index Cond: (person_id = n.id)
                                             ->  Index Scan using person_id_cast_info on cast_info ci  (cost=0.56..12.21 rows=10 width=16) (actual time=0.012..0.013 rows=0 loops=1296)
                                                   Index Cond: (person_id = an.person_id)
                                                   Filter: ((note)::text = '(voice)'::text)
                                                   Rows Removed by Filter: 43
                                       ->  Hash  (cost=1.15..1.15 rows=1 width=4) (actual time=0.026..0.026 rows=1 loops=3)
                                             Buckets: 1024  Batches: 1  Memory Usage: 9kB
                                             ->  Seq Scan on role_type rt  (cost=0.00..1.15 rows=1 width=4) (actual time=0.020..0.021 rows=1 loops=3)
                                                   Filter: ((role)::text = 'actress'::text)
                                                   Rows Removed by Filter: 11
                                 ->  Index Scan using title_pkey on title t  (cost=0.43..0.68 rows=1 width=21) (actual time=0.006..0.006 rows=0 loops=265)
                                       Index Cond: (id = ci.movie_id)
                                       Filter: ((production_year >= 2007) AND (production_year <= 2010))
                                       Rows Removed by Filter: 1
                     ->  Index Scan using char_name_pkey on char_name chn  (cost=0.43..0.69 rows=1 width=20) (actual time=0.003..0.003 rows=1 loops=65)
                           Index Cond: (id = ci.person_role_id)
               ->  Index Scan using movie_id_movie_companies on movie_companies mc  (cost=0.43..0.69 rows=1 width=8) (actual time=0.005..0.007 rows=1 loops=60)
                     Index Cond: (movie_id = ci.movie_id)
                     Filter: (((note)::text ~~ '%(200%)%'::text) AND (((note)::text ~~ '%(USA)%'::text) OR ((note)::text ~~ '%(worldwide)%'::text)))
                     Rows Removed by Filter: 7
         ->  Index Scan using company_name_pkey on company_name cn  (cost=0.42..0.59 rows=1 width=4) (actual time=0.003..0.003 rows=1 loops=40)
               Index Cond: (id = mc.company_id)
               Filter: ((country_code)::text = '[us]'::text)
 Planning Time: 7.148 ms
 Execution Time: 265.817 ms
(42 rows)

SET
                                                                                          QUERY PLAN                                                                                           
-----------------------------------------------------------------------------------------------------------------------------------------------------------------------------------------------
 Finalize Aggregate  (cost=123482.63..123482.64 rows=1 width=128) (actual time=456.602..456.603 rows=1 loops=1)
   ->  Gather  (cost=123482.40..123482.61 rows=2 width=128) (actual time=456.295..460.538 rows=3 loops=1)
         Workers Planned: 2
         Workers Launched: 2
         ->  Partial Aggregate  (cost=122482.40..122482.41 rows=1 width=128) (actual time=453.520..453.520 rows=1 loops=3)
               ->  Nested Loop  (cost=81764.69..122480.72 rows=168 width=64) (actual time=259.618..452.716 rows=2715 loops=3)
                     Join Filter: (ci.movie_id = t.id)
                     ->  Nested Loop  (cost=81764.26..122392.38 rows=168 width=55) (actual time=259.560..444.098 rows=2715 loops=3)
                           ->  Nested Loop  (cost=81763.84..122186.52 rows=462 width=59) (actual time=258.231..426.154 rows=6115 loops=3)
                                 ->  Nested Loop  (cost=81763.41..122068.42 rows=173 width=51) (actual time=258.172..413.850 rows=2575 loops=3)
                                       ->  Hash Join  (cost=81762.98..121836.61 rows=358 width=39) (actual time=258.111..404.130 rows=2735 loops=3)
                                             Hash Cond: (ci.role_id = rt.id)
                                             ->  Nested Loop  (cost=81761.82..121820.18 rows=4301 width=43) (actual time=258.039..403.505 rows=2735 loops=3)
                                                   Join Filter: (n.id = ci.person_id)
                                                   ->  Parallel Hash Join  (cost=81761.26..97898.70 rows=1755 width=39) (actual time=256.410..333.419 rows=3508 loops=3)
                                                         Hash Cond: (an.person_id = n.id)
                                                         ->  Parallel Seq Scan on aka_name an  (cost=0.00..15151.60 rows=375560 width=20) (actual time=0.016..32.460 rows=300448 loops=3)
                                                         ->  Parallel Hash  (cost=81659.82..81659.82 rows=8115 width=19) (actual time=256.073..256.074 rows=16670 loops=3)
                                                               Buckets: 65536 (originally 32768)  Batches: 1 (originally 1)  Memory Usage: 3584kB
                                                               ->  Parallel Seq Scan on name n  (cost=0.00..81659.82 rows=8115 width=19) (actual time=104.264..248.176 rows=16670 loops=3)
                                                                     Filter: (((name)::text ~~ '%An%'::text) AND ((gender)::text = 'f'::text))
                                                                     Rows Removed by Filter: 1372493
                                                   ->  Index Scan using person_id_cast_info on cast_info ci  (cost=0.56..13.47 rows=13 width=16) (actual time=0.018..0.020 rows=1 loops=10525)
                                                         Index Cond: (person_id = an.person_id)
                                                         Filter: ((note)::text = ANY ('{(voice),"(voice: Japanese version)","(voice) (uncredited)","(voice: English version)"}'::text[]))
                                                         Rows Removed by Filter: 44
                                             ->  Hash  (cost=1.15..1.15 rows=1 width=4) (actual time=0.023..0.023 rows=1 loops=3)
                                                   Buckets: 1024  Batches: 1  Memory Usage: 9kB
                                                   ->  Seq Scan on role_type rt  (cost=0.00..1.15 rows=1 width=4) (actual time=0.017..0.018 rows=1 loops=3)
                                                         Filter: ((role)::text = 'actress'::text)
                                                         Rows Removed by Filter: 11
                                       ->  Index Scan using char_name_pkey on char_name chn  (cost=0.43..0.65 rows=1 width=20) (actual time=0.003..0.003 rows=1 loops=8204)
                                             Index Cond: (id = ci.person_role_id)
                                 ->  Index Scan using movie_id_movie_companies on movie_companies mc  (cost=0.43..0.63 rows=5 width=8) (actual time=0.003..0.004 rows=2 loops=7726)
                                       Index Cond: (movie_id = ci.movie_id)
                           ->  Index Scan using company_name_pkey on company_name cn  (cost=0.42..0.45 rows=1 width=4) (actual time=0.003..0.003 rows=0 loops=18345)
                                 Index Cond: (id = mc.company_id)
                                 Filter: ((country_code)::text = '[us]'::text)
                                 Rows Removed by Filter: 1
                     ->  Index Scan using title_pkey on title t  (cost=0.43..0.51 rows=1 width=21) (actual time=0.003..0.003 rows=1 loops=8144)
                           Index Cond: (id = mc.movie_id)
 Planning Time: 7.150 ms
 Execution Time: 460.769 ms
(43 rows)

SET
                                                                                                  QUERY PLAN                                                                                                  
--------------------------------------------------------------------------------------------------------------------------------------------------------------------------------------------------------------
 Finalize Aggregate  (cost=211411.33..211411.34 rows=1 width=128) (actual time=3799.099..3799.099 rows=1 loops=1)
   ->  Gather  (cost=211411.10..211411.31 rows=2 width=128) (actual time=2870.813..3803.709 rows=3 loops=1)
         Workers Planned: 2
         Workers Launched: 2
         ->  Partial Aggregate  (cost=210411.10..210411.11 rows=1 width=128) (actual time=3174.178..3174.178 rows=1 loops=3)
               ->  Nested Loop  (cost=140783.51..210327.94 rows=8316 width=64) (actual time=2099.277..3136.463 rows=161027 loops=3)
                     ->  Nested Loop  (cost=140783.09..208504.03 rows=3393 width=56) (actual time=2099.098..2971.194 rows=57856 loops=3)
                           Join Filter: (ci.movie_id = t.id)
                           ->  Nested Loop  (cost=140782.66..206719.92 rows=3393 width=47) (actual time=2099.076..2824.670 rows=57856 loops=3)
                                 ->  Nested Loop  (cost=140782.23..202181.65 rows=7009 width=35) (actual time=2099.057..2632.691 rows=63155 loops=3)
                                       ->  Hash Join  (cost=140781.80..179531.73 rows=30299 width=16) (actual time=2099.029..2446.215 rows=63185 loops=3)
                                             Hash Cond: (mc.movie_id = ci.movie_id)
                                             ->  Parallel Hash Join  (cost=5351.77..37866.93 rows=395644 width=4) (actual time=23.662..251.854 rows=384599 loops=3)
                                                   Hash Cond: (mc.company_id = cn.id)
                                                   ->  Parallel Seq Scan on movie_companies mc  (cost=0.00..29661.37 rows=1087137 width=8) (actual time=0.014..77.024 rows=869710 loops=3)
                                                   ->  Parallel Hash  (cost=4722.92..4722.92 rows=50308 width=4) (actual time=23.121..23.121 rows=28281 loops=3)
                                                         Buckets: 131072  Batches: 1  Memory Usage: 4384kB
                                                         ->  Parallel Seq Scan on company_name cn  (cost=0.00..4722.92 rows=50308 width=4) (actual time=0.018..16.297 rows=28281 loops=3)
                                                               Filter: ((country_code)::text = '[us]'::text)
                                                               Rows Removed by Filter: 50051
                                             ->  Hash  (cost=134124.20..134124.20 rows=75106 width=12) (actual time=2074.544..2074.545 rows=276166 loops=3)
                                                   Buckets: 131072 (originally 131072)  Batches: 4 (originally 2)  Memory Usage: 3984kB
                                                   ->  Nested Loop  (cost=0.56..134124.20 rows=75106 width=12) (actual time=0.178..2020.522 rows=276166 loops=3)
                                                         ->  Seq Scan on role_type rt  (cost=0.00..1.15 rows=1 width=4) (actual time=0.011..0.014 rows=1 loops=3)
                                                               Filter: ((role)::text = 'actress'::text)
                                                               Rows Removed by Filter: 11
                                                         ->  Index Scan using role_id_cast_info on cast_info ci  (cost=0.56..133303.71 rows=81934 width=16) (actual time=0.164..1997.492 rows=276166 loops=3)
                                                               Index Cond: (role_id = rt.id)
                                                               Filter: ((note)::text = ANY ('{(voice),"(voice: Japanese version)","(voice) (uncredited)","(voice: English version)"}'::text[]))
                                                               Rows Removed by Filter: 7175807
                                       ->  Index Scan using name_pkey on name n  (cost=0.43..0.75 rows=1 width=19) (actual time=0.003..0.003 rows=1 loops=189554)
                                             Index Cond: (id = ci.person_id)
                                             Filter: ((gender)::text = 'f'::text)
                                             Rows Removed by Filter: 0
                                 ->  Index Scan using char_name_pkey on char_name chn  (cost=0.43..0.65 rows=1 width=20) (actual time=0.003..0.003 rows=1 loops=189464)
                                       Index Cond: (id = ci.person_role_id)
                           ->  Index Scan using title_pkey on title t  (cost=0.43..0.51 rows=1 width=21) (actual time=0.002..0.002 rows=1 loops=173567)
                                 Index Cond: (id = mc.movie_id)
                     ->  Index Scan using person_id_aka_name on aka_name an  (cost=0.42..0.52 rows=2 width=20) (actual time=0.002..0.002 rows=3 loops=173567)
                           Index Cond: (person_id = n.id)
 Planning Time: 7.479 ms
 Execution Time: 3803.961 ms
(42 rows)

