execute /home/pei/Project/benchmarks/imdb_job-postgres/skinner_explained/10a.sql_explained.sql
SET
SET
                                                                                            QUERY PLAN                                                                                             
---------------------------------------------------------------------------------------------------------------------------------------------------------------------------------------------------
 Finalize Aggregate  (cost=629274.70..629274.71 rows=1 width=64) (actual time=3955.066..3955.066 rows=1 loops=1)
   ->  Gather  (cost=629274.48..629274.69 rows=2 width=64) (actual time=3954.592..3963.128 rows=3 loops=1)
         Workers Planned: 2
         Workers Launched: 2
         ->  Partial Aggregate  (cost=628274.48..628274.49 rows=1 width=64) (actual time=3947.547..3947.547 rows=1 loops=3)
               ->  Hash Join  (cost=567292.56..628274.47 rows=2 width=33) (actual time=3558.507..3947.468 rows=35 loops=3)
                     Hash Cond: (mc.company_type_id = ct.id)
                     ->  Parallel Hash Join  (cost=567291.47..628273.38 rows=2 width=37) (actual time=3558.232..3947.179 rows=35 loops=3)
                           Hash Cond: (chn.id = ci.person_role_id)
                           ->  Parallel Seq Scan on char_name chn  (cost=0.00..49532.75 rows=1308475 width=20) (actual time=0.067..262.787 rows=1046780 loops=3)
                           ->  Parallel Hash  (cost=567291.40..567291.40 rows=5 width=25) (actual time=3556.318..3556.318 rows=37 loops=3)
                                 Buckets: 1024  Batches: 1  Memory Usage: 104kB
                                 ->  Parallel Hash Join  (cost=516526.82..567291.40 rows=5 width=25) (actual time=3427.240..3556.181 rows=37 loops=3)
                                       Hash Cond: (t.id = mc.movie_id)
                                       ->  Parallel Seq Scan on title t  (cost=0.00..49166.29 rows=426207 width=21) (actual time=0.019..265.550 rows=337640 loops=3)
                                             Filter: (production_year > 2005)
                                             Rows Removed by Filter: 505131
                                       ->  Parallel Hash  (cost=516526.68..516526.68 rows=11 width=16) (actual time=3252.651..3252.651 rows=92 loops=3)
                                             Buckets: 1024  Batches: 1  Memory Usage: 104kB
                                             ->  Parallel Hash Join  (cost=483987.14..516526.68 rows=11 width=16) (actual time=3006.379..3252.447 rows=92 loops=3)
                                                   Hash Cond: (mc.movie_id = ci.movie_id)
                                                   ->  Parallel Hash Join  (cost=4733.23..37248.39 rows=6486 width=8) (actual time=23.456..309.795 rows=2930 loops=3)
                                                         Hash Cond: (mc.company_id = cn.id)
                                                         ->  Parallel Seq Scan on movie_companies mc  (cost=0.00..29661.37 rows=1087137 width=12) (actual time=0.014..165.974 rows=869710 loops=3)
                                                         ->  Parallel Hash  (cost=4722.92..4722.92 rows=825 width=4) (actual time=22.971..22.972 rows=454 loops=3)
                                                               Buckets: 2048  Batches: 1  Memory Usage: 112kB
                                                               ->  Parallel Seq Scan on company_name cn  (cost=0.00..4722.92 rows=825 width=4) (actual time=0.046..22.422 rows=454 loops=3)
                                                                     Filter: ((country_code)::text = '[ru]'::text)
                                                                     Rows Removed by Filter: 77879
                                                   ->  Parallel Hash  (cost=479245.16..479245.16 rows=700 width=8) (actual time=2941.381..2941.381 rows=8625 loops=3)
                                                         Buckets: 32768 (originally 2048)  Batches: 1 (originally 1)  Memory Usage: 1552kB
                                                         ->  Hash Join  (cost=1.16..479245.16 rows=700 width=8) (actual time=1.073..2806.466 rows=8625 loops=3)
                                                               Hash Cond: (ci.role_id = rt.id)
                                                               ->  Parallel Seq Scan on cast_info ci  (cost=0.00..479214.15 rows=8405 width=12) (actual time=0.954..2801.407 rows=10763 loops=3)
                                                                     Filter: (((note)::text ~~ '%(voice)%'::text) AND ((note)::text ~~ '%(uncredited)%'::text))
                                                                     Rows Removed by Filter: 12070685
                                                               ->  Hash  (cost=1.15..1.15 rows=1 width=4) (actual time=0.050..0.051 rows=1 loops=3)
                                                                     Buckets: 1024  Batches: 1  Memory Usage: 9kB
                                                                     ->  Seq Scan on role_type rt  (cost=0.00..1.15 rows=1 width=4) (actual time=0.036..0.039 rows=1 loops=3)
                                                                           Filter: ((role)::text = 'actor'::text)
                                                                           Rows Removed by Filter: 11
                     ->  Hash  (cost=1.04..1.04 rows=4 width=4) (actual time=0.065..0.065 rows=4 loops=3)
                           Buckets: 1024  Batches: 1  Memory Usage: 9kB
                           ->  Seq Scan on company_type ct  (cost=0.00..1.04 rows=4 width=4) (actual time=0.044..0.045 rows=4 loops=3)
 Planning Time: 8.227 ms
 Execution Time: 3963.784 ms
(46 rows)

execute /home/pei/Project/benchmarks/imdb_job-postgres/skinner_explained/10b.sql_explained.sql
SET
SET
                                                                                               QUERY PLAN                                                                                                
---------------------------------------------------------------------------------------------------------------------------------------------------------------------------------------------------------
 Finalize Aggregate  (cost=612898.77..612898.78 rows=1 width=64) (actual time=4391.697..4391.697 rows=1 loops=1)
   ->  Gather  (cost=612898.55..612898.76 rows=2 width=64) (actual time=4388.587..4443.751 rows=3 loops=1)
         Workers Planned: 2
         Workers Launched: 2
         ->  Partial Aggregate  (cost=611898.55..611898.56 rows=1 width=64) (actual time=4382.220..4382.220 rows=1 loops=3)
               ->  Hash Join  (cost=160692.60..611898.28 rows=55 width=33) (actual time=4382.213..4382.213 rows=0 loops=3)
                     Hash Cond: (mc.company_type_id = ct.id)
                     ->  Parallel Hash Join  (cost=160691.51..611896.89 rows=55 width=37) (actual time=4381.953..4382.032 rows=0 loops=3)
                           Hash Cond: (ci.person_role_id = chn.id)
                           ->  Hash Join  (cost=87135.83..530671.90 rows=115 width=25) (actual time=3390.339..3390.339 rows=0 loops=3)
                                 Hash Cond: (ci.role_id = rt.id)
                                 ->  Parallel Hash Join  (cost=87134.66..530665.85 rows=1377 width=29) (actual time=1883.170..3390.108 rows=871 loops=3)
                                       Hash Cond: (ci.movie_id = t.id)
                                       ->  Parallel Seq Scan on cast_info ci  (cost=0.00..441459.62 rows=551821 width=12) (actual time=306.060..2768.965 rows=478480 loops=3)
                                             Filter: ((note)::text ~~ '%(producer)%'::text)
                                             Rows Removed by Filter: 11602968
                                       ->  Parallel Hash  (cost=87121.90..87121.90 rows=1021 width=29) (actual time=567.760..567.760 rows=420 loops=3)
                                             Buckets: 4096  Batches: 1  Memory Usage: 128kB
                                             ->  Parallel Hash Join  (cost=37329.47..87121.90 rows=1021 width=29) (actual time=308.638..567.233 rows=420 loops=3)
                                                   Hash Cond: (t.id = mc.movie_id)
                                                   ->  Parallel Seq Scan on title t  (cost=0.00..49166.29 rows=165838 width=21) (actual time=0.017..242.329 rows=130555 loops=3)
                                                         Filter: (production_year > 2010)
                                                         Rows Removed by Filter: 712215
                                                   ->  Parallel Hash  (cost=37248.39..37248.39 rows=6486 width=8) (actual time=303.673..303.673 rows=2930 loops=3)
                                                         Buckets: 16384  Batches: 1  Memory Usage: 512kB
                                                         ->  Parallel Hash Join  (cost=4733.23..37248.39 rows=6486 width=8) (actual time=24.181..301.931 rows=2930 loops=3)
                                                               Hash Cond: (mc.company_id = cn.id)
                                                               ->  Parallel Seq Scan on movie_companies mc  (cost=0.00..29661.37 rows=1087137 width=12) (actual time=0.018..156.231 rows=869710 loops=3)
                                                               ->  Parallel Hash  (cost=4722.92..4722.92 rows=825 width=4) (actual time=23.610..23.611 rows=454 loops=3)
                                                                     Buckets: 2048  Batches: 1  Memory Usage: 112kB
                                                                     ->  Parallel Seq Scan on company_name cn  (cost=0.00..4722.92 rows=825 width=4) (actual time=0.061..23.099 rows=454 loops=3)
                                                                           Filter: ((country_code)::text = '[ru]'::text)
                                                                           Rows Removed by Filter: 77879
                                 ->  Hash  (cost=1.15..1.15 rows=1 width=4) (actual time=0.044..0.044 rows=1 loops=3)
                                       Buckets: 1024  Batches: 1  Memory Usage: 9kB
                                       ->  Seq Scan on role_type rt  (cost=0.00..1.15 rows=1 width=4) (actual time=0.040..0.042 rows=1 loops=3)
                                             Filter: ((role)::text = 'actor'::text)
                                             Rows Removed by Filter: 11
                           ->  Parallel Hash  (cost=49532.75..49532.75 rows=1308475 width=20) (actual time=633.239..633.239 rows=1046780 loops=3)
                                 Buckets: 65536  Batches: 64  Memory Usage: 3232kB
                                 ->  Parallel Seq Scan on char_name chn  (cost=0.00..49532.75 rows=1308475 width=20) (actual time=0.065..292.741 rows=1046780 loops=3)
                     ->  Hash  (cost=1.04..1.04 rows=4 width=4) (actual time=0.064..0.064 rows=4 loops=3)
                           Buckets: 1024  Batches: 1  Memory Usage: 9kB
                           ->  Seq Scan on company_type ct  (cost=0.00..1.04 rows=4 width=4) (actual time=0.038..0.040 rows=4 loops=3)
 Planning Time: 8.082 ms
 Execution Time: 4446.278 ms
(46 rows)

execute /home/pei/Project/benchmarks/imdb_job-postgres/skinner_explained/10c.sql_explained.sql
SET
SET
                                                                                          QUERY PLAN                                                                                           
-----------------------------------------------------------------------------------------------------------------------------------------------------------------------------------------------
 Finalize Aggregate  (cost=652016.30..652016.31 rows=1 width=64) (actual time=4982.828..4982.828 rows=1 loops=1)
   ->  Gather  (cost=652016.08..652016.29 rows=2 width=64) (actual time=4979.099..5074.014 rows=3 loops=1)
         Workers Planned: 2
         Workers Launched: 2
         ->  Partial Aggregate  (cost=651016.08..651016.09 rows=1 width=64) (actual time=4972.372..4972.372 rows=1 loops=3)
               ->  Hash Join  (cost=609518.31..650122.02 rows=178812 width=33) (actual time=4934.816..4972.334 rows=3 loops=3)
                     Hash Cond: (ci.role_id = rt.id)
                     ->  Hash Join  (cost=609517.04..649485.59 rows=178812 width=37) (actual time=4934.552..4972.069 rows=3 loops=3)
                           Hash Cond: (mc.company_type_id = ct.id)
                           ->  Parallel Hash Join  (cost=609515.95..648517.80 rows=178812 width=41) (actual time=4934.439..4971.953 rows=3 loops=3)
                                 Hash Cond: (mc.movie_id = t.id)
                                 ->  Parallel Hash Join  (cost=5350.78..37865.94 rows=395029 width=8) (actual time=31.754..400.299 rows=384599 loops=3)
                                       Hash Cond: (mc.company_id = cn.id)
                                       ->  Parallel Seq Scan on movie_companies mc  (cost=0.00..29661.37 rows=1087137 width=12) (actual time=0.007..161.218 rows=869710 loops=3)
                                       ->  Parallel Hash  (cost=4722.92..4722.92 rows=50229 width=4) (actual time=31.532..31.532 rows=28281 loops=3)
                                             Buckets: 131072  Batches: 1  Memory Usage: 4384kB
                                             ->  Parallel Seq Scan on company_name cn  (cost=0.00..4722.92 rows=50229 width=4) (actual time=0.033..19.551 rows=28281 loops=3)
                                                   Filter: ((country_code)::text = '[us]'::text)
                                                   Rows Removed by Filter: 50051
                                 ->  Parallel Hash  (cost=600222.44..600222.44 rows=185178 width=45) (actual time=4418.423..4418.423 rows=4 loops=3)
                                       Buckets: 65536  Batches: 16  Memory Usage: 576kB
                                       ->  Parallel Hash Join  (cost=136144.88..600222.44 rows=185178 width=45) (actual time=4332.533..4417.028 rows=4 loops=3)
                                             Hash Cond: (ci.movie_id = t.id)
                                             ->  Parallel Hash Join  (cost=73555.68..529520.84 rows=266824 width=24) (actual time=3599.876..3791.891 rows=5 loops=3)
                                                   Hash Cond: (ci.person_role_id = chn.id)
                                                   ->  Parallel Seq Scan on cast_info ci  (cost=0.00..441459.62 rows=551821 width=12) (actual time=337.617..2775.820 rows=478480 loops=3)
                                                         Filter: ((note)::text ~~ '%(producer)%'::text)
                                                         Rows Removed by Filter: 11602968
                                                   ->  Parallel Hash  (cost=49532.75..49532.75 rows=1308475 width=20) (actual time=628.555..628.555 rows=1046780 loops=3)
                                                         Buckets: 65536  Batches: 64  Memory Usage: 3232kB
                                                         ->  Parallel Seq Scan on char_name chn  (cost=0.00..49532.75 rows=1308475 width=20) (actual time=0.050..288.131 rows=1046780 loops=3)
                                             ->  Parallel Hash  (cost=49166.29..49166.29 rows=731112 width=21) (actual time=504.783..504.784 rows=583011 loops=3)
                                                   Buckets: 65536  Batches: 32  Memory Usage: 3648kB
                                                   ->  Parallel Seq Scan on title t  (cost=0.00..49166.29 rows=731112 width=21) (actual time=0.026..291.358 rows=583011 loops=3)
                                                         Filter: (production_year > 1990)
                                                         Rows Removed by Filter: 259760
                           ->  Hash  (cost=1.04..1.04 rows=4 width=4) (actual time=0.048..0.048 rows=4 loops=3)
                                 Buckets: 1024  Batches: 1  Memory Usage: 9kB
                                 ->  Seq Scan on company_type ct  (cost=0.00..1.04 rows=4 width=4) (actual time=0.036..0.037 rows=4 loops=3)
                     ->  Hash  (cost=1.12..1.12 rows=12 width=4) (actual time=0.058..0.058 rows=12 loops=3)
                           Buckets: 1024  Batches: 1  Memory Usage: 9kB
                           ->  Seq Scan on role_type rt  (cost=0.00..1.12 rows=12 width=4) (actual time=0.035..0.038 rows=12 loops=3)
 Planning Time: 7.875 ms
 Execution Time: 5074.694 ms
(44 rows)

execute /home/pei/Project/benchmarks/imdb_job-postgres/skinner_explained/11a.sql_explained.sql
SET
SET
                                                                                                        QUERY PLAN                                                                                                        
--------------------------------------------------------------------------------------------------------------------------------------------------------------------------------------------------------------------------
 Aggregate  (cost=25460.06..25460.07 rows=1 width=96) (actual time=340.102..340.102 rows=1 loops=1)
   ->  Gather  (cost=19952.24..25460.06 rows=1 width=118) (actual time=291.694..344.612 rows=310 loops=1)
         Workers Planned: 1
         Workers Launched: 1
         ->  Parallel Hash Join  (cost=18952.24..24459.96 rows=1 width=118) (actual time=290.038..334.423 rows=155 loops=2)
               Hash Cond: (cn.id = mc.company_id)
               ->  Parallel Seq Scan on company_name cn  (cost=0.00..5414.09 rows=24965 width=23) (actual time=0.021..47.073 rows=24151 loops=2)
                     Filter: (((country_code)::text <> '[pl]'::text) AND (((name)::text ~~ '%Film%'::text) OR ((name)::text ~~ '%Warner%'::text)))
                     Rows Removed by Filter: 93348
               ->  Parallel Hash  (cost=18952.23..18952.23 rows=1 width=103) (actual time=284.060..284.060 rows=332 loops=2)
                     Buckets: 1024  Batches: 1  Memory Usage: 104kB
                     ->  Hash Join  (cost=8687.12..18952.23 rows=1 width=103) (actual time=163.106..283.728 rows=332 loops=2)
                           Hash Cond: (mk.keyword_id = k.id)
                           ->  Merge Join  (cost=6060.98..16306.51 rows=7458 width=107) (actual time=102.945..250.944 rows=16065 loops=2)
                                 Merge Cond: (ml.movie_id = mk.movie_id)
                                 ->  Merge Join  (cost=6016.36..13086.62 rows=160 width=115) (actual time=102.854..213.565 rows=1397 loops=2)
                                       Merge Cond: (t.id = ml.movie_id)
                                       ->  Parallel Index Scan using title_pkey on title t  (cost=0.43..92601.00 rows=379985 width=21) (actual time=0.048..108.588 rows=26100 loops=2)
                                             Filter: ((production_year >= 1950) AND (production_year <= 2000))
                                             Rows Removed by Filter: 56295
                                       ->  Sort  (cost=6015.92..6018.59 rows=1065 width=94) (actual time=101.502..101.827 rows=4393 loops=2)
                                             Sort Key: mc.movie_id
                                             Sort Method: quicksort  Memory: 536kB
                                             Worker 0:  Sort Method: quicksort  Memory: 536kB
                                             ->  Hash Join  (cost=652.13..5962.37 rows=1065 width=94) (actual time=10.414..99.360 rows=4393 loops=2)
                                                   Hash Cond: (mc.company_type_id = ct.id)
                                                   ->  Merge Join  (cost=651.06..5938.28 rows=4260 width=98) (actual time=10.321..97.928 rows=5069 loops=2)
                                                         Merge Cond: (mc.movie_id = ml.movie_id)
                                                         ->  Index Scan using movie_id_movie_companies on movie_companies mc  (cost=0.43..131550.35 rows=1273429 width=12) (actual time=0.075..81.847 rows=49142 loops=2)
                                                               Filter: (note IS NULL)
                                                               Rows Removed by Filter: 50735
                                                         ->  Sort  (cost=650.63..654.80 rows=1666 width=86) (actual time=10.169..10.559 rows=5369 loops=2)
                                                               Sort Key: ml.movie_id
                                                               Sort Method: quicksort  Memory: 205kB
                                                               Worker 0:  Sort Method: quicksort  Memory: 205kB
                                                               ->  Hash Join  (cost=1.24..561.48 rows=1666 width=86) (actual time=0.140..8.970 rows=2315 loops=2)
                                                                     Hash Cond: (ml.link_type_id = lt.id)
                                                                     ->  Seq Scan on movie_link ml  (cost=0.00..462.97 rows=29997 width=8) (actual time=0.023..4.695 rows=29997 loops=2)
                                                                     ->  Hash  (cost=1.23..1.23 rows=1 width=86) (actual time=0.047..0.047 rows=2 loops=2)
                                                                           Buckets: 1024  Batches: 1  Memory Usage: 9kB
                                                                           ->  Seq Scan on link_type lt  (cost=0.00..1.23 rows=1 width=86) (actual time=0.030..0.036 rows=2 loops=2)
                                                                                 Filter: ((link)::text ~~ '%follow%'::text)
                                                                                 Rows Removed by Filter: 16
                                                   ->  Hash  (cost=1.05..1.05 rows=1 width=4) (actual time=0.046..0.046 rows=1 loops=2)
                                                         Buckets: 1024  Batches: 1  Memory Usage: 9kB
                                                         ->  Seq Scan on company_type ct  (cost=0.00..1.05 rows=1 width=4) (actual time=0.033..0.035 rows=1 loops=2)
                                                               Filter: ((kind)::text = 'production companies'::text)
                                                               Rows Removed by Filter: 3
                                 ->  Index Scan using movie_id_movie_keyword on movie_keyword mk  (cost=0.43..142057.13 rows=4523930 width=8) (actual time=0.020..25.639 rows=96539 loops=2)
                           ->  Hash  (cost=2626.12..2626.12 rows=1 width=4) (actual time=31.162..31.162 rows=1 loops=2)
                                 Buckets: 1024  Batches: 1  Memory Usage: 9kB
                                 ->  Seq Scan on keyword k  (cost=0.00..2626.12 rows=1 width=4) (actual time=1.399..31.141 rows=1 loops=2)
                                       Filter: ((keyword)::text = 'sequel'::text)
                                       Rows Removed by Filter: 134169
 Planning Time: 14.168 ms
 Execution Time: 345.609 ms
(56 rows)

execute /home/pei/Project/benchmarks/imdb_job-postgres/skinner_explained/11b.sql_explained.sql
SET
SET
                                                                                                         QUERY PLAN                                                                                                         
----------------------------------------------------------------------------------------------------------------------------------------------------------------------------------------------------------------------------
 Aggregate  (cost=37292.30..37292.31 rows=1 width=96) (actual time=632.549..632.550 rows=1 loops=1)
   ->  Hash Join  (cost=15626.08..37292.29 rows=1 width=118) (actual time=492.147..632.527 rows=14 loops=1)
         Hash Cond: (mk.keyword_id = k.id)
         ->  Merge Join  (cost=12999.94..34666.15 rows=1 width=122) (actual time=471.501..611.873 rows=56 loops=1)
               Merge Cond: (ml.movie_id = mk.movie_id)
               ->  Merge Join  (cost=12999.51..31520.71 rows=1 width=130) (actual time=444.765..585.110 rows=14 loops=1)
                     Merge Cond: (t.id = ml.movie_id)
                     ->  Gather Merge  (cost=1000.45..93601.60 rows=5 width=21) (actual time=351.873..581.829 rows=3 loops=1)
                           Workers Planned: 2
                           Workers Launched: 2
                           ->  Parallel Index Scan using title_pkey on title t  (cost=0.43..92601.00 rows=2 width=21) (actual time=157.859..515.897 rows=5 loops=3)
                                 Filter: (((title)::text ~~ '%Money%'::text) AND (production_year = 1998))
                                 Rows Removed by Filter: 394821
                     ->  Sort  (cost=11999.06..11999.54 rows=192 width=109) (actual time=92.838..92.869 rows=450 loops=1)
                           Sort Key: mc.movie_id
                           Sort Method: quicksort  Memory: 61kB
                           ->  Gather  (cost=7378.27..11991.77 rows=192 width=109) (actual time=67.832..94.035 rows=450 loops=1)
                                 Workers Planned: 2
                                 Workers Launched: 2
                                 ->  Hash Join  (cost=6378.27..10972.57 rows=80 width=109) (actual time=62.881..85.424 rows=150 loops=3)
                                       Hash Cond: (mc.company_type_id = ct.id)
                                       ->  Parallel Hash Join  (cost=6377.21..10969.78 rows=321 width=113) (actual time=62.686..85.182 rows=153 loops=3)
                                             Hash Cond: (mc.company_id = cn.id)
                                             ->  Merge Join  (cost=651.06..5238.97 rows=1775 width=98) (actual time=12.368..35.792 rows=692 loops=3)
                                                   Merge Cond: (mc.movie_id = ml.movie_id)
                                                   ->  Parallel Index Scan using movie_id_movie_companies on movie_companies mc  (cost=0.43..116330.44 rows=530595 width=12) (actual time=0.102..21.862 rows=16381 loops=3)
                                                         Filter: (note IS NULL)
                                                         Rows Removed by Filter: 16912
                                                   ->  Sort  (cost=650.63..654.80 rows=1666 width=86) (actual time=12.154..12.267 rows=1516 loops=3)
                                                         Sort Key: ml.movie_id
                                                         Sort Method: quicksort  Memory: 103kB
                                                         Worker 0:  Sort Method: quicksort  Memory: 103kB
                                                         Worker 1:  Sort Method: quicksort  Memory: 103kB
                                                         ->  Hash Join  (cost=1.24..561.48 rows=1666 width=86) (actual time=0.169..11.451 rows=1158 loops=3)
                                                               Hash Cond: (ml.link_type_id = lt.id)
                                                               ->  Seq Scan on movie_link ml  (cost=0.00..462.97 rows=29997 width=8) (actual time=0.045..7.304 rows=29997 loops=3)
                                                               ->  Hash  (cost=1.23..1.23 rows=1 width=86) (actual time=0.048..0.048 rows=1 loops=3)
                                                                     Buckets: 1024  Batches: 1  Memory Usage: 9kB
                                                                     ->  Seq Scan on link_type lt  (cost=0.00..1.23 rows=1 width=86) (actual time=0.031..0.036 rows=1 loops=3)
                                                                           Filter: ((link)::text ~~ '%follows%'::text)
                                                                           Rows Removed by Filter: 17
                                             ->  Parallel Hash  (cost=5414.09..5414.09 rows=24965 width=23) (actual time=48.061..48.061 rows=16101 loops=3)
                                                   Buckets: 65536  Batches: 1  Memory Usage: 3264kB
                                                   ->  Parallel Seq Scan on company_name cn  (cost=0.00..5414.09 rows=24965 width=23) (actual time=0.024..37.109 rows=16101 loops=3)
                                                         Filter: (((country_code)::text <> '[pl]'::text) AND (((name)::text ~~ '%Film%'::text) OR ((name)::text ~~ '%Warner%'::text)))
                                                         Rows Removed by Filter: 62232
                                       ->  Hash  (cost=1.05..1.05 rows=1 width=4) (actual time=0.068..0.068 rows=1 loops=3)
                                             Buckets: 1024  Batches: 1  Memory Usage: 9kB
                                             ->  Seq Scan on company_type ct  (cost=0.00..1.05 rows=1 width=4) (actual time=0.046..0.048 rows=1 loops=3)
                                                   Filter: ((kind)::text = 'production companies'::text)
                                                   Rows Removed by Filter: 3
               ->  Index Scan using movie_id_movie_keyword on movie_keyword mk  (cost=0.43..142057.13 rows=4523930 width=8) (actual time=0.032..19.648 rows=69469 loops=1)
         ->  Hash  (cost=2626.12..2626.12 rows=1 width=4) (actual time=20.584..20.584 rows=1 loops=1)
               Buckets: 1024  Batches: 1  Memory Usage: 9kB
               ->  Seq Scan on keyword k  (cost=0.00..2626.12 rows=1 width=4) (actual time=1.060..20.573 rows=1 loops=1)
                     Filter: ((keyword)::text = 'sequel'::text)
                     Rows Removed by Filter: 134169
 Planning Time: 13.633 ms
 Execution Time: 724.385 ms
(59 rows)

execute /home/pei/Project/benchmarks/imdb_job-postgres/skinner_explained/11c.sql_explained.sql
SET
SET
                                                                                                     QUERY PLAN                                                                                                     
--------------------------------------------------------------------------------------------------------------------------------------------------------------------------------------------------------------------
 Aggregate  (cost=26126.74..26126.75 rows=1 width=96) (actual time=606.411..606.411 rows=1 loops=1)
   ->  Hash Join  (cost=22974.01..26126.73 rows=1 width=60) (actual time=462.223..602.543 rows=6946 loops=1)
         Hash Cond: (ml.link_type_id = lt.id)
         ->  Hash Join  (cost=22972.60..26125.32 rows=1 width=64) (actual time=462.111..600.870 rows=6946 loops=1)
               Hash Cond: (mk.keyword_id = k.id)
               ->  Merge Join  (cost=20178.73..23330.26 rows=454 width=68) (actual time=242.939..493.538 rows=780776 loops=1)
                     Merge Cond: (mk.movie_id = ml.movie_id)
                     ->  Index Scan using movie_id_movie_keyword on movie_keyword mk  (cost=0.43..142057.13 rows=4523930 width=8) (actual time=0.047..23.012 rows=77819 loops=1)
                     ->  Sort  (cost=20178.30..20178.32 rows=10 width=76) (actual time=241.620..289.548 rows=780794 loops=1)
                           Sort Key: mc.movie_id
                           Sort Method: quicksort  Memory: 1609kB
                           ->  Gather  (cost=6420.11..20178.13 rows=10 width=76) (actual time=71.980..235.695 rows=8393 loops=1)
                                 Workers Planned: 2
                                 Workers Launched: 2
                                 ->  Hash Join  (cost=5420.11..19177.13 rows=4 width=76) (actual time=64.392..221.192 rows=2798 loops=3)
                                       Hash Cond: (mc.company_type_id = ct.id)
                                       ->  Parallel Hash Join  (cost=5419.02..19176.02 rows=5 width=80) (actual time=64.190..220.156 rows=2801 loops=3)
                                             Hash Cond: (mc.company_id = cn.id)
                                             ->  Merge Join  (cost=4.62..13682.01 rows=30328 width=65) (actual time=1.311..180.889 rows=34978 loops=3)
                                                   Merge Cond: (ml.movie_id = mc.movie_id)
                                                   ->  Merge Join  (cost=2.03..8120.68 rows=11307 width=29) (actual time=0.803..114.336 rows=9909 loops=3)
                                                         Merge Cond: (t.id = ml.movie_id)
                                                         ->  Parallel Index Scan using title_pkey on title t  (cost=0.43..89967.34 rows=952979 width=21) (actual time=0.098..95.635 rows=59309 loops=3)
                                                               Filter: (production_year > 1950)
                                                               Rows Removed by Filter: 2750
                                                         ->  Index Scan using movie_id_movie_link on movie_link ml  (cost=0.29..959.51 rows=29997 width=8) (actual time=0.066..8.522 rows=29997 loops=3)
                                                   ->  Index Scan using movie_id_movie_companies on movie_companies mc  (cost=0.43..131550.35 rows=1335700 width=36) (actual time=0.047..55.678 rows=77963 loops=3)
                                                         Filter: (note IS NOT NULL)
                                                         Rows Removed by Filter: 66967
                                             ->  Parallel Hash  (cost=5414.09..5414.09 rows=25 width=23) (actual time=34.297..34.298 rows=30 loops=3)
                                                   Buckets: 1024  Batches: 1  Memory Usage: 104kB
                                                   ->  Parallel Seq Scan on company_name cn  (cost=0.00..5414.09 rows=25 width=23) (actual time=0.395..34.169 rows=30 loops=3)
                                                         Filter: (((country_code)::text <> '[pl]'::text) AND (((name)::text ~~ '20th Century Fox%'::text) OR ((name)::text ~~ 'Twentieth Century Fox%'::text)))
                                                         Rows Removed by Filter: 78303
                                       ->  Hash  (cost=1.05..1.05 rows=3 width=4) (actual time=0.065..0.065 rows=3 loops=3)
                                             Buckets: 1024  Batches: 1  Memory Usage: 9kB
                                             ->  Seq Scan on company_type ct  (cost=0.00..1.05 rows=3 width=4) (actual time=0.044..0.047 rows=3 loops=3)
                                                   Filter: ((kind IS NOT NULL) AND ((kind)::text <> 'production companies'::text))
                                                   Rows Removed by Filter: 1
               ->  Hash  (cost=2793.84..2793.84 rows=3 width=4) (actual time=41.236..41.236 rows=3 loops=1)
                     Buckets: 1024  Batches: 1  Memory Usage: 9kB
                     ->  Seq Scan on keyword k  (cost=0.00..2793.84 rows=3 width=4) (actual time=1.573..41.219 rows=3 loops=1)
                           Filter: ((keyword)::text = ANY ('{sequel,revenge,based-on-novel}'::text[]))
                           Rows Removed by Filter: 134167
         ->  Hash  (cost=1.18..1.18 rows=18 width=4) (actual time=0.051..0.051 rows=18 loops=1)
               Buckets: 1024  Batches: 1  Memory Usage: 9kB
               ->  Seq Scan on link_type lt  (cost=0.00..1.18 rows=18 width=4) (actual time=0.034..0.036 rows=18 loops=1)
 Planning Time: 15.187 ms
 Execution Time: 607.658 ms
(49 rows)

execute /home/pei/Project/benchmarks/imdb_job-postgres/skinner_explained/11d.sql_explained.sql
SET
SET
                                                                                                      QUERY PLAN                                                                                                      
----------------------------------------------------------------------------------------------------------------------------------------------------------------------------------------------------------------------
 Aggregate  (cost=34220.63..34220.64 rows=1 width=96) (actual time=365.876..365.876 rows=1 loops=1)
   ->  Hash Join  (cost=26974.32..34220.25 rows=51 width=60) (actual time=254.277..360.348 rows=14899 loops=1)
         Hash Cond: (cn.id = mc.company_id)
         ->  Seq Scan on company_name cn  (cost=0.00..5932.46 rows=210072 width=23) (actual time=0.029..82.116 rows=210031 loops=1)
               Filter: ((country_code)::text <> '[pl]'::text)
               Rows Removed by Filter: 24966
         ->  Hash  (cost=26973.61..26973.61 rows=57 width=45) (actual time=254.151..254.151 rows=14916 loops=1)
               Buckets: 16384 (originally 1024)  Batches: 1 (originally 1)  Memory Usage: 1231kB
               ->  Hash Join  (cost=21742.73..26973.61 rows=57 width=45) (actual time=208.832..247.765 rows=14916 loops=1)
                     Hash Cond: (mc.company_type_id = ct.id)
                     ->  Merge Join  (cost=21741.65..26972.11 rows=76 width=49) (actual time=208.722..243.953 rows=15510 loops=1)
                           Merge Cond: (mc.movie_id = ml.movie_id)
                           ->  Index Scan using movie_id_movie_companies on movie_companies mc  (cost=0.43..131550.35 rows=1335700 width=36) (actual time=0.026..27.678 rows=42219 loops=1)
                                 Filter: (note IS NOT NULL)
                                 Rows Removed by Filter: 41437
                           ->  Sort  (cost=21741.22..21741.29 rows=28 width=29) (actual time=208.433..209.505 rows=15913 loops=1)
                                 Sort Key: mk.movie_id
                                 Sort Method: quicksort  Memory: 159kB
                                 ->  Gather  (cost=3836.65..21740.54 rows=28 width=29) (actual time=40.911..207.762 rows=1460 loops=1)
                                       Workers Planned: 2
                                       Workers Launched: 2
                                       ->  Hash Join  (cost=2836.65..20737.74 rows=12 width=29) (actual time=36.410..197.321 rows=487 loops=3)
                                             Hash Cond: (ml.link_type_id = lt.id)
                                             ->  Hash Join  (cost=2835.24..20736.30 rows=12 width=33) (actual time=36.200..196.959 rows=487 loops=3)
                                                   Hash Cond: (mk.keyword_id = k.id)
                                                   ->  Merge Join  (cost=41.37..16560.07 rows=526594 width=37) (actual time=0.667..161.695 rows=95464 loops=3)
                                                         Merge Cond: (ml.movie_id = mk.movie_id)
                                                         ->  Merge Join  (cost=2.03..8120.68 rows=11307 width=29) (actual time=0.384..95.766 rows=9909 loops=3)
                                                               Merge Cond: (t.id = ml.movie_id)
                                                               ->  Parallel Index Scan using title_pkey on title t  (cost=0.43..89967.34 rows=952979 width=21) (actual time=0.029..79.054 rows=59309 loops=3)
                                                                     Filter: (production_year > 1950)
                                                                     Rows Removed by Filter: 2750
                                                               ->  Index Scan using movie_id_movie_link on movie_link ml  (cost=0.29..959.51 rows=29997 width=8) (actual time=0.058..6.897 rows=29997 loops=3)
                                                         ->  Index Scan using movie_id_movie_keyword on movie_keyword mk  (cost=0.43..142057.13 rows=4523930 width=8) (actual time=0.064..36.947 rows=175267 loops=3)
                                                   ->  Hash  (cost=2793.84..2793.84 rows=3 width=4) (actual time=26.355..26.355 rows=3 loops=3)
                                                         Buckets: 1024  Batches: 1  Memory Usage: 9kB
                                                         ->  Seq Scan on keyword k  (cost=0.00..2793.84 rows=3 width=4) (actual time=1.081..26.340 rows=3 loops=3)
                                                               Filter: ((keyword)::text = ANY ('{sequel,revenge,based-on-novel}'::text[]))
                                                               Rows Removed by Filter: 134167
                                             ->  Hash  (cost=1.18..1.18 rows=18 width=4) (actual time=0.068..0.068 rows=18 loops=3)
                                                   Buckets: 1024  Batches: 1  Memory Usage: 9kB
                                                   ->  Seq Scan on link_type lt  (cost=0.00..1.18 rows=18 width=4) (actual time=0.045..0.048 rows=18 loops=3)
                     ->  Hash  (cost=1.05..1.05 rows=3 width=4) (actual time=0.057..0.058 rows=3 loops=1)
                           Buckets: 1024  Batches: 1  Memory Usage: 9kB
                           ->  Seq Scan on company_type ct  (cost=0.00..1.05 rows=3 width=4) (actual time=0.036..0.038 rows=3 loops=1)
                                 Filter: ((kind IS NOT NULL) AND ((kind)::text <> 'production companies'::text))
                                 Rows Removed by Filter: 1
 Planning Time: 13.229 ms
 Execution Time: 366.852 ms
(49 rows)

execute /home/pei/Project/benchmarks/imdb_job-postgres/skinner_explained/12a.sql_explained.sql
SET
SET
                                                                                                     QUERY PLAN                                                                                                      
---------------------------------------------------------------------------------------------------------------------------------------------------------------------------------------------------------------------
 Finalize Aggregate  (cost=346907.90..346907.91 rows=1 width=96) (actual time=3516.979..3516.979 rows=1 loops=1)
   ->  Gather  (cost=346907.78..346907.89 rows=1 width=96) (actual time=3516.679..3522.199 rows=2 loops=1)
         Workers Planned: 1
         Workers Launched: 1
         ->  Partial Aggregate  (cost=345907.78..345907.79 rows=1 width=96) (actual time=3511.184..3511.194 rows=1 loops=2)
               ->  Hash Join  (cost=340996.48..345907.77 rows=1 width=41) (actual time=3462.812..3510.905 rows=198 loops=2)
                     Hash Cond: (mc.company_type_id = ct.id)
                     ->  Parallel Hash Join  (cost=340995.42..345906.71 rows=1 width=45) (actual time=3462.571..3510.526 rows=354 loops=2)
                           Hash Cond: (cn.id = mc.company_id)
                           ->  Parallel Seq Scan on company_name cn  (cost=0.00..4722.92 rows=50229 width=23) (actual time=0.039..42.047 rows=42422 loops=2)
                                 Filter: ((country_code)::text = '[us]'::text)
                                 Rows Removed by Filter: 75077
                           ->  Parallel Hash  (cost=340995.41..340995.41 rows=1 width=30) (actual time=3462.053..3462.053 rows=967 loops=2)
                                 Buckets: 2048 (originally 1024)  Batches: 1 (originally 1)  Memory Usage: 184kB
                                 ->  Parallel Hash Join  (cost=307257.26..340995.41 rows=1 width=30) (actual time=2916.874..3317.793 rows=967 loops=2)
                                       Hash Cond: (mc.movie_id = t.id)
                                       ->  Parallel Seq Scan on movie_companies mc  (cost=0.00..29661.37 rows=1087137 width=12) (actual time=0.012..231.874 rows=1304564 loops=2)
                                       ->  Parallel Hash  (cost=307257.25..307257.25 rows=1 width=34) (actual time=2911.801..2911.801 rows=278 loops=2)
                                             Buckets: 1024  Batches: 1  Memory Usage: 72kB
                                             ->  Parallel Hash Join  (cost=254758.25..307257.25 rows=1 width=34) (actual time=2518.005..2911.361 rows=278 loops=2)
                                                   Hash Cond: (t.id = mi.movie_id)
                                                   ->  Parallel Seq Scan on title t  (cost=0.00..51799.95 rows=186410 width=21) (actual time=0.030..372.498 rows=222930 loops=2)
                                                         Filter: ((production_year >= 2005) AND (production_year <= 2008))
                                                         Rows Removed by Filter: 1041226
                                                   ->  Parallel Hash  (cost=254758.24..254758.24 rows=1 width=13) (actual time=2504.375..2504.375 rows=972 loops=2)
                                                         Buckets: 2048 (originally 1024)  Batches: 1 (originally 1)  Memory Usage: 152kB
                                                         ->  Parallel Hash Join  (cost=15184.50..254758.24 rows=1 width=13) (actual time=2127.114..2406.594 rows=972 loops=2)
                                                               Hash Cond: (mi.movie_id = mi_idx.movie_id)
                                                               ->  Hash Join  (cost=2.43..239572.30 rows=1028 width=4) (actual time=1906.110..2164.999 rows=136360 loops=2)
                                                                     Hash Cond: (mi.info_type_id = it1.id)
                                                                     ->  Parallel Seq Scan on movie_info mi  (cost=0.00..239253.38 rows=116213 width=8) (actual time=1322.273..2130.533 rows=137322 loops=2)
                                                                           Filter: ((info)::text = ANY ('{Drama,Horror}'::text[]))
                                                                           Rows Removed by Filter: 7280538
                                                                     ->  Hash  (cost=2.41..2.41 rows=1 width=4) (actual time=0.049..0.050 rows=1 loops=2)
                                                                           Buckets: 1024  Batches: 1  Memory Usage: 9kB
                                                                           ->  Seq Scan on info_type it1  (cost=0.00..2.41 rows=1 width=4) (actual time=0.016..0.028 rows=1 loops=2)
                                                                                 Filter: ((info)::text = 'genres'::text)
                                                                                 Rows Removed by Filter: 112
                                                               ->  Parallel Hash  (cost=15179.85..15179.85 rows=178 width=9) (actual time=220.748..220.748 rows=7924 loops=2)
                                                                     Buckets: 16384 (originally 1024)  Batches: 1 (originally 1)  Memory Usage: 888kB
                                                                     ->  Hash Join  (cost=2.43..15179.85 rows=178 width=9) (actual time=0.269..197.107 rows=7924 loops=2)
                                                                           Hash Cond: (mi_idx.info_type_id = it2.id)
                                                                           ->  Parallel Seq Scan on movie_info_idx mi_idx  (cost=0.00..15122.68 rows=20101 width=13) (actual time=0.062..190.824 rows=26824 loops=2)
                                                                                 Filter: ((info)::text > '8.0'::text)
                                                                                 Rows Removed by Filter: 663193
                                                                           ->  Hash  (cost=2.41..2.41 rows=1 width=4) (actual time=0.046..0.046 rows=1 loops=2)
                                                                                 Buckets: 1024  Batches: 1  Memory Usage: 9kB
                                                                                 ->  Seq Scan on info_type it2  (cost=0.00..2.41 rows=1 width=4) (actual time=0.033..0.036 rows=1 loops=2)
                                                                                       Filter: ((info)::text = 'rating'::text)
                                                                                       Rows Removed by Filter: 112
                     ->  Hash  (cost=1.05..1.05 rows=1 width=4) (actual time=0.061..0.061 rows=1 loops=2)
                           Buckets: 1024  Batches: 1  Memory Usage: 9kB
                           ->  Seq Scan on company_type ct  (cost=0.00..1.05 rows=1 width=4) (actual time=0.043..0.045 rows=1 loops=2)
                                 Filter: ((kind)::text = 'production companies'::text)
                                 Rows Removed by Filter: 3
 Planning Time: 14.707 ms
 Execution Time: 3522.924 ms
(57 rows)

execute /home/pei/Project/benchmarks/imdb_job-postgres/skinner_explained/12b.sql_explained.sql
SET
SET
                                                                                                QUERY PLAN                                                                                                
----------------------------------------------------------------------------------------------------------------------------------------------------------------------------------------------------------
 Finalize Aggregate  (cost=348978.79..348978.80 rows=1 width=64) (actual time=3737.276..3737.277 rows=1 loops=1)
   ->  Gather  (cost=348978.68..348978.79 rows=1 width=64) (actual time=3736.983..3742.162 rows=2 loops=1)
         Workers Planned: 1
         Workers Launched: 1
         ->  Partial Aggregate  (cost=347978.68..347978.69 rows=1 width=64) (actual time=3731.555..3731.555 rows=1 loops=2)
               ->  Parallel Hash Join  (cost=343067.38..347978.67 rows=1 width=60) (actual time=3717.299..3731.525 rows=5 loops=2)
                     Hash Cond: (cn.id = mc.company_id)
                     ->  Parallel Seq Scan on company_name cn  (cost=0.00..4722.92 rows=50229 width=4) (actual time=0.018..25.262 rows=42422 loops=2)
                           Filter: ((country_code)::text = '[us]'::text)
                           Rows Removed by Filter: 75077
                     ->  Parallel Hash  (cost=343067.37..343067.37 rows=1 width=64) (actual time=3701.613..3701.613 rows=16 loops=2)
                           Buckets: 1024  Batches: 1  Memory Usage: 40kB
                           ->  Parallel Hash Join  (cost=102227.57..343067.37 rows=1 width=64) (actual time=3204.969..3701.535 rows=16 loops=2)
                                 Hash Cond: (mi.movie_id = t.id)
                                 ->  Hash Join  (cost=2.43..240637.08 rows=54704 width=47) (actual time=1506.547..2604.863 rows=60932 loops=2)
                                       Hash Cond: (mi.info_type_id = it1.id)
                                       ->  Parallel Seq Scan on movie_info mi  (cost=0.00..223799.50 rows=6181550 width=51) (actual time=0.038..1668.765 rows=7417860 loops=2)
                                       ->  Hash  (cost=2.41..2.41 rows=1 width=4) (actual time=0.043..0.043 rows=1 loops=2)
                                             Buckets: 1024  Batches: 1  Memory Usage: 9kB
                                             ->  Seq Scan on info_type it1  (cost=0.00..2.41 rows=1 width=4) (actual time=0.021..0.023 rows=1 loops=2)
                                                   Filter: ((info)::text = 'budget'::text)
                                                   Rows Removed by Filter: 112
                                 ->  Parallel Hash  (cost=102225.13..102225.13 rows=1 width=33) (actual time=1090.412..1090.412 rows=16 loops=2)
                                       Buckets: 1024  Batches: 1  Memory Usage: 40kB
                                       ->  Parallel Hash Join  (cost=86954.86..102225.13 rows=1 width=33) (actual time=1090.357..1090.366 rows=16 loops=2)
                                             Hash Cond: (mi_idx.movie_id = t.id)
                                             ->  Hash Join  (cost=2.43..15253.60 rows=5089 width=4) (actual time=199.990..199.992 rows=5 loops=2)
                                                   Hash Cond: (mi_idx.info_type_id = it2.id)
                                                   ->  Parallel Seq Scan on movie_info_idx mi_idx  (cost=0.00..13685.15 rows=575015 width=8) (actual time=0.019..116.337 rows=690018 loops=2)
                                                   ->  Hash  (cost=2.41..2.41 rows=1 width=4) (actual time=0.053..0.053 rows=1 loops=2)
                                                         Buckets: 1024  Batches: 1  Memory Usage: 9kB
                                                         ->  Seq Scan on info_type it2  (cost=0.00..2.41 rows=1 width=4) (actual time=0.041..0.042 rows=1 loops=2)
                                                               Filter: ((info)::text = 'bottom 10 rank'::text)
                                                               Rows Removed by Filter: 112
                                             ->  Parallel Hash  (cost=86951.75..86951.75 rows=55 width=29) (actual time=890.292..890.292 rows=1984 loops=2)
                                                   Buckets: 4096 (originally 1024)  Batches: 1 (originally 1)  Memory Usage: 376kB
                                                   ->  Hash Join  (cost=54436.04..86951.75 rows=55 width=29) (actual time=457.112..883.155 rows=1984 loops=2)
                                                         Hash Cond: (mc.company_type_id = ct.id)
                                                         ->  Parallel Hash Join  (cost=54434.96..86950.06 rows=111 width=33) (actual time=456.980..882.147 rows=1984 loops=2)
                                                               Hash Cond: (mc.movie_id = t.id)
                                                               ->  Parallel Seq Scan on movie_companies mc  (cost=0.00..29661.37 rows=1087137 width=12) (actual time=0.006..236.379 rows=1304564 loops=2)
                                                               ->  Parallel Hash  (cost=54433.61..54433.61 rows=108 width=21) (actual time=456.133..456.133 rows=1268 loops=2)
                                                                     Buckets: 2048 (originally 1024)  Batches: 1 (originally 1)  Memory Usage: 216kB
                                                                     ->  Parallel Seq Scan on title t  (cost=0.00..54433.61 rows=108 width=21) (actual time=0.682..453.411 rows=1268 loops=2)
                                                                           Filter: ((production_year > 2000) AND (((title)::text ~~ 'Birdemic%'::text) OR ((title)::text ~~ '%Movie%'::text)))
                                                                           Rows Removed by Filter: 1262888
                                                         ->  Hash  (cost=1.06..1.06 rows=2 width=4) (actual time=0.066..0.067 rows=2 loops=2)
                                                               Buckets: 1024  Batches: 1  Memory Usage: 9kB
                                                               ->  Seq Scan on company_type ct  (cost=0.00..1.06 rows=2 width=4) (actual time=0.045..0.047 rows=2 loops=2)
                                                                     Filter: ((kind IS NOT NULL) AND (((kind)::text = 'production companies'::text) OR ((kind)::text = 'distributors'::text)))
                                                                     Rows Removed by Filter: 2
 Planning Time: 13.990 ms
 Execution Time: 3742.949 ms
(53 rows)

execute /home/pei/Project/benchmarks/imdb_job-postgres/skinner_explained/12c.sql_explained.sql
SET
SET
                                                                                                     QUERY PLAN                                                                                                      
---------------------------------------------------------------------------------------------------------------------------------------------------------------------------------------------------------------------
 Finalize Aggregate  (cost=363505.12..363505.13 rows=1 width=96) (actual time=3857.329..3857.330 rows=1 loops=1)
   ->  Gather  (cost=363505.00..363505.11 rows=1 width=96) (actual time=3856.722..3862.285 rows=2 loops=1)
         Workers Planned: 1
         Workers Launched: 1
         ->  Partial Aggregate  (cost=362505.00..362505.01 rows=1 width=96) (actual time=3851.407..3851.408 rows=1 loops=2)
               ->  Parallel Hash Join  (cost=357593.71..362504.99 rows=1 width=41) (actual time=3817.505..3850.056 rows=2356 loops=2)
                     Hash Cond: (cn.id = mc.company_id)
                     ->  Parallel Seq Scan on company_name cn  (cost=0.00..4722.92 rows=50229 width=23) (actual time=0.011..25.524 rows=42422 loops=2)
                           Filter: ((country_code)::text = '[us]'::text)
                           Rows Removed by Filter: 75077
                     ->  Parallel Hash  (cost=357593.68..357593.68 rows=2 width=26) (actual time=3816.871..3816.871 rows=7768 loops=2)
                           Buckets: 16384 (originally 1024)  Batches: 1 (originally 1)  Memory Usage: 1208kB
                           ->  Hash Join  (cost=323855.49..357593.68 rows=2 width=26) (actual time=3580.751..3792.160 rows=7768 loops=2)
                                 Hash Cond: (mc.company_type_id = ct.id)
                                 ->  Parallel Hash Join  (cost=323854.42..357592.57 rows=10 width=30) (actual time=3355.787..3787.758 rows=22503 loops=2)
                                       Hash Cond: (mc.movie_id = t.id)
                                       ->  Parallel Seq Scan on movie_companies mc  (cost=0.00..29661.37 rows=1087137 width=12) (actual time=0.012..231.666 rows=1304564 loops=2)
                                       ->  Parallel Hash  (cost=323854.40..323854.40 rows=2 width=34) (actual time=3355.560..3355.560 rows=3982 loops=2)
                                             Buckets: 8192 (originally 1024)  Batches: 1 (originally 1)  Memory Usage: 696kB
                                             ->  Parallel Hash Join  (cost=270431.08..323854.40 rows=2 width=34) (actual time=2879.123..3345.437 rows=3982 loops=2)
                                                   Hash Cond: (t.id = mi.movie_id)
                                                   ->  Parallel Seq Scan on title t  (cost=0.00..51799.95 rows=432897 width=21) (actual time=0.028..390.541 rows=521400 loops=2)
                                                         Filter: ((production_year >= 2000) AND (production_year <= 2010))
                                                         Rows Removed by Filter: 742756
                                                   ->  Parallel Hash  (cost=270431.01..270431.01 rows=5 width=13) (actual time=2878.372..2878.373 rows=11094 loops=2)
                                                         Buckets: 32768 (originally 1024)  Batches: 1 (originally 1)  Memory Usage: 1592kB
                                                         ->  Parallel Hash Join  (cost=15354.10..270431.01 rows=5 width=13) (actual time=2496.971..2846.963 rows=11094 loops=2)
                                                               Hash Cond: (mi.movie_id = mi_idx.movie_id)
                                                               ->  Hash Join  (cost=2.43..255074.87 rows=1187 width=4) (actual time=2235.073..2547.189 rows=162628 loops=2)
                                                                     Hash Cond: (mi.info_type_id = it1.id)
                                                                     ->  Parallel Seq Scan on movie_info mi  (cost=0.00..254707.25 rows=134092 width=8) (actual time=1554.819..2506.562 rows=163656 loops=2)
                                                                           Filter: ((info)::text = ANY ('{Drama,Horror,Western,Family}'::text[]))
                                                                           Rows Removed by Filter: 7254204
                                                                     ->  Hash  (cost=2.41..2.41 rows=1 width=4) (actual time=0.049..0.049 rows=1 loops=2)
                                                                           Buckets: 1024  Batches: 1  Memory Usage: 9kB
                                                                           ->  Seq Scan on info_type it1  (cost=0.00..2.41 rows=1 width=4) (actual time=0.016..0.029 rows=1 loops=2)
                                                                                 Filter: ((info)::text = 'genres'::text)
                                                                                 Rows Removed by Filter: 112
                                                               ->  Parallel Hash  (cost=15342.82..15342.82 rows=708 width=9) (actual time=261.793..261.793 rows=60786 loops=2)
                                                                     Buckets: 131072 (originally 2048)  Batches: 1 (originally 1)  Memory Usage: 6832kB
                                                                     ->  Hash Join  (cost=2.43..15342.82 rows=708 width=9) (actual time=0.160..222.820 rows=60786 loops=2)
                                                                           Hash Cond: (mi_idx.info_type_id = it2.id)
                                                                           ->  Parallel Seq Scan on movie_info_idx mi_idx  (cost=0.00..15122.68 rows=79942 width=13) (actual time=0.057..201.236 rows=96948 loops=2)
                                                                                 Filter: ((info)::text > '7.0'::text)
                                                                                 Rows Removed by Filter: 593070
                                                                           ->  Hash  (cost=2.41..2.41 rows=1 width=4) (actual time=0.044..0.044 rows=1 loops=2)
                                                                                 Buckets: 1024  Batches: 1  Memory Usage: 9kB
                                                                                 ->  Seq Scan on info_type it2  (cost=0.00..2.41 rows=1 width=4) (actual time=0.032..0.035 rows=1 loops=2)
                                                                                       Filter: ((info)::text = 'rating'::text)
                                                                                       Rows Removed by Filter: 112
                                 ->  Hash  (cost=1.05..1.05 rows=1 width=4) (actual time=0.061..0.061 rows=1 loops=2)
                                       Buckets: 1024  Batches: 1  Memory Usage: 9kB
                                       ->  Seq Scan on company_type ct  (cost=0.00..1.05 rows=1 width=4) (actual time=0.044..0.046 rows=1 loops=2)
                                             Filter: ((kind)::text = 'production companies'::text)
                                             Rows Removed by Filter: 3
 Planning Time: 13.890 ms
 Execution Time: 3863.122 ms
(57 rows)

execute /home/pei/Project/benchmarks/imdb_job-postgres/skinner_explained/13a.sql_explained.sql
SET
SET
                                                                                                  QUERY PLAN                                                                                                   
---------------------------------------------------------------------------------------------------------------------------------------------------------------------------------------------------------------
 Finalize Aggregate  (cost=345137.34..345137.35 rows=1 width=96) (actual time=3350.867..3350.868 rows=1 loops=1)
   ->  Gather  (cost=345137.12..345137.33 rows=2 width=96) (actual time=3346.048..3367.381 rows=3 loops=1)
         Workers Planned: 2
         Workers Launched: 2
         ->  Partial Aggregate  (cost=344137.12..344137.13 rows=1 width=96) (actual time=3338.921..3338.921 rows=1 loops=3)
               ->  Hash Join  (cost=293653.26..344137.03 rows=11 width=65) (actual time=3154.905..3322.826 rows=37034 loops=3)
                     Hash Cond: (t.kind_id = kt.id)
                     ->  Parallel Hash Join  (cost=293652.16..344135.60 rows=79 width=69) (actual time=2935.235..3312.020 rows=44730 loops=3)
                           Hash Cond: (t.id = mi.movie_id)
                           ->  Parallel Seq Scan on title t  (cost=0.00..46532.63 rows=1053463 width=25) (actual time=0.015..221.145 rows=842771 loops=3)
                           ->  Parallel Hash  (cost=293651.17..293651.17 rows=79 width=60) (actual time=2934.371..2934.371 rows=44730 loops=3)
                                 Buckets: 262144 (originally 1024)  Batches: 1 (originally 1)  Memory Usage: 13880kB
                                 ->  Parallel Hash Join  (cost=52811.08..293651.17 rows=79 width=60) (actual time=1199.352..2843.769 rows=44730 loops=3)
                                       Hash Cond: (mi.movie_id = mc.movie_id)
                                       ->  Hash Join  (cost=2.43..240637.08 rows=54704 width=47) (actual time=471.184..1980.521 rows=1012240 loops=3)
                                             Hash Cond: (mi.info_type_id = it2.id)
                                             ->  Parallel Seq Scan on movie_info mi  (cost=0.00..223799.50 rows=6181550 width=51) (actual time=0.057..1207.372 rows=4945240 loops=3)
                                             ->  Hash  (cost=2.41..2.41 rows=1 width=4) (actual time=0.032..0.032 rows=1 loops=3)
                                                   Buckets: 1024  Batches: 1  Memory Usage: 9kB
                                                   ->  Seq Scan on info_type it2  (cost=0.00..2.41 rows=1 width=4) (actual time=0.019..0.030 rows=1 loops=3)
                                                         Filter: ((info)::text = 'release dates'::text)
                                                         Rows Removed by Filter: 112
                                       ->  Parallel Hash  (cost=52805.23..52805.23 rows=274 width=13) (actual time=726.577..726.577 rows=10503 loops=3)
                                             Buckets: 32768 (originally 1024)  Batches: 1 (originally 1)  Memory Usage: 2040kB
                                             ->  Hash Join  (cost=20112.16..52805.23 rows=274 width=13) (actual time=649.515..698.941 rows=10503 loops=3)
                                                   Hash Cond: (mc.company_type_id = ct.id)
                                                   ->  Parallel Hash Join  (cost=20111.09..52798.24 rows=1095 width=17) (actual time=647.999..694.783 rows=27966 loops=3)
                                                         Hash Cond: (mc.movie_id = miidx.movie_id)
                                                         ->  Parallel Hash Join  (cost=4793.88..37309.04 rows=44647 width=8) (actual time=24.214..329.528 rows=49377 loops=3)
                                                               Hash Cond: (mc.company_id = cn.id)
                                                               ->  Parallel Seq Scan on movie_companies mc  (cost=0.00..29661.37 rows=1087137 width=12) (actual time=0.016..168.108 rows=869710 loops=3)
                                                               ->  Parallel Hash  (cost=4722.92..4722.92 rows=5677 width=4) (actual time=23.974..23.974 rows=3258 loops=3)
                                                                     Buckets: 16384  Batches: 1  Memory Usage: 576kB
                                                                     ->  Parallel Seq Scan on company_name cn  (cost=0.00..4722.92 rows=5677 width=4) (actual time=0.031..21.724 rows=3258 loops=3)
                                                                           Filter: ((country_code)::text = '[de]'::text)
                                                                           Rows Removed by Filter: 75074
                                                         ->  Parallel Hash  (cost=15253.60..15253.60 rows=5089 width=9) (actual time=292.460..292.460 rows=153308 loops=3)
                                                               Buckets: 131072 (originally 16384)  Batches: 8 (originally 1)  Memory Usage: 3328kB
                                                               ->  Hash Join  (cost=2.43..15253.60 rows=5089 width=9) (actual time=0.163..167.742 rows=153308 loops=3)
                                                                     Hash Cond: (miidx.info_type_id = it.id)
                                                                     ->  Parallel Seq Scan on movie_info_idx miidx  (cost=0.00..13685.15 rows=575015 width=13) (actual time=0.046..81.244 rows=460012 loops=3)
                                                                     ->  Hash  (cost=2.41..2.41 rows=1 width=4) (actual time=0.053..0.053 rows=1 loops=3)
                                                                           Buckets: 1024  Batches: 1  Memory Usage: 9kB
                                                                           ->  Seq Scan on info_type it  (cost=0.00..2.41 rows=1 width=4) (actual time=0.038..0.040 rows=1 loops=3)
                                                                                 Filter: ((info)::text = 'rating'::text)
                                                                                 Rows Removed by Filter: 112
                                                   ->  Hash  (cost=1.05..1.05 rows=1 width=4) (actual time=0.057..0.057 rows=1 loops=3)
                                                         Buckets: 1024  Batches: 1  Memory Usage: 9kB
                                                         ->  Seq Scan on company_type ct  (cost=0.00..1.05 rows=1 width=4) (actual time=0.043..0.045 rows=1 loops=3)
                                                               Filter: ((kind)::text = 'production companies'::text)
                                                               Rows Removed by Filter: 3
                     ->  Hash  (cost=1.09..1.09 rows=1 width=4) (actual time=0.065..0.065 rows=1 loops=3)
                           Buckets: 1024  Batches: 1  Memory Usage: 9kB
                           ->  Seq Scan on kind_type kt  (cost=0.00..1.09 rows=1 width=4) (actual time=0.040..0.042 rows=1 loops=3)
                                 Filter: ((kind)::text = 'movie'::text)
                                 Rows Removed by Filter: 6
 Planning Time: 20.139 ms
 Execution Time: 3369.793 ms
(58 rows)

execute /home/pei/Project/benchmarks/imdb_job-postgres/skinner_explained/13b.sql_explained.sql
SET
SET
                                                                                                   QUERY PLAN                                                                                                   
----------------------------------------------------------------------------------------------------------------------------------------------------------------------------------------------------------------
 Finalize Aggregate  (cost=348980.78..348980.79 rows=1 width=96) (actual time=4202.818..4202.818 rows=1 loops=1)
   ->  Gather  (cost=348980.66..348980.77 rows=1 width=96) (actual time=4202.576..4208.590 rows=2 loops=1)
         Workers Planned: 1
         Workers Launched: 1
         ->  Partial Aggregate  (cost=347980.66..347980.67 rows=1 width=96) (actual time=4197.051..4197.052 rows=1 loops=2)
               ->  Parallel Hash Join  (cost=343069.37..347980.65 rows=1 width=41) (actual time=4167.246..4196.913 rows=186 loops=2)
                     Hash Cond: (cn.id = mc.company_id)
                     ->  Parallel Seq Scan on company_name cn  (cost=0.00..4722.92 rows=50229 width=23) (actual time=0.023..25.570 rows=42422 loops=2)
                           Filter: ((country_code)::text = '[us]'::text)
                           Rows Removed by Filter: 75077
                     ->  Parallel Hash  (cost=343069.35..343069.35 rows=1 width=26) (actual time=4166.344..4166.344 rows=313 loops=2)
                           Buckets: 1024  Batches: 1  Memory Usage: 72kB
                           ->  Parallel Hash Join  (cost=102229.55..343069.35 rows=1 width=26) (actual time=2415.080..4166.130 rows=313 loops=2)
                                 Hash Cond: (mi.movie_id = t.id)
                                 ->  Hash Join  (cost=2.43..240637.08 rows=54704 width=4) (actual time=661.252..2724.279 rows=1518360 loops=2)
                                       Hash Cond: (mi.info_type_id = it2.id)
                                       ->  Parallel Seq Scan on movie_info mi  (cost=0.00..223799.50 rows=6181550 width=8) (actual time=0.035..1610.101 rows=7417860 loops=2)
                                       ->  Hash  (cost=2.41..2.41 rows=1 width=4) (actual time=0.035..0.035 rows=1 loops=2)
                                             Buckets: 1024  Batches: 1  Memory Usage: 9kB
                                             ->  Seq Scan on info_type it2  (cost=0.00..2.41 rows=1 width=4) (actual time=0.013..0.024 rows=1 loops=2)
                                                   Filter: ((info)::text = 'release dates'::text)
                                                   Rows Removed by Filter: 112
                                 ->  Parallel Hash  (cost=102227.11..102227.11 rows=1 width=38) (actual time=1295.268..1295.268 rows=58 loops=2)
                                       Buckets: 1024  Batches: 1  Memory Usage: 72kB
                                       ->  Parallel Hash Join  (cost=86956.85..102227.11 rows=1 width=38) (actual time=1145.051..1295.177 rows=58 loops=2)
                                             Hash Cond: (miidx.movie_id = t.id)
                                             ->  Hash Join  (cost=2.43..15253.60 rows=5089 width=9) (actual time=0.170..235.575 rows=229962 loops=2)
                                                   Hash Cond: (miidx.info_type_id = it.id)
                                                   ->  Parallel Seq Scan on movie_info_idx miidx  (cost=0.00..13685.15 rows=575015 width=13) (actual time=0.051..112.550 rows=690018 loops=2)
                                                   ->  Hash  (cost=2.41..2.41 rows=1 width=4) (actual time=0.050..0.050 rows=1 loops=2)
                                                         Buckets: 1024  Batches: 1  Memory Usage: 9kB
                                                         ->  Seq Scan on info_type it  (cost=0.00..2.41 rows=1 width=4) (actual time=0.035..0.038 rows=1 loops=2)
                                                               Filter: ((info)::text = 'rating'::text)
                                                               Rows Removed by Filter: 112
                                             ->  Parallel Hash  (cost=86954.33..86954.33 rows=7 width=29) (actual time=1035.420..1035.420 rows=178 loops=2)
                                                   Buckets: 1024  Batches: 1  Memory Usage: 72kB
                                                   ->  Hash Join  (cost=54438.22..86954.33 rows=7 width=29) (actual time=906.483..1035.212 rows=178 loops=2)
                                                         Hash Cond: (mc.company_type_id = ct.id)
                                                         ->  Hash Join  (cost=54437.16..86953.12 rows=29 width=33) (actual time=682.384..1034.974 rows=384 loops=2)
                                                               Hash Cond: (t.kind_id = kt.id)
                                                               ->  Parallel Hash Join  (cost=54436.06..86951.16 rows=202 width=37) (actual time=612.098..1034.545 rows=1330 loops=2)
                                                                     Hash Cond: (mc.movie_id = t.id)
                                                                     ->  Parallel Seq Scan on movie_companies mc  (cost=0.00..29661.37 rows=1087137 width=12) (actual time=0.006..235.568 rows=1304564 loops=2)
                                                                     ->  Parallel Hash  (cost=54433.61..54433.61 rows=196 width=25) (actual time=611.851..611.851 rows=1109 loops=2)
                                                                           Buckets: 2048 (originally 1024)  Batches: 1 (originally 1)  Memory Usage: 216kB
                                                                           ->  Parallel Seq Scan on title t  (cost=0.00..54433.61 rows=196 width=25) (actual time=0.160..600.359 rows=1109 loops=2)
                                                                                 Filter: (((title)::text <> ''::text) AND (((title)::text ~~ '%Champion%'::text) OR ((title)::text ~~ '%Loser%'::text)))
                                                                                 Rows Removed by Filter: 1263047
                                                               ->  Hash  (cost=1.09..1.09 rows=1 width=4) (actual time=0.036..0.036 rows=1 loops=2)
                                                                     Buckets: 1024  Batches: 1  Memory Usage: 9kB
                                                                     ->  Seq Scan on kind_type kt  (cost=0.00..1.09 rows=1 width=4) (actual time=0.024..0.025 rows=1 loops=2)
                                                                           Filter: ((kind)::text = 'movie'::text)
                                                                           Rows Removed by Filter: 6
                                                         ->  Hash  (cost=1.05..1.05 rows=1 width=4) (actual time=0.062..0.062 rows=1 loops=2)
                                                               Buckets: 1024  Batches: 1  Memory Usage: 9kB
                                                               ->  Seq Scan on company_type ct  (cost=0.00..1.05 rows=1 width=4) (actual time=0.045..0.046 rows=1 loops=2)
                                                                     Filter: ((kind)::text = 'production companies'::text)
                                                                     Rows Removed by Filter: 3
 Planning Time: 20.769 ms
 Execution Time: 4209.501 ms
(60 rows)

execute /home/pei/Project/benchmarks/imdb_job-postgres/skinner_explained/13c.sql_explained.sql
SET
SET
                                                                                                   QUERY PLAN                                                                                                   
----------------------------------------------------------------------------------------------------------------------------------------------------------------------------------------------------------------
 Finalize Aggregate  (cost=348980.78..348980.79 rows=1 width=96) (actual time=4063.074..4063.074 rows=1 loops=1)
   ->  Gather  (cost=348980.66..348980.77 rows=1 width=96) (actual time=4062.834..4068.197 rows=2 loops=1)
         Workers Planned: 1
         Workers Launched: 1
         ->  Partial Aggregate  (cost=347980.66..347980.67 rows=1 width=96) (actual time=4057.371..4057.372 rows=1 loops=2)
               ->  Parallel Hash Join  (cost=343069.37..347980.65 rows=1 width=41) (actual time=4033.137..4057.309 rows=26 loops=2)
                     Hash Cond: (cn.id = mc.company_id)
                     ->  Parallel Seq Scan on company_name cn  (cost=0.00..4722.92 rows=50229 width=23) (actual time=0.009..24.682 rows=42422 loops=2)
                           Filter: ((country_code)::text = '[us]'::text)
                           Rows Removed by Filter: 75077
                     ->  Parallel Hash  (cost=343069.35..343069.35 rows=1 width=26) (actual time=4027.920..4027.920 rows=81 loops=2)
                           Buckets: 1024  Batches: 1  Memory Usage: 72kB
                           ->  Parallel Hash Join  (cost=102229.55..343069.35 rows=1 width=26) (actual time=2299.823..4027.833 rows=81 loops=2)
                                 Hash Cond: (mi.movie_id = t.id)
                                 ->  Hash Join  (cost=2.43..240637.08 rows=54704 width=4) (actual time=671.040..2764.301 rows=1518360 loops=2)
                                       Hash Cond: (mi.info_type_id = it2.id)
                                       ->  Parallel Seq Scan on movie_info mi  (cost=0.00..223799.50 rows=6181550 width=8) (actual time=0.037..1648.042 rows=7417860 loops=2)
                                       ->  Hash  (cost=2.41..2.41 rows=1 width=4) (actual time=0.034..0.035 rows=1 loops=2)
                                             Buckets: 1024  Batches: 1  Memory Usage: 9kB
                                             ->  Seq Scan on info_type it2  (cost=0.00..2.41 rows=1 width=4) (actual time=0.013..0.024 rows=1 loops=2)
                                                   Filter: ((info)::text = 'release dates'::text)
                                                   Rows Removed by Filter: 112
                                 ->  Parallel Hash  (cost=102227.11..102227.11 rows=1 width=38) (actual time=1119.630..1119.630 rows=16 loops=2)
                                       Buckets: 1024  Batches: 1  Memory Usage: 72kB
                                       ->  Parallel Hash Join  (cost=86956.85..102227.11 rows=1 width=38) (actual time=1013.458..1119.599 rows=16 loops=2)
                                             Hash Cond: (miidx.movie_id = t.id)
                                             ->  Hash Join  (cost=2.43..15253.60 rows=5089 width=9) (actual time=0.141..237.179 rows=229962 loops=2)
                                                   Hash Cond: (miidx.info_type_id = it.id)
                                                   ->  Parallel Seq Scan on movie_info_idx miidx  (cost=0.00..13685.15 rows=575015 width=13) (actual time=0.029..114.129 rows=690018 loops=2)
                                                   ->  Hash  (cost=2.41..2.41 rows=1 width=4) (actual time=0.046..0.046 rows=1 loops=2)
                                                         Buckets: 1024  Batches: 1  Memory Usage: 9kB
                                                         ->  Seq Scan on info_type it  (cost=0.00..2.41 rows=1 width=4) (actual time=0.032..0.034 rows=1 loops=2)
                                                               Filter: ((info)::text = 'rating'::text)
                                                               Rows Removed by Filter: 112
                                             ->  Parallel Hash  (cost=86954.33..86954.33 rows=7 width=29) (actual time=859.636..859.647 rows=40 loops=2)
                                                   Buckets: 1024  Batches: 1  Memory Usage: 72kB
                                                   ->  Hash Join  (cost=54438.22..86954.33 rows=7 width=29) (actual time=756.157..859.552 rows=40 loops=2)
                                                         Hash Cond: (mc.company_type_id = ct.id)
                                                         ->  Hash Join  (cost=54437.16..86953.12 rows=29 width=33) (actual time=547.131..859.409 rows=90 loops=2)
                                                               Hash Cond: (t.kind_id = kt.id)
                                                               ->  Parallel Hash Join  (cost=54436.06..86951.16 rows=202 width=37) (actual time=460.528..859.271 rows=184 loops=2)
                                                                     Hash Cond: (mc.movie_id = t.id)
                                                                     ->  Parallel Seq Scan on movie_companies mc  (cost=0.00..29661.37 rows=1087137 width=12) (actual time=0.006..230.839 rows=1304564 loops=2)
                                                                     ->  Parallel Hash  (cost=54433.61..54433.61 rows=196 width=25) (actual time=460.172..460.172 rows=147 loops=2)
                                                                           Buckets: 1024  Batches: 1  Memory Usage: 72kB
                                                                           ->  Parallel Seq Scan on title t  (cost=0.00..54433.61 rows=196 width=25) (actual time=6.269..459.914 rows=147 loops=2)
                                                                                 Filter: (((title)::text <> ''::text) AND (((title)::text ~~ 'Champion%'::text) OR ((title)::text ~~ 'Loser%'::text)))
                                                                                 Rows Removed by Filter: 1264009
                                                               ->  Hash  (cost=1.09..1.09 rows=1 width=4) (actual time=0.035..0.035 rows=1 loops=2)
                                                                     Buckets: 1024  Batches: 1  Memory Usage: 9kB
                                                                     ->  Seq Scan on kind_type kt  (cost=0.00..1.09 rows=1 width=4) (actual time=0.023..0.025 rows=1 loops=2)
                                                                           Filter: ((kind)::text = 'movie'::text)
                                                                           Rows Removed by Filter: 6
                                                         ->  Hash  (cost=1.05..1.05 rows=1 width=4) (actual time=0.062..0.062 rows=1 loops=2)
                                                               Buckets: 1024  Batches: 1  Memory Usage: 9kB
                                                               ->  Seq Scan on company_type ct  (cost=0.00..1.05 rows=1 width=4) (actual time=0.044..0.046 rows=1 loops=2)
                                                                     Filter: ((kind)::text = 'production companies'::text)
                                                                     Rows Removed by Filter: 3
 Planning Time: 20.695 ms
 Execution Time: 4069.100 ms
(60 rows)

execute /home/pei/Project/benchmarks/imdb_job-postgres/skinner_explained/13d.sql_explained.sql
SET
SET
                                                                                                         QUERY PLAN                                                                                                         
----------------------------------------------------------------------------------------------------------------------------------------------------------------------------------------------------------------------------
 Finalize Aggregate  (cost=346725.46..346725.47 rows=1 width=96) (actual time=8959.645..8959.645 rows=1 loops=1)
   ->  Gather  (cost=346725.34..346725.45 rows=1 width=96) (actual time=8958.016..9176.451 rows=2 loops=1)
         Workers Planned: 1
         Workers Launched: 1
         ->  Partial Aggregate  (cost=345725.34..345725.35 rows=1 width=96) (actual time=8952.368..8952.368 rows=1 loops=2)
               ->  Parallel Hash Join  (cost=340435.70..345724.28 rows=141 width=41) (actual time=8619.331..8827.394 rows=335195 loops=2)
                     Hash Cond: (cn.id = mc.company_id)
                     ->  Parallel Seq Scan on company_name cn  (cost=0.00..4722.92 rows=50229 width=23) (actual time=0.019..25.458 rows=42422 loops=2)
                           Filter: ((country_code)::text = '[us]'::text)
                           Rows Removed by Filter: 75077
                     ->  Parallel Hash  (cost=340432.26..340432.26 rows=275 width=26) (actual time=8569.834..8569.834 rows=959748 loops=2)
                           Buckets: 65536 (originally 1024)  Batches: 64 (originally 1)  Memory Usage: 4352kB
                           ->  Hash Join  (cost=306684.12..340432.26 rows=275 width=26) (actual time=6530.004..7978.795 rows=959748 loops=2)
                                 Hash Cond: (mc.company_type_id = ct.id)
                                 ->  Parallel Hash Join  (cost=306683.05..340425.77 rows=1004 width=30) (actual time=6467.374..7497.427 rows=4061793 loops=2)
                                       Hash Cond: (mc.movie_id = mi.movie_id)
                                       ->  Parallel Seq Scan on movie_companies mc  (cost=0.00..29661.37 rows=1087137 width=12) (actual time=0.015..232.772 rows=1304564 loops=2)
                                       ->  Parallel Hash  (cost=306680.43..306680.43 rows=210 width=34) (actual time=5880.494..5880.494 rows=362366 loops=2)
                                             Buckets: 65536 (originally 1024)  Batches: 16 (originally 1)  Memory Usage: 3680kB
                                             ->  Hash Join  (cost=256185.00..306680.43 rows=210 width=34) (actual time=4996.612..5650.722 rows=362366 loops=2)
                                                   Hash Cond: (t.kind_id = kt.id)
                                                   ->  Parallel Hash Join  (cost=256183.90..306673.14 rows=1468 width=38) (actual time=4979.687..5544.057 rows=559492 loops=2)
                                                         Hash Cond: (t.id = mi.movie_id)
                                                         ->  Parallel Seq Scan on title t  (cost=0.00..46532.63 rows=1053463 width=25) (actual time=0.030..324.540 rows=1264156 loops=2)
                                                         ->  Parallel Hash  (cost=256165.55..256165.55 rows=1468 width=13) (actual time=4147.827..4147.827 rows=559492 loops=2)
                                                               Buckets: 131072 (originally 4096)  Batches: 16 (originally 1)  Memory Usage: 4384kB
                                                               ->  Parallel Hash Join  (cost=15319.64..256165.55 rows=1468 width=13) (actual time=3576.113..3922.227 rows=559492 loops=2)
                                                                     Hash Cond: (mi.movie_id = miidx.movie_id)
                                                                     ->  Hash Join  (cost=2.43..240637.08 rows=54704 width=4) (actual time=676.745..2819.419 rows=1518360 loops=2)
                                                                           Hash Cond: (mi.info_type_id = it2.id)
                                                                           ->  Parallel Seq Scan on movie_info mi  (cost=0.00..223799.50 rows=6181550 width=8) (actual time=0.042..1683.953 rows=7417860 loops=2)
                                                                           ->  Hash  (cost=2.41..2.41 rows=1 width=4) (actual time=0.034..0.035 rows=1 loops=2)
                                                                                 Buckets: 1024  Batches: 1  Memory Usage: 9kB
                                                                                 ->  Seq Scan on info_type it2  (cost=0.00..2.41 rows=1 width=4) (actual time=0.022..0.032 rows=1 loops=2)
                                                                                       Filter: ((info)::text = 'release dates'::text)
                                                                                       Rows Removed by Filter: 112
                                                                     ->  Parallel Hash  (cost=15253.60..15253.60 rows=5089 width=9) (actual time=385.057..385.057 rows=229962 loops=2)
                                                                           Buckets: 131072 (originally 16384)  Batches: 8 (originally 1)  Memory Usage: 3296kB
                                                                           ->  Hash Join  (cost=2.43..15253.60 rows=5089 width=9) (actual time=0.142..241.786 rows=229962 loops=2)
                                                                                 Hash Cond: (miidx.info_type_id = it.id)
                                                                                 ->  Parallel Seq Scan on movie_info_idx miidx  (cost=0.00..13685.15 rows=575015 width=13) (actual time=0.038..114.476 rows=690018 loops=2)
                                                                                 ->  Hash  (cost=2.41..2.41 rows=1 width=4) (actual time=0.045..0.045 rows=1 loops=2)
                                                                                       Buckets: 1024  Batches: 1  Memory Usage: 9kB
                                                                                       ->  Seq Scan on info_type it  (cost=0.00..2.41 rows=1 width=4) (actual time=0.033..0.035 rows=1 loops=2)
                                                                                             Filter: ((info)::text = 'rating'::text)
                                                                                             Rows Removed by Filter: 112
                                                   ->  Hash  (cost=1.09..1.09 rows=1 width=4) (actual time=0.038..0.038 rows=1 loops=2)
                                                         Buckets: 1024  Batches: 1  Memory Usage: 9kB
                                                         ->  Seq Scan on kind_type kt  (cost=0.00..1.09 rows=1 width=4) (actual time=0.023..0.025 rows=1 loops=2)
                                                               Filter: ((kind)::text = 'movie'::text)
                                                               Rows Removed by Filter: 6
                                 ->  Hash  (cost=1.05..1.05 rows=1 width=4) (actual time=0.067..0.067 rows=1 loops=2)
                                       Buckets: 1024  Batches: 1  Memory Usage: 9kB
                                       ->  Seq Scan on company_type ct  (cost=0.00..1.05 rows=1 width=4) (actual time=0.046..0.048 rows=1 loops=2)
                                             Filter: ((kind)::text = 'production companies'::text)
                                             Rows Removed by Filter: 3
 Planning Time: 20.892 ms
 Execution Time: 9177.551 ms
(58 rows)

execute /home/pei/Project/benchmarks/imdb_job-postgres/skinner_explained/14a.sql_explained.sql
SET
SET
                                                                                              QUERY PLAN                                                                                               
-------------------------------------------------------------------------------------------------------------------------------------------------------------------------------------------------------
 Finalize Aggregate  (cost=420522.53..420522.54 rows=1 width=64) (actual time=3619.598..3619.599 rows=1 loops=1)
   ->  Gather  (cost=420522.31..420522.52 rows=2 width=64) (actual time=3618.529..3626.353 rows=3 loops=1)
         Workers Planned: 2
         Workers Launched: 2
         ->  Partial Aggregate  (cost=419522.31..419522.32 rows=1 width=64) (actual time=3611.371..3611.371 rows=1 loops=3)
               ->  Hash Join  (cost=369734.11..419522.30 rows=1 width=22) (actual time=3509.693..3611.100 rows=254 loops=3)
                     Hash Cond: (t.kind_id = kt.id)
                     ->  Parallel Hash Join  (cost=369733.01..419521.20 rows=1 width=26) (actual time=3345.741..3610.681 rows=328 loops=3)
                           Hash Cond: (t.id = mi.movie_id)
                           ->  Parallel Seq Scan on title t  (cost=0.00..49166.29 rows=165838 width=25) (actual time=0.021..245.396 rows=130555 loops=3)
                                 Filter: (production_year > 2010)
                                 Rows Removed by Filter: 712215
                           ->  Parallel Hash  (cost=369732.99..369732.99 rows=1 width=17) (actual time=3340.937..3340.937 rows=6989 loops=3)
                                 Buckets: 32768 (originally 1024)  Batches: 1 (originally 1)  Memory Usage: 1560kB
                                 ->  Parallel Hash Join  (cost=353063.77..369732.99 rows=1 width=17) (actual time=3058.074..3307.983 rows=6989 loops=3)
                                       Hash Cond: (mi_idx.movie_id = mi.movie_id)
                                       ->  Hash Join  (cost=2.43..16653.02 rows=4965 width=9) (actual time=0.166..226.806 rows=151410 loops=3)
                                             Hash Cond: (mi_idx.info_type_id = it2.id)
                                             ->  Parallel Seq Scan on movie_info_idx mi_idx  (cost=0.00..15122.68 rows=561018 width=13) (actual time=0.048..163.022 rows=447629 loops=3)
                                                   Filter: ((info)::text < '8.5'::text)
                                                   Rows Removed by Filter: 12383
                                             ->  Hash  (cost=2.41..2.41 rows=1 width=4) (actual time=0.040..0.040 rows=1 loops=3)
                                                   Buckets: 1024  Batches: 1  Memory Usage: 9kB
                                                   ->  Seq Scan on info_type it2  (cost=0.00..2.41 rows=1 width=4) (actual time=0.026..0.029 rows=1 loops=3)
                                                         Filter: ((info)::text = 'rating'::text)
                                                         Rows Removed by Filter: 112
                                       ->  Parallel Hash  (cost=353061.34..353061.34 rows=1 width=8) (actual time=3057.224..3057.224 rows=7972 loops=3)
                                             Buckets: 32768 (originally 1024)  Batches: 1 (originally 1)  Memory Usage: 1496kB
                                             ->  Parallel Hash Join  (cost=51216.64..353061.34 rows=1 width=8) (actual time=2483.264..3005.395 rows=7972 loops=3)
                                                   Hash Cond: (mi.movie_id = mk.movie_id)
                                                   ->  Hash Join  (cost=2.43..301837.78 rows=2490 width=4) (actual time=1898.968..2390.959 rows=204750 loops=3)
                                                         Hash Cond: (mi.info_type_id = it1.id)
                                                         ->  Parallel Seq Scan on movie_info mi  (cost=0.00..301068.88 rows=281434 width=8) (actual time=1.027..2339.600 rows=235558 loops=3)
                                                               Filter: ((info)::text = ANY ('{Sweden,Norway,Germany,Denmark,Swedish,Denish,Norwegian,German,USA,American}'::text[]))
                                                               Rows Removed by Filter: 4709682
                                                         ->  Hash  (cost=2.41..2.41 rows=1 width=4) (actual time=0.051..0.051 rows=1 loops=3)
                                                               Buckets: 1024  Batches: 1  Memory Usage: 9kB
                                                               ->  Seq Scan on info_type it1  (cost=0.00..2.41 rows=1 width=4) (actual time=0.028..0.040 rows=1 loops=3)
                                                                     Filter: ((info)::text = 'countries'::text)
                                                                     Rows Removed by Filter: 112
                                                   ->  Parallel Hash  (cost=51213.51..51213.51 rows=56 width=4) (actual time=583.701..583.701 rows=12364 loops=3)
                                                         Buckets: 65536 (originally 1024)  Batches: 1 (originally 1)  Memory Usage: 2488kB
                                                         ->  Hash Join  (cost=2961.60..51213.51 rows=56 width=4) (actual time=42.578..490.629 rows=12364 loops=3)
                                                               Hash Cond: (mk.keyword_id = k.id)
                                                               ->  Parallel Seq Scan on movie_keyword mk  (cost=0.00..43303.71 rows=1884971 width=8) (actual time=0.044..260.628 rows=1507977 loops=3)
                                                               ->  Hash  (cost=2961.55..2961.55 rows=4 width=4) (actual time=42.359..42.359 rows=3 loops=3)
                                                                     Buckets: 1024  Batches: 1  Memory Usage: 9kB
                                                                     ->  Seq Scan on keyword k  (cost=0.00..2961.55 rows=4 width=4) (actual time=1.839..42.346 rows=3 loops=3)
                                                                           Filter: ((keyword)::text = ANY ('{murder,murder-in-title,blood,violence}'::text[]))
                                                                           Rows Removed by Filter: 134167
                     ->  Hash  (cost=1.09..1.09 rows=1 width=4) (actual time=0.056..0.056 rows=1 loops=3)
                           Buckets: 1024  Batches: 1  Memory Usage: 9kB
                           ->  Seq Scan on kind_type kt  (cost=0.00..1.09 rows=1 width=4) (actual time=0.032..0.034 rows=1 loops=3)
                                 Filter: ((kind)::text = 'movie'::text)
                                 Rows Removed by Filter: 6
 Planning Time: 12.834 ms
 Execution Time: 3627.107 ms
(57 rows)

execute /home/pei/Project/benchmarks/imdb_job-postgres/skinner_explained/14b.sql_explained.sql
SET
SET
                                                                                                          QUERY PLAN                                                                                                          
------------------------------------------------------------------------------------------------------------------------------------------------------------------------------------------------------------------------------
 Finalize Aggregate  (cost=426312.24..426312.25 rows=1 width=64) (actual time=3294.360..3294.360 rows=1 loops=1)
   ->  Gather  (cost=426312.02..426312.23 rows=2 width=64) (actual time=3294.116..3301.928 rows=3 loops=1)
         Workers Planned: 2
         Workers Launched: 2
         ->  Partial Aggregate  (cost=425312.02..425312.03 rows=1 width=64) (actual time=3286.951..3286.951 rows=1 loops=3)
               ->  Hash Join  (cost=409759.67..425312.01 rows=1 width=22) (actual time=3272.930..3286.939 rows=0 loops=3)
                     Hash Cond: (t.kind_id = kt.id)
                     ->  Parallel Hash Join  (cost=409758.57..425310.91 rows=1 width=26) (actual time=3227.747..3286.669 rows=1 loops=3)
                           Hash Cond: (mi_idx.movie_id = t.id)
                           ->  Hash Join  (cost=2.43..15549.59 rows=1379 width=9) (actual time=0.173..171.259 rows=86616 loops=3)
                                 Hash Cond: (mi_idx.info_type_id = it2.id)
                                 ->  Parallel Seq Scan on movie_info_idx mi_idx  (cost=0.00..15122.68 rows=155862 width=13) (actual time=0.056..145.798 rows=125612 loops=3)
                                       Filter: ((info)::text > '6.0'::text)
                                       Rows Removed by Filter: 334399
                                 ->  Hash  (cost=2.41..2.41 rows=1 width=4) (actual time=0.040..0.040 rows=1 loops=3)
                                       Buckets: 1024  Batches: 1  Memory Usage: 9kB
                                       ->  Seq Scan on info_type it2  (cost=0.00..2.41 rows=1 width=4) (actual time=0.025..0.028 rows=1 loops=3)
                                             Filter: ((info)::text = 'rating'::text)
                                             Rows Removed by Filter: 112
                           ->  Parallel Hash  (cost=409756.13..409756.13 rows=1 width=33) (actual time=3105.610..3105.610 rows=3 loops=3)
                                 Buckets: 1024  Batches: 1  Memory Usage: 72kB
                                 ->  Parallel Hash Join  (cost=361504.10..409756.13 rows=1 width=33) (actual time=2917.851..3105.477 rows=3 loops=3)
                                       Hash Cond: (mk.movie_id = t.id)
                                       ->  Hash Join  (cost=2626.15..50878.06 rows=28 width=4) (actual time=24.210..473.381 rows=6509 loops=3)
                                             Hash Cond: (mk.keyword_id = k.id)
                                             ->  Parallel Seq Scan on movie_keyword mk  (cost=0.00..43303.71 rows=1884971 width=8) (actual time=0.026..263.835 rows=1507977 loops=3)
                                             ->  Hash  (cost=2626.12..2626.12 rows=2 width=4) (actual time=23.988..23.988 rows=1 loops=3)
                                                   Buckets: 1024  Batches: 1  Memory Usage: 9kB
                                                   ->  Seq Scan on keyword k  (cost=0.00..2626.12 rows=2 width=4) (actual time=1.574..23.970 rows=1 loops=3)
                                                         Filter: ((keyword)::text = ANY ('{murder,murder-in-title}'::text[]))
                                                         Rows Removed by Filter: 134169
                                       ->  Parallel Hash  (cost=358877.94..358877.94 rows=1 width=29) (actual time=2630.276..2630.276 rows=41 loops=3)
                                             Buckets: 1024  Batches: 1  Memory Usage: 104kB
                                             ->  Hash Join  (cost=57070.27..358877.94 rows=1 width=29) (actual time=2174.275..2630.097 rows=41 loops=3)
                                                   Hash Cond: (mi.info_type_id = it1.id)
                                                   ->  Parallel Hash Join  (cost=57067.84..358875.48 rows=12 width=33) (actual time=303.142..2629.963 rows=49 loops=3)
                                                         Hash Cond: (mi.movie_id = t.id)
                                                         ->  Parallel Seq Scan on movie_info mi  (cost=0.00..301068.88 rows=281434 width=8) (actual time=1.098..2325.816 rows=235558 loops=3)
                                                               Filter: ((info)::text = ANY ('{Sweden,Norway,Germany,Denmark,Swedish,Denish,Norwegian,German,USA,American}'::text[]))
                                                               Rows Removed by Filter: 4709682
                                                         ->  Parallel Hash  (cost=57067.27..57067.27 rows=46 width=25) (actual time=277.382..277.382 rows=152 loops=3)
                                                               Buckets: 1024  Batches: 1  Memory Usage: 104kB
                                                               ->  Parallel Seq Scan on title t  (cost=0.00..57067.27 rows=46 width=25) (actual time=0.654..277.079 rows=152 loops=3)
                                                                     Filter: ((production_year > 2010) AND (((title)::text ~~ '%murder%'::text) OR ((title)::text ~~ '%Murder%'::text) OR ((title)::text ~~ '%Mord%'::text)))
                                                                     Rows Removed by Filter: 842619
                                                   ->  Hash  (cost=2.41..2.41 rows=1 width=4) (actual time=0.050..0.050 rows=1 loops=3)
                                                         Buckets: 1024  Batches: 1  Memory Usage: 9kB
                                                         ->  Seq Scan on info_type it1  (cost=0.00..2.41 rows=1 width=4) (actual time=0.028..0.040 rows=1 loops=3)
                                                               Filter: ((info)::text = 'countries'::text)
                                                               Rows Removed by Filter: 112
                     ->  Hash  (cost=1.09..1.09 rows=1 width=4) (actual time=0.057..0.057 rows=1 loops=3)
                           Buckets: 1024  Batches: 1  Memory Usage: 9kB
                           ->  Seq Scan on kind_type kt  (cost=0.00..1.09 rows=1 width=4) (actual time=0.030..0.032 rows=1 loops=3)
                                 Filter: ((kind)::text = 'movie'::text)
                                 Rows Removed by Filter: 6
 Planning Time: 12.742 ms
 Execution Time: 3302.644 ms
(57 rows)

execute /home/pei/Project/benchmarks/imdb_job-postgres/skinner_explained/14c.sql_explained.sql
SET
SET
                                                                                              QUERY PLAN                                                                                               
-------------------------------------------------------------------------------------------------------------------------------------------------------------------------------------------------------
 Finalize Aggregate  (cost=421498.92..421498.93 rows=1 width=64) (actual time=3530.637..3530.637 rows=1 loops=1)
   ->  Gather  (cost=421498.70..421498.91 rows=2 width=64) (actual time=3529.740..3536.527 rows=3 loops=1)
         Workers Planned: 2
         Workers Launched: 2
         ->  Partial Aggregate  (cost=420498.70..420498.71 rows=1 width=64) (actual time=3522.601..3522.601 rows=1 loops=3)
               ->  Hash Join  (cost=369734.12..420498.70 rows=1 width=22) (actual time=3221.145..3521.472 rows=1372 loops=3)
                     Hash Cond: (t.kind_id = kt.id)
                     ->  Parallel Hash Join  (cost=369733.01..420497.58 rows=1 width=26) (actual time=3217.399..3520.548 rows=1710 loops=3)
                           Hash Cond: (t.id = mi.movie_id)
                           ->  Parallel Seq Scan on title t  (cost=0.00..49166.29 rows=426207 width=25) (actual time=0.018..256.238 rows=337640 loops=3)
                                 Filter: (production_year > 2005)
                                 Rows Removed by Filter: 505131
                           ->  Parallel Hash  (cost=369732.99..369732.99 rows=1 width=17) (actual time=3216.281..3216.282 rows=6989 loops=3)
                                 Buckets: 32768 (originally 1024)  Batches: 1 (originally 1)  Memory Usage: 1560kB
                                 ->  Parallel Hash Join  (cost=353063.77..369732.99 rows=1 width=17) (actual time=2932.146..3175.358 rows=6989 loops=3)
                                       Hash Cond: (mi_idx.movie_id = mi.movie_id)
                                       ->  Hash Join  (cost=2.43..16653.02 rows=4965 width=9) (actual time=0.161..222.182 rows=151410 loops=3)
                                             Hash Cond: (mi_idx.info_type_id = it2.id)
                                             ->  Parallel Seq Scan on movie_info_idx mi_idx  (cost=0.00..15122.68 rows=561018 width=13) (actual time=0.048..158.524 rows=447629 loops=3)
                                                   Filter: ((info)::text < '8.5'::text)
                                                   Rows Removed by Filter: 12383
                                             ->  Hash  (cost=2.41..2.41 rows=1 width=4) (actual time=0.038..0.038 rows=1 loops=3)
                                                   Buckets: 1024  Batches: 1  Memory Usage: 9kB
                                                   ->  Seq Scan on info_type it2  (cost=0.00..2.41 rows=1 width=4) (actual time=0.025..0.028 rows=1 loops=3)
                                                         Filter: ((info)::text = 'rating'::text)
                                                         Rows Removed by Filter: 112
                                       ->  Parallel Hash  (cost=353061.34..353061.34 rows=1 width=8) (actual time=2930.133..2930.133 rows=7972 loops=3)
                                             Buckets: 32768 (originally 1024)  Batches: 1 (originally 1)  Memory Usage: 1528kB
                                             ->  Parallel Hash Join  (cost=51216.64..353061.34 rows=1 width=8) (actual time=2374.419..2882.497 rows=7972 loops=3)
                                                   Hash Cond: (mi.movie_id = mk.movie_id)
                                                   ->  Hash Join  (cost=2.43..301837.78 rows=2490 width=4) (actual time=1800.845..2279.044 rows=204750 loops=3)
                                                         Hash Cond: (mi.info_type_id = it1.id)
                                                         ->  Parallel Seq Scan on movie_info mi  (cost=0.00..301068.88 rows=281434 width=8) (actual time=1.091..2227.330 rows=238737 loops=3)
                                                               Filter: ((info)::text = ANY ('{Sweden,Norway,Germany,Denmark,Swedish,Danish,Norwegian,German,USA,American}'::text[]))
                                                               Rows Removed by Filter: 4706503
                                                         ->  Hash  (cost=2.41..2.41 rows=1 width=4) (actual time=0.049..0.049 rows=1 loops=3)
                                                               Buckets: 1024  Batches: 1  Memory Usage: 9kB
                                                               ->  Seq Scan on info_type it1  (cost=0.00..2.41 rows=1 width=4) (actual time=0.027..0.039 rows=1 loops=3)
                                                                     Filter: ((info)::text = 'countries'::text)
                                                                     Rows Removed by Filter: 112
                                                   ->  Parallel Hash  (cost=51213.51..51213.51 rows=56 width=4) (actual time=573.230..573.231 rows=12364 loops=3)
                                                         Buckets: 65536 (originally 1024)  Batches: 1 (originally 1)  Memory Usage: 2488kB
                                                         ->  Hash Join  (cost=2961.60..51213.51 rows=56 width=4) (actual time=33.074..472.812 rows=12364 loops=3)
                                                               Hash Cond: (mk.keyword_id = k.id)
                                                               ->  Parallel Seq Scan on movie_keyword mk  (cost=0.00..43303.71 rows=1884971 width=8) (actual time=0.033..252.046 rows=1507977 loops=3)
                                                               ->  Hash  (cost=2961.55..2961.55 rows=4 width=4) (actual time=32.868..32.868 rows=3 loops=3)
                                                                     Buckets: 1024  Batches: 1  Memory Usage: 9kB
                                                                     ->  Seq Scan on keyword k  (cost=0.00..2961.55 rows=4 width=4) (actual time=1.700..32.856 rows=3 loops=3)
                                                                           Filter: ((keyword IS NOT NULL) AND ((keyword)::text = ANY ('{murder,murder-in-title,blood,violence}'::text[])))
                                                                           Rows Removed by Filter: 134167
                     ->  Hash  (cost=1.09..1.09 rows=2 width=4) (actual time=0.057..0.057 rows=2 loops=3)
                           Buckets: 1024  Batches: 1  Memory Usage: 9kB
                           ->  Seq Scan on kind_type kt  (cost=0.00..1.09 rows=2 width=4) (actual time=0.031..0.034 rows=2 loops=3)
                                 Filter: ((kind)::text = ANY ('{movie,episode}'::text[]))
                                 Rows Removed by Filter: 5
 Planning Time: 12.579 ms
 Execution Time: 3537.475 ms
(57 rows)

execute /home/pei/Project/benchmarks/imdb_job-postgres/skinner_explained/15a.sql_explained.sql
SET
SET
                                                                                                             QUERY PLAN                                                                                                              
-------------------------------------------------------------------------------------------------------------------------------------------------------------------------------------------------------------------------------------
 Finalize Aggregate  (cost=409625.94..409625.95 rows=1 width=64) (actual time=2792.519..2792.519 rows=1 loops=1)
   ->  Gather  (cost=409625.72..409625.93 rows=2 width=64) (actual time=2792.186..2800.022 rows=3 loops=1)
         Workers Planned: 2
         Workers Launched: 2
         ->  Partial Aggregate  (cost=408625.72..408625.73 rows=1 width=64) (actual time=2784.506..2784.506 rows=1 loops=3)
               ->  Parallel Hash Join  (cost=400362.74..408625.68 rows=8 width=60) (actual time=2728.056..2784.412 rows=109 loops=3)
                     Hash Cond: (at.movie_id = t.id)
                     ->  Parallel Seq Scan on aka_title at  (cost=0.00..7698.13 rows=150613 width=4) (actual time=0.038..39.669 rows=120491 loops=3)
                     ->  Parallel Hash  (cost=400362.70..400362.70 rows=3 width=76) (actual time=2725.808..2725.808 rows=466 loops=3)
                           Buckets: 1024  Batches: 1  Memory Usage: 168kB
                           ->  Parallel Hash Join  (cost=396456.49..400362.70 rows=3 width=76) (actual time=2669.770..2725.293 rows=466 loops=3)
                                 Hash Cond: (k.id = mk.keyword_id)
                                 ->  Parallel Index Only Scan using keyword_pkey on keyword k  (cost=0.42..3696.98 rows=55904 width=4) (actual time=0.106..49.635 rows=44723 loops=3)
                                       Heap Fetches: 134170
                                 ->  Parallel Hash  (cost=396456.03..396456.03 rows=3 width=80) (actual time=2669.578..2669.578 rows=466 loops=3)
                                       Buckets: 2048 (originally 1024)  Batches: 1 (originally 1)  Memory Usage: 216kB
                                       ->  Parallel Hash Join  (cost=346083.67..396456.03 rows=3 width=80) (actual time=2191.945..2637.162 rows=466 loops=3)
                                             Hash Cond: (mk.movie_id = t.id)
                                             ->  Parallel Seq Scan on movie_keyword mk  (cost=0.00..43303.71 rows=1884971 width=8) (actual time=0.034..256.179 rows=1507977 loops=3)
                                             ->  Parallel Hash  (cost=346083.66..346083.66 rows=1 width=72) (actual time=2191.429..2191.430 rows=220 loops=3)
                                                   Buckets: 1024  Batches: 1  Memory Usage: 104kB
                                                   ->  Parallel Hash Join  (cost=294758.03..346083.66 rows=1 width=72) (actual time=1875.605..2191.009 rows=220 loops=3)
                                                         Hash Cond: (t.id = mi.movie_id)
                                                         ->  Parallel Seq Scan on title t  (cost=0.00..49166.29 rows=575821 width=21) (actual time=0.021..267.938 rows=460484 loops=3)
                                                               Filter: (production_year > 2000)
                                                               Rows Removed by Filter: 382286
                                                         ->  Parallel Hash  (cost=294758.02..294758.02 rows=1 width=51) (actual time=1868.468..1868.468 rows=223 loops=3)
                                                               Buckets: 1024  Batches: 1  Memory Usage: 104kB
                                                               ->  Hash Join  (cost=289846.73..294758.02 rows=1 width=51) (actual time=1842.427..1868.253 rows=223 loops=3)
                                                                     Hash Cond: (mc.company_type_id = ct.id)
                                                                     ->  Parallel Hash Join  (cost=289845.64..294756.93 rows=1 width=55) (actual time=1842.302..1868.052 rows=223 loops=3)
                                                                           Hash Cond: (cn.id = mc.company_id)
                                                                           ->  Parallel Seq Scan on company_name cn  (cost=0.00..4722.92 rows=50229 width=4) (actual time=0.014..22.511 rows=28281 loops=3)
                                                                                 Filter: ((country_code)::text = '[us]'::text)
                                                                                 Rows Removed by Filter: 50051
                                                                           ->  Parallel Hash  (cost=289845.63..289845.63 rows=1 width=59) (actual time=1842.042..1842.042 rows=233 loops=3)
                                                                                 Buckets: 1024  Batches: 1  Memory Usage: 104kB
                                                                                 ->  Parallel Hash Join  (cost=254710.18..289845.63 rows=1 width=59) (actual time=1578.245..1841.676 rows=233 loops=3)
                                                                                       Hash Cond: (mc.movie_id = mi.movie_id)
                                                                                       ->  Parallel Seq Scan on movie_companies mc  (cost=0.00..35097.06 rows=7675 width=12) (actual time=0.049..259.605 rows=20555 loops=3)
                                                                                             Filter: (((note)::text ~~ '%(200%)%'::text) AND ((note)::text ~~ '%(worldwide)%'::text))
                                                                                             Rows Removed by Filter: 849155
                                                                                       ->  Parallel Hash  (cost=254710.16..254710.16 rows=2 width=47) (actual time=1577.670..1577.670 rows=590 loops=3)
                                                                                             Buckets: 2048 (originally 1024)  Batches: 1 (originally 1)  Memory Usage: 184kB
                                                                                             ->  Hash Join  (cost=2.43..254710.16 rows=2 width=47) (actual time=301.107..1229.062 rows=590 loops=3)
                                                                                                   Hash Cond: (mi.info_type_id = it1.id)
                                                                                                   ->  Parallel Seq Scan on movie_info mi  (cost=0.00..254707.25 rows=176 width=51) (actual time=300.977..1228.370 rows=590 loops=3)
                                                                                                         Filter: (((note)::text ~~ '%internet%'::text) AND ((info)::text ~~ 'USA:% 200%'::text))
                                                                                                         Rows Removed by Filter: 4944650
                                                                                                   ->  Hash  (cost=2.41..2.41 rows=1 width=4) (actual time=0.061..0.061 rows=1 loops=3)
                                                                                                         Buckets: 1024  Batches: 1  Memory Usage: 9kB
                                                                                                         ->  Seq Scan on info_type it1  (cost=0.00..2.41 rows=1 width=4) (actual time=0.040..0.051 rows=1 loops=3)
                                                                                                               Filter: ((info)::text = 'release dates'::text)
                                                                                                               Rows Removed by Filter: 112
                                                                     ->  Hash  (cost=1.04..1.04 rows=4 width=4) (actual time=0.072..0.072 rows=4 loops=3)
                                                                           Buckets: 1024  Batches: 1  Memory Usage: 9kB
                                                                           ->  Seq Scan on company_type ct  (cost=0.00..1.04 rows=4 width=4) (actual time=0.045..0.046 rows=4 loops=3)
 Planning Time: 32.026 ms
 Execution Time: 2800.828 ms
(59 rows)

execute /home/pei/Project/benchmarks/imdb_job-postgres/skinner_explained/15b.sql_explained.sql
SET
SET
                                                                                                         QUERY PLAN                                                                                                          
-----------------------------------------------------------------------------------------------------------------------------------------------------------------------------------------------------------------------------
 Finalize Aggregate  (cost=411365.11..411365.12 rows=1 width=64) (actual time=2294.784..2294.784 rows=1 loops=1)
   ->  Gather  (cost=411364.89..411365.10 rows=2 width=64) (actual time=2294.555..2302.016 rows=3 loops=1)
         Workers Planned: 2
         Workers Launched: 2
         ->  Partial Aggregate  (cost=410364.89..410364.90 rows=1 width=64) (actual time=2286.995..2286.996 rows=1 loops=3)
               ->  Parallel Hash Join  (cost=402101.92..410364.87 rows=4 width=60) (actual time=2279.519..2286.975 rows=12 loops=3)
                     Hash Cond: (at.movie_id = t.id)
                     ->  Parallel Seq Scan on aka_title at  (cost=0.00..7698.13 rows=150613 width=4) (actual time=0.030..35.086 rows=120491 loops=3)
                     ->  Parallel Hash  (cost=402101.90..402101.90 rows=2 width=76) (actual time=2235.499..2235.500 rows=50 loops=3)
                           Buckets: 1024  Batches: 1  Memory Usage: 104kB
                           ->  Parallel Hash Join  (cost=147394.15..402101.90 rows=2 width=76) (actual time=1334.836..2235.375 rows=50 loops=3)
                                 Hash Cond: (mi.movie_id = t.id)
                                 ->  Hash Join  (cost=2.43..254710.16 rows=2 width=47) (actual time=294.374..1204.735 rows=590 loops=3)
                                       Hash Cond: (mi.info_type_id = it1.id)
                                       ->  Parallel Seq Scan on movie_info mi  (cost=0.00..254707.25 rows=176 width=51) (actual time=294.244..1204.038 rows=590 loops=3)
                                             Filter: (((note)::text ~~ '%internet%'::text) AND ((info)::text ~~ 'USA:% 200%'::text))
                                             Rows Removed by Filter: 4944650
                                       ->  Hash  (cost=2.41..2.41 rows=1 width=4) (actual time=0.048..0.049 rows=1 loops=3)
                                             Buckets: 1024  Batches: 1  Memory Usage: 9kB
                                             ->  Seq Scan on info_type it1  (cost=0.00..2.41 rows=1 width=4) (actual time=0.027..0.038 rows=1 loops=3)
                                                   Filter: ((info)::text = 'release dates'::text)
                                                   Rows Removed by Filter: 112
                                 ->  Parallel Hash  (cost=147391.71..147391.71 rows=1 width=29) (actual time=1030.302..1030.302 rows=144 loops=3)
                                       Buckets: 1024  Batches: 1  Memory Usage: 104kB
                                       ->  Parallel Hash Join  (cost=143485.50..147391.71 rows=1 width=29) (actual time=984.773..1030.120 rows=144 loops=3)
                                             Hash Cond: (k.id = mk.keyword_id)
                                             ->  Parallel Index Only Scan using keyword_pkey on keyword k  (cost=0.42..3696.98 rows=55904 width=4) (actual time=0.044..40.231 rows=44723 loops=3)
                                                   Heap Fetches: 134170
                                             ->  Parallel Hash  (cost=143485.07..143485.07 rows=1 width=33) (actual time=984.596..984.596 rows=144 loops=3)
                                                   Buckets: 1024  Batches: 1  Memory Usage: 104kB
                                                   ->  Parallel Hash Join  (cost=93112.71..143485.07 rows=1 width=33) (actual time=555.625..984.452 rows=144 loops=3)
                                                         Hash Cond: (mk.movie_id = t.id)
                                                         ->  Parallel Seq Scan on movie_keyword mk  (cost=0.00..43303.71 rows=1884971 width=8) (actual time=0.031..247.065 rows=1507977 loops=3)
                                                         ->  Parallel Hash  (cost=93112.69..93112.69 rows=1 width=25) (actual time=552.114..552.114 rows=85 loops=3)
                                                               Buckets: 1024  Batches: 1  Memory Usage: 104kB
                                                               ->  Parallel Hash Join  (cost=40186.82..93112.69 rows=1 width=25) (actual time=272.213..551.919 rows=85 loops=3)
                                                                     Hash Cond: (t.id = mc.movie_id)
                                                                     ->  Parallel Seq Scan on title t  (cost=0.00..51799.95 rows=300243 width=21) (actual time=0.022..253.725 rows=238753 loops=3)
                                                                           Filter: ((production_year >= 2005) AND (production_year <= 2010))
                                                                           Rows Removed by Filter: 604018
                                                                     ->  Parallel Hash  (cost=40186.81..40186.81 rows=1 width=4) (actual time=269.934..269.939 rows=93 loops=3)
                                                                           Buckets: 1024  Batches: 1  Memory Usage: 104kB
                                                                           ->  Hash Join  (cost=5069.61..40186.81 rows=1 width=4) (actual time=21.790..269.762 rows=93 loops=3)
                                                                                 Hash Cond: (mc.company_type_id = ct.id)
                                                                                 ->  Parallel Hash Join  (cost=5068.52..40185.72 rows=1 width=8) (actual time=21.667..269.591 rows=93 loops=3)
                                                                                       Hash Cond: (mc.company_id = cn.id)
                                                                                       ->  Parallel Seq Scan on movie_companies mc  (cost=0.00..35097.06 rows=7675 width=12) (actual time=0.054..245.825 rows=20555 loops=3)
                                                                                             Filter: (((note)::text ~~ '%(200%)%'::text) AND ((note)::text ~~ '%(worldwide)%'::text))
                                                                                             Rows Removed by Filter: 849155
                                                                                       ->  Parallel Hash  (cost=5068.50..5068.50 rows=1 width=4) (actual time=20.350..20.350 rows=0 loops=3)
                                                                                             Buckets: 1024  Batches: 1  Memory Usage: 40kB
                                                                                             ->  Parallel Seq Scan on company_name cn  (cost=0.00..5068.50 rows=1 width=4) (actual time=14.226..20.318 rows=0 loops=3)
                                                                                                   Filter: (((country_code)::text = '[us]'::text) AND ((name)::text = 'YouTube'::text))
                                                                                                   Rows Removed by Filter: 78332
                                                                                 ->  Hash  (cost=1.04..1.04 rows=4 width=4) (actual time=0.068..0.068 rows=4 loops=3)
                                                                                       Buckets: 1024  Batches: 1  Memory Usage: 9kB
                                                                                       ->  Seq Scan on company_type ct  (cost=0.00..1.04 rows=4 width=4) (actual time=0.043..0.045 rows=4 loops=3)
 Planning Time: 32.454 ms
 Execution Time: 2302.901 ms
(59 rows)

execute /home/pei/Project/benchmarks/imdb_job-postgres/skinner_explained/15c.sql_explained.sql
SET
SET
                                                                                                                            QUERY PLAN                                                                                                                            
------------------------------------------------------------------------------------------------------------------------------------------------------------------------------------------------------------------------------------------------------------------
 Finalize Aggregate  (cost=424524.77..424524.78 rows=1 width=64) (actual time=3808.619..3808.619 rows=1 loops=1)
   ->  Gather  (cost=424524.55..424524.76 rows=2 width=64) (actual time=3808.413..3815.944 rows=3 loops=1)
         Workers Planned: 2
         Workers Launched: 2
         ->  Partial Aggregate  (cost=423524.55..423524.56 rows=1 width=64) (actual time=3800.869..3800.870 rows=1 loops=3)
               ->  Parallel Hash Join  (cost=419547.77..423524.17 rows=76 width=60) (actual time=3755.137..3800.474 rows=757 loops=3)
                     Hash Cond: (k.id = mk.keyword_id)
                     ->  Parallel Index Only Scan using keyword_pkey on keyword k  (cost=0.42..3696.98 rows=55904 width=4) (actual time=0.054..39.943 rows=44723 loops=3)
                           Heap Fetches: 134170
                     ->  Parallel Hash  (cost=419546.40..419546.40 rows=76 width=64) (actual time=3754.397..3754.398 rows=757 loops=3)
                           Buckets: 4096 (originally 1024)  Batches: 1 (originally 1)  Memory Usage: 312kB
                           ->  Parallel Hash Join  (cost=369174.02..419546.40 rows=76 width=64) (actual time=3148.788..3575.422 rows=757 loops=3)
                                 Hash Cond: (mk.movie_id = t.id)
                                 ->  Parallel Seq Scan on movie_keyword mk  (cost=0.00..43303.71 rows=1884971 width=8) (actual time=0.039..247.058 rows=1507977 loops=3)
                                 ->  Parallel Hash  (cost=369173.97..369173.97 rows=4 width=76) (actual time=3144.592..3144.592 rows=95 loops=3)
                                       Buckets: 1024  Batches: 1  Memory Usage: 104kB
                                       ->  Hash Join  (cost=364262.66..369173.97 rows=4 width=76) (actual time=3122.498..3144.481 rows=95 loops=3)
                                             Hash Cond: (mc.company_type_id = ct.id)
                                             ->  Parallel Hash Join  (cost=364261.57..369172.86 rows=4 width=80) (actual time=3122.372..3144.320 rows=95 loops=3)
                                                   Hash Cond: (cn.id = mc.company_id)
                                                   ->  Parallel Seq Scan on company_name cn  (cost=0.00..4722.92 rows=50229 width=4) (actual time=0.021..18.998 rows=28281 loops=3)
                                                         Filter: ((country_code)::text = '[us]'::text)
                                                         Rows Removed by Filter: 50051
                                                   ->  Parallel Hash  (cost=364261.48..364261.48 rows=7 width=84) (actual time=3122.138..3122.138 rows=133 loops=3)
                                                         Buckets: 1024  Batches: 1  Memory Usage: 104kB
                                                         ->  Parallel Hash Join  (cost=330523.34..364261.48 rows=7 width=84) (actual time=2861.715..3121.931 rows=133 loops=3)
                                                               Hash Cond: (mc.movie_id = t.id)
                                                               ->  Parallel Seq Scan on movie_companies mc  (cost=0.00..29661.37 rows=1087137 width=12) (actual time=0.115..157.146 rows=869710 loops=3)
                                                               ->  Parallel Hash  (cost=330523.33..330523.33 rows=1 width=72) (actual time=2856.661..2856.662 rows=40 loops=3)
                                                                     Buckets: 1024  Batches: 1  Memory Usage: 104kB
                                                                     ->  Parallel Hash Join  (cost=278615.36..330523.33 rows=1 width=72) (actual time=2568.619..2856.546 rows=40 loops=3)
                                                                           Hash Cond: (t.id = at.movie_id)
                                                                           ->  Parallel Seq Scan on title t  (cost=0.00..49166.29 rows=731112 width=21) (actual time=0.031..269.511 rows=583011 loops=3)
                                                                                 Filter: (production_year > 1990)
                                                                                 Rows Removed by Filter: 259760
                                                                           ->  Parallel Hash  (cost=278615.33..278615.33 rows=2 width=51) (actual time=2526.645..2526.645 rows=40 loops=3)
                                                                                 Buckets: 1024  Batches: 1  Memory Usage: 104kB
                                                                                 ->  Parallel Hash Join  (cost=270164.12..278615.33 rows=2 width=51) (actual time=2473.218..2526.522 rows=40 loops=3)
                                                                                       Hash Cond: (at.movie_id = mi.movie_id)
                                                                                       ->  Parallel Seq Scan on aka_title at  (cost=0.00..7698.13 rows=150613 width=4) (actual time=0.041..35.404 rows=120491 loops=3)
                                                                                       ->  Parallel Hash  (cost=270164.10..270164.10 rows=2 width=47) (actual time=2472.544..2472.544 rows=594 loops=3)
                                                                                             Buckets: 2048 (originally 1024)  Batches: 1 (originally 1)  Memory Usage: 216kB
                                                                                             ->  Hash Join  (cost=2.43..270164.10 rows=2 width=47) (actual time=297.641..1176.163 rows=594 loops=3)
                                                                                                   Hash Cond: (mi.info_type_id = it1.id)
                                                                                                   ->  Parallel Seq Scan on movie_info mi  (cost=0.00..270161.12 rows=200 width=51) (actual time=297.513..1175.455 rows=594 loops=3)
                                                                                                         Filter: ((info IS NOT NULL) AND ((note)::text ~~ '%internet%'::text) AND (((info)::text ~~ 'USA:% 199%'::text) OR ((info)::text ~~ 'USA:% 200%'::text)))
                                                                                                         Rows Removed by Filter: 4944646
                                                                                                   ->  Hash  (cost=2.41..2.41 rows=1 width=4) (actual time=0.055..0.055 rows=1 loops=3)
                                                                                                         Buckets: 1024  Batches: 1  Memory Usage: 9kB
                                                                                                         ->  Seq Scan on info_type it1  (cost=0.00..2.41 rows=1 width=4) (actual time=0.034..0.045 rows=1 loops=3)
                                                                                                               Filter: ((info)::text = 'release dates'::text)
                                                                                                               Rows Removed by Filter: 112
                                             ->  Hash  (cost=1.04..1.04 rows=4 width=4) (actual time=0.068..0.068 rows=4 loops=3)
                                                   Buckets: 1024  Batches: 1  Memory Usage: 9kB
                                                   ->  Seq Scan on company_type ct  (cost=0.00..1.04 rows=4 width=4) (actual time=0.043..0.044 rows=4 loops=3)
 Planning Time: 31.523 ms
 Execution Time: 3816.778 ms
(57 rows)

execute /home/pei/Project/benchmarks/imdb_job-postgres/skinner_explained/15d.sql_explained.sql
SET
SET
                                                                                                          QUERY PLAN                                                                                                           
-------------------------------------------------------------------------------------------------------------------------------------------------------------------------------------------------------------------------------
 Finalize Aggregate  (cost=397267.91..397267.92 rows=1 width=64) (actual time=2545.704..2545.704 rows=1 loops=1)
   ->  Gather  (cost=397267.69..397267.90 rows=2 width=64) (actual time=2544.333..2551.903 rows=3 loops=1)
         Workers Planned: 2
         Workers Launched: 2
         ->  Partial Aggregate  (cost=396267.69..396267.70 rows=1 width=64) (actual time=2537.036..2537.036 rows=1 loops=3)
               ->  Parallel Hash Join  (cost=345880.45..396258.32 rows=1873 width=38) (actual time=2101.858..2535.799 rows=3782 loops=3)
                     Hash Cond: (mk.keyword_id = k.id)
                     ->  Parallel Hash Join  (cost=341484.68..391857.62 rows=1873 width=42) (actual time=2031.991..2463.930 rows=3782 loops=3)
                           Hash Cond: (mk.movie_id = t.id)
                           ->  Parallel Seq Scan on movie_keyword mk  (cost=0.00..43303.71 rows=1884971 width=8) (actual time=0.043..255.707 rows=1507977 loops=3)
                           ->  Parallel Hash  (cost=341483.66..341483.66 rows=81 width=54) (actual time=2015.633..2015.633 rows=292 loops=3)
                                 Buckets: 1024  Batches: 1  Memory Usage: 136kB
                                 ->  Hash Join  (cost=336383.26..341483.66 rows=81 width=54) (actual time=1994.159..2015.318 rows=292 loops=3)
                                       Hash Cond: (mc.company_type_id = ct.id)
                                       ->  Parallel Hash Join  (cost=336382.17..341482.14 rows=81 width=58) (actual time=1994.046..2015.103 rows=292 loops=3)
                                             Hash Cond: (cn.id = mc.company_id)
                                             ->  Parallel Seq Scan on company_name cn  (cost=0.00..4722.92 rows=50229 width=4) (actual time=0.013..17.450 rows=28281 loops=3)
                                                   Filter: ((country_code)::text = '[us]'::text)
                                                   Rows Removed by Filter: 50051
                                             ->  Parallel Hash  (cost=336380.22..336380.22 rows=156 width=62) (actual time=1993.921..1993.921 rows=700 loops=3)
                                                   Buckets: 2048 (originally 1024)  Batches: 1 (originally 1)  Memory Usage: 312kB
                                                   ->  Parallel Hash Join  (cost=302641.96..336380.22 rows=156 width=62) (actual time=1692.292..1962.884 rows=700 loops=3)
                                                         Hash Cond: (mc.movie_id = t.id)
                                                         ->  Parallel Seq Scan on movie_companies mc  (cost=0.00..29661.37 rows=1087137 width=12) (actual time=0.185..155.640 rows=869710 loops=3)
                                                         ->  Parallel Hash  (cost=302641.58..302641.58 rows=30 width=50) (actual time=1691.085..1691.085 rows=195 loops=3)
                                                               Buckets: 1024  Batches: 1  Memory Usage: 104kB
                                                               ->  Parallel Hash Join  (cost=250733.50..302641.58 rows=30 width=50) (actual time=1357.649..1690.778 rows=195 loops=3)
                                                                     Hash Cond: (t.id = at.movie_id)
                                                                     ->  Parallel Seq Scan on title t  (cost=0.00..49166.29 rows=731112 width=21) (actual time=0.026..270.912 rows=583011 loops=3)
                                                                           Filter: (production_year > 1990)
                                                                           Rows Removed by Filter: 259760
                                                                     ->  Parallel Hash  (cost=250732.96..250732.96 rows=43 width=29) (actual time=1355.224..1355.224 rows=197 loops=3)
                                                                           Buckets: 1024  Batches: 1  Memory Usage: 104kB
                                                                           ->  Parallel Hash Join  (cost=239269.32..250732.96 rows=43 width=29) (actual time=1299.722..1354.832 rows=197 loops=3)
                                                                                 Hash Cond: (at.movie_id = mi.movie_id)
                                                                                 ->  Parallel Seq Scan on aka_title at  (cost=0.00..7698.13 rows=150613 width=25) (actual time=0.032..35.783 rows=120491 loops=3)
                                                                                 ->  Parallel Hash  (cost=239268.80..239268.80 rows=42 width=4) (actual time=1299.309..1299.309 rows=3560 loops=3)
                                                                                       Buckets: 16384 (originally 1024)  Batches: 1 (originally 1)  Memory Usage: 760kB
                                                                                       ->  Hash Join  (cost=2.43..239268.80 rows=42 width=4) (actual time=298.004..1209.121 rows=3560 loops=3)
                                                                                             Hash Cond: (mi.info_type_id = it1.id)
                                                                                             ->  Parallel Seq Scan on movie_info mi  (cost=0.00..239253.38 rows=4774 width=8) (actual time=46.981..1206.463 rows=3603 loops=3)
                                                                                                   Filter: ((note)::text ~~ '%internet%'::text)
                                                                                                   Rows Removed by Filter: 4941637
                                                                                             ->  Hash  (cost=2.41..2.41 rows=1 width=4) (actual time=0.045..0.045 rows=1 loops=3)
                                                                                                   Buckets: 1024  Batches: 1  Memory Usage: 9kB
                                                                                                   ->  Seq Scan on info_type it1  (cost=0.00..2.41 rows=1 width=4) (actual time=0.024..0.035 rows=1 loops=3)
                                                                                                         Filter: ((info)::text = 'release dates'::text)
                                                                                                         Rows Removed by Filter: 112
                                       ->  Hash  (cost=1.04..1.04 rows=4 width=4) (actual time=0.059..0.059 rows=4 loops=3)
                                             Buckets: 1024  Batches: 1  Memory Usage: 9kB
                                             ->  Seq Scan on company_type ct  (cost=0.00..1.04 rows=4 width=4) (actual time=0.039..0.041 rows=4 loops=3)
                     ->  Parallel Hash  (cost=3696.98..3696.98 rows=55904 width=4) (actual time=67.273..67.273 rows=44723 loops=3)
                           Buckets: 262144  Batches: 1  Memory Usage: 7328kB
                           ->  Parallel Index Only Scan using keyword_pkey on keyword k  (cost=0.42..3696.98 rows=55904 width=4) (actual time=0.059..44.227 rows=44723 loops=3)
                                 Heap Fetches: 134170
 Planning Time: 31.394 ms
 Execution Time: 2552.704 ms
(57 rows)

execute /home/pei/Project/benchmarks/imdb_job-postgres/skinner_explained/16a.sql_explained.sql
SET
SET
                                                                                                       QUERY PLAN                                                                                                        
-------------------------------------------------------------------------------------------------------------------------------------------------------------------------------------------------------------------------
 Finalize Aggregate  (cost=683598.14..683598.15 rows=1 width=64) (actual time=6081.275..6081.276 rows=1 loops=1)
   ->  Gather  (cost=683597.92..683598.13 rows=2 width=64) (actual time=6080.090..6087.316 rows=3 loops=1)
         Workers Planned: 2
         Workers Launched: 2
         ->  Partial Aggregate  (cost=682597.92..682597.93 rows=1 width=64) (actual time=6073.041..6073.042 rows=1 loops=3)
               ->  Parallel Hash Join  (cost=666037.80..682597.77 rows=31 width=33) (actual time=5960.065..6072.913 rows=128 loops=3)
                     Hash Cond: (an.person_id = n.id)
                     ->  Parallel Seq Scan on aka_name an  (cost=0.00..15151.60 rows=375560 width=20) (actual time=0.027..76.321 rows=300448 loops=3)
                     ->  Parallel Hash  (cost=666037.56..666037.56 rows=19 width=25) (actual time=5956.241..5956.241 rows=108 loops=3)
                           Buckets: 1024  Batches: 1  Memory Usage: 104kB
                           ->  Parallel Hash Join  (cost=661126.21..666037.56 rows=19 width=25) (actual time=5935.836..5956.093 rows=108 loops=3)
                                 Hash Cond: (cn.id = mc.company_id)
                                 ->  Parallel Seq Scan on company_name cn  (cost=0.00..4722.92 rows=50229 width=4) (actual time=0.021..17.869 rows=28281 loops=3)
                                       Filter: ((country_code)::text = '[us]'::text)
                                       Rows Removed by Filter: 50051
                                 ->  Parallel Hash  (cost=661125.74..661125.74 rows=37 width=29) (actual time=5935.172..5935.172 rows=363 loops=3)
                                       Buckets: 1024  Batches: 1  Memory Usage: 136kB
                                       ->  Parallel Hash Join  (cost=627387.45..661125.74 rows=37 width=29) (actual time=5670.498..5934.931 rows=363 loops=3)
                                             Hash Cond: (mc.movie_id = ci.movie_id)
                                             ->  Parallel Seq Scan on movie_companies mc  (cost=0.00..29661.37 rows=1087137 width=8) (actual time=0.032..156.108 rows=869710 loops=3)
                                             ->  Parallel Hash  (cost=627387.27..627387.27 rows=14 width=37) (actual time=5660.400..5660.400 rows=391 loops=3)
                                                   Buckets: 1024  Batches: 1  Memory Usage: 168kB
                                                   ->  Parallel Hash Join  (cost=547897.96..627387.27 rows=14 width=37) (actual time=5092.192..5659.897 rows=391 loops=3)
                                                         Hash Cond: (n.id = ci.person_id)
                                                         ->  Parallel Seq Scan on name n  (cost=0.00..72977.55 rows=1736455 width=4) (actual time=0.052..369.219 rows=1389164 loops=3)
                                                         ->  Parallel Hash  (cost=547897.79..547897.79 rows=14 width=33) (actual time=5090.086..5090.086 rows=391 loops=3)
                                                               Buckets: 1024  Batches: 1  Memory Usage: 136kB
                                                               ->  Parallel Hash Join  (cost=103031.36..547897.79 rows=14 width=33) (actual time=791.046..5089.320 rows=391 loops=3)
                                                                     Hash Cond: (ci.movie_id = mk.movie_id)
                                                                     ->  Parallel Hash Join  (cost=52153.14..495500.56 rows=405052 width=29) (actual time=268.606..4492.974 rows=388676 loops=3)
                                                                           Hash Cond: (ci.movie_id = t.id)
                                                                           ->  Parallel Seq Scan on cast_info ci  (cost=0.00..403705.10 rows=15101810 width=8) (actual time=0.027..2166.667 rows=12081448 loops=3)
                                                                           ->  Parallel Hash  (cost=51799.95..51799.95 rows=28255 width=21) (actual time=267.342..267.342 rows=22748 loops=3)
                                                                                 Buckets: 131072  Batches: 1  Memory Usage: 4736kB
                                                                                 ->  Parallel Seq Scan on title t  (cost=0.00..51799.95 rows=28255 width=21) (actual time=0.032..248.348 rows=22748 loops=3)
                                                                                       Filter: ((episode_nr >= 50) AND (episode_nr < 100))
                                                                                       Rows Removed by Filter: 820022
                                                                     ->  Parallel Hash  (cost=50878.05..50878.05 rows=14 width=4) (actual time=513.704..513.704 rows=13947 loops=3)
                                                                           Buckets: 65536 (originally 1024)  Batches: 1 (originally 1)  Memory Usage: 2680kB
                                                                           ->  Hash Join  (cost=2626.14..50878.05 rows=14 width=4) (actual time=20.534..459.891 rows=13947 loops=3)
                                                                                 Hash Cond: (mk.keyword_id = k.id)
                                                                                 ->  Parallel Seq Scan on movie_keyword mk  (cost=0.00..43303.71 rows=1884971 width=8) (actual time=0.042..252.322 rows=1507977 loops=3)
                                                                                 ->  Hash  (cost=2626.12..2626.12 rows=1 width=4) (actual time=20.270..20.270 rows=1 loops=3)
                                                                                       Buckets: 1024  Batches: 1  Memory Usage: 9kB
                                                                                       ->  Seq Scan on keyword k  (cost=0.00..2626.12 rows=1 width=4) (actual time=1.051..20.252 rows=1 loops=3)
                                                                                             Filter: ((keyword)::text = 'character-name-in-title'::text)
                                                                                             Rows Removed by Filter: 134169
 Planning Time: 15.553 ms
 Execution Time: 6088.046 ms
(49 rows)

execute /home/pei/Project/benchmarks/imdb_job-postgres/skinner_explained/16b.sql_explained.sql
SET
SET
                                                                                                          QUERY PLAN                                                                                                           
-------------------------------------------------------------------------------------------------------------------------------------------------------------------------------------------------------------------------------
 Finalize Aggregate  (cost=697874.98..697874.99 rows=1 width=64) (actual time=10023.165..10023.165 rows=1 loops=1)
   ->  Gather  (cost=697874.76..697874.97 rows=2 width=64) (actual time=10016.312..10372.012 rows=3 loops=1)
         Workers Planned: 2
         Workers Launched: 2
         ->  Partial Aggregate  (cost=696874.76..696874.77 rows=1 width=64) (actual time=10008.795..10008.796 rows=1 loops=3)
               ->  Parallel Hash Join  (cost=617374.97..696869.01 rows=1150 width=33) (actual time=8758.461..9666.866 rows=1236864 loops=3)
                     Hash Cond: (n.id = an.person_id)
                     ->  Parallel Seq Scan on name n  (cost=0.00..72977.55 rows=1736455 width=4) (actual time=0.048..398.782 rows=1389164 loops=3)
                     ->  Parallel Hash  (cost=617360.59..617360.59 rows=1150 width=41) (actual time=7771.550..7771.550 rows=1236864 loops=3)
                           Buckets: 65536 (originally 4096)  Batches: 128 (originally 1)  Memory Usage: 4064kB
                           ->  Parallel Hash Join  (cost=600795.85..617360.59 rows=1150 width=41) (actual time=6764.018..7223.880 rows=1236864 loops=3)
                                 Hash Cond: (an.person_id = ci.person_id)
                                 ->  Parallel Seq Scan on aka_name an  (cost=0.00..15151.60 rows=375560 width=20) (actual time=0.029..79.216 rows=300448 loops=3)
                                 ->  Parallel Hash  (cost=600789.59..600789.59 rows=501 width=21) (actual time=6549.685..6549.685 rows=944185 loops=3)
                                       Buckets: 65536 (originally 2048)  Batches: 64 (originally 1)  Memory Usage: 3456kB
                                       ->  Parallel Hash Join  (cost=140451.09..600789.59 rows=501 width=21) (actual time=1395.169..5909.456 rows=944185 loops=3)
                                             Hash Cond: (ci.movie_id = t.id)
                                             ->  Parallel Seq Scan on cast_info ci  (cost=0.00..403705.10 rows=15101810 width=8) (actual time=0.040..2277.828 rows=12081448 loops=3)
                                             ->  Parallel Hash  (cost=140450.75..140450.75 rows=27 width=29) (actual time=1395.007..1395.007 rows=22772 loops=3)
                                                   Buckets: 131072 (originally 1024)  Batches: 1 (originally 1)  Memory Usage: 6776kB
                                                   ->  Parallel Hash Join  (cost=106712.36..140450.75 rows=27 width=29) (actual time=1007.413..1346.517 rows=22772 loops=3)
                                                         Hash Cond: (mc.company_id = cn.id)
                                                         ->  Parallel Hash Join  (cost=101361.58..135099.77 rows=74 width=33) (actual time=966.536..1288.610 rows=49517 loops=3)
                                                               Hash Cond: (mc.movie_id = t.id)
                                                               ->  Parallel Seq Scan on movie_companies mc  (cost=0.00..29661.37 rows=1087137 width=8) (actual time=0.026..167.809 rows=869710 loops=3)
                                                               ->  Parallel Hash  (cost=101361.41..101361.41 rows=14 width=25) (actual time=966.134..966.134 rows=13947 loops=3)
                                                                     Buckets: 65536 (originally 1024)  Batches: 1 (originally 1)  Memory Usage: 3800kB
                                                                     ->  Parallel Hash Join  (cost=50878.23..101361.41 rows=14 width=25) (actual time=532.163..895.672 rows=13947 loops=3)
                                                                           Hash Cond: (t.id = mk.movie_id)
                                                                           ->  Parallel Seq Scan on title t  (cost=0.00..46532.63 rows=1053463 width=21) (actual time=0.037..223.041 rows=842771 loops=3)
                                                                           ->  Parallel Hash  (cost=50878.05..50878.05 rows=14 width=4) (actual time=531.964..531.965 rows=13947 loops=3)
                                                                                 Buckets: 65536 (originally 1024)  Batches: 1 (originally 1)  Memory Usage: 2680kB
                                                                                 ->  Hash Join  (cost=2626.14..50878.05 rows=14 width=4) (actual time=19.987..469.723 rows=13947 loops=3)
                                                                                       Hash Cond: (mk.keyword_id = k.id)
                                                                                       ->  Parallel Seq Scan on movie_keyword mk  (cost=0.00..43303.71 rows=1884971 width=8) (actual time=0.075..263.361 rows=1507977 loops=3)
                                                                                       ->  Hash  (cost=2626.12..2626.12 rows=1 width=4) (actual time=19.808..19.808 rows=1 loops=3)
                                                                                             Buckets: 1024  Batches: 1  Memory Usage: 9kB
                                                                                             ->  Seq Scan on keyword k  (cost=0.00..2626.12 rows=1 width=4) (actual time=0.762..19.796 rows=1 loops=3)
                                                                                                   Filter: ((keyword)::text = 'character-name-in-title'::text)
                                                                                                   Rows Removed by Filter: 134169
                                                         ->  Parallel Hash  (cost=4722.92..4722.92 rows=50229 width=4) (actual time=39.859..39.859 rows=28281 loops=3)
                                                               Buckets: 131072  Batches: 1  Memory Usage: 4416kB
                                                               ->  Parallel Seq Scan on company_name cn  (cost=0.00..4722.92 rows=50229 width=4) (actual time=0.032..23.860 rows=28281 loops=3)
                                                                     Filter: ((country_code)::text = '[us]'::text)
                                                                     Rows Removed by Filter: 50051
 Planning Time: 14.734 ms
 Execution Time: 10374.116 ms
(47 rows)

execute /home/pei/Project/benchmarks/imdb_job-postgres/skinner_explained/16c.sql_explained.sql
SET
SET
                                                                                                          QUERY PLAN                                                                                                           
-------------------------------------------------------------------------------------------------------------------------------------------------------------------------------------------------------------------------------
 Finalize Aggregate  (cost=698025.50..698025.51 rows=1 width=64) (actual time=7438.936..7438.936 rows=1 loops=1)
   ->  Gather  (cost=698025.28..698025.49 rows=2 width=64) (actual time=7432.736..7582.768 rows=3 loops=1)
         Workers Planned: 2
         Workers Launched: 2
         ->  Partial Aggregate  (cost=697025.28..697025.29 rows=1 width=64) (actual time=7425.475..7425.476 rows=1 loops=3)
               ->  Parallel Hash Join  (cost=617532.05..697023.11 rows=434 width=33) (actual time=6995.777..7392.959 rows=106644 loops=3)
                     Hash Cond: (n.id = an.person_id)
                     ->  Parallel Seq Scan on name n  (cost=0.00..72977.55 rows=1736455 width=4) (actual time=0.045..398.907 rows=1389164 loops=3)
                     ->  Parallel Hash  (cost=617526.63..617526.63 rows=434 width=41) (actual time=6072.608..6072.608 rows=106644 loops=3)
                           Buckets: 65536 (originally 2048)  Batches: 8 (originally 1)  Memory Usage: 4256kB
                           ->  Parallel Hash Join  (cost=600964.87..617526.63 rows=434 width=41) (actual time=5875.957..5990.870 rows=106644 loops=3)
                                 Hash Cond: (an.person_id = ci.person_id)
                                 ->  Parallel Seq Scan on aka_name an  (cost=0.00..15151.60 rows=375560 width=20) (actual time=0.028..82.968 rows=300448 loops=3)
                                 ->  Parallel Hash  (cost=600962.51..600962.51 rows=189 width=21) (actual time=5675.107..5675.107 rows=73870 loops=3)
                                       Buckets: 65536 (originally 1024)  Batches: 8 (originally 1)  Memory Usage: 2368kB
                                       ->  Parallel Hash Join  (cost=140625.02..600962.51 rows=189 width=21) (actual time=1276.601..5485.296 rows=73870 loops=3)
                                             Hash Cond: (ci.movie_id = t.id)
                                             ->  Parallel Seq Scan on cast_info ci  (cost=0.00..403705.10 rows=15101810 width=8) (actual time=0.033..2312.742 rows=12081448 loops=3)
                                             ->  Parallel Hash  (cost=140624.89..140624.89 rows=10 width=29) (actual time=1276.328..1276.328 rows=2846 loops=3)
                                                   Buckets: 8192 (originally 1024)  Batches: 1 (originally 1)  Memory Usage: 760kB
                                                   ->  Parallel Hash Join  (cost=106886.67..140624.89 rows=10 width=29) (actual time=954.293..1250.343 rows=2846 loops=3)
                                                         Hash Cond: (mc.company_id = cn.id)
                                                         ->  Parallel Hash Join  (cost=101535.88..135274.04 rows=28 width=33) (actual time=913.631..1207.928 rows=3802 loops=3)
                                                               Hash Cond: (mc.movie_id = t.id)
                                                               ->  Parallel Seq Scan on movie_companies mc  (cost=0.00..29661.37 rows=1087137 width=8) (actual time=0.040..168.098 rows=869710 loops=3)
                                                               ->  Parallel Hash  (cost=101535.82..101535.82 rows=5 width=25) (actual time=912.866..912.866 rows=2309 loops=3)
                                                                     Buckets: 8192 (originally 1024)  Batches: 1 (originally 1)  Memory Usage: 600kB
                                                                     ->  Parallel Hash Join  (cost=50878.23..101535.82 rows=5 width=25) (actual time=535.210..856.673 rows=2309 loops=3)
                                                                           Hash Cond: (t.id = mk.movie_id)
                                                                           ->  Parallel Seq Scan on title t  (cost=0.00..49166.29 rows=397676 width=21) (actual time=0.027..273.627 rows=315635 loops=3)
                                                                                 Filter: (episode_nr < 100)
                                                                                 Rows Removed by Filter: 527135
                                                                           ->  Parallel Hash  (cost=50878.05..50878.05 rows=14 width=4) (actual time=535.011..535.011 rows=13947 loops=3)
                                                                                 Buckets: 65536 (originally 1024)  Batches: 1 (originally 1)  Memory Usage: 2680kB
                                                                                 ->  Hash Join  (cost=2626.14..50878.05 rows=14 width=4) (actual time=20.658..469.800 rows=13947 loops=3)
                                                                                       Hash Cond: (mk.keyword_id = k.id)
                                                                                       ->  Parallel Seq Scan on movie_keyword mk  (cost=0.00..43303.71 rows=1884971 width=8) (actual time=0.066..263.509 rows=1507977 loops=3)
                                                                                       ->  Hash  (cost=2626.12..2626.12 rows=1 width=4) (actual time=19.760..19.761 rows=1 loops=3)
                                                                                             Buckets: 1024  Batches: 1  Memory Usage: 9kB
                                                                                             ->  Seq Scan on keyword k  (cost=0.00..2626.12 rows=1 width=4) (actual time=0.790..19.748 rows=1 loops=3)
                                                                                                   Filter: ((keyword)::text = 'character-name-in-title'::text)
                                                                                                   Rows Removed by Filter: 134169
                                                         ->  Parallel Hash  (cost=4722.92..4722.92 rows=50229 width=4) (actual time=39.809..39.809 rows=28281 loops=3)
                                                               Buckets: 131072  Batches: 1  Memory Usage: 4384kB
                                                               ->  Parallel Seq Scan on company_name cn  (cost=0.00..4722.92 rows=50229 width=4) (actual time=0.028..23.641 rows=28281 loops=3)
                                                                     Filter: ((country_code)::text = '[us]'::text)
                                                                     Rows Removed by Filter: 50051
 Planning Time: 14.630 ms
 Execution Time: 7583.487 ms
(49 rows)

execute /home/pei/Project/benchmarks/imdb_job-postgres/skinner_explained/16d.sql_explained.sql
SET
SET
                                                                                                          QUERY PLAN                                                                                                           
-------------------------------------------------------------------------------------------------------------------------------------------------------------------------------------------------------------------------------
 Finalize Aggregate  (cost=700256.85..700256.86 rows=1 width=64) (actual time=7224.299..7224.299 rows=1 loops=1)
   ->  Gather  (cost=700256.63..700256.84 rows=2 width=64) (actual time=7220.890..7353.241 rows=3 loops=1)
         Workers Planned: 2
         Workers Launched: 2
         ->  Partial Aggregate  (cost=699256.63..699256.64 rows=1 width=64) (actual time=7213.702..7213.703 rows=1 loops=3)
               ->  Parallel Hash Join  (cost=619764.46..699255.04 rows=318 width=33) (actual time=6808.544..7187.959 rows=83152 loops=3)
                     Hash Cond: (n.id = an.person_id)
                     ->  Parallel Seq Scan on name n  (cost=0.00..72977.55 rows=1736455 width=4) (actual time=0.047..386.819 rows=1389164 loops=3)
                     ->  Parallel Hash  (cost=619760.48..619760.48 rows=318 width=41) (actual time=5902.126..5902.126 rows=83152 loops=3)
                           Buckets: 65536 (originally 1024)  Batches: 8 (originally 1)  Memory Usage: 3424kB
                           ->  Parallel Hash Join  (cost=603199.22..619760.48 rows=318 width=41) (actual time=5729.640..5832.117 rows=83152 loops=3)
                                 Hash Cond: (an.person_id = ci.person_id)
                                 ->  Parallel Seq Scan on aka_name an  (cost=0.00..15151.60 rows=375560 width=20) (actual time=0.292..76.040 rows=300448 loops=3)
                                 ->  Parallel Hash  (cost=603197.49..603197.49 rows=138 width=21) (actual time=5536.765..5536.765 rows=56424 loops=3)
                                       Buckets: 65536 (originally 1024)  Batches: 8 (originally 1)  Memory Usage: 1920kB
                                       ->  Parallel Hash Join  (cost=142860.13..603197.49 rows=138 width=21) (actual time=1409.500..5353.527 rows=56424 loops=3)
                                             Hash Cond: (ci.movie_id = t.id)
                                             ->  Parallel Seq Scan on cast_info ci  (cost=0.00..403705.10 rows=15101810 width=8) (actual time=0.330..2136.097 rows=12081448 loops=3)
                                             ->  Parallel Hash  (cost=142860.03..142860.03 rows=8 width=29) (actual time=1408.562..1408.562 rows=2255 loops=3)
                                                   Buckets: 8192 (originally 1024)  Batches: 1 (originally 1)  Memory Usage: 632kB
                                                   ->  Parallel Hash Join  (cost=109121.82..142860.03 rows=8 width=29) (actual time=1095.174..1376.067 rows=2255 loops=3)
                                                         Hash Cond: (mc.company_id = cn.id)
                                                         ->  Parallel Hash Join  (cost=103771.04..137509.19 rows=20 width=33) (actual time=1057.734..1337.216 rows=2887 loops=3)
                                                               Hash Cond: (mc.movie_id = t.id)
                                                               ->  Parallel Seq Scan on movie_companies mc  (cost=0.00..29661.37 rows=1087137 width=8) (actual time=0.132..157.295 rows=869710 loops=3)
                                                               ->  Parallel Hash  (cost=103770.99..103770.99 rows=4 width=25) (actual time=1056.984..1056.984 rows=1795 loops=3)
                                                                     Buckets: 8192 (originally 1024)  Batches: 1 (originally 1)  Memory Usage: 536kB
                                                                     ->  Parallel Hash Join  (cost=50878.23..103770.99 rows=4 width=25) (actual time=527.520..820.140 rows=1795 loops=3)
                                                                           Hash Cond: (t.id = mk.movie_id)
                                                                           ->  Parallel Seq Scan on title t  (cost=0.00..51799.95 rows=291411 width=21) (actual time=0.030..257.027 rows=230852 loops=3)
                                                                                 Filter: ((episode_nr >= 5) AND (episode_nr < 100))
                                                                                 Rows Removed by Filter: 611919
                                                                           ->  Parallel Hash  (cost=50878.05..50878.05 rows=14 width=4) (actual time=527.225..527.225 rows=13947 loops=3)
                                                                                 Buckets: 65536 (originally 1024)  Batches: 1 (originally 1)  Memory Usage: 2680kB
                                                                                 ->  Hash Join  (cost=2626.14..50878.05 rows=14 width=4) (actual time=19.227..461.491 rows=13947 loops=3)
                                                                                       Hash Cond: (mk.keyword_id = k.id)
                                                                                       ->  Parallel Seq Scan on movie_keyword mk  (cost=0.00..43303.71 rows=1884971 width=8) (actual time=0.063..256.317 rows=1507977 loops=3)
                                                                                       ->  Hash  (cost=2626.12..2626.12 rows=1 width=4) (actual time=19.057..19.057 rows=1 loops=3)
                                                                                             Buckets: 1024  Batches: 1  Memory Usage: 9kB
                                                                                             ->  Seq Scan on keyword k  (cost=0.00..2626.12 rows=1 width=4) (actual time=0.747..19.045 rows=1 loops=3)
                                                                                                   Filter: ((keyword)::text = 'character-name-in-title'::text)
                                                                                                   Rows Removed by Filter: 134169
                                                         ->  Parallel Hash  (cost=4722.92..4722.92 rows=50229 width=4) (actual time=36.541..36.541 rows=28281 loops=3)
                                                               Buckets: 131072  Batches: 1  Memory Usage: 4384kB
                                                               ->  Parallel Seq Scan on company_name cn  (cost=0.00..4722.92 rows=50229 width=4) (actual time=0.025..22.487 rows=28281 loops=3)
                                                                     Filter: ((country_code)::text = '[us]'::text)
                                                                     Rows Removed by Filter: 50051
 Planning Time: 14.653 ms
 Execution Time: 7353.964 ms
(49 rows)

execute /home/pei/Project/benchmarks/imdb_job-postgres/skinner_explained/17a.sql_explained.sql
SET
SET
                                                                                                    QUERY PLAN                                                                                                     
-------------------------------------------------------------------------------------------------------------------------------------------------------------------------------------------------------------------
 Finalize Aggregate  (cost=680693.62..680693.63 rows=1 width=64) (actual time=6841.194..6841.195 rows=1 loops=1)
   ->  Gather  (cost=680693.40..680693.61 rows=2 width=32) (actual time=6836.642..6903.883 rows=3 loops=1)
         Workers Planned: 2
         Workers Launched: 2
         ->  Partial Aggregate  (cost=679693.40..679693.41 rows=1 width=32) (actual time=6830.053..6830.054 rows=1 loops=3)
               ->  Parallel Hash Join  (cost=600795.85..679693.30 rows=40 width=15) (actual time=6562.872..6811.743 rows=86096 loops=3)
                     Hash Cond: (n.id = ci.person_id)
                     ->  Parallel Seq Scan on name n  (cost=0.00..77318.68 rows=140320 width=19) (actual time=8.940..435.001 rows=114466 loops=3)
                           Filter: ((name)::text ~~ 'B%'::text)
                           Rows Removed by Filter: 1274697
                     ->  Parallel Hash  (cost=600789.59..600789.59 rows=501 width=4) (actual time=6068.328..6068.328 rows=944185 loops=3)
                           Buckets: 65536 (originally 2048)  Batches: 32 (originally 1)  Memory Usage: 4192kB
                           ->  Parallel Hash Join  (cost=140451.09..600789.59 rows=501 width=4) (actual time=1367.133..5628.265 rows=944185 loops=3)
                                 Hash Cond: (ci.movie_id = t.id)
                                 ->  Parallel Seq Scan on cast_info ci  (cost=0.00..403705.10 rows=15101810 width=8) (actual time=0.031..2164.079 rows=12081448 loops=3)
                                 ->  Parallel Hash  (cost=140450.75..140450.75 rows=27 width=12) (actual time=1367.013..1367.013 rows=22772 loops=3)
                                       Buckets: 131072 (originally 1024)  Batches: 1 (originally 1)  Memory Usage: 5304kB
                                       ->  Parallel Hash Join  (cost=106712.36..140450.75 rows=27 width=12) (actual time=1008.112..1320.117 rows=22772 loops=3)
                                             Hash Cond: (mc.company_id = cn.id)
                                             ->  Parallel Hash Join  (cost=101361.58..135099.77 rows=74 width=16) (actual time=970.666..1268.016 rows=49517 loops=3)
                                                   Hash Cond: (mc.movie_id = t.id)
                                                   ->  Parallel Seq Scan on movie_companies mc  (cost=0.00..29661.37 rows=1087137 width=8) (actual time=0.077..155.933 rows=869710 loops=3)
                                                   ->  Parallel Hash  (cost=101361.41..101361.41 rows=14 width=8) (actual time=970.191..970.191 rows=13947 loops=3)
                                                         Buckets: 65536 (originally 1024)  Batches: 1 (originally 1)  Memory Usage: 2680kB
                                                         ->  Parallel Hash Join  (cost=50878.23..101361.41 rows=14 width=8) (actual time=519.353..870.912 rows=13947 loops=3)
                                                               Hash Cond: (t.id = mk.movie_id)
                                                               ->  Parallel Seq Scan on title t  (cost=0.00..46532.63 rows=1053463 width=4) (actual time=0.039..214.085 rows=842771 loops=3)
                                                               ->  Parallel Hash  (cost=50878.05..50878.05 rows=14 width=4) (actual time=519.151..519.151 rows=13947 loops=3)
                                                                     Buckets: 65536 (originally 1024)  Batches: 1 (originally 1)  Memory Usage: 2680kB
                                                                     ->  Hash Join  (cost=2626.14..50878.05 rows=14 width=4) (actual time=19.613..460.659 rows=13947 loops=3)
                                                                           Hash Cond: (mk.keyword_id = k.id)
                                                                           ->  Parallel Seq Scan on movie_keyword mk  (cost=0.00..43303.71 rows=1884971 width=8) (actual time=0.042..254.342 rows=1507977 loops=3)
                                                                           ->  Hash  (cost=2626.12..2626.12 rows=1 width=4) (actual time=19.442..19.443 rows=1 loops=3)
                                                                                 Buckets: 1024  Batches: 1  Memory Usage: 9kB
                                                                                 ->  Seq Scan on keyword k  (cost=0.00..2626.12 rows=1 width=4) (actual time=0.770..19.416 rows=1 loops=3)
                                                                                       Filter: ((keyword)::text = 'character-name-in-title'::text)
                                                                                       Rows Removed by Filter: 134169
                                             ->  Parallel Hash  (cost=4722.92..4722.92 rows=50229 width=4) (actual time=36.523..36.523 rows=28281 loops=3)
                                                   Buckets: 131072  Batches: 1  Memory Usage: 4416kB
                                                   ->  Parallel Seq Scan on company_name cn  (cost=0.00..4722.92 rows=50229 width=4) (actual time=0.026..22.819 rows=28281 loops=3)
                                                         Filter: ((country_code)::text = '[us]'::text)
                                                         Rows Removed by Filter: 50051
 Planning Time: 9.351 ms
 Execution Time: 6905.981 ms
(44 rows)

execute /home/pei/Project/benchmarks/imdb_job-postgres/skinner_explained/17b.sql_explained.sql
SET
SET
                                                                                                 QUERY PLAN                                                                                                  
-------------------------------------------------------------------------------------------------------------------------------------------------------------------------------------------------------------
 Finalize Aggregate  (cost=661669.41..661669.42 rows=1 width=64) (actual time=8018.188..8018.188 rows=1 loops=1)
   ->  Gather  (cost=661669.19..661669.40 rows=2 width=32) (actual time=8016.409..8024.216 rows=3 loops=1)
         Workers Planned: 2
         Workers Launched: 2
         ->  Partial Aggregate  (cost=660669.19..660669.20 rows=1 width=32) (actual time=8009.687..8009.687 rows=1 loops=3)
               ->  Parallel Hash Join  (cost=610186.06..660669.19 rows=1 width=15) (actual time=7656.750..8004.995 rows=17435 loops=3)
                     Hash Cond: (t.id = ci.movie_id)
                     ->  Parallel Seq Scan on title t  (cost=0.00..46532.63 rows=1053463 width=4) (actual time=0.038..216.652 rows=842771 loops=3)
                     ->  Parallel Hash  (cost=610186.05..610186.05 rows=1 width=27) (actual time=7654.935..7654.935 rows=17435 loops=3)
                           Buckets: 65536 (originally 1024)  Batches: 1 (originally 1)  Memory Usage: 4312kB
                           ->  Parallel Hash Join  (cost=605290.32..610186.05 rows=1 width=27) (actual time=7605.470..7639.305 rows=17435 loops=3)
                                 Hash Cond: (cn.id = mc.company_id)
                                 ->  Parallel Seq Scan on company_name cn  (cost=0.00..4377.34 rows=138234 width=4) (actual time=0.011..14.731 rows=78332 loops=3)
                                 ->  Parallel Hash  (cost=605290.31..605290.31 rows=1 width=31) (actual time=7605.380..7605.380 rows=17435 loops=3)
                                       Buckets: 65536 (originally 1024)  Batches: 1 (originally 1)  Memory Usage: 4472kB
                                       ->  Parallel Hash Join  (cost=571552.17..605290.31 rows=1 width=31) (actual time=7285.319..7575.245 rows=17435 loops=3)
                                             Hash Cond: (mc.movie_id = ci.movie_id)
                                             ->  Parallel Seq Scan on movie_companies mc  (cost=0.00..29661.37 rows=1087137 width=8) (actual time=0.033..159.240 rows=869710 loops=3)
                                             ->  Parallel Hash  (cost=571552.15..571552.15 rows=1 width=23) (actual time=7284.428..7284.428 rows=2214 loops=3)
                                                   Buckets: 8192 (originally 1024)  Batches: 1 (originally 1)  Memory Usage: 536kB
                                                   ->  Parallel Hash Join  (cost=128199.08..571552.15 rows=1 width=23) (actual time=2230.484..4675.727 rows=2214 loops=3)
                                                         Hash Cond: (ci.movie_id = mk.movie_id)
                                                         ->  Parallel Hash Join  (cost=77320.86..520668.25 rows=1511 width=19) (actual time=1718.858..4147.852 rows=89570 loops=3)
                                                               Hash Cond: (ci.person_id = n.id)
                                                               ->  Parallel Seq Scan on cast_info ci  (cost=0.00..403705.10 rows=15101810 width=8) (actual time=0.036..2132.311 rows=12081448 loops=3)
                                                               ->  Parallel Hash  (cost=77318.68..77318.68 rows=174 width=19) (actual time=438.380..438.380 rows=12058 loops=3)
                                                                     Buckets: 65536 (originally 1024)  Batches: 1 (originally 1)  Memory Usage: 3032kB
                                                                     ->  Parallel Seq Scan on name n  (cost=0.00..77318.68 rows=174 width=19) (actual time=176.739..426.169 rows=12058 loops=3)
                                                                           Filter: ((name)::text ~~ 'Z%'::text)
                                                                           Rows Removed by Filter: 1377106
                                                         ->  Parallel Hash  (cost=50878.05..50878.05 rows=14 width=4) (actual time=511.505..511.505 rows=13947 loops=3)
                                                               Buckets: 65536 (originally 1024)  Batches: 1 (originally 1)  Memory Usage: 2680kB
                                                               ->  Hash Join  (cost=2626.14..50878.05 rows=14 width=4) (actual time=20.609..459.416 rows=13947 loops=3)
                                                                     Hash Cond: (mk.keyword_id = k.id)
                                                                     ->  Parallel Seq Scan on movie_keyword mk  (cost=0.00..43303.71 rows=1884971 width=8) (actual time=0.044..252.213 rows=1507977 loops=3)
                                                                     ->  Hash  (cost=2626.12..2626.12 rows=1 width=4) (actual time=20.415..20.415 rows=1 loops=3)
                                                                           Buckets: 1024  Batches: 1  Memory Usage: 9kB
                                                                           ->  Seq Scan on keyword k  (cost=0.00..2626.12 rows=1 width=4) (actual time=1.041..20.397 rows=1 loops=3)
                                                                                 Filter: ((keyword)::text = 'character-name-in-title'::text)
                                                                                 Rows Removed by Filter: 134169
 Planning Time: 9.416 ms
 Execution Time: 8025.527 ms
(42 rows)

execute /home/pei/Project/benchmarks/imdb_job-postgres/skinner_explained/17c.sql_explained.sql
SET
SET
                                                                                                 QUERY PLAN                                                                                                  
-------------------------------------------------------------------------------------------------------------------------------------------------------------------------------------------------------------
 Finalize Aggregate  (cost=661669.41..661669.42 rows=1 width=64) (actual time=5509.350..5509.350 rows=1 loops=1)
   ->  Gather  (cost=661669.19..661669.40 rows=2 width=32) (actual time=5508.759..5515.292 rows=3 loops=1)
         Workers Planned: 2
         Workers Launched: 2
         ->  Partial Aggregate  (cost=660669.19..660669.20 rows=1 width=32) (actual time=5502.014..5502.014 rows=1 loops=3)
               ->  Parallel Hash Join  (cost=610186.06..660669.19 rows=1 width=15) (actual time=5188.641..5501.773 rows=639 loops=3)
                     Hash Cond: (t.id = ci.movie_id)
                     ->  Parallel Seq Scan on title t  (cost=0.00..46532.63 rows=1053463 width=4) (actual time=0.034..217.327 rows=842771 loops=3)
                     ->  Parallel Hash  (cost=610186.05..610186.05 rows=1 width=27) (actual time=5169.703..5169.703 rows=639 loops=3)
                           Buckets: 2048 (originally 1024)  Batches: 1 (originally 1)  Memory Usage: 216kB
                           ->  Parallel Hash Join  (cost=605290.32..610186.05 rows=1 width=27) (actual time=5120.754..5144.805 rows=639 loops=3)
                                 Hash Cond: (cn.id = mc.company_id)
                                 ->  Parallel Seq Scan on company_name cn  (cost=0.00..4377.34 rows=138234 width=4) (actual time=0.014..13.106 rows=78332 loops=3)
                                 ->  Parallel Hash  (cost=605290.31..605290.31 rows=1 width=31) (actual time=5120.617..5120.617 rows=639 loops=3)
                                       Buckets: 2048 (originally 1024)  Batches: 1 (originally 1)  Memory Usage: 216kB
                                       ->  Parallel Hash Join  (cost=571552.17..605290.31 rows=1 width=31) (actual time=4850.567..5109.729 rows=639 loops=3)
                                             Hash Cond: (mc.movie_id = ci.movie_id)
                                             ->  Parallel Seq Scan on movie_companies mc  (cost=0.00..29661.37 rows=1087137 width=8) (actual time=0.030..156.566 rows=869710 loops=3)
                                             ->  Parallel Hash  (cost=571552.15..571552.15 rows=1 width=23) (actual time=4842.421..4842.421 rows=83 loops=3)
                                                   Buckets: 1024  Batches: 1  Memory Usage: 104kB
                                                   ->  Parallel Hash Join  (cost=128199.08..571552.15 rows=1 width=23) (actual time=2375.427..4842.229 rows=83 loops=3)
                                                         Hash Cond: (ci.movie_id = mk.movie_id)
                                                         ->  Parallel Hash Join  (cost=77320.86..520668.25 rows=1511 width=19) (actual time=1872.139..4337.648 rows=4167 loops=3)
                                                               Hash Cond: (ci.person_id = n.id)
                                                               ->  Parallel Seq Scan on cast_info ci  (cost=0.00..403705.10 rows=15101810 width=8) (actual time=0.021..2182.087 rows=12081448 loops=3)
                                                               ->  Parallel Hash  (cost=77318.68..77318.68 rows=174 width=19) (actual time=603.770..603.770 rows=888 loops=3)
                                                                     Buckets: 4096 (originally 1024)  Batches: 1 (originally 1)  Memory Usage: 280kB
                                                                     ->  Parallel Seq Scan on name n  (cost=0.00..77318.68 rows=174 width=19) (actual time=172.505..414.020 rows=888 loops=3)
                                                                           Filter: ((name)::text ~~ 'X%'::text)
                                                                           Rows Removed by Filter: 1388276
                                                         ->  Parallel Hash  (cost=50878.05..50878.05 rows=14 width=4) (actual time=503.128..503.128 rows=13947 loops=3)
                                                               Buckets: 65536 (originally 1024)  Batches: 1 (originally 1)  Memory Usage: 2680kB
                                                               ->  Hash Join  (cost=2626.14..50878.05 rows=14 width=4) (actual time=20.475..459.336 rows=13947 loops=3)
                                                                     Hash Cond: (mk.keyword_id = k.id)
                                                                     ->  Parallel Seq Scan on movie_keyword mk  (cost=0.00..43303.71 rows=1884971 width=8) (actual time=0.087..252.326 rows=1507977 loops=3)
                                                                     ->  Hash  (cost=2626.12..2626.12 rows=1 width=4) (actual time=20.268..20.268 rows=1 loops=3)
                                                                           Buckets: 1024  Batches: 1  Memory Usage: 9kB
                                                                           ->  Seq Scan on keyword k  (cost=0.00..2626.12 rows=1 width=4) (actual time=1.031..20.250 rows=1 loops=3)
                                                                                 Filter: ((keyword)::text = 'character-name-in-title'::text)
                                                                                 Rows Removed by Filter: 134169
 Planning Time: 9.193 ms
 Execution Time: 5515.924 ms
(42 rows)

execute /home/pei/Project/benchmarks/imdb_job-postgres/skinner_explained/17d.sql_explained.sql
SET
SET
                                                                                                 QUERY PLAN                                                                                                  
-------------------------------------------------------------------------------------------------------------------------------------------------------------------------------------------------------------
 Finalize Aggregate  (cost=661669.41..661669.42 rows=1 width=32) (actual time=6773.631..6773.631 rows=1 loops=1)
   ->  Gather  (cost=661669.19..661669.40 rows=2 width=32) (actual time=6772.845..6780.653 rows=3 loops=1)
         Workers Planned: 2
         Workers Launched: 2
         ->  Partial Aggregate  (cost=660669.19..660669.20 rows=1 width=32) (actual time=6766.099..6766.099 rows=1 loops=3)
               ->  Parallel Hash Join  (cost=610186.06..660669.19 rows=1 width=15) (actual time=6430.853..6765.007 rows=3846 loops=3)
                     Hash Cond: (t.id = ci.movie_id)
                     ->  Parallel Seq Scan on title t  (cost=0.00..46532.63 rows=1053463 width=4) (actual time=0.042..217.954 rows=842771 loops=3)
                     ->  Parallel Hash  (cost=610186.05..610186.05 rows=1 width=27) (actual time=6422.827..6422.827 rows=3846 loops=3)
                           Buckets: 16384 (originally 1024)  Batches: 1 (originally 1)  Memory Usage: 1016kB
                           ->  Parallel Hash Join  (cost=605290.32..610186.05 rows=1 width=27) (actual time=6388.805..6416.347 rows=3846 loops=3)
                                 Hash Cond: (cn.id = mc.company_id)
                                 ->  Parallel Seq Scan on company_name cn  (cost=0.00..4377.34 rows=138234 width=4) (actual time=0.011..14.258 rows=78332 loops=3)
                                 ->  Parallel Hash  (cost=605290.31..605290.31 rows=1 width=31) (actual time=6388.703..6388.703 rows=3846 loops=3)
                                       Buckets: 16384 (originally 1024)  Batches: 1 (originally 1)  Memory Usage: 1048kB
                                       ->  Parallel Hash Join  (cost=571552.17..605290.31 rows=1 width=31) (actual time=6062.137..6343.214 rows=3846 loops=3)
                                             Hash Cond: (mc.movie_id = ci.movie_id)
                                             ->  Parallel Seq Scan on movie_companies mc  (cost=0.00..29661.37 rows=1087137 width=8) (actual time=0.030..157.983 rows=869710 loops=3)
                                             ->  Parallel Hash  (cost=571552.15..571552.15 rows=1 width=23) (actual time=6059.764..6059.765 rows=657 loops=3)
                                                   Buckets: 2048 (originally 1024)  Batches: 1 (originally 1)  Memory Usage: 216kB
                                                   ->  Parallel Hash Join  (cost=128199.08..571552.15 rows=1 width=23) (actual time=1276.011..4950.479 rows=657 loops=3)
                                                         Hash Cond: (ci.movie_id = mk.movie_id)
                                                         ->  Parallel Hash Join  (cost=77320.86..520668.25 rows=1511 width=19) (actual time=749.125..4437.771 rows=16097 loops=3)
                                                               Hash Cond: (ci.person_id = n.id)
                                                               ->  Parallel Seq Scan on cast_info ci  (cost=0.00..403705.10 rows=15101810 width=8) (actual time=0.213..2131.411 rows=12081448 loops=3)
                                                               ->  Parallel Hash  (cost=77318.68..77318.68 rows=174 width=19) (actual time=744.861..744.861 rows=1739 loops=3)
                                                                     Buckets: 8192 (originally 1024)  Batches: 1 (originally 1)  Memory Usage: 472kB
                                                                     ->  Parallel Seq Scan on name n  (cost=0.00..77318.68 rows=174 width=19) (actual time=2.072..493.358 rows=1739 loops=3)
                                                                           Filter: ((name)::text ~~ '%Bert%'::text)
                                                                           Rows Removed by Filter: 1387425
                                                         ->  Parallel Hash  (cost=50878.05..50878.05 rows=14 width=4) (actual time=507.559..507.560 rows=13947 loops=3)
                                                               Buckets: 65536 (originally 1024)  Batches: 1 (originally 1)  Memory Usage: 2680kB
                                                               ->  Hash Join  (cost=2626.14..50878.05 rows=14 width=4) (actual time=20.541..460.072 rows=13947 loops=3)
                                                                     Hash Cond: (mk.keyword_id = k.id)
                                                                     ->  Parallel Seq Scan on movie_keyword mk  (cost=0.00..43303.71 rows=1884971 width=8) (actual time=0.077..252.557 rows=1507977 loops=3)
                                                                     ->  Hash  (cost=2626.12..2626.12 rows=1 width=4) (actual time=20.335..20.335 rows=1 loops=3)
                                                                           Buckets: 1024  Batches: 1  Memory Usage: 9kB
                                                                           ->  Seq Scan on keyword k  (cost=0.00..2626.12 rows=1 width=4) (actual time=1.033..20.316 rows=1 loops=3)
                                                                                 Filter: ((keyword)::text = 'character-name-in-title'::text)
                                                                                 Rows Removed by Filter: 134169
 Planning Time: 9.214 ms
 Execution Time: 6781.289 ms
(42 rows)

execute /home/pei/Project/benchmarks/imdb_job-postgres/skinner_explained/17e.sql_explained.sql
SET
SET
                                                                                                    QUERY PLAN                                                                                                     
-------------------------------------------------------------------------------------------------------------------------------------------------------------------------------------------------------------------
 Finalize Aggregate  (cost=694312.07..694312.08 rows=1 width=32) (actual time=7766.241..7766.241 rows=1 loops=1)
   ->  Gather  (cost=694311.86..694312.07 rows=2 width=32) (actual time=7761.826..7918.966 rows=3 loops=1)
         Workers Planned: 2
         Workers Launched: 2
         ->  Partial Aggregate  (cost=693311.86..693311.87 rows=1 width=32) (actual time=7754.922..7754.923 rows=1 loops=3)
               ->  Parallel Hash Join  (cost=600795.85..693310.60 rows=501 width=15) (actual time=6943.780..7593.389 rows=944185 loops=3)
                     Hash Cond: (n.id = ci.person_id)
                     ->  Parallel Seq Scan on name n  (cost=0.00..72977.55 rows=1736455 width=19) (actual time=0.065..376.226 rows=1389164 loops=3)
                     ->  Parallel Hash  (cost=600789.59..600789.59 rows=501 width=4) (actual time=6020.312..6020.312 rows=944185 loops=3)
                           Buckets: 65536 (originally 2048)  Batches: 32 (originally 1)  Memory Usage: 4192kB
                           ->  Parallel Hash Join  (cost=140451.09..600789.59 rows=501 width=4) (actual time=1380.497..5587.402 rows=944185 loops=3)
                                 Hash Cond: (ci.movie_id = t.id)
                                 ->  Parallel Seq Scan on cast_info ci  (cost=0.00..403705.10 rows=15101810 width=8) (actual time=0.036..2174.577 rows=12081448 loops=3)
                                 ->  Parallel Hash  (cost=140450.75..140450.75 rows=27 width=12) (actual time=1380.353..1380.353 rows=22772 loops=3)
                                       Buckets: 131072 (originally 1024)  Batches: 1 (originally 1)  Memory Usage: 5304kB
                                       ->  Parallel Hash Join  (cost=106712.36..140450.75 rows=27 width=12) (actual time=1020.707..1335.528 rows=22772 loops=3)
                                             Hash Cond: (mc.company_id = cn.id)
                                             ->  Parallel Hash Join  (cost=101361.58..135099.77 rows=74 width=16) (actual time=982.199..1282.304 rows=49517 loops=3)
                                                   Hash Cond: (mc.movie_id = t.id)
                                                   ->  Parallel Seq Scan on movie_companies mc  (cost=0.00..29661.37 rows=1087137 width=8) (actual time=0.033..158.416 rows=869710 loops=3)
                                                   ->  Parallel Hash  (cost=101361.41..101361.41 rows=14 width=8) (actual time=981.838..981.838 rows=13947 loops=3)
                                                         Buckets: 65536 (originally 1024)  Batches: 1 (originally 1)  Memory Usage: 2680kB
                                                         ->  Parallel Hash Join  (cost=50878.23..101361.41 rows=14 width=8) (actual time=527.072..879.825 rows=13947 loops=3)
                                                               Hash Cond: (t.id = mk.movie_id)
                                                               ->  Parallel Seq Scan on title t  (cost=0.00..46532.63 rows=1053463 width=4) (actual time=0.042..215.738 rows=842771 loops=3)
                                                               ->  Parallel Hash  (cost=50878.05..50878.05 rows=14 width=4) (actual time=526.549..526.549 rows=13947 loops=3)
                                                                     Buckets: 65536 (originally 1024)  Batches: 1 (originally 1)  Memory Usage: 2680kB
                                                                     ->  Hash Join  (cost=2626.14..50878.05 rows=14 width=4) (actual time=19.303..459.968 rows=13947 loops=3)
                                                                           Hash Cond: (mk.keyword_id = k.id)
                                                                           ->  Parallel Seq Scan on movie_keyword mk  (cost=0.00..43303.71 rows=1884971 width=8) (actual time=0.335..252.040 rows=1507977 loops=3)
                                                                           ->  Hash  (cost=2626.12..2626.12 rows=1 width=4) (actual time=18.852..18.852 rows=1 loops=3)
                                                                                 Buckets: 1024  Batches: 1  Memory Usage: 9kB
                                                                                 ->  Seq Scan on keyword k  (cost=0.00..2626.12 rows=1 width=4) (actual time=0.771..18.829 rows=1 loops=3)
                                                                                       Filter: ((keyword)::text = 'character-name-in-title'::text)
                                                                                       Rows Removed by Filter: 134169
                                             ->  Parallel Hash  (cost=4722.92..4722.92 rows=50229 width=4) (actual time=37.615..37.615 rows=28281 loops=3)
                                                   Buckets: 131072  Batches: 1  Memory Usage: 4416kB
                                                   ->  Parallel Seq Scan on company_name cn  (cost=0.00..4722.92 rows=50229 width=4) (actual time=0.024..22.710 rows=28281 loops=3)
                                                         Filter: ((country_code)::text = '[us]'::text)
                                                         Rows Removed by Filter: 50051
 Planning Time: 9.509 ms
 Execution Time: 7920.983 ms
(42 rows)

execute /home/pei/Project/benchmarks/imdb_job-postgres/skinner_explained/17f.sql_explained.sql
SET
SET
                                                                                                    QUERY PLAN                                                                                                     
-------------------------------------------------------------------------------------------------------------------------------------------------------------------------------------------------------------------
 Finalize Aggregate  (cost=682238.58..682238.59 rows=1 width=32) (actual time=6915.187..6915.187 rows=1 loops=1)
   ->  Gather  (cost=682238.36..682238.57 rows=2 width=32) (actual time=6908.099..6969.420 rows=3 loops=1)
         Workers Planned: 2
         Workers Launched: 2
         ->  Partial Aggregate  (cost=681238.36..681238.37 rows=1 width=32) (actual time=6901.532..6901.532 rows=1 loops=3)
               ->  Parallel Hash Join  (cost=647498.67..681237.95 rows=167 width=15) (actual time=6332.393..6836.051 rows=371040 loops=3)
                     Hash Cond: (mc.company_id = cn.id)
                     ->  Parallel Hash Join  (cost=641393.41..675132.25 rows=167 width=19) (actual time=6270.593..6677.522 rows=371040 loops=3)
                           Hash Cond: (mc.movie_id = ci.movie_id)
                           ->  Parallel Seq Scan on movie_companies mc  (cost=0.00..29661.37 rows=1087137 width=8) (actual time=0.040..160.184 rows=869710 loops=3)
                           ->  Parallel Hash  (cost=641392.63..641392.63 rows=63 width=27) (actual time=6270.013..6270.013 rows=49831 loops=3)
                                 Buckets: 262144 (originally 1024)  Batches: 1 (originally 1)  Memory Usage: 13400kB
                                 ->  Parallel Hash Join  (cost=561705.80..641392.63 rows=63 width=27) (actual time=6068.907..6214.983 rows=49831 loops=3)
                                       Hash Cond: (n.id = ci.person_id)
                                       ->  Parallel Seq Scan on name n  (cost=0.00..77318.68 rows=210479 width=19) (actual time=0.055..508.102 rows=178905 loops=3)
                                             Filter: ((name)::text ~~ '%B%'::text)
                                             Rows Removed by Filter: 1210258
                                       ->  Parallel Hash  (cost=561699.31..561699.31 rows=519 width=16) (actual time=5471.243..5471.243 rows=346131 loops=3)
                                             Buckets: 65536 (originally 2048)  Batches: 16 (originally 1)  Memory Usage: 3680kB
                                             ->  Parallel Hash Join  (cost=101361.58..561699.31 rows=519 width=16) (actual time=997.546..5201.100 rows=346131 loops=3)
                                                   Hash Cond: (ci.movie_id = t.id)
                                                   ->  Parallel Seq Scan on cast_info ci  (cost=0.00..403705.10 rows=15101810 width=8) (actual time=0.024..2217.592 rows=12081448 loops=3)
                                                   ->  Parallel Hash  (cost=101361.41..101361.41 rows=14 width=8) (actual time=997.380..997.380 rows=13947 loops=3)
                                                         Buckets: 65536 (originally 1024)  Batches: 1 (originally 1)  Memory Usage: 2680kB
                                                         ->  Parallel Hash Join  (cost=50878.23..101361.41 rows=14 width=8) (actual time=527.253..878.563 rows=13947 loops=3)
                                                               Hash Cond: (t.id = mk.movie_id)
                                                               ->  Parallel Seq Scan on title t  (cost=0.00..46532.63 rows=1053463 width=4) (actual time=0.250..215.061 rows=842771 loops=3)
                                                               ->  Parallel Hash  (cost=50878.05..50878.05 rows=14 width=4) (actual time=526.817..526.817 rows=13947 loops=3)
                                                                     Buckets: 65536 (originally 1024)  Batches: 1 (originally 1)  Memory Usage: 2680kB
                                                                     ->  Hash Join  (cost=2626.14..50878.05 rows=14 width=4) (actual time=19.559..463.194 rows=13947 loops=3)
                                                                           Hash Cond: (mk.keyword_id = k.id)
                                                                           ->  Parallel Seq Scan on movie_keyword mk  (cost=0.00..43303.71 rows=1884971 width=8) (actual time=0.061..254.657 rows=1507977 loops=3)
                                                                           ->  Hash  (cost=2626.12..2626.12 rows=1 width=4) (actual time=19.400..19.400 rows=1 loops=3)
                                                                                 Buckets: 1024  Batches: 1  Memory Usage: 9kB
                                                                                 ->  Seq Scan on keyword k  (cost=0.00..2626.12 rows=1 width=4) (actual time=0.767..19.378 rows=1 loops=3)
                                                                                       Filter: ((keyword)::text = 'character-name-in-title'::text)
                                                                                       Rows Removed by Filter: 134169
                     ->  Parallel Hash  (cost=4377.34..4377.34 rows=138234 width=4) (actual time=59.720..59.720 rows=78332 loops=3)
                           Buckets: 262144  Batches: 1  Memory Usage: 11296kB
                           ->  Parallel Seq Scan on company_name cn  (cost=0.00..4377.34 rows=138234 width=4) (actual time=0.022..20.344 rows=78332 loops=3)
 Planning Time: 10.025 ms
 Execution Time: 6970.028 ms
(42 rows)

execute /home/pei/Project/benchmarks/imdb_job-postgres/skinner_explained/18a.sql_explained.sql
SET
SET
                                                                                          QUERY PLAN                                                                                           
-----------------------------------------------------------------------------------------------------------------------------------------------------------------------------------------------
 Finalize Aggregate  (cost=833190.17..833190.18 rows=1 width=96) (actual time=5842.146..5842.146 rows=1 loops=1)
   ->  Gather  (cost=833189.95..833190.16 rows=2 width=96) (actual time=5841.724..5847.800 rows=3 loops=1)
         Workers Planned: 2
         Workers Launched: 2
         ->  Partial Aggregate  (cost=832189.95..832189.96 rows=1 width=96) (actual time=5834.828..5834.828 rows=1 loops=3)
               ->  Parallel Hash Join  (cost=781706.81..832189.94 rows=1 width=65) (actual time=5555.459..5834.555 rows=137 loops=3)
                     Hash Cond: (t.id = mi.movie_id)
                     ->  Parallel Seq Scan on title t  (cost=0.00..46532.63 rows=1053463 width=21) (actual time=0.032..220.283 rows=842771 loops=3)
                     ->  Parallel Hash  (cost=781706.80..781706.80 rows=1 width=60) (actual time=5504.239..5504.239 rows=137 loops=3)
                           Buckets: 1024  Batches: 1  Memory Usage: 104kB
                           ->  Parallel Hash Join  (cost=540867.00..781706.80 rows=1 width=60) (actual time=4793.451..5503.960 rows=137 loops=3)
                                 Hash Cond: (mi.movie_id = mi_idx.movie_id)
                                 ->  Hash Join  (cost=2.43..240637.08 rows=54704 width=47) (actual time=1004.968..1738.424 rows=40621 loops=3)
                                       Hash Cond: (mi.info_type_id = it1.id)
                                       ->  Parallel Seq Scan on movie_info mi  (cost=0.00..223799.50 rows=6181550 width=51) (actual time=0.036..1114.560 rows=4945240 loops=3)
                                       ->  Hash  (cost=2.41..2.41 rows=1 width=4) (actual time=0.035..0.035 rows=1 loops=3)
                                             Buckets: 1024  Batches: 1  Memory Usage: 9kB
                                             ->  Seq Scan on info_type it1  (cost=0.00..2.41 rows=1 width=4) (actual time=0.022..0.024 rows=1 loops=3)
                                                   Filter: ((info)::text = 'budget'::text)
                                                   Rows Removed by Filter: 112
                                 ->  Parallel Hash  (cost=540864.56..540864.56 rows=1 width=13) (actual time=3759.894..3759.894 rows=1145 loops=3)
                                       Buckets: 4096 (originally 1024)  Batches: 1 (originally 1)  Memory Usage: 280kB
                                       ->  Parallel Hash Join  (cost=525594.29..540864.56 rows=1 width=13) (actual time=3466.420..3644.886 rows=1145 loops=3)
                                             Hash Cond: (mi_idx.movie_id = ci.movie_id)
                                             ->  Hash Join  (cost=2.43..15253.60 rows=5089 width=9) (actual time=0.162..158.882 rows=153308 loops=3)
                                                   Hash Cond: (mi_idx.info_type_id = it2.id)
                                                   ->  Parallel Seq Scan on movie_info_idx mi_idx  (cost=0.00..13685.15 rows=575015 width=13) (actual time=0.035..76.632 rows=460012 loops=3)
                                                   ->  Hash  (cost=2.41..2.41 rows=1 width=4) (actual time=0.057..0.057 rows=1 loops=3)
                                                         Buckets: 1024  Batches: 1  Memory Usage: 9kB
                                                         ->  Seq Scan on info_type it2  (cost=0.00..2.41 rows=1 width=4) (actual time=0.044..0.046 rows=1 loops=3)
                                                               Filter: ((info)::text = 'votes'::text)
                                                               Rows Removed by Filter: 112
                                             ->  Parallel Hash  (cost=525591.38..525591.38 rows=39 width=4) (actual time=3466.113..3466.113 rows=2240 loops=3)
                                                   Buckets: 8192 (originally 1024)  Batches: 1 (originally 1)  Memory Usage: 472kB
                                                   ->  Parallel Hash Join  (cost=81660.72..525591.38 rows=39 width=4) (actual time=1910.355..3303.700 rows=2240 loops=3)
                                                         Hash Cond: (ci.person_id = n.id)
                                                         ->  Parallel Seq Scan on cast_info ci  (cost=0.00..441459.62 rows=941346 width=8) (actual time=318.239..2628.233 rows=793090 loops=3)
                                                               Filter: ((note)::text = ANY ('{(producer),"(executive producer)"}'::text[]))
                                                               Rows Removed by Filter: 11288358
                                                         ->  Parallel Hash  (cost=81659.82..81659.82 rows=72 width=4) (actual time=586.353..586.353 rows=3021 loops=3)
                                                               Buckets: 8192 (originally 1024)  Batches: 1 (originally 1)  Memory Usage: 536kB
                                                               ->  Parallel Seq Scan on name n  (cost=0.00..81659.82 rows=72 width=4) (actual time=0.429..507.874 rows=3021 loops=3)
                                                                     Filter: (((name)::text ~~ '%Tim%'::text) AND ((gender)::text = 'm'::text))
                                                                     Rows Removed by Filter: 1386143
 Planning Time: 10.144 ms
 Execution Time: 5848.500 ms
(46 rows)

execute /home/pei/Project/benchmarks/imdb_job-postgres/skinner_explained/18b.sql_explained.sql
SET
SET
                                                                                                  QUERY PLAN                                                                                                   
---------------------------------------------------------------------------------------------------------------------------------------------------------------------------------------------------------------
 Finalize Aggregate  (cost=886874.06..886874.07 rows=1 width=96) (actual time=5440.009..5440.010 rows=1 loops=1)
   ->  Gather  (cost=886873.83..886874.04 rows=2 width=96) (actual time=5439.562..5446.452 rows=3 loops=1)
         Workers Planned: 2
         Workers Launched: 2
         ->  Partial Aggregate  (cost=885873.83..885873.84 rows=1 width=96) (actual time=5432.038..5432.038 rows=1 loops=3)
               ->  Parallel Hash Join  (cost=832828.60..885873.82 rows=1 width=65) (actual time=5347.900..5432.009 rows=4 loops=3)
                     Hash Cond: (t.id = mi.movie_id)
                     ->  Parallel Seq Scan on title t  (cost=0.00..51799.95 rows=332069 width=21) (actual time=0.035..261.801 rows=261496 loops=3)
                           Filter: ((production_year >= 2008) AND (production_year <= 2014))
                           Rows Removed by Filter: 581275
                     ->  Parallel Hash  (cost=832828.59..832828.59 rows=1 width=60) (actual time=5141.383..5141.383 rows=5 loops=3)
                           Buckets: 1024  Batches: 1  Memory Usage: 104kB
                           ->  Parallel Hash Join  (cost=754551.36..832828.59 rows=1 width=60) (actual time=4881.834..5141.267 rows=5 loops=3)
                                 Hash Cond: (n.id = ci.person_id)
                                 ->  Parallel Seq Scan on name n  (cost=0.00..77318.68 rows=255610 width=4) (actual time=187.433..442.754 rows=320518 loops=3)
                                       Filter: ((gender IS NOT NULL) AND ((gender)::text = 'f'::text))
                                       Rows Removed by Filter: 1068645
                                 ->  Parallel Hash  (cost=754551.35..754551.35 rows=1 width=64) (actual time=4664.159..4664.159 rows=137 loops=3)
                                       Buckets: 1024  Batches: 1  Memory Usage: 104kB
                                       ->  Parallel Hash Join  (cost=254530.67..754551.35 rows=1 width=64) (actual time=3526.272..4663.863 rows=137 loops=3)
                                             Hash Cond: (ci.movie_id = mi.movie_id)
                                             ->  Parallel Seq Scan on cast_info ci  (cost=0.00..498091.41 rows=514468 width=8) (actual time=208.195..2952.761 rows=414905 loops=3)
                                                   Filter: ((note)::text = ANY ('{(writer),"(head writer)","(written by)",(story),"(story editor)"}'::text[]))
                                                   Rows Removed by Filter: 11666543
                                             ->  Parallel Hash  (cost=254530.66..254530.66 rows=1 width=56) (actual time=1661.935..1661.935 rows=244 loops=3)
                                                   Buckets: 1024  Batches: 1  Memory Usage: 104kB
                                                   ->  Parallel Hash Join  (cost=15184.50..254530.66 rows=1 width=56) (actual time=1495.447..1661.284 rows=244 loops=3)
                                                         Hash Cond: (mi.movie_id = mi_idx.movie_id)
                                                         ->  Hash Join  (cost=2.43..239347.45 rows=298 width=47) (actual time=1339.638..1500.740 rows=24086 loops=3)
                                                               Hash Cond: (mi.info_type_id = it1.id)
                                                               ->  Parallel Seq Scan on movie_info mi  (cost=0.00..239253.38 rows=33653 width=51) (actual time=938.621..1492.473 rows=24349 loops=3)
                                                                     Filter: ((note IS NULL) AND ((info)::text = ANY ('{Horror,Thriller}'::text[])))
                                                                     Rows Removed by Filter: 4920891
                                                               ->  Hash  (cost=2.41..2.41 rows=1 width=4) (actual time=0.040..0.040 rows=1 loops=3)
                                                                     Buckets: 1024  Batches: 1  Memory Usage: 9kB
                                                                     ->  Seq Scan on info_type it1  (cost=0.00..2.41 rows=1 width=4) (actual time=0.016..0.029 rows=1 loops=3)
                                                                           Filter: ((info)::text = 'genres'::text)
                                                                           Rows Removed by Filter: 112
                                                         ->  Parallel Hash  (cost=15179.85..15179.85 rows=178 width=9) (actual time=155.342..155.342 rows=5283 loops=3)
                                                               Buckets: 16384 (originally 1024)  Batches: 1 (originally 1)  Memory Usage: 952kB
                                                               ->  Hash Join  (cost=2.43..15179.85 rows=178 width=9) (actual time=0.297..135.993 rows=5283 loops=3)
                                                                     Hash Cond: (mi_idx.info_type_id = it2.id)
                                                                     ->  Parallel Seq Scan on movie_info_idx mi_idx  (cost=0.00..15122.68 rows=20101 width=13) (actual time=0.068..131.778 rows=17883 loops=3)
                                                                           Filter: ((info)::text > '8.0'::text)
                                                                           Rows Removed by Filter: 442129
                                                                     ->  Hash  (cost=2.41..2.41 rows=1 width=4) (actual time=0.069..0.069 rows=1 loops=3)
                                                                           Buckets: 1024  Batches: 1  Memory Usage: 9kB
                                                                           ->  Seq Scan on info_type it2  (cost=0.00..2.41 rows=1 width=4) (actual time=0.040..0.043 rows=1 loops=3)
                                                                                 Filter: ((info)::text = 'rating'::text)
                                                                                 Rows Removed by Filter: 112
 Planning Time: 9.319 ms
 Execution Time: 5447.264 ms
(52 rows)

execute /home/pei/Project/benchmarks/imdb_job-postgres/skinner_explained/18c.sql_explained.sql
SET
SET
                                                                                                   QUERY PLAN                                                                                                   
----------------------------------------------------------------------------------------------------------------------------------------------------------------------------------------------------------------
 Finalize Aggregate  (cost=917260.31..917260.32 rows=1 width=96) (actual time=6171.402..6171.403 rows=1 loops=1)
   ->  Gather  (cost=917260.08..917260.29 rows=2 width=96) (actual time=6167.373..6188.768 rows=3 loops=1)
         Workers Planned: 2
         Workers Launched: 2
         ->  Partial Aggregate  (cost=916260.08..916260.09 rows=1 width=96) (actual time=6160.544..6160.544 rows=1 loops=3)
               ->  Parallel Hash Join  (cost=865776.83..916260.00 rows=11 width=65) (actual time=5799.334..6153.739 rows=9358 loops=3)
                     Hash Cond: (t.id = mi.movie_id)
                     ->  Parallel Seq Scan on title t  (cost=0.00..46532.63 rows=1053463 width=21) (actual time=0.049..217.365 rows=842771 loops=3)
                     ->  Parallel Hash  (cost=865776.69..865776.69 rows=11 width=60) (actual time=5795.978..5795.978 rows=9358 loops=3)
                           Buckets: 32768 (originally 1024)  Batches: 1 (originally 1)  Memory Usage: 2200kB
                           ->  Parallel Hash Join  (cost=785749.31..865776.69 rows=11 width=60) (actual time=5219.586..5752.677 rows=9358 loops=3)
                                 Hash Cond: (n.id = ci.person_id)
                                 ->  Parallel Seq Scan on name n  (cost=0.00..77318.68 rows=722307 width=4) (actual time=0.049..447.988 rows=579860 loops=3)
                                       Filter: ((gender)::text = 'm'::text)
                                       Rows Removed by Filter: 809304
                                 ->  Parallel Hash  (cost=785748.97..785748.97 rows=27 width=64) (actual time=5219.081..5219.081 rows=18052 loops=3)
                                       Buckets: 65536 (originally 1024)  Batches: 1 (originally 1)  Memory Usage: 4472kB
                                       ->  Parallel Hash Join  (cost=285728.20..785748.97 rows=27 width=64) (actual time=3309.640..5173.417 rows=18052 loops=3)
                                             Hash Cond: (ci.movie_id = mi.movie_id)
                                             ->  Parallel Seq Scan on cast_info ci  (cost=0.00..498091.41 rows=514468 width=8) (actual time=213.022..2873.400 rows=414905 loops=3)
                                                   Filter: ((note)::text = ANY ('{(writer),"(head writer)","(written by)",(story),"(story editor)"}'::text[]))
                                                   Rows Removed by Filter: 11666543
                                             ->  Parallel Hash  (cost=285727.93..285727.93 rows=21 width=56) (actual time=2213.766..2213.766 rows=34172 loops=3)
                                                   Buckets: 131072 (originally 1024)  Batches: 1 (originally 1)  Memory Usage: 7704kB
                                                   ->  Parallel Hash Join  (cost=15319.64..285727.93 rows=21 width=56) (actual time=2128.787..2180.683 rows=34172 loops=3)
                                                         Hash Cond: (mi.movie_id = mi_idx.movie_id)
                                                         ->  Hash Join  (cost=2.43..270407.66 rows=793 width=47) (actual time=1622.610..1838.116 rows=62198 loops=3)
                                                               Hash Cond: (mi.info_type_id = it1.id)
                                                               ->  Parallel Seq Scan on movie_info mi  (cost=0.00..270161.12 rows=89632 width=51) (actual time=1025.312..1820.712 rows=62990 loops=3)
                                                                     Filter: ((info)::text = ANY ('{Horror,Action,Sci-Fi,Thriller,Crime,War}'::text[]))
                                                                     Rows Removed by Filter: 4882250
                                                               ->  Hash  (cost=2.41..2.41 rows=1 width=4) (actual time=0.031..0.031 rows=1 loops=3)
                                                                     Buckets: 1024  Batches: 1  Memory Usage: 9kB
                                                                     ->  Seq Scan on info_type it1  (cost=0.00..2.41 rows=1 width=4) (actual time=0.016..0.028 rows=1 loops=3)
                                                                           Filter: ((info)::text = 'genres'::text)
                                                                           Rows Removed by Filter: 112
                                                         ->  Parallel Hash  (cost=15253.60..15253.60 rows=5089 width=9) (actual time=259.156..259.156 rows=153308 loops=3)
                                                               Buckets: 65536 (originally 16384)  Batches: 8 (originally 1)  Memory Usage: 2848kB
                                                               ->  Hash Join  (cost=2.43..15253.60 rows=5089 width=9) (actual time=0.161..162.724 rows=153308 loops=3)
                                                                     Hash Cond: (mi_idx.info_type_id = it2.id)
                                                                     ->  Parallel Seq Scan on movie_info_idx mi_idx  (cost=0.00..13685.15 rows=575015 width=13) (actual time=0.042..77.151 rows=460012 loops=3)
                                                                     ->  Hash  (cost=2.41..2.41 rows=1 width=4) (actual time=0.062..0.062 rows=1 loops=3)
                                                                           Buckets: 1024  Batches: 1  Memory Usage: 9kB
                                                                           ->  Seq Scan on info_type it2  (cost=0.00..2.41 rows=1 width=4) (actual time=0.041..0.044 rows=1 loops=3)
                                                                                 Filter: ((info)::text = 'votes'::text)
                                                                                 Rows Removed by Filter: 112
 Planning Time: 9.074 ms
 Execution Time: 6189.549 ms
(48 rows)

execute /home/pei/Project/benchmarks/imdb_job-postgres/skinner_explained/19a.sql_explained.sql
SET
SET
                                                                                                            QUERY PLAN                                                                                                             
-----------------------------------------------------------------------------------------------------------------------------------------------------------------------------------------------------------------------------------
 Finalize Aggregate  (cost=982370.28..982370.29 rows=1 width=64) (actual time=6318.128..6318.128 rows=1 loops=1)
   ->  Gather  (cost=982370.06..982370.27 rows=2 width=64) (actual time=6317.833..6325.107 rows=3 loops=1)
         Workers Planned: 2
         Workers Launched: 2
         ->  Partial Aggregate  (cost=981370.06..981370.07 rows=1 width=64) (actual time=6310.270..6310.270 rows=1 loops=3)
               ->  Parallel Hash Join  (cost=928667.96..981370.06 rows=1 width=32) (actual time=6111.133..6310.198 rows=61 loops=3)
                     Hash Cond: (t.id = mi.movie_id)
                     ->  Parallel Seq Scan on title t  (cost=0.00..51799.95 rows=240570 width=21) (actual time=0.032..255.858 rows=191519 loops=3)
                           Filter: ((production_year >= 2005) AND (production_year <= 2009))
                           Rows Removed by Filter: 651252
                     ->  Parallel Hash  (cost=928667.95..928667.95 rows=1 width=27) (actual time=6030.735..6030.735 rows=104 loops=3)
                           Buckets: 1024  Batches: 1  Memory Usage: 104kB
                           ->  Parallel Hash Join  (cost=923756.66..928667.95 rows=1 width=27) (actual time=6007.561..6030.612 rows=104 loops=3)
                                 Hash Cond: (cn.id = mc.company_id)
                                 ->  Parallel Seq Scan on company_name cn  (cost=0.00..4722.92 rows=50229 width=4) (actual time=0.022..20.351 rows=28281 loops=3)
                                       Filter: ((country_code)::text = '[us]'::text)
                                       Rows Removed by Filter: 50051
                                 ->  Parallel Hash  (cost=923756.65..923756.65 rows=1 width=31) (actual time=6007.239..6007.239 rows=107 loops=3)
                                       Buckets: 1024  Batches: 1  Memory Usage: 104kB
                                       ->  Parallel Hash Join  (cost=888167.49..923756.65 rows=1 width=31) (actual time=5742.248..6007.135 rows=107 loops=3)
                                             Hash Cond: (mc.movie_id = mi.movie_id)
                                             ->  Parallel Seq Scan on movie_companies mc  (cost=0.00..35097.06 rows=131225 width=8) (actual time=0.026..291.809 rows=196998 loops=3)
                                                   Filter: ((note IS NOT NULL) AND (((note)::text ~~ '%(USA)%'::text) OR ((note)::text ~~ '%(worldwide)%'::text)))
                                                   Rows Removed by Filter: 672712
                                             ->  Parallel Hash  (cost=888167.48..888167.48 rows=1 width=23) (actual time=5695.138..5695.138 rows=68 loops=3)
                                                   Buckets: 1024  Batches: 1  Memory Usage: 104kB
                                                   ->  Parallel Hash Join  (cost=833727.94..888167.48 rows=1 width=23) (actual time=5320.612..5695.052 rows=68 loops=3)
                                                         Hash Cond: (chn.id = ci.person_role_id)
                                                         ->  Parallel Seq Scan on char_name chn  (cost=0.00..49532.75 rows=1308475 width=4) (actual time=0.038..247.982 rows=1046780 loops=3)
                                                         ->  Parallel Hash  (cost=833727.93..833727.93 rows=1 width=27) (actual time=5317.519..5317.519 rows=75 loops=3)
                                                               Buckets: 1024  Batches: 1  Memory Usage: 104kB
                                                               ->  Parallel Hash Join  (cost=578391.87..833727.93 rows=1 width=27) (actual time=4054.872..5317.437 rows=75 loops=3)
                                                                     Hash Cond: (mi.movie_id = ci.movie_id)
                                                                     ->  Hash Join  (cost=2.43..255330.90 rows=2019 width=4) (actual time=420.644..1747.644 rows=150346 loops=3)
                                                                           Hash Cond: (mi.info_type_id = it.id)
                                                                           ->  Parallel Seq Scan on movie_info mi  (cost=0.00..254707.25 rows=228101 width=8) (actual time=181.075..1710.290 rows=150368 loops=3)
                                                                                 Filter: ((info IS NOT NULL) AND (((info)::text ~~ 'Japan:%200%'::text) OR ((info)::text ~~ 'USA:%200%'::text)))
                                                                                 Rows Removed by Filter: 4794872
                                                                           ->  Hash  (cost=2.41..2.41 rows=1 width=4) (actual time=0.057..0.057 rows=1 loops=3)
                                                                                 Buckets: 1024  Batches: 1  Memory Usage: 9kB
                                                                                 ->  Seq Scan on info_type it  (cost=0.00..2.41 rows=1 width=4) (actual time=0.034..0.044 rows=1 loops=3)
                                                                                       Filter: ((info)::text = 'release dates'::text)
                                                                                       Rows Removed by Filter: 112
                                                                     ->  Parallel Hash  (cost=578389.42..578389.42 rows=2 width=23) (actual time=3552.313..3552.313 rows=142 loops=3)
                                                                           Buckets: 1024  Batches: 1  Memory Usage: 104kB
                                                                           ->  Hash Join  (cost=97799.03..578389.42 rows=2 width=23) (actual time=1601.615..3552.164 rows=142 loops=3)
                                                                                 Hash Cond: (ci.role_id = rt.id)
                                                                                 ->  Parallel Hash Join  (cost=97797.87..578388.18 rows=19 width=27) (actual time=1601.494..3551.999 rows=142 loops=3)
                                                                                       Hash Cond: (ci.person_id = n.id)
                                                                                       ->  Parallel Seq Scan on cast_info ci  (cost=0.00..479214.15 rows=366974 width=16) (actual time=0.072..2828.849 rows=289159 loops=3)
                                                                                             Filter: ((note)::text = ANY ('{(voice),"(voice: Japanese version)","(voice) (uncredited)","(voice: English version)"}'::text[]))
                                                                                             Rows Removed by Filter: 11792289
                                                                                       ->  Parallel Hash  (cost=97797.76..97797.76 rows=9 width=23) (actual time=681.999..682.000 rows=519 loops=3)
                                                                                             Buckets: 1024  Batches: 1  Memory Usage: 104kB
                                                                                             ->  Parallel Hash Join  (cost=81660.32..97797.76 rows=9 width=23) (actual time=562.501..681.506 rows=519 loops=3)
                                                                                                   Hash Cond: (an.person_id = n.id)
                                                                                                   ->  Parallel Seq Scan on aka_name an  (cost=0.00..15151.60 rows=375560 width=4) (actual time=0.029..74.499 rows=300448 loops=3)
                                                                                                   ->  Parallel Hash  (cost=81659.82..81659.82 rows=40 width=19) (actual time=560.822..560.822 rows=2256 loops=3)
                                                                                                         Buckets: 8192 (originally 1024)  Batches: 1 (originally 1)  Memory Usage: 536kB
                                                                                                         ->  Parallel Seq Scan on name n  (cost=0.00..81659.82 rows=40 width=19) (actual time=215.407..508.959 rows=2256 loops=3)
                                                                                                               Filter: (((name)::text ~~ '%Ang%'::text) AND ((gender)::text = 'f'::text))
                                                                                                               Rows Removed by Filter: 1386908
                                                                                 ->  Hash  (cost=1.15..1.15 rows=1 width=4) (actual time=0.067..0.067 rows=1 loops=3)
                                                                                       Buckets: 1024  Batches: 1  Memory Usage: 9kB
                                                                                       ->  Seq Scan on role_type rt  (cost=0.00..1.15 rows=1 width=4) (actual time=0.037..0.039 rows=1 loops=3)
                                                                                             Filter: ((role)::text = 'actress'::text)
                                                                                             Rows Removed by Filter: 11
 Planning Time: 53.311 ms
 Execution Time: 6326.035 ms
(69 rows)

execute /home/pei/Project/benchmarks/imdb_job-postgres/skinner_explained/19b.sql_explained.sql
SET
SET
                                                                                                         QUERY PLAN                                                                                                         
----------------------------------------------------------------------------------------------------------------------------------------------------------------------------------------------------------------------------
 Finalize Aggregate  (cost=947597.06..947597.07 rows=1 width=64) (actual time=8294.874..8294.874 rows=1 loops=1)
   ->  Gather  (cost=947596.94..947597.05 rows=1 width=64) (actual time=8294.605..8300.022 rows=2 loops=1)
         Workers Planned: 1
         Workers Launched: 1
         ->  Partial Aggregate  (cost=946596.94..946596.95 rows=1 width=64) (actual time=8288.821..8288.822 rows=1 loops=2)
               ->  Parallel Hash Join  (cost=941685.65..946596.94 rows=1 width=32) (actual time=8276.449..8288.812 rows=8 loops=2)
                     Hash Cond: (cn.id = mc.company_id)
                     ->  Parallel Seq Scan on company_name cn  (cost=0.00..4722.92 rows=50229 width=4) (actual time=0.014..24.623 rows=42422 loops=2)
                           Filter: ((country_code)::text = '[us]'::text)
                           Rows Removed by Filter: 75077
                     ->  Parallel Hash  (cost=941685.64..941685.64 rows=1 width=36) (actual time=8259.597..8259.597 rows=8 loops=2)
                           Buckets: 1024  Batches: 1  Memory Usage: 40kB
                           ->  Parallel Hash Join  (cost=903714.47..941685.64 rows=1 width=36) (actual time=8142.334..8259.552 rows=8 loops=2)
                                 Hash Cond: (mc.movie_id = t.id)
                                 ->  Parallel Seq Scan on movie_companies mc  (cost=0.00..37814.90 rows=41669 width=8) (actual time=0.027..403.235 rows=99260 loops=2)
                                       Filter: (((note)::text ~~ '%(200%)%'::text) AND (((note)::text ~~ '%(USA)%'::text) OR ((note)::text ~~ '%(worldwide)%'::text)))
                                       Rows Removed by Filter: 1205305
                                 ->  Parallel Hash  (cost=903714.46..903714.46 rows=1 width=44) (actual time=7844.828..7844.828 rows=2 loops=2)
                                       Buckets: 1024  Batches: 1  Memory Usage: 40kB
                                       ->  Parallel Hash Join  (cost=849274.92..903714.46 rows=1 width=44) (actual time=7756.777..7844.788 rows=2 loops=2)
                                             Hash Cond: (chn.id = ci.person_role_id)
                                             ->  Parallel Seq Scan on char_name chn  (cost=0.00..49532.75 rows=1308475 width=4) (actual time=0.026..355.562 rows=1570170 loops=2)
                                             ->  Parallel Hash  (cost=849274.91..849274.91 rows=1 width=48) (actual time=7301.600..7301.600 rows=2 loops=2)
                                                   Buckets: 1024  Batches: 1  Memory Usage: 40kB
                                                   ->  Parallel Hash Join  (cost=833137.42..849274.91 rows=1 width=48) (actual time=7244.599..7301.578 rows=2 loops=2)
                                                         Hash Cond: (n.id = ci.person_id)
                                                         ->  Parallel Hash Join  (cost=81660.32..97797.76 rows=9 width=23) (actual time=799.371..971.261 rows=648 loops=2)
                                                               Hash Cond: (an.person_id = n.id)
                                                               ->  Parallel Seq Scan on aka_name an  (cost=0.00..15151.60 rows=375560 width=4) (actual time=0.025..106.833 rows=450672 loops=2)
                                                               ->  Parallel Hash  (cost=81659.82..81659.82 rows=40 width=19) (actual time=798.144..798.145 rows=2704 loops=2)
                                                                     Buckets: 8192 (originally 1024)  Batches: 1 (originally 1)  Memory Usage: 472kB
                                                                     ->  Parallel Seq Scan on name n  (cost=0.00..81659.82 rows=40 width=19) (actual time=326.612..774.030 rows=2704 loops=2)
                                                                           Filter: (((name)::text ~~ '%Angel%'::text) AND ((gender)::text = 'f'::text))
                                                                           Rows Removed by Filter: 2081041
                                                         ->  Parallel Hash  (cost=751477.09..751477.09 rows=1 width=37) (actual time=6330.133..6330.133 rows=8 loops=2)
                                                               Buckets: 1024  Batches: 1  Memory Usage: 72kB
                                                               ->  Parallel Hash Join  (cost=496679.24..751477.09 rows=1 width=37) (actual time=4831.251..6330.102 rows=8 loops=2)
                                                                     Hash Cond: (mi.movie_id = t.id)
                                                                     ->  Hash Join  (cost=2.43..254799.18 rows=291 width=4) (actual time=615.486..2487.251 rows=34739 loops=2)
                                                                           Hash Cond: (mi.info_type_id = it.id)
                                                                           ->  Parallel Seq Scan on movie_info mi  (cost=0.00..254707.25 rows=32862 width=8) (actual time=615.364..2474.926 rows=34739 loops=2)
                                                                                 Filter: ((info IS NOT NULL) AND (((info)::text ~~ 'Japan:%2007%'::text) OR ((info)::text ~~ 'USA:%2008%'::text)))
                                                                                 Rows Removed by Filter: 7383121
                                                                           ->  Hash  (cost=2.41..2.41 rows=1 width=4) (actual time=0.055..0.055 rows=1 loops=2)
                                                                                 Buckets: 1024  Batches: 1  Memory Usage: 9kB
                                                                                 ->  Seq Scan on info_type it  (cost=0.00..2.41 rows=1 width=4) (actual time=0.032..0.043 rows=1 loops=2)
                                                                                       Filter: ((info)::text = 'release dates'::text)
                                                                                       Rows Removed by Filter: 112
                                                                     ->  Parallel Hash  (cost=496676.80..496676.80 rows=1 width=33) (actual time=3837.937..3837.937 rows=8 loops=2)
                                                                           Buckets: 1024  Batches: 1  Memory Usage: 72kB
                                                                           ->  Hash Join  (cost=54434.90..496676.80 rows=1 width=33) (actual time=1649.359..3837.829 rows=8 loops=2)
                                                                                 Hash Cond: (ci.role_id = rt.id)
                                                                                 ->  Parallel Hash Join  (cost=54433.73..496675.63 rows=3 width=37) (actual time=485.982..3837.700 rows=36 loops=2)
                                                                                       Hash Cond: (ci.movie_id = t.id)
                                                                                       ->  Parallel Seq Scan on cast_info ci  (cost=0.00..441459.62 rows=298009 width=16) (actual time=0.026..3433.752 rows=356914 loops=2)
                                                                                             Filter: ((note)::text = '(voice)'::text)
                                                                                             Rows Removed by Filter: 17765258
                                                                                       ->  Parallel Hash  (cost=54433.61..54433.61 rows=10 width=21) (actual time=355.231..355.231 rows=4 loops=2)
                                                                                             Buckets: 1024  Batches: 1  Memory Usage: 72kB
                                                                                             ->  Parallel Seq Scan on title t  (cost=0.00..54433.61 rows=10 width=21) (actual time=32.383..355.159 rows=4 loops=2)
                                                                                                   Filter: ((production_year >= 2007) AND (production_year <= 2008) AND ((title)::text ~~ '%Kung%Fu%Panda%'::text))
                                                                                                   Rows Removed by Filter: 1264152
                                                                                 ->  Hash  (cost=1.15..1.15 rows=1 width=4) (actual time=0.053..0.053 rows=1 loops=2)
                                                                                       Buckets: 1024  Batches: 1  Memory Usage: 9kB
                                                                                       ->  Seq Scan on role_type rt  (cost=0.00..1.15 rows=1 width=4) (actual time=0.027..0.030 rows=1 loops=2)
                                                                                             Filter: ((role)::text = 'actress'::text)
                                                                                             Rows Removed by Filter: 11
 Planning Time: 51.878 ms
 Execution Time: 8300.963 ms
(69 rows)

execute /home/pei/Project/benchmarks/imdb_job-postgres/skinner_explained/19c.sql_explained.sql
SET
SET
                                                                                                                QUERY PLAN                                                                                                                
------------------------------------------------------------------------------------------------------------------------------------------------------------------------------------------------------------------------------------------
 Finalize Aggregate  (cost=979421.66..979421.67 rows=1 width=64) (actual time=7319.501..7319.501 rows=1 loops=1)
   ->  Gather  (cost=979421.44..979421.65 rows=2 width=64) (actual time=7318.632..7327.228 rows=3 loops=1)
         Workers Planned: 2
         Workers Launched: 2
         ->  Partial Aggregate  (cost=978421.44..978421.45 rows=1 width=64) (actual time=7310.702..7310.702 rows=1 loops=3)
               ->  Parallel Hash Join  (cost=961861.47..978421.43 rows=2 width=32) (actual time=7190.595..7310.260 rows=1192 loops=3)
                     Hash Cond: (an.person_id = n.id)
                     ->  Parallel Seq Scan on aka_name an  (cost=0.00..15151.60 rows=375560 width=4) (actual time=0.046..79.139 rows=300448 loops=3)
                     ->  Parallel Hash  (cost=961861.46..961861.46 rows=1 width=40) (actual time=7187.344..7187.344 rows=877 loops=3)
                           Buckets: 2048 (originally 1024)  Batches: 1 (originally 1)  Memory Usage: 280kB
                           ->  Parallel Hash Join  (cost=956950.17..961861.46 rows=1 width=40) (actual time=7161.870..7185.406 rows=877 loops=3)
                                 Hash Cond: (cn.id = mc.company_id)
                                 ->  Parallel Seq Scan on company_name cn  (cost=0.00..4722.92 rows=50229 width=4) (actual time=0.024..19.269 rows=28281 loops=3)
                                       Filter: ((country_code)::text = '[us]'::text)
                                       Rows Removed by Filter: 50051
                                 ->  Parallel Hash  (cost=956950.15..956950.15 rows=2 width=44) (actual time=7161.667..7161.667 rows=2862 loops=3)
                                       Buckets: 8192 (originally 1024)  Batches: 1 (originally 1)  Memory Usage: 888kB
                                       ->  Parallel Hash Join  (cost=923212.00..956950.15 rows=2 width=44) (actual time=6844.539..7133.700 rows=2862 loops=3)
                                             Hash Cond: (mc.movie_id = t.id)
                                             ->  Parallel Seq Scan on movie_companies mc  (cost=0.00..29661.37 rows=1087137 width=8) (actual time=0.037..164.787 rows=869710 loops=3)
                                             ->  Parallel Hash  (cost=923211.99..923211.99 rows=1 width=52) (actual time=6842.764..6842.764 rows=710 loops=3)
                                                   Buckets: 2048 (originally 1024)  Batches: 1 (originally 1)  Memory Usage: 280kB
                                                   ->  Parallel Hash Join  (cost=868772.46..923211.99 rows=1 width=52) (actual time=6398.083..6801.125 rows=710 loops=3)
                                                         Hash Cond: (chn.id = ci.person_role_id)
                                                         ->  Parallel Seq Scan on char_name chn  (cost=0.00..49532.75 rows=1308475 width=4) (actual time=1.069..255.375 rows=1046780 loops=3)
                                                         ->  Parallel Hash  (cost=868772.44..868772.44 rows=1 width=56) (actual time=6396.071..6396.071 rows=755 loops=3)
                                                               Buckets: 2048 (originally 1024)  Batches: 1 (originally 1)  Memory Usage: 312kB
                                                               ->  Parallel Hash Join  (cost=817446.81..868772.44 rows=1 width=56) (actual time=6054.245..6388.308 rows=755 loops=3)
                                                                     Hash Cond: (t.id = mi.movie_id)
                                                                     ->  Parallel Seq Scan on title t  (cost=0.00..49166.29 rows=575821 width=21) (actual time=0.035..278.378 rows=460484 loops=3)
                                                                           Filter: (production_year > 2000)
                                                                           Rows Removed by Filter: 382286
                                                                     ->  Parallel Hash  (cost=817446.79..817446.79 rows=2 width=35) (actual time=6053.213..6053.213 rows=840 loops=3)
                                                                           Buckets: 4096 (originally 1024)  Batches: 1 (originally 1)  Memory Usage: 312kB
                                                                           ->  Parallel Hash Join  (cost=562110.73..817446.79 rows=2 width=35) (actual time=4130.583..5461.426 rows=840 loops=3)
                                                                                 Hash Cond: (mi.movie_id = ci.movie_id)
                                                                                 ->  Hash Join  (cost=2.43..255330.90 rows=2019 width=4) (actual time=435.025..1748.607 rows=150346 loops=3)
                                                                                       Hash Cond: (mi.info_type_id = it.id)
                                                                                       ->  Parallel Seq Scan on movie_info mi  (cost=0.00..254707.25 rows=228101 width=8) (actual time=183.698..1711.701 rows=150368 loops=3)
                                                                                             Filter: ((info IS NOT NULL) AND (((info)::text ~~ 'Japan:%200%'::text) OR ((info)::text ~~ 'USA:%200%'::text)))
                                                                                             Rows Removed by Filter: 4794872
                                                                                       ->  Hash  (cost=2.41..2.41 rows=1 width=4) (actual time=0.063..0.064 rows=1 loops=3)
                                                                                             Buckets: 1024  Batches: 1  Memory Usage: 9kB
                                                                                             ->  Seq Scan on info_type it  (cost=0.00..2.41 rows=1 width=4) (actual time=0.040..0.051 rows=1 loops=3)
                                                                                                   Filter: ((info)::text = 'release dates'::text)
                                                                                                   Rows Removed by Filter: 112
                                                                                 ->  Parallel Hash  (cost=562103.89..562103.89 rows=353 width=31) (actual time=3691.501..3691.501 rows=2184 loops=3)
                                                                                       Buckets: 8192 (originally 1024)  Batches: 1 (originally 1)  Memory Usage: 568kB
                                                                                       ->  Hash Join  (cost=81911.39..562103.89 rows=353 width=31) (actual time=1485.995..3522.824 rows=2184 loops=3)
                                                                                             Hash Cond: (ci.role_id = rt.id)
                                                                                             ->  Parallel Hash Join  (cost=81910.23..562087.69 rows=4234 width=35) (actual time=1485.876..3521.912 rows=2185 loops=3)
                                                                                                   Hash Cond: (ci.person_id = n.id)
                                                                                                   ->  Parallel Seq Scan on cast_info ci  (cost=0.00..479214.15 rows=366974 width=16) (actual time=0.079..2939.280 rows=289159 loops=3)
                                                                                                         Filter: ((note)::text = ANY ('{(voice),"(voice: Japanese version)","(voice) (uncredited)","(voice: English version)"}'::text[]))
                                                                                                         Rows Removed by Filter: 11792289
                                                                                                   ->  Parallel Hash  (cost=81659.82..81659.82 rows=20033 width=19) (actual time=536.010..536.010 rows=16670 loops=3)
                                                                                                         Buckets: 65536  Batches: 1  Memory Usage: 3296kB
                                                                                                         ->  Parallel Seq Scan on name n  (cost=0.00..81659.82 rows=20033 width=19) (actual time=218.612..521.613 rows=16670 loops=3)
                                                                                                               Filter: (((name)::text ~~ '%An%'::text) AND ((gender)::text = 'f'::text))
                                                                                                               Rows Removed by Filter: 1372493
                                                                                             ->  Hash  (cost=1.15..1.15 rows=1 width=4) (actual time=0.061..0.061 rows=1 loops=3)
                                                                                                   Buckets: 1024  Batches: 1  Memory Usage: 9kB
                                                                                                   ->  Seq Scan on role_type rt  (cost=0.00..1.15 rows=1 width=4) (actual time=0.032..0.034 rows=1 loops=3)
                                                                                                         Filter: ((role)::text = 'actress'::text)
                                                                                                         Rows Removed by Filter: 11
 Planning Time: 52.233 ms
 Execution Time: 7328.260 ms
(67 rows)

execute /home/pei/Project/benchmarks/imdb_job-postgres/skinner_explained/19d.sql_explained.sql
SET
SET
                                                                                                          QUERY PLAN                                                                                                          
------------------------------------------------------------------------------------------------------------------------------------------------------------------------------------------------------------------------------
 Finalize Aggregate  (cost=992869.82..992869.83 rows=1 width=64) (actual time=9551.690..9551.690 rows=1 loops=1)
   ->  Gather  (cost=992869.60..992869.81 rows=2 width=64) (actual time=9505.389..9816.818 rows=3 loops=1)
         Workers Planned: 2
         Workers Launched: 2
         ->  Partial Aggregate  (cost=991869.60..991869.61 rows=1 width=64) (actual time=9508.925..9508.925 rows=1 loops=3)
               ->  Parallel Hash Join  (cost=975303.84..991864.20 rows=1080 width=32) (actual time=9135.837..9355.153 rows=586882 loops=3)
                     Hash Cond: (an.person_id = n.id)
                     ->  Parallel Seq Scan on aka_name an  (cost=0.00..15151.60 rows=375560 width=4) (actual time=0.044..74.822 rows=300448 loops=3)
                     ->  Parallel Hash  (cost=975297.96..975297.96 rows=470 width=40) (actual time=8912.214..8912.214 rows=262348 loops=3)
                           Buckets: 65536 (originally 2048)  Batches: 32 (originally 1)  Memory Usage: 4384kB
                           ->  Parallel Hash Join  (cost=941555.37..975297.96 rows=470 width=40) (actual time=8160.673..8682.261 rows=262348 loops=3)
                                 Hash Cond: (mc.company_id = cn.id)
                                 ->  Parallel Hash Join  (cost=936204.59..969943.78 rows=1294 width=44) (actual time=8123.193..8500.048 rows=1076352 loops=3)
                                       Hash Cond: (mc.movie_id = t.id)
                                       ->  Parallel Seq Scan on movie_companies mc  (cost=0.00..29661.37 rows=1087137 width=8) (actual time=0.041..162.546 rows=869710 loops=3)
                                       ->  Parallel Hash  (cost=936201.50..936201.50 rows=247 width=52) (actual time=7722.661..7722.661 rows=113945 loops=3)
                                             Buckets: 32768 (originally 1024)  Batches: 16 (originally 1)  Memory Usage: 2624kB
                                             ->  Parallel Hash Join  (cost=884874.85..936201.50 rows=247 width=52) (actual time=7429.546..7621.478 rows=113945 loops=3)
                                                   Hash Cond: (t.id = mi.movie_id)
                                                   ->  Parallel Seq Scan on title t  (cost=0.00..49166.29 rows=575821 width=21) (actual time=0.043..272.495 rows=460484 loops=3)
                                                         Filter: (production_year > 2000)
                                                         Rows Removed by Filter: 382286
                                                   ->  Parallel Hash  (cost=884869.20..884869.20 rows=452 width=31) (actual time=6979.402..6979.402 rows=166016 loops=3)
                                                         Buckets: 65536 (originally 2048)  Batches: 16 (originally 1)  Memory Usage: 2912kB
                                                         ->  Parallel Hash Join  (cost=636506.19..884869.20 rows=452 width=31) (actual time=6672.622..6851.467 rows=166016 loops=3)
                                                               Hash Cond: (ci.person_role_id = chn.id)
                                                               ->  Parallel Hash Join  (cost=565505.50..808738.07 rows=934 width=35) (actual time=5902.032..6030.700 rows=182242 loops=3)
                                                                     Hash Cond: (ci.person_id = n.id)
                                                                     ->  Parallel Hash Join  (cost=480903.52..721760.35 rows=4089 width=16) (actual time=5099.769..5284.214 rows=182372 loops=3)
                                                                           Hash Cond: (mi.movie_id = ci.movie_id)
                                                                           ->  Hash Join  (cost=2.43..240637.08 rows=54704 width=4) (actual time=453.811..1892.640 rows=1012240 loops=3)
                                                                                 Hash Cond: (mi.info_type_id = it.id)
                                                                                 ->  Parallel Seq Scan on movie_info mi  (cost=0.00..223799.50 rows=6181550 width=8) (actual time=0.053..1133.097 rows=4945240 loops=3)
                                                                                 ->  Hash  (cost=2.41..2.41 rows=1 width=4) (actual time=0.056..0.056 rows=1 loops=3)
                                                                                       Buckets: 1024  Batches: 1  Memory Usage: 9kB
                                                                                       ->  Seq Scan on info_type it  (cost=0.00..2.41 rows=1 width=4) (actual time=0.042..0.052 rows=1 loops=3)
                                                                                             Filter: ((info)::text = 'release dates'::text)
                                                                                             Rows Removed by Filter: 112
                                                                           ->  Parallel Hash  (cost=480518.83..480518.83 rows=30581 width=12) (actual time=2954.970..2954.971 rows=92055 loops=3)
                                                                                 Buckets: 65536 (originally 131072)  Batches: 8 (originally 1)  Memory Usage: 2208kB
                                                                                 ->  Hash Join  (cost=1.16..480518.83 rows=30581 width=12) (actual time=908.772..2882.319 rows=92055 loops=3)
                                                                                       Hash Cond: (ci.role_id = rt.id)
                                                                                       ->  Parallel Seq Scan on cast_info ci  (cost=0.00..479214.15 rows=366974 width=16) (actual time=0.055..2819.383 rows=289159 loops=3)
                                                                                             Filter: ((note)::text = ANY ('{(voice),"(voice: Japanese version)","(voice) (uncredited)","(voice: English version)"}'::text[]))
                                                                                             Rows Removed by Filter: 11792289
                                                                                       ->  Hash  (cost=1.15..1.15 rows=1 width=4) (actual time=0.030..0.030 rows=1 loops=3)
                                                                                             Buckets: 1024  Batches: 1  Memory Usage: 9kB
                                                                                             ->  Seq Scan on role_type rt  (cost=0.00..1.15 rows=1 width=4) (actual time=0.025..0.027 rows=1 loops=3)
                                                                                                   Filter: ((role)::text = 'actress'::text)
                                                                                                   Rows Removed by Filter: 11
                                                                     ->  Parallel Hash  (cost=77318.68..77318.68 rows=396664 width=19) (actual time=548.595..548.595 rows=320518 loops=3)
                                                                           Buckets: 65536  Batches: 16  Memory Usage: 3840kB
                                                                           ->  Parallel Seq Scan on name n  (cost=0.00..77318.68 rows=396664 width=19) (actual time=181.049..438.775 rows=320518 loops=3)
                                                                                 Filter: ((gender)::text = 'f'::text)
                                                                                 Rows Removed by Filter: 1068645
                                                               ->  Parallel Hash  (cost=49532.75..49532.75 rows=1308475 width=4) (actual time=560.810..560.810 rows=1046780 loops=3)
                                                                     Buckets: 131072  Batches: 64  Memory Usage: 3008kB
                                                                     ->  Parallel Seq Scan on char_name chn  (cost=0.00..49532.75 rows=1308475 width=4) (actual time=0.067..280.224 rows=1046780 loops=3)
                                 ->  Parallel Hash  (cost=4722.92..4722.92 rows=50229 width=4) (actual time=36.633..36.633 rows=28281 loops=3)
                                       Buckets: 131072  Batches: 1  Memory Usage: 4416kB
                                       ->  Parallel Seq Scan on company_name cn  (cost=0.00..4722.92 rows=50229 width=4) (actual time=0.026..22.714 rows=28281 loops=3)
                                             Filter: ((country_code)::text = '[us]'::text)
                                             Rows Removed by Filter: 50051
 Planning Time: 51.573 ms
 Execution Time: 9817.803 ms
(65 rows)

execute /home/pei/Project/benchmarks/imdb_job-postgres/skinner_explained/1a.sql_explained.sql
SET
SET
                                                                                                       QUERY PLAN                                                                                                       
------------------------------------------------------------------------------------------------------------------------------------------------------------------------------------------------------------------------
 Finalize Aggregate  (cost=104638.31..104638.32 rows=1 width=68) (actual time=873.459..873.459 rows=1 loops=1)
   ->  Gather  (cost=104638.09..104638.30 rows=2 width=68) (actual time=872.784..878.670 rows=3 loops=1)
         Workers Planned: 2
         Workers Launched: 2
         ->  Partial Aggregate  (cost=103638.09..103638.10 rows=1 width=68) (actual time=865.987..865.987 rows=1 loops=3)
               ->  Parallel Hash Join  (cost=53154.41..103637.73 rows=47 width=45) (actual time=753.353..865.874 rows=47 loops=3)
                     Hash Cond: (t.id = mc.movie_id)
                     ->  Parallel Seq Scan on title t  (cost=0.00..46532.63 rows=1053463 width=25) (actual time=0.032..228.967 rows=842771 loops=3)
                     ->  Parallel Hash  (cost=53153.83..53153.83 rows=47 width=32) (actual time=531.155..531.155 rows=47 loops=3)
                           Buckets: 1024  Batches: 1  Memory Usage: 72kB
                           ->  Parallel Hash Join  (cost=37883.38..53153.83 rows=47 width=32) (actual time=530.593..530.822 rows=47 loops=3)
                                 Hash Cond: (mi_idx.movie_id = mc.movie_id)
                                 ->  Hash Join  (cost=2.43..15253.60 rows=5089 width=4) (actual time=138.790..138.830 rows=83 loops=3)
                                       Hash Cond: (mi_idx.info_type_id = it.id)
                                       ->  Parallel Seq Scan on movie_info_idx mi_idx  (cost=0.00..13685.15 rows=575015 width=8) (actual time=0.032..83.003 rows=460012 loops=3)
                                       ->  Hash  (cost=2.41..2.41 rows=1 width=4) (actual time=0.060..0.060 rows=1 loops=3)
                                             Buckets: 1024  Batches: 1  Memory Usage: 9kB
                                             ->  Seq Scan on info_type it  (cost=0.00..2.41 rows=1 width=4) (actual time=0.042..0.043 rows=1 loops=3)
                                                   Filter: ((info)::text = 'top 250 rank'::text)
                                                   Rows Removed by Filter: 112
                                 ->  Parallel Hash  (cost=37857.14..37857.14 rows=1905 width=28) (actual time=391.696..391.696 rows=9552 loops=3)
                                       Buckets: 32768 (originally 8192)  Batches: 1 (originally 1)  Memory Usage: 2112kB
                                       ->  Hash Join  (cost=1.06..37857.14 rows=1905 width=28) (actual time=281.607..380.084 rows=9552 loops=3)
                                             Hash Cond: (mc.company_type_id = ct.id)
                                             ->  Parallel Seq Scan on movie_companies mc  (cost=0.00..37814.90 rows=7618 width=32) (actual time=52.889..376.300 rows=9630 loops=3)
                                                   Filter: (((note)::text !~~ '%(as Metro-Goldwyn-Mayer Pictures)%'::text) AND (((note)::text ~~ '%(co-production)%'::text) OR ((note)::text ~~ '%(presents)%'::text)))
                                                   Rows Removed by Filter: 860080
                                             ->  Hash  (cost=1.05..1.05 rows=1 width=4) (actual time=0.062..0.063 rows=1 loops=3)
                                                   Buckets: 1024  Batches: 1  Memory Usage: 9kB
                                                   ->  Seq Scan on company_type ct  (cost=0.00..1.05 rows=1 width=4) (actual time=0.039..0.041 rows=1 loops=3)
                                                         Filter: ((kind)::text = 'production companies'::text)
                                                         Rows Removed by Filter: 3
 Planning Time: 4.068 ms
 Execution Time: 879.183 ms
(34 rows)

execute /home/pei/Project/benchmarks/imdb_job-postgres/skinner_explained/1b.sql_explained.sql
SET
SET
                                                                                         QUERY PLAN                                                                                          
---------------------------------------------------------------------------------------------------------------------------------------------------------------------------------------------
 Finalize Aggregate  (cost=103766.13..103766.14 rows=1 width=68) (actual time=737.530..737.530 rows=1 loops=1)
   ->  Gather  (cost=103765.91..103766.12 rows=2 width=68) (actual time=737.360..742.498 rows=3 loops=1)
         Workers Planned: 2
         Workers Launched: 2
         ->  Partial Aggregate  (cost=102765.91..102765.92 rows=1 width=68) (actual time=730.786..730.786 rows=1 loops=3)
               ->  Hash Join  (cost=68268.30..102758.62 rows=972 width=45) (actual time=716.203..730.777 rows=1 loops=3)
                     Hash Cond: (mc.company_type_id = ct.id)
                     ->  Parallel Hash Join  (cost=68267.24..102736.53 rows=3890 width=49) (actual time=549.194..730.476 rows=22 loops=3)
                           Hash Cond: (mc.movie_id = t.id)
                           ->  Parallel Seq Scan on movie_companies mc  (cost=0.00..32379.21 rows=556503 width=32) (actual time=0.037..265.764 rows=445696 loops=3)
                                 Filter: ((note)::text !~~ '%(as Metro-Goldwyn-Mayer Pictures)%'::text)
                                 Rows Removed by Filter: 424014
                           ->  Parallel Hash  (cost=68249.11..68249.11 rows=1450 width=29) (actual time=420.023..420.023 rows=1 loops=3)
                                 Buckets: 4096  Batches: 1  Memory Usage: 128kB
                                 ->  Parallel Hash Join  (cost=15317.21..68249.11 rows=1450 width=29) (actual time=355.201..419.898 rows=1 loops=3)
                                       Hash Cond: (t.id = mi_idx.movie_id)
                                       ->  Parallel Seq Scan on title t  (cost=0.00..51799.95 rows=300243 width=25) (actual time=0.037..259.319 rows=238753 loops=3)
                                             Filter: ((production_year >= 2005) AND (production_year <= 2010))
                                             Rows Removed by Filter: 604018
                                       ->  Parallel Hash  (cost=15253.60..15253.60 rows=5089 width=4) (actual time=132.464..132.464 rows=3 loops=3)
                                             Buckets: 16384  Batches: 1  Memory Usage: 160kB
                                             ->  Hash Join  (cost=2.43..15253.60 rows=5089 width=4) (actual time=132.366..132.368 rows=3 loops=3)
                                                   Hash Cond: (mi_idx.info_type_id = it.id)
                                                   ->  Parallel Seq Scan on movie_info_idx mi_idx  (cost=0.00..13685.15 rows=575015 width=8) (actual time=0.044..76.160 rows=460012 loops=3)
                                                   ->  Hash  (cost=2.41..2.41 rows=1 width=4) (actual time=0.060..0.061 rows=1 loops=3)
                                                         Buckets: 1024  Batches: 1  Memory Usage: 9kB
                                                         ->  Seq Scan on info_type it  (cost=0.00..2.41 rows=1 width=4) (actual time=0.040..0.040 rows=1 loops=3)
                                                               Filter: ((info)::text = 'bottom 10 rank'::text)
                                                               Rows Removed by Filter: 112
                     ->  Hash  (cost=1.05..1.05 rows=1 width=4) (actual time=0.056..0.057 rows=1 loops=3)
                           Buckets: 1024  Batches: 1  Memory Usage: 9kB
                           ->  Seq Scan on company_type ct  (cost=0.00..1.05 rows=1 width=4) (actual time=0.035..0.036 rows=1 loops=3)
                                 Filter: ((kind)::text = 'production companies'::text)
                                 Rows Removed by Filter: 3
 Planning Time: 3.927 ms
 Execution Time: 742.991 ms
(36 rows)

execute /home/pei/Project/benchmarks/imdb_job-postgres/skinner_explained/1c.sql_explained.sql
SET
SET
                                                                                     QUERY PLAN                                                                                     
------------------------------------------------------------------------------------------------------------------------------------------------------------------------------------
 Finalize Aggregate  (cost=101209.01..101209.02 rows=1 width=68) (actual time=730.348..730.348 rows=1 loops=1)
   ->  Gather  (cost=101208.79..101209.00 rows=2 width=68) (actual time=729.816..736.322 rows=3 loops=1)
         Workers Planned: 2
         Workers Launched: 2
         ->  Partial Aggregate  (cost=100208.79..100208.80 rows=1 width=68) (actual time=723.017..723.018 rows=1 loops=3)
               ->  Parallel Hash Join  (cost=50420.55..100208.75 rows=5 width=45) (actual time=703.278..723.001 rows=1 loops=3)
                     Hash Cond: (t.id = mc.movie_id)
                     ->  Parallel Seq Scan on title t  (cost=0.00..49166.29 rows=165838 width=25) (actual time=0.028..248.950 rows=130555 loops=3)
                           Filter: (production_year > 2010)
                           Rows Removed by Filter: 712215
                     ->  Parallel Hash  (cost=50420.11..50420.11 rows=35 width=32) (actual time=456.943..456.943 rows=8 loops=3)
                           Buckets: 1024  Batches: 1  Memory Usage: 72kB
                           ->  Parallel Hash Join  (cost=35149.70..50420.11 rows=35 width=32) (actual time=456.493..456.599 rows=8 loops=3)
                                 Hash Cond: (mi_idx.movie_id = mc.movie_id)
                                 ->  Hash Join  (cost=2.43..15253.60 rows=5089 width=4) (actual time=136.868..136.902 rows=83 loops=3)
                                       Hash Cond: (mi_idx.info_type_id = it.id)
                                       ->  Parallel Seq Scan on movie_info_idx mi_idx  (cost=0.00..13685.15 rows=575015 width=8) (actual time=0.034..81.241 rows=460012 loops=3)
                                       ->  Hash  (cost=2.41..2.41 rows=1 width=4) (actual time=0.056..0.056 rows=1 loops=3)
                                             Buckets: 1024  Batches: 1  Memory Usage: 9kB
                                             ->  Seq Scan on info_type it  (cost=0.00..2.41 rows=1 width=4) (actual time=0.035..0.036 rows=1 loops=3)
                                                   Filter: ((info)::text = 'top 250 rank'::text)
                                                   Rows Removed by Filter: 112
                                 ->  Parallel Hash  (cost=35129.26..35129.26 rows=1441 width=28) (actual time=319.505..319.505 rows=5937 loops=3)
                                       Buckets: 32768 (originally 4096)  Batches: 1 (originally 1)  Memory Usage: 1504kB
                                       ->  Hash Join  (cost=1.06..35129.26 rows=1441 width=28) (actual time=216.911..306.826 rows=5937 loops=3)
                                             Hash Cond: (mc.company_type_id = ct.id)
                                             ->  Parallel Seq Scan on movie_companies mc  (cost=0.00..35097.06 rows=5762 width=32) (actual time=162.835..304.299 rows=5939 loops=3)
                                                   Filter: (((note)::text !~~ '%(as Metro-Goldwyn-Mayer Pictures)%'::text) AND ((note)::text ~~ '%(co-production)%'::text))
                                                   Rows Removed by Filter: 863771
                                             ->  Hash  (cost=1.05..1.05 rows=1 width=4) (actual time=0.060..0.060 rows=1 loops=3)
                                                   Buckets: 1024  Batches: 1  Memory Usage: 9kB
                                                   ->  Seq Scan on company_type ct  (cost=0.00..1.05 rows=1 width=4) (actual time=0.039..0.041 rows=1 loops=3)
                                                         Filter: ((kind)::text = 'production companies'::text)
                                                         Rows Removed by Filter: 3
 Planning Time: 3.946 ms
 Execution Time: 736.829 ms
(36 rows)

execute /home/pei/Project/benchmarks/imdb_job-postgres/skinner_explained/1d.sql_explained.sql
SET
SET
                                                                                         QUERY PLAN                                                                                          
---------------------------------------------------------------------------------------------------------------------------------------------------------------------------------------------
 Finalize Aggregate  (cost=102217.02..102217.03 rows=1 width=68) (actual time=789.311..789.311 rows=1 loops=1)
   ->  Gather  (cost=102216.80..102217.01 rows=2 width=68) (actual time=789.013..795.889 rows=3 loops=1)
         Workers Planned: 2
         Workers Launched: 2
         ->  Partial Aggregate  (cost=101216.80..101216.81 rows=1 width=68) (actual time=782.220..782.220 rows=1 loops=3)
               ->  Hash Join  (cost=66690.26..101202.81 rows=1865 width=45) (actual time=762.884..782.196 rows=1 loops=3)
                     Hash Cond: (mc.company_type_id = ct.id)
                     ->  Parallel Hash Join  (cost=66689.20..101161.42 rows=7460 width=49) (actual time=631.501..781.884 rows=26 loops=3)
                           Hash Cond: (mc.movie_id = t.id)
                           ->  Parallel Seq Scan on movie_companies mc  (cost=0.00..32379.21 rows=556503 width=32) (actual time=0.044..276.927 rows=445696 loops=3)
                                 Filter: ((note)::text !~~ '%(as Metro-Goldwyn-Mayer Pictures)%'::text)
                                 Rows Removed by Filter: 424014
                           ->  Parallel Hash  (cost=66654.42..66654.42 rows=2782 width=29) (actual time=460.094..460.094 rows=2 loops=3)
                                 Buckets: 8192  Batches: 1  Memory Usage: 160kB
                                 ->  Parallel Hash Join  (cost=15317.21..66654.42 rows=2782 width=29) (actual time=414.434..459.956 rows=2 loops=3)
                                       Hash Cond: (t.id = mi_idx.movie_id)
                                       ->  Parallel Seq Scan on title t  (cost=0.00..49166.29 rows=575821 width=25) (actual time=0.037..275.776 rows=460484 loops=3)
                                             Filter: (production_year > 2000)
                                             Rows Removed by Filter: 382286
                                       ->  Parallel Hash  (cost=15253.60..15253.60 rows=5089 width=4) (actual time=135.353..135.353 rows=3 loops=3)
                                             Buckets: 16384  Batches: 1  Memory Usage: 160kB
                                             ->  Hash Join  (cost=2.43..15253.60 rows=5089 width=4) (actual time=135.261..135.263 rows=3 loops=3)
                                                   Hash Cond: (mi_idx.info_type_id = it.id)
                                                   ->  Parallel Seq Scan on movie_info_idx mi_idx  (cost=0.00..13685.15 rows=575015 width=8) (actual time=0.046..79.076 rows=460012 loops=3)
                                                   ->  Hash  (cost=2.41..2.41 rows=1 width=4) (actual time=0.059..0.059 rows=1 loops=3)
                                                         Buckets: 1024  Batches: 1  Memory Usage: 9kB
                                                         ->  Seq Scan on info_type it  (cost=0.00..2.41 rows=1 width=4) (actual time=0.041..0.042 rows=1 loops=3)
                                                               Filter: ((info)::text = 'bottom 10 rank'::text)
                                                               Rows Removed by Filter: 112
                     ->  Hash  (cost=1.05..1.05 rows=1 width=4) (actual time=0.058..0.058 rows=1 loops=3)
                           Buckets: 1024  Batches: 1  Memory Usage: 9kB
                           ->  Seq Scan on company_type ct  (cost=0.00..1.05 rows=1 width=4) (actual time=0.038..0.039 rows=1 loops=3)
                                 Filter: ((kind)::text = 'production companies'::text)
                                 Rows Removed by Filter: 3
 Planning Time: 3.865 ms
 Execution Time: 796.387 ms
(36 rows)

execute /home/pei/Project/benchmarks/imdb_job-postgres/skinner_explained/20a.sql_explained.sql
SET
SET
                                                                                                 QUERY PLAN                                                                                                  
-------------------------------------------------------------------------------------------------------------------------------------------------------------------------------------------------------------
 Aggregate  (cost=690921.15..690921.16 rows=1 width=32) (actual time=5639.932..5639.932 rows=1 loops=1)
   ->  Hash Join  (cost=611431.78..690921.14 rows=1 width=17) (actual time=5338.806..5639.904 rows=33 loops=1)
         Hash Cond: (t.kind_id = kt.id)
         ->  Gather  (cost=611430.68..690920.04 rows=1 width=21) (actual time=5338.676..5645.212 rows=33 loops=1)
               Workers Planned: 2
               Workers Launched: 2
               ->  Parallel Hash Join  (cost=610430.68..689919.94 rows=1 width=21) (actual time=5243.428..5631.891 rows=11 loops=3)
                     Hash Cond: (n.id = ci.person_id)
                     ->  Parallel Seq Scan on name n  (cost=0.00..72977.55 rows=1736455 width=4) (actual time=0.047..374.462 rows=1389164 loops=3)
                     ->  Parallel Hash  (cost=610430.67..610430.67 rows=1 width=25) (actual time=5087.113..5087.113 rows=11 loops=3)
                           Buckets: 1024  Batches: 1  Memory Usage: 104kB
                           ->  Hash Join  (cost=557690.68..610430.67 rows=1 width=25) (actual time=4999.805..5086.993 rows=11 loops=3)
                                 Hash Cond: (t.id = cc.movie_id)
                                 ->  Parallel Hash Join  (cost=554588.26..607328.24 rows=1 width=37) (actual time=4705.200..4988.722 rows=59 loops=3)
                                       Hash Cond: (t.id = mk.movie_id)
                                       ->  Parallel Seq Scan on title t  (cost=0.00..49166.29 rows=952979 width=25) (actual time=0.029..282.137 rows=762424 loops=3)
                                             Filter: (production_year > 1950)
                                             Rows Removed by Filter: 80347
                                       ->  Parallel Hash  (cost=554588.25..554588.25 rows=1 width=12) (actual time=4631.654..4631.654 rows=59 loops=3)
                                             Buckets: 1024  Batches: 1  Memory Usage: 104kB
                                             ->  Parallel Hash Join  (cost=111235.39..554588.25 rows=1 width=12) (actual time=1333.403..4631.533 rows=59 loops=3)
                                                   Hash Cond: (ci.movie_id = mk.movie_id)
                                                   ->  Parallel Hash Join  (cost=59349.58..502696.95 rows=1460 width=8) (actual time=590.061..4018.918 rows=185 loops=3)
                                                         Hash Cond: (ci.person_role_id = chn.id)
                                                         ->  Parallel Seq Scan on cast_info ci  (cost=0.00..403705.10 rows=15101810 width=12) (actual time=0.029..2143.382 rows=12081448 loops=3)
                                                         ->  Parallel Hash  (cost=59346.31..59346.31 rows=262 width=4) (actual time=537.498..537.498 rows=10 loops=3)
                                                               Buckets: 1024  Batches: 1  Memory Usage: 104kB
                                                               ->  Parallel Seq Scan on char_name chn  (cost=0.00..59346.31 rows=262 width=4) (actual time=24.153..537.430 rows=10 loops=3)
                                                                     Filter: (((name)::text !~~ '%Sherlock%'::text) AND (((name)::text ~~ '%Tony%Stark%'::text) OR ((name)::text ~~ '%Iron%Man%'::text)))
                                                                     Rows Removed by Filter: 1046770
                                                   ->  Parallel Hash  (cost=51884.41..51884.41 rows=112 width=4) (actual time=612.414..612.414 rows=11849 loops=3)
                                                         Buckets: 65536 (originally 1024)  Batches: 1 (originally 1)  Memory Usage: 2488kB
                                                         ->  Hash Join  (cost=3632.50..51884.41 rows=112 width=4) (actual time=59.798..503.437 rows=11849 loops=3)
                                                               Hash Cond: (mk.keyword_id = k.id)
                                                               ->  Parallel Seq Scan on movie_keyword mk  (cost=0.00..43303.71 rows=1884971 width=8) (actual time=0.057..255.712 rows=1507977 loops=3)
                                                               ->  Hash  (cost=3632.40..3632.40 rows=8 width=4) (actual time=59.432..59.433 rows=8 loops=3)
                                                                     Buckets: 1024  Batches: 1  Memory Usage: 9kB
                                                                     ->  Seq Scan on keyword k  (cost=0.00..3632.40 rows=8 width=4) (actual time=0.223..59.415 rows=8 loops=3)
                                                                           Filter: ((keyword)::text = ANY ('{superhero,sequel,second-part,marvel-comics,based-on-comic,tv-special,fight,violence}'::text[]))
                                                                           Rows Removed by Filter: 134162
                                 ->  Hash  (cost=2996.88..2996.88 rows=8443 width=4) (actual time=97.953..97.953 rows=85941 loops=3)
                                       Buckets: 131072 (originally 16384)  Batches: 1 (originally 1)  Memory Usage: 4046kB
                                       ->  Hash Join  (cost=2.12..2996.88 rows=8443 width=4) (actual time=0.224..71.304 rows=85941 loops=3)
                                             Hash Cond: (cc.status_id = cct2.id)
                                             ->  Hash Join  (cost=1.06..2813.24 rows=33772 width=8) (actual time=0.105..53.162 rows=85941 loops=3)
                                                   Hash Cond: (cc.subject_id = cct1.id)
                                                   ->  Seq Scan on complete_cast cc  (cost=0.00..2081.86 rows=135086 width=12) (actual time=0.026..22.417 rows=135086 loops=3)
                                                   ->  Hash  (cost=1.05..1.05 rows=1 width=4) (actual time=0.020..0.020 rows=1 loops=3)
                                                         Buckets: 1024  Batches: 1  Memory Usage: 9kB
                                                         ->  Seq Scan on comp_cast_type cct1  (cost=0.00..1.05 rows=1 width=4) (actual time=0.009..0.010 rows=1 loops=3)
                                                               Filter: ((kind)::text = 'cast'::text)
                                                               Rows Removed by Filter: 3
                                             ->  Hash  (cost=1.05..1.05 rows=1 width=4) (actual time=0.065..0.065 rows=2 loops=3)
                                                   Buckets: 1024  Batches: 1  Memory Usage: 9kB
                                                   ->  Seq Scan on comp_cast_type cct2  (cost=0.00..1.05 rows=1 width=4) (actual time=0.045..0.047 rows=2 loops=3)
                                                         Filter: ((kind)::text ~~ '%complete%'::text)
                                                         Rows Removed by Filter: 2
         ->  Hash  (cost=1.09..1.09 rows=1 width=4) (actual time=0.057..0.057 rows=1 loops=1)
               Buckets: 1024  Batches: 1  Memory Usage: 9kB
               ->  Seq Scan on kind_type kt  (cost=0.00..1.09 rows=1 width=4) (actual time=0.037..0.039 rows=1 loops=1)
                     Filter: ((kind)::text = 'movie'::text)
                     Rows Removed by Filter: 6
 Planning Time: 35.016 ms
 Execution Time: 5646.334 ms
(64 rows)

execute /home/pei/Project/benchmarks/imdb_job-postgres/skinner_explained/20b.sql_explained.sql
SET
SET
                                                                                                   QUERY PLAN                                                                                                   
----------------------------------------------------------------------------------------------------------------------------------------------------------------------------------------------------------------
 Finalize Aggregate  (cost=687335.89..687335.90 rows=1 width=32) (actual time=5515.646..5515.646 rows=1 loops=1)
   ->  Gather  (cost=687335.68..687335.89 rows=2 width=32) (actual time=5515.213..5522.335 rows=3 loops=1)
         Workers Planned: 2
         Workers Launched: 2
         ->  Partial Aggregate  (cost=686335.68..686335.69 rows=1 width=32) (actual time=5507.830..5507.830 rows=1 loops=3)
               ->  Hash Join  (cost=635010.03..686335.67 rows=1 width=17) (actual time=5459.310..5507.798 rows=6 loops=3)
                     Hash Cond: (t.kind_id = kt.id)
                     ->  Hash Join  (cost=635008.93..686334.57 rows=1 width=21) (actual time=5459.014..5507.500 rows=6 loops=3)
                           Hash Cond: (t.id = cc.movie_id)
                           ->  Parallel Hash Join  (cost=631906.51..683232.14 rows=1 width=33) (actual time=5340.658..5413.215 rows=17 loops=3)
                                 Hash Cond: (t.id = mk.movie_id)
                                 ->  Parallel Seq Scan on title t  (cost=0.00..49166.29 rows=575821 width=25) (actual time=0.057..273.903 rows=460484 loops=3)
                                       Filter: (production_year > 2000)
                                       Rows Removed by Filter: 382286
                                 ->  Parallel Hash  (cost=631906.50..631906.50 rows=1 width=8) (actual time=5092.820..5092.820 rows=17 loops=3)
                                       Buckets: 1024  Batches: 1  Memory Usage: 104kB
                                       ->  Parallel Hash Join  (cost=583654.16..631906.50 rows=1 width=8) (actual time=4865.710..5092.644 rows=17 loops=3)
                                             Hash Cond: (mk.movie_id = ci.movie_id)
                                             ->  Hash Join  (cost=3632.50..51884.41 rows=112 width=4) (actual time=43.420..492.380 rows=11849 loops=3)
                                                   Hash Cond: (mk.keyword_id = k.id)
                                                   ->  Parallel Seq Scan on movie_keyword mk  (cost=0.00..43303.71 rows=1884971 width=8) (actual time=0.049..262.196 rows=1507977 loops=3)
                                                   ->  Hash  (cost=3632.40..3632.40 rows=8 width=4) (actual time=43.124..43.124 rows=8 loops=3)
                                                         Buckets: 1024  Batches: 1  Memory Usage: 9kB
                                                         ->  Seq Scan on keyword k  (cost=0.00..3632.40 rows=8 width=4) (actual time=0.174..43.105 rows=8 loops=3)
                                                               Filter: ((keyword)::text = ANY ('{superhero,sequel,second-part,marvel-comics,based-on-comic,tv-special,fight,violence}'::text[]))
                                                               Rows Removed by Filter: 134162
                                             ->  Parallel Hash  (cost=580021.64..580021.64 rows=1 width=4) (actual time=4597.852..4597.852 rows=5 loops=3)
                                                   Buckets: 1024  Batches: 1  Memory Usage: 104kB
                                                   ->  Parallel Hash Join  (cost=136670.44..580021.64 rows=1 width=4) (actual time=1358.201..4597.696 rows=5 loops=3)
                                                         Hash Cond: (ci.person_id = n.id)
                                                         ->  Parallel Hash Join  (cost=59349.58..502696.95 rows=1460 width=8) (actual time=650.645..4106.723 rows=185 loops=3)
                                                               Hash Cond: (ci.person_role_id = chn.id)
                                                               ->  Parallel Seq Scan on cast_info ci  (cost=0.00..403705.10 rows=15101810 width=12) (actual time=0.030..2220.688 rows=12081448 loops=3)
                                                               ->  Parallel Hash  (cost=59346.31..59346.31 rows=262 width=4) (actual time=549.207..549.208 rows=10 loops=3)
                                                                     Buckets: 1024  Batches: 1  Memory Usage: 104kB
                                                                     ->  Parallel Seq Scan on char_name chn  (cost=0.00..59346.31 rows=262 width=4) (actual time=56.387..549.083 rows=10 loops=3)
                                                                           Filter: (((name)::text !~~ '%Sherlock%'::text) AND (((name)::text ~~ '%Tony%Stark%'::text) OR ((name)::text ~~ '%Iron%Man%'::text)))
                                                                           Rows Removed by Filter: 1046770
                                                         ->  Parallel Hash  (cost=77318.68..77318.68 rows=174 width=4) (actual time=490.873..490.873 rows=1 loops=3)
                                                               Buckets: 1024  Batches: 1  Memory Usage: 72kB
                                                               ->  Parallel Seq Scan on name n  (cost=0.00..77318.68 rows=174 width=4) (actual time=196.937..490.799 rows=1 loops=3)
                                                                     Filter: ((name)::text ~~ '%Downey%Robert%'::text)
                                                                     Rows Removed by Filter: 1389163
                           ->  Hash  (cost=2996.88..2996.88 rows=8443 width=4) (actual time=93.977..93.977 rows=85941 loops=3)
                                 Buckets: 131072 (originally 16384)  Batches: 1 (originally 1)  Memory Usage: 4046kB
                                 ->  Hash Join  (cost=2.12..2996.88 rows=8443 width=4) (actual time=0.193..67.587 rows=85941 loops=3)
                                       Hash Cond: (cc.status_id = cct2.id)
                                       ->  Hash Join  (cost=1.06..2813.24 rows=33772 width=8) (actual time=0.109..49.571 rows=85941 loops=3)
                                             Hash Cond: (cc.subject_id = cct1.id)
                                             ->  Seq Scan on complete_cast cc  (cost=0.00..2081.86 rows=135086 width=12) (actual time=0.027..19.108 rows=135086 loops=3)
                                             ->  Hash  (cost=1.05..1.05 rows=1 width=4) (actual time=0.027..0.027 rows=1 loops=3)
                                                   Buckets: 1024  Batches: 1  Memory Usage: 9kB
                                                   ->  Seq Scan on comp_cast_type cct1  (cost=0.00..1.05 rows=1 width=4) (actual time=0.008..0.010 rows=1 loops=3)
                                                         Filter: ((kind)::text = 'cast'::text)
                                                         Rows Removed by Filter: 3
                                       ->  Hash  (cost=1.05..1.05 rows=1 width=4) (actual time=0.034..0.034 rows=2 loops=3)
                                             Buckets: 1024  Batches: 1  Memory Usage: 9kB
                                             ->  Seq Scan on comp_cast_type cct2  (cost=0.00..1.05 rows=1 width=4) (actual time=0.021..0.023 rows=2 loops=3)
                                                   Filter: ((kind)::text ~~ '%complete%'::text)
                                                   Rows Removed by Filter: 2
                     ->  Hash  (cost=1.09..1.09 rows=1 width=4) (actual time=0.061..0.061 rows=1 loops=3)
                           Buckets: 1024  Batches: 1  Memory Usage: 9kB
                           ->  Seq Scan on kind_type kt  (cost=0.00..1.09 rows=1 width=4) (actual time=0.032..0.034 rows=1 loops=3)
                                 Filter: ((kind)::text = 'movie'::text)
                                 Rows Removed by Filter: 6
 Planning Time: 34.993 ms
 Execution Time: 5523.316 ms
(67 rows)

execute /home/pei/Project/benchmarks/imdb_job-postgres/skinner_explained/20c.sql_explained.sql
SET
SET
                                                                                                QUERY PLAN                                                                                                
----------------------------------------------------------------------------------------------------------------------------------------------------------------------------------------------------------
 Aggregate  (cost=689631.09..689631.10 rows=1 width=64) (actual time=6639.253..6639.253 rows=1 loops=1)
   ->  Gather  (cost=610141.72..689631.08 rows=1 width=32) (actual time=6040.408..6643.144 rows=5406 loops=1)
         Workers Planned: 2
         Workers Launched: 2
         ->  Hash Join  (cost=609141.72..688630.98 rows=1 width=32) (actual time=6034.013..6624.428 rows=1802 loops=3)
               Hash Cond: (t.kind_id = kt.id)
               ->  Parallel Hash Join  (cost=609140.62..688629.88 rows=1 width=36) (actual time=6033.603..6623.144 rows=1906 loops=3)
                     Hash Cond: (n.id = ci.person_id)
                     ->  Parallel Seq Scan on name n  (cost=0.00..72977.55 rows=1736455 width=19) (actual time=0.055..387.679 rows=1389164 loops=3)
                     ->  Parallel Hash  (cost=609140.61..609140.61 rows=1 width=25) (actual time=6031.776..6031.776 rows=1906 loops=3)
                           Buckets: 8192 (originally 1024)  Batches: 1 (originally 1)  Memory Usage: 536kB
                           ->  Parallel Hash Join  (cost=557788.53..609140.61 rows=1 width=25) (actual time=5645.191..5979.909 rows=1906 loops=3)
                                 Hash Cond: (t.id = mk.movie_id)
                                 ->  Hash Join  (cost=3102.42..54447.27 rows=1923 width=29) (actual time=95.693..434.925 rows=7852 loops=3)
                                       Hash Cond: (t.id = cc.movie_id)
                                       ->  Parallel Seq Scan on title t  (cost=0.00..49166.29 rows=575821 width=25) (actual time=0.052..265.375 rows=460484 loops=3)
                                             Filter: (production_year > 2000)
                                             Rows Removed by Filter: 382286
                                       ->  Hash  (cost=2996.88..2996.88 rows=8443 width=4) (actual time=95.227..95.227 rows=85941 loops=3)
                                             Buckets: 131072 (originally 16384)  Batches: 1 (originally 1)  Memory Usage: 4046kB
                                             ->  Hash Join  (cost=2.12..2996.88 rows=8443 width=4) (actual time=0.218..68.557 rows=85941 loops=3)
                                                   Hash Cond: (cc.status_id = cct2.id)
                                                   ->  Hash Join  (cost=1.06..2813.24 rows=33772 width=8) (actual time=0.104..49.495 rows=85941 loops=3)
                                                         Hash Cond: (cc.subject_id = cct1.id)
                                                         ->  Seq Scan on complete_cast cc  (cost=0.00..2081.86 rows=135086 width=12) (actual time=0.020..18.722 rows=135086 loops=3)
                                                         ->  Hash  (cost=1.05..1.05 rows=1 width=4) (actual time=0.022..0.022 rows=1 loops=3)
                                                               Buckets: 1024  Batches: 1  Memory Usage: 9kB
                                                               ->  Seq Scan on comp_cast_type cct1  (cost=0.00..1.05 rows=1 width=4) (actual time=0.010..0.012 rows=1 loops=3)
                                                                     Filter: ((kind)::text = 'cast'::text)
                                                                     Rows Removed by Filter: 3
                                                   ->  Hash  (cost=1.05..1.05 rows=1 width=4) (actual time=0.049..0.049 rows=2 loops=3)
                                                         Buckets: 1024  Batches: 1  Memory Usage: 9kB
                                                         ->  Seq Scan on comp_cast_type cct2  (cost=0.00..1.05 rows=1 width=4) (actual time=0.033..0.035 rows=2 loops=3)
                                                               Filter: ((kind)::text ~~ '%complete%'::text)
                                                               Rows Removed by Filter: 2
                                 ->  Parallel Hash  (cost=554683.94..554683.94 rows=174 width=12) (actual time=5540.079..5540.079 rows=12272 loops=3)
                                       Buckets: 65536 (originally 1024)  Batches: 1 (originally 1)  Memory Usage: 2776kB
                                       ->  Parallel Hash Join  (cost=109433.18..554683.94 rows=174 width=12) (actual time=1128.469..5155.533 rows=12272 loops=3)
                                             Hash Cond: (ci.movie_id = mk.movie_id)
                                             ->  Parallel Hash Join  (cost=57211.57..500558.94 rows=507378 width=8) (actual time=532.431..4507.047 rows=207862 loops=3)
                                                   Hash Cond: (ci.person_role_id = chn.id)
                                                   ->  Parallel Seq Scan on cast_info ci  (cost=0.00..403705.10 rows=15101810 width=12) (actual time=0.028..2299.525 rows=12081448 loops=3)
                                                   ->  Parallel Hash  (cost=56075.12..56075.12 rows=90916 width=4) (actual time=530.658..530.658 rows=60051 loops=3)
                                                         Buckets: 262144  Batches: 1  Memory Usage: 9152kB
                                                         ->  Parallel Seq Scan on char_name chn  (cost=0.00..56075.12 rows=90916 width=4) (actual time=0.054..486.146 rows=60051 loops=3)
                                                               Filter: ((name IS NOT NULL) AND (((name)::text ~~ '%man%'::text) OR ((name)::text ~~ '%Man%'::text)))
                                                               Rows Removed by Filter: 986729
                                             ->  Parallel Hash  (cost=52219.86..52219.86 rows=140 width=4) (actual time=595.312..595.313 rows=8030 loops=3)
                                                   Buckets: 32768 (originally 1024)  Batches: 1 (originally 1)  Memory Usage: 1528kB
                                                   ->  Hash Join  (cost=3967.95..52219.86 rows=140 width=4) (actual time=49.025..492.676 rows=8030 loops=3)
                                                         Hash Cond: (mk.keyword_id = k.id)
                                                         ->  Parallel Seq Scan on movie_keyword mk  (cost=0.00..43303.71 rows=1884971 width=8) (actual time=0.048..256.039 rows=1507977 loops=3)
                                                         ->  Hash  (cost=3967.82..3967.82 rows=10 width=4) (actual time=48.808..48.808 rows=10 loops=3)
                                                               Buckets: 1024  Batches: 1  Memory Usage: 9kB
                                                               ->  Seq Scan on keyword k  (cost=0.00..3967.82 rows=10 width=4) (actual time=0.219..48.790 rows=10 loops=3)
                                                                     Filter: ((keyword)::text = ANY ('{superhero,marvel-comics,based-on-comic,tv-special,fight,violence,magnet,web,claw,laser}'::text[]))
                                                                     Rows Removed by Filter: 134160
               ->  Hash  (cost=1.09..1.09 rows=1 width=4) (actual time=0.053..0.053 rows=1 loops=3)
                     Buckets: 1024  Batches: 1  Memory Usage: 9kB
                     ->  Seq Scan on kind_type kt  (cost=0.00..1.09 rows=1 width=4) (actual time=0.032..0.034 rows=1 loops=3)
                           Filter: ((kind)::text = 'movie'::text)
                           Rows Removed by Filter: 6
 Planning Time: 33.931 ms
 Execution Time: 6646.800 ms
(64 rows)

execute /home/pei/Project/benchmarks/imdb_job-postgres/skinner_explained/21a.sql_explained.sql
SET
SET
                                                                                                         QUERY PLAN                                                                                                          
-----------------------------------------------------------------------------------------------------------------------------------------------------------------------------------------------------------------------------
 Finalize Aggregate  (cost=63661.87..63661.88 rows=1 width=96) (actual time=712.015..712.016 rows=1 loops=1)
   ->  Gather  (cost=63661.76..63661.87 rows=1 width=96) (actual time=711.756..717.038 rows=2 loops=1)
         Workers Planned: 1
         Workers Launched: 1
         ->  Partial Aggregate  (cost=62661.76..62661.77 rows=1 width=96) (actual time=706.151..706.151 rows=1 loops=2)
               ->  Hash Join  (cost=57154.03..62661.75 rows=1 width=118) (actual time=653.211..705.830 rows=705 loops=2)
                     Hash Cond: (mc.company_type_id = ct.id)
                     ->  Parallel Hash Join  (cost=57152.97..62660.68 rows=1 width=122) (actual time=653.025..705.481 rows=752 loops=2)
                           Hash Cond: (cn.id = mc.company_id)
                           ->  Parallel Seq Scan on company_name cn  (cost=0.00..5414.09 rows=24965 width=23) (actual time=0.036..60.294 rows=24151 loops=2)
                                 Filter: (((country_code)::text <> '[pl]'::text) AND (((name)::text ~~ '%Film%'::text) OR ((name)::text ~~ '%Warner%'::text)))
                                 Rows Removed by Filter: 93348
                           ->  Parallel Hash  (cost=57152.95..57152.95 rows=1 width=107) (actual time=641.212..641.213 rows=1562 loops=2)
                                 Buckets: 4096 (originally 1024)  Batches: 1 (originally 1)  Memory Usage: 312kB
                                 ->  Hash Join  (cost=3473.02..57152.95 rows=1 width=107) (actual time=301.075..550.230 rows=1562 loops=2)
                                       Hash Cond: (mk.keyword_id = k.id)
                                       ->  Merge Join  (cost=846.89..54494.99 rows=12124 width=111) (actual time=71.751..528.244 rows=27148 loops=2)
                                             Merge Cond: (ml.movie_id = mk.movie_id)
                                             ->  Merge Join  (cost=651.93..51228.28 rows=260 width=123) (actual time=70.090..488.195 rows=3220 loops=2)
                                                   Merge Cond: (ml.movie_id = mc.movie_id)
                                                   ->  Merge Join  (cost=651.50..46001.67 rows=102 width=111) (actual time=67.079..451.634 rows=656 loops=2)
                                                         Merge Cond: (ml.movie_id = t.id)
                                                         ->  Merge Join  (cost=651.07..37165.42 rows=282 width=90) (actual time=15.075..260.253 rows=1391 loops=2)
                                                               Merge Cond: (mi.movie_id = ml.movie_id)
                                                               ->  Parallel Index Scan using movie_id_movie_info on movie_info mi  (cost=0.43..1002971.17 rows=60182 width=4) (actual time=1.337..248.728 rows=2058 loops=2)
                                                                     Filter: ((info)::text = ANY ('{Sweden,Norway,Germany,Denmark,Swedish,Denish,Norwegian,German}'::text[]))
                                                                     Rows Removed by Filter: 255305
                                                               ->  Sort  (cost=650.63..654.80 rows=1666 width=86) (actual time=10.358..10.608 rows=3172 loops=2)
                                                                     Sort Key: ml.movie_id
                                                                     Sort Method: quicksort  Memory: 205kB
                                                                     Worker 0:  Sort Method: quicksort  Memory: 205kB
                                                                     ->  Hash Join  (cost=1.24..561.48 rows=1666 width=86) (actual time=0.127..9.092 rows=2315 loops=2)
                                                                           Hash Cond: (ml.link_type_id = lt.id)
                                                                           ->  Seq Scan on movie_link ml  (cost=0.00..462.97 rows=29997 width=8) (actual time=0.033..4.844 rows=29997 loops=2)
                                                                           ->  Hash  (cost=1.23..1.23 rows=1 width=86) (actual time=0.044..0.045 rows=2 loops=2)
                                                                                 Buckets: 1024  Batches: 1  Memory Usage: 9kB
                                                                                 ->  Seq Scan on link_type lt  (cost=0.00..1.23 rows=1 width=86) (actual time=0.023..0.029 rows=2 loops=2)
                                                                                       Filter: ((link)::text ~~ '%follow%'::text)
                                                                                       Rows Removed by Filter: 16
                                                         ->  Index Scan using title_pkey on title t  (cost=0.43..114723.73 rows=911963 width=21) (actual time=0.024..186.890 rows=51993 loops=2)
                                                               Filter: ((production_year >= 1950) AND (production_year <= 2000))
                                                               Rows Removed by Filter: 110576
                                                   ->  Index Scan using movie_id_movie_companies on movie_companies mc  (cost=0.43..131550.35 rows=1273429 width=12) (actual time=0.053..32.911 rows=40588 loops=2)
                                                         Filter: (note IS NULL)
                                                         Rows Removed by Filter: 39291
                                             ->  Index Scan using movie_id_movie_keyword on movie_keyword mk  (cost=0.43..142057.13 rows=4523930 width=8) (actual time=0.032..26.303 rows=102619 loops=2)
                                       ->  Hash  (cost=2626.12..2626.12 rows=1 width=4) (actual time=19.115..19.115 rows=1 loops=2)
                                             Buckets: 1024  Batches: 1  Memory Usage: 9kB
                                             ->  Seq Scan on keyword k  (cost=0.00..2626.12 rows=1 width=4) (actual time=1.193..19.101 rows=1 loops=2)
                                                   Filter: ((keyword)::text = 'sequel'::text)
                                                   Rows Removed by Filter: 134169
                     ->  Hash  (cost=1.05..1.05 rows=1 width=4) (actual time=0.056..0.056 rows=1 loops=2)
                           Buckets: 1024  Batches: 1  Memory Usage: 9kB
                           ->  Seq Scan on company_type ct  (cost=0.00..1.05 rows=1 width=4) (actual time=0.035..0.036 rows=1 loops=2)
                                 Filter: ((kind)::text = 'production companies'::text)
                                 Rows Removed by Filter: 3
 Planning Time: 31.217 ms
 Execution Time: 717.845 ms
(58 rows)

execute /home/pei/Project/benchmarks/imdb_job-postgres/skinner_explained/21b.sql_explained.sql
SET
SET
                                                                                                         QUERY PLAN                                                                                                         
----------------------------------------------------------------------------------------------------------------------------------------------------------------------------------------------------------------------------
 Finalize Aggregate  (cost=61990.17..61990.18 rows=1 width=96) (actual time=508.651..508.652 rows=1 loops=1)
   ->  Gather  (cost=61990.05..61990.16 rows=1 width=96) (actual time=508.388..513.921 rows=2 loops=1)
         Workers Planned: 1
         Workers Launched: 1
         ->  Partial Aggregate  (cost=60990.05..60990.06 rows=1 width=96) (actual time=502.497..502.497 rows=1 loops=2)
               ->  Hash Join  (cost=55482.32..60990.04 rows=1 width=118) (actual time=445.307..502.444 rows=19 loops=2)
                     Hash Cond: (mc.company_type_id = ct.id)
                     ->  Parallel Hash Join  (cost=55481.26..60988.98 rows=1 width=122) (actual time=445.125..502.258 rows=19 loops=2)
                           Hash Cond: (cn.id = mc.company_id)
                           ->  Parallel Seq Scan on company_name cn  (cost=0.00..5414.09 rows=24965 width=23) (actual time=0.039..59.330 rows=24151 loops=2)
                                 Filter: (((country_code)::text <> '[pl]'::text) AND (((name)::text ~~ '%Film%'::text) OR ((name)::text ~~ '%Warner%'::text)))
                                 Rows Removed by Filter: 93348
                           ->  Parallel Hash  (cost=55481.25..55481.25 rows=1 width=107) (actual time=439.325..439.325 rows=66 loops=2)
                                 Buckets: 1024  Batches: 1  Memory Usage: 40kB
                                 ->  Hash Join  (cost=3474.93..55481.25 rows=1 width=107) (actual time=395.784..439.153 rows=66 loops=2)
                                       Hash Cond: (mk.keyword_id = k.id)
                                       ->  Merge Join  (cost=848.79..52824.70 rows=11587 width=111) (actual time=31.674..419.931 rows=2784 loops=2)
                                             Merge Cond: (ml.movie_id = mk.movie_id)
                                             ->  Merge Join  (cost=651.93..49563.13 rows=249 width=123) (actual time=25.359..391.302 rows=770 loops=2)
                                                   Merge Cond: (ml.movie_id = mc.movie_id)
                                                   ->  Merge Join  (cost=651.50..44336.66 rows=97 width=111) (actual time=24.312..357.861 rows=338 loops=2)
                                                         Merge Cond: (ml.movie_id = t.id)
                                                         ->  Merge Join  (cost=651.07..35476.61 rows=237 width=90) (actual time=15.392..180.951 rows=544 loops=2)
                                                               Merge Cond: (mi.movie_id = ml.movie_id)
                                                               ->  Parallel Index Scan using movie_id_movie_info on movie_info mi  (cost=0.43..956609.55 rows=50482 width=4) (actual time=1.371..169.584 rows=1524 loops=2)
                                                                     Filter: ((info)::text = ANY ('{Germany,German}'::text[]))
                                                                     Rows Removed by Filter: 255930
                                                               ->  Sort  (cost=650.63..654.80 rows=1666 width=86) (actual time=10.542..10.743 rows=2527 loops=2)
                                                                     Sort Key: ml.movie_id
                                                                     Sort Method: quicksort  Memory: 205kB
                                                                     Worker 0:  Sort Method: quicksort  Memory: 205kB
                                                                     ->  Hash Join  (cost=1.24..561.48 rows=1666 width=86) (actual time=0.126..9.234 rows=2315 loops=2)
                                                                           Hash Cond: (ml.link_type_id = lt.id)
                                                                           ->  Seq Scan on movie_link ml  (cost=0.00..462.97 rows=29997 width=8) (actual time=0.026..4.967 rows=29997 loops=2)
                                                                           ->  Hash  (cost=1.23..1.23 rows=1 width=86) (actual time=0.042..0.043 rows=2 loops=2)
                                                                                 Buckets: 1024  Batches: 1  Memory Usage: 9kB
                                                                                 ->  Seq Scan on link_type lt  (cost=0.00..1.23 rows=1 width=86) (actual time=0.025..0.030 rows=2 loops=2)
                                                                                       Filter: ((link)::text ~~ '%follow%'::text)
                                                                                       Rows Removed by Filter: 16
                                                         ->  Index Scan using title_pkey on title t  (cost=0.43..114723.73 rows=1038952 width=21) (actual time=0.038..170.319 rows=80664 loops=2)
                                                               Filter: ((production_year >= 2000) AND (production_year <= 2010))
                                                               Rows Removed by Filter: 83756
                                                   ->  Index Scan using movie_id_movie_companies on movie_companies mc  (cost=0.43..131550.35 rows=1273429 width=12) (actual time=0.045..30.122 rows=42314 loops=2)
                                                         Filter: (note IS NULL)
                                                         Rows Removed by Filter: 42471
                                             ->  Index Scan using movie_id_movie_keyword on movie_keyword mk  (cost=0.43..142057.13 rows=4523930 width=8) (actual time=0.021..19.714 rows=84660 loops=2)
                                       ->  Hash  (cost=2626.12..2626.12 rows=1 width=4) (actual time=18.914..18.914 rows=1 loops=2)
                                             Buckets: 1024  Batches: 1  Memory Usage: 9kB
                                             ->  Seq Scan on keyword k  (cost=0.00..2626.12 rows=1 width=4) (actual time=1.232..18.903 rows=1 loops=2)
                                                   Filter: ((keyword)::text = 'sequel'::text)
                                                   Rows Removed by Filter: 134169
                     ->  Hash  (cost=1.05..1.05 rows=1 width=4) (actual time=0.052..0.052 rows=1 loops=2)
                           Buckets: 1024  Batches: 1  Memory Usage: 9kB
                           ->  Seq Scan on company_type ct  (cost=0.00..1.05 rows=1 width=4) (actual time=0.034..0.036 rows=1 loops=2)
                                 Filter: ((kind)::text = 'production companies'::text)
                                 Rows Removed by Filter: 3
 Planning Time: 31.973 ms
 Execution Time: 514.860 ms
(58 rows)

execute /home/pei/Project/benchmarks/imdb_job-postgres/skinner_explained/21c.sql_explained.sql
SET
SET
                                                                                                  QUERY PLAN                                                                                                  
--------------------------------------------------------------------------------------------------------------------------------------------------------------------------------------------------------------
 Aggregate  (cost=54436.16..54436.17 rows=1 width=96) (actual time=639.575..639.575 rows=1 loops=1)
   ->  Hash Join  (cost=22630.14..54436.15 rows=1 width=118) (actual time=306.790..638.718 rows=1874 loops=1)
         Hash Cond: (mk.keyword_id = k.id)
         ->  Merge Join  (cost=20004.00..51778.36 rows=12060 width=122) (actual time=219.336..614.006 rows=33031 loops=1)
               Merge Cond: (mk.movie_id = ml.movie_id)
               ->  Merge Join  (cost=208.46..1509126.58 rows=11385503 width=12) (actual time=0.143..386.626 rows=55032 loops=1)
                     Merge Cond: (mi.movie_id = mk.movie_id)
                     ->  Index Scan using movie_id_movie_info on movie_info mi  (cost=0.43..1194599.22 rows=893642 width=4) (actual time=0.098..323.297 rows=28657 loops=1)
                           Filter: ((info)::text = ANY ('{Sweden,Norway,Germany,Denmark,Swedish,Denish,Norwegian,German,English}'::text[]))
                           Rows Removed by Filter: 414007
                     ->  Materialize  (cost=0.43..153366.95 rows=4523930 width=8) (actual time=0.039..39.507 rows=85569 loops=1)
                           ->  Index Scan using movie_id_movie_keyword on movie_keyword mk  (cost=0.43..142057.13 rows=4523930 width=8) (actual time=0.028..23.567 rows=82171 loops=1)
               ->  Sort  (cost=19795.25..19795.61 rows=144 width=130) (actual time=213.564..215.660 rows=33234 loops=1)
                     Sort Key: mc.movie_id
                     Sort Method: quicksort  Memory: 203kB
                     ->  Gather  (cost=7378.71..19790.09 rows=144 width=130) (actual time=83.845..214.019 rows=1130 loops=1)
                           Workers Planned: 2
                           Workers Launched: 2
                           ->  Hash Join  (cost=6378.71..18775.69 rows=60 width=130) (actual time=78.846..199.579 rows=377 loops=3)
                                 Hash Cond: (mc.company_type_id = ct.id)
                                 ->  Parallel Hash Join  (cost=6377.65..18773.33 rows=240 width=134) (actual time=78.666..199.270 rows=393 loops=3)
                                       Hash Cond: (mc.company_id = cn.id)
                                       ->  Merge Join  (cost=651.50..13043.69 rows=1331 width=119) (actual time=14.180..146.348 rows=1672 loops=3)
                                             Merge Cond: (ml.movie_id = mc.movie_id)
                                             ->  Merge Join  (cost=651.07..7805.34 rows=520 width=107) (actual time=13.997..104.889 rows=749 loops=3)
                                                   Merge Cond: (t.id = ml.movie_id)
                                                   ->  Parallel Index Scan using title_pkey on title t  (cost=0.43..92601.00 rows=789968 width=21) (actual time=0.107..87.122 rows=48445 loops=3)
                                                         Filter: ((production_year >= 1950) AND (production_year <= 2010))
                                                         Rows Removed by Filter: 13625
                                                   ->  Sort  (cost=650.63..654.80 rows=1666 width=86) (actual time=12.945..13.133 rows=2315 loops=3)
                                                         Sort Key: ml.movie_id
                                                         Sort Method: quicksort  Memory: 205kB
                                                         Worker 0:  Sort Method: quicksort  Memory: 205kB
                                                         Worker 1:  Sort Method: quicksort  Memory: 205kB
                                                         ->  Hash Join  (cost=1.24..561.48 rows=1666 width=86) (actual time=0.153..11.664 rows=2315 loops=3)
                                                               Hash Cond: (ml.link_type_id = lt.id)
                                                               ->  Seq Scan on movie_link ml  (cost=0.00..462.97 rows=29997 width=8) (actual time=0.034..7.265 rows=29997 loops=3)
                                                               ->  Hash  (cost=1.23..1.23 rows=1 width=86) (actual time=0.055..0.055 rows=2 loops=3)
                                                                     Buckets: 1024  Batches: 1  Memory Usage: 9kB
                                                                     ->  Seq Scan on link_type lt  (cost=0.00..1.23 rows=1 width=86) (actual time=0.037..0.043 rows=2 loops=3)
                                                                           Filter: ((link)::text ~~ '%follow%'::text)
                                                                           Rows Removed by Filter: 16
                                             ->  Index Scan using movie_id_movie_companies on movie_companies mc  (cost=0.43..131550.35 rows=1273429 width=12) (actual time=0.040..37.538 rows=45458 loops=3)
                                                   Filter: (note IS NULL)
                                                   Rows Removed by Filter: 46289
                                       ->  Parallel Hash  (cost=5414.09..5414.09 rows=24965 width=23) (actual time=51.473..51.473 rows=16101 loops=3)
                                             Buckets: 65536  Batches: 1  Memory Usage: 3296kB
                                             ->  Parallel Seq Scan on company_name cn  (cost=0.00..5414.09 rows=24965 width=23) (actual time=0.023..39.932 rows=16101 loops=3)
                                                   Filter: (((country_code)::text <> '[pl]'::text) AND (((name)::text ~~ '%Film%'::text) OR ((name)::text ~~ '%Warner%'::text)))
                                                   Rows Removed by Filter: 62232
                                 ->  Hash  (cost=1.05..1.05 rows=1 width=4) (actual time=0.055..0.055 rows=1 loops=3)
                                       Buckets: 1024  Batches: 1  Memory Usage: 9kB
                                       ->  Seq Scan on company_type ct  (cost=0.00..1.05 rows=1 width=4) (actual time=0.031..0.032 rows=1 loops=3)
                                             Filter: ((kind)::text = 'production companies'::text)
                                             Rows Removed by Filter: 3
         ->  Hash  (cost=2626.12..2626.12 rows=1 width=4) (actual time=21.550..21.550 rows=1 loops=1)
               Buckets: 1024  Batches: 1  Memory Usage: 9kB
               ->  Seq Scan on keyword k  (cost=0.00..2626.12 rows=1 width=4) (actual time=1.280..21.538 rows=1 loops=1)
                     Filter: ((keyword)::text = 'sequel'::text)
                     Rows Removed by Filter: 134169
 Planning Time: 32.397 ms
 Execution Time: 641.585 ms
(62 rows)

execute /home/pei/Project/benchmarks/imdb_job-postgres/skinner_explained/22a.sql_explained.sql
SET
SET
                                                                                                             QUERY PLAN                                                                                                              
-------------------------------------------------------------------------------------------------------------------------------------------------------------------------------------------------------------------------------------
 Finalize Aggregate  (cost=414666.61..414666.62 rows=1 width=96) (actual time=3376.026..3376.027 rows=1 loops=1)
   ->  Gather  (cost=414666.39..414666.60 rows=2 width=96) (actual time=3374.308..3383.117 rows=3 loops=1)
         Workers Planned: 2
         Workers Launched: 2
         ->  Partial Aggregate  (cost=413666.39..413666.40 rows=1 width=96) (actual time=3366.475..3366.475 rows=1 loops=3)
               ->  Hash Join  (cost=363451.32..413666.38 rows=1 width=41) (actual time=3200.608..3366.001 rows=950 loops=3)
                     Hash Cond: (t.kind_id = kt.id)
                     ->  Parallel Hash Join  (cost=363450.20..413665.27 rows=1 width=45) (actual time=3110.136..3365.445 rows=1009 loops=3)
                           Hash Cond: (t.id = mi.movie_id)
                           ->  Parallel Seq Scan on title t  (cost=0.00..49166.29 rows=279670 width=25) (actual time=0.011..271.364 rows=220688 loops=3)
                                 Filter: (production_year > 2008)
                                 Rows Removed by Filter: 622082
                           ->  Parallel Hash  (cost=363450.19..363450.19 rows=1 width=40) (actual time=3058.569..3058.569 rows=13395 loops=3)
                                 Buckets: 65536 (originally 1024)  Batches: 1 (originally 1)  Memory Usage: 4088kB
                                 ->  Hash Join  (cost=358450.15..363450.19 rows=1 width=40) (actual time=2993.020..3042.036 rows=13395 loops=3)
                                       Hash Cond: (mc.company_type_id = ct.id)
                                       ->  Parallel Hash Join  (cost=358449.06..363449.10 rows=1 width=44) (actual time=2992.931..3038.450 rows=13395 loops=3)
                                             Hash Cond: (cn.id = mc.company_id)
                                             ->  Parallel Seq Scan on company_name cn  (cost=0.00..4722.92 rows=73895 width=23) (actual time=0.038..32.573 rows=42077 loops=3)
                                                   Filter: ((country_code)::text <> '[us]'::text)
                                                   Rows Removed by Filter: 36256
                                             ->  Parallel Hash  (cost=358449.05..358449.05 rows=1 width=29) (actual time=2992.766..2992.766 rows=14738 loops=3)
                                                   Buckets: 65536 (originally 1024)  Batches: 1 (originally 1)  Memory Usage: 3832kB
                                                   ->  Parallel Hash Join  (cost=323145.98..358449.05 rows=1 width=29) (actual time=2670.507..2962.858 rows=14738 loops=3)
                                                         Hash Cond: (mc.movie_id = mi.movie_id)
                                                         ->  Parallel Seq Scan on movie_companies mc  (cost=0.00..35097.06 rows=54933 width=12) (actual time=0.013..275.696 rows=101090 loops=3)
                                                               Filter: (((note)::text !~~ '%(USA)%'::text) AND ((note)::text ~~ '%(200%)%'::text))
                                                               Rows Removed by Filter: 768619
                                                         ->  Parallel Hash  (cost=323145.97..323145.97 rows=1 width=17) (actual time=2667.865..2667.865 rows=5361 loops=3)
                                                               Buckets: 16384 (originally 1024)  Batches: 1 (originally 1)  Memory Usage: 1016kB
                                                               ->  Parallel Hash Join  (cost=67689.63..323145.97 rows=1 width=17) (actual time=2242.159..2625.030 rows=5361 loops=3)
                                                                     Hash Cond: (mi.movie_id = mk.movie_id)
                                                                     ->  Hash Join  (cost=2.43..255449.73 rows=2405 width=4) (actual time=1395.740..1750.489 rows=196255 loops=3)
                                                                           Hash Cond: (mi.info_type_id = it1.id)
                                                                           ->  Parallel Seq Scan on movie_info mi  (cost=0.00..254707.25 rows=271735 width=8) (actual time=0.734..1700.822 rows=223112 loops=3)
                                                                                 Filter: ((info)::text = ANY ('{Germany,German,USA,American}'::text[]))
                                                                                 Rows Removed by Filter: 4722128
                                                                           ->  Hash  (cost=2.41..2.41 rows=1 width=4) (actual time=0.036..0.037 rows=1 loops=3)
                                                                                 Buckets: 1024  Batches: 1  Memory Usage: 9kB
                                                                                 ->  Seq Scan on info_type it1  (cost=0.00..2.41 rows=1 width=4) (actual time=0.014..0.026 rows=1 loops=3)
                                                                                       Filter: ((info)::text = 'countries'::text)
                                                                                       Rows Removed by Filter: 112
                                                                     ->  Parallel Hash  (cost=67687.20..67687.20 rows=1 width=13) (actual time=845.761..845.761 rows=8267 loops=3)
                                                                           Buckets: 32768 (originally 1024)  Batches: 1 (originally 1)  Memory Usage: 1752kB
                                                                           ->  Parallel Hash Join  (cost=51216.64..67687.20 rows=1 width=13) (actual time=579.097..811.130 rows=8267 loops=3)
                                                                                 Hash Cond: (mi_idx.movie_id = mk.movie_id)
                                                                                 ->  Hash Join  (cost=2.43..16456.75 rows=4327 width=9) (actual time=0.205..213.323 rows=108039 loops=3)
                                                                                       Hash Cond: (mi_idx.info_type_id = it2.id)
                                                                                       ->  Parallel Seq Scan on movie_info_idx mi_idx  (cost=0.00..15122.68 rows=488953 width=13) (actual time=0.046..160.301 rows=390635 loops=3)
                                                                                             Filter: ((info)::text < '7.0'::text)
                                                                                             Rows Removed by Filter: 69377
                                                                                       ->  Hash  (cost=2.41..2.41 rows=1 width=4) (actual time=0.059..0.059 rows=1 loops=3)
                                                                                             Buckets: 1024  Batches: 1  Memory Usage: 9kB
                                                                                             ->  Seq Scan on info_type it2  (cost=0.00..2.41 rows=1 width=4) (actual time=0.045..0.048 rows=1 loops=3)
                                                                                                   Filter: ((info)::text = 'rating'::text)
                                                                                                   Rows Removed by Filter: 112
                                                                                 ->  Parallel Hash  (cost=51213.51..51213.51 rows=56 width=4) (actual time=578.058..578.058 rows=12364 loops=3)
                                                                                       Buckets: 65536 (originally 1024)  Batches: 1 (originally 1)  Memory Usage: 2488kB
                                                                                       ->  Hash Join  (cost=2961.60..51213.51 rows=56 width=4) (actual time=39.498..485.397 rows=12364 loops=3)
                                                                                             Hash Cond: (mk.keyword_id = k.id)
                                                                                             ->  Parallel Seq Scan on movie_keyword mk  (cost=0.00..43303.71 rows=1884971 width=8) (actual time=0.021..258.452 rows=1507977 loops=3)
                                                                                             ->  Hash  (cost=2961.55..2961.55 rows=4 width=4) (actual time=39.316..39.316 rows=3 loops=3)
                                                                                                   Buckets: 1024  Batches: 1  Memory Usage: 9kB
                                                                                                   ->  Seq Scan on keyword k  (cost=0.00..2961.55 rows=4 width=4) (actual time=1.729..39.303 rows=3 loops=3)
                                                                                                         Filter: ((keyword)::text = ANY ('{murder,murder-in-title,blood,violence}'::text[]))
                                                                                                         Rows Removed by Filter: 134167
                                       ->  Hash  (cost=1.04..1.04 rows=4 width=4) (actual time=0.034..0.034 rows=4 loops=3)
                                             Buckets: 1024  Batches: 1  Memory Usage: 9kB
                                             ->  Seq Scan on company_type ct  (cost=0.00..1.04 rows=4 width=4) (actual time=0.022..0.023 rows=4 loops=3)
                     ->  Hash  (cost=1.09..1.09 rows=2 width=4) (actual time=0.071..0.072 rows=2 loops=3)
                           Buckets: 1024  Batches: 1  Memory Usage: 9kB
                           ->  Seq Scan on kind_type kt  (cost=0.00..1.09 rows=2 width=4) (actual time=0.048..0.051 rows=2 loops=3)
                                 Filter: ((kind)::text = ANY ('{movie,episode}'::text[]))
                                 Rows Removed by Filter: 5
 Planning Time: 81.431 ms
 Execution Time: 3384.440 ms
(76 rows)

execute /home/pei/Project/benchmarks/imdb_job-postgres/skinner_explained/22b.sql_explained.sql
SET
SET
                                                                                                             QUERY PLAN                                                                                                              
-------------------------------------------------------------------------------------------------------------------------------------------------------------------------------------------------------------------------------------
 Finalize Aggregate  (cost=414463.52..414463.53 rows=1 width=96) (actual time=3223.434..3223.434 rows=1 loops=1)
   ->  Gather  (cost=414463.29..414463.50 rows=2 width=96) (actual time=3221.914..3229.518 rows=3 loops=1)
         Workers Planned: 2
         Workers Launched: 2
         ->  Partial Aggregate  (cost=413463.29..413463.30 rows=1 width=96) (actual time=3214.231..3214.231 rows=1 loops=3)
               ->  Hash Join  (cost=363451.32..413463.29 rows=1 width=41) (actual time=3135.716..3214.199 rows=10 loops=3)
                     Hash Cond: (t.kind_id = kt.id)
                     ->  Parallel Hash Join  (cost=363450.20..413462.17 rows=1 width=45) (actual time=3135.429..3213.909 rows=11 loops=3)
                           Hash Cond: (t.id = mi.movie_id)
                           ->  Parallel Seq Scan on title t  (cost=0.00..49166.29 rows=225511 width=25) (actual time=0.013..251.462 rows=177790 loops=3)
                                 Filter: (production_year > 2009)
                                 Rows Removed by Filter: 664981
                           ->  Parallel Hash  (cost=363450.19..363450.19 rows=1 width=40) (actual time=2933.607..2933.607 rows=13395 loops=3)
                                 Buckets: 65536 (originally 1024)  Batches: 1 (originally 1)  Memory Usage: 4056kB
                                 ->  Hash Join  (cost=358450.15..363450.19 rows=1 width=40) (actual time=2887.482..2920.556 rows=13395 loops=3)
                                       Hash Cond: (mc.company_type_id = ct.id)
                                       ->  Parallel Hash Join  (cost=358449.06..363449.10 rows=1 width=44) (actual time=2887.388..2917.049 rows=13395 loops=3)
                                             Hash Cond: (cn.id = mc.company_id)
                                             ->  Parallel Seq Scan on company_name cn  (cost=0.00..4722.92 rows=73895 width=23) (actual time=0.008..18.583 rows=42077 loops=3)
                                                   Filter: ((country_code)::text <> '[us]'::text)
                                                   Rows Removed by Filter: 36256
                                             ->  Parallel Hash  (cost=358449.05..358449.05 rows=1 width=29) (actual time=2887.265..2887.265 rows=14738 loops=3)
                                                   Buckets: 65536 (originally 1024)  Batches: 1 (originally 1)  Memory Usage: 3864kB
                                                   ->  Parallel Hash Join  (cost=323145.98..358449.05 rows=1 width=29) (actual time=2578.685..2860.359 rows=14738 loops=3)
                                                         Hash Cond: (mc.movie_id = mi.movie_id)
                                                         ->  Parallel Seq Scan on movie_companies mc  (cost=0.00..35097.06 rows=54933 width=12) (actual time=0.014..265.372 rows=101090 loops=3)
                                                               Filter: (((note)::text !~~ '%(USA)%'::text) AND ((note)::text ~~ '%(200%)%'::text))
                                                               Rows Removed by Filter: 768619
                                                         ->  Parallel Hash  (cost=323145.97..323145.97 rows=1 width=17) (actual time=2576.117..2576.117 rows=5361 loops=3)
                                                               Buckets: 16384 (originally 1024)  Batches: 1 (originally 1)  Memory Usage: 1016kB
                                                               ->  Parallel Hash Join  (cost=67689.63..323145.97 rows=1 width=17) (actual time=2160.591..2536.401 rows=5361 loops=3)
                                                                     Hash Cond: (mi.movie_id = mk.movie_id)
                                                                     ->  Hash Join  (cost=2.43..255449.73 rows=2405 width=4) (actual time=1347.282..1695.042 rows=196255 loops=3)
                                                                           Hash Cond: (mi.info_type_id = it1.id)
                                                                           ->  Parallel Seq Scan on movie_info mi  (cost=0.00..254707.25 rows=271735 width=8) (actual time=0.677..1644.987 rows=223112 loops=3)
                                                                                 Filter: ((info)::text = ANY ('{Germany,German,USA,American}'::text[]))
                                                                                 Rows Removed by Filter: 4722128
                                                                           ->  Hash  (cost=2.41..2.41 rows=1 width=4) (actual time=0.037..0.038 rows=1 loops=3)
                                                                                 Buckets: 1024  Batches: 1  Memory Usage: 9kB
                                                                                 ->  Seq Scan on info_type it1  (cost=0.00..2.41 rows=1 width=4) (actual time=0.016..0.027 rows=1 loops=3)
                                                                                       Filter: ((info)::text = 'countries'::text)
                                                                                       Rows Removed by Filter: 112
                                                                     ->  Parallel Hash  (cost=67687.20..67687.20 rows=1 width=13) (actual time=812.702..812.702 rows=8267 loops=3)
                                                                           Buckets: 32768 (originally 1024)  Batches: 1 (originally 1)  Memory Usage: 1752kB
                                                                           ->  Parallel Hash Join  (cost=51216.64..67687.20 rows=1 width=13) (actual time=562.093..789.667 rows=8267 loops=3)
                                                                                 Hash Cond: (mi_idx.movie_id = mk.movie_id)
                                                                                 ->  Hash Join  (cost=2.43..16456.75 rows=4327 width=9) (actual time=0.189..209.270 rows=108039 loops=3)
                                                                                       Hash Cond: (mi_idx.info_type_id = it2.id)
                                                                                       ->  Parallel Seq Scan on movie_info_idx mi_idx  (cost=0.00..15122.68 rows=488953 width=13) (actual time=0.040..156.496 rows=390635 loops=3)
                                                                                             Filter: ((info)::text < '7.0'::text)
                                                                                             Rows Removed by Filter: 69377
                                                                                       ->  Hash  (cost=2.41..2.41 rows=1 width=4) (actual time=0.056..0.057 rows=1 loops=3)
                                                                                             Buckets: 1024  Batches: 1  Memory Usage: 9kB
                                                                                             ->  Seq Scan on info_type it2  (cost=0.00..2.41 rows=1 width=4) (actual time=0.044..0.046 rows=1 loops=3)
                                                                                                   Filter: ((info)::text = 'rating'::text)
                                                                                                   Rows Removed by Filter: 112
                                                                                 ->  Parallel Hash  (cost=51213.51..51213.51 rows=56 width=4) (actual time=561.116..561.116 rows=12364 loops=3)
                                                                                       Buckets: 65536 (originally 1024)  Batches: 1 (originally 1)  Memory Usage: 2488kB
                                                                                       ->  Hash Join  (cost=2961.60..51213.51 rows=56 width=4) (actual time=32.428..471.976 rows=12364 loops=3)
                                                                                             Hash Cond: (mk.keyword_id = k.id)
                                                                                             ->  Parallel Seq Scan on movie_keyword mk  (cost=0.00..43303.71 rows=1884971 width=8) (actual time=0.034..252.495 rows=1507977 loops=3)
                                                                                             ->  Hash  (cost=2961.55..2961.55 rows=4 width=4) (actual time=32.235..32.235 rows=3 loops=3)
                                                                                                   Buckets: 1024  Batches: 1  Memory Usage: 9kB
                                                                                                   ->  Seq Scan on keyword k  (cost=0.00..2961.55 rows=4 width=4) (actual time=1.531..32.220 rows=3 loops=3)
                                                                                                         Filter: ((keyword)::text = ANY ('{murder,murder-in-title,blood,violence}'::text[]))
                                                                                                         Rows Removed by Filter: 134167
                                       ->  Hash  (cost=1.04..1.04 rows=4 width=4) (actual time=0.042..0.042 rows=4 loops=3)
                                             Buckets: 1024  Batches: 1  Memory Usage: 9kB
                                             ->  Seq Scan on company_type ct  (cost=0.00..1.04 rows=4 width=4) (actual time=0.021..0.023 rows=4 loops=3)
                     ->  Hash  (cost=1.09..1.09 rows=2 width=4) (actual time=0.065..0.065 rows=2 loops=3)
                           Buckets: 1024  Batches: 1  Memory Usage: 9kB
                           ->  Seq Scan on kind_type kt  (cost=0.00..1.09 rows=2 width=4) (actual time=0.042..0.044 rows=2 loops=3)
                                 Filter: ((kind)::text = ANY ('{movie,episode}'::text[]))
                                 Rows Removed by Filter: 5
 Planning Time: 83.170 ms
 Execution Time: 3230.489 ms
(76 rows)

execute /home/pei/Project/benchmarks/imdb_job-postgres/skinner_explained/22c.sql_explained.sql
SET
SET
                                                                                                             QUERY PLAN                                                                                                              
-------------------------------------------------------------------------------------------------------------------------------------------------------------------------------------------------------------------------------------
 Finalize Aggregate  (cost=461803.15..461803.16 rows=1 width=96) (actual time=3942.884..3942.884 rows=1 loops=1)
   ->  Gather  (cost=461802.92..461803.13 rows=2 width=96) (actual time=3941.027..3948.194 rows=3 loops=1)
         Workers Planned: 2
         Workers Launched: 2
         ->  Partial Aggregate  (cost=460802.92..460802.93 rows=1 width=96) (actual time=3933.615..3933.615 rows=1 loops=3)
               ->  Hash Join  (cost=410038.34..460802.92 rows=1 width=41) (actual time=3616.829..3930.466 rows=7163 loops=3)
                     Hash Cond: (t.kind_id = kt.id)
                     ->  Parallel Hash Join  (cost=410037.22..460801.80 rows=1 width=45) (actual time=3606.506..3928.329 rows=7732 loops=3)
                           Hash Cond: (t.id = mi.movie_id)
                           ->  Parallel Seq Scan on title t  (cost=0.00..49166.29 rows=426207 width=25) (actual time=0.009..261.104 rows=337640 loops=3)
                                 Filter: (production_year > 2005)
                                 Rows Removed by Filter: 505131
                           ->  Parallel Hash  (cost=410037.21..410037.21 rows=1 width=40) (actual time=3601.061..3601.061 rows=21916 loops=3)
                                 Buckets: 65536 (originally 1024)  Batches: 1 (originally 1)  Memory Usage: 6008kB
                                 ->  Hash Join  (cost=405037.17..410037.21 rows=1 width=40) (actual time=3541.760..3581.652 rows=21916 loops=3)
                                       Hash Cond: (mc.company_type_id = ct.id)
                                       ->  Parallel Hash Join  (cost=405036.08..410036.12 rows=1 width=44) (actual time=3541.670..3575.961 rows=21916 loops=3)
                                             Hash Cond: (cn.id = mc.company_id)
                                             ->  Parallel Seq Scan on company_name cn  (cost=0.00..4722.92 rows=73895 width=23) (actual time=0.009..18.906 rows=42077 loops=3)
                                                   Filter: ((country_code)::text <> '[us]'::text)
                                                   Rows Removed by Filter: 36256
                                             ->  Parallel Hash  (cost=405036.07..405036.07 rows=1 width=29) (actual time=3541.558..3541.558 rows=23616 loops=3)
                                                   Buckets: 131072 (originally 1024)  Batches: 1 (originally 1)  Memory Usage: 6520kB
                                                   ->  Parallel Hash Join  (cost=369733.01..405036.07 rows=1 width=29) (actual time=3210.391..3497.089 rows=23616 loops=3)
                                                         Hash Cond: (mc.movie_id = mi.movie_id)
                                                         ->  Parallel Seq Scan on movie_companies mc  (cost=0.00..35097.06 rows=54933 width=12) (actual time=0.011..266.967 rows=101090 loops=3)
                                                               Filter: (((note)::text !~~ '%(USA)%'::text) AND ((note)::text ~~ '%(200%)%'::text))
                                                               Rows Removed by Filter: 768619
                                                         ->  Parallel Hash  (cost=369732.99..369732.99 rows=1 width=17) (actual time=3209.357..3209.357 rows=6989 loops=3)
                                                               Buckets: 32768 (originally 1024)  Batches: 1 (originally 1)  Memory Usage: 1560kB
                                                               ->  Parallel Hash Join  (cost=353063.77..369732.99 rows=1 width=17) (actual time=2934.961..3179.462 rows=6989 loops=3)
                                                                     Hash Cond: (mi_idx.movie_id = mi.movie_id)
                                                                     ->  Hash Join  (cost=2.43..16653.02 rows=4965 width=9) (actual time=0.188..222.688 rows=151410 loops=3)
                                                                           Hash Cond: (mi_idx.info_type_id = it2.id)
                                                                           ->  Parallel Seq Scan on movie_info_idx mi_idx  (cost=0.00..15122.68 rows=561018 width=13) (actual time=0.075..158.590 rows=447629 loops=3)
                                                                                 Filter: ((info)::text < '8.5'::text)
                                                                                 Rows Removed by Filter: 12383
                                                                           ->  Hash  (cost=2.41..2.41 rows=1 width=4) (actual time=0.039..0.039 rows=1 loops=3)
                                                                                 Buckets: 1024  Batches: 1  Memory Usage: 9kB
                                                                                 ->  Seq Scan on info_type it2  (cost=0.00..2.41 rows=1 width=4) (actual time=0.026..0.029 rows=1 loops=3)
                                                                                       Filter: ((info)::text = 'rating'::text)
                                                                                       Rows Removed by Filter: 112
                                                                     ->  Parallel Hash  (cost=353061.34..353061.34 rows=1 width=8) (actual time=2933.994..2933.994 rows=7972 loops=3)
                                                                           Buckets: 32768 (originally 1024)  Batches: 1 (originally 1)  Memory Usage: 1496kB
                                                                           ->  Parallel Hash Join  (cost=51216.64..353061.34 rows=1 width=8) (actual time=2378.498..2887.193 rows=7972 loops=3)
                                                                                 Hash Cond: (mi.movie_id = mk.movie_id)
                                                                                 ->  Hash Join  (cost=2.43..301837.78 rows=2490 width=4) (actual time=1815.494..2295.295 rows=204750 loops=3)
                                                                                       Hash Cond: (mi.info_type_id = it1.id)
                                                                                       ->  Parallel Seq Scan on movie_info mi  (cost=0.00..301068.88 rows=281434 width=8) (actual time=3.494..2243.233 rows=238737 loops=3)
                                                                                             Filter: ((info)::text = ANY ('{Sweden,Norway,Germany,Denmark,Swedish,Danish,Norwegian,German,USA,American}'::text[]))
                                                                                             Rows Removed by Filter: 4706503
                                                                                       ->  Hash  (cost=2.41..2.41 rows=1 width=4) (actual time=0.059..0.059 rows=1 loops=3)
                                                                                             Buckets: 1024  Batches: 1  Memory Usage: 9kB
                                                                                             ->  Seq Scan on info_type it1  (cost=0.00..2.41 rows=1 width=4) (actual time=0.037..0.049 rows=1 loops=3)
                                                                                                   Filter: ((info)::text = 'countries'::text)
                                                                                                   Rows Removed by Filter: 112
                                                                                 ->  Parallel Hash  (cost=51213.51..51213.51 rows=56 width=4) (actual time=562.624..562.624 rows=12364 loops=3)
                                                                                       Buckets: 65536 (originally 1024)  Batches: 1 (originally 1)  Memory Usage: 2488kB
                                                                                       ->  Hash Join  (cost=2961.60..51213.51 rows=56 width=4) (actual time=32.585..471.250 rows=12364 loops=3)
                                                                                             Hash Cond: (mk.keyword_id = k.id)
                                                                                             ->  Parallel Seq Scan on movie_keyword mk  (cost=0.00..43303.71 rows=1884971 width=8) (actual time=0.034..251.741 rows=1507977 loops=3)
                                                                                             ->  Hash  (cost=2961.55..2961.55 rows=4 width=4) (actual time=32.406..32.406 rows=3 loops=3)
                                                                                                   Buckets: 1024  Batches: 1  Memory Usage: 9kB
                                                                                                   ->  Seq Scan on keyword k  (cost=0.00..2961.55 rows=4 width=4) (actual time=1.573..32.393 rows=3 loops=3)
                                                                                                         Filter: ((keyword)::text = ANY ('{murder,murder-in-title,blood,violence}'::text[]))
                                                                                                         Rows Removed by Filter: 134167
                                       ->  Hash  (cost=1.04..1.04 rows=4 width=4) (actual time=0.034..0.034 rows=4 loops=3)
                                             Buckets: 1024  Batches: 1  Memory Usage: 9kB
                                             ->  Seq Scan on company_type ct  (cost=0.00..1.04 rows=4 width=4) (actual time=0.022..0.023 rows=4 loops=3)
                     ->  Hash  (cost=1.09..1.09 rows=2 width=4) (actual time=0.063..0.063 rows=2 loops=3)
                           Buckets: 1024  Batches: 1  Memory Usage: 9kB
                           ->  Seq Scan on kind_type kt  (cost=0.00..1.09 rows=2 width=4) (actual time=0.042..0.044 rows=2 loops=3)
                                 Filter: ((kind)::text = ANY ('{movie,episode}'::text[]))
                                 Rows Removed by Filter: 5
 Planning Time: 82.583 ms
 Execution Time: 3949.884 ms
(76 rows)

execute /home/pei/Project/benchmarks/imdb_job-postgres/skinner_explained/22d.sql_explained.sql
SET
SET
                                                                                                             QUERY PLAN                                                                                                              
-------------------------------------------------------------------------------------------------------------------------------------------------------------------------------------------------------------------------------------
 Finalize Aggregate  (cost=460238.12..460238.13 rows=1 width=96) (actual time=5675.039..5675.039 rows=1 loops=1)
   ->  Gather  (cost=460238.00..460238.11 rows=1 width=96) (actual time=5674.240..5680.016 rows=2 loops=1)
         Workers Planned: 1
         Workers Launched: 1
         ->  Partial Aggregate  (cost=459238.00..459238.01 rows=1 width=96) (actual time=5668.574..5668.574 rows=1 loops=2)
               ->  Hash Join  (cost=454237.96..459238.00 rows=1 width=41) (actual time=5605.326..5659.361 rows=23140 loops=2)
                     Hash Cond: (t.kind_id = kt.id)
                     ->  Hash Join  (cost=454236.84..459236.88 rows=1 width=45) (actual time=5605.091..5653.620 rows=24954 loops=2)
                           Hash Cond: (mc.company_type_id = ct.id)
                           ->  Parallel Hash Join  (cost=454235.75..459235.79 rows=1 width=49) (actual time=5605.001..5647.556 rows=24954 loops=2)
                                 Hash Cond: (cn.id = mc.company_id)
                                 ->  Parallel Seq Scan on company_name cn  (cost=0.00..4722.92 rows=73895 width=23) (actual time=0.009..25.037 rows=63115 loops=2)
                                       Filter: ((country_code)::text <> '[us]'::text)
                                       Rows Removed by Filter: 54384
                                 ->  Parallel Hash  (cost=454235.74..454235.74 rows=1 width=34) (actual time=5604.639..5604.639 rows=35884 loops=2)
                                       Buckets: 131072 (originally 1024)  Batches: 1 (originally 1)  Memory Usage: 6808kB
                                       ->  Parallel Hash Join  (cost=420497.60..454235.74 rows=1 width=34) (actual time=5140.019..5567.242 rows=35884 loops=2)
                                             Hash Cond: (mc.movie_id = t.id)
                                             ->  Parallel Seq Scan on movie_companies mc  (cost=0.00..29661.37 rows=1087137 width=12) (actual time=0.007..237.186 rows=1304564 loops=2)
                                             ->  Parallel Hash  (cost=420497.58..420497.58 rows=1 width=42) (actual time=5139.089..5139.089 rows=2566 loops=2)
                                                   Buckets: 8192 (originally 1024)  Batches: 1 (originally 1)  Memory Usage: 536kB
                                                   ->  Parallel Hash Join  (cost=369733.01..420497.58 rows=1 width=42) (actual time=4656.279..5122.861 rows=2566 loops=2)
                                                         Hash Cond: (t.id = mi.movie_id)
                                                         ->  Parallel Seq Scan on title t  (cost=0.00..49166.29 rows=426207 width=25) (actual time=0.013..395.505 rows=506460 loops=2)
                                                               Filter: (production_year > 2005)
                                                               Rows Removed by Filter: 757696
                                                         ->  Parallel Hash  (cost=369732.99..369732.99 rows=1 width=17) (actual time=4655.868..4655.868 rows=10484 loops=2)
                                                               Buckets: 32768 (originally 1024)  Batches: 1 (originally 1)  Memory Usage: 1528kB
                                                               ->  Parallel Hash Join  (cost=353063.77..369732.99 rows=1 width=17) (actual time=4269.639..4632.750 rows=10484 loops=2)
                                                                     Hash Cond: (mi_idx.movie_id = mi.movie_id)
                                                                     ->  Hash Join  (cost=2.43..16653.02 rows=4965 width=9) (actual time=0.201..330.416 rows=227115 loops=2)
                                                                           Hash Cond: (mi_idx.info_type_id = it2.id)
                                                                           ->  Parallel Seq Scan on movie_info_idx mi_idx  (cost=0.00..15122.68 rows=561018 width=13) (actual time=0.085..234.969 rows=671443 loops=2)
                                                                                 Filter: ((info)::text < '8.5'::text)
                                                                                 Rows Removed by Filter: 18574
                                                                           ->  Hash  (cost=2.41..2.41 rows=1 width=4) (actual time=0.042..0.042 rows=1 loops=2)
                                                                                 Buckets: 1024  Batches: 1  Memory Usage: 9kB
                                                                                 ->  Seq Scan on info_type it2  (cost=0.00..2.41 rows=1 width=4) (actual time=0.027..0.029 rows=1 loops=2)
                                                                                       Filter: ((info)::text = 'rating'::text)
                                                                                       Rows Removed by Filter: 112
                                                                     ->  Parallel Hash  (cost=353061.34..353061.34 rows=1 width=8) (actual time=4268.673..4268.673 rows=11958 loops=2)
                                                                           Buckets: 32768 (originally 1024)  Batches: 1 (originally 1)  Memory Usage: 1464kB
                                                                           ->  Parallel Hash Join  (cost=51216.64..353061.34 rows=1 width=8) (actual time=3473.567..4232.065 rows=11958 loops=2)
                                                                                 Hash Cond: (mi.movie_id = mk.movie_id)
                                                                                 ->  Hash Join  (cost=2.43..301837.78 rows=2490 width=4) (actual time=2698.983..3415.464 rows=307126 loops=2)
                                                                                       Hash Cond: (mi.info_type_id = it1.id)
                                                                                       ->  Parallel Seq Scan on movie_info mi  (cost=0.00..301068.88 rows=281434 width=8) (actual time=1.461..3337.035 rows=358105 loops=2)
                                                                                             Filter: ((info)::text = ANY ('{Sweden,Norway,Germany,Denmark,Swedish,Danish,Norwegian,German,USA,American}'::text[]))
                                                                                             Rows Removed by Filter: 7059755
                                                                                       ->  Hash  (cost=2.41..2.41 rows=1 width=4) (actual time=0.058..0.058 rows=1 loops=2)
                                                                                             Buckets: 1024  Batches: 1  Memory Usage: 9kB
                                                                                             ->  Seq Scan on info_type it1  (cost=0.00..2.41 rows=1 width=4) (actual time=0.035..0.047 rows=1 loops=2)
                                                                                                   Filter: ((info)::text = 'countries'::text)
                                                                                                   Rows Removed by Filter: 112
                                                                                 ->  Parallel Hash  (cost=51213.51..51213.51 rows=56 width=4) (actual time=774.057..774.058 rows=18546 loops=2)
                                                                                       Buckets: 65536 (originally 1024)  Batches: 1 (originally 1)  Memory Usage: 2488kB
                                                                                       ->  Hash Join  (cost=2961.60..51213.51 rows=56 width=4) (actual time=33.020..689.340 rows=18546 loops=2)
                                                                                             Hash Cond: (mk.keyword_id = k.id)
                                                                                             ->  Parallel Seq Scan on movie_keyword mk  (cost=0.00..43303.71 rows=1884971 width=8) (actual time=0.037..374.639 rows=2261965 loops=2)
                                                                                             ->  Hash  (cost=2961.55..2961.55 rows=4 width=4) (actual time=32.867..32.867 rows=3 loops=2)
                                                                                                   Buckets: 1024  Batches: 1  Memory Usage: 9kB
                                                                                                   ->  Seq Scan on keyword k  (cost=0.00..2961.55 rows=4 width=4) (actual time=1.567..32.843 rows=3 loops=2)
                                                                                                         Filter: ((keyword)::text = ANY ('{murder,murder-in-title,blood,violence}'::text[]))
                                                                                                         Rows Removed by Filter: 134167
                           ->  Hash  (cost=1.04..1.04 rows=4 width=4) (actual time=0.033..0.033 rows=4 loops=2)
                                 Buckets: 1024  Batches: 1  Memory Usage: 9kB
                                 ->  Seq Scan on company_type ct  (cost=0.00..1.04 rows=4 width=4) (actual time=0.021..0.022 rows=4 loops=2)
                     ->  Hash  (cost=1.09..1.09 rows=2 width=4) (actual time=0.059..0.059 rows=2 loops=2)
                           Buckets: 1024  Batches: 1  Memory Usage: 9kB
                           ->  Seq Scan on kind_type kt  (cost=0.00..1.09 rows=2 width=4) (actual time=0.040..0.043 rows=2 loops=2)
                                 Filter: ((kind)::text = ANY ('{movie,episode}'::text[]))
                                 Rows Removed by Filter: 5
 Planning Time: 81.472 ms
 Execution Time: 5681.298 ms
(74 rows)

execute /home/pei/Project/benchmarks/imdb_job-postgres/skinner_explained/23a.sql_explained.sql
SET
SET
                                                                                                                   QUERY PLAN                                                                                                                   
------------------------------------------------------------------------------------------------------------------------------------------------------------------------------------------------------------------------------------------------
 Finalize Aggregate  (cost=418779.45..418779.46 rows=1 width=64) (actual time=2399.102..2399.102 rows=1 loops=1)
   ->  Gather  (cost=418779.23..418779.44 rows=2 width=64) (actual time=2398.662..2405.733 rows=3 loops=1)
         Workers Planned: 2
         Workers Launched: 2
         ->  Partial Aggregate  (cost=417779.23..417779.24 rows=1 width=64) (actual time=2391.052..2391.052 rows=1 loops=3)
               ->  Parallel Hash Join  (cost=413873.01..417779.22 rows=1 width=65) (actual time=2344.360..2390.924 rows=206 loops=3)
                     Hash Cond: (k.id = mk.keyword_id)
                     ->  Parallel Index Only Scan using keyword_pkey on keyword k  (cost=0.42..3696.98 rows=55904 width=4) (actual time=0.092..41.683 rows=44723 loops=3)
                           Heap Fetches: 134170
                     ->  Parallel Hash  (cost=413872.58..413872.58 rows=1 width=69) (actual time=2343.583..2343.583 rows=206 loops=3)
                           Buckets: 1024  Batches: 1  Memory Usage: 72kB
                           ->  Hash Join  (cost=363500.14..413872.58 rows=1 width=69) (actual time=2289.755..2343.421 rows=206 loops=3)
                                 Hash Cond: (mc.company_type_id = ct.id)
                                 ->  Hash Join  (cost=363499.05..413871.49 rows=1 width=73) (actual time=2289.651..2343.270 rows=206 loops=3)
                                       Hash Cond: (mi.info_type_id = it1.id)
                                       ->  Parallel Hash Join  (cost=363496.62..413868.99 rows=26 width=77) (actual time=2289.543..2343.112 rows=206 loops=3)
                                             Hash Cond: (mk.movie_id = t.id)
                                             ->  Parallel Seq Scan on movie_keyword mk  (cost=0.00..43303.71 rows=1884971 width=8) (actual time=0.025..251.246 rows=1507977 loops=3)
                                             ->  Parallel Hash  (cost=363496.59..363496.59 rows=3 width=89) (actual time=1912.284..1912.285 rows=2 loops=3)
                                                   Buckets: 1024  Batches: 1  Memory Usage: 72kB
                                                   ->  Parallel Hash Join  (cost=358585.30..363496.59 rows=3 width=89) (actual time=1906.188..1912.218 rows=2 loops=3)
                                                         Hash Cond: (cn.id = mc.company_id)
                                                         ->  Parallel Seq Scan on company_name cn  (cost=0.00..4722.92 rows=50229 width=4) (actual time=0.009..16.235 rows=28281 loops=3)
                                                               Filter: ((country_code)::text = '[us]'::text)
                                                               Rows Removed by Filter: 50051
                                                         ->  Parallel Hash  (cost=358585.24..358585.24 rows=5 width=93) (actual time=1893.241..1893.241 rows=2 loops=3)
                                                               Buckets: 1024  Batches: 1  Memory Usage: 72kB
                                                               ->  Parallel Hash Join  (cost=324847.09..358585.24 rows=5 width=93) (actual time=1839.551..1893.176 rows=2 loops=3)
                                                                     Hash Cond: (mc.movie_id = t.id)
                                                                     ->  Parallel Seq Scan on movie_companies mc  (cost=0.00..29661.37 rows=1087137 width=12) (actual time=0.006..152.914 rows=869710 loops=3)
                                                                     ->  Parallel Hash  (cost=324847.07..324847.07 rows=2 width=81) (actual time=1634.079..1634.079 rows=2 loops=3)
                                                                           Buckets: 1024  Batches: 1  Memory Usage: 72kB
                                                                           ->  Parallel Hash Join  (cost=54685.18..324847.07 rows=2 width=81) (actual time=1151.794..1633.997 rows=2 loops=3)
                                                                                 Hash Cond: (mi.movie_id = t.id)
                                                                                 ->  Parallel Seq Scan on movie_info mi  (cost=0.00..270161.12 rows=200 width=8) (actual time=306.821..1245.598 rows=594 loops=3)
                                                                                       Filter: ((info IS NOT NULL) AND ((note)::text ~~ '%internet%'::text) AND (((info)::text ~~ 'USA:% 199%'::text) OR ((info)::text ~~ 'USA:% 200%'::text)))
                                                                                       Rows Removed by Filter: 4944646
                                                                                 ->  Parallel Hash  (cost=54671.45..54671.45 rows=1099 width=73) (actual time=387.922..387.922 rows=344 loops=3)
                                                                                       Buckets: 4096  Batches: 1  Memory Usage: 128kB
                                                                                       ->  Hash Join  (cost=3236.49..54671.45 rows=1099 width=73) (actual time=269.435..387.440 rows=344 loops=3)
                                                                                             Hash Cond: (t.kind_id = kt.id)
                                                                                             ->  Hash Join  (cost=3235.39..54637.93 rows=7692 width=29) (actual time=51.145..387.088 rows=694 loops=3)
                                                                                                   Hash Cond: (t.id = cc.movie_id)
                                                                                                   ->  Parallel Seq Scan on title t  (cost=0.00..49166.29 rows=575821 width=25) (actual time=0.027..282.147 rows=460484 loops=3)
                                                                                                         Filter: (production_year > 2000)
                                                                                                         Rows Removed by Filter: 382286
                                                                                                   ->  Hash  (cost=2813.24..2813.24 rows=33772 width=4) (actual time=49.812..49.812 rows=24592 loops=3)
                                                                                                         Buckets: 65536  Batches: 1  Memory Usage: 1377kB
                                                                                                         ->  Hash Join  (cost=1.06..2813.24 rows=33772 width=4) (actual time=0.143..42.462 rows=24592 loops=3)
                                                                                                               Hash Cond: (cc.status_id = cct1.id)
                                                                                                               ->  Seq Scan on complete_cast cc  (cost=0.00..2081.86 rows=135086 width=8) (actual time=0.038..21.670 rows=135086 loops=3)
                                                                                                               ->  Hash  (cost=1.05..1.05 rows=1 width=4) (actual time=0.037..0.037 rows=1 loops=3)
                                                                                                                     Buckets: 1024  Batches: 1  Memory Usage: 9kB
                                                                                                                     ->  Seq Scan on comp_cast_type cct1  (cost=0.00..1.05 rows=1 width=4) (actual time=0.026..0.026 rows=1 loops=3)
                                                                                                                           Filter: ((kind)::text = 'complete+verified'::text)
                                                                                                                           Rows Removed by Filter: 3
                                                                                             ->  Hash  (cost=1.09..1.09 rows=1 width=52) (actual time=0.056..0.057 rows=1 loops=3)
                                                                                                   Buckets: 1024  Batches: 1  Memory Usage: 9kB
                                                                                                   ->  Seq Scan on kind_type kt  (cost=0.00..1.09 rows=1 width=52) (actual time=0.042..0.044 rows=1 loops=3)
                                                                                                         Filter: ((kind)::text = 'movie'::text)
                                                                                                         Rows Removed by Filter: 6
                                       ->  Hash  (cost=2.41..2.41 rows=1 width=4) (actual time=0.054..0.054 rows=1 loops=3)
                                             Buckets: 1024  Batches: 1  Memory Usage: 9kB
                                             ->  Seq Scan on info_type it1  (cost=0.00..2.41 rows=1 width=4) (actual time=0.033..0.044 rows=1 loops=3)
                                                   Filter: ((info)::text = 'release dates'::text)
                                                   Rows Removed by Filter: 112
                                 ->  Hash  (cost=1.04..1.04 rows=4 width=4) (actual time=0.048..0.048 rows=4 loops=3)
                                       Buckets: 1024  Batches: 1  Memory Usage: 9kB
                                       ->  Seq Scan on company_type ct  (cost=0.00..1.04 rows=4 width=4) (actual time=0.025..0.026 rows=4 loops=3)
 Planning Time: 82.718 ms
 Execution Time: 2406.851 ms
(71 rows)

execute /home/pei/Project/benchmarks/imdb_job-postgres/skinner_explained/23b.sql_explained.sql
SET
SET
                                                                                                       QUERY PLAN                                                                                                        
-------------------------------------------------------------------------------------------------------------------------------------------------------------------------------------------------------------------------
 Finalize Aggregate  (cost=400136.80..400136.81 rows=1 width=64) (actual time=4265.149..4265.149 rows=1 loops=1)
   ->  Gather  (cost=400136.69..400136.80 rows=1 width=64) (actual time=4264.773..4270.642 rows=2 loops=1)
         Workers Planned: 1
         Workers Launched: 1
         ->  Partial Aggregate  (cost=399136.69..399136.70 rows=1 width=64) (actual time=4258.756..4258.756 rows=1 loops=2)
               ->  Hash Join  (cost=394225.39..399136.68 rows=1 width=65) (actual time=4255.317..4258.746 rows=8 loops=2)
                     Hash Cond: (t.kind_id = kt.id)
                     ->  Hash Join  (cost=394224.29..399135.58 rows=1 width=21) (actual time=4255.064..4258.491 rows=8 loops=2)
                           Hash Cond: (mc.company_type_id = ct.id)
                           ->  Parallel Hash Join  (cost=394223.20..399134.49 rows=1 width=25) (actual time=4254.965..4258.390 rows=8 loops=2)
                                 Hash Cond: (cn.id = mc.company_id)
                                 ->  Parallel Seq Scan on company_name cn  (cost=0.00..4722.92 rows=50229 width=4) (actual time=0.009..23.711 rows=42422 loops=2)
                                       Filter: ((country_code)::text = '[us]'::text)
                                       Rows Removed by Filter: 75077
                                 ->  Parallel Hash  (cost=394223.19..394223.19 rows=1 width=29) (actual time=4230.302..4230.302 rows=8 loops=2)
                                       Buckets: 1024  Batches: 1  Memory Usage: 40kB
                                       ->  Hash Join  (cost=360485.03..394223.19 rows=1 width=29) (actual time=4218.846..4230.255 rows=8 loops=2)
                                             Hash Cond: (t.id = cc.movie_id)
                                             ->  Parallel Hash Join  (cost=357249.64..390987.79 rows=1 width=45) (actual time=3975.277..4183.192 rows=6 loops=2)
                                                   Hash Cond: (mc.movie_id = t.id)
                                                   ->  Parallel Seq Scan on movie_companies mc  (cost=0.00..29661.37 rows=1087137 width=12) (actual time=0.007..233.875 rows=1304564 loops=2)
                                                   ->  Parallel Hash  (cost=357249.63..357249.63 rows=1 width=33) (actual time=3790.069..3790.069 rows=5 loops=2)
                                                         Buckets: 1024  Batches: 1  Memory Usage: 72kB
                                                         ->  Parallel Hash Join  (cost=305924.00..357249.63 rows=1 width=33) (actual time=3511.666..3790.031 rows=5 loops=2)
                                                               Hash Cond: (t.id = mi.movie_id)
                                                               ->  Parallel Seq Scan on title t  (cost=0.00..49166.29 rows=575821 width=25) (actual time=0.013..407.114 rows=690726 loops=2)
                                                                     Filter: (production_year > 2000)
                                                                     Rows Removed by Filter: 573430
                                                               ->  Parallel Hash  (cost=305923.99..305923.99 rows=1 width=8) (actual time=3313.198..3313.198 rows=5 loops=2)
                                                                     Buckets: 1024  Batches: 1  Memory Usage: 72kB
                                                                     ->  Parallel Hash Join  (cost=257671.78..305923.99 rows=1 width=8) (actual time=2926.564..3313.126 rows=5 loops=2)
                                                                           Hash Cond: (mk.movie_id = mi.movie_id)
                                                                           ->  Hash Join  (cost=2961.60..51213.51 rows=56 width=4) (actual time=31.172..681.538 rows=566 loops=2)
                                                                                 Hash Cond: (mk.keyword_id = k.id)
                                                                                 ->  Parallel Seq Scan on movie_keyword mk  (cost=0.00..43303.71 rows=1884971 width=8) (actual time=0.022..377.976 rows=2261965 loops=2)
                                                                                 ->  Hash  (cost=2961.55..2961.55 rows=4 width=4) (actual time=29.106..29.107 rows=4 loops=2)
                                                                                       Buckets: 1024  Batches: 1  Memory Usage: 9kB
                                                                                       ->  Seq Scan on keyword k  (cost=0.00..2961.55 rows=4 width=4) (actual time=0.846..29.080 rows=4 loops=2)
                                                                                             Filter: ((keyword)::text = ANY ('{nerd,loner,alienation,dignity}'::text[]))
                                                                                             Rows Removed by Filter: 134166
                                                                           ->  Parallel Hash  (cost=254710.16..254710.16 rows=2 width=4) (actual time=2631.191..2631.191 rows=886 loops=2)
                                                                                 Buckets: 2048 (originally 1024)  Batches: 1 (originally 1)  Memory Usage: 152kB
                                                                                 ->  Hash Join  (cost=2.43..254710.16 rows=2 width=4) (actual time=432.592..1697.361 rows=886 loops=2)
                                                                                       Hash Cond: (mi.info_type_id = it1.id)
                                                                                       ->  Parallel Seq Scan on movie_info mi  (cost=0.00..254707.25 rows=176 width=8) (actual time=432.473..1696.444 rows=886 loops=2)
                                                                                             Filter: (((note)::text ~~ '%internet%'::text) AND ((info)::text ~~ 'USA:% 200%'::text))
                                                                                             Rows Removed by Filter: 7416974
                                                                                       ->  Hash  (cost=2.41..2.41 rows=1 width=4) (actual time=0.057..0.057 rows=1 loops=2)
                                                                                             Buckets: 1024  Batches: 1  Memory Usage: 9kB
                                                                                             ->  Seq Scan on info_type it1  (cost=0.00..2.41 rows=1 width=4) (actual time=0.036..0.047 rows=1 loops=2)
                                                                                                   Filter: ((info)::text = 'release dates'::text)
                                                                                                   Rows Removed by Filter: 112
                                             ->  Hash  (cost=2813.24..2813.24 rows=33772 width=4) (actual time=45.965..45.965 rows=24592 loops=2)
                                                   Buckets: 65536  Batches: 1  Memory Usage: 1377kB
                                                   ->  Hash Join  (cost=1.06..2813.24 rows=33772 width=4) (actual time=0.117..38.900 rows=24592 loops=2)
                                                         Hash Cond: (cc.status_id = cct1.id)
                                                         ->  Seq Scan on complete_cast cc  (cost=0.00..2081.86 rows=135086 width=8) (actual time=0.025..18.279 rows=135086 loops=2)
                                                         ->  Hash  (cost=1.05..1.05 rows=1 width=4) (actual time=0.035..0.035 rows=1 loops=2)
                                                               Buckets: 1024  Batches: 1  Memory Usage: 9kB
                                                               ->  Seq Scan on comp_cast_type cct1  (cost=0.00..1.05 rows=1 width=4) (actual time=0.021..0.022 rows=1 loops=2)
                                                                     Filter: ((kind)::text = 'complete+verified'::text)
                                                                     Rows Removed by Filter: 3
                           ->  Hash  (cost=1.04..1.04 rows=4 width=4) (actual time=0.038..0.038 rows=4 loops=2)
                                 Buckets: 1024  Batches: 1  Memory Usage: 9kB
                                 ->  Seq Scan on company_type ct  (cost=0.00..1.04 rows=4 width=4) (actual time=0.022..0.023 rows=4 loops=2)
                     ->  Hash  (cost=1.09..1.09 rows=1 width=52) (actual time=0.067..0.068 rows=1 loops=2)
                           Buckets: 1024  Batches: 1  Memory Usage: 9kB
                           ->  Seq Scan on kind_type kt  (cost=0.00..1.09 rows=1 width=52) (actual time=0.044..0.046 rows=1 loops=2)
                                 Filter: ((kind)::text = 'movie'::text)
                                 Rows Removed by Filter: 6
 Planning Time: 82.703 ms
 Execution Time: 4271.727 ms
(72 rows)

execute /home/pei/Project/benchmarks/imdb_job-postgres/skinner_explained/23c.sql_explained.sql
SET
SET
                                                                                                                   QUERY PLAN                                                                                                                   
------------------------------------------------------------------------------------------------------------------------------------------------------------------------------------------------------------------------------------------------
 Finalize Aggregate  (cost=419448.86..419448.87 rows=1 width=64) (actual time=2418.927..2418.927 rows=1 loops=1)
   ->  Gather  (cost=419448.64..419448.85 rows=2 width=64) (actual time=2418.553..2426.652 rows=3 loops=1)
         Workers Planned: 2
         Workers Launched: 2
         ->  Partial Aggregate  (cost=418448.64..418448.65 rows=1 width=64) (actual time=2410.787..2410.787 rows=1 loops=3)
               ->  Hash Join  (cost=414542.42..418448.63 rows=2 width=65) (actual time=2364.951..2410.672 rows=209 loops=3)
                     Hash Cond: (mc.company_type_id = ct.id)
                     ->  Parallel Hash Join  (cost=414541.33..418447.54 rows=2 width=69) (actual time=2364.714..2410.373 rows=209 loops=3)
                           Hash Cond: (k.id = mk.keyword_id)
                           ->  Parallel Index Only Scan using keyword_pkey on keyword k  (cost=0.42..3696.98 rows=55904 width=4) (actual time=0.110..40.735 rows=44723 loops=3)
                                 Heap Fetches: 134170
                           ->  Parallel Hash  (cost=414540.87..414540.87 rows=3 width=73) (actual time=2364.181..2364.181 rows=209 loops=3)
                                 Buckets: 1024  Batches: 1  Memory Usage: 136kB
                                 ->  Parallel Hash Join  (cost=409629.58..414540.87 rows=3 width=73) (actual time=2353.121..2364.011 rows=209 loops=3)
                                       Hash Cond: (cn.id = mc.company_id)
                                       ->  Parallel Seq Scan on company_name cn  (cost=0.00..4722.92 rows=50229 width=4) (actual time=0.009..16.278 rows=28281 loops=3)
                                             Filter: ((country_code)::text = '[us]'::text)
                                             Rows Removed by Filter: 50051
                                       ->  Parallel Hash  (cost=409629.53..409629.53 rows=4 width=77) (actual time=2344.835..2344.835 rows=209 loops=3)
                                             Buckets: 1024  Batches: 1  Memory Usage: 104kB
                                             ->  Hash Join  (cost=359255.99..409629.53 rows=4 width=77) (actual time=2199.157..2344.671 rows=209 loops=3)
                                                   Hash Cond: (mi.info_type_id = it1.id)
                                                   ->  Parallel Hash Join  (cost=359253.57..409626.13 rows=360 width=81) (actual time=2199.048..2344.512 rows=209 loops=3)
                                                         Hash Cond: (mk.movie_id = t.id)
                                                         ->  Parallel Seq Scan on movie_keyword mk  (cost=0.00..43303.71 rows=1884971 width=8) (actual time=0.023..251.946 rows=1507977 loops=3)
                                                         ->  Parallel Hash  (cost=359253.22..359253.22 rows=28 width=93) (actual time=1912.763..1912.763 rows=2 loops=3)
                                                               Buckets: 1024  Batches: 1  Memory Usage: 72kB
                                                               ->  Parallel Hash Join  (cost=325515.05..359253.22 rows=28 width=93) (actual time=1797.782..1912.699 rows=2 loops=3)
                                                                     Hash Cond: (mc.movie_id = t.id)
                                                                     ->  Parallel Seq Scan on movie_companies mc  (cost=0.00..29661.37 rows=1087137 width=12) (actual time=0.010..155.684 rows=869710 loops=3)
                                                                     ->  Parallel Hash  (cost=325514.95..325514.95 rows=8 width=81) (actual time=1650.741..1650.741 rows=2 loops=3)
                                                                           Buckets: 1024  Batches: 1  Memory Usage: 72kB
                                                                           ->  Parallel Hash Join  (cost=55353.07..325514.95 rows=8 width=81) (actual time=1144.184..1650.645 rows=2 loops=3)
                                                                                 Hash Cond: (mi.movie_id = t.id)
                                                                                 ->  Parallel Seq Scan on movie_info mi  (cost=0.00..270161.12 rows=200 width=8) (actual time=306.792..1245.728 rows=594 loops=3)
                                                                                       Filter: ((info IS NOT NULL) AND ((note)::text ~~ '%internet%'::text) AND (((info)::text ~~ 'USA:% 199%'::text) OR ((info)::text ~~ 'USA:% 200%'::text)))
                                                                                       Rows Removed by Filter: 4944646
                                                                                 ->  Parallel Hash  (cost=55283.32..55283.32 rows=5580 width=73) (actual time=404.316..404.316 rows=1684 loops=3)
                                                                                       Buckets: 16384  Batches: 1  Memory Usage: 512kB
                                                                                       ->  Hash Join  (cost=3236.54..55283.32 rows=5580 width=73) (actual time=268.686..402.485 rows=1684 loops=3)
                                                                                             Hash Cond: (t.kind_id = kt.id)
                                                                                             ->  Hash Join  (cost=3235.39..55241.01 rows=9766 width=29) (actual time=47.137..401.503 rows=2141 loops=3)
                                                                                                   Hash Cond: (t.id = cc.movie_id)
                                                                                                   ->  Parallel Seq Scan on title t  (cost=0.00..49166.29 rows=731112 width=25) (actual time=0.029..287.231 rows=583011 loops=3)
                                                                                                         Filter: (production_year > 1990)
                                                                                                         Rows Removed by Filter: 259760
                                                                                                   ->  Hash  (cost=2813.24..2813.24 rows=33772 width=4) (actual time=45.765..45.765 rows=24592 loops=3)
                                                                                                         Buckets: 65536  Batches: 1  Memory Usage: 1377kB
                                                                                                         ->  Hash Join  (cost=1.06..2813.24 rows=33772 width=4) (actual time=0.132..38.624 rows=24592 loops=3)
                                                                                                               Hash Cond: (cc.status_id = cct1.id)
                                                                                                               ->  Seq Scan on complete_cast cc  (cost=0.00..2081.86 rows=135086 width=8) (actual time=0.029..17.977 rows=135086 loops=3)
                                                                                                               ->  Hash  (cost=1.05..1.05 rows=1 width=4) (actual time=0.038..0.039 rows=1 loops=3)
                                                                                                                     Buckets: 1024  Batches: 1  Memory Usage: 9kB
                                                                                                                     ->  Seq Scan on comp_cast_type cct1  (cost=0.00..1.05 rows=1 width=4) (actual time=0.019..0.019 rows=1 loops=3)
                                                                                                                           Filter: ((kind)::text = 'complete+verified'::text)
                                                                                                                           Rows Removed by Filter: 3
                                                                                             ->  Hash  (cost=1.10..1.10 rows=4 width=52) (actual time=0.055..0.055 rows=4 loops=3)
                                                                                                   Buckets: 1024  Batches: 1  Memory Usage: 9kB
                                                                                                   ->  Seq Scan on kind_type kt  (cost=0.00..1.10 rows=4 width=52) (actual time=0.040..0.043 rows=4 loops=3)
                                                                                                         Filter: ((kind)::text = ANY ('{movie,"tv movie","video movie","video game"}'::text[]))
                                                                                                         Rows Removed by Filter: 3
                                                   ->  Hash  (cost=2.41..2.41 rows=1 width=4) (actual time=0.054..0.054 rows=1 loops=3)
                                                         Buckets: 1024  Batches: 1  Memory Usage: 9kB
                                                         ->  Seq Scan on info_type it1  (cost=0.00..2.41 rows=1 width=4) (actual time=0.033..0.045 rows=1 loops=3)
                                                               Filter: ((info)::text = 'release dates'::text)
                                                               Rows Removed by Filter: 112
                     ->  Hash  (cost=1.04..1.04 rows=4 width=4) (actual time=0.058..0.059 rows=4 loops=3)
                           Buckets: 1024  Batches: 1  Memory Usage: 9kB
                           ->  Seq Scan on company_type ct  (cost=0.00..1.04 rows=4 width=4) (actual time=0.030..0.032 rows=4 loops=3)
 Planning Time: 80.834 ms
 Execution Time: 2427.743 ms
(71 rows)

execute /home/pei/Project/benchmarks/imdb_job-postgres/skinner_explained/24a.sql_explained.sql
SET
SET
                                                                                                                      QUERY PLAN                                                                                                                       
-------------------------------------------------------------------------------------------------------------------------------------------------------------------------------------------------------------------------------------------------------
 Aggregate  (cost=1028775.06..1028775.07 rows=1 width=96) (actual time=7115.907..7115.908 rows=1 loops=1)
   ->  Hash Join  (cost=773581.49..1028775.05 rows=1 width=48) (actual time=6066.560..7115.773 rows=275 loops=1)
         Hash Cond: (mi.info_type_id = it.id)
         ->  Gather  (cost=773579.07..1028772.62 rows=1 width=52) (actual time=6066.451..7122.094 rows=275 loops=1)
               Workers Planned: 2
               Workers Launched: 2
               ->  Parallel Hash Join  (cost=772579.07..1027772.52 rows=1 width=52) (actual time=6040.968..7107.170 rows=92 loops=3)
                     Hash Cond: (mi.movie_id = t.id)
                     ->  Parallel Seq Scan on movie_info mi  (cost=0.00..254707.25 rows=129652 width=8) (actual time=198.995..1725.545 rows=100416 loops=3)
                           Filter: ((info IS NOT NULL) AND (((info)::text ~~ 'Japan:%201%'::text) OR ((info)::text ~~ 'USA:%201%'::text)))
                           Rows Removed by Filter: 4844824
                     ->  Parallel Hash  (cost=772579.06..772579.06 rows=1 width=64) (actual time=5369.123..5369.123 rows=42 loops=3)
                           Buckets: 1024  Batches: 1  Memory Usage: 104kB
                           ->  Parallel Hash Join  (cost=767667.77..772579.06 rows=1 width=64) (actual time=5349.342..5369.027 rows=42 loops=3)
                                 Hash Cond: (cn.id = mc.company_id)
                                 ->  Parallel Seq Scan on company_name cn  (cost=0.00..4722.92 rows=50229 width=4) (actual time=0.019..19.563 rows=28281 loops=3)
                                       Filter: ((country_code)::text = '[us]'::text)
                                       Rows Removed by Filter: 50051
                                 ->  Parallel Hash  (cost=767667.75..767667.75 rows=1 width=68) (actual time=5346.486..5346.486 rows=115 loops=3)
                                       Buckets: 1024  Batches: 1  Memory Usage: 104kB
                                       ->  Parallel Hash Join  (cost=733929.61..767667.75 rows=1 width=68) (actual time=5154.737..5346.367 rows=115 loops=3)
                                             Hash Cond: (mc.movie_id = t.id)
                                             ->  Parallel Seq Scan on movie_companies mc  (cost=0.00..29661.37 rows=1087137 width=8) (actual time=0.015..158.740 rows=869710 loops=3)
                                             ->  Parallel Hash  (cost=733929.60..733929.60 rows=1 width=60) (actual time=5080.595..5080.595 rows=13 loops=3)
                                                   Buckets: 1024  Batches: 1  Memory Usage: 72kB
                                                   ->  Hash Join  (cost=679490.06..733929.60 rows=1 width=60) (actual time=4944.632..5080.538 rows=13 loops=3)
                                                         Hash Cond: (ci.role_id = rt.id)
                                                         ->  Parallel Hash Join  (cost=679488.90..733928.43 rows=1 width=64) (actual time=4944.504..5080.405 rows=13 loops=3)
                                                               Hash Cond: (chn.id = ci.person_role_id)
                                                               ->  Parallel Seq Scan on char_name chn  (cost=0.00..49532.75 rows=1308475 width=20) (actual time=0.036..245.624 rows=1046780 loops=3)
                                                               ->  Parallel Hash  (cost=679488.88..679488.88 rows=1 width=52) (actual time=4708.563..4708.563 rows=13 loops=3)
                                                                     Buckets: 1024  Batches: 1  Memory Usage: 104kB
                                                                     ->  Parallel Hash Join  (cost=663335.18..679488.88 rows=1 width=52) (actual time=4607.210..4708.441 rows=13 loops=3)
                                                                           Hash Cond: (n.id = ci.person_id)
                                                                           ->  Parallel Hash Join  (cost=81910.23..98047.67 rows=4333 width=23) (actual time=549.338..677.689 rows=3508 loops=3)
                                                                                 Hash Cond: (an.person_id = n.id)
                                                                                 ->  Parallel Seq Scan on aka_name an  (cost=0.00..15151.60 rows=375560 width=4) (actual time=0.031..75.718 rows=300448 loops=3)
                                                                                 ->  Parallel Hash  (cost=81659.82..81659.82 rows=20033 width=19) (actual time=548.131..548.131 rows=16670 loops=3)
                                                                                       Buckets: 65536  Batches: 1  Memory Usage: 3296kB
                                                                                       ->  Parallel Seq Scan on name n  (cost=0.00..81659.82 rows=20033 width=19) (actual time=223.249..534.465 rows=16670 loops=3)
                                                                                             Filter: (((name)::text ~~ '%An%'::text) AND ((gender)::text = 'f'::text))
                                                                                             Rows Removed by Filter: 1372493
                                                                           ->  Parallel Hash  (cost=581424.93..581424.93 rows=2 width=41) (actual time=4029.953..4029.953 rows=875 loops=3)
                                                                                 Buckets: 2048 (originally 1024)  Batches: 1 (originally 1)  Memory Usage: 280kB
                                                                                 ->  Parallel Hash Join  (cost=100834.61..581424.93 rows=2 width=41) (actual time=889.718..3739.620 rows=875 loops=3)
                                                                                       Hash Cond: (ci.movie_id = t.id)
                                                                                       ->  Parallel Seq Scan on cast_info ci  (cost=0.00..479214.15 rows=366974 width=16) (actual time=0.062..2811.291 rows=289159 loops=3)
                                                                                             Filter: ((note)::text = ANY ('{(voice),"(voice: Japanese version)","(voice) (uncredited)","(voice: English version)"}'::text[]))
                                                                                             Rows Removed by Filter: 11792289
                                                                                       ->  Parallel Hash  (cost=100834.53..100834.53 rows=7 width=25) (actual time=885.528..885.528 rows=165 loops=3)
                                                                                             Buckets: 1024  Batches: 1  Memory Usage: 104kB
                                                                                             ->  Parallel Hash Join  (cost=51046.31..100834.53 rows=7 width=25) (actual time=610.432..885.291 rows=165 loops=3)
                                                                                                   Hash Cond: (t.id = mk.movie_id)
                                                                                                   ->  Parallel Seq Scan on title t  (cost=0.00..49166.29 rows=165838 width=21) (actual time=0.032..257.592 rows=130555 loops=3)
                                                                                                         Filter: (production_year > 2010)
                                                                                                         Rows Removed by Filter: 712215
                                                                                                   ->  Parallel Hash  (cost=51045.79..51045.79 rows=42 width=4) (actual time=606.117..606.117 rows=3232 loops=3)
                                                                                                         Buckets: 16384 (originally 1024)  Batches: 1 (originally 1)  Memory Usage: 696kB
                                                                                                         ->  Hash Join  (cost=2793.88..51045.79 rows=42 width=4) (actual time=31.293..465.593 rows=3232 loops=3)
                                                                                                               Hash Cond: (mk.keyword_id = k.id)
                                                                                                               ->  Parallel Seq Scan on movie_keyword mk  (cost=0.00..43303.71 rows=1884971 width=8) (actual time=0.040..251.838 rows=1507977 loops=3)
                                                                                                               ->  Hash  (cost=2793.84..2793.84 rows=3 width=4) (actual time=30.189..30.190 rows=3 loops=3)
                                                                                                                     Buckets: 1024  Batches: 1  Memory Usage: 9kB
                                                                                                                     ->  Seq Scan on keyword k  (cost=0.00..2793.84 rows=3 width=4) (actual time=0.075..30.174 rows=3 loops=3)
                                                                                                                           Filter: ((keyword)::text = ANY ('{hero,martial-arts,hand-to-hand-combat}'::text[]))
                                                                                                                           Rows Removed by Filter: 134167
                                                         ->  Hash  (cost=1.15..1.15 rows=1 width=4) (actual time=0.069..0.069 rows=1 loops=3)
                                                               Buckets: 1024  Batches: 1  Memory Usage: 9kB
                                                               ->  Seq Scan on role_type rt  (cost=0.00..1.15 rows=1 width=4) (actual time=0.046..0.049 rows=1 loops=3)
                                                                     Filter: ((role)::text = 'actress'::text)
                                                                     Rows Removed by Filter: 11
         ->  Hash  (cost=2.41..2.41 rows=1 width=4) (actual time=0.038..0.038 rows=1 loops=1)
               Buckets: 1024  Batches: 1  Memory Usage: 9kB
               ->  Seq Scan on info_type it  (cost=0.00..2.41 rows=1 width=4) (actual time=0.016..0.027 rows=1 loops=1)
                     Filter: ((info)::text = 'release dates'::text)
                     Rows Removed by Filter: 112
 Planning Time: 99.279 ms
 Execution Time: 7123.349 ms
(78 rows)

execute /home/pei/Project/benchmarks/imdb_job-postgres/skinner_explained/24b.sql_explained.sql
SET
SET
                                                                                                                QUERY PLAN                                                                                                                 
-------------------------------------------------------------------------------------------------------------------------------------------------------------------------------------------------------------------------------------------
 Aggregate  (cost=1031111.24..1031111.25 rows=1 width=96) (actual time=6586.334..6586.334 rows=1 loops=1)
   ->  Hash Join  (cost=775917.68..1031111.23 rows=1 width=48) (actual time=5562.546..6586.271 rows=45 loops=1)
         Hash Cond: (mi.info_type_id = it.id)
         ->  Gather  (cost=775915.25..1031108.81 rows=1 width=52) (actual time=5562.425..6592.232 rows=45 loops=1)
               Workers Planned: 2
               Workers Launched: 2
               ->  Parallel Hash Join  (cost=774915.25..1030108.71 rows=1 width=52) (actual time=5895.571..6577.548 rows=15 loops=3)
                     Hash Cond: (mi.movie_id = t.id)
                     ->  Parallel Seq Scan on movie_info mi  (cost=0.00..254707.25 rows=129652 width=8) (actual time=282.710..1687.663 rows=100416 loops=3)
                           Filter: ((info IS NOT NULL) AND (((info)::text ~~ 'Japan:%201%'::text) OR ((info)::text ~~ 'USA:%201%'::text)))
                           Rows Removed by Filter: 4844824
                     ->  Parallel Hash  (cost=774915.24..774915.24 rows=1 width=64) (actual time=4877.299..4877.299 rows=8 loops=3)
                           Buckets: 1024  Batches: 1  Memory Usage: 40kB
                           ->  Hash Join  (cost=720475.70..774915.24 rows=1 width=64) (actual time=4837.417..4877.211 rows=8 loops=3)
                                 Hash Cond: (ci.role_id = rt.id)
                                 ->  Parallel Hash Join  (cost=720474.54..774914.07 rows=1 width=68) (actual time=4837.302..4877.094 rows=8 loops=3)
                                       Hash Cond: (chn.id = ci.person_role_id)
                                       ->  Parallel Seq Scan on char_name chn  (cost=0.00..49532.75 rows=1308475 width=20) (actual time=0.040..242.454 rows=1046780 loops=3)
                                       ->  Parallel Hash  (cost=720474.52..720474.52 rows=1 width=56) (actual time=4509.381..4509.382 rows=8 loops=3)
                                             Buckets: 1024  Batches: 1  Memory Usage: 72kB
                                             ->  Parallel Hash Join  (cost=704320.82..720474.52 rows=1 width=56) (actual time=4477.021..4509.266 rows=8 loops=3)
                                                   Hash Cond: (n.id = ci.person_id)
                                                   ->  Parallel Hash Join  (cost=81910.23..98047.67 rows=4333 width=23) (actual time=545.741..672.409 rows=3508 loops=3)
                                                         Hash Cond: (an.person_id = n.id)
                                                         ->  Parallel Seq Scan on aka_name an  (cost=0.00..15151.60 rows=375560 width=4) (actual time=0.026..74.268 rows=300448 loops=3)
                                                         ->  Parallel Hash  (cost=81659.82..81659.82 rows=20033 width=19) (actual time=544.886..544.886 rows=16670 loops=3)
                                                               Buckets: 65536  Batches: 1  Memory Usage: 3328kB
                                                               ->  Parallel Seq Scan on name n  (cost=0.00..81659.82 rows=20033 width=19) (actual time=221.920..531.120 rows=16670 loops=3)
                                                                     Filter: (((name)::text ~~ '%An%'::text) AND ((gender)::text = 'f'::text))
                                                                     Rows Removed by Filter: 1372493
                                                   ->  Parallel Hash  (cost=622410.58..622410.58 rows=1 width=45) (actual time=3836.331..3836.331 rows=36 loops=3)
                                                         Buckets: 1024  Batches: 1  Memory Usage: 104kB
                                                         ->  Parallel Hash Join  (cost=141820.27..622410.58 rows=1 width=45) (actual time=1072.566..3836.222 rows=36 loops=3)
                                                               Hash Cond: (ci.movie_id = t.id)
                                                               ->  Parallel Seq Scan on cast_info ci  (cost=0.00..479214.15 rows=366974 width=16) (actual time=0.183..2795.455 rows=289159 loops=3)
                                                                     Filter: ((note)::text = ANY ('{(voice),"(voice: Japanese version)","(voice) (uncredited)","(voice: English version)"}'::text[]))
                                                                     Rows Removed by Filter: 11792289
                                                               ->  Parallel Hash  (cost=141820.25..141820.25 rows=1 width=29) (actual time=1002.884..1002.884 rows=2 loops=3)
                                                                     Buckets: 1024  Batches: 1  Memory Usage: 72kB
                                                                     ->  Parallel Hash Join  (cost=108082.11..141820.25 rows=1 width=29) (actual time=952.411..1002.808 rows=2 loops=3)
                                                                           Hash Cond: (mc.company_id = cn.id)
                                                                           ->  Parallel Hash Join  (cost=103013.59..136751.74 rows=1 width=33) (actual time=823.803..980.915 rows=21 loops=3)
                                                                                 Hash Cond: (mc.movie_id = t.id)
                                                                                 ->  Parallel Seq Scan on movie_companies mc  (cost=0.00..29661.37 rows=1087137 width=8) (actual time=0.011..157.255 rows=869710 loops=3)
                                                                                 ->  Parallel Hash  (cost=103013.58..103013.58 rows=1 width=25) (actual time=715.567..715.567 rows=2 loops=3)
                                                                                       Buckets: 1024  Batches: 1  Memory Usage: 72kB
                                                                                       ->  Hash Join  (cost=54761.74..103013.58 rows=1 width=25) (actual time=514.769..715.452 rows=2 loops=3)
                                                                                             Hash Cond: (mk.keyword_id = k.id)
                                                                                             ->  Parallel Hash Join  (cost=51800.14..100051.91 rows=28 width=29) (actual time=482.025..682.705 rows=29 loops=3)
                                                                                                   Hash Cond: (mk.movie_id = t.id)
                                                                                                   ->  Parallel Seq Scan on movie_keyword mk  (cost=0.00..43303.71 rows=1884971 width=8) (actual time=0.037..253.005 rows=1507977 loops=3)
                                                                                                   ->  Parallel Hash  (cost=51799.95..51799.95 rows=15 width=21) (actual time=249.058..249.058 rows=3 loops=3)
                                                                                                         Buckets: 1024  Batches: 1  Memory Usage: 104kB
                                                                                                         ->  Parallel Seq Scan on title t  (cost=0.00..51799.95 rows=15 width=21) (actual time=107.253..248.974 rows=3 loops=3)
                                                                                                               Filter: ((production_year > 2010) AND ((title)::text ~~ 'Kung Fu Panda%'::text))
                                                                                                               Rows Removed by Filter: 842768
                                                                                             ->  Hash  (cost=2961.55..2961.55 rows=4 width=4) (actual time=32.683..32.683 rows=3 loops=3)
                                                                                                   Buckets: 1024  Batches: 1  Memory Usage: 9kB
                                                                                                   ->  Seq Scan on keyword k  (cost=0.00..2961.55 rows=4 width=4) (actual time=0.066..32.664 rows=3 loops=3)
                                                                                                         Filter: ((keyword)::text = ANY ('{hero,martial-arts,hand-to-hand-combat,computer-animated-movie}'::text[]))
                                                                                                         Rows Removed by Filter: 134167
                                                                           ->  Parallel Hash  (cost=5068.50..5068.50 rows=1 width=4) (actual time=21.821..21.821 rows=0 loops=3)
                                                                                 Buckets: 1024  Batches: 1  Memory Usage: 40kB
                                                                                 ->  Parallel Seq Scan on company_name cn  (cost=0.00..5068.50 rows=1 width=4) (actual time=16.452..21.787 rows=0 loops=3)
                                                                                       Filter: (((country_code)::text = '[us]'::text) AND ((name)::text = 'DreamWorks Animation'::text))
                                                                                       Rows Removed by Filter: 78332
                                 ->  Hash  (cost=1.15..1.15 rows=1 width=4) (actual time=0.057..0.057 rows=1 loops=3)
                                       Buckets: 1024  Batches: 1  Memory Usage: 9kB
                                       ->  Seq Scan on role_type rt  (cost=0.00..1.15 rows=1 width=4) (actual time=0.034..0.037 rows=1 loops=3)
                                             Filter: ((role)::text = 'actress'::text)
                                             Rows Removed by Filter: 11
         ->  Hash  (cost=2.41..2.41 rows=1 width=4) (actual time=0.041..0.041 rows=1 loops=1)
               Buckets: 1024  Batches: 1  Memory Usage: 9kB
               ->  Seq Scan on info_type it  (cost=0.00..2.41 rows=1 width=4) (actual time=0.017..0.028 rows=1 loops=1)
                     Filter: ((info)::text = 'release dates'::text)
                     Rows Removed by Filter: 112
 Planning Time: 100.208 ms
 Execution Time: 6593.600 ms
(78 rows)

execute /home/pei/Project/benchmarks/imdb_job-postgres/skinner_explained/25a.sql_explained.sql
SET
SET
                                                                                                       QUERY PLAN                                                                                                        
-------------------------------------------------------------------------------------------------------------------------------------------------------------------------------------------------------------------------
 Finalize Aggregate  (cost=937486.93..937486.94 rows=1 width=128) (actual time=6215.471..6215.471 rows=1 loops=1)
   ->  Gather  (cost=937486.70..937486.91 rows=2 width=128) (actual time=6214.535..6222.421 rows=3 loops=1)
         Workers Planned: 2
         Workers Launched: 2
         ->  Partial Aggregate  (cost=936486.70..936486.71 rows=1 width=128) (actual time=6206.978..6206.979 rows=1 loops=3)
               ->  Parallel Hash Join  (cost=886003.56..936486.69 rows=1 width=80) (actual time=5966.999..6205.626 rows=1469 loops=3)
                     Hash Cond: (t.id = mi.movie_id)
                     ->  Parallel Seq Scan on title t  (cost=0.00..46532.63 rows=1053463 width=21) (actual time=0.049..239.277 rows=842771 loops=3)
                     ->  Parallel Hash  (cost=886003.55..886003.55 rows=1 width=79) (actual time=5840.773..5840.773 rows=1469 loops=3)
                           Buckets: 4096 (originally 1024)  Batches: 1 (originally 1)  Memory Usage: 440kB
                           ->  Parallel Hash Join  (cost=805976.20..886003.55 rows=1 width=79) (actual time=5262.962..5795.967 rows=1469 loops=3)
                                 Hash Cond: (n.id = ci.person_id)
                                 ->  Parallel Seq Scan on name n  (cost=0.00..77318.68 rows=722307 width=19) (actual time=0.062..463.290 rows=579860 loops=3)
                                       Filter: ((gender)::text = 'm'::text)
                                       Rows Removed by Filter: 809304
                                 ->  Parallel Hash  (cost=805976.19..805976.19 rows=1 width=68) (actual time=5261.775..5261.775 rows=2371 loops=3)
                                       Buckets: 8192 (originally 1024)  Batches: 1 (originally 1)  Memory Usage: 664kB
                                       ->  Parallel Hash Join  (cost=305955.51..805976.19 rows=1 width=68) (actual time=3994.776..5166.309 rows=2371 loops=3)
                                             Hash Cond: (ci.movie_id = mi.movie_id)
                                             ->  Parallel Seq Scan on cast_info ci  (cost=0.00..498091.41 rows=514468 width=8) (actual time=214.581..3026.259 rows=414905 loops=3)
                                                   Filter: ((note)::text = ANY ('{(writer),"(head writer)","(written by)",(story),"(story editor)"}'::text[]))
                                                   Rows Removed by Filter: 11666543
                                             ->  Parallel Hash  (cost=305955.50..305955.50 rows=1 width=60) (actual time=2085.994..2085.994 rows=3796 loops=3)
                                                   Buckets: 16384 (originally 1024)  Batches: 1 (originally 1)  Memory Usage: 984kB
                                                   ->  Parallel Hash Join  (cost=290685.23..305955.50 rows=1 width=60) (actual time=1866.266..2050.539 rows=3796 loops=3)
                                                         Hash Cond: (mi_idx.movie_id = mi.movie_id)
                                                         ->  Hash Join  (cost=2.43..15253.60 rows=5089 width=9) (actual time=0.164..164.131 rows=153308 loops=3)
                                                               Hash Cond: (mi_idx.info_type_id = it2.id)
                                                               ->  Parallel Seq Scan on movie_info_idx mi_idx  (cost=0.00..13685.15 rows=575015 width=13) (actual time=0.045..80.677 rows=460012 loops=3)
                                                               ->  Hash  (cost=2.41..2.41 rows=1 width=4) (actual time=0.040..0.040 rows=1 loops=3)
                                                                     Buckets: 1024  Batches: 1  Memory Usage: 9kB
                                                                     ->  Seq Scan on info_type it2  (cost=0.00..2.41 rows=1 width=4) (actual time=0.027..0.029 rows=1 loops=3)
                                                                           Filter: ((info)::text = 'votes'::text)
                                                                           Rows Removed by Filter: 112
                                                         ->  Parallel Hash  (cost=290682.79..290682.79 rows=1 width=51) (actual time=1865.318..1865.318 rows=4146 loops=3)
                                                               Buckets: 16384 (originally 1024)  Batches: 1 (originally 1)  Memory Usage: 888kB
                                                               ->  Parallel Hash Join  (cost=51384.54..290682.79 rows=1 width=51) (actual time=1698.206..1829.454 rows=4146 loops=3)
                                                                     Hash Cond: (mi.movie_id = mk.movie_id)
                                                                     ->  Hash Join  (cost=2.43..239300.13 rows=144 width=47) (actual time=1161.899..1287.168 rows=10138 loops=3)
                                                                           Hash Cond: (mi.info_type_id = it1.id)
                                                                           ->  Parallel Seq Scan on movie_info mi  (cost=0.00..239253.38 rows=16278 width=51) (actual time=808.784..1282.600 rows=10267 loops=3)
                                                                                 Filter: ((info)::text = 'Horror'::text)
                                                                                 Rows Removed by Filter: 4934973
                                                                           ->  Hash  (cost=2.41..2.41 rows=1 width=4) (actual time=0.100..0.100 rows=1 loops=3)
                                                                                 Buckets: 1024  Batches: 1  Memory Usage: 9kB
                                                                                 ->  Seq Scan on info_type it1  (cost=0.00..2.41 rows=1 width=4) (actual time=0.061..0.073 rows=1 loops=3)
                                                                                       Filter: ((info)::text = 'genres'::text)
                                                                                       Rows Removed by Filter: 112
                                                                     ->  Parallel Hash  (cost=51381.24..51381.24 rows=70 width=4) (actual time=536.208..536.208 rows=20699 loops=3)
                                                                           Buckets: 65536 (originally 1024)  Batches: 1 (originally 1)  Memory Usage: 3512kB
                                                                           ->  Hash Join  (cost=3129.33..51381.24 rows=70 width=4) (actual time=35.489..478.681 rows=20699 loops=3)
                                                                                 Hash Cond: (mk.keyword_id = k.id)
                                                                                 ->  Parallel Seq Scan on movie_keyword mk  (cost=0.00..43303.71 rows=1884971 width=8) (actual time=0.047..253.921 rows=1507977 loops=3)
                                                                                 ->  Hash  (cost=3129.26..3129.26 rows=5 width=4) (actual time=35.326..35.326 rows=5 loops=3)
                                                                                       Buckets: 1024  Batches: 1  Memory Usage: 9kB
                                                                                       ->  Seq Scan on keyword k  (cost=0.00..3129.26 rows=5 width=4) (actual time=1.004..35.300 rows=5 loops=3)
                                                                                             Filter: ((keyword)::text = ANY ('{murder,blood,gore,death,female-nudity}'::text[]))
                                                                                             Rows Removed by Filter: 134165
 Planning Time: 29.327 ms
 Execution Time: 6223.334 ms
(60 rows)

execute /home/pei/Project/benchmarks/imdb_job-postgres/skinner_explained/25b.sql_explained.sql
SET
SET
                                                                                                QUERY PLAN                                                                                                 
-----------------------------------------------------------------------------------------------------------------------------------------------------------------------------------------------------------
 Finalize Aggregate  (cost=938224.64..938224.65 rows=1 width=128) (actual time=5639.192..5639.192 rows=1 loops=1)
   ->  Gather  (cost=938224.41..938224.62 rows=2 width=128) (actual time=5638.958..5645.491 rows=3 loops=1)
         Workers Planned: 2
         Workers Launched: 2
         ->  Partial Aggregate  (cost=937224.41..937224.42 rows=1 width=128) (actual time=5631.514..5631.514 rows=1 loops=3)
               ->  Parallel Hash Join  (cost=857197.05..937224.40 rows=1 width=80) (actual time=5394.121..5631.481 rows=2 loops=3)
                     Hash Cond: (n.id = ci.person_id)
                     ->  Parallel Seq Scan on name n  (cost=0.00..77318.68 rows=722307 width=19) (actual time=0.041..445.285 rows=579860 loops=3)
                           Filter: ((gender)::text = 'm'::text)
                           Rows Removed by Filter: 809304
                     ->  Parallel Hash  (cost=857197.04..857197.04 rows=1 width=69) (actual time=5129.000..5129.000 rows=2 loops=3)
                           Buckets: 1024  Batches: 1  Memory Usage: 72kB
                           ->  Parallel Hash Join  (cost=617898.78..857197.04 rows=1 width=69) (actual time=5116.145..5128.895 rows=2 loops=3)
                                 Hash Cond: (mi.movie_id = t.id)
                                 ->  Hash Join  (cost=2.43..239300.13 rows=144 width=47) (actual time=1111.099..1232.125 rows=10138 loops=3)
                                       Hash Cond: (mi.info_type_id = it1.id)
                                       ->  Parallel Seq Scan on movie_info mi  (cost=0.00..239253.38 rows=16278 width=51) (actual time=775.413..1227.772 rows=10267 loops=3)
                                             Filter: ((info)::text = 'Horror'::text)
                                             Rows Removed by Filter: 4934973
                                       ->  Hash  (cost=2.41..2.41 rows=1 width=4) (actual time=0.043..0.044 rows=1 loops=3)
                                             Buckets: 1024  Batches: 1  Memory Usage: 9kB
                                             ->  Seq Scan on info_type it1  (cost=0.00..2.41 rows=1 width=4) (actual time=0.017..0.029 rows=1 loops=3)
                                                   Filter: ((info)::text = 'genres'::text)
                                                   Rows Removed by Filter: 112
                                 ->  Parallel Hash  (cost=617896.35..617896.35 rows=1 width=42) (actual time=3895.097..3895.097 rows=2 loops=3)
                                       Buckets: 1024  Batches: 1  Memory Usage: 72kB
                                       ->  Parallel Hash Join  (cost=602626.08..617896.35 rows=1 width=42) (actual time=3890.791..3895.036 rows=2 loops=3)
                                             Hash Cond: (mi_idx.movie_id = t.id)
                                             ->  Hash Join  (cost=2.43..15253.60 rows=5089 width=9) (actual time=0.171..160.208 rows=153308 loops=3)
                                                   Hash Cond: (mi_idx.info_type_id = it2.id)
                                                   ->  Parallel Seq Scan on movie_info_idx mi_idx  (cost=0.00..13685.15 rows=575015 width=13) (actual time=0.035..77.725 rows=460012 loops=3)
                                                   ->  Hash  (cost=2.41..2.41 rows=1 width=4) (actual time=0.068..0.068 rows=1 loops=3)
                                                         Buckets: 1024  Batches: 1  Memory Usage: 9kB
                                                         ->  Seq Scan on info_type it2  (cost=0.00..2.41 rows=1 width=4) (actual time=0.040..0.042 rows=1 loops=3)
                                                               Filter: ((info)::text = 'votes'::text)
                                                               Rows Removed by Filter: 112
                                             ->  Parallel Hash  (cost=602623.64..602623.64 rows=1 width=33) (actual time=3720.107..3720.108 rows=2 loops=3)
                                                   Buckets: 1024  Batches: 1  Memory Usage: 72kB
                                                   ->  Parallel Hash Join  (cost=554371.45..602623.64 rows=1 width=33) (actual time=3706.960..3720.028 rows=2 loops=3)
                                                         Hash Cond: (mk.movie_id = t.id)
                                                         ->  Hash Join  (cost=3129.33..51381.24 rows=70 width=4) (actual time=34.671..479.733 rows=20699 loops=3)
                                                               Hash Cond: (mk.keyword_id = k.id)
                                                               ->  Parallel Seq Scan on movie_keyword mk  (cost=0.00..43303.71 rows=1884971 width=8) (actual time=0.034..256.697 rows=1507977 loops=3)
                                                               ->  Hash  (cost=3129.26..3129.26 rows=5 width=4) (actual time=34.508..34.508 rows=5 loops=3)
                                                                     Buckets: 1024  Batches: 1  Memory Usage: 9kB
                                                                     ->  Seq Scan on keyword k  (cost=0.00..3129.26 rows=5 width=4) (actual time=0.971..34.485 rows=5 loops=3)
                                                                           Filter: ((keyword)::text = ANY ('{murder,blood,gore,death,female-nudity}'::text[]))
                                                                           Rows Removed by Filter: 134165
                                                         ->  Parallel Hash  (cost=551242.03..551242.03 rows=8 width=29) (actual time=3236.656..3236.656 rows=8 loops=3)
                                                               Buckets: 1024  Batches: 1  Memory Usage: 104kB
                                                               ->  Parallel Hash Join  (cost=51800.14..551242.03 rows=8 width=29) (actual time=2111.301..3236.557 rows=8 loops=3)
                                                                     Hash Cond: (ci.movie_id = t.id)
                                                                     ->  Parallel Seq Scan on cast_info ci  (cost=0.00..498091.41 rows=514468 width=8) (actual time=216.253..2949.005 rows=414905 loops=3)
                                                                           Filter: ((note)::text = ANY ('{(writer),"(head writer)","(written by)",(story),"(story editor)"}'::text[]))
                                                                           Rows Removed by Filter: 11666543
                                                                     ->  Parallel Hash  (cost=51799.95..51799.95 rows=15 width=21) (actual time=244.860..244.860 rows=24 loops=3)
                                                                           Buckets: 1024  Batches: 1  Memory Usage: 104kB
                                                                           ->  Parallel Seq Scan on title t  (cost=0.00..51799.95 rows=15 width=21) (actual time=5.863..244.768 rows=24 loops=3)
                                                                                 Filter: ((production_year > 2010) AND ((title)::text ~~ 'Vampire%'::text))
                                                                                 Rows Removed by Filter: 842746
 Planning Time: 29.756 ms
 Execution Time: 5646.398 ms
(62 rows)

execute /home/pei/Project/benchmarks/imdb_job-postgres/skinner_explained/25c.sql_explained.sql
SET
SET
                                                                                                       QUERY PLAN                                                                                                        
-------------------------------------------------------------------------------------------------------------------------------------------------------------------------------------------------------------------------
 Finalize Aggregate  (cost=968932.69..968932.70 rows=1 width=128) (actual time=6624.031..6624.031 rows=1 loops=1)
   ->  Gather  (cost=968932.46..968932.67 rows=2 width=128) (actual time=6621.910..6629.296 rows=3 loops=1)
         Workers Planned: 2
         Workers Launched: 2
         ->  Partial Aggregate  (cost=967932.46..967932.47 rows=1 width=128) (actual time=6614.686..6614.686 rows=1 loops=3)
               ->  Parallel Hash Join  (cost=917449.32..967932.45 rows=1 width=80) (actual time=6259.609..6609.014 rows=8718 loops=3)
                     Hash Cond: (t.id = mi.movie_id)
                     ->  Parallel Seq Scan on title t  (cost=0.00..46532.63 rows=1053463 width=21) (actual time=0.042..228.517 rows=842771 loops=3)
                     ->  Parallel Hash  (cost=917449.31..917449.31 rows=1 width=79) (actual time=6254.119..6254.119 rows=8718 loops=3)
                           Buckets: 32768 (originally 1024)  Batches: 1 (originally 1)  Memory Usage: 2680kB
                           ->  Parallel Hash Join  (cost=837421.96..917449.31 rows=1 width=79) (actual time=5708.874..6224.587 rows=8718 loops=3)
                                 Hash Cond: (n.id = ci.person_id)
                                 ->  Parallel Seq Scan on name n  (cost=0.00..77318.68 rows=722307 width=19) (actual time=0.047..443.011 rows=579860 loops=3)
                                       Filter: ((gender)::text = 'm'::text)
                                       Rows Removed by Filter: 809304
                                 ->  Parallel Hash  (cost=837421.95..837421.95 rows=1 width=68) (actual time=5707.926..5707.926 rows=14300 loops=3)
                                       Buckets: 65536 (originally 1024)  Batches: 1 (originally 1)  Memory Usage: 3992kB
                                       ->  Parallel Hash Join  (cost=337401.27..837421.95 rows=1 width=68) (actual time=4533.549..5667.698 rows=14300 loops=3)
                                             Hash Cond: (ci.movie_id = mi.movie_id)
                                             ->  Parallel Seq Scan on cast_info ci  (cost=0.00..498091.41 rows=514468 width=8) (actual time=273.402..2875.297 rows=414905 loops=3)
                                                   Filter: ((note)::text = ANY ('{(writer),"(head writer)","(written by)",(story),"(story editor)"}'::text[]))
                                                   Rows Removed by Filter: 11666543
                                             ->  Parallel Hash  (cost=337401.26..337401.26 rows=1 width=60) (actual time=2722.909..2722.909 rows=21129 loops=3)
                                                   Buckets: 65536 (originally 1024)  Batches: 1 (originally 1)  Memory Usage: 4792kB
                                                   ->  Parallel Hash Join  (cost=322130.99..337401.26 rows=1 width=60) (actual time=2481.626..2670.090 rows=21129 loops=3)
                                                         Hash Cond: (mi_idx.movie_id = mi.movie_id)
                                                         ->  Hash Join  (cost=2.43..15253.60 rows=5089 width=9) (actual time=0.140..160.519 rows=153308 loops=3)
                                                               Hash Cond: (mi_idx.info_type_id = it2.id)
                                                               ->  Parallel Seq Scan on movie_info_idx mi_idx  (cost=0.00..13685.15 rows=575015 width=13) (actual time=0.036..76.805 rows=460012 loops=3)
                                                               ->  Hash  (cost=2.41..2.41 rows=1 width=4) (actual time=0.041..0.041 rows=1 loops=3)
                                                                     Buckets: 1024  Batches: 1  Memory Usage: 9kB
                                                                     ->  Seq Scan on info_type it2  (cost=0.00..2.41 rows=1 width=4) (actual time=0.027..0.030 rows=1 loops=3)
                                                                           Filter: ((info)::text = 'votes'::text)
                                                                           Rows Removed by Filter: 112
                                                         ->  Parallel Hash  (cost=322128.55..322128.55 rows=1 width=51) (actual time=2481.249..2481.249 rows=22680 loops=3)
                                                               Buckets: 131072 (originally 1024)  Batches: 1 (originally 1)  Memory Usage: 5432kB
                                                               ->  Parallel Hash Join  (cost=51720.34..322128.55 rows=1 width=51) (actual time=2206.037..2438.441 rows=22680 loops=3)
                                                                     Hash Cond: (mi.movie_id = mk.movie_id)
                                                                     ->  Hash Join  (cost=2.43..270407.66 rows=793 width=47) (actual time=1642.705..1856.680 rows=62198 loops=3)
                                                                           Hash Cond: (mi.info_type_id = it1.id)
                                                                           ->  Parallel Seq Scan on movie_info mi  (cost=0.00..270161.12 rows=89632 width=51) (actual time=1038.442..1839.203 rows=62990 loops=3)
                                                                                 Filter: ((info)::text = ANY ('{Horror,Action,Sci-Fi,Thriller,Crime,War}'::text[]))
                                                                                 Rows Removed by Filter: 4882250
                                                                           ->  Hash  (cost=2.41..2.41 rows=1 width=4) (actual time=0.090..0.090 rows=1 loops=3)
                                                                                 Buckets: 1024  Batches: 1  Memory Usage: 9kB
                                                                                 ->  Seq Scan on info_type it1  (cost=0.00..2.41 rows=1 width=4) (actual time=0.053..0.066 rows=1 loops=3)
                                                                                       Filter: ((info)::text = 'genres'::text)
                                                                                       Rows Removed by Filter: 112
                                                                     ->  Parallel Hash  (cost=51716.69..51716.69 rows=98 width=4) (actual time=563.244..563.244 rows=25571 loops=3)
                                                                           Buckets: 131072 (originally 1024)  Batches: 1 (originally 1)  Memory Usage: 5080kB
                                                                           ->  Hash Join  (cost=3464.78..51716.69 rows=98 width=4) (actual time=40.990..484.070 rows=25571 loops=3)
                                                                                 Hash Cond: (mk.keyword_id = k.id)
                                                                                 ->  Parallel Seq Scan on movie_keyword mk  (cost=0.00..43303.71 rows=1884971 width=8) (actual time=0.045..252.489 rows=1507977 loops=3)
                                                                                 ->  Hash  (cost=3464.69..3464.69 rows=7 width=4) (actual time=40.819..40.819 rows=7 loops=3)
                                                                                       Buckets: 1024  Batches: 1  Memory Usage: 9kB
                                                                                       ->  Seq Scan on keyword k  (cost=0.00..3464.69 rows=7 width=4) (actual time=1.175..40.793 rows=7 loops=3)
                                                                                             Filter: ((keyword)::text = ANY ('{murder,violence,blood,gore,death,female-nudity,hospital}'::text[]))
                                                                                             Rows Removed by Filter: 134163
 Planning Time: 28.665 ms
 Execution Time: 6630.845 ms
(60 rows)

execute /home/pei/Project/benchmarks/imdb_job-postgres/skinner_explained/26a.sql_explained.sql
SET
SET
                                                                                                                QUERY PLAN                                                                                                                 
-------------------------------------------------------------------------------------------------------------------------------------------------------------------------------------------------------------------------------------------
 Aggregate  (cost=722071.79..722071.80 rows=1 width=128) (actual time=7139.019..7139.019 rows=1 loops=1)
   ->  Hash Join  (cost=706649.20..722071.78 rows=1 width=53) (actual time=7051.003..7138.002 rows=1728 loops=1)
         Hash Cond: (t.kind_id = kt.id)
         ->  Hash Join  (cost=706648.10..722070.67 rows=1 width=57) (actual time=6996.117..7137.428 rows=1844 loops=1)
               Hash Cond: (mi_idx.info_type_id = it2.id)
               ->  Gather  (cost=706645.67..722068.24 rows=1 width=61) (actual time=6996.015..7242.418 rows=2580 loops=1)
                     Workers Planned: 2
                     Workers Launched: 2
                     ->  Parallel Hash Join  (cost=705645.67..721068.14 rows=1 width=61) (actual time=6987.011..7124.101 rows=860 loops=3)
                           Hash Cond: (mi_idx.movie_id = t.id)
                           ->  Parallel Seq Scan on movie_info_idx mi_idx  (cost=0.00..15122.68 rows=79942 width=13) (actual time=0.059..133.824 rows=64632 loops=3)
                                 Filter: ((info)::text > '7.0'::text)
                                 Rows Removed by Filter: 395380
                           ->  Parallel Hash  (cost=705645.66..705645.66 rows=1 width=68) (actual time=6980.016..6980.016 rows=1906 loops=3)
                                 Buckets: 8192 (originally 1024)  Batches: 1 (originally 1)  Memory Usage: 760kB
                                 ->  Parallel Hash Join  (cost=648661.37..705645.66 rows=1 width=68) (actual time=6454.498..6932.545 rows=1906 loops=3)
                                       Hash Cond: (chn.id = ci.person_role_id)
                                       ->  Parallel Seq Scan on char_name chn  (cost=0.00..56075.12 rows=90916 width=20) (actual time=0.048..457.464 rows=60051 loops=3)
                                             Filter: ((name IS NOT NULL) AND (((name)::text ~~ '%man%'::text) OR ((name)::text ~~ '%Man%'::text)))
                                             Rows Removed by Filter: 986729
                                       ->  Parallel Hash  (cost=648661.29..648661.29 rows=6 width=56) (actual time=6454.250..6454.250 rows=69092 loops=3)
                                             Buckets: 131072 (originally 1024)  Batches: 1 (originally 1)  Memory Usage: 9560kB
                                             ->  Parallel Hash Join  (cost=569172.01..648661.29 rows=6 width=56) (actual time=5991.270..6385.204 rows=69092 loops=3)
                                                   Hash Cond: (n.id = ci.person_id)
                                                   ->  Parallel Seq Scan on name n  (cost=0.00..72977.55 rows=1736455 width=19) (actual time=0.038..376.655 rows=1389164 loops=3)
                                                   ->  Parallel Hash  (cost=569171.94..569171.94 rows=6 width=45) (actual time=5097.384..5097.384 rows=69092 loops=3)
                                                         Buckets: 65536 (originally 1024)  Batches: 8 (originally 1)  Memory Usage: 2560kB
                                                         ->  Parallel Hash Join  (cost=108834.99..569171.94 rows=6 width=45) (actual time=1009.336..4911.759 rows=69092 loops=3)
                                                               Hash Cond: (ci.movie_id = t.id)
                                                               ->  Parallel Seq Scan on cast_info ci  (cost=0.00..403705.10 rows=15101810 width=12) (actual time=0.035..2129.314 rows=12081448 loops=3)
                                                               ->  Parallel Hash  (cost=108834.98..108834.98 rows=1 width=33) (actual time=1008.870..1008.871 rows=532 loops=3)
                                                                     Buckets: 2048 (originally 1024)  Batches: 1 (originally 1)  Memory Usage: 216kB
                                                                     ->  Hash Join  (cost=58439.25..108834.98 rows=1 width=33) (actual time=521.387..996.854 rows=532 loops=3)
                                                                           Hash Cond: (mk.keyword_id = k.id)
                                                                           ->  Parallel Hash Join  (cost=54471.30..104857.99 rows=3441 width=37) (actual time=467.189..937.313 rows=121797 loops=3)
                                                                                 Hash Cond: (mk.movie_id = t.id)
                                                                                 ->  Parallel Seq Scan on movie_keyword mk  (cost=0.00..43303.71 rows=1884971 width=8) (actual time=0.034..250.259 rows=1507977 loops=3)
                                                                                 ->  Parallel Hash  (cost=54447.27..54447.27 rows=1923 width=29) (actual time=466.643..466.643 rows=7852 loops=3)
                                                                                       Buckets: 32768 (originally 8192)  Batches: 1 (originally 1)  Memory Usage: 2016kB
                                                                                       ->  Hash Join  (cost=3102.42..54447.27 rows=1923 width=29) (actual time=94.670..441.709 rows=7852 loops=3)
                                                                                             Hash Cond: (t.id = cc.movie_id)
                                                                                             ->  Parallel Seq Scan on title t  (cost=0.00..49166.29 rows=575821 width=25) (actual time=0.062..275.371 rows=460484 loops=3)
                                                                                                   Filter: (production_year > 2000)
                                                                                                   Rows Removed by Filter: 382286
                                                                                             ->  Hash  (cost=2996.88..2996.88 rows=8443 width=4) (actual time=94.252..94.252 rows=85941 loops=3)
                                                                                                   Buckets: 131072 (originally 16384)  Batches: 1 (originally 1)  Memory Usage: 4046kB
                                                                                                   ->  Hash Join  (cost=2.12..2996.88 rows=8443 width=4) (actual time=0.214..67.367 rows=85941 loops=3)
                                                                                                         Hash Cond: (cc.status_id = cct2.id)
                                                                                                         ->  Hash Join  (cost=1.06..2813.24 rows=33772 width=8) (actual time=0.119..49.225 rows=85941 loops=3)
                                                                                                               Hash Cond: (cc.subject_id = cct1.id)
                                                                                                               ->  Seq Scan on complete_cast cc  (cost=0.00..2081.86 rows=135086 width=12) (actual time=0.020..18.606 rows=135086 loops=3)
                                                                                                               ->  Hash  (cost=1.05..1.05 rows=1 width=4) (actual time=0.037..0.037 rows=1 loops=3)
                                                                                                                     Buckets: 1024  Batches: 1  Memory Usage: 9kB
                                                                                                                     ->  Seq Scan on comp_cast_type cct1  (cost=0.00..1.05 rows=1 width=4) (actual time=0.020..0.022 rows=1 loops=3)
                                                                                                                           Filter: ((kind)::text = 'cast'::text)
                                                                                                                           Rows Removed by Filter: 3
                                                                                                         ->  Hash  (cost=1.05..1.05 rows=1 width=4) (actual time=0.043..0.043 rows=2 loops=3)
                                                                                                               Buckets: 1024  Batches: 1  Memory Usage: 9kB
                                                                                                               ->  Seq Scan on comp_cast_type cct2  (cost=0.00..1.05 rows=1 width=4) (actual time=0.030..0.032 rows=2 loops=3)
                                                                                                                     Filter: ((kind)::text ~~ '%complete%'::text)
                                                                                                                     Rows Removed by Filter: 2
                                                                           ->  Hash  (cost=3967.82..3967.82 rows=10 width=4) (actual time=47.990..47.990 rows=10 loops=3)
                                                                                 Buckets: 1024  Batches: 1  Memory Usage: 9kB
                                                                                 ->  Seq Scan on keyword k  (cost=0.00..3967.82 rows=10 width=4) (actual time=0.215..47.952 rows=10 loops=3)
                                                                                       Filter: ((keyword)::text = ANY ('{superhero,marvel-comics,based-on-comic,tv-special,fight,violence,magnet,web,claw,laser}'::text[]))
                                                                                       Rows Removed by Filter: 134160
               ->  Hash  (cost=2.41..2.41 rows=1 width=4) (actual time=0.036..0.036 rows=1 loops=1)
                     Buckets: 1024  Batches: 1  Memory Usage: 9kB
                     ->  Seq Scan on info_type it2  (cost=0.00..2.41 rows=1 width=4) (actual time=0.022..0.025 rows=1 loops=1)
                           Filter: ((info)::text = 'rating'::text)
                           Rows Removed by Filter: 112
         ->  Hash  (cost=1.09..1.09 rows=1 width=4) (actual time=0.040..0.040 rows=1 loops=1)
               Buckets: 1024  Batches: 1  Memory Usage: 9kB
               ->  Seq Scan on kind_type kt  (cost=0.00..1.09 rows=1 width=4) (actual time=0.024..0.026 rows=1 loops=1)
                     Filter: ((kind)::text = 'movie'::text)
                     Rows Removed by Filter: 6
 Planning Time: 86.402 ms
 Execution Time: 7245.999 ms
(78 rows)

execute /home/pei/Project/benchmarks/imdb_job-postgres/skinner_explained/26b.sql_explained.sql
SET
SET
                                                                                                                   QUERY PLAN                                                                                                                    
-------------------------------------------------------------------------------------------------------------------------------------------------------------------------------------------------------------------------------------------------
 Aggregate  (cost=719517.69..719517.70 rows=1 width=96) (actual time=6560.083..6560.083 rows=1 loops=1)
   ->  Hash Join  (cost=662439.50..719517.69 rows=1 width=38) (actual time=6069.976..6560.007 rows=93 loops=1)
         Hash Cond: (cc.status_id = cct2.id)
         ->  Hash Join  (cost=662438.44..719516.62 rows=1 width=42) (actual time=6069.877..6559.884 rows=93 loops=1)
               Hash Cond: (cc.subject_id = cct1.id)
               ->  Hash Join  (cost=662437.38..719515.56 rows=1 width=46) (actual time=6069.799..6559.769 rows=180 loops=1)
                     Hash Cond: (t.id = cc.movie_id)
                     ->  Gather  (cost=658006.94..714423.11 rows=1 width=54) (actual time=5990.708..6475.335 rows=191 loops=1)
                           Workers Planned: 2
                           Workers Launched: 2
                           ->  Parallel Hash Join  (cost=657006.94..713423.01 rows=1 width=54) (actual time=5985.080..6466.313 rows=64 loops=3)
                                 Hash Cond: (chn.id = ci.person_role_id)
                                 ->  Parallel Seq Scan on char_name chn  (cost=0.00..56075.12 rows=90916 width=20) (actual time=0.055..470.274 rows=60051 loops=3)
                                       Filter: ((name IS NOT NULL) AND (((name)::text ~~ '%man%'::text) OR ((name)::text ~~ '%Man%'::text)))
                                       Rows Removed by Filter: 986729
                                 ->  Parallel Hash  (cost=657006.93..657006.93 rows=1 width=42) (actual time=5982.014..5982.014 rows=2660 loops=3)
                                       Buckets: 4096 (originally 1024)  Batches: 1 (originally 1)  Memory Usage: 312kB
                                       ->  Hash Join  (cost=577517.63..657006.93 rows=1 width=42) (actual time=5185.256..5763.400 rows=2660 loops=3)
                                             Hash Cond: (mi_idx.info_type_id = it2.id)
                                             ->  Parallel Hash Join  (cost=577515.21..657004.49 rows=6 width=46) (actual time=5185.062..5761.270 rows=5809 loops=3)
                                                   Hash Cond: (n.id = ci.person_id)
                                                   ->  Parallel Seq Scan on name n  (cost=0.00..72977.55 rows=1736455 width=4) (actual time=0.039..371.787 rows=1389164 loops=3)
                                                   ->  Parallel Hash  (cost=577515.13..577515.13 rows=6 width=50) (actual time=5184.405..5184.405 rows=5809 loops=3)
                                                         Buckets: 32768 (originally 1024)  Batches: 1 (originally 1)  Memory Usage: 2136kB
                                                         ->  Parallel Hash Join  (cost=117178.19..577515.13 rows=6 width=50) (actual time=1092.938..4877.961 rows=5809 loops=3)
                                                               Hash Cond: (ci.movie_id = t.id)
                                                               ->  Parallel Seq Scan on cast_info ci  (cost=0.00..403705.10 rows=15101810 width=12) (actual time=0.023..2248.657 rows=12081448 loops=3)
                                                               ->  Parallel Hash  (cost=117178.17..117178.17 rows=1 width=38) (actual time=1091.387..1091.387 rows=39 loops=3)
                                                                     Buckets: 1024  Batches: 1  Memory Usage: 104kB
                                                                     ->  Parallel Hash Join  (cost=101980.10..117178.17 rows=1 width=38) (actual time=1009.796..1091.253 rows=39 loops=3)
                                                                           Hash Cond: (mi_idx.movie_id = t.id)
                                                                           ->  Parallel Seq Scan on movie_info_idx mi_idx  (cost=0.00..15122.68 rows=20101 width=13) (actual time=0.054..132.184 rows=17883 loops=3)
                                                                                 Filter: ((info)::text > '8.0'::text)
                                                                                 Rows Removed by Filter: 442129
                                                                           ->  Parallel Hash  (cost=101980.06..101980.06 rows=3 width=25) (actual time=955.140..955.140 rows=480 loops=3)
                                                                                 Buckets: 1024  Batches: 1  Memory Usage: 104kB
                                                                                 ->  Hash Join  (cost=51215.31..101980.06 rows=3 width=25) (actual time=840.982..954.505 rows=480 loops=3)
                                                                                       Hash Cond: (t.kind_id = kt.id)
                                                                                       ->  Parallel Hash Join  (cost=51214.21..101978.87 rows=23 width=29) (actual time=631.703..953.984 rows=1008 loops=3)
                                                                                             Hash Cond: (t.id = mk.movie_id)
                                                                                             ->  Parallel Seq Scan on title t  (cost=0.00..49166.29 rows=426207 width=25) (actual time=0.055..279.027 rows=337640 loops=3)
                                                                                                   Filter: (production_year > 2005)
                                                                                                   Rows Removed by Filter: 505131
                                                                                             ->  Parallel Hash  (cost=51213.51..51213.51 rows=56 width=4) (actual time=628.447..628.447 rows=3328 loops=3)
                                                                                                   Buckets: 16384 (originally 1024)  Batches: 1 (originally 1)  Memory Usage: 696kB
                                                                                                   ->  Hash Join  (cost=2961.60..51213.51 rows=56 width=4) (actual time=33.566..471.292 rows=3328 loops=3)
                                                                                                         Hash Cond: (mk.keyword_id = k.id)
                                                                                                         ->  Parallel Seq Scan on movie_keyword mk  (cost=0.00..43303.71 rows=1884971 width=8) (actual time=0.052..252.788 rows=1507977 loops=3)
                                                                                                         ->  Hash  (cost=2961.55..2961.55 rows=4 width=4) (actual time=33.059..33.059 rows=4 loops=3)
                                                                                                               Buckets: 1024  Batches: 1  Memory Usage: 9kB
                                                                                                               ->  Seq Scan on keyword k  (cost=0.00..2961.55 rows=4 width=4) (actual time=0.145..33.038 rows=4 loops=3)
                                                                                                                     Filter: ((keyword)::text = ANY ('{superhero,marvel-comics,based-on-comic,fight}'::text[]))
                                                                                                                     Rows Removed by Filter: 134166
                                                                                       ->  Hash  (cost=1.09..1.09 rows=1 width=4) (actual time=0.048..0.048 rows=1 loops=3)
                                                                                             Buckets: 1024  Batches: 1  Memory Usage: 9kB
                                                                                             ->  Seq Scan on kind_type kt  (cost=0.00..1.09 rows=1 width=4) (actual time=0.036..0.038 rows=1 loops=3)
                                                                                                   Filter: ((kind)::text = 'movie'::text)
                                                                                                   Rows Removed by Filter: 6
                                             ->  Hash  (cost=2.41..2.41 rows=1 width=4) (actual time=0.080..0.080 rows=1 loops=3)
                                                   Buckets: 1024  Batches: 1  Memory Usage: 9kB
                                                   ->  Seq Scan on info_type it2  (cost=0.00..2.41 rows=1 width=4) (actual time=0.058..0.061 rows=1 loops=3)
                                                         Filter: ((info)::text = 'rating'::text)
                                                         Rows Removed by Filter: 112
                     ->  Hash  (cost=2081.86..2081.86 rows=135086 width=12) (actual time=67.303..67.303 rows=135086 loops=1)
                           Buckets: 131072  Batches: 4  Memory Usage: 2471kB
                           ->  Seq Scan on complete_cast cc  (cost=0.00..2081.86 rows=135086 width=12) (actual time=0.013..26.507 rows=135086 loops=1)
               ->  Hash  (cost=1.05..1.05 rows=1 width=4) (actual time=0.020..0.020 rows=1 loops=1)
                     Buckets: 1024  Batches: 1  Memory Usage: 9kB
                     ->  Seq Scan on comp_cast_type cct1  (cost=0.00..1.05 rows=1 width=4) (actual time=0.009..0.010 rows=1 loops=1)
                           Filter: ((kind)::text = 'cast'::text)
                           Rows Removed by Filter: 3
         ->  Hash  (cost=1.05..1.05 rows=1 width=4) (actual time=0.027..0.027 rows=2 loops=1)
               Buckets: 1024  Batches: 1  Memory Usage: 9kB
               ->  Seq Scan on comp_cast_type cct2  (cost=0.00..1.05 rows=1 width=4) (actual time=0.014..0.016 rows=2 loops=1)
                     Filter: ((kind)::text ~~ '%complete%'::text)
                     Rows Removed by Filter: 2
 Planning Time: 86.507 ms
 Execution Time: 6561.894 ms
(78 rows)

execute /home/pei/Project/benchmarks/imdb_job-postgres/skinner_explained/26c.sql_explained.sql
SET
SET
                                                                                                                        QUERY PLAN                                                                                                                        
----------------------------------------------------------------------------------------------------------------------------------------------------------------------------------------------------------------------------------------------------------
 Aggregate  (cost=722078.21..722078.22 rows=1 width=96) (actual time=8445.077..8445.077 rows=1 loops=1)
   ->  Hash Join  (cost=665321.10..722078.20 rows=1 width=38) (actual time=7943.883..8441.955 rows=5400 loops=1)
         Hash Cond: (cc.subject_id = cct1.id)
         ->  Gather  (cost=665320.04..722077.14 rows=1 width=42) (actual time=7943.797..8594.068 rows=6359 loops=1)
               Workers Planned: 2
               Workers Launched: 2
               ->  Parallel Hash Join  (cost=664320.04..721077.04 rows=1 width=42) (actual time=7935.521..8428.799 rows=2120 loops=3)
                     Hash Cond: (chn.id = ci.person_role_id)
                     ->  Parallel Seq Scan on char_name chn  (cost=0.00..56075.12 rows=90916 width=20) (actual time=0.062..473.407 rows=60051 loops=3)
                           Filter: ((name IS NOT NULL) AND (((name)::text ~~ '%man%'::text) OR ((name)::text ~~ '%Man%'::text)))
                           Rows Removed by Filter: 986729
                     ->  Parallel Hash  (cost=664319.99..664319.99 rows=4 width=30) (actual time=7934.475..7934.475 rows=73556 loops=3)
                           Buckets: 131072 (originally 1024)  Batches: 1 (originally 1)  Memory Usage: 7384kB
                           ->  Parallel Hash Join  (cost=584830.72..664319.99 rows=4 width=30) (actual time=7501.203..7893.639 rows=73556 loops=3)
                                 Hash Cond: (n.id = ci.person_id)
                                 ->  Parallel Seq Scan on name n  (cost=0.00..72977.55 rows=1736455 width=4) (actual time=0.048..391.770 rows=1389164 loops=3)
                                 ->  Parallel Hash  (cost=584830.67..584830.67 rows=4 width=34) (actual time=6590.297..6590.297 rows=73556 loops=3)
                                       Buckets: 65536 (originally 1024)  Batches: 8 (originally 1)  Memory Usage: 2336kB
                                       ->  Hash Join  (cost=533504.83..584830.67 rows=4 width=34) (actual time=6266.809..6491.837 rows=73556 loops=3)
                                             Hash Cond: (t.kind_id = kt.id)
                                             ->  Parallel Hash Join  (cost=533503.73..584829.46 rows=26 width=38) (actual time=6262.550..6473.929 rows=81357 loops=3)
                                                   Hash Cond: (t.id = mk.movie_id)
                                                   ->  Parallel Seq Scan on title t  (cost=0.00..49166.29 rows=575821 width=25) (actual time=0.055..289.506 rows=460484 loops=3)
                                                         Filter: (production_year > 2000)
                                                         Rows Removed by Filter: 382286
                                                   ->  Parallel Hash  (cost=533503.13..533503.13 rows=48 width=33) (actual time=5783.088..5783.088 rows=232511 loops=3)
                                                         Buckets: 65536 (originally 1024)  Batches: 16 (originally 1)  Memory Usage: 3616kB
                                                         ->  Hash Join  (cost=72499.97..533503.13 rows=48 width=33) (actual time=852.315..5486.266 rows=232511 loops=3)
                                                               Hash Cond: (cc.status_id = cct2.id)
                                                               ->  Hash Join  (cost=72498.91..533501.03 rows=192 width=37) (actual time=852.214..5418.403 rows=232511 loops=3)
                                                                     Hash Cond: (mk.movie_id = cc.movie_id)
                                                                     ->  Parallel Hash Join  (cost=68068.47..528405.98 rows=138 width=25) (actual time=780.385..5008.249 rows=360905 loops=3)
                                                                           Hash Cond: (ci.movie_id = mk.movie_id)
                                                                           ->  Parallel Seq Scan on cast_info ci  (cost=0.00..403705.10 rows=15101810 width=12) (actual time=0.033..2267.388 rows=12081448 loops=3)
                                                                           ->  Parallel Hash  (cost=68068.42..68068.42 rows=4 width=13) (actual time=780.166..780.166 rows=6392 loops=3)
                                                                                 Buckets: 32768 (originally 1024)  Batches: 1 (originally 1)  Memory Usage: 1464kB
                                                                                 ->  Hash Join  (cost=52224.04..68068.42 rows=4 width=13) (actual time=604.407..756.839 rows=6392 loops=3)
                                                                                       Hash Cond: (mi_idx.info_type_id = it2.id)
                                                                                       ->  Parallel Hash Join  (cost=52221.61..68064.84 rows=426 width=17) (actual time=604.267..753.762 rows=19234 loops=3)
                                                                                             Hash Cond: (mi_idx.movie_id = mk.movie_id)
                                                                                             ->  Parallel Seq Scan on movie_info_idx mi_idx  (cost=0.00..13685.15 rows=575015 width=13) (actual time=0.030..79.092 rows=460012 loops=3)
                                                                                             ->  Parallel Hash  (cost=52219.86..52219.86 rows=140 width=4) (actual time=603.871..603.871 rows=8030 loops=3)
                                                                                                   Buckets: 32768 (originally 1024)  Batches: 1 (originally 1)  Memory Usage: 1528kB
                                                                                                   ->  Hash Join  (cost=3967.95..52219.86 rows=140 width=4) (actual time=48.603..492.014 rows=8030 loops=3)
                                                                                                         Hash Cond: (mk.keyword_id = k.id)
                                                                                                         ->  Parallel Seq Scan on movie_keyword mk  (cost=0.00..43303.71 rows=1884971 width=8) (actual time=0.048..253.290 rows=1507977 loops=3)
                                                                                                         ->  Hash  (cost=3967.82..3967.82 rows=10 width=4) (actual time=48.403..48.404 rows=10 loops=3)
                                                                                                               Buckets: 1024  Batches: 1  Memory Usage: 9kB
                                                                                                               ->  Seq Scan on keyword k  (cost=0.00..3967.82 rows=10 width=4) (actual time=0.226..48.375 rows=10 loops=3)
                                                                                                                     Filter: ((keyword)::text = ANY ('{superhero,marvel-comics,based-on-comic,tv-special,fight,violence,magnet,web,claw,laser}'::text[]))
                                                                                                                     Rows Removed by Filter: 134160
                                                                                       ->  Hash  (cost=2.41..2.41 rows=1 width=4) (actual time=0.081..0.081 rows=1 loops=3)
                                                                                             Buckets: 1024  Batches: 1  Memory Usage: 9kB
                                                                                             ->  Seq Scan on info_type it2  (cost=0.00..2.41 rows=1 width=4) (actual time=0.069..0.071 rows=1 loops=3)
                                                                                                   Filter: ((info)::text = 'rating'::text)
                                                                                                   Rows Removed by Filter: 112
                                                                     ->  Hash  (cost=2081.86..2081.86 rows=135086 width=12) (actual time=68.470..68.470 rows=135086 loops=3)
                                                                           Buckets: 131072  Batches: 4  Memory Usage: 2471kB
                                                                           ->  Seq Scan on complete_cast cc  (cost=0.00..2081.86 rows=135086 width=12) (actual time=0.023..26.680 rows=135086 loops=3)
                                                               ->  Hash  (cost=1.05..1.05 rows=1 width=4) (actual time=0.040..0.041 rows=2 loops=3)
                                                                     Buckets: 1024  Batches: 1  Memory Usage: 9kB
                                                                     ->  Seq Scan on comp_cast_type cct2  (cost=0.00..1.05 rows=1 width=4) (actual time=0.028..0.030 rows=2 loops=3)
                                                                           Filter: ((kind)::text ~~ '%complete%'::text)
                                                                           Rows Removed by Filter: 2
                                             ->  Hash  (cost=1.09..1.09 rows=1 width=4) (actual time=0.071..0.071 rows=1 loops=3)
                                                   Buckets: 1024  Batches: 1  Memory Usage: 9kB
                                                   ->  Seq Scan on kind_type kt  (cost=0.00..1.09 rows=1 width=4) (actual time=0.048..0.050 rows=1 loops=3)
                                                         Filter: ((kind)::text = 'movie'::text)
                                                         Rows Removed by Filter: 6
         ->  Hash  (cost=1.05..1.05 rows=1 width=4) (actual time=0.024..0.024 rows=1 loops=1)
               Buckets: 1024  Batches: 1  Memory Usage: 9kB
               ->  Seq Scan on comp_cast_type cct1  (cost=0.00..1.05 rows=1 width=4) (actual time=0.012..0.013 rows=1 loops=1)
                     Filter: ((kind)::text = 'cast'::text)
                     Rows Removed by Filter: 3
 Planning Time: 85.783 ms
 Execution Time: 8601.792 ms
(76 rows)

execute /home/pei/Project/benchmarks/imdb_job-postgres/skinner_explained/27a.sql_explained.sql
SET
SET
                                                                                                                    QUERY PLAN                                                                                                                    
--------------------------------------------------------------------------------------------------------------------------------------------------------------------------------------------------------------------------------------------------
 Aggregate  (cost=62724.94..62724.95 rows=1 width=96) (actual time=303.286..303.286 rows=1 loops=1)
   ->  Merge Join  (cost=26778.72..62724.94 rows=1 width=118) (actual time=302.432..303.090 rows=477 loops=1)
         Merge Cond: (mi.movie_id = ml.movie_id)
         ->  Gather Merge  (cost=1000.46..988404.79 rows=132912 width=4) (actual time=9.494..21.147 rows=2822 loops=1)
               Workers Planned: 2
               Workers Launched: 2
               ->  Parallel Index Scan using movie_id_movie_info on movie_info mi  (cost=0.43..972063.42 rows=55380 width=4) (actual time=1.202..149.034 rows=1126 loops=3)
                     Filter: ((info)::text = ANY ('{Sweden,Germany,Swedish,German}'::text[]))
                     Rows Removed by Filter: 148910
         ->  Sort  (cost=25778.26..25778.26 rows=1 width=138) (actual time=292.517..292.547 rows=475 loops=1)
               Sort Key: t.id
               Sort Method: quicksort  Memory: 49kB
               ->  Hash Join  (cost=22622.22..25778.25 rows=1 width=138) (actual time=269.629..292.324 rows=172 loops=1)
                     Hash Cond: (mk.keyword_id = k.id)
                     ->  Merge Join  (cost=19996.08..23150.40 rows=652 width=142) (actual time=245.514..270.853 rows=3278 loops=1)
                           Merge Cond: (mk.movie_id = ml.movie_id)
                           ->  Index Scan using movie_id_movie_keyword on movie_keyword mk  (cost=0.43..142057.13 rows=4523930 width=8) (actual time=0.032..19.180 rows=69431 loops=1)
                           ->  Sort  (cost=19995.65..19995.68 rows=14 width=134) (actual time=242.759..242.965 rows=3270 loops=1)
                                 Sort Key: t.id
                                 Sort Method: quicksort  Memory: 62kB
                                 ->  Hash Join  (cost=19698.66..19995.38 rows=14 width=134) (actual time=239.793..242.509 rows=269 loops=1)
                                       Hash Cond: (cc.subject_id = cct1.id)
                                       ->  Hash Join  (cost=19697.58..19994.16 rows=27 width=138) (actual time=239.703..242.347 rows=269 loops=1)
                                             Hash Cond: (cc.status_id = cct2.id)
                                             ->  Merge Join  (cost=19696.52..19992.51 rows=109 width=142) (actual time=239.626..242.184 rows=333 loops=1)
                                                   Merge Cond: (cc.movie_id = ml.movie_id)
                                                   ->  Index Scan using movie_id_complete_cast on complete_cast cc  (cost=0.42..6344.49 rows=135086 width=12) (actual time=0.034..2.147 rows=5140 loops=1)
                                                   ->  Sort  (cost=19696.10..19696.27 rows=69 width=130) (actual time=239.223..239.276 rows=756 loops=1)
                                                         Sort Key: t.id
                                                         Sort Method: quicksort  Memory: 120kB
                                                         ->  Gather  (cost=7378.71..19693.99 rows=69 width=130) (actual time=133.337..240.231 rows=698 loops=1)
                                                               Workers Planned: 2
                                                               Workers Launched: 2
                                                               ->  Parallel Hash Join  (cost=6378.71..18687.09 rows=29 width=130) (actual time=119.791..231.414 rows=233 loops=3)
                                                                     Hash Cond: (mc.company_id = cn.id)
                                                                     ->  Hash Join  (cost=652.57..12960.52 rows=160 width=115) (actual time=21.785..168.638 rows=931 loops=3)
                                                                           Hash Cond: (mc.company_type_id = ct.id)
                                                                           ->  Merge Join  (cost=651.50..12956.00 rows=640 width=119) (actual time=21.673..168.156 rows=1104 loops=3)
                                                                                 Merge Cond: (ml.movie_id = mc.movie_id)
                                                                                 ->  Merge Join  (cost=651.07..7725.24 rows=250 width=107) (actual time=17.881..122.623 rows=444 loops=3)
                                                                                       Merge Cond: (t.id = ml.movie_id)
                                                                                       ->  Parallel Index Scan using title_pkey on title t  (cost=0.43..92601.00 rows=379985 width=21) (actual time=0.353..107.208 rows=19945 loops=3)
                                                                                             Filter: ((production_year >= 1950) AND (production_year <= 2000))
                                                                                             Rows Removed by Filter: 42153
                                                                                       ->  Sort  (cost=650.63..654.80 rows=1666 width=86) (actual time=12.949..13.132 rows=2315 loops=3)
                                                                                             Sort Key: ml.movie_id
                                                                                             Sort Method: quicksort  Memory: 205kB
                                                                                             Worker 0:  Sort Method: quicksort  Memory: 205kB
                                                                                             Worker 1:  Sort Method: quicksort  Memory: 205kB
                                                                                             ->  Hash Join  (cost=1.24..561.48 rows=1666 width=86) (actual time=0.141..11.657 rows=2315 loops=3)
                                                                                                   Hash Cond: (ml.link_type_id = lt.id)
                                                                                                   ->  Seq Scan on movie_link ml  (cost=0.00..462.97 rows=29997 width=8) (actual time=0.029..7.290 rows=29997 loops=3)
                                                                                                   ->  Hash  (cost=1.23..1.23 rows=1 width=86) (actual time=0.051..0.051 rows=2 loops=3)
                                                                                                         Buckets: 1024  Batches: 1  Memory Usage: 9kB
                                                                                                         ->  Seq Scan on link_type lt  (cost=0.00..1.23 rows=1 width=86) (actual time=0.034..0.039 rows=2 loops=3)
                                                                                                               Filter: ((link)::text ~~ '%follow%'::text)
                                                                                                               Rows Removed by Filter: 16
                                                                                 ->  Index Scan using movie_id_movie_companies on movie_companies mc  (cost=0.43..131550.35 rows=1273429 width=12) (actual time=0.060..41.908 rows=42275 loops=3)
                                                                                       Filter: (note IS NULL)
                                                                                       Rows Removed by Filter: 42817
                                                                           ->  Hash  (cost=1.05..1.05 rows=1 width=4) (actual time=0.054..0.054 rows=1 loops=3)
                                                                                 Buckets: 1024  Batches: 1  Memory Usage: 9kB
                                                                                 ->  Seq Scan on company_type ct  (cost=0.00..1.05 rows=1 width=4) (actual time=0.042..0.044 rows=1 loops=3)
                                                                                       Filter: ((kind)::text = 'production companies'::text)
                                                                                       Rows Removed by Filter: 3
                                                                     ->  Parallel Hash  (cost=5414.09..5414.09 rows=24965 width=23) (actual time=61.340..61.340 rows=16101 loops=3)
                                                                           Buckets: 65536  Batches: 1  Memory Usage: 3296kB
                                                                           ->  Parallel Seq Scan on company_name cn  (cost=0.00..5414.09 rows=24965 width=23) (actual time=0.055..49.332 rows=16101 loops=3)
                                                                                 Filter: (((country_code)::text <> '[pl]'::text) AND (((name)::text ~~ '%Film%'::text) OR ((name)::text ~~ '%Warner%'::text)))
                                                                                 Rows Removed by Filter: 62232
                                             ->  Hash  (cost=1.05..1.05 rows=1 width=4) (actual time=0.020..0.021 rows=1 loops=1)
                                                   Buckets: 1024  Batches: 1  Memory Usage: 9kB
                                                   ->  Seq Scan on comp_cast_type cct2  (cost=0.00..1.05 rows=1 width=4) (actual time=0.009..0.011 rows=1 loops=1)
                                                         Filter: ((kind)::text = 'complete'::text)
                                                         Rows Removed by Filter: 3
                                       ->  Hash  (cost=1.05..1.05 rows=2 width=4) (actual time=0.036..0.036 rows=2 loops=1)
                                             Buckets: 1024  Batches: 1  Memory Usage: 9kB
                                             ->  Seq Scan on comp_cast_type cct1  (cost=0.00..1.05 rows=2 width=4) (actual time=0.022..0.024 rows=2 loops=1)
                                                   Filter: ((kind)::text = ANY ('{cast,crew}'::text[]))
                                                   Rows Removed by Filter: 2
                     ->  Hash  (cost=2626.12..2626.12 rows=1 width=4) (actual time=21.077..21.077 rows=1 loops=1)
                           Buckets: 1024  Batches: 1  Memory Usage: 9kB
                           ->  Seq Scan on keyword k  (cost=0.00..2626.12 rows=1 width=4) (actual time=1.205..21.064 rows=1 loops=1)
                                 Filter: ((keyword)::text = 'sequel'::text)
                                 Rows Removed by Filter: 134169
 Planning Time: 84.364 ms
 Execution Time: 316.525 ms
(87 rows)

execute /home/pei/Project/benchmarks/imdb_job-postgres/skinner_explained/27b.sql_explained.sql
SET
SET
                                                                                                                     QUERY PLAN                                                                                                                     
----------------------------------------------------------------------------------------------------------------------------------------------------------------------------------------------------------------------------------------------------
 Aggregate  (cost=62047.93..62047.94 rows=1 width=96) (actual time=509.004..509.004 rows=1 loops=1)
   ->  Hash Join  (cost=58902.55..62047.92 rows=1 width=118) (actual time=508.162..508.876 rows=247 loops=1)
         Hash Cond: (mk.keyword_id = k.id)
         ->  Merge Join  (cost=56276.42..59421.66 rows=47 width=122) (actual time=486.173..486.812 rows=1919 loops=1)
               Merge Cond: (mk.movie_id = ml.movie_id)
               ->  Index Scan using movie_id_movie_keyword on movie_keyword mk  (cost=0.43..142057.13 rows=4523930 width=8) (actual time=0.032..17.722 rows=69431 loops=1)
               ->  Materialize  (cost=56275.98..56275.99 rows=1 width=138) (actual time=460.744..460.961 rows=1911 loops=1)
                     ->  Sort  (cost=56275.98..56275.99 rows=1 width=138) (actual time=460.732..460.749 rows=247 loops=1)
                           Sort Key: t.id
                           Sort Method: quicksort  Memory: 59kB
                           ->  Hash Join  (cost=55981.58..56275.97 rows=1 width=138) (actual time=460.078..460.468 rows=247 loops=1)
                                 Hash Cond: (cc.status_id = cct2.id)
                                 ->  Hash Join  (cost=55980.51..56274.91 rows=1 width=142) (actual time=460.004..460.311 rows=418 loops=1)
                                       Hash Cond: (cc.subject_id = cct1.id)
                                       ->  Merge Join  (cost=55979.44..56273.83 rows=2 width=146) (actual time=459.925..460.118 rows=418 loops=1)
                                             Merge Cond: (cc.movie_id = ml.movie_id)
                                             ->  Index Scan using movie_id_complete_cast on complete_cast cc  (cost=0.42..6344.49 rows=135086 width=12) (actual time=0.043..1.933 rows=4705 loops=1)
                                             ->  Sort  (cost=55979.02..55979.02 rows=1 width=134) (actual time=457.380..457.447 rows=908 loops=1)
                                                   Sort Key: t.id
                                                   Sort Method: quicksort  Memory: 128kB
                                                   ->  Gather  (cost=50471.19..55979.01 rows=1 width=134) (actual time=391.738..457.357 rows=737 loops=1)
                                                         Workers Planned: 1
                                                         Workers Launched: 1
                                                         ->  Parallel Hash Join  (cost=49471.19..54978.91 rows=1 width=134) (actual time=396.924..451.371 rows=368 loops=2)
                                                               Hash Cond: (cn.id = mc.company_id)
                                                               ->  Parallel Seq Scan on company_name cn  (cost=0.00..5414.09 rows=24965 width=23) (actual time=0.040..63.722 rows=24151 loops=2)
                                                                     Filter: (((country_code)::text <> '[pl]'::text) AND (((name)::text ~~ '%Film%'::text) OR ((name)::text ~~ '%Warner%'::text)))
                                                                     Rows Removed by Filter: 93348
                                                               ->  Parallel Hash  (cost=49471.16..49471.16 rows=3 width=119) (actual time=383.966..383.966 rows=718 loops=2)
                                                                     Buckets: 2048 (originally 1024)  Batches: 1 (originally 1)  Memory Usage: 184kB
                                                                     ->  Hash Join  (cost=653.00..49471.16 rows=3 width=119) (actual time=253.801..375.444 rows=718 loops=2)
                                                                           Hash Cond: (mc.company_type_id = ct.id)
                                                                           ->  Merge Join  (cost=651.94..49470.03 rows=13 width=123) (actual time=253.694..375.116 rows=736 loops=2)
                                                                                 Merge Cond: (ml.movie_id = mc.movie_id)
                                                                                 ->  Merge Join  (cost=651.51..44246.14 rows=5 width=111) (actual time=235.532..350.379 rows=151 loops=2)
                                                                                       Merge Cond: (mi.movie_id = ml.movie_id)
                                                                                       ->  Parallel Index Scan using movie_id_movie_info on movie_info mi  (cost=0.43..972063.42 rows=55380 width=4) (actual time=1.381..138.139 rows=1440 loops=2)
                                                                                             Filter: ((info)::text = ANY ('{Sweden,Germany,Swedish,German}'::text[]))
                                                                                             Rows Removed by Filter: 187318
                                                                                       ->  Materialize  (cost=651.07..8854.49 rows=33 width=107) (actual time=25.706..211.976 rows=235 loops=2)
                                                                                             ->  Merge Join  (cost=651.07..8854.40 rows=33 width=107) (actual time=25.694..211.862 rows=141 loops=2)
                                                                                                   Merge Cond: (t.id = ml.movie_id)
                                                                                                   ->  Index Scan using title_pkey on title t  (cost=0.43..108402.95 rows=50313 width=21) (actual time=2.400..200.832 rows=4216 loops=2)
                                                                                                         Filter: (production_year = 1998)
                                                                                                         Rows Removed by Filter: 182255
                                                                                                   ->  Sort  (cost=650.63..654.80 rows=1666 width=86) (actual time=10.138..10.312 rows=2315 loops=2)
                                                                                                         Sort Key: ml.movie_id
                                                                                                         Sort Method: quicksort  Memory: 205kB
                                                                                                         Worker 0:  Sort Method: quicksort  Memory: 205kB
                                                                                                         ->  Hash Join  (cost=1.24..561.48 rows=1666 width=86) (actual time=0.129..8.884 rows=2315 loops=2)
                                                                                                               Hash Cond: (ml.link_type_id = lt.id)
                                                                                                               ->  Seq Scan on movie_link ml  (cost=0.00..462.97 rows=29997 width=8) (actual time=0.023..4.623 rows=29997 loops=2)
                                                                                                               ->  Hash  (cost=1.23..1.23 rows=1 width=86) (actual time=0.043..0.044 rows=2 loops=2)
                                                                                                                     Buckets: 1024  Batches: 1  Memory Usage: 9kB
                                                                                                                     ->  Seq Scan on link_type lt  (cost=0.00..1.23 rows=1 width=86) (actual time=0.026..0.032 rows=2 loops=2)
                                                                                                                           Filter: ((link)::text ~~ '%follow%'::text)
                                                                                                                           Rows Removed by Filter: 16
                                                                                 ->  Index Scan using movie_id_movie_companies on movie_companies mc  (cost=0.43..131550.35 rows=1273429 width=12) (actual time=0.017..22.072 rows=34556 loops=2)
                                                                                       Filter: (note IS NULL)
                                                                                       Rows Removed by Filter: 35332
                                                                           ->  Hash  (cost=1.05..1.05 rows=1 width=4) (actual time=0.053..0.053 rows=1 loops=2)
                                                                                 Buckets: 1024  Batches: 1  Memory Usage: 9kB
                                                                                 ->  Seq Scan on company_type ct  (cost=0.00..1.05 rows=1 width=4) (actual time=0.035..0.037 rows=1 loops=2)
                                                                                       Filter: ((kind)::text = 'production companies'::text)
                                                                                       Rows Removed by Filter: 3
                                       ->  Hash  (cost=1.05..1.05 rows=2 width=4) (actual time=0.025..0.025 rows=2 loops=1)
                                             Buckets: 1024  Batches: 1  Memory Usage: 9kB
                                             ->  Seq Scan on comp_cast_type cct1  (cost=0.00..1.05 rows=2 width=4) (actual time=0.010..0.013 rows=2 loops=1)
                                                   Filter: ((kind)::text = ANY ('{cast,crew}'::text[]))
                                                   Rows Removed by Filter: 2
                                 ->  Hash  (cost=1.05..1.05 rows=1 width=4) (actual time=0.027..0.027 rows=1 loops=1)
                                       Buckets: 1024  Batches: 1  Memory Usage: 9kB
                                       ->  Seq Scan on comp_cast_type cct2  (cost=0.00..1.05 rows=1 width=4) (actual time=0.014..0.016 rows=1 loops=1)
                                             Filter: ((kind)::text = 'complete'::text)
                                             Rows Removed by Filter: 3
         ->  Hash  (cost=2626.12..2626.12 rows=1 width=4) (actual time=21.791..21.791 rows=1 loops=1)
               Buckets: 1024  Batches: 1  Memory Usage: 9kB
               ->  Seq Scan on keyword k  (cost=0.00..2626.12 rows=1 width=4) (actual time=1.248..21.778 rows=1 loops=1)
                     Filter: ((keyword)::text = 'sequel'::text)
                     Rows Removed by Filter: 134169
 Planning Time: 85.676 ms
 Execution Time: 510.379 ms
(82 rows)

execute /home/pei/Project/benchmarks/imdb_job-postgres/skinner_explained/27c.sql_explained.sql
SET
SET
                                                                                                                   QUERY PLAN                                                                                                                    
-------------------------------------------------------------------------------------------------------------------------------------------------------------------------------------------------------------------------------------------------
 Aggregate  (cost=64696.47..64696.48 rows=1 width=96) (actual time=556.536..556.536 rows=1 loops=1)
   ->  Hash Join  (cost=61522.37..64696.47 rows=1 width=118) (actual time=531.769..556.232 rows=743 loops=1)
         Hash Cond: (mk.keyword_id = k.id)
         ->  Merge Join  (cost=58896.24..62065.93 rows=1677 width=122) (actual time=507.415..533.491 rows=11620 loops=1)
               Merge Cond: (mk.movie_id = ml.movie_id)
               ->  Index Scan using movie_id_movie_keyword on movie_keyword mk  (cost=0.43..142057.13 rows=4523930 width=8) (actual time=0.030..17.744 rows=69431 loops=1)
               ->  Sort  (cost=58895.80..58895.89 rows=36 width=138) (actual time=504.839..505.553 rows=11612 loops=1)
                     Sort Key: ml.movie_id
                     Sort Method: quicksort  Memory: 210kB
                     ->  Hash Join  (cost=58588.08..58894.87 rows=36 width=138) (actual time=499.780..503.928 rows=1150 loops=1)
                           Hash Cond: (cc.subject_id = cct1.id)
                           ->  Hash Join  (cost=58587.01..58893.03 rows=143 width=142) (actual time=499.708..503.530 rows=1436 loops=1)
                                 Hash Cond: (cc.status_id = cct2.id)
                                 ->  Merge Join  (cost=58585.95..58888.88 rows=572 width=146) (actual time=499.630..503.060 rows=1436 loops=1)
                                       Merge Cond: (cc.movie_id = ml.movie_id)
                                       ->  Index Scan using movie_id_complete_cast on complete_cast cc  (cost=0.42..6344.49 rows=135086 width=12) (actual time=0.035..2.068 rows=5142 loops=1)
                                       ->  Sort  (cost=58585.52..58586.43 rows=363 width=134) (actual time=499.234..499.564 rows=4252 loops=1)
                                             Sort Key: ml.movie_id
                                             Sort Method: quicksort  Memory: 654kB
                                             ->  Gather  (cost=7421.33..58570.09 rows=363 width=134) (actual time=76.768..498.288 rows=3966 loops=1)
                                                   Workers Planned: 2
                                                   Workers Launched: 2
                                                   ->  Hash Join  (cost=6421.33..57533.79 rows=151 width=134) (actual time=90.284..464.822 rows=1322 loops=3)
                                                         Hash Cond: (mc.company_type_id = ct.id)
                                                         ->  Parallel Hash Join  (cost=6420.26..57529.46 rows=605 width=138) (actual time=90.091..464.196 rows=1361 loops=3)
                                                               Hash Cond: (mc.company_id = cn.id)
                                                               ->  Merge Join  (cost=694.11..51794.52 rows=3349 width=123) (actual time=13.066..413.992 rows=3944 loops=3)
                                                                     Merge Cond: (ml.movie_id = mc.movie_id)
                                                                     ->  Merge Join  (cost=693.68..46534.00 rows=1310 width=111) (actual time=12.867..374.794 rows=1247 loops=3)
                                                                           Merge Cond: (ml.movie_id = t.id)
                                                                           ->  Merge Join  (cost=651.07..37496.27 rows=1747 width=90) (actual time=10.667..162.652 rows=1288 loops=3)
                                                                                 Merge Cond: (mi.movie_id = ml.movie_id)
                                                                                 ->  Parallel Index Scan using movie_id_movie_info on movie_info mi  (cost=0.43..1010698.11 rows=372351 width=4) (actual time=0.179..150.873 rows=11321 loops=3)
                                                                                       Filter: ((info)::text = ANY ('{Sweden,Norway,Germany,Denmark,Swedish,Denish,Norwegian,German,English}'::text[]))
                                                                                       Rows Removed by Filter: 160210
                                                                                 ->  Sort  (cost=650.63..654.80 rows=1666 width=86) (actual time=9.458..9.715 rows=2954 loops=3)
                                                                                       Sort Key: ml.movie_id
                                                                                       Sort Method: quicksort  Memory: 205kB
                                                                                       Worker 0:  Sort Method: quicksort  Memory: 205kB
                                                                                       Worker 1:  Sort Method: quicksort  Memory: 205kB
                                                                                       ->  Hash Join  (cost=1.24..561.48 rows=1666 width=86) (actual time=0.123..8.231 rows=2315 loops=3)
                                                                                             Hash Cond: (ml.link_type_id = lt.id)
                                                                                             ->  Seq Scan on movie_link ml  (cost=0.00..462.97 rows=29997 width=8) (actual time=0.024..4.002 rows=29997 loops=3)
                                                                                             ->  Hash  (cost=1.23..1.23 rows=1 width=86) (actual time=0.036..0.037 rows=2 loops=3)
                                                                                                   Buckets: 1024  Batches: 1  Memory Usage: 9kB
                                                                                                   ->  Seq Scan on link_type lt  (cost=0.00..1.23 rows=1 width=86) (actual time=0.020..0.025 rows=2 loops=3)
                                                                                                         Filter: ((link)::text ~~ '%follow%'::text)
                                                                                                         Rows Removed by Filter: 16
                                                                           ->  Index Scan using title_pkey on title t  (cost=0.43..114723.73 rows=1895923 width=21) (actual time=0.025..201.112 rows=133832 loops=3)
                                                                                 Filter: ((production_year >= 1950) AND (production_year <= 2010))
                                                                                 Rows Removed by Filter: 37636
                                                                     ->  Index Scan using movie_id_movie_companies on movie_companies mc  (cost=0.43..131550.35 rows=1273429 width=12) (actual time=0.023..34.712 rows=47709 loops=3)
                                                                           Filter: (note IS NULL)
                                                                           Rows Removed by Filter: 47261
                                                               ->  Parallel Hash  (cost=5414.09..5414.09 rows=24965 width=23) (actual time=48.059..48.059 rows=16101 loops=3)
                                                                     Buckets: 65536  Batches: 1  Memory Usage: 3296kB
                                                                     ->  Parallel Seq Scan on company_name cn  (cost=0.00..5414.09 rows=24965 width=23) (actual time=0.028..37.948 rows=16101 loops=3)
                                                                           Filter: (((country_code)::text <> '[pl]'::text) AND (((name)::text ~~ '%Film%'::text) OR ((name)::text ~~ '%Warner%'::text)))
                                                                           Rows Removed by Filter: 62232
                                                         ->  Hash  (cost=1.05..1.05 rows=1 width=4) (actual time=0.066..0.066 rows=1 loops=3)
                                                               Buckets: 1024  Batches: 1  Memory Usage: 9kB
                                                               ->  Seq Scan on company_type ct  (cost=0.00..1.05 rows=1 width=4) (actual time=0.039..0.040 rows=1 loops=3)
                                                                     Filter: ((kind)::text = 'production companies'::text)
                                                                     Rows Removed by Filter: 3
                                 ->  Hash  (cost=1.05..1.05 rows=1 width=4) (actual time=0.022..0.023 rows=2 loops=1)
                                       Buckets: 1024  Batches: 1  Memory Usage: 9kB
                                       ->  Seq Scan on comp_cast_type cct2  (cost=0.00..1.05 rows=1 width=4) (actual time=0.010..0.012 rows=2 loops=1)
                                             Filter: ((kind)::text ~~ 'complete%'::text)
                                             Rows Removed by Filter: 2
                           ->  Hash  (cost=1.05..1.05 rows=1 width=4) (actual time=0.026..0.026 rows=1 loops=1)
                                 Buckets: 1024  Batches: 1  Memory Usage: 9kB
                                 ->  Seq Scan on comp_cast_type cct1  (cost=0.00..1.05 rows=1 width=4) (actual time=0.013..0.014 rows=1 loops=1)
                                       Filter: ((kind)::text = 'cast'::text)
                                       Rows Removed by Filter: 3
         ->  Hash  (cost=2626.12..2626.12 rows=1 width=4) (actual time=21.572..21.572 rows=1 loops=1)
               Buckets: 1024  Batches: 1  Memory Usage: 9kB
               ->  Seq Scan on keyword k  (cost=0.00..2626.12 rows=1 width=4) (actual time=1.236..21.560 rows=1 loops=1)
                     Filter: ((keyword)::text = 'sequel'::text)
                     Rows Removed by Filter: 134169
 Planning Time: 85.058 ms
 Execution Time: 559.075 ms
(81 rows)

execute /home/pei/Project/benchmarks/imdb_job-postgres/skinner_explained/28a.sql_explained.sql
SET
SET
                                                                                                                         QUERY PLAN                                                                                                                          
-------------------------------------------------------------------------------------------------------------------------------------------------------------------------------------------------------------------------------------------------------------
 Aggregate  (cost=468295.89..468295.90 rows=1 width=96) (actual time=4051.601..4051.601 rows=1 loops=1)
   ->  Hash Join  (cost=451069.27..468295.88 rows=1 width=41) (actual time=3858.069..4049.610 rows=4803 loops=1)
         Hash Cond: (mi_idx.info_type_id = it2.id)
         ->  Gather  (cost=451066.84..468293.45 rows=1 width=45) (actual time=3857.937..4054.854 rows=15325 loops=1)
               Workers Planned: 2
               Workers Launched: 2
               ->  Parallel Hash Join  (cost=450066.84..467293.35 rows=1 width=45) (actual time=3844.122..4037.248 rows=5108 loops=3)
                     Hash Cond: (mi_idx.movie_id = t.id)
                     ->  Parallel Seq Scan on movie_info_idx mi_idx  (cost=0.00..15122.68 rows=561018 width=13) (actual time=0.067..159.454 rows=447629 loops=3)
                           Filter: ((info)::text < '8.5'::text)
                           Rows Removed by Filter: 12383
                     ->  Parallel Hash  (cost=450066.83..450066.83 rows=1 width=56) (actual time=3828.538..3828.538 rows=1704 loops=3)
                           Buckets: 8192 (originally 1024)  Batches: 1 (originally 1)  Memory Usage: 664kB
                           ->  Hash Join  (cost=147280.54..450066.83 rows=1 width=56) (actual time=3343.160..3813.962 rows=1704 loops=3)
                                 Hash Cond: (cc.status_id = cct2.id)
                                 ->  Hash Join  (cost=147279.45..450065.74 rows=1 width=60) (actual time=3343.056..3813.342 rows=2155 loops=3)
                                       Hash Cond: (cc.subject_id = cct1.id)
                                       ->  Hash Join  (cost=147278.39..450064.67 rows=1 width=64) (actual time=3318.943..3811.474 rows=13930 loops=3)
                                             Hash Cond: (t.id = cc.movie_id)
                                             ->  Hash Join  (cost=142847.96..444972.22 rows=1 width=52) (actual time=3235.738..3709.440 rows=15212 loops=3)
                                                   Hash Cond: (mi.info_type_id = it1.id)
                                                   ->  Parallel Hash Join  (cost=142845.53..444969.79 rows=1 width=56) (actual time=1383.388..3705.111 rows=17574 loops=3)
                                                         Hash Cond: (mi.movie_id = t.id)
                                                         ->  Parallel Seq Scan on movie_info mi  (cost=0.00..301068.88 rows=281434 width=8) (actual time=1.065..2280.588 rows=238737 loops=3)
                                                               Filter: ((info)::text = ANY ('{Sweden,Norway,Germany,Denmark,Swedish,Danish,Norwegian,German,USA,American}'::text[]))
                                                               Rows Removed by Filter: 4706503
                                                         ->  Parallel Hash  (cost=142845.52..142845.52 rows=1 width=48) (actual time=1376.210..1376.210 rows=16473 loops=3)
                                                               Buckets: 65536 (originally 1024)  Batches: 1 (originally 1)  Memory Usage: 5144kB
                                                               ->  Parallel Hash Join  (cost=137845.48..142845.52 rows=1 width=48) (actual time=1308.568..1356.563 rows=16473 loops=3)
                                                                     Hash Cond: (cn.id = mc.company_id)
                                                                     ->  Parallel Seq Scan on company_name cn  (cost=0.00..4722.92 rows=73895 width=23) (actual time=0.051..33.363 rows=42077 loops=3)
                                                                           Filter: ((country_code)::text <> '[us]'::text)
                                                                           Rows Removed by Filter: 36256
                                                                     ->  Parallel Hash  (cost=137845.47..137845.47 rows=1 width=33) (actual time=1308.400..1308.400 rows=17485 loops=3)
                                                                           Buckets: 65536 (originally 1024)  Batches: 1 (originally 1)  Memory Usage: 4472kB
                                                                           ->  Hash Join  (cost=102542.40..137845.47 rows=1 width=33) (actual time=981.215..1279.357 rows=17485 loops=3)
                                                                                 Hash Cond: (mc.company_type_id = ct.id)
                                                                                 ->  Parallel Hash Join  (cost=102541.31..137844.38 rows=1 width=37) (actual time=981.115..1274.716 rows=17485 loops=3)
                                                                                       Hash Cond: (mc.movie_id = t.id)
                                                                                       ->  Parallel Seq Scan on movie_companies mc  (cost=0.00..35097.06 rows=54933 width=12) (actual time=0.017..276.396 rows=101090 loops=3)
                                                                                             Filter: (((note)::text !~~ '%(USA)%'::text) AND ((note)::text ~~ '%(200%)%'::text))
                                                                                             Rows Removed by Filter: 768619
                                                                                       ->  Parallel Hash  (cost=102541.20..102541.20 rows=9 width=25) (actual time=979.420..979.420 rows=3895 loops=3)
                                                                                             Buckets: 16384 (originally 1024)  Batches: 1 (originally 1)  Memory Usage: 984kB
                                                                                             ->  Hash Join  (cost=51215.33..102541.20 rows=9 width=25) (actual time=585.320..932.100 rows=3895 loops=3)
                                                                                                   Hash Cond: (t.kind_id = kt.id)
                                                                                                   ->  Parallel Hash Join  (cost=51214.21..102539.96 rows=31 width=29) (actual time=584.444..930.105 rows=4924 loops=3)
                                                                                                         Hash Cond: (t.id = mk.movie_id)
                                                                                                         ->  Parallel Seq Scan on title t  (cost=0.00..49166.29 rows=575821 width=25) (actual time=0.026..280.795 rows=460484 loops=3)
                                                                                                               Filter: (production_year > 2000)
                                                                                                               Rows Removed by Filter: 382286
                                                                                                         ->  Parallel Hash  (cost=51213.51..51213.51 rows=56 width=4) (actual time=583.625..583.626 rows=12364 loops=3)
                                                                                                               Buckets: 65536 (originally 1024)  Batches: 1 (originally 1)  Memory Usage: 2488kB
                                                                                                               ->  Hash Join  (cost=2961.60..51213.51 rows=56 width=4) (actual time=46.950..490.442 rows=12364 loops=3)
                                                                                                                     Hash Cond: (mk.keyword_id = k.id)
                                                                                                                     ->  Parallel Seq Scan on movie_keyword mk  (cost=0.00..43303.71 rows=1884971 width=8) (actual time=0.024..255.914 rows=1507977 loops=3)
                                                                                                                     ->  Hash  (cost=2961.55..2961.55 rows=4 width=4) (actual time=46.692..46.692 rows=3 loops=3)
                                                                                                                           Buckets: 1024  Batches: 1  Memory Usage: 9kB
                                                                                                                           ->  Seq Scan on keyword k  (cost=0.00..2961.55 rows=4 width=4) (actual time=1.739..46.671 rows=3 loops=3)
                                                                                                                                 Filter: ((keyword)::text = ANY ('{murder,murder-in-title,blood,violence}'::text[]))
                                                                                                                                 Rows Removed by Filter: 134167
                                                                                                   ->  Hash  (cost=1.09..1.09 rows=2 width=4) (actual time=0.093..0.093 rows=2 loops=3)
                                                                                                         Buckets: 1024  Batches: 1  Memory Usage: 9kB
                                                                                                         ->  Seq Scan on kind_type kt  (cost=0.00..1.09 rows=2 width=4) (actual time=0.077..0.080 rows=2 loops=3)
                                                                                                               Filter: ((kind)::text = ANY ('{movie,episode}'::text[]))
                                                                                                               Rows Removed by Filter: 5
                                                                                 ->  Hash  (cost=1.04..1.04 rows=4 width=4) (actual time=0.046..0.046 rows=4 loops=3)
                                                                                       Buckets: 1024  Batches: 1  Memory Usage: 9kB
                                                                                       ->  Seq Scan on company_type ct  (cost=0.00..1.04 rows=4 width=4) (actual time=0.029..0.030 rows=4 loops=3)
                                                   ->  Hash  (cost=2.41..2.41 rows=1 width=4) (actual time=0.078..0.078 rows=1 loops=3)
                                                         Buckets: 1024  Batches: 1  Memory Usage: 9kB
                                                         ->  Seq Scan on info_type it1  (cost=0.00..2.41 rows=1 width=4) (actual time=0.053..0.065 rows=1 loops=3)
                                                               Filter: ((info)::text = 'countries'::text)
                                                               Rows Removed by Filter: 112
                                             ->  Hash  (cost=2081.86..2081.86 rows=135086 width=12) (actual time=72.164..72.164 rows=135086 loops=3)
                                                   Buckets: 131072  Batches: 4  Memory Usage: 2471kB
                                                   ->  Seq Scan on complete_cast cc  (cost=0.00..2081.86 rows=135086 width=12) (actual time=0.023..30.076 rows=135086 loops=3)
                                       ->  Hash  (cost=1.05..1.05 rows=1 width=4) (actual time=0.028..0.028 rows=1 loops=3)
                                             Buckets: 1024  Batches: 1  Memory Usage: 9kB
                                             ->  Seq Scan on comp_cast_type cct1  (cost=0.00..1.05 rows=1 width=4) (actual time=0.015..0.017 rows=1 loops=3)
                                                   Filter: ((kind)::text = 'crew'::text)
                                                   Rows Removed by Filter: 3
                                 ->  Hash  (cost=1.05..1.05 rows=3 width=4) (actual time=0.057..0.057 rows=3 loops=3)
                                       Buckets: 1024  Batches: 1  Memory Usage: 9kB
                                       ->  Seq Scan on comp_cast_type cct2  (cost=0.00..1.05 rows=3 width=4) (actual time=0.031..0.033 rows=3 loops=3)
                                             Filter: ((kind)::text <> 'complete+verified'::text)
                                             Rows Removed by Filter: 1
         ->  Hash  (cost=2.41..2.41 rows=1 width=4) (actual time=0.052..0.052 rows=1 loops=1)
               Buckets: 1024  Batches: 1  Memory Usage: 9kB
               ->  Seq Scan on info_type it2  (cost=0.00..2.41 rows=1 width=4) (actual time=0.023..0.026 rows=1 loops=1)
                     Filter: ((info)::text = 'rating'::text)
                     Rows Removed by Filter: 112
 Planning Time: 109.646 ms
 Execution Time: 4060.579 ms
(94 rows)

execute /home/pei/Project/benchmarks/imdb_job-postgres/skinner_explained/28b.sql_explained.sql
SET
SET
                                                                                                                         QUERY PLAN                                                                                                                          
-------------------------------------------------------------------------------------------------------------------------------------------------------------------------------------------------------------------------------------------------------------
 Aggregate  (cost=418889.66..418889.67 rows=1 width=96) (actual time=3099.946..3099.947 rows=1 loops=1)
   ->  Hash Join  (cost=403298.67..418889.65 rows=1 width=41) (actual time=2964.775..3099.856 rows=148 loops=1)
         Hash Cond: (mi_idx.info_type_id = it2.id)
         ->  Gather  (cost=403296.25..418887.22 rows=1 width=45) (actual time=2964.658..3106.458 rows=224 loops=1)
               Workers Planned: 2
               Workers Launched: 2
               ->  Parallel Hash Join  (cost=402296.25..417887.12 rows=1 width=45) (actual time=2997.710..3091.345 rows=75 loops=3)
                     Hash Cond: (mi_idx.movie_id = t.id)
                     ->  Parallel Seq Scan on movie_info_idx mi_idx  (cost=0.00..15122.68 rows=124848 width=13) (actual time=0.050..138.274 rows=99992 loops=3)
                           Filter: ((info)::text > '6.5'::text)
                           Rows Removed by Filter: 360020
                     ->  Parallel Hash  (cost=402296.24..402296.24 rows=1 width=56) (actual time=2941.136..2941.136 rows=70 loops=3)
                           Buckets: 1024  Batches: 1  Memory Usage: 104kB
                           ->  Hash Join  (cost=350869.64..402296.24 rows=1 width=56) (actual time=2926.157..2940.716 rows=70 loops=3)
                                 Hash Cond: (cc.subject_id = cct1.id)
                                 ->  Hash Join  (cost=350868.57..402295.17 rows=1 width=60) (actual time=2839.526..2940.537 rows=544 loops=3)
                                       Hash Cond: (cc.status_id = cct2.id)
                                       ->  Hash Join  (cost=350867.49..402294.08 rows=1 width=64) (actual time=2839.449..2940.256 rows=1108 loops=3)
                                             Hash Cond: (t.id = cc.movie_id)
                                             ->  Hash Join  (cost=346437.05..397201.63 rows=1 width=52) (actual time=2593.491..2843.796 rows=1608 loops=3)
                                                   Hash Cond: (t.kind_id = kt.id)
                                                   ->  Parallel Hash Join  (cost=346435.94..397200.52 rows=1 width=56) (actual time=2544.459..2843.199 rows=1675 loops=3)
                                                         Hash Cond: (t.id = mi.movie_id)
                                                         ->  Parallel Seq Scan on title t  (cost=0.00..49166.29 rows=426207 width=25) (actual time=0.009..259.692 rows=337640 loops=3)
                                                               Filter: (production_year > 2005)
                                                               Rows Removed by Filter: 505131
                                                         ->  Parallel Hash  (cost=346435.93..346435.93 rows=1 width=31) (actual time=2540.158..2540.158 rows=4086 loops=3)
                                                               Buckets: 16384 (originally 1024)  Batches: 1 (originally 1)  Memory Usage: 1112kB
                                                               ->  Parallel Hash Join  (cost=341435.89..346435.93 rows=1 width=31) (actual time=2512.494..2535.885 rows=4086 loops=3)
                                                                     Hash Cond: (cn.id = mc.company_id)
                                                                     ->  Parallel Seq Scan on company_name cn  (cost=0.00..4722.92 rows=73895 width=23) (actual time=0.008..17.470 rows=42077 loops=3)
                                                                           Filter: ((country_code)::text <> '[us]'::text)
                                                                           Rows Removed by Filter: 36256
                                                                     ->  Parallel Hash  (cost=341435.88..341435.88 rows=1 width=16) (actual time=2512.342..2512.342 rows=4250 loops=3)
                                                                           Buckets: 16384 (originally 1024)  Batches: 1 (originally 1)  Memory Usage: 888kB
                                                                           ->  Hash Join  (cost=306132.81..341435.88 rows=1 width=16) (actual time=2206.659..2485.551 rows=4250 loops=3)
                                                                                 Hash Cond: (mc.company_type_id = ct.id)
                                                                                 ->  Parallel Hash Join  (cost=306131.72..341434.79 rows=1 width=20) (actual time=2206.554..2484.385 rows=4250 loops=3)
                                                                                       Hash Cond: (mc.movie_id = mi.movie_id)
                                                                                       ->  Parallel Seq Scan on movie_companies mc  (cost=0.00..35097.06 rows=54933 width=12) (actual time=0.031..266.658 rows=101090 loops=3)
                                                                                             Filter: (((note)::text !~~ '%(USA)%'::text) AND ((note)::text ~~ '%(200%)%'::text))
                                                                                             Rows Removed by Filter: 768619
                                                                                       ->  Parallel Hash  (cost=306131.71..306131.71 rows=1 width=8) (actual time=2202.454..2202.454 rows=653 loops=3)
                                                                                             Buckets: 1024  Batches: 1  Memory Usage: 104kB
                                                                                             ->  Hash Join  (cost=51216.64..306131.71 rows=1 width=8) (actual time=1905.830..2201.907 rows=653 loops=3)
                                                                                                   Hash Cond: (mi.info_type_id = it1.id)
                                                                                                   ->  Parallel Hash Join  (cost=51214.21..306129.23 rows=21 width=12) (actual time=566.935..2201.352 rows=1510 loops=3)
                                                                                                         Hash Cond: (mi.movie_id = mk.movie_id)
                                                                                                         ->  Parallel Seq Scan on movie_info mi  (cost=0.00..254707.25 rows=55380 width=8) (actual time=0.749..1624.394 rows=44746 loops=3)
                                                                                                               Filter: ((info)::text = ANY ('{Sweden,Germany,Swedish,German}'::text[]))
                                                                                                               Rows Removed by Filter: 4900494
                                                                                                         ->  Parallel Hash  (cost=51213.51..51213.51 rows=56 width=4) (actual time=564.676..564.676 rows=12364 loops=3)
                                                                                                               Buckets: 65536 (originally 1024)  Batches: 1 (originally 1)  Memory Usage: 2488kB
                                                                                                               ->  Hash Join  (cost=2961.60..51213.51 rows=56 width=4) (actual time=33.012..472.149 rows=12364 loops=3)
                                                                                                                     Hash Cond: (mk.keyword_id = k.id)
                                                                                                                     ->  Parallel Seq Scan on movie_keyword mk  (cost=0.00..43303.71 rows=1884971 width=8) (actual time=0.024..252.246 rows=1507977 loops=3)
                                                                                                                     ->  Hash  (cost=2961.55..2961.55 rows=4 width=4) (actual time=32.719..32.719 rows=3 loops=3)
                                                                                                                           Buckets: 1024  Batches: 1  Memory Usage: 9kB
                                                                                                                           ->  Seq Scan on keyword k  (cost=0.00..2961.55 rows=4 width=4) (actual time=1.555..32.701 rows=3 loops=3)
                                                                                                                                 Filter: ((keyword)::text = ANY ('{murder,murder-in-title,blood,violence}'::text[]))
                                                                                                                                 Rows Removed by Filter: 134167
                                                                                                   ->  Hash  (cost=2.41..2.41 rows=1 width=4) (actual time=0.052..0.052 rows=1 loops=3)
                                                                                                         Buckets: 1024  Batches: 1  Memory Usage: 9kB
                                                                                                         ->  Seq Scan on info_type it1  (cost=0.00..2.41 rows=1 width=4) (actual time=0.030..0.042 rows=1 loops=3)
                                                                                                               Filter: ((info)::text = 'countries'::text)
                                                                                                               Rows Removed by Filter: 112
                                                                                 ->  Hash  (cost=1.04..1.04 rows=4 width=4) (actual time=0.048..0.048 rows=4 loops=3)
                                                                                       Buckets: 1024  Batches: 1  Memory Usage: 9kB
                                                                                       ->  Seq Scan on company_type ct  (cost=0.00..1.04 rows=4 width=4) (actual time=0.030..0.031 rows=4 loops=3)
                                                   ->  Hash  (cost=1.09..1.09 rows=2 width=4) (actual time=0.090..0.090 rows=2 loops=3)
                                                         Buckets: 1024  Batches: 1  Memory Usage: 9kB
                                                         ->  Seq Scan on kind_type kt  (cost=0.00..1.09 rows=2 width=4) (actual time=0.074..0.076 rows=2 loops=3)
                                                               Filter: ((kind)::text = ANY ('{movie,episode}'::text[]))
                                                               Rows Removed by Filter: 5
                                             ->  Hash  (cost=2081.86..2081.86 rows=135086 width=12) (actual time=78.027..78.027 rows=135086 loops=3)
                                                   Buckets: 131072  Batches: 4  Memory Usage: 2471kB
                                                   ->  Seq Scan on complete_cast cc  (cost=0.00..2081.86 rows=135086 width=12) (actual time=0.023..27.076 rows=135086 loops=3)
                                       ->  Hash  (cost=1.05..1.05 rows=3 width=4) (actual time=0.023..0.023 rows=3 loops=3)
                                             Buckets: 1024  Batches: 1  Memory Usage: 9kB
                                             ->  Seq Scan on comp_cast_type cct2  (cost=0.00..1.05 rows=3 width=4) (actual time=0.008..0.010 rows=3 loops=3)
                                                   Filter: ((kind)::text <> 'complete+verified'::text)
                                                   Rows Removed by Filter: 1
                                 ->  Hash  (cost=1.05..1.05 rows=1 width=4) (actual time=0.059..0.059 rows=1 loops=3)
                                       Buckets: 1024  Batches: 1  Memory Usage: 9kB
                                       ->  Seq Scan on comp_cast_type cct1  (cost=0.00..1.05 rows=1 width=4) (actual time=0.036..0.038 rows=1 loops=3)
                                             Filter: ((kind)::text = 'crew'::text)
                                             Rows Removed by Filter: 3
         ->  Hash  (cost=2.41..2.41 rows=1 width=4) (actual time=0.044..0.044 rows=1 loops=1)
               Buckets: 1024  Batches: 1  Memory Usage: 9kB
               ->  Seq Scan on info_type it2  (cost=0.00..2.41 rows=1 width=4) (actual time=0.023..0.026 rows=1 loops=1)
                     Filter: ((info)::text = 'rating'::text)
                     Rows Removed by Filter: 112
 Planning Time: 110.784 ms
 Execution Time: 3107.772 ms
(94 rows)

execute /home/pei/Project/benchmarks/imdb_job-postgres/skinner_explained/28c.sql_explained.sql
SET
SET
                                                                                                                         QUERY PLAN                                                                                                                          
-------------------------------------------------------------------------------------------------------------------------------------------------------------------------------------------------------------------------------------------------------------
 Aggregate  (cost=467734.71..467734.72 rows=1 width=96) (actual time=4038.285..4038.285 rows=1 loops=1)
   ->  Hash Join  (cost=449846.07..467734.70 rows=1 width=41) (actual time=3800.828..4034.671 rows=8373 loops=1)
         Hash Cond: (cc.status_id = cct2.id)
         ->  Hash Join  (cost=449845.01..467733.64 rows=1 width=45) (actual time=3800.712..4031.751 rows=15126 loops=1)
               Hash Cond: (cc.subject_id = cct1.id)
               ->  Hash Join  (cost=449843.95..467732.57 rows=1 width=49) (actual time=3800.612..4027.633 rows=16719 loops=1)
                     Hash Cond: (t.id = cc.movie_id)
                     ->  Hash Join  (cost=445413.51..462640.12 rows=1 width=61) (actual time=3701.080..3923.556 rows=21489 loops=1)
                           Hash Cond: (mi_idx.info_type_id = it2.id)
                           ->  Gather  (cost=445411.09..462637.70 rows=1 width=65) (actual time=3700.945..3912.159 rows=64628 loops=1)
                                 Workers Planned: 2
                                 Workers Launched: 2
                                 ->  Parallel Hash Join  (cost=444411.09..461637.60 rows=1 width=65) (actual time=3694.897..3899.482 rows=21543 loops=3)
                                       Hash Cond: (mi_idx.movie_id = t.id)
                                       ->  Parallel Seq Scan on movie_info_idx mi_idx  (cost=0.00..15122.68 rows=561018 width=13) (actual time=1.121..160.059 rows=447629 loops=3)
                                             Filter: ((info)::text < '8.5'::text)
                                             Rows Removed by Filter: 12383
                                       ->  Parallel Hash  (cost=444411.07..444411.07 rows=1 width=52) (actual time=3683.109..3683.109 rows=7276 loops=3)
                                             Buckets: 32768 (originally 1024)  Batches: 1 (originally 1)  Memory Usage: 2456kB
                                             ->  Hash Join  (cost=142286.81..444411.07 rows=1 width=52) (actual time=3196.189..3661.247 rows=7276 loops=3)
                                                   Hash Cond: (mi.info_type_id = it1.id)
                                                   ->  Parallel Hash Join  (cost=142284.38..444408.65 rows=1 width=56) (actual time=1329.949..3659.075 rows=8340 loops=3)
                                                         Hash Cond: (mi.movie_id = t.id)
                                                         ->  Parallel Seq Scan on movie_info mi  (cost=0.00..301068.88 rows=281434 width=8) (actual time=1.013..2312.159 rows=238737 loops=3)
                                                               Filter: ((info)::text = ANY ('{Sweden,Norway,Germany,Denmark,Swedish,Danish,Norwegian,German,USA,American}'::text[]))
                                                               Rows Removed by Filter: 4706503
                                                         ->  Parallel Hash  (cost=142284.37..142284.37 rows=1 width=48) (actual time=1309.858..1309.858 rows=7967 loops=3)
                                                               Buckets: 32768 (originally 1024)  Batches: 1 (originally 1)  Memory Usage: 2552kB
                                                               ->  Hash Join  (cost=137284.33..142284.37 rows=1 width=48) (actual time=1267.246..1300.359 rows=7967 loops=3)
                                                                     Hash Cond: (mc.company_type_id = ct.id)
                                                                     ->  Parallel Hash Join  (cost=137283.24..142283.28 rows=1 width=52) (actual time=1267.137..1298.267 rows=7967 loops=3)
                                                                           Hash Cond: (cn.id = mc.company_id)
                                                                           ->  Parallel Seq Scan on company_name cn  (cost=0.00..4722.92 rows=73895 width=23) (actual time=0.019..21.810 rows=42077 loops=3)
                                                                                 Filter: ((country_code)::text <> '[us]'::text)
                                                                                 Rows Removed by Filter: 36256
                                                                           ->  Parallel Hash  (cost=137283.23..137283.23 rows=1 width=37) (actual time=1267.009..1267.009 rows=8618 loops=3)
                                                                                 Buckets: 32768 (originally 1024)  Batches: 1 (originally 1)  Memory Usage: 2360kB
                                                                                 ->  Parallel Hash Join  (cost=101980.16..137283.23 rows=1 width=37) (actual time=955.294..1239.737 rows=8618 loops=3)
                                                                                       Hash Cond: (mc.movie_id = t.id)
                                                                                       ->  Parallel Seq Scan on movie_companies mc  (cost=0.00..35097.06 rows=54933 width=12) (actual time=0.047..273.694 rows=101090 loops=3)
                                                                                             Filter: (((note)::text !~~ '%(USA)%'::text) AND ((note)::text ~~ '%(200%)%'::text))
                                                                                             Rows Removed by Filter: 768619
                                                                                       ->  Parallel Hash  (cost=101980.08..101980.08 rows=7 width=25) (actual time=949.551..949.552 rows=2691 loops=3)
                                                                                             Buckets: 8192 (originally 1024)  Batches: 1 (originally 1)  Memory Usage: 632kB
                                                                                             ->  Hash Join  (cost=51215.33..101980.08 rows=7 width=25) (actual time=577.177..904.045 rows=2691 loops=3)
                                                                                                   Hash Cond: (t.kind_id = kt.id)
                                                                                                   ->  Parallel Hash Join  (cost=51214.21..101978.87 rows=23 width=29) (actual time=576.708..902.586 rows=3246 loops=3)
                                                                                                         Hash Cond: (t.id = mk.movie_id)
                                                                                                         ->  Parallel Seq Scan on title t  (cost=0.00..49166.29 rows=426207 width=25) (actual time=0.021..271.618 rows=337640 loops=3)
                                                                                                               Filter: (production_year > 2005)
                                                                                                               Rows Removed by Filter: 505131
                                                                                                         ->  Parallel Hash  (cost=51213.51..51213.51 rows=56 width=4) (actual time=575.735..575.735 rows=12364 loops=3)
                                                                                                               Buckets: 65536 (originally 1024)  Batches: 1 (originally 1)  Memory Usage: 2488kB
                                                                                                               ->  Hash Join  (cost=2961.60..51213.51 rows=56 width=4) (actual time=33.260..473.031 rows=12364 loops=3)
                                                                                                                     Hash Cond: (mk.keyword_id = k.id)
                                                                                                                     ->  Parallel Seq Scan on movie_keyword mk  (cost=0.00..43303.71 rows=1884971 width=8) (actual time=0.026..253.138 rows=1507977 loops=3)
                                                                                                                     ->  Hash  (cost=2961.55..2961.55 rows=4 width=4) (actual time=32.982..32.983 rows=3 loops=3)
                                                                                                                           Buckets: 1024  Batches: 1  Memory Usage: 9kB
                                                                                                                           ->  Seq Scan on keyword k  (cost=0.00..2961.55 rows=4 width=4) (actual time=1.600..32.967 rows=3 loops=3)
                                                                                                                                 Filter: ((keyword)::text = ANY ('{murder,murder-in-title,blood,violence}'::text[]))
                                                                                                                                 Rows Removed by Filter: 134167
                                                                                                   ->  Hash  (cost=1.09..1.09 rows=2 width=4) (actual time=0.076..0.076 rows=2 loops=3)
                                                                                                         Buckets: 1024  Batches: 1  Memory Usage: 9kB
                                                                                                         ->  Seq Scan on kind_type kt  (cost=0.00..1.09 rows=2 width=4) (actual time=0.058..0.061 rows=2 loops=3)
                                                                                                               Filter: ((kind)::text = ANY ('{movie,episode}'::text[]))
                                                                                                               Rows Removed by Filter: 5
                                                                     ->  Hash  (cost=1.04..1.04 rows=4 width=4) (actual time=0.051..0.051 rows=4 loops=3)
                                                                           Buckets: 1024  Batches: 1  Memory Usage: 9kB
                                                                           ->  Seq Scan on company_type ct  (cost=0.00..1.04 rows=4 width=4) (actual time=0.036..0.038 rows=4 loops=3)
                                                   ->  Hash  (cost=2.41..2.41 rows=1 width=4) (actual time=0.069..0.069 rows=1 loops=3)
                                                         Buckets: 1024  Batches: 1  Memory Usage: 9kB
                                                         ->  Seq Scan on info_type it1  (cost=0.00..2.41 rows=1 width=4) (actual time=0.040..0.051 rows=1 loops=3)
                                                               Filter: ((info)::text = 'countries'::text)
                                                               Rows Removed by Filter: 112
                           ->  Hash  (cost=2.41..2.41 rows=1 width=4) (actual time=0.050..0.051 rows=1 loops=1)
                                 Buckets: 1024  Batches: 1  Memory Usage: 9kB
                                 ->  Seq Scan on info_type it2  (cost=0.00..2.41 rows=1 width=4) (actual time=0.028..0.030 rows=1 loops=1)
                                       Filter: ((info)::text = 'rating'::text)
                                       Rows Removed by Filter: 112
                     ->  Hash  (cost=2081.86..2081.86 rows=135086 width=12) (actual time=68.970..68.970 rows=135086 loops=1)
                           Buckets: 131072  Batches: 4  Memory Usage: 2471kB
                           ->  Seq Scan on complete_cast cc  (cost=0.00..2081.86 rows=135086 width=12) (actual time=0.023..27.260 rows=135086 loops=1)
               ->  Hash  (cost=1.05..1.05 rows=1 width=4) (actual time=0.029..0.029 rows=1 loops=1)
                     Buckets: 1024  Batches: 1  Memory Usage: 9kB
                     ->  Seq Scan on comp_cast_type cct1  (cost=0.00..1.05 rows=1 width=4) (actual time=0.008..0.010 rows=1 loops=1)
                           Filter: ((kind)::text = 'cast'::text)
                           Rows Removed by Filter: 3
         ->  Hash  (cost=1.05..1.05 rows=1 width=4) (actual time=0.026..0.026 rows=1 loops=1)
               Buckets: 1024  Batches: 1  Memory Usage: 9kB
               ->  Seq Scan on comp_cast_type cct2  (cost=0.00..1.05 rows=1 width=4) (actual time=0.012..0.013 rows=1 loops=1)
                     Filter: ((kind)::text = 'complete'::text)
                     Rows Removed by Filter: 3
 Planning Time: 110.023 ms
 Execution Time: 4041.438 ms
(94 rows)

execute /home/pei/Project/benchmarks/imdb_job-postgres/skinner_explained/29a.sql_explained.sql
SET
SET
                                                                                                                                     QUERY PLAN                                                                                                                                      
-------------------------------------------------------------------------------------------------------------------------------------------------------------------------------------------------------------------------------------------------------------------------------------
 Aggregate  (cost=1085189.97..1085189.98 rows=1 width=96) (actual time=9054.697..9054.697 rows=1 loops=1)
   ->  Hash Join  (cost=1002792.89..1085189.96 rows=1 width=48) (actual time=9051.850..9054.220 rows=1620 loops=1)
         Hash Cond: (cc.subject_id = cct1.id)
         ->  Hash Join  (cost=1002791.82..1085188.89 rows=1 width=52) (actual time=9051.741..9053.708 rows=1620 loops=1)
               Hash Cond: (cc.status_id = cct2.id)
               ->  Hash Join  (cost=1002790.76..1085187.83 rows=1 width=56) (actual time=9051.669..9053.239 rows=1620 loops=1)
                     Hash Cond: (t.id = cc.movie_id)
                     ->  Gather  (cost=998360.33..1080095.38 rows=1 width=68) (actual time=8664.211..8975.252 rows=1620 loops=1)
                           Workers Planned: 2
                           Workers Launched: 2
                           ->  Parallel Hash Join  (cost=997360.33..1079095.28 rows=1 width=68) (actual time=8861.310..8963.773 rows=540 loops=3)
                                 Hash Cond: (n.id = ci.person_id)
                                 ->  Parallel Seq Scan on name n  (cost=0.00..81659.82 rows=20033 width=19) (actual time=221.404..529.204 rows=16670 loops=3)
                                       Filter: (((name)::text ~~ '%An%'::text) AND ((gender)::text = 'f'::text))
                                       Rows Removed by Filter: 1372493
                                 ->  Parallel Hash  (cost=997360.31..997360.31 rows=1 width=65) (actual time=8429.490..8429.490 rows=540 loops=3)
                                       Buckets: 2048 (originally 1024)  Batches: 1 (originally 1)  Memory Usage: 184kB
                                       ->  Hash Join  (cost=980800.35..997360.31 rows=1 width=65) (actual time=8332.390..8403.754 rows=540 loops=3)
                                             Hash Cond: (mk.keyword_id = k.id)
                                             ->  Hash Join  (cost=978174.21..994734.17 rows=1 width=69) (actual time=8310.215..8375.649 rows=58320 loops=3)
                                                   Hash Cond: (ci.role_id = rt.id)
                                                   ->  Parallel Hash Join  (cost=978173.05..994733.01 rows=1 width=73) (actual time=8310.075..8360.942 rows=58320 loops=3)
                                                         Hash Cond: (an.person_id = ci.person_id)
                                                         ->  Parallel Seq Scan on aka_name an  (cost=0.00..15151.60 rows=375560 width=4) (actual time=0.040..75.197 rows=300448 loops=3)
                                                         ->  Parallel Hash  (cost=978173.04..978173.04 rows=1 width=69) (actual time=8223.935..8223.936 rows=19440 loops=3)
                                                               Buckets: 65536 (originally 1024)  Batches: 1 (originally 1)  Memory Usage: 6072kB
                                                               ->  Parallel Hash Join  (cost=911370.37..978173.04 rows=1 width=69) (actual time=6653.740..7170.637 rows=19440 loops=3)
                                                                     Hash Cond: (ci.person_role_id = chn.id)
                                                                     ->  Parallel Hash Join  (cost=858566.42..925369.09 rows=1 width=57) (actual time=6385.043..6887.848 rows=149955 loops=3)
                                                                           Hash Cond: (pi.person_id = ci.person_id)
                                                                           ->  Hash Join  (cost=2.43..66764.11 rows=10928 width=4) (actual time=0.109..448.066 rows=206842 loops=3)
                                                                                 Hash Cond: (pi.info_type_id = it3.id)
                                                                                 ->  Parallel Seq Scan on person_info pi  (cost=0.00..63398.60 rows=1234860 width=8) (actual time=0.043..286.072 rows=987888 loops=3)
                                                                                 ->  Hash  (cost=2.41..2.41 rows=1 width=4) (actual time=0.037..0.037 rows=1 loops=3)
                                                                                       Buckets: 1024  Batches: 1  Memory Usage: 9kB
                                                                                       ->  Seq Scan on info_type it3  (cost=0.00..2.41 rows=1 width=4) (actual time=0.017..0.028 rows=1 loops=3)
                                                                                             Filter: ((info)::text = 'trivia'::text)
                                                                                             Rows Removed by Filter: 112
                                                                           ->  Parallel Hash  (cost=858563.98..858563.98 rows=1 width=53) (actual time=6374.981..6374.982 rows=13941 loops=3)
                                                                                 Buckets: 65536 (originally 1024)  Batches: 1 (originally 1)  Memory Usage: 4344kB
                                                                                 ->  Parallel Hash Join  (cost=396900.01..858563.98 rows=1 width=53) (actual time=2947.989..5840.764 rows=13941 loops=3)
                                                                                       Hash Cond: (ci.movie_id = t.id)
                                                                                       ->  Parallel Seq Scan on cast_info ci  (cost=0.00..460336.89 rows=353886 width=16) (actual time=0.087..2873.021 rows=278900 loops=3)
                                                                                             Filter: ((note)::text = ANY ('{(voice),"(voice) (uncredited)","(voice: English version)"}'::text[]))
                                                                                             Rows Removed by Filter: 11802548
                                                                                       ->  Parallel Hash  (cost=396900.00..396900.00 rows=1 width=37) (actual time=2925.440..2925.440 rows=369 loops=3)
                                                                                             Buckets: 1024  Batches: 1  Memory Usage: 104kB
                                                                                             ->  Parallel Hash Join  (cost=391988.71..396900.00 rows=1 width=37) (actual time=2894.088..2925.153 rows=369 loops=3)
                                                                                                   Hash Cond: (cn.id = mc.company_id)
                                                                                                   ->  Parallel Seq Scan on company_name cn  (cost=0.00..4722.92 rows=50229 width=4) (actual time=0.042..30.742 rows=28281 loops=3)
                                                                                                         Filter: ((country_code)::text = '[us]'::text)
                                                                                                         Rows Removed by Filter: 50051
                                                                                                   ->  Parallel Hash  (cost=391988.70..391988.70 rows=1 width=41) (actual time=2890.756..2890.756 rows=1603 loops=3)
                                                                                                         Buckets: 8192 (originally 1024)  Batches: 1 (originally 1)  Memory Usage: 472kB
                                                                                                         ->  Parallel Hash Join  (cost=358250.56..391988.70 rows=1 width=41) (actual time=2779.449..2779.822 rows=1603 loops=3)
                                                                                                               Hash Cond: (mc.movie_id = t.id)
                                                                                                               ->  Parallel Seq Scan on movie_companies mc  (cost=0.00..29661.37 rows=1087137 width=8) (actual time=0.027..159.786 rows=869710 loops=3)
                                                                                                               ->  Parallel Hash  (cost=358250.54..358250.54 rows=1 width=33) (actual time=2512.332..2512.332 rows=81 loops=3)
                                                                                                                     Buckets: 1024  Batches: 1  Memory Usage: 40kB
                                                                                                                     ->  Hash Join  (cost=102687.90..358250.54 rows=1 width=33) (actual time=2164.913..2512.227 rows=81 loops=3)
                                                                                                                           Hash Cond: (mi.info_type_id = it.id)
                                                                                                                           ->  Parallel Hash Join  (cost=102685.48..358248.12 rows=1 width=37) (actual time=2164.791..2512.086 rows=81 loops=3)
                                                                                                                                 Hash Cond: (mi.movie_id = t.id)
                                                                                                                                 ->  Parallel Seq Scan on movie_info mi  (cost=0.00..254707.25 rows=228101 width=8) (actual time=182.468..1780.127 rows=150368 loops=3)
                                                                                                                                       Filter: ((info IS NOT NULL) AND (((info)::text ~~ 'Japan:%200%'::text) OR ((info)::text ~~ 'USA:%200%'::text)))
                                                                                                                                       Rows Removed by Filter: 4794872
                                                                                                                                 ->  Parallel Hash  (cost=102685.41..102685.41 rows=5 width=29) (actual time=715.142..715.142 rows=45 loops=3)
                                                                                                                                       Buckets: 1024  Batches: 1  Memory Usage: 40kB
                                                                                                                                       ->  Parallel Hash Join  (cost=54433.65..102685.41 rows=5 width=29) (actual time=678.108..715.044 rows=45 loops=3)
                                                                                                                                             Hash Cond: (mk.movie_id = t.id)
                                                                                                                                             ->  Parallel Seq Scan on movie_keyword mk  (cost=0.00..43303.71 rows=1884971 width=8) (actual time=0.030..261.828 rows=1507977 loops=3)
                                                                                                                                             ->  Parallel Hash  (cost=54433.61..54433.61 rows=3 width=21) (actual time=272.588..272.588 rows=1 loops=3)
                                                                                                                                                   Buckets: 1024  Batches: 1  Memory Usage: 72kB
                                                                                                                                                   ->  Parallel Seq Scan on title t  (cost=0.00..54433.61 rows=3 width=21) (actual time=174.582..272.507 rows=1 loops=3)
                                                                                                                                                         Filter: ((production_year >= 2000) AND (production_year <= 2010) AND ((title)::text = 'Shrek 2'::text))
                                                                                                                                                         Rows Removed by Filter: 842770
                                                                                                                           ->  Hash  (cost=2.41..2.41 rows=1 width=4) (actual time=0.068..0.068 rows=1 loops=3)
                                                                                                                                 Buckets: 1024  Batches: 1  Memory Usage: 9kB
                                                                                                                                 ->  Seq Scan on info_type it  (cost=0.00..2.41 rows=1 width=4) (actual time=0.043..0.054 rows=1 loops=3)
                                                                                                                                       Filter: ((info)::text = 'release dates'::text)
                                                                                                                                       Rows Removed by Filter: 112
                                                                     ->  Parallel Hash  (cost=52803.93..52803.93 rows=1 width=20) (actual time=265.061..265.061 rows=0 loops=3)
                                                                           Buckets: 1024  Batches: 1  Memory Usage: 40kB
                                                                           ->  Parallel Seq Scan on char_name chn  (cost=0.00..52803.93 rows=1 width=20) (actual time=181.628..265.025 rows=0 loops=3)
                                                                                 Filter: ((name)::text = 'Queen'::text)
                                                                                 Rows Removed by Filter: 1046779
                                                   ->  Hash  (cost=1.15..1.15 rows=1 width=4) (actual time=0.079..0.080 rows=1 loops=3)
                                                         Buckets: 1024  Batches: 1  Memory Usage: 9kB
                                                         ->  Seq Scan on role_type rt  (cost=0.00..1.15 rows=1 width=4) (actual time=0.062..0.064 rows=1 loops=3)
                                                               Filter: ((role)::text = 'actress'::text)
                                                               Rows Removed by Filter: 11
                                             ->  Hash  (cost=2626.12..2626.12 rows=1 width=4) (actual time=22.086..22.086 rows=1 loops=3)
                                                   Buckets: 1024  Batches: 1  Memory Usage: 9kB
                                                   ->  Seq Scan on keyword k  (cost=0.00..2626.12 rows=1 width=4) (actual time=0.102..22.060 rows=1 loops=3)
                                                         Filter: ((keyword)::text = 'computer-animation'::text)
                                                         Rows Removed by Filter: 134169
                     ->  Hash  (cost=2081.86..2081.86 rows=135086 width=12) (actual time=68.421..68.421 rows=135086 loops=1)
                           Buckets: 131072  Batches: 4  Memory Usage: 2471kB
                           ->  Seq Scan on complete_cast cc  (cost=0.00..2081.86 rows=135086 width=12) (actual time=0.023..27.116 rows=135086 loops=1)
               ->  Hash  (cost=1.05..1.05 rows=1 width=4) (actual time=0.019..0.019 rows=1 loops=1)
                     Buckets: 1024  Batches: 1  Memory Usage: 9kB
                     ->  Seq Scan on comp_cast_type cct2  (cost=0.00..1.05 rows=1 width=4) (actual time=0.009..0.009 rows=1 loops=1)
                           Filter: ((kind)::text = 'complete+verified'::text)
                           Rows Removed by Filter: 3
         ->  Hash  (cost=1.05..1.05 rows=1 width=4) (actual time=0.025..0.025 rows=1 loops=1)
               Buckets: 1024  Batches: 1  Memory Usage: 9kB
               ->  Seq Scan on comp_cast_type cct1  (cost=0.00..1.05 rows=1 width=4) (actual time=0.013..0.015 rows=1 loops=1)
                     Filter: ((kind)::text = 'cast'::text)
                     Rows Removed by Filter: 3
 Planning Time: 147.048 ms
 Execution Time: 9058.172 ms
(111 rows)

execute /home/pei/Project/benchmarks/imdb_job-postgres/skinner_explained/29b.sql_explained.sql
SET
SET
                                                                                                                                     QUERY PLAN                                                                                                                                      
-------------------------------------------------------------------------------------------------------------------------------------------------------------------------------------------------------------------------------------------------------------------------------------
 Aggregate  (cost=1069734.87..1069734.88 rows=1 width=96) (actual time=7421.313..7421.313 rows=1 loops=1)
   ->  Hash Join  (cost=987337.79..1069734.86 rows=1 width=48) (actual time=7420.567..7421.297 rows=15 loops=1)
         Hash Cond: (cc.subject_id = cct1.id)
         ->  Hash Join  (cost=987336.72..1069733.79 rows=1 width=52) (actual time=7420.445..7421.172 rows=15 loops=1)
               Hash Cond: (cc.status_id = cct2.id)
               ->  Hash Join  (cost=987335.66..1069732.73 rows=1 width=56) (actual time=7420.350..7421.073 rows=15 loops=1)
                     Hash Cond: (t.id = cc.movie_id)
                     ->  Gather  (cost=982905.23..1064640.28 rows=1 width=68) (actual time=7341.726..7343.226 rows=15 loops=1)
                           Workers Planned: 2
                           Workers Launched: 2
                           ->  Parallel Hash Join  (cost=981905.23..1063640.18 rows=1 width=68) (actual time=7228.231..7333.108 rows=5 loops=3)
                                 Hash Cond: (n.id = ci.person_id)
                                 ->  Parallel Seq Scan on name n  (cost=0.00..81659.82 rows=20033 width=19) (actual time=226.683..541.182 rows=16670 loops=3)
                                       Filter: (((name)::text ~~ '%An%'::text) AND ((gender)::text = 'f'::text))
                                       Rows Removed by Filter: 1372493
                                 ->  Parallel Hash  (cost=981905.21..981905.21 rows=1 width=65) (actual time=6788.049..6788.049 rows=5 loops=3)
                                       Buckets: 1024  Batches: 1  Memory Usage: 40kB
                                       ->  Hash Join  (cost=965345.25..981905.21 rows=1 width=65) (actual time=6750.018..6787.961 rows=5 loops=3)
                                             Hash Cond: (mk.keyword_id = k.id)
                                             ->  Hash Join  (cost=962719.11..979279.07 rows=1 width=69) (actual time=6728.139..6766.027 rows=540 loops=3)
                                                   Hash Cond: (ci.role_id = rt.id)
                                                   ->  Parallel Hash Join  (cost=962717.95..979277.91 rows=1 width=73) (actual time=6728.009..6765.763 rows=540 loops=3)
                                                         Hash Cond: (an.person_id = ci.person_id)
                                                         ->  Parallel Seq Scan on aka_name an  (cost=0.00..15151.60 rows=375560 width=4) (actual time=0.040..77.371 rows=300448 loops=3)
                                                         ->  Parallel Hash  (cost=962717.94..962717.94 rows=1 width=69) (actual time=6649.622..6649.622 rows=180 loops=3)
                                                               Buckets: 1024  Batches: 1  Memory Usage: 72kB
                                                               ->  Parallel Hash Join  (cost=895915.27..962717.94 rows=1 width=69) (actual time=6501.564..6649.431 rows=180 loops=3)
                                                                     Hash Cond: (ci.person_role_id = chn.id)
                                                                     ->  Parallel Hash Join  (cost=843111.32..909913.99 rows=1 width=57) (actual time=5961.850..6382.115 rows=2489 loops=3)
                                                                           Hash Cond: (pi.person_id = ci.person_id)
                                                                           ->  Hash Join  (cost=2.43..66764.11 rows=10928 width=4) (actual time=0.114..445.000 rows=47448 loops=3)
                                                                                 Hash Cond: (pi.info_type_id = it3.id)
                                                                                 ->  Parallel Seq Scan on person_info pi  (cost=0.00..63398.60 rows=1234860 width=8) (actual time=0.035..303.795 rows=987888 loops=3)
                                                                                 ->  Hash  (cost=2.41..2.41 rows=1 width=4) (actual time=0.041..0.041 rows=1 loops=3)
                                                                                       Buckets: 1024  Batches: 1  Memory Usage: 9kB
                                                                                       ->  Seq Scan on info_type it3  (cost=0.00..2.41 rows=1 width=4) (actual time=0.018..0.028 rows=1 loops=3)
                                                                                             Filter: ((info)::text = 'height'::text)
                                                                                             Rows Removed by Filter: 112
                                                                           ->  Parallel Hash  (cost=843108.88..843108.88 rows=1 width=53) (actual time=5926.633..5926.633 rows=7101 loops=3)
                                                                                 Buckets: 32768 (originally 1024)  Batches: 1 (originally 1)  Memory Usage: 2232kB
                                                                                 ->  Parallel Hash Join  (cost=381444.91..843108.88 rows=1 width=53) (actual time=2653.570..5391.051 rows=7101 loops=3)
                                                                                       Hash Cond: (ci.movie_id = t.id)
                                                                                       ->  Parallel Seq Scan on cast_info ci  (cost=0.00..460336.89 rows=353886 width=16) (actual time=0.089..2796.600 rows=278900 loops=3)
                                                                                             Filter: ((note)::text = ANY ('{(voice),"(voice) (uncredited)","(voice: English version)"}'::text[]))
                                                                                             Rows Removed by Filter: 11802548
                                                                                       ->  Parallel Hash  (cost=381444.90..381444.90 rows=1 width=37) (actual time=2554.983..2554.983 rows=189 loops=3)
                                                                                             Buckets: 1024  Batches: 1  Memory Usage: 104kB
                                                                                             ->  Parallel Hash Join  (cost=376533.61..381444.90 rows=1 width=37) (actual time=2537.191..2554.805 rows=189 loops=3)
                                                                                                   Hash Cond: (cn.id = mc.company_id)
                                                                                                   ->  Parallel Seq Scan on company_name cn  (cost=0.00..4722.92 rows=50229 width=4) (actual time=0.010..16.963 rows=28281 loops=3)
                                                                                                         Filter: ((country_code)::text = '[us]'::text)
                                                                                                         Rows Removed by Filter: 50051
                                                                                                   ->  Parallel Hash  (cost=376533.60..376533.60 rows=1 width=41) (actual time=2534.779..2534.779 rows=811 loops=3)
                                                                                                         Buckets: 4096 (originally 1024)  Batches: 1 (originally 1)  Memory Usage: 248kB
                                                                                                         ->  Parallel Hash Join  (cost=342795.46..376533.60 rows=1 width=41) (actual time=2427.485..2427.690 rows=811 loops=3)
                                                                                                               Hash Cond: (mc.movie_id = t.id)
                                                                                                               ->  Parallel Seq Scan on movie_companies mc  (cost=0.00..29661.37 rows=1087137 width=8) (actual time=0.237..155.532 rows=869710 loops=3)
                                                                                                               ->  Parallel Hash  (cost=342795.44..342795.44 rows=1 width=33) (actual time=2165.129..2165.130 rows=45 loops=3)
                                                                                                                     Buckets: 1024  Batches: 1  Memory Usage: 40kB
                                                                                                                     ->  Hash Join  (cost=102687.84..342795.44 rows=1 width=33) (actual time=1879.579..2165.036 rows=45 loops=3)
                                                                                                                           Hash Cond: (mi.info_type_id = it.id)
                                                                                                                           ->  Parallel Hash Join  (cost=102685.41..342793.02 rows=1 width=37) (actual time=1879.457..2164.903 rows=45 loops=3)
                                                                                                                                 Hash Cond: (mi.movie_id = t.id)
                                                                                                                                 ->  Parallel Seq Scan on movie_info mi  (cost=0.00..239253.38 rows=227791 width=8) (actual time=146.366..1451.041 rows=129228 loops=3)
                                                                                                                                       Filter: ((info)::text ~~ 'USA:%200%'::text)
                                                                                                                                       Rows Removed by Filter: 4816012
                                                                                                                                 ->  Parallel Hash  (cost=102685.39..102685.39 rows=2 width=29) (actual time=699.076..699.076 rows=45 loops=3)
                                                                                                                                       Buckets: 1024  Batches: 1  Memory Usage: 40kB
                                                                                                                                       ->  Parallel Hash Join  (cost=54433.62..102685.39 rows=2 width=29) (actual time=662.456..698.973 rows=45 loops=3)
                                                                                                                                             Hash Cond: (mk.movie_id = t.id)
                                                                                                                                             ->  Parallel Seq Scan on movie_keyword mk  (cost=0.00..43303.71 rows=1884971 width=8) (actual time=0.028..255.735 rows=1507977 loops=3)
                                                                                                                                             ->  Parallel Hash  (cost=54433.61..54433.61 rows=1 width=21) (actual time=262.312..262.312 rows=1 loops=3)
                                                                                                                                                   Buckets: 1024  Batches: 1  Memory Usage: 72kB
                                                                                                                                                   ->  Parallel Seq Scan on title t  (cost=0.00..54433.61 rows=1 width=21) (actual time=242.454..262.194 rows=1 loops=3)
                                                                                                                                                         Filter: ((production_year >= 2000) AND (production_year <= 2005) AND ((title)::text = 'Shrek 2'::text))
                                                                                                                                                         Rows Removed by Filter: 842770
                                                                                                                           ->  Hash  (cost=2.41..2.41 rows=1 width=4) (actual time=0.064..0.064 rows=1 loops=3)
                                                                                                                                 Buckets: 1024  Batches: 1  Memory Usage: 9kB
                                                                                                                                 ->  Seq Scan on info_type it  (cost=0.00..2.41 rows=1 width=4) (actual time=0.040..0.051 rows=1 loops=3)
                                                                                                                                       Filter: ((info)::text = 'release dates'::text)
                                                                                                                                       Rows Removed by Filter: 112
                                                                     ->  Parallel Hash  (cost=52803.93..52803.93 rows=1 width=20) (actual time=266.970..266.970 rows=0 loops=3)
                                                                           Buckets: 1024  Batches: 1  Memory Usage: 40kB
                                                                           ->  Parallel Seq Scan on char_name chn  (cost=0.00..52803.93 rows=1 width=20) (actual time=183.012..266.928 rows=0 loops=3)
                                                                                 Filter: ((name)::text = 'Queen'::text)
                                                                                 Rows Removed by Filter: 1046779
                                                   ->  Hash  (cost=1.15..1.15 rows=1 width=4) (actual time=0.069..0.069 rows=1 loops=3)
                                                         Buckets: 1024  Batches: 1  Memory Usage: 9kB
                                                         ->  Seq Scan on role_type rt  (cost=0.00..1.15 rows=1 width=4) (actual time=0.051..0.053 rows=1 loops=3)
                                                               Filter: ((role)::text = 'actress'::text)
                                                               Rows Removed by Filter: 11
                                             ->  Hash  (cost=2626.12..2626.12 rows=1 width=4) (actual time=21.828..21.828 rows=1 loops=3)
                                                   Buckets: 1024  Batches: 1  Memory Usage: 9kB
                                                   ->  Seq Scan on keyword k  (cost=0.00..2626.12 rows=1 width=4) (actual time=0.095..21.805 rows=1 loops=3)
                                                         Filter: ((keyword)::text = 'computer-animation'::text)
                                                         Rows Removed by Filter: 134169
                     ->  Hash  (cost=2081.86..2081.86 rows=135086 width=12) (actual time=69.403..69.403 rows=135086 loops=1)
                           Buckets: 131072  Batches: 4  Memory Usage: 2471kB
                           ->  Seq Scan on complete_cast cc  (cost=0.00..2081.86 rows=135086 width=12) (actual time=0.012..27.026 rows=135086 loops=1)
               ->  Hash  (cost=1.05..1.05 rows=1 width=4) (actual time=0.022..0.022 rows=1 loops=1)
                     Buckets: 1024  Batches: 1  Memory Usage: 9kB
                     ->  Seq Scan on comp_cast_type cct2  (cost=0.00..1.05 rows=1 width=4) (actual time=0.009..0.010 rows=1 loops=1)
                           Filter: ((kind)::text = 'complete+verified'::text)
                           Rows Removed by Filter: 3
         ->  Hash  (cost=1.05..1.05 rows=1 width=4) (actual time=0.046..0.046 rows=1 loops=1)
               Buckets: 1024  Batches: 1  Memory Usage: 9kB
               ->  Seq Scan on comp_cast_type cct1  (cost=0.00..1.05 rows=1 width=4) (actual time=0.023..0.024 rows=1 loops=1)
                     Filter: ((kind)::text = 'cast'::text)
                     Rows Removed by Filter: 3
 Planning Time: 147.177 ms
 Execution Time: 7423.996 ms
(111 rows)

execute /home/pei/Project/benchmarks/imdb_job-postgres/skinner_explained/29c.sql_explained.sql
SET
SET
                                                                                                                               QUERY PLAN                                                                                                                                
-------------------------------------------------------------------------------------------------------------------------------------------------------------------------------------------------------------------------------------------------------------------------
 Aggregate  (cost=1104796.41..1104796.42 rows=1 width=96) (actual time=8109.207..8109.207 rows=1 loops=1)
   ->  Hash Join  (cost=849233.65..1104796.40 rows=1 width=48) (actual time=7060.638..8103.842 rows=16308 loops=1)
         Hash Cond: (mi.info_type_id = it.id)
         ->  Hash Join  (cost=849231.22..1104793.97 rows=1 width=52) (actual time=7060.540..8099.842 rows=16308 loops=1)
               Hash Cond: (ci.role_id = rt.id)
               ->  Hash Join  (cost=849230.06..1104792.80 rows=1 width=56) (actual time=7060.466..8095.895 rows=16308 loops=1)
                     Hash Cond: (cc.status_id = cct2.id)
                     ->  Hash Join  (cost=849229.00..1104791.74 rows=1 width=60) (actual time=6967.126..8090.695 rows=28022 loops=1)
                           Hash Cond: (cc.subject_id = cct1.id)
                           ->  Gather  (cost=849227.94..1104790.67 rows=1 width=64) (actual time=6967.053..8088.873 rows=28022 loops=1)
                                 Workers Planned: 2
                                 Workers Launched: 2
                                 ->  Parallel Hash Join  (cost=848227.94..1103790.57 rows=1 width=64) (actual time=6981.886..8030.744 rows=9341 loops=3)
                                       Hash Cond: (mi.movie_id = t.id)
                                       ->  Parallel Seq Scan on movie_info mi  (cost=0.00..254707.25 rows=228101 width=8) (actual time=178.483..1677.637 rows=150368 loops=3)
                                             Filter: ((info IS NOT NULL) AND (((info)::text ~~ 'Japan:%200%'::text) OR ((info)::text ~~ 'USA:%200%'::text)))
                                             Rows Removed by Filter: 4794872
                                       ->  Parallel Hash  (cost=848227.92..848227.92 rows=1 width=80) (actual time=6331.369..6331.369 rows=3288 loops=3)
                                             Buckets: 16384 (originally 1024)  Batches: 1 (originally 1)  Memory Usage: 1304kB
                                             ->  Parallel Hash Join  (cost=793788.39..848227.92 rows=1 width=80) (actual time=5679.878..5967.240 rows=3288 loops=3)
                                                   Hash Cond: (chn.id = ci.person_role_id)
                                                   ->  Parallel Seq Scan on char_name chn  (cost=0.00..49532.75 rows=1308475 width=20) (actual time=0.052..231.710 rows=1046780 loops=3)
                                                   ->  Parallel Hash  (cost=793788.37..793788.37 rows=1 width=68) (actual time=5598.082..5598.082 rows=3428 loops=3)
                                                         Buckets: 16384 (originally 1024)  Batches: 1 (originally 1)  Memory Usage: 1272kB
                                                         ->  Parallel Hash Join  (cost=777228.20..793788.37 rows=1 width=68) (actual time=5373.475..5465.212 rows=3428 loops=3)
                                                               Hash Cond: (n.id = ci.person_id)
                                                               ->  Parallel Hash Join  (cost=148593.14..165153.19 rows=28 width=27) (actual time=1194.673..1307.407 rows=5368 loops=3)
                                                                     Hash Cond: (an.person_id = n.id)
                                                                     ->  Parallel Seq Scan on aka_name an  (cost=0.00..15151.60 rows=375560 width=4) (actual time=0.032..69.560 rows=300448 loops=3)
                                                                     ->  Parallel Hash  (cost=148591.56..148591.56 rows=126 width=23) (actual time=1193.497..1193.497 rows=3355 loops=3)
                                                                           Buckets: 16384 (originally 1024)  Batches: 1 (originally 1)  Memory Usage: 888kB
                                                                           ->  Hash Join  (cost=81912.66..148591.56 rows=126 width=23) (actual time=544.255..1002.076 rows=3355 loops=3)
                                                                                 Hash Cond: (pi.info_type_id = it3.id)
                                                                                 ->  Parallel Hash Join  (cost=81910.23..148550.34 rows=14247 width=27) (actual time=543.700..999.260 rows=15416 loops=3)
                                                                                       Hash Cond: (pi.person_id = n.id)
                                                                                       ->  Parallel Seq Scan on person_info pi  (cost=0.00..63398.60 rows=1234860 width=8) (actual time=0.030..306.867 rows=987888 loops=3)
                                                                                       ->  Parallel Hash  (cost=81659.82..81659.82 rows=20033 width=19) (actual time=542.943..542.944 rows=16670 loops=3)
                                                                                             Buckets: 65536  Batches: 1  Memory Usage: 3296kB
                                                                                             ->  Parallel Seq Scan on name n  (cost=0.00..81659.82 rows=20033 width=19) (actual time=221.789..529.629 rows=16670 loops=3)
                                                                                                   Filter: (((name)::text ~~ '%An%'::text) AND ((gender)::text = 'f'::text))
                                                                                                   Rows Removed by Filter: 1372493
                                                                                 ->  Hash  (cost=2.41..2.41 rows=1 width=4) (actual time=0.071..0.071 rows=1 loops=3)
                                                                                       Buckets: 1024  Batches: 1  Memory Usage: 9kB
                                                                                       ->  Seq Scan on info_type it3  (cost=0.00..2.41 rows=1 width=4) (actual time=0.048..0.059 rows=1 loops=3)
                                                                                             Filter: ((info)::text = 'trivia'::text)
                                                                                             Rows Removed by Filter: 112
                                                               ->  Parallel Hash  (cost=628635.05..628635.05 rows=1 width=57) (actual time=4155.943..4155.943 rows=3451 loops=3)
                                                                     Buckets: 16384 (originally 1024)  Batches: 1 (originally 1)  Memory Usage: 1240kB
                                                                     ->  Parallel Hash Join  (cost=148044.74..628635.05 rows=1 width=57) (actual time=1169.741..3999.463 rows=3451 loops=3)
                                                                           Hash Cond: (ci.movie_id = t.id)
                                                                           ->  Parallel Seq Scan on cast_info ci  (cost=0.00..479214.15 rows=366974 width=16) (actual time=0.069..2795.681 rows=289159 loops=3)
                                                                                 Filter: ((note)::text = ANY ('{(voice),"(voice: Japanese version)","(voice) (uncredited)","(voice: English version)"}'::text[]))
                                                                                 Rows Removed by Filter: 11792289
                                                                           ->  Parallel Hash  (cost=148044.70..148044.70 rows=3 width=41) (actual time=1163.061..1163.061 rows=105 loops=3)
                                                                                 Buckets: 1024  Batches: 1  Memory Usage: 104kB
                                                                                 ->  Parallel Hash Join  (cost=94621.37..148044.70 rows=3 width=41) (actual time=1064.494..1162.919 rows=105 loops=3)
                                                                                       Hash Cond: (t.id = mc.movie_id)
                                                                                       ->  Parallel Seq Scan on title t  (cost=0.00..51799.95 rows=432897 width=21) (actual time=0.036..282.787 rows=347600 loops=3)
                                                                                             Filter: ((production_year >= 2000) AND (production_year <= 2010))
                                                                                             Rows Removed by Filter: 495171
                                                                                       ->  Parallel Hash  (cost=94621.24..94621.24 rows=10 width=20) (actual time=840.630..840.630 rows=144 loops=3)
                                                                                             Buckets: 1024  Batches: 1  Memory Usage: 104kB
                                                                                             ->  Parallel Hash Join  (cost=89709.93..94621.24 rows=10 width=20) (actual time=815.010..840.471 rows=144 loops=3)
                                                                                                   Hash Cond: (cn.id = mc.company_id)
                                                                                                   ->  Parallel Seq Scan on company_name cn  (cost=0.00..4722.92 rows=50229 width=4) (actual time=0.021..21.908 rows=28281 loops=3)
                                                                                                         Filter: ((country_code)::text = '[us]'::text)
                                                                                                         Rows Removed by Filter: 50051
                                                                                                   ->  Parallel Hash  (cost=89709.68..89709.68 rows=20 width=24) (actual time=814.510..814.510 rows=589 loops=3)
                                                                                                         Buckets: 1024  Batches: 1  Memory Usage: 136kB
                                                                                                         ->  Hash Join  (cost=55308.66..89709.68 rows=20 width=24) (actual time=585.503..813.810 rows=589 loops=3)
                                                                                                               Hash Cond: (mc.movie_id = cc.movie_id)
                                                                                                               ->  Parallel Hash Join  (cost=50878.23..84616.67 rows=74 width=12) (actual time=464.652..728.516 rows=1073 loops=3)
                                                                                                                     Hash Cond: (mc.movie_id = mk.movie_id)
                                                                                                                     ->  Parallel Seq Scan on movie_companies mc  (cost=0.00..29661.37 rows=1087137 width=8) (actual time=0.031..157.047 rows=869710 loops=3)
                                                                                                                     ->  Parallel Hash  (cost=50878.05..50878.05 rows=14 width=4) (actual time=458.804..458.805 rows=138 loops=3)
                                                                                                                           Buckets: 1024  Batches: 1  Memory Usage: 104kB
                                                                                                                           ->  Hash Join  (cost=2626.14..50878.05 rows=14 width=4) (actual time=26.431..458.600 rows=138 loops=3)
                                                                                                                                 Hash Cond: (mk.keyword_id = k.id)
                                                                                                                                 ->  Parallel Seq Scan on movie_keyword mk  (cost=0.00..43303.71 rows=1884971 width=8) (actual time=0.041..254.260 rows=1507977 loops=3)
                                                                                                                                 ->  Hash  (cost=2626.12..2626.12 rows=1 width=4) (actual time=22.242..22.242 rows=1 loops=3)
                                                                                                                                       Buckets: 1024  Batches: 1  Memory Usage: 9kB
                                                                                                                                       ->  Seq Scan on keyword k  (cost=0.00..2626.12 rows=1 width=4) (actual time=0.094..22.230 rows=1 loops=3)
                                                                                                                                             Filter: ((keyword)::text = 'computer-animation'::text)
                                                                                                                                             Rows Removed by Filter: 134169
                                                                                                               ->  Hash  (cost=2081.86..2081.86 rows=135086 width=12) (actual time=67.645..67.646 rows=135086 loops=3)
                                                                                                                     Buckets: 131072  Batches: 4  Memory Usage: 2471kB
                                                                                                                     ->  Seq Scan on complete_cast cc  (cost=0.00..2081.86 rows=135086 width=12) (actual time=0.036..26.725 rows=135086 loops=3)
                           ->  Hash  (cost=1.05..1.05 rows=1 width=4) (actual time=0.019..0.019 rows=1 loops=1)
                                 Buckets: 1024  Batches: 1  Memory Usage: 9kB
                                 ->  Seq Scan on comp_cast_type cct1  (cost=0.00..1.05 rows=1 width=4) (actual time=0.008..0.009 rows=1 loops=1)
                                       Filter: ((kind)::text = 'cast'::text)
                                       Rows Removed by Filter: 3
                     ->  Hash  (cost=1.05..1.05 rows=1 width=4) (actual time=0.028..0.028 rows=1 loops=1)
                           Buckets: 1024  Batches: 1  Memory Usage: 9kB
                           ->  Seq Scan on comp_cast_type cct2  (cost=0.00..1.05 rows=1 width=4) (actual time=0.018..0.019 rows=1 loops=1)
                                 Filter: ((kind)::text = 'complete+verified'::text)
                                 Rows Removed by Filter: 3
               ->  Hash  (cost=1.15..1.15 rows=1 width=4) (actual time=0.023..0.023 rows=1 loops=1)
                     Buckets: 1024  Batches: 1  Memory Usage: 9kB
                     ->  Seq Scan on role_type rt  (cost=0.00..1.15 rows=1 width=4) (actual time=0.011..0.013 rows=1 loops=1)
                           Filter: ((role)::text = 'actress'::text)
                           Rows Removed by Filter: 11
         ->  Hash  (cost=2.41..2.41 rows=1 width=4) (actual time=0.037..0.037 rows=1 loops=1)
               Buckets: 1024  Batches: 1  Memory Usage: 9kB
               ->  Seq Scan on info_type it  (cost=0.00..2.41 rows=1 width=4) (actual time=0.016..0.026 rows=1 loops=1)
                     Filter: ((info)::text = 'release dates'::text)
                     Rows Removed by Filter: 112
 Planning Time: 145.491 ms
 Execution Time: 8117.768 ms
(109 rows)

execute /home/pei/Project/benchmarks/imdb_job-postgres/skinner_explained/2a.sql_explained.sql
SET
SET
                                                                                     QUERY PLAN                                                                                      
-------------------------------------------------------------------------------------------------------------------------------------------------------------------------------------
 Finalize Aggregate  (cost=139838.09..139838.10 rows=1 width=32) (actual time=1306.541..1306.541 rows=1 loops=1)
   ->  Gather  (cost=139837.88..139838.09 rows=2 width=32) (actual time=1305.678..1313.408 rows=3 loops=1)
         Workers Planned: 2
         Workers Launched: 2
         ->  Partial Aggregate  (cost=138837.88..138837.89 rows=1 width=32) (actual time=1298.878..1298.878 rows=1 loops=3)
               ->  Parallel Hash Join  (cost=88354.74..138837.87 rows=3 width=17) (actual time=929.251..1297.440 rows=2611 loops=3)
                     Hash Cond: (t.id = mc.movie_id)
                     ->  Parallel Seq Scan on title t  (cost=0.00..46532.63 rows=1053463 width=21) (actual time=0.019..241.226 rows=842771 loops=3)
                     ->  Parallel Hash  (cost=88354.70..88354.70 rows=3 width=8) (actual time=926.088..926.088 rows=2611 loops=3)
                           Buckets: 8192 (originally 1024)  Batches: 1 (originally 1)  Memory Usage: 472kB
                           ->  Parallel Hash Join  (cost=55672.11..88354.70 rows=3 width=8) (actual time=545.294..852.913 rows=2611 loops=3)
                                 Hash Cond: (mc.movie_id = mk.movie_id)
                                 ->  Parallel Hash Join  (cost=4793.88..37309.04 rows=44647 width=4) (actual time=24.721..323.076 rows=49377 loops=3)
                                       Hash Cond: (mc.company_id = cn.id)
                                       ->  Parallel Seq Scan on movie_companies mc  (cost=0.00..29661.37 rows=1087137 width=8) (actual time=0.040..164.852 rows=869710 loops=3)
                                       ->  Parallel Hash  (cost=4722.92..4722.92 rows=5677 width=4) (actual time=24.470..24.470 rows=3258 loops=3)
                                             Buckets: 16384  Batches: 1  Memory Usage: 544kB
                                             ->  Parallel Seq Scan on company_name cn  (cost=0.00..4722.92 rows=5677 width=4) (actual time=0.023..22.166 rows=3258 loops=3)
                                                   Filter: ((country_code)::text = '[de]'::text)
                                                   Rows Removed by Filter: 75074
                                 ->  Parallel Hash  (cost=50878.05..50878.05 rows=14 width=4) (actual time=519.536..519.536 rows=13947 loops=3)
                                       Buckets: 65536 (originally 1024)  Batches: 1 (originally 1)  Memory Usage: 2680kB
                                       ->  Hash Join  (cost=2626.14..50878.05 rows=14 width=4) (actual time=22.134..466.359 rows=13947 loops=3)
                                             Hash Cond: (mk.keyword_id = k.id)
                                             ->  Parallel Seq Scan on movie_keyword mk  (cost=0.00..43303.71 rows=1884971 width=8) (actual time=0.032..257.001 rows=1507977 loops=3)
                                             ->  Hash  (cost=2626.12..2626.12 rows=1 width=4) (actual time=21.946..21.946 rows=1 loops=3)
                                                   Buckets: 1024  Batches: 1  Memory Usage: 9kB
                                                   ->  Seq Scan on keyword k  (cost=0.00..2626.12 rows=1 width=4) (actual time=1.008..21.921 rows=1 loops=3)
                                                         Filter: ((keyword)::text = 'character-name-in-title'::text)
                                                         Rows Removed by Filter: 134169
 Planning Time: 4.297 ms
 Execution Time: 1313.851 ms
(32 rows)

execute /home/pei/Project/benchmarks/imdb_job-postgres/skinner_explained/2b.sql_explained.sql
SET
SET
                                                                                  QUERY PLAN                                                                                   
-------------------------------------------------------------------------------------------------------------------------------------------------------------------------------
 Aggregate  (cost=139653.63..139653.64 rows=1 width=32) (actual time=1223.713..1223.713 rows=1 loops=1)
   ->  Gather  (cost=89170.30..139653.63 rows=2 width=17) (actual time=861.054..1228.358 rows=5228 loops=1)
         Workers Planned: 2
         Workers Launched: 2
         ->  Parallel Hash Join  (cost=88170.30..138653.43 rows=1 width=17) (actual time=855.581..1214.623 rows=1743 loops=3)
               Hash Cond: (t.id = mc.movie_id)
               ->  Parallel Seq Scan on title t  (cost=0.00..46532.63 rows=1053463 width=21) (actual time=0.021..230.030 rows=842771 loops=3)
               ->  Parallel Hash  (cost=88170.28..88170.28 rows=1 width=8) (actual time=853.426..853.427 rows=1743 loops=3)
                     Buckets: 4096 (originally 1024)  Batches: 1 (originally 1)  Memory Usage: 280kB
                     ->  Parallel Hash Join  (cost=55617.21..88170.28 rows=1 width=8) (actual time=534.867..819.599 rows=1743 loops=3)
                           Hash Cond: (mc.movie_id = mk.movie_id)
                           ->  Parallel Hash Join  (cost=4738.98..37254.14 rows=10108 width=4) (actual time=21.404..302.751 rows=18803 loops=3)
                                 Hash Cond: (mc.company_id = cn.id)
                                 ->  Parallel Seq Scan on movie_companies mc  (cost=0.00..29661.37 rows=1087137 width=8) (actual time=0.041..156.788 rows=869710 loops=3)
                                 ->  Parallel Hash  (cost=4722.92..4722.92 rows=1285 width=4) (actual time=21.280..21.280 rows=780 loops=3)
                                       Buckets: 4096  Batches: 1  Memory Usage: 128kB
                                       ->  Parallel Seq Scan on company_name cn  (cost=0.00..4722.92 rows=1285 width=4) (actual time=0.023..20.684 rows=780 loops=3)
                                             Filter: ((country_code)::text = '[nl]'::text)
                                             Rows Removed by Filter: 77552
                           ->  Parallel Hash  (cost=50878.05..50878.05 rows=14 width=4) (actual time=512.282..512.282 rows=13947 loops=3)
                                 Buckets: 65536 (originally 1024)  Batches: 1 (originally 1)  Memory Usage: 2680kB
                                 ->  Hash Join  (cost=2626.14..50878.05 rows=14 width=4) (actual time=21.627..461.803 rows=13947 loops=3)
                                       Hash Cond: (mk.keyword_id = k.id)
                                       ->  Parallel Seq Scan on movie_keyword mk  (cost=0.00..43303.71 rows=1884971 width=8) (actual time=0.063..253.879 rows=1507977 loops=3)
                                       ->  Hash  (cost=2626.12..2626.12 rows=1 width=4) (actual time=21.445..21.445 rows=1 loops=3)
                                             Buckets: 1024  Batches: 1  Memory Usage: 9kB
                                             ->  Seq Scan on keyword k  (cost=0.00..2626.12 rows=1 width=4) (actual time=0.974..21.425 rows=1 loops=3)
                                                   Filter: ((keyword)::text = 'character-name-in-title'::text)
                                                   Rows Removed by Filter: 134169
 Planning Time: 4.282 ms
 Execution Time: 1230.457 ms
(31 rows)

execute /home/pei/Project/benchmarks/imdb_job-postgres/skinner_explained/2c.sql_explained.sql
SET
SET
                                                                                  QUERY PLAN                                                                                   
-------------------------------------------------------------------------------------------------------------------------------------------------------------------------------
 Aggregate  (cost=139600.06..139600.07 rows=1 width=32) (actual time=798.258..798.259 rows=1 loops=1)
   ->  Gather  (cost=89116.82..139600.05 rows=1 width=17) (actual time=798.254..803.667 rows=0 loops=1)
         Workers Planned: 2
         Workers Launched: 2
         ->  Parallel Hash Join  (cost=88116.82..138599.95 rows=1 width=17) (actual time=791.560..791.561 rows=0 loops=3)
               Hash Cond: (t.id = mc.movie_id)
               ->  Parallel Seq Scan on title t  (cost=0.00..46532.63 rows=1053463 width=21) (never executed)
               ->  Parallel Hash  (cost=88116.81..88116.81 rows=1 width=8) (actual time=790.926..790.926 rows=0 loops=3)
                     Buckets: 1024  Batches: 1  Memory Usage: 0kB
                     ->  Parallel Hash Join  (cost=55601.29..88116.81 rows=1 width=8) (actual time=790.808..790.809 rows=0 loops=3)
                           Hash Cond: (mc.movie_id = mk.movie_id)
                           ->  Parallel Hash Join  (cost=4723.07..37238.23 rows=92 width=4) (actual time=233.108..287.089 rows=1 loops=3)
                                 Hash Cond: (mc.company_id = cn.id)
                                 ->  Parallel Seq Scan on movie_companies mc  (cost=0.00..29661.37 rows=1087137 width=8) (actual time=0.032..157.263 rows=869710 loops=3)
                                 ->  Parallel Hash  (cost=4722.92..4722.92 rows=12 width=4) (actual time=20.797..20.797 rows=0 loops=3)
                                       Buckets: 1024  Batches: 1  Memory Usage: 40kB
                                       ->  Parallel Seq Scan on company_name cn  (cost=0.00..4722.92 rows=12 width=4) (actual time=15.179..20.758 rows=0 loops=3)
                                             Filter: ((country_code)::text = '[sm]'::text)
                                             Rows Removed by Filter: 78332
                           ->  Parallel Hash  (cost=50878.05..50878.05 rows=14 width=4) (actual time=503.627..503.627 rows=13947 loops=3)
                                 Buckets: 65536 (originally 1024)  Batches: 1 (originally 1)  Memory Usage: 2680kB
                                 ->  Hash Join  (cost=2626.14..50878.05 rows=14 width=4) (actual time=21.672..459.328 rows=13947 loops=3)
                                       Hash Cond: (mk.keyword_id = k.id)
                                       ->  Parallel Seq Scan on movie_keyword mk  (cost=0.00..43303.71 rows=1884971 width=8) (actual time=0.037..251.386 rows=1507977 loops=3)
                                       ->  Hash  (cost=2626.12..2626.12 rows=1 width=4) (actual time=21.520..21.520 rows=1 loops=3)
                                             Buckets: 1024  Batches: 1  Memory Usage: 9kB
                                             ->  Seq Scan on keyword k  (cost=0.00..2626.12 rows=1 width=4) (actual time=0.960..21.499 rows=1 loops=3)
                                                   Filter: ((keyword)::text = 'character-name-in-title'::text)
                                                   Rows Removed by Filter: 134169
 Planning Time: 4.325 ms
 Execution Time: 804.062 ms
(31 rows)

execute /home/pei/Project/benchmarks/imdb_job-postgres/skinner_explained/2d.sql_explained.sql
SET
SET
                                                                                        QUERY PLAN                                                                                         
-------------------------------------------------------------------------------------------------------------------------------------------------------------------------------------------
 Finalize Aggregate  (cost=141451.03..141451.04 rows=1 width=32) (actual time=1382.929..1382.929 rows=1 loops=1)
   ->  Gather  (cost=141450.82..141451.03 rows=2 width=32) (actual time=1381.203..1389.748 rows=3 loops=1)
         Workers Planned: 2
         Workers Launched: 2
         ->  Partial Aggregate  (cost=140450.82..140450.83 rows=1 width=32) (actual time=1374.299..1374.299 rows=1 loops=3)
               ->  Parallel Hash Join  (cost=106712.36..140450.75 rows=27 width=17) (actual time=1032.311..1367.602 rows=22772 loops=3)
                     Hash Cond: (mc.company_id = cn.id)
                     ->  Parallel Hash Join  (cost=101361.58..135099.77 rows=74 width=21) (actual time=987.090..1306.342 rows=49517 loops=3)
                           Hash Cond: (mc.movie_id = t.id)
                           ->  Parallel Seq Scan on movie_companies mc  (cost=0.00..29661.37 rows=1087137 width=8) (actual time=0.036..167.137 rows=869710 loops=3)
                           ->  Parallel Hash  (cost=101361.41..101361.41 rows=14 width=25) (actual time=986.601..986.601 rows=13947 loops=3)
                                 Buckets: 65536 (originally 1024)  Batches: 1 (originally 1)  Memory Usage: 3800kB
                                 ->  Parallel Hash Join  (cost=50878.23..101361.41 rows=14 width=25) (actual time=533.763..914.554 rows=13947 loops=3)
                                       Hash Cond: (t.id = mk.movie_id)
                                       ->  Parallel Seq Scan on title t  (cost=0.00..46532.63 rows=1053463 width=21) (actual time=0.024..237.333 rows=842771 loops=3)
                                       ->  Parallel Hash  (cost=50878.05..50878.05 rows=14 width=4) (actual time=533.516..533.516 rows=13947 loops=3)
                                             Buckets: 65536 (originally 1024)  Batches: 1 (originally 1)  Memory Usage: 2680kB
                                             ->  Hash Join  (cost=2626.14..50878.05 rows=14 width=4) (actual time=21.352..468.267 rows=13947 loops=3)
                                                   Hash Cond: (mk.keyword_id = k.id)
                                                   ->  Parallel Seq Scan on movie_keyword mk  (cost=0.00..43303.71 rows=1884971 width=8) (actual time=0.046..260.417 rows=1507977 loops=3)
                                                   ->  Hash  (cost=2626.12..2626.12 rows=1 width=4) (actual time=21.193..21.194 rows=1 loops=3)
                                                         Buckets: 1024  Batches: 1  Memory Usage: 9kB
                                                         ->  Seq Scan on keyword k  (cost=0.00..2626.12 rows=1 width=4) (actual time=1.025..21.172 rows=1 loops=3)
                                                               Filter: ((keyword)::text = 'character-name-in-title'::text)
                                                               Rows Removed by Filter: 134169
                     ->  Parallel Hash  (cost=4722.92..4722.92 rows=50229 width=4) (actual time=43.784..43.784 rows=28281 loops=3)
                           Buckets: 131072  Batches: 1  Memory Usage: 4384kB
                           ->  Parallel Seq Scan on company_name cn  (cost=0.00..4722.92 rows=50229 width=4) (actual time=0.037..26.693 rows=28281 loops=3)
                                 Filter: ((country_code)::text = '[us]'::text)
                                 Rows Removed by Filter: 50051
 Planning Time: 4.415 ms
 Execution Time: 1390.266 ms
(32 rows)

execute /home/pei/Project/benchmarks/imdb_job-postgres/skinner_explained/30a.sql_explained.sql
SET
SET
                                                                                                                   QUERY PLAN                                                                                                                    
-------------------------------------------------------------------------------------------------------------------------------------------------------------------------------------------------------------------------------------------------
 Aggregate  (cost=944426.03..944426.04 rows=1 width=128) (actual time=6401.950..6401.951 rows=1 loops=1)
   ->  Hash Join  (cost=927922.43..944426.02 rows=1 width=80) (actual time=6286.458..6401.445 rows=757 loops=1)
         Hash Cond: (cc.subject_id = cct1.id)
         ->  Hash Join  (cost=927921.36..944424.94 rows=1 width=84) (actual time=6286.368..6401.127 rows=757 loops=1)
               Hash Cond: (cc.status_id = cct2.id)
               ->  Hash Join  (cost=927920.30..944423.88 rows=1 width=88) (actual time=6286.290..6400.657 rows=2492 loops=1)
                     Hash Cond: (t.id = cc.movie_id)
                     ->  Hash Join  (cost=923489.86..939331.43 rows=1 width=100) (actual time=6170.931..6308.032 rows=6214 loops=1)
                           Hash Cond: (mi_idx.info_type_id = it2.id)
                           ->  Gather  (cost=923487.44..939329.00 rows=1 width=104) (actual time=6170.809..6305.905 rows=18687 loops=1)
                                 Workers Planned: 2
                                 Workers Launched: 2
                                 ->  Parallel Hash Join  (cost=922487.44..938328.90 rows=1 width=104) (actual time=6164.503..6295.466 rows=6229 loops=3)
                                       Hash Cond: (mi_idx.movie_id = t.id)
                                       ->  Parallel Seq Scan on movie_info_idx mi_idx  (cost=0.00..13685.15 rows=575015 width=13) (actual time=0.034..79.612 rows=460012 loops=3)
                                       ->  Parallel Hash  (cost=922487.42..922487.42 rows=1 width=91) (actual time=6150.432..6150.432 rows=2263 loops=3)
                                             Buckets: 8192 (originally 1024)  Batches: 1 (originally 1)  Memory Usage: 792kB
                                             ->  Parallel Hash Join  (cost=842460.08..922487.42 rows=1 width=91) (actual time=5574.649..6107.250 rows=2263 loops=3)
                                                   Hash Cond: (n.id = ci.person_id)
                                                   ->  Parallel Seq Scan on name n  (cost=0.00..77318.68 rows=722307 width=19) (actual time=0.054..463.294 rows=579860 loops=3)
                                                         Filter: ((gender)::text = 'm'::text)
                                                         Rows Removed by Filter: 809304
                                                   ->  Parallel Hash  (cost=842460.07..842460.07 rows=1 width=80) (actual time=5573.364..5573.364 rows=3573 loops=3)
                                                         Buckets: 16384 (originally 1024)  Batches: 1 (originally 1)  Memory Usage: 1176kB
                                                         ->  Parallel Hash Join  (cost=342439.39..842460.07 rows=1 width=80) (actual time=4363.093..5512.014 rows=3573 loops=3)
                                                               Hash Cond: (ci.movie_id = t.id)
                                                               ->  Parallel Seq Scan on cast_info ci  (cost=0.00..498091.41 rows=514468 width=8) (actual time=188.753..2961.705 rows=414905 loops=3)
                                                                     Filter: ((note)::text = ANY ('{(writer),"(head writer)","(written by)",(story),"(story editor)"}'::text[]))
                                                                     Rows Removed by Filter: 11666543
                                                               ->  Parallel Hash  (cost=342439.38..342439.38 rows=1 width=72) (actual time=2491.656..2491.656 rows=5468 loops=3)
                                                                     Buckets: 16384 (originally 1024)  Batches: 1 (originally 1)  Memory Usage: 1496kB
                                                                     ->  Parallel Hash Join  (cost=291113.75..342439.38 rows=1 width=72) (actual time=2133.697..2472.291 rows=5468 loops=3)
                                                                           Hash Cond: (t.id = mi.movie_id)
                                                                           ->  Parallel Seq Scan on title t  (cost=0.00..49166.29 rows=575821 width=21) (actual time=0.030..277.918 rows=460484 loops=3)
                                                                                 Filter: (production_year > 2000)
                                                                                 Rows Removed by Filter: 382286
                                                                           ->  Parallel Hash  (cost=291113.73..291113.73 rows=1 width=51) (actual time=2130.577..2130.577 rows=11309 loops=3)
                                                                                 Buckets: 65536 (originally 1024)  Batches: 1 (originally 1)  Memory Usage: 2808kB
                                                                                 ->  Hash Join  (cost=51720.34..291113.73 rows=1 width=51) (actual time=1923.034..2082.750 rows=11309 loops=3)
                                                                                       Hash Cond: (mi.info_type_id = it1.id)
                                                                                       ->  Parallel Hash Join  (cost=51717.91..291111.24 rows=25 width=55) (actual time=1514.972..2079.258 rows=11907 loops=3)
                                                                                             Hash Cond: (mi.movie_id = mk.movie_id)
                                                                                             ->  Parallel Seq Scan on movie_info mi  (cost=0.00..239253.38 rows=37295 width=51) (actual time=944.515..1496.652 rows=24349 loops=3)
                                                                                                   Filter: ((info)::text = ANY ('{Horror,Thriller}'::text[]))
                                                                                                   Rows Removed by Filter: 4920891
                                                                                             ->  Parallel Hash  (cost=51716.69..51716.69 rows=98 width=4) (actual time=570.364..570.364 rows=25571 loops=3)
                                                                                                   Buckets: 131072 (originally 1024)  Batches: 1 (originally 1)  Memory Usage: 5080kB
                                                                                                   ->  Hash Join  (cost=3464.78..51716.69 rows=98 width=4) (actual time=41.449..487.014 rows=25571 loops=3)
                                                                                                         Hash Cond: (mk.keyword_id = k.id)
                                                                                                         ->  Parallel Seq Scan on movie_keyword mk  (cost=0.00..43303.71 rows=1884971 width=8) (actual time=0.039..252.781 rows=1507977 loops=3)
                                                                                                         ->  Hash  (cost=3464.69..3464.69 rows=7 width=4) (actual time=41.290..41.290 rows=7 loops=3)
                                                                                                               Buckets: 1024  Batches: 1  Memory Usage: 9kB
                                                                                                               ->  Seq Scan on keyword k  (cost=0.00..3464.69 rows=7 width=4) (actual time=1.199..41.274 rows=7 loops=3)
                                                                                                                     Filter: ((keyword)::text = ANY ('{murder,violence,blood,gore,death,female-nudity,hospital}'::text[]))
                                                                                                                     Rows Removed by Filter: 134163
                                                                                       ->  Hash  (cost=2.41..2.41 rows=1 width=4) (actual time=0.073..0.073 rows=1 loops=3)
                                                                                             Buckets: 1024  Batches: 1  Memory Usage: 9kB
                                                                                             ->  Seq Scan on info_type it1  (cost=0.00..2.41 rows=1 width=4) (actual time=0.038..0.051 rows=1 loops=3)
                                                                                                   Filter: ((info)::text = 'genres'::text)
                                                                                                   Rows Removed by Filter: 112
                           ->  Hash  (cost=2.41..2.41 rows=1 width=4) (actual time=0.049..0.049 rows=1 loops=1)
                                 Buckets: 1024  Batches: 1  Memory Usage: 9kB
                                 ->  Seq Scan on info_type it2  (cost=0.00..2.41 rows=1 width=4) (actual time=0.030..0.032 rows=1 loops=1)
                                       Filter: ((info)::text = 'votes'::text)
                                       Rows Removed by Filter: 112
                     ->  Hash  (cost=2081.86..2081.86 rows=135086 width=12) (actual time=69.293..69.293 rows=135086 loops=1)
                           Buckets: 131072  Batches: 4  Memory Usage: 2471kB
                           ->  Seq Scan on complete_cast cc  (cost=0.00..2081.86 rows=135086 width=12) (actual time=0.020..27.889 rows=135086 loops=1)
               ->  Hash  (cost=1.05..1.05 rows=1 width=4) (actual time=0.019..0.019 rows=1 loops=1)
                     Buckets: 1024  Batches: 1  Memory Usage: 9kB
                     ->  Seq Scan on comp_cast_type cct2  (cost=0.00..1.05 rows=1 width=4) (actual time=0.009..0.009 rows=1 loops=1)
                           Filter: ((kind)::text = 'complete+verified'::text)
                           Rows Removed by Filter: 3
         ->  Hash  (cost=1.05..1.05 rows=2 width=4) (actual time=0.030..0.030 rows=2 loops=1)
               Buckets: 1024  Batches: 1  Memory Usage: 9kB
               ->  Seq Scan on comp_cast_type cct1  (cost=0.00..1.05 rows=2 width=4) (actual time=0.014..0.016 rows=2 loops=1)
                     Filter: ((kind)::text = ANY ('{cast,crew}'::text[]))
                     Rows Removed by Filter: 2
 Planning Time: 91.966 ms
 Execution Time: 6405.087 ms
(80 rows)

execute /home/pei/Project/benchmarks/imdb_job-postgres/skinner_explained/30b.sql_explained.sql
SET
SET
                                                                                                                   QUERY PLAN                                                                                                                    
-------------------------------------------------------------------------------------------------------------------------------------------------------------------------------------------------------------------------------------------------
 Aggregate  (cost=950168.28..950168.29 rows=1 width=128) (actual time=6222.520..6222.521 rows=1 loops=1)
   ->  Hash Join  (cost=933664.68..950168.27 rows=1 width=80) (actual time=6162.587..6222.484 rows=28 loops=1)
         Hash Cond: (cc.subject_id = cct1.id)
         ->  Hash Join  (cost=933663.61..950167.19 rows=1 width=84) (actual time=6162.485..6222.374 rows=28 loops=1)
               Hash Cond: (cc.status_id = cct2.id)
               ->  Hash Join  (cost=933662.55..950166.13 rows=1 width=88) (actual time=6162.391..6222.263 rows=108 loops=1)
                     Hash Cond: (t.id = cc.movie_id)
                     ->  Hash Join  (cost=929232.11..945073.68 rows=1 width=100) (actual time=6090.076..6138.281 rows=108 loops=1)
                           Hash Cond: (mi_idx.info_type_id = it2.id)
                           ->  Gather  (cost=929229.69..945071.25 rows=1 width=104) (actual time=6089.946..6139.824 rows=324 loops=1)
                                 Workers Planned: 2
                                 Workers Launched: 2
                                 ->  Parallel Hash Join  (cost=928229.69..944071.15 rows=1 width=104) (actual time=6088.090..6130.298 rows=108 loops=3)
                                       Hash Cond: (mi_idx.movie_id = t.id)
                                       ->  Parallel Seq Scan on movie_info_idx mi_idx  (cost=0.00..13685.15 rows=575015 width=13) (actual time=0.044..75.114 rows=460012 loops=3)
                                       ->  Parallel Hash  (cost=928229.67..928229.67 rows=1 width=91) (actual time=5997.981..5997.981 rows=36 loops=3)
                                             Buckets: 1024  Batches: 1  Memory Usage: 104kB
                                             ->  Parallel Hash Join  (cost=871161.79..928229.67 rows=1 width=91) (actual time=5932.323..5997.763 rows=36 loops=3)
                                                   Hash Cond: (t.id = mi.movie_id)
                                                   ->  Parallel Seq Scan on title t  (cost=0.00..57067.27 rows=161 width=21) (actual time=2.636..360.799 rows=178 loops=3)
                                                         Filter: ((production_year > 2000) AND (((title)::text ~~ '%Freddy%'::text) OR ((title)::text ~~ '%Jason%'::text) OR ((title)::text ~~ 'Saw%'::text)))
                                                         Rows Removed by Filter: 842593
                                                   ->  Parallel Hash  (cost=871161.78..871161.78 rows=1 width=70) (actual time=5636.643..5636.643 rows=4543 loops=3)
                                                         Buckets: 16384 (originally 1024)  Batches: 1 (originally 1)  Memory Usage: 1304kB
                                                         ->  Parallel Hash Join  (cost=791134.44..871161.78 rows=1 width=70) (actual time=5080.959..5592.150 rows=4543 loops=3)
                                                               Hash Cond: (n.id = ci.person_id)
                                                               ->  Parallel Seq Scan on name n  (cost=0.00..77318.68 rows=722307 width=19) (actual time=0.047..440.659 rows=579860 loops=3)
                                                                     Filter: ((gender)::text = 'm'::text)
                                                                     Rows Removed by Filter: 809304
                                                               ->  Parallel Hash  (cost=791134.42..791134.42 rows=1 width=59) (actual time=5080.295..5080.295 rows=7458 loops=3)
                                                                     Buckets: 32768 (originally 1024)  Batches: 1 (originally 1)  Memory Usage: 1880kB
                                                                     ->  Parallel Hash Join  (cost=291113.75..791134.42 rows=1 width=59) (actual time=3878.871..5017.507 rows=7458 loops=3)
                                                                           Hash Cond: (ci.movie_id = mi.movie_id)
                                                                           ->  Parallel Seq Scan on cast_info ci  (cost=0.00..498091.41 rows=514468 width=8) (actual time=177.073..2930.207 rows=414905 loops=3)
                                                                                 Filter: ((note)::text = ANY ('{(writer),"(head writer)","(written by)",(story),"(story editor)"}'::text[]))
                                                                                 Rows Removed by Filter: 11666543
                                                                           ->  Parallel Hash  (cost=291113.73..291113.73 rows=1 width=51) (actual time=2031.374..2031.374 rows=11309 loops=3)
                                                                                 Buckets: 65536 (originally 1024)  Batches: 1 (originally 1)  Memory Usage: 2808kB
                                                                                 ->  Hash Join  (cost=51720.34..291113.73 rows=1 width=51) (actual time=1838.342..1991.940 rows=11309 loops=3)
                                                                                       Hash Cond: (mi.info_type_id = it1.id)
                                                                                       ->  Parallel Hash Join  (cost=51717.91..291111.24 rows=25 width=55) (actual time=1454.903..1988.458 rows=11907 loops=3)
                                                                                             Hash Cond: (mi.movie_id = mk.movie_id)
                                                                                             ->  Parallel Seq Scan on movie_info mi  (cost=0.00..239253.38 rows=37295 width=51) (actual time=892.824..1415.295 rows=24349 loops=3)
                                                                                                   Filter: ((info)::text = ANY ('{Horror,Thriller}'::text[]))
                                                                                                   Rows Removed by Filter: 4920891
                                                                                             ->  Parallel Hash  (cost=51716.69..51716.69 rows=98 width=4) (actual time=561.987..561.987 rows=25571 loops=3)
                                                                                                   Buckets: 131072 (originally 1024)  Batches: 1 (originally 1)  Memory Usage: 5080kB
                                                                                                   ->  Hash Join  (cost=3464.78..51716.69 rows=98 width=4) (actual time=41.251..481.700 rows=25571 loops=3)
                                                                                                         Hash Cond: (mk.keyword_id = k.id)
                                                                                                         ->  Parallel Seq Scan on movie_keyword mk  (cost=0.00..43303.71 rows=1884971 width=8) (actual time=0.034..250.850 rows=1507977 loops=3)
                                                                                                         ->  Hash  (cost=3464.69..3464.69 rows=7 width=4) (actual time=41.103..41.103 rows=7 loops=3)
                                                                                                               Buckets: 1024  Batches: 1  Memory Usage: 9kB
                                                                                                               ->  Seq Scan on keyword k  (cost=0.00..3464.69 rows=7 width=4) (actual time=1.184..41.088 rows=7 loops=3)
                                                                                                                     Filter: ((keyword)::text = ANY ('{murder,violence,blood,gore,death,female-nudity,hospital}'::text[]))
                                                                                                                     Rows Removed by Filter: 134163
                                                                                       ->  Hash  (cost=2.41..2.41 rows=1 width=4) (actual time=0.064..0.064 rows=1 loops=3)
                                                                                             Buckets: 1024  Batches: 1  Memory Usage: 9kB
                                                                                             ->  Seq Scan on info_type it1  (cost=0.00..2.41 rows=1 width=4) (actual time=0.034..0.046 rows=1 loops=3)
                                                                                                   Filter: ((info)::text = 'genres'::text)
                                                                                                   Rows Removed by Filter: 112
                           ->  Hash  (cost=2.41..2.41 rows=1 width=4) (actual time=0.041..0.041 rows=1 loops=1)
                                 Buckets: 1024  Batches: 1  Memory Usage: 9kB
                                 ->  Seq Scan on info_type it2  (cost=0.00..2.41 rows=1 width=4) (actual time=0.029..0.031 rows=1 loops=1)
                                       Filter: ((info)::text = 'votes'::text)
                                       Rows Removed by Filter: 112
                     ->  Hash  (cost=2081.86..2081.86 rows=135086 width=12) (actual time=70.135..70.135 rows=135086 loops=1)
                           Buckets: 131072  Batches: 4  Memory Usage: 2471kB
                           ->  Seq Scan on complete_cast cc  (cost=0.00..2081.86 rows=135086 width=12) (actual time=0.014..27.841 rows=135086 loops=1)
               ->  Hash  (cost=1.05..1.05 rows=1 width=4) (actual time=0.021..0.021 rows=1 loops=1)
                     Buckets: 1024  Batches: 1  Memory Usage: 9kB
                     ->  Seq Scan on comp_cast_type cct2  (cost=0.00..1.05 rows=1 width=4) (actual time=0.009..0.009 rows=1 loops=1)
                           Filter: ((kind)::text = 'complete+verified'::text)
                           Rows Removed by Filter: 3
         ->  Hash  (cost=1.05..1.05 rows=2 width=4) (actual time=0.029..0.029 rows=2 loops=1)
               Buckets: 1024  Batches: 1  Memory Usage: 9kB
               ->  Seq Scan on comp_cast_type cct1  (cost=0.00..1.05 rows=2 width=4) (actual time=0.013..0.016 rows=2 loops=1)
                     Filter: ((kind)::text = ANY ('{cast,crew}'::text[]))
                     Rows Removed by Filter: 2
 Planning Time: 92.190 ms
 Execution Time: 6225.349 ms
(80 rows)

execute /home/pei/Project/benchmarks/imdb_job-postgres/skinner_explained/30c.sql_explained.sql
SET
SET
                                                                                                                   QUERY PLAN                                                                                                                    
-------------------------------------------------------------------------------------------------------------------------------------------------------------------------------------------------------------------------------------------------
 Aggregate  (cost=974687.78..974687.79 rows=1 width=128) (actual time=6783.222..6783.222 rows=1 loops=1)
   ->  Hash Join  (cost=958184.19..974687.77 rows=1 width=80) (actual time=6567.601..6778.568 rows=8024 loops=1)
         Hash Cond: (cc.status_id = cct2.id)
         ->  Hash Join  (cost=958183.12..974686.71 rows=1 width=84) (actual time=6567.497..6775.788 rows=14123 loops=1)
               Hash Cond: (cc.subject_id = cct1.id)
               ->  Hash Join  (cost=958182.06..974685.64 rows=1 width=88) (actual time=6567.415..6771.544 rows=18841 loops=1)
                     Hash Cond: (t.id = cc.movie_id)
                     ->  Hash Join  (cost=953751.63..969593.19 rows=1 width=100) (actual time=6450.724..6618.335 rows=26153 loops=1)
                           Hash Cond: (mi_idx.info_type_id = it2.id)
                           ->  Gather  (cost=953749.20..969590.76 rows=1 width=104) (actual time=6450.597..6605.176 rows=78897 loops=1)
                                 Workers Planned: 2
                                 Workers Launched: 2
                                 ->  Parallel Hash Join  (cost=952749.20..968590.66 rows=1 width=104) (actual time=6443.660..6589.925 rows=26299 loops=3)
                                       Hash Cond: (mi_idx.movie_id = t.id)
                                       ->  Parallel Seq Scan on movie_info_idx mi_idx  (cost=0.00..13685.15 rows=575015 width=13) (actual time=0.028..76.126 rows=460012 loops=3)
                                       ->  Parallel Hash  (cost=952749.19..952749.19 rows=1 width=91) (actual time=6439.940..6439.940 rows=9085 loops=3)
                                             Buckets: 32768 (originally 1024)  Batches: 1 (originally 1)  Memory Usage: 3064kB
                                             ->  Parallel Hash Join  (cost=872721.85..952749.19 rows=1 width=91) (actual time=5888.783..6408.775 rows=9085 loops=3)
                                                   Hash Cond: (n.id = ci.person_id)
                                                   ->  Parallel Seq Scan on name n  (cost=0.00..77318.68 rows=722307 width=19) (actual time=0.048..441.517 rows=579860 loops=3)
                                                         Filter: ((gender)::text = 'm'::text)
                                                         Rows Removed by Filter: 809304
                                                   ->  Parallel Hash  (cost=872721.83..872721.83 rows=1 width=80) (actual time=5888.065..5888.065 rows=15008 loops=3)
                                                         Buckets: 65536 (originally 1024)  Batches: 1 (originally 1)  Memory Usage: 4664kB
                                                         ->  Parallel Hash Join  (cost=372701.16..872721.83 rows=1 width=80) (actual time=4724.869..5854.807 rows=15008 loops=3)
                                                               Hash Cond: (ci.movie_id = t.id)
                                                               ->  Parallel Seq Scan on cast_info ci  (cost=0.00..498091.41 rows=514468 width=8) (actual time=163.047..2869.702 rows=414905 loops=3)
                                                                     Filter: ((note)::text = ANY ('{(writer),"(head writer)","(written by)",(story),"(story editor)"}'::text[]))
                                                                     Rows Removed by Filter: 11666543
                                                               ->  Parallel Hash  (cost=372701.14..372701.14 rows=1 width=72) (actual time=2917.505..2917.505 rows=22680 loops=3)
                                                                     Buckets: 131072 (originally 1024)  Batches: 1 (originally 1)  Memory Usage: 6936kB
                                                                     ->  Parallel Hash Join  (cost=322218.01..372701.14 rows=1 width=72) (actual time=2486.274..2845.049 rows=22680 loops=3)
                                                                           Hash Cond: (t.id = mi.movie_id)
                                                                           ->  Parallel Seq Scan on title t  (cost=0.00..46532.63 rows=1053463 width=21) (actual time=0.018..223.301 rows=842771 loops=3)
                                                                           ->  Parallel Hash  (cost=322218.00..322218.00 rows=1 width=51) (actual time=2484.877..2484.877 rows=22680 loops=3)
                                                                                 Buckets: 131072 (originally 1024)  Batches: 1 (originally 1)  Memory Usage: 5432kB
                                                                                 ->  Hash Join  (cost=51720.34..322218.00 rows=1 width=51) (actual time=2220.817..2444.661 rows=22680 loops=3)
                                                                                       Hash Cond: (mi.info_type_id = it1.id)
                                                                                       ->  Parallel Hash Join  (cost=51717.91..322215.41 rows=60 width=55) (actual time=1720.253..2438.307 rows=24129 loops=3)
                                                                                             Hash Cond: (mi.movie_id = mk.movie_id)
                                                                                             ->  Parallel Seq Scan on movie_info mi  (cost=0.00..270161.12 rows=89632 width=51) (actual time=1044.632..1851.257 rows=62990 loops=3)
                                                                                                   Filter: ((info)::text = ANY ('{Horror,Action,Sci-Fi,Thriller,Crime,War}'::text[]))
                                                                                                   Rows Removed by Filter: 4882250
                                                                                             ->  Parallel Hash  (cost=51716.69..51716.69 rows=98 width=4) (actual time=566.604..566.604 rows=25571 loops=3)
                                                                                                   Buckets: 131072 (originally 1024)  Batches: 1 (originally 1)  Memory Usage: 5080kB
                                                                                                   ->  Hash Join  (cost=3464.78..51716.69 rows=98 width=4) (actual time=40.549..480.373 rows=25571 loops=3)
                                                                                                         Hash Cond: (mk.keyword_id = k.id)
                                                                                                         ->  Parallel Seq Scan on movie_keyword mk  (cost=0.00..43303.71 rows=1884971 width=8) (actual time=0.039..249.312 rows=1507977 loops=3)
                                                                                                         ->  Hash  (cost=3464.69..3464.69 rows=7 width=4) (actual time=40.360..40.360 rows=7 loops=3)
                                                                                                               Buckets: 1024  Batches: 1  Memory Usage: 9kB
                                                                                                               ->  Seq Scan on keyword k  (cost=0.00..3464.69 rows=7 width=4) (actual time=1.170..40.345 rows=7 loops=3)
                                                                                                                     Filter: ((keyword)::text = ANY ('{murder,violence,blood,gore,death,female-nudity,hospital}'::text[]))
                                                                                                                     Rows Removed by Filter: 134163
                                                                                       ->  Hash  (cost=2.41..2.41 rows=1 width=4) (actual time=0.060..0.060 rows=1 loops=3)
                                                                                             Buckets: 1024  Batches: 1  Memory Usage: 9kB
                                                                                             ->  Seq Scan on info_type it1  (cost=0.00..2.41 rows=1 width=4) (actual time=0.030..0.042 rows=1 loops=3)
                                                                                                   Filter: ((info)::text = 'genres'::text)
                                                                                                   Rows Removed by Filter: 112
                           ->  Hash  (cost=2.41..2.41 rows=1 width=4) (actual time=0.050..0.050 rows=1 loops=1)
                                 Buckets: 1024  Batches: 1  Memory Usage: 9kB
                                 ->  Seq Scan on info_type it2  (cost=0.00..2.41 rows=1 width=4) (actual time=0.037..0.040 rows=1 loops=1)
                                       Filter: ((info)::text = 'votes'::text)
                                       Rows Removed by Filter: 112
                     ->  Hash  (cost=2081.86..2081.86 rows=135086 width=12) (actual time=111.905..111.905 rows=135086 loops=1)
                           Buckets: 131072  Batches: 4  Memory Usage: 2471kB
                           ->  Seq Scan on complete_cast cc  (cost=0.00..2081.86 rows=135086 width=12) (actual time=0.013..27.205 rows=135086 loops=1)
               ->  Hash  (cost=1.05..1.05 rows=1 width=4) (actual time=0.019..0.020 rows=1 loops=1)
                     Buckets: 1024  Batches: 1  Memory Usage: 9kB
                     ->  Seq Scan on comp_cast_type cct1  (cost=0.00..1.05 rows=1 width=4) (actual time=0.008..0.010 rows=1 loops=1)
                           Filter: ((kind)::text = 'cast'::text)
                           Rows Removed by Filter: 3
         ->  Hash  (cost=1.05..1.05 rows=1 width=4) (actual time=0.024..0.025 rows=1 loops=1)
               Buckets: 1024  Batches: 1  Memory Usage: 9kB
               ->  Seq Scan on comp_cast_type cct2  (cost=0.00..1.05 rows=1 width=4) (actual time=0.013..0.014 rows=1 loops=1)
                     Filter: ((kind)::text = 'complete+verified'::text)
                     Rows Removed by Filter: 3
 Planning Time: 92.675 ms
 Execution Time: 6788.576 ms
(78 rows)

execute /home/pei/Project/benchmarks/imdb_job-postgres/skinner_explained/31a.sql_explained.sql
SET
SET
                                                                                                             QUERY PLAN                                                                                                              
-------------------------------------------------------------------------------------------------------------------------------------------------------------------------------------------------------------------------------------
 Finalize Aggregate  (cost=975119.34..975119.35 rows=1 width=128) (actual time=6313.999..6313.999 rows=1 loops=1)
   ->  Gather  (cost=975119.11..975119.32 rows=2 width=128) (actual time=6312.794..6320.525 rows=3 loops=1)
         Workers Planned: 2
         Workers Launched: 2
         ->  Partial Aggregate  (cost=974119.11..974119.12 rows=1 width=128) (actual time=6305.101..6305.102 rows=1 loops=3)
               ->  Parallel Hash Join  (cost=923635.97..974119.10 rows=1 width=80) (actual time=6193.724..6304.806 rows=424 loops=3)
                     Hash Cond: (t.id = mi.movie_id)
                     ->  Parallel Seq Scan on title t  (cost=0.00..46532.63 rows=1053463 width=21) (actual time=0.032..227.136 rows=842771 loops=3)
                     ->  Parallel Hash  (cost=923635.96..923635.96 rows=1 width=83) (actual time=5962.592..5962.592 rows=424 loops=3)
                           Buckets: 1024  Batches: 1  Memory Usage: 168kB
                           ->  Parallel Hash Join  (cost=843608.62..923635.96 rows=1 width=83) (actual time=5457.642..5962.305 rows=424 loops=3)
                                 Hash Cond: (n.id = ci.person_id)
                                 ->  Parallel Seq Scan on name n  (cost=0.00..77318.68 rows=722307 width=19) (actual time=0.053..448.129 rows=579860 loops=3)
                                       Filter: ((gender)::text = 'm'::text)
                                       Rows Removed by Filter: 809304
                                 ->  Parallel Hash  (cost=843608.60..843608.60 rows=1 width=72) (actual time=5447.730..5447.730 rows=519 loops=3)
                                       Buckets: 1024  Batches: 1  Memory Usage: 168kB
                                       ->  Parallel Hash Join  (cost=343587.93..843608.60 rows=1 width=72) (actual time=4333.689..5447.450 rows=519 loops=3)
                                             Hash Cond: (ci.movie_id = mi.movie_id)
                                             ->  Parallel Seq Scan on cast_info ci  (cost=0.00..498091.41 rows=514468 width=8) (actual time=195.787..2881.501 rows=414905 loops=3)
                                                   Filter: ((note)::text = ANY ('{(writer),"(head writer)","(written by)",(story),"(story editor)"}'::text[]))
                                                   Rows Removed by Filter: 11666543
                                             ->  Parallel Hash  (cost=343587.91..343587.91 rows=1 width=64) (actual time=2515.744..2515.744 rows=508 loops=3)
                                                   Buckets: 1024  Batches: 1  Memory Usage: 168kB
                                                   ->  Parallel Hash Join  (cost=311072.34..343587.91 rows=1 width=64) (actual time=2293.734..2515.245 rows=508 loops=3)
                                                         Hash Cond: (mc.movie_id = mi.movie_id)
                                                         ->  Parallel Hash Join  (cost=4723.09..37238.26 rows=106 width=4) (actual time=20.824..283.146 rows=605 loops=3)
                                                               Hash Cond: (mc.company_id = cn.id)
                                                               ->  Parallel Seq Scan on movie_companies mc  (cost=0.00..29661.37 rows=1087137 width=8) (actual time=0.031..157.240 rows=869710 loops=3)
                                                               ->  Parallel Hash  (cost=4722.92..4722.92 rows=14 width=4) (actual time=16.059..16.059 rows=3 loops=3)
                                                                     Buckets: 1024  Batches: 1  Memory Usage: 104kB
                                                                     ->  Parallel Seq Scan on company_name cn  (cost=0.00..4722.92 rows=14 width=4) (actual time=0.512..15.995 rows=3 loops=3)
                                                                           Filter: ((name)::text ~~ 'Lionsgate%'::text)
                                                                           Rows Removed by Filter: 78329
                                                         ->  Parallel Hash  (cost=306349.24..306349.24 rows=1 width=60) (actual time=2231.359..2231.359 rows=10505 loops=3)
                                                               Buckets: 32768 (originally 1024)  Batches: 1 (originally 1)  Memory Usage: 2456kB
                                                               ->  Parallel Hash Join  (cost=291078.97..306349.24 rows=1 width=60) (actual time=2023.964..2208.079 rows=10505 loops=3)
                                                                     Hash Cond: (mi_idx.movie_id = mi.movie_id)
                                                                     ->  Hash Join  (cost=2.43..15253.60 rows=5089 width=9) (actual time=0.136..161.370 rows=153308 loops=3)
                                                                           Hash Cond: (mi_idx.info_type_id = it2.id)
                                                                           ->  Parallel Seq Scan on movie_info_idx mi_idx  (cost=0.00..13685.15 rows=575015 width=13) (actual time=0.033..77.344 rows=460012 loops=3)
                                                                           ->  Hash  (cost=2.41..2.41 rows=1 width=4) (actual time=0.039..0.039 rows=1 loops=3)
                                                                                 Buckets: 1024  Batches: 1  Memory Usage: 9kB
                                                                                 ->  Seq Scan on info_type it2  (cost=0.00..2.41 rows=1 width=4) (actual time=0.025..0.027 rows=1 loops=3)
                                                                                       Filter: ((info)::text = 'votes'::text)
                                                                                       Rows Removed by Filter: 112
                                                                     ->  Parallel Hash  (cost=291076.53..291076.53 rows=1 width=51) (actual time=2023.459..2023.459 rows=11309 loops=3)
                                                                           Buckets: 65536 (originally 1024)  Batches: 1 (originally 1)  Memory Usage: 2808kB
                                                                           ->  Parallel Hash Join  (cost=51720.34..291076.53 rows=1 width=51) (actual time=1827.120..1983.049 rows=11309 loops=3)
                                                                                 Hash Cond: (mi.movie_id = mk.movie_id)
                                                                                 ->  Hash Join  (cost=2.43..239357.37 rows=330 width=47) (actual time=1258.585..1405.118 rows=24086 loops=3)
                                                                                       Hash Cond: (mi.info_type_id = it1.id)
                                                                                       ->  Parallel Seq Scan on movie_info mi  (cost=0.00..239253.38 rows=37295 width=51) (actual time=880.674..1396.836 rows=24349 loops=3)
                                                                                             Filter: ((info)::text = ANY ('{Horror,Thriller}'::text[]))
                                                                                             Rows Removed by Filter: 4920891
                                                                                       ->  Hash  (cost=2.41..2.41 rows=1 width=4) (actual time=0.077..0.077 rows=1 loops=3)
                                                                                             Buckets: 1024  Batches: 1  Memory Usage: 9kB
                                                                                             ->  Seq Scan on info_type it1  (cost=0.00..2.41 rows=1 width=4) (actual time=0.041..0.054 rows=1 loops=3)
                                                                                                   Filter: ((info)::text = 'genres'::text)
                                                                                                   Rows Removed by Filter: 112
                                                                                 ->  Parallel Hash  (cost=51716.69..51716.69 rows=98 width=4) (actual time=568.458..568.458 rows=25571 loops=3)
                                                                                       Buckets: 131072 (originally 1024)  Batches: 1 (originally 1)  Memory Usage: 5080kB
                                                                                       ->  Hash Join  (cost=3464.78..51716.69 rows=98 width=4) (actual time=40.852..483.593 rows=25571 loops=3)
                                                                                             Hash Cond: (mk.keyword_id = k.id)
                                                                                             ->  Parallel Seq Scan on movie_keyword mk  (cost=0.00..43303.71 rows=1884971 width=8) (actual time=0.038..250.224 rows=1507977 loops=3)
                                                                                             ->  Hash  (cost=3464.69..3464.69 rows=7 width=4) (actual time=40.673..40.673 rows=7 loops=3)
                                                                                                   Buckets: 1024  Batches: 1  Memory Usage: 9kB
                                                                                                   ->  Seq Scan on keyword k  (cost=0.00..3464.69 rows=7 width=4) (actual time=1.181..40.648 rows=7 loops=3)
                                                                                                         Filter: ((keyword)::text = ANY ('{murder,violence,blood,gore,death,female-nudity,hospital}'::text[]))
                                                                                                         Rows Removed by Filter: 134163
 Planning Time: 118.154 ms
 Execution Time: 6321.584 ms
(72 rows)

execute /home/pei/Project/benchmarks/imdb_job-postgres/skinner_explained/31b.sql_explained.sql
SET
SET
                                                                                                    QUERY PLAN                                                                                                     
-------------------------------------------------------------------------------------------------------------------------------------------------------------------------------------------------------------------
 Finalize Aggregate  (cost=980989.91..980989.92 rows=1 width=128) (actual time=6161.707..6161.707 rows=1 loops=1)
   ->  Gather  (cost=980989.68..980989.89 rows=2 width=128) (actual time=6161.389..6168.362 rows=3 loops=1)
         Workers Planned: 2
         Workers Launched: 2
         ->  Partial Aggregate  (cost=979989.68..979989.69 rows=1 width=128) (actual time=6153.640..6153.641 rows=1 loops=3)
               ->  Parallel Hash Join  (cost=899962.33..979989.67 rows=1 width=80) (actual time=5766.798..6153.592 rows=28 loops=3)
                     Hash Cond: (n.id = ci.person_id)
                     ->  Parallel Seq Scan on name n  (cost=0.00..77318.68 rows=722307 width=19) (actual time=0.040..449.095 rows=579860 loops=3)
                           Filter: ((gender)::text = 'm'::text)
                           Rows Removed by Filter: 809304
                     ->  Parallel Hash  (cost=899962.31..899962.31 rows=1 width=69) (actual time=5646.770..5646.770 rows=28 loops=3)
                           Buckets: 1024  Batches: 1  Memory Usage: 104kB
                           ->  Parallel Hash Join  (cost=400520.12..899962.31 rows=1 width=69) (actual time=4633.922..5646.639 rows=28 loops=3)
                                 Hash Cond: (t.id = mi.movie_id)
                                 ->  Parallel Hash Join  (cost=57069.28..556511.17 rows=79 width=29) (actual time=2183.507..3296.825 rows=212 loops=3)
                                       Hash Cond: (ci.movie_id = t.id)
                                       ->  Parallel Seq Scan on cast_info ci  (cost=0.00..498091.41 rows=514468 width=8) (actual time=203.244..2884.507 rows=414905 loops=3)
                                             Filter: ((note)::text = ANY ('{(writer),"(head writer)","(written by)",(story),"(story editor)"}'::text[]))
                                             Rows Removed by Filter: 11666543
                                       ->  Parallel Hash  (cost=57067.27..57067.27 rows=161 width=21) (actual time=364.864..364.864 rows=178 loops=3)
                                             Buckets: 1024  Batches: 1  Memory Usage: 104kB
                                             ->  Parallel Seq Scan on title t  (cost=0.00..57067.27 rows=161 width=21) (actual time=3.679..364.570 rows=178 loops=3)
                                                   Filter: ((production_year > 2000) AND (((title)::text ~~ '%Freddy%'::text) OR ((title)::text ~~ '%Jason%'::text) OR ((title)::text ~~ 'Saw%'::text)))
                                                   Rows Removed by Filter: 842593
                                 ->  Parallel Hash  (cost=343450.83..343450.83 rows=1 width=64) (actual time=2349.689..2349.689 rows=87 loops=3)
                                       Buckets: 1024  Batches: 1  Memory Usage: 104kB
                                       ->  Parallel Hash Join  (cost=104094.63..343450.83 rows=1 width=64) (actual time=2223.552..2349.559 rows=87 loops=3)
                                             Hash Cond: (mi.movie_id = mi_idx.movie_id)
                                             ->  Hash Join  (cost=2.43..239357.37 rows=330 width=47) (actual time=1274.563..1422.817 rows=24086 loops=3)
                                                   Hash Cond: (mi.info_type_id = it1.id)
                                                   ->  Parallel Seq Scan on movie_info mi  (cost=0.00..239253.38 rows=37295 width=51) (actual time=890.624..1414.728 rows=24349 loops=3)
                                                         Filter: ((info)::text = ANY ('{Horror,Thriller}'::text[]))
                                                         Rows Removed by Filter: 4920891
                                                   ->  Hash  (cost=2.41..2.41 rows=1 width=4) (actual time=0.048..0.048 rows=1 loops=3)
                                                         Buckets: 1024  Batches: 1  Memory Usage: 9kB
                                                         ->  Seq Scan on info_type it1  (cost=0.00..2.41 rows=1 width=4) (actual time=0.016..0.028 rows=1 loops=3)
                                                               Filter: ((info)::text = 'genres'::text)
                                                               Rows Removed by Filter: 112
                                             ->  Parallel Hash  (cost=104092.19..104092.19 rows=1 width=17) (actual time=923.353..923.353 rows=105 loops=3)
                                                   Buckets: 1024  Batches: 1  Memory Usage: 104kB
                                                   ->  Parallel Hash Join  (cost=88821.93..104092.19 rows=1 width=17) (actual time=809.614..923.217 rows=105 loops=3)
                                                         Hash Cond: (mi_idx.movie_id = mk.movie_id)
                                                         ->  Hash Join  (cost=2.43..15253.60 rows=5089 width=9) (actual time=0.196..161.004 rows=153308 loops=3)
                                                               Hash Cond: (mi_idx.info_type_id = it2.id)
                                                               ->  Parallel Seq Scan on movie_info_idx mi_idx  (cost=0.00..13685.15 rows=575015 width=13) (actual time=0.054..78.184 rows=460012 loops=3)
                                                               ->  Hash  (cost=2.41..2.41 rows=1 width=4) (actual time=0.072..0.072 rows=1 loops=3)
                                                                     Buckets: 1024  Batches: 1  Memory Usage: 9kB
                                                                     ->  Seq Scan on info_type it2  (cost=0.00..2.41 rows=1 width=4) (actual time=0.047..0.050 rows=1 loops=3)
                                                                           Filter: ((info)::text = 'votes'::text)
                                                                           Rows Removed by Filter: 112
                                                         ->  Parallel Hash  (cost=88819.49..88819.49 rows=1 width=8) (actual time=746.389..746.389 rows=105 loops=3)
                                                               Buckets: 1024  Batches: 1  Memory Usage: 104kB
                                                               ->  Parallel Hash Join  (cost=40567.20..88819.49 rows=1 width=8) (actual time=375.604..746.253 rows=105 loops=3)
                                                                     Hash Cond: (mk.movie_id = mc.movie_id)
                                                                     ->  Hash Join  (cost=3464.78..51716.69 rows=98 width=4) (actual time=39.239..482.719 rows=25571 loops=3)
                                                                           Hash Cond: (mk.keyword_id = k.id)
                                                                           ->  Parallel Seq Scan on movie_keyword mk  (cost=0.00..43303.71 rows=1884971 width=8) (actual time=0.021..251.861 rows=1507977 loops=3)
                                                                           ->  Hash  (cost=3464.69..3464.69 rows=7 width=4) (actual time=39.072..39.072 rows=7 loops=3)
                                                                                 Buckets: 1024  Batches: 1  Memory Usage: 9kB
                                                                                 ->  Seq Scan on keyword k  (cost=0.00..3464.69 rows=7 width=4) (actual time=1.175..39.056 rows=7 loops=3)
                                                                                       Filter: ((keyword)::text = ANY ('{murder,violence,blood,gore,death,female-nudity,hospital}'::text[]))
                                                                                       Rows Removed by Filter: 134163
                                                                     ->  Parallel Hash  (cost=37102.41..37102.41 rows=1 width=4) (actual time=259.171..259.171 rows=45 loops=3)
                                                                           Buckets: 1024  Batches: 1  Memory Usage: 104kB
                                                                           ->  Parallel Hash Join  (cost=4723.09..37102.41 rows=1 width=4) (actual time=55.862..259.051 rows=45 loops=3)
                                                                                 Hash Cond: (mc.company_id = cn.id)
                                                                                 ->  Parallel Seq Scan on movie_companies mc  (cost=0.00..32379.21 rows=39 width=8) (actual time=1.248..236.095 rows=2654 loops=3)
                                                                                       Filter: ((note)::text ~~ '%(Blu-ray)%'::text)
                                                                                       Rows Removed by Filter: 867055
                                                                                 ->  Parallel Hash  (cost=4722.92..4722.92 rows=14 width=4) (actual time=22.057..22.057 rows=3 loops=3)
                                                                                       Buckets: 1024  Batches: 1  Memory Usage: 72kB
                                                                                       ->  Parallel Seq Scan on company_name cn  (cost=0.00..4722.92 rows=14 width=4) (actual time=7.248..22.007 rows=3 loops=3)
                                                                                             Filter: ((name)::text ~~ 'Lionsgate%'::text)
                                                                                             Rows Removed by Filter: 78329
 Planning Time: 120.995 ms
 Execution Time: 6169.450 ms
(76 rows)

execute /home/pei/Project/benchmarks/imdb_job-postgres/skinner_explained/31c.sql_explained.sql
SET
SET
                                                                                                             QUERY PLAN                                                                                                              
-------------------------------------------------------------------------------------------------------------------------------------------------------------------------------------------------------------------------------------
 Finalize Aggregate  (cost=1005633.28..1005633.29 rows=1 width=128) (actual time=7902.845..7902.845 rows=1 loops=1)
   ->  Gather  (cost=1005633.05..1005633.26 rows=2 width=128) (actual time=7901.129..7910.595 rows=3 loops=1)
         Workers Planned: 2
         Workers Launched: 2
         ->  Partial Aggregate  (cost=1004633.05..1004633.06 rows=1 width=128) (actual time=7892.911..7892.911 rows=1 loops=3)
               ->  Parallel Hash Join  (cost=954149.91..1004633.04 rows=1 width=80) (actual time=7736.920..7892.354 rows=942 loops=3)
                     Hash Cond: (t.id = mi.movie_id)
                     ->  Parallel Seq Scan on title t  (cost=0.00..46532.63 rows=1053463 width=21) (actual time=0.022..230.041 rows=842771 loops=3)
                     ->  Parallel Hash  (cost=954149.90..954149.90 rows=1 width=83) (actual time=7551.538..7551.538 rows=942 loops=3)
                           Buckets: 4096 (originally 1024)  Batches: 1 (originally 1)  Memory Usage: 344kB
                           ->  Parallel Hash Join  (cost=874660.64..954149.90 rows=1 width=83) (actual time=6920.958..7471.223 rows=942 loops=3)
                                 Hash Cond: (n.id = ci.person_id)
                                 ->  Parallel Seq Scan on name n  (cost=0.00..72977.55 rows=1736455 width=19) (actual time=0.052..374.256 rows=1389164 loops=3)
                                 ->  Parallel Hash  (cost=874660.62..874660.62 rows=1 width=72) (actual time=6916.152..6916.152 rows=942 loops=3)
                                       Buckets: 4096 (originally 1024)  Batches: 1 (originally 1)  Memory Usage: 312kB
                                       ->  Parallel Hash Join  (cost=374639.95..874660.62 rows=1 width=72) (actual time=5244.562..6363.763 rows=942 loops=3)
                                             Hash Cond: (ci.movie_id = mi.movie_id)
                                             ->  Parallel Seq Scan on cast_info ci  (cost=0.00..498091.41 rows=514468 width=8) (actual time=167.632..2931.952 rows=414905 loops=3)
                                                   Filter: ((note)::text = ANY ('{(writer),"(head writer)","(written by)",(story),"(story editor)"}'::text[]))
                                                   Rows Removed by Filter: 11666543
                                             ->  Parallel Hash  (cost=374639.93..374639.93 rows=1 width=64) (actual time=3384.920..3384.920 rows=947 loops=3)
                                                   Buckets: 4096 (originally 1024)  Batches: 1 (originally 1)  Memory Usage: 312kB
                                                   ->  Parallel Hash Join  (cost=342124.37..374639.93 rows=1 width=64) (actual time=2879.620..3102.259 rows=947 loops=3)
                                                         Hash Cond: (mc.movie_id = mi.movie_id)
                                                         ->  Parallel Hash Join  (cost=4723.09..37238.26 rows=106 width=4) (actual time=24.010..283.783 rows=605 loops=3)
                                                               Hash Cond: (mc.company_id = cn.id)
                                                               ->  Parallel Seq Scan on movie_companies mc  (cost=0.00..29661.37 rows=1087137 width=8) (actual time=0.047..157.416 rows=869710 loops=3)
                                                               ->  Parallel Hash  (cost=4722.92..4722.92 rows=14 width=4) (actual time=16.538..16.539 rows=3 loops=3)
                                                                     Buckets: 1024  Batches: 1  Memory Usage: 104kB
                                                                     ->  Parallel Seq Scan on company_name cn  (cost=0.00..4722.92 rows=14 width=4) (actual time=2.090..16.463 rows=3 loops=3)
                                                                           Filter: ((name)::text ~~ 'Lionsgate%'::text)
                                                                           Rows Removed by Filter: 78329
                                                         ->  Parallel Hash  (cost=337401.26..337401.26 rows=1 width=60) (actual time=2817.373..2817.373 rows=21129 loops=3)
                                                               Buckets: 65536 (originally 1024)  Batches: 1 (originally 1)  Memory Usage: 4824kB
                                                               ->  Parallel Hash Join  (cost=322130.99..337401.26 rows=1 width=60) (actual time=2567.386..2761.519 rows=21129 loops=3)
                                                                     Hash Cond: (mi_idx.movie_id = mi.movie_id)
                                                                     ->  Hash Join  (cost=2.43..15253.60 rows=5089 width=9) (actual time=0.137..165.089 rows=153308 loops=3)
                                                                           Hash Cond: (mi_idx.info_type_id = it2.id)
                                                                           ->  Parallel Seq Scan on movie_info_idx mi_idx  (cost=0.00..13685.15 rows=575015 width=13) (actual time=0.033..80.608 rows=460012 loops=3)
                                                                           ->  Hash  (cost=2.41..2.41 rows=1 width=4) (actual time=0.040..0.040 rows=1 loops=3)
                                                                                 Buckets: 1024  Batches: 1  Memory Usage: 9kB
                                                                                 ->  Seq Scan on info_type it2  (cost=0.00..2.41 rows=1 width=4) (actual time=0.027..0.030 rows=1 loops=3)
                                                                                       Filter: ((info)::text = 'votes'::text)
                                                                                       Rows Removed by Filter: 112
                                                                     ->  Parallel Hash  (cost=322128.55..322128.55 rows=1 width=51) (actual time=2566.641..2566.641 rows=22680 loops=3)
                                                                           Buckets: 131072 (originally 1024)  Batches: 1 (originally 1)  Memory Usage: 5432kB
                                                                           ->  Parallel Hash Join  (cost=51720.34..322128.55 rows=1 width=51) (actual time=2288.352..2527.456 rows=22680 loops=3)
                                                                                 Hash Cond: (mi.movie_id = mk.movie_id)
                                                                                 ->  Hash Join  (cost=2.43..270407.66 rows=793 width=47) (actual time=1722.406..1942.967 rows=62198 loops=3)
                                                                                       Hash Cond: (mi.info_type_id = it1.id)
                                                                                       ->  Parallel Seq Scan on movie_info mi  (cost=0.00..270161.12 rows=89632 width=51) (actual time=1087.023..1925.487 rows=62990 loops=3)
                                                                                             Filter: ((info)::text = ANY ('{Horror,Action,Sci-Fi,Thriller,Crime,War}'::text[]))
                                                                                             Rows Removed by Filter: 4882250
                                                                                       ->  Hash  (cost=2.41..2.41 rows=1 width=4) (actual time=0.080..0.080 rows=1 loops=3)
                                                                                             Buckets: 1024  Batches: 1  Memory Usage: 9kB
                                                                                             ->  Seq Scan on info_type it1  (cost=0.00..2.41 rows=1 width=4) (actual time=0.041..0.054 rows=1 loops=3)
                                                                                                   Filter: ((info)::text = 'genres'::text)
                                                                                                   Rows Removed by Filter: 112
                                                                                 ->  Parallel Hash  (cost=51716.69..51716.69 rows=98 width=4) (actual time=565.858..565.858 rows=25571 loops=3)
                                                                                       Buckets: 131072 (originally 1024)  Batches: 1 (originally 1)  Memory Usage: 5080kB
                                                                                       ->  Hash Join  (cost=3464.78..51716.69 rows=98 width=4) (actual time=41.414..484.424 rows=25571 loops=3)
                                                                                             Hash Cond: (mk.keyword_id = k.id)
                                                                                             ->  Parallel Seq Scan on movie_keyword mk  (cost=0.00..43303.71 rows=1884971 width=8) (actual time=0.073..252.897 rows=1507977 loops=3)
                                                                                             ->  Hash  (cost=3464.69..3464.69 rows=7 width=4) (actual time=41.220..41.220 rows=7 loops=3)
                                                                                                   Buckets: 1024  Batches: 1  Memory Usage: 9kB
                                                                                                   ->  Seq Scan on keyword k  (cost=0.00..3464.69 rows=7 width=4) (actual time=1.182..41.193 rows=7 loops=3)
                                                                                                         Filter: ((keyword)::text = ANY ('{murder,violence,blood,gore,death,female-nudity,hospital}'::text[]))
                                                                                                         Rows Removed by Filter: 134163
 Planning Time: 118.241 ms
 Execution Time: 7911.649 ms
(70 rows)

execute /home/pei/Project/benchmarks/imdb_job-postgres/skinner_explained/32a.sql_explained.sql
SET
SET
                                                                                                       QUERY PLAN                                                                                                       
------------------------------------------------------------------------------------------------------------------------------------------------------------------------------------------------------------------------
 Finalize Aggregate  (cost=75986.58..75986.59 rows=1 width=96) (actual time=395.144..395.144 rows=1 loops=1)
   ->  Gather  (cost=75986.36..75986.57 rows=2 width=96) (actual time=394.839..400.612 rows=3 loops=1)
         Workers Planned: 2
         Workers Launched: 2
         ->  Partial Aggregate  (cost=74986.36..74986.37 rows=1 width=96) (actual time=387.880..387.881 rows=1 loops=3)
               ->  Parallel Hash Join  (cost=24503.19..74986.33 rows=4 width=116) (actual time=387.875..387.876 rows=0 loops=3)
                     Hash Cond: (t2.id = ml.linked_movie_id)
                     ->  Parallel Seq Scan on title t2  (cost=0.00..46532.63 rows=1053463 width=21) (never executed)
                     ->  Parallel Hash  (cost=24503.14..24503.14 rows=4 width=103) (actual time=387.485..387.485 rows=0 loops=3)
                           Buckets: 1024  Batches: 1  Memory Usage: 0kB
                           ->  Hash Join  (cost=2676.61..24503.14 rows=4 width=103) (actual time=384.154..384.154 rows=0 loops=3)
                                 Hash Cond: (ml.link_type_id = lt.id)
                                 ->  Hash Join  (cost=2675.20..24501.72 rows=4 width=25) (actual time=384.031..384.031 rows=0 loops=3)
                                       Hash Cond: (mk.keyword_id = k.id)
                                       ->  Merge Join  (cost=49.07..20347.47 rows=582120 width=29) (actual time=9.361..353.719 rows=96064 loops=3)
                                             Merge Cond: (t1.id = ml.movie_id)
                                             ->  Merge Join  (cost=47.47..247535.04 rows=1884971 width=29) (actual time=9.166..297.689 rows=32619 loops=3)
                                                   Merge Cond: (mk.movie_id = t1.id)
                                                   ->  Parallel Index Scan using movie_id_movie_keyword on movie_keyword mk  (cost=0.43..115667.54 rows=1884971 width=8) (actual time=0.067..12.468 rows=32619 loops=3)
                                                   ->  Index Scan using title_pkey on title t1  (cost=0.43..102082.17 rows=2528312 width=21) (actual time=0.045..255.292 rows=187035 loops=3)
                                             ->  Index Scan using movie_id_movie_link on movie_link ml  (cost=0.29..959.51 rows=29997 width=12) (actual time=0.048..29.880 rows=120320 loops=3)
                                       ->  Hash  (cost=2626.12..2626.12 rows=1 width=4) (actual time=21.363..21.363 rows=1 loops=3)
                                             Buckets: 1024  Batches: 1  Memory Usage: 9kB
                                             ->  Seq Scan on keyword k  (cost=0.00..2626.12 rows=1 width=4) (actual time=20.779..21.344 rows=1 loops=3)
                                                   Filter: ((keyword)::text = '10,000-mile-club'::text)
                                                   Rows Removed by Filter: 134169
                                 ->  Hash  (cost=1.18..1.18 rows=18 width=86) (actual time=0.078..0.078 rows=18 loops=3)
                                       Buckets: 1024  Batches: 1  Memory Usage: 9kB
                                       ->  Seq Scan on link_type lt  (cost=0.00..1.18 rows=18 width=86) (actual time=0.049..0.053 rows=18 loops=3)
 Planning Time: 5.323 ms
 Execution Time: 401.240 ms
(31 rows)

execute /home/pei/Project/benchmarks/imdb_job-postgres/skinner_explained/32b.sql_explained.sql
SET
SET
                                                                                                      QUERY PLAN                                                                                                       
-----------------------------------------------------------------------------------------------------------------------------------------------------------------------------------------------------------------------
 Finalize Aggregate  (cost=75986.58..75986.59 rows=1 width=96) (actual time=758.490..758.490 rows=1 loops=1)
   ->  Gather  (cost=75986.36..75986.57 rows=2 width=96) (actual time=758.140..764.870 rows=3 loops=1)
         Workers Planned: 2
         Workers Launched: 2
         ->  Partial Aggregate  (cost=74986.36..74986.37 rows=1 width=96) (actual time=751.114..751.114 rows=1 loops=3)
               ->  Parallel Hash Join  (cost=24503.19..74986.33 rows=4 width=116) (actual time=378.671..749.510 rows=1463 loops=3)
                     Hash Cond: (t2.id = ml.linked_movie_id)
                     ->  Parallel Seq Scan on title t2  (cost=0.00..46532.63 rows=1053463 width=21) (actual time=0.013..239.669 rows=842771 loops=3)
                     ->  Parallel Hash  (cost=24503.14..24503.14 rows=4 width=103) (actual time=377.816..377.816 rows=1463 loops=3)
                           Buckets: 4096 (originally 1024)  Batches: 1 (originally 1)  Memory Usage: 376kB
                           ->  Hash Join  (cost=2676.61..24503.14 rows=4 width=103) (actual time=40.428..355.475 rows=1463 loops=3)
                                 Hash Cond: (ml.link_type_id = lt.id)
                                 ->  Hash Join  (cost=2675.20..24501.72 rows=4 width=25) (actual time=40.306..354.890 rows=1463 loops=3)
                                       Hash Cond: (mk.keyword_id = k.id)
                                       ->  Merge Join  (cost=49.07..20347.47 rows=582120 width=29) (actual time=2.631..324.456 rows=96064 loops=3)
                                             Merge Cond: (t1.id = ml.movie_id)
                                             ->  Merge Join  (cost=47.47..247535.04 rows=1884971 width=29) (actual time=2.475..271.824 rows=32619 loops=3)
                                                   Merge Cond: (mk.movie_id = t1.id)
                                                   ->  Parallel Index Scan using movie_id_movie_keyword on movie_keyword mk  (cost=0.43..115667.54 rows=1884971 width=8) (actual time=0.025..8.357 rows=32619 loops=3)
                                                   ->  Index Scan using title_pkey on title t1  (cost=0.43..102082.17 rows=2528312 width=21) (actual time=0.045..234.378 rows=187035 loops=3)
                                             ->  Index Scan using movie_id_movie_link on movie_link ml  (cost=0.29..959.51 rows=29997 width=12) (actual time=0.046..26.680 rows=120370 loops=3)
                                       ->  Hash  (cost=2626.12..2626.12 rows=1 width=4) (actual time=21.282..21.282 rows=1 loops=3)
                                             Buckets: 1024  Batches: 1  Memory Usage: 9kB
                                             ->  Seq Scan on keyword k  (cost=0.00..2626.12 rows=1 width=4) (actual time=0.982..21.266 rows=1 loops=3)
                                                   Filter: ((keyword)::text = 'character-name-in-title'::text)
                                                   Rows Removed by Filter: 134169
                                 ->  Hash  (cost=1.18..1.18 rows=18 width=86) (actual time=0.074..0.074 rows=18 loops=3)
                                       Buckets: 1024  Batches: 1  Memory Usage: 9kB
                                       ->  Seq Scan on link_type lt  (cost=0.00..1.18 rows=18 width=86) (actual time=0.045..0.048 rows=18 loops=3)
 Planning Time: 5.088 ms
 Execution Time: 765.491 ms
(31 rows)

execute /home/pei/Project/benchmarks/imdb_job-postgres/skinner_explained/33a.sql_explained.sql
SET
SET
                                                                                                                           QUERY PLAN                                                                                                                           
----------------------------------------------------------------------------------------------------------------------------------------------------------------------------------------------------------------------------------------------------------------
 Aggregate  (cost=154593.22..154593.23 rows=1 width=192) (actual time=1485.087..1485.087 rows=1 loops=1)
   ->  Hash Join  (cost=144214.38..154593.20 rows=1 width=82) (actual time=1485.053..1485.065 rows=8 loops=1)
         Hash Cond: (t2.kind_id = kt2.id)
         ->  Hash Join  (cost=144213.28..154592.10 rows=1 width=86) (actual time=1484.940..1484.950 rows=8 loops=1)
               Hash Cond: (mi_idx1.info_type_id = it1.id)
               ->  Hash Join  (cost=144210.85..154589.67 rows=2 width=90) (actual time=1484.819..1484.846 rows=24 loops=1)
                     Hash Cond: (t1.kind_id = kt1.id)
                     ->  Merge Join  (cost=144209.75..154588.52 rows=12 width=94) (actual time=1484.732..1484.751 rows=24 loops=1)
                           Merge Cond: (ml.movie_id = t1.id)
                           ->  Merge Join  (cost=144209.32..146403.23 rows=12 width=85) (actual time=1462.477..1462.490 rows=24 loops=1)
                                 Merge Cond: (mi_idx1.movie_id = ml.movie_id)
                                 ->  Index Scan using movie_id_movie_info_idx on movie_info_idx mi_idx1  (cost=0.43..43826.36 rows=1380035 width=13) (actual time=0.038..2.465 rows=8479 loops=1)
                                 ->  Sort  (cost=144208.90..144208.91 rows=4 width=72) (actual time=1459.057..1459.059 rows=22 loops=1)
                                       Sort Key: ml.movie_id
                                       Sort Method: quicksort  Memory: 26kB
                                       ->  Hash Join  (cost=137529.19..144208.86 rows=4 width=72) (actual time=1420.562..1458.957 rows=8 loops=1)
                                             Hash Cond: (cn1.id = mc1.company_id)
                                             ->  Seq Scan on company_name cn1  (cost=0.00..5932.46 rows=85390 width=23) (actual time=0.037..46.923 rows=84843 loops=1)
                                                   Filter: ((country_code)::text = '[us]'::text)
                                                   Rows Removed by Filter: 150154
                                             ->  Hash  (cost=137529.07..137529.07 rows=10 width=57) (actual time=1404.654..1404.654 rows=29 loops=1)
                                                   Buckets: 1024  Batches: 1  Memory Usage: 12kB
                                                   ->  Merge Join  (cost=132176.15..137529.07 rows=10 width=57) (actual time=1379.255..1404.632 rows=29 loops=1)
                                                         Merge Cond: (mc1.movie_id = ml.movie_id)
                                                         ->  Index Scan using movie_id_movie_companies on movie_companies mc1  (cost=0.43..131550.35 rows=2609129 width=8) (actual time=0.023..25.387 rows=61895 loops=1)
                                                         ->  Sort  (cost=132175.72..132175.73 rows=2 width=49) (actual time=1371.896..1371.899 rows=29 loops=1)
                                                               Sort Key: ml.movie_id
                                                               Sort Method: quicksort  Memory: 26kB
                                                               ->  Gather  (cost=127279.79..132175.71 rows=2 width=49) (actual time=1287.909..1372.219 rows=11 loops=1)
                                                                     Workers Planned: 1
                                                                     Workers Launched: 1
                                                                     ->  Parallel Hash Join  (cost=126279.79..131175.51 rows=1 width=49) (actual time=1281.311..1314.498 rows=6 loops=2)
                                                                           Hash Cond: (cn2.id = mc2.company_id)
                                                                           ->  Parallel Seq Scan on company_name cn2  (cost=0.00..4377.34 rows=138234 width=23) (actual time=0.006..20.654 rows=117498 loops=2)
                                                                           ->  Parallel Hash  (cost=126279.78..126279.78 rows=1 width=34) (actual time=1279.320..1279.320 rows=6 loops=2)
                                                                                 Buckets: 1024  Batches: 1  Memory Usage: 72kB
                                                                                 ->  Parallel Hash Join  (cost=92541.63..126279.78 rows=1 width=34) (actual time=894.306..1279.244 rows=6 loops=2)
                                                                                       Hash Cond: (mc2.movie_id = t2.id)
                                                                                       ->  Parallel Seq Scan on movie_companies mc2  (cost=0.00..29661.37 rows=1087137 width=8) (actual time=0.023..234.691 rows=1304564 loops=2)
                                                                                       ->  Parallel Hash  (cost=92541.62..92541.62 rows=1 width=42) (actual time=885.504..885.504 rows=3 loops=2)
                                                                                             Buckets: 1024  Batches: 1  Memory Usage: 72kB
                                                                                             ->  Hash Join  (cost=76393.09..92541.62 rows=1 width=42) (actual time=634.503..885.439 rows=3 loops=2)
                                                                                                   Hash Cond: (mi_idx2.info_type_id = it2.id)
                                                                                                   ->  Parallel Hash Join  (cost=76390.66..92538.93 rows=96 width=46) (actual time=632.411..885.287 rows=153 loops=2)
                                                                                                         Hash Cond: (mi_idx2.movie_id = t2.id)
                                                                                                         ->  Parallel Seq Scan on movie_info_idx mi_idx2  (cost=0.00..15122.68 rows=273383 width=13) (actual time=0.041..217.628 rows=327480 loops=2)
                                                                                                               Filter: ((info)::text < '3.0'::text)
                                                                                                               Rows Removed by Filter: 362537
                                                                                                         ->  Parallel Hash  (cost=76386.05..76386.05 rows=369 width=33) (actual time=632.137..632.137 rows=122 loops=2)
                                                                                                               Buckets: 1024  Batches: 1  Memory Usage: 72kB
                                                                                                               ->  Hash Join  (cost=75275.92..76386.05 rows=369 width=33) (actual time=567.586..632.020 rows=122 loops=2)
                                                                                                                     Hash Cond: (ml.link_type_id = lt.id)
                                                                                                                     ->  Merge Join  (cost=75274.64..76377.59 rows=2212 width=37) (actual time=567.403..631.634 rows=2166 loops=2)
                                                                                                                           Merge Cond: (t2.id = ml.linked_movie_id)
                                                                                                                           ->  Sort  (cost=72580.89..73046.92 rows=186410 width=25) (actual time=546.450..580.647 rows=222854 loops=2)
                                                                                                                                 Sort Key: t2.id
                                                                                                                                 Sort Method: external merge  Disk: 8072kB
                                                                                                                                 Worker 0:  Sort Method: external merge  Disk: 7920kB
                                                                                                                                 ->  Parallel Seq Scan on title t2  (cost=0.00..51799.95 rows=186410 width=25) (actual time=0.035..396.699 rows=222930 loops=2)
                                                                                                                                       Filter: ((production_year >= 2005) AND (production_year <= 2008))
                                                                                                                                       Rows Removed by Filter: 1041226
                                                                                                                           ->  Sort  (cost=2693.63..2768.62 rows=29997 width=12) (actual time=20.933..23.257 rows=29997 loops=2)
                                                                                                                                 Sort Key: ml.linked_movie_id
                                                                                                                                 Sort Method: quicksort  Memory: 2175kB
                                                                                                                                 Worker 0:  Sort Method: quicksort  Memory: 2175kB
                                                                                                                                 ->  Seq Scan on movie_link ml  (cost=0.00..462.97 rows=29997 width=12) (actual time=0.047..6.703 rows=29997 loops=2)
                                                                                                                     ->  Hash  (cost=1.25..1.25 rows=3 width=4) (actual time=0.068..0.068 rows=2 loops=2)
                                                                                                                           Buckets: 1024  Batches: 1  Memory Usage: 9kB
                                                                                                                           ->  Seq Scan on link_type lt  (cost=0.00..1.25 rows=3 width=4) (actual time=0.052..0.057 rows=2 loops=2)
                                                                                                                                 Filter: ((link)::text = ANY ('{sequel,follows,"followed by"}'::text[]))
                                                                                                                                 Rows Removed by Filter: 16
                                                                                                   ->  Hash  (cost=2.41..2.41 rows=1 width=4) (actual time=0.058..0.058 rows=1 loops=2)
                                                                                                         Buckets: 1024  Batches: 1  Memory Usage: 9kB
                                                                                                         ->  Seq Scan on info_type it2  (cost=0.00..2.41 rows=1 width=4) (actual time=0.039..0.042 rows=1 loops=2)
                                                                                                               Filter: ((info)::text = 'rating'::text)
                                                                                                               Rows Removed by Filter: 112
                           ->  Index Scan using title_pkey on title t1  (cost=0.43..102082.17 rows=2528312 width=25) (actual time=0.015..19.809 rows=22690 loops=1)
                     ->  Hash  (cost=1.09..1.09 rows=1 width=4) (actual time=0.023..0.023 rows=1 loops=1)
                           Buckets: 1024  Batches: 1  Memory Usage: 9kB
                           ->  Seq Scan on kind_type kt1  (cost=0.00..1.09 rows=1 width=4) (actual time=0.008..0.010 rows=1 loops=1)
                                 Filter: ((kind)::text = 'tv series'::text)
                                 Rows Removed by Filter: 6
               ->  Hash  (cost=2.41..2.41 rows=1 width=4) (actual time=0.036..0.036 rows=1 loops=1)
                     Buckets: 1024  Batches: 1  Memory Usage: 9kB
                     ->  Seq Scan on info_type it1  (cost=0.00..2.41 rows=1 width=4) (actual time=0.022..0.025 rows=1 loops=1)
                           Filter: ((info)::text = 'rating'::text)
                           Rows Removed by Filter: 112
         ->  Hash  (cost=1.09..1.09 rows=1 width=4) (actual time=0.045..0.045 rows=1 loops=1)
               Buckets: 1024  Batches: 1  Memory Usage: 9kB
               ->  Seq Scan on kind_type kt2  (cost=0.00..1.09 rows=1 width=4) (actual time=0.024..0.026 rows=1 loops=1)
                     Filter: ((kind)::text = 'tv series'::text)
                     Rows Removed by Filter: 6
 Planning Time: 112.243 ms
 Execution Time: 1488.847 ms
(94 rows)

execute /home/pei/Project/benchmarks/imdb_job-postgres/skinner_explained/33b.sql_explained.sql
SET
SET
                                                                                                                                    QUERY PLAN                                                                                                                                    
----------------------------------------------------------------------------------------------------------------------------------------------------------------------------------------------------------------------------------------------------------------------------------
 Aggregate  (cost=126526.42..126526.43 rows=1 width=192) (actual time=1266.756..1266.756 rows=1 loops=1)
   ->  Hash Join  (cost=121630.57..126526.40 rows=1 width=82) (actual time=1237.924..1266.738 rows=4 loops=1)
         Hash Cond: (mi_idx2.info_type_id = it2.id)
         ->  Hash Join  (cost=121628.15..126523.97 rows=1 width=86) (actual time=1237.819..1266.632 rows=8 loops=1)
               Hash Cond: (t2.kind_id = kt2.id)
               ->  Gather  (cost=121627.05..126522.87 rows=1 width=90) (actual time=1237.733..1271.286 rows=42 loops=1)
                     Workers Planned: 1
                     Workers Launched: 1
                     ->  Parallel Hash Join  (cost=120627.05..125522.77 rows=1 width=90) (actual time=1231.060..1260.026 rows=21 loops=2)
                           Hash Cond: (cn2.id = mc2.company_id)
                           ->  Parallel Seq Scan on company_name cn2  (cost=0.00..4377.34 rows=138234 width=23) (actual time=0.007..16.329 rows=117498 loops=2)
                           ->  Parallel Hash  (cost=120627.03..120627.03 rows=1 width=75) (actual time=1229.742..1229.742 rows=21 loops=2)
                                 Buckets: 1024  Batches: 1  Memory Usage: 72kB
                                 ->  Parallel Hash Join  (cost=86888.89..120627.03 rows=1 width=75) (actual time=879.504..1229.663 rows=21 loops=2)
                                       Hash Cond: (mc2.movie_id = t2.id)
                                       ->  Parallel Seq Scan on movie_companies mc2  (cost=0.00..29661.37 rows=1087137 width=8) (actual time=0.006..230.554 rows=1304564 loops=2)
                                       ->  Parallel Hash  (cost=86888.88..86888.88 rows=1 width=83) (actual time=840.473..840.473 rows=6 loops=2)
                                             Buckets: 1024  Batches: 1  Memory Usage: 72kB
                                             ->  Hash Join  (cost=70741.00..86888.88 rows=1 width=83) (actual time=648.116..840.439 rows=6 loops=2)
                                                   Hash Cond: (mi_idx1.info_type_id = it1.id)
                                                   ->  Parallel Hash Join  (cost=70738.57..86886.45 rows=1 width=87) (actual time=647.988..840.308 rows=18 loops=2)
                                                         Hash Cond: (mi_idx2.movie_id = t2.id)
                                                         ->  Parallel Seq Scan on movie_info_idx mi_idx2  (cost=0.00..15122.68 rows=273383 width=13) (actual time=0.018..213.286 rows=327480 loops=2)
                                                               Filter: ((info)::text < '3.0'::text)
                                                               Rows Removed by Filter: 362537
                                                         ->  Parallel Hash  (cost=70738.56..70738.56 rows=1 width=74) (actual time=593.210..593.211 rows=9 loops=2)
                                                               Buckets: 1024  Batches: 1  Memory Usage: 40kB
                                                               ->  Parallel Hash Join  (cost=21387.24..70738.56 rows=1 width=74) (actual time=415.638..593.150 rows=9 loops=2)
                                                                     Hash Cond: (t2.id = ml.linked_movie_id)
                                                                     ->  Parallel Seq Scan on title t2  (cost=0.00..49166.29 rows=49337 width=25) (actual time=0.053..344.956 rows=59782 loops=2)
                                                                           Filter: (production_year = 2007)
                                                                           Rows Removed by Filter: 1204374
                                                                     ->  Parallel Hash  (cost=21387.06..21387.06 rows=15 width=49) (actual time=234.066..234.066 rows=590 loops=2)
                                                                           Buckets: 1024  Batches: 1  Memory Usage: 168kB
                                                                           ->  Hash Join  (cost=14591.57..21387.06 rows=15 width=49) (actual time=140.847..233.503 rows=590 loops=2)
                                                                                 Hash Cond: (t1.kind_id = kt1.id)
                                                                                 ->  Merge Join  (cost=14590.47..21385.52 rows=102 width=53) (actual time=140.759..233.233 rows=716 loops=2)
                                                                                       Merge Cond: (t1.id = ml.movie_id)
                                                                                       ->  Parallel Index Scan using title_pkey on title t1  (cost=0.43..87333.68 rows=1053463 width=25) (actual time=0.028..83.085 rows=81444 loops=2)
                                                                                       ->  Sort  (cost=14590.04..14590.65 rows=246 width=44) (actual time=140.328..140.427 rows=1431 loops=2)
                                                                                             Sort Key: ml.movie_id
                                                                                             Sort Method: quicksort  Memory: 213kB
                                                                                             Worker 0:  Sort Method: quicksort  Memory: 213kB
                                                                                             ->  Hash Join  (cost=6611.72..14580.27 rows=246 width=44) (actual time=62.180..139.219 rows=1431 loops=2)
                                                                                                   Hash Cond: (mc1.company_id = cn1.id)
                                                                                                   ->  Merge Join  (cost=651.94..8551.02 rows=26465 width=29) (actual time=10.427..83.988 rows=29022 loops=2)
                                                                                                         Merge Cond: (ml.movie_id = mc1.movie_id)
                                                                                                         ->  Merge Join  (cost=651.06..2920.55 rows=5051 width=21) (actual time=10.318..34.214 rows=6192 loops=2)
                                                                                                               Merge Cond: (mi_idx1.movie_id = ml.movie_id)
                                                                                                               ->  Index Scan using movie_id_movie_info_idx on movie_info_idx mi_idx1  (cost=0.43..43826.36 rows=1380035 width=13) (actual time=0.034..14.641 rows=63901 loops=2)
                                                                                                               ->  Sort  (cost=650.63..654.80 rows=1666 width=8) (actual time=10.252..10.776 rows=6443 loops=2)
                                                                                                                     Sort Key: ml.movie_id
                                                                                                                     Sort Method: quicksort  Memory: 205kB
                                                                                                                     Worker 0:  Sort Method: quicksort  Memory: 205kB
                                                                                                                     ->  Hash Join  (cost=1.24..561.48 rows=1666 width=8) (actual time=0.147..9.096 rows=2315 loops=2)
                                                                                                                           Hash Cond: (ml.link_type_id = lt.id)
                                                                                                                           ->  Seq Scan on movie_link ml  (cost=0.00..462.97 rows=29997 width=12) (actual time=0.029..4.870 rows=29997 loops=2)
                                                                                                                           ->  Hash  (cost=1.23..1.23 rows=1 width=4) (actual time=0.048..0.048 rows=2 loops=2)
                                                                                                                                 Buckets: 1024  Batches: 1  Memory Usage: 9kB
                                                                                                                                 ->  Seq Scan on link_type lt  (cost=0.00..1.23 rows=1 width=4) (actual time=0.031..0.036 rows=2 loops=2)
                                                                                                                                       Filter: ((link)::text ~~ '%follow%'::text)
                                                                                                                                       Rows Removed by Filter: 16
                                                                                                         ->  Index Scan using movie_id_movie_companies on movie_companies mc1  (cost=0.43..131550.35 rows=2609129 width=8) (actual time=0.020..33.373 rows=111067 loops=2)
                                                                                                   ->  Hash  (cost=5932.46..5932.46 rows=2185 width=23) (actual time=51.729..51.729 rows=2340 loops=2)
                                                                                                         Buckets: 4096  Batches: 1  Memory Usage: 160kB
                                                                                                         ->  Seq Scan on company_name cn1  (cost=0.00..5932.46 rows=2185 width=23) (actual time=0.052..50.168 rows=2340 loops=2)
                                                                                                               Filter: ((country_code)::text = '[nl]'::text)
                                                                                                               Rows Removed by Filter: 232657
                                                                                 ->  Hash  (cost=1.09..1.09 rows=1 width=4) (actual time=0.029..0.029 rows=1 loops=2)
                                                                                       Buckets: 1024  Batches: 1  Memory Usage: 9kB
                                                                                       ->  Seq Scan on kind_type kt1  (cost=0.00..1.09 rows=1 width=4) (actual time=0.016..0.018 rows=1 loops=2)
                                                                                             Filter: ((kind)::text = 'tv series'::text)
                                                                                             Rows Removed by Filter: 6
                                                   ->  Hash  (cost=2.41..2.41 rows=1 width=4) (actual time=0.061..0.061 rows=1 loops=2)
                                                         Buckets: 1024  Batches: 1  Memory Usage: 9kB
                                                         ->  Seq Scan on info_type it1  (cost=0.00..2.41 rows=1 width=4) (actual time=0.039..0.042 rows=1 loops=2)
                                                               Filter: ((info)::text = 'rating'::text)
                                                               Rows Removed by Filter: 112
               ->  Hash  (cost=1.09..1.09 rows=1 width=4) (actual time=0.031..0.031 rows=1 loops=1)
                     Buckets: 1024  Batches: 1  Memory Usage: 9kB
                     ->  Seq Scan on kind_type kt2  (cost=0.00..1.09 rows=1 width=4) (actual time=0.019..0.021 rows=1 loops=1)
                           Filter: ((kind)::text = 'tv series'::text)
                           Rows Removed by Filter: 6
         ->  Hash  (cost=2.41..2.41 rows=1 width=4) (actual time=0.045..0.045 rows=1 loops=1)
               Buckets: 1024  Batches: 1  Memory Usage: 9kB
               ->  Seq Scan on info_type it2  (cost=0.00..2.41 rows=1 width=4) (actual time=0.025..0.027 rows=1 loops=1)
                     Filter: ((info)::text = 'rating'::text)
                     Rows Removed by Filter: 112
 Planning Time: 112.687 ms
 Execution Time: 1272.654 ms
(90 rows)

execute /home/pei/Project/benchmarks/imdb_job-postgres/skinner_explained/33c.sql_explained.sql
SET
SET
                                                                                                                                       QUERY PLAN                                                                                                                                        
-----------------------------------------------------------------------------------------------------------------------------------------------------------------------------------------------------------------------------------------------------------------------------------------
 Aggregate  (cost=141754.28..141754.29 rows=1 width=192) (actual time=1598.451..1598.452 rows=1 loops=1)
   ->  Hash Join  (cost=133569.54..141754.26 rows=1 width=82) (actual time=1481.817..1598.319 rows=114 loops=1)
         Hash Cond: (t1.kind_id = kt1.id)
         ->  Merge Join  (cost=133568.42..141753.15 rows=1 width=86) (actual time=1481.717..1598.179 rows=114 loops=1)
               Merge Cond: (t1.id = ml.movie_id)
               ->  Index Scan using title_pkey on title t1  (cost=0.43..102082.17 rows=2528312 width=25) (actual time=0.026..120.500 rows=152917 loops=1)
               ->  Sort  (cost=133567.99..133568.00 rows=1 width=77) (actual time=1460.038..1460.049 rows=114 loops=1)
                     Sort Key: mc1.movie_id
                     Sort Method: quicksort  Memory: 42kB
                     ->  Hash Join  (cost=131373.01..133567.98 rows=1 width=77) (actual time=1447.671..1459.904 rows=114 loops=1)
                           Hash Cond: (mi_idx1.info_type_id = it1.id)
                           ->  Merge Join  (cost=131370.59..133565.36 rows=70 width=81) (actual time=1447.580..1459.764 rows=342 loops=1)
                                 Merge Cond: (mi_idx1.movie_id = ml.movie_id)
                                 ->  Index Scan using movie_id_movie_info_idx on movie_info_idx mi_idx1  (cost=0.43..43826.36 rows=1380035 width=13) (actual time=0.027..9.099 rows=50698 loops=1)
                                 ->  Sort  (cost=131370.16..131370.22 rows=23 width=68) (actual time=1445.092..1445.118 rows=347 loops=1)
                                       Sort Key: mc1.movie_id
                                       Sort Method: quicksort  Memory: 42kB
                                       ->  Gather  (cost=124052.14..131369.64 rows=23 width=68) (actual time=1415.942..1461.791 rows=121 loops=1)
                                             Workers Planned: 1
                                             Workers Launched: 1
                                             ->  Hash Join  (cost=123052.14..130367.34 rows=14 width=68) (actual time=1409.195..1437.835 rows=60 loops=2)
                                                   Hash Cond: (t2.kind_id = kt2.id)
                                                   ->  Parallel Hash Join  (cost=123051.03..130366.03 rows=47 width=72) (actual time=1408.953..1437.623 rows=70 loops=2)
                                                         Hash Cond: (cn2.id = mc2.company_id)
                                                         ->  Parallel Seq Scan on company_name cn2  (cost=0.00..4377.34 rows=138234 width=23) (actual time=0.006..16.156 rows=117498 loops=2)
                                                         ->  Parallel Hash  (cost=123050.62..123050.62 rows=33 width=57) (actual time=1407.493..1407.493 rows=70 loops=2)
                                                               Buckets: 1024  Batches: 1  Memory Usage: 72kB
                                                               ->  Parallel Hash Join  (cost=89312.34..123050.62 rows=33 width=57) (actual time=1018.625..1407.394 rows=70 loops=2)
                                                                     Hash Cond: (mc2.movie_id = t2.id)
                                                                     ->  Parallel Seq Scan on movie_companies mc2  (cost=0.00..29661.37 rows=1087137 width=8) (actual time=0.007..231.163 rows=1304564 loops=2)
                                                                     ->  Parallel Hash  (cost=89311.94..89311.94 rows=32 width=65) (actual time=1015.710..1015.710 rows=38 loops=2)
                                                                           Buckets: 1024  Batches: 1  Memory Usage: 72kB
                                                                           ->  Parallel Hash Join  (cost=33182.88..89311.94 rows=32 width=65) (actual time=555.664..1015.597 rows=38 loops=2)
                                                                                 Hash Cond: (t2.id = ml.linked_movie_id)
                                                                                 ->  Parallel Seq Scan on title t2  (cost=0.00..51799.95 rows=432897 width=25) (actual time=0.023..409.500 rows=521400 loops=2)
                                                                                       Filter: ((production_year >= 2000) AND (production_year <= 2010))
                                                                                       Rows Removed by Filter: 742756
                                                                                 ->  Parallel Hash  (cost=33181.88..33181.88 rows=80 width=40) (actual time=550.175..550.175 rows=49 loops=2)
                                                                                       Buckets: 1024  Batches: 1  Memory Usage: 72kB
                                                                                       ->  Parallel Hash Join  (cost=26712.90..33181.88 rows=80 width=40) (actual time=478.123..549.958 rows=49 loops=2)
                                                                                             Hash Cond: (mc1.company_id = cn1.id)
                                                                                             ->  Hash Join  (cost=21066.29..27534.89 rows=149 width=25) (actual time=405.191..476.713 rows=63 loops=2)
                                                                                                   Hash Cond: (mi_idx2.info_type_id = it2.id)
                                                                                                   ->  Parallel Hash Join  (cost=21063.87..27486.73 rows=16791 width=29) (actual time=404.715..475.957 rows=6846 loops=2)
                                                                                                         Hash Cond: (ml.linked_movie_id = mi_idx2.movie_id)
                                                                                                         ->  Merge Join  (cost=869.16..5648.12 rows=10916 width=16) (actual time=9.318..39.076 rows=5049 loops=2)
                                                                                                               Merge Cond: (mc1.movie_id = ml.movie_id)
                                                                                                               ->  Parallel Index Scan using movie_id_movie_companies on movie_companies mc1  (cost=0.43..116330.44 rows=1087137 width=8) (actual time=0.022..22.456 rows=49939 loops=2)
                                                                                                               ->  Sort  (cost=868.72..881.22 rows=5000 width=8) (actual time=9.173..9.578 rows=6226 loops=2)
                                                                                                                     Sort Key: ml.movie_id
                                                                                                                     Sort Method: quicksort  Memory: 205kB
                                                                                                                     Worker 0:  Sort Method: quicksort  Memory: 205kB
                                                                                                                     ->  Hash Join  (cost=1.29..561.53 rows=5000 width=8) (actual time=0.089..8.211 rows=2315 loops=2)
                                                                                                                           Hash Cond: (ml.link_type_id = lt.id)
                                                                                                                           ->  Seq Scan on movie_link ml  (cost=0.00..462.97 rows=29997 width=12) (actual time=0.031..4.109 rows=29997 loops=2)
                                                                                                                           ->  Hash  (cost=1.25..1.25 rows=3 width=4) (actual time=0.040..0.040 rows=2 loops=2)
                                                                                                                                 Buckets: 1024  Batches: 1  Memory Usage: 9kB
                                                                                                                                 ->  Seq Scan on link_type lt  (cost=0.00..1.25 rows=3 width=4) (actual time=0.033..0.037 rows=2 loops=2)
                                                                                                                                       Filter: ((link)::text = ANY ('{sequel,follows,"followed by"}'::text[]))
                                                                                                                                       Rows Removed by Filter: 16
                                                                                                         ->  Parallel Hash  (cost=15122.68..15122.68 rows=291762 width=13) (actual time=352.816..352.816 rows=351960 loops=2)
                                                                                                               Buckets: 131072  Batches: 16  Memory Usage: 3328kB
                                                                                                               ->  Parallel Seq Scan on movie_info_idx mi_idx2  (cost=0.00..15122.68 rows=291762 width=13) (actual time=0.025..228.403 rows=351960 loops=2)
                                                                                                                     Filter: ((info)::text < '3.5'::text)
                                                                                                                     Rows Removed by Filter: 338058
                                                                                                   ->  Hash  (cost=2.41..2.41 rows=1 width=4) (actual time=0.058..0.058 rows=1 loops=2)
                                                                                                         Buckets: 1024  Batches: 1  Memory Usage: 9kB
                                                                                                         ->  Seq Scan on info_type it2  (cost=0.00..2.41 rows=1 width=4) (actual time=0.046..0.049 rows=1 loops=2)
                                                                                                               Filter: ((info)::text = 'rating'::text)
                                                                                                               Rows Removed by Filter: 112
                                                                                             ->  Parallel Hash  (cost=4722.92..4722.92 rows=73895 width=23) (actual time=71.744..71.744 rows=63115 loops=2)
                                                                                                   Buckets: 131072  Batches: 1  Memory Usage: 8256kB
                                                                                                   ->  Parallel Seq Scan on company_name cn1  (cost=0.00..4722.92 rows=73895 width=23) (actual time=0.033..38.035 rows=63115 loops=2)
                                                                                                         Filter: ((country_code)::text <> '[us]'::text)
                                                                                                         Rows Removed by Filter: 54384
                                                   ->  Hash  (cost=1.09..1.09 rows=2 width=4) (actual time=0.060..0.060 rows=2 loops=2)
                                                         Buckets: 1024  Batches: 1  Memory Usage: 9kB
                                                         ->  Seq Scan on kind_type kt2  (cost=0.00..1.09 rows=2 width=4) (actual time=0.036..0.039 rows=2 loops=2)
                                                               Filter: ((kind)::text = ANY ('{"tv series",episode}'::text[]))
                                                               Rows Removed by Filter: 5
                           ->  Hash  (cost=2.41..2.41 rows=1 width=4) (actual time=0.035..0.035 rows=1 loops=1)
                                 Buckets: 1024  Batches: 1  Memory Usage: 9kB
                                 ->  Seq Scan on info_type it1  (cost=0.00..2.41 rows=1 width=4) (actual time=0.022..0.024 rows=1 loops=1)
                                       Filter: ((info)::text = 'rating'::text)
                                       Rows Removed by Filter: 112
         ->  Hash  (cost=1.09..1.09 rows=2 width=4) (actual time=0.036..0.036 rows=2 loops=1)
               Buckets: 1024  Batches: 1  Memory Usage: 9kB
               ->  Seq Scan on kind_type kt1  (cost=0.00..1.09 rows=2 width=4) (actual time=0.012..0.015 rows=2 loops=1)
                     Filter: ((kind)::text = ANY ('{"tv series",episode}'::text[]))
                     Rows Removed by Filter: 5
 Planning Time: 110.002 ms
 Execution Time: 1616.448 ms
(92 rows)

execute /home/pei/Project/benchmarks/imdb_job-postgres/skinner_explained/3a.sql_explained.sql
SET
SET
                                                                                     QUERY PLAN                                                                                      
-------------------------------------------------------------------------------------------------------------------------------------------------------------------------------------
 Finalize Aggregate  (cost=389853.80..389853.81 rows=1 width=32) (actual time=2968.821..2968.822 rows=1 loops=1)
   ->  Gather  (cost=389853.58..389853.79 rows=2 width=32) (actual time=2968.520..2974.567 rows=3 loops=1)
         Workers Planned: 2
         Workers Launched: 2
         ->  Partial Aggregate  (cost=388853.58..388853.59 rows=1 width=32) (actual time=2962.169..2962.170 rows=1 loops=3)
               ->  Parallel Hash Join  (cost=337023.30..388853.51 rows=30 width=17) (actual time=2812.163..2962.083 rows=69 loops=3)
                     Hash Cond: (t.id = mi.movie_id)
                     ->  Parallel Seq Scan on title t  (cost=0.00..49166.29 rows=426207 width=21) (actual time=0.014..269.057 rows=337640 loops=3)
                           Filter: (production_year > 2005)
                           Rows Removed by Filter: 505131
                     ->  Parallel Hash  (cost=337022.38..337022.38 rows=74 width=8) (actual time=2644.269..2644.269 rows=589 loops=3)
                           Buckets: 1024  Batches: 1  Memory Usage: 104kB
                           ->  Parallel Hash Join  (cost=50880.48..337022.38 rows=74 width=8) (actual time=593.317..2643.689 rows=589 loops=3)
                                 Hash Cond: (mi.movie_id = mk.movie_id)
                                 ->  Parallel Seq Scan on movie_info mi  (cost=0.00..285615.00 rows=60182 width=4) (actual time=0.925..2044.078 rows=51299 loops=3)
                                       Filter: ((info)::text = ANY ('{Sweden,Norway,Germany,Denmark,Swedish,Denish,Norwegian,German}'::text[]))
                                       Rows Removed by Filter: 4893941
                                 ->  Parallel Hash  (cost=50878.20..50878.20 rows=182 width=4) (actual time=588.813..588.813 rows=4317 loops=3)
                                       Buckets: 16384 (originally 1024)  Batches: 1 (originally 1)  Memory Usage: 792kB
                                       ->  Hash Join  (cost=2626.29..50878.20 rows=182 width=4) (actual time=34.220..473.140 rows=4317 loops=3)
                                             Hash Cond: (mk.keyword_id = k.id)
                                             ->  Parallel Seq Scan on movie_keyword mk  (cost=0.00..43303.71 rows=1884971 width=8) (actual time=0.027..253.843 rows=1507977 loops=3)
                                             ->  Hash  (cost=2626.12..2626.12 rows=13 width=4) (actual time=33.414..33.415 rows=30 loops=3)
                                                   Buckets: 1024  Batches: 1  Memory Usage: 10kB
                                                   ->  Seq Scan on keyword k  (cost=0.00..2626.12 rows=13 width=4) (actual time=1.828..33.361 rows=30 loops=3)
                                                         Filter: ((keyword)::text ~~ '%sequel%'::text)
                                                         Rows Removed by Filter: 134140
 Planning Time: 3.743 ms
 Execution Time: 2974.960 ms
(29 rows)

execute /home/pei/Project/benchmarks/imdb_job-postgres/skinner_explained/3b.sql_explained.sql
SET
SET
                                                                                     QUERY PLAN                                                                                      
-------------------------------------------------------------------------------------------------------------------------------------------------------------------------------------
 Finalize Aggregate  (cost=340923.67..340923.68 rows=1 width=32) (actual time=2192.622..2192.623 rows=1 loops=1)
   ->  Gather  (cost=340923.45..340923.66 rows=2 width=32) (actual time=2192.264..2198.956 rows=3 loops=1)
         Workers Planned: 2
         Workers Launched: 2
         ->  Partial Aggregate  (cost=339923.45..339923.46 rows=1 width=32) (actual time=2185.607..2185.608 rows=1 loops=3)
               ->  Parallel Hash Join  (cost=290135.26..339923.45 rows=1 width=17) (actual time=2149.455..2185.586 rows=2 loops=3)
                     Hash Cond: (t.id = mi.movie_id)
                     ->  Parallel Seq Scan on title t  (cost=0.00..49166.29 rows=165838 width=21) (actual time=0.014..253.474 rows=130555 loops=3)
                           Filter: (production_year > 2010)
                           Rows Removed by Filter: 712215
                     ->  Parallel Hash  (cost=290135.24..290135.24 rows=1 width=8) (actual time=1914.550..1914.551 rows=7 loops=3)
                           Buckets: 1024  Batches: 1  Memory Usage: 104kB
                           ->  Parallel Hash Join  (cost=50880.48..290135.24 rows=1 width=8) (actual time=707.392..1914.431 rows=7 loops=3)
                                 Hash Cond: (mi.movie_id = mk.movie_id)
                                 ->  Parallel Seq Scan on movie_info mi  (cost=0.00..239253.38 rows=158 width=4) (actual time=75.026..1310.243 rows=762 loops=3)
                                       Filter: ((info)::text = 'Bulgaria'::text)
                                       Rows Removed by Filter: 4944478
                                 ->  Parallel Hash  (cost=50878.20..50878.20 rows=182 width=4) (actual time=603.544..603.544 rows=4317 loops=3)
                                       Buckets: 16384 (originally 1024)  Batches: 1 (originally 1)  Memory Usage: 760kB
                                       ->  Hash Join  (cost=2626.29..50878.20 rows=182 width=4) (actual time=34.169..479.501 rows=4317 loops=3)
                                             Hash Cond: (mk.keyword_id = k.id)
                                             ->  Parallel Seq Scan on movie_keyword mk  (cost=0.00..43303.71 rows=1884971 width=8) (actual time=0.027..260.042 rows=1507977 loops=3)
                                             ->  Hash  (cost=2626.12..2626.12 rows=13 width=4) (actual time=33.855..33.855 rows=30 loops=3)
                                                   Buckets: 1024  Batches: 1  Memory Usage: 10kB
                                                   ->  Seq Scan on keyword k  (cost=0.00..2626.12 rows=13 width=4) (actual time=1.855..33.802 rows=30 loops=3)
                                                         Filter: ((keyword)::text ~~ '%sequel%'::text)
                                                         Rows Removed by Filter: 134140
 Planning Time: 3.481 ms
 Execution Time: 2199.401 ms
(29 rows)

execute /home/pei/Project/benchmarks/imdb_job-postgres/skinner_explained/3c.sql_explained.sql
SET
SET
                                                                                     QUERY PLAN                                                                                      
-------------------------------------------------------------------------------------------------------------------------------------------------------------------------------------
 Finalize Aggregate  (cost=409155.23..409155.24 rows=1 width=32) (actual time=4102.580..4102.581 rows=1 loops=1)
   ->  Gather  (cost=409155.02..409155.23 rows=2 width=32) (actual time=4102.165..4108.167 rows=3 loops=1)
         Workers Planned: 2
         Workers Launched: 2
         ->  Partial Aggregate  (cost=408155.02..408155.03 rows=1 width=32) (actual time=4095.846..4095.847 rows=1 loops=3)
               ->  Parallel Hash Join  (cost=354417.68..408154.42 rows=241 width=17) (actual time=3743.716..4094.531 rows=2417 loops=3)
                     Hash Cond: (t.id = mi.movie_id)
                     ->  Parallel Seq Scan on title t  (cost=0.00..49166.29 rows=731112 width=21) (actual time=0.019..282.024 rows=583011 loops=3)
                           Filter: (production_year > 1990)
                           Rows Removed by Filter: 259760
                     ->  Parallel Hash  (cost=354413.34..354413.34 rows=347 width=8) (actual time=3736.679..3736.680 rows=4054 loops=3)
                           Buckets: 16384 (originally 1024)  Batches: 1 (originally 1)  Memory Usage: 760kB
                           ->  Parallel Hash Join  (cost=50880.48..354413.34 rows=347 width=8) (actual time=592.964..2848.633 rows=4054 loops=3)
                                 Hash Cond: (mi.movie_id = mk.movie_id)
                                 ->  Parallel Seq Scan on movie_info mi  (cost=0.00..301068.88 rows=281434 width=4) (actual time=0.998..2226.054 rows=235558 loops=3)
                                       Filter: ((info)::text = ANY ('{Sweden,Norway,Germany,Denmark,Swedish,Denish,Norwegian,German,USA,American}'::text[]))
                                       Rows Removed by Filter: 4709682
                                 ->  Parallel Hash  (cost=50878.20..50878.20 rows=182 width=4) (actual time=588.065..588.065 rows=4317 loops=3)
                                       Buckets: 16384 (originally 1024)  Batches: 1 (originally 1)  Memory Usage: 760kB
                                       ->  Hash Join  (cost=2626.29..50878.20 rows=182 width=4) (actual time=34.085..470.181 rows=4317 loops=3)
                                             Hash Cond: (mk.keyword_id = k.id)
                                             ->  Parallel Seq Scan on movie_keyword mk  (cost=0.00..43303.71 rows=1884971 width=8) (actual time=0.026..250.811 rows=1507977 loops=3)
                                             ->  Hash  (cost=2626.12..2626.12 rows=13 width=4) (actual time=33.379..33.379 rows=30 loops=3)
                                                   Buckets: 1024  Batches: 1  Memory Usage: 10kB
                                                   ->  Seq Scan on keyword k  (cost=0.00..2626.12 rows=13 width=4) (actual time=1.817..33.326 rows=30 loops=3)
                                                         Filter: ((keyword)::text ~~ '%sequel%'::text)
                                                         Rows Removed by Filter: 134140
 Planning Time: 3.755 ms
 Execution Time: 4108.563 ms
(29 rows)

execute /home/pei/Project/benchmarks/imdb_job-postgres/skinner_explained/4a.sql_explained.sql
SET
SET
                                                                                  QUERY PLAN                                                                                   
-------------------------------------------------------------------------------------------------------------------------------------------------------------------------------
 Aggregate  (cost=118372.74..118372.75 rows=1 width=64) (actual time=1189.580..1189.580 rows=1 loops=1)
   ->  Gather  (cost=67607.95..118372.73 rows=2 width=22) (actual time=927.675..1194.973 rows=740 loops=1)
         Workers Planned: 2
         Workers Launched: 2
         ->  Parallel Hash Join  (cost=66607.95..117372.53 rows=1 width=22) (actual time=955.746..1182.005 rows=247 loops=3)
               Hash Cond: (t.id = mi_idx.movie_id)
               ->  Parallel Seq Scan on title t  (cost=0.00..49166.29 rows=426207 width=21) (actual time=0.020..268.471 rows=337640 loops=3)
                     Filter: (production_year > 2005)
                     Rows Removed by Filter: 505131
               ->  Parallel Hash  (cost=66607.92..66607.92 rows=2 width=13) (actual time=867.335..867.335 rows=1940 loops=3)
                     Buckets: 8192 (originally 1024)  Batches: 1 (originally 1)  Memory Usage: 472kB
                     ->  Parallel Hash Join  (cost=50882.90..66607.92 rows=2 width=13) (actual time=596.756..790.649 rows=1940 loops=3)
                           Hash Cond: (mi_idx.movie_id = mk.movie_id)
                           ->  Hash Join  (cost=2.43..15720.19 rows=1934 width=9) (actual time=0.172..178.249 rows=117663 loops=3)
                                 Hash Cond: (mi_idx.info_type_id = it.id)
                                 ->  Parallel Seq Scan on movie_info_idx mi_idx  (cost=0.00..15122.68 rows=218500 width=13) (actual time=0.031..144.010 rows=174440 loops=3)
                                       Filter: ((info)::text > '5.0'::text)
                                       Rows Removed by Filter: 285572
                                 ->  Hash  (cost=2.41..2.41 rows=1 width=4) (actual time=0.064..0.064 rows=1 loops=3)
                                       Buckets: 1024  Batches: 1  Memory Usage: 9kB
                                       ->  Seq Scan on info_type it  (cost=0.00..2.41 rows=1 width=4) (actual time=0.045..0.047 rows=1 loops=3)
                                             Filter: ((info)::text = 'rating'::text)
                                             Rows Removed by Filter: 112
                           ->  Parallel Hash  (cost=50878.20..50878.20 rows=182 width=4) (actual time=595.486..595.486 rows=4317 loops=3)
                                 Buckets: 16384 (originally 1024)  Batches: 1 (originally 1)  Memory Usage: 792kB
                                 ->  Hash Join  (cost=2626.29..50878.20 rows=182 width=4) (actual time=34.823..470.705 rows=4317 loops=3)
                                       Hash Cond: (mk.keyword_id = k.id)
                                       ->  Parallel Seq Scan on movie_keyword mk  (cost=0.00..43303.71 rows=1884971 width=8) (actual time=0.026..251.742 rows=1507977 loops=3)
                                       ->  Hash  (cost=2626.12..2626.12 rows=13 width=4) (actual time=33.614..33.614 rows=30 loops=3)
                                             Buckets: 1024  Batches: 1  Memory Usage: 10kB
                                             ->  Seq Scan on keyword k  (cost=0.00..2626.12 rows=13 width=4) (actual time=1.839..33.560 rows=30 loops=3)
                                                   Filter: ((keyword)::text ~~ '%sequel%'::text)
                                                   Rows Removed by Filter: 134140
 Planning Time: 4.059 ms
 Execution Time: 1195.975 ms
(35 rows)

execute /home/pei/Project/benchmarks/imdb_job-postgres/skinner_explained/4b.sql_explained.sql
SET
SET
                                                                                  QUERY PLAN                                                                                   
-------------------------------------------------------------------------------------------------------------------------------------------------------------------------------
 Aggregate  (cost=116799.72..116799.73 rows=1 width=64) (actual time=880.214..880.215 rows=1 loops=1)
   ->  Gather  (cost=67011.42..116799.71 rows=1 width=22) (actual time=806.868..886.091 rows=6 loops=1)
         Workers Planned: 2
         Workers Launched: 2
         ->  Parallel Hash Join  (cost=66011.42..115799.61 rows=1 width=22) (actual time=845.856..873.677 rows=2 loops=3)
               Hash Cond: (t.id = mi_idx.movie_id)
               ->  Parallel Seq Scan on title t  (cost=0.00..49166.29 rows=165838 width=21) (actual time=0.016..250.662 rows=130555 loops=3)
                     Filter: (production_year > 2010)
                     Rows Removed by Filter: 712215
               ->  Parallel Hash  (cost=66011.41..66011.41 rows=1 width=13) (actual time=605.299..605.299 rows=7 loops=3)
                     Buckets: 1024  Batches: 1  Memory Usage: 104kB
                     ->  Parallel Hash Join  (cost=17758.80..66011.41 rows=1 width=13) (actual time=299.645..605.166 rows=7 loops=3)
                           Hash Cond: (mk.movie_id = mi_idx.movie_id)
                           ->  Hash Join  (cost=2626.29..50878.20 rows=182 width=4) (actual time=34.751..475.578 rows=4317 loops=3)
                                 Hash Cond: (mk.keyword_id = k.id)
                                 ->  Parallel Seq Scan on movie_keyword mk  (cost=0.00..43303.71 rows=1884971 width=8) (actual time=0.019..255.405 rows=1507977 loops=3)
                                 ->  Hash  (cost=2626.12..2626.12 rows=13 width=4) (actual time=34.102..34.102 rows=30 loops=3)
                                       Buckets: 1024  Batches: 1  Memory Usage: 10kB
                                       ->  Seq Scan on keyword k  (cost=0.00..2626.12 rows=13 width=4) (actual time=1.913..34.055 rows=30 loops=3)
                                             Filter: ((keyword)::text ~~ '%sequel%'::text)
                                             Rows Removed by Filter: 134140
                           ->  Parallel Hash  (cost=15132.23..15132.23 rows=23 width=9) (actual time=128.537..128.537 rows=102 loops=3)
                                 Buckets: 1024  Batches: 1  Memory Usage: 104kB
                                 ->  Hash Join  (cost=2.43..15132.23 rows=23 width=9) (actual time=1.566..128.407 rows=102 loops=3)
                                       Hash Cond: (mi_idx.info_type_id = it.id)
                                       ->  Parallel Seq Scan on movie_info_idx mi_idx  (cost=0.00..15122.68 rows=2615 width=13) (actual time=0.132..127.363 rows=2794 loops=3)
                                             Filter: ((info)::text > '9.0'::text)
                                             Rows Removed by Filter: 457218
                                       ->  Hash  (cost=2.41..2.41 rows=1 width=4) (actual time=0.066..0.066 rows=1 loops=3)
                                             Buckets: 1024  Batches: 1  Memory Usage: 9kB
                                             ->  Seq Scan on info_type it  (cost=0.00..2.41 rows=1 width=4) (actual time=0.044..0.046 rows=1 loops=3)
                                                   Filter: ((info)::text = 'rating'::text)
                                                   Rows Removed by Filter: 112
 Planning Time: 4.088 ms
 Execution Time: 886.549 ms
(35 rows)

execute /home/pei/Project/benchmarks/imdb_job-postgres/skinner_explained/4c.sql_explained.sql
SET
SET
                                                                                     QUERY PLAN                                                                                      
-------------------------------------------------------------------------------------------------------------------------------------------------------------------------------------
 Finalize Aggregate  (cost=119900.33..119900.34 rows=1 width=64) (actual time=1243.711..1243.711 rows=1 loops=1)
   ->  Gather  (cost=119900.11..119900.32 rows=2 width=64) (actual time=1243.303..1250.289 rows=3 loops=1)
         Workers Planned: 2
         Workers Launched: 2
         ->  Partial Aggregate  (cost=118900.11..118900.12 rows=1 width=64) (actual time=1236.502..1236.503 rows=1 loops=3)
               ->  Parallel Hash Join  (cost=66992.13..118900.10 rows=2 width=22) (actual time=871.031..1235.127 rows=1567 loops=3)
                     Hash Cond: (t.id = mi_idx.movie_id)
                     ->  Parallel Seq Scan on title t  (cost=0.00..49166.29 rows=731112 width=21) (actual time=0.019..287.050 rows=583011 loops=3)
                           Filter: (production_year > 1990)
                           Rows Removed by Filter: 259760
                     ->  Parallel Hash  (cost=66992.09..66992.09 rows=3 width=13) (actual time=868.980..868.980 rows=2697 loops=3)
                           Buckets: 8192 (originally 1024)  Batches: 1 (originally 1)  Memory Usage: 536kB
                           ->  Parallel Hash Join  (cost=50882.90..66992.09 rows=3 width=13) (actual time=600.759..825.084 rows=2697 loops=3)
                                 Hash Cond: (mi_idx.movie_id = mk.movie_id)
                                 ->  Hash Join  (cost=2.43..16099.73 rows=3167 width=9) (actual time=0.181..204.414 rows=149656 loops=3)
                                       Hash Cond: (mi_idx.info_type_id = it.id)
                                       ->  Parallel Seq Scan on movie_info_idx mi_idx  (cost=0.00..15122.68 rows=357862 width=13) (actual time=0.042..155.079 rows=287152 loops=3)
                                             Filter: ((info)::text > '2.0'::text)
                                             Rows Removed by Filter: 172860
                                       ->  Hash  (cost=2.41..2.41 rows=1 width=4) (actual time=0.067..0.068 rows=1 loops=3)
                                             Buckets: 1024  Batches: 1  Memory Usage: 9kB
                                             ->  Seq Scan on info_type it  (cost=0.00..2.41 rows=1 width=4) (actual time=0.048..0.051 rows=1 loops=3)
                                                   Filter: ((info)::text = 'rating'::text)
                                                   Rows Removed by Filter: 112
                                 ->  Parallel Hash  (cost=50878.20..50878.20 rows=182 width=4) (actual time=599.647..599.647 rows=4317 loops=3)
                                       Buckets: 16384 (originally 1024)  Batches: 1 (originally 1)  Memory Usage: 760kB
                                       ->  Hash Join  (cost=2626.29..50878.20 rows=182 width=4) (actual time=34.278..475.065 rows=4317 loops=3)
                                             Hash Cond: (mk.keyword_id = k.id)
                                             ->  Parallel Seq Scan on movie_keyword mk  (cost=0.00..43303.71 rows=1884971 width=8) (actual time=0.027..256.134 rows=1507977 loops=3)
                                             ->  Hash  (cost=2626.12..2626.12 rows=13 width=4) (actual time=33.492..33.493 rows=30 loops=3)
                                                   Buckets: 1024  Batches: 1  Memory Usage: 10kB
                                                   ->  Seq Scan on keyword k  (cost=0.00..2626.12 rows=13 width=4) (actual time=1.861..33.442 rows=30 loops=3)
                                                         Filter: ((keyword)::text ~~ '%sequel%'::text)
                                                         Rows Removed by Filter: 134140
 Planning Time: 4.074 ms
 Execution Time: 1250.777 ms
(36 rows)

execute /home/pei/Project/benchmarks/imdb_job-postgres/skinner_explained/5a.sql_explained.sql
SET
SET
                                                                                       QUERY PLAN                                                                                       
----------------------------------------------------------------------------------------------------------------------------------------------------------------------------------------
 Finalize Aggregate  (cost=372724.06..372724.07 rows=1 width=32) (actual time=268.444..268.444 rows=1 loops=1)
   ->  Gather  (cost=372723.84..372724.05 rows=2 width=32) (actual time=268.263..270.736 rows=3 loops=1)
         Workers Planned: 2
         Workers Launched: 2
         ->  Partial Aggregate  (cost=371723.84..371723.85 rows=1 width=32) (actual time=261.349..261.350 rows=1 loops=3)
               ->  Hash Join  (cost=85882.87..371723.72 rows=48 width=17) (actual time=261.346..261.346 rows=0 loops=3)
                     Hash Cond: (mi.info_type_id = it.id)
                     ->  Parallel Hash Join  (cost=85879.33..371720.05 rows=48 width=21) (actual time=261.050..261.051 rows=0 loops=3)
                           Hash Cond: (mi.movie_id = t.id)
                           ->  Parallel Seq Scan on movie_info mi  (cost=0.00..285615.00 rows=60182 width=8) (never executed)
                                 Filter: ((info)::text = ANY ('{Sweden,Norway,Germany,Denmark,Swedish,Denish,Norwegian,German}'::text[]))
                           ->  Parallel Hash  (cost=85877.27..85877.27 rows=165 width=25) (actual time=260.778..260.778 rows=0 loops=3)
                                 Buckets: 1024  Batches: 1  Memory Usage: 0kB
                                 ->  Parallel Hash Join  (cost=35112.01..85877.27 rows=165 width=25) (actual time=260.707..260.708 rows=0 loops=3)
                                       Hash Cond: (t.id = mc.movie_id)
                                       ->  Parallel Seq Scan on title t  (cost=0.00..49166.29 rows=426207 width=21) (never executed)
                                             Filter: (production_year > 2005)
                                       ->  Parallel Hash  (cost=35106.92..35106.92 rows=407 width=4) (actual time=260.668..260.669 rows=0 loops=3)
                                             Buckets: 1024  Batches: 1  Memory Usage: 0kB
                                             ->  Hash Join  (cost=1.06..35106.92 rows=407 width=4) (actual time=260.644..260.644 rows=0 loops=3)
                                                   Hash Cond: (mc.company_type_id = ct.id)
                                                   ->  Parallel Seq Scan on movie_companies mc  (cost=0.00..35097.06 rows=1629 width=8) (actual time=10.375..258.926 rows=8008 loops=3)
                                                         Filter: (((note)::text ~~ '%(theatrical)%'::text) AND ((note)::text ~~ '%(France)%'::text))
                                                         Rows Removed by Filter: 861701
                                                   ->  Hash  (cost=1.05..1.05 rows=1 width=4) (actual time=0.048..0.048 rows=1 loops=3)
                                                         Buckets: 1024  Batches: 1  Memory Usage: 9kB
                                                         ->  Seq Scan on company_type ct  (cost=0.00..1.05 rows=1 width=4) (actual time=0.037..0.038 rows=1 loops=3)
                                                               Filter: ((kind)::text = 'production companies'::text)
                                                               Rows Removed by Filter: 3
                     ->  Hash  (cost=2.13..2.13 rows=113 width=4) (actual time=0.096..0.096 rows=113 loops=3)
                           Buckets: 1024  Batches: 1  Memory Usage: 12kB
                           ->  Seq Scan on info_type it  (cost=0.00..2.13 rows=113 width=4) (actual time=0.034..0.048 rows=113 loops=3)
 Planning Time: 4.618 ms
 Execution Time: 271.165 ms
(34 rows)

execute /home/pei/Project/benchmarks/imdb_job-postgres/skinner_explained/5b.sql_explained.sql
SET
SET
                                                                                     QUERY PLAN                                                                                     
------------------------------------------------------------------------------------------------------------------------------------------------------------------------------------
 Finalize Aggregate  (cost=328691.22..328691.23 rows=1 width=32) (actual time=245.704..245.704 rows=1 loops=1)
   ->  Gather  (cost=328691.00..328691.21 rows=2 width=32) (actual time=245.610..247.541 rows=3 loops=1)
         Workers Planned: 2
         Workers Launched: 2
         ->  Partial Aggregate  (cost=327691.00..327691.01 rows=1 width=32) (actual time=239.170..239.170 rows=1 loops=3)
               ->  Hash Join  (cost=87607.92..327691.00 rows=1 width=17) (actual time=239.167..239.167 rows=0 loops=3)
                     Hash Cond: (mi.info_type_id = it.id)
                     ->  Parallel Hash Join  (cost=87604.38..327687.46 rows=1 width=21) (actual time=238.876..238.877 rows=0 loops=3)
                           Hash Cond: (mi.movie_id = t.id)
                           ->  Parallel Seq Scan on movie_info mi  (cost=0.00..239253.38 rows=221252 width=8) (never executed)
                                 Filter: ((info)::text = ANY ('{USA,America}'::text[]))
                           ->  Parallel Hash  (cost=87604.36..87604.36 rows=1 width=25) (actual time=238.502..238.502 rows=0 loops=3)
                                 Buckets: 1024  Batches: 1  Memory Usage: 0kB
                                 ->  Parallel Hash Join  (cost=37816.17..87604.36 rows=1 width=25) (actual time=238.439..238.440 rows=0 loops=3)
                                       Hash Cond: (t.id = mc.movie_id)
                                       ->  Parallel Seq Scan on title t  (cost=0.00..49166.29 rows=165838 width=21) (never executed)
                                             Filter: (production_year > 2010)
                                       ->  Parallel Hash  (cost=37816.09..37816.09 rows=6 width=4) (actual time=238.399..238.400 rows=0 loops=3)
                                             Buckets: 1024  Batches: 1  Memory Usage: 0kB
                                             ->  Hash Join  (cost=1.06..37816.09 rows=6 width=4) (actual time=238.374..238.375 rows=0 loops=3)
                                                   Hash Cond: (mc.company_type_id = ct.id)
                                                   ->  Parallel Seq Scan on movie_companies mc  (cost=0.00..37814.90 rows=25 width=8) (actual time=4.050..238.045 rows=473 loops=3)
                                                         Filter: (((note)::text ~~ '%(VHS)%'::text) AND ((note)::text ~~ '%(USA)%'::text) AND ((note)::text ~~ '%(1994)%'::text))
                                                         Rows Removed by Filter: 869237
                                                   ->  Hash  (cost=1.05..1.05 rows=1 width=4) (actual time=0.048..0.048 rows=1 loops=3)
                                                         Buckets: 1024  Batches: 1  Memory Usage: 9kB
                                                         ->  Seq Scan on company_type ct  (cost=0.00..1.05 rows=1 width=4) (actual time=0.036..0.038 rows=1 loops=3)
                                                               Filter: ((kind)::text = 'production companies'::text)
                                                               Rows Removed by Filter: 3
                     ->  Hash  (cost=2.13..2.13 rows=113 width=4) (actual time=0.092..0.092 rows=113 loops=3)
                           Buckets: 1024  Batches: 1  Memory Usage: 12kB
                           ->  Seq Scan on info_type it  (cost=0.00..2.13 rows=113 width=4) (actual time=0.028..0.042 rows=113 loops=3)
 Planning Time: 4.476 ms
 Execution Time: 247.976 ms
(34 rows)

execute /home/pei/Project/benchmarks/imdb_job-postgres/skinner_explained/5c.sql_explained.sql
SET
SET
                                                                                       QUERY PLAN                                                                                        
-----------------------------------------------------------------------------------------------------------------------------------------------------------------------------------------
 Finalize Aggregate  (cost=391106.63..391106.64 rows=1 width=32) (actual time=2936.553..2936.554 rows=1 loops=1)
   ->  Gather  (cost=391106.42..391106.63 rows=2 width=32) (actual time=2936.141..2941.933 rows=3 loops=1)
         Workers Planned: 2
         Workers Launched: 2
         ->  Partial Aggregate  (cost=390106.42..390106.43 rows=1 width=32) (actual time=2929.721..2929.722 rows=1 loops=3)
               ->  Hash Join  (cost=87874.47..390061.87 rows=17818 width=17) (actual time=734.574..2929.478 rows=223 loops=3)
                     Hash Cond: (mi.info_type_id = it.id)
                     ->  Parallel Hash Join  (cost=87870.93..390009.80 rows=17818 width=21) (actual time=734.288..2929.055 rows=223 loops=3)
                           Hash Cond: (mi.movie_id = t.id)
                           ->  Parallel Seq Scan on movie_info mi  (cost=0.00..301068.88 rows=281434 width=8) (actual time=1.011..2260.400 rows=235558 loops=3)
                                 Filter: ((info)::text = ANY ('{Sweden,Norway,Germany,Denmark,Swedish,Denish,Norwegian,German,USA,American}'::text[]))
                                 Rows Removed by Filter: 4709682
                           ->  Parallel Hash  (cost=87706.73..87706.73 rows=13136 width=25) (actual time=641.175..641.175 rows=256 loops=3)
                                 Buckets: 32768  Batches: 1  Memory Usage: 352kB
                                 ->  Parallel Hash Join  (cost=35744.04..87706.73 rows=13136 width=25) (actual time=304.309..640.523 rows=256 loops=3)
                                       Hash Cond: (t.id = mc.movie_id)
                                       ->  Parallel Seq Scan on title t  (cost=0.00..49166.29 rows=731112 width=21) (actual time=0.033..286.033 rows=583011 loops=3)
                                             Filter: (production_year > 1990)
                                             Rows Removed by Filter: 259760
                                       ->  Parallel Hash  (cost=35507.44..35507.44 rows=18928 width=4) (actual time=291.063..291.063 rows=266 loops=3)
                                             Buckets: 65536  Batches: 1  Memory Usage: 608kB
                                             ->  Hash Join  (cost=1.06..35507.44 rows=18928 width=4) (actual time=207.665..290.727 rows=266 loops=3)
                                                   Hash Cond: (mc.company_type_id = ct.id)
                                                   ->  Parallel Seq Scan on movie_companies mc  (cost=0.00..35097.06 rows=75712 width=8) (actual time=0.024..280.389 rows=98543 loops=3)
                                                         Filter: (((note)::text !~~ '%(TV)%'::text) AND ((note)::text ~~ '%(USA)%'::text))
                                                         Rows Removed by Filter: 771167
                                                   ->  Hash  (cost=1.05..1.05 rows=1 width=4) (actual time=0.046..0.046 rows=1 loops=3)
                                                         Buckets: 1024  Batches: 1  Memory Usage: 9kB
                                                         ->  Seq Scan on company_type ct  (cost=0.00..1.05 rows=1 width=4) (actual time=0.035..0.036 rows=1 loops=3)
                                                               Filter: ((kind)::text = 'production companies'::text)
                                                               Rows Removed by Filter: 3
                     ->  Hash  (cost=2.13..2.13 rows=113 width=4) (actual time=0.091..0.091 rows=113 loops=3)
                           Buckets: 1024  Batches: 1  Memory Usage: 12kB
                           ->  Seq Scan on info_type it  (cost=0.00..2.13 rows=113 width=4) (actual time=0.030..0.044 rows=113 loops=3)
 Planning Time: 4.388 ms
 Execution Time: 2942.369 ms
(36 rows)

execute /home/pei/Project/benchmarks/imdb_job-postgres/skinner_explained/6a.sql_explained.sql
SET
SET
                                                                                     QUERY PLAN                                                                                      
-------------------------------------------------------------------------------------------------------------------------------------------------------------------------------------
 Finalize Aggregate  (cost=622340.59..622340.60 rows=1 width=96) (actual time=4810.020..4810.021 rows=1 loops=1)
   ->  Gather  (cost=622340.37..622340.58 rows=2 width=96) (actual time=4809.813..4815.714 rows=3 loops=1)
         Workers Planned: 2
         Workers Launched: 2
         ->  Partial Aggregate  (cost=621340.37..621340.38 rows=1 width=96) (actual time=4803.303..4803.303 rows=1 loops=3)
               ->  Parallel Hash Join  (cost=571552.17..621340.36 rows=1 width=48) (actual time=4772.224..4803.279 rows=2 loops=3)
                     Hash Cond: (t.id = mk.movie_id)
                     ->  Parallel Seq Scan on title t  (cost=0.00..49166.29 rows=165838 width=21) (actual time=0.017..249.722 rows=130555 loops=3)
                           Filter: (production_year > 2010)
                           Rows Removed by Filter: 712215
                     ->  Parallel Hash  (cost=571552.15..571552.15 rows=1 width=39) (actual time=4536.066..4536.066 rows=2 loops=3)
                           Buckets: 1024  Batches: 1  Memory Usage: 40kB
                           ->  Parallel Hash Join  (cost=128199.08..571552.15 rows=1 width=39) (actual time=3442.735..4535.947 rows=2 loops=3)
                                 Hash Cond: (ci.movie_id = mk.movie_id)
                                 ->  Parallel Hash Join  (cost=77320.86..520668.25 rows=1511 width=19) (actual time=799.500..4079.176 rows=162 loops=3)
                                       Hash Cond: (ci.person_id = n.id)
                                       ->  Parallel Seq Scan on cast_info ci  (cost=0.00..403705.10 rows=15101810 width=8) (actual time=0.030..2119.394 rows=12081448 loops=3)
                                       ->  Parallel Hash  (cost=77318.68..77318.68 rows=174 width=19) (actual time=494.993..494.994 rows=1 loops=3)
                                             Buckets: 1024  Batches: 1  Memory Usage: 72kB
                                             ->  Parallel Seq Scan on name n  (cost=0.00..77318.68 rows=174 width=19) (actual time=200.283..494.903 rows=1 loops=3)
                                                   Filter: ((name)::text ~~ '%Downey%Robert%'::text)
                                                   Rows Removed by Filter: 1389163
                                 ->  Parallel Hash  (cost=50878.05..50878.05 rows=14 width=20) (actual time=456.680..456.681 rows=5 loops=3)
                                       Buckets: 1024  Batches: 1  Memory Usage: 104kB
                                       ->  Hash Join  (cost=2626.14..50878.05 rows=14 width=20) (actual time=173.480..456.617 rows=5 loops=3)
                                             Hash Cond: (mk.keyword_id = k.id)
                                             ->  Parallel Seq Scan on movie_keyword mk  (cost=0.00..43303.71 rows=1884971 width=8) (actual time=0.025..252.466 rows=1507977 loops=3)
                                             ->  Hash  (cost=2626.12..2626.12 rows=1 width=20) (actual time=21.458..21.458 rows=1 loops=3)
                                                   Buckets: 1024  Batches: 1  Memory Usage: 9kB
                                                   ->  Seq Scan on keyword k  (cost=0.00..2626.12 rows=1 width=20) (actual time=0.572..21.438 rows=1 loops=3)
                                                         Filter: ((keyword)::text = 'marvel-cinematic-universe'::text)
                                                         Rows Removed by Filter: 134169
 Planning Time: 4.469 ms
 Execution Time: 4816.282 ms
(34 rows)

execute /home/pei/Project/benchmarks/imdb_job-postgres/skinner_explained/6b.sql_explained.sql
SET
SET
                                                                                        QUERY PLAN                                                                                         
-------------------------------------------------------------------------------------------------------------------------------------------------------------------------------------------
 Finalize Aggregate  (cost=622719.90..622719.91 rows=1 width=96) (actual time=5224.260..5224.260 rows=1 loops=1)
   ->  Gather  (cost=622719.67..622719.88 rows=2 width=96) (actual time=5223.517..5230.633 rows=3 loops=1)
         Workers Planned: 2
         Workers Launched: 2
         ->  Partial Aggregate  (cost=621719.67..621719.68 rows=1 width=96) (actual time=5216.626..5216.626 rows=1 loops=3)
               ->  Parallel Hash Join  (cost=544400.32..621719.67 rows=1 width=48) (actual time=5062.707..5216.615 rows=4 loops=3)
                     Hash Cond: (n.id = ci.person_id)
                     ->  Parallel Seq Scan on name n  (cost=0.00..77318.68 rows=174 width=19) (actual time=206.211..514.009 rows=1 loops=3)
                           Filter: ((name)::text ~~ '%Downey%Robert%'::text)
                           Rows Removed by Filter: 1389163
                     ->  Parallel Hash  (cost=544400.31..544400.31 rows=1 width=37) (actual time=4701.924..4701.924 rows=128 loops=3)
                           Buckets: 1024  Batches: 1  Memory Usage: 104kB
                           ->  Parallel Hash Join  (cost=101052.25..544400.31 rows=1 width=37) (actual time=966.614..4701.639 rows=128 loops=3)
                                 Hash Cond: (t.id = mk.movie_id)
                                 ->  Parallel Hash Join  (cost=49166.44..492513.86 rows=167 width=29) (actual time=277.709..4140.502 rows=1033 loops=3)
                                       Hash Cond: (ci.movie_id = t.id)
                                       ->  Parallel Seq Scan on cast_info ci  (cost=0.00..403705.10 rows=15101810 width=8) (actual time=0.030..2290.090 rows=12081448 loops=3)
                                       ->  Parallel Hash  (cost=49166.29..49166.29 rows=12 width=21) (actual time=246.553..246.554 rows=146 loops=3)
                                             Buckets: 1024  Batches: 1  Memory Usage: 104kB
                                             ->  Parallel Seq Scan on title t  (cost=0.00..49166.29 rows=12 width=21) (actual time=88.689..246.229 rows=146 loops=3)
                                                   Filter: (production_year > 2014)
                                                   Rows Removed by Filter: 842625
                                 ->  Parallel Hash  (cost=51884.41..51884.41 rows=112 width=20) (actual time=560.545..560.545 rows=11849 loops=3)
                                       Buckets: 65536 (originally 1024)  Batches: 1 (originally 1)  Memory Usage: 2744kB
                                       ->  Hash Join  (cost=3632.50..51884.41 rows=112 width=20) (actual time=44.208..491.193 rows=11849 loops=3)
                                             Hash Cond: (mk.keyword_id = k.id)
                                             ->  Parallel Seq Scan on movie_keyword mk  (cost=0.00..43303.71 rows=1884971 width=8) (actual time=0.027..259.012 rows=1507977 loops=3)
                                             ->  Hash  (cost=3632.40..3632.40 rows=8 width=20) (actual time=44.019..44.019 rows=8 loops=3)
                                                   Buckets: 1024  Batches: 1  Memory Usage: 9kB
                                                   ->  Seq Scan on keyword k  (cost=0.00..3632.40 rows=8 width=20) (actual time=0.187..43.993 rows=8 loops=3)
                                                         Filter: ((keyword)::text = ANY ('{superhero,sequel,second-part,marvel-comics,based-on-comic,tv-special,fight,violence}'::text[]))
                                                         Rows Removed by Filter: 134162
 Planning Time: 4.837 ms
 Execution Time: 5231.118 ms
(34 rows)

execute /home/pei/Project/benchmarks/imdb_job-postgres/skinner_explained/6c.sql_explained.sql
SET
SET
                                                                                     QUERY PLAN                                                                                      
-------------------------------------------------------------------------------------------------------------------------------------------------------------------------------------
 Finalize Aggregate  (cost=621712.31..621712.32 rows=1 width=96) (actual time=4966.005..4966.005 rows=1 loops=1)
   ->  Gather  (cost=621712.09..621712.30 rows=2 width=96) (actual time=4965.763..4971.606 rows=3 loops=1)
         Workers Planned: 2
         Workers Launched: 2
         ->  Partial Aggregate  (cost=620712.09..620712.10 rows=1 width=96) (actual time=4959.272..4959.273 rows=1 loops=3)
               ->  Parallel Hash Join  (cost=543392.73..620712.08 rows=1 width=48) (actual time=4811.398..4959.259 rows=1 loops=3)
                     Hash Cond: (n.id = ci.person_id)
                     ->  Parallel Seq Scan on name n  (cost=0.00..77318.68 rows=174 width=19) (actual time=198.366..494.102 rows=1 loops=3)
                           Filter: ((name)::text ~~ '%Downey%Robert%'::text)
                           Rows Removed by Filter: 1389163
                     ->  Parallel Hash  (cost=543392.72..543392.72 rows=1 width=37) (actual time=4464.478..4464.478 rows=11 loops=3)
                           Buckets: 1024  Batches: 1  Memory Usage: 104kB
                           ->  Parallel Hash Join  (cost=100044.67..543392.72 rows=1 width=37) (actual time=1242.081..4464.317 rows=11 loops=3)
                                 Hash Cond: (t.id = mk.movie_id)
                                 ->  Parallel Hash Join  (cost=49166.44..492513.86 rows=167 width=29) (actual time=252.698..4004.124 rows=1033 loops=3)
                                       Hash Cond: (ci.movie_id = t.id)
                                       ->  Parallel Seq Scan on cast_info ci  (cost=0.00..403705.10 rows=15101810 width=8) (actual time=0.034..2168.487 rows=12081448 loops=3)
                                       ->  Parallel Hash  (cost=49166.29..49166.29 rows=12 width=21) (actual time=232.154..232.155 rows=146 loops=3)
                                             Buckets: 1024  Batches: 1  Memory Usage: 104kB
                                             ->  Parallel Seq Scan on title t  (cost=0.00..49166.29 rows=12 width=21) (actual time=83.702..231.836 rows=146 loops=3)
                                                   Filter: (production_year > 2014)
                                                   Rows Removed by Filter: 842625
                                 ->  Parallel Hash  (cost=50878.05..50878.05 rows=14 width=20) (actual time=459.864..459.864 rows=5 loops=3)
                                       Buckets: 1024  Batches: 1  Memory Usage: 104kB
                                       ->  Hash Join  (cost=2626.14..50878.05 rows=14 width=20) (actual time=128.518..459.800 rows=5 loops=3)
                                             Hash Cond: (mk.keyword_id = k.id)
                                             ->  Parallel Seq Scan on movie_keyword mk  (cost=0.00..43303.71 rows=1884971 width=8) (actual time=0.026..256.043 rows=1507977 loops=3)
                                             ->  Hash  (cost=2626.12..2626.12 rows=1 width=20) (actual time=21.280..21.281 rows=1 loops=3)
                                                   Buckets: 1024  Batches: 1  Memory Usage: 9kB
                                                   ->  Seq Scan on keyword k  (cost=0.00..2626.12 rows=1 width=20) (actual time=0.570..21.256 rows=1 loops=3)
                                                         Filter: ((keyword)::text = 'marvel-cinematic-universe'::text)
                                                         Rows Removed by Filter: 134169
 Planning Time: 4.477 ms
 Execution Time: 4972.219 ms
(34 rows)

execute /home/pei/Project/benchmarks/imdb_job-postgres/skinner_explained/6d.sql_explained.sql
SET
SET
                                                                                        QUERY PLAN                                                                                         
-------------------------------------------------------------------------------------------------------------------------------------------------------------------------------------------
 Finalize Aggregate  (cost=624885.62..624885.63 rows=1 width=96) (actual time=4970.566..4970.567 rows=1 loops=1)
   ->  Gather  (cost=624885.39..624885.60 rows=2 width=96) (actual time=4969.989..4976.703 rows=3 loops=1)
         Workers Planned: 2
         Workers Launched: 2
         ->  Partial Aggregate  (cost=623885.39..623885.40 rows=1 width=96) (actual time=4963.266..4963.267 rows=1 loops=3)
               ->  Parallel Hash Join  (cost=572559.75..623885.39 rows=1 width=48) (actual time=4822.041..4963.199 rows=29 loops=3)
                     Hash Cond: (t.id = mk.movie_id)
                     ->  Parallel Seq Scan on title t  (cost=0.00..49166.29 rows=575821 width=21) (actual time=0.020..274.499 rows=460484 loops=3)
                           Filter: (production_year > 2000)
                           Rows Removed by Filter: 382286
                     ->  Parallel Hash  (cost=572559.74..572559.74 rows=1 width=39) (actual time=4640.233..4640.233 rows=37 loops=3)
                           Buckets: 1024  Batches: 1  Memory Usage: 104kB
                           ->  Parallel Hash Join  (cost=129206.67..572559.74 rows=1 width=39) (actual time=1381.053..4640.061 rows=37 loops=3)
                                 Hash Cond: (ci.movie_id = mk.movie_id)
                                 ->  Parallel Hash Join  (cost=77320.86..520668.25 rows=1511 width=19) (actual time=794.719..4053.626 rows=162 loops=3)
                                       Hash Cond: (ci.person_id = n.id)
                                       ->  Parallel Seq Scan on cast_info ci  (cost=0.00..403705.10 rows=15101810 width=8) (actual time=0.027..2097.530 rows=12081448 loops=3)
                                       ->  Parallel Hash  (cost=77318.68..77318.68 rows=174 width=19) (actual time=492.639..492.639 rows=1 loops=3)
                                             Buckets: 1024  Batches: 1  Memory Usage: 72kB
                                             ->  Parallel Seq Scan on name n  (cost=0.00..77318.68 rows=174 width=19) (actual time=197.624..492.567 rows=1 loops=3)
                                                   Filter: ((name)::text ~~ '%Downey%Robert%'::text)
                                                   Rows Removed by Filter: 1389163
                                 ->  Parallel Hash  (cost=51884.41..51884.41 rows=112 width=20) (actual time=586.233..586.233 rows=11849 loops=3)
                                       Buckets: 65536 (originally 1024)  Batches: 1 (originally 1)  Memory Usage: 2744kB
                                       ->  Hash Join  (cost=3632.50..51884.41 rows=112 width=20) (actual time=44.081..483.753 rows=11849 loops=3)
                                             Hash Cond: (mk.keyword_id = k.id)
                                             ->  Parallel Seq Scan on movie_keyword mk  (cost=0.00..43303.71 rows=1884971 width=8) (actual time=0.027..251.773 rows=1507977 loops=3)
                                             ->  Hash  (cost=3632.40..3632.40 rows=8 width=20) (actual time=43.839..43.839 rows=8 loops=3)
                                                   Buckets: 1024  Batches: 1  Memory Usage: 9kB
                                                   ->  Seq Scan on keyword k  (cost=0.00..3632.40 rows=8 width=20) (actual time=0.181..43.812 rows=8 loops=3)
                                                         Filter: ((keyword)::text = ANY ('{superhero,sequel,second-part,marvel-comics,based-on-comic,tv-special,fight,violence}'::text[]))
                                                         Rows Removed by Filter: 134162
 Planning Time: 4.704 ms
 Execution Time: 4977.177 ms
(34 rows)

execute /home/pei/Project/benchmarks/imdb_job-postgres/skinner_explained/6e.sql_explained.sql
SET
SET
                                                                                     QUERY PLAN                                                                                      
-------------------------------------------------------------------------------------------------------------------------------------------------------------------------------------
 Finalize Aggregate  (cost=623878.03..623878.04 rows=1 width=96) (actual time=5036.552..5036.552 rows=1 loops=1)
   ->  Gather  (cost=623877.81..623878.02 rows=2 width=96) (actual time=5036.315..5043.578 rows=3 loops=1)
         Workers Planned: 2
         Workers Launched: 2
         ->  Partial Aggregate  (cost=622877.81..622877.82 rows=1 width=96) (actual time=5029.525..5029.525 rows=1 loops=3)
               ->  Parallel Hash Join  (cost=571552.17..622877.80 rows=1 width=48) (actual time=4986.705..5029.481 rows=2 loops=3)
                     Hash Cond: (t.id = mk.movie_id)
                     ->  Parallel Seq Scan on title t  (cost=0.00..49166.29 rows=575821 width=21) (actual time=0.022..281.060 rows=460484 loops=3)
                           Filter: (production_year > 2000)
                           Rows Removed by Filter: 382286
                     ->  Parallel Hash  (cost=571552.15..571552.15 rows=1 width=39) (actual time=4701.494..4701.494 rows=2 loops=3)
                           Buckets: 1024  Batches: 1  Memory Usage: 40kB
                           ->  Parallel Hash Join  (cost=128199.08..571552.15 rows=1 width=39) (actual time=3562.217..4701.364 rows=2 loops=3)
                                 Hash Cond: (ci.movie_id = mk.movie_id)
                                 ->  Parallel Hash Join  (cost=77320.86..520668.25 rows=1511 width=19) (actual time=820.888..4238.370 rows=162 loops=3)
                                       Hash Cond: (ci.person_id = n.id)
                                       ->  Parallel Seq Scan on cast_info ci  (cost=0.00..403705.10 rows=15101810 width=8) (actual time=0.031..2269.756 rows=12081448 loops=3)
                                       ->  Parallel Hash  (cost=77318.68..77318.68 rows=174 width=19) (actual time=504.998..504.999 rows=1 loops=3)
                                             Buckets: 1024  Batches: 1  Memory Usage: 72kB
                                             ->  Parallel Seq Scan on name n  (cost=0.00..77318.68 rows=174 width=19) (actual time=202.606..504.905 rows=1 loops=3)
                                                   Filter: ((name)::text ~~ '%Downey%Robert%'::text)
                                                   Rows Removed by Filter: 1389163
                                 ->  Parallel Hash  (cost=50878.05..50878.05 rows=14 width=20) (actual time=462.888..462.888 rows=5 loops=3)
                                       Buckets: 1024  Batches: 1  Memory Usage: 104kB
                                       ->  Hash Join  (cost=2626.14..50878.05 rows=14 width=20) (actual time=110.272..462.820 rows=5 loops=3)
                                             Hash Cond: (mk.keyword_id = k.id)
                                             ->  Parallel Seq Scan on movie_keyword mk  (cost=0.00..43303.71 rows=1884971 width=8) (actual time=0.028..258.708 rows=1507977 loops=3)
                                             ->  Hash  (cost=2626.12..2626.12 rows=1 width=20) (actual time=21.964..21.964 rows=1 loops=3)
                                                   Buckets: 1024  Batches: 1  Memory Usage: 9kB
                                                   ->  Seq Scan on keyword k  (cost=0.00..2626.12 rows=1 width=20) (actual time=0.596..21.942 rows=1 loops=3)
                                                         Filter: ((keyword)::text = 'marvel-cinematic-universe'::text)
                                                         Rows Removed by Filter: 134169
 Planning Time: 4.394 ms
 Execution Time: 5044.157 ms
(34 rows)

execute /home/pei/Project/benchmarks/imdb_job-postgres/skinner_explained/6f.sql_explained.sql
SET
SET
                                                                                              QUERY PLAN                                                                                               
-------------------------------------------------------------------------------------------------------------------------------------------------------------------------------------------------------
 Finalize Aggregate  (cost=652048.60..652048.61 rows=1 width=96) (actual time=6931.397..6931.398 rows=1 loops=1)
   ->  Gather  (cost=652048.38..652048.59 rows=2 width=96) (actual time=6927.942..7060.295 rows=3 loops=1)
         Workers Planned: 2
         Workers Launched: 2
         ->  Partial Aggregate  (cost=651048.38..651048.39 rows=1 width=96) (actual time=6920.912..6920.913 rows=1 loops=3)
               ->  Parallel Hash Join  (cost=565020.96..651031.37 rows=2268 width=48) (actual time=6298.524..6813.174 rows=261826 loops=3)
                     Hash Cond: (n.id = ci.person_id)
                     ->  Parallel Seq Scan on name n  (cost=0.00..72977.55 rows=1736455 width=19) (actual time=0.048..382.797 rows=1389164 loops=3)
                     ->  Parallel Hash  (cost=564992.61..564992.61 rows=2268 width=37) (actual time=5378.384..5378.384 rows=261826 loops=3)
                           Buckets: 65536 (originally 8192)  Batches: 16 (originally 1)  Memory Usage: 3872kB
                           ->  Parallel Hash Join  (cost=104652.02..564992.61 rows=2268 width=37) (actual time=950.185..5128.000 rows=261826 loops=3)
                                 Hash Cond: (ci.movie_id = t.id)
                                 ->  Parallel Seq Scan on cast_info ci  (cost=0.00..403705.10 rows=15101810 width=8) (actual time=0.025..2174.744 rows=12081448 loops=3)
                                 ->  Parallel Hash  (cost=104651.25..104651.25 rows=62 width=41) (actual time=950.036..950.036 rows=4722 loops=3)
                                       Buckets: 16384 (originally 1024)  Batches: 1 (originally 1)  Memory Usage: 1304kB
                                       ->  Parallel Hash Join  (cost=51885.81..104651.25 rows=62 width=41) (actual time=555.747..892.178 rows=4722 loops=3)
                                             Hash Cond: (t.id = mk.movie_id)
                                             ->  Parallel Seq Scan on title t  (cost=0.00..49166.29 rows=575821 width=21) (actual time=0.020..272.778 rows=460484 loops=3)
                                                   Filter: (production_year > 2000)
                                                   Rows Removed by Filter: 382286
                                             ->  Parallel Hash  (cost=51884.41..51884.41 rows=112 width=20) (actual time=554.227..554.227 rows=11849 loops=3)
                                                   Buckets: 65536 (originally 1024)  Batches: 1 (originally 1)  Memory Usage: 2744kB
                                                   ->  Hash Join  (cost=3632.50..51884.41 rows=112 width=20) (actual time=44.241..487.288 rows=11849 loops=3)
                                                         Hash Cond: (mk.keyword_id = k.id)
                                                         ->  Parallel Seq Scan on movie_keyword mk  (cost=0.00..43303.71 rows=1884971 width=8) (actual time=0.027..255.035 rows=1507977 loops=3)
                                                         ->  Hash  (cost=3632.40..3632.40 rows=8 width=20) (actual time=43.900..43.900 rows=8 loops=3)
                                                               Buckets: 1024  Batches: 1  Memory Usage: 9kB
                                                               ->  Seq Scan on keyword k  (cost=0.00..3632.40 rows=8 width=20) (actual time=0.181..43.874 rows=8 loops=3)
                                                                     Filter: ((keyword)::text = ANY ('{superhero,sequel,second-part,marvel-comics,based-on-comic,tv-special,fight,violence}'::text[]))
                                                                     Rows Removed by Filter: 134162
 Planning Time: 4.687 ms
 Execution Time: 7062.205 ms
(32 rows)

execute /home/pei/Project/benchmarks/imdb_job-postgres/skinner_explained/7a.sql_explained.sql
SET
SET
                                                                                                                            QUERY PLAN                                                                                                                             
-------------------------------------------------------------------------------------------------------------------------------------------------------------------------------------------------------------------------------------------------------------------
 Finalize Aggregate  (cost=693399.56..693399.57 rows=1 width=64) (actual time=6266.831..6266.831 rows=1 loops=1)
   ->  Gather  (cost=693399.34..693399.55 rows=2 width=64) (actual time=6266.553..6272.670 rows=3 loops=1)
         Workers Planned: 2
         Workers Launched: 2
         ->  Partial Aggregate  (cost=692399.34..692399.35 rows=1 width=64) (actual time=6259.106..6259.106 rows=1 loops=3)
               ->  Parallel Hash Join  (cost=675186.31..692399.33 rows=1 width=32) (actual time=6176.356..6259.086 rows=11 loops=3)
                     Hash Cond: (an.person_id = n.id)
                     ->  Parallel Seq Scan on aka_name an  (cost=0.00..16090.49 rows=299338 width=4) (actual time=0.038..115.542 rows=224897 loops=3)
                           Filter: ((name)::text ~~ '%a%'::text)
                           Rows Removed by Filter: 75550
                     ->  Parallel Hash  (cost=675186.30..675186.30 rows=1 width=44) (actual time=6121.192..6121.192 rows=5 loops=3)
                           Buckets: 1024  Batches: 1  Memory Usage: 104kB
                           ->  Hash Join  (cost=622849.52..675186.30 rows=1 width=44) (actual time=6078.681..6121.078 rows=5 loops=3)
                                 Hash Cond: (t.id = ml.linked_movie_id)
                                 ->  Parallel Hash Join  (cost=622267.21..674603.97 rows=1 width=52) (actual time=5832.962..6109.770 rows=130 loops=3)
                                       Hash Cond: (t.id = ci.movie_id)
                                       ->  Parallel Seq Scan on title t  (cost=0.00..51799.95 rows=143147 width=21) (actual time=0.029..258.962 rows=113395 loops=3)
                                             Filter: ((production_year >= 1980) AND (production_year <= 1995))
                                             Rows Removed by Filter: 729375
                                       ->  Parallel Hash  (cost=622267.19..622267.19 rows=1 width=31) (actual time=5831.554..5831.554 rows=890 loops=3)
                                             Buckets: 4096 (originally 1024)  Batches: 1 (originally 1)  Memory Usage: 312kB
                                             ->  Parallel Hash Join  (cost=161930.27..622267.19 rows=1 width=31) (actual time=1084.066..4649.083 rows=890 loops=3)
                                                   Hash Cond: (ci.person_id = n.id)
                                                   ->  Parallel Seq Scan on cast_info ci  (cost=0.00..403705.10 rows=15101810 width=8) (actual time=0.034..2125.101 rows=12081448 loops=3)
                                                   ->  Parallel Hash  (cost=161930.25..161930.25 rows=1 width=23) (actual time=1050.042..1050.042 rows=6 loops=3)
                                                         Buckets: 1024  Batches: 1  Memory Usage: 104kB
                                                         ->  Parallel Hash Join  (cost=66488.22..161930.25 rows=1 width=23) (actual time=347.454..1049.933 rows=6 loops=3)
                                                               Hash Cond: (n.id = pi.person_id)
                                                               ->  Parallel Seq Scan on name n  (cost=0.00..94683.23 rows=202346 width=19) (actual time=0.056..717.267 rows=181097 loops=3)
                                                                     Filter: (((name_pcode_cf)::text >= 'A'::text) AND ((name_pcode_cf)::text <= 'F'::text) AND (((gender)::text = 'm'::text) OR (((gender)::text = 'f'::text) AND ((name)::text ~~ 'B%'::text))))
                                                                     Rows Removed by Filter: 1208067
                                                               ->  Parallel Hash  (cost=66488.21..66488.21 rows=1 width=4) (actual time=313.038..313.038 rows=21 loops=3)
                                                                     Buckets: 1024  Batches: 1  Memory Usage: 104kB
                                                                     ->  Hash Join  (cost=2.43..66488.21 rows=1 width=4) (actual time=13.800..312.966 rows=21 loops=3)
                                                                           Hash Cond: (pi.info_type_id = it.id)
                                                                           ->  Parallel Seq Scan on person_info pi  (cost=0.00..66485.75 rows=12 width=8) (actual time=13.689..312.829 rows=21 loops=3)
                                                                                 Filter: ((note)::text = 'Volker Boehm'::text)
                                                                                 Rows Removed by Filter: 987867
                                                                           ->  Hash  (cost=2.41..2.41 rows=1 width=4) (actual time=0.056..0.056 rows=1 loops=3)
                                                                                 Buckets: 1024  Batches: 1  Memory Usage: 9kB
                                                                                 ->  Seq Scan on info_type it  (cost=0.00..2.41 rows=1 width=4) (actual time=0.035..0.046 rows=1 loops=3)
                                                                                       Filter: ((info)::text = 'mini biography'::text)
                                                                                       Rows Removed by Filter: 112
                                 ->  Hash  (cost=561.48..561.48 rows=1666 width=4) (actual time=11.191..11.191 rows=5186 loops=3)
                                       Buckets: 8192 (originally 2048)  Batches: 1 (originally 1)  Memory Usage: 247kB
                                       ->  Hash Join  (cost=1.24..561.48 rows=1666 width=4) (actual time=0.185..9.528 rows=5186 loops=3)
                                             Hash Cond: (ml.link_type_id = lt.id)
                                             ->  Seq Scan on movie_link ml  (cost=0.00..462.97 rows=29997 width=8) (actual time=0.036..4.883 rows=29997 loops=3)
                                             ->  Hash  (cost=1.23..1.23 rows=1 width=4) (actual time=0.072..0.072 rows=1 loops=3)
                                                   Buckets: 1024  Batches: 1  Memory Usage: 9kB
                                                   ->  Seq Scan on link_type lt  (cost=0.00..1.23 rows=1 width=4) (actual time=0.036..0.039 rows=1 loops=3)
                                                         Filter: ((link)::text = 'features'::text)
                                                         Rows Removed by Filter: 17
 Planning Time: 14.699 ms
 Execution Time: 6273.460 ms
(55 rows)

execute /home/pei/Project/benchmarks/imdb_job-postgres/skinner_explained/7b.sql_explained.sql
SET
SET
                                                                                        QUERY PLAN                                                                                         
-------------------------------------------------------------------------------------------------------------------------------------------------------------------------------------------
 Finalize Aggregate  (cost=663974.41..663974.42 rows=1 width=64) (actual time=5145.014..5145.014 rows=1 loops=1)
   ->  Gather  (cost=663974.19..663974.40 rows=2 width=64) (actual time=5143.309..5150.401 rows=3 loops=1)
         Workers Planned: 2
         Workers Launched: 2
         ->  Partial Aggregate  (cost=662974.19..662974.20 rows=1 width=64) (actual time=5136.235..5136.235 rows=1 loops=3)
               ->  Parallel Hash Join  (cost=645761.16..662974.18 rows=1 width=32) (actual time=5090.928..5136.202 rows=5 loops=3)
                     Hash Cond: (an.person_id = n.id)
                     ->  Parallel Seq Scan on aka_name an  (cost=0.00..16090.49 rows=299338 width=4) (actual time=0.047..114.190 rows=224897 loops=3)
                           Filter: ((name)::text ~~ '%a%'::text)
                           Rows Removed by Filter: 75550
                     ->  Parallel Hash  (cost=645761.15..645761.15 rows=1 width=44) (actual time=4999.607..4999.607 rows=3 loops=3)
                           Buckets: 1024  Batches: 1  Memory Usage: 72kB
                           ->  Hash Join  (cost=201453.00..645761.15 rows=1 width=44) (actual time=4326.182..4999.339 rows=3 loops=3)
                                 Hash Cond: (t.id = ml.linked_movie_id)
                                 ->  Parallel Hash Join  (cost=200870.69..645178.82 rows=1 width=52) (actual time=2825.264..4988.109 rows=7 loops=3)
                                       Hash Cond: (n.id = pi.person_id)
                                       ->  Parallel Hash Join  (cost=134382.47..578648.77 rows=11153 width=48) (actual time=1024.421..4674.254 rows=11015 loops=3)
                                             Hash Cond: (ci.movie_id = t.id)
                                             ->  Parallel Hash Join  (cost=82162.96..525510.35 rows=350058 width=27) (actual time=474.804..4335.858 rows=304108 loops=3)
                                                   Hash Cond: (ci.person_id = n.id)
                                                   ->  Parallel Seq Scan on cast_info ci  (cost=0.00..403705.10 rows=15101810 width=8) (actual time=0.035..2182.328 rows=12081448 loops=3)
                                                   ->  Parallel Hash  (cost=81659.82..81659.82 rows=40251 width=19) (actual time=473.921..473.921 rows=30659 loops=3)
                                                         Buckets: 131072  Batches: 1  Memory Usage: 6080kB
                                                         ->  Parallel Seq Scan on name n  (cost=0.00..81659.82 rows=40251 width=19) (actual time=0.118..453.310 rows=30659 loops=3)
                                                               Filter: (((name_pcode_cf)::text ~~ 'D%'::text) AND ((gender)::text = 'm'::text))
                                                               Rows Removed by Filter: 1358505
                                             ->  Parallel Hash  (cost=51799.95..51799.95 rows=33565 width=21) (actual time=278.490..278.490 rows=25355 loops=3)
                                                   Buckets: 131072  Batches: 1  Memory Usage: 5344kB
                                                   ->  Parallel Seq Scan on title t  (cost=0.00..51799.95 rows=33565 width=21) (actual time=0.039..254.324 rows=25355 loops=3)
                                                         Filter: ((production_year >= 1980) AND (production_year <= 1984))
                                                         Rows Removed by Filter: 817416
                                       ->  Parallel Hash  (cost=66488.21..66488.21 rows=1 width=4) (actual time=312.548..312.548 rows=21 loops=3)
                                             Buckets: 1024  Batches: 1  Memory Usage: 104kB
                                             ->  Hash Join  (cost=2.43..66488.21 rows=1 width=4) (actual time=6.611..312.478 rows=21 loops=3)
                                                   Hash Cond: (pi.info_type_id = it.id)
                                                   ->  Parallel Seq Scan on person_info pi  (cost=0.00..66485.75 rows=12 width=8) (actual time=6.491..312.334 rows=21 loops=3)
                                                         Filter: ((note)::text = 'Volker Boehm'::text)
                                                         Rows Removed by Filter: 987867
                                                   ->  Hash  (cost=2.41..2.41 rows=1 width=4) (actual time=0.064..0.064 rows=1 loops=3)
                                                         Buckets: 1024  Batches: 1  Memory Usage: 9kB
                                                         ->  Seq Scan on info_type it  (cost=0.00..2.41 rows=1 width=4) (actual time=0.039..0.050 rows=1 loops=3)
                                                               Filter: ((info)::text = 'mini biography'::text)
                                                               Rows Removed by Filter: 112
                                 ->  Hash  (cost=561.48..561.48 rows=1666 width=4) (actual time=11.171..11.172 rows=5186 loops=3)
                                       Buckets: 8192 (originally 2048)  Batches: 1 (originally 1)  Memory Usage: 247kB
                                       ->  Hash Join  (cost=1.24..561.48 rows=1666 width=4) (actual time=0.172..9.511 rows=5186 loops=3)
                                             Hash Cond: (ml.link_type_id = lt.id)
                                             ->  Seq Scan on movie_link ml  (cost=0.00..462.97 rows=29997 width=8) (actual time=0.036..4.883 rows=29997 loops=3)
                                             ->  Hash  (cost=1.23..1.23 rows=1 width=4) (actual time=0.060..0.060 rows=1 loops=3)
                                                   Buckets: 1024  Batches: 1  Memory Usage: 9kB
                                                   ->  Seq Scan on link_type lt  (cost=0.00..1.23 rows=1 width=4) (actual time=0.036..0.038 rows=1 loops=3)
                                                         Filter: ((link)::text = 'features'::text)
                                                         Rows Removed by Filter: 17
 Planning Time: 14.127 ms
 Execution Time: 5151.111 ms
(55 rows)

execute /home/pei/Project/benchmarks/imdb_job-postgres/skinner_explained/7c.sql_explained.sql
SET
SET
                                                                                                                               QUERY PLAN                                                                                                                                
-------------------------------------------------------------------------------------------------------------------------------------------------------------------------------------------------------------------------------------------------------------------------
 Finalize Aggregate  (cost=697422.31..697422.32 rows=1 width=64) (actual time=8744.923..8744.923 rows=1 loops=1)
   ->  Gather  (cost=697422.09..697422.30 rows=2 width=64) (actual time=8738.479..9430.600 rows=3 loops=1)
         Workers Planned: 2
         Workers Launched: 2
         ->  Partial Aggregate  (cost=696422.09..696422.10 rows=1 width=64) (actual time=8730.801..8730.802 rows=1 loops=3)
               ->  Parallel Hash Join  (cost=678258.59..696422.08 rows=2 width=109) (actual time=8532.755..8603.544 rows=22728 loops=3)
                     Hash Cond: (an.person_id = n.id)
                     ->  Parallel Seq Scan on aka_name an  (cost=0.00..17029.39 rows=302423 width=4) (actual time=0.040..120.250 rows=228698 loops=3)
                           Filter: ((name IS NOT NULL) AND (((name)::text ~~ '%a%'::text) OR ((name)::text ~~ 'A%'::text)))
                           Rows Removed by Filter: 71749
                     ->  Parallel Hash  (cost=678258.58..678258.58 rows=1 width=121) (actual time=8327.975..8327.975 rows=13386 loops=3)
                           Buckets: 4096 (originally 1024)  Batches: 16 (originally 1)  Memory Usage: 2592kB
                           ->  Hash Join  (cost=624016.03..678258.58 rows=1 width=121) (actual time=7584.825..8240.169 rows=13386 loops=3)
                                 Hash Cond: (t.id = ml.linked_movie_id)
                                 ->  Parallel Hash Join  (cost=623371.14..677606.36 rows=189 width=129) (actual time=7565.560..8190.935 rows=176455 loops=3)
                                       Hash Cond: (t.id = ci.movie_id)
                                       ->  Parallel Seq Scan on title t  (cost=0.00..51799.95 rows=649194 width=4) (actual time=0.046..290.891 rows=518532 loops=3)
                                             Filter: ((production_year >= 1980) AND (production_year <= 2010))
                                             Rows Removed by Filter: 324238
                                       ->  Parallel Hash  (cost=623367.30..623367.30 rows=307 width=125) (actual time=7012.263..7012.263 rows=305764 loops=3)
                                             Buckets: 8192 (originally 1024)  Batches: 256 (originally 1)  Memory Usage: 3232kB
                                             ->  Parallel Hash Join  (cost=163029.14..623367.30 rows=307 width=125) (actual time=1307.410..5165.297 rows=305764 loops=3)
                                                   Hash Cond: (ci.person_id = n.id)
                                                   ->  Parallel Seq Scan on cast_info ci  (cost=0.00..403705.10 rows=15101810 width=8) (actual time=0.040..2125.385 rows=12081448 loops=3)
                                                   ->  Parallel Hash  (cost=163028.71..163028.71 rows=35 width=117) (actual time=1306.956..1306.957 rows=4354 loops=3)
                                                         Buckets: 16384 (originally 1024)  Batches: 1 (originally 1)  Memory Usage: 11384kB
                                                         ->  Parallel Hash Join  (cost=98354.03..163028.71 rows=35 width=117) (actual time=1203.943..1270.962 rows=4354 loops=3)
                                                               Hash Cond: (pi.person_id = n.id)
                                                               ->  Hash Join  (cost=2.43..63495.30 rows=306 width=98) (actual time=0.107..341.089 rows=28061 loops=3)
                                                                     Hash Cond: (pi.info_type_id = it.id)
                                                                     ->  Parallel Seq Scan on person_info pi  (cost=0.00..63398.60 rows=34617 width=102) (actual time=0.041..323.195 rows=28061 loops=3)
                                                                           Filter: (note IS NOT NULL)
                                                                           Rows Removed by Filter: 959827
                                                                     ->  Hash  (cost=2.41..2.41 rows=1 width=4) (actual time=0.053..0.054 rows=1 loops=3)
                                                                           Buckets: 1024  Batches: 1  Memory Usage: 9kB
                                                                           ->  Seq Scan on info_type it  (cost=0.00..2.41 rows=1 width=4) (actual time=0.040..0.050 rows=1 loops=3)
                                                                                 Filter: ((info)::text = 'mini biography'::text)
                                                                                 Rows Removed by Filter: 112
                                                               ->  Parallel Hash  (cost=94683.23..94683.23 rows=199790 width=19) (actual time=775.406..775.406 rows=169207 loops=3)
                                                                     Buckets: 65536  Batches: 8  Memory Usage: 4000kB
                                                                     ->  Parallel Seq Scan on name n  (cost=0.00..94683.23 rows=199790 width=19) (actual time=0.074..714.387 rows=169207 loops=3)
                                                                           Filter: (((name_pcode_cf)::text >= 'A'::text) AND ((name_pcode_cf)::text <= 'F'::text) AND (((gender)::text = 'm'::text) OR (((gender)::text = 'f'::text) AND ((name)::text ~~ 'A%'::text))))
                                                                           Rows Removed by Filter: 1219957
                                 ->  Hash  (cost=561.57..561.57 rows=6666 width=4) (actual time=18.864..18.864 rows=21505 loops=3)
                                       Buckets: 32768 (originally 8192)  Batches: 1 (originally 1)  Memory Usage: 1013kB
                                       ->  Hash Join  (cost=1.32..561.57 rows=6666 width=4) (actual time=0.165..11.866 rows=21505 loops=3)
                                             Hash Cond: (ml.link_type_id = lt.id)
                                             ->  Seq Scan on movie_link ml  (cost=0.00..462.97 rows=29997 width=8) (actual time=0.035..4.983 rows=29997 loops=3)
                                             ->  Hash  (cost=1.27..1.27 rows=4 width=4) (actual time=0.071..0.071 rows=4 loops=3)
                                                   Buckets: 1024  Batches: 1  Memory Usage: 9kB
                                                   ->  Seq Scan on link_type lt  (cost=0.00..1.27 rows=4 width=4) (actual time=0.038..0.042 rows=4 loops=3)
                                                         Filter: ((link)::text = ANY ('{references,"referenced in",features,"featured in"}'::text[]))
                                                         Rows Removed by Filter: 14
 Planning Time: 14.450 ms
 Execution Time: 9431.667 ms
(55 rows)

execute /home/pei/Project/benchmarks/imdb_job-postgres/skinner_explained/8a.sql_explained.sql
SET
SET
                                                                                             QUERY PLAN                                                                                             
----------------------------------------------------------------------------------------------------------------------------------------------------------------------------------------------------
 Finalize Aggregate  (cost=631023.55..631023.56 rows=1 width=64) (actual time=3672.031..3672.031 rows=1 loops=1)
   ->  Gather  (cost=631023.33..631023.54 rows=2 width=64) (actual time=3671.158..3677.931 rows=3 loops=1)
         Workers Planned: 2
         Workers Launched: 2
         ->  Partial Aggregate  (cost=630023.33..630023.34 rows=1 width=64) (actual time=3664.278..3664.279 rows=1 loops=3)
               ->  Parallel Hash Join  (cost=579540.20..630023.33 rows=1 width=33) (actual time=3428.104..3664.222 rows=21 loops=3)
                     Hash Cond: (t.id = ci.movie_id)
                     ->  Parallel Seq Scan on title t  (cost=0.00..46532.63 rows=1053463 width=21) (actual time=0.021..223.461 rows=842771 loops=3)
                     ->  Parallel Hash  (cost=579540.18..579540.18 rows=1 width=24) (actual time=3337.220..3337.220 rows=21 loops=3)
                           Buckets: 1024  Batches: 1  Memory Usage: 104kB
                           ->  Parallel Hash Join  (cost=563388.51..579540.18 rows=1 width=24) (actual time=3307.741..3337.101 rows=21 loops=3)
                                 Hash Cond: (an1.person_id = ci.person_id)
                                 ->  Parallel Hash Join  (cost=81879.04..98016.48 rows=3793 width=24) (actual time=500.278..617.350 rows=1344 loops=3)
                                       Hash Cond: (an1.person_id = n1.id)
                                       ->  Parallel Seq Scan on aka_name an1  (cost=0.00..15151.60 rows=375560 width=20) (actual time=0.030..73.349 rows=300448 loops=3)
                                       ->  Parallel Hash  (cost=81659.82..81659.82 rows=17538 width=4) (actual time=499.538..499.538 rows=6970 loops=3)
                                             Buckets: 65536  Batches: 1  Memory Usage: 1376kB
                                             ->  Parallel Seq Scan on name n1  (cost=0.00..81659.82 rows=17538 width=4) (actual time=0.127..493.549 rows=6970 loops=3)
                                                   Filter: (((name)::text ~~ '%Yo%'::text) AND ((name)::text !~~ '%Yu%'::text))
                                                   Rows Removed by Filter: 1382193
                                 ->  Parallel Hash  (cost=481509.44..481509.44 rows=2 width=12) (actual time=2719.370..2719.370 rows=2479 loops=3)
                                       Buckets: 8192 (originally 1024)  Batches: 1 (originally 1)  Memory Usage: 504kB
                                       ->  Hash Join  (cost=39896.72..481509.44 rows=2 width=12) (actual time=1081.235..2617.636 rows=2479 loops=3)
                                             Hash Cond: (ci.role_id = rt.id)
                                             ->  Parallel Hash Join  (cost=39895.56..481508.19 rows=25 width=16) (actual time=296.892..2616.097 rows=6533 loops=3)
                                                   Hash Cond: (ci.movie_id = mc.movie_id)
                                                   ->  Parallel Seq Scan on cast_info ci  (cost=0.00..441459.62 rows=40775 width=12) (actual time=0.716..2311.267 rows=31032 loops=3)
                                                         Filter: ((note)::text = '(voice: English version)'::text)
                                                         Rows Removed by Filter: 12050416
                                                   ->  Parallel Hash  (cost=39892.48..39892.48 rows=246 width=4) (actual time=295.542..295.542 rows=16109 loops=3)
                                                         Buckets: 65536 (originally 1024)  Batches: 1 (originally 1)  Memory Usage: 2968kB
                                                         ->  Parallel Hash Join  (cost=4773.19..39892.48 rows=246 width=4) (actual time=24.645..266.826 rows=16109 loops=3)
                                                               Hash Cond: (mc.company_id = cn.id)
                                                               ->  Parallel Seq Scan on movie_companies mc  (cost=0.00..35097.06 rows=8470 width=8) (actual time=0.076..235.823 rows=16299 loops=3)
                                                                     Filter: (((note)::text ~~ '%(Japan)%'::text) AND ((note)::text !~~ '%(USA)%'::text))
                                                                     Rows Removed by Filter: 853411
                                                               ->  Parallel Hash  (cost=4722.92..4722.92 rows=4022 width=4) (actual time=24.470..24.470 rows=2251 loops=3)
                                                                     Buckets: 8192  Batches: 1  Memory Usage: 384kB
                                                                     ->  Parallel Seq Scan on company_name cn  (cost=0.00..4722.92 rows=4022 width=4) (actual time=0.034..22.997 rows=2251 loops=3)
                                                                           Filter: ((country_code)::text = '[jp]'::text)
                                                                           Rows Removed by Filter: 76082
                                             ->  Hash  (cost=1.15..1.15 rows=1 width=4) (actual time=0.061..0.061 rows=1 loops=3)
                                                   Buckets: 1024  Batches: 1  Memory Usage: 9kB
                                                   ->  Seq Scan on role_type rt  (cost=0.00..1.15 rows=1 width=4) (actual time=0.041..0.043 rows=1 loops=3)
                                                         Filter: ((role)::text = 'actress'::text)
                                                         Rows Removed by Filter: 11
 Planning Time: 9.430 ms
 Execution Time: 3678.591 ms
(48 rows)

execute /home/pei/Project/benchmarks/imdb_job-postgres/skinner_explained/8b.sql_explained.sql
SET
SET
                                                                                                              QUERY PLAN                                                                                                              
--------------------------------------------------------------------------------------------------------------------------------------------------------------------------------------------------------------------------------------
 Finalize Aggregate  (cost=642938.22..642938.23 rows=1 width=64) (actual time=5148.070..5148.070 rows=1 loops=1)
   ->  Gather  (cost=642938.11..642938.22 rows=1 width=64) (actual time=5147.734..5153.002 rows=2 loops=1)
         Workers Planned: 1
         Workers Launched: 1
         ->  Partial Aggregate  (cost=641938.11..641938.12 rows=1 width=64) (actual time=5142.188..5142.188 rows=1 loops=2)
               ->  Hash Join  (cost=637200.09..641938.10 rows=1 width=33) (actual time=5123.315..5142.144 rows=3 loops=2)
                     Hash Cond: (ci.role_id = rt.id)
                     ->  Parallel Hash Join  (cost=637198.93..641936.94 rows=1 width=37) (actual time=5123.095..5141.922 rows=3 loops=2)
                           Hash Cond: (cn.id = mc.company_id)
                           ->  Parallel Seq Scan on company_name cn  (cost=0.00..4722.92 rows=4022 width=4) (actual time=0.011..22.200 rows=3376 loops=2)
                                 Filter: ((country_code)::text = '[jp]'::text)
                                 Rows Removed by Filter: 114122
                           ->  Parallel Hash  (cost=637198.91..637198.91 rows=1 width=41) (actual time=5118.739..5118.739 rows=3 loops=2)
                                 Buckets: 1024  Batches: 1  Memory Usage: 40kB
                                 ->  Parallel Hash Join  (cost=596664.89..637198.91 rows=1 width=41) (actual time=4997.546..5118.689 rows=3 loops=2)
                                       Hash Cond: (mc.movie_id = ci.movie_id)
                                       ->  Parallel Seq Scan on movie_companies mc  (cost=0.00..40532.74 rows=338 width=8) (actual time=0.074..356.591 rows=4284 loops=2)
                                             Filter: (((note)::text ~~ '%(Japan)%'::text) AND ((note)::text !~~ '%(USA)%'::text) AND (((note)::text ~~ '%(2006)%'::text) OR ((note)::text ~~ '%(2007)%'::text)))
                                             Rows Removed by Filter: 1300280
                                       ->  Parallel Hash  (cost=596664.88..596664.88 rows=1 width=45) (actual time=4761.057..4761.057 rows=4 loops=2)
                                             Buckets: 1024  Batches: 1  Memory Usage: 72kB
                                             ->  Parallel Hash Join  (cost=580513.21..596664.88 rows=1 width=45) (actual time=4722.746..4760.993 rows=4 loops=2)
                                                   Hash Cond: (an.person_id = ci.person_id)
                                                   ->  Parallel Hash Join  (cost=81879.04..98016.48 rows=3793 width=24) (actual time=748.430..922.589 rows=2016 loops=2)
                                                         Hash Cond: (an.person_id = n.id)
                                                         ->  Parallel Seq Scan on aka_name an  (cost=0.00..15151.60 rows=375560 width=20) (actual time=0.026..109.298 rows=450672 loops=2)
                                                         ->  Parallel Hash  (cost=81659.82..81659.82 rows=17538 width=4) (actual time=747.510..747.511 rows=10456 loops=2)
                                                               Buckets: 65536  Batches: 1  Memory Usage: 1376kB
                                                               ->  Parallel Seq Scan on name n  (cost=0.00..81659.82 rows=17538 width=4) (actual time=0.309..739.014 rows=10456 loops=2)
                                                                     Filter: (((name)::text ~~ '%Yo%'::text) AND ((name)::text !~~ '%Yu%'::text))
                                                                     Rows Removed by Filter: 2073290
                                                   ->  Parallel Hash  (cost=498634.15..498634.15 rows=1 width=33) (actual time=3838.042..3838.042 rows=113 loops=2)
                                                         Buckets: 1024  Batches: 1  Memory Usage: 72kB
                                                         ->  Parallel Hash Join  (cost=57067.49..498634.15 rows=1 width=33) (actual time=428.512..3837.857 rows=113 loops=2)
                                                               Hash Cond: (ci.movie_id = t.id)
                                                               ->  Parallel Seq Scan on cast_info ci  (cost=0.00..441459.62 rows=40775 width=12) (actual time=0.832..3448.074 rows=46548 loops=2)
                                                                     Filter: ((note)::text = '(voice: English version)'::text)
                                                                     Rows Removed by Filter: 18075624
                                                               ->  Parallel Hash  (cost=57067.27..57067.27 rows=18 width=21) (actual time=383.020..383.020 rows=4 loops=2)
                                                                     Buckets: 1024  Batches: 1  Memory Usage: 72kB
                                                                     ->  Parallel Seq Scan on title t  (cost=0.00..57067.27 rows=18 width=21) (actual time=288.449..382.951 rows=4 loops=2)
                                                                           Filter: ((production_year >= 2006) AND (production_year <= 2007) AND (((title)::text ~~ 'One Piece%'::text) OR ((title)::text ~~ 'Dragon Ball Z%'::text)))
                                                                           Rows Removed by Filter: 1264152
                     ->  Hash  (cost=1.15..1.15 rows=1 width=4) (actual time=0.051..0.051 rows=1 loops=2)
                           Buckets: 1024  Batches: 1  Memory Usage: 9kB
                           ->  Seq Scan on role_type rt  (cost=0.00..1.15 rows=1 width=4) (actual time=0.030..0.032 rows=1 loops=2)
                                 Filter: ((role)::text = 'actress'::text)
                                 Rows Removed by Filter: 11
 Planning Time: 9.577 ms
 Execution Time: 5153.791 ms
(50 rows)

execute /home/pei/Project/benchmarks/imdb_job-postgres/skinner_explained/8c.sql_explained.sql
SET
SET
                                                                                         QUERY PLAN                                                                                         
--------------------------------------------------------------------------------------------------------------------------------------------------------------------------------------------
 Finalize Aggregate  (cost=767932.80..767932.81 rows=1 width=64) (actual time=8142.561..8142.562 rows=1 loops=1)
   ->  Gather  (cost=767932.58..767932.79 rows=2 width=64) (actual time=8139.069..8298.953 rows=3 loops=1)
         Workers Planned: 2
         Workers Launched: 2
         ->  Partial Aggregate  (cost=766932.58..766932.59 rows=1 width=64) (actual time=8131.976..8131.976 rows=1 loops=3)
               ->  Parallel Hash Join  (cost=243772.58..752972.57 rows=2792002 width=33) (actual time=7615.787..7899.169 rows=829204 loops=3)
                     Hash Cond: (ci.person_id = a1.person_id)
                     ->  Parallel Hash Join  (cost=118006.90..594573.48 rows=1215217 width=21) (actual time=5675.091..6003.365 rows=656886 loops=3)
                           Hash Cond: (ci.movie_id = t.id)
                           ->  Hash Join  (cost=1.16..457349.15 rows=1258484 width=8) (actual time=2564.602..3975.125 rows=909648 loops=3)
                                 Hash Cond: (ci.role_id = rt.id)
                                 ->  Parallel Seq Scan on cast_info ci  (cost=0.00..403705.10 rows=15101810 width=12) (actual time=0.033..2174.223 rows=12081448 loops=3)
                                 ->  Hash  (cost=1.15..1.15 rows=1 width=4) (actual time=0.031..0.031 rows=1 loops=3)
                                       Buckets: 1024  Batches: 1  Memory Usage: 9kB
                                       ->  Seq Scan on role_type rt  (cost=0.00..1.15 rows=1 width=4) (actual time=0.027..0.028 rows=1 loops=3)
                                             Filter: ((role)::text = 'writer'::text)
                                             Rows Removed by Filter: 11
                           ->  Parallel Hash  (cost=110366.87..110366.87 rows=395029 width=25) (actual time=1449.766..1449.766 rows=384599 loops=3)
                                 Buckets: 65536  Batches: 32  Memory Usage: 2784kB
                                 ->  Parallel Hash Join  (cost=44347.81..110366.87 rows=395029 width=25) (actual time=1036.190..1317.282 rows=384599 loops=3)
                                       Hash Cond: (t.id = mc.movie_id)
                                       ->  Parallel Seq Scan on title t  (cost=0.00..46532.63 rows=1053463 width=21) (actual time=0.024..262.893 rows=842771 loops=3)
                                       ->  Parallel Hash  (cost=37865.94..37865.94 rows=395029 width=4) (actual time=504.115..504.115 rows=384599 loops=3)
                                             Buckets: 131072  Batches: 16  Memory Usage: 3904kB
                                             ->  Parallel Hash Join  (cost=5350.78..37865.94 rows=395029 width=4) (actual time=38.309..393.241 rows=384599 loops=3)
                                                   Hash Cond: (mc.company_id = cn.id)
                                                   ->  Parallel Seq Scan on movie_companies mc  (cost=0.00..29661.37 rows=1087137 width=8) (actual time=0.013..158.223 rows=869710 loops=3)
                                                   ->  Parallel Hash  (cost=4722.92..4722.92 rows=50229 width=4) (actual time=37.432..37.432 rows=28281 loops=3)
                                                         Buckets: 131072  Batches: 1  Memory Usage: 4416kB
                                                         ->  Parallel Seq Scan on company_name cn  (cost=0.00..4722.92 rows=50229 width=4) (actual time=0.038..23.824 rows=28281 loops=3)
                                                               Filter: ((country_code)::text = '[us]'::text)
                                                               Rows Removed by Filter: 50051
                     ->  Parallel Hash  (cost=118870.18..118870.18 rows=375560 width=24) (actual time=1405.558..1405.558 rows=300448 loops=3)
                           Buckets: 65536  Batches: 16  Memory Usage: 3872kB
                           ->  Parallel Hash Join  (cost=22047.10..118870.18 rows=375560 width=24) (actual time=954.526..1304.038 rows=300448 loops=3)
                                 Hash Cond: (n1.id = a1.person_id)
                                 ->  Parallel Seq Scan on name n1  (cost=0.00..72977.55 rows=1736455 width=4) (actual time=0.052..416.902 rows=1389164 loops=3)
                                 ->  Parallel Hash  (cost=15151.60..15151.60 rows=375560 width=20) (actual time=187.404..187.404 rows=300448 loops=3)
                                       Buckets: 65536  Batches: 16  Memory Usage: 3712kB
                                       ->  Parallel Seq Scan on aka_name a1  (cost=0.00..15151.60 rows=375560 width=20) (actual time=0.043..87.919 rows=300448 loops=3)
 Planning Time: 9.017 ms
 Execution Time: 8299.681 ms
(42 rows)

execute /home/pei/Project/benchmarks/imdb_job-postgres/skinner_explained/8d.sql_explained.sql
SET
SET
                                                                                         QUERY PLAN                                                                                         
--------------------------------------------------------------------------------------------------------------------------------------------------------------------------------------------
 Finalize Aggregate  (cost=767932.80..767932.81 rows=1 width=64) (actual time=7018.915..7018.915 rows=1 loops=1)
   ->  Gather  (cost=767932.58..767932.79 rows=2 width=64) (actual time=7014.661..7161.923 rows=3 loops=1)
         Workers Planned: 2
         Workers Launched: 2
         ->  Partial Aggregate  (cost=766932.58..766932.59 rows=1 width=64) (actual time=7007.909..7007.910 rows=1 loops=3)
               ->  Parallel Hash Join  (cost=243772.58..752972.57 rows=2792002 width=33) (actual time=6906.953..6977.570 rows=107668 loops=3)
                     Hash Cond: (ci.person_id = an1.person_id)
                     ->  Parallel Hash Join  (cost=118006.90..594573.48 rows=1215217 width=21) (actual time=5365.467..5463.668 rows=95179 loops=3)
                           Hash Cond: (ci.movie_id = t.id)
                           ->  Hash Join  (cost=1.16..457349.15 rows=1258484 width=8) (actual time=3037.490..3872.889 rows=92134 loops=3)
                                 Hash Cond: (ci.role_id = rt.id)
                                 ->  Parallel Seq Scan on cast_info ci  (cost=0.00..403705.10 rows=15101810 width=12) (actual time=0.036..2189.380 rows=12081448 loops=3)
                                 ->  Hash  (cost=1.15..1.15 rows=1 width=4) (actual time=0.029..0.029 rows=1 loops=3)
                                       Buckets: 1024  Batches: 1  Memory Usage: 9kB
                                       ->  Seq Scan on role_type rt  (cost=0.00..1.15 rows=1 width=4) (actual time=0.025..0.026 rows=1 loops=3)
                                             Filter: ((role)::text = 'costume designer'::text)
                                             Rows Removed by Filter: 11
                           ->  Parallel Hash  (cost=110366.87..110366.87 rows=395029 width=25) (actual time=1456.713..1456.713 rows=384599 loops=3)
                                 Buckets: 65536  Batches: 32  Memory Usage: 2784kB
                                 ->  Parallel Hash Join  (cost=44347.81..110366.87 rows=395029 width=25) (actual time=1054.350..1324.279 rows=384599 loops=3)
                                       Hash Cond: (t.id = mc.movie_id)
                                       ->  Parallel Seq Scan on title t  (cost=0.00..46532.63 rows=1053463 width=21) (actual time=0.018..264.768 rows=842771 loops=3)
                                       ->  Parallel Hash  (cost=37865.94..37865.94 rows=395029 width=4) (actual time=499.742..499.742 rows=384599 loops=3)
                                             Buckets: 131072  Batches: 16  Memory Usage: 3872kB
                                             ->  Parallel Hash Join  (cost=5350.78..37865.94 rows=395029 width=4) (actual time=36.473..392.526 rows=384599 loops=3)
                                                   Hash Cond: (mc.company_id = cn.id)
                                                   ->  Parallel Seq Scan on movie_companies mc  (cost=0.00..29661.37 rows=1087137 width=8) (actual time=0.014..159.347 rows=869710 loops=3)
                                                   ->  Parallel Hash  (cost=4722.92..4722.92 rows=50229 width=4) (actual time=36.176..36.176 rows=28281 loops=3)
                                                         Buckets: 131072  Batches: 1  Memory Usage: 4384kB
                                                         ->  Parallel Seq Scan on company_name cn  (cost=0.00..4722.92 rows=50229 width=4) (actual time=0.037..23.868 rows=28281 loops=3)
                                                               Filter: ((country_code)::text = '[us]'::text)
                                                               Rows Removed by Filter: 50051
                     ->  Parallel Hash  (cost=118870.18..118870.18 rows=375560 width=24) (actual time=1405.275..1405.275 rows=300448 loops=3)
                           Buckets: 65536  Batches: 16  Memory Usage: 3872kB
                           ->  Parallel Hash Join  (cost=22047.10..118870.18 rows=375560 width=24) (actual time=955.842..1303.679 rows=300448 loops=3)
                                 Hash Cond: (n1.id = an1.person_id)
                                 ->  Parallel Seq Scan on name n1  (cost=0.00..72977.55 rows=1736455 width=4) (actual time=0.051..418.801 rows=1389164 loops=3)
                                 ->  Parallel Hash  (cost=15151.60..15151.60 rows=375560 width=20) (actual time=186.978..186.978 rows=300448 loops=3)
                                       Buckets: 65536  Batches: 16  Memory Usage: 3680kB
                                       ->  Parallel Seq Scan on aka_name an1  (cost=0.00..15151.60 rows=375560 width=20) (actual time=0.046..87.441 rows=300448 loops=3)
 Planning Time: 8.974 ms
 Execution Time: 7162.619 ms
(42 rows)

execute /home/pei/Project/benchmarks/imdb_job-postgres/skinner_explained/9a.sql_explained.sql
SET
SET
                                                                                                    QUERY PLAN                                                                                                    
------------------------------------------------------------------------------------------------------------------------------------------------------------------------------------------------------------------
 Aggregate  (cost=727877.31..727877.32 rows=1 width=96) (actual time=4572.715..4572.715 rows=1 loops=1)
   ->  Gather  (cost=674329.47..727877.30 rows=1 width=49) (actual time=4446.804..4579.320 rows=121 loops=1)
         Workers Planned: 2
         Workers Launched: 2
         ->  Parallel Hash Join  (cost=673329.47..726877.20 rows=1 width=49) (actual time=4357.552..4565.378 rows=40 loops=3)
               Hash Cond: (t.id = ci.movie_id)
               ->  Parallel Seq Scan on title t  (cost=0.00..51799.95 rows=466073 width=21) (actual time=0.024..269.099 rows=369296 loops=3)
                     Filter: ((production_year >= 2005) AND (production_year <= 2015))
                     Rows Removed by Filter: 473475
               ->  Parallel Hash  (cost=673329.45..673329.45 rows=1 width=40) (actual time=4254.946..4254.946 rows=114 loops=3)
                     Buckets: 1024  Batches: 1  Memory Usage: 104kB
                     ->  Parallel Hash Join  (cost=668418.17..673329.45 rows=1 width=40) (actual time=4230.752..4254.801 rows=114 loops=3)
                           Hash Cond: (cn.id = mc.company_id)
                           ->  Parallel Seq Scan on company_name cn  (cost=0.00..4722.92 rows=50229 width=4) (actual time=0.019..21.125 rows=28281 loops=3)
                                 Filter: ((country_code)::text = '[us]'::text)
                                 Rows Removed by Filter: 50051
                           ->  Parallel Hash  (cost=668418.15..668418.15 rows=1 width=44) (actual time=4230.556..4230.556 rows=116 loops=3)
                                 Buckets: 1024  Batches: 1  Memory Usage: 104kB
                                 ->  Parallel Hash Join  (cost=613978.62..668418.15 rows=1 width=44) (actual time=3859.369..4230.447 rows=116 loops=3)
                                       Hash Cond: (chn.id = ci.person_role_id)
                                       ->  Parallel Seq Scan on char_name chn  (cost=0.00..49532.75 rows=1308475 width=20) (actual time=0.040..242.475 rows=1046780 loops=3)
                                       ->  Parallel Hash  (cost=613978.60..613978.60 rows=1 width=32) (actual time=3856.016..3856.016 rows=124 loops=3)
                                             Buckets: 1024  Batches: 1  Memory Usage: 104kB
                                             ->  Parallel Hash Join  (cost=578389.44..613978.60 rows=1 width=32) (actual time=3556.052..3855.879 rows=124 loops=3)
                                                   Hash Cond: (mc.movie_id = ci.movie_id)
                                                   ->  Parallel Seq Scan on movie_companies mc  (cost=0.00..35097.06 rows=131225 width=8) (actual time=0.021..285.703 rows=196998 loops=3)
                                                         Filter: ((note IS NOT NULL) AND (((note)::text ~~ '%(USA)%'::text) OR ((note)::text ~~ '%(worldwide)%'::text)))
                                                         Rows Removed by Filter: 672712
                                                   ->  Parallel Hash  (cost=578389.42..578389.42 rows=2 width=24) (actual time=3548.746..3548.746 rows=142 loops=3)
                                                         Buckets: 1024  Batches: 1  Memory Usage: 104kB
                                                         ->  Hash Join  (cost=97799.03..578389.42 rows=2 width=24) (actual time=1612.633..3548.620 rows=142 loops=3)
                                                               Hash Cond: (ci.role_id = rt.id)
                                                               ->  Parallel Hash Join  (cost=97797.87..578388.18 rows=19 width=28) (actual time=1612.519..3548.458 rows=142 loops=3)
                                                                     Hash Cond: (ci.person_id = n.id)
                                                                     ->  Parallel Seq Scan on cast_info ci  (cost=0.00..479214.15 rows=366974 width=16) (actual time=0.096..2810.605 rows=289159 loops=3)
                                                                           Filter: ((note)::text = ANY ('{(voice),"(voice: Japanese version)","(voice) (uncredited)","(voice: English version)"}'::text[]))
                                                                           Rows Removed by Filter: 11792289
                                                                     ->  Parallel Hash  (cost=97797.76..97797.76 rows=9 width=24) (actual time=695.967..695.967 rows=519 loops=3)
                                                                           Buckets: 1024  Batches: 1  Memory Usage: 104kB
                                                                           ->  Parallel Hash Join  (cost=81660.32..97797.76 rows=9 width=24) (actual time=578.233..695.476 rows=519 loops=3)
                                                                                 Hash Cond: (an.person_id = n.id)
                                                                                 ->  Parallel Seq Scan on aka_name an  (cost=0.00..15151.60 rows=375560 width=20) (actual time=0.031..72.921 rows=300448 loops=3)
                                                                                 ->  Parallel Hash  (cost=81659.82..81659.82 rows=40 width=4) (actual time=576.829..576.829 rows=2256 loops=3)
                                                                                       Buckets: 8192 (originally 1024)  Batches: 1 (originally 1)  Memory Usage: 472kB
                                                                                       ->  Parallel Seq Scan on name n  (cost=0.00..81659.82 rows=40 width=4) (actual time=214.568..508.649 rows=2256 loops=3)
                                                                                             Filter: (((name)::text ~~ '%Ang%'::text) AND ((gender)::text = 'f'::text))
                                                                                             Rows Removed by Filter: 1386908
                                                               ->  Hash  (cost=1.15..1.15 rows=1 width=4) (actual time=0.060..0.060 rows=1 loops=3)
                                                                     Buckets: 1024  Batches: 1  Memory Usage: 9kB
                                                                     ->  Seq Scan on role_type rt  (cost=0.00..1.15 rows=1 width=4) (actual time=0.041..0.043 rows=1 loops=3)
                                                                           Filter: ((role)::text = 'actress'::text)
                                                                           Rows Removed by Filter: 11
 Planning Time: 16.119 ms
 Execution Time: 4580.091 ms
(54 rows)

execute /home/pei/Project/benchmarks/imdb_job-postgres/skinner_explained/9b.sql_explained.sql
SET
SET
                                                                                                    QUERY PLAN                                                                                                    
------------------------------------------------------------------------------------------------------------------------------------------------------------------------------------------------------------------
 Aggregate  (cost=691306.83..691306.84 rows=1 width=128) (actual time=4298.633..4298.633 rows=1 loops=1)
   ->  Gather  (cost=638698.30..691306.82 rows=1 width=64) (actual time=4117.140..4305.209 rows=40 loops=1)
         Workers Planned: 2
         Workers Launched: 2
         ->  Parallel Hash Join  (cost=637698.30..690306.72 rows=1 width=64) (actual time=4093.665..4291.244 rows=13 loops=3)
               Hash Cond: (t.id = ci.movie_id)
               ->  Parallel Seq Scan on title t  (cost=0.00..51799.95 rows=215591 width=21) (actual time=0.020..251.593 rows=170942 loops=3)
                     Filter: ((production_year >= 2007) AND (production_year <= 2010))
                     Rows Removed by Filter: 671829
               ->  Parallel Hash  (cost=637698.28..637698.28 rows=1 width=55) (actual time=4018.313..4018.313 rows=31 loops=3)
                     Buckets: 1024  Batches: 1  Memory Usage: 104kB
                     ->  Parallel Hash Join  (cost=632787.00..637698.28 rows=1 width=55) (actual time=3994.893..4018.213 rows=31 loops=3)
                           Hash Cond: (cn.id = mc.company_id)
                           ->  Parallel Seq Scan on company_name cn  (cost=0.00..4722.92 rows=50229 width=4) (actual time=0.021..21.003 rows=28281 loops=3)
                                 Filter: ((country_code)::text = '[us]'::text)
                                 Rows Removed by Filter: 50051
                           ->  Parallel Hash  (cost=632786.98..632786.98 rows=1 width=59) (actual time=3994.222..3994.222 rows=31 loops=3)
                                 Buckets: 1024  Batches: 1  Memory Usage: 104kB
                                 ->  Parallel Hash Join  (cost=594815.82..632786.98 rows=1 width=59) (actual time=3767.738..3994.144 rows=31 loops=3)
                                       Hash Cond: (mc.movie_id = ci.movie_id)
                                       ->  Parallel Seq Scan on movie_companies mc  (cost=0.00..37814.90 rows=41669 width=8) (actual time=0.023..265.161 rows=66173 loops=3)
                                             Filter: (((note)::text ~~ '%(200%)%'::text) AND (((note)::text ~~ '%(USA)%'::text) OR ((note)::text ~~ '%(worldwide)%'::text)))
                                             Rows Removed by Filter: 803537
                                       ->  Parallel Hash  (cost=594815.80..594815.80 rows=1 width=51) (actual time=3720.742..3720.742 rows=79 loops=3)
                                             Buckets: 1024  Batches: 1  Memory Usage: 104kB
                                             ->  Parallel Hash Join  (cost=540376.27..594815.80 rows=1 width=51) (actual time=3350.911..3720.642 rows=79 loops=3)
                                                   Hash Cond: (chn.id = ci.person_role_id)
                                                   ->  Parallel Seq Scan on char_name chn  (cost=0.00..49532.75 rows=1308475 width=20) (actual time=0.046..241.750 rows=1046780 loops=3)
                                                   ->  Parallel Hash  (cost=540376.25..540376.25 rows=1 width=39) (actual time=3349.037..3349.037 rows=88 loops=3)
                                                         Buckets: 1024  Batches: 1  Memory Usage: 104kB
                                                         ->  Hash Join  (cost=97799.03..540376.25 rows=1 width=39) (actual time=1825.900..3348.925 rows=88 loops=3)
                                                               Hash Cond: (ci.role_id = rt.id)
                                                               ->  Parallel Hash Join  (cost=97797.87..540375.04 rows=15 width=43) (actual time=1825.790..3348.783 rows=88 loops=3)
                                                                     Hash Cond: (ci.person_id = n.id)
                                                                     ->  Parallel Seq Scan on cast_info ci  (cost=0.00..441459.62 rows=298009 width=16) (actual time=0.059..2310.389 rows=237943 loops=3)
                                                                           Filter: ((note)::text = '(voice)'::text)
                                                                           Rows Removed by Filter: 11843505
                                                                     ->  Parallel Hash  (cost=97797.76..97797.76 rows=9 width=39) (actual time=1002.665..1002.665 rows=432 loops=3)
                                                                           Buckets: 1024  Batches: 1  Memory Usage: 136kB
                                                                           ->  Parallel Hash Join  (cost=81660.32..97797.76 rows=9 width=39) (actual time=886.360..1002.196 rows=432 loops=3)
                                                                                 Hash Cond: (an.person_id = n.id)
                                                                                 ->  Parallel Seq Scan on aka_name an  (cost=0.00..15151.60 rows=375560 width=20) (actual time=0.035..72.545 rows=300448 loops=3)
                                                                                 ->  Parallel Hash  (cost=81659.82..81659.82 rows=40 width=19) (actual time=885.091..885.091 rows=1803 loops=3)
                                                                                       Buckets: 8192 (originally 1024)  Batches: 1 (originally 1)  Memory Usage: 504kB
                                                                                       ->  Parallel Seq Scan on name n  (cost=0.00..81659.82 rows=40 width=19) (actual time=214.357..498.078 rows=1803 loops=3)
                                                                                             Filter: (((name)::text ~~ '%Angel%'::text) AND ((gender)::text = 'f'::text))
                                                                                             Rows Removed by Filter: 1387361
                                                               ->  Hash  (cost=1.15..1.15 rows=1 width=4) (actual time=0.058..0.058 rows=1 loops=3)
                                                                     Buckets: 1024  Batches: 1  Memory Usage: 9kB
                                                                     ->  Seq Scan on role_type rt  (cost=0.00..1.15 rows=1 width=4) (actual time=0.036..0.038 rows=1 loops=3)
                                                                           Filter: ((role)::text = 'actress'::text)
                                                                           Rows Removed by Filter: 11
 Planning Time: 15.735 ms
 Execution Time: 4306.022 ms
(54 rows)

execute /home/pei/Project/benchmarks/imdb_job-postgres/skinner_explained/9c.sql_explained.sql
SET
SET
                                                                                                    QUERY PLAN                                                                                                    
------------------------------------------------------------------------------------------------------------------------------------------------------------------------------------------------------------------
 Finalize Aggregate  (cost=750479.65..750479.66 rows=1 width=128) (actual time=5155.188..5155.189 rows=1 loops=1)
   ->  Gather  (cost=750479.42..750479.63 rows=2 width=128) (actual time=5151.383..5246.513 rows=3 loops=1)
         Workers Planned: 2
         Workers Launched: 2
         ->  Partial Aggregate  (cost=749479.42..749479.43 rows=1 width=128) (actual time=5144.111..5144.111 rows=1 loops=3)
               ->  Parallel Hash Join  (cost=732915.55..749475.64 rows=378 width=64) (actual time=5028.490..5142.640 rows=2715 loops=3)
                     Hash Cond: (an.person_id = n.id)
                     ->  Parallel Seq Scan on aka_name an  (cost=0.00..15151.60 rows=375560 width=20) (actual time=0.047..72.221 rows=300448 loops=3)
                     ->  Parallel Hash  (cost=732913.48..732913.48 rows=165 width=56) (actual time=5026.034..5026.034 rows=1501 loops=3)
                           Buckets: 4096 (originally 1024)  Batches: 1 (originally 1)  Memory Usage: 536kB
                           ->  Parallel Hash Join  (cost=682429.67..732913.48 rows=165 width=56) (actual time=4656.341..4999.405 rows=1501 loops=3)
                                 Hash Cond: (t.id = ci.movie_id)
                                 ->  Parallel Seq Scan on title t  (cost=0.00..46532.63 rows=1053463 width=21) (actual time=0.017..219.959 rows=842771 loops=3)
                                 ->  Parallel Hash  (cost=682427.61..682427.61 rows=165 width=47) (actual time=4654.518..4654.518 rows=1501 loops=3)
                                       Buckets: 4096 (originally 1024)  Batches: 1 (originally 1)  Memory Usage: 472kB
                                       ->  Parallel Hash Join  (cost=648686.41..682427.61 rows=165 width=47) (actual time=4336.062..4613.885 rows=1501 loops=3)
                                             Hash Cond: (mc.company_id = cn.id)
                                             ->  Parallel Hash Join  (cost=643335.63..677075.64 rows=453 width=51) (actual time=4295.678..4571.866 rows=4128 loops=3)
                                                   Hash Cond: (mc.movie_id = ci.movie_id)
                                                   ->  Parallel Seq Scan on movie_companies mc  (cost=0.00..29661.37 rows=1087137 width=8) (actual time=0.027..152.906 rows=869710 loops=3)
                                                   ->  Parallel Hash  (cost=643333.50..643333.50 rows=170 width=43) (actual time=4293.698..4293.698 rows=1895 loops=3)
                                                         Buckets: 8192 (originally 1024)  Batches: 1 (originally 1)  Memory Usage: 600kB
                                                         ->  Parallel Hash Join  (cost=155467.08..643333.50 rows=170 width=43) (actual time=4031.259..4238.740 rows=1895 loops=3)
                                                               Hash Cond: (ci.person_role_id = chn.id)
                                                               ->  Hash Join  (cost=81911.39..562103.89 rows=353 width=31) (actual time=1433.267..3366.803 rows=2184 loops=3)
                                                                     Hash Cond: (ci.role_id = rt.id)
                                                                     ->  Parallel Hash Join  (cost=81910.23..562087.69 rows=4234 width=35) (actual time=1433.206..3365.933 rows=2185 loops=3)
                                                                           Hash Cond: (ci.person_id = n.id)
                                                                           ->  Parallel Seq Scan on cast_info ci  (cost=0.00..479214.15 rows=366974 width=16) (actual time=0.077..2784.473 rows=289159 loops=3)
                                                                                 Filter: ((note)::text = ANY ('{(voice),"(voice: Japanese version)","(voice) (uncredited)","(voice: English version)"}'::text[]))
                                                                                 Rows Removed by Filter: 11792289
                                                                           ->  Parallel Hash  (cost=81659.82..81659.82 rows=20033 width=19) (actual time=535.377..535.378 rows=16670 loops=3)
                                                                                 Buckets: 65536  Batches: 1  Memory Usage: 3296kB
                                                                                 ->  Parallel Seq Scan on name n  (cost=0.00..81659.82 rows=20033 width=19) (actual time=219.701..522.437 rows=16670 loops=3)
                                                                                       Filter: (((name)::text ~~ '%An%'::text) AND ((gender)::text = 'f'::text))
                                                                                       Rows Removed by Filter: 1372493
                                                                     ->  Hash  (cost=1.15..1.15 rows=1 width=4) (actual time=0.046..0.046 rows=1 loops=3)
                                                                           Buckets: 1024  Batches: 1  Memory Usage: 9kB
                                                                           ->  Seq Scan on role_type rt  (cost=0.00..1.15 rows=1 width=4) (actual time=0.042..0.044 rows=1 loops=3)
                                                                                 Filter: ((role)::text = 'actress'::text)
                                                                                 Rows Removed by Filter: 11
                                                               ->  Parallel Hash  (cost=49532.75..49532.75 rows=1308475 width=20) (actual time=639.177..639.177 rows=1046780 loops=3)
                                                                     Buckets: 65536  Batches: 64  Memory Usage: 3264kB
                                                                     ->  Parallel Seq Scan on char_name chn  (cost=0.00..49532.75 rows=1308475 width=20) (actual time=0.053..296.083 rows=1046780 loops=3)
                                             ->  Parallel Hash  (cost=4722.92..4722.92 rows=50229 width=4) (actual time=39.219..39.219 rows=28281 loops=3)
                                                   Buckets: 131072  Batches: 1  Memory Usage: 4384kB
                                                   ->  Parallel Seq Scan on company_name cn  (cost=0.00..4722.92 rows=50229 width=4) (actual time=0.035..25.078 rows=28281 loops=3)
                                                         Filter: ((country_code)::text = '[us]'::text)
                                                         Rows Removed by Filter: 50051
 Planning Time: 15.886 ms
 Execution Time: 5247.564 ms
(51 rows)

execute /home/pei/Project/benchmarks/imdb_job-postgres/skinner_explained/9d.sql_explained.sql
SET
SET
                                                                                                    QUERY PLAN                                                                                                    
------------------------------------------------------------------------------------------------------------------------------------------------------------------------------------------------------------------
 Finalize Aggregate  (cost=756571.53..756571.54 rows=1 width=128) (actual time=6535.892..6535.892 rows=1 loops=1)
   ->  Gather  (cost=756571.30..756571.51 rows=2 width=128) (actual time=6527.956..6751.665 rows=3 loops=1)
         Workers Planned: 2
         Workers Launched: 2
         ->  Partial Aggregate  (cost=755571.30..755571.31 rows=1 width=128) (actual time=6520.823..6520.823 rows=1 loops=3)
               ->  Parallel Hash Join  (cost=738933.47..755496.36 rows=7494 width=64) (actual time=6335.200..6448.282 rows=161027 loops=3)
                     Hash Cond: (an.person_id = n.id)
                     ->  Parallel Seq Scan on aka_name an  (cost=0.00..15151.60 rows=375560 width=20) (actual time=0.077..73.471 rows=300448 loops=3)
                     ->  Parallel Hash  (cost=738892.70..738892.70 rows=3262 width=56) (actual time=6146.118..6146.118 rows=57856 loops=3)
                           Buckets: 32768 (originally 8192)  Batches: 8 (originally 1)  Memory Usage: 2848kB
                           ->  Parallel Hash Join  (cost=688395.99..738892.70 rows=3262 width=56) (actual time=5847.235..6091.962 rows=57856 loops=3)
                                 Hash Cond: (t.id = ci.movie_id)
                                 ->  Parallel Seq Scan on title t  (cost=0.00..46532.63 rows=1053463 width=21) (actual time=0.025..226.814 rows=842771 loops=3)
                                 ->  Parallel Hash  (cost=688355.22..688355.22 rows=3262 width=47) (actual time=5294.397..5294.397 rows=57856 loops=3)
                                       Buckets: 65536 (originally 8192)  Batches: 8 (originally 1)  Memory Usage: 2432kB
                                       ->  Parallel Hash Join  (cost=654556.12..688355.22 rows=3262 width=47) (actual time=5005.314..5241.086 rows=57856 loops=3)
                                             Hash Cond: (mc.company_id = cn.id)
                                             ->  Parallel Hash Join  (cost=649205.34..682980.87 rows=8976 width=51) (actual time=4965.526..5171.444 rows=142133 loops=3)
                                                   Hash Cond: (mc.movie_id = ci.movie_id)
                                                   ->  Parallel Seq Scan on movie_companies mc  (cost=0.00..29661.37 rows=1087137 width=8) (actual time=0.014..155.975 rows=869710 loops=3)
                                                   ->  Parallel Hash  (cost=649163.11..649163.11 rows=3378 width=43) (actual time=4556.762..4556.763 rows=85164 loops=3)
                                                         Buckets: 65536 (originally 8192)  Batches: 8 (originally 1)  Memory Usage: 3008kB
                                                         ->  Parallel Hash Join  (cost=158158.83..649163.11 rows=3378 width=43) (actual time=4251.112..4461.504 rows=85164 loops=3)
                                                               Hash Cond: (ci.person_role_id = chn.id)
                                                               ->  Parallel Hash Join  (cost=84603.14..567826.09 rows=6986 width=31) (actual time=3450.399..3564.773 rows=92002 loops=3)
                                                                     Hash Cond: (ci.person_id = n.id)
                                                                     ->  Hash Join  (cost=1.16..480518.83 rows=30581 width=12) (actual time=899.559..2858.373 rows=92055 loops=3)
                                                                           Hash Cond: (ci.role_id = rt.id)
                                                                           ->  Parallel Seq Scan on cast_info ci  (cost=0.00..479214.15 rows=366974 width=16) (actual time=0.088..2795.154 rows=289159 loops=3)
                                                                                 Filter: ((note)::text = ANY ('{(voice),"(voice: Japanese version)","(voice) (uncredited)","(voice: English version)"}'::text[]))
                                                                                 Rows Removed by Filter: 11792289
                                                                           ->  Hash  (cost=1.15..1.15 rows=1 width=4) (actual time=0.036..0.036 rows=1 loops=3)
                                                                                 Buckets: 1024  Batches: 1  Memory Usage: 9kB
                                                                                 ->  Seq Scan on role_type rt  (cost=0.00..1.15 rows=1 width=4) (actual time=0.031..0.033 rows=1 loops=3)
                                                                                       Filter: ((role)::text = 'actress'::text)
                                                                                       Rows Removed by Filter: 11
                                                                     ->  Parallel Hash  (cost=77318.68..77318.68 rows=396664 width=19) (actual time=543.207..543.207 rows=320518 loops=3)
                                                                           Buckets: 65536  Batches: 16  Memory Usage: 3872kB
                                                                           ->  Parallel Seq Scan on name n  (cost=0.00..77318.68 rows=396664 width=19) (actual time=179.413..434.152 rows=320518 loops=3)
                                                                                 Filter: ((gender)::text = 'f'::text)
                                                                                 Rows Removed by Filter: 1068645
                                                               ->  Parallel Hash  (cost=49532.75..49532.75 rows=1308475 width=20) (actual time=636.268..636.268 rows=1046780 loops=3)
                                                                     Buckets: 65536  Batches: 64  Memory Usage: 3232kB
                                                                     ->  Parallel Seq Scan on char_name chn  (cost=0.00..49532.75 rows=1308475 width=20) (actual time=0.062..294.180 rows=1046780 loops=3)
                                             ->  Parallel Hash  (cost=4722.92..4722.92 rows=50229 width=4) (actual time=38.939..38.939 rows=28281 loops=3)
                                                   Buckets: 131072  Batches: 1  Memory Usage: 4384kB
                                                   ->  Parallel Seq Scan on company_name cn  (cost=0.00..4722.92 rows=50229 width=4) (actual time=0.036..25.086 rows=28281 loops=3)
                                                         Filter: ((country_code)::text = '[us]'::text)
                                                         Rows Removed by Filter: 50051
 Planning Time: 15.563 ms
 Execution Time: 6752.768 ms
(51 rows)

