execute /home/pei/Project/benchmarks/imdb_job-postgres/skinner_explained/10a.sql_explained.sql
SET
SET
                                                                                            QUERY PLAN                                                                                             
---------------------------------------------------------------------------------------------------------------------------------------------------------------------------------------------------
 Finalize Aggregate  (cost=629274.70..629274.71 rows=1 width=64) (actual time=4032.680..4032.681 rows=1 loops=1)
   ->  Gather  (cost=629274.48..629274.69 rows=2 width=64) (actual time=4032.223..4035.617 rows=3 loops=1)
         Workers Planned: 2
         Workers Launched: 2
         ->  Partial Aggregate  (cost=628274.48..628274.49 rows=1 width=64) (actual time=4025.455..4025.455 rows=1 loops=3)
               ->  Hash Join  (cost=567292.56..628274.47 rows=2 width=33) (actual time=3634.070..4025.382 rows=35 loops=3)
                     Hash Cond: (mc.company_type_id = ct.id)
                     ->  Parallel Hash Join  (cost=567291.47..628273.38 rows=2 width=37) (actual time=3633.813..4025.109 rows=35 loops=3)
                           Hash Cond: (chn.id = ci.person_role_id)
                           ->  Parallel Seq Scan on char_name chn  (cost=0.00..49532.75 rows=1308475 width=20) (actual time=0.049..263.473 rows=1046780 loops=3)
                           ->  Parallel Hash  (cost=567291.40..567291.40 rows=5 width=25) (actual time=3632.428..3632.428 rows=37 loops=3)
                                 Buckets: 1024  Batches: 1  Memory Usage: 104kB
                                 ->  Parallel Hash Join  (cost=516526.82..567291.40 rows=5 width=25) (actual time=3491.486..3632.309 rows=37 loops=3)
                                       Hash Cond: (t.id = mc.movie_id)
                                       ->  Parallel Seq Scan on title t  (cost=0.00..49166.29 rows=426207 width=21) (actual time=0.050..285.350 rows=337640 loops=3)
                                             Filter: (production_year > 2005)
                                             Rows Removed by Filter: 505131
                                       ->  Parallel Hash  (cost=516526.68..516526.68 rows=11 width=16) (actual time=3308.132..3308.132 rows=92 loops=3)
                                             Buckets: 1024  Batches: 1  Memory Usage: 104kB
                                             ->  Parallel Hash Join  (cost=483987.14..516526.68 rows=11 width=16) (actual time=3061.985..3307.943 rows=92 loops=3)
                                                   Hash Cond: (mc.movie_id = ci.movie_id)
                                                   ->  Parallel Hash Join  (cost=4733.23..37248.39 rows=6486 width=8) (actual time=43.549..333.724 rows=2930 loops=3)
                                                         Hash Cond: (mc.company_id = cn.id)
                                                         ->  Parallel Seq Scan on movie_companies mc  (cost=0.00..29661.37 rows=1087137 width=12) (actual time=0.042..169.220 rows=869710 loops=3)
                                                         ->  Parallel Hash  (cost=4722.92..4722.92 rows=825 width=4) (actual time=42.568..42.568 rows=454 loops=3)
                                                               Buckets: 2048  Batches: 1  Memory Usage: 112kB
                                                               ->  Parallel Seq Scan on company_name cn  (cost=0.00..4722.92 rows=825 width=4) (actual time=0.119..41.986 rows=454 loops=3)
                                                                     Filter: ((country_code)::text = '[ru]'::text)
                                                                     Rows Removed by Filter: 77879
                                                   ->  Parallel Hash  (cost=479245.16..479245.16 rows=700 width=8) (actual time=2972.983..2972.983 rows=8625 loops=3)
                                                         Buckets: 32768 (originally 2048)  Batches: 1 (originally 1)  Memory Usage: 1552kB
                                                         ->  Hash Join  (cost=1.16..479245.16 rows=700 width=8) (actual time=0.571..2817.604 rows=8625 loops=3)
                                                               Hash Cond: (ci.role_id = rt.id)
                                                               ->  Parallel Seq Scan on cast_info ci  (cost=0.00..479214.15 rows=8405 width=12) (actual time=0.465..2812.590 rows=10763 loops=3)
                                                                     Filter: (((note)::text ~~ '%(voice)%'::text) AND ((note)::text ~~ '%(uncredited)%'::text))
                                                                     Rows Removed by Filter: 12070685
                                                               ->  Hash  (cost=1.15..1.15 rows=1 width=4) (actual time=0.045..0.045 rows=1 loops=3)
                                                                     Buckets: 1024  Batches: 1  Memory Usage: 9kB
                                                                     ->  Seq Scan on role_type rt  (cost=0.00..1.15 rows=1 width=4) (actual time=0.032..0.035 rows=1 loops=3)
                                                                           Filter: ((role)::text = 'actor'::text)
                                                                           Rows Removed by Filter: 11
                     ->  Hash  (cost=1.04..1.04 rows=4 width=4) (actual time=0.063..0.063 rows=4 loops=3)
                           Buckets: 1024  Batches: 1  Memory Usage: 9kB
                           ->  Seq Scan on company_type ct  (cost=0.00..1.04 rows=4 width=4) (actual time=0.041..0.042 rows=4 loops=3)
 Planning Time: 9.377 ms
 Execution Time: 4036.350 ms
(46 rows)

execute /home/pei/Project/benchmarks/imdb_job-postgres/skinner_explained/10b.sql_explained.sql
SET
SET
                                                                                               QUERY PLAN                                                                                                
---------------------------------------------------------------------------------------------------------------------------------------------------------------------------------------------------------
 Finalize Aggregate  (cost=612898.77..612898.78 rows=1 width=64) (actual time=4465.782..4465.782 rows=1 loops=1)
   ->  Gather  (cost=612898.55..612898.76 rows=2 width=64) (actual time=4463.126..4519.514 rows=3 loops=1)
         Workers Planned: 2
         Workers Launched: 2
         ->  Partial Aggregate  (cost=611898.55..611898.56 rows=1 width=64) (actual time=4456.386..4456.387 rows=1 loops=3)
               ->  Hash Join  (cost=160692.60..611898.28 rows=55 width=33) (actual time=4456.380..4456.380 rows=0 loops=3)
                     Hash Cond: (mc.company_type_id = ct.id)
                     ->  Parallel Hash Join  (cost=160691.51..611896.89 rows=55 width=37) (actual time=4456.137..4456.226 rows=0 loops=3)
                           Hash Cond: (ci.person_role_id = chn.id)
                           ->  Hash Join  (cost=87135.83..530671.90 rows=115 width=25) (actual time=3586.941..3586.941 rows=0 loops=3)
                                 Hash Cond: (ci.role_id = rt.id)
                                 ->  Parallel Hash Join  (cost=87134.66..530665.85 rows=1377 width=29) (actual time=2003.331..3586.709 rows=871 loops=3)
                                       Hash Cond: (ci.movie_id = t.id)
                                       ->  Parallel Seq Scan on cast_info ci  (cost=0.00..441459.62 rows=551821 width=12) (actual time=330.795..2926.150 rows=478480 loops=3)
                                             Filter: ((note)::text ~~ '%(producer)%'::text)
                                             Rows Removed by Filter: 11602968
                                       ->  Parallel Hash  (cost=87121.90..87121.90 rows=1021 width=29) (actual time=607.024..607.024 rows=420 loops=3)
                                             Buckets: 4096  Batches: 1  Memory Usage: 128kB
                                             ->  Parallel Hash Join  (cost=37329.47..87121.90 rows=1021 width=29) (actual time=315.666..606.415 rows=420 loops=3)
                                                   Hash Cond: (t.id = mc.movie_id)
                                                   ->  Parallel Seq Scan on title t  (cost=0.00..49166.29 rows=165838 width=21) (actual time=0.048..272.251 rows=130555 loops=3)
                                                         Filter: (production_year > 2010)
                                                         Rows Removed by Filter: 712215
                                                   ->  Parallel Hash  (cost=37248.39..37248.39 rows=6486 width=8) (actual time=312.140..312.140 rows=2930 loops=3)
                                                         Buckets: 16384  Batches: 1  Memory Usage: 512kB
                                                         ->  Parallel Hash Join  (cost=4733.23..37248.39 rows=6486 width=8) (actual time=20.019..309.506 rows=2930 loops=3)
                                                               Hash Cond: (mc.company_id = cn.id)
                                                               ->  Parallel Seq Scan on movie_companies mc  (cost=0.00..29661.37 rows=1087137 width=12) (actual time=0.045..168.369 rows=869710 loops=3)
                                                               ->  Parallel Hash  (cost=4722.92..4722.92 rows=825 width=4) (actual time=19.297..19.298 rows=454 loops=3)
                                                                     Buckets: 2048  Batches: 1  Memory Usage: 112kB
                                                                     ->  Parallel Seq Scan on company_name cn  (cost=0.00..4722.92 rows=825 width=4) (actual time=0.061..18.767 rows=454 loops=3)
                                                                           Filter: ((country_code)::text = '[ru]'::text)
                                                                           Rows Removed by Filter: 77879
                                 ->  Hash  (cost=1.15..1.15 rows=1 width=4) (actual time=0.059..0.059 rows=1 loops=3)
                                       Buckets: 1024  Batches: 1  Memory Usage: 9kB
                                       ->  Seq Scan on role_type rt  (cost=0.00..1.15 rows=1 width=4) (actual time=0.054..0.056 rows=1 loops=3)
                                             Filter: ((role)::text = 'actor'::text)
                                             Rows Removed by Filter: 11
                           ->  Parallel Hash  (cost=49532.75..49532.75 rows=1308475 width=20) (actual time=651.915..651.915 rows=1046780 loops=3)
                                 Buckets: 65536  Batches: 64  Memory Usage: 3264kB
                                 ->  Parallel Seq Scan on char_name chn  (cost=0.00..49532.75 rows=1308475 width=20) (actual time=0.069..309.861 rows=1046780 loops=3)
                     ->  Hash  (cost=1.04..1.04 rows=4 width=4) (actual time=0.056..0.056 rows=4 loops=3)
                           Buckets: 1024  Batches: 1  Memory Usage: 9kB
                           ->  Seq Scan on company_type ct  (cost=0.00..1.04 rows=4 width=4) (actual time=0.027..0.029 rows=4 loops=3)
 Planning Time: 7.258 ms
 Execution Time: 4520.428 ms
(46 rows)

execute /home/pei/Project/benchmarks/imdb_job-postgres/skinner_explained/10c.sql_explained.sql
SET
SET
                                                                                          QUERY PLAN                                                                                           
-----------------------------------------------------------------------------------------------------------------------------------------------------------------------------------------------
 Finalize Aggregate  (cost=652016.30..652016.31 rows=1 width=64) (actual time=5187.299..5187.300 rows=1 loops=1)
   ->  Gather  (cost=652016.08..652016.29 rows=2 width=64) (actual time=5182.436..5281.231 rows=3 loops=1)
         Workers Planned: 2
         Workers Launched: 2
         ->  Partial Aggregate  (cost=651016.08..651016.09 rows=1 width=64) (actual time=5175.623..5175.624 rows=1 loops=3)
               ->  Hash Join  (cost=609518.31..650122.02 rows=178812 width=33) (actual time=5133.558..5175.592 rows=3 loops=3)
                     Hash Cond: (ci.role_id = rt.id)
                     ->  Hash Join  (cost=609517.04..649485.59 rows=178812 width=37) (actual time=5133.288..5175.319 rows=3 loops=3)
                           Hash Cond: (mc.company_type_id = ct.id)
                           ->  Parallel Hash Join  (cost=609515.95..648517.80 rows=178812 width=41) (actual time=5133.191..5175.220 rows=3 loops=3)
                                 Hash Cond: (mc.movie_id = t.id)
                                 ->  Parallel Hash Join  (cost=5350.78..37865.94 rows=395029 width=8) (actual time=34.422..411.703 rows=384599 loops=3)
                                       Hash Cond: (mc.company_id = cn.id)
                                       ->  Parallel Seq Scan on movie_companies mc  (cost=0.00..29661.37 rows=1087137 width=12) (actual time=0.044..169.075 rows=869710 loops=3)
                                       ->  Parallel Hash  (cost=4722.92..4722.92 rows=50229 width=4) (actual time=34.103..34.103 rows=28281 loops=3)
                                             Buckets: 131072  Batches: 1  Memory Usage: 4384kB
                                             ->  Parallel Seq Scan on company_name cn  (cost=0.00..4722.92 rows=50229 width=4) (actual time=0.026..21.163 rows=28281 loops=3)
                                                   Filter: ((country_code)::text = '[us]'::text)
                                                   Rows Removed by Filter: 50051
                                 ->  Parallel Hash  (cost=600222.44..600222.44 rows=185178 width=45) (actual time=4589.211..4589.211 rows=4 loops=3)
                                       Buckets: 65536  Batches: 16  Memory Usage: 576kB
                                       ->  Parallel Hash Join  (cost=136144.88..600222.44 rows=185178 width=45) (actual time=4488.133..4587.634 rows=4 loops=3)
                                             Hash Cond: (ci.movie_id = t.id)
                                             ->  Parallel Hash Join  (cost=73555.68..529520.84 rows=266824 width=24) (actual time=3749.526..3949.360 rows=5 loops=3)
                                                   Hash Cond: (ci.person_role_id = chn.id)
                                                   ->  Parallel Seq Scan on cast_info ci  (cost=0.00..441459.62 rows=551821 width=12) (actual time=459.515..2890.156 rows=478480 loops=3)
                                                         Filter: ((note)::text ~~ '%(producer)%'::text)
                                                         Rows Removed by Filter: 11602968
                                                   ->  Parallel Hash  (cost=49532.75..49532.75 rows=1308475 width=20) (actual time=653.547..653.547 rows=1046780 loops=3)
                                                         Buckets: 65536  Batches: 64  Memory Usage: 3232kB
                                                         ->  Parallel Seq Scan on char_name chn  (cost=0.00..49532.75 rows=1308475 width=20) (actual time=0.068..310.640 rows=1046780 loops=3)
                                             ->  Parallel Hash  (cost=49166.29..49166.29 rows=731112 width=21) (actual time=503.332..503.332 rows=583011 loops=3)
                                                   Buckets: 65536  Batches: 32  Memory Usage: 3616kB
                                                   ->  Parallel Seq Scan on title t  (cost=0.00..49166.29 rows=731112 width=21) (actual time=0.073..303.270 rows=583011 loops=3)
                                                         Filter: (production_year > 1990)
                                                         Rows Removed by Filter: 259760
                           ->  Hash  (cost=1.04..1.04 rows=4 width=4) (actual time=0.038..0.038 rows=4 loops=3)
                                 Buckets: 1024  Batches: 1  Memory Usage: 9kB
                                 ->  Seq Scan on company_type ct  (cost=0.00..1.04 rows=4 width=4) (actual time=0.024..0.026 rows=4 loops=3)
                     ->  Hash  (cost=1.12..1.12 rows=12 width=4) (actual time=0.064..0.064 rows=12 loops=3)
                           Buckets: 1024  Batches: 1  Memory Usage: 9kB
                           ->  Seq Scan on role_type rt  (cost=0.00..1.12 rows=12 width=4) (actual time=0.032..0.034 rows=12 loops=3)
 Planning Time: 7.082 ms
 Execution Time: 5281.888 ms
(44 rows)

execute /home/pei/Project/benchmarks/imdb_job-postgres/skinner_explained/11a.sql_explained.sql
SET
SET
                                                                                                        QUERY PLAN                                                                                                        
--------------------------------------------------------------------------------------------------------------------------------------------------------------------------------------------------------------------------
 Aggregate  (cost=25460.06..25460.07 rows=1 width=96) (actual time=370.367..370.368 rows=1 loops=1)
   ->  Gather  (cost=19952.24..25460.06 rows=1 width=118) (actual time=337.770..373.492 rows=310 loops=1)
         Workers Planned: 1
         Workers Launched: 1
         ->  Parallel Hash Join  (cost=18952.24..24459.96 rows=1 width=118) (actual time=324.636..364.777 rows=155 loops=2)
               Hash Cond: (cn.id = mc.company_id)
               ->  Parallel Seq Scan on company_name cn  (cost=0.00..5414.09 rows=24965 width=23) (actual time=0.031..47.036 rows=24151 loops=2)
                     Filter: (((country_code)::text <> '[pl]'::text) AND (((name)::text ~~ '%Film%'::text) OR ((name)::text ~~ '%Warner%'::text)))
                     Rows Removed by Filter: 93348
               ->  Parallel Hash  (cost=18952.23..18952.23 rows=1 width=103) (actual time=314.505..314.505 rows=332 loops=2)
                     Buckets: 1024  Batches: 1  Memory Usage: 104kB
                     ->  Hash Join  (cost=8687.12..18952.23 rows=1 width=103) (actual time=191.770..314.197 rows=332 loops=2)
                           Hash Cond: (mk.keyword_id = k.id)
                           ->  Merge Join  (cost=6060.98..16306.51 rows=7458 width=107) (actual time=115.414..277.444 rows=16065 loops=2)
                                 Merge Cond: (ml.movie_id = mk.movie_id)
                                 ->  Merge Join  (cost=6016.36..13086.62 rows=160 width=115) (actual time=115.325..236.672 rows=1397 loops=2)
                                       Merge Cond: (t.id = ml.movie_id)
                                       ->  Parallel Index Scan using title_pkey on title t  (cost=0.43..92601.00 rows=379985 width=21) (actual time=0.065..122.175 rows=26100 loops=2)
                                             Filter: ((production_year >= 1950) AND (production_year <= 2000))
                                             Rows Removed by Filter: 56295
                                       ->  Sort  (cost=6015.92..6018.59 rows=1065 width=94) (actual time=110.982..111.310 rows=4393 loops=2)
                                             Sort Key: mc.movie_id
                                             Sort Method: quicksort  Memory: 536kB
                                             Worker 0:  Sort Method: quicksort  Memory: 536kB
                                             ->  Hash Join  (cost=652.13..5962.37 rows=1065 width=94) (actual time=13.844..108.787 rows=4393 loops=2)
                                                   Hash Cond: (mc.company_type_id = ct.id)
                                                   ->  Merge Join  (cost=651.06..5938.28 rows=4260 width=98) (actual time=13.760..107.319 rows=5069 loops=2)
                                                         Merge Cond: (mc.movie_id = ml.movie_id)
                                                         ->  Index Scan using movie_id_movie_companies on movie_companies mc  (cost=0.43..131550.35 rows=1273429 width=12) (actual time=0.081..87.761 rows=49142 loops=2)
                                                               Filter: (note IS NULL)
                                                               Rows Removed by Filter: 50735
                                                         ->  Sort  (cost=650.63..654.80 rows=1666 width=86) (actual time=13.497..13.893 rows=5369 loops=2)
                                                               Sort Key: ml.movie_id
                                                               Sort Method: quicksort  Memory: 205kB
                                                               Worker 0:  Sort Method: quicksort  Memory: 205kB
                                                               ->  Hash Join  (cost=1.24..561.48 rows=1666 width=86) (actual time=0.146..12.270 rows=2315 loops=2)
                                                                     Hash Cond: (ml.link_type_id = lt.id)
                                                                     ->  Seq Scan on movie_link ml  (cost=0.00..462.97 rows=29997 width=8) (actual time=0.018..7.899 rows=29997 loops=2)
                                                                     ->  Hash  (cost=1.23..1.23 rows=1 width=86) (actual time=0.051..0.052 rows=2 loops=2)
                                                                           Buckets: 1024  Batches: 1  Memory Usage: 9kB
                                                                           ->  Seq Scan on link_type lt  (cost=0.00..1.23 rows=1 width=86) (actual time=0.033..0.039 rows=2 loops=2)
                                                                                 Filter: ((link)::text ~~ '%follow%'::text)
                                                                                 Rows Removed by Filter: 16
                                                   ->  Hash  (cost=1.05..1.05 rows=1 width=4) (actual time=0.038..0.038 rows=1 loops=2)
                                                         Buckets: 1024  Batches: 1  Memory Usage: 9kB
                                                         ->  Seq Scan on company_type ct  (cost=0.00..1.05 rows=1 width=4) (actual time=0.025..0.027 rows=1 loops=2)
                                                               Filter: ((kind)::text = 'production companies'::text)
                                                               Rows Removed by Filter: 3
                                 ->  Index Scan using movie_id_movie_keyword on movie_keyword mk  (cost=0.43..142057.13 rows=4523930 width=8) (actual time=0.014..29.044 rows=96539 loops=2)
                           ->  Hash  (cost=2626.12..2626.12 rows=1 width=4) (actual time=35.102..35.102 rows=1 loops=2)
                                 Buckets: 1024  Batches: 1  Memory Usage: 9kB
                                 ->  Seq Scan on keyword k  (cost=0.00..2626.12 rows=1 width=4) (actual time=1.420..35.081 rows=1 loops=2)
                                       Filter: ((keyword)::text = 'sequel'::text)
                                       Rows Removed by Filter: 134169
 Planning Time: 13.760 ms
 Execution Time: 374.493 ms
(56 rows)

execute /home/pei/Project/benchmarks/imdb_job-postgres/skinner_explained/11b.sql_explained.sql
SET
SET
                                                                                                         QUERY PLAN                                                                                                         
----------------------------------------------------------------------------------------------------------------------------------------------------------------------------------------------------------------------------
 Aggregate  (cost=37292.30..37292.31 rows=1 width=96) (actual time=508.634..508.635 rows=1 loops=1)
   ->  Hash Join  (cost=15626.08..37292.29 rows=1 width=118) (actual time=395.055..508.609 rows=14 loops=1)
         Hash Cond: (mk.keyword_id = k.id)
         ->  Merge Join  (cost=12999.94..34666.15 rows=1 width=122) (actual time=377.184..490.730 rows=56 loops=1)
               Merge Cond: (ml.movie_id = mk.movie_id)
               ->  Merge Join  (cost=12999.51..31520.71 rows=1 width=130) (actual time=357.726..471.245 rows=14 loops=1)
                     Merge Cond: (t.id = ml.movie_id)
                     ->  Gather Merge  (cost=1000.45..93601.60 rows=5 width=21) (actual time=277.156..551.321 rows=3 loops=1)
                           Workers Planned: 2
                           Workers Launched: 2
                           ->  Parallel Index Scan using title_pkey on title t  (cost=0.43..92601.00 rows=2 width=21) (actual time=139.116..444.092 rows=3 loops=3)
                                 Filter: (((title)::text ~~ '%Money%'::text) AND (production_year = 1998))
                                 Rows Removed by Filter: 280761
                     ->  Sort  (cost=11999.06..11999.54 rows=192 width=109) (actual time=80.516..80.547 rows=450 loops=1)
                           Sort Key: mc.movie_id
                           Sort Method: quicksort  Memory: 61kB
                           ->  Gather  (cost=7378.27..11991.77 rows=192 width=109) (actual time=62.706..81.662 rows=450 loops=1)
                                 Workers Planned: 2
                                 Workers Launched: 2
                                 ->  Hash Join  (cost=6378.27..10972.57 rows=80 width=109) (actual time=55.145..73.360 rows=150 loops=3)
                                       Hash Cond: (mc.company_type_id = ct.id)
                                       ->  Parallel Hash Join  (cost=6377.21..10969.78 rows=321 width=113) (actual time=54.985..73.155 rows=153 loops=3)
                                             Hash Cond: (mc.company_id = cn.id)
                                             ->  Merge Join  (cost=651.06..5238.97 rows=1775 width=98) (actual time=8.570..27.574 rows=692 loops=3)
                                                   Merge Cond: (mc.movie_id = ml.movie_id)
                                                   ->  Parallel Index Scan using movie_id_movie_companies on movie_companies mc  (cost=0.43..116330.44 rows=530595 width=12) (actual time=0.152..17.508 rows=16381 loops=3)
                                                         Filter: (note IS NULL)
                                                         Rows Removed by Filter: 16912
                                                   ->  Sort  (cost=650.63..654.80 rows=1666 width=86) (actual time=8.311..8.422 rows=1516 loops=3)
                                                         Sort Key: ml.movie_id
                                                         Sort Method: quicksort  Memory: 103kB
                                                         Worker 0:  Sort Method: quicksort  Memory: 103kB
                                                         Worker 1:  Sort Method: quicksort  Memory: 103kB
                                                         ->  Hash Join  (cost=1.24..561.48 rows=1666 width=86) (actual time=0.156..7.694 rows=1158 loops=3)
                                                               Hash Cond: (ml.link_type_id = lt.id)
                                                               ->  Seq Scan on movie_link ml  (cost=0.00..462.97 rows=29997 width=8) (actual time=0.033..3.657 rows=29997 loops=3)
                                                               ->  Hash  (cost=1.23..1.23 rows=1 width=86) (actual time=0.041..0.041 rows=1 loops=3)
                                                                     Buckets: 1024  Batches: 1  Memory Usage: 9kB
                                                                     ->  Seq Scan on link_type lt  (cost=0.00..1.23 rows=1 width=86) (actual time=0.025..0.030 rows=1 loops=3)
                                                                           Filter: ((link)::text ~~ '%follows%'::text)
                                                                           Rows Removed by Filter: 17
                                             ->  Parallel Hash  (cost=5414.09..5414.09 rows=24965 width=23) (actual time=44.464..44.464 rows=16101 loops=3)
                                                   Buckets: 65536  Batches: 1  Memory Usage: 3296kB
                                                   ->  Parallel Seq Scan on company_name cn  (cost=0.00..5414.09 rows=24965 width=23) (actual time=0.025..33.894 rows=16101 loops=3)
                                                         Filter: (((country_code)::text <> '[pl]'::text) AND (((name)::text ~~ '%Film%'::text) OR ((name)::text ~~ '%Warner%'::text)))
                                                         Rows Removed by Filter: 62232
                                       ->  Hash  (cost=1.05..1.05 rows=1 width=4) (actual time=0.057..0.057 rows=1 loops=3)
                                             Buckets: 1024  Batches: 1  Memory Usage: 9kB
                                             ->  Seq Scan on company_type ct  (cost=0.00..1.05 rows=1 width=4) (actual time=0.037..0.038 rows=1 loops=3)
                                                   Filter: ((kind)::text = 'production companies'::text)
                                                   Rows Removed by Filter: 3
               ->  Index Scan using movie_id_movie_keyword on movie_keyword mk  (cost=0.43..142057.13 rows=4523930 width=8) (actual time=0.030..12.642 rows=69469 loops=1)
         ->  Hash  (cost=2626.12..2626.12 rows=1 width=4) (actual time=17.802..17.802 rows=1 loops=1)
               Buckets: 1024  Batches: 1  Memory Usage: 9kB
               ->  Seq Scan on keyword k  (cost=0.00..2626.12 rows=1 width=4) (actual time=1.003..17.790 rows=1 loops=1)
                     Filter: ((keyword)::text = 'sequel'::text)
                     Rows Removed by Filter: 134169
 Planning Time: 13.160 ms
 Execution Time: 671.363 ms
(59 rows)

execute /home/pei/Project/benchmarks/imdb_job-postgres/skinner_explained/11c.sql_explained.sql
SET
SET
                                                                                                     QUERY PLAN                                                                                                     
--------------------------------------------------------------------------------------------------------------------------------------------------------------------------------------------------------------------
 Aggregate  (cost=26126.74..26126.75 rows=1 width=96) (actual time=692.613..692.613 rows=1 loops=1)
   ->  Hash Join  (cost=22974.01..26126.73 rows=1 width=60) (actual time=545.681..688.735 rows=6946 loops=1)
         Hash Cond: (ml.link_type_id = lt.id)
         ->  Hash Join  (cost=22972.60..26125.32 rows=1 width=64) (actual time=545.566..687.074 rows=6946 loops=1)
               Hash Cond: (mk.keyword_id = k.id)
               ->  Merge Join  (cost=20178.73..23330.26 rows=454 width=68) (actual time=326.575..580.284 rows=780776 loops=1)
                     Merge Cond: (mk.movie_id = ml.movie_id)
                     ->  Index Scan using movie_id_movie_keyword on movie_keyword mk  (cost=0.43..142057.13 rows=4523930 width=8) (actual time=0.042..25.584 rows=77819 loops=1)
                     ->  Sort  (cost=20178.30..20178.32 rows=10 width=76) (actual time=325.105..373.228 rows=780794 loops=1)
                           Sort Key: mc.movie_id
                           Sort Method: quicksort  Memory: 1609kB
                           ->  Gather  (cost=6420.11..20178.13 rows=10 width=76) (actual time=80.452..320.087 rows=8393 loops=1)
                                 Workers Planned: 2
                                 Workers Launched: 2
                                 ->  Hash Join  (cost=5420.11..19177.13 rows=4 width=76) (actual time=74.529..218.189 rows=2798 loops=3)
                                       Hash Cond: (mc.company_type_id = ct.id)
                                       ->  Parallel Hash Join  (cost=5419.02..19176.02 rows=5 width=80) (actual time=74.354..217.133 rows=2801 loops=3)
                                             Hash Cond: (mc.company_id = cn.id)
                                             ->  Merge Join  (cost=4.62..13682.01 rows=30328 width=65) (actual time=1.381..171.491 rows=34978 loops=3)
                                                   Merge Cond: (ml.movie_id = mc.movie_id)
                                                   ->  Merge Join  (cost=2.03..8120.68 rows=11307 width=29) (actual time=0.815..114.083 rows=9909 loops=3)
                                                         Merge Cond: (t.id = ml.movie_id)
                                                         ->  Parallel Index Scan using title_pkey on title t  (cost=0.43..89967.34 rows=952979 width=21) (actual time=0.091..95.419 rows=59309 loops=3)
                                                               Filter: (production_year > 1950)
                                                               Rows Removed by Filter: 2750
                                                         ->  Index Scan using movie_id_movie_link on movie_link ml  (cost=0.29..959.51 rows=29997 width=8) (actual time=0.037..8.497 rows=29997 loops=3)
                                                   ->  Index Scan using movie_id_movie_companies on movie_companies mc  (cost=0.43..131550.35 rows=1335700 width=36) (actual time=0.042..47.443 rows=64975 loops=3)
                                                         Filter: (note IS NOT NULL)
                                                         Rows Removed by Filter: 53676
                                             ->  Parallel Hash  (cost=5414.09..5414.09 rows=25 width=23) (actual time=40.692..40.692 rows=30 loops=3)
                                                   Buckets: 1024  Batches: 1  Memory Usage: 104kB
                                                   ->  Parallel Seq Scan on company_name cn  (cost=0.00..5414.09 rows=25 width=23) (actual time=0.868..40.582 rows=30 loops=3)
                                                         Filter: (((country_code)::text <> '[pl]'::text) AND (((name)::text ~~ '20th Century Fox%'::text) OR ((name)::text ~~ 'Twentieth Century Fox%'::text)))
                                                         Rows Removed by Filter: 78303
                                       ->  Hash  (cost=1.05..1.05 rows=3 width=4) (actual time=0.055..0.055 rows=3 loops=3)
                                             Buckets: 1024  Batches: 1  Memory Usage: 9kB
                                             ->  Seq Scan on company_type ct  (cost=0.00..1.05 rows=3 width=4) (actual time=0.034..0.036 rows=3 loops=3)
                                                   Filter: ((kind IS NOT NULL) AND ((kind)::text <> 'production companies'::text))
                                                   Rows Removed by Filter: 1
               ->  Hash  (cost=2793.84..2793.84 rows=3 width=4) (actual time=40.509..40.509 rows=3 loops=1)
                     Buckets: 1024  Batches: 1  Memory Usage: 9kB
                     ->  Seq Scan on keyword k  (cost=0.00..2793.84 rows=3 width=4) (actual time=1.528..40.493 rows=3 loops=1)
                           Filter: ((keyword)::text = ANY ('{sequel,revenge,based-on-novel}'::text[]))
                           Rows Removed by Filter: 134167
         ->  Hash  (cost=1.18..1.18 rows=18 width=4) (actual time=0.058..0.058 rows=18 loops=1)
               Buckets: 1024  Batches: 1  Memory Usage: 9kB
               ->  Seq Scan on link_type lt  (cost=0.00..1.18 rows=18 width=4) (actual time=0.041..0.044 rows=18 loops=1)
 Planning Time: 14.417 ms
 Execution Time: 693.864 ms
(49 rows)

execute /home/pei/Project/benchmarks/imdb_job-postgres/skinner_explained/11d.sql_explained.sql
SET
SET
                                                                                                      QUERY PLAN                                                                                                      
----------------------------------------------------------------------------------------------------------------------------------------------------------------------------------------------------------------------
 Aggregate  (cost=34220.63..34220.64 rows=1 width=96) (actual time=349.072..349.072 rows=1 loops=1)
   ->  Hash Join  (cost=26974.32..34220.25 rows=51 width=60) (actual time=265.653..343.365 rows=14899 loops=1)
         Hash Cond: (cn.id = mc.company_id)
         ->  Seq Scan on company_name cn  (cost=0.00..5932.46 rows=210072 width=23) (actual time=0.039..55.175 rows=210031 loops=1)
               Filter: ((country_code)::text <> '[pl]'::text)
               Rows Removed by Filter: 24966
         ->  Hash  (cost=26973.61..26973.61 rows=57 width=45) (actual time=265.517..265.517 rows=14916 loops=1)
               Buckets: 16384 (originally 1024)  Batches: 1 (originally 1)  Memory Usage: 1231kB
               ->  Hash Join  (cost=21742.73..26973.61 rows=57 width=45) (actual time=221.453..259.292 rows=14916 loops=1)
                     Hash Cond: (mc.company_type_id = ct.id)
                     ->  Merge Join  (cost=21741.65..26972.11 rows=76 width=49) (actual time=221.377..255.587 rows=15510 loops=1)
                           Merge Cond: (mc.movie_id = ml.movie_id)
                           ->  Index Scan using movie_id_movie_companies on movie_companies mc  (cost=0.43..131550.35 rows=1335700 width=36) (actual time=0.025..26.751 rows=42219 loops=1)
                                 Filter: (note IS NOT NULL)
                                 Rows Removed by Filter: 41437
                           ->  Sort  (cost=21741.22..21741.29 rows=28 width=29) (actual time=221.079..222.133 rows=15913 loops=1)
                                 Sort Key: mk.movie_id
                                 Sort Method: quicksort  Memory: 159kB
                                 ->  Gather  (cost=3836.65..21740.54 rows=28 width=29) (actual time=39.178..220.399 rows=1460 loops=1)
                                       Workers Planned: 2
                                       Workers Launched: 2
                                       ->  Hash Join  (cost=2836.65..20737.74 rows=12 width=29) (actual time=35.180..209.786 rows=487 loops=3)
                                             Hash Cond: (ml.link_type_id = lt.id)
                                             ->  Hash Join  (cost=2835.24..20736.30 rows=12 width=33) (actual time=34.988..209.446 rows=487 loops=3)
                                                   Hash Cond: (mk.keyword_id = k.id)
                                                   ->  Merge Join  (cost=41.37..16560.07 rows=526594 width=37) (actual time=0.500..173.984 rows=95464 loops=3)
                                                         Merge Cond: (ml.movie_id = mk.movie_id)
                                                         ->  Merge Join  (cost=2.03..8120.68 rows=11307 width=29) (actual time=0.284..106.851 rows=9909 loops=3)
                                                               Merge Cond: (t.id = ml.movie_id)
                                                               ->  Parallel Index Scan using title_pkey on title t  (cost=0.43..89967.34 rows=952979 width=21) (actual time=0.025..89.785 rows=59309 loops=3)
                                                                     Filter: (production_year > 1950)
                                                                     Rows Removed by Filter: 2750
                                                               ->  Index Scan using movie_id_movie_link on movie_link ml  (cost=0.29..959.51 rows=29997 width=8) (actual time=0.033..7.347 rows=29997 loops=3)
                                                         ->  Index Scan using movie_id_movie_keyword on movie_keyword mk  (cost=0.43..142057.13 rows=4523930 width=8) (actual time=0.040..38.138 rows=174588 loops=3)
                                                   ->  Hash  (cost=2793.84..2793.84 rows=3 width=4) (actual time=26.581..26.581 rows=3 loops=3)
                                                         Buckets: 1024  Batches: 1  Memory Usage: 9kB
                                                         ->  Seq Scan on keyword k  (cost=0.00..2793.84 rows=3 width=4) (actual time=1.092..26.566 rows=3 loops=3)
                                                               Filter: ((keyword)::text = ANY ('{sequel,revenge,based-on-novel}'::text[]))
                                                               Rows Removed by Filter: 134167
                                             ->  Hash  (cost=1.18..1.18 rows=18 width=4) (actual time=0.068..0.068 rows=18 loops=3)
                                                   Buckets: 1024  Batches: 1  Memory Usage: 9kB
                                                   ->  Seq Scan on link_type lt  (cost=0.00..1.18 rows=18 width=4) (actual time=0.044..0.047 rows=18 loops=3)
                     ->  Hash  (cost=1.05..1.05 rows=3 width=4) (actual time=0.024..0.024 rows=3 loops=1)
                           Buckets: 1024  Batches: 1  Memory Usage: 9kB
                           ->  Seq Scan on company_type ct  (cost=0.00..1.05 rows=3 width=4) (actual time=0.009..0.012 rows=3 loops=1)
                                 Filter: ((kind IS NOT NULL) AND ((kind)::text <> 'production companies'::text))
                                 Rows Removed by Filter: 1
 Planning Time: 13.106 ms
 Execution Time: 349.914 ms
(49 rows)

execute /home/pei/Project/benchmarks/imdb_job-postgres/skinner_explained/12a.sql_explained.sql
SET
SET
                                                                                                     QUERY PLAN                                                                                                      
---------------------------------------------------------------------------------------------------------------------------------------------------------------------------------------------------------------------
 Finalize Aggregate  (cost=346907.90..346907.91 rows=1 width=96) (actual time=3394.365..3394.365 rows=1 loops=1)
   ->  Gather  (cost=346907.78..346907.89 rows=1 width=96) (actual time=3394.042..3398.856 rows=2 loops=1)
         Workers Planned: 1
         Workers Launched: 1
         ->  Partial Aggregate  (cost=345907.78..345907.79 rows=1 width=96) (actual time=3388.703..3388.703 rows=1 loops=2)
               ->  Hash Join  (cost=340996.48..345907.77 rows=1 width=41) (actual time=3357.983..3388.467 rows=198 loops=2)
                     Hash Cond: (mc.company_type_id = ct.id)
                     ->  Parallel Hash Join  (cost=340995.42..345906.71 rows=1 width=45) (actual time=3357.780..3388.153 rows=354 loops=2)
                           Hash Cond: (cn.id = mc.company_id)
                           ->  Parallel Seq Scan on company_name cn  (cost=0.00..4722.92 rows=50229 width=23) (actual time=0.010..25.014 rows=42422 loops=2)
                                 Filter: ((country_code)::text = '[us]'::text)
                                 Rows Removed by Filter: 75077
                           ->  Parallel Hash  (cost=340995.41..340995.41 rows=1 width=30) (actual time=3357.327..3357.327 rows=967 loops=2)
                                 Buckets: 2048 (originally 1024)  Batches: 1 (originally 1)  Memory Usage: 184kB
                                 ->  Parallel Hash Join  (cost=307257.26..340995.41 rows=1 width=30) (actual time=2934.621..3335.904 rows=967 loops=2)
                                       Hash Cond: (mc.movie_id = t.id)
                                       ->  Parallel Seq Scan on movie_companies mc  (cost=0.00..29661.37 rows=1087137 width=12) (actual time=0.006..233.506 rows=1304564 loops=2)
                                       ->  Parallel Hash  (cost=307257.25..307257.25 rows=1 width=34) (actual time=2928.638..2928.638 rows=278 loops=2)
                                             Buckets: 1024  Batches: 1  Memory Usage: 72kB
                                             ->  Parallel Hash Join  (cost=254758.25..307257.25 rows=1 width=34) (actual time=2544.533..2928.198 rows=278 loops=2)
                                                   Hash Cond: (t.id = mi.movie_id)
                                                   ->  Parallel Seq Scan on title t  (cost=0.00..51799.95 rows=186410 width=21) (actual time=0.036..372.202 rows=222930 loops=2)
                                                         Filter: ((production_year >= 2005) AND (production_year <= 2008))
                                                         Rows Removed by Filter: 1041226
                                                   ->  Parallel Hash  (cost=254758.24..254758.24 rows=1 width=13) (actual time=2521.373..2521.373 rows=972 loops=2)
                                                         Buckets: 2048 (originally 1024)  Batches: 1 (originally 1)  Memory Usage: 152kB
                                                         ->  Parallel Hash Join  (cost=15184.50..254758.24 rows=1 width=13) (actual time=2152.702..2431.832 rows=972 loops=2)
                                                               Hash Cond: (mi.movie_id = mi_idx.movie_id)
                                                               ->  Hash Join  (cost=2.43..239572.30 rows=1028 width=4) (actual time=1927.462..2186.607 rows=136360 loops=2)
                                                                     Hash Cond: (mi.info_type_id = it1.id)
                                                                     ->  Parallel Seq Scan on movie_info mi  (cost=0.00..239253.38 rows=116213 width=8) (actual time=1337.682..2152.156 rows=137322 loops=2)
                                                                           Filter: ((info)::text = ANY ('{Drama,Horror}'::text[]))
                                                                           Rows Removed by Filter: 7280538
                                                                     ->  Hash  (cost=2.41..2.41 rows=1 width=4) (actual time=0.050..0.051 rows=1 loops=2)
                                                                           Buckets: 1024  Batches: 1  Memory Usage: 9kB
                                                                           ->  Seq Scan on info_type it1  (cost=0.00..2.41 rows=1 width=4) (actual time=0.018..0.030 rows=1 loops=2)
                                                                                 Filter: ((info)::text = 'genres'::text)
                                                                                 Rows Removed by Filter: 112
                                                               ->  Parallel Hash  (cost=15179.85..15179.85 rows=178 width=9) (actual time=224.985..224.986 rows=7924 loops=2)
                                                                     Buckets: 16384 (originally 1024)  Batches: 1 (originally 1)  Memory Usage: 888kB
                                                                     ->  Hash Join  (cost=2.43..15179.85 rows=178 width=9) (actual time=0.185..197.714 rows=7924 loops=2)
                                                                           Hash Cond: (mi_idx.info_type_id = it2.id)
                                                                           ->  Parallel Seq Scan on movie_info_idx mi_idx  (cost=0.00..15122.68 rows=20101 width=13) (actual time=0.054..191.446 rows=26824 loops=2)
                                                                                 Filter: ((info)::text > '8.0'::text)
                                                                                 Rows Removed by Filter: 663193
                                                                           ->  Hash  (cost=2.41..2.41 rows=1 width=4) (actual time=0.046..0.046 rows=1 loops=2)
                                                                                 Buckets: 1024  Batches: 1  Memory Usage: 9kB
                                                                                 ->  Seq Scan on info_type it2  (cost=0.00..2.41 rows=1 width=4) (actual time=0.033..0.036 rows=1 loops=2)
                                                                                       Filter: ((info)::text = 'rating'::text)
                                                                                       Rows Removed by Filter: 112
                     ->  Hash  (cost=1.05..1.05 rows=1 width=4) (actual time=0.053..0.053 rows=1 loops=2)
                           Buckets: 1024  Batches: 1  Memory Usage: 9kB
                           ->  Seq Scan on company_type ct  (cost=0.00..1.05 rows=1 width=4) (actual time=0.036..0.038 rows=1 loops=2)
                                 Filter: ((kind)::text = 'production companies'::text)
                                 Rows Removed by Filter: 3
 Planning Time: 13.887 ms
 Execution Time: 3399.587 ms
(57 rows)

execute /home/pei/Project/benchmarks/imdb_job-postgres/skinner_explained/12b.sql_explained.sql
SET
SET
                                                                                                QUERY PLAN                                                                                                
----------------------------------------------------------------------------------------------------------------------------------------------------------------------------------------------------------
 Finalize Aggregate  (cost=348978.79..348978.80 rows=1 width=64) (actual time=3728.041..3728.041 rows=1 loops=1)
   ->  Gather  (cost=348978.68..348978.79 rows=1 width=64) (actual time=3727.768..3732.610 rows=2 loops=1)
         Workers Planned: 1
         Workers Launched: 1
         ->  Partial Aggregate  (cost=347978.68..347978.69 rows=1 width=64) (actual time=3722.537..3722.537 rows=1 loops=2)
               ->  Parallel Hash Join  (cost=343067.38..347978.67 rows=1 width=60) (actual time=3695.282..3722.500 rows=5 loops=2)
                     Hash Cond: (cn.id = mc.company_id)
                     ->  Parallel Seq Scan on company_name cn  (cost=0.00..4722.92 rows=50229 width=4) (actual time=0.010..25.156 rows=42422 loops=2)
                           Filter: ((country_code)::text = '[us]'::text)
                           Rows Removed by Filter: 75077
                     ->  Parallel Hash  (cost=343067.37..343067.37 rows=1 width=64) (actual time=3692.702..3692.702 rows=16 loops=2)
                           Buckets: 1024  Batches: 1  Memory Usage: 72kB
                           ->  Parallel Hash Join  (cost=102227.57..343067.37 rows=1 width=64) (actual time=2707.796..3692.612 rows=16 loops=2)
                                 Hash Cond: (mi.movie_id = t.id)
                                 ->  Hash Join  (cost=2.43..240637.08 rows=54704 width=47) (actual time=1493.801..2584.377 rows=60932 loops=2)
                                       Hash Cond: (mi.info_type_id = it1.id)
                                       ->  Parallel Seq Scan on movie_info mi  (cost=0.00..223799.50 rows=6181550 width=51) (actual time=0.030..1648.897 rows=7417860 loops=2)
                                       ->  Hash  (cost=2.41..2.41 rows=1 width=4) (actual time=0.055..0.055 rows=1 loops=2)
                                             Buckets: 1024  Batches: 1  Memory Usage: 9kB
                                             ->  Seq Scan on info_type it1  (cost=0.00..2.41 rows=1 width=4) (actual time=0.022..0.024 rows=1 loops=2)
                                                   Filter: ((info)::text = 'budget'::text)
                                                   Rows Removed by Filter: 112
                                 ->  Parallel Hash  (cost=102225.13..102225.13 rows=1 width=33) (actual time=1101.985..1101.985 rows=16 loops=2)
                                       Buckets: 1024  Batches: 1  Memory Usage: 40kB
                                       ->  Parallel Hash Join  (cost=86954.86..102225.13 rows=1 width=33) (actual time=1101.913..1101.926 rows=16 loops=2)
                                             Hash Cond: (mi_idx.movie_id = t.id)
                                             ->  Hash Join  (cost=2.43..15253.60 rows=5089 width=4) (actual time=199.477..199.479 rows=5 loops=2)
                                                   Hash Cond: (mi_idx.info_type_id = it2.id)
                                                   ->  Parallel Seq Scan on movie_info_idx mi_idx  (cost=0.00..13685.15 rows=575015 width=8) (actual time=0.022..116.049 rows=690018 loops=2)
                                                   ->  Hash  (cost=2.41..2.41 rows=1 width=4) (actual time=0.053..0.053 rows=1 loops=2)
                                                         Buckets: 1024  Batches: 1  Memory Usage: 9kB
                                                         ->  Seq Scan on info_type it2  (cost=0.00..2.41 rows=1 width=4) (actual time=0.042..0.043 rows=1 loops=2)
                                                               Filter: ((info)::text = 'bottom 10 rank'::text)
                                                               Rows Removed by Filter: 112
                                             ->  Parallel Hash  (cost=86951.75..86951.75 rows=55 width=29) (actual time=902.363..902.363 rows=1984 loops=2)
                                                   Buckets: 4096 (originally 1024)  Batches: 1 (originally 1)  Memory Usage: 376kB
                                                   ->  Hash Join  (cost=54436.04..86951.75 rows=55 width=29) (actual time=466.647..892.743 rows=1984 loops=2)
                                                         Hash Cond: (mc.company_type_id = ct.id)
                                                         ->  Parallel Hash Join  (cost=54434.96..86950.06 rows=111 width=33) (actual time=466.521..891.713 rows=1984 loops=2)
                                                               Hash Cond: (mc.movie_id = t.id)
                                                               ->  Parallel Seq Scan on movie_companies mc  (cost=0.00..29661.37 rows=1087137 width=12) (actual time=0.013..236.444 rows=1304564 loops=2)
                                                               ->  Parallel Hash  (cost=54433.61..54433.61 rows=108 width=21) (actual time=465.640..465.641 rows=1268 loops=2)
                                                                     Buckets: 2048 (originally 1024)  Batches: 1 (originally 1)  Memory Usage: 216kB
                                                                     ->  Parallel Seq Scan on title t  (cost=0.00..54433.61 rows=108 width=21) (actual time=0.650..458.625 rows=1268 loops=2)
                                                                           Filter: ((production_year > 2000) AND (((title)::text ~~ 'Birdemic%'::text) OR ((title)::text ~~ '%Movie%'::text)))
                                                                           Rows Removed by Filter: 1262888
                                                         ->  Hash  (cost=1.06..1.06 rows=2 width=4) (actual time=0.061..0.061 rows=2 loops=2)
                                                               Buckets: 1024  Batches: 1  Memory Usage: 9kB
                                                               ->  Seq Scan on company_type ct  (cost=0.00..1.06 rows=2 width=4) (actual time=0.039..0.042 rows=2 loops=2)
                                                                     Filter: ((kind IS NOT NULL) AND (((kind)::text = 'production companies'::text) OR ((kind)::text = 'distributors'::text)))
                                                                     Rows Removed by Filter: 2
 Planning Time: 13.672 ms
 Execution Time: 3733.358 ms
(53 rows)

execute /home/pei/Project/benchmarks/imdb_job-postgres/skinner_explained/12c.sql_explained.sql
SET
SET
                                                                                                     QUERY PLAN                                                                                                      
---------------------------------------------------------------------------------------------------------------------------------------------------------------------------------------------------------------------
 Finalize Aggregate  (cost=363505.12..363505.13 rows=1 width=96) (actual time=3860.647..3860.647 rows=1 loops=1)
   ->  Gather  (cost=363505.00..363505.11 rows=1 width=96) (actual time=3860.128..3865.334 rows=2 loops=1)
         Workers Planned: 1
         Workers Launched: 1
         ->  Partial Aggregate  (cost=362505.00..362505.01 rows=1 width=96) (actual time=3854.777..3854.778 rows=1 loops=2)
               ->  Parallel Hash Join  (cost=357593.71..362504.99 rows=1 width=41) (actual time=3820.840..3853.367 rows=2356 loops=2)
                     Hash Cond: (cn.id = mc.company_id)
                     ->  Parallel Seq Scan on company_name cn  (cost=0.00..4722.92 rows=50229 width=23) (actual time=0.010..25.504 rows=42422 loops=2)
                           Filter: ((country_code)::text = '[us]'::text)
                           Rows Removed by Filter: 75077
                     ->  Parallel Hash  (cost=357593.68..357593.68 rows=2 width=26) (actual time=3820.234..3820.234 rows=7768 loops=2)
                           Buckets: 16384 (originally 1024)  Batches: 1 (originally 1)  Memory Usage: 1208kB
                           ->  Hash Join  (cost=323855.49..357593.68 rows=2 width=26) (actual time=3586.012..3797.155 rows=7768 loops=2)
                                 Hash Cond: (mc.company_type_id = ct.id)
                                 ->  Parallel Hash Join  (cost=323854.42..357592.57 rows=10 width=30) (actual time=3361.449..3792.705 rows=22503 loops=2)
                                       Hash Cond: (mc.movie_id = t.id)
                                       ->  Parallel Seq Scan on movie_companies mc  (cost=0.00..29661.37 rows=1087137 width=12) (actual time=0.012..230.584 rows=1304564 loops=2)
                                       ->  Parallel Hash  (cost=323854.40..323854.40 rows=2 width=34) (actual time=3361.226..3361.226 rows=3982 loops=2)
                                             Buckets: 8192 (originally 1024)  Batches: 1 (originally 1)  Memory Usage: 696kB
                                             ->  Parallel Hash Join  (cost=270431.08..323854.40 rows=2 width=34) (actual time=2878.266..3350.384 rows=3982 loops=2)
                                                   Hash Cond: (t.id = mi.movie_id)
                                                   ->  Parallel Seq Scan on title t  (cost=0.00..51799.95 rows=432897 width=21) (actual time=0.035..396.267 rows=521400 loops=2)
                                                         Filter: ((production_year >= 2000) AND (production_year <= 2010))
                                                         Rows Removed by Filter: 742756
                                                   ->  Parallel Hash  (cost=270431.01..270431.01 rows=5 width=13) (actual time=2877.561..2877.561 rows=11094 loops=2)
                                                         Buckets: 32768 (originally 1024)  Batches: 1 (originally 1)  Memory Usage: 1592kB
                                                         ->  Parallel Hash Join  (cost=15354.10..270431.01 rows=5 width=13) (actual time=2496.780..2845.848 rows=11094 loops=2)
                                                               Hash Cond: (mi.movie_id = mi_idx.movie_id)
                                                               ->  Hash Join  (cost=2.43..255074.87 rows=1187 width=4) (actual time=2235.516..2548.933 rows=162628 loops=2)
                                                                     Hash Cond: (mi.info_type_id = it1.id)
                                                                     ->  Parallel Seq Scan on movie_info mi  (cost=0.00..254707.25 rows=134092 width=8) (actual time=1556.909..2508.223 rows=163656 loops=2)
                                                                           Filter: ((info)::text = ANY ('{Drama,Horror,Western,Family}'::text[]))
                                                                           Rows Removed by Filter: 7254204
                                                                     ->  Hash  (cost=2.41..2.41 rows=1 width=4) (actual time=0.051..0.051 rows=1 loops=2)
                                                                           Buckets: 1024  Batches: 1  Memory Usage: 9kB
                                                                           ->  Seq Scan on info_type it1  (cost=0.00..2.41 rows=1 width=4) (actual time=0.018..0.030 rows=1 loops=2)
                                                                                 Filter: ((info)::text = 'genres'::text)
                                                                                 Rows Removed by Filter: 112
                                                               ->  Parallel Hash  (cost=15342.82..15342.82 rows=708 width=9) (actual time=261.159..261.159 rows=60786 loops=2)
                                                                     Buckets: 131072 (originally 2048)  Batches: 1 (originally 1)  Memory Usage: 6832kB
                                                                     ->  Hash Join  (cost=2.43..15342.82 rows=708 width=9) (actual time=0.154..222.750 rows=60786 loops=2)
                                                                           Hash Cond: (mi_idx.info_type_id = it2.id)
                                                                           ->  Parallel Seq Scan on movie_info_idx mi_idx  (cost=0.00..15122.68 rows=79942 width=13) (actual time=0.051..201.180 rows=96948 loops=2)
                                                                                 Filter: ((info)::text > '7.0'::text)
                                                                                 Rows Removed by Filter: 593070
                                                                           ->  Hash  (cost=2.41..2.41 rows=1 width=4) (actual time=0.045..0.045 rows=1 loops=2)
                                                                                 Buckets: 1024  Batches: 1  Memory Usage: 9kB
                                                                                 ->  Seq Scan on info_type it2  (cost=0.00..2.41 rows=1 width=4) (actual time=0.033..0.036 rows=1 loops=2)
                                                                                       Filter: ((info)::text = 'rating'::text)
                                                                                       Rows Removed by Filter: 112
                                 ->  Hash  (cost=1.05..1.05 rows=1 width=4) (actual time=0.053..0.053 rows=1 loops=2)
                                       Buckets: 1024  Batches: 1  Memory Usage: 9kB
                                       ->  Seq Scan on company_type ct  (cost=0.00..1.05 rows=1 width=4) (actual time=0.037..0.038 rows=1 loops=2)
                                             Filter: ((kind)::text = 'production companies'::text)
                                             Rows Removed by Filter: 3
 Planning Time: 13.743 ms
 Execution Time: 3866.161 ms
(57 rows)

execute /home/pei/Project/benchmarks/imdb_job-postgres/skinner_explained/13a.sql_explained.sql
SET
SET
                                                                                                  QUERY PLAN                                                                                                   
---------------------------------------------------------------------------------------------------------------------------------------------------------------------------------------------------------------
 Finalize Aggregate  (cost=345137.34..345137.35 rows=1 width=96) (actual time=3231.924..3231.925 rows=1 loops=1)
   ->  Gather  (cost=345137.12..345137.33 rows=2 width=96) (actual time=3228.149..3247.495 rows=3 loops=1)
         Workers Planned: 2
         Workers Launched: 2
         ->  Partial Aggregate  (cost=344137.12..344137.13 rows=1 width=96) (actual time=3221.313..3221.314 rows=1 loops=3)
               ->  Hash Join  (cost=293653.26..344137.03 rows=11 width=65) (actual time=3043.221..3205.293 rows=37034 loops=3)
                     Hash Cond: (t.kind_id = kt.id)
                     ->  Parallel Hash Join  (cost=293652.16..344135.60 rows=79 width=69) (actual time=2829.519..3194.444 rows=44730 loops=3)
                           Hash Cond: (t.id = mi.movie_id)
                           ->  Parallel Seq Scan on title t  (cost=0.00..46532.63 rows=1053463 width=25) (actual time=0.020..215.648 rows=842771 loops=3)
                           ->  Parallel Hash  (cost=293651.17..293651.17 rows=79 width=60) (actual time=2828.938..2828.938 rows=44730 loops=3)
                                 Buckets: 262144 (originally 1024)  Batches: 1 (originally 1)  Memory Usage: 13848kB
                                 ->  Parallel Hash Join  (cost=52811.08..293651.17 rows=79 width=60) (actual time=1140.302..2726.930 rows=44730 loops=3)
                                       Hash Cond: (mi.movie_id = mc.movie_id)
                                       ->  Hash Join  (cost=2.43..240637.08 rows=54704 width=47) (actual time=452.145..1904.479 rows=1012240 loops=3)
                                             Hash Cond: (mi.info_type_id = it2.id)
                                             ->  Parallel Seq Scan on movie_info mi  (cost=0.00..223799.50 rows=6181550 width=51) (actual time=0.040..1130.739 rows=4945240 loops=3)
                                             ->  Hash  (cost=2.41..2.41 rows=1 width=4) (actual time=0.032..0.032 rows=1 loops=3)
                                                   Buckets: 1024  Batches: 1  Memory Usage: 9kB
                                                   ->  Seq Scan on info_type it2  (cost=0.00..2.41 rows=1 width=4) (actual time=0.019..0.029 rows=1 loops=3)
                                                         Filter: ((info)::text = 'release dates'::text)
                                                         Rows Removed by Filter: 112
                                       ->  Parallel Hash  (cost=52805.23..52805.23 rows=274 width=13) (actual time=686.673..686.673 rows=10503 loops=3)
                                             Buckets: 32768 (originally 1024)  Batches: 1 (originally 1)  Memory Usage: 2040kB
                                             ->  Hash Join  (cost=20112.16..52805.23 rows=274 width=13) (actual time=614.506..660.876 rows=10503 loops=3)
                                                   Hash Cond: (mc.company_type_id = ct.id)
                                                   ->  Parallel Hash Join  (cost=20111.09..52798.24 rows=1095 width=17) (actual time=613.040..656.710 rows=27966 loops=3)
                                                         Hash Cond: (mc.movie_id = miidx.movie_id)
                                                         ->  Parallel Hash Join  (cost=4793.88..37309.04 rows=44647 width=8) (actual time=20.160..315.417 rows=49377 loops=3)
                                                               Hash Cond: (mc.company_id = cn.id)
                                                               ->  Parallel Seq Scan on movie_companies mc  (cost=0.00..29661.37 rows=1087137 width=12) (actual time=0.019..158.880 rows=869710 loops=3)
                                                               ->  Parallel Hash  (cost=4722.92..4722.92 rows=5677 width=4) (actual time=19.969..19.969 rows=3258 loops=3)
                                                                     Buckets: 16384  Batches: 1  Memory Usage: 544kB
                                                                     ->  Parallel Seq Scan on company_name cn  (cost=0.00..4722.92 rows=5677 width=4) (actual time=0.011..17.960 rows=3258 loops=3)
                                                                           Filter: ((country_code)::text = '[de]'::text)
                                                                           Rows Removed by Filter: 75074
                                                         ->  Parallel Hash  (cost=15253.60..15253.60 rows=5089 width=9) (actual time=271.649..271.649 rows=153308 loops=3)
                                                               Buckets: 131072 (originally 16384)  Batches: 8 (originally 1)  Memory Usage: 3328kB
                                                               ->  Hash Join  (cost=2.43..15253.60 rows=5089 width=9) (actual time=0.160..163.645 rows=153308 loops=3)
                                                                     Hash Cond: (miidx.info_type_id = it.id)
                                                                     ->  Parallel Seq Scan on movie_info_idx miidx  (cost=0.00..13685.15 rows=575015 width=13) (actual time=0.041..77.148 rows=460012 loops=3)
                                                                     ->  Hash  (cost=2.41..2.41 rows=1 width=4) (actual time=0.053..0.053 rows=1 loops=3)
                                                                           Buckets: 1024  Batches: 1  Memory Usage: 9kB
                                                                           ->  Seq Scan on info_type it  (cost=0.00..2.41 rows=1 width=4) (actual time=0.039..0.041 rows=1 loops=3)
                                                                                 Filter: ((info)::text = 'rating'::text)
                                                                                 Rows Removed by Filter: 112
                                                   ->  Hash  (cost=1.05..1.05 rows=1 width=4) (actual time=0.050..0.050 rows=1 loops=3)
                                                         Buckets: 1024  Batches: 1  Memory Usage: 9kB
                                                         ->  Seq Scan on company_type ct  (cost=0.00..1.05 rows=1 width=4) (actual time=0.036..0.038 rows=1 loops=3)
                                                               Filter: ((kind)::text = 'production companies'::text)
                                                               Rows Removed by Filter: 3
                     ->  Hash  (cost=1.09..1.09 rows=1 width=4) (actual time=0.068..0.068 rows=1 loops=3)
                           Buckets: 1024  Batches: 1  Memory Usage: 9kB
                           ->  Seq Scan on kind_type kt  (cost=0.00..1.09 rows=1 width=4) (actual time=0.043..0.045 rows=1 loops=3)
                                 Filter: ((kind)::text = 'movie'::text)
                                 Rows Removed by Filter: 6
 Planning Time: 19.958 ms
 Execution Time: 3248.281 ms
(58 rows)

execute /home/pei/Project/benchmarks/imdb_job-postgres/skinner_explained/13b.sql_explained.sql
SET
SET
                                                                                                   QUERY PLAN                                                                                                   
----------------------------------------------------------------------------------------------------------------------------------------------------------------------------------------------------------------
 Finalize Aggregate  (cost=348980.78..348980.79 rows=1 width=96) (actual time=4211.615..4211.615 rows=1 loops=1)
   ->  Gather  (cost=348980.66..348980.77 rows=1 width=96) (actual time=4211.380..4216.497 rows=2 loops=1)
         Workers Planned: 1
         Workers Launched: 1
         ->  Partial Aggregate  (cost=347980.66..347980.67 rows=1 width=96) (actual time=4205.965..4205.965 rows=1 loops=2)
               ->  Parallel Hash Join  (cost=343069.37..347980.65 rows=1 width=41) (actual time=4176.530..4205.823 rows=186 loops=2)
                     Hash Cond: (cn.id = mc.company_id)
                     ->  Parallel Seq Scan on company_name cn  (cost=0.00..4722.92 rows=50229 width=23) (actual time=0.010..25.120 rows=42422 loops=2)
                           Filter: ((country_code)::text = '[us]'::text)
                           Rows Removed by Filter: 75077
                     ->  Parallel Hash  (cost=343069.35..343069.35 rows=1 width=26) (actual time=4175.611..4175.611 rows=313 loops=2)
                           Buckets: 1024  Batches: 1  Memory Usage: 72kB
                           ->  Parallel Hash Join  (cost=102229.55..343069.35 rows=1 width=26) (actual time=2421.487..4175.383 rows=313 loops=2)
                                 Hash Cond: (mi.movie_id = t.id)
                                 ->  Hash Join  (cost=2.43..240637.08 rows=54704 width=4) (actual time=664.717..2735.286 rows=1518360 loops=2)
                                       Hash Cond: (mi.info_type_id = it2.id)
                                       ->  Parallel Seq Scan on movie_info mi  (cost=0.00..223799.50 rows=6181550 width=8) (actual time=0.026..1618.592 rows=7417860 loops=2)
                                       ->  Hash  (cost=2.41..2.41 rows=1 width=4) (actual time=0.036..0.036 rows=1 loops=2)
                                             Buckets: 1024  Batches: 1  Memory Usage: 9kB
                                             ->  Seq Scan on info_type it2  (cost=0.00..2.41 rows=1 width=4) (actual time=0.013..0.024 rows=1 loops=2)
                                                   Filter: ((info)::text = 'release dates'::text)
                                                   Rows Removed by Filter: 112
                                 ->  Parallel Hash  (cost=102227.11..102227.11 rows=1 width=38) (actual time=1293.814..1293.814 rows=58 loops=2)
                                       Buckets: 1024  Batches: 1  Memory Usage: 72kB
                                       ->  Parallel Hash Join  (cost=86956.85..102227.11 rows=1 width=38) (actual time=1138.648..1293.750 rows=58 loops=2)
                                             Hash Cond: (miidx.movie_id = t.id)
                                             ->  Hash Join  (cost=2.43..15253.60 rows=5089 width=9) (actual time=0.152..235.746 rows=229962 loops=2)
                                                   Hash Cond: (miidx.info_type_id = it.id)
                                                   ->  Parallel Seq Scan on movie_info_idx miidx  (cost=0.00..13685.15 rows=575015 width=13) (actual time=0.028..112.485 rows=690018 loops=2)
                                                   ->  Hash  (cost=2.41..2.41 rows=1 width=4) (actual time=0.055..0.055 rows=1 loops=2)
                                                         Buckets: 1024  Batches: 1  Memory Usage: 9kB
                                                         ->  Seq Scan on info_type it  (cost=0.00..2.41 rows=1 width=4) (actual time=0.038..0.041 rows=1 loops=2)
                                                               Filter: ((info)::text = 'rating'::text)
                                                               Rows Removed by Filter: 112
                                             ->  Parallel Hash  (cost=86954.33..86954.33 rows=7 width=29) (actual time=1033.747..1033.748 rows=178 loops=2)
                                                   Buckets: 1024  Batches: 1  Memory Usage: 72kB
                                                   ->  Hash Join  (cost=54438.22..86954.33 rows=7 width=29) (actual time=905.000..1033.538 rows=178 loops=2)
                                                         Hash Cond: (mc.company_type_id = ct.id)
                                                         ->  Hash Join  (cost=54437.16..86953.12 rows=29 width=33) (actual time=681.167..1033.326 rows=384 loops=2)
                                                               Hash Cond: (t.kind_id = kt.id)
                                                               ->  Parallel Hash Join  (cost=54436.06..86951.16 rows=202 width=37) (actual time=607.859..1032.895 rows=1330 loops=2)
                                                                     Hash Cond: (mc.movie_id = t.id)
                                                                     ->  Parallel Seq Scan on movie_companies mc  (cost=0.00..29661.37 rows=1087137 width=12) (actual time=0.006..236.582 rows=1304564 loops=2)
                                                                     ->  Parallel Hash  (cost=54433.61..54433.61 rows=196 width=25) (actual time=607.620..607.620 rows=1109 loops=2)
                                                                           Buckets: 2048 (originally 1024)  Batches: 1 (originally 1)  Memory Usage: 216kB
                                                                           ->  Parallel Seq Scan on title t  (cost=0.00..54433.61 rows=196 width=25) (actual time=0.262..603.254 rows=1109 loops=2)
                                                                                 Filter: (((title)::text <> ''::text) AND (((title)::text ~~ '%Champion%'::text) OR ((title)::text ~~ '%Loser%'::text)))
                                                                                 Rows Removed by Filter: 1263047
                                                               ->  Hash  (cost=1.09..1.09 rows=1 width=4) (actual time=0.045..0.045 rows=1 loops=2)
                                                                     Buckets: 1024  Batches: 1  Memory Usage: 9kB
                                                                     ->  Seq Scan on kind_type kt  (cost=0.00..1.09 rows=1 width=4) (actual time=0.033..0.035 rows=1 loops=2)
                                                                           Filter: ((kind)::text = 'movie'::text)
                                                                           Rows Removed by Filter: 6
                                                         ->  Hash  (cost=1.05..1.05 rows=1 width=4) (actual time=0.057..0.057 rows=1 loops=2)
                                                               Buckets: 1024  Batches: 1  Memory Usage: 9kB
                                                               ->  Seq Scan on company_type ct  (cost=0.00..1.05 rows=1 width=4) (actual time=0.039..0.040 rows=1 loops=2)
                                                                     Filter: ((kind)::text = 'production companies'::text)
                                                                     Rows Removed by Filter: 3
 Planning Time: 20.399 ms
 Execution Time: 4217.447 ms
(60 rows)

execute /home/pei/Project/benchmarks/imdb_job-postgres/skinner_explained/13c.sql_explained.sql
SET
SET
                                                                                                   QUERY PLAN                                                                                                   
----------------------------------------------------------------------------------------------------------------------------------------------------------------------------------------------------------------
 Finalize Aggregate  (cost=348980.78..348980.79 rows=1 width=96) (actual time=4085.142..4085.142 rows=1 loops=1)
   ->  Gather  (cost=348980.66..348980.77 rows=1 width=96) (actual time=4084.923..4090.017 rows=2 loops=1)
         Workers Planned: 1
         Workers Launched: 1
         ->  Partial Aggregate  (cost=347980.66..347980.67 rows=1 width=96) (actual time=4079.616..4079.617 rows=1 loops=2)
               ->  Parallel Hash Join  (cost=343069.37..347980.65 rows=1 width=41) (actual time=4055.222..4079.551 rows=26 loops=2)
                     Hash Cond: (cn.id = mc.company_id)
                     ->  Parallel Seq Scan on company_name cn  (cost=0.00..4722.92 rows=50229 width=23) (actual time=0.009..24.984 rows=42422 loops=2)
                           Filter: ((country_code)::text = '[us]'::text)
                           Rows Removed by Filter: 75077
                     ->  Parallel Hash  (cost=343069.35..343069.35 rows=1 width=26) (actual time=4049.827..4049.827 rows=81 loops=2)
                           Buckets: 1024  Batches: 1  Memory Usage: 72kB
                           ->  Parallel Hash Join  (cost=102229.55..343069.35 rows=1 width=26) (actual time=2307.485..4049.711 rows=81 loops=2)
                                 Hash Cond: (mi.movie_id = t.id)
                                 ->  Hash Join  (cost=2.43..240637.08 rows=54704 width=4) (actual time=674.441..2784.937 rows=1518360 loops=2)
                                       Hash Cond: (mi.info_type_id = it2.id)
                                       ->  Parallel Seq Scan on movie_info mi  (cost=0.00..223799.50 rows=6181550 width=8) (actual time=0.039..1669.691 rows=7417860 loops=2)
                                       ->  Hash  (cost=2.41..2.41 rows=1 width=4) (actual time=0.035..0.036 rows=1 loops=2)
                                             Buckets: 1024  Batches: 1  Memory Usage: 9kB
                                             ->  Seq Scan on info_type it2  (cost=0.00..2.41 rows=1 width=4) (actual time=0.014..0.025 rows=1 loops=2)
                                                   Filter: ((info)::text = 'release dates'::text)
                                                   Rows Removed by Filter: 112
                                 ->  Parallel Hash  (cost=102227.11..102227.11 rows=1 width=38) (actual time=1120.954..1120.954 rows=16 loops=2)
                                       Buckets: 1024  Batches: 1  Memory Usage: 40kB
                                       ->  Parallel Hash Join  (cost=86956.85..102227.11 rows=1 width=38) (actual time=1053.875..1120.906 rows=16 loops=2)
                                             Hash Cond: (miidx.movie_id = t.id)
                                             ->  Hash Join  (cost=2.43..15253.60 rows=5089 width=9) (actual time=0.149..237.700 rows=229962 loops=2)
                                                   Hash Cond: (miidx.info_type_id = it.id)
                                                   ->  Parallel Seq Scan on movie_info_idx miidx  (cost=0.00..13685.15 rows=575015 width=13) (actual time=0.023..114.789 rows=690018 loops=2)
                                                   ->  Hash  (cost=2.41..2.41 rows=1 width=4) (actual time=0.055..0.055 rows=1 loops=2)
                                                         Buckets: 1024  Batches: 1  Memory Usage: 9kB
                                                         ->  Seq Scan on info_type it  (cost=0.00..2.41 rows=1 width=4) (actual time=0.040..0.043 rows=1 loops=2)
                                                               Filter: ((info)::text = 'rating'::text)
                                                               Rows Removed by Filter: 112
                                             ->  Parallel Hash  (cost=86954.33..86954.33 rows=7 width=29) (actual time=860.543..860.543 rows=40 loops=2)
                                                   Buckets: 1024  Batches: 1  Memory Usage: 72kB
                                                   ->  Hash Join  (cost=54438.22..86954.33 rows=7 width=29) (actual time=757.471..860.450 rows=40 loops=2)
                                                         Hash Cond: (mc.company_type_id = ct.id)
                                                         ->  Hash Join  (cost=54437.16..86953.12 rows=29 width=33) (actual time=548.515..860.319 rows=90 loops=2)
                                                               Hash Cond: (t.kind_id = kt.id)
                                                               ->  Parallel Hash Join  (cost=54436.06..86951.16 rows=202 width=37) (actual time=460.894..860.170 rows=184 loops=2)
                                                                     Hash Cond: (mc.movie_id = t.id)
                                                                     ->  Parallel Seq Scan on movie_companies mc  (cost=0.00..29661.37 rows=1087137 width=12) (actual time=0.012..231.982 rows=1304564 loops=2)
                                                                     ->  Parallel Hash  (cost=54433.61..54433.61 rows=196 width=25) (actual time=460.490..460.490 rows=147 loops=2)
                                                                           Buckets: 1024  Batches: 1  Memory Usage: 72kB
                                                                           ->  Parallel Seq Scan on title t  (cost=0.00..54433.61 rows=196 width=25) (actual time=3.738..460.230 rows=147 loops=2)
                                                                                 Filter: (((title)::text <> ''::text) AND (((title)::text ~~ 'Champion%'::text) OR ((title)::text ~~ 'Loser%'::text)))
                                                                                 Rows Removed by Filter: 1264009
                                                               ->  Hash  (cost=1.09..1.09 rows=1 width=4) (actual time=0.045..0.046 rows=1 loops=2)
                                                                     Buckets: 1024  Batches: 1  Memory Usage: 9kB
                                                                     ->  Seq Scan on kind_type kt  (cost=0.00..1.09 rows=1 width=4) (actual time=0.033..0.035 rows=1 loops=2)
                                                                           Filter: ((kind)::text = 'movie'::text)
                                                                           Rows Removed by Filter: 6
                                                         ->  Hash  (cost=1.05..1.05 rows=1 width=4) (actual time=0.054..0.054 rows=1 loops=2)
                                                               Buckets: 1024  Batches: 1  Memory Usage: 9kB
                                                               ->  Seq Scan on company_type ct  (cost=0.00..1.05 rows=1 width=4) (actual time=0.037..0.039 rows=1 loops=2)
                                                                     Filter: ((kind)::text = 'production companies'::text)
                                                                     Rows Removed by Filter: 3
 Planning Time: 20.496 ms
 Execution Time: 4090.895 ms
(60 rows)

execute /home/pei/Project/benchmarks/imdb_job-postgres/skinner_explained/13d.sql_explained.sql
SET
SET
                                                                                                         QUERY PLAN                                                                                                         
----------------------------------------------------------------------------------------------------------------------------------------------------------------------------------------------------------------------------
 Finalize Aggregate  (cost=346725.46..346725.47 rows=1 width=96) (actual time=8988.196..8988.196 rows=1 loops=1)
   ->  Gather  (cost=346725.34..346725.45 rows=1 width=96) (actual time=8987.253..9206.275 rows=2 loops=1)
         Workers Planned: 1
         Workers Launched: 1
         ->  Partial Aggregate  (cost=345725.34..345725.35 rows=1 width=96) (actual time=8981.484..8981.485 rows=1 loops=2)
               ->  Parallel Hash Join  (cost=340435.70..345724.28 rows=141 width=41) (actual time=8646.787..8856.190 rows=335195 loops=2)
                     Hash Cond: (cn.id = mc.company_id)
                     ->  Parallel Seq Scan on company_name cn  (cost=0.00..4722.92 rows=50229 width=23) (actual time=0.018..25.838 rows=42422 loops=2)
                           Filter: ((country_code)::text = '[us]'::text)
                           Rows Removed by Filter: 75077
                     ->  Parallel Hash  (cost=340432.26..340432.26 rows=275 width=26) (actual time=8596.642..8596.642 rows=959748 loops=2)
                           Buckets: 65536 (originally 1024)  Batches: 64 (originally 1)  Memory Usage: 4352kB
                           ->  Hash Join  (cost=306684.12..340432.26 rows=275 width=26) (actual time=6548.784..8006.440 rows=959748 loops=2)
                                 Hash Cond: (mc.company_type_id = ct.id)
                                 ->  Parallel Hash Join  (cost=306683.05..340425.77 rows=1004 width=30) (actual time=6491.006..7524.661 rows=4061793 loops=2)
                                       Hash Cond: (mc.movie_id = mi.movie_id)
                                       ->  Parallel Seq Scan on movie_companies mc  (cost=0.00..29661.37 rows=1087137 width=12) (actual time=0.015..237.373 rows=1304564 loops=2)
                                       ->  Parallel Hash  (cost=306680.43..306680.43 rows=210 width=34) (actual time=5872.597..5872.597 rows=362366 loops=2)
                                             Buckets: 65536 (originally 1024)  Batches: 16 (originally 1)  Memory Usage: 3680kB
                                             ->  Hash Join  (cost=256185.00..306680.43 rows=210 width=34) (actual time=4978.793..5640.749 rows=362366 loops=2)
                                                   Hash Cond: (t.kind_id = kt.id)
                                                   ->  Parallel Hash Join  (cost=256183.90..306673.14 rows=1468 width=38) (actual time=4961.969..5534.054 rows=559492 loops=2)
                                                         Hash Cond: (t.id = mi.movie_id)
                                                         ->  Parallel Seq Scan on title t  (cost=0.00..46532.63 rows=1053463 width=25) (actual time=0.044..327.533 rows=1264156 loops=2)
                                                         ->  Parallel Hash  (cost=256165.55..256165.55 rows=1468 width=13) (actual time=4139.646..4139.646 rows=559492 loops=2)
                                                               Buckets: 131072 (originally 4096)  Batches: 16 (originally 1)  Memory Usage: 4384kB
                                                               ->  Parallel Hash Join  (cost=15319.64..256165.55 rows=1468 width=13) (actual time=3576.657..3915.359 rows=559492 loops=2)
                                                                     Hash Cond: (mi.movie_id = miidx.movie_id)
                                                                     ->  Hash Join  (cost=2.43..240637.08 rows=54704 width=4) (actual time=677.979..2819.389 rows=1518360 loops=2)
                                                                           Hash Cond: (mi.info_type_id = it2.id)
                                                                           ->  Parallel Seq Scan on movie_info mi  (cost=0.00..223799.50 rows=6181550 width=8) (actual time=0.043..1683.666 rows=7417860 loops=2)
                                                                           ->  Hash  (cost=2.41..2.41 rows=1 width=4) (actual time=0.035..0.036 rows=1 loops=2)
                                                                                 Buckets: 1024  Batches: 1  Memory Usage: 9kB
                                                                                 ->  Seq Scan on info_type it2  (cost=0.00..2.41 rows=1 width=4) (actual time=0.023..0.033 rows=1 loops=2)
                                                                                       Filter: ((info)::text = 'release dates'::text)
                                                                                       Rows Removed by Filter: 112
                                                                     ->  Parallel Hash  (cost=15253.60..15253.60 rows=5089 width=9) (actual time=385.721..385.721 rows=229962 loops=2)
                                                                           Buckets: 131072 (originally 16384)  Batches: 8 (originally 1)  Memory Usage: 3296kB
                                                                           ->  Hash Join  (cost=2.43..15253.60 rows=5089 width=9) (actual time=0.143..242.177 rows=229962 loops=2)
                                                                                 Hash Cond: (miidx.info_type_id = it.id)
                                                                                 ->  Parallel Seq Scan on movie_info_idx miidx  (cost=0.00..13685.15 rows=575015 width=13) (actual time=0.038..114.783 rows=690018 loops=2)
                                                                                 ->  Hash  (cost=2.41..2.41 rows=1 width=4) (actual time=0.048..0.048 rows=1 loops=2)
                                                                                       Buckets: 1024  Batches: 1  Memory Usage: 9kB
                                                                                       ->  Seq Scan on info_type it  (cost=0.00..2.41 rows=1 width=4) (actual time=0.035..0.038 rows=1 loops=2)
                                                                                             Filter: ((info)::text = 'rating'::text)
                                                                                             Rows Removed by Filter: 112
                                                   ->  Hash  (cost=1.09..1.09 rows=1 width=4) (actual time=0.048..0.048 rows=1 loops=2)
                                                         Buckets: 1024  Batches: 1  Memory Usage: 9kB
                                                         ->  Seq Scan on kind_type kt  (cost=0.00..1.09 rows=1 width=4) (actual time=0.033..0.035 rows=1 loops=2)
                                                               Filter: ((kind)::text = 'movie'::text)
                                                               Rows Removed by Filter: 6
                                 ->  Hash  (cost=1.05..1.05 rows=1 width=4) (actual time=0.058..0.058 rows=1 loops=2)
                                       Buckets: 1024  Batches: 1  Memory Usage: 9kB
                                       ->  Seq Scan on company_type ct  (cost=0.00..1.05 rows=1 width=4) (actual time=0.038..0.039 rows=1 loops=2)
                                             Filter: ((kind)::text = 'production companies'::text)
                                             Rows Removed by Filter: 3
 Planning Time: 20.041 ms
 Execution Time: 9207.352 ms
(58 rows)

execute /home/pei/Project/benchmarks/imdb_job-postgres/skinner_explained/14a.sql_explained.sql
SET
SET
                                                                                              QUERY PLAN                                                                                               
-------------------------------------------------------------------------------------------------------------------------------------------------------------------------------------------------------
 Finalize Aggregate  (cost=420522.53..420522.54 rows=1 width=64) (actual time=3522.930..3522.930 rows=1 loops=1)
   ->  Gather  (cost=420522.31..420522.52 rows=2 width=64) (actual time=3522.116..3528.412 rows=3 loops=1)
         Workers Planned: 2
         Workers Launched: 2
         ->  Partial Aggregate  (cost=419522.31..419522.32 rows=1 width=64) (actual time=3515.390..3515.390 rows=1 loops=3)
               ->  Hash Join  (cost=369734.11..419522.30 rows=1 width=22) (actual time=3415.253..3515.117 rows=254 loops=3)
                     Hash Cond: (t.kind_id = kt.id)
                     ->  Parallel Hash Join  (cost=369733.01..419521.20 rows=1 width=26) (actual time=3251.356..3514.739 rows=328 loops=3)
                           Hash Cond: (t.id = mi.movie_id)
                           ->  Parallel Seq Scan on title t  (cost=0.00..49166.29 rows=165838 width=25) (actual time=0.022..244.341 rows=130555 loops=3)
                                 Filter: (production_year > 2010)
                                 Rows Removed by Filter: 712215
                           ->  Parallel Hash  (cost=369732.99..369732.99 rows=1 width=17) (actual time=3247.198..3247.198 rows=6989 loops=3)
                                 Buckets: 32768 (originally 1024)  Batches: 1 (originally 1)  Memory Usage: 1560kB
                                 ->  Parallel Hash Join  (cost=353063.77..369732.99 rows=1 width=17) (actual time=2974.646..3218.791 rows=6989 loops=3)
                                       Hash Cond: (mi_idx.movie_id = mi.movie_id)
                                       ->  Hash Join  (cost=2.43..16653.02 rows=4965 width=9) (actual time=0.174..222.256 rows=151410 loops=3)
                                             Hash Cond: (mi_idx.info_type_id = it2.id)
                                             ->  Parallel Seq Scan on movie_info_idx mi_idx  (cost=0.00..15122.68 rows=561018 width=13) (actual time=0.059..158.507 rows=447629 loops=3)
                                                   Filter: ((info)::text < '8.5'::text)
                                                   Rows Removed by Filter: 12383
                                             ->  Hash  (cost=2.41..2.41 rows=1 width=4) (actual time=0.039..0.040 rows=1 loops=3)
                                                   Buckets: 1024  Batches: 1  Memory Usage: 9kB
                                                   ->  Seq Scan on info_type it2  (cost=0.00..2.41 rows=1 width=4) (actual time=0.026..0.029 rows=1 loops=3)
                                                         Filter: ((info)::text = 'rating'::text)
                                                         Rows Removed by Filter: 112
                                       ->  Parallel Hash  (cost=353061.34..353061.34 rows=1 width=8) (actual time=2973.764..2973.764 rows=7972 loops=3)
                                             Buckets: 32768 (originally 1024)  Batches: 1 (originally 1)  Memory Usage: 1496kB
                                             ->  Parallel Hash Join  (cost=51216.64..353061.34 rows=1 width=8) (actual time=2415.606..2927.278 rows=7972 loops=3)
                                                   Hash Cond: (mi.movie_id = mk.movie_id)
                                                   ->  Hash Join  (cost=2.43..301837.78 rows=2490 width=4) (actual time=1830.286..2312.689 rows=204750 loops=3)
                                                         Hash Cond: (mi.info_type_id = it1.id)
                                                         ->  Parallel Seq Scan on movie_info mi  (cost=0.00..301068.88 rows=281434 width=8) (actual time=1.033..2261.267 rows=235558 loops=3)
                                                               Filter: ((info)::text = ANY ('{Sweden,Norway,Germany,Denmark,Swedish,Denish,Norwegian,German,USA,American}'::text[]))
                                                               Rows Removed by Filter: 4709682
                                                         ->  Hash  (cost=2.41..2.41 rows=1 width=4) (actual time=0.058..0.058 rows=1 loops=3)
                                                               Buckets: 1024  Batches: 1  Memory Usage: 9kB
                                                               ->  Seq Scan on info_type it1  (cost=0.00..2.41 rows=1 width=4) (actual time=0.035..0.047 rows=1 loops=3)
                                                                     Filter: ((info)::text = 'countries'::text)
                                                                     Rows Removed by Filter: 112
                                                   ->  Parallel Hash  (cost=51213.51..51213.51 rows=56 width=4) (actual time=584.989..584.989 rows=12364 loops=3)
                                                         Buckets: 65536 (originally 1024)  Batches: 1 (originally 1)  Memory Usage: 2488kB
                                                         ->  Hash Join  (cost=2961.60..51213.51 rows=56 width=4) (actual time=49.145..492.085 rows=12364 loops=3)
                                                               Hash Cond: (mk.keyword_id = k.id)
                                                               ->  Parallel Seq Scan on movie_keyword mk  (cost=0.00..43303.71 rows=1884971 width=8) (actual time=0.025..255.759 rows=1507977 loops=3)
                                                               ->  Hash  (cost=2961.55..2961.55 rows=4 width=4) (actual time=48.859..48.859 rows=3 loops=3)
                                                                     Buckets: 1024  Batches: 1  Memory Usage: 9kB
                                                                     ->  Seq Scan on keyword k  (cost=0.00..2961.55 rows=4 width=4) (actual time=1.650..48.846 rows=3 loops=3)
                                                                           Filter: ((keyword)::text = ANY ('{murder,murder-in-title,blood,violence}'::text[]))
                                                                           Rows Removed by Filter: 134167
                     ->  Hash  (cost=1.09..1.09 rows=1 width=4) (actual time=0.063..0.063 rows=1 loops=3)
                           Buckets: 1024  Batches: 1  Memory Usage: 9kB
                           ->  Seq Scan on kind_type kt  (cost=0.00..1.09 rows=1 width=4) (actual time=0.040..0.042 rows=1 loops=3)
                                 Filter: ((kind)::text = 'movie'::text)
                                 Rows Removed by Filter: 6
 Planning Time: 12.526 ms
 Execution Time: 3529.154 ms
(57 rows)

execute /home/pei/Project/benchmarks/imdb_job-postgres/skinner_explained/14b.sql_explained.sql
SET
SET
                                                                                                          QUERY PLAN                                                                                                          
------------------------------------------------------------------------------------------------------------------------------------------------------------------------------------------------------------------------------
 Finalize Aggregate  (cost=426312.24..426312.25 rows=1 width=64) (actual time=3205.367..3205.368 rows=1 loops=1)
   ->  Gather  (cost=426312.02..426312.23 rows=2 width=64) (actual time=3205.198..3211.414 rows=3 loops=1)
         Workers Planned: 2
         Workers Launched: 2
         ->  Partial Aggregate  (cost=425312.02..425312.03 rows=1 width=64) (actual time=3198.324..3198.325 rows=1 loops=3)
               ->  Hash Join  (cost=409759.67..425312.01 rows=1 width=22) (actual time=3184.676..3198.318 rows=0 loops=3)
                     Hash Cond: (t.kind_id = kt.id)
                     ->  Parallel Hash Join  (cost=409758.57..425310.91 rows=1 width=26) (actual time=3126.611..3198.076 rows=1 loops=3)
                           Hash Cond: (mi_idx.movie_id = t.id)
                           ->  Hash Join  (cost=2.43..15549.59 rows=1379 width=9) (actual time=0.161..167.897 rows=86616 loops=3)
                                 Hash Cond: (mi_idx.info_type_id = it2.id)
                                 ->  Parallel Seq Scan on movie_info_idx mi_idx  (cost=0.00..15122.68 rows=155862 width=13) (actual time=0.048..142.476 rows=125612 loops=3)
                                       Filter: ((info)::text > '6.0'::text)
                                       Rows Removed by Filter: 334399
                                 ->  Hash  (cost=2.41..2.41 rows=1 width=4) (actual time=0.039..0.039 rows=1 loops=3)
                                       Buckets: 1024  Batches: 1  Memory Usage: 9kB
                                       ->  Seq Scan on info_type it2  (cost=0.00..2.41 rows=1 width=4) (actual time=0.026..0.028 rows=1 loops=3)
                                             Filter: ((info)::text = 'rating'::text)
                                             Rows Removed by Filter: 112
                           ->  Parallel Hash  (cost=409756.13..409756.13 rows=1 width=33) (actual time=3020.409..3020.409 rows=3 loops=3)
                                 Buckets: 1024  Batches: 1  Memory Usage: 72kB
                                 ->  Parallel Hash Join  (cost=361504.10..409756.13 rows=1 width=33) (actual time=2834.645..3020.307 rows=3 loops=3)
                                       Hash Cond: (mk.movie_id = t.id)
                                       ->  Hash Join  (cost=2626.15..50878.06 rows=28 width=4) (actual time=24.389..468.433 rows=6509 loops=3)
                                             Hash Cond: (mk.keyword_id = k.id)
                                             ->  Parallel Seq Scan on movie_keyword mk  (cost=0.00..43303.71 rows=1884971 width=8) (actual time=0.019..258.425 rows=1507977 loops=3)
                                             ->  Hash  (cost=2626.12..2626.12 rows=2 width=4) (actual time=24.213..24.213 rows=1 loops=3)
                                                   Buckets: 1024  Batches: 1  Memory Usage: 9kB
                                                   ->  Seq Scan on keyword k  (cost=0.00..2626.12 rows=2 width=4) (actual time=1.404..24.194 rows=1 loops=3)
                                                         Filter: ((keyword)::text = ANY ('{murder,murder-in-title}'::text[]))
                                                         Rows Removed by Filter: 134169
                                       ->  Parallel Hash  (cost=358877.94..358877.94 rows=1 width=29) (actual time=2550.090..2550.090 rows=41 loops=3)
                                             Buckets: 1024  Batches: 1  Memory Usage: 104kB
                                             ->  Hash Join  (cost=57070.27..358877.94 rows=1 width=29) (actual time=2102.300..2549.946 rows=41 loops=3)
                                                   Hash Cond: (mi.info_type_id = it1.id)
                                                   ->  Parallel Hash Join  (cost=57067.84..358875.48 rows=12 width=33) (actual time=295.473..2549.804 rows=49 loops=3)
                                                         Hash Cond: (mi.movie_id = t.id)
                                                         ->  Parallel Seq Scan on movie_info mi  (cost=0.00..301068.88 rows=281434 width=8) (actual time=1.029..2250.191 rows=235558 loops=3)
                                                               Filter: ((info)::text = ANY ('{Sweden,Norway,Germany,Denmark,Swedish,Denish,Norwegian,German,USA,American}'::text[]))
                                                               Rows Removed by Filter: 4709682
                                                         ->  Parallel Hash  (cost=57067.27..57067.27 rows=46 width=25) (actual time=272.940..272.940 rows=152 loops=3)
                                                               Buckets: 1024  Batches: 1  Memory Usage: 104kB
                                                               ->  Parallel Seq Scan on title t  (cost=0.00..57067.27 rows=46 width=25) (actual time=1.080..272.653 rows=152 loops=3)
                                                                     Filter: ((production_year > 2010) AND (((title)::text ~~ '%murder%'::text) OR ((title)::text ~~ '%Murder%'::text) OR ((title)::text ~~ '%Mord%'::text)))
                                                                     Rows Removed by Filter: 842619
                                                   ->  Hash  (cost=2.41..2.41 rows=1 width=4) (actual time=0.050..0.050 rows=1 loops=3)
                                                         Buckets: 1024  Batches: 1  Memory Usage: 9kB
                                                         ->  Seq Scan on info_type it1  (cost=0.00..2.41 rows=1 width=4) (actual time=0.028..0.040 rows=1 loops=3)
                                                               Filter: ((info)::text = 'countries'::text)
                                                               Rows Removed by Filter: 112
                     ->  Hash  (cost=1.09..1.09 rows=1 width=4) (actual time=0.065..0.065 rows=1 loops=3)
                           Buckets: 1024  Batches: 1  Memory Usage: 9kB
                           ->  Seq Scan on kind_type kt  (cost=0.00..1.09 rows=1 width=4) (actual time=0.039..0.041 rows=1 loops=3)
                                 Filter: ((kind)::text = 'movie'::text)
                                 Rows Removed by Filter: 6
 Planning Time: 12.564 ms
 Execution Time: 3212.125 ms
(57 rows)

execute /home/pei/Project/benchmarks/imdb_job-postgres/skinner_explained/14c.sql_explained.sql
SET
SET
                                                                                              QUERY PLAN                                                                                               
-------------------------------------------------------------------------------------------------------------------------------------------------------------------------------------------------------
 Finalize Aggregate  (cost=421498.92..421498.93 rows=1 width=64) (actual time=3683.718..3683.719 rows=1 loops=1)
   ->  Gather  (cost=421498.70..421498.91 rows=2 width=64) (actual time=3682.672..3690.475 rows=3 loops=1)
         Workers Planned: 2
         Workers Launched: 2
         ->  Partial Aggregate  (cost=420498.70..420498.71 rows=1 width=64) (actual time=3675.680..3675.681 rows=1 loops=3)
               ->  Hash Join  (cost=369734.12..420498.70 rows=1 width=22) (actual time=3358.079..3674.546 rows=1372 loops=3)
                     Hash Cond: (t.kind_id = kt.id)
                     ->  Parallel Hash Join  (cost=369733.01..420497.58 rows=1 width=26) (actual time=3354.633..3673.620 rows=1710 loops=3)
                           Hash Cond: (t.id = mi.movie_id)
                           ->  Parallel Seq Scan on title t  (cost=0.00..49166.29 rows=426207 width=25) (actual time=0.026..271.642 rows=337640 loops=3)
                                 Filter: (production_year > 2005)
                                 Rows Removed by Filter: 505131
                           ->  Parallel Hash  (cost=369732.99..369732.99 rows=1 width=17) (actual time=3353.425..3353.425 rows=6989 loops=3)
                                 Buckets: 32768 (originally 1024)  Batches: 1 (originally 1)  Memory Usage: 1560kB
                                 ->  Parallel Hash Join  (cost=353063.77..369732.99 rows=1 width=17) (actual time=3065.604..3314.787 rows=6989 loops=3)
                                       Hash Cond: (mi_idx.movie_id = mi.movie_id)
                                       ->  Hash Join  (cost=2.43..16653.02 rows=4965 width=9) (actual time=0.171..226.380 rows=151410 loops=3)
                                             Hash Cond: (mi_idx.info_type_id = it2.id)
                                             ->  Parallel Seq Scan on movie_info_idx mi_idx  (cost=0.00..15122.68 rows=561018 width=13) (actual time=0.053..162.746 rows=447629 loops=3)
                                                   Filter: ((info)::text < '8.5'::text)
                                                   Rows Removed by Filter: 12383
                                             ->  Hash  (cost=2.41..2.41 rows=1 width=4) (actual time=0.039..0.039 rows=1 loops=3)
                                                   Buckets: 1024  Batches: 1  Memory Usage: 9kB
                                                   ->  Seq Scan on info_type it2  (cost=0.00..2.41 rows=1 width=4) (actual time=0.026..0.029 rows=1 loops=3)
                                                         Filter: ((info)::text = 'rating'::text)
                                                         Rows Removed by Filter: 112
                                       ->  Parallel Hash  (cost=353061.34..353061.34 rows=1 width=8) (actual time=3064.808..3064.808 rows=7972 loops=3)
                                             Buckets: 32768 (originally 1024)  Batches: 1 (originally 1)  Memory Usage: 1528kB
                                             ->  Parallel Hash Join  (cost=51216.64..353061.34 rows=1 width=8) (actual time=2494.795..3017.848 rows=7972 loops=3)
                                                   Hash Cond: (mi.movie_id = mk.movie_id)
                                                   ->  Hash Join  (cost=2.43..301837.78 rows=2490 width=4) (actual time=1915.961..2409.031 rows=204750 loops=3)
                                                         Hash Cond: (mi.info_type_id = it1.id)
                                                         ->  Parallel Seq Scan on movie_info mi  (cost=0.00..301068.88 rows=281434 width=8) (actual time=1.072..2357.282 rows=238737 loops=3)
                                                               Filter: ((info)::text = ANY ('{Sweden,Norway,Germany,Denmark,Swedish,Danish,Norwegian,German,USA,American}'::text[]))
                                                               Rows Removed by Filter: 4706503
                                                         ->  Hash  (cost=2.41..2.41 rows=1 width=4) (actual time=0.059..0.059 rows=1 loops=3)
                                                               Buckets: 1024  Batches: 1  Memory Usage: 9kB
                                                               ->  Seq Scan on info_type it1  (cost=0.00..2.41 rows=1 width=4) (actual time=0.037..0.049 rows=1 loops=3)
                                                                     Filter: ((info)::text = 'countries'::text)
                                                                     Rows Removed by Filter: 112
                                                   ->  Parallel Hash  (cost=51213.51..51213.51 rows=56 width=4) (actual time=578.203..578.204 rows=12364 loops=3)
                                                         Buckets: 65536 (originally 1024)  Batches: 1 (originally 1)  Memory Usage: 2488kB
                                                         ->  Hash Join  (cost=2961.60..51213.51 rows=56 width=4) (actual time=31.635..476.273 rows=12364 loops=3)
                                                               Hash Cond: (mk.keyword_id = k.id)
                                                               ->  Parallel Seq Scan on movie_keyword mk  (cost=0.00..43303.71 rows=1884971 width=8) (actual time=0.026..256.694 rows=1507977 loops=3)
                                                               ->  Hash  (cost=2961.55..2961.55 rows=4 width=4) (actual time=31.473..31.473 rows=3 loops=3)
                                                                     Buckets: 1024  Batches: 1  Memory Usage: 9kB
                                                                     ->  Seq Scan on keyword k  (cost=0.00..2961.55 rows=4 width=4) (actual time=1.475..31.460 rows=3 loops=3)
                                                                           Filter: ((keyword IS NOT NULL) AND ((keyword)::text = ANY ('{murder,murder-in-title,blood,violence}'::text[])))
                                                                           Rows Removed by Filter: 134167
                     ->  Hash  (cost=1.09..1.09 rows=2 width=4) (actual time=0.069..0.069 rows=2 loops=3)
                           Buckets: 1024  Batches: 1  Memory Usage: 9kB
                           ->  Seq Scan on kind_type kt  (cost=0.00..1.09 rows=2 width=4) (actual time=0.043..0.046 rows=2 loops=3)
                                 Filter: ((kind)::text = ANY ('{movie,episode}'::text[]))
                                 Rows Removed by Filter: 5
 Planning Time: 12.085 ms
 Execution Time: 3691.282 ms
(57 rows)

execute /home/pei/Project/benchmarks/imdb_job-postgres/skinner_explained/15a.sql_explained.sql
SET
SET
                                                                                                             QUERY PLAN                                                                                                              
-------------------------------------------------------------------------------------------------------------------------------------------------------------------------------------------------------------------------------------
 Finalize Aggregate  (cost=409625.94..409625.95 rows=1 width=64) (actual time=3507.781..3507.781 rows=1 loops=1)
   ->  Gather  (cost=409625.72..409625.93 rows=2 width=64) (actual time=3507.559..3514.303 rows=3 loops=1)
         Workers Planned: 2
         Workers Launched: 2
         ->  Partial Aggregate  (cost=408625.72..408625.73 rows=1 width=64) (actual time=3500.166..3500.166 rows=1 loops=3)
               ->  Parallel Hash Join  (cost=400362.74..408625.68 rows=8 width=60) (actual time=3448.058..3500.079 rows=109 loops=3)
                     Hash Cond: (at.movie_id = t.id)
                     ->  Parallel Seq Scan on aka_title at  (cost=0.00..7698.13 rows=150613 width=4) (actual time=0.033..36.474 rows=120491 loops=3)
                     ->  Parallel Hash  (cost=400362.70..400362.70 rows=3 width=76) (actual time=3445.723..3445.723 rows=466 loops=3)
                           Buckets: 2048 (originally 1024)  Batches: 1 (originally 1)  Memory Usage: 216kB
                           ->  Parallel Hash Join  (cost=396456.49..400362.70 rows=3 width=76) (actual time=3384.021..3428.189 rows=466 loops=3)
                                 Hash Cond: (k.id = mk.keyword_id)
                                 ->  Parallel Index Only Scan using keyword_pkey on keyword k  (cost=0.42..3696.98 rows=55904 width=4) (actual time=0.093..38.420 rows=44723 loops=3)
                                       Heap Fetches: 134170
                                 ->  Parallel Hash  (cost=396456.03..396456.03 rows=3 width=80) (actual time=3383.833..3383.833 rows=466 loops=3)
                                       Buckets: 2048 (originally 1024)  Batches: 1 (originally 1)  Memory Usage: 216kB
                                       ->  Parallel Hash Join  (cost=346083.67..396456.03 rows=3 width=80) (actual time=2942.010..3382.299 rows=466 loops=3)
                                             Hash Cond: (mk.movie_id = t.id)
                                             ->  Parallel Seq Scan on movie_keyword mk  (cost=0.00..43303.71 rows=1884971 width=8) (actual time=0.011..252.534 rows=1507977 loops=3)
                                             ->  Parallel Hash  (cost=346083.66..346083.66 rows=1 width=72) (actual time=2940.708..2940.708 rows=220 loops=3)
                                                   Buckets: 1024  Batches: 1  Memory Usage: 104kB
                                                   ->  Parallel Hash Join  (cost=294758.03..346083.66 rows=1 width=72) (actual time=2627.123..2940.363 rows=220 loops=3)
                                                         Hash Cond: (t.id = mi.movie_id)
                                                         ->  Parallel Seq Scan on title t  (cost=0.00..49166.29 rows=575821 width=21) (actual time=0.032..262.272 rows=460484 loops=3)
                                                               Filter: (production_year > 2000)
                                                               Rows Removed by Filter: 382286
                                                         ->  Parallel Hash  (cost=294758.02..294758.02 rows=1 width=51) (actual time=2623.440..2623.441 rows=223 loops=3)
                                                               Buckets: 1024  Batches: 1  Memory Usage: 104kB
                                                               ->  Hash Join  (cost=289846.73..294758.02 rows=1 width=51) (actual time=2600.196..2623.240 rows=223 loops=3)
                                                                     Hash Cond: (mc.company_type_id = ct.id)
                                                                     ->  Parallel Hash Join  (cost=289845.64..294756.93 rows=1 width=55) (actual time=2600.078..2623.047 rows=223 loops=3)
                                                                           Hash Cond: (cn.id = mc.company_id)
                                                                           ->  Parallel Seq Scan on company_name cn  (cost=0.00..4722.92 rows=50229 width=4) (actual time=0.009..19.768 rows=28281 loops=3)
                                                                                 Filter: ((country_code)::text = '[us]'::text)
                                                                                 Rows Removed by Filter: 50051
                                                                           ->  Parallel Hash  (cost=289845.63..289845.63 rows=1 width=59) (actual time=2599.864..2599.864 rows=233 loops=3)
                                                                                 Buckets: 1024  Batches: 1  Memory Usage: 104kB
                                                                                 ->  Parallel Hash Join  (cost=254710.18..289845.63 rows=1 width=59) (actual time=2346.961..2599.536 rows=233 loops=3)
                                                                                       Hash Cond: (mc.movie_id = mi.movie_id)
                                                                                       ->  Parallel Seq Scan on movie_companies mc  (cost=0.00..35097.06 rows=7675 width=12) (actual time=0.049..249.157 rows=20555 loops=3)
                                                                                             Filter: (((note)::text ~~ '%(200%)%'::text) AND ((note)::text ~~ '%(worldwide)%'::text))
                                                                                             Rows Removed by Filter: 849155
                                                                                       ->  Parallel Hash  (cost=254710.16..254710.16 rows=2 width=47) (actual time=2346.044..2346.044 rows=590 loops=3)
                                                                                             Buckets: 2048 (originally 1024)  Batches: 1 (originally 1)  Memory Usage: 216kB
                                                                                             ->  Hash Join  (cost=2.43..254710.16 rows=2 width=47) (actual time=292.120..1128.871 rows=590 loops=3)
                                                                                                   Hash Cond: (mi.info_type_id = it1.id)
                                                                                                   ->  Parallel Seq Scan on movie_info mi  (cost=0.00..254707.25 rows=176 width=51) (actual time=291.991..1128.180 rows=590 loops=3)
                                                                                                         Filter: (((note)::text ~~ '%internet%'::text) AND ((info)::text ~~ 'USA:% 200%'::text))
                                                                                                         Rows Removed by Filter: 4944650
                                                                                                   ->  Hash  (cost=2.41..2.41 rows=1 width=4) (actual time=0.063..0.063 rows=1 loops=3)
                                                                                                         Buckets: 1024  Batches: 1  Memory Usage: 9kB
                                                                                                         ->  Seq Scan on info_type it1  (cost=0.00..2.41 rows=1 width=4) (actual time=0.042..0.053 rows=1 loops=3)
                                                                                                               Filter: ((info)::text = 'release dates'::text)
                                                                                                               Rows Removed by Filter: 112
                                                                     ->  Hash  (cost=1.04..1.04 rows=4 width=4) (actual time=0.060..0.060 rows=4 loops=3)
                                                                           Buckets: 1024  Batches: 1  Memory Usage: 9kB
                                                                           ->  Seq Scan on company_type ct  (cost=0.00..1.04 rows=4 width=4) (actual time=0.032..0.033 rows=4 loops=3)
 Planning Time: 31.884 ms
 Execution Time: 3515.087 ms
(59 rows)

execute /home/pei/Project/benchmarks/imdb_job-postgres/skinner_explained/15b.sql_explained.sql
SET
SET
                                                                                                         QUERY PLAN                                                                                                          
-----------------------------------------------------------------------------------------------------------------------------------------------------------------------------------------------------------------------------
 Finalize Aggregate  (cost=411365.11..411365.12 rows=1 width=64) (actual time=2319.735..2319.735 rows=1 loops=1)
   ->  Gather  (cost=411364.89..411365.10 rows=2 width=64) (actual time=2319.545..2326.919 rows=3 loops=1)
         Workers Planned: 2
         Workers Launched: 2
         ->  Partial Aggregate  (cost=410364.89..410364.90 rows=1 width=64) (actual time=2312.301..2312.302 rows=1 loops=3)
               ->  Parallel Hash Join  (cost=402101.92..410364.87 rows=4 width=60) (actual time=2304.709..2312.276 rows=12 loops=3)
                     Hash Cond: (at.movie_id = t.id)
                     ->  Parallel Seq Scan on aka_title at  (cost=0.00..7698.13 rows=150613 width=4) (actual time=0.232..36.219 rows=120491 loops=3)
                     ->  Parallel Hash  (cost=402101.90..402101.90 rows=2 width=76) (actual time=2259.701..2259.701 rows=50 loops=3)
                           Buckets: 1024  Batches: 1  Memory Usage: 104kB
                           ->  Parallel Hash Join  (cost=147394.15..402101.90 rows=2 width=76) (actual time=1348.248..2259.574 rows=50 loops=3)
                                 Hash Cond: (mi.movie_id = t.id)
                                 ->  Hash Join  (cost=2.43..254710.16 rows=2 width=47) (actual time=296.291..1212.695 rows=590 loops=3)
                                       Hash Cond: (mi.info_type_id = it1.id)
                                       ->  Parallel Seq Scan on movie_info mi  (cost=0.00..254707.25 rows=176 width=51) (actual time=296.154..1211.988 rows=590 loops=3)
                                             Filter: (((note)::text ~~ '%internet%'::text) AND ((info)::text ~~ 'USA:% 200%'::text))
                                             Rows Removed by Filter: 4944650
                                       ->  Hash  (cost=2.41..2.41 rows=1 width=4) (actual time=0.058..0.059 rows=1 loops=3)
                                             Buckets: 1024  Batches: 1  Memory Usage: 9kB
                                             ->  Seq Scan on info_type it1  (cost=0.00..2.41 rows=1 width=4) (actual time=0.037..0.048 rows=1 loops=3)
                                                   Filter: ((info)::text = 'release dates'::text)
                                                   Rows Removed by Filter: 112
                                 ->  Parallel Hash  (cost=147391.71..147391.71 rows=1 width=29) (actual time=1046.540..1046.540 rows=144 loops=3)
                                       Buckets: 1024  Batches: 1  Memory Usage: 104kB
                                       ->  Parallel Hash Join  (cost=143485.50..147391.71 rows=1 width=29) (actual time=1000.147..1046.388 rows=144 loops=3)
                                             Hash Cond: (k.id = mk.keyword_id)
                                             ->  Parallel Index Only Scan using keyword_pkey on keyword k  (cost=0.42..3696.98 rows=55904 width=4) (actual time=0.078..41.216 rows=44723 loops=3)
                                                   Heap Fetches: 134170
                                             ->  Parallel Hash  (cost=143485.07..143485.07 rows=1 width=33) (actual time=999.897..999.898 rows=144 loops=3)
                                                   Buckets: 1024  Batches: 1  Memory Usage: 104kB
                                                   ->  Parallel Hash Join  (cost=93112.71..143485.07 rows=1 width=33) (actual time=569.377..999.731 rows=144 loops=3)
                                                         Hash Cond: (mk.movie_id = t.id)
                                                         ->  Parallel Seq Scan on movie_keyword mk  (cost=0.00..43303.71 rows=1884971 width=8) (actual time=0.011..253.017 rows=1507977 loops=3)
                                                         ->  Parallel Hash  (cost=93112.69..93112.69 rows=1 width=25) (actual time=561.036..561.036 rows=85 loops=3)
                                                               Buckets: 1024  Batches: 1  Memory Usage: 104kB
                                                               ->  Parallel Hash Join  (cost=40186.82..93112.69 rows=1 width=25) (actual time=272.633..560.854 rows=85 loops=3)
                                                                     Hash Cond: (t.id = mc.movie_id)
                                                                     ->  Parallel Seq Scan on title t  (cost=0.00..51799.95 rows=300243 width=21) (actual time=0.032..261.777 rows=238753 loops=3)
                                                                           Filter: ((production_year >= 2005) AND (production_year <= 2010))
                                                                           Rows Removed by Filter: 604018
                                                                     ->  Parallel Hash  (cost=40186.81..40186.81 rows=1 width=4) (actual time=270.635..270.636 rows=93 loops=3)
                                                                           Buckets: 1024  Batches: 1  Memory Usage: 104kB
                                                                           ->  Hash Join  (cost=5069.61..40186.81 rows=1 width=4) (actual time=19.327..270.443 rows=93 loops=3)
                                                                                 Hash Cond: (mc.company_type_id = ct.id)
                                                                                 ->  Parallel Hash Join  (cost=5068.52..40185.72 rows=1 width=8) (actual time=19.213..270.281 rows=93 loops=3)
                                                                                       Hash Cond: (mc.company_id = cn.id)
                                                                                       ->  Parallel Seq Scan on movie_companies mc  (cost=0.00..35097.06 rows=7675 width=12) (actual time=0.070..249.016 rows=20555 loops=3)
                                                                                             Filter: (((note)::text ~~ '%(200%)%'::text) AND ((note)::text ~~ '%(worldwide)%'::text))
                                                                                             Rows Removed by Filter: 849155
                                                                                       ->  Parallel Hash  (cost=5068.50..5068.50 rows=1 width=4) (actual time=17.884..17.884 rows=0 loops=3)
                                                                                             Buckets: 1024  Batches: 1  Memory Usage: 40kB
                                                                                             ->  Parallel Seq Scan on company_name cn  (cost=0.00..5068.50 rows=1 width=4) (actual time=12.468..17.853 rows=0 loops=3)
                                                                                                   Filter: (((country_code)::text = '[us]'::text) AND ((name)::text = 'YouTube'::text))
                                                                                                   Rows Removed by Filter: 78332
                                                                                 ->  Hash  (cost=1.04..1.04 rows=4 width=4) (actual time=0.058..0.058 rows=4 loops=3)
                                                                                       Buckets: 1024  Batches: 1  Memory Usage: 9kB
                                                                                       ->  Seq Scan on company_type ct  (cost=0.00..1.04 rows=4 width=4) (actual time=0.033..0.034 rows=4 loops=3)
 Planning Time: 31.903 ms
 Execution Time: 2327.721 ms
(59 rows)

execute /home/pei/Project/benchmarks/imdb_job-postgres/skinner_explained/15c.sql_explained.sql
SET
SET
                                                                                                                            QUERY PLAN                                                                                                                            
------------------------------------------------------------------------------------------------------------------------------------------------------------------------------------------------------------------------------------------------------------------
 Finalize Aggregate  (cost=424524.77..424524.78 rows=1 width=64) (actual time=3740.360..3740.360 rows=1 loops=1)
   ->  Gather  (cost=424524.55..424524.76 rows=2 width=64) (actual time=3739.958..3746.770 rows=3 loops=1)
         Workers Planned: 2
         Workers Launched: 2
         ->  Partial Aggregate  (cost=423524.55..423524.56 rows=1 width=64) (actual time=3732.602..3732.602 rows=1 loops=3)
               ->  Parallel Hash Join  (cost=419547.77..423524.17 rows=76 width=60) (actual time=3685.929..3732.203 rows=757 loops=3)
                     Hash Cond: (k.id = mk.keyword_id)
                     ->  Parallel Index Only Scan using keyword_pkey on keyword k  (cost=0.42..3696.98 rows=55904 width=4) (actual time=0.079..40.957 rows=44723 loops=3)
                           Heap Fetches: 134170
                     ->  Parallel Hash  (cost=419546.40..419546.40 rows=76 width=64) (actual time=3685.151..3685.151 rows=757 loops=3)
                           Buckets: 4096 (originally 1024)  Batches: 1 (originally 1)  Memory Usage: 312kB
                           ->  Parallel Hash Join  (cost=369174.02..419546.40 rows=76 width=64) (actual time=3152.064..3566.322 rows=757 loops=3)
                                 Hash Cond: (mk.movie_id = t.id)
                                 ->  Parallel Seq Scan on movie_keyword mk  (cost=0.00..43303.71 rows=1884971 width=8) (actual time=0.017..250.711 rows=1507977 loops=3)
                                 ->  Parallel Hash  (cost=369173.97..369173.97 rows=4 width=76) (actual time=3131.850..3131.850 rows=95 loops=3)
                                       Buckets: 1024  Batches: 1  Memory Usage: 104kB
                                       ->  Hash Join  (cost=364262.66..369173.97 rows=4 width=76) (actual time=3110.910..3131.724 rows=95 loops=3)
                                             Hash Cond: (mc.company_type_id = ct.id)
                                             ->  Parallel Hash Join  (cost=364261.57..369172.86 rows=4 width=80) (actual time=3110.791..3131.567 rows=95 loops=3)
                                                   Hash Cond: (cn.id = mc.company_id)
                                                   ->  Parallel Seq Scan on company_name cn  (cost=0.00..4722.92 rows=50229 width=4) (actual time=0.008..18.051 rows=28281 loops=3)
                                                         Filter: ((country_code)::text = '[us]'::text)
                                                         Rows Removed by Filter: 50051
                                                   ->  Parallel Hash  (cost=364261.48..364261.48 rows=7 width=84) (actual time=3110.377..3110.377 rows=133 loops=3)
                                                         Buckets: 1024  Batches: 1  Memory Usage: 104kB
                                                         ->  Parallel Hash Join  (cost=330523.34..364261.48 rows=7 width=84) (actual time=2848.646..3110.185 rows=133 loops=3)
                                                               Hash Cond: (mc.movie_id = t.id)
                                                               ->  Parallel Seq Scan on movie_companies mc  (cost=0.00..29661.37 rows=1087137 width=12) (actual time=0.041..155.967 rows=869710 loops=3)
                                                               ->  Parallel Hash  (cost=330523.33..330523.33 rows=1 width=72) (actual time=2846.030..2846.030 rows=40 loops=3)
                                                                     Buckets: 1024  Batches: 1  Memory Usage: 104kB
                                                                     ->  Parallel Hash Join  (cost=278615.36..330523.33 rows=1 width=72) (actual time=2550.793..2845.914 rows=40 loops=3)
                                                                           Hash Cond: (t.id = at.movie_id)
                                                                           ->  Parallel Seq Scan on title t  (cost=0.00..49166.29 rows=731112 width=21) (actual time=0.027..273.596 rows=583011 loops=3)
                                                                                 Filter: (production_year > 1990)
                                                                                 Rows Removed by Filter: 259760
                                                                           ->  Parallel Hash  (cost=278615.33..278615.33 rows=2 width=51) (actual time=2511.922..2511.922 rows=40 loops=3)
                                                                                 Buckets: 1024  Batches: 1  Memory Usage: 104kB
                                                                                 ->  Parallel Hash Join  (cost=270164.12..278615.33 rows=2 width=51) (actual time=2457.546..2511.806 rows=40 loops=3)
                                                                                       Hash Cond: (at.movie_id = mi.movie_id)
                                                                                       ->  Parallel Seq Scan on aka_title at  (cost=0.00..7698.13 rows=150613 width=4) (actual time=0.038..36.414 rows=120491 loops=3)
                                                                                       ->  Parallel Hash  (cost=270164.10..270164.10 rows=2 width=47) (actual time=2456.807..2456.807 rows=594 loops=3)
                                                                                             Buckets: 2048 (originally 1024)  Batches: 1 (originally 1)  Memory Usage: 216kB
                                                                                             ->  Hash Join  (cost=2.43..270164.10 rows=2 width=47) (actual time=299.510..1174.411 rows=594 loops=3)
                                                                                                   Hash Cond: (mi.info_type_id = it1.id)
                                                                                                   ->  Parallel Seq Scan on movie_info mi  (cost=0.00..270161.12 rows=200 width=51) (actual time=299.379..1173.700 rows=594 loops=3)
                                                                                                         Filter: ((info IS NOT NULL) AND ((note)::text ~~ '%internet%'::text) AND (((info)::text ~~ 'USA:% 199%'::text) OR ((info)::text ~~ 'USA:% 200%'::text)))
                                                                                                         Rows Removed by Filter: 4944646
                                                                                                   ->  Hash  (cost=2.41..2.41 rows=1 width=4) (actual time=0.058..0.058 rows=1 loops=3)
                                                                                                         Buckets: 1024  Batches: 1  Memory Usage: 9kB
                                                                                                         ->  Seq Scan on info_type it1  (cost=0.00..2.41 rows=1 width=4) (actual time=0.036..0.047 rows=1 loops=3)
                                                                                                               Filter: ((info)::text = 'release dates'::text)
                                                                                                               Rows Removed by Filter: 112
                                             ->  Hash  (cost=1.04..1.04 rows=4 width=4) (actual time=0.058..0.058 rows=4 loops=3)
                                                   Buckets: 1024  Batches: 1  Memory Usage: 9kB
                                                   ->  Seq Scan on company_type ct  (cost=0.00..1.04 rows=4 width=4) (actual time=0.033..0.034 rows=4 loops=3)
 Planning Time: 30.995 ms
 Execution Time: 3747.606 ms
(57 rows)

execute /home/pei/Project/benchmarks/imdb_job-postgres/skinner_explained/15d.sql_explained.sql
SET
SET
                                                                                                          QUERY PLAN                                                                                                           
-------------------------------------------------------------------------------------------------------------------------------------------------------------------------------------------------------------------------------
 Finalize Aggregate  (cost=397267.91..397267.92 rows=1 width=64) (actual time=2570.410..2570.410 rows=1 loops=1)
   ->  Gather  (cost=397267.69..397267.90 rows=2 width=64) (actual time=2569.248..2576.815 rows=3 loops=1)
         Workers Planned: 2
         Workers Launched: 2
         ->  Partial Aggregate  (cost=396267.69..396267.70 rows=1 width=64) (actual time=2561.916..2561.917 rows=1 loops=3)
               ->  Parallel Hash Join  (cost=345880.45..396258.32 rows=1873 width=38) (actual time=2115.763..2560.695 rows=3782 loops=3)
                     Hash Cond: (mk.keyword_id = k.id)
                     ->  Parallel Hash Join  (cost=341484.68..391857.62 rows=1873 width=42) (actual time=2047.498..2490.491 rows=3782 loops=3)
                           Hash Cond: (mk.movie_id = t.id)
                           ->  Parallel Seq Scan on movie_keyword mk  (cost=0.00..43303.71 rows=1884971 width=8) (actual time=0.030..255.291 rows=1507977 loops=3)
                           ->  Parallel Hash  (cost=341483.66..341483.66 rows=81 width=54) (actual time=2043.305..2043.305 rows=292 loops=3)
                                 Buckets: 1024  Batches: 1  Memory Usage: 136kB
                                 ->  Hash Join  (cost=336383.26..341483.66 rows=81 width=54) (actual time=2021.050..2042.958 rows=292 loops=3)
                                       Hash Cond: (mc.company_type_id = ct.id)
                                       ->  Parallel Hash Join  (cost=336382.17..341482.14 rows=81 width=58) (actual time=2020.943..2042.735 rows=292 loops=3)
                                             Hash Cond: (cn.id = mc.company_id)
                                             ->  Parallel Seq Scan on company_name cn  (cost=0.00..4722.92 rows=50229 width=4) (actual time=0.008..18.084 rows=28281 loops=3)
                                                   Filter: ((country_code)::text = '[us]'::text)
                                                   Rows Removed by Filter: 50051
                                             ->  Parallel Hash  (cost=336380.22..336380.22 rows=156 width=62) (actual time=2020.822..2020.822 rows=700 loops=3)
                                                   Buckets: 2048 (originally 1024)  Batches: 1 (originally 1)  Memory Usage: 312kB
                                                   ->  Parallel Hash Join  (cost=302641.96..336380.22 rows=156 width=62) (actual time=1719.189..1990.256 rows=700 loops=3)
                                                         Hash Cond: (mc.movie_id = t.id)
                                                         ->  Parallel Seq Scan on movie_companies mc  (cost=0.00..29661.37 rows=1087137 width=12) (actual time=0.136..156.289 rows=869710 loops=3)
                                                         ->  Parallel Hash  (cost=302641.58..302641.58 rows=30 width=50) (actual time=1717.951..1717.951 rows=195 loops=3)
                                                               Buckets: 1024  Batches: 1  Memory Usage: 104kB
                                                               ->  Parallel Hash Join  (cost=250733.50..302641.58 rows=30 width=50) (actual time=1380.063..1717.629 rows=195 loops=3)
                                                                     Hash Cond: (t.id = at.movie_id)
                                                                     ->  Parallel Seq Scan on title t  (cost=0.00..49166.29 rows=731112 width=21) (actual time=0.022..274.527 rows=583011 loops=3)
                                                                           Filter: (production_year > 1990)
                                                                           Rows Removed by Filter: 259760
                                                                     ->  Parallel Hash  (cost=250732.96..250732.96 rows=43 width=29) (actual time=1377.782..1377.783 rows=197 loops=3)
                                                                           Buckets: 1024  Batches: 1  Memory Usage: 104kB
                                                                           ->  Parallel Hash Join  (cost=239269.32..250732.96 rows=43 width=29) (actual time=1321.694..1377.416 rows=197 loops=3)
                                                                                 Hash Cond: (at.movie_id = mi.movie_id)
                                                                                 ->  Parallel Seq Scan on aka_title at  (cost=0.00..7698.13 rows=150613 width=25) (actual time=0.044..36.383 rows=120491 loops=3)
                                                                                 ->  Parallel Hash  (cost=239268.80..239268.80 rows=42 width=4) (actual time=1320.278..1320.278 rows=3560 loops=3)
                                                                                       Buckets: 16384 (originally 1024)  Batches: 1 (originally 1)  Memory Usage: 760kB
                                                                                       ->  Hash Join  (cost=2.43..239268.80 rows=42 width=4) (actual time=300.189..1225.488 rows=3560 loops=3)
                                                                                             Hash Cond: (mi.info_type_id = it1.id)
                                                                                             ->  Parallel Seq Scan on movie_info mi  (cost=0.00..239253.38 rows=4774 width=8) (actual time=48.498..1222.823 rows=3603 loops=3)
                                                                                                   Filter: ((note)::text ~~ '%internet%'::text)
                                                                                                   Rows Removed by Filter: 4941637
                                                                                             ->  Hash  (cost=2.41..2.41 rows=1 width=4) (actual time=0.055..0.056 rows=1 loops=3)
                                                                                                   Buckets: 1024  Batches: 1  Memory Usage: 9kB
                                                                                                   ->  Seq Scan on info_type it1  (cost=0.00..2.41 rows=1 width=4) (actual time=0.034..0.044 rows=1 loops=3)
                                                                                                         Filter: ((info)::text = 'release dates'::text)
                                                                                                         Rows Removed by Filter: 112
                                       ->  Hash  (cost=1.04..1.04 rows=4 width=4) (actual time=0.046..0.046 rows=4 loops=3)
                                             Buckets: 1024  Batches: 1  Memory Usage: 9kB
                                             ->  Seq Scan on company_type ct  (cost=0.00..1.04 rows=4 width=4) (actual time=0.026..0.027 rows=4 loops=3)
                     ->  Parallel Hash  (cost=3696.98..3696.98 rows=55904 width=4) (actual time=66.183..66.183 rows=44723 loops=3)
                           Buckets: 262144  Batches: 1  Memory Usage: 7328kB
                           ->  Parallel Index Only Scan using keyword_pkey on keyword k  (cost=0.42..3696.98 rows=55904 width=4) (actual time=0.058..43.041 rows=44723 loops=3)
                                 Heap Fetches: 134170
 Planning Time: 31.217 ms
 Execution Time: 2577.626 ms
(57 rows)

execute /home/pei/Project/benchmarks/imdb_job-postgres/skinner_explained/16a.sql_explained.sql
SET
SET
                                                                                                       QUERY PLAN                                                                                                        
-------------------------------------------------------------------------------------------------------------------------------------------------------------------------------------------------------------------------
 Finalize Aggregate  (cost=683598.14..683598.15 rows=1 width=64) (actual time=6031.457..6031.457 rows=1 loops=1)
   ->  Gather  (cost=683597.92..683598.13 rows=2 width=64) (actual time=6030.374..6037.329 rows=3 loops=1)
         Workers Planned: 2
         Workers Launched: 2
         ->  Partial Aggregate  (cost=682597.92..682597.93 rows=1 width=64) (actual time=6023.354..6023.354 rows=1 loops=3)
               ->  Parallel Hash Join  (cost=666037.80..682597.77 rows=31 width=33) (actual time=5911.030..6023.225 rows=128 loops=3)
                     Hash Cond: (an.person_id = n.id)
                     ->  Parallel Seq Scan on aka_name an  (cost=0.00..15151.60 rows=375560 width=20) (actual time=0.057..75.076 rows=300448 loops=3)
                     ->  Parallel Hash  (cost=666037.56..666037.56 rows=19 width=25) (actual time=5907.639..5907.639 rows=108 loops=3)
                           Buckets: 1024  Batches: 1  Memory Usage: 104kB
                           ->  Parallel Hash Join  (cost=661126.21..666037.56 rows=19 width=25) (actual time=5889.526..5907.513 rows=108 loops=3)
                                 Hash Cond: (cn.id = mc.company_id)
                                 ->  Parallel Seq Scan on company_name cn  (cost=0.00..4722.92 rows=50229 width=4) (actual time=0.008..18.109 rows=28281 loops=3)
                                       Filter: ((country_code)::text = '[us]'::text)
                                       Rows Removed by Filter: 50051
                                 ->  Parallel Hash  (cost=661125.74..661125.74 rows=37 width=29) (actual time=5886.315..5886.315 rows=363 loops=3)
                                       Buckets: 1024  Batches: 1  Memory Usage: 136kB
                                       ->  Parallel Hash Join  (cost=627387.45..661125.74 rows=37 width=29) (actual time=5614.765..5886.108 rows=363 loops=3)
                                             Hash Cond: (mc.movie_id = ci.movie_id)
                                             ->  Parallel Seq Scan on movie_companies mc  (cost=0.00..29661.37 rows=1087137 width=8) (actual time=0.036..158.579 rows=869710 loops=3)
                                             ->  Parallel Hash  (cost=627387.27..627387.27 rows=14 width=37) (actual time=5608.782..5608.782 rows=391 loops=3)
                                                   Buckets: 1024  Batches: 1  Memory Usage: 136kB
                                                   ->  Parallel Hash Join  (cost=547897.96..627387.27 rows=14 width=37) (actual time=5028.060..5608.288 rows=391 loops=3)
                                                         Hash Cond: (n.id = ci.person_id)
                                                         ->  Parallel Seq Scan on name n  (cost=0.00..72977.55 rows=1736455 width=4) (actual time=0.229..382.991 rows=1389164 loops=3)
                                                         ->  Parallel Hash  (cost=547897.79..547897.79 rows=14 width=33) (actual time=5024.236..5024.236 rows=391 loops=3)
                                                               Buckets: 1024  Batches: 1  Memory Usage: 136kB
                                                               ->  Parallel Hash Join  (cost=103031.36..547897.79 rows=14 width=33) (actual time=791.152..5023.163 rows=391 loops=3)
                                                                     Hash Cond: (ci.movie_id = mk.movie_id)
                                                                     ->  Parallel Hash Join  (cost=52153.14..495500.56 rows=405052 width=29) (actual time=272.620..4435.248 rows=388676 loops=3)
                                                                           Hash Cond: (ci.movie_id = t.id)
                                                                           ->  Parallel Seq Scan on cast_info ci  (cost=0.00..403705.10 rows=15101810 width=8) (actual time=0.437..2189.327 rows=12081448 loops=3)
                                                                           ->  Parallel Hash  (cost=51799.95..51799.95 rows=28255 width=21) (actual time=271.008..271.008 rows=22748 loops=3)
                                                                                 Buckets: 131072  Batches: 1  Memory Usage: 4704kB
                                                                                 ->  Parallel Seq Scan on title t  (cost=0.00..51799.95 rows=28255 width=21) (actual time=0.024..252.070 rows=22748 loops=3)
                                                                                       Filter: ((episode_nr >= 50) AND (episode_nr < 100))
                                                                                       Rows Removed by Filter: 820022
                                                                     ->  Parallel Hash  (cost=50878.05..50878.05 rows=14 width=4) (actual time=509.463..509.463 rows=13947 loops=3)
                                                                           Buckets: 65536 (originally 1024)  Batches: 1 (originally 1)  Memory Usage: 2680kB
                                                                           ->  Hash Join  (cost=2626.14..50878.05 rows=14 width=4) (actual time=18.912..458.388 rows=13947 loops=3)
                                                                                 Hash Cond: (mk.keyword_id = k.id)
                                                                                 ->  Parallel Seq Scan on movie_keyword mk  (cost=0.00..43303.71 rows=1884971 width=8) (actual time=0.043..252.466 rows=1507977 loops=3)
                                                                                 ->  Hash  (cost=2626.12..2626.12 rows=1 width=4) (actual time=18.778..18.778 rows=1 loops=3)
                                                                                       Buckets: 1024  Batches: 1  Memory Usage: 9kB
                                                                                       ->  Seq Scan on keyword k  (cost=0.00..2626.12 rows=1 width=4) (actual time=0.812..18.760 rows=1 loops=3)
                                                                                             Filter: ((keyword)::text = 'character-name-in-title'::text)
                                                                                             Rows Removed by Filter: 134169
 Planning Time: 15.105 ms
 Execution Time: 6038.037 ms
(49 rows)

execute /home/pei/Project/benchmarks/imdb_job-postgres/skinner_explained/16b.sql_explained.sql
SET
SET
                                                                                                          QUERY PLAN                                                                                                           
-------------------------------------------------------------------------------------------------------------------------------------------------------------------------------------------------------------------------------
 Finalize Aggregate  (cost=697874.98..697874.99 rows=1 width=64) (actual time=10021.686..10021.687 rows=1 loops=1)
   ->  Gather  (cost=697874.76..697874.97 rows=2 width=64) (actual time=10014.177..10338.793 rows=3 loops=1)
         Workers Planned: 2
         Workers Launched: 2
         ->  Partial Aggregate  (cost=696874.76..696874.77 rows=1 width=64) (actual time=10007.071..10007.072 rows=1 loops=3)
               ->  Parallel Hash Join  (cost=617374.97..696869.01 rows=1150 width=33) (actual time=8753.238..9663.711 rows=1236864 loops=3)
                     Hash Cond: (n.id = an.person_id)
                     ->  Parallel Seq Scan on name n  (cost=0.00..72977.55 rows=1736455 width=4) (actual time=0.051..391.418 rows=1389164 loops=3)
                     ->  Parallel Hash  (cost=617360.59..617360.59 rows=1150 width=41) (actual time=7803.281..7803.281 rows=1236864 loops=3)
                           Buckets: 65536 (originally 4096)  Batches: 64 (originally 1)  Memory Usage: 6368kB
                           ->  Parallel Hash Join  (cost=600795.85..617360.59 rows=1150 width=41) (actual time=6790.973..7267.699 rows=1236864 loops=3)
                                 Hash Cond: (an.person_id = ci.person_id)
                                 ->  Parallel Seq Scan on aka_name an  (cost=0.00..15151.60 rows=375560 width=20) (actual time=0.043..79.963 rows=300448 loops=3)
                                 ->  Parallel Hash  (cost=600789.59..600789.59 rows=501 width=21) (actual time=6576.559..6576.559 rows=944185 loops=3)
                                       Buckets: 65536 (originally 2048)  Batches: 64 (originally 1)  Memory Usage: 3456kB
                                       ->  Parallel Hash Join  (cost=140451.09..600789.59 rows=501 width=21) (actual time=1391.138..5914.477 rows=944185 loops=3)
                                             Hash Cond: (ci.movie_id = t.id)
                                             ->  Parallel Seq Scan on cast_info ci  (cost=0.00..403705.10 rows=15101810 width=8) (actual time=0.041..2342.813 rows=12081448 loops=3)
                                             ->  Parallel Hash  (cost=140450.75..140450.75 rows=27 width=29) (actual time=1390.970..1390.970 rows=22772 loops=3)
                                                   Buckets: 131072 (originally 1024)  Batches: 1 (originally 1)  Memory Usage: 6776kB
                                                   ->  Parallel Hash Join  (cost=106712.36..140450.75 rows=27 width=29) (actual time=1008.912..1346.642 rows=22772 loops=3)
                                                         Hash Cond: (mc.company_id = cn.id)
                                                         ->  Parallel Hash Join  (cost=101361.58..135099.77 rows=74 width=33) (actual time=970.392..1291.015 rows=49517 loops=3)
                                                               Hash Cond: (mc.movie_id = t.id)
                                                               ->  Parallel Seq Scan on movie_companies mc  (cost=0.00..29661.37 rows=1087137 width=8) (actual time=0.030..170.424 rows=869710 loops=3)
                                                               ->  Parallel Hash  (cost=101361.41..101361.41 rows=14 width=25) (actual time=969.995..969.995 rows=13947 loops=3)
                                                                     Buckets: 65536 (originally 1024)  Batches: 1 (originally 1)  Memory Usage: 3800kB
                                                                     ->  Parallel Hash Join  (cost=50878.23..101361.41 rows=14 width=25) (actual time=534.455..902.538 rows=13947 loops=3)
                                                                           Hash Cond: (t.id = mk.movie_id)
                                                                           ->  Parallel Seq Scan on title t  (cost=0.00..46532.63 rows=1053463 width=21) (actual time=0.022..222.121 rows=842771 loops=3)
                                                                           ->  Parallel Hash  (cost=50878.05..50878.05 rows=14 width=4) (actual time=534.113..534.113 rows=13947 loops=3)
                                                                                 Buckets: 65536 (originally 1024)  Batches: 1 (originally 1)  Memory Usage: 2680kB
                                                                                 ->  Hash Join  (cost=2626.14..50878.05 rows=14 width=4) (actual time=20.403..467.804 rows=13947 loops=3)
                                                                                       Hash Cond: (mk.keyword_id = k.id)
                                                                                       ->  Parallel Seq Scan on movie_keyword mk  (cost=0.00..43303.71 rows=1884971 width=8) (actual time=0.059..260.964 rows=1507977 loops=3)
                                                                                       ->  Hash  (cost=2626.12..2626.12 rows=1 width=4) (actual time=20.104..20.105 rows=1 loops=3)
                                                                                             Buckets: 1024  Batches: 1  Memory Usage: 9kB
                                                                                             ->  Seq Scan on keyword k  (cost=0.00..2626.12 rows=1 width=4) (actual time=0.847..20.092 rows=1 loops=3)
                                                                                                   Filter: ((keyword)::text = 'character-name-in-title'::text)
                                                                                                   Rows Removed by Filter: 134169
                                                         ->  Parallel Hash  (cost=4722.92..4722.92 rows=50229 width=4) (actual time=37.563..37.563 rows=28281 loops=3)
                                                               Buckets: 131072  Batches: 1  Memory Usage: 4416kB
                                                               ->  Parallel Seq Scan on company_name cn  (cost=0.00..4722.92 rows=50229 width=4) (actual time=0.023..21.463 rows=28281 loops=3)
                                                                     Filter: ((country_code)::text = '[us]'::text)
                                                                     Rows Removed by Filter: 50051
 Planning Time: 14.344 ms
 Execution Time: 10340.767 ms
(47 rows)

execute /home/pei/Project/benchmarks/imdb_job-postgres/skinner_explained/16c.sql_explained.sql
SET
SET
                                                                                                          QUERY PLAN                                                                                                           
-------------------------------------------------------------------------------------------------------------------------------------------------------------------------------------------------------------------------------
 Finalize Aggregate  (cost=698025.50..698025.51 rows=1 width=64) (actual time=7273.917..7273.917 rows=1 loops=1)
   ->  Gather  (cost=698025.28..698025.49 rows=2 width=64) (actual time=7268.961..7405.336 rows=3 loops=1)
         Workers Planned: 2
         Workers Launched: 2
         ->  Partial Aggregate  (cost=697025.28..697025.29 rows=1 width=64) (actual time=7261.996..7261.997 rows=1 loops=3)
               ->  Parallel Hash Join  (cost=617532.05..697023.11 rows=434 width=33) (actual time=6843.355..7229.509 rows=106644 loops=3)
                     Hash Cond: (n.id = an.person_id)
                     ->  Parallel Seq Scan on name n  (cost=0.00..72977.55 rows=1736455 width=4) (actual time=0.054..387.595 rows=1389164 loops=3)
                     ->  Parallel Hash  (cost=617526.63..617526.63 rows=434 width=41) (actual time=5936.171..5936.171 rows=106644 loops=3)
                           Buckets: 65536 (originally 2048)  Batches: 8 (originally 1)  Memory Usage: 4256kB
                           ->  Parallel Hash Join  (cost=600964.87..617526.63 rows=434 width=41) (actual time=5749.020..5859.829 rows=106644 loops=3)
                                 Hash Cond: (an.person_id = ci.person_id)
                                 ->  Parallel Seq Scan on aka_name an  (cost=0.00..15151.60 rows=375560 width=20) (actual time=0.038..76.079 rows=300448 loops=3)
                                 ->  Parallel Hash  (cost=600962.51..600962.51 rows=189 width=21) (actual time=5557.272..5557.272 rows=73870 loops=3)
                                       Buckets: 65536 (originally 1024)  Batches: 8 (originally 1)  Memory Usage: 2368kB
                                       ->  Parallel Hash Join  (cost=140625.02..600962.51 rows=189 width=21) (actual time=1287.870..5385.008 rows=73870 loops=3)
                                             Hash Cond: (ci.movie_id = t.id)
                                             ->  Parallel Seq Scan on cast_info ci  (cost=0.00..403705.10 rows=15101810 width=8) (actual time=0.052..2193.799 rows=12081448 loops=3)
                                             ->  Parallel Hash  (cost=140624.89..140624.89 rows=10 width=29) (actual time=1287.586..1287.586 rows=2846 loops=3)
                                                   Buckets: 8192 (originally 1024)  Batches: 1 (originally 1)  Memory Usage: 760kB
                                                   ->  Parallel Hash Join  (cost=106886.67..140624.89 rows=10 width=29) (actual time=926.497..1211.390 rows=2846 loops=3)
                                                         Hash Cond: (mc.company_id = cn.id)
                                                         ->  Parallel Hash Join  (cost=101535.88..135274.04 rows=28 width=33) (actual time=891.529..1174.741 rows=3802 loops=3)
                                                               Hash Cond: (mc.movie_id = t.id)
                                                               ->  Parallel Seq Scan on movie_companies mc  (cost=0.00..29661.37 rows=1087137 width=8) (actual time=0.541..157.522 rows=869710 loops=3)
                                                               ->  Parallel Hash  (cost=101535.82..101535.82 rows=5 width=25) (actual time=890.040..890.040 rows=2309 loops=3)
                                                                     Buckets: 8192 (originally 1024)  Batches: 1 (originally 1)  Memory Usage: 568kB
                                                                     ->  Parallel Hash Join  (cost=50878.23..101535.82 rows=5 width=25) (actual time=521.277..830.479 rows=2309 loops=3)
                                                                           Hash Cond: (t.id = mk.movie_id)
                                                                           ->  Parallel Seq Scan on title t  (cost=0.00..49166.29 rows=397676 width=21) (actual time=0.022..263.700 rows=315635 loops=3)
                                                                                 Filter: (episode_nr < 100)
                                                                                 Rows Removed by Filter: 527135
                                                                           ->  Parallel Hash  (cost=50878.05..50878.05 rows=14 width=4) (actual time=521.056..521.056 rows=13947 loops=3)
                                                                                 Buckets: 65536 (originally 1024)  Batches: 1 (originally 1)  Memory Usage: 2680kB
                                                                                 ->  Hash Join  (cost=2626.14..50878.05 rows=14 width=4) (actual time=19.692..459.294 rows=13947 loops=3)
                                                                                       Hash Cond: (mk.keyword_id = k.id)
                                                                                       ->  Parallel Seq Scan on movie_keyword mk  (cost=0.00..43303.71 rows=1884971 width=8) (actual time=0.094..253.131 rows=1507977 loops=3)
                                                                                       ->  Hash  (cost=2626.12..2626.12 rows=1 width=4) (actual time=19.496..19.497 rows=1 loops=3)
                                                                                             Buckets: 1024  Batches: 1  Memory Usage: 9kB
                                                                                             ->  Seq Scan on keyword k  (cost=0.00..2626.12 rows=1 width=4) (actual time=0.816..19.485 rows=1 loops=3)
                                                                                                   Filter: ((keyword)::text = 'character-name-in-title'::text)
                                                                                                   Rows Removed by Filter: 134169
                                                         ->  Parallel Hash  (cost=4722.92..4722.92 rows=50229 width=4) (actual time=34.067..34.067 rows=28281 loops=3)
                                                               Buckets: 131072  Batches: 1  Memory Usage: 4416kB
                                                               ->  Parallel Seq Scan on company_name cn  (cost=0.00..4722.92 rows=50229 width=4) (actual time=0.029..20.214 rows=28281 loops=3)
                                                                     Filter: ((country_code)::text = '[us]'::text)
                                                                     Rows Removed by Filter: 50051
 Planning Time: 14.143 ms
 Execution Time: 7406.153 ms
(49 rows)

execute /home/pei/Project/benchmarks/imdb_job-postgres/skinner_explained/16d.sql_explained.sql
SET
SET
                                                                                                          QUERY PLAN                                                                                                           
-------------------------------------------------------------------------------------------------------------------------------------------------------------------------------------------------------------------------------
 Finalize Aggregate  (cost=700256.85..700256.86 rows=1 width=64) (actual time=7274.034..7274.035 rows=1 loops=1)
   ->  Gather  (cost=700256.63..700256.84 rows=2 width=64) (actual time=7269.917..7395.679 rows=3 loops=1)
         Workers Planned: 2
         Workers Launched: 2
         ->  Partial Aggregate  (cost=699256.63..699256.64 rows=1 width=64) (actual time=7262.673..7262.673 rows=1 loops=3)
               ->  Parallel Hash Join  (cost=619764.46..699255.04 rows=318 width=33) (actual time=6860.493..7237.212 rows=83152 loops=3)
                     Hash Cond: (n.id = an.person_id)
                     ->  Parallel Seq Scan on name n  (cost=0.00..72977.55 rows=1736455 width=4) (actual time=0.996..386.865 rows=1389164 loops=3)
                     ->  Parallel Hash  (cost=619760.48..619760.48 rows=318 width=41) (actual time=5956.818..5956.818 rows=83152 loops=3)
                           Buckets: 65536 (originally 1024)  Batches: 8 (originally 1)  Memory Usage: 3424kB
                           ->  Parallel Hash Join  (cost=603199.22..619760.48 rows=318 width=41) (actual time=5787.248..5890.136 rows=83152 loops=3)
                                 Hash Cond: (an.person_id = ci.person_id)
                                 ->  Parallel Seq Scan on aka_name an  (cost=0.00..15151.60 rows=375560 width=20) (actual time=0.040..76.303 rows=300448 loops=3)
                                 ->  Parallel Hash  (cost=603197.49..603197.49 rows=138 width=21) (actual time=5596.459..5596.459 rows=56424 loops=3)
                                       Buckets: 65536 (originally 1024)  Batches: 8 (originally 1)  Memory Usage: 1920kB
                                       ->  Parallel Hash Join  (cost=142860.13..603197.49 rows=138 width=21) (actual time=1411.917..5410.365 rows=56424 loops=3)
                                             Hash Cond: (ci.movie_id = t.id)
                                             ->  Parallel Seq Scan on cast_info ci  (cost=0.00..403705.10 rows=15101810 width=8) (actual time=0.380..2195.348 rows=12081448 loops=3)
                                             ->  Parallel Hash  (cost=142860.03..142860.03 rows=8 width=29) (actual time=1411.107..1411.107 rows=2255 loops=3)
                                                   Buckets: 8192 (originally 1024)  Batches: 1 (originally 1)  Memory Usage: 632kB
                                                   ->  Parallel Hash Join  (cost=109121.82..142860.03 rows=8 width=29) (actual time=1087.259..1368.892 rows=2255 loops=3)
                                                         Hash Cond: (mc.company_id = cn.id)
                                                         ->  Parallel Hash Join  (cost=103771.04..137509.19 rows=20 width=33) (actual time=1052.346..1332.622 rows=2887 loops=3)
                                                               Hash Cond: (mc.movie_id = t.id)
                                                               ->  Parallel Seq Scan on movie_companies mc  (cost=0.00..29661.37 rows=1087137 width=8) (actual time=0.632..159.371 rows=869710 loops=3)
                                                               ->  Parallel Hash  (cost=103770.99..103770.99 rows=4 width=25) (actual time=1050.664..1050.664 rows=1795 loops=3)
                                                                     Buckets: 8192 (originally 1024)  Batches: 1 (originally 1)  Memory Usage: 536kB
                                                                     ->  Parallel Hash Join  (cost=50878.23..103770.99 rows=4 width=25) (actual time=524.040..816.437 rows=1795 loops=3)
                                                                           Hash Cond: (t.id = mk.movie_id)
                                                                           ->  Parallel Seq Scan on title t  (cost=0.00..51799.95 rows=291411 width=21) (actual time=0.023..257.116 rows=230852 loops=3)
                                                                                 Filter: ((episode_nr >= 5) AND (episode_nr < 100))
                                                                                 Rows Removed by Filter: 611919
                                                                           ->  Parallel Hash  (cost=50878.05..50878.05 rows=14 width=4) (actual time=523.757..523.757 rows=13947 loops=3)
                                                                                 Buckets: 65536 (originally 1024)  Batches: 1 (originally 1)  Memory Usage: 2680kB
                                                                                 ->  Hash Join  (cost=2626.14..50878.05 rows=14 width=4) (actual time=19.560..462.134 rows=13947 loops=3)
                                                                                       Hash Cond: (mk.keyword_id = k.id)
                                                                                       ->  Parallel Seq Scan on movie_keyword mk  (cost=0.00..43303.71 rows=1884971 width=8) (actual time=0.073..256.603 rows=1507977 loops=3)
                                                                                       ->  Hash  (cost=2626.12..2626.12 rows=1 width=4) (actual time=19.388..19.388 rows=1 loops=3)
                                                                                             Buckets: 1024  Batches: 1  Memory Usage: 9kB
                                                                                             ->  Seq Scan on keyword k  (cost=0.00..2626.12 rows=1 width=4) (actual time=0.821..19.376 rows=1 loops=3)
                                                                                                   Filter: ((keyword)::text = 'character-name-in-title'::text)
                                                                                                   Rows Removed by Filter: 134169
                                                         ->  Parallel Hash  (cost=4722.92..4722.92 rows=50229 width=4) (actual time=34.090..34.090 rows=28281 loops=3)
                                                               Buckets: 131072  Batches: 1  Memory Usage: 4416kB
                                                               ->  Parallel Seq Scan on company_name cn  (cost=0.00..4722.92 rows=50229 width=4) (actual time=0.023..20.306 rows=28281 loops=3)
                                                                     Filter: ((country_code)::text = '[us]'::text)
                                                                     Rows Removed by Filter: 50051
 Planning Time: 14.295 ms
 Execution Time: 7396.375 ms
(49 rows)

execute /home/pei/Project/benchmarks/imdb_job-postgres/skinner_explained/17a.sql_explained.sql
SET
SET
                                                                                                    QUERY PLAN                                                                                                     
-------------------------------------------------------------------------------------------------------------------------------------------------------------------------------------------------------------------
 Finalize Aggregate  (cost=680693.62..680693.63 rows=1 width=64) (actual time=7256.271..7256.271 rows=1 loops=1)
   ->  Gather  (cost=680693.40..680693.61 rows=2 width=32) (actual time=7251.671..7317.288 rows=3 loops=1)
         Workers Planned: 2
         Workers Launched: 2
         ->  Partial Aggregate  (cost=679693.40..679693.41 rows=1 width=32) (actual time=7244.981..7244.982 rows=1 loops=3)
               ->  Parallel Hash Join  (cost=600795.85..679693.30 rows=40 width=15) (actual time=6977.385..7226.674 rows=86096 loops=3)
                     Hash Cond: (n.id = ci.person_id)
                     ->  Parallel Seq Scan on name n  (cost=0.00..77318.68 rows=140320 width=19) (actual time=7.942..439.702 rows=114466 loops=3)
                           Filter: ((name)::text ~~ 'B%'::text)
                           Rows Removed by Filter: 1274697
                     ->  Parallel Hash  (cost=600789.59..600789.59 rows=501 width=4) (actual time=6459.344..6459.344 rows=944185 loops=3)
                           Buckets: 65536 (originally 2048)  Batches: 32 (originally 1)  Memory Usage: 4192kB
                           ->  Parallel Hash Join  (cost=140451.09..600789.59 rows=501 width=4) (actual time=1396.090..6044.389 rows=944185 loops=3)
                                 Hash Cond: (ci.movie_id = t.id)
                                 ->  Parallel Seq Scan on cast_info ci  (cost=0.00..403705.10 rows=15101810 width=8) (actual time=0.475..2199.720 rows=12081448 loops=3)
                                 ->  Parallel Hash  (cost=140450.75..140450.75 rows=27 width=12) (actual time=1395.511..1395.511 rows=22772 loops=3)
                                       Buckets: 131072 (originally 1024)  Batches: 1 (originally 1)  Memory Usage: 5304kB
                                       ->  Parallel Hash Join  (cost=106712.36..140450.75 rows=27 width=12) (actual time=1034.144..1350.174 rows=22772 loops=3)
                                             Hash Cond: (mc.company_id = cn.id)
                                             ->  Parallel Hash Join  (cost=101361.58..135099.77 rows=74 width=16) (actual time=999.023..1300.389 rows=49517 loops=3)
                                                   Hash Cond: (mc.movie_id = t.id)
                                                   ->  Parallel Seq Scan on movie_companies mc  (cost=0.00..29661.37 rows=1087137 width=8) (actual time=0.551..158.321 rows=869710 loops=3)
                                                   ->  Parallel Hash  (cost=101361.41..101361.41 rows=14 width=8) (actual time=997.955..997.955 rows=13947 loops=3)
                                                         Buckets: 65536 (originally 1024)  Batches: 1 (originally 1)  Memory Usage: 2680kB
                                                         ->  Parallel Hash Join  (cost=50878.23..101361.41 rows=14 width=8) (actual time=522.982..879.030 rows=13947 loops=3)
                                                               Hash Cond: (t.id = mk.movie_id)
                                                               ->  Parallel Seq Scan on title t  (cost=0.00..46532.63 rows=1053463 width=4) (actual time=0.020..218.254 rows=842771 loops=3)
                                                               ->  Parallel Hash  (cost=50878.05..50878.05 rows=14 width=4) (actual time=522.777..522.777 rows=13947 loops=3)
                                                                     Buckets: 65536 (originally 1024)  Batches: 1 (originally 1)  Memory Usage: 2680kB
                                                                     ->  Hash Join  (cost=2626.14..50878.05 rows=14 width=4) (actual time=19.686..461.167 rows=13947 loops=3)
                                                                           Hash Cond: (mk.keyword_id = k.id)
                                                                           ->  Parallel Seq Scan on movie_keyword mk  (cost=0.00..43303.71 rows=1884971 width=8) (actual time=0.044..254.456 rows=1507977 loops=3)
                                                                           ->  Hash  (cost=2626.12..2626.12 rows=1 width=4) (actual time=19.537..19.537 rows=1 loops=3)
                                                                                 Buckets: 1024  Batches: 1  Memory Usage: 9kB
                                                                                 ->  Seq Scan on keyword k  (cost=0.00..2626.12 rows=1 width=4) (actual time=0.841..19.511 rows=1 loops=3)
                                                                                       Filter: ((keyword)::text = 'character-name-in-title'::text)
                                                                                       Rows Removed by Filter: 134169
                                             ->  Parallel Hash  (cost=4722.92..4722.92 rows=50229 width=4) (actual time=34.138..34.138 rows=28281 loops=3)
                                                   Buckets: 131072  Batches: 1  Memory Usage: 4416kB
                                                   ->  Parallel Seq Scan on company_name cn  (cost=0.00..4722.92 rows=50229 width=4) (actual time=0.022..20.251 rows=28281 loops=3)
                                                         Filter: ((country_code)::text = '[us]'::text)
                                                         Rows Removed by Filter: 50051
 Planning Time: 8.837 ms
 Execution Time: 7319.371 ms
(44 rows)

execute /home/pei/Project/benchmarks/imdb_job-postgres/skinner_explained/17b.sql_explained.sql
SET
SET
                                                                                                 QUERY PLAN                                                                                                  
-------------------------------------------------------------------------------------------------------------------------------------------------------------------------------------------------------------
 Finalize Aggregate  (cost=661669.41..661669.42 rows=1 width=64) (actual time=7969.153..7969.153 rows=1 loops=1)
   ->  Gather  (cost=661669.19..661669.40 rows=2 width=32) (actual time=7967.552..7975.437 rows=3 loops=1)
         Workers Planned: 2
         Workers Launched: 2
         ->  Partial Aggregate  (cost=660669.19..660669.20 rows=1 width=32) (actual time=7960.836..7960.836 rows=1 loops=3)
               ->  Parallel Hash Join  (cost=610186.06..660669.19 rows=1 width=15) (actual time=7605.394..7956.124 rows=17435 loops=3)
                     Hash Cond: (t.id = ci.movie_id)
                     ->  Parallel Seq Scan on title t  (cost=0.00..46532.63 rows=1053463 width=4) (actual time=0.034..219.450 rows=842771 loops=3)
                     ->  Parallel Hash  (cost=610186.05..610186.05 rows=1 width=27) (actual time=7603.614..7603.614 rows=17435 loops=3)
                           Buckets: 65536 (originally 1024)  Batches: 1 (originally 1)  Memory Usage: 4312kB
                           ->  Parallel Hash Join  (cost=605290.32..610186.05 rows=1 width=27) (actual time=7554.433..7588.189 rows=17435 loops=3)
                                 Hash Cond: (cn.id = mc.company_id)
                                 ->  Parallel Seq Scan on company_name cn  (cost=0.00..4377.34 rows=138234 width=4) (actual time=0.006..14.633 rows=78332 loops=3)
                                 ->  Parallel Hash  (cost=605290.31..605290.31 rows=1 width=31) (actual time=7554.351..7554.351 rows=17435 loops=3)
                                       Buckets: 65536 (originally 1024)  Batches: 1 (originally 1)  Memory Usage: 4504kB
                                       ->  Parallel Hash Join  (cost=571552.17..605290.31 rows=1 width=31) (actual time=7237.015..7526.003 rows=17435 loops=3)
                                             Hash Cond: (mc.movie_id = ci.movie_id)
                                             ->  Parallel Seq Scan on movie_companies mc  (cost=0.00..29661.37 rows=1087137 width=8) (actual time=0.037..157.880 rows=869710 loops=3)
                                             ->  Parallel Hash  (cost=571552.15..571552.15 rows=1 width=23) (actual time=7236.125..7236.126 rows=2214 loops=3)
                                                   Buckets: 8192 (originally 1024)  Batches: 1 (originally 1)  Memory Usage: 536kB
                                                   ->  Parallel Hash Join  (cost=128199.08..571552.15 rows=1 width=23) (actual time=2240.175..4667.484 rows=2214 loops=3)
                                                         Hash Cond: (ci.movie_id = mk.movie_id)
                                                         ->  Parallel Hash Join  (cost=77320.86..520668.25 rows=1511 width=19) (actual time=1724.597..4134.365 rows=89570 loops=3)
                                                               Hash Cond: (ci.person_id = n.id)
                                                               ->  Parallel Seq Scan on cast_info ci  (cost=0.00..403705.10 rows=15101810 width=8) (actual time=0.029..2102.312 rows=12081448 loops=3)
                                                               ->  Parallel Hash  (cost=77318.68..77318.68 rows=174 width=19) (actual time=441.051..441.052 rows=12058 loops=3)
                                                                     Buckets: 65536 (originally 1024)  Batches: 1 (originally 1)  Memory Usage: 3032kB
                                                                     ->  Parallel Seq Scan on name n  (cost=0.00..77318.68 rows=174 width=19) (actual time=178.111..428.747 rows=12058 loops=3)
                                                                           Filter: ((name)::text ~~ 'Z%'::text)
                                                                           Rows Removed by Filter: 1377106
                                                         ->  Parallel Hash  (cost=50878.05..50878.05 rows=14 width=4) (actual time=515.466..515.467 rows=13947 loops=3)
                                                               Buckets: 65536 (originally 1024)  Batches: 1 (originally 1)  Memory Usage: 2680kB
                                                               ->  Hash Join  (cost=2626.14..50878.05 rows=14 width=4) (actual time=18.873..458.066 rows=13947 loops=3)
                                                                     Hash Cond: (mk.keyword_id = k.id)
                                                                     ->  Parallel Seq Scan on movie_keyword mk  (cost=0.00..43303.71 rows=1884971 width=8) (actual time=0.048..252.084 rows=1507977 loops=3)
                                                                     ->  Hash  (cost=2626.12..2626.12 rows=1 width=4) (actual time=18.731..18.731 rows=1 loops=3)
                                                                           Buckets: 1024  Batches: 1  Memory Usage: 9kB
                                                                           ->  Seq Scan on keyword k  (cost=0.00..2626.12 rows=1 width=4) (actual time=0.806..18.712 rows=1 loops=3)
                                                                                 Filter: ((keyword)::text = 'character-name-in-title'::text)
                                                                                 Rows Removed by Filter: 134169
 Planning Time: 9.129 ms
 Execution Time: 7976.793 ms
(42 rows)

execute /home/pei/Project/benchmarks/imdb_job-postgres/skinner_explained/17c.sql_explained.sql
SET
SET
                                                                                                 QUERY PLAN                                                                                                  
-------------------------------------------------------------------------------------------------------------------------------------------------------------------------------------------------------------
 Finalize Aggregate  (cost=661669.41..661669.42 rows=1 width=64) (actual time=5532.010..5532.010 rows=1 loops=1)
   ->  Gather  (cost=661669.19..661669.40 rows=2 width=32) (actual time=5531.349..5538.024 rows=3 loops=1)
         Workers Planned: 2
         Workers Launched: 2
         ->  Partial Aggregate  (cost=660669.19..660669.20 rows=1 width=32) (actual time=5524.611..5524.611 rows=1 loops=3)
               ->  Parallel Hash Join  (cost=610186.06..660669.19 rows=1 width=15) (actual time=5213.568..5524.365 rows=639 loops=3)
                     Hash Cond: (t.id = ci.movie_id)
                     ->  Parallel Seq Scan on title t  (cost=0.00..46532.63 rows=1053463 width=4) (actual time=0.035..220.704 rows=842771 loops=3)
                     ->  Parallel Hash  (cost=610186.05..610186.05 rows=1 width=27) (actual time=5188.250..5188.250 rows=639 loops=3)
                           Buckets: 2048 (originally 1024)  Batches: 1 (originally 1)  Memory Usage: 216kB
                           ->  Parallel Hash Join  (cost=605290.32..610186.05 rows=1 width=27) (actual time=5136.006..5159.536 rows=639 loops=3)
                                 Hash Cond: (cn.id = mc.company_id)
                                 ->  Parallel Seq Scan on company_name cn  (cost=0.00..4377.34 rows=138234 width=4) (actual time=0.006..12.517 rows=78332 loops=3)
                                 ->  Parallel Hash  (cost=605290.31..605290.31 rows=1 width=31) (actual time=5135.881..5135.881 rows=639 loops=3)
                                       Buckets: 2048 (originally 1024)  Batches: 1 (originally 1)  Memory Usage: 216kB
                                       ->  Parallel Hash Join  (cost=571552.17..605290.31 rows=1 width=31) (actual time=4870.906..5134.746 rows=639 loops=3)
                                             Hash Cond: (mc.movie_id = ci.movie_id)
                                             ->  Parallel Seq Scan on movie_companies mc  (cost=0.00..29661.37 rows=1087137 width=8) (actual time=0.032..157.979 rows=869710 loops=3)
                                             ->  Parallel Hash  (cost=571552.15..571552.15 rows=1 width=23) (actual time=4866.015..4866.015 rows=83 loops=3)
                                                   Buckets: 1024  Batches: 1  Memory Usage: 104kB
                                                   ->  Parallel Hash Join  (cost=128199.08..571552.15 rows=1 width=23) (actual time=2396.497..4865.828 rows=83 loops=3)
                                                         Hash Cond: (ci.movie_id = mk.movie_id)
                                                         ->  Parallel Hash Join  (cost=77320.86..520668.25 rows=1511 width=19) (actual time=1881.914..4349.926 rows=4167 loops=3)
                                                               Hash Cond: (ci.person_id = n.id)
                                                               ->  Parallel Seq Scan on cast_info ci  (cost=0.00..403705.10 rows=15101810 width=8) (actual time=0.030..2183.265 rows=12081448 loops=3)
                                                               ->  Parallel Hash  (cost=77318.68..77318.68 rows=174 width=19) (actual time=611.970..611.970 rows=888 loops=3)
                                                                     Buckets: 4096 (originally 1024)  Batches: 1 (originally 1)  Memory Usage: 280kB
                                                                     ->  Parallel Seq Scan on name n  (cost=0.00..77318.68 rows=174 width=19) (actual time=176.733..422.834 rows=888 loops=3)
                                                                           Filter: ((name)::text ~~ 'X%'::text)
                                                                           Rows Removed by Filter: 1388276
                                                         ->  Parallel Hash  (cost=50878.05..50878.05 rows=14 width=4) (actual time=514.429..514.429 rows=13947 loops=3)
                                                               Buckets: 65536 (originally 1024)  Batches: 1 (originally 1)  Memory Usage: 2680kB
                                                               ->  Hash Join  (cost=2626.14..50878.05 rows=14 width=4) (actual time=18.943..458.788 rows=13947 loops=3)
                                                                     Hash Cond: (mk.keyword_id = k.id)
                                                                     ->  Parallel Seq Scan on movie_keyword mk  (cost=0.00..43303.71 rows=1884971 width=8) (actual time=0.081..252.824 rows=1507977 loops=3)
                                                                     ->  Hash  (cost=2626.12..2626.12 rows=1 width=4) (actual time=18.764..18.764 rows=1 loops=3)
                                                                           Buckets: 1024  Batches: 1  Memory Usage: 9kB
                                                                           ->  Seq Scan on keyword k  (cost=0.00..2626.12 rows=1 width=4) (actual time=0.817..18.745 rows=1 loops=3)
                                                                                 Filter: ((keyword)::text = 'character-name-in-title'::text)
                                                                                 Rows Removed by Filter: 134169
 Planning Time: 9.015 ms
 Execution Time: 5538.703 ms
(42 rows)

execute /home/pei/Project/benchmarks/imdb_job-postgres/skinner_explained/17d.sql_explained.sql
SET
SET
                                                                                                 QUERY PLAN                                                                                                  
-------------------------------------------------------------------------------------------------------------------------------------------------------------------------------------------------------------
 Finalize Aggregate  (cost=661669.41..661669.42 rows=1 width=32) (actual time=6358.080..6358.080 rows=1 loops=1)
   ->  Gather  (cost=661669.19..661669.40 rows=2 width=32) (actual time=6357.362..6364.167 rows=3 loops=1)
         Workers Planned: 2
         Workers Launched: 2
         ->  Partial Aggregate  (cost=660669.19..660669.20 rows=1 width=32) (actual time=6350.734..6350.735 rows=1 loops=3)
               ->  Parallel Hash Join  (cost=610186.06..660669.19 rows=1 width=15) (actual time=6017.721..6349.620 rows=3846 loops=3)
                     Hash Cond: (t.id = ci.movie_id)
                     ->  Parallel Seq Scan on title t  (cost=0.00..46532.63 rows=1053463 width=4) (actual time=0.034..218.055 rows=842771 loops=3)
                     ->  Parallel Hash  (cost=610186.05..610186.05 rows=1 width=27) (actual time=6010.212..6010.212 rows=3846 loops=3)
                           Buckets: 16384 (originally 1024)  Batches: 1 (originally 1)  Memory Usage: 1016kB
                           ->  Parallel Hash Join  (cost=605290.32..610186.05 rows=1 width=27) (actual time=5977.000..6003.993 rows=3846 loops=3)
                                 Hash Cond: (cn.id = mc.company_id)
                                 ->  Parallel Seq Scan on company_name cn  (cost=0.00..4377.34 rows=138234 width=4) (actual time=0.006..14.224 rows=78332 loops=3)
                                 ->  Parallel Hash  (cost=605290.31..605290.31 rows=1 width=31) (actual time=5976.916..5976.916 rows=3846 loops=3)
                                       Buckets: 16384 (originally 1024)  Batches: 1 (originally 1)  Memory Usage: 1048kB
                                       ->  Parallel Hash Join  (cost=571552.17..605290.31 rows=1 width=31) (actual time=5652.952..5932.532 rows=3846 loops=3)
                                             Hash Cond: (mc.movie_id = ci.movie_id)
                                             ->  Parallel Seq Scan on movie_companies mc  (cost=0.00..29661.37 rows=1087137 width=8) (actual time=0.057..156.975 rows=869710 loops=3)
                                             ->  Parallel Hash  (cost=571552.15..571552.15 rows=1 width=23) (actual time=5650.694..5650.694 rows=657 loops=3)
                                                   Buckets: 2048 (originally 1024)  Batches: 1 (originally 1)  Memory Usage: 216kB
                                                   ->  Parallel Hash Join  (cost=128199.08..571552.15 rows=1 width=23) (actual time=1287.735..4986.254 rows=657 loops=3)
                                                         Hash Cond: (ci.movie_id = mk.movie_id)
                                                         ->  Parallel Hash Join  (cost=77320.86..520668.25 rows=1511 width=19) (actual time=740.528..4466.977 rows=16097 loops=3)
                                                               Hash Cond: (ci.person_id = n.id)
                                                               ->  Parallel Seq Scan on cast_info ci  (cost=0.00..403705.10 rows=15101810 width=8) (actual time=0.367..2168.883 rows=12081448 loops=3)
                                                               ->  Parallel Hash  (cost=77318.68..77318.68 rows=174 width=19) (actual time=736.578..736.579 rows=1739 loops=3)
                                                                     Buckets: 8192 (originally 1024)  Batches: 1 (originally 1)  Memory Usage: 472kB
                                                                     ->  Parallel Seq Scan on name n  (cost=0.00..77318.68 rows=174 width=19) (actual time=1.385..493.295 rows=1739 loops=3)
                                                                           Filter: ((name)::text ~~ '%Bert%'::text)
                                                                           Rows Removed by Filter: 1387425
                                                         ->  Parallel Hash  (cost=50878.05..50878.05 rows=14 width=4) (actual time=514.557..514.557 rows=13947 loops=3)
                                                               Buckets: 65536 (originally 1024)  Batches: 1 (originally 1)  Memory Usage: 2680kB
                                                               ->  Hash Join  (cost=2626.14..50878.05 rows=14 width=4) (actual time=19.187..457.325 rows=13947 loops=3)
                                                                     Hash Cond: (mk.keyword_id = k.id)
                                                                     ->  Parallel Seq Scan on movie_keyword mk  (cost=0.00..43303.71 rows=1884971 width=8) (actual time=0.072..251.103 rows=1507977 loops=3)
                                                                     ->  Hash  (cost=2626.12..2626.12 rows=1 width=4) (actual time=19.014..19.014 rows=1 loops=3)
                                                                           Buckets: 1024  Batches: 1  Memory Usage: 9kB
                                                                           ->  Seq Scan on keyword k  (cost=0.00..2626.12 rows=1 width=4) (actual time=0.798..18.996 rows=1 loops=3)
                                                                                 Filter: ((keyword)::text = 'character-name-in-title'::text)
                                                                                 Rows Removed by Filter: 134169
 Planning Time: 8.914 ms
 Execution Time: 6364.792 ms
(42 rows)

execute /home/pei/Project/benchmarks/imdb_job-postgres/skinner_explained/17e.sql_explained.sql
SET
SET
                                                                                                    QUERY PLAN                                                                                                     
-------------------------------------------------------------------------------------------------------------------------------------------------------------------------------------------------------------------
 Finalize Aggregate  (cost=694312.07..694312.08 rows=1 width=32) (actual time=8037.549..8037.550 rows=1 loops=1)
   ->  Gather  (cost=694311.86..694312.07 rows=2 width=32) (actual time=8032.158..8198.766 rows=3 loops=1)
         Workers Planned: 2
         Workers Launched: 2
         ->  Partial Aggregate  (cost=693311.86..693311.87 rows=1 width=32) (actual time=8025.222..8025.223 rows=1 loops=3)
               ->  Parallel Hash Join  (cost=600795.85..693310.60 rows=501 width=15) (actual time=7200.127..7862.882 rows=944185 loops=3)
                     Hash Cond: (n.id = ci.person_id)
                     ->  Parallel Seq Scan on name n  (cost=0.00..72977.55 rows=1736455 width=19) (actual time=0.060..384.999 rows=1389164 loops=3)
                     ->  Parallel Hash  (cost=600789.59..600789.59 rows=501 width=4) (actual time=6265.268..6265.268 rows=944185 loops=3)
                           Buckets: 65536 (originally 2048)  Batches: 32 (originally 1)  Memory Usage: 4192kB
                           ->  Parallel Hash Join  (cost=140451.09..600789.59 rows=501 width=4) (actual time=1495.764..5825.133 rows=944185 loops=3)
                                 Hash Cond: (ci.movie_id = t.id)
                                 ->  Parallel Seq Scan on cast_info ci  (cost=0.00..403705.10 rows=15101810 width=8) (actual time=0.036..2310.830 rows=12081448 loops=3)
                                 ->  Parallel Hash  (cost=140450.75..140450.75 rows=27 width=12) (actual time=1495.628..1495.628 rows=22772 loops=3)
                                       Buckets: 131072 (originally 1024)  Batches: 1 (originally 1)  Memory Usage: 5304kB
                                       ->  Parallel Hash Join  (cost=106712.36..140450.75 rows=27 width=12) (actual time=1045.376..1429.838 rows=22772 loops=3)
                                             Hash Cond: (mc.company_id = cn.id)
                                             ->  Parallel Hash Join  (cost=101361.58..135099.77 rows=74 width=16) (actual time=1007.575..1376.372 rows=49517 loops=3)
                                                   Hash Cond: (mc.movie_id = t.id)
                                                   ->  Parallel Seq Scan on movie_companies mc  (cost=0.00..29661.37 rows=1087137 width=8) (actual time=0.034..166.540 rows=869710 loops=3)
                                                   ->  Parallel Hash  (cost=101361.41..101361.41 rows=14 width=8) (actual time=1007.242..1007.242 rows=13947 loops=3)
                                                         Buckets: 65536 (originally 1024)  Batches: 1 (originally 1)  Memory Usage: 2680kB
                                                         ->  Parallel Hash Join  (cost=50878.23..101361.41 rows=14 width=8) (actual time=526.972..907.652 rows=13947 loops=3)
                                                               Hash Cond: (t.id = mk.movie_id)
                                                               ->  Parallel Seq Scan on title t  (cost=0.00..46532.63 rows=1053463 width=4) (actual time=0.033..218.783 rows=842771 loops=3)
                                                               ->  Parallel Hash  (cost=50878.05..50878.05 rows=14 width=4) (actual time=526.695..526.695 rows=13947 loops=3)
                                                                     Buckets: 65536 (originally 1024)  Batches: 1 (originally 1)  Memory Usage: 2680kB
                                                                     ->  Hash Join  (cost=2626.14..50878.05 rows=14 width=4) (actual time=19.798..463.964 rows=13947 loops=3)
                                                                           Hash Cond: (mk.keyword_id = k.id)
                                                                           ->  Parallel Seq Scan on movie_keyword mk  (cost=0.00..43303.71 rows=1884971 width=8) (actual time=0.357..255.321 rows=1507977 loops=3)
                                                                           ->  Hash  (cost=2626.12..2626.12 rows=1 width=4) (actual time=19.248..19.248 rows=1 loops=3)
                                                                                 Buckets: 1024  Batches: 1  Memory Usage: 9kB
                                                                                 ->  Seq Scan on keyword k  (cost=0.00..2626.12 rows=1 width=4) (actual time=0.816..19.225 rows=1 loops=3)
                                                                                       Filter: ((keyword)::text = 'character-name-in-title'::text)
                                                                                       Rows Removed by Filter: 134169
                                             ->  Parallel Hash  (cost=4722.92..4722.92 rows=50229 width=4) (actual time=36.853..36.853 rows=28281 loops=3)
                                                   Buckets: 131072  Batches: 1  Memory Usage: 4384kB
                                                   ->  Parallel Seq Scan on company_name cn  (cost=0.00..4722.92 rows=50229 width=4) (actual time=0.024..21.223 rows=28281 loops=3)
                                                         Filter: ((country_code)::text = '[us]'::text)
                                                         Rows Removed by Filter: 50051
 Planning Time: 8.780 ms
 Execution Time: 8199.410 ms
(42 rows)

execute /home/pei/Project/benchmarks/imdb_job-postgres/skinner_explained/17f.sql_explained.sql
SET
SET
                                                                                                    QUERY PLAN                                                                                                     
-------------------------------------------------------------------------------------------------------------------------------------------------------------------------------------------------------------------
 Finalize Aggregate  (cost=682238.58..682238.59 rows=1 width=32) (actual time=7107.292..7107.292 rows=1 loops=1)
   ->  Gather  (cost=682238.36..682238.57 rows=2 width=32) (actual time=7099.251..7170.515 rows=3 loops=1)
         Workers Planned: 2
         Workers Launched: 2
         ->  Partial Aggregate  (cost=681238.36..681238.37 rows=1 width=32) (actual time=7092.295..7092.295 rows=1 loops=3)
               ->  Parallel Hash Join  (cost=647498.67..681237.95 rows=167 width=15) (actual time=6497.735..7026.407 rows=371040 loops=3)
                     Hash Cond: (mc.company_id = cn.id)
                     ->  Parallel Hash Join  (cost=641393.41..675132.25 rows=167 width=19) (actual time=6429.046..6858.884 rows=371040 loops=3)
                           Hash Cond: (mc.movie_id = ci.movie_id)
                           ->  Parallel Seq Scan on movie_companies mc  (cost=0.00..29661.37 rows=1087137 width=8) (actual time=0.047..169.175 rows=869710 loops=3)
                           ->  Parallel Hash  (cost=641392.63..641392.63 rows=63 width=27) (actual time=6428.537..6428.537 rows=49831 loops=3)
                                 Buckets: 262144 (originally 1024)  Batches: 1 (originally 1)  Memory Usage: 13400kB
                                 ->  Parallel Hash Join  (cost=561705.80..641392.63 rows=63 width=27) (actual time=6209.723..6364.715 rows=49831 loops=3)
                                       Hash Cond: (n.id = ci.person_id)
                                       ->  Parallel Seq Scan on name n  (cost=0.00..77318.68 rows=210479 width=19) (actual time=0.065..523.599 rows=178905 loops=3)
                                             Filter: ((name)::text ~~ '%B%'::text)
                                             Rows Removed by Filter: 1210258
                                       ->  Parallel Hash  (cost=561699.31..561699.31 rows=519 width=16) (actual time=5595.204..5595.204 rows=346131 loops=3)
                                             Buckets: 65536 (originally 2048)  Batches: 16 (originally 1)  Memory Usage: 3680kB
                                             ->  Parallel Hash Join  (cost=101361.58..561699.31 rows=519 width=16) (actual time=1018.573..5330.057 rows=346131 loops=3)
                                                   Hash Cond: (ci.movie_id = t.id)
                                                   ->  Parallel Seq Scan on cast_info ci  (cost=0.00..403705.10 rows=15101810 width=8) (actual time=0.061..2332.515 rows=12081448 loops=3)
                                                   ->  Parallel Hash  (cost=101361.41..101361.41 rows=14 width=8) (actual time=1018.393..1018.393 rows=13947 loops=3)
                                                         Buckets: 65536 (originally 1024)  Batches: 1 (originally 1)  Memory Usage: 2680kB
                                                         ->  Parallel Hash Join  (cost=50878.23..101361.41 rows=14 width=8) (actual time=528.047..897.019 rows=13947 loops=3)
                                                               Hash Cond: (t.id = mk.movie_id)
                                                               ->  Parallel Seq Scan on title t  (cost=0.00..46532.63 rows=1053463 width=4) (actual time=0.234..231.405 rows=842771 loops=3)
                                                               ->  Parallel Hash  (cost=50878.05..50878.05 rows=14 width=4) (actual time=527.186..527.186 rows=13947 loops=3)
                                                                     Buckets: 65536 (originally 1024)  Batches: 1 (originally 1)  Memory Usage: 2680kB
                                                                     ->  Hash Join  (cost=2626.14..50878.05 rows=14 width=4) (actual time=19.898..466.768 rows=13947 loops=3)
                                                                           Hash Cond: (mk.keyword_id = k.id)
                                                                           ->  Parallel Seq Scan on movie_keyword mk  (cost=0.00..43303.71 rows=1884971 width=8) (actual time=0.067..258.040 rows=1507977 loops=3)
                                                                           ->  Hash  (cost=2626.12..2626.12 rows=1 width=4) (actual time=19.722..19.723 rows=1 loops=3)
                                                                                 Buckets: 1024  Batches: 1  Memory Usage: 9kB
                                                                                 ->  Seq Scan on keyword k  (cost=0.00..2626.12 rows=1 width=4) (actual time=0.870..19.697 rows=1 loops=3)
                                                                                       Filter: ((keyword)::text = 'character-name-in-title'::text)
                                                                                       Rows Removed by Filter: 134169
                     ->  Parallel Hash  (cost=4377.34..4377.34 rows=138234 width=4) (actual time=65.973..65.973 rows=78332 loops=3)
                           Buckets: 262144  Batches: 1  Memory Usage: 11296kB
                           ->  Parallel Seq Scan on company_name cn  (cost=0.00..4377.34 rows=138234 width=4) (actual time=0.030..19.351 rows=78332 loops=3)
 Planning Time: 8.918 ms
 Execution Time: 7171.121 ms
(42 rows)

execute /home/pei/Project/benchmarks/imdb_job-postgres/skinner_explained/18a.sql_explained.sql
SET
SET
                                                                                          QUERY PLAN                                                                                           
-----------------------------------------------------------------------------------------------------------------------------------------------------------------------------------------------
 Finalize Aggregate  (cost=833190.17..833190.18 rows=1 width=96) (actual time=6362.621..6362.621 rows=1 loops=1)
   ->  Gather  (cost=833189.95..833190.16 rows=2 width=96) (actual time=6362.084..6368.594 rows=3 loops=1)
         Workers Planned: 2
         Workers Launched: 2
         ->  Partial Aggregate  (cost=832189.95..832189.96 rows=1 width=96) (actual time=6354.898..6354.898 rows=1 loops=3)
               ->  Parallel Hash Join  (cost=781706.81..832189.94 rows=1 width=65) (actual time=6065.087..6354.611 rows=137 loops=3)
                     Hash Cond: (t.id = mi.movie_id)
                     ->  Parallel Seq Scan on title t  (cost=0.00..46532.63 rows=1053463 width=21) (actual time=0.041..226.574 rows=842771 loops=3)
                     ->  Parallel Hash  (cost=781706.80..781706.80 rows=1 width=60) (actual time=6017.734..6017.734 rows=137 loops=3)
                           Buckets: 1024  Batches: 1  Memory Usage: 104kB
                           ->  Parallel Hash Join  (cost=540867.00..781706.80 rows=1 width=60) (actual time=5255.594..6017.451 rows=137 loops=3)
                                 Hash Cond: (mi.movie_id = mi_idx.movie_id)
                                 ->  Hash Join  (cost=2.43..240637.08 rows=54704 width=47) (actual time=1080.686..1868.435 rows=40621 loops=3)
                                       Hash Cond: (mi.info_type_id = it1.id)
                                       ->  Parallel Seq Scan on movie_info mi  (cost=0.00..223799.50 rows=6181550 width=51) (actual time=0.041..1242.714 rows=4945240 loops=3)
                                       ->  Hash  (cost=2.41..2.41 rows=1 width=4) (actual time=0.035..0.036 rows=1 loops=3)
                                             Buckets: 1024  Batches: 1  Memory Usage: 9kB
                                             ->  Seq Scan on info_type it1  (cost=0.00..2.41 rows=1 width=4) (actual time=0.023..0.025 rows=1 loops=3)
                                                   Filter: ((info)::text = 'budget'::text)
                                                   Rows Removed by Filter: 112
                                 ->  Parallel Hash  (cost=540864.56..540864.56 rows=1 width=13) (actual time=4143.044..4143.044 rows=1145 loops=3)
                                       Buckets: 4096 (originally 1024)  Batches: 1 (originally 1)  Memory Usage: 312kB
                                       ->  Parallel Hash Join  (cost=525594.29..540864.56 rows=1 width=13) (actual time=3739.313..3919.101 rows=1145 loops=3)
                                             Hash Cond: (mi_idx.movie_id = ci.movie_id)
                                             ->  Hash Join  (cost=2.43..15253.60 rows=5089 width=9) (actual time=0.170..160.135 rows=153308 loops=3)
                                                   Hash Cond: (mi_idx.info_type_id = it2.id)
                                                   ->  Parallel Seq Scan on movie_info_idx mi_idx  (cost=0.00..13685.15 rows=575015 width=13) (actual time=0.037..77.734 rows=460012 loops=3)
                                                   ->  Hash  (cost=2.41..2.41 rows=1 width=4) (actual time=0.067..0.067 rows=1 loops=3)
                                                         Buckets: 1024  Batches: 1  Memory Usage: 9kB
                                                         ->  Seq Scan on info_type it2  (cost=0.00..2.41 rows=1 width=4) (actual time=0.052..0.055 rows=1 loops=3)
                                                               Filter: ((info)::text = 'votes'::text)
                                                               Rows Removed by Filter: 112
                                             ->  Parallel Hash  (cost=525591.38..525591.38 rows=39 width=4) (actual time=3738.992..3738.992 rows=2240 loops=3)
                                                   Buckets: 8192 (originally 1024)  Batches: 1 (originally 1)  Memory Usage: 472kB
                                                   ->  Parallel Hash Join  (cost=81660.72..525591.38 rows=39 width=4) (actual time=2145.743..3600.927 rows=2240 loops=3)
                                                         Hash Cond: (ci.person_id = n.id)
                                                         ->  Parallel Seq Scan on cast_info ci  (cost=0.00..441459.62 rows=941346 width=8) (actual time=317.990..2770.722 rows=793090 loops=3)
                                                               Filter: ((note)::text = ANY ('{(producer),"(executive producer)"}'::text[]))
                                                               Rows Removed by Filter: 11288358
                                                         ->  Parallel Hash  (cost=81659.82..81659.82 rows=72 width=4) (actual time=745.472..745.472 rows=3021 loops=3)
                                                               Buckets: 16384 (originally 1024)  Batches: 1 (originally 1)  Memory Usage: 696kB
                                                               ->  Parallel Seq Scan on name n  (cost=0.00..81659.82 rows=72 width=4) (actual time=0.351..516.392 rows=3021 loops=3)
                                                                     Filter: (((name)::text ~~ '%Tim%'::text) AND ((gender)::text = 'm'::text))
                                                                     Rows Removed by Filter: 1386143
 Planning Time: 9.800 ms
 Execution Time: 6369.284 ms
(46 rows)

execute /home/pei/Project/benchmarks/imdb_job-postgres/skinner_explained/18b.sql_explained.sql
SET
SET
                                                                                                  QUERY PLAN                                                                                                   
---------------------------------------------------------------------------------------------------------------------------------------------------------------------------------------------------------------
 Finalize Aggregate  (cost=886874.06..886874.07 rows=1 width=96) (actual time=5363.063..5363.063 rows=1 loops=1)
   ->  Gather  (cost=886873.83..886874.04 rows=2 width=96) (actual time=5362.710..5368.607 rows=3 loops=1)
         Workers Planned: 2
         Workers Launched: 2
         ->  Partial Aggregate  (cost=885873.83..885873.84 rows=1 width=96) (actual time=5355.775..5355.776 rows=1 loops=3)
               ->  Parallel Hash Join  (cost=832828.60..885873.82 rows=1 width=65) (actual time=5278.586..5355.742 rows=4 loops=3)
                     Hash Cond: (t.id = mi.movie_id)
                     ->  Parallel Seq Scan on title t  (cost=0.00..51799.95 rows=332069 width=21) (actual time=0.024..259.466 rows=261496 loops=3)
                           Filter: ((production_year >= 2008) AND (production_year <= 2014))
                           Rows Removed by Filter: 581275
                     ->  Parallel Hash  (cost=832828.59..832828.59 rows=1 width=60) (actual time=5067.325..5067.326 rows=5 loops=3)
                           Buckets: 1024  Batches: 1  Memory Usage: 104kB
                           ->  Parallel Hash Join  (cost=754551.36..832828.59 rows=1 width=60) (actual time=4790.881..5067.216 rows=5 loops=3)
                                 Hash Cond: (n.id = ci.person_id)
                                 ->  Parallel Seq Scan on name n  (cost=0.00..77318.68 rows=255610 width=4) (actual time=187.150..441.869 rows=320518 loops=3)
                                       Filter: ((gender IS NOT NULL) AND ((gender)::text = 'f'::text))
                                       Rows Removed by Filter: 1068645
                                 ->  Parallel Hash  (cost=754551.35..754551.35 rows=1 width=64) (actual time=4590.958..4590.958 rows=137 loops=3)
                                       Buckets: 1024  Batches: 1  Memory Usage: 104kB
                                       ->  Parallel Hash Join  (cost=254530.67..754551.35 rows=1 width=64) (actual time=3473.113..4590.698 rows=137 loops=3)
                                             Hash Cond: (ci.movie_id = mi.movie_id)
                                             ->  Parallel Seq Scan on cast_info ci  (cost=0.00..498091.41 rows=514468 width=8) (actual time=215.307..2900.982 rows=414905 loops=3)
                                                   Filter: ((note)::text = ANY ('{(writer),"(head writer)","(written by)",(story),"(story editor)"}'::text[]))
                                                   Rows Removed by Filter: 11666543
                                             ->  Parallel Hash  (cost=254530.66..254530.66 rows=1 width=56) (actual time=1640.365..1640.365 rows=244 loops=3)
                                                   Buckets: 1024  Batches: 1  Memory Usage: 104kB
                                                   ->  Parallel Hash Join  (cost=15184.50..254530.66 rows=1 width=56) (actual time=1476.676..1639.643 rows=244 loops=3)
                                                         Hash Cond: (mi.movie_id = mi_idx.movie_id)
                                                         ->  Hash Join  (cost=2.43..239347.45 rows=298 width=47) (actual time=1321.622..1479.961 rows=24086 loops=3)
                                                               Hash Cond: (mi.info_type_id = it1.id)
                                                               ->  Parallel Seq Scan on movie_info mi  (cost=0.00..239253.38 rows=33653 width=51) (actual time=926.088..1471.706 rows=24349 loops=3)
                                                                     Filter: ((note IS NULL) AND ((info)::text = ANY ('{Horror,Thriller}'::text[])))
                                                                     Rows Removed by Filter: 4920891
                                                               ->  Hash  (cost=2.41..2.41 rows=1 width=4) (actual time=0.038..0.038 rows=1 loops=3)
                                                                     Buckets: 1024  Batches: 1  Memory Usage: 9kB
                                                                     ->  Seq Scan on info_type it1  (cost=0.00..2.41 rows=1 width=4) (actual time=0.015..0.027 rows=1 loops=3)
                                                                           Filter: ((info)::text = 'genres'::text)
                                                                           Rows Removed by Filter: 112
                                                         ->  Parallel Hash  (cost=15179.85..15179.85 rows=178 width=9) (actual time=154.655..154.655 rows=5283 loops=3)
                                                               Buckets: 16384 (originally 1024)  Batches: 1 (originally 1)  Memory Usage: 952kB
                                                               ->  Hash Join  (cost=2.43..15179.85 rows=178 width=9) (actual time=0.288..133.634 rows=5283 loops=3)
                                                                     Hash Cond: (mi_idx.info_type_id = it2.id)
                                                                     ->  Parallel Seq Scan on movie_info_idx mi_idx  (cost=0.00..15122.68 rows=20101 width=13) (actual time=0.069..129.414 rows=17883 loops=3)
                                                                           Filter: ((info)::text > '8.0'::text)
                                                                           Rows Removed by Filter: 442129
                                                                     ->  Hash  (cost=2.41..2.41 rows=1 width=4) (actual time=0.072..0.072 rows=1 loops=3)
                                                                           Buckets: 1024  Batches: 1  Memory Usage: 9kB
                                                                           ->  Seq Scan on info_type it2  (cost=0.00..2.41 rows=1 width=4) (actual time=0.044..0.047 rows=1 loops=3)
                                                                                 Filter: ((info)::text = 'rating'::text)
                                                                                 Rows Removed by Filter: 112
 Planning Time: 9.179 ms
 Execution Time: 5369.312 ms
(52 rows)

execute /home/pei/Project/benchmarks/imdb_job-postgres/skinner_explained/18c.sql_explained.sql
SET
SET
                                                                                                   QUERY PLAN                                                                                                   
----------------------------------------------------------------------------------------------------------------------------------------------------------------------------------------------------------------
 Finalize Aggregate  (cost=917260.31..917260.32 rows=1 width=96) (actual time=6502.884..6502.885 rows=1 loops=1)
   ->  Gather  (cost=917260.08..917260.29 rows=2 width=96) (actual time=6499.163..6518.007 rows=3 loops=1)
         Workers Planned: 2
         Workers Launched: 2
         ->  Partial Aggregate  (cost=916260.08..916260.09 rows=1 width=96) (actual time=6492.050..6492.051 rows=1 loops=3)
               ->  Parallel Hash Join  (cost=865776.83..916260.00 rows=11 width=65) (actual time=6124.308..6485.260 rows=9358 loops=3)
                     Hash Cond: (t.id = mi.movie_id)
                     ->  Parallel Seq Scan on title t  (cost=0.00..46532.63 rows=1053463 width=21) (actual time=0.038..226.841 rows=842771 loops=3)
                     ->  Parallel Hash  (cost=865776.69..865776.69 rows=11 width=60) (actual time=6122.512..6122.512 rows=9358 loops=3)
                           Buckets: 32768 (originally 1024)  Batches: 1 (originally 1)  Memory Usage: 2200kB
                           ->  Parallel Hash Join  (cost=785749.31..865776.69 rows=11 width=60) (actual time=5541.344..6082.383 rows=9358 loops=3)
                                 Hash Cond: (n.id = ci.person_id)
                                 ->  Parallel Seq Scan on name n  (cost=0.00..77318.68 rows=722307 width=4) (actual time=0.061..460.339 rows=579860 loops=3)
                                       Filter: ((gender)::text = 'm'::text)
                                       Rows Removed by Filter: 809304
                                 ->  Parallel Hash  (cost=785748.97..785748.97 rows=27 width=64) (actual time=5540.525..5540.525 rows=18052 loops=3)
                                       Buckets: 65536 (originally 1024)  Batches: 1 (originally 1)  Memory Usage: 4472kB
                                       ->  Parallel Hash Join  (cost=285728.20..785748.97 rows=27 width=64) (actual time=3531.685..5496.753 rows=18052 loops=3)
                                             Hash Cond: (ci.movie_id = mi.movie_id)
                                             ->  Parallel Seq Scan on cast_info ci  (cost=0.00..498091.41 rows=514468 width=8) (actual time=183.891..3044.922 rows=414905 loops=3)
                                                   Filter: ((note)::text = ANY ('{(writer),"(head writer)","(written by)",(story),"(story editor)"}'::text[]))
                                                   Rows Removed by Filter: 11666543
                                             ->  Parallel Hash  (cost=285727.93..285727.93 rows=21 width=56) (actual time=2367.346..2367.346 rows=34172 loops=3)
                                                   Buckets: 131072 (originally 1024)  Batches: 1 (originally 1)  Memory Usage: 7704kB
                                                   ->  Parallel Hash Join  (cost=15319.64..285727.93 rows=21 width=56) (actual time=2273.027..2322.290 rows=34172 loops=3)
                                                         Hash Cond: (mi.movie_id = mi_idx.movie_id)
                                                         ->  Hash Join  (cost=2.43..270407.66 rows=793 width=47) (actual time=1739.466..1963.391 rows=62198 loops=3)
                                                               Hash Cond: (mi.info_type_id = it1.id)
                                                               ->  Parallel Seq Scan on movie_info mi  (cost=0.00..270161.12 rows=89632 width=51) (actual time=1092.016..1946.118 rows=62990 loops=3)
                                                                     Filter: ((info)::text = ANY ('{Horror,Action,Sci-Fi,Thriller,Crime,War}'::text[]))
                                                                     Rows Removed by Filter: 4882250
                                                               ->  Hash  (cost=2.41..2.41 rows=1 width=4) (actual time=0.031..0.032 rows=1 loops=3)
                                                                     Buckets: 1024  Batches: 1  Memory Usage: 9kB
                                                                     ->  Seq Scan on info_type it1  (cost=0.00..2.41 rows=1 width=4) (actual time=0.017..0.028 rows=1 loops=3)
                                                                           Filter: ((info)::text = 'genres'::text)
                                                                           Rows Removed by Filter: 112
                                                         ->  Parallel Hash  (cost=15253.60..15253.60 rows=5089 width=9) (actual time=277.720..277.720 rows=153308 loops=3)
                                                               Buckets: 65536 (originally 16384)  Batches: 8 (originally 1)  Memory Usage: 2880kB
                                                               ->  Hash Join  (cost=2.43..15253.60 rows=5089 width=9) (actual time=0.187..167.083 rows=153308 loops=3)
                                                                     Hash Cond: (mi_idx.info_type_id = it2.id)
                                                                     ->  Parallel Seq Scan on movie_info_idx mi_idx  (cost=0.00..13685.15 rows=575015 width=13) (actual time=0.047..81.600 rows=460012 loops=3)
                                                                     ->  Hash  (cost=2.41..2.41 rows=1 width=4) (actual time=0.069..0.069 rows=1 loops=3)
                                                                           Buckets: 1024  Batches: 1  Memory Usage: 9kB
                                                                           ->  Seq Scan on info_type it2  (cost=0.00..2.41 rows=1 width=4) (actual time=0.047..0.050 rows=1 loops=3)
                                                                                 Filter: ((info)::text = 'votes'::text)
                                                                                 Rows Removed by Filter: 112
 Planning Time: 8.905 ms
 Execution Time: 6519.662 ms
(48 rows)

execute /home/pei/Project/benchmarks/imdb_job-postgres/skinner_explained/19a.sql_explained.sql
SET
SET
                                                                                                            QUERY PLAN                                                                                                             
-----------------------------------------------------------------------------------------------------------------------------------------------------------------------------------------------------------------------------------
 Finalize Aggregate  (cost=982370.28..982370.29 rows=1 width=64) (actual time=6288.989..6288.989 rows=1 loops=1)
   ->  Gather  (cost=982370.06..982370.27 rows=2 width=64) (actual time=6288.661..6295.455 rows=3 loops=1)
         Workers Planned: 2
         Workers Launched: 2
         ->  Partial Aggregate  (cost=981370.06..981370.07 rows=1 width=64) (actual time=6281.162..6281.162 rows=1 loops=3)
               ->  Parallel Hash Join  (cost=928667.96..981370.06 rows=1 width=32) (actual time=6100.507..6281.094 rows=61 loops=3)
                     Hash Cond: (t.id = mi.movie_id)
                     ->  Parallel Seq Scan on title t  (cost=0.00..51799.95 rows=240570 width=21) (actual time=0.031..257.202 rows=191519 loops=3)
                           Filter: ((production_year >= 2005) AND (production_year <= 2009))
                           Rows Removed by Filter: 651252
                     ->  Parallel Hash  (cost=928667.95..928667.95 rows=1 width=27) (actual time=6000.218..6000.219 rows=104 loops=3)
                           Buckets: 1024  Batches: 1  Memory Usage: 104kB
                           ->  Parallel Hash Join  (cost=923756.66..928667.95 rows=1 width=27) (actual time=5977.465..6000.094 rows=104 loops=3)
                                 Hash Cond: (cn.id = mc.company_id)
                                 ->  Parallel Seq Scan on company_name cn  (cost=0.00..4722.92 rows=50229 width=4) (actual time=0.020..19.879 rows=28281 loops=3)
                                       Filter: ((country_code)::text = '[us]'::text)
                                       Rows Removed by Filter: 50051
                                 ->  Parallel Hash  (cost=923756.65..923756.65 rows=1 width=31) (actual time=5977.187..5977.187 rows=107 loops=3)
                                       Buckets: 1024  Batches: 1  Memory Usage: 104kB
                                       ->  Parallel Hash Join  (cost=888167.49..923756.65 rows=1 width=31) (actual time=5716.039..5977.083 rows=107 loops=3)
                                             Hash Cond: (mc.movie_id = mi.movie_id)
                                             ->  Parallel Seq Scan on movie_companies mc  (cost=0.00..35097.06 rows=131225 width=8) (actual time=0.036..291.249 rows=196998 loops=3)
                                                   Filter: ((note IS NOT NULL) AND (((note)::text ~~ '%(USA)%'::text) OR ((note)::text ~~ '%(worldwide)%'::text)))
                                                   Rows Removed by Filter: 672712
                                             ->  Parallel Hash  (cost=888167.48..888167.48 rows=1 width=23) (actual time=5665.518..5665.518 rows=68 loops=3)
                                                   Buckets: 1024  Batches: 1  Memory Usage: 104kB
                                                   ->  Parallel Hash Join  (cost=833727.94..888167.48 rows=1 width=23) (actual time=5293.598..5665.416 rows=68 loops=3)
                                                         Hash Cond: (chn.id = ci.person_role_id)
                                                         ->  Parallel Seq Scan on char_name chn  (cost=0.00..49532.75 rows=1308475 width=4) (actual time=0.042..245.582 rows=1046780 loops=3)
                                                         ->  Parallel Hash  (cost=833727.93..833727.93 rows=1 width=27) (actual time=5290.224..5290.224 rows=75 loops=3)
                                                               Buckets: 1024  Batches: 1  Memory Usage: 104kB
                                                               ->  Parallel Hash Join  (cost=578391.87..833727.93 rows=1 width=27) (actual time=4006.043..5290.101 rows=75 loops=3)
                                                                     Hash Cond: (mi.movie_id = ci.movie_id)
                                                                     ->  Hash Join  (cost=2.43..255330.90 rows=2019 width=4) (actual time=414.414..1729.526 rows=150346 loops=3)
                                                                           Hash Cond: (mi.info_type_id = it.id)
                                                                           ->  Parallel Seq Scan on movie_info mi  (cost=0.00..254707.25 rows=228101 width=8) (actual time=176.348..1692.134 rows=150368 loops=3)
                                                                                 Filter: ((info IS NOT NULL) AND (((info)::text ~~ 'Japan:%200%'::text) OR ((info)::text ~~ 'USA:%200%'::text)))
                                                                                 Rows Removed by Filter: 4794872
                                                                           ->  Hash  (cost=2.41..2.41 rows=1 width=4) (actual time=0.064..0.064 rows=1 loops=3)
                                                                                 Buckets: 1024  Batches: 1  Memory Usage: 9kB
                                                                                 ->  Seq Scan on info_type it  (cost=0.00..2.41 rows=1 width=4) (actual time=0.039..0.050 rows=1 loops=3)
                                                                                       Filter: ((info)::text = 'release dates'::text)
                                                                                       Rows Removed by Filter: 112
                                                                     ->  Parallel Hash  (cost=578389.42..578389.42 rows=2 width=23) (actual time=3543.017..3543.017 rows=142 loops=3)
                                                                           Buckets: 1024  Batches: 1  Memory Usage: 104kB
                                                                           ->  Hash Join  (cost=97799.03..578389.42 rows=2 width=23) (actual time=1604.930..3542.863 rows=142 loops=3)
                                                                                 Hash Cond: (ci.role_id = rt.id)
                                                                                 ->  Parallel Hash Join  (cost=97797.87..578388.18 rows=19 width=27) (actual time=1604.806..3542.692 rows=142 loops=3)
                                                                                       Hash Cond: (ci.person_id = n.id)
                                                                                       ->  Parallel Seq Scan on cast_info ci  (cost=0.00..479214.15 rows=366974 width=16) (actual time=0.066..2811.348 rows=289159 loops=3)
                                                                                             Filter: ((note)::text = ANY ('{(voice),"(voice: Japanese version)","(voice) (uncredited)","(voice: English version)"}'::text[]))
                                                                                             Rows Removed by Filter: 11792289
                                                                                       ->  Parallel Hash  (cost=97797.76..97797.76 rows=9 width=23) (actual time=690.055..690.055 rows=519 loops=3)
                                                                                             Buckets: 1024  Batches: 1  Memory Usage: 136kB
                                                                                             ->  Parallel Hash Join  (cost=81660.32..97797.76 rows=9 width=23) (actual time=571.110..689.568 rows=519 loops=3)
                                                                                                   Hash Cond: (an.person_id = n.id)
                                                                                                   ->  Parallel Seq Scan on aka_name an  (cost=0.00..15151.60 rows=375560 width=4) (actual time=0.033..73.378 rows=300448 loops=3)
                                                                                                   ->  Parallel Hash  (cost=81659.82..81659.82 rows=40 width=19) (actual time=569.554..569.554 rows=2256 loops=3)
                                                                                                         Buckets: 8192 (originally 1024)  Batches: 1 (originally 1)  Memory Usage: 536kB
                                                                                                         ->  Parallel Seq Scan on name n  (cost=0.00..81659.82 rows=40 width=19) (actual time=217.495..516.320 rows=2256 loops=3)
                                                                                                               Filter: (((name)::text ~~ '%Ang%'::text) AND ((gender)::text = 'f'::text))
                                                                                                               Rows Removed by Filter: 1386908
                                                                                 ->  Hash  (cost=1.15..1.15 rows=1 width=4) (actual time=0.070..0.070 rows=1 loops=3)
                                                                                       Buckets: 1024  Batches: 1  Memory Usage: 9kB
                                                                                       ->  Seq Scan on role_type rt  (cost=0.00..1.15 rows=1 width=4) (actual time=0.040..0.042 rows=1 loops=3)
                                                                                             Filter: ((role)::text = 'actress'::text)
                                                                                             Rows Removed by Filter: 11
 Planning Time: 52.884 ms
 Execution Time: 6296.379 ms
(69 rows)

execute /home/pei/Project/benchmarks/imdb_job-postgres/skinner_explained/19b.sql_explained.sql
SET
SET
                                                                                                         QUERY PLAN                                                                                                         
----------------------------------------------------------------------------------------------------------------------------------------------------------------------------------------------------------------------------
 Finalize Aggregate  (cost=947597.06..947597.07 rows=1 width=64) (actual time=8414.333..8414.333 rows=1 loops=1)
   ->  Gather  (cost=947596.94..947597.05 rows=1 width=64) (actual time=8414.084..8419.833 rows=2 loops=1)
         Workers Planned: 1
         Workers Launched: 1
         ->  Partial Aggregate  (cost=946596.94..946596.95 rows=1 width=64) (actual time=8408.062..8408.063 rows=1 loops=2)
               ->  Parallel Hash Join  (cost=941685.65..946596.94 rows=1 width=32) (actual time=8395.642..8408.042 rows=8 loops=2)
                     Hash Cond: (cn.id = mc.company_id)
                     ->  Parallel Seq Scan on company_name cn  (cost=0.00..4722.92 rows=50229 width=4) (actual time=0.015..25.041 rows=42422 loops=2)
                           Filter: ((country_code)::text = '[us]'::text)
                           Rows Removed by Filter: 75077
                     ->  Parallel Hash  (cost=941685.64..941685.64 rows=1 width=36) (actual time=8378.383..8378.383 rows=8 loops=2)
                           Buckets: 1024  Batches: 1  Memory Usage: 40kB
                           ->  Parallel Hash Join  (cost=903714.47..941685.64 rows=1 width=36) (actual time=8260.978..8378.340 rows=8 loops=2)
                                 Hash Cond: (mc.movie_id = t.id)
                                 ->  Parallel Seq Scan on movie_companies mc  (cost=0.00..37814.90 rows=41669 width=8) (actual time=0.030..404.092 rows=99260 loops=2)
                                       Filter: (((note)::text ~~ '%(200%)%'::text) AND (((note)::text ~~ '%(USA)%'::text) OR ((note)::text ~~ '%(worldwide)%'::text)))
                                       Rows Removed by Filter: 1205305
                                 ->  Parallel Hash  (cost=903714.46..903714.46 rows=1 width=44) (actual time=7962.813..7962.813 rows=2 loops=2)
                                       Buckets: 1024  Batches: 1  Memory Usage: 40kB
                                       ->  Parallel Hash Join  (cost=849274.92..903714.46 rows=1 width=44) (actual time=7874.586..7962.774 rows=2 loops=2)
                                             Hash Cond: (chn.id = ci.person_role_id)
                                             ->  Parallel Seq Scan on char_name chn  (cost=0.00..49532.75 rows=1308475 width=4) (actual time=0.029..357.144 rows=1570170 loops=2)
                                             ->  Parallel Hash  (cost=849274.91..849274.91 rows=1 width=48) (actual time=7418.196..7418.196 rows=2 loops=2)
                                                   Buckets: 1024  Batches: 1  Memory Usage: 40kB
                                                   ->  Parallel Hash Join  (cost=833137.42..849274.91 rows=1 width=48) (actual time=7360.364..7418.158 rows=2 loops=2)
                                                         Hash Cond: (n.id = ci.person_id)
                                                         ->  Parallel Hash Join  (cost=81660.32..97797.76 rows=9 width=23) (actual time=806.806..981.380 rows=648 loops=2)
                                                               Hash Cond: (an.person_id = n.id)
                                                               ->  Parallel Seq Scan on aka_name an  (cost=0.00..15151.60 rows=375560 width=4) (actual time=0.181..109.868 rows=450672 loops=2)
                                                               ->  Parallel Hash  (cost=81659.82..81659.82 rows=40 width=19) (actual time=805.126..805.127 rows=2704 loops=2)
                                                                     Buckets: 8192 (originally 1024)  Batches: 1 (originally 1)  Memory Usage: 472kB
                                                                     ->  Parallel Seq Scan on name n  (cost=0.00..81659.82 rows=40 width=19) (actual time=328.617..779.881 rows=2704 loops=2)
                                                                           Filter: (((name)::text ~~ '%Angel%'::text) AND ((gender)::text = 'f'::text))
                                                                           Rows Removed by Filter: 2081041
                                                         ->  Parallel Hash  (cost=751477.09..751477.09 rows=1 width=37) (actual time=6436.596..6436.597 rows=8 loops=2)
                                                               Buckets: 1024  Batches: 1  Memory Usage: 72kB
                                                               ->  Parallel Hash Join  (cost=496679.24..751477.09 rows=1 width=37) (actual time=4904.295..6436.525 rows=8 loops=2)
                                                                     Hash Cond: (mi.movie_id = t.id)
                                                                     ->  Hash Join  (cost=2.43..254799.18 rows=291 width=4) (actual time=621.841..2532.353 rows=34739 loops=2)
                                                                           Hash Cond: (mi.info_type_id = it.id)
                                                                           ->  Parallel Seq Scan on movie_info mi  (cost=0.00..254707.25 rows=32862 width=8) (actual time=621.714..2520.074 rows=34739 loops=2)
                                                                                 Filter: ((info IS NOT NULL) AND (((info)::text ~~ 'Japan:%2007%'::text) OR ((info)::text ~~ 'USA:%2008%'::text)))
                                                                                 Rows Removed by Filter: 7383121
                                                                           ->  Hash  (cost=2.41..2.41 rows=1 width=4) (actual time=0.062..0.071 rows=1 loops=2)
                                                                                 Buckets: 1024  Batches: 1  Memory Usage: 9kB
                                                                                 ->  Seq Scan on info_type it  (cost=0.00..2.41 rows=1 width=4) (actual time=0.039..0.050 rows=1 loops=2)
                                                                                       Filter: ((info)::text = 'release dates'::text)
                                                                                       Rows Removed by Filter: 112
                                                                     ->  Parallel Hash  (cost=496676.80..496676.80 rows=1 width=33) (actual time=3899.253..3899.253 rows=8 loops=2)
                                                                           Buckets: 1024  Batches: 1  Memory Usage: 72kB
                                                                           ->  Hash Join  (cost=54434.90..496676.80 rows=1 width=33) (actual time=1678.717..3899.165 rows=8 loops=2)
                                                                                 Hash Cond: (ci.role_id = rt.id)
                                                                                 ->  Parallel Hash Join  (cost=54433.73..496675.63 rows=3 width=37) (actual time=488.042..3899.037 rows=36 loops=2)
                                                                                       Hash Cond: (ci.movie_id = t.id)
                                                                                       ->  Parallel Seq Scan on cast_info ci  (cost=0.00..441459.62 rows=298009 width=16) (actual time=0.025..3494.756 rows=356914 loops=2)
                                                                                             Filter: ((note)::text = '(voice)'::text)
                                                                                             Rows Removed by Filter: 17765258
                                                                                       ->  Parallel Hash  (cost=54433.61..54433.61 rows=10 width=21) (actual time=355.491..355.491 rows=4 loops=2)
                                                                                             Buckets: 1024  Batches: 1  Memory Usage: 72kB
                                                                                             ->  Parallel Seq Scan on title t  (cost=0.00..54433.61 rows=10 width=21) (actual time=33.435..355.431 rows=4 loops=2)
                                                                                                   Filter: ((production_year >= 2007) AND (production_year <= 2008) AND ((title)::text ~~ '%Kung%Fu%Panda%'::text))
                                                                                                   Rows Removed by Filter: 1264152
                                                                                 ->  Hash  (cost=1.15..1.15 rows=1 width=4) (actual time=0.052..0.053 rows=1 loops=2)
                                                                                       Buckets: 1024  Batches: 1  Memory Usage: 9kB
                                                                                       ->  Seq Scan on role_type rt  (cost=0.00..1.15 rows=1 width=4) (actual time=0.027..0.029 rows=1 loops=2)
                                                                                             Filter: ((role)::text = 'actress'::text)
                                                                                             Rows Removed by Filter: 11
 Planning Time: 51.599 ms
 Execution Time: 8420.798 ms
(69 rows)

execute /home/pei/Project/benchmarks/imdb_job-postgres/skinner_explained/19c.sql_explained.sql
SET
SET
                                                                                                                QUERY PLAN                                                                                                                
------------------------------------------------------------------------------------------------------------------------------------------------------------------------------------------------------------------------------------------
 Finalize Aggregate  (cost=979421.66..979421.67 rows=1 width=64) (actual time=8479.854..8479.854 rows=1 loops=1)
   ->  Gather  (cost=979421.44..979421.65 rows=2 width=64) (actual time=8479.086..8486.212 rows=3 loops=1)
         Workers Planned: 2
         Workers Launched: 2
         ->  Partial Aggregate  (cost=978421.44..978421.45 rows=1 width=64) (actual time=8471.571..8471.571 rows=1 loops=3)
               ->  Parallel Hash Join  (cost=961861.47..978421.43 rows=2 width=32) (actual time=8354.666..8471.142 rows=1192 loops=3)
                     Hash Cond: (an.person_id = n.id)
                     ->  Parallel Seq Scan on aka_name an  (cost=0.00..15151.60 rows=375560 width=4) (actual time=0.029..75.441 rows=300448 loops=3)
                     ->  Parallel Hash  (cost=961861.46..961861.46 rows=1 width=40) (actual time=8352.079..8352.079 rows=877 loops=3)
                           Buckets: 2048 (originally 1024)  Batches: 1 (originally 1)  Memory Usage: 280kB
                           ->  Parallel Hash Join  (cost=956950.17..961861.46 rows=1 width=40) (actual time=8327.127..8349.641 rows=877 loops=3)
                                 Hash Cond: (cn.id = mc.company_id)
                                 ->  Parallel Seq Scan on company_name cn  (cost=0.00..4722.92 rows=50229 width=4) (actual time=0.017..18.212 rows=28281 loops=3)
                                       Filter: ((country_code)::text = '[us]'::text)
                                       Rows Removed by Filter: 50051
                                 ->  Parallel Hash  (cost=956950.15..956950.15 rows=2 width=44) (actual time=8326.935..8326.935 rows=2862 loops=3)
                                       Buckets: 8192 (originally 1024)  Batches: 1 (originally 1)  Memory Usage: 888kB
                                       ->  Parallel Hash Join  (cost=923212.00..956950.15 rows=2 width=44) (actual time=8007.551..8294.569 rows=2862 loops=3)
                                             Hash Cond: (mc.movie_id = t.id)
                                             ->  Parallel Seq Scan on movie_companies mc  (cost=0.00..29661.37 rows=1087137 width=8) (actual time=0.027..162.679 rows=869710 loops=3)
                                             ->  Parallel Hash  (cost=923211.99..923211.99 rows=1 width=52) (actual time=8006.105..8006.105 rows=710 loops=3)
                                                   Buckets: 2048 (originally 1024)  Batches: 1 (originally 1)  Memory Usage: 280kB
                                                   ->  Parallel Hash Join  (cost=868772.46..923211.99 rows=1 width=52) (actual time=7552.455..7950.783 rows=710 loops=3)
                                                         Hash Cond: (chn.id = ci.person_role_id)
                                                         ->  Parallel Seq Scan on char_name chn  (cost=0.00..49532.75 rows=1308475 width=4) (actual time=0.537..252.176 rows=1046780 loops=3)
                                                         ->  Parallel Hash  (cost=868772.44..868772.44 rows=1 width=56) (actual time=7549.585..7549.585 rows=755 loops=3)
                                                               Buckets: 2048 (originally 1024)  Batches: 1 (originally 1)  Memory Usage: 312kB
                                                               ->  Parallel Hash Join  (cost=817446.81..868772.44 rows=1 width=56) (actual time=7202.221..7527.136 rows=755 loops=3)
                                                                     Hash Cond: (t.id = mi.movie_id)
                                                                     ->  Parallel Seq Scan on title t  (cost=0.00..49166.29 rows=575821 width=21) (actual time=0.036..270.876 rows=460484 loops=3)
                                                                           Filter: (production_year > 2000)
                                                                           Rows Removed by Filter: 382286
                                                                     ->  Parallel Hash  (cost=817446.79..817446.79 rows=2 width=35) (actual time=7200.171..7200.171 rows=840 loops=3)
                                                                           Buckets: 4096 (originally 1024)  Batches: 1 (originally 1)  Memory Usage: 312kB
                                                                           ->  Parallel Hash Join  (cost=562110.73..817446.79 rows=2 width=35) (actual time=4018.357..5301.414 rows=840 loops=3)
                                                                                 Hash Cond: (mi.movie_id = ci.movie_id)
                                                                                 ->  Hash Join  (cost=2.43..255330.90 rows=2019 width=4) (actual time=420.104..1683.421 rows=150346 loops=3)
                                                                                       Hash Cond: (mi.info_type_id = it.id)
                                                                                       ->  Parallel Seq Scan on movie_info mi  (cost=0.00..254707.25 rows=228101 width=8) (actual time=177.613..1646.492 rows=150368 loops=3)
                                                                                             Filter: ((info IS NOT NULL) AND (((info)::text ~~ 'Japan:%200%'::text) OR ((info)::text ~~ 'USA:%200%'::text)))
                                                                                             Rows Removed by Filter: 4794872
                                                                                       ->  Hash  (cost=2.41..2.41 rows=1 width=4) (actual time=0.069..0.069 rows=1 loops=3)
                                                                                             Buckets: 1024  Batches: 1  Memory Usage: 9kB
                                                                                             ->  Seq Scan on info_type it  (cost=0.00..2.41 rows=1 width=4) (actual time=0.046..0.057 rows=1 loops=3)
                                                                                                   Filter: ((info)::text = 'release dates'::text)
                                                                                                   Rows Removed by Filter: 112
                                                                                 ->  Parallel Hash  (cost=562103.89..562103.89 rows=353 width=31) (actual time=3594.860..3594.860 rows=2184 loops=3)
                                                                                       Buckets: 8192 (originally 1024)  Batches: 1 (originally 1)  Memory Usage: 600kB
                                                                                       ->  Hash Join  (cost=81911.39..562103.89 rows=353 width=31) (actual time=1445.412..3403.509 rows=2184 loops=3)
                                                                                             Hash Cond: (ci.role_id = rt.id)
                                                                                             ->  Parallel Hash Join  (cost=81910.23..562087.69 rows=4234 width=35) (actual time=1445.302..3402.609 rows=2185 loops=3)
                                                                                                   Hash Cond: (ci.person_id = n.id)
                                                                                                   ->  Parallel Seq Scan on cast_info ci  (cost=0.00..479214.15 rows=366974 width=16) (actual time=0.067..2823.913 rows=289159 loops=3)
                                                                                                         Filter: ((note)::text = ANY ('{(voice),"(voice: Japanese version)","(voice) (uncredited)","(voice: English version)"}'::text[]))
                                                                                                         Rows Removed by Filter: 11792289
                                                                                                   ->  Parallel Hash  (cost=81659.82..81659.82 rows=20033 width=19) (actual time=533.578..533.579 rows=16670 loops=3)
                                                                                                         Buckets: 65536  Batches: 1  Memory Usage: 3296kB
                                                                                                         ->  Parallel Seq Scan on name n  (cost=0.00..81659.82 rows=20033 width=19) (actual time=218.476..520.715 rows=16670 loops=3)
                                                                                                               Filter: (((name)::text ~~ '%An%'::text) AND ((gender)::text = 'f'::text))
                                                                                                               Rows Removed by Filter: 1372493
                                                                                             ->  Hash  (cost=1.15..1.15 rows=1 width=4) (actual time=0.057..0.057 rows=1 loops=3)
                                                                                                   Buckets: 1024  Batches: 1  Memory Usage: 9kB
                                                                                                   ->  Seq Scan on role_type rt  (cost=0.00..1.15 rows=1 width=4) (actual time=0.031..0.033 rows=1 loops=3)
                                                                                                         Filter: ((role)::text = 'actress'::text)
                                                                                                         Rows Removed by Filter: 11
 Planning Time: 51.440 ms
 Execution Time: 8487.187 ms
(67 rows)

execute /home/pei/Project/benchmarks/imdb_job-postgres/skinner_explained/19d.sql_explained.sql
SET
SET
                                                                                                          QUERY PLAN                                                                                                          
------------------------------------------------------------------------------------------------------------------------------------------------------------------------------------------------------------------------------
 Finalize Aggregate  (cost=992869.82..992869.83 rows=1 width=64) (actual time=9547.898..9547.898 rows=1 loops=1)
   ->  Gather  (cost=992869.60..992869.81 rows=2 width=64) (actual time=9485.328..9803.558 rows=3 loops=1)
         Workers Planned: 2
         Workers Launched: 2
         ->  Partial Aggregate  (cost=991869.60..991869.61 rows=1 width=64) (actual time=9496.807..9496.808 rows=1 loops=3)
               ->  Parallel Hash Join  (cost=975303.84..991864.20 rows=1080 width=32) (actual time=9124.961..9343.706 rows=586882 loops=3)
                     Hash Cond: (an.person_id = n.id)
                     ->  Parallel Seq Scan on aka_name an  (cost=0.00..15151.60 rows=375560 width=4) (actual time=0.049..75.349 rows=300448 loops=3)
                     ->  Parallel Hash  (cost=975297.96..975297.96 rows=470 width=40) (actual time=8928.543..8928.543 rows=262348 loops=3)
                           Buckets: 65536 (originally 2048)  Batches: 32 (originally 1)  Memory Usage: 4384kB
                           ->  Parallel Hash Join  (cost=941555.37..975297.96 rows=470 width=40) (actual time=8192.178..8714.607 rows=262348 loops=3)
                                 Hash Cond: (mc.company_id = cn.id)
                                 ->  Parallel Hash Join  (cost=936204.59..969943.78 rows=1294 width=44) (actual time=8157.018..8535.198 rows=1076352 loops=3)
                                       Hash Cond: (mc.movie_id = t.id)
                                       ->  Parallel Seq Scan on movie_companies mc  (cost=0.00..29661.37 rows=1087137 width=8) (actual time=0.404..160.954 rows=869710 loops=3)
                                       ->  Parallel Hash  (cost=936201.50..936201.50 rows=247 width=52) (actual time=7758.747..7758.747 rows=113945 loops=3)
                                             Buckets: 32768 (originally 1024)  Batches: 16 (originally 1)  Memory Usage: 2624kB
                                             ->  Parallel Hash Join  (cost=884874.85..936201.50 rows=247 width=52) (actual time=7473.098..7658.653 rows=113945 loops=3)
                                                   Hash Cond: (t.id = mi.movie_id)
                                                   ->  Parallel Seq Scan on title t  (cost=0.00..49166.29 rows=575821 width=21) (actual time=0.043..275.324 rows=460484 loops=3)
                                                         Filter: (production_year > 2000)
                                                         Rows Removed by Filter: 382286
                                                   ->  Parallel Hash  (cost=884869.20..884869.20 rows=452 width=31) (actual time=7020.390..7020.390 rows=166016 loops=3)
                                                         Buckets: 65536 (originally 2048)  Batches: 16 (originally 1)  Memory Usage: 2944kB
                                                         ->  Parallel Hash Join  (cost=636506.19..884869.20 rows=452 width=31) (actual time=6713.645..6890.419 rows=166016 loops=3)
                                                               Hash Cond: (ci.person_role_id = chn.id)
                                                               ->  Parallel Hash Join  (cost=565505.50..808738.07 rows=934 width=35) (actual time=5947.761..6073.963 rows=182242 loops=3)
                                                                     Hash Cond: (ci.person_id = n.id)
                                                                     ->  Parallel Hash Join  (cost=480903.52..721760.35 rows=4089 width=16) (actual time=5141.238..5323.462 rows=182372 loops=3)
                                                                           Hash Cond: (mi.movie_id = ci.movie_id)
                                                                           ->  Hash Join  (cost=2.43..240637.08 rows=54704 width=4) (actual time=454.151..1891.165 rows=1012240 loops=3)
                                                                                 Hash Cond: (mi.info_type_id = it.id)
                                                                                 ->  Parallel Seq Scan on movie_info mi  (cost=0.00..223799.50 rows=6181550 width=8) (actual time=0.055..1131.146 rows=4945240 loops=3)
                                                                                 ->  Hash  (cost=2.41..2.41 rows=1 width=4) (actual time=0.055..0.056 rows=1 loops=3)
                                                                                       Buckets: 1024  Batches: 1  Memory Usage: 9kB
                                                                                       ->  Seq Scan on info_type it  (cost=0.00..2.41 rows=1 width=4) (actual time=0.041..0.052 rows=1 loops=3)
                                                                                             Filter: ((info)::text = 'release dates'::text)
                                                                                             Rows Removed by Filter: 112
                                                                           ->  Parallel Hash  (cost=480518.83..480518.83 rows=30581 width=12) (actual time=2970.453..2970.453 rows=92055 loops=3)
                                                                                 Buckets: 65536 (originally 131072)  Batches: 8 (originally 1)  Memory Usage: 2176kB
                                                                                 ->  Hash Join  (cost=1.16..480518.83 rows=30581 width=12) (actual time=912.889..2895.608 rows=92055 loops=3)
                                                                                       Hash Cond: (ci.role_id = rt.id)
                                                                                       ->  Parallel Seq Scan on cast_info ci  (cost=0.00..479214.15 rows=366974 width=16) (actual time=0.056..2832.669 rows=289159 loops=3)
                                                                                             Filter: ((note)::text = ANY ('{(voice),"(voice: Japanese version)","(voice) (uncredited)","(voice: English version)"}'::text[]))
                                                                                             Rows Removed by Filter: 11792289
                                                                                       ->  Hash  (cost=1.15..1.15 rows=1 width=4) (actual time=0.035..0.035 rows=1 loops=3)
                                                                                             Buckets: 1024  Batches: 1  Memory Usage: 9kB
                                                                                             ->  Seq Scan on role_type rt  (cost=0.00..1.15 rows=1 width=4) (actual time=0.031..0.033 rows=1 loops=3)
                                                                                                   Filter: ((role)::text = 'actress'::text)
                                                                                                   Rows Removed by Filter: 11
                                                                     ->  Parallel Hash  (cost=77318.68..77318.68 rows=396664 width=19) (actual time=556.265..556.265 rows=320518 loops=3)
                                                                           Buckets: 65536  Batches: 16  Memory Usage: 3872kB
                                                                           ->  Parallel Seq Scan on name n  (cost=0.00..77318.68 rows=396664 width=19) (actual time=183.503..445.154 rows=320518 loops=3)
                                                                                 Filter: ((gender)::text = 'f'::text)
                                                                                 Rows Removed by Filter: 1068645
                                                               ->  Parallel Hash  (cost=49532.75..49532.75 rows=1308475 width=4) (actual time=559.797..559.797 rows=1046780 loops=3)
                                                                     Buckets: 131072  Batches: 64  Memory Usage: 2976kB
                                                                     ->  Parallel Seq Scan on char_name chn  (cost=0.00..49532.75 rows=1308475 width=4) (actual time=0.063..281.070 rows=1046780 loops=3)
                                 ->  Parallel Hash  (cost=4722.92..4722.92 rows=50229 width=4) (actual time=34.235..34.235 rows=28281 loops=3)
                                       Buckets: 131072  Batches: 1  Memory Usage: 4384kB
                                       ->  Parallel Seq Scan on company_name cn  (cost=0.00..4722.92 rows=50229 width=4) (actual time=0.024..20.177 rows=28281 loops=3)
                                             Filter: ((country_code)::text = '[us]'::text)
                                             Rows Removed by Filter: 50051
 Planning Time: 51.741 ms
 Execution Time: 9806.056 ms
(65 rows)

execute /home/pei/Project/benchmarks/imdb_job-postgres/skinner_explained/1a.sql_explained.sql
SET
SET
                                                                                                       QUERY PLAN                                                                                                       
------------------------------------------------------------------------------------------------------------------------------------------------------------------------------------------------------------------------
 Finalize Aggregate  (cost=104638.31..104638.32 rows=1 width=68) (actual time=852.542..852.543 rows=1 loops=1)
   ->  Gather  (cost=104638.09..104638.30 rows=2 width=68) (actual time=852.073..857.685 rows=3 loops=1)
         Workers Planned: 2
         Workers Launched: 2
         ->  Partial Aggregate  (cost=103638.09..103638.10 rows=1 width=68) (actual time=845.623..845.623 rows=1 loops=3)
               ->  Parallel Hash Join  (cost=53154.41..103637.73 rows=47 width=45) (actual time=736.561..845.517 rows=47 loops=3)
                     Hash Cond: (t.id = mc.movie_id)
                     ->  Parallel Seq Scan on title t  (cost=0.00..46532.63 rows=1053463 width=25) (actual time=0.032..222.443 rows=842771 loops=3)
                     ->  Parallel Hash  (cost=53153.83..53153.83 rows=47 width=32) (actual time=517.296..517.296 rows=47 loops=3)
                           Buckets: 1024  Batches: 1  Memory Usage: 72kB
                           ->  Parallel Hash Join  (cost=37883.38..53153.83 rows=47 width=32) (actual time=516.766..516.974 rows=47 loops=3)
                                 Hash Cond: (mi_idx.movie_id = mc.movie_id)
                                 ->  Hash Join  (cost=2.43..15253.60 rows=5089 width=4) (actual time=134.245..134.285 rows=83 loops=3)
                                       Hash Cond: (mi_idx.info_type_id = it.id)
                                       ->  Parallel Seq Scan on movie_info_idx mi_idx  (cost=0.00..13685.15 rows=575015 width=8) (actual time=0.031..78.478 rows=460012 loops=3)
                                       ->  Hash  (cost=2.41..2.41 rows=1 width=4) (actual time=0.065..0.065 rows=1 loops=3)
                                             Buckets: 1024  Batches: 1  Memory Usage: 9kB
                                             ->  Seq Scan on info_type it  (cost=0.00..2.41 rows=1 width=4) (actual time=0.047..0.049 rows=1 loops=3)
                                                   Filter: ((info)::text = 'top 250 rank'::text)
                                                   Rows Removed by Filter: 112
                                 ->  Parallel Hash  (cost=37857.14..37857.14 rows=1905 width=28) (actual time=382.420..382.420 rows=9552 loops=3)
                                       Buckets: 32768 (originally 8192)  Batches: 1 (originally 1)  Memory Usage: 2112kB
                                       ->  Hash Join  (cost=1.06..37857.14 rows=1905 width=28) (actual time=276.803..371.595 rows=9552 loops=3)
                                             Hash Cond: (mc.company_type_id = ct.id)
                                             ->  Parallel Seq Scan on movie_companies mc  (cost=0.00..37814.90 rows=7618 width=32) (actual time=40.537..367.855 rows=9630 loops=3)
                                                   Filter: (((note)::text !~~ '%(as Metro-Goldwyn-Mayer Pictures)%'::text) AND (((note)::text ~~ '%(co-production)%'::text) OR ((note)::text ~~ '%(presents)%'::text)))
                                                   Rows Removed by Filter: 860080
                                             ->  Hash  (cost=1.05..1.05 rows=1 width=4) (actual time=0.059..0.059 rows=1 loops=3)
                                                   Buckets: 1024  Batches: 1  Memory Usage: 9kB
                                                   ->  Seq Scan on company_type ct  (cost=0.00..1.05 rows=1 width=4) (actual time=0.037..0.038 rows=1 loops=3)
                                                         Filter: ((kind)::text = 'production companies'::text)
                                                         Rows Removed by Filter: 3
 Planning Time: 3.915 ms
 Execution Time: 858.217 ms
(34 rows)

execute /home/pei/Project/benchmarks/imdb_job-postgres/skinner_explained/1b.sql_explained.sql
SET
SET
                                                                                         QUERY PLAN                                                                                          
---------------------------------------------------------------------------------------------------------------------------------------------------------------------------------------------
 Finalize Aggregate  (cost=103766.13..103766.14 rows=1 width=68) (actual time=740.761..740.761 rows=1 loops=1)
   ->  Gather  (cost=103765.91..103766.12 rows=2 width=68) (actual time=740.516..745.683 rows=3 loops=1)
         Workers Planned: 2
         Workers Launched: 2
         ->  Partial Aggregate  (cost=102765.91..102765.92 rows=1 width=68) (actual time=734.137..734.137 rows=1 loops=3)
               ->  Hash Join  (cost=68268.30..102758.62 rows=972 width=45) (actual time=719.481..734.119 rows=1 loops=3)
                     Hash Cond: (mc.company_type_id = ct.id)
                     ->  Parallel Hash Join  (cost=68267.24..102736.53 rows=3890 width=49) (actual time=541.548..733.834 rows=22 loops=3)
                           Hash Cond: (mc.movie_id = t.id)
                           ->  Parallel Seq Scan on movie_companies mc  (cost=0.00..32379.21 rows=556503 width=32) (actual time=0.033..266.754 rows=445696 loops=3)
                                 Filter: ((note)::text !~~ '%(as Metro-Goldwyn-Mayer Pictures)%'::text)
                                 Rows Removed by Filter: 424014
                           ->  Parallel Hash  (cost=68249.11..68249.11 rows=1450 width=29) (actual time=422.503..422.503 rows=1 loops=3)
                                 Buckets: 4096  Batches: 1  Memory Usage: 96kB
                                 ->  Parallel Hash Join  (cost=15317.21..68249.11 rows=1450 width=29) (actual time=390.289..422.388 rows=1 loops=3)
                                       Hash Cond: (t.id = mi_idx.movie_id)
                                       ->  Parallel Seq Scan on title t  (cost=0.00..51799.95 rows=300243 width=25) (actual time=0.038..260.998 rows=238753 loops=3)
                                             Filter: ((production_year >= 2005) AND (production_year <= 2010))
                                             Rows Removed by Filter: 604018
                                       ->  Parallel Hash  (cost=15253.60..15253.60 rows=5089 width=4) (actual time=133.294..133.294 rows=3 loops=3)
                                             Buckets: 16384  Batches: 1  Memory Usage: 160kB
                                             ->  Hash Join  (cost=2.43..15253.60 rows=5089 width=4) (actual time=133.215..133.217 rows=3 loops=3)
                                                   Hash Cond: (mi_idx.info_type_id = it.id)
                                                   ->  Parallel Seq Scan on movie_info_idx mi_idx  (cost=0.00..13685.15 rows=575015 width=8) (actual time=0.052..76.801 rows=460012 loops=3)
                                                   ->  Hash  (cost=2.41..2.41 rows=1 width=4) (actual time=0.071..0.071 rows=1 loops=3)
                                                         Buckets: 1024  Batches: 1  Memory Usage: 9kB
                                                         ->  Seq Scan on info_type it  (cost=0.00..2.41 rows=1 width=4) (actual time=0.050..0.051 rows=1 loops=3)
                                                               Filter: ((info)::text = 'bottom 10 rank'::text)
                                                               Rows Removed by Filter: 112
                     ->  Hash  (cost=1.05..1.05 rows=1 width=4) (actual time=0.058..0.058 rows=1 loops=3)
                           Buckets: 1024  Batches: 1  Memory Usage: 9kB
                           ->  Seq Scan on company_type ct  (cost=0.00..1.05 rows=1 width=4) (actual time=0.036..0.037 rows=1 loops=3)
                                 Filter: ((kind)::text = 'production companies'::text)
                                 Rows Removed by Filter: 3
 Planning Time: 3.650 ms
 Execution Time: 746.176 ms
(36 rows)

execute /home/pei/Project/benchmarks/imdb_job-postgres/skinner_explained/1c.sql_explained.sql
SET
SET
                                                                                     QUERY PLAN                                                                                     
------------------------------------------------------------------------------------------------------------------------------------------------------------------------------------
 Finalize Aggregate  (cost=101209.01..101209.02 rows=1 width=68) (actual time=707.547..707.547 rows=1 loops=1)
   ->  Gather  (cost=101208.79..101209.00 rows=2 width=68) (actual time=707.170..712.161 rows=3 loops=1)
         Workers Planned: 2
         Workers Launched: 2
         ->  Partial Aggregate  (cost=100208.79..100208.80 rows=1 width=68) (actual time=700.752..700.753 rows=1 loops=3)
               ->  Parallel Hash Join  (cost=50420.55..100208.75 rows=5 width=45) (actual time=682.311..700.745 rows=1 loops=3)
                     Hash Cond: (t.id = mc.movie_id)
                     ->  Parallel Seq Scan on title t  (cost=0.00..49166.29 rows=165838 width=25) (actual time=0.032..238.915 rows=130555 loops=3)
                           Filter: (production_year > 2010)
                           Rows Removed by Filter: 712215
                     ->  Parallel Hash  (cost=50420.11..50420.11 rows=35 width=32) (actual time=444.881..444.881 rows=8 loops=3)
                           Buckets: 1024  Batches: 1  Memory Usage: 72kB
                           ->  Parallel Hash Join  (cost=35149.70..50420.11 rows=35 width=32) (actual time=444.623..444.685 rows=8 loops=3)
                                 Hash Cond: (mi_idx.movie_id = mc.movie_id)
                                 ->  Hash Join  (cost=2.43..15253.60 rows=5089 width=4) (actual time=132.144..132.177 rows=83 loops=3)
                                       Hash Cond: (mi_idx.info_type_id = it.id)
                                       ->  Parallel Seq Scan on movie_info_idx mi_idx  (cost=0.00..13685.15 rows=575015 width=8) (actual time=0.036..76.389 rows=460012 loops=3)
                                       ->  Hash  (cost=2.41..2.41 rows=1 width=4) (actual time=0.067..0.067 rows=1 loops=3)
                                             Buckets: 1024  Batches: 1  Memory Usage: 9kB
                                             ->  Seq Scan on info_type it  (cost=0.00..2.41 rows=1 width=4) (actual time=0.047..0.048 rows=1 loops=3)
                                                   Filter: ((info)::text = 'top 250 rank'::text)
                                                   Rows Removed by Filter: 112
                                 ->  Parallel Hash  (cost=35129.26..35129.26 rows=1441 width=28) (actual time=312.365..312.365 rows=5937 loops=3)
                                       Buckets: 32768 (originally 4096)  Batches: 1 (originally 1)  Memory Usage: 1536kB
                                       ->  Hash Join  (cost=1.06..35129.26 rows=1441 width=28) (actual time=213.279..299.950 rows=5937 loops=3)
                                             Hash Cond: (mc.company_type_id = ct.id)
                                             ->  Parallel Seq Scan on movie_companies mc  (cost=0.00..35097.06 rows=5762 width=32) (actual time=160.311..297.432 rows=5939 loops=3)
                                                   Filter: (((note)::text !~~ '%(as Metro-Goldwyn-Mayer Pictures)%'::text) AND ((note)::text ~~ '%(co-production)%'::text))
                                                   Rows Removed by Filter: 863771
                                             ->  Hash  (cost=1.05..1.05 rows=1 width=4) (actual time=0.056..0.056 rows=1 loops=3)
                                                   Buckets: 1024  Batches: 1  Memory Usage: 9kB
                                                   ->  Seq Scan on company_type ct  (cost=0.00..1.05 rows=1 width=4) (actual time=0.037..0.039 rows=1 loops=3)
                                                         Filter: ((kind)::text = 'production companies'::text)
                                                         Rows Removed by Filter: 3
 Planning Time: 3.702 ms
 Execution Time: 712.665 ms
(36 rows)

execute /home/pei/Project/benchmarks/imdb_job-postgres/skinner_explained/1d.sql_explained.sql
SET
SET
                                                                                         QUERY PLAN                                                                                          
---------------------------------------------------------------------------------------------------------------------------------------------------------------------------------------------
 Finalize Aggregate  (cost=102217.02..102217.03 rows=1 width=68) (actual time=771.830..771.830 rows=1 loops=1)
   ->  Gather  (cost=102216.80..102217.01 rows=2 width=68) (actual time=771.569..777.347 rows=3 loops=1)
         Workers Planned: 2
         Workers Launched: 2
         ->  Partial Aggregate  (cost=101216.80..101216.81 rows=1 width=68) (actual time=765.229..765.229 rows=1 loops=3)
               ->  Hash Join  (cost=66690.26..101202.81 rows=1865 width=45) (actual time=746.668..765.207 rows=1 loops=3)
                     Hash Cond: (mc.company_type_id = ct.id)
                     ->  Parallel Hash Join  (cost=66689.20..101161.42 rows=7460 width=49) (actual time=600.063..764.935 rows=26 loops=3)
                           Hash Cond: (mc.movie_id = t.id)
                           ->  Parallel Seq Scan on movie_companies mc  (cost=0.00..32379.21 rows=556503 width=32) (actual time=0.057..268.041 rows=445696 loops=3)
                                 Filter: ((note)::text !~~ '%(as Metro-Goldwyn-Mayer Pictures)%'::text)
                                 Rows Removed by Filter: 424014
                           ->  Parallel Hash  (cost=66654.42..66654.42 rows=2782 width=29) (actual time=451.709..451.709 rows=2 loops=3)
                                 Buckets: 8192  Batches: 1  Memory Usage: 160kB
                                 ->  Parallel Hash Join  (cost=15317.21..66654.42 rows=2782 width=29) (actual time=381.378..451.574 rows=2 loops=3)
                                       Hash Cond: (t.id = mi_idx.movie_id)
                                       ->  Parallel Seq Scan on title t  (cost=0.00..49166.29 rows=575821 width=25) (actual time=0.036..269.856 rows=460484 loops=3)
                                             Filter: (production_year > 2000)
                                             Rows Removed by Filter: 382286
                                       ->  Parallel Hash  (cost=15253.60..15253.60 rows=5089 width=4) (actual time=132.766..132.766 rows=3 loops=3)
                                             Buckets: 16384  Batches: 1  Memory Usage: 160kB
                                             ->  Hash Join  (cost=2.43..15253.60 rows=5089 width=4) (actual time=132.665..132.667 rows=3 loops=3)
                                                   Hash Cond: (mi_idx.info_type_id = it.id)
                                                   ->  Parallel Seq Scan on movie_info_idx mi_idx  (cost=0.00..13685.15 rows=575015 width=8) (actual time=0.042..76.514 rows=460012 loops=3)
                                                   ->  Hash  (cost=2.41..2.41 rows=1 width=4) (actual time=0.068..0.068 rows=1 loops=3)
                                                         Buckets: 1024  Batches: 1  Memory Usage: 9kB
                                                         ->  Seq Scan on info_type it  (cost=0.00..2.41 rows=1 width=4) (actual time=0.049..0.050 rows=1 loops=3)
                                                               Filter: ((info)::text = 'bottom 10 rank'::text)
                                                               Rows Removed by Filter: 112
                     ->  Hash  (cost=1.05..1.05 rows=1 width=4) (actual time=0.054..0.054 rows=1 loops=3)
                           Buckets: 1024  Batches: 1  Memory Usage: 9kB
                           ->  Seq Scan on company_type ct  (cost=0.00..1.05 rows=1 width=4) (actual time=0.034..0.036 rows=1 loops=3)
                                 Filter: ((kind)::text = 'production companies'::text)
                                 Rows Removed by Filter: 3
 Planning Time: 3.589 ms
 Execution Time: 777.832 ms
(36 rows)

execute /home/pei/Project/benchmarks/imdb_job-postgres/skinner_explained/20a.sql_explained.sql
SET
SET
                                                                                                 QUERY PLAN                                                                                                  
-------------------------------------------------------------------------------------------------------------------------------------------------------------------------------------------------------------
 Aggregate  (cost=690921.15..690921.16 rows=1 width=32) (actual time=5661.825..5661.825 rows=1 loops=1)
   ->  Hash Join  (cost=611431.78..690921.14 rows=1 width=17) (actual time=5177.350..5661.799 rows=33 loops=1)
         Hash Cond: (t.kind_id = kt.id)
         ->  Gather  (cost=611430.68..690920.04 rows=1 width=21) (actual time=5177.219..5667.318 rows=33 loops=1)
               Workers Planned: 2
               Workers Launched: 2
               ->  Parallel Hash Join  (cost=610430.68..689919.94 rows=1 width=21) (actual time=5203.532..5654.209 rows=11 loops=3)
                     Hash Cond: (n.id = ci.person_id)
                     ->  Parallel Seq Scan on name n  (cost=0.00..72977.55 rows=1736455 width=4) (actual time=0.590..376.760 rows=1389164 loops=3)
                     ->  Parallel Hash  (cost=610430.67..610430.67 rows=1 width=25) (actual time=5107.220..5107.220 rows=11 loops=3)
                           Buckets: 1024  Batches: 1  Memory Usage: 104kB
                           ->  Hash Join  (cost=557690.68..610430.67 rows=1 width=25) (actual time=5022.757..5107.128 rows=11 loops=3)
                                 Hash Cond: (t.id = cc.movie_id)
                                 ->  Parallel Hash Join  (cost=554588.26..607328.24 rows=1 width=37) (actual time=4724.421..5007.926 rows=59 loops=3)
                                       Hash Cond: (t.id = mk.movie_id)
                                       ->  Parallel Seq Scan on title t  (cost=0.00..49166.29 rows=952979 width=25) (actual time=0.029..280.930 rows=762424 loops=3)
                                             Filter: (production_year > 1950)
                                             Rows Removed by Filter: 80347
                                       ->  Parallel Hash  (cost=554588.25..554588.25 rows=1 width=12) (actual time=4652.199..4652.199 rows=59 loops=3)
                                             Buckets: 1024  Batches: 1  Memory Usage: 104kB
                                             ->  Parallel Hash Join  (cost=111235.39..554588.25 rows=1 width=12) (actual time=1338.753..4652.098 rows=59 loops=3)
                                                   Hash Cond: (ci.movie_id = mk.movie_id)
                                                   ->  Parallel Hash Join  (cost=59349.58..502696.95 rows=1460 width=8) (actual time=618.931..4036.177 rows=185 loops=3)
                                                         Hash Cond: (ci.person_role_id = chn.id)
                                                         ->  Parallel Seq Scan on cast_info ci  (cost=0.00..403705.10 rows=15101810 width=12) (actual time=0.025..2159.853 rows=12081448 loops=3)
                                                         ->  Parallel Hash  (cost=59346.31..59346.31 rows=262 width=4) (actual time=538.548..538.549 rows=10 loops=3)
                                                               Buckets: 1024  Batches: 1  Memory Usage: 104kB
                                                               ->  Parallel Seq Scan on char_name chn  (cost=0.00..59346.31 rows=262 width=4) (actual time=24.251..538.441 rows=10 loops=3)
                                                                     Filter: (((name)::text !~~ '%Sherlock%'::text) AND (((name)::text ~~ '%Tony%Stark%'::text) OR ((name)::text ~~ '%Iron%Man%'::text)))
                                                                     Rows Removed by Filter: 1046770
                                                   ->  Parallel Hash  (cost=51884.41..51884.41 rows=112 width=4) (actual time=615.745..615.745 rows=11849 loops=3)
                                                         Buckets: 65536 (originally 1024)  Batches: 1 (originally 1)  Memory Usage: 2488kB
                                                         ->  Hash Join  (cost=3632.50..51884.41 rows=112 width=4) (actual time=58.830..503.793 rows=11849 loops=3)
                                                               Hash Cond: (mk.keyword_id = k.id)
                                                               ->  Parallel Seq Scan on movie_keyword mk  (cost=0.00..43303.71 rows=1884971 width=8) (actual time=0.042..256.981 rows=1507977 loops=3)
                                                               ->  Hash  (cost=3632.40..3632.40 rows=8 width=4) (actual time=58.485..58.485 rows=8 loops=3)
                                                                     Buckets: 1024  Batches: 1  Memory Usage: 9kB
                                                                     ->  Seq Scan on keyword k  (cost=0.00..3632.40 rows=8 width=4) (actual time=0.207..58.467 rows=8 loops=3)
                                                                           Filter: ((keyword)::text = ANY ('{superhero,sequel,second-part,marvel-comics,based-on-comic,tv-special,fight,violence}'::text[]))
                                                                           Rows Removed by Filter: 134162
                                 ->  Hash  (cost=2996.88..2996.88 rows=8443 width=4) (actual time=98.855..98.855 rows=85941 loops=3)
                                       Buckets: 131072 (originally 16384)  Batches: 1 (originally 1)  Memory Usage: 4046kB
                                       ->  Hash Join  (cost=2.12..2996.88 rows=8443 width=4) (actual time=0.253..71.493 rows=85941 loops=3)
                                             Hash Cond: (cc.status_id = cct2.id)
                                             ->  Hash Join  (cost=1.06..2813.24 rows=33772 width=8) (actual time=0.111..53.302 rows=85941 loops=3)
                                                   Hash Cond: (cc.subject_id = cct1.id)
                                                   ->  Seq Scan on complete_cast cc  (cost=0.00..2081.86 rows=135086 width=12) (actual time=0.026..22.526 rows=135086 loops=3)
                                                   ->  Hash  (cost=1.05..1.05 rows=1 width=4) (actual time=0.021..0.021 rows=1 loops=3)
                                                         Buckets: 1024  Batches: 1  Memory Usage: 9kB
                                                         ->  Seq Scan on comp_cast_type cct1  (cost=0.00..1.05 rows=1 width=4) (actual time=0.009..0.010 rows=1 loops=3)
                                                               Filter: ((kind)::text = 'cast'::text)
                                                               Rows Removed by Filter: 3
                                             ->  Hash  (cost=1.05..1.05 rows=1 width=4) (actual time=0.084..0.084 rows=2 loops=3)
                                                   Buckets: 1024  Batches: 1  Memory Usage: 9kB
                                                   ->  Seq Scan on comp_cast_type cct2  (cost=0.00..1.05 rows=1 width=4) (actual time=0.061..0.063 rows=2 loops=3)
                                                         Filter: ((kind)::text ~~ '%complete%'::text)
                                                         Rows Removed by Filter: 2
         ->  Hash  (cost=1.09..1.09 rows=1 width=4) (actual time=0.059..0.059 rows=1 loops=1)
               Buckets: 1024  Batches: 1  Memory Usage: 9kB
               ->  Seq Scan on kind_type kt  (cost=0.00..1.09 rows=1 width=4) (actual time=0.038..0.040 rows=1 loops=1)
                     Filter: ((kind)::text = 'movie'::text)
                     Rows Removed by Filter: 6
 Planning Time: 34.795 ms
 Execution Time: 5668.355 ms
(64 rows)

execute /home/pei/Project/benchmarks/imdb_job-postgres/skinner_explained/20b.sql_explained.sql
SET
SET
                                                                                                   QUERY PLAN                                                                                                   
----------------------------------------------------------------------------------------------------------------------------------------------------------------------------------------------------------------
 Finalize Aggregate  (cost=687335.89..687335.90 rows=1 width=32) (actual time=5431.738..5431.738 rows=1 loops=1)
   ->  Gather  (cost=687335.68..687335.89 rows=2 width=32) (actual time=5431.355..5437.721 rows=3 loops=1)
         Workers Planned: 2
         Workers Launched: 2
         ->  Partial Aggregate  (cost=686335.68..686335.69 rows=1 width=32) (actual time=5423.946..5423.946 rows=1 loops=3)
               ->  Hash Join  (cost=635010.03..686335.67 rows=1 width=17) (actual time=5378.349..5423.925 rows=6 loops=3)
                     Hash Cond: (t.kind_id = kt.id)
                     ->  Hash Join  (cost=635008.93..686334.57 rows=1 width=21) (actual time=5378.093..5423.668 rows=6 loops=3)
                           Hash Cond: (t.id = cc.movie_id)
                           ->  Parallel Hash Join  (cost=631906.51..683232.14 rows=1 width=33) (actual time=5284.786..5330.356 rows=17 loops=3)
                                 Hash Cond: (t.id = mk.movie_id)
                                 ->  Parallel Seq Scan on title t  (cost=0.00..49166.29 rows=575821 width=25) (actual time=0.033..268.425 rows=460484 loops=3)
                                       Filter: (production_year > 2000)
                                       Rows Removed by Filter: 382286
                                 ->  Parallel Hash  (cost=631906.50..631906.50 rows=1 width=8) (actual time=5015.562..5015.562 rows=17 loops=3)
                                       Buckets: 1024  Batches: 1  Memory Usage: 104kB
                                       ->  Parallel Hash Join  (cost=583654.16..631906.50 rows=1 width=8) (actual time=4788.605..5015.440 rows=17 loops=3)
                                             Hash Cond: (mk.movie_id = ci.movie_id)
                                             ->  Hash Join  (cost=3632.50..51884.41 rows=112 width=4) (actual time=41.107..489.695 rows=11849 loops=3)
                                                   Hash Cond: (mk.keyword_id = k.id)
                                                   ->  Parallel Seq Scan on movie_keyword mk  (cost=0.00..43303.71 rows=1884971 width=8) (actual time=0.034..260.822 rows=1507977 loops=3)
                                                   ->  Hash  (cost=3632.40..3632.40 rows=8 width=4) (actual time=40.841..40.842 rows=8 loops=3)
                                                         Buckets: 1024  Batches: 1  Memory Usage: 9kB
                                                         ->  Seq Scan on keyword k  (cost=0.00..3632.40 rows=8 width=4) (actual time=0.169..40.823 rows=8 loops=3)
                                                               Filter: ((keyword)::text = ANY ('{superhero,sequel,second-part,marvel-comics,based-on-comic,tv-special,fight,violence}'::text[]))
                                                               Rows Removed by Filter: 134162
                                             ->  Parallel Hash  (cost=580021.64..580021.64 rows=1 width=4) (actual time=4523.286..4523.286 rows=5 loops=3)
                                                   Buckets: 1024  Batches: 1  Memory Usage: 104kB
                                                   ->  Parallel Hash Join  (cost=136670.44..580021.64 rows=1 width=4) (actual time=1339.554..4523.174 rows=5 loops=3)
                                                         Hash Cond: (ci.person_id = n.id)
                                                         ->  Parallel Hash Join  (cost=59349.58..502696.95 rows=1460 width=8) (actual time=594.702..4037.038 rows=185 loops=3)
                                                               Hash Cond: (ci.person_role_id = chn.id)
                                                               ->  Parallel Seq Scan on cast_info ci  (cost=0.00..403705.10 rows=15101810 width=12) (actual time=0.025..2163.526 rows=12081448 loops=3)
                                                               ->  Parallel Hash  (cost=59346.31..59346.31 rows=262 width=4) (actual time=539.530..539.530 rows=10 loops=3)
                                                                     Buckets: 1024  Batches: 1  Memory Usage: 104kB
                                                                     ->  Parallel Seq Scan on char_name chn  (cost=0.00..59346.31 rows=262 width=4) (actual time=42.822..539.370 rows=10 loops=3)
                                                                           Filter: (((name)::text !~~ '%Sherlock%'::text) AND (((name)::text ~~ '%Tony%Stark%'::text) OR ((name)::text ~~ '%Iron%Man%'::text)))
                                                                           Rows Removed by Filter: 1046770
                                                         ->  Parallel Hash  (cost=77318.68..77318.68 rows=174 width=4) (actual time=486.036..486.037 rows=1 loops=3)
                                                               Buckets: 1024  Batches: 1  Memory Usage: 72kB
                                                               ->  Parallel Seq Scan on name n  (cost=0.00..77318.68 rows=174 width=4) (actual time=195.148..485.976 rows=1 loops=3)
                                                                     Filter: ((name)::text ~~ '%Downey%Robert%'::text)
                                                                     Rows Removed by Filter: 1389163
                           ->  Hash  (cost=2996.88..2996.88 rows=8443 width=4) (actual time=92.980..92.980 rows=85941 loops=3)
                                 Buckets: 131072 (originally 16384)  Batches: 1 (originally 1)  Memory Usage: 4046kB
                                 ->  Hash Join  (cost=2.12..2996.88 rows=8443 width=4) (actual time=0.208..66.327 rows=85941 loops=3)
                                       Hash Cond: (cc.status_id = cct2.id)
                                       ->  Hash Join  (cost=1.06..2813.24 rows=33772 width=8) (actual time=0.111..48.247 rows=85941 loops=3)
                                             Hash Cond: (cc.subject_id = cct1.id)
                                             ->  Seq Scan on complete_cast cc  (cost=0.00..2081.86 rows=135086 width=12) (actual time=0.028..17.650 rows=135086 loops=3)
                                             ->  Hash  (cost=1.05..1.05 rows=1 width=4) (actual time=0.028..0.028 rows=1 loops=3)
                                                   Buckets: 1024  Batches: 1  Memory Usage: 9kB
                                                   ->  Seq Scan on comp_cast_type cct1  (cost=0.00..1.05 rows=1 width=4) (actual time=0.008..0.010 rows=1 loops=3)
                                                         Filter: ((kind)::text = 'cast'::text)
                                                         Rows Removed by Filter: 3
                                       ->  Hash  (cost=1.05..1.05 rows=1 width=4) (actual time=0.043..0.043 rows=2 loops=3)
                                             Buckets: 1024  Batches: 1  Memory Usage: 9kB
                                             ->  Seq Scan on comp_cast_type cct2  (cost=0.00..1.05 rows=1 width=4) (actual time=0.031..0.033 rows=2 loops=3)
                                                   Filter: ((kind)::text ~~ '%complete%'::text)
                                                   Rows Removed by Filter: 2
                     ->  Hash  (cost=1.09..1.09 rows=1 width=4) (actual time=0.067..0.067 rows=1 loops=3)
                           Buckets: 1024  Batches: 1  Memory Usage: 9kB
                           ->  Seq Scan on kind_type kt  (cost=0.00..1.09 rows=1 width=4) (actual time=0.037..0.039 rows=1 loops=3)
                                 Filter: ((kind)::text = 'movie'::text)
                                 Rows Removed by Filter: 6
 Planning Time: 34.761 ms
 Execution Time: 5438.663 ms
(67 rows)

execute /home/pei/Project/benchmarks/imdb_job-postgres/skinner_explained/20c.sql_explained.sql
SET
SET
                                                                                                QUERY PLAN                                                                                                
----------------------------------------------------------------------------------------------------------------------------------------------------------------------------------------------------------
 Aggregate  (cost=689631.09..689631.10 rows=1 width=64) (actual time=6203.615..6203.616 rows=1 loops=1)
   ->  Gather  (cost=610141.72..689631.08 rows=1 width=32) (actual time=5615.242..6206.339 rows=5406 loops=1)
         Workers Planned: 2
         Workers Launched: 2
         ->  Hash Join  (cost=609141.72..688630.98 rows=1 width=32) (actual time=5608.909..6190.038 rows=1802 loops=3)
               Hash Cond: (t.kind_id = kt.id)
               ->  Parallel Hash Join  (cost=609140.62..688629.88 rows=1 width=36) (actual time=5608.595..6188.786 rows=1906 loops=3)
                     Hash Cond: (n.id = ci.person_id)
                     ->  Parallel Seq Scan on name n  (cost=0.00..72977.55 rows=1736455 width=19) (actual time=0.052..379.014 rows=1389164 loops=3)
                     ->  Parallel Hash  (cost=609140.61..609140.61 rows=1 width=25) (actual time=5606.924..5606.924 rows=1906 loops=3)
                           Buckets: 8192 (originally 1024)  Batches: 1 (originally 1)  Memory Usage: 536kB
                           ->  Parallel Hash Join  (cost=557788.53..609140.61 rows=1 width=25) (actual time=5206.021..5534.798 rows=1906 loops=3)
                                 Hash Cond: (t.id = mk.movie_id)
                                 ->  Hash Join  (cost=3102.42..54447.27 rows=1923 width=29) (actual time=93.503..430.892 rows=7852 loops=3)
                                       Hash Cond: (t.id = cc.movie_id)
                                       ->  Parallel Seq Scan on title t  (cost=0.00..49166.29 rows=575821 width=25) (actual time=0.036..267.451 rows=460484 loops=3)
                                             Filter: (production_year > 2000)
                                             Rows Removed by Filter: 382286
                                       ->  Hash  (cost=2996.88..2996.88 rows=8443 width=4) (actual time=93.082..93.082 rows=85941 loops=3)
                                             Buckets: 131072 (originally 16384)  Batches: 1 (originally 1)  Memory Usage: 4046kB
                                             ->  Hash Join  (cost=2.12..2996.88 rows=8443 width=4) (actual time=0.222..66.157 rows=85941 loops=3)
                                                   Hash Cond: (cc.status_id = cct2.id)
                                                   ->  Hash Join  (cost=1.06..2813.24 rows=33772 width=8) (actual time=0.100..47.946 rows=85941 loops=3)
                                                         Hash Cond: (cc.subject_id = cct1.id)
                                                         ->  Seq Scan on complete_cast cc  (cost=0.00..2081.86 rows=135086 width=12) (actual time=0.020..17.254 rows=135086 loops=3)
                                                         ->  Hash  (cost=1.05..1.05 rows=1 width=4) (actual time=0.021..0.022 rows=1 loops=3)
                                                               Buckets: 1024  Batches: 1  Memory Usage: 9kB
                                                               ->  Seq Scan on comp_cast_type cct1  (cost=0.00..1.05 rows=1 width=4) (actual time=0.010..0.011 rows=1 loops=3)
                                                                     Filter: ((kind)::text = 'cast'::text)
                                                                     Rows Removed by Filter: 3
                                                   ->  Hash  (cost=1.05..1.05 rows=1 width=4) (actual time=0.061..0.061 rows=2 loops=3)
                                                         Buckets: 1024  Batches: 1  Memory Usage: 9kB
                                                         ->  Seq Scan on comp_cast_type cct2  (cost=0.00..1.05 rows=1 width=4) (actual time=0.046..0.048 rows=2 loops=3)
                                                               Filter: ((kind)::text ~~ '%complete%'::text)
                                                               Rows Removed by Filter: 2
                                 ->  Parallel Hash  (cost=554683.94..554683.94 rows=174 width=12) (actual time=5099.759..5099.759 rows=12272 loops=3)
                                       Buckets: 65536 (originally 1024)  Batches: 1 (originally 1)  Memory Usage: 2808kB
                                       ->  Parallel Hash Join  (cost=109433.18..554683.94 rows=174 width=12) (actual time=1108.609..4948.924 rows=12272 loops=3)
                                             Hash Cond: (ci.movie_id = mk.movie_id)
                                             ->  Parallel Hash Join  (cost=57211.57..500558.94 rows=507378 width=8) (actual time=512.064..4307.432 rows=207862 loops=3)
                                                   Hash Cond: (ci.person_role_id = chn.id)
                                                   ->  Parallel Seq Scan on cast_info ci  (cost=0.00..403705.10 rows=15101810 width=12) (actual time=0.027..2192.121 rows=12081448 loops=3)
                                                   ->  Parallel Hash  (cost=56075.12..56075.12 rows=90916 width=4) (actual time=510.409..510.409 rows=60051 loops=3)
                                                         Buckets: 262144  Batches: 1  Memory Usage: 9152kB
                                                         ->  Parallel Seq Scan on char_name chn  (cost=0.00..56075.12 rows=90916 width=4) (actual time=0.049..469.255 rows=60051 loops=3)
                                                               Filter: ((name IS NOT NULL) AND (((name)::text ~~ '%man%'::text) OR ((name)::text ~~ '%Man%'::text)))
                                                               Rows Removed by Filter: 986729
                                             ->  Parallel Hash  (cost=52219.86..52219.86 rows=140 width=4) (actual time=595.792..595.792 rows=8030 loops=3)
                                                   Buckets: 32768 (originally 1024)  Batches: 1 (originally 1)  Memory Usage: 1528kB
                                                   ->  Hash Join  (cost=3967.95..52219.86 rows=140 width=4) (actual time=45.779..487.753 rows=8030 loops=3)
                                                         Hash Cond: (mk.keyword_id = k.id)
                                                         ->  Parallel Seq Scan on movie_keyword mk  (cost=0.00..43303.71 rows=1884971 width=8) (actual time=0.050..254.395 rows=1507977 loops=3)
                                                         ->  Hash  (cost=3967.82..3967.82 rows=10 width=4) (actual time=45.521..45.522 rows=10 loops=3)
                                                               Buckets: 1024  Batches: 1  Memory Usage: 9kB
                                                               ->  Seq Scan on keyword k  (cost=0.00..3967.82 rows=10 width=4) (actual time=0.212..45.504 rows=10 loops=3)
                                                                     Filter: ((keyword)::text = ANY ('{superhero,marvel-comics,based-on-comic,tv-special,fight,violence,magnet,web,claw,laser}'::text[]))
                                                                     Rows Removed by Filter: 134160
               ->  Hash  (cost=1.09..1.09 rows=1 width=4) (actual time=0.057..0.057 rows=1 loops=3)
                     Buckets: 1024  Batches: 1  Memory Usage: 9kB
                     ->  Seq Scan on kind_type kt  (cost=0.00..1.09 rows=1 width=4) (actual time=0.037..0.038 rows=1 loops=3)
                           Filter: ((kind)::text = 'movie'::text)
                           Rows Removed by Filter: 6
 Planning Time: 33.551 ms
 Execution Time: 6209.959 ms
(64 rows)

execute /home/pei/Project/benchmarks/imdb_job-postgres/skinner_explained/21a.sql_explained.sql
SET
SET
                                                                                                         QUERY PLAN                                                                                                          
-----------------------------------------------------------------------------------------------------------------------------------------------------------------------------------------------------------------------------
 Finalize Aggregate  (cost=63661.87..63661.88 rows=1 width=96) (actual time=738.210..738.210 rows=1 loops=1)
   ->  Gather  (cost=63661.76..63661.87 rows=1 width=96) (actual time=737.943..743.202 rows=2 loops=1)
         Workers Planned: 1
         Workers Launched: 1
         ->  Partial Aggregate  (cost=62661.76..62661.77 rows=1 width=96) (actual time=732.300..732.300 rows=1 loops=2)
               ->  Hash Join  (cost=57154.03..62661.75 rows=1 width=118) (actual time=674.686..731.972 rows=705 loops=2)
                     Hash Cond: (mc.company_type_id = ct.id)
                     ->  Parallel Hash Join  (cost=57152.97..62660.68 rows=1 width=122) (actual time=672.413..731.639 rows=752 loops=2)
                           Hash Cond: (cn.id = mc.company_id)
                           ->  Parallel Seq Scan on company_name cn  (cost=0.00..5414.09 rows=24965 width=23) (actual time=0.039..60.927 rows=24151 loops=2)
                                 Filter: (((country_code)::text <> '[pl]'::text) AND (((name)::text ~~ '%Film%'::text) OR ((name)::text ~~ '%Warner%'::text)))
                                 Rows Removed by Filter: 93348
                           ->  Parallel Hash  (cost=57152.95..57152.95 rows=1 width=107) (actual time=666.740..666.740 rows=1562 loops=2)
                                 Buckets: 4096 (originally 1024)  Batches: 1 (originally 1)  Memory Usage: 312kB
                                 ->  Hash Join  (cost=3473.02..57152.95 rows=1 width=107) (actual time=318.366..575.159 rows=1562 loops=2)
                                       Hash Cond: (mk.keyword_id = k.id)
                                       ->  Merge Join  (cost=846.89..54494.99 rows=12124 width=111) (actual time=83.843..553.788 rows=27148 loops=2)
                                             Merge Cond: (ml.movie_id = mk.movie_id)
                                             ->  Merge Join  (cost=651.93..51228.28 rows=260 width=123) (actual time=82.329..512.734 rows=3220 loops=2)
                                                   Merge Cond: (ml.movie_id = mc.movie_id)
                                                   ->  Merge Join  (cost=651.50..46001.67 rows=102 width=111) (actual time=79.415..473.403 rows=656 loops=2)
                                                         Merge Cond: (ml.movie_id = t.id)
                                                         ->  Merge Join  (cost=651.07..37165.42 rows=282 width=90) (actual time=15.454..260.501 rows=1391 loops=2)
                                                               Merge Cond: (mi.movie_id = ml.movie_id)
                                                               ->  Parallel Index Scan using movie_id_movie_info on movie_info mi  (cost=0.43..1002971.17 rows=60182 width=4) (actual time=1.358..249.062 rows=2058 loops=2)
                                                                     Filter: ((info)::text = ANY ('{Sweden,Norway,Germany,Denmark,Swedish,Denish,Norwegian,German}'::text[]))
                                                                     Rows Removed by Filter: 255305
                                                               ->  Sort  (cost=650.63..654.80 rows=1666 width=86) (actual time=10.272..10.521 rows=3172 loops=2)
                                                                     Sort Key: ml.movie_id
                                                                     Sort Method: quicksort  Memory: 205kB
                                                                     Worker 0:  Sort Method: quicksort  Memory: 205kB
                                                                     ->  Hash Join  (cost=1.24..561.48 rows=1666 width=86) (actual time=0.132..9.018 rows=2315 loops=2)
                                                                           Hash Cond: (ml.link_type_id = lt.id)
                                                                           ->  Seq Scan on movie_link ml  (cost=0.00..462.97 rows=29997 width=8) (actual time=0.028..4.756 rows=29997 loops=2)
                                                                           ->  Hash  (cost=1.23..1.23 rows=1 width=86) (actual time=0.054..0.054 rows=2 loops=2)
                                                                                 Buckets: 1024  Batches: 1  Memory Usage: 9kB
                                                                                 ->  Seq Scan on link_type lt  (cost=0.00..1.23 rows=1 width=86) (actual time=0.033..0.038 rows=2 loops=2)
                                                                                       Filter: ((link)::text ~~ '%follow%'::text)
                                                                                       Rows Removed by Filter: 16
                                                         ->  Index Scan using title_pkey on title t  (cost=0.43..114723.73 rows=911963 width=21) (actual time=0.023..208.387 rows=51993 loops=2)
                                                               Filter: ((production_year >= 1950) AND (production_year <= 2000))
                                                               Rows Removed by Filter: 110576
                                                   ->  Index Scan using movie_id_movie_companies on movie_companies mc  (cost=0.43..131550.35 rows=1273429 width=12) (actual time=0.046..35.699 rows=40588 loops=2)
                                                         Filter: (note IS NULL)
                                                         Rows Removed by Filter: 39291
                                             ->  Index Scan using movie_id_movie_keyword on movie_keyword mk  (cost=0.43..142057.13 rows=4523930 width=8) (actual time=0.034..27.267 rows=102619 loops=2)
                                       ->  Hash  (cost=2626.12..2626.12 rows=1 width=4) (actual time=18.519..18.519 rows=1 loops=2)
                                             Buckets: 1024  Batches: 1  Memory Usage: 9kB
                                             ->  Seq Scan on keyword k  (cost=0.00..2626.12 rows=1 width=4) (actual time=1.034..18.506 rows=1 loops=2)
                                                   Filter: ((keyword)::text = 'sequel'::text)
                                                   Rows Removed by Filter: 134169
                     ->  Hash  (cost=1.05..1.05 rows=1 width=4) (actual time=0.055..0.055 rows=1 loops=2)
                           Buckets: 1024  Batches: 1  Memory Usage: 9kB
                           ->  Seq Scan on company_type ct  (cost=0.00..1.05 rows=1 width=4) (actual time=0.034..0.035 rows=1 loops=2)
                                 Filter: ((kind)::text = 'production companies'::text)
                                 Rows Removed by Filter: 3
 Planning Time: 31.476 ms
 Execution Time: 744.011 ms
(58 rows)

execute /home/pei/Project/benchmarks/imdb_job-postgres/skinner_explained/21b.sql_explained.sql
SET
SET
                                                                                                         QUERY PLAN                                                                                                         
----------------------------------------------------------------------------------------------------------------------------------------------------------------------------------------------------------------------------
 Finalize Aggregate  (cost=61990.17..61990.18 rows=1 width=96) (actual time=517.820..517.820 rows=1 loops=1)
   ->  Gather  (cost=61990.05..61990.16 rows=1 width=96) (actual time=517.592..523.062 rows=2 loops=1)
         Workers Planned: 1
         Workers Launched: 1
         ->  Partial Aggregate  (cost=60990.05..60990.06 rows=1 width=96) (actual time=512.042..512.043 rows=1 loops=2)
               ->  Hash Join  (cost=55482.32..60990.04 rows=1 width=118) (actual time=454.821..511.990 rows=19 loops=2)
                     Hash Cond: (mc.company_type_id = ct.id)
                     ->  Parallel Hash Join  (cost=55481.26..60988.98 rows=1 width=122) (actual time=454.660..511.824 rows=19 loops=2)
                           Hash Cond: (cn.id = mc.company_id)
                           ->  Parallel Seq Scan on company_name cn  (cost=0.00..5414.09 rows=24965 width=23) (actual time=0.034..59.507 rows=24151 loops=2)
                                 Filter: (((country_code)::text <> '[pl]'::text) AND (((name)::text ~~ '%Film%'::text) OR ((name)::text ~~ '%Warner%'::text)))
                                 Rows Removed by Filter: 93348
                           ->  Parallel Hash  (cost=55481.25..55481.25 rows=1 width=107) (actual time=448.895..448.895 rows=66 loops=2)
                                 Buckets: 1024  Batches: 1  Memory Usage: 40kB
                                 ->  Hash Join  (cost=3474.93..55481.25 rows=1 width=107) (actual time=405.112..448.681 rows=66 loops=2)
                                       Hash Cond: (mk.keyword_id = k.id)
                                       ->  Merge Join  (cost=848.79..52824.70 rows=11587 width=111) (actual time=29.881..430.310 rows=2784 loops=2)
                                             Merge Cond: (ml.movie_id = mk.movie_id)
                                             ->  Merge Join  (cost=651.93..49563.13 rows=249 width=123) (actual time=22.910..401.439 rows=770 loops=2)
                                                   Merge Cond: (ml.movie_id = mc.movie_id)
                                                   ->  Merge Join  (cost=651.50..44336.66 rows=97 width=111) (actual time=22.003..367.663 rows=338 loops=2)
                                                         Merge Cond: (ml.movie_id = t.id)
                                                         ->  Merge Join  (cost=651.07..35476.61 rows=237 width=90) (actual time=15.615..182.941 rows=544 loops=2)
                                                               Merge Cond: (mi.movie_id = ml.movie_id)
                                                               ->  Parallel Index Scan using movie_id_movie_info on movie_info mi  (cost=0.43..956609.55 rows=50482 width=4) (actual time=1.415..171.264 rows=1524 loops=2)
                                                                     Filter: ((info)::text = ANY ('{Germany,German}'::text[]))
                                                                     Rows Removed by Filter: 255930
                                                               ->  Sort  (cost=650.63..654.80 rows=1666 width=86) (actual time=10.844..11.043 rows=2527 loops=2)
                                                                     Sort Key: ml.movie_id
                                                                     Sort Method: quicksort  Memory: 205kB
                                                                     Worker 0:  Sort Method: quicksort  Memory: 205kB
                                                                     ->  Hash Join  (cost=1.24..561.48 rows=1666 width=86) (actual time=0.125..9.594 rows=2315 loops=2)
                                                                           Hash Cond: (ml.link_type_id = lt.id)
                                                                           ->  Seq Scan on movie_link ml  (cost=0.00..462.97 rows=29997 width=8) (actual time=0.027..5.295 rows=29997 loops=2)
                                                                           ->  Hash  (cost=1.23..1.23 rows=1 width=86) (actual time=0.045..0.046 rows=2 loops=2)
                                                                                 Buckets: 1024  Batches: 1  Memory Usage: 9kB
                                                                                 ->  Seq Scan on link_type lt  (cost=0.00..1.23 rows=1 width=86) (actual time=0.029..0.034 rows=2 loops=2)
                                                                                       Filter: ((link)::text ~~ '%follow%'::text)
                                                                                       Rows Removed by Filter: 16
                                                         ->  Index Scan using title_pkey on title t  (cost=0.43..114723.73 rows=1038952 width=21) (actual time=0.026..178.152 rows=80664 loops=2)
                                                               Filter: ((production_year >= 2000) AND (production_year <= 2010))
                                                               Rows Removed by Filter: 83756
                                                   ->  Index Scan using movie_id_movie_companies on movie_companies mc  (cost=0.43..131550.35 rows=1273429 width=12) (actual time=0.030..30.419 rows=42314 loops=2)
                                                         Filter: (note IS NULL)
                                                         Rows Removed by Filter: 42471
                                             ->  Index Scan using movie_id_movie_keyword on movie_keyword mk  (cost=0.43..142057.13 rows=4523930 width=8) (actual time=0.026..19.880 rows=84660 loops=2)
                                       ->  Hash  (cost=2626.12..2626.12 rows=1 width=4) (actual time=18.068..18.077 rows=1 loops=2)
                                             Buckets: 1024  Batches: 1  Memory Usage: 9kB
                                             ->  Seq Scan on keyword k  (cost=0.00..2626.12 rows=1 width=4) (actual time=1.032..18.052 rows=1 loops=2)
                                                   Filter: ((keyword)::text = 'sequel'::text)
                                                   Rows Removed by Filter: 134169
                     ->  Hash  (cost=1.05..1.05 rows=1 width=4) (actual time=0.051..0.051 rows=1 loops=2)
                           Buckets: 1024  Batches: 1  Memory Usage: 9kB
                           ->  Seq Scan on company_type ct  (cost=0.00..1.05 rows=1 width=4) (actual time=0.034..0.036 rows=1 loops=2)
                                 Filter: ((kind)::text = 'production companies'::text)
                                 Rows Removed by Filter: 3
 Planning Time: 31.219 ms
 Execution Time: 523.867 ms
(58 rows)

execute /home/pei/Project/benchmarks/imdb_job-postgres/skinner_explained/21c.sql_explained.sql
SET
SET
                                                                                                  QUERY PLAN                                                                                                  
--------------------------------------------------------------------------------------------------------------------------------------------------------------------------------------------------------------
 Aggregate  (cost=54436.16..54436.17 rows=1 width=96) (actual time=620.706..620.706 rows=1 loops=1)
   ->  Hash Join  (cost=22630.14..54436.15 rows=1 width=118) (actual time=294.664..619.862 rows=1874 loops=1)
         Hash Cond: (mk.keyword_id = k.id)
         ->  Merge Join  (cost=20004.00..51778.36 rows=12060 width=122) (actual time=209.272..597.895 rows=33031 loops=1)
               Merge Cond: (mk.movie_id = ml.movie_id)
               ->  Merge Join  (cost=208.46..1509126.58 rows=11385503 width=12) (actual time=0.131..380.813 rows=55032 loops=1)
                     Merge Cond: (mi.movie_id = mk.movie_id)
                     ->  Index Scan using movie_id_movie_info on movie_info mi  (cost=0.43..1194599.22 rows=893642 width=4) (actual time=0.092..317.549 rows=28657 loops=1)
                           Filter: ((info)::text = ANY ('{Sweden,Norway,Germany,Denmark,Swedish,Denish,Norwegian,German,English}'::text[]))
                           Rows Removed by Filter: 414007
                     ->  Materialize  (cost=0.43..153366.95 rows=4523930 width=8) (actual time=0.035..39.187 rows=85569 loops=1)
                           ->  Index Scan using movie_id_movie_keyword on movie_keyword mk  (cost=0.43..142057.13 rows=4523930 width=8) (actual time=0.025..23.311 rows=82171 loops=1)
               ->  Sort  (cost=19795.25..19795.61 rows=144 width=130) (actual time=203.383..205.473 rows=33234 loops=1)
                     Sort Key: mc.movie_id
                     Sort Method: quicksort  Memory: 203kB
                     ->  Gather  (cost=7378.71..19790.09 rows=144 width=130) (actual time=93.151..203.821 rows=1130 loops=1)
                           Workers Planned: 2
                           Workers Launched: 2
                           ->  Hash Join  (cost=6378.71..18775.69 rows=60 width=130) (actual time=74.539..190.160 rows=377 loops=3)
                                 Hash Cond: (mc.company_type_id = ct.id)
                                 ->  Parallel Hash Join  (cost=6377.65..18773.33 rows=240 width=134) (actual time=74.352..189.844 rows=393 loops=3)
                                       Hash Cond: (mc.company_id = cn.id)
                                       ->  Merge Join  (cost=651.50..13043.69 rows=1331 width=119) (actual time=13.005..139.519 rows=1672 loops=3)
                                             Merge Cond: (ml.movie_id = mc.movie_id)
                                             ->  Merge Join  (cost=651.07..7805.34 rows=520 width=107) (actual time=12.811..97.429 rows=749 loops=3)
                                                   Merge Cond: (t.id = ml.movie_id)
                                                   ->  Parallel Index Scan using title_pkey on title t  (cost=0.43..92601.00 rows=789968 width=21) (actual time=0.081..80.569 rows=48445 loops=3)
                                                         Filter: ((production_year >= 1950) AND (production_year <= 2010))
                                                         Rows Removed by Filter: 13625
                                                   ->  Sort  (cost=650.63..654.80 rows=1666 width=86) (actual time=12.099..12.283 rows=2315 loops=3)
                                                         Sort Key: ml.movie_id
                                                         Sort Method: quicksort  Memory: 205kB
                                                         Worker 0:  Sort Method: quicksort  Memory: 205kB
                                                         Worker 1:  Sort Method: quicksort  Memory: 205kB
                                                         ->  Hash Join  (cost=1.24..561.48 rows=1666 width=86) (actual time=0.139..10.831 rows=2315 loops=3)
                                                               Hash Cond: (ml.link_type_id = lt.id)
                                                               ->  Seq Scan on movie_link ml  (cost=0.00..462.97 rows=29997 width=8) (actual time=0.031..6.530 rows=29997 loops=3)
                                                               ->  Hash  (cost=1.23..1.23 rows=1 width=86) (actual time=0.045..0.046 rows=2 loops=3)
                                                                     Buckets: 1024  Batches: 1  Memory Usage: 9kB
                                                                     ->  Seq Scan on link_type lt  (cost=0.00..1.23 rows=1 width=86) (actual time=0.028..0.033 rows=2 loops=3)
                                                                           Filter: ((link)::text ~~ '%follow%'::text)
                                                                           Rows Removed by Filter: 16
                                             ->  Index Scan using movie_id_movie_companies on movie_companies mc  (cost=0.43..131550.35 rows=1273429 width=12) (actual time=0.042..38.193 rows=45417 loops=3)
                                                   Filter: (note IS NULL)
                                                   Rows Removed by Filter: 46233
                                       ->  Parallel Hash  (cost=5414.09..5414.09 rows=24965 width=23) (actual time=48.818..48.818 rows=16101 loops=3)
                                             Buckets: 65536  Batches: 1  Memory Usage: 3296kB
                                             ->  Parallel Seq Scan on company_name cn  (cost=0.00..5414.09 rows=24965 width=23) (actual time=0.029..38.654 rows=16101 loops=3)
                                                   Filter: (((country_code)::text <> '[pl]'::text) AND (((name)::text ~~ '%Film%'::text) OR ((name)::text ~~ '%Warner%'::text)))
                                                   Rows Removed by Filter: 62232
                                 ->  Hash  (cost=1.05..1.05 rows=1 width=4) (actual time=0.052..0.052 rows=1 loops=3)
                                       Buckets: 1024  Batches: 1  Memory Usage: 9kB
                                       ->  Seq Scan on company_type ct  (cost=0.00..1.05 rows=1 width=4) (actual time=0.029..0.031 rows=1 loops=3)
                                             Filter: ((kind)::text = 'production companies'::text)
                                             Rows Removed by Filter: 3
         ->  Hash  (cost=2626.12..2626.12 rows=1 width=4) (actual time=18.831..18.831 rows=1 loops=1)
               Buckets: 1024  Batches: 1  Memory Usage: 9kB
               ->  Seq Scan on keyword k  (cost=0.00..2626.12 rows=1 width=4) (actual time=1.053..18.820 rows=1 loops=1)
                     Filter: ((keyword)::text = 'sequel'::text)
                     Rows Removed by Filter: 134169
 Planning Time: 32.113 ms
 Execution Time: 622.653 ms
(62 rows)

execute /home/pei/Project/benchmarks/imdb_job-postgres/skinner_explained/22a.sql_explained.sql
SET
SET
                                                                                                             QUERY PLAN                                                                                                              
-------------------------------------------------------------------------------------------------------------------------------------------------------------------------------------------------------------------------------------
 Finalize Aggregate  (cost=414666.61..414666.62 rows=1 width=96) (actual time=3245.016..3245.016 rows=1 loops=1)
   ->  Gather  (cost=414666.39..414666.60 rows=2 width=96) (actual time=3243.564..3250.723 rows=3 loops=1)
         Workers Planned: 2
         Workers Launched: 2
         ->  Partial Aggregate  (cost=413666.39..413666.40 rows=1 width=96) (actual time=3235.960..3235.961 rows=1 loops=3)
               ->  Hash Join  (cost=363451.32..413666.38 rows=1 width=41) (actual time=3076.755..3235.495 rows=950 loops=3)
                     Hash Cond: (t.kind_id = kt.id)
                     ->  Parallel Hash Join  (cost=363450.20..413665.27 rows=1 width=45) (actual time=3000.656..3234.966 rows=1009 loops=3)
                           Hash Cond: (t.id = mi.movie_id)
                           ->  Parallel Seq Scan on title t  (cost=0.00..49166.29 rows=279670 width=25) (actual time=0.019..261.593 rows=220688 loops=3)
                                 Filter: (production_year > 2008)
                                 Rows Removed by Filter: 622082
                           ->  Parallel Hash  (cost=363450.19..363450.19 rows=1 width=40) (actual time=2939.713..2939.713 rows=13395 loops=3)
                                 Buckets: 65536 (originally 1024)  Batches: 1 (originally 1)  Memory Usage: 4088kB
                                 ->  Hash Join  (cost=358450.15..363450.19 rows=1 width=40) (actual time=2878.827..2923.738 rows=13395 loops=3)
                                       Hash Cond: (mc.company_type_id = ct.id)
                                       ->  Parallel Hash Join  (cost=358449.06..363449.10 rows=1 width=44) (actual time=2878.743..2920.172 rows=13395 loops=3)
                                             Hash Cond: (cn.id = mc.company_id)
                                             ->  Parallel Seq Scan on company_name cn  (cost=0.00..4722.92 rows=73895 width=23) (actual time=0.034..29.520 rows=42077 loops=3)
                                                   Filter: ((country_code)::text <> '[us]'::text)
                                                   Rows Removed by Filter: 36256
                                             ->  Parallel Hash  (cost=358449.05..358449.05 rows=1 width=29) (actual time=2878.596..2878.596 rows=14738 loops=3)
                                                   Buckets: 65536 (originally 1024)  Batches: 1 (originally 1)  Memory Usage: 3832kB
                                                   ->  Parallel Hash Join  (cost=323145.98..358449.05 rows=1 width=29) (actual time=2568.045..2852.746 rows=14738 loops=3)
                                                         Hash Cond: (mc.movie_id = mi.movie_id)
                                                         ->  Parallel Seq Scan on movie_companies mc  (cost=0.00..35097.06 rows=54933 width=12) (actual time=0.015..267.578 rows=101090 loops=3)
                                                               Filter: (((note)::text !~~ '%(USA)%'::text) AND ((note)::text ~~ '%(200%)%'::text))
                                                               Rows Removed by Filter: 768619
                                                         ->  Parallel Hash  (cost=323145.97..323145.97 rows=1 width=17) (actual time=2566.409..2566.409 rows=5361 loops=3)
                                                               Buckets: 16384 (originally 1024)  Batches: 1 (originally 1)  Memory Usage: 1016kB
                                                               ->  Parallel Hash Join  (cost=67689.63..323145.97 rows=1 width=17) (actual time=2166.176..2540.977 rows=5361 loops=3)
                                                                     Hash Cond: (mi.movie_id = mk.movie_id)
                                                                     ->  Hash Join  (cost=2.43..255449.73 rows=2405 width=4) (actual time=1343.141..1690.229 rows=196255 loops=3)
                                                                           Hash Cond: (mi.info_type_id = it1.id)
                                                                           ->  Parallel Seq Scan on movie_info mi  (cost=0.00..254707.25 rows=271735 width=8) (actual time=0.686..1640.513 rows=223112 loops=3)
                                                                                 Filter: ((info)::text = ANY ('{Germany,German,USA,American}'::text[]))
                                                                                 Rows Removed by Filter: 4722128
                                                                           ->  Hash  (cost=2.41..2.41 rows=1 width=4) (actual time=0.036..0.036 rows=1 loops=3)
                                                                                 Buckets: 1024  Batches: 1  Memory Usage: 9kB
                                                                                 ->  Seq Scan on info_type it1  (cost=0.00..2.41 rows=1 width=4) (actual time=0.014..0.026 rows=1 loops=3)
                                                                                       Filter: ((info)::text = 'countries'::text)
                                                                                       Rows Removed by Filter: 112
                                                                     ->  Parallel Hash  (cost=67687.20..67687.20 rows=1 width=13) (actual time=822.431..822.431 rows=8267 loops=3)
                                                                           Buckets: 32768 (originally 1024)  Batches: 1 (originally 1)  Memory Usage: 1752kB
                                                                           ->  Parallel Hash Join  (cost=51216.64..67687.20 rows=1 width=13) (actual time=571.278..798.257 rows=8267 loops=3)
                                                                                 Hash Cond: (mi_idx.movie_id = mk.movie_id)
                                                                                 ->  Hash Join  (cost=2.43..16456.75 rows=4327 width=9) (actual time=0.195..209.032 rows=108039 loops=3)
                                                                                       Hash Cond: (mi_idx.info_type_id = it2.id)
                                                                                       ->  Parallel Seq Scan on movie_info_idx mi_idx  (cost=0.00..15122.68 rows=488953 width=13) (actual time=0.044..156.179 rows=390635 loops=3)
                                                                                             Filter: ((info)::text < '7.0'::text)
                                                                                             Rows Removed by Filter: 69377
                                                                                       ->  Hash  (cost=2.41..2.41 rows=1 width=4) (actual time=0.056..0.057 rows=1 loops=3)
                                                                                             Buckets: 1024  Batches: 1  Memory Usage: 9kB
                                                                                             ->  Seq Scan on info_type it2  (cost=0.00..2.41 rows=1 width=4) (actual time=0.043..0.046 rows=1 loops=3)
                                                                                                   Filter: ((info)::text = 'rating'::text)
                                                                                                   Rows Removed by Filter: 112
                                                                                 ->  Parallel Hash  (cost=51213.51..51213.51 rows=56 width=4) (actual time=570.545..570.546 rows=12364 loops=3)
                                                                                       Buckets: 65536 (originally 1024)  Batches: 1 (originally 1)  Memory Usage: 2488kB
                                                                                       ->  Hash Join  (cost=2961.60..51213.51 rows=56 width=4) (actual time=38.523..479.895 rows=12364 loops=3)
                                                                                             Hash Cond: (mk.keyword_id = k.id)
                                                                                             ->  Parallel Seq Scan on movie_keyword mk  (cost=0.00..43303.71 rows=1884971 width=8) (actual time=0.021..253.970 rows=1507977 loops=3)
                                                                                             ->  Hash  (cost=2961.55..2961.55 rows=4 width=4) (actual time=38.365..38.365 rows=3 loops=3)
                                                                                                   Buckets: 1024  Batches: 1  Memory Usage: 9kB
                                                                                                   ->  Seq Scan on keyword k  (cost=0.00..2961.55 rows=4 width=4) (actual time=1.615..38.352 rows=3 loops=3)
                                                                                                         Filter: ((keyword)::text = ANY ('{murder,murder-in-title,blood,violence}'::text[]))
                                                                                                         Rows Removed by Filter: 134167
                                       ->  Hash  (cost=1.04..1.04 rows=4 width=4) (actual time=0.030..0.030 rows=4 loops=3)
                                             Buckets: 1024  Batches: 1  Memory Usage: 9kB
                                             ->  Seq Scan on company_type ct  (cost=0.00..1.04 rows=4 width=4) (actual time=0.018..0.019 rows=4 loops=3)
                     ->  Hash  (cost=1.09..1.09 rows=2 width=4) (actual time=0.064..0.065 rows=2 loops=3)
                           Buckets: 1024  Batches: 1  Memory Usage: 9kB
                           ->  Seq Scan on kind_type kt  (cost=0.00..1.09 rows=2 width=4) (actual time=0.044..0.046 rows=2 loops=3)
                                 Filter: ((kind)::text = ANY ('{movie,episode}'::text[]))
                                 Rows Removed by Filter: 5
 Planning Time: 80.827 ms
 Execution Time: 3251.977 ms
(76 rows)

execute /home/pei/Project/benchmarks/imdb_job-postgres/skinner_explained/22b.sql_explained.sql
SET
SET
                                                                                                             QUERY PLAN                                                                                                              
-------------------------------------------------------------------------------------------------------------------------------------------------------------------------------------------------------------------------------------
 Finalize Aggregate  (cost=414463.52..414463.53 rows=1 width=96) (actual time=3347.272..3347.272 rows=1 loops=1)
   ->  Gather  (cost=414463.29..414463.50 rows=2 width=96) (actual time=3345.733..3355.085 rows=3 loops=1)
         Workers Planned: 2
         Workers Launched: 2
         ->  Partial Aggregate  (cost=413463.29..413463.30 rows=1 width=96) (actual time=3337.524..3337.525 rows=1 loops=3)
               ->  Hash Join  (cost=363451.32..413463.29 rows=1 width=41) (actual time=3243.712..3337.485 rows=10 loops=3)
                     Hash Cond: (t.kind_id = kt.id)
                     ->  Parallel Hash Join  (cost=363450.20..413462.17 rows=1 width=45) (actual time=3243.413..3337.182 rows=11 loops=3)
                           Hash Cond: (t.id = mi.movie_id)
                           ->  Parallel Seq Scan on title t  (cost=0.00..49166.29 rows=225511 width=25) (actual time=0.018..259.614 rows=177790 loops=3)
                                 Filter: (production_year > 2009)
                                 Rows Removed by Filter: 664981
                           ->  Parallel Hash  (cost=363450.19..363450.19 rows=1 width=40) (actual time=3047.166..3047.166 rows=13395 loops=3)
                                 Buckets: 65536 (originally 1024)  Batches: 1 (originally 1)  Memory Usage: 4088kB
                                 ->  Hash Join  (cost=358450.15..363450.19 rows=1 width=40) (actual time=2997.245..3031.454 rows=13395 loops=3)
                                       Hash Cond: (mc.company_type_id = ct.id)
                                       ->  Parallel Hash Join  (cost=358449.06..363449.10 rows=1 width=44) (actual time=2997.159..3027.921 rows=13395 loops=3)
                                             Hash Cond: (cn.id = mc.company_id)
                                             ->  Parallel Seq Scan on company_name cn  (cost=0.00..4722.92 rows=73895 width=23) (actual time=0.009..18.573 rows=42077 loops=3)
                                                   Filter: ((country_code)::text <> '[us]'::text)
                                                   Rows Removed by Filter: 36256
                                             ->  Parallel Hash  (cost=358449.05..358449.05 rows=1 width=29) (actual time=2997.045..2997.045 rows=14738 loops=3)
                                                   Buckets: 65536 (originally 1024)  Batches: 1 (originally 1)  Memory Usage: 3800kB
                                                   ->  Parallel Hash Join  (cost=323145.98..358449.05 rows=1 width=29) (actual time=2679.685..2970.128 rows=14738 loops=3)
                                                         Hash Cond: (mc.movie_id = mi.movie_id)
                                                         ->  Parallel Seq Scan on movie_companies mc  (cost=0.00..35097.06 rows=54933 width=12) (actual time=0.014..273.907 rows=101090 loops=3)
                                                               Filter: (((note)::text !~~ '%(USA)%'::text) AND ((note)::text ~~ '%(200%)%'::text))
                                                               Rows Removed by Filter: 768619
                                                         ->  Parallel Hash  (cost=323145.97..323145.97 rows=1 width=17) (actual time=2677.061..2677.062 rows=5361 loops=3)
                                                               Buckets: 16384 (originally 1024)  Batches: 1 (originally 1)  Memory Usage: 1016kB
                                                               ->  Parallel Hash Join  (cost=67689.63..323145.97 rows=1 width=17) (actual time=2262.412..2648.689 rows=5361 loops=3)
                                                                     Hash Cond: (mi.movie_id = mk.movie_id)
                                                                     ->  Hash Join  (cost=2.43..255449.73 rows=2405 width=4) (actual time=1414.599..1772.820 rows=196255 loops=3)
                                                                           Hash Cond: (mi.info_type_id = it1.id)
                                                                           ->  Parallel Seq Scan on movie_info mi  (cost=0.00..254707.25 rows=271735 width=8) (actual time=0.729..1722.411 rows=223112 loops=3)
                                                                                 Filter: ((info)::text = ANY ('{Germany,German,USA,American}'::text[]))
                                                                                 Rows Removed by Filter: 4722128
                                                                           ->  Hash  (cost=2.41..2.41 rows=1 width=4) (actual time=0.038..0.039 rows=1 loops=3)
                                                                                 Buckets: 1024  Batches: 1  Memory Usage: 9kB
                                                                                 ->  Seq Scan on info_type it1  (cost=0.00..2.41 rows=1 width=4) (actual time=0.016..0.028 rows=1 loops=3)
                                                                                       Filter: ((info)::text = 'countries'::text)
                                                                                       Rows Removed by Filter: 112
                                                                     ->  Parallel Hash  (cost=67687.20..67687.20 rows=1 width=13) (actual time=847.136..847.137 rows=8267 loops=3)
                                                                           Buckets: 32768 (originally 1024)  Batches: 1 (originally 1)  Memory Usage: 1752kB
                                                                           ->  Parallel Hash Join  (cost=51216.64..67687.20 rows=1 width=13) (actual time=581.731..813.821 rows=8267 loops=3)
                                                                                 Hash Cond: (mi_idx.movie_id = mk.movie_id)
                                                                                 ->  Hash Join  (cost=2.43..16456.75 rows=4327 width=9) (actual time=0.191..213.454 rows=108039 loops=3)
                                                                                       Hash Cond: (mi_idx.info_type_id = it2.id)
                                                                                       ->  Parallel Seq Scan on movie_info_idx mi_idx  (cost=0.00..15122.68 rows=488953 width=13) (actual time=0.040..160.515 rows=390635 loops=3)
                                                                                             Filter: ((info)::text < '7.0'::text)
                                                                                             Rows Removed by Filter: 69377
                                                                                       ->  Hash  (cost=2.41..2.41 rows=1 width=4) (actual time=0.056..0.056 rows=1 loops=3)
                                                                                             Buckets: 1024  Batches: 1  Memory Usage: 9kB
                                                                                             ->  Seq Scan on info_type it2  (cost=0.00..2.41 rows=1 width=4) (actual time=0.043..0.046 rows=1 loops=3)
                                                                                                   Filter: ((info)::text = 'rating'::text)
                                                                                                   Rows Removed by Filter: 112
                                                                                 ->  Parallel Hash  (cost=51213.51..51213.51 rows=56 width=4) (actual time=580.718..580.718 rows=12364 loops=3)
                                                                                       Buckets: 65536 (originally 1024)  Batches: 1 (originally 1)  Memory Usage: 2488kB
                                                                                       ->  Hash Join  (cost=2961.60..51213.51 rows=56 width=4) (actual time=33.044..477.702 rows=12364 loops=3)
                                                                                             Hash Cond: (mk.keyword_id = k.id)
                                                                                             ->  Parallel Seq Scan on movie_keyword mk  (cost=0.00..43303.71 rows=1884971 width=8) (actual time=0.036..257.047 rows=1507977 loops=3)
                                                                                             ->  Hash  (cost=2961.55..2961.55 rows=4 width=4) (actual time=32.850..32.850 rows=3 loops=3)
                                                                                                   Buckets: 1024  Batches: 1  Memory Usage: 9kB
                                                                                                   ->  Seq Scan on keyword k  (cost=0.00..2961.55 rows=4 width=4) (actual time=1.465..32.835 rows=3 loops=3)
                                                                                                         Filter: ((keyword)::text = ANY ('{murder,murder-in-title,blood,violence}'::text[]))
                                                                                                         Rows Removed by Filter: 134167
                                       ->  Hash  (cost=1.04..1.04 rows=4 width=4) (actual time=0.033..0.033 rows=4 loops=3)
                                             Buckets: 1024  Batches: 1  Memory Usage: 9kB
                                             ->  Seq Scan on company_type ct  (cost=0.00..1.04 rows=4 width=4) (actual time=0.018..0.019 rows=4 loops=3)
                     ->  Hash  (cost=1.09..1.09 rows=2 width=4) (actual time=0.070..0.070 rows=2 loops=3)
                           Buckets: 1024  Batches: 1  Memory Usage: 9kB
                           ->  Seq Scan on kind_type kt  (cost=0.00..1.09 rows=2 width=4) (actual time=0.043..0.046 rows=2 loops=3)
                                 Filter: ((kind)::text = ANY ('{movie,episode}'::text[]))
                                 Rows Removed by Filter: 5
 Planning Time: 81.108 ms
 Execution Time: 3356.177 ms
(76 rows)

execute /home/pei/Project/benchmarks/imdb_job-postgres/skinner_explained/22c.sql_explained.sql
SET
SET
                                                                                                             QUERY PLAN                                                                                                              
-------------------------------------------------------------------------------------------------------------------------------------------------------------------------------------------------------------------------------------
 Finalize Aggregate  (cost=461803.15..461803.16 rows=1 width=96) (actual time=4110.674..4110.674 rows=1 loops=1)
   ->  Gather  (cost=461802.92..461803.13 rows=2 width=96) (actual time=4108.641..4117.483 rows=3 loops=1)
         Workers Planned: 2
         Workers Launched: 2
         ->  Partial Aggregate  (cost=460802.92..460802.93 rows=1 width=96) (actual time=4100.840..4100.841 rows=1 loops=3)
               ->  Hash Join  (cost=410038.34..460802.92 rows=1 width=41) (actual time=3777.100..4097.679 rows=7163 loops=3)
                     Hash Cond: (t.kind_id = kt.id)
                     ->  Parallel Hash Join  (cost=410037.22..460801.80 rows=1 width=45) (actual time=3758.121..4095.526 rows=7732 loops=3)
                           Hash Cond: (t.id = mi.movie_id)
                           ->  Parallel Seq Scan on title t  (cost=0.00..49166.29 rows=426207 width=25) (actual time=0.018..280.359 rows=337640 loops=3)
                                 Filter: (production_year > 2005)
                                 Rows Removed by Filter: 505131
                           ->  Parallel Hash  (cost=410037.21..410037.21 rows=1 width=40) (actual time=3753.654..3753.654 rows=21916 loops=3)
                                 Buckets: 65536 (originally 1024)  Batches: 1 (originally 1)  Memory Usage: 5976kB
                                 ->  Hash Join  (cost=405037.17..410037.21 rows=1 width=40) (actual time=3690.408..3731.678 rows=21916 loops=3)
                                       Hash Cond: (mc.company_type_id = ct.id)
                                       ->  Parallel Hash Join  (cost=405036.08..410036.12 rows=1 width=44) (actual time=3690.322..3725.958 rows=21916 loops=3)
                                             Hash Cond: (cn.id = mc.company_id)
                                             ->  Parallel Seq Scan on company_name cn  (cost=0.00..4722.92 rows=73895 width=23) (actual time=0.009..18.580 rows=42077 loops=3)
                                                   Filter: ((country_code)::text <> '[us]'::text)
                                                   Rows Removed by Filter: 36256
                                             ->  Parallel Hash  (cost=405036.07..405036.07 rows=1 width=29) (actual time=3690.200..3690.200 rows=23616 loops=3)
                                                   Buckets: 131072 (originally 1024)  Batches: 1 (originally 1)  Memory Usage: 6520kB
                                                   ->  Parallel Hash Join  (cost=369733.01..405036.07 rows=1 width=29) (actual time=3340.578..3642.802 rows=23616 loops=3)
                                                         Hash Cond: (mc.movie_id = mi.movie_id)
                                                         ->  Parallel Seq Scan on movie_companies mc  (cost=0.00..35097.06 rows=54933 width=12) (actual time=0.013..281.372 rows=101090 loops=3)
                                                               Filter: (((note)::text !~~ '%(USA)%'::text) AND ((note)::text ~~ '%(200%)%'::text))
                                                               Rows Removed by Filter: 768619
                                                         ->  Parallel Hash  (cost=369732.99..369732.99 rows=1 width=17) (actual time=3339.725..3339.726 rows=6989 loops=3)
                                                               Buckets: 32768 (originally 1024)  Batches: 1 (originally 1)  Memory Usage: 1560kB
                                                               ->  Parallel Hash Join  (cost=353063.77..369732.99 rows=1 width=17) (actual time=3046.493..3296.331 rows=6989 loops=3)
                                                                     Hash Cond: (mi_idx.movie_id = mi.movie_id)
                                                                     ->  Hash Join  (cost=2.43..16653.02 rows=4965 width=9) (actual time=0.211..227.049 rows=151410 loops=3)
                                                                           Hash Cond: (mi_idx.info_type_id = it2.id)
                                                                           ->  Parallel Seq Scan on movie_info_idx mi_idx  (cost=0.00..15122.68 rows=561018 width=13) (actual time=0.079..162.896 rows=447629 loops=3)
                                                                                 Filter: ((info)::text < '8.5'::text)
                                                                                 Rows Removed by Filter: 12383
                                                                           ->  Hash  (cost=2.41..2.41 rows=1 width=4) (actual time=0.041..0.041 rows=1 loops=3)
                                                                                 Buckets: 1024  Batches: 1  Memory Usage: 9kB
                                                                                 ->  Seq Scan on info_type it2  (cost=0.00..2.41 rows=1 width=4) (actual time=0.026..0.028 rows=1 loops=3)
                                                                                       Filter: ((info)::text = 'rating'::text)
                                                                                       Rows Removed by Filter: 112
                                                                     ->  Parallel Hash  (cost=353061.34..353061.34 rows=1 width=8) (actual time=3045.710..3045.710 rows=7972 loops=3)
                                                                           Buckets: 32768 (originally 1024)  Batches: 1 (originally 1)  Memory Usage: 1496kB
                                                                           ->  Parallel Hash Join  (cost=51216.64..353061.34 rows=1 width=8) (actual time=2473.474..2992.866 rows=7972 loops=3)
                                                                                 Hash Cond: (mi.movie_id = mk.movie_id)
                                                                                 ->  Hash Join  (cost=2.43..301837.78 rows=2490 width=4) (actual time=1892.391..2381.878 rows=204750 loops=3)
                                                                                       Hash Cond: (mi.info_type_id = it1.id)
                                                                                       ->  Parallel Seq Scan on movie_info mi  (cost=0.00..301068.88 rows=281434 width=8) (actual time=1.037..2329.564 rows=238737 loops=3)
                                                                                             Filter: ((info)::text = ANY ('{Sweden,Norway,Germany,Denmark,Swedish,Danish,Norwegian,German,USA,American}'::text[]))
                                                                                             Rows Removed by Filter: 4706503
                                                                                       ->  Hash  (cost=2.41..2.41 rows=1 width=4) (actual time=0.059..0.060 rows=1 loops=3)
                                                                                             Buckets: 1024  Batches: 1  Memory Usage: 9kB
                                                                                             ->  Seq Scan on info_type it1  (cost=0.00..2.41 rows=1 width=4) (actual time=0.036..0.048 rows=1 loops=3)
                                                                                                   Filter: ((info)::text = 'countries'::text)
                                                                                                   Rows Removed by Filter: 112
                                                                                 ->  Parallel Hash  (cost=51213.51..51213.51 rows=56 width=4) (actual time=580.678..580.678 rows=12364 loops=3)
                                                                                       Buckets: 65536 (originally 1024)  Batches: 1 (originally 1)  Memory Usage: 2488kB
                                                                                       ->  Hash Join  (cost=2961.60..51213.51 rows=56 width=4) (actual time=33.064..477.473 rows=12364 loops=3)
                                                                                             Hash Cond: (mk.keyword_id = k.id)
                                                                                             ->  Parallel Seq Scan on movie_keyword mk  (cost=0.00..43303.71 rows=1884971 width=8) (actual time=0.032..256.961 rows=1507977 loops=3)
                                                                                             ->  Hash  (cost=2961.55..2961.55 rows=4 width=4) (actual time=32.916..32.916 rows=3 loops=3)
                                                                                                   Buckets: 1024  Batches: 1  Memory Usage: 9kB
                                                                                                   ->  Seq Scan on keyword k  (cost=0.00..2961.55 rows=4 width=4) (actual time=1.482..32.903 rows=3 loops=3)
                                                                                                         Filter: ((keyword)::text = ANY ('{murder,murder-in-title,blood,violence}'::text[]))
                                                                                                         Rows Removed by Filter: 134167
                                       ->  Hash  (cost=1.04..1.04 rows=4 width=4) (actual time=0.030..0.030 rows=4 loops=3)
                                             Buckets: 1024  Batches: 1  Memory Usage: 9kB
                                             ->  Seq Scan on company_type ct  (cost=0.00..1.04 rows=4 width=4) (actual time=0.017..0.019 rows=4 loops=3)
                     ->  Hash  (cost=1.09..1.09 rows=2 width=4) (actual time=0.065..0.065 rows=2 loops=3)
                           Buckets: 1024  Batches: 1  Memory Usage: 9kB
                           ->  Seq Scan on kind_type kt  (cost=0.00..1.09 rows=2 width=4) (actual time=0.043..0.045 rows=2 loops=3)
                                 Filter: ((kind)::text = ANY ('{movie,episode}'::text[]))
                                 Rows Removed by Filter: 5
 Planning Time: 81.355 ms
 Execution Time: 4119.167 ms
(76 rows)

execute /home/pei/Project/benchmarks/imdb_job-postgres/skinner_explained/22d.sql_explained.sql
SET
SET
                                                                                                             QUERY PLAN                                                                                                              
-------------------------------------------------------------------------------------------------------------------------------------------------------------------------------------------------------------------------------------
 Finalize Aggregate  (cost=460238.12..460238.13 rows=1 width=96) (actual time=5689.126..5689.126 rows=1 loops=1)
   ->  Gather  (cost=460238.00..460238.11 rows=1 width=96) (actual time=5688.410..5694.439 rows=2 loops=1)
         Workers Planned: 1
         Workers Launched: 1
         ->  Partial Aggregate  (cost=459238.00..459238.01 rows=1 width=96) (actual time=5682.461..5682.462 rows=1 loops=2)
               ->  Hash Join  (cost=454237.96..459238.00 rows=1 width=41) (actual time=5619.406..5673.261 rows=23140 loops=2)
                     Hash Cond: (t.kind_id = kt.id)
                     ->  Hash Join  (cost=454236.84..459236.88 rows=1 width=45) (actual time=5619.181..5667.536 rows=24954 loops=2)
                           Hash Cond: (mc.company_type_id = ct.id)
                           ->  Parallel Hash Join  (cost=454235.75..459235.79 rows=1 width=49) (actual time=5619.097..5661.446 rows=24954 loops=2)
                                 Hash Cond: (cn.id = mc.company_id)
                                 ->  Parallel Seq Scan on company_name cn  (cost=0.00..4722.92 rows=73895 width=23) (actual time=0.009..24.932 rows=63115 loops=2)
                                       Filter: ((country_code)::text <> '[us]'::text)
                                       Rows Removed by Filter: 54384
                                 ->  Parallel Hash  (cost=454235.74..454235.74 rows=1 width=34) (actual time=5618.687..5618.687 rows=35884 loops=2)
                                       Buckets: 131072 (originally 1024)  Batches: 1 (originally 1)  Memory Usage: 6808kB
                                       ->  Parallel Hash Join  (cost=420497.60..454235.74 rows=1 width=34) (actual time=5156.195..5579.700 rows=35884 loops=2)
                                             Hash Cond: (mc.movie_id = t.id)
                                             ->  Parallel Seq Scan on movie_companies mc  (cost=0.00..29661.37 rows=1087137 width=12) (actual time=0.029..233.314 rows=1304564 loops=2)
                                             ->  Parallel Hash  (cost=420497.58..420497.58 rows=1 width=42) (actual time=5155.580..5155.580 rows=2566 loops=2)
                                                   Buckets: 8192 (originally 1024)  Batches: 1 (originally 1)  Memory Usage: 536kB
                                                   ->  Parallel Hash Join  (cost=369733.01..420497.58 rows=1 width=42) (actual time=4675.916..5139.912 rows=2566 loops=2)
                                                         Hash Cond: (t.id = mi.movie_id)
                                                         ->  Parallel Seq Scan on title t  (cost=0.00..49166.29 rows=426207 width=25) (actual time=0.017..394.554 rows=506460 loops=2)
                                                               Filter: (production_year > 2005)
                                                               Rows Removed by Filter: 757696
                                                         ->  Parallel Hash  (cost=369732.99..369732.99 rows=1 width=17) (actual time=4674.057..4674.058 rows=10484 loops=2)
                                                               Buckets: 32768 (originally 1024)  Batches: 1 (originally 1)  Memory Usage: 1528kB
                                                               ->  Parallel Hash Join  (cost=353063.77..369732.99 rows=1 width=17) (actual time=4287.174..4650.721 rows=10484 loops=2)
                                                                     Hash Cond: (mi_idx.movie_id = mi.movie_id)
                                                                     ->  Hash Join  (cost=2.43..16653.02 rows=4965 width=9) (actual time=0.203..330.769 rows=227115 loops=2)
                                                                           Hash Cond: (mi_idx.info_type_id = it2.id)
                                                                           ->  Parallel Seq Scan on movie_info_idx mi_idx  (cost=0.00..15122.68 rows=561018 width=13) (actual time=0.097..235.017 rows=671443 loops=2)
                                                                                 Filter: ((info)::text < '8.5'::text)
                                                                                 Rows Removed by Filter: 18574
                                                                           ->  Hash  (cost=2.41..2.41 rows=1 width=4) (actual time=0.040..0.040 rows=1 loops=2)
                                                                                 Buckets: 1024  Batches: 1  Memory Usage: 9kB
                                                                                 ->  Seq Scan on info_type it2  (cost=0.00..2.41 rows=1 width=4) (actual time=0.027..0.029 rows=1 loops=2)
                                                                                       Filter: ((info)::text = 'rating'::text)
                                                                                       Rows Removed by Filter: 112
                                                                     ->  Parallel Hash  (cost=353061.34..353061.34 rows=1 width=8) (actual time=4285.965..4285.965 rows=11958 loops=2)
                                                                           Buckets: 32768 (originally 1024)  Batches: 1 (originally 1)  Memory Usage: 1464kB
                                                                           ->  Parallel Hash Join  (cost=51216.64..353061.34 rows=1 width=8) (actual time=3485.082..4250.272 rows=11958 loops=2)
                                                                                 Hash Cond: (mi.movie_id = mk.movie_id)
                                                                                 ->  Hash Join  (cost=2.43..301837.78 rows=2490 width=4) (actual time=2710.339..3428.390 rows=307126 loops=2)
                                                                                       Hash Cond: (mi.info_type_id = it1.id)
                                                                                       ->  Parallel Seq Scan on movie_info mi  (cost=0.00..301068.88 rows=281434 width=8) (actual time=1.461..3350.008 rows=358105 loops=2)
                                                                                             Filter: ((info)::text = ANY ('{Sweden,Norway,Germany,Denmark,Swedish,Danish,Norwegian,German,USA,American}'::text[]))
                                                                                             Rows Removed by Filter: 7059755
                                                                                       ->  Hash  (cost=2.41..2.41 rows=1 width=4) (actual time=0.054..0.054 rows=1 loops=2)
                                                                                             Buckets: 1024  Batches: 1  Memory Usage: 9kB
                                                                                             ->  Seq Scan on info_type it1  (cost=0.00..2.41 rows=1 width=4) (actual time=0.032..0.044 rows=1 loops=2)
                                                                                                   Filter: ((info)::text = 'countries'::text)
                                                                                                   Rows Removed by Filter: 112
                                                                                 ->  Parallel Hash  (cost=51213.51..51213.51 rows=56 width=4) (actual time=774.225..774.225 rows=18546 loops=2)
                                                                                       Buckets: 65536 (originally 1024)  Batches: 1 (originally 1)  Memory Usage: 2488kB
                                                                                       ->  Hash Join  (cost=2961.60..51213.51 rows=56 width=4) (actual time=32.655..686.723 rows=18546 loops=2)
                                                                                             Hash Cond: (mk.keyword_id = k.id)
                                                                                             ->  Parallel Seq Scan on movie_keyword mk  (cost=0.00..43303.71 rows=1884971 width=8) (actual time=0.045..372.668 rows=2261965 loops=2)
                                                                                             ->  Hash  (cost=2961.55..2961.55 rows=4 width=4) (actual time=32.437..32.437 rows=3 loops=2)
                                                                                                   Buckets: 1024  Batches: 1  Memory Usage: 9kB
                                                                                                   ->  Seq Scan on keyword k  (cost=0.00..2961.55 rows=4 width=4) (actual time=1.437..32.412 rows=3 loops=2)
                                                                                                         Filter: ((keyword)::text = ANY ('{murder,murder-in-title,blood,violence}'::text[]))
                                                                                                         Rows Removed by Filter: 134167
                           ->  Hash  (cost=1.04..1.04 rows=4 width=4) (actual time=0.027..0.027 rows=4 loops=2)
                                 Buckets: 1024  Batches: 1  Memory Usage: 9kB
                                 ->  Seq Scan on company_type ct  (cost=0.00..1.04 rows=4 width=4) (actual time=0.015..0.016 rows=4 loops=2)
                     ->  Hash  (cost=1.09..1.09 rows=2 width=4) (actual time=0.056..0.056 rows=2 loops=2)
                           Buckets: 1024  Batches: 1  Memory Usage: 9kB
                           ->  Seq Scan on kind_type kt  (cost=0.00..1.09 rows=2 width=4) (actual time=0.036..0.039 rows=2 loops=2)
                                 Filter: ((kind)::text = ANY ('{movie,episode}'::text[]))
                                 Rows Removed by Filter: 5
 Planning Time: 81.798 ms
 Execution Time: 5695.363 ms
(74 rows)

execute /home/pei/Project/benchmarks/imdb_job-postgres/skinner_explained/23a.sql_explained.sql
SET
SET
                                                                                                                   QUERY PLAN                                                                                                                   
------------------------------------------------------------------------------------------------------------------------------------------------------------------------------------------------------------------------------------------------
 Finalize Aggregate  (cost=418779.45..418779.46 rows=1 width=64) (actual time=2397.101..2397.102 rows=1 loops=1)
   ->  Gather  (cost=418779.23..418779.44 rows=2 width=64) (actual time=2396.815..2403.906 rows=3 loops=1)
         Workers Planned: 2
         Workers Launched: 2
         ->  Partial Aggregate  (cost=417779.23..417779.24 rows=1 width=64) (actual time=2388.927..2388.928 rows=1 loops=3)
               ->  Parallel Hash Join  (cost=413873.01..417779.22 rows=1 width=65) (actual time=2342.625..2388.802 rows=206 loops=3)
                     Hash Cond: (k.id = mk.keyword_id)
                     ->  Parallel Index Only Scan using keyword_pkey on keyword k  (cost=0.42..3696.98 rows=55904 width=4) (actual time=0.134..41.379 rows=44723 loops=3)
                           Heap Fetches: 134170
                     ->  Parallel Hash  (cost=413872.58..413872.58 rows=1 width=69) (actual time=2341.609..2341.609 rows=206 loops=3)
                           Buckets: 1024  Batches: 1  Memory Usage: 72kB
                           ->  Hash Join  (cost=363500.14..413872.58 rows=1 width=69) (actual time=2288.007..2341.451 rows=206 loops=3)
                                 Hash Cond: (mc.company_type_id = ct.id)
                                 ->  Hash Join  (cost=363499.05..413871.49 rows=1 width=73) (actual time=2287.902..2341.299 rows=206 loops=3)
                                       Hash Cond: (mi.info_type_id = it1.id)
                                       ->  Parallel Hash Join  (cost=363496.62..413868.99 rows=26 width=77) (actual time=2287.787..2341.135 rows=206 loops=3)
                                             Hash Cond: (mk.movie_id = t.id)
                                             ->  Parallel Seq Scan on movie_keyword mk  (cost=0.00..43303.71 rows=1884971 width=8) (actual time=0.013..250.958 rows=1507977 loops=3)
                                             ->  Parallel Hash  (cost=363496.59..363496.59 rows=3 width=89) (actual time=1910.344..1910.344 rows=2 loops=3)
                                                   Buckets: 1024  Batches: 1  Memory Usage: 72kB
                                                   ->  Parallel Hash Join  (cost=358585.30..363496.59 rows=3 width=89) (actual time=1905.150..1910.287 rows=2 loops=3)
                                                         Hash Cond: (cn.id = mc.company_id)
                                                         ->  Parallel Seq Scan on company_name cn  (cost=0.00..4722.92 rows=50229 width=4) (actual time=0.009..16.362 rows=28281 loops=3)
                                                               Filter: ((country_code)::text = '[us]'::text)
                                                               Rows Removed by Filter: 50051
                                                         ->  Parallel Hash  (cost=358585.24..358585.24 rows=5 width=93) (actual time=1891.165..1891.165 rows=2 loops=3)
                                                               Buckets: 1024  Batches: 1  Memory Usage: 72kB
                                                               ->  Parallel Hash Join  (cost=324847.09..358585.24 rows=5 width=93) (actual time=1837.558..1891.100 rows=2 loops=3)
                                                                     Hash Cond: (mc.movie_id = t.id)
                                                                     ->  Parallel Seq Scan on movie_companies mc  (cost=0.00..29661.37 rows=1087137 width=12) (actual time=0.034..153.056 rows=869710 loops=3)
                                                                     ->  Parallel Hash  (cost=324847.07..324847.07 rows=2 width=81) (actual time=1631.847..1631.847 rows=2 loops=3)
                                                                           Buckets: 1024  Batches: 1  Memory Usage: 40kB
                                                                           ->  Parallel Hash Join  (cost=54685.18..324847.07 rows=2 width=81) (actual time=1391.608..1631.776 rows=2 loops=3)
                                                                                 Hash Cond: (mi.movie_id = t.id)
                                                                                 ->  Parallel Seq Scan on movie_info mi  (cost=0.00..270161.12 rows=200 width=8) (actual time=305.603..1239.797 rows=594 loops=3)
                                                                                       Filter: ((info IS NOT NULL) AND ((note)::text ~~ '%internet%'::text) AND (((info)::text ~~ 'USA:% 199%'::text) OR ((info)::text ~~ 'USA:% 200%'::text)))
                                                                                       Rows Removed by Filter: 4944646
                                                                                 ->  Parallel Hash  (cost=54671.45..54671.45 rows=1099 width=73) (actual time=391.492..391.493 rows=344 loops=3)
                                                                                       Buckets: 4096  Batches: 1  Memory Usage: 128kB
                                                                                       ->  Hash Join  (cost=3236.49..54671.45 rows=1099 width=73) (actual time=272.398..390.998 rows=344 loops=3)
                                                                                             Hash Cond: (t.kind_id = kt.id)
                                                                                             ->  Hash Join  (cost=3235.39..54637.93 rows=7692 width=29) (actual time=53.723..390.631 rows=694 loops=3)
                                                                                                   Hash Cond: (t.id = cc.movie_id)
                                                                                                   ->  Parallel Seq Scan on title t  (cost=0.00..49166.29 rows=575821 width=25) (actual time=0.029..283.688 rows=460484 loops=3)
                                                                                                         Filter: (production_year > 2000)
                                                                                                         Rows Removed by Filter: 382286
                                                                                                   ->  Hash  (cost=2813.24..2813.24 rows=33772 width=4) (actual time=51.957..51.957 rows=24592 loops=3)
                                                                                                         Buckets: 65536  Batches: 1  Memory Usage: 1377kB
                                                                                                         ->  Hash Join  (cost=1.06..2813.24 rows=33772 width=4) (actual time=0.150..44.362 rows=24592 loops=3)
                                                                                                               Hash Cond: (cc.status_id = cct1.id)
                                                                                                               ->  Seq Scan on complete_cast cc  (cost=0.00..2081.86 rows=135086 width=8) (actual time=0.037..23.483 rows=135086 loops=3)
                                                                                                               ->  Hash  (cost=1.05..1.05 rows=1 width=4) (actual time=0.036..0.036 rows=1 loops=3)
                                                                                                                     Buckets: 1024  Batches: 1  Memory Usage: 9kB
                                                                                                                     ->  Seq Scan on comp_cast_type cct1  (cost=0.00..1.05 rows=1 width=4) (actual time=0.023..0.024 rows=1 loops=3)
                                                                                                                           Filter: ((kind)::text = 'complete+verified'::text)
                                                                                                                           Rows Removed by Filter: 3
                                                                                             ->  Hash  (cost=1.09..1.09 rows=1 width=52) (actual time=0.055..0.055 rows=1 loops=3)
                                                                                                   Buckets: 1024  Batches: 1  Memory Usage: 9kB
                                                                                                   ->  Seq Scan on kind_type kt  (cost=0.00..1.09 rows=1 width=52) (actual time=0.042..0.044 rows=1 loops=3)
                                                                                                         Filter: ((kind)::text = 'movie'::text)
                                                                                                         Rows Removed by Filter: 6
                                       ->  Hash  (cost=2.41..2.41 rows=1 width=4) (actual time=0.053..0.053 rows=1 loops=3)
                                             Buckets: 1024  Batches: 1  Memory Usage: 9kB
                                             ->  Seq Scan on info_type it1  (cost=0.00..2.41 rows=1 width=4) (actual time=0.032..0.042 rows=1 loops=3)
                                                   Filter: ((info)::text = 'release dates'::text)
                                                   Rows Removed by Filter: 112
                                 ->  Hash  (cost=1.04..1.04 rows=4 width=4) (actual time=0.045..0.045 rows=4 loops=3)
                                       Buckets: 1024  Batches: 1  Memory Usage: 9kB
                                       ->  Seq Scan on company_type ct  (cost=0.00..1.04 rows=4 width=4) (actual time=0.020..0.022 rows=4 loops=3)
 Planning Time: 83.153 ms
 Execution Time: 2405.011 ms
(71 rows)

execute /home/pei/Project/benchmarks/imdb_job-postgres/skinner_explained/23b.sql_explained.sql
SET
SET
                                                                                                       QUERY PLAN                                                                                                        
-------------------------------------------------------------------------------------------------------------------------------------------------------------------------------------------------------------------------
 Finalize Aggregate  (cost=400136.80..400136.81 rows=1 width=64) (actual time=4253.658..4253.658 rows=1 loops=1)
   ->  Gather  (cost=400136.69..400136.80 rows=1 width=64) (actual time=4253.363..4259.310 rows=2 loops=1)
         Workers Planned: 1
         Workers Launched: 1
         ->  Partial Aggregate  (cost=399136.69..399136.70 rows=1 width=64) (actual time=4247.666..4247.666 rows=1 loops=2)
               ->  Hash Join  (cost=394225.39..399136.68 rows=1 width=65) (actual time=4244.188..4247.644 rows=8 loops=2)
                     Hash Cond: (t.kind_id = kt.id)
                     ->  Hash Join  (cost=394224.29..399135.58 rows=1 width=21) (actual time=4243.952..4247.405 rows=8 loops=2)
                           Hash Cond: (mc.company_type_id = ct.id)
                           ->  Parallel Hash Join  (cost=394223.20..399134.49 rows=1 width=25) (actual time=4243.863..4247.314 rows=8 loops=2)
                                 Hash Cond: (cn.id = mc.company_id)
                                 ->  Parallel Seq Scan on company_name cn  (cost=0.00..4722.92 rows=50229 width=4) (actual time=0.008..24.039 rows=42422 loops=2)
                                       Filter: ((country_code)::text = '[us]'::text)
                                       Rows Removed by Filter: 75077
                                 ->  Parallel Hash  (cost=394223.19..394223.19 rows=1 width=29) (actual time=4218.679..4218.680 rows=8 loops=2)
                                       Buckets: 1024  Batches: 1  Memory Usage: 40kB
                                       ->  Hash Join  (cost=360485.03..394223.19 rows=1 width=29) (actual time=4207.315..4218.616 rows=8 loops=2)
                                             Hash Cond: (t.id = cc.movie_id)
                                             ->  Parallel Hash Join  (cost=357249.64..390987.79 rows=1 width=45) (actual time=3883.292..4172.639 rows=6 loops=2)
                                                   Hash Cond: (mc.movie_id = t.id)
                                                   ->  Parallel Seq Scan on movie_companies mc  (cost=0.00..29661.37 rows=1087137 width=12) (actual time=0.035..231.787 rows=1304564 loops=2)
                                                   ->  Parallel Hash  (cost=357249.63..357249.63 rows=1 width=33) (actual time=3781.548..3781.548 rows=5 loops=2)
                                                         Buckets: 1024  Batches: 1  Memory Usage: 40kB
                                                         ->  Parallel Hash Join  (cost=305924.00..357249.63 rows=1 width=33) (actual time=3553.057..3781.512 rows=5 loops=2)
                                                               Hash Cond: (t.id = mi.movie_id)
                                                               ->  Parallel Seq Scan on title t  (cost=0.00..49166.29 rows=575821 width=25) (actual time=0.017..405.729 rows=690726 loops=2)
                                                                     Filter: (production_year > 2000)
                                                                     Rows Removed by Filter: 573430
                                                               ->  Parallel Hash  (cost=305923.99..305923.99 rows=1 width=8) (actual time=3306.645..3306.645 rows=5 loops=2)
                                                                     Buckets: 1024  Batches: 1  Memory Usage: 72kB
                                                                     ->  Parallel Hash Join  (cost=257671.78..305923.99 rows=1 width=8) (actual time=2809.389..3306.600 rows=5 loops=2)
                                                                           Hash Cond: (mk.movie_id = mi.movie_id)
                                                                           ->  Hash Join  (cost=2961.60..51213.51 rows=56 width=4) (actual time=29.591..680.640 rows=566 loops=2)
                                                                                 Hash Cond: (mk.keyword_id = k.id)
                                                                                 ->  Parallel Seq Scan on movie_keyword mk  (cost=0.00..43303.71 rows=1884971 width=8) (actual time=0.019..377.310 rows=2261965 loops=2)
                                                                                 ->  Hash  (cost=2961.55..2961.55 rows=4 width=4) (actual time=29.256..29.257 rows=4 loops=2)
                                                                                       Buckets: 1024  Batches: 1  Memory Usage: 9kB
                                                                                       ->  Seq Scan on keyword k  (cost=0.00..2961.55 rows=4 width=4) (actual time=0.881..29.232 rows=4 loops=2)
                                                                                             Filter: ((keyword)::text = ANY ('{nerd,loner,alienation,dignity}'::text[]))
                                                                                             Rows Removed by Filter: 134166
                                                                           ->  Parallel Hash  (cost=254710.16..254710.16 rows=2 width=4) (actual time=2625.567..2625.567 rows=886 loops=2)
                                                                                 Buckets: 2048 (originally 1024)  Batches: 1 (originally 1)  Memory Usage: 152kB
                                                                                 ->  Hash Join  (cost=2.43..254710.16 rows=2 width=4) (actual time=430.526..1692.231 rows=886 loops=2)
                                                                                       Hash Cond: (mi.info_type_id = it1.id)
                                                                                       ->  Parallel Seq Scan on movie_info mi  (cost=0.00..254707.25 rows=176 width=8) (actual time=430.406..1691.308 rows=886 loops=2)
                                                                                             Filter: (((note)::text ~~ '%internet%'::text) AND ((info)::text ~~ 'USA:% 200%'::text))
                                                                                             Rows Removed by Filter: 7416974
                                                                                       ->  Hash  (cost=2.41..2.41 rows=1 width=4) (actual time=0.059..0.059 rows=1 loops=2)
                                                                                             Buckets: 1024  Batches: 1  Memory Usage: 9kB
                                                                                             ->  Seq Scan on info_type it1  (cost=0.00..2.41 rows=1 width=4) (actual time=0.037..0.048 rows=1 loops=2)
                                                                                                   Filter: ((info)::text = 'release dates'::text)
                                                                                                   Rows Removed by Filter: 112
                                             ->  Hash  (cost=2813.24..2813.24 rows=33772 width=4) (actual time=44.790..44.790 rows=24592 loops=2)
                                                   Buckets: 65536  Batches: 1  Memory Usage: 1377kB
                                                   ->  Hash Join  (cost=1.06..2813.24 rows=33772 width=4) (actual time=0.124..37.759 rows=24592 loops=2)
                                                         Hash Cond: (cc.status_id = cct1.id)
                                                         ->  Seq Scan on complete_cast cc  (cost=0.00..2081.86 rows=135086 width=8) (actual time=0.025..17.206 rows=135086 loops=2)
                                                         ->  Hash  (cost=1.05..1.05 rows=1 width=4) (actual time=0.033..0.033 rows=1 loops=2)
                                                               Buckets: 1024  Batches: 1  Memory Usage: 9kB
                                                               ->  Seq Scan on comp_cast_type cct1  (cost=0.00..1.05 rows=1 width=4) (actual time=0.022..0.023 rows=1 loops=2)
                                                                     Filter: ((kind)::text = 'complete+verified'::text)
                                                                     Rows Removed by Filter: 3
                           ->  Hash  (cost=1.04..1.04 rows=4 width=4) (actual time=0.031..0.031 rows=4 loops=2)
                                 Buckets: 1024  Batches: 1  Memory Usage: 9kB
                                 ->  Seq Scan on company_type ct  (cost=0.00..1.04 rows=4 width=4) (actual time=0.015..0.017 rows=4 loops=2)
                     ->  Hash  (cost=1.09..1.09 rows=1 width=52) (actual time=0.061..0.061 rows=1 loops=2)
                           Buckets: 1024  Batches: 1  Memory Usage: 9kB
                           ->  Seq Scan on kind_type kt  (cost=0.00..1.09 rows=1 width=52) (actual time=0.040..0.042 rows=1 loops=2)
                                 Filter: ((kind)::text = 'movie'::text)
                                 Rows Removed by Filter: 6
 Planning Time: 82.645 ms
 Execution Time: 4260.276 ms
(72 rows)

execute /home/pei/Project/benchmarks/imdb_job-postgres/skinner_explained/23c.sql_explained.sql
SET
SET
                                                                                                                   QUERY PLAN                                                                                                                   
------------------------------------------------------------------------------------------------------------------------------------------------------------------------------------------------------------------------------------------------
 Finalize Aggregate  (cost=419448.86..419448.87 rows=1 width=64) (actual time=2419.126..2419.126 rows=1 loops=1)
   ->  Gather  (cost=419448.64..419448.85 rows=2 width=64) (actual time=2418.761..2426.161 rows=3 loops=1)
         Workers Planned: 2
         Workers Launched: 2
         ->  Partial Aggregate  (cost=418448.64..418448.65 rows=1 width=64) (actual time=2410.753..2410.753 rows=1 loops=3)
               ->  Hash Join  (cost=414542.42..418448.63 rows=2 width=65) (actual time=2365.094..2410.636 rows=209 loops=3)
                     Hash Cond: (mc.company_type_id = ct.id)
                     ->  Parallel Hash Join  (cost=414541.33..418447.54 rows=2 width=69) (actual time=2364.842..2410.323 rows=209 loops=3)
                           Hash Cond: (k.id = mk.keyword_id)
                           ->  Parallel Index Only Scan using keyword_pkey on keyword k  (cost=0.42..3696.98 rows=55904 width=4) (actual time=0.108..40.618 rows=44723 loops=3)
                                 Heap Fetches: 134170
                           ->  Parallel Hash  (cost=414540.87..414540.87 rows=3 width=73) (actual time=2364.182..2364.182 rows=209 loops=3)
                                 Buckets: 1024  Batches: 1  Memory Usage: 104kB
                                 ->  Parallel Hash Join  (cost=409629.58..414540.87 rows=3 width=73) (actual time=2352.978..2364.021 rows=209 loops=3)
                                       Hash Cond: (cn.id = mc.company_id)
                                       ->  Parallel Seq Scan on company_name cn  (cost=0.00..4722.92 rows=50229 width=4) (actual time=0.031..18.683 rows=28281 loops=3)
                                             Filter: ((country_code)::text = '[us]'::text)
                                             Rows Removed by Filter: 50051
                                       ->  Parallel Hash  (cost=409629.53..409629.53 rows=4 width=77) (actual time=2342.369..2342.369 rows=209 loops=3)
                                             Buckets: 1024  Batches: 1  Memory Usage: 72kB
                                             ->  Hash Join  (cost=359255.99..409629.53 rows=4 width=77) (actual time=2224.470..2342.207 rows=209 loops=3)
                                                   Hash Cond: (mi.info_type_id = it1.id)
                                                   ->  Parallel Hash Join  (cost=359253.57..409626.13 rows=360 width=81) (actual time=2224.352..2342.040 rows=209 loops=3)
                                                         Hash Cond: (mk.movie_id = t.id)
                                                         ->  Parallel Seq Scan on movie_keyword mk  (cost=0.00..43303.71 rows=1884971 width=8) (actual time=0.021..250.386 rows=1507977 loops=3)
                                                         ->  Parallel Hash  (cost=359253.22..359253.22 rows=28 width=93) (actual time=1911.977..1911.977 rows=2 loops=3)
                                                               Buckets: 1024  Batches: 1  Memory Usage: 104kB
                                                               ->  Parallel Hash Join  (cost=325515.05..359253.22 rows=28 width=93) (actual time=1792.147..1911.888 rows=2 loops=3)
                                                                     Hash Cond: (mc.movie_id = t.id)
                                                                     ->  Parallel Seq Scan on movie_companies mc  (cost=0.00..29661.37 rows=1087137 width=12) (actual time=0.624..154.970 rows=869710 loops=3)
                                                                     ->  Parallel Hash  (cost=325514.95..325514.95 rows=8 width=81) (actual time=1650.195..1650.195 rows=2 loops=3)
                                                                           Buckets: 1024  Batches: 1  Memory Usage: 40kB
                                                                           ->  Parallel Hash Join  (cost=55353.07..325514.95 rows=8 width=81) (actual time=1386.081..1650.120 rows=2 loops=3)
                                                                                 Hash Cond: (mi.movie_id = t.id)
                                                                                 ->  Parallel Seq Scan on movie_info mi  (cost=0.00..270161.12 rows=200 width=8) (actual time=306.184..1240.504 rows=594 loops=3)
                                                                                       Filter: ((info IS NOT NULL) AND ((note)::text ~~ '%internet%'::text) AND (((info)::text ~~ 'USA:% 199%'::text) OR ((info)::text ~~ 'USA:% 200%'::text)))
                                                                                       Rows Removed by Filter: 4944646
                                                                                 ->  Parallel Hash  (cost=55283.32..55283.32 rows=5580 width=73) (actual time=409.006..409.006 rows=1684 loops=3)
                                                                                       Buckets: 16384  Batches: 1  Memory Usage: 512kB
                                                                                       ->  Hash Join  (cost=3236.54..55283.32 rows=5580 width=73) (actual time=271.490..407.160 rows=1684 loops=3)
                                                                                             Hash Cond: (t.kind_id = kt.id)
                                                                                             ->  Hash Join  (cost=3235.39..55241.01 rows=9766 width=29) (actual time=46.482..406.173 rows=2141 loops=3)
                                                                                                   Hash Cond: (t.id = cc.movie_id)
                                                                                                   ->  Parallel Seq Scan on title t  (cost=0.00..49166.29 rows=731112 width=25) (actual time=0.033..292.770 rows=583011 loops=3)
                                                                                                         Filter: (production_year > 1990)
                                                                                                         Rows Removed by Filter: 259760
                                                                                                   ->  Hash  (cost=2813.24..2813.24 rows=33772 width=4) (actual time=45.092..45.092 rows=24592 loops=3)
                                                                                                         Buckets: 65536  Batches: 1  Memory Usage: 1377kB
                                                                                                         ->  Hash Join  (cost=1.06..2813.24 rows=33772 width=4) (actual time=0.128..38.010 rows=24592 loops=3)
                                                                                                               Hash Cond: (cc.status_id = cct1.id)
                                                                                                               ->  Seq Scan on complete_cast cc  (cost=0.00..2081.86 rows=135086 width=8) (actual time=0.029..17.285 rows=135086 loops=3)
                                                                                                               ->  Hash  (cost=1.05..1.05 rows=1 width=4) (actual time=0.041..0.041 rows=1 loops=3)
                                                                                                                     Buckets: 1024  Batches: 1  Memory Usage: 9kB
                                                                                                                     ->  Seq Scan on comp_cast_type cct1  (cost=0.00..1.05 rows=1 width=4) (actual time=0.019..0.020 rows=1 loops=3)
                                                                                                                           Filter: ((kind)::text = 'complete+verified'::text)
                                                                                                                           Rows Removed by Filter: 3
                                                                                             ->  Hash  (cost=1.10..1.10 rows=4 width=52) (actual time=0.047..0.047 rows=4 loops=3)
                                                                                                   Buckets: 1024  Batches: 1  Memory Usage: 9kB
                                                                                                   ->  Seq Scan on kind_type kt  (cost=0.00..1.10 rows=4 width=52) (actual time=0.031..0.034 rows=4 loops=3)
                                                                                                         Filter: ((kind)::text = ANY ('{movie,"tv movie","video movie","video game"}'::text[]))
                                                                                                         Rows Removed by Filter: 3
                                                   ->  Hash  (cost=2.41..2.41 rows=1 width=4) (actual time=0.054..0.054 rows=1 loops=3)
                                                         Buckets: 1024  Batches: 1  Memory Usage: 9kB
                                                         ->  Seq Scan on info_type it1  (cost=0.00..2.41 rows=1 width=4) (actual time=0.031..0.043 rows=1 loops=3)
                                                               Filter: ((info)::text = 'release dates'::text)
                                                               Rows Removed by Filter: 112
                     ->  Hash  (cost=1.04..1.04 rows=4 width=4) (actual time=0.055..0.055 rows=4 loops=3)
                           Buckets: 1024  Batches: 1  Memory Usage: 9kB
                           ->  Seq Scan on company_type ct  (cost=0.00..1.04 rows=4 width=4) (actual time=0.027..0.028 rows=4 loops=3)
 Planning Time: 80.696 ms
 Execution Time: 2427.192 ms
(71 rows)

execute /home/pei/Project/benchmarks/imdb_job-postgres/skinner_explained/24a.sql_explained.sql
SET
SET
                                                                                                                      QUERY PLAN                                                                                                                       
-------------------------------------------------------------------------------------------------------------------------------------------------------------------------------------------------------------------------------------------------------
 Aggregate  (cost=1028775.06..1028775.07 rows=1 width=96) (actual time=7262.982..7262.982 rows=1 loops=1)
   ->  Hash Join  (cost=773581.49..1028775.05 rows=1 width=48) (actual time=6176.112..7262.839 rows=275 loops=1)
         Hash Cond: (mi.info_type_id = it.id)
         ->  Gather  (cost=773579.07..1028772.62 rows=1 width=52) (actual time=6176.003..7270.360 rows=275 loops=1)
               Workers Planned: 2
               Workers Launched: 2
               ->  Parallel Hash Join  (cost=772579.07..1027772.52 rows=1 width=52) (actual time=6148.377..7253.951 rows=92 loops=3)
                     Hash Cond: (mi.movie_id = t.id)
                     ->  Parallel Seq Scan on movie_info mi  (cost=0.00..254707.25 rows=129652 width=8) (actual time=279.945..1780.106 rows=100416 loops=3)
                           Filter: ((info IS NOT NULL) AND (((info)::text ~~ 'Japan:%201%'::text) OR ((info)::text ~~ 'USA:%201%'::text)))
                           Rows Removed by Filter: 4844824
                     ->  Parallel Hash  (cost=772579.06..772579.06 rows=1 width=64) (actual time=5461.078..5461.078 rows=42 loops=3)
                           Buckets: 1024  Batches: 1  Memory Usage: 104kB
                           ->  Parallel Hash Join  (cost=767667.77..772579.06 rows=1 width=64) (actual time=5437.564..5460.973 rows=42 loops=3)
                                 Hash Cond: (cn.id = mc.company_id)
                                 ->  Parallel Seq Scan on company_name cn  (cost=0.00..4722.92 rows=50229 width=4) (actual time=0.013..22.238 rows=28281 loops=3)
                                       Filter: ((country_code)::text = '[us]'::text)
                                       Rows Removed by Filter: 50051
                                 ->  Parallel Hash  (cost=767667.75..767667.75 rows=1 width=68) (actual time=5435.666..5435.666 rows=115 loops=3)
                                       Buckets: 1024  Batches: 1  Memory Usage: 104kB
                                       ->  Parallel Hash Join  (cost=733929.61..767667.75 rows=1 width=68) (actual time=5245.664..5435.533 rows=115 loops=3)
                                             Hash Cond: (mc.movie_id = t.id)
                                             ->  Parallel Seq Scan on movie_companies mc  (cost=0.00..29661.37 rows=1087137 width=8) (actual time=0.026..165.022 rows=869710 loops=3)
                                             ->  Parallel Hash  (cost=733929.60..733929.60 rows=1 width=60) (actual time=5163.408..5163.408 rows=13 loops=3)
                                                   Buckets: 1024  Batches: 1  Memory Usage: 104kB
                                                   ->  Hash Join  (cost=679490.06..733929.60 rows=1 width=60) (actual time=5008.140..5163.321 rows=13 loops=3)
                                                         Hash Cond: (ci.role_id = rt.id)
                                                         ->  Parallel Hash Join  (cost=679488.90..733928.43 rows=1 width=64) (actual time=5008.002..5163.178 rows=13 loops=3)
                                                               Hash Cond: (chn.id = ci.person_role_id)
                                                               ->  Parallel Seq Scan on char_name chn  (cost=0.00..49532.75 rows=1308475 width=20) (actual time=0.038..266.042 rows=1046780 loops=3)
                                                               ->  Parallel Hash  (cost=679488.88..679488.88 rows=1 width=52) (actual time=4771.054..4771.054 rows=13 loops=3)
                                                                     Buckets: 1024  Batches: 1  Memory Usage: 104kB
                                                                     ->  Parallel Hash Join  (cost=663335.18..679488.88 rows=1 width=52) (actual time=4677.242..4770.917 rows=13 loops=3)
                                                                           Hash Cond: (n.id = ci.person_id)
                                                                           ->  Parallel Hash Join  (cost=81910.23..98047.67 rows=4333 width=23) (actual time=565.872..700.953 rows=3508 loops=3)
                                                                                 Hash Cond: (an.person_id = n.id)
                                                                                 ->  Parallel Seq Scan on aka_name an  (cost=0.00..15151.60 rows=375560 width=4) (actual time=0.037..80.550 rows=300448 loops=3)
                                                                                 ->  Parallel Hash  (cost=81659.82..81659.82 rows=20033 width=19) (actual time=564.956..564.956 rows=16670 loops=3)
                                                                                       Buckets: 65536  Batches: 1  Memory Usage: 3296kB
                                                                                       ->  Parallel Seq Scan on name n  (cost=0.00..81659.82 rows=20033 width=19) (actual time=229.967..550.240 rows=16670 loops=3)
                                                                                             Filter: (((name)::text ~~ '%An%'::text) AND ((gender)::text = 'f'::text))
                                                                                             Rows Removed by Filter: 1372493
                                                                           ->  Parallel Hash  (cost=581424.93..581424.93 rows=2 width=41) (actual time=4069.117..4069.117 rows=875 loops=3)
                                                                                 Buckets: 2048 (originally 1024)  Batches: 1 (originally 1)  Memory Usage: 280kB
                                                                                 ->  Parallel Hash Join  (cost=100834.61..581424.93 rows=2 width=41) (actual time=914.582..3897.243 rows=875 loops=3)
                                                                                       Hash Cond: (ci.movie_id = t.id)
                                                                                       ->  Parallel Seq Scan on cast_info ci  (cost=0.00..479214.15 rows=366974 width=16) (actual time=1.132..2950.834 rows=289159 loops=3)
                                                                                             Filter: ((note)::text = ANY ('{(voice),"(voice: Japanese version)","(voice) (uncredited)","(voice: English version)"}'::text[]))
                                                                                             Rows Removed by Filter: 11792289
                                                                                       ->  Parallel Hash  (cost=100834.53..100834.53 rows=7 width=25) (actual time=903.633..903.633 rows=165 loops=3)
                                                                                             Buckets: 1024  Batches: 1  Memory Usage: 104kB
                                                                                             ->  Parallel Hash Join  (cost=51046.31..100834.53 rows=7 width=25) (actual time=622.601..903.381 rows=165 loops=3)
                                                                                                   Hash Cond: (t.id = mk.movie_id)
                                                                                                   ->  Parallel Seq Scan on title t  (cost=0.00..49166.29 rows=165838 width=21) (actual time=0.023..262.702 rows=130555 loops=3)
                                                                                                         Filter: (production_year > 2010)
                                                                                                         Rows Removed by Filter: 712215
                                                                                                   ->  Parallel Hash  (cost=51045.79..51045.79 rows=42 width=4) (actual time=619.013..619.013 rows=3232 loops=3)
                                                                                                         Buckets: 16384 (originally 1024)  Batches: 1 (originally 1)  Memory Usage: 696kB
                                                                                                         ->  Hash Join  (cost=2793.88..51045.79 rows=42 width=4) (actual time=31.376..468.648 rows=3232 loops=3)
                                                                                                               Hash Cond: (mk.keyword_id = k.id)
                                                                                                               ->  Parallel Seq Scan on movie_keyword mk  (cost=0.00..43303.71 rows=1884971 width=8) (actual time=0.049..254.390 rows=1507977 loops=3)
                                                                                                               ->  Hash  (cost=2793.84..2793.84 rows=3 width=4) (actual time=30.234..30.234 rows=3 loops=3)
                                                                                                                     Buckets: 1024  Batches: 1  Memory Usage: 9kB
                                                                                                                     ->  Seq Scan on keyword k  (cost=0.00..2793.84 rows=3 width=4) (actual time=0.071..30.219 rows=3 loops=3)
                                                                                                                           Filter: ((keyword)::text = ANY ('{hero,martial-arts,hand-to-hand-combat}'::text[]))
                                                                                                                           Rows Removed by Filter: 134167
                                                         ->  Hash  (cost=1.15..1.15 rows=1 width=4) (actual time=0.081..0.082 rows=1 loops=3)
                                                               Buckets: 1024  Batches: 1  Memory Usage: 9kB
                                                               ->  Seq Scan on role_type rt  (cost=0.00..1.15 rows=1 width=4) (actual time=0.058..0.060 rows=1 loops=3)
                                                                     Filter: ((role)::text = 'actress'::text)
                                                                     Rows Removed by Filter: 11
         ->  Hash  (cost=2.41..2.41 rows=1 width=4) (actual time=0.036..0.036 rows=1 loops=1)
               Buckets: 1024  Batches: 1  Memory Usage: 9kB
               ->  Seq Scan on info_type it  (cost=0.00..2.41 rows=1 width=4) (actual time=0.015..0.026 rows=1 loops=1)
                     Filter: ((info)::text = 'release dates'::text)
                     Rows Removed by Filter: 112
 Planning Time: 99.088 ms
 Execution Time: 7271.621 ms
(78 rows)

execute /home/pei/Project/benchmarks/imdb_job-postgres/skinner_explained/24b.sql_explained.sql
SET
SET
                                                                                                                QUERY PLAN                                                                                                                 
-------------------------------------------------------------------------------------------------------------------------------------------------------------------------------------------------------------------------------------------
 Aggregate  (cost=1031111.24..1031111.25 rows=1 width=96) (actual time=6612.309..6612.309 rows=1 loops=1)
   ->  Hash Join  (cost=775917.68..1031111.23 rows=1 width=48) (actual time=5586.918..6612.266 rows=45 loops=1)
         Hash Cond: (mi.info_type_id = it.id)
         ->  Gather  (cost=775915.25..1031108.81 rows=1 width=52) (actual time=5586.798..6618.667 rows=45 loops=1)
               Workers Planned: 2
               Workers Launched: 2
               ->  Parallel Hash Join  (cost=774915.25..1030108.71 rows=1 width=52) (actual time=5920.746..6603.812 rows=15 loops=3)
                     Hash Cond: (mi.movie_id = t.id)
                     ->  Parallel Seq Scan on movie_info mi  (cost=0.00..254707.25 rows=129652 width=8) (actual time=194.394..1690.247 rows=100416 loops=3)
                           Filter: ((info IS NOT NULL) AND (((info)::text ~~ 'Japan:%201%'::text) OR ((info)::text ~~ 'USA:%201%'::text)))
                           Rows Removed by Filter: 4844824
                     ->  Parallel Hash  (cost=774915.24..774915.24 rows=1 width=64) (actual time=4901.043..4901.043 rows=8 loops=3)
                           Buckets: 1024  Batches: 1  Memory Usage: 40kB
                           ->  Hash Join  (cost=720475.70..774915.24 rows=1 width=64) (actual time=4860.451..4900.955 rows=8 loops=3)
                                 Hash Cond: (ci.role_id = rt.id)
                                 ->  Parallel Hash Join  (cost=720474.54..774914.07 rows=1 width=68) (actual time=4860.329..4900.830 rows=8 loops=3)
                                       Hash Cond: (chn.id = ci.person_role_id)
                                       ->  Parallel Seq Scan on char_name chn  (cost=0.00..49532.75 rows=1308475 width=20) (actual time=0.039..249.270 rows=1046780 loops=3)
                                       ->  Parallel Hash  (cost=720474.52..720474.52 rows=1 width=56) (actual time=4526.491..4526.491 rows=8 loops=3)
                                             Buckets: 1024  Batches: 1  Memory Usage: 72kB
                                             ->  Parallel Hash Join  (cost=704320.82..720474.52 rows=1 width=56) (actual time=4494.585..4526.375 rows=8 loops=3)
                                                   Hash Cond: (n.id = ci.person_id)
                                                   ->  Parallel Hash Join  (cost=81910.23..98047.67 rows=4333 width=23) (actual time=548.096..673.434 rows=3508 loops=3)
                                                         Hash Cond: (an.person_id = n.id)
                                                         ->  Parallel Seq Scan on aka_name an  (cost=0.00..15151.60 rows=375560 width=4) (actual time=0.032..73.768 rows=300448 loops=3)
                                                         ->  Parallel Hash  (cost=81659.82..81659.82 rows=20033 width=19) (actual time=547.103..547.104 rows=16670 loops=3)
                                                               Buckets: 65536  Batches: 1  Memory Usage: 3296kB
                                                               ->  Parallel Seq Scan on name n  (cost=0.00..81659.82 rows=20033 width=19) (actual time=223.963..533.497 rows=16670 loops=3)
                                                                     Filter: (((name)::text ~~ '%An%'::text) AND ((gender)::text = 'f'::text))
                                                                     Rows Removed by Filter: 1372493
                                                   ->  Parallel Hash  (cost=622410.58..622410.58 rows=1 width=45) (actual time=3852.421..3852.421 rows=36 loops=3)
                                                         Buckets: 1024  Batches: 1  Memory Usage: 104kB
                                                         ->  Parallel Hash Join  (cost=141820.27..622410.58 rows=1 width=45) (actual time=1104.129..3852.311 rows=36 loops=3)
                                                               Hash Cond: (ci.movie_id = t.id)
                                                               ->  Parallel Seq Scan on cast_info ci  (cost=0.00..479214.15 rows=366974 width=16) (actual time=0.206..2812.653 rows=289159 loops=3)
                                                                     Filter: ((note)::text = ANY ('{(voice),"(voice: Japanese version)","(voice) (uncredited)","(voice: English version)"}'::text[]))
                                                                     Rows Removed by Filter: 11792289
                                                               ->  Parallel Hash  (cost=141820.25..141820.25 rows=1 width=29) (actual time=1001.855..1001.855 rows=2 loops=3)
                                                                     Buckets: 1024  Batches: 1  Memory Usage: 72kB
                                                                     ->  Parallel Hash Join  (cost=108082.11..141820.25 rows=1 width=29) (actual time=951.641..1001.790 rows=2 loops=3)
                                                                           Hash Cond: (mc.company_id = cn.id)
                                                                           ->  Parallel Hash Join  (cost=103013.59..136751.74 rows=1 width=33) (actual time=823.956..980.500 rows=21 loops=3)
                                                                                 Hash Cond: (mc.movie_id = t.id)
                                                                                 ->  Parallel Seq Scan on movie_companies mc  (cost=0.00..29661.37 rows=1087137 width=8) (actual time=0.029..156.475 rows=869710 loops=3)
                                                                                 ->  Parallel Hash  (cost=103013.58..103013.58 rows=1 width=25) (actual time=716.172..716.172 rows=2 loops=3)
                                                                                       Buckets: 1024  Batches: 1  Memory Usage: 104kB
                                                                                       ->  Hash Join  (cost=54761.74..103013.58 rows=1 width=25) (actual time=447.202..716.065 rows=2 loops=3)
                                                                                             Hash Cond: (mk.keyword_id = k.id)
                                                                                             ->  Parallel Hash Join  (cost=51800.14..100051.91 rows=28 width=29) (actual time=414.830..683.693 rows=29 loops=3)
                                                                                                   Hash Cond: (mk.movie_id = t.id)
                                                                                                   ->  Parallel Seq Scan on movie_keyword mk  (cost=0.00..43303.71 rows=1884971 width=8) (actual time=0.089..253.908 rows=1507977 loops=3)
                                                                                                   ->  Parallel Hash  (cost=51799.95..51799.95 rows=15 width=21) (actual time=249.856..249.856 rows=3 loops=3)
                                                                                                         Buckets: 1024  Batches: 1  Memory Usage: 104kB
                                                                                                         ->  Parallel Seq Scan on title t  (cost=0.00..51799.95 rows=15 width=21) (actual time=106.454..249.781 rows=3 loops=3)
                                                                                                               Filter: ((production_year > 2010) AND ((title)::text ~~ 'Kung Fu Panda%'::text))
                                                                                                               Rows Removed by Filter: 842768
                                                                                             ->  Hash  (cost=2961.55..2961.55 rows=4 width=4) (actual time=32.310..32.310 rows=3 loops=3)
                                                                                                   Buckets: 1024  Batches: 1  Memory Usage: 9kB
                                                                                                   ->  Seq Scan on keyword k  (cost=0.00..2961.55 rows=4 width=4) (actual time=0.070..32.291 rows=3 loops=3)
                                                                                                         Filter: ((keyword)::text = ANY ('{hero,martial-arts,hand-to-hand-combat,computer-animated-movie}'::text[]))
                                                                                                         Rows Removed by Filter: 134167
                                                                           ->  Parallel Hash  (cost=5068.50..5068.50 rows=1 width=4) (actual time=21.219..21.219 rows=0 loops=3)
                                                                                 Buckets: 1024  Batches: 1  Memory Usage: 40kB
                                                                                 ->  Parallel Seq Scan on company_name cn  (cost=0.00..5068.50 rows=1 width=4) (actual time=16.018..21.185 rows=0 loops=3)
                                                                                       Filter: (((country_code)::text = '[us]'::text) AND ((name)::text = 'DreamWorks Animation'::text))
                                                                                       Rows Removed by Filter: 78332
                                 ->  Hash  (cost=1.15..1.15 rows=1 width=4) (actual time=0.067..0.068 rows=1 loops=3)
                                       Buckets: 1024  Batches: 1  Memory Usage: 9kB
                                       ->  Seq Scan on role_type rt  (cost=0.00..1.15 rows=1 width=4) (actual time=0.045..0.048 rows=1 loops=3)
                                             Filter: ((role)::text = 'actress'::text)
                                             Rows Removed by Filter: 11
         ->  Hash  (cost=2.41..2.41 rows=1 width=4) (actual time=0.050..0.051 rows=1 loops=1)
               Buckets: 1024  Batches: 1  Memory Usage: 9kB
               ->  Seq Scan on info_type it  (cost=0.00..2.41 rows=1 width=4) (actual time=0.029..0.040 rows=1 loops=1)
                     Filter: ((info)::text = 'release dates'::text)
                     Rows Removed by Filter: 112
 Planning Time: 99.807 ms
 Execution Time: 6619.772 ms
(78 rows)

execute /home/pei/Project/benchmarks/imdb_job-postgres/skinner_explained/25a.sql_explained.sql
SET
SET
                                                                                                       QUERY PLAN                                                                                                        
-------------------------------------------------------------------------------------------------------------------------------------------------------------------------------------------------------------------------
 Finalize Aggregate  (cost=937486.93..937486.94 rows=1 width=128) (actual time=6273.177..6273.178 rows=1 loops=1)
   ->  Gather  (cost=937486.70..937486.91 rows=2 width=128) (actual time=6272.190..6280.758 rows=3 loops=1)
         Workers Planned: 2
         Workers Launched: 2
         ->  Partial Aggregate  (cost=936486.70..936486.71 rows=1 width=128) (actual time=6264.777..6264.777 rows=1 loops=3)
               ->  Parallel Hash Join  (cost=886003.56..936486.69 rows=1 width=80) (actual time=5973.329..6263.415 rows=1469 loops=3)
                     Hash Cond: (t.id = mi.movie_id)
                     ->  Parallel Seq Scan on title t  (cost=0.00..46532.63 rows=1053463 width=21) (actual time=0.029..240.620 rows=842771 loops=3)
                     ->  Parallel Hash  (cost=886003.55..886003.55 rows=1 width=79) (actual time=5896.359..5896.359 rows=1469 loops=3)
                           Buckets: 4096 (originally 1024)  Batches: 1 (originally 1)  Memory Usage: 440kB
                           ->  Parallel Hash Join  (cost=805976.20..886003.55 rows=1 width=79) (actual time=5301.814..5842.818 rows=1469 loops=3)
                                 Hash Cond: (n.id = ci.person_id)
                                 ->  Parallel Seq Scan on name n  (cost=0.00..77318.68 rows=722307 width=19) (actual time=0.062..470.374 rows=579860 loops=3)
                                       Filter: ((gender)::text = 'm'::text)
                                       Rows Removed by Filter: 809304
                                 ->  Parallel Hash  (cost=805976.19..805976.19 rows=1 width=68) (actual time=5300.628..5300.628 rows=2371 loops=3)
                                       Buckets: 8192 (originally 1024)  Batches: 1 (originally 1)  Memory Usage: 664kB
                                       ->  Parallel Hash Join  (cost=305955.51..805976.19 rows=1 width=68) (actual time=4039.224..5215.333 rows=2371 loops=3)
                                             Hash Cond: (ci.movie_id = mi.movie_id)
                                             ->  Parallel Seq Scan on cast_info ci  (cost=0.00..498091.41 rows=514468 width=8) (actual time=239.652..3046.329 rows=414905 loops=3)
                                                   Filter: ((note)::text = ANY ('{(writer),"(head writer)","(written by)",(story),"(story editor)"}'::text[]))
                                                   Rows Removed by Filter: 11666543
                                             ->  Parallel Hash  (cost=305955.50..305955.50 rows=1 width=60) (actual time=2114.630..2114.630 rows=3796 loops=3)
                                                   Buckets: 16384 (originally 1024)  Batches: 1 (originally 1)  Memory Usage: 984kB
                                                   ->  Parallel Hash Join  (cost=290685.23..305955.50 rows=1 width=60) (actual time=1896.119..2079.858 rows=3796 loops=3)
                                                         Hash Cond: (mi_idx.movie_id = mi.movie_id)
                                                         ->  Hash Join  (cost=2.43..15253.60 rows=5089 width=9) (actual time=0.153..165.477 rows=153308 loops=3)
                                                               Hash Cond: (mi_idx.info_type_id = it2.id)
                                                               ->  Parallel Seq Scan on movie_info_idx mi_idx  (cost=0.00..13685.15 rows=575015 width=13) (actual time=0.038..82.056 rows=460012 loops=3)
                                                               ->  Hash  (cost=2.41..2.41 rows=1 width=4) (actual time=0.048..0.049 rows=1 loops=3)
                                                                     Buckets: 1024  Batches: 1  Memory Usage: 9kB
                                                                     ->  Seq Scan on info_type it2  (cost=0.00..2.41 rows=1 width=4) (actual time=0.026..0.029 rows=1 loops=3)
                                                                           Filter: ((info)::text = 'votes'::text)
                                                                           Rows Removed by Filter: 112
                                                         ->  Parallel Hash  (cost=290682.79..290682.79 rows=1 width=51) (actual time=1893.167..1893.167 rows=4146 loops=3)
                                                               Buckets: 16384 (originally 1024)  Batches: 1 (originally 1)  Memory Usage: 888kB
                                                               ->  Parallel Hash Join  (cost=51384.54..290682.79 rows=1 width=51) (actual time=1741.334..1874.124 rows=4146 loops=3)
                                                                     Hash Cond: (mi.movie_id = mk.movie_id)
                                                                     ->  Hash Join  (cost=2.43..239300.13 rows=144 width=47) (actual time=1200.865..1327.823 rows=10138 loops=3)
                                                                           Hash Cond: (mi.info_type_id = it1.id)
                                                                           ->  Parallel Seq Scan on movie_info mi  (cost=0.00..239253.38 rows=16278 width=51) (actual time=837.590..1323.290 rows=10267 loops=3)
                                                                                 Filter: ((info)::text = 'Horror'::text)
                                                                                 Rows Removed by Filter: 4934973
                                                                           ->  Hash  (cost=2.41..2.41 rows=1 width=4) (actual time=0.095..0.095 rows=1 loops=3)
                                                                                 Buckets: 1024  Batches: 1  Memory Usage: 9kB
                                                                                 ->  Seq Scan on info_type it1  (cost=0.00..2.41 rows=1 width=4) (actual time=0.055..0.067 rows=1 loops=3)
                                                                                       Filter: ((info)::text = 'genres'::text)
                                                                                       Rows Removed by Filter: 112
                                                                     ->  Parallel Hash  (cost=51381.24..51381.24 rows=70 width=4) (actual time=540.298..540.298 rows=20699 loops=3)
                                                                           Buckets: 65536 (originally 1024)  Batches: 1 (originally 1)  Memory Usage: 3480kB
                                                                           ->  Hash Join  (cost=3129.33..51381.24 rows=70 width=4) (actual time=35.676..479.803 rows=20699 loops=3)
                                                                                 Hash Cond: (mk.keyword_id = k.id)
                                                                                 ->  Parallel Seq Scan on movie_keyword mk  (cost=0.00..43303.71 rows=1884971 width=8) (actual time=0.046..254.958 rows=1507977 loops=3)
                                                                                 ->  Hash  (cost=3129.26..3129.26 rows=5 width=4) (actual time=35.497..35.497 rows=5 loops=3)
                                                                                       Buckets: 1024  Batches: 1  Memory Usage: 9kB
                                                                                       ->  Seq Scan on keyword k  (cost=0.00..3129.26 rows=5 width=4) (actual time=0.923..35.471 rows=5 loops=3)
                                                                                             Filter: ((keyword)::text = ANY ('{murder,blood,gore,death,female-nudity}'::text[]))
                                                                                             Rows Removed by Filter: 134165
 Planning Time: 30.162 ms
 Execution Time: 6281.766 ms
(60 rows)

execute /home/pei/Project/benchmarks/imdb_job-postgres/skinner_explained/25b.sql_explained.sql
SET
SET
                                                                                                QUERY PLAN                                                                                                 
-----------------------------------------------------------------------------------------------------------------------------------------------------------------------------------------------------------
 Finalize Aggregate  (cost=938224.64..938224.65 rows=1 width=128) (actual time=5593.881..5593.881 rows=1 loops=1)
   ->  Gather  (cost=938224.41..938224.62 rows=2 width=128) (actual time=5593.660..5600.201 rows=3 loops=1)
         Workers Planned: 2
         Workers Launched: 2
         ->  Partial Aggregate  (cost=937224.41..937224.42 rows=1 width=128) (actual time=5586.383..5586.388 rows=1 loops=3)
               ->  Parallel Hash Join  (cost=857197.05..937224.40 rows=1 width=80) (actual time=5431.331..5586.360 rows=2 loops=3)
                     Hash Cond: (n.id = ci.person_id)
                     ->  Parallel Seq Scan on name n  (cost=0.00..77318.68 rows=722307 width=19) (actual time=0.036..445.394 rows=579860 loops=3)
                           Filter: ((gender)::text = 'm'::text)
                           Rows Removed by Filter: 809304
                     ->  Parallel Hash  (cost=857197.04..857197.04 rows=1 width=69) (actual time=5083.912..5083.912 rows=2 loops=3)
                           Buckets: 1024  Batches: 1  Memory Usage: 72kB
                           ->  Parallel Hash Join  (cost=617898.78..857197.04 rows=1 width=69) (actual time=5071.056..5083.820 rows=2 loops=3)
                                 Hash Cond: (mi.movie_id = t.id)
                                 ->  Hash Join  (cost=2.43..239300.13 rows=144 width=47) (actual time=1110.677..1231.668 rows=10138 loops=3)
                                       Hash Cond: (mi.info_type_id = it1.id)
                                       ->  Parallel Seq Scan on movie_info mi  (cost=0.00..239253.38 rows=16278 width=51) (actual time=774.572..1227.308 rows=10267 loops=3)
                                             Filter: ((info)::text = 'Horror'::text)
                                             Rows Removed by Filter: 4934973
                                       ->  Hash  (cost=2.41..2.41 rows=1 width=4) (actual time=0.043..0.044 rows=1 loops=3)
                                             Buckets: 1024  Batches: 1  Memory Usage: 9kB
                                             ->  Seq Scan on info_type it1  (cost=0.00..2.41 rows=1 width=4) (actual time=0.018..0.030 rows=1 loops=3)
                                                   Filter: ((info)::text = 'genres'::text)
                                                   Rows Removed by Filter: 112
                                 ->  Parallel Hash  (cost=617896.35..617896.35 rows=1 width=42) (actual time=3850.477..3850.477 rows=2 loops=3)
                                       Buckets: 1024  Batches: 1  Memory Usage: 72kB
                                       ->  Parallel Hash Join  (cost=602626.08..617896.35 rows=1 width=42) (actual time=3846.231..3850.411 rows=2 loops=3)
                                             Hash Cond: (mi_idx.movie_id = t.id)
                                             ->  Hash Join  (cost=2.43..15253.60 rows=5089 width=9) (actual time=0.167..160.879 rows=153308 loops=3)
                                                   Hash Cond: (mi_idx.info_type_id = it2.id)
                                                   ->  Parallel Seq Scan on movie_info_idx mi_idx  (cost=0.00..13685.15 rows=575015 width=13) (actual time=0.031..78.516 rows=460012 loops=3)
                                                   ->  Hash  (cost=2.41..2.41 rows=1 width=4) (actual time=0.071..0.071 rows=1 loops=3)
                                                         Buckets: 1024  Batches: 1  Memory Usage: 9kB
                                                         ->  Seq Scan on info_type it2  (cost=0.00..2.41 rows=1 width=4) (actual time=0.047..0.050 rows=1 loops=3)
                                                               Filter: ((info)::text = 'votes'::text)
                                                               Rows Removed by Filter: 112
                                             ->  Parallel Hash  (cost=602623.64..602623.64 rows=1 width=33) (actual time=3674.742..3674.742 rows=2 loops=3)
                                                   Buckets: 1024  Batches: 1  Memory Usage: 72kB
                                                   ->  Parallel Hash Join  (cost=554371.45..602623.64 rows=1 width=33) (actual time=3661.604..3674.658 rows=2 loops=3)
                                                         Hash Cond: (mk.movie_id = t.id)
                                                         ->  Hash Join  (cost=3129.33..51381.24 rows=70 width=4) (actual time=34.469..480.228 rows=20699 loops=3)
                                                               Hash Cond: (mk.keyword_id = k.id)
                                                               ->  Parallel Seq Scan on movie_keyword mk  (cost=0.00..43303.71 rows=1884971 width=8) (actual time=0.033..256.903 rows=1507977 loops=3)
                                                               ->  Hash  (cost=3129.26..3129.26 rows=5 width=4) (actual time=34.275..34.275 rows=5 loops=3)
                                                                     Buckets: 1024  Batches: 1  Memory Usage: 9kB
                                                                     ->  Seq Scan on keyword k  (cost=0.00..3129.26 rows=5 width=4) (actual time=0.939..34.253 rows=5 loops=3)
                                                                           Filter: ((keyword)::text = ANY ('{murder,blood,gore,death,female-nudity}'::text[]))
                                                                           Rows Removed by Filter: 134165
                                                         ->  Parallel Hash  (cost=551242.03..551242.03 rows=8 width=29) (actual time=3190.798..3190.798 rows=8 loops=3)
                                                               Buckets: 1024  Batches: 1  Memory Usage: 104kB
                                                               ->  Parallel Hash Join  (cost=51800.14..551242.03 rows=8 width=29) (actual time=2081.290..3190.688 rows=8 loops=3)
                                                                     Hash Cond: (ci.movie_id = t.id)
                                                                     ->  Parallel Seq Scan on cast_info ci  (cost=0.00..498091.41 rows=514468 width=8) (actual time=164.756..2900.876 rows=414905 loops=3)
                                                                           Filter: ((note)::text = ANY ('{(writer),"(head writer)","(written by)",(story),"(story editor)"}'::text[]))
                                                                           Rows Removed by Filter: 11666543
                                                                     ->  Parallel Hash  (cost=51799.95..51799.95 rows=15 width=21) (actual time=246.960..246.960 rows=24 loops=3)
                                                                           Buckets: 1024  Batches: 1  Memory Usage: 104kB
                                                                           ->  Parallel Seq Scan on title t  (cost=0.00..51799.95 rows=15 width=21) (actual time=7.776..246.868 rows=24 loops=3)
                                                                                 Filter: ((production_year > 2010) AND ((title)::text ~~ 'Vampire%'::text))
                                                                                 Rows Removed by Filter: 842746
 Planning Time: 29.193 ms
 Execution Time: 5600.998 ms
(62 rows)

execute /home/pei/Project/benchmarks/imdb_job-postgres/skinner_explained/25c.sql_explained.sql
SET
SET
                                                                                                       QUERY PLAN                                                                                                        
-------------------------------------------------------------------------------------------------------------------------------------------------------------------------------------------------------------------------
 Finalize Aggregate  (cost=968932.69..968932.70 rows=1 width=128) (actual time=6631.020..6631.020 rows=1 loops=1)
   ->  Gather  (cost=968932.46..968932.67 rows=2 width=128) (actual time=6629.144..6636.427 rows=3 loops=1)
         Workers Planned: 2
         Workers Launched: 2
         ->  Partial Aggregate  (cost=967932.46..967932.47 rows=1 width=128) (actual time=6621.997..6621.997 rows=1 loops=3)
               ->  Parallel Hash Join  (cost=917449.32..967932.45 rows=1 width=80) (actual time=6267.043..6616.320 rows=8718 loops=3)
                     Hash Cond: (t.id = mi.movie_id)
                     ->  Parallel Seq Scan on title t  (cost=0.00..46532.63 rows=1053463 width=21) (actual time=0.019..229.721 rows=842771 loops=3)
                     ->  Parallel Hash  (cost=917449.31..917449.31 rows=1 width=79) (actual time=6260.473..6260.473 rows=8718 loops=3)
                           Buckets: 32768 (originally 1024)  Batches: 1 (originally 1)  Memory Usage: 2680kB
                           ->  Parallel Hash Join  (cost=837421.96..917449.31 rows=1 width=79) (actual time=5721.142..6237.958 rows=8718 loops=3)
                                 Hash Cond: (n.id = ci.person_id)
                                 ->  Parallel Seq Scan on name n  (cost=0.00..77318.68 rows=722307 width=19) (actual time=0.055..443.723 rows=579860 loops=3)
                                       Filter: ((gender)::text = 'm'::text)
                                       Rows Removed by Filter: 809304
                                 ->  Parallel Hash  (cost=837421.95..837421.95 rows=1 width=68) (actual time=5720.226..5720.226 rows=14300 loops=3)
                                       Buckets: 65536 (originally 1024)  Batches: 1 (originally 1)  Memory Usage: 3960kB
                                       ->  Parallel Hash Join  (cost=337401.27..837421.95 rows=1 width=68) (actual time=4546.638..5679.794 rows=14300 loops=3)
                                             Hash Cond: (ci.movie_id = mi.movie_id)
                                             ->  Parallel Seq Scan on cast_info ci  (cost=0.00..498091.41 rows=514468 width=8) (actual time=163.861..2872.427 rows=414905 loops=3)
                                                   Filter: ((note)::text = ANY ('{(writer),"(head writer)","(written by)",(story),"(story editor)"}'::text[]))
                                                   Rows Removed by Filter: 11666543
                                             ->  Parallel Hash  (cost=337401.26..337401.26 rows=1 width=60) (actual time=2737.778..2737.778 rows=21129 loops=3)
                                                   Buckets: 65536 (originally 1024)  Batches: 1 (originally 1)  Memory Usage: 4824kB
                                                   ->  Parallel Hash Join  (cost=322130.99..337401.26 rows=1 width=60) (actual time=2492.174..2681.161 rows=21129 loops=3)
                                                         Hash Cond: (mi_idx.movie_id = mi.movie_id)
                                                         ->  Hash Join  (cost=2.43..15253.60 rows=5089 width=9) (actual time=0.140..160.930 rows=153308 loops=3)
                                                               Hash Cond: (mi_idx.info_type_id = it2.id)
                                                               ->  Parallel Seq Scan on movie_info_idx mi_idx  (cost=0.00..13685.15 rows=575015 width=13) (actual time=0.035..77.238 rows=460012 loops=3)
                                                               ->  Hash  (cost=2.41..2.41 rows=1 width=4) (actual time=0.041..0.041 rows=1 loops=3)
                                                                     Buckets: 1024  Batches: 1  Memory Usage: 9kB
                                                                     ->  Seq Scan on info_type it2  (cost=0.00..2.41 rows=1 width=4) (actual time=0.027..0.030 rows=1 loops=3)
                                                                           Filter: ((info)::text = 'votes'::text)
                                                                           Rows Removed by Filter: 112
                                                         ->  Parallel Hash  (cost=322128.55..322128.55 rows=1 width=51) (actual time=2491.600..2491.600 rows=22680 loops=3)
                                                               Buckets: 131072 (originally 1024)  Batches: 1 (originally 1)  Memory Usage: 5432kB
                                                               ->  Parallel Hash Join  (cost=51720.34..322128.55 rows=1 width=51) (actual time=2218.655..2450.722 rows=22680 loops=3)
                                                                     Hash Cond: (mi.movie_id = mk.movie_id)
                                                                     ->  Hash Join  (cost=2.43..270407.66 rows=793 width=47) (actual time=1653.418..1867.882 rows=62198 loops=3)
                                                                           Hash Cond: (mi.info_type_id = it1.id)
                                                                           ->  Parallel Seq Scan on movie_info mi  (cost=0.00..270161.12 rows=89632 width=51) (actual time=1044.594..1850.429 rows=62990 loops=3)
                                                                                 Filter: ((info)::text = ANY ('{Horror,Action,Sci-Fi,Thriller,Crime,War}'::text[]))
                                                                                 Rows Removed by Filter: 4882250
                                                                           ->  Hash  (cost=2.41..2.41 rows=1 width=4) (actual time=0.085..0.085 rows=1 loops=3)
                                                                                 Buckets: 1024  Batches: 1  Memory Usage: 9kB
                                                                                 ->  Seq Scan on info_type it1  (cost=0.00..2.41 rows=1 width=4) (actual time=0.050..0.062 rows=1 loops=3)
                                                                                       Filter: ((info)::text = 'genres'::text)
                                                                                       Rows Removed by Filter: 112
                                                                     ->  Parallel Hash  (cost=51716.69..51716.69 rows=98 width=4) (actual time=565.156..565.156 rows=25571 loops=3)
                                                                           Buckets: 131072 (originally 1024)  Batches: 1 (originally 1)  Memory Usage: 5080kB
                                                                           ->  Hash Join  (cost=3464.78..51716.69 rows=98 width=4) (actual time=40.648..482.262 rows=25571 loops=3)
                                                                                 Hash Cond: (mk.keyword_id = k.id)
                                                                                 ->  Parallel Seq Scan on movie_keyword mk  (cost=0.00..43303.71 rows=1884971 width=8) (actual time=0.042..251.201 rows=1507977 loops=3)
                                                                                 ->  Hash  (cost=3464.69..3464.69 rows=7 width=4) (actual time=40.410..40.410 rows=7 loops=3)
                                                                                       Buckets: 1024  Batches: 1  Memory Usage: 9kB
                                                                                       ->  Seq Scan on keyword k  (cost=0.00..3464.69 rows=7 width=4) (actual time=1.071..40.385 rows=7 loops=3)
                                                                                             Filter: ((keyword)::text = ANY ('{murder,violence,blood,gore,death,female-nudity,hospital}'::text[]))
                                                                                             Rows Removed by Filter: 134163
 Planning Time: 28.313 ms
 Execution Time: 6637.883 ms
(60 rows)

execute /home/pei/Project/benchmarks/imdb_job-postgres/skinner_explained/26a.sql_explained.sql
SET
SET
                                                                                                                QUERY PLAN                                                                                                                 
-------------------------------------------------------------------------------------------------------------------------------------------------------------------------------------------------------------------------------------------
 Aggregate  (cost=722071.79..722071.80 rows=1 width=128) (actual time=7347.667..7347.667 rows=1 loops=1)
   ->  Hash Join  (cost=706649.20..722071.78 rows=1 width=53) (actual time=7256.086..7346.653 rows=1728 loops=1)
         Hash Cond: (t.kind_id = kt.id)
         ->  Hash Join  (cost=706648.10..722070.67 rows=1 width=57) (actual time=7196.883..7346.108 rows=1844 loops=1)
               Hash Cond: (mi_idx.info_type_id = it2.id)
               ->  Gather  (cost=706645.67..722068.24 rows=1 width=61) (actual time=7196.795..7459.404 rows=2580 loops=1)
                     Workers Planned: 2
                     Workers Launched: 2
                     ->  Parallel Hash Join  (cost=705645.67..721068.14 rows=1 width=61) (actual time=7191.884..7332.272 rows=860 loops=3)
                           Hash Cond: (mi_idx.movie_id = t.id)
                           ->  Parallel Seq Scan on movie_info_idx mi_idx  (cost=0.00..15122.68 rows=79942 width=13) (actual time=0.084..137.220 rows=64632 loops=3)
                                 Filter: ((info)::text > '7.0'::text)
                                 Rows Removed by Filter: 395380
                           ->  Parallel Hash  (cost=705645.66..705645.66 rows=1 width=68) (actual time=7184.374..7184.374 rows=1906 loops=3)
                                 Buckets: 8192 (originally 1024)  Batches: 1 (originally 1)  Memory Usage: 728kB
                                 ->  Parallel Hash Join  (cost=648661.37..705645.66 rows=1 width=68) (actual time=6618.258..7125.955 rows=1906 loops=3)
                                       Hash Cond: (chn.id = ci.person_role_id)
                                       ->  Parallel Seq Scan on char_name chn  (cost=0.00..56075.12 rows=90916 width=20) (actual time=0.051..484.139 rows=60051 loops=3)
                                             Filter: ((name IS NOT NULL) AND (((name)::text ~~ '%man%'::text) OR ((name)::text ~~ '%Man%'::text)))
                                             Rows Removed by Filter: 986729
                                       ->  Parallel Hash  (cost=648661.29..648661.29 rows=6 width=56) (actual time=6617.969..6617.969 rows=69092 loops=3)
                                             Buckets: 131072 (originally 1024)  Batches: 1 (originally 1)  Memory Usage: 9560kB
                                             ->  Parallel Hash Join  (cost=569172.01..648661.29 rows=6 width=56) (actual time=6159.645..6567.375 rows=69092 loops=3)
                                                   Hash Cond: (n.id = ci.person_id)
                                                   ->  Parallel Seq Scan on name n  (cost=0.00..72977.55 rows=1736455 width=19) (actual time=0.051..395.651 rows=1389164 loops=3)
                                                   ->  Parallel Hash  (cost=569171.94..569171.94 rows=6 width=45) (actual time=5244.658..5244.659 rows=69092 loops=3)
                                                         Buckets: 65536 (originally 1024)  Batches: 8 (originally 1)  Memory Usage: 2560kB
                                                         ->  Parallel Hash Join  (cost=108834.99..569171.94 rows=6 width=45) (actual time=1034.407..5038.670 rows=69092 loops=3)
                                                               Hash Cond: (ci.movie_id = t.id)
                                                               ->  Parallel Seq Scan on cast_info ci  (cost=0.00..403705.10 rows=15101810 width=12) (actual time=0.034..2231.337 rows=12081448 loops=3)
                                                               ->  Parallel Hash  (cost=108834.98..108834.98 rows=1 width=33) (actual time=1033.908..1033.908 rows=532 loops=3)
                                                                     Buckets: 2048 (originally 1024)  Batches: 1 (originally 1)  Memory Usage: 216kB
                                                                     ->  Hash Join  (cost=58439.25..108834.98 rows=1 width=33) (actual time=530.385..1015.945 rows=532 loops=3)
                                                                           Hash Cond: (mk.keyword_id = k.id)
                                                                           ->  Parallel Hash Join  (cost=54471.30..104857.99 rows=3441 width=37) (actual time=474.606..955.752 rows=121797 loops=3)
                                                                                 Hash Cond: (mk.movie_id = t.id)
                                                                                 ->  Parallel Seq Scan on movie_keyword mk  (cost=0.00..43303.71 rows=1884971 width=8) (actual time=0.030..259.205 rows=1507977 loops=3)
                                                                                 ->  Parallel Hash  (cost=54447.27..54447.27 rows=1923 width=29) (actual time=474.125..474.126 rows=7852 loops=3)
                                                                                       Buckets: 32768 (originally 8192)  Batches: 1 (originally 1)  Memory Usage: 2016kB
                                                                                       ->  Hash Join  (cost=3102.42..54447.27 rows=1923 width=29) (actual time=94.301..441.982 rows=7852 loops=3)
                                                                                             Hash Cond: (t.id = cc.movie_id)
                                                                                             ->  Parallel Seq Scan on title t  (cost=0.00..49166.29 rows=575821 width=25) (actual time=0.035..276.454 rows=460484 loops=3)
                                                                                                   Filter: (production_year > 2000)
                                                                                                   Rows Removed by Filter: 382286
                                                                                             ->  Hash  (cost=2996.88..2996.88 rows=8443 width=4) (actual time=93.883..93.884 rows=85941 loops=3)
                                                                                                   Buckets: 131072 (originally 16384)  Batches: 1 (originally 1)  Memory Usage: 4046kB
                                                                                                   ->  Hash Join  (cost=2.12..2996.88 rows=8443 width=4) (actual time=0.230..67.036 rows=85941 loops=3)
                                                                                                         Hash Cond: (cc.status_id = cct2.id)
                                                                                                         ->  Hash Join  (cost=1.06..2813.24 rows=33772 width=8) (actual time=0.119..48.854 rows=85941 loops=3)
                                                                                                               Hash Cond: (cc.subject_id = cct1.id)
                                                                                                               ->  Seq Scan on complete_cast cc  (cost=0.00..2081.86 rows=135086 width=12) (actual time=0.021..18.309 rows=135086 loops=3)
                                                                                                               ->  Hash  (cost=1.05..1.05 rows=1 width=4) (actual time=0.037..0.038 rows=1 loops=3)
                                                                                                                     Buckets: 1024  Batches: 1  Memory Usage: 9kB
                                                                                                                     ->  Seq Scan on comp_cast_type cct1  (cost=0.00..1.05 rows=1 width=4) (actual time=0.020..0.022 rows=1 loops=3)
                                                                                                                           Filter: ((kind)::text = 'cast'::text)
                                                                                                                           Rows Removed by Filter: 3
                                                                                                         ->  Hash  (cost=1.05..1.05 rows=1 width=4) (actual time=0.059..0.059 rows=2 loops=3)
                                                                                                               Buckets: 1024  Batches: 1  Memory Usage: 9kB
                                                                                                               ->  Seq Scan on comp_cast_type cct2  (cost=0.00..1.05 rows=1 width=4) (actual time=0.046..0.048 rows=2 loops=3)
                                                                                                                     Filter: ((kind)::text ~~ '%complete%'::text)
                                                                                                                     Rows Removed by Filter: 2
                                                                           ->  Hash  (cost=3967.82..3967.82 rows=10 width=4) (actual time=48.636..48.636 rows=10 loops=3)
                                                                                 Buckets: 1024  Batches: 1  Memory Usage: 9kB
                                                                                 ->  Seq Scan on keyword k  (cost=0.00..3967.82 rows=10 width=4) (actual time=0.209..48.593 rows=10 loops=3)
                                                                                       Filter: ((keyword)::text = ANY ('{superhero,marvel-comics,based-on-comic,tv-special,fight,violence,magnet,web,claw,laser}'::text[]))
                                                                                       Rows Removed by Filter: 134160
               ->  Hash  (cost=2.41..2.41 rows=1 width=4) (actual time=0.034..0.034 rows=1 loops=1)
                     Buckets: 1024  Batches: 1  Memory Usage: 9kB
                     ->  Seq Scan on info_type it2  (cost=0.00..2.41 rows=1 width=4) (actual time=0.022..0.025 rows=1 loops=1)
                           Filter: ((info)::text = 'rating'::text)
                           Rows Removed by Filter: 112
         ->  Hash  (cost=1.09..1.09 rows=1 width=4) (actual time=0.024..0.025 rows=1 loops=1)
               Buckets: 1024  Batches: 1  Memory Usage: 9kB
               ->  Seq Scan on kind_type kt  (cost=0.00..1.09 rows=1 width=4) (actual time=0.012..0.014 rows=1 loops=1)
                     Filter: ((kind)::text = 'movie'::text)
                     Rows Removed by Filter: 6
 Planning Time: 85.986 ms
 Execution Time: 7462.916 ms
(78 rows)

execute /home/pei/Project/benchmarks/imdb_job-postgres/skinner_explained/26b.sql_explained.sql
SET
SET
                                                                                                                   QUERY PLAN                                                                                                                    
-------------------------------------------------------------------------------------------------------------------------------------------------------------------------------------------------------------------------------------------------
 Aggregate  (cost=719517.69..719517.70 rows=1 width=96) (actual time=6368.465..6368.465 rows=1 loops=1)
   ->  Hash Join  (cost=662439.50..719517.69 rows=1 width=38) (actual time=5888.711..6368.390 rows=93 loops=1)
         Hash Cond: (cc.status_id = cct2.id)
         ->  Hash Join  (cost=662438.44..719516.62 rows=1 width=42) (actual time=5888.574..6368.228 rows=93 loops=1)
               Hash Cond: (cc.subject_id = cct1.id)
               ->  Hash Join  (cost=662437.38..719515.56 rows=1 width=46) (actual time=5888.496..6368.115 rows=180 loops=1)
                     Hash Cond: (t.id = cc.movie_id)
                     ->  Gather  (cost=658006.94..714423.11 rows=1 width=54) (actual time=5814.869..6284.992 rows=191 loops=1)
                           Workers Planned: 2
                           Workers Launched: 2
                           ->  Parallel Hash Join  (cost=657006.94..713423.01 rows=1 width=54) (actual time=5806.108..6276.480 rows=64 loops=3)
                                 Hash Cond: (chn.id = ci.person_role_id)
                                 ->  Parallel Seq Scan on char_name chn  (cost=0.00..56075.12 rows=90916 width=20) (actual time=0.049..459.556 rows=60051 loops=3)
                                       Filter: ((name IS NOT NULL) AND (((name)::text ~~ '%man%'::text) OR ((name)::text ~~ '%Man%'::text)))
                                       Rows Removed by Filter: 986729
                                 ->  Parallel Hash  (cost=657006.93..657006.93 rows=1 width=42) (actual time=5803.217..5803.217 rows=2660 loops=3)
                                       Buckets: 4096 (originally 1024)  Batches: 1 (originally 1)  Memory Usage: 312kB
                                       ->  Hash Join  (cost=577517.63..657006.93 rows=1 width=42) (actual time=5015.642..5586.483 rows=2660 loops=3)
                                             Hash Cond: (mi_idx.info_type_id = it2.id)
                                             ->  Parallel Hash Join  (cost=577515.21..657004.49 rows=6 width=46) (actual time=5015.519..5584.374 rows=5809 loops=3)
                                                   Hash Cond: (n.id = ci.person_id)
                                                   ->  Parallel Seq Scan on name n  (cost=0.00..72977.55 rows=1736455 width=4) (actual time=0.045..366.529 rows=1389164 loops=3)
                                                   ->  Parallel Hash  (cost=577515.13..577515.13 rows=6 width=50) (actual time=5014.939..5014.939 rows=5809 loops=3)
                                                         Buckets: 32768 (originally 1024)  Batches: 1 (originally 1)  Memory Usage: 2136kB
                                                         ->  Parallel Hash Join  (cost=117178.19..577515.13 rows=6 width=50) (actual time=1080.589..4752.634 rows=5809 loops=3)
                                                               Hash Cond: (ci.movie_id = t.id)
                                                               ->  Parallel Seq Scan on cast_info ci  (cost=0.00..403705.10 rows=15101810 width=12) (actual time=0.028..2146.222 rows=12081448 loops=3)
                                                               ->  Parallel Hash  (cost=117178.17..117178.17 rows=1 width=38) (actual time=1079.502..1079.502 rows=39 loops=3)
                                                                     Buckets: 1024  Batches: 1  Memory Usage: 104kB
                                                                     ->  Parallel Hash Join  (cost=101980.10..117178.17 rows=1 width=38) (actual time=1000.623..1079.377 rows=39 loops=3)
                                                                           Hash Cond: (mi_idx.movie_id = t.id)
                                                                           ->  Parallel Seq Scan on movie_info_idx mi_idx  (cost=0.00..15122.68 rows=20101 width=13) (actual time=0.063..128.203 rows=17883 loops=3)
                                                                                 Filter: ((info)::text > '8.0'::text)
                                                                                 Rows Removed by Filter: 442129
                                                                           ->  Parallel Hash  (cost=101980.06..101980.06 rows=3 width=25) (actual time=947.301..947.301 rows=480 loops=3)
                                                                                 Buckets: 1024  Batches: 1  Memory Usage: 104kB
                                                                                 ->  Hash Join  (cost=51215.31..101980.06 rows=3 width=25) (actual time=837.213..946.706 rows=480 loops=3)
                                                                                       Hash Cond: (t.kind_id = kt.id)
                                                                                       ->  Parallel Hash Join  (cost=51214.21..101978.87 rows=23 width=29) (actual time=634.555..946.189 rows=1008 loops=3)
                                                                                             Hash Cond: (t.id = mk.movie_id)
                                                                                             ->  Parallel Seq Scan on title t  (cost=0.00..49166.29 rows=426207 width=25) (actual time=0.032..267.485 rows=337640 loops=3)
                                                                                                   Filter: (production_year > 2005)
                                                                                                   Rows Removed by Filter: 505131
                                                                                             ->  Parallel Hash  (cost=51213.51..51213.51 rows=56 width=4) (actual time=632.612..632.612 rows=3328 loops=3)
                                                                                                   Buckets: 16384 (originally 1024)  Batches: 1 (originally 1)  Memory Usage: 696kB
                                                                                                   ->  Hash Join  (cost=2961.60..51213.51 rows=56 width=4) (actual time=33.046..467.422 rows=3328 loops=3)
                                                                                                         Hash Cond: (mk.keyword_id = k.id)
                                                                                                         ->  Parallel Seq Scan on movie_keyword mk  (cost=0.00..43303.71 rows=1884971 width=8) (actual time=0.048..249.818 rows=1507977 loops=3)
                                                                                                         ->  Hash  (cost=2961.55..2961.55 rows=4 width=4) (actual time=32.810..32.811 rows=4 loops=3)
                                                                                                               Buckets: 1024  Batches: 1  Memory Usage: 9kB
                                                                                                               ->  Seq Scan on keyword k  (cost=0.00..2961.55 rows=4 width=4) (actual time=0.139..32.789 rows=4 loops=3)
                                                                                                                     Filter: ((keyword)::text = ANY ('{superhero,marvel-comics,based-on-comic,fight}'::text[]))
                                                                                                                     Rows Removed by Filter: 134166
                                                                                       ->  Hash  (cost=1.09..1.09 rows=1 width=4) (actual time=0.042..0.042 rows=1 loops=3)
                                                                                             Buckets: 1024  Batches: 1  Memory Usage: 9kB
                                                                                             ->  Seq Scan on kind_type kt  (cost=0.00..1.09 rows=1 width=4) (actual time=0.031..0.033 rows=1 loops=3)
                                                                                                   Filter: ((kind)::text = 'movie'::text)
                                                                                                   Rows Removed by Filter: 6
                                             ->  Hash  (cost=2.41..2.41 rows=1 width=4) (actual time=0.075..0.075 rows=1 loops=3)
                                                   Buckets: 1024  Batches: 1  Memory Usage: 9kB
                                                   ->  Seq Scan on info_type it2  (cost=0.00..2.41 rows=1 width=4) (actual time=0.055..0.057 rows=1 loops=3)
                                                         Filter: ((info)::text = 'rating'::text)
                                                         Rows Removed by Filter: 112
                     ->  Hash  (cost=2081.86..2081.86 rows=135086 width=12) (actual time=66.537..66.537 rows=135086 loops=1)
                           Buckets: 131072  Batches: 4  Memory Usage: 2471kB
                           ->  Seq Scan on complete_cast cc  (cost=0.00..2081.86 rows=135086 width=12) (actual time=0.014..25.873 rows=135086 loops=1)
               ->  Hash  (cost=1.05..1.05 rows=1 width=4) (actual time=0.019..0.019 rows=1 loops=1)
                     Buckets: 1024  Batches: 1  Memory Usage: 9kB
                     ->  Seq Scan on comp_cast_type cct1  (cost=0.00..1.05 rows=1 width=4) (actual time=0.008..0.010 rows=1 loops=1)
                           Filter: ((kind)::text = 'cast'::text)
                           Rows Removed by Filter: 3
         ->  Hash  (cost=1.05..1.05 rows=1 width=4) (actual time=0.028..0.028 rows=2 loops=1)
               Buckets: 1024  Batches: 1  Memory Usage: 9kB
               ->  Seq Scan on comp_cast_type cct2  (cost=0.00..1.05 rows=1 width=4) (actual time=0.013..0.015 rows=2 loops=1)
                     Filter: ((kind)::text ~~ '%complete%'::text)
                     Rows Removed by Filter: 2
 Planning Time: 86.273 ms
 Execution Time: 6370.268 ms
(78 rows)

execute /home/pei/Project/benchmarks/imdb_job-postgres/skinner_explained/26c.sql_explained.sql
SET
SET
                                                                                                                        QUERY PLAN                                                                                                                        
----------------------------------------------------------------------------------------------------------------------------------------------------------------------------------------------------------------------------------------------------------
 Aggregate  (cost=722078.21..722078.22 rows=1 width=96) (actual time=8216.490..8216.490 rows=1 loops=1)
   ->  Hash Join  (cost=665321.10..722078.20 rows=1 width=38) (actual time=7728.949..8213.402 rows=5400 loops=1)
         Hash Cond: (cc.subject_id = cct1.id)
         ->  Gather  (cost=665320.04..722077.14 rows=1 width=42) (actual time=7728.860..8377.425 rows=6359 loops=1)
               Workers Planned: 2
               Workers Launched: 2
               ->  Parallel Hash Join  (cost=664320.04..721077.04 rows=1 width=42) (actual time=7721.471..8200.908 rows=2120 loops=3)
                     Hash Cond: (chn.id = ci.person_role_id)
                     ->  Parallel Seq Scan on char_name chn  (cost=0.00..56075.12 rows=90916 width=20) (actual time=0.056..460.490 rows=60051 loops=3)
                           Filter: ((name IS NOT NULL) AND (((name)::text ~~ '%man%'::text) OR ((name)::text ~~ '%Man%'::text)))
                           Rows Removed by Filter: 986729
                     ->  Parallel Hash  (cost=664319.99..664319.99 rows=4 width=30) (actual time=7720.645..7720.645 rows=73556 loops=3)
                           Buckets: 131072 (originally 1024)  Batches: 1 (originally 1)  Memory Usage: 7416kB
                           ->  Parallel Hash Join  (cost=584830.72..664319.99 rows=4 width=30) (actual time=7298.767..7677.938 rows=73556 loops=3)
                                 Hash Cond: (n.id = ci.person_id)
                                 ->  Parallel Seq Scan on name n  (cost=0.00..72977.55 rows=1736455 width=4) (actual time=0.051..383.004 rows=1389164 loops=3)
                                 ->  Parallel Hash  (cost=584830.67..584830.67 rows=4 width=34) (actual time=6402.925..6402.925 rows=73556 loops=3)
                                       Buckets: 65536 (originally 1024)  Batches: 8 (originally 1)  Memory Usage: 2304kB
                                       ->  Hash Join  (cost=533504.83..584830.67 rows=4 width=34) (actual time=6092.053..6308.374 rows=73556 loops=3)
                                             Hash Cond: (t.kind_id = kt.id)
                                             ->  Parallel Hash Join  (cost=533503.73..584829.46 rows=26 width=38) (actual time=6088.865..6290.491 rows=81357 loops=3)
                                                   Hash Cond: (t.id = mk.movie_id)
                                                   ->  Parallel Seq Scan on title t  (cost=0.00..49166.29 rows=575821 width=25) (actual time=0.043..284.395 rows=460484 loops=3)
                                                         Filter: (production_year > 2000)
                                                         Rows Removed by Filter: 382286
                                                   ->  Parallel Hash  (cost=533503.13..533503.13 rows=48 width=33) (actual time=5614.903..5614.903 rows=232511 loops=3)
                                                         Buckets: 65536 (originally 1024)  Batches: 16 (originally 1)  Memory Usage: 3616kB
                                                         ->  Hash Join  (cost=72499.97..533503.13 rows=48 width=33) (actual time=834.937..5343.682 rows=232511 loops=3)
                                                               Hash Cond: (cc.status_id = cct2.id)
                                                               ->  Hash Join  (cost=72498.91..533501.03 rows=192 width=37) (actual time=834.835..5275.898 rows=232511 loops=3)
                                                                     Hash Cond: (mk.movie_id = cc.movie_id)
                                                                     ->  Parallel Hash Join  (cost=68068.47..528405.98 rows=138 width=25) (actual time=765.998..4873.702 rows=360905 loops=3)
                                                                           Hash Cond: (ci.movie_id = mk.movie_id)
                                                                           ->  Parallel Seq Scan on cast_info ci  (cost=0.00..403705.10 rows=15101810 width=12) (actual time=0.029..2154.714 rows=12081448 loops=3)
                                                                           ->  Parallel Hash  (cost=68068.42..68068.42 rows=4 width=13) (actual time=765.815..765.815 rows=6392 loops=3)
                                                                                 Buckets: 32768 (originally 1024)  Batches: 1 (originally 1)  Memory Usage: 1464kB
                                                                                 ->  Hash Join  (cost=52224.04..68068.42 rows=4 width=13) (actual time=596.121..744.183 rows=6392 loops=3)
                                                                                       Hash Cond: (mi_idx.info_type_id = it2.id)
                                                                                       ->  Parallel Hash Join  (cost=52221.61..68064.84 rows=426 width=17) (actual time=595.993..741.185 rows=19234 loops=3)
                                                                                             Hash Cond: (mi_idx.movie_id = mk.movie_id)
                                                                                             ->  Parallel Seq Scan on movie_info_idx mi_idx  (cost=0.00..13685.15 rows=575015 width=13) (actual time=0.028..75.494 rows=460012 loops=3)
                                                                                             ->  Parallel Hash  (cost=52219.86..52219.86 rows=140 width=4) (actual time=595.399..595.399 rows=8030 loops=3)
                                                                                                   Buckets: 32768 (originally 1024)  Batches: 1 (originally 1)  Memory Usage: 1528kB
                                                                                                   ->  Hash Join  (cost=3967.95..52219.86 rows=140 width=4) (actual time=48.290..488.582 rows=8030 loops=3)
                                                                                                         Hash Cond: (mk.keyword_id = k.id)
                                                                                                         ->  Parallel Seq Scan on movie_keyword mk  (cost=0.00..43303.71 rows=1884971 width=8) (actual time=0.041..250.441 rows=1507977 loops=3)
                                                                                                         ->  Hash  (cost=3967.82..3967.82 rows=10 width=4) (actual time=48.080..48.081 rows=10 loops=3)
                                                                                                               Buckets: 1024  Batches: 1  Memory Usage: 9kB
                                                                                                               ->  Seq Scan on keyword k  (cost=0.00..3967.82 rows=10 width=4) (actual time=0.203..48.052 rows=10 loops=3)
                                                                                                                     Filter: ((keyword)::text = ANY ('{superhero,marvel-comics,based-on-comic,tv-special,fight,violence,magnet,web,claw,laser}'::text[]))
                                                                                                                     Rows Removed by Filter: 134160
                                                                                       ->  Hash  (cost=2.41..2.41 rows=1 width=4) (actual time=0.069..0.070 rows=1 loops=3)
                                                                                             Buckets: 1024  Batches: 1  Memory Usage: 9kB
                                                                                             ->  Seq Scan on info_type it2  (cost=0.00..2.41 rows=1 width=4) (actual time=0.057..0.060 rows=1 loops=3)
                                                                                                   Filter: ((info)::text = 'rating'::text)
                                                                                                   Rows Removed by Filter: 112
                                                                     ->  Hash  (cost=2081.86..2081.86 rows=135086 width=12) (actual time=66.092..66.092 rows=135086 loops=3)
                                                                           Buckets: 131072  Batches: 4  Memory Usage: 2471kB
                                                                           ->  Seq Scan on complete_cast cc  (cost=0.00..2081.86 rows=135086 width=12) (actual time=0.023..25.477 rows=135086 loops=3)
                                                               ->  Hash  (cost=1.05..1.05 rows=1 width=4) (actual time=0.038..0.038 rows=2 loops=3)
                                                                     Buckets: 1024  Batches: 1  Memory Usage: 9kB
                                                                     ->  Seq Scan on comp_cast_type cct2  (cost=0.00..1.05 rows=1 width=4) (actual time=0.026..0.027 rows=2 loops=3)
                                                                           Filter: ((kind)::text ~~ '%complete%'::text)
                                                                           Rows Removed by Filter: 2
                                             ->  Hash  (cost=1.09..1.09 rows=1 width=4) (actual time=0.062..0.063 rows=1 loops=3)
                                                   Buckets: 1024  Batches: 1  Memory Usage: 9kB
                                                   ->  Seq Scan on kind_type kt  (cost=0.00..1.09 rows=1 width=4) (actual time=0.041..0.043 rows=1 loops=3)
                                                         Filter: ((kind)::text = 'movie'::text)
                                                         Rows Removed by Filter: 6
         ->  Hash  (cost=1.05..1.05 rows=1 width=4) (actual time=0.024..0.024 rows=1 loops=1)
               Buckets: 1024  Batches: 1  Memory Usage: 9kB
               ->  Seq Scan on comp_cast_type cct1  (cost=0.00..1.05 rows=1 width=4) (actual time=0.012..0.013 rows=1 loops=1)
                     Filter: ((kind)::text = 'cast'::text)
                     Rows Removed by Filter: 3
 Planning Time: 85.291 ms
 Execution Time: 8385.274 ms
(76 rows)

execute /home/pei/Project/benchmarks/imdb_job-postgres/skinner_explained/27a.sql_explained.sql
SET
SET
                                                                                                                    QUERY PLAN                                                                                                                    
--------------------------------------------------------------------------------------------------------------------------------------------------------------------------------------------------------------------------------------------------
 Aggregate  (cost=62724.94..62724.95 rows=1 width=96) (actual time=301.717..301.718 rows=1 loops=1)
   ->  Merge Join  (cost=26778.72..62724.94 rows=1 width=118) (actual time=300.849..301.523 rows=477 loops=1)
         Merge Cond: (mi.movie_id = ml.movie_id)
         ->  Gather Merge  (cost=1000.46..988404.79 rows=132912 width=4) (actual time=9.280..21.820 rows=2822 loops=1)
               Workers Planned: 2
               Workers Launched: 2
               ->  Parallel Index Scan using movie_id_movie_info on movie_info mi  (cost=0.43..972063.42 rows=55380 width=4) (actual time=1.195..150.143 rows=1126 loops=3)
                     Filter: ((info)::text = ANY ('{Sweden,Germany,Swedish,German}'::text[]))
                     Rows Removed by Filter: 149267
         ->  Sort  (cost=25778.26..25778.26 rows=1 width=138) (actual time=290.986..291.016 rows=475 loops=1)
               Sort Key: t.id
               Sort Method: quicksort  Memory: 49kB
               ->  Hash Join  (cost=22622.22..25778.25 rows=1 width=138) (actual time=268.037..290.789 rows=172 loops=1)
                     Hash Cond: (mk.keyword_id = k.id)
                     ->  Merge Join  (cost=19996.08..23150.40 rows=652 width=142) (actual time=244.082..269.419 rows=3278 loops=1)
                           Merge Cond: (mk.movie_id = ml.movie_id)
                           ->  Index Scan using movie_id_movie_keyword on movie_keyword mk  (cost=0.43..142057.13 rows=4523930 width=8) (actual time=0.031..19.215 rows=69431 loops=1)
                           ->  Sort  (cost=19995.65..19995.68 rows=14 width=134) (actual time=241.279..241.486 rows=3270 loops=1)
                                 Sort Key: t.id
                                 Sort Method: quicksort  Memory: 62kB
                                 ->  Hash Join  (cost=19698.66..19995.38 rows=14 width=134) (actual time=238.347..241.023 rows=269 loops=1)
                                       Hash Cond: (cc.subject_id = cct1.id)
                                       ->  Hash Join  (cost=19697.58..19994.16 rows=27 width=138) (actual time=238.264..240.869 rows=269 loops=1)
                                             Hash Cond: (cc.status_id = cct2.id)
                                             ->  Merge Join  (cost=19696.52..19992.51 rows=109 width=142) (actual time=238.181..240.698 rows=333 loops=1)
                                                   Merge Cond: (cc.movie_id = ml.movie_id)
                                                   ->  Index Scan using movie_id_complete_cast on complete_cast cc  (cost=0.42..6344.49 rows=135086 width=12) (actual time=0.035..2.107 rows=5140 loops=1)
                                                   ->  Sort  (cost=19696.10..19696.27 rows=69 width=130) (actual time=237.783..237.835 rows=756 loops=1)
                                                         Sort Key: t.id
                                                         Sort Method: quicksort  Memory: 120kB
                                                         ->  Gather  (cost=7378.71..19693.99 rows=69 width=130) (actual time=113.339..238.708 rows=698 loops=1)
                                                               Workers Planned: 2
                                                               Workers Launched: 2
                                                               ->  Parallel Hash Join  (cost=6378.71..18687.09 rows=29 width=130) (actual time=110.576..229.657 rows=233 loops=3)
                                                                     Hash Cond: (mc.company_id = cn.id)
                                                                     ->  Hash Join  (cost=652.57..12960.52 rows=160 width=115) (actual time=19.206..166.609 rows=931 loops=3)
                                                                           Hash Cond: (mc.company_type_id = ct.id)
                                                                           ->  Merge Join  (cost=651.50..12956.00 rows=640 width=119) (actual time=19.069..166.101 rows=1104 loops=3)
                                                                                 Merge Cond: (ml.movie_id = mc.movie_id)
                                                                                 ->  Merge Join  (cost=651.07..7725.24 rows=250 width=107) (actual time=15.238..117.425 rows=444 loops=3)
                                                                                       Merge Cond: (t.id = ml.movie_id)
                                                                                       ->  Parallel Index Scan using title_pkey on title t  (cost=0.43..92601.00 rows=379985 width=21) (actual time=0.242..101.765 rows=19945 loops=3)
                                                                                             Filter: ((production_year >= 1950) AND (production_year <= 2000))
                                                                                             Rows Removed by Filter: 42153
                                                                                       ->  Sort  (cost=650.63..654.80 rows=1666 width=86) (actual time=13.209..13.394 rows=2315 loops=3)
                                                                                             Sort Key: ml.movie_id
                                                                                             Sort Method: quicksort  Memory: 205kB
                                                                                             Worker 0:  Sort Method: quicksort  Memory: 205kB
                                                                                             Worker 1:  Sort Method: quicksort  Memory: 205kB
                                                                                             ->  Hash Join  (cost=1.24..561.48 rows=1666 width=86) (actual time=0.140..11.910 rows=2315 loops=3)
                                                                                                   Hash Cond: (ml.link_type_id = lt.id)
                                                                                                   ->  Seq Scan on movie_link ml  (cost=0.00..462.97 rows=29997 width=8) (actual time=0.030..7.524 rows=29997 loops=3)
                                                                                                   ->  Hash  (cost=1.23..1.23 rows=1 width=86) (actual time=0.050..0.050 rows=2 loops=3)
                                                                                                         Buckets: 1024  Batches: 1  Memory Usage: 9kB
                                                                                                         ->  Seq Scan on link_type lt  (cost=0.00..1.23 rows=1 width=86) (actual time=0.033..0.039 rows=2 loops=3)
                                                                                                               Filter: ((link)::text ~~ '%follow%'::text)
                                                                                                               Rows Removed by Filter: 16
                                                                                 ->  Index Scan using movie_id_movie_companies on movie_companies mc  (cost=0.43..131550.35 rows=1273429 width=12) (actual time=0.067..45.008 rows=42257 loops=3)
                                                                                       Filter: (note IS NULL)
                                                                                       Rows Removed by Filter: 42748
                                                                           ->  Hash  (cost=1.05..1.05 rows=1 width=4) (actual time=0.073..0.073 rows=1 loops=3)
                                                                                 Buckets: 1024  Batches: 1  Memory Usage: 9kB
                                                                                 ->  Seq Scan on company_type ct  (cost=0.00..1.05 rows=1 width=4) (actual time=0.061..0.063 rows=1 loops=3)
                                                                                       Filter: ((kind)::text = 'production companies'::text)
                                                                                       Rows Removed by Filter: 3
                                                                     ->  Parallel Hash  (cost=5414.09..5414.09 rows=24965 width=23) (actual time=61.644..61.644 rows=16101 loops=3)
                                                                           Buckets: 65536  Batches: 1  Memory Usage: 3296kB
                                                                           ->  Parallel Seq Scan on company_name cn  (cost=0.00..5414.09 rows=24965 width=23) (actual time=0.055..50.194 rows=16101 loops=3)
                                                                                 Filter: (((country_code)::text <> '[pl]'::text) AND (((name)::text ~~ '%Film%'::text) OR ((name)::text ~~ '%Warner%'::text)))
                                                                                 Rows Removed by Filter: 62232
                                             ->  Hash  (cost=1.05..1.05 rows=1 width=4) (actual time=0.020..0.020 rows=1 loops=1)
                                                   Buckets: 1024  Batches: 1  Memory Usage: 9kB
                                                   ->  Seq Scan on comp_cast_type cct2  (cost=0.00..1.05 rows=1 width=4) (actual time=0.009..0.010 rows=1 loops=1)
                                                         Filter: ((kind)::text = 'complete'::text)
                                                         Rows Removed by Filter: 3
                                       ->  Hash  (cost=1.05..1.05 rows=2 width=4) (actual time=0.028..0.028 rows=2 loops=1)
                                             Buckets: 1024  Batches: 1  Memory Usage: 9kB
                                             ->  Seq Scan on comp_cast_type cct1  (cost=0.00..1.05 rows=2 width=4) (actual time=0.014..0.016 rows=2 loops=1)
                                                   Filter: ((kind)::text = ANY ('{cast,crew}'::text[]))
                                                   Rows Removed by Filter: 2
                     ->  Hash  (cost=2626.12..2626.12 rows=1 width=4) (actual time=20.975..20.975 rows=1 loops=1)
                           Buckets: 1024  Batches: 1  Memory Usage: 9kB
                           ->  Seq Scan on keyword k  (cost=0.00..2626.12 rows=1 width=4) (actual time=0.991..20.962 rows=1 loops=1)
                                 Filter: ((keyword)::text = 'sequel'::text)
                                 Rows Removed by Filter: 134169
 Planning Time: 83.806 ms
 Execution Time: 315.678 ms
(87 rows)

execute /home/pei/Project/benchmarks/imdb_job-postgres/skinner_explained/27b.sql_explained.sql
SET
SET
                                                                                                                     QUERY PLAN                                                                                                                     
----------------------------------------------------------------------------------------------------------------------------------------------------------------------------------------------------------------------------------------------------
 Aggregate  (cost=62047.93..62047.94 rows=1 width=96) (actual time=502.525..502.526 rows=1 loops=1)
   ->  Hash Join  (cost=58902.55..62047.92 rows=1 width=118) (actual time=501.687..502.400 rows=247 loops=1)
         Hash Cond: (mk.keyword_id = k.id)
         ->  Merge Join  (cost=56276.42..59421.66 rows=47 width=122) (actual time=479.897..480.588 rows=1919 loops=1)
               Merge Cond: (mk.movie_id = ml.movie_id)
               ->  Index Scan using movie_id_movie_keyword on movie_keyword mk  (cost=0.43..142057.13 rows=4523930 width=8) (actual time=0.032..20.016 rows=69431 loops=1)
               ->  Materialize  (cost=56275.98..56275.99 rows=1 width=138) (actual time=452.103..452.381 rows=1911 loops=1)
                     ->  Sort  (cost=56275.98..56275.99 rows=1 width=138) (actual time=452.092..452.109 rows=247 loops=1)
                           Sort Key: t.id
                           Sort Method: quicksort  Memory: 59kB
                           ->  Hash Join  (cost=55981.58..56275.97 rows=1 width=138) (actual time=451.421..451.813 rows=247 loops=1)
                                 Hash Cond: (cc.status_id = cct2.id)
                                 ->  Hash Join  (cost=55980.51..56274.91 rows=1 width=142) (actual time=451.348..451.659 rows=418 loops=1)
                                       Hash Cond: (cc.subject_id = cct1.id)
                                       ->  Merge Join  (cost=55979.44..56273.83 rows=2 width=146) (actual time=451.271..451.467 rows=418 loops=1)
                                             Merge Cond: (cc.movie_id = ml.movie_id)
                                             ->  Index Scan using movie_id_complete_cast on complete_cast cc  (cost=0.42..6344.49 rows=135086 width=12) (actual time=0.041..2.029 rows=4705 loops=1)
                                             ->  Sort  (cost=55979.02..55979.02 rows=1 width=134) (actual time=448.635..448.700 rows=908 loops=1)
                                                   Sort Key: t.id
                                                   Sort Method: quicksort  Memory: 128kB
                                                   ->  Gather  (cost=50471.19..55979.01 rows=1 width=134) (actual time=384.843..448.690 rows=737 loops=1)
                                                         Workers Planned: 1
                                                         Workers Launched: 1
                                                         ->  Parallel Hash Join  (cost=49471.19..54978.91 rows=1 width=134) (actual time=385.110..442.750 rows=368 loops=2)
                                                               Hash Cond: (cn.id = mc.company_id)
                                                               ->  Parallel Seq Scan on company_name cn  (cost=0.00..5414.09 rows=24965 width=23) (actual time=0.041..61.856 rows=24151 loops=2)
                                                                     Filter: (((country_code)::text <> '[pl]'::text) AND (((name)::text ~~ '%Film%'::text) OR ((name)::text ~~ '%Warner%'::text)))
                                                                     Rows Removed by Filter: 93348
                                                               ->  Parallel Hash  (cost=49471.16..49471.16 rows=3 width=119) (actual time=376.998..376.998 rows=718 loops=2)
                                                                     Buckets: 2048 (originally 1024)  Batches: 1 (originally 1)  Memory Usage: 184kB
                                                                     ->  Hash Join  (cost=653.00..49471.16 rows=3 width=119) (actual time=248.641..367.716 rows=718 loops=2)
                                                                           Hash Cond: (mc.company_type_id = ct.id)
                                                                           ->  Merge Join  (cost=651.94..49470.03 rows=13 width=123) (actual time=248.535..367.387 rows=736 loops=2)
                                                                                 Merge Cond: (ml.movie_id = mc.movie_id)
                                                                                 ->  Merge Join  (cost=651.51..44246.14 rows=5 width=111) (actual time=229.987..342.184 rows=151 loops=2)
                                                                                       Merge Cond: (mi.movie_id = ml.movie_id)
                                                                                       ->  Parallel Index Scan using movie_id_movie_info on movie_info mi  (cost=0.43..972063.42 rows=55380 width=4) (actual time=1.295..135.029 rows=1440 loops=2)
                                                                                             Filter: ((info)::text = ANY ('{Sweden,Germany,Swedish,German}'::text[]))
                                                                                             Rows Removed by Filter: 187318
                                                                                       ->  Materialize  (cost=651.07..8854.49 rows=33 width=107) (actual time=23.270..206.892 rows=235 loops=2)
                                                                                             ->  Merge Join  (cost=651.07..8854.40 rows=33 width=107) (actual time=23.258..206.788 rows=141 loops=2)
                                                                                                   Merge Cond: (t.id = ml.movie_id)
                                                                                                   ->  Index Scan using title_pkey on title t  (cost=0.43..108402.95 rows=50313 width=21) (actual time=1.140..195.760 rows=4216 loops=2)
                                                                                                         Filter: (production_year = 1998)
                                                                                                         Rows Removed by Filter: 182255
                                                                                                   ->  Sort  (cost=650.63..654.80 rows=1666 width=86) (actual time=10.117..10.292 rows=2315 loops=2)
                                                                                                         Sort Key: ml.movie_id
                                                                                                         Sort Method: quicksort  Memory: 205kB
                                                                                                         Worker 0:  Sort Method: quicksort  Memory: 205kB
                                                                                                         ->  Hash Join  (cost=1.24..561.48 rows=1666 width=86) (actual time=0.124..8.899 rows=2315 loops=2)
                                                                                                               Hash Cond: (ml.link_type_id = lt.id)
                                                                                                               ->  Seq Scan on movie_link ml  (cost=0.00..462.97 rows=29997 width=8) (actual time=0.018..4.650 rows=29997 loops=2)
                                                                                                               ->  Hash  (cost=1.23..1.23 rows=1 width=86) (actual time=0.044..0.044 rows=2 loops=2)
                                                                                                                     Buckets: 1024  Batches: 1  Memory Usage: 9kB
                                                                                                                     ->  Seq Scan on link_type lt  (cost=0.00..1.23 rows=1 width=86) (actual time=0.027..0.032 rows=2 loops=2)
                                                                                                                           Filter: ((link)::text ~~ '%follow%'::text)
                                                                                                                           Rows Removed by Filter: 16
                                                                                 ->  Index Scan using movie_id_movie_companies on movie_companies mc  (cost=0.43..131550.35 rows=1273429 width=12) (actual time=0.040..22.526 rows=34556 loops=2)
                                                                                       Filter: (note IS NULL)
                                                                                       Rows Removed by Filter: 35332
                                                                           ->  Hash  (cost=1.05..1.05 rows=1 width=4) (actual time=0.054..0.054 rows=1 loops=2)
                                                                                 Buckets: 1024  Batches: 1  Memory Usage: 9kB
                                                                                 ->  Seq Scan on company_type ct  (cost=0.00..1.05 rows=1 width=4) (actual time=0.037..0.039 rows=1 loops=2)
                                                                                       Filter: ((kind)::text = 'production companies'::text)
                                                                                       Rows Removed by Filter: 3
                                       ->  Hash  (cost=1.05..1.05 rows=2 width=4) (actual time=0.025..0.025 rows=2 loops=1)
                                             Buckets: 1024  Batches: 1  Memory Usage: 9kB
                                             ->  Seq Scan on comp_cast_type cct1  (cost=0.00..1.05 rows=2 width=4) (actual time=0.011..0.013 rows=2 loops=1)
                                                   Filter: ((kind)::text = ANY ('{cast,crew}'::text[]))
                                                   Rows Removed by Filter: 2
                                 ->  Hash  (cost=1.05..1.05 rows=1 width=4) (actual time=0.026..0.027 rows=1 loops=1)
                                       Buckets: 1024  Batches: 1  Memory Usage: 9kB
                                       ->  Seq Scan on comp_cast_type cct2  (cost=0.00..1.05 rows=1 width=4) (actual time=0.014..0.015 rows=1 loops=1)
                                             Filter: ((kind)::text = 'complete'::text)
                                             Rows Removed by Filter: 3
         ->  Hash  (cost=2626.12..2626.12 rows=1 width=4) (actual time=21.536..21.536 rows=1 loops=1)
               Buckets: 1024  Batches: 1  Memory Usage: 9kB
               ->  Seq Scan on keyword k  (cost=0.00..2626.12 rows=1 width=4) (actual time=1.016..21.524 rows=1 loops=1)
                     Filter: ((keyword)::text = 'sequel'::text)
                     Rows Removed by Filter: 134169
 Planning Time: 85.160 ms
 Execution Time: 503.927 ms
(82 rows)

execute /home/pei/Project/benchmarks/imdb_job-postgres/skinner_explained/27c.sql_explained.sql
SET
SET
                                                                                                                   QUERY PLAN                                                                                                                    
-------------------------------------------------------------------------------------------------------------------------------------------------------------------------------------------------------------------------------------------------
 Aggregate  (cost=64696.47..64696.48 rows=1 width=96) (actual time=607.440..607.440 rows=1 loops=1)
   ->  Hash Join  (cost=61522.37..64696.47 rows=1 width=118) (actual time=582.653..607.135 rows=743 loops=1)
         Hash Cond: (mk.keyword_id = k.id)
         ->  Merge Join  (cost=58896.24..62065.93 rows=1677 width=122) (actual time=558.324..584.346 rows=11620 loops=1)
               Merge Cond: (mk.movie_id = ml.movie_id)
               ->  Index Scan using movie_id_movie_keyword on movie_keyword mk  (cost=0.43..142057.13 rows=4523930 width=8) (actual time=0.035..17.583 rows=69431 loops=1)
               ->  Sort  (cost=58895.80..58895.89 rows=36 width=138) (actual time=555.830..556.550 rows=11612 loops=1)
                     Sort Key: ml.movie_id
                     Sort Method: quicksort  Memory: 210kB
                     ->  Hash Join  (cost=58588.08..58894.87 rows=36 width=138) (actual time=550.745..554.910 rows=1150 loops=1)
                           Hash Cond: (cc.subject_id = cct1.id)
                           ->  Hash Join  (cost=58587.01..58893.03 rows=143 width=142) (actual time=550.674..554.514 rows=1436 loops=1)
                                 Hash Cond: (cc.status_id = cct2.id)
                                 ->  Merge Join  (cost=58585.95..58888.88 rows=572 width=146) (actual time=550.597..554.032 rows=1436 loops=1)
                                       Merge Cond: (cc.movie_id = ml.movie_id)
                                       ->  Index Scan using movie_id_complete_cast on complete_cast cc  (cost=0.42..6344.49 rows=135086 width=12) (actual time=0.036..2.107 rows=5142 loops=1)
                                       ->  Sort  (cost=58585.52..58586.43 rows=363 width=134) (actual time=550.221..550.556 rows=4252 loops=1)
                                             Sort Key: ml.movie_id
                                             Sort Method: quicksort  Memory: 654kB
                                             ->  Gather  (cost=7421.33..58570.09 rows=363 width=134) (actual time=78.231..549.173 rows=3966 loops=1)
                                                   Workers Planned: 2
                                                   Workers Launched: 2
                                                   ->  Hash Join  (cost=6421.33..57533.79 rows=151 width=134) (actual time=83.944..516.497 rows=1322 loops=3)
                                                         Hash Cond: (mc.company_type_id = ct.id)
                                                         ->  Parallel Hash Join  (cost=6420.26..57529.46 rows=605 width=138) (actual time=83.739..515.851 rows=1361 loops=3)
                                                               Hash Cond: (mc.company_id = cn.id)
                                                               ->  Merge Join  (cost=694.11..51794.52 rows=3349 width=123) (actual time=12.333..464.398 rows=3944 loops=3)
                                                                     Merge Cond: (ml.movie_id = mc.movie_id)
                                                                     ->  Merge Join  (cost=693.68..46534.00 rows=1310 width=111) (actual time=12.153..424.430 rows=1247 loops=3)
                                                                           Merge Cond: (ml.movie_id = t.id)
                                                                           ->  Merge Join  (cost=651.07..37496.27 rows=1747 width=90) (actual time=10.649..177.653 rows=1288 loops=3)
                                                                                 Merge Cond: (mi.movie_id = ml.movie_id)
                                                                                 ->  Parallel Index Scan using movie_id_movie_info on movie_info mi  (cost=0.43..1010698.11 rows=372351 width=4) (actual time=0.231..165.914 rows=11321 loops=3)
                                                                                       Filter: ((info)::text = ANY ('{Sweden,Norway,Germany,Denmark,Swedish,Denish,Norwegian,German,English}'::text[]))
                                                                                       Rows Removed by Filter: 160210
                                                                                 ->  Sort  (cost=650.63..654.80 rows=1666 width=86) (actual time=9.392..9.646 rows=2954 loops=3)
                                                                                       Sort Key: ml.movie_id
                                                                                       Sort Method: quicksort  Memory: 205kB
                                                                                       Worker 0:  Sort Method: quicksort  Memory: 205kB
                                                                                       Worker 1:  Sort Method: quicksort  Memory: 205kB
                                                                                       ->  Hash Join  (cost=1.24..561.48 rows=1666 width=86) (actual time=0.126..8.141 rows=2315 loops=3)
                                                                                             Hash Cond: (ml.link_type_id = lt.id)
                                                                                             ->  Seq Scan on movie_link ml  (cost=0.00..462.97 rows=29997 width=8) (actual time=0.023..3.919 rows=29997 loops=3)
                                                                                             ->  Hash  (cost=1.23..1.23 rows=1 width=86) (actual time=0.043..0.044 rows=2 loops=3)
                                                                                                   Buckets: 1024  Batches: 1  Memory Usage: 9kB
                                                                                                   ->  Seq Scan on link_type lt  (cost=0.00..1.23 rows=1 width=86) (actual time=0.026..0.031 rows=2 loops=3)
                                                                                                         Filter: ((link)::text ~~ '%follow%'::text)
                                                                                                         Rows Removed by Filter: 16
                                                                           ->  Index Scan using title_pkey on title t  (cost=0.43..114723.73 rows=1895923 width=21) (actual time=0.031..235.662 rows=133832 loops=3)
                                                                                 Filter: ((production_year >= 1950) AND (production_year <= 2010))
                                                                                 Rows Removed by Filter: 37636
                                                                     ->  Index Scan using movie_id_movie_companies on movie_companies mc  (cost=0.43..131550.35 rows=1273429 width=12) (actual time=0.025..35.440 rows=47709 loops=3)
                                                                           Filter: (note IS NULL)
                                                                           Rows Removed by Filter: 47261
                                                               ->  Parallel Hash  (cost=5414.09..5414.09 rows=24965 width=23) (actual time=49.308..49.308 rows=16101 loops=3)
                                                                     Buckets: 65536  Batches: 1  Memory Usage: 3296kB
                                                                     ->  Parallel Seq Scan on company_name cn  (cost=0.00..5414.09 rows=24965 width=23) (actual time=0.029..38.525 rows=16101 loops=3)
                                                                           Filter: (((country_code)::text <> '[pl]'::text) AND (((name)::text ~~ '%Film%'::text) OR ((name)::text ~~ '%Warner%'::text)))
                                                                           Rows Removed by Filter: 62232
                                                         ->  Hash  (cost=1.05..1.05 rows=1 width=4) (actual time=0.071..0.071 rows=1 loops=3)
                                                               Buckets: 1024  Batches: 1  Memory Usage: 9kB
                                                               ->  Seq Scan on company_type ct  (cost=0.00..1.05 rows=1 width=4) (actual time=0.044..0.045 rows=1 loops=3)
                                                                     Filter: ((kind)::text = 'production companies'::text)
                                                                     Rows Removed by Filter: 3
                                 ->  Hash  (cost=1.05..1.05 rows=1 width=4) (actual time=0.022..0.022 rows=2 loops=1)
                                       Buckets: 1024  Batches: 1  Memory Usage: 9kB
                                       ->  Seq Scan on comp_cast_type cct2  (cost=0.00..1.05 rows=1 width=4) (actual time=0.010..0.012 rows=2 loops=1)
                                             Filter: ((kind)::text ~~ 'complete%'::text)
                                             Rows Removed by Filter: 2
                           ->  Hash  (cost=1.05..1.05 rows=1 width=4) (actual time=0.026..0.026 rows=1 loops=1)
                                 Buckets: 1024  Batches: 1  Memory Usage: 9kB
                                 ->  Seq Scan on comp_cast_type cct1  (cost=0.00..1.05 rows=1 width=4) (actual time=0.013..0.015 rows=1 loops=1)
                                       Filter: ((kind)::text = 'cast'::text)
                                       Rows Removed by Filter: 3
         ->  Hash  (cost=2626.12..2626.12 rows=1 width=4) (actual time=21.617..21.617 rows=1 loops=1)
               Buckets: 1024  Batches: 1  Memory Usage: 9kB
               ->  Seq Scan on keyword k  (cost=0.00..2626.12 rows=1 width=4) (actual time=0.994..21.604 rows=1 loops=1)
                     Filter: ((keyword)::text = 'sequel'::text)
                     Rows Removed by Filter: 134169
 Planning Time: 85.377 ms
 Execution Time: 609.818 ms
(81 rows)

execute /home/pei/Project/benchmarks/imdb_job-postgres/skinner_explained/28a.sql_explained.sql
SET
SET
                                                                                                                         QUERY PLAN                                                                                                                          
-------------------------------------------------------------------------------------------------------------------------------------------------------------------------------------------------------------------------------------------------------------
 Aggregate  (cost=468295.89..468295.90 rows=1 width=96) (actual time=3953.392..3953.392 rows=1 loops=1)
   ->  Hash Join  (cost=451069.27..468295.88 rows=1 width=41) (actual time=3759.583..3951.422 rows=4803 loops=1)
         Hash Cond: (mi_idx.info_type_id = it2.id)
         ->  Gather  (cost=451066.84..468293.45 rows=1 width=45) (actual time=3759.452..3954.894 rows=15325 loops=1)
               Workers Planned: 2
               Workers Launched: 2
               ->  Parallel Hash Join  (cost=450066.84..467293.35 rows=1 width=45) (actual time=3748.449..3939.976 rows=5108 loops=3)
                     Hash Cond: (mi_idx.movie_id = t.id)
                     ->  Parallel Seq Scan on movie_info_idx mi_idx  (cost=0.00..15122.68 rows=561018 width=13) (actual time=0.054..155.951 rows=447629 loops=3)
                           Filter: ((info)::text < '8.5'::text)
                           Rows Removed by Filter: 12383
                     ->  Parallel Hash  (cost=450066.83..450066.83 rows=1 width=56) (actual time=3734.612..3734.612 rows=1704 loops=3)
                           Buckets: 8192 (originally 1024)  Batches: 1 (originally 1)  Memory Usage: 632kB
                           ->  Hash Join  (cost=147280.54..450066.83 rows=1 width=56) (actual time=3252.845..3729.919 rows=1704 loops=3)
                                 Hash Cond: (cc.status_id = cct2.id)
                                 ->  Hash Join  (cost=147279.45..450065.74 rows=1 width=60) (actual time=3252.550..3729.311 rows=2155 loops=3)
                                       Hash Cond: (cc.subject_id = cct1.id)
                                       ->  Hash Join  (cost=147278.39..450064.67 rows=1 width=64) (actual time=3243.464..3727.467 rows=13930 loops=3)
                                             Hash Cond: (t.id = cc.movie_id)
                                             ->  Hash Join  (cost=142847.96..444972.22 rows=1 width=52) (actual time=3162.080..3627.214 rows=15212 loops=3)
                                                   Hash Cond: (mi.info_type_id = it1.id)
                                                   ->  Parallel Hash Join  (cost=142845.53..444969.79 rows=1 width=56) (actual time=1363.593..3622.872 rows=17574 loops=3)
                                                         Hash Cond: (mi.movie_id = t.id)
                                                         ->  Parallel Seq Scan on movie_info mi  (cost=0.00..301068.88 rows=281434 width=8) (actual time=1.051..2222.763 rows=238737 loops=3)
                                                               Filter: ((info)::text = ANY ('{Sweden,Norway,Germany,Denmark,Swedish,Danish,Norwegian,German,USA,American}'::text[]))
                                                               Rows Removed by Filter: 4706503
                                                         ->  Parallel Hash  (cost=142845.52..142845.52 rows=1 width=48) (actual time=1355.489..1355.489 rows=16473 loops=3)
                                                               Buckets: 65536 (originally 1024)  Batches: 1 (originally 1)  Memory Usage: 5176kB
                                                               ->  Parallel Hash Join  (cost=137845.48..142845.52 rows=1 width=48) (actual time=1293.997..1338.134 rows=16473 loops=3)
                                                                     Hash Cond: (cn.id = mc.company_id)
                                                                     ->  Parallel Seq Scan on company_name cn  (cost=0.00..4722.92 rows=73895 width=23) (actual time=0.035..31.564 rows=42077 loops=3)
                                                                           Filter: ((country_code)::text <> '[us]'::text)
                                                                           Rows Removed by Filter: 36256
                                                                     ->  Parallel Hash  (cost=137845.47..137845.47 rows=1 width=33) (actual time=1293.855..1293.855 rows=17485 loops=3)
                                                                           Buckets: 65536 (originally 1024)  Batches: 1 (originally 1)  Memory Usage: 4504kB
                                                                           ->  Hash Join  (cost=102542.40..137845.47 rows=1 width=33) (actual time=975.365..1264.701 rows=17485 loops=3)
                                                                                 Hash Cond: (mc.company_type_id = ct.id)
                                                                                 ->  Parallel Hash Join  (cost=102541.31..137844.38 rows=1 width=37) (actual time=975.273..1260.022 rows=17485 loops=3)
                                                                                       Hash Cond: (mc.movie_id = t.id)
                                                                                       ->  Parallel Seq Scan on movie_companies mc  (cost=0.00..35097.06 rows=54933 width=12) (actual time=0.021..267.981 rows=101090 loops=3)
                                                                                             Filter: (((note)::text !~~ '%(USA)%'::text) AND ((note)::text ~~ '%(200%)%'::text))
                                                                                             Rows Removed by Filter: 768619
                                                                                       ->  Parallel Hash  (cost=102541.20..102541.20 rows=9 width=25) (actual time=973.624..973.624 rows=3895 loops=3)
                                                                                             Buckets: 16384 (originally 1024)  Batches: 1 (originally 1)  Memory Usage: 984kB
                                                                                             ->  Hash Join  (cost=51215.33..102541.20 rows=9 width=25) (actual time=583.599..923.567 rows=3895 loops=3)
                                                                                                   Hash Cond: (t.kind_id = kt.id)
                                                                                                   ->  Parallel Hash Join  (cost=51214.21..102539.96 rows=31 width=29) (actual time=583.306..921.584 rows=4924 loops=3)
                                                                                                         Hash Cond: (t.id = mk.movie_id)
                                                                                                         ->  Parallel Seq Scan on title t  (cost=0.00..49166.29 rows=575821 width=25) (actual time=0.022..275.010 rows=460484 loops=3)
                                                                                                               Filter: (production_year > 2000)
                                                                                                               Rows Removed by Filter: 382286
                                                                                                         ->  Parallel Hash  (cost=51213.51..51213.51 rows=56 width=4) (actual time=582.429..582.430 rows=12364 loops=3)
                                                                                                               Buckets: 65536 (originally 1024)  Batches: 1 (originally 1)  Memory Usage: 2488kB
                                                                                                               ->  Hash Join  (cost=2961.60..51213.51 rows=56 width=4) (actual time=48.830..490.014 rows=12364 loops=3)
                                                                                                                     Hash Cond: (mk.keyword_id = k.id)
                                                                                                                     ->  Parallel Seq Scan on movie_keyword mk  (cost=0.00..43303.71 rows=1884971 width=8) (actual time=0.018..253.963 rows=1507977 loops=3)
                                                                                                                     ->  Hash  (cost=2961.55..2961.55 rows=4 width=4) (actual time=48.588..48.589 rows=3 loops=3)
                                                                                                                           Buckets: 1024  Batches: 1  Memory Usage: 9kB
                                                                                                                           ->  Seq Scan on keyword k  (cost=0.00..2961.55 rows=4 width=4) (actual time=1.767..48.568 rows=3 loops=3)
                                                                                                                                 Filter: ((keyword)::text = ANY ('{murder,murder-in-title,blood,violence}'::text[]))
                                                                                                                                 Rows Removed by Filter: 134167
                                                                                                   ->  Hash  (cost=1.09..1.09 rows=2 width=4) (actual time=0.076..0.076 rows=2 loops=3)
                                                                                                         Buckets: 1024  Batches: 1  Memory Usage: 9kB
                                                                                                         ->  Seq Scan on kind_type kt  (cost=0.00..1.09 rows=2 width=4) (actual time=0.061..0.063 rows=2 loops=3)
                                                                                                               Filter: ((kind)::text = ANY ('{movie,episode}'::text[]))
                                                                                                               Rows Removed by Filter: 5
                                                                                 ->  Hash  (cost=1.04..1.04 rows=4 width=4) (actual time=0.038..0.038 rows=4 loops=3)
                                                                                       Buckets: 1024  Batches: 1  Memory Usage: 9kB
                                                                                       ->  Seq Scan on company_type ct  (cost=0.00..1.04 rows=4 width=4) (actual time=0.021..0.022 rows=4 loops=3)
                                                   ->  Hash  (cost=2.41..2.41 rows=1 width=4) (actual time=0.068..0.068 rows=1 loops=3)
                                                         Buckets: 1024  Batches: 1  Memory Usage: 9kB
                                                         ->  Seq Scan on info_type it1  (cost=0.00..2.41 rows=1 width=4) (actual time=0.044..0.056 rows=1 loops=3)
                                                               Filter: ((info)::text = 'countries'::text)
                                                               Rows Removed by Filter: 112
                                             ->  Hash  (cost=2081.86..2081.86 rows=135086 width=12) (actual time=70.645..70.645 rows=135086 loops=3)
                                                   Buckets: 131072  Batches: 4  Memory Usage: 2471kB
                                                   ->  Seq Scan on complete_cast cc  (cost=0.00..2081.86 rows=135086 width=12) (actual time=0.023..29.481 rows=135086 loops=3)
                                       ->  Hash  (cost=1.05..1.05 rows=1 width=4) (actual time=0.029..0.030 rows=1 loops=3)
                                             Buckets: 1024  Batches: 1  Memory Usage: 9kB
                                             ->  Seq Scan on comp_cast_type cct1  (cost=0.00..1.05 rows=1 width=4) (actual time=0.016..0.017 rows=1 loops=3)
                                                   Filter: ((kind)::text = 'crew'::text)
                                                   Rows Removed by Filter: 3
                                 ->  Hash  (cost=1.05..1.05 rows=3 width=4) (actual time=0.054..0.054 rows=3 loops=3)
                                       Buckets: 1024  Batches: 1  Memory Usage: 9kB
                                       ->  Seq Scan on comp_cast_type cct2  (cost=0.00..1.05 rows=3 width=4) (actual time=0.029..0.031 rows=3 loops=3)
                                             Filter: ((kind)::text <> 'complete+verified'::text)
                                             Rows Removed by Filter: 1
         ->  Hash  (cost=2.41..2.41 rows=1 width=4) (actual time=0.051..0.052 rows=1 loops=1)
               Buckets: 1024  Batches: 1  Memory Usage: 9kB
               ->  Seq Scan on info_type it2  (cost=0.00..2.41 rows=1 width=4) (actual time=0.023..0.026 rows=1 loops=1)
                     Filter: ((info)::text = 'rating'::text)
                     Rows Removed by Filter: 112
 Planning Time: 110.033 ms
 Execution Time: 3960.526 ms
(94 rows)

execute /home/pei/Project/benchmarks/imdb_job-postgres/skinner_explained/28b.sql_explained.sql
SET
SET
                                                                                                                         QUERY PLAN                                                                                                                          
-------------------------------------------------------------------------------------------------------------------------------------------------------------------------------------------------------------------------------------------------------------
 Aggregate  (cost=418889.66..418889.67 rows=1 width=96) (actual time=3176.072..3176.072 rows=1 loops=1)
   ->  Hash Join  (cost=403298.67..418889.65 rows=1 width=41) (actual time=3140.412..3175.988 rows=148 loops=1)
         Hash Cond: (mi_idx.info_type_id = it2.id)
         ->  Gather  (cost=403296.25..418887.22 rows=1 width=45) (actual time=3140.287..3184.176 rows=224 loops=1)
               Workers Planned: 2
               Workers Launched: 2
               ->  Parallel Hash Join  (cost=402296.25..417887.12 rows=1 width=45) (actual time=3072.426..3167.401 rows=75 loops=3)
                     Hash Cond: (mi_idx.movie_id = t.id)
                     ->  Parallel Seq Scan on movie_info_idx mi_idx  (cost=0.00..15122.68 rows=124848 width=13) (actual time=0.056..140.407 rows=99992 loops=3)
                           Filter: ((info)::text > '6.5'::text)
                           Rows Removed by Filter: 360020
                     ->  Parallel Hash  (cost=402296.24..402296.24 rows=1 width=56) (actual time=3015.075..3015.075 rows=70 loops=3)
                           Buckets: 1024  Batches: 1  Memory Usage: 104kB
                           ->  Hash Join  (cost=350869.64..402296.24 rows=1 width=56) (actual time=2998.830..3014.790 rows=70 loops=3)
                                 Hash Cond: (cc.subject_id = cct1.id)
                                 ->  Hash Join  (cost=350868.57..402295.17 rows=1 width=60) (actual time=2915.116..3014.609 rows=544 loops=3)
                                       Hash Cond: (cc.status_id = cct2.id)
                                       ->  Hash Join  (cost=350867.49..402294.08 rows=1 width=64) (actual time=2913.563..3014.325 rows=1108 loops=3)
                                             Hash Cond: (t.id = cc.movie_id)
                                             ->  Hash Join  (cost=346437.05..397201.63 rows=1 width=52) (actual time=2654.864..2927.709 rows=1608 loops=3)
                                                   Hash Cond: (t.kind_id = kt.id)
                                                   ->  Parallel Hash Join  (cost=346435.94..397200.52 rows=1 width=56) (actual time=2635.678..2927.096 rows=1675 loops=3)
                                                         Hash Cond: (t.id = mi.movie_id)
                                                         ->  Parallel Seq Scan on title t  (cost=0.00..49166.29 rows=426207 width=25) (actual time=0.018..267.493 rows=337640 loops=3)
                                                               Filter: (production_year > 2005)
                                                               Rows Removed by Filter: 505131
                                                         ->  Parallel Hash  (cost=346435.93..346435.93 rows=1 width=31) (actual time=2616.172..2616.172 rows=4086 loops=3)
                                                               Buckets: 16384 (originally 1024)  Batches: 1 (originally 1)  Memory Usage: 1080kB
                                                               ->  Parallel Hash Join  (cost=341435.89..346435.93 rows=1 width=31) (actual time=2586.804..2611.052 rows=4086 loops=3)
                                                                     Hash Cond: (cn.id = mc.company_id)
                                                                     ->  Parallel Seq Scan on company_name cn  (cost=0.00..4722.92 rows=73895 width=23) (actual time=0.008..18.037 rows=42077 loops=3)
                                                                           Filter: ((country_code)::text <> '[us]'::text)
                                                                           Rows Removed by Filter: 36256
                                                                     ->  Parallel Hash  (cost=341435.88..341435.88 rows=1 width=16) (actual time=2586.670..2586.670 rows=4250 loops=3)
                                                                           Buckets: 16384 (originally 1024)  Batches: 1 (originally 1)  Memory Usage: 920kB
                                                                           ->  Hash Join  (cost=306132.81..341435.88 rows=1 width=16) (actual time=2263.906..2549.784 rows=4250 loops=3)
                                                                                 Hash Cond: (mc.company_type_id = ct.id)
                                                                                 ->  Parallel Hash Join  (cost=306131.72..341434.79 rows=1 width=20) (actual time=2263.812..2548.637 rows=4250 loops=3)
                                                                                       Hash Cond: (mc.movie_id = mi.movie_id)
                                                                                       ->  Parallel Seq Scan on movie_companies mc  (cost=0.00..35097.06 rows=54933 width=12) (actual time=0.018..272.850 rows=101090 loops=3)
                                                                                             Filter: (((note)::text !~~ '%(USA)%'::text) AND ((note)::text ~~ '%(200%)%'::text))
                                                                                             Rows Removed by Filter: 768619
                                                                                       ->  Parallel Hash  (cost=306131.71..306131.71 rows=1 width=8) (actual time=2260.630..2260.630 rows=653 loops=3)
                                                                                             Buckets: 1024  Batches: 1  Memory Usage: 104kB
                                                                                             ->  Hash Join  (cost=51216.64..306131.71 rows=1 width=8) (actual time=1957.660..2260.044 rows=653 loops=3)
                                                                                                   Hash Cond: (mi.info_type_id = it1.id)
                                                                                                   ->  Parallel Hash Join  (cost=51214.21..306129.23 rows=21 width=12) (actual time=576.382..2259.476 rows=1510 loops=3)
                                                                                                         Hash Cond: (mi.movie_id = mk.movie_id)
                                                                                                         ->  Parallel Seq Scan on movie_info mi  (cost=0.00..254707.25 rows=55380 width=8) (actual time=0.818..1672.150 rows=44746 loops=3)
                                                                                                               Filter: ((info)::text = ANY ('{Sweden,Germany,Swedish,German}'::text[]))
                                                                                                               Rows Removed by Filter: 4900494
                                                                                                         ->  Parallel Hash  (cost=51213.51..51213.51 rows=56 width=4) (actual time=574.052..574.052 rows=12364 loops=3)
                                                                                                               Buckets: 65536 (originally 1024)  Batches: 1 (originally 1)  Memory Usage: 2488kB
                                                                                                               ->  Hash Join  (cost=2961.60..51213.51 rows=56 width=4) (actual time=33.635..474.121 rows=12364 loops=3)
                                                                                                                     Hash Cond: (mk.keyword_id = k.id)
                                                                                                                     ->  Parallel Seq Scan on movie_keyword mk  (cost=0.00..43303.71 rows=1884971 width=8) (actual time=0.021..253.403 rows=1507977 loops=3)
                                                                                                                     ->  Hash  (cost=2961.55..2961.55 rows=4 width=4) (actual time=33.468..33.468 rows=3 loops=3)
                                                                                                                           Buckets: 1024  Batches: 1  Memory Usage: 9kB
                                                                                                                           ->  Seq Scan on keyword k  (cost=0.00..2961.55 rows=4 width=4) (actual time=1.661..33.450 rows=3 loops=3)
                                                                                                                                 Filter: ((keyword)::text = ANY ('{murder,murder-in-title,blood,violence}'::text[]))
                                                                                                                                 Rows Removed by Filter: 134167
                                                                                                   ->  Hash  (cost=2.41..2.41 rows=1 width=4) (actual time=0.052..0.053 rows=1 loops=3)
                                                                                                         Buckets: 1024  Batches: 1  Memory Usage: 9kB
                                                                                                         ->  Seq Scan on info_type it1  (cost=0.00..2.41 rows=1 width=4) (actual time=0.031..0.042 rows=1 loops=3)
                                                                                                               Filter: ((info)::text = 'countries'::text)
                                                                                                               Rows Removed by Filter: 112
                                                                                 ->  Hash  (cost=1.04..1.04 rows=4 width=4) (actual time=0.037..0.037 rows=4 loops=3)
                                                                                       Buckets: 1024  Batches: 1  Memory Usage: 9kB
                                                                                       ->  Seq Scan on company_type ct  (cost=0.00..1.04 rows=4 width=4) (actual time=0.019..0.020 rows=4 loops=3)
                                                   ->  Hash  (cost=1.09..1.09 rows=2 width=4) (actual time=0.105..0.105 rows=2 loops=3)
                                                         Buckets: 1024  Batches: 1  Memory Usage: 9kB
                                                         ->  Seq Scan on kind_type kt  (cost=0.00..1.09 rows=2 width=4) (actual time=0.088..0.091 rows=2 loops=3)
                                                               Filter: ((kind)::text = ANY ('{movie,episode}'::text[]))
                                                               Rows Removed by Filter: 5
                                             ->  Hash  (cost=2081.86..2081.86 rows=135086 width=12) (actual time=68.257..68.257 rows=135086 loops=3)
                                                   Buckets: 131072  Batches: 4  Memory Usage: 2471kB
                                                   ->  Seq Scan on complete_cast cc  (cost=0.00..2081.86 rows=135086 width=12) (actual time=0.023..27.099 rows=135086 loops=3)
                                       ->  Hash  (cost=1.05..1.05 rows=3 width=4) (actual time=0.023..0.023 rows=3 loops=3)
                                             Buckets: 1024  Batches: 1  Memory Usage: 9kB
                                             ->  Seq Scan on comp_cast_type cct2  (cost=0.00..1.05 rows=3 width=4) (actual time=0.008..0.010 rows=3 loops=3)
                                                   Filter: ((kind)::text <> 'complete+verified'::text)
                                                   Rows Removed by Filter: 1
                                 ->  Hash  (cost=1.05..1.05 rows=1 width=4) (actual time=0.061..0.061 rows=1 loops=3)
                                       Buckets: 1024  Batches: 1  Memory Usage: 9kB
                                       ->  Seq Scan on comp_cast_type cct1  (cost=0.00..1.05 rows=1 width=4) (actual time=0.036..0.038 rows=1 loops=3)
                                             Filter: ((kind)::text = 'crew'::text)
                                             Rows Removed by Filter: 3
         ->  Hash  (cost=2.41..2.41 rows=1 width=4) (actual time=0.044..0.044 rows=1 loops=1)
               Buckets: 1024  Batches: 1  Memory Usage: 9kB
               ->  Seq Scan on info_type it2  (cost=0.00..2.41 rows=1 width=4) (actual time=0.023..0.026 rows=1 loops=1)
                     Filter: ((info)::text = 'rating'::text)
                     Rows Removed by Filter: 112
 Planning Time: 110.706 ms
 Execution Time: 3185.481 ms
(94 rows)

execute /home/pei/Project/benchmarks/imdb_job-postgres/skinner_explained/28c.sql_explained.sql
SET
SET
                                                                                                                         QUERY PLAN                                                                                                                          
-------------------------------------------------------------------------------------------------------------------------------------------------------------------------------------------------------------------------------------------------------------
 Aggregate  (cost=467734.71..467734.72 rows=1 width=96) (actual time=4011.095..4011.095 rows=1 loops=1)
   ->  Hash Join  (cost=449846.07..467734.70 rows=1 width=41) (actual time=3773.910..4007.511 rows=8373 loops=1)
         Hash Cond: (cc.status_id = cct2.id)
         ->  Hash Join  (cost=449845.01..467733.64 rows=1 width=45) (actual time=3773.812..4004.624 rows=15126 loops=1)
               Hash Cond: (cc.subject_id = cct1.id)
               ->  Hash Join  (cost=449843.95..467732.57 rows=1 width=49) (actual time=3773.724..4000.483 rows=16719 loops=1)
                     Hash Cond: (t.id = cc.movie_id)
                     ->  Hash Join  (cost=445413.51..462640.12 rows=1 width=61) (actual time=3674.109..3897.848 rows=21489 loops=1)
                           Hash Cond: (mi_idx.info_type_id = it2.id)
                           ->  Gather  (cost=445411.09..462637.70 rows=1 width=65) (actual time=3673.990..3886.385 rows=64628 loops=1)
                                 Workers Planned: 2
                                 Workers Launched: 2
                                 ->  Parallel Hash Join  (cost=444411.09..461637.60 rows=1 width=65) (actual time=3670.612..3873.285 rows=21543 loops=3)
                                       Hash Cond: (mi_idx.movie_id = t.id)
                                       ->  Parallel Seq Scan on movie_info_idx mi_idx  (cost=0.00..15122.68 rows=561018 width=13) (actual time=2.146..162.121 rows=447629 loops=3)
                                             Filter: ((info)::text < '8.5'::text)
                                             Rows Removed by Filter: 12383
                                       ->  Parallel Hash  (cost=444411.07..444411.07 rows=1 width=52) (actual time=3655.042..3655.042 rows=7276 loops=3)
                                             Buckets: 32768 (originally 1024)  Batches: 1 (originally 1)  Memory Usage: 2456kB
                                             ->  Hash Join  (cost=142286.81..444411.07 rows=1 width=52) (actual time=3170.388..3631.408 rows=7276 loops=3)
                                                   Hash Cond: (mi.info_type_id = it1.id)
                                                   ->  Parallel Hash Join  (cost=142284.38..444408.65 rows=1 width=56) (actual time=1308.174..3629.240 rows=8340 loops=3)
                                                         Hash Cond: (mi.movie_id = t.id)
                                                         ->  Parallel Seq Scan on movie_info mi  (cost=0.00..301068.88 rows=281434 width=8) (actual time=1.006..2297.722 rows=238737 loops=3)
                                                               Filter: ((info)::text = ANY ('{Sweden,Norway,Germany,Denmark,Swedish,Danish,Norwegian,German,USA,American}'::text[]))
                                                               Rows Removed by Filter: 4706503
                                                         ->  Parallel Hash  (cost=142284.37..142284.37 rows=1 width=48) (actual time=1295.628..1295.628 rows=7967 loops=3)
                                                               Buckets: 32768 (originally 1024)  Batches: 1 (originally 1)  Memory Usage: 2520kB
                                                               ->  Hash Join  (cost=137284.33..142284.37 rows=1 width=48) (actual time=1252.217..1285.595 rows=7967 loops=3)
                                                                     Hash Cond: (mc.company_type_id = ct.id)
                                                                     ->  Parallel Hash Join  (cost=137283.24..142283.28 rows=1 width=52) (actual time=1252.110..1283.511 rows=7967 loops=3)
                                                                           Hash Cond: (cn.id = mc.company_id)
                                                                           ->  Parallel Seq Scan on company_name cn  (cost=0.00..4722.92 rows=73895 width=23) (actual time=0.043..22.388 rows=42077 loops=3)
                                                                                 Filter: ((country_code)::text <> '[us]'::text)
                                                                                 Rows Removed by Filter: 36256
                                                                           ->  Parallel Hash  (cost=137283.23..137283.23 rows=1 width=37) (actual time=1251.954..1251.954 rows=8618 loops=3)
                                                                                 Buckets: 32768 (originally 1024)  Batches: 1 (originally 1)  Memory Usage: 2360kB
                                                                                 ->  Parallel Hash Join  (cost=101980.16..137283.23 rows=1 width=37) (actual time=938.291..1224.349 rows=8618 loops=3)
                                                                                       Hash Cond: (mc.movie_id = t.id)
                                                                                       ->  Parallel Seq Scan on movie_companies mc  (cost=0.00..35097.06 rows=54933 width=12) (actual time=0.022..274.834 rows=101090 loops=3)
                                                                                             Filter: (((note)::text !~~ '%(USA)%'::text) AND ((note)::text ~~ '%(200%)%'::text))
                                                                                             Rows Removed by Filter: 768619
                                                                                       ->  Parallel Hash  (cost=101980.08..101980.08 rows=7 width=25) (actual time=932.991..932.991 rows=2691 loops=3)
                                                                                             Buckets: 8192 (originally 1024)  Batches: 1 (originally 1)  Memory Usage: 632kB
                                                                                             ->  Hash Join  (cost=51215.33..101980.08 rows=7 width=25) (actual time=565.822..888.990 rows=2691 loops=3)
                                                                                                   Hash Cond: (t.kind_id = kt.id)
                                                                                                   ->  Parallel Hash Join  (cost=51214.21..101978.87 rows=23 width=29) (actual time=565.497..887.655 rows=3246 loops=3)
                                                                                                         Hash Cond: (t.id = mk.movie_id)
                                                                                                         ->  Parallel Seq Scan on title t  (cost=0.00..49166.29 rows=426207 width=25) (actual time=0.022..272.555 rows=337640 loops=3)
                                                                                                               Filter: (production_year > 2005)
                                                                                                               Rows Removed by Filter: 505131
                                                                                                         ->  Parallel Hash  (cost=51213.51..51213.51 rows=56 width=4) (actual time=564.449..564.449 rows=12364 loops=3)
                                                                                                               Buckets: 65536 (originally 1024)  Batches: 1 (originally 1)  Memory Usage: 2488kB
                                                                                                               ->  Hash Join  (cost=2961.60..51213.51 rows=56 width=4) (actual time=33.556..473.672 rows=12364 loops=3)
                                                                                                                     Hash Cond: (mk.keyword_id = k.id)
                                                                                                                     ->  Parallel Seq Scan on movie_keyword mk  (cost=0.00..43303.71 rows=1884971 width=8) (actual time=0.027..253.338 rows=1507977 loops=3)
                                                                                                                     ->  Hash  (cost=2961.55..2961.55 rows=4 width=4) (actual time=33.234..33.234 rows=3 loops=3)
                                                                                                                           Buckets: 1024  Batches: 1  Memory Usage: 9kB
                                                                                                                           ->  Seq Scan on keyword k  (cost=0.00..2961.55 rows=4 width=4) (actual time=1.664..33.219 rows=3 loops=3)
                                                                                                                                 Filter: ((keyword)::text = ANY ('{murder,murder-in-title,blood,violence}'::text[]))
                                                                                                                                 Rows Removed by Filter: 134167
                                                                                                   ->  Hash  (cost=1.09..1.09 rows=2 width=4) (actual time=0.074..0.074 rows=2 loops=3)
                                                                                                         Buckets: 1024  Batches: 1  Memory Usage: 9kB
                                                                                                         ->  Seq Scan on kind_type kt  (cost=0.00..1.09 rows=2 width=4) (actual time=0.055..0.058 rows=2 loops=3)
                                                                                                               Filter: ((kind)::text = ANY ('{movie,episode}'::text[]))
                                                                                                               Rows Removed by Filter: 5
                                                                     ->  Hash  (cost=1.04..1.04 rows=4 width=4) (actual time=0.042..0.042 rows=4 loops=3)
                                                                           Buckets: 1024  Batches: 1  Memory Usage: 9kB
                                                                           ->  Seq Scan on company_type ct  (cost=0.00..1.04 rows=4 width=4) (actual time=0.027..0.028 rows=4 loops=3)
                                                   ->  Hash  (cost=2.41..2.41 rows=1 width=4) (actual time=0.067..0.067 rows=1 loops=3)
                                                         Buckets: 1024  Batches: 1  Memory Usage: 9kB
                                                         ->  Seq Scan on info_type it1  (cost=0.00..2.41 rows=1 width=4) (actual time=0.037..0.049 rows=1 loops=3)
                                                               Filter: ((info)::text = 'countries'::text)
                                                               Rows Removed by Filter: 112
                           ->  Hash  (cost=2.41..2.41 rows=1 width=4) (actual time=0.048..0.048 rows=1 loops=1)
                                 Buckets: 1024  Batches: 1  Memory Usage: 9kB
                                 ->  Seq Scan on info_type it2  (cost=0.00..2.41 rows=1 width=4) (actual time=0.027..0.030 rows=1 loops=1)
                                       Filter: ((info)::text = 'rating'::text)
                                       Rows Removed by Filter: 112
                     ->  Hash  (cost=2081.86..2081.86 rows=135086 width=12) (actual time=68.172..68.172 rows=135086 loops=1)
                           Buckets: 131072  Batches: 4  Memory Usage: 2471kB
                           ->  Seq Scan on complete_cast cc  (cost=0.00..2081.86 rows=135086 width=12) (actual time=0.021..27.102 rows=135086 loops=1)
               ->  Hash  (cost=1.05..1.05 rows=1 width=4) (actual time=0.027..0.027 rows=1 loops=1)
                     Buckets: 1024  Batches: 1  Memory Usage: 9kB
                     ->  Seq Scan on comp_cast_type cct1  (cost=0.00..1.05 rows=1 width=4) (actual time=0.008..0.010 rows=1 loops=1)
                           Filter: ((kind)::text = 'cast'::text)
                           Rows Removed by Filter: 3
         ->  Hash  (cost=1.05..1.05 rows=1 width=4) (actual time=0.026..0.026 rows=1 loops=1)
               Buckets: 1024  Batches: 1  Memory Usage: 9kB
               ->  Seq Scan on comp_cast_type cct2  (cost=0.00..1.05 rows=1 width=4) (actual time=0.014..0.016 rows=1 loops=1)
                     Filter: ((kind)::text = 'complete'::text)
                     Rows Removed by Filter: 3
 Planning Time: 109.633 ms
 Execution Time: 4014.522 ms
(94 rows)

execute /home/pei/Project/benchmarks/imdb_job-postgres/skinner_explained/29a.sql_explained.sql
SET
SET
                                                                                                                                     QUERY PLAN                                                                                                                                      
-------------------------------------------------------------------------------------------------------------------------------------------------------------------------------------------------------------------------------------------------------------------------------------
 Aggregate  (cost=1085189.97..1085189.98 rows=1 width=96) (actual time=8844.559..8844.559 rows=1 loops=1)
   ->  Hash Join  (cost=1002792.89..1085189.96 rows=1 width=48) (actual time=8841.658..8844.082 rows=1620 loops=1)
         Hash Cond: (cc.subject_id = cct1.id)
         ->  Hash Join  (cost=1002791.82..1085188.89 rows=1 width=52) (actual time=8841.551..8843.582 rows=1620 loops=1)
               Hash Cond: (cc.status_id = cct2.id)
               ->  Hash Join  (cost=1002790.76..1085187.83 rows=1 width=56) (actual time=8841.480..8843.100 rows=1620 loops=1)
                     Hash Cond: (t.id = cc.movie_id)
                     ->  Gather  (cost=998360.33..1080095.38 rows=1 width=68) (actual time=8453.830..8763.808 rows=1620 loops=1)
                           Workers Planned: 2
                           Workers Launched: 2
                           ->  Parallel Hash Join  (cost=997360.33..1079095.28 rows=1 width=68) (actual time=8650.727..8753.061 rows=540 loops=3)
                                 Hash Cond: (n.id = ci.person_id)
                                 ->  Parallel Seq Scan on name n  (cost=0.00..81659.82 rows=20033 width=19) (actual time=222.808..530.113 rows=16670 loops=3)
                                       Filter: (((name)::text ~~ '%An%'::text) AND ((gender)::text = 'f'::text))
                                       Rows Removed by Filter: 1372493
                                 ->  Parallel Hash  (cost=997360.31..997360.31 rows=1 width=65) (actual time=8217.945..8217.945 rows=540 loops=3)
                                       Buckets: 2048 (originally 1024)  Batches: 1 (originally 1)  Memory Usage: 184kB
                                       ->  Hash Join  (cost=980800.35..997360.31 rows=1 width=65) (actual time=8122.188..8192.292 rows=540 loops=3)
                                             Hash Cond: (mk.keyword_id = k.id)
                                             ->  Hash Join  (cost=978174.21..994734.17 rows=1 width=69) (actual time=8100.174..8164.376 rows=58320 loops=3)
                                                   Hash Cond: (ci.role_id = rt.id)
                                                   ->  Parallel Hash Join  (cost=978173.05..994733.01 rows=1 width=73) (actual time=8100.056..8149.690 rows=58320 loops=3)
                                                         Hash Cond: (an.person_id = ci.person_id)
                                                         ->  Parallel Seq Scan on aka_name an  (cost=0.00..15151.60 rows=375560 width=4) (actual time=0.028..72.560 rows=300448 loops=3)
                                                         ->  Parallel Hash  (cost=978173.04..978173.04 rows=1 width=69) (actual time=8016.711..8016.711 rows=19440 loops=3)
                                                               Buckets: 65536 (originally 1024)  Batches: 1 (originally 1)  Memory Usage: 6072kB
                                                               ->  Parallel Hash Join  (cost=911370.37..978173.04 rows=1 width=69) (actual time=6450.696..6967.318 rows=19440 loops=3)
                                                                     Hash Cond: (ci.person_role_id = chn.id)
                                                                     ->  Parallel Hash Join  (cost=858566.42..925369.09 rows=1 width=57) (actual time=6191.809..6694.229 rows=149955 loops=3)
                                                                           Hash Cond: (pi.person_id = ci.person_id)
                                                                           ->  Hash Join  (cost=2.43..66764.11 rows=10928 width=4) (actual time=0.097..446.432 rows=206842 loops=3)
                                                                                 Hash Cond: (pi.info_type_id = it3.id)
                                                                                 ->  Parallel Seq Scan on person_info pi  (cost=0.00..63398.60 rows=1234860 width=8) (actual time=0.035..284.160 rows=987888 loops=3)
                                                                                 ->  Hash  (cost=2.41..2.41 rows=1 width=4) (actual time=0.041..0.041 rows=1 loops=3)
                                                                                       Buckets: 1024  Batches: 1  Memory Usage: 9kB
                                                                                       ->  Seq Scan on info_type it3  (cost=0.00..2.41 rows=1 width=4) (actual time=0.020..0.031 rows=1 loops=3)
                                                                                             Filter: ((info)::text = 'trivia'::text)
                                                                                             Rows Removed by Filter: 112
                                                                           ->  Parallel Hash  (cost=858563.98..858563.98 rows=1 width=53) (actual time=6181.931..6181.931 rows=13941 loops=3)
                                                                                 Buckets: 65536 (originally 1024)  Batches: 1 (originally 1)  Memory Usage: 4344kB
                                                                                 ->  Parallel Hash Join  (cost=396900.01..858563.98 rows=1 width=53) (actual time=2866.558..5663.512 rows=13941 loops=3)
                                                                                       Hash Cond: (ci.movie_id = t.id)
                                                                                       ->  Parallel Seq Scan on cast_info ci  (cost=0.00..460336.89 rows=353886 width=16) (actual time=0.075..2790.368 rows=278900 loops=3)
                                                                                             Filter: ((note)::text = ANY ('{(voice),"(voice) (uncredited)","(voice: English version)"}'::text[]))
                                                                                             Rows Removed by Filter: 11802548
                                                                                       ->  Parallel Hash  (cost=396900.00..396900.00 rows=1 width=37) (actual time=2831.106..2831.106 rows=369 loops=3)
                                                                                             Buckets: 1024  Batches: 1  Memory Usage: 104kB
                                                                                             ->  Parallel Hash Join  (cost=391988.71..396900.00 rows=1 width=37) (actual time=2805.229..2830.863 rows=369 loops=3)
                                                                                                   Hash Cond: (cn.id = mc.company_id)
                                                                                                   ->  Parallel Seq Scan on company_name cn  (cost=0.00..4722.92 rows=50229 width=4) (actual time=0.009..28.963 rows=28281 loops=3)
                                                                                                         Filter: ((country_code)::text = '[us]'::text)
                                                                                                         Rows Removed by Filter: 50051
                                                                                                   ->  Parallel Hash  (cost=391988.70..391988.70 rows=1 width=41) (actual time=2798.339..2798.339 rows=1603 loops=3)
                                                                                                         Buckets: 8192 (originally 1024)  Batches: 1 (originally 1)  Memory Usage: 472kB
                                                                                                         ->  Parallel Hash Join  (cost=358250.56..391988.70 rows=1 width=41) (actual time=2689.823..2690.197 rows=1603 loops=3)
                                                                                                               Hash Cond: (mc.movie_id = t.id)
                                                                                                               ->  Parallel Seq Scan on movie_companies mc  (cost=0.00..29661.37 rows=1087137 width=8) (actual time=0.035..152.521 rows=869710 loops=3)
                                                                                                               ->  Parallel Hash  (cost=358250.54..358250.54 rows=1 width=33) (actual time=2430.063..2430.063 rows=81 loops=3)
                                                                                                                     Buckets: 1024  Batches: 1  Memory Usage: 40kB
                                                                                                                     ->  Hash Join  (cost=102687.90..358250.54 rows=1 width=33) (actual time=2099.654..2429.935 rows=81 loops=3)
                                                                                                                           Hash Cond: (mi.info_type_id = it.id)
                                                                                                                           ->  Parallel Hash Join  (cost=102685.48..358248.12 rows=1 width=37) (actual time=2099.528..2429.789 rows=81 loops=3)
                                                                                                                                 Hash Cond: (mi.movie_id = t.id)
                                                                                                                                 ->  Parallel Seq Scan on movie_info mi  (cost=0.00..254707.25 rows=228101 width=8) (actual time=175.789..1702.921 rows=150368 loops=3)
                                                                                                                                       Filter: ((info IS NOT NULL) AND (((info)::text ~~ 'Japan:%200%'::text) OR ((info)::text ~~ 'USA:%200%'::text)))
                                                                                                                                       Rows Removed by Filter: 4794872
                                                                                                                                 ->  Parallel Hash  (cost=102685.41..102685.41 rows=5 width=29) (actual time=710.133..710.133 rows=45 loops=3)
                                                                                                                                       Buckets: 1024  Batches: 1  Memory Usage: 40kB
                                                                                                                                       ->  Parallel Hash Join  (cost=54433.65..102685.41 rows=5 width=29) (actual time=673.607..710.036 rows=45 loops=3)
                                                                                                                                             Hash Cond: (mk.movie_id = t.id)
                                                                                                                                             ->  Parallel Seq Scan on movie_keyword mk  (cost=0.00..43303.71 rows=1884971 width=8) (actual time=0.011..254.633 rows=1507977 loops=3)
                                                                                                                                             ->  Parallel Hash  (cost=54433.61..54433.61 rows=3 width=21) (actual time=275.154..275.154 rows=1 loops=3)
                                                                                                                                                   Buckets: 1024  Batches: 1  Memory Usage: 72kB
                                                                                                                                                   ->  Parallel Seq Scan on title t  (cost=0.00..54433.61 rows=3 width=21) (actual time=175.919..275.070 rows=1 loops=3)
                                                                                                                                                         Filter: ((production_year >= 2000) AND (production_year <= 2010) AND ((title)::text = 'Shrek 2'::text))
                                                                                                                                                         Rows Removed by Filter: 842770
                                                                                                                           ->  Hash  (cost=2.41..2.41 rows=1 width=4) (actual time=0.069..0.069 rows=1 loops=3)
                                                                                                                                 Buckets: 1024  Batches: 1  Memory Usage: 9kB
                                                                                                                                 ->  Seq Scan on info_type it  (cost=0.00..2.41 rows=1 width=4) (actual time=0.041..0.052 rows=1 loops=3)
                                                                                                                                       Filter: ((info)::text = 'release dates'::text)
                                                                                                                                       Rows Removed by Filter: 112
                                                                     ->  Parallel Hash  (cost=52803.93..52803.93 rows=1 width=20) (actual time=255.331..255.331 rows=0 loops=3)
                                                                           Buckets: 1024  Batches: 1  Memory Usage: 40kB
                                                                           ->  Parallel Seq Scan on char_name chn  (cost=0.00..52803.93 rows=1 width=20) (actual time=175.070..255.293 rows=0 loops=3)
                                                                                 Filter: ((name)::text = 'Queen'::text)
                                                                                 Rows Removed by Filter: 1046779
                                                   ->  Hash  (cost=1.15..1.15 rows=1 width=4) (actual time=0.060..0.060 rows=1 loops=3)
                                                         Buckets: 1024  Batches: 1  Memory Usage: 9kB
                                                         ->  Seq Scan on role_type rt  (cost=0.00..1.15 rows=1 width=4) (actual time=0.043..0.045 rows=1 loops=3)
                                                               Filter: ((role)::text = 'actress'::text)
                                                               Rows Removed by Filter: 11
                                             ->  Hash  (cost=2626.12..2626.12 rows=1 width=4) (actual time=21.909..21.909 rows=1 loops=3)
                                                   Buckets: 1024  Batches: 1  Memory Usage: 9kB
                                                   ->  Seq Scan on keyword k  (cost=0.00..2626.12 rows=1 width=4) (actual time=0.111..21.884 rows=1 loops=3)
                                                         Filter: ((keyword)::text = 'computer-animation'::text)
                                                         Rows Removed by Filter: 134169
                     ->  Hash  (cost=2081.86..2081.86 rows=135086 width=12) (actual time=69.552..69.552 rows=135086 loops=1)
                           Buckets: 131072  Batches: 4  Memory Usage: 2471kB
                           ->  Seq Scan on complete_cast cc  (cost=0.00..2081.86 rows=135086 width=12) (actual time=0.024..27.205 rows=135086 loops=1)
               ->  Hash  (cost=1.05..1.05 rows=1 width=4) (actual time=0.019..0.019 rows=1 loops=1)
                     Buckets: 1024  Batches: 1  Memory Usage: 9kB
                     ->  Seq Scan on comp_cast_type cct2  (cost=0.00..1.05 rows=1 width=4) (actual time=0.009..0.009 rows=1 loops=1)
                           Filter: ((kind)::text = 'complete+verified'::text)
                           Rows Removed by Filter: 3
         ->  Hash  (cost=1.05..1.05 rows=1 width=4) (actual time=0.024..0.024 rows=1 loops=1)
               Buckets: 1024  Batches: 1  Memory Usage: 9kB
               ->  Seq Scan on comp_cast_type cct1  (cost=0.00..1.05 rows=1 width=4) (actual time=0.012..0.014 rows=1 loops=1)
                     Filter: ((kind)::text = 'cast'::text)
                     Rows Removed by Filter: 3
 Planning Time: 148.864 ms
 Execution Time: 8847.633 ms
(111 rows)

execute /home/pei/Project/benchmarks/imdb_job-postgres/skinner_explained/29b.sql_explained.sql
SET
SET
                                                                                                                                     QUERY PLAN                                                                                                                                      
-------------------------------------------------------------------------------------------------------------------------------------------------------------------------------------------------------------------------------------------------------------------------------------
 Aggregate  (cost=1069734.87..1069734.88 rows=1 width=96) (actual time=7006.930..7006.931 rows=1 loops=1)
   ->  Hash Join  (cost=987337.79..1069734.86 rows=1 width=48) (actual time=7006.225..7006.915 rows=15 loops=1)
         Hash Cond: (cc.subject_id = cct1.id)
         ->  Hash Join  (cost=987336.72..1069733.79 rows=1 width=52) (actual time=7006.122..7006.809 rows=15 loops=1)
               Hash Cond: (cc.status_id = cct2.id)
               ->  Hash Join  (cost=987335.66..1069732.73 rows=1 width=56) (actual time=7006.039..7006.722 rows=15 loops=1)
                     Hash Cond: (t.id = cc.movie_id)
                     ->  Gather  (cost=982905.23..1064640.28 rows=1 width=68) (actual time=6927.932..6929.396 rows=15 loops=1)
                           Workers Planned: 2
                           Workers Launched: 2
                           ->  Parallel Hash Join  (cost=981905.23..1063640.18 rows=1 width=68) (actual time=6816.588..6919.488 rows=5 loops=3)
                                 Hash Cond: (n.id = ci.person_id)
                                 ->  Parallel Seq Scan on name n  (cost=0.00..81659.82 rows=20033 width=19) (actual time=223.451..531.928 rows=16670 loops=3)
                                       Filter: (((name)::text ~~ '%An%'::text) AND ((gender)::text = 'f'::text))
                                       Rows Removed by Filter: 1372493
                                 ->  Parallel Hash  (cost=981905.21..981905.21 rows=1 width=65) (actual time=6383.446..6383.446 rows=5 loops=3)
                                       Buckets: 1024  Batches: 1  Memory Usage: 72kB
                                       ->  Hash Join  (cost=965345.25..981905.21 rows=1 width=65) (actual time=6339.212..6383.357 rows=5 loops=3)
                                             Hash Cond: (mk.keyword_id = k.id)
                                             ->  Hash Join  (cost=962719.11..979279.07 rows=1 width=69) (actual time=6317.217..6361.327 rows=540 loops=3)
                                                   Hash Cond: (ci.role_id = rt.id)
                                                   ->  Parallel Hash Join  (cost=962717.95..979277.91 rows=1 width=73) (actual time=6317.100..6361.068 rows=540 loops=3)
                                                         Hash Cond: (an.person_id = ci.person_id)
                                                         ->  Parallel Seq Scan on aka_name an  (cost=0.00..15151.60 rows=375560 width=4) (actual time=0.027..72.877 rows=300448 loops=3)
                                                         ->  Parallel Hash  (cost=962717.94..962717.94 rows=1 width=69) (actual time=6249.682..6249.682 rows=180 loops=3)
                                                               Buckets: 1024  Batches: 1  Memory Usage: 72kB
                                                               ->  Parallel Hash Join  (cost=895915.27..962717.94 rows=1 width=69) (actual time=6099.659..6249.496 rows=180 loops=3)
                                                                     Hash Cond: (ci.person_role_id = chn.id)
                                                                     ->  Parallel Hash Join  (cost=843111.32..909913.99 rows=1 width=57) (actual time=5560.719..5991.497 rows=2489 loops=3)
                                                                           Hash Cond: (pi.person_id = ci.person_id)
                                                                           ->  Hash Join  (cost=2.43..66764.11 rows=10928 width=4) (actual time=0.103..452.621 rows=47448 loops=3)
                                                                                 Hash Cond: (pi.info_type_id = it3.id)
                                                                                 ->  Parallel Seq Scan on person_info pi  (cost=0.00..63398.60 rows=1234860 width=8) (actual time=0.027..311.794 rows=987888 loops=3)
                                                                                 ->  Hash  (cost=2.41..2.41 rows=1 width=4) (actual time=0.040..0.040 rows=1 loops=3)
                                                                                       Buckets: 1024  Batches: 1  Memory Usage: 9kB
                                                                                       ->  Seq Scan on info_type it3  (cost=0.00..2.41 rows=1 width=4) (actual time=0.018..0.028 rows=1 loops=3)
                                                                                             Filter: ((info)::text = 'height'::text)
                                                                                             Rows Removed by Filter: 112
                                                                           ->  Parallel Hash  (cost=843108.88..843108.88 rows=1 width=53) (actual time=5529.382..5529.382 rows=7101 loops=3)
                                                                                 Buckets: 32768 (originally 1024)  Batches: 1 (originally 1)  Memory Usage: 2232kB
                                                                                 ->  Parallel Hash Join  (cost=381444.91..843108.88 rows=1 width=53) (actual time=2494.443..5202.069 rows=7101 loops=3)
                                                                                       Hash Cond: (ci.movie_id = t.id)
                                                                                       ->  Parallel Seq Scan on cast_info ci  (cost=0.00..460336.89 rows=353886 width=16) (actual time=0.074..2689.591 rows=278900 loops=3)
                                                                                             Filter: ((note)::text = ANY ('{(voice),"(voice) (uncredited)","(voice: English version)"}'::text[]))
                                                                                             Rows Removed by Filter: 11802548
                                                                                       ->  Parallel Hash  (cost=381444.90..381444.90 rows=1 width=37) (actual time=2472.958..2472.958 rows=189 loops=3)
                                                                                             Buckets: 1024  Batches: 1  Memory Usage: 104kB
                                                                                             ->  Parallel Hash Join  (cost=376533.61..381444.90 rows=1 width=37) (actual time=2457.257..2472.827 rows=189 loops=3)
                                                                                                   Hash Cond: (cn.id = mc.company_id)
                                                                                                   ->  Parallel Seq Scan on company_name cn  (cost=0.00..4722.92 rows=50229 width=4) (actual time=0.008..16.274 rows=28281 loops=3)
                                                                                                         Filter: ((country_code)::text = '[us]'::text)
                                                                                                         Rows Removed by Filter: 50051
                                                                                                   ->  Parallel Hash  (cost=376533.60..376533.60 rows=1 width=41) (actual time=2453.555..2453.555 rows=811 loops=3)
                                                                                                         Buckets: 4096 (originally 1024)  Batches: 1 (originally 1)  Memory Usage: 248kB
                                                                                                         ->  Parallel Hash Join  (cost=342795.46..376533.60 rows=1 width=41) (actual time=2347.352..2347.552 rows=811 loops=3)
                                                                                                               Hash Cond: (mc.movie_id = t.id)
                                                                                                               ->  Parallel Seq Scan on movie_companies mc  (cost=0.00..29661.37 rows=1087137 width=8) (actual time=0.067..151.267 rows=869710 loops=3)
                                                                                                               ->  Parallel Hash  (cost=342795.44..342795.44 rows=1 width=33) (actual time=2089.357..2089.357 rows=45 loops=3)
                                                                                                                     Buckets: 1024  Batches: 1  Memory Usage: 40kB
                                                                                                                     ->  Hash Join  (cost=102687.84..342795.44 rows=1 width=33) (actual time=1819.696..2089.275 rows=45 loops=3)
                                                                                                                           Hash Cond: (mi.info_type_id = it.id)
                                                                                                                           ->  Parallel Hash Join  (cost=102685.41..342793.02 rows=1 width=37) (actual time=1819.579..2089.147 rows=45 loops=3)
                                                                                                                                 Hash Cond: (mi.movie_id = t.id)
                                                                                                                                 ->  Parallel Seq Scan on movie_info mi  (cost=0.00..239253.38 rows=227791 width=8) (actual time=139.566..1380.687 rows=129228 loops=3)
                                                                                                                                       Filter: ((info)::text ~~ 'USA:%200%'::text)
                                                                                                                                       Rows Removed by Filter: 4816012
                                                                                                                                 ->  Parallel Hash  (cost=102685.39..102685.39 rows=2 width=29) (actual time=693.745..693.745 rows=45 loops=3)
                                                                                                                                       Buckets: 1024  Batches: 1  Memory Usage: 40kB
                                                                                                                                       ->  Parallel Hash Join  (cost=54433.62..102685.39 rows=2 width=29) (actual time=657.640..693.664 rows=45 loops=3)
                                                                                                                                             Hash Cond: (mk.movie_id = t.id)
                                                                                                                                             ->  Parallel Seq Scan on movie_keyword mk  (cost=0.00..43303.71 rows=1884971 width=8) (actual time=0.011..250.022 rows=1507977 loops=3)
                                                                                                                                             ->  Parallel Hash  (cost=54433.61..54433.61 rows=1 width=21) (actual time=263.274..263.274 rows=1 loops=3)
                                                                                                                                                   Buckets: 1024  Batches: 1  Memory Usage: 72kB
                                                                                                                                                   ->  Parallel Seq Scan on title t  (cost=0.00..54433.61 rows=1 width=21) (actual time=243.353..263.179 rows=1 loops=3)
                                                                                                                                                         Filter: ((production_year >= 2000) AND (production_year <= 2005) AND ((title)::text = 'Shrek 2'::text))
                                                                                                                                                         Rows Removed by Filter: 842770
                                                                                                                           ->  Hash  (cost=2.41..2.41 rows=1 width=4) (actual time=0.062..0.062 rows=1 loops=3)
                                                                                                                                 Buckets: 1024  Batches: 1  Memory Usage: 9kB
                                                                                                                                 ->  Seq Scan on info_type it  (cost=0.00..2.41 rows=1 width=4) (actual time=0.038..0.049 rows=1 loops=3)
                                                                                                                                       Filter: ((info)::text = 'release dates'::text)
                                                                                                                                       Rows Removed by Filter: 112
                                                                     ->  Parallel Hash  (cost=52803.93..52803.93 rows=1 width=20) (actual time=257.661..257.661 rows=0 loops=3)
                                                                           Buckets: 1024  Batches: 1  Memory Usage: 40kB
                                                                           ->  Parallel Seq Scan on char_name chn  (cost=0.00..52803.93 rows=1 width=20) (actual time=176.694..257.632 rows=0 loops=3)
                                                                                 Filter: ((name)::text = 'Queen'::text)
                                                                                 Rows Removed by Filter: 1046779
                                                   ->  Hash  (cost=1.15..1.15 rows=1 width=4) (actual time=0.054..0.054 rows=1 loops=3)
                                                         Buckets: 1024  Batches: 1  Memory Usage: 9kB
                                                         ->  Seq Scan on role_type rt  (cost=0.00..1.15 rows=1 width=4) (actual time=0.037..0.039 rows=1 loops=3)
                                                               Filter: ((role)::text = 'actress'::text)
                                                               Rows Removed by Filter: 11
                                             ->  Hash  (cost=2626.12..2626.12 rows=1 width=4) (actual time=21.921..21.922 rows=1 loops=3)
                                                   Buckets: 1024  Batches: 1  Memory Usage: 9kB
                                                   ->  Seq Scan on keyword k  (cost=0.00..2626.12 rows=1 width=4) (actual time=0.109..21.899 rows=1 loops=3)
                                                         Filter: ((keyword)::text = 'computer-animation'::text)
                                                         Rows Removed by Filter: 134169
                     ->  Hash  (cost=2081.86..2081.86 rows=135086 width=12) (actual time=68.536..68.536 rows=135086 loops=1)
                           Buckets: 131072  Batches: 4  Memory Usage: 2471kB
                           ->  Seq Scan on complete_cast cc  (cost=0.00..2081.86 rows=135086 width=12) (actual time=0.012..27.167 rows=135086 loops=1)
               ->  Hash  (cost=1.05..1.05 rows=1 width=4) (actual time=0.021..0.021 rows=1 loops=1)
                     Buckets: 1024  Batches: 1  Memory Usage: 9kB
                     ->  Seq Scan on comp_cast_type cct2  (cost=0.00..1.05 rows=1 width=4) (actual time=0.008..0.009 rows=1 loops=1)
                           Filter: ((kind)::text = 'complete+verified'::text)
                           Rows Removed by Filter: 3
         ->  Hash  (cost=1.05..1.05 rows=1 width=4) (actual time=0.035..0.035 rows=1 loops=1)
               Buckets: 1024  Batches: 1  Memory Usage: 9kB
               ->  Seq Scan on comp_cast_type cct1  (cost=0.00..1.05 rows=1 width=4) (actual time=0.013..0.015 rows=1 loops=1)
                     Filter: ((kind)::text = 'cast'::text)
                     Rows Removed by Filter: 3
 Planning Time: 146.301 ms
 Execution Time: 7009.373 ms
(111 rows)

execute /home/pei/Project/benchmarks/imdb_job-postgres/skinner_explained/29c.sql_explained.sql
SET
SET
                                                                                                                               QUERY PLAN                                                                                                                                
-------------------------------------------------------------------------------------------------------------------------------------------------------------------------------------------------------------------------------------------------------------------------
 Aggregate  (cost=1104796.41..1104796.42 rows=1 width=96) (actual time=8083.014..8083.014 rows=1 loops=1)
   ->  Hash Join  (cost=849233.65..1104796.40 rows=1 width=48) (actual time=7011.157..8077.570 rows=16308 loops=1)
         Hash Cond: (mi.info_type_id = it.id)
         ->  Hash Join  (cost=849231.22..1104793.97 rows=1 width=52) (actual time=7011.062..8073.542 rows=16308 loops=1)
               Hash Cond: (ci.role_id = rt.id)
               ->  Hash Join  (cost=849230.06..1104792.80 rows=1 width=56) (actual time=7010.987..8069.581 rows=16308 loops=1)
                     Hash Cond: (cc.status_id = cct2.id)
                     ->  Hash Join  (cost=849229.00..1104791.74 rows=1 width=60) (actual time=7010.899..8064.518 rows=28022 loops=1)
                           Hash Cond: (cc.subject_id = cct1.id)
                           ->  Gather  (cost=849227.94..1104790.67 rows=1 width=64) (actual time=7010.828..8063.322 rows=28022 loops=1)
                                 Workers Planned: 2
                                 Workers Launched: 2
                                 ->  Parallel Hash Join  (cost=848227.94..1103790.57 rows=1 width=64) (actual time=7005.484..8036.111 rows=9341 loops=3)
                                       Hash Cond: (mi.movie_id = t.id)
                                       ->  Parallel Seq Scan on movie_info mi  (cost=0.00..254707.25 rows=228101 width=8) (actual time=177.881..1702.906 rows=150368 loops=3)
                                             Filter: ((info IS NOT NULL) AND (((info)::text ~~ 'Japan:%200%'::text) OR ((info)::text ~~ 'USA:%200%'::text)))
                                             Rows Removed by Filter: 4794872
                                       ->  Parallel Hash  (cost=848227.92..848227.92 rows=1 width=80) (actual time=6311.752..6311.752 rows=3288 loops=3)
                                             Buckets: 16384 (originally 1024)  Batches: 1 (originally 1)  Memory Usage: 1304kB
                                             ->  Parallel Hash Join  (cost=793788.39..848227.92 rows=1 width=80) (actual time=5659.263..5949.245 rows=3288 loops=3)
                                                   Hash Cond: (chn.id = ci.person_role_id)
                                                   ->  Parallel Seq Scan on char_name chn  (cost=0.00..49532.75 rows=1308475 width=20) (actual time=0.052..234.608 rows=1046780 loops=3)
                                                   ->  Parallel Hash  (cost=793788.37..793788.37 rows=1 width=68) (actual time=5577.365..5577.365 rows=3428 loops=3)
                                                         Buckets: 16384 (originally 1024)  Batches: 1 (originally 1)  Memory Usage: 1240kB
                                                         ->  Parallel Hash Join  (cost=777228.20..793788.37 rows=1 width=68) (actual time=5370.636..5462.181 rows=3428 loops=3)
                                                               Hash Cond: (n.id = ci.person_id)
                                                               ->  Parallel Hash Join  (cost=148593.14..165153.19 rows=28 width=27) (actual time=1183.500..1296.398 rows=5368 loops=3)
                                                                     Hash Cond: (an.person_id = n.id)
                                                                     ->  Parallel Seq Scan on aka_name an  (cost=0.00..15151.60 rows=375560 width=4) (actual time=0.021..69.966 rows=300448 loops=3)
                                                                     ->  Parallel Hash  (cost=148591.56..148591.56 rows=126 width=23) (actual time=1182.294..1182.294 rows=3355 loops=3)
                                                                           Buckets: 16384 (originally 1024)  Batches: 1 (originally 1)  Memory Usage: 888kB
                                                                           ->  Hash Join  (cost=81912.66..148591.56 rows=126 width=23) (actual time=541.101..997.001 rows=3355 loops=3)
                                                                                 Hash Cond: (pi.info_type_id = it3.id)
                                                                                 ->  Parallel Hash Join  (cost=81910.23..148550.34 rows=14247 width=27) (actual time=540.104..994.218 rows=15416 loops=3)
                                                                                       Hash Cond: (pi.person_id = n.id)
                                                                                       ->  Parallel Seq Scan on person_info pi  (cost=0.00..63398.60 rows=1234860 width=8) (actual time=0.028..299.835 rows=987888 loops=3)
                                                                                       ->  Parallel Hash  (cost=81659.82..81659.82 rows=20033 width=19) (actual time=539.231..539.231 rows=16670 loops=3)
                                                                                             Buckets: 65536  Batches: 1  Memory Usage: 3296kB
                                                                                             ->  Parallel Seq Scan on name n  (cost=0.00..81659.82 rows=20033 width=19) (actual time=220.436..526.008 rows=16670 loops=3)
                                                                                                   Filter: (((name)::text ~~ '%An%'::text) AND ((gender)::text = 'f'::text))
                                                                                                   Rows Removed by Filter: 1372493
                                                                                 ->  Hash  (cost=2.41..2.41 rows=1 width=4) (actual time=0.065..0.065 rows=1 loops=3)
                                                                                       Buckets: 1024  Batches: 1  Memory Usage: 9kB
                                                                                       ->  Seq Scan on info_type it3  (cost=0.00..2.41 rows=1 width=4) (actual time=0.043..0.054 rows=1 loops=3)
                                                                                             Filter: ((info)::text = 'trivia'::text)
                                                                                             Rows Removed by Filter: 112
                                                               ->  Parallel Hash  (cost=628635.05..628635.05 rows=1 width=57) (actual time=4163.915..4163.915 rows=3451 loops=3)
                                                                     Buckets: 16384 (originally 1024)  Batches: 1 (originally 1)  Memory Usage: 1240kB
                                                                     ->  Parallel Hash Join  (cost=148044.74..628635.05 rows=1 width=57) (actual time=1161.334..4009.700 rows=3451 loops=3)
                                                                           Hash Cond: (ci.movie_id = t.id)
                                                                           ->  Parallel Seq Scan on cast_info ci  (cost=0.00..479214.15 rows=366974 width=16) (actual time=0.088..2810.239 rows=289159 loops=3)
                                                                                 Filter: ((note)::text = ANY ('{(voice),"(voice: Japanese version)","(voice) (uncredited)","(voice: English version)"}'::text[]))
                                                                                 Rows Removed by Filter: 11792289
                                                                           ->  Parallel Hash  (cost=148044.70..148044.70 rows=3 width=41) (actual time=1158.757..1158.757 rows=105 loops=3)
                                                                                 Buckets: 1024  Batches: 1  Memory Usage: 104kB
                                                                                 ->  Parallel Hash Join  (cost=94621.37..148044.70 rows=3 width=41) (actual time=1061.739..1158.619 rows=105 loops=3)
                                                                                       Hash Cond: (t.id = mc.movie_id)
                                                                                       ->  Parallel Seq Scan on title t  (cost=0.00..51799.95 rows=432897 width=21) (actual time=0.030..278.608 rows=347600 loops=3)
                                                                                             Filter: ((production_year >= 2000) AND (production_year <= 2010))
                                                                                             Rows Removed by Filter: 495171
                                                                                       ->  Parallel Hash  (cost=94621.24..94621.24 rows=10 width=20) (actual time=840.627..840.627 rows=144 loops=3)
                                                                                             Buckets: 1024  Batches: 1  Memory Usage: 104kB
                                                                                             ->  Parallel Hash Join  (cost=89709.93..94621.24 rows=10 width=20) (actual time=816.367..840.489 rows=144 loops=3)
                                                                                                   Hash Cond: (cn.id = mc.company_id)
                                                                                                   ->  Parallel Seq Scan on company_name cn  (cost=0.00..4722.92 rows=50229 width=4) (actual time=0.012..20.956 rows=28281 loops=3)
                                                                                                         Filter: ((country_code)::text = '[us]'::text)
                                                                                                         Rows Removed by Filter: 50051
                                                                                                   ->  Parallel Hash  (cost=89709.68..89709.68 rows=20 width=24) (actual time=815.897..815.897 rows=589 loops=3)
                                                                                                         Buckets: 2048 (originally 1024)  Batches: 1 (originally 1)  Memory Usage: 184kB
                                                                                                         ->  Hash Join  (cost=55308.66..89709.68 rows=20 width=24) (actual time=585.729..815.034 rows=589 loops=3)
                                                                                                               Hash Cond: (mc.movie_id = cc.movie_id)
                                                                                                               ->  Parallel Hash Join  (cost=50878.23..84616.67 rows=74 width=12) (actual time=463.366..728.958 rows=1073 loops=3)
                                                                                                                     Hash Cond: (mc.movie_id = mk.movie_id)
                                                                                                                     ->  Parallel Seq Scan on movie_companies mc  (cost=0.00..29661.37 rows=1087137 width=8) (actual time=0.033..157.950 rows=869710 loops=3)
                                                                                                                     ->  Parallel Hash  (cost=50878.05..50878.05 rows=14 width=4) (actual time=458.295..458.295 rows=138 loops=3)
                                                                                                                           Buckets: 1024  Batches: 1  Memory Usage: 104kB
                                                                                                                           ->  Hash Join  (cost=2626.14..50878.05 rows=14 width=4) (actual time=27.506..458.096 rows=138 loops=3)
                                                                                                                                 Hash Cond: (mk.keyword_id = k.id)
                                                                                                                                 ->  Parallel Seq Scan on movie_keyword mk  (cost=0.00..43303.71 rows=1884971 width=8) (actual time=0.032..253.438 rows=1507977 loops=3)
                                                                                                                                 ->  Hash  (cost=2626.12..2626.12 rows=1 width=4) (actual time=21.795..21.795 rows=1 loops=3)
                                                                                                                                       Buckets: 1024  Batches: 1  Memory Usage: 9kB
                                                                                                                                       ->  Seq Scan on keyword k  (cost=0.00..2626.12 rows=1 width=4) (actual time=0.109..21.785 rows=1 loops=3)
                                                                                                                                             Filter: ((keyword)::text = 'computer-animation'::text)
                                                                                                                                             Rows Removed by Filter: 134169
                                                                                                               ->  Hash  (cost=2081.86..2081.86 rows=135086 width=12) (actual time=68.101..68.101 rows=135086 loops=3)
                                                                                                                     Buckets: 131072  Batches: 4  Memory Usage: 2471kB
                                                                                                                     ->  Seq Scan on complete_cast cc  (cost=0.00..2081.86 rows=135086 width=12) (actual time=0.036..26.619 rows=135086 loops=3)
                           ->  Hash  (cost=1.05..1.05 rows=1 width=4) (actual time=0.019..0.019 rows=1 loops=1)
                                 Buckets: 1024  Batches: 1  Memory Usage: 9kB
                                 ->  Seq Scan on comp_cast_type cct1  (cost=0.00..1.05 rows=1 width=4) (actual time=0.008..0.010 rows=1 loops=1)
                                       Filter: ((kind)::text = 'cast'::text)
                                       Rows Removed by Filter: 3
                     ->  Hash  (cost=1.05..1.05 rows=1 width=4) (actual time=0.028..0.028 rows=1 loops=1)
                           Buckets: 1024  Batches: 1  Memory Usage: 9kB
                           ->  Seq Scan on comp_cast_type cct2  (cost=0.00..1.05 rows=1 width=4) (actual time=0.018..0.019 rows=1 loops=1)
                                 Filter: ((kind)::text = 'complete+verified'::text)
                                 Rows Removed by Filter: 3
               ->  Hash  (cost=1.15..1.15 rows=1 width=4) (actual time=0.023..0.023 rows=1 loops=1)
                     Buckets: 1024  Batches: 1  Memory Usage: 9kB
                     ->  Seq Scan on role_type rt  (cost=0.00..1.15 rows=1 width=4) (actual time=0.011..0.014 rows=1 loops=1)
                           Filter: ((role)::text = 'actress'::text)
                           Rows Removed by Filter: 11
         ->  Hash  (cost=2.41..2.41 rows=1 width=4) (actual time=0.036..0.036 rows=1 loops=1)
               Buckets: 1024  Batches: 1  Memory Usage: 9kB
               ->  Seq Scan on info_type it  (cost=0.00..2.41 rows=1 width=4) (actual time=0.014..0.025 rows=1 loops=1)
                     Filter: ((info)::text = 'release dates'::text)
                     Rows Removed by Filter: 112
 Planning Time: 147.276 ms
 Execution Time: 8091.415 ms
(109 rows)

execute /home/pei/Project/benchmarks/imdb_job-postgres/skinner_explained/2a.sql_explained.sql
SET
SET
                                                                                     QUERY PLAN                                                                                      
-------------------------------------------------------------------------------------------------------------------------------------------------------------------------------------
 Finalize Aggregate  (cost=139838.09..139838.10 rows=1 width=32) (actual time=1283.521..1283.521 rows=1 loops=1)
   ->  Gather  (cost=139837.88..139838.09 rows=2 width=32) (actual time=1282.841..1289.541 rows=3 loops=1)
         Workers Planned: 2
         Workers Launched: 2
         ->  Partial Aggregate  (cost=138837.88..138837.89 rows=1 width=32) (actual time=1276.245..1276.245 rows=1 loops=3)
               ->  Parallel Hash Join  (cost=88354.74..138837.87 rows=3 width=17) (actual time=916.017..1274.802 rows=2611 loops=3)
                     Hash Cond: (t.id = mc.movie_id)
                     ->  Parallel Seq Scan on title t  (cost=0.00..46532.63 rows=1053463 width=21) (actual time=0.027..232.377 rows=842771 loops=3)
                     ->  Parallel Hash  (cost=88354.70..88354.70 rows=3 width=8) (actual time=912.803..912.803 rows=2611 loops=3)
                           Buckets: 8192 (originally 1024)  Batches: 1 (originally 1)  Memory Usage: 472kB
                           ->  Parallel Hash Join  (cost=55672.11..88354.70 rows=3 width=8) (actual time=531.704..830.873 rows=2611 loops=3)
                                 Hash Cond: (mc.movie_id = mk.movie_id)
                                 ->  Parallel Hash Join  (cost=4793.88..37309.04 rows=44647 width=4) (actual time=23.616..314.428 rows=49377 loops=3)
                                       Hash Cond: (mc.company_id = cn.id)
                                       ->  Parallel Seq Scan on movie_companies mc  (cost=0.00..29661.37 rows=1087137 width=8) (actual time=0.038..157.773 rows=869710 loops=3)
                                       ->  Parallel Hash  (cost=4722.92..4722.92 rows=5677 width=4) (actual time=23.388..23.388 rows=3258 loops=3)
                                             Buckets: 16384  Batches: 1  Memory Usage: 576kB
                                             ->  Parallel Seq Scan on company_name cn  (cost=0.00..4722.92 rows=5677 width=4) (actual time=0.034..21.393 rows=3258 loops=3)
                                                   Filter: ((country_code)::text = '[de]'::text)
                                                   Rows Removed by Filter: 75074
                                 ->  Parallel Hash  (cost=50878.05..50878.05 rows=14 width=4) (actual time=507.162..507.163 rows=13947 loops=3)
                                       Buckets: 65536 (originally 1024)  Batches: 1 (originally 1)  Memory Usage: 2680kB
                                       ->  Hash Join  (cost=2626.14..50878.05 rows=14 width=4) (actual time=22.015..461.741 rows=13947 loops=3)
                                             Hash Cond: (mk.keyword_id = k.id)
                                             ->  Parallel Seq Scan on movie_keyword mk  (cost=0.00..43303.71 rows=1884971 width=8) (actual time=0.032..253.173 rows=1507977 loops=3)
                                             ->  Hash  (cost=2626.12..2626.12 rows=1 width=4) (actual time=21.869..21.869 rows=1 loops=3)
                                                   Buckets: 1024  Batches: 1  Memory Usage: 9kB
                                                   ->  Seq Scan on keyword k  (cost=0.00..2626.12 rows=1 width=4) (actual time=1.082..21.845 rows=1 loops=3)
                                                         Filter: ((keyword)::text = 'character-name-in-title'::text)
                                                         Rows Removed by Filter: 134169
 Planning Time: 4.190 ms
 Execution Time: 1289.976 ms
(32 rows)

execute /home/pei/Project/benchmarks/imdb_job-postgres/skinner_explained/2b.sql_explained.sql
SET
SET
                                                                                  QUERY PLAN                                                                                   
-------------------------------------------------------------------------------------------------------------------------------------------------------------------------------
 Aggregate  (cost=139653.63..139653.64 rows=1 width=32) (actual time=1224.313..1224.313 rows=1 loops=1)
   ->  Gather  (cost=89170.30..139653.63 rows=2 width=17) (actual time=863.939..1228.470 rows=5228 loops=1)
         Workers Planned: 2
         Workers Launched: 2
         ->  Parallel Hash Join  (cost=88170.30..138653.43 rows=1 width=17) (actual time=859.034..1215.306 rows=1743 loops=3)
               Hash Cond: (t.id = mc.movie_id)
               ->  Parallel Seq Scan on title t  (cost=0.00..46532.63 rows=1053463 width=21) (actual time=0.019..229.761 rows=842771 loops=3)
               ->  Parallel Hash  (cost=88170.28..88170.28 rows=1 width=8) (actual time=855.528..855.528 rows=1743 loops=3)
                     Buckets: 4096 (originally 1024)  Batches: 1 (originally 1)  Memory Usage: 280kB
                     ->  Parallel Hash Join  (cost=55617.21..88170.28 rows=1 width=8) (actual time=536.232..823.144 rows=1743 loops=3)
                           Hash Cond: (mc.movie_id = mk.movie_id)
                           ->  Parallel Hash Join  (cost=4738.98..37254.14 rows=10108 width=4) (actual time=21.755..305.283 rows=18803 loops=3)
                                 Hash Cond: (mc.company_id = cn.id)
                                 ->  Parallel Seq Scan on movie_companies mc  (cost=0.00..29661.37 rows=1087137 width=8) (actual time=0.030..157.485 rows=869710 loops=3)
                                 ->  Parallel Hash  (cost=4722.92..4722.92 rows=1285 width=4) (actual time=21.617..21.617 rows=780 loops=3)
                                       Buckets: 4096  Batches: 1  Memory Usage: 128kB
                                       ->  Parallel Seq Scan on company_name cn  (cost=0.00..4722.92 rows=1285 width=4) (actual time=0.026..21.001 rows=780 loops=3)
                                             Filter: ((country_code)::text = '[nl]'::text)
                                             Rows Removed by Filter: 77552
                           ->  Parallel Hash  (cost=50878.05..50878.05 rows=14 width=4) (actual time=513.272..513.272 rows=13947 loops=3)
                                 Buckets: 65536 (originally 1024)  Batches: 1 (originally 1)  Memory Usage: 2680kB
                                 ->  Hash Join  (cost=2626.14..50878.05 rows=14 width=4) (actual time=22.022..460.545 rows=13947 loops=3)
                                       Hash Cond: (mk.keyword_id = k.id)
                                       ->  Parallel Seq Scan on movie_keyword mk  (cost=0.00..43303.71 rows=1884971 width=8) (actual time=0.043..252.075 rows=1507977 loops=3)
                                       ->  Hash  (cost=2626.12..2626.12 rows=1 width=4) (actual time=21.830..21.830 rows=1 loops=3)
                                             Buckets: 1024  Batches: 1  Memory Usage: 9kB
                                             ->  Seq Scan on keyword k  (cost=0.00..2626.12 rows=1 width=4) (actual time=1.074..21.810 rows=1 loops=3)
                                                   Filter: ((keyword)::text = 'character-name-in-title'::text)
                                                   Rows Removed by Filter: 134169
 Planning Time: 4.294 ms
 Execution Time: 1230.645 ms
(31 rows)

execute /home/pei/Project/benchmarks/imdb_job-postgres/skinner_explained/2c.sql_explained.sql
SET
SET
                                                                                  QUERY PLAN                                                                                   
-------------------------------------------------------------------------------------------------------------------------------------------------------------------------------
 Aggregate  (cost=139600.06..139600.07 rows=1 width=32) (actual time=814.772..814.772 rows=1 loops=1)
   ->  Gather  (cost=89116.82..139600.05 rows=1 width=17) (actual time=814.767..820.160 rows=0 loops=1)
         Workers Planned: 2
         Workers Launched: 2
         ->  Parallel Hash Join  (cost=88116.82..138599.95 rows=1 width=17) (actual time=808.052..808.052 rows=0 loops=3)
               Hash Cond: (t.id = mc.movie_id)
               ->  Parallel Seq Scan on title t  (cost=0.00..46532.63 rows=1053463 width=21) (never executed)
               ->  Parallel Hash  (cost=88116.81..88116.81 rows=1 width=8) (actual time=807.461..807.461 rows=0 loops=3)
                     Buckets: 1024  Batches: 1  Memory Usage: 0kB
                     ->  Parallel Hash Join  (cost=55601.29..88116.81 rows=1 width=8) (actual time=807.325..807.325 rows=0 loops=3)
                           Hash Cond: (mc.movie_id = mk.movie_id)
                           ->  Parallel Hash Join  (cost=4723.07..37238.23 rows=92 width=4) (actual time=231.667..285.185 rows=1 loops=3)
                                 Hash Cond: (mc.company_id = cn.id)
                                 ->  Parallel Seq Scan on movie_companies mc  (cost=0.00..29661.37 rows=1087137 width=8) (actual time=0.731..155.608 rows=869710 loops=3)
                                 ->  Parallel Hash  (cost=4722.92..4722.92 rows=12 width=4) (actual time=20.527..20.527 rows=0 loops=3)
                                       Buckets: 1024  Batches: 1  Memory Usage: 40kB
                                       ->  Parallel Seq Scan on company_name cn  (cost=0.00..4722.92 rows=12 width=4) (actual time=14.989..20.496 rows=0 loops=3)
                                             Filter: ((country_code)::text = '[sm]'::text)
                                             Rows Removed by Filter: 78332
                           ->  Parallel Hash  (cost=50878.05..50878.05 rows=14 width=4) (actual time=522.047..522.047 rows=13947 loops=3)
                                 Buckets: 65536 (originally 1024)  Batches: 1 (originally 1)  Memory Usage: 2680kB
                                 ->  Hash Join  (cost=2626.14..50878.05 rows=14 width=4) (actual time=21.798..459.043 rows=13947 loops=3)
                                       Hash Cond: (mk.keyword_id = k.id)
                                       ->  Parallel Seq Scan on movie_keyword mk  (cost=0.00..43303.71 rows=1884971 width=8) (actual time=0.037..250.945 rows=1507977 loops=3)
                                       ->  Hash  (cost=2626.12..2626.12 rows=1 width=4) (actual time=21.639..21.640 rows=1 loops=3)
                                             Buckets: 1024  Batches: 1  Memory Usage: 9kB
                                             ->  Seq Scan on keyword k  (cost=0.00..2626.12 rows=1 width=4) (actual time=1.071..21.619 rows=1 loops=3)
                                                   Filter: ((keyword)::text = 'character-name-in-title'::text)
                                                   Rows Removed by Filter: 134169
 Planning Time: 4.298 ms
 Execution Time: 820.557 ms
(31 rows)

execute /home/pei/Project/benchmarks/imdb_job-postgres/skinner_explained/2d.sql_explained.sql
SET
SET
                                                                                        QUERY PLAN                                                                                         
-------------------------------------------------------------------------------------------------------------------------------------------------------------------------------------------
 Finalize Aggregate  (cost=141451.03..141451.04 rows=1 width=32) (actual time=1351.019..1351.019 rows=1 loops=1)
   ->  Gather  (cost=141450.82..141451.03 rows=2 width=32) (actual time=1349.581..1356.552 rows=3 loops=1)
         Workers Planned: 2
         Workers Launched: 2
         ->  Partial Aggregate  (cost=140450.82..140450.83 rows=1 width=32) (actual time=1343.266..1343.266 rows=1 loops=3)
               ->  Parallel Hash Join  (cost=106712.36..140450.75 rows=27 width=17) (actual time=1019.029..1336.598 rows=22772 loops=3)
                     Hash Cond: (mc.company_id = cn.id)
                     ->  Parallel Hash Join  (cost=101361.58..135099.77 rows=74 width=21) (actual time=977.330..1280.698 rows=49517 loops=3)
                           Hash Cond: (mc.movie_id = t.id)
                           ->  Parallel Seq Scan on movie_companies mc  (cost=0.00..29661.37 rows=1087137 width=8) (actual time=0.030..159.494 rows=869710 loops=3)
                           ->  Parallel Hash  (cost=101361.41..101361.41 rows=14 width=25) (actual time=977.005..977.005 rows=13947 loops=3)
                                 Buckets: 65536 (originally 1024)  Batches: 1 (originally 1)  Memory Usage: 3800kB
                                 ->  Parallel Hash Join  (cost=50878.23..101361.41 rows=14 width=25) (actual time=533.282..901.576 rows=13947 loops=3)
                                       Hash Cond: (t.id = mk.movie_id)
                                       ->  Parallel Seq Scan on title t  (cost=0.00..46532.63 rows=1053463 width=21) (actual time=0.012..229.092 rows=842771 loops=3)
                                       ->  Parallel Hash  (cost=50878.05..50878.05 rows=14 width=4) (actual time=533.082..533.082 rows=13947 loops=3)
                                             Buckets: 65536 (originally 1024)  Batches: 1 (originally 1)  Memory Usage: 2680kB
                                             ->  Hash Join  (cost=2626.14..50878.05 rows=14 width=4) (actual time=21.640..464.080 rows=13947 loops=3)
                                                   Hash Cond: (mk.keyword_id = k.id)
                                                   ->  Parallel Seq Scan on movie_keyword mk  (cost=0.00..43303.71 rows=1884971 width=8) (actual time=0.042..256.221 rows=1507977 loops=3)
                                                   ->  Hash  (cost=2626.12..2626.12 rows=1 width=4) (actual time=21.493..21.494 rows=1 loops=3)
                                                         Buckets: 1024  Batches: 1  Memory Usage: 9kB
                                                         ->  Seq Scan on keyword k  (cost=0.00..2626.12 rows=1 width=4) (actual time=0.917..21.474 rows=1 loops=3)
                                                               Filter: ((keyword)::text = 'character-name-in-title'::text)
                                                               Rows Removed by Filter: 134169
                     ->  Parallel Hash  (cost=4722.92..4722.92 rows=50229 width=4) (actual time=40.210..40.210 rows=28281 loops=3)
                           Buckets: 131072  Batches: 1  Memory Usage: 4384kB
                           ->  Parallel Seq Scan on company_name cn  (cost=0.00..4722.92 rows=50229 width=4) (actual time=0.038..25.699 rows=28281 loops=3)
                                 Filter: ((country_code)::text = '[us]'::text)
                                 Rows Removed by Filter: 50051
 Planning Time: 4.162 ms
 Execution Time: 1357.000 ms
(32 rows)

execute /home/pei/Project/benchmarks/imdb_job-postgres/skinner_explained/30a.sql_explained.sql
SET
SET
                                                                                                                   QUERY PLAN                                                                                                                    
-------------------------------------------------------------------------------------------------------------------------------------------------------------------------------------------------------------------------------------------------
 Aggregate  (cost=944426.03..944426.04 rows=1 width=128) (actual time=6150.481..6150.481 rows=1 loops=1)
   ->  Hash Join  (cost=927922.43..944426.02 rows=1 width=80) (actual time=6037.287..6149.977 rows=757 loops=1)
         Hash Cond: (cc.subject_id = cct1.id)
         ->  Hash Join  (cost=927921.36..944424.94 rows=1 width=84) (actual time=6037.200..6149.687 rows=757 loops=1)
               Hash Cond: (cc.status_id = cct2.id)
               ->  Hash Join  (cost=927920.30..944423.88 rows=1 width=88) (actual time=6037.122..6149.227 rows=2492 loops=1)
                     Hash Cond: (t.id = cc.movie_id)
                     ->  Hash Join  (cost=923489.86..939331.43 rows=1 width=100) (actual time=5938.650..6057.933 rows=6214 loops=1)
                           Hash Cond: (mi_idx.info_type_id = it2.id)
                           ->  Gather  (cost=923487.44..939329.00 rows=1 width=104) (actual time=5938.509..6055.882 rows=18687 loops=1)
                                 Workers Planned: 2
                                 Workers Launched: 2
                                 ->  Parallel Hash Join  (cost=922487.44..938328.90 rows=1 width=104) (actual time=5918.185..6045.409 rows=6229 loops=3)
                                       Hash Cond: (mi_idx.movie_id = t.id)
                                       ->  Parallel Seq Scan on movie_info_idx mi_idx  (cost=0.00..13685.15 rows=575015 width=13) (actual time=0.029..76.892 rows=460012 loops=3)
                                       ->  Parallel Hash  (cost=922487.42..922487.42 rows=1 width=91) (actual time=5902.764..5902.764 rows=2263 loops=3)
                                             Buckets: 8192 (originally 1024)  Batches: 1 (originally 1)  Memory Usage: 760kB
                                             ->  Parallel Hash Join  (cost=842460.08..922487.42 rows=1 width=91) (actual time=5348.887..5867.415 rows=2263 loops=3)
                                                   Hash Cond: (n.id = ci.person_id)
                                                   ->  Parallel Seq Scan on name n  (cost=0.00..77318.68 rows=722307 width=19) (actual time=0.042..450.260 rows=579860 loops=3)
                                                         Filter: ((gender)::text = 'm'::text)
                                                         Rows Removed by Filter: 809304
                                                   ->  Parallel Hash  (cost=842460.07..842460.07 rows=1 width=80) (actual time=5348.031..5348.031 rows=3573 loops=3)
                                                         Buckets: 16384 (originally 1024)  Batches: 1 (originally 1)  Memory Usage: 1176kB
                                                         ->  Parallel Hash Join  (cost=342439.39..842460.07 rows=1 width=80) (actual time=4183.422..5297.635 rows=3573 loops=3)
                                                               Hash Cond: (ci.movie_id = t.id)
                                                               ->  Parallel Seq Scan on cast_info ci  (cost=0.00..498091.41 rows=514468 width=8) (actual time=172.181..2857.026 rows=414905 loops=3)
                                                                     Filter: ((note)::text = ANY ('{(writer),"(head writer)","(written by)",(story),"(story editor)"}'::text[]))
                                                                     Rows Removed by Filter: 11666543
                                                               ->  Parallel Hash  (cost=342439.38..342439.38 rows=1 width=72) (actual time=2381.475..2381.475 rows=5468 loops=3)
                                                                     Buckets: 16384 (originally 1024)  Batches: 1 (originally 1)  Memory Usage: 1496kB
                                                                     ->  Parallel Hash Join  (cost=291113.75..342439.38 rows=1 width=72) (actual time=2030.482..2364.308 rows=5468 loops=3)
                                                                           Hash Cond: (t.id = mi.movie_id)
                                                                           ->  Parallel Seq Scan on title t  (cost=0.00..49166.29 rows=575821 width=21) (actual time=0.034..275.864 rows=460484 loops=3)
                                                                                 Filter: (production_year > 2000)
                                                                                 Rows Removed by Filter: 382286
                                                                           ->  Parallel Hash  (cost=291113.73..291113.73 rows=1 width=51) (actual time=2026.682..2026.682 rows=11309 loops=3)
                                                                                 Buckets: 65536 (originally 1024)  Batches: 1 (originally 1)  Memory Usage: 2808kB
                                                                                 ->  Hash Join  (cost=51720.34..291113.73 rows=1 width=51) (actual time=1836.347..1989.169 rows=11309 loops=3)
                                                                                       Hash Cond: (mi.info_type_id = it1.id)
                                                                                       ->  Parallel Hash Join  (cost=51717.91..291111.24 rows=25 width=55) (actual time=1454.360..1985.695 rows=11907 loops=3)
                                                                                             Hash Cond: (mi.movie_id = mk.movie_id)
                                                                                             ->  Parallel Seq Scan on movie_info mi  (cost=0.00..239253.38 rows=37295 width=51) (actual time=886.538..1406.778 rows=24349 loops=3)
                                                                                                   Filter: ((info)::text = ANY ('{Horror,Thriller}'::text[]))
                                                                                                   Rows Removed by Filter: 4920891
                                                                                             ->  Parallel Hash  (cost=51716.69..51716.69 rows=98 width=4) (actual time=567.736..567.737 rows=25571 loops=3)
                                                                                                   Buckets: 131072 (originally 1024)  Batches: 1 (originally 1)  Memory Usage: 5080kB
                                                                                                   ->  Hash Join  (cost=3464.78..51716.69 rows=98 width=4) (actual time=40.951..485.122 rows=25571 loops=3)
                                                                                                         Hash Cond: (mk.keyword_id = k.id)
                                                                                                         ->  Parallel Seq Scan on movie_keyword mk  (cost=0.00..43303.71 rows=1884971 width=8) (actual time=0.034..250.994 rows=1507977 loops=3)
                                                                                                         ->  Hash  (cost=3464.69..3464.69 rows=7 width=4) (actual time=40.791..40.791 rows=7 loops=3)
                                                                                                               Buckets: 1024  Batches: 1  Memory Usage: 9kB
                                                                                                               ->  Seq Scan on keyword k  (cost=0.00..3464.69 rows=7 width=4) (actual time=1.251..40.776 rows=7 loops=3)
                                                                                                                     Filter: ((keyword)::text = ANY ('{murder,violence,blood,gore,death,female-nudity,hospital}'::text[]))
                                                                                                                     Rows Removed by Filter: 134163
                                                                                       ->  Hash  (cost=2.41..2.41 rows=1 width=4) (actual time=0.067..0.067 rows=1 loops=3)
                                                                                             Buckets: 1024  Batches: 1  Memory Usage: 9kB
                                                                                             ->  Seq Scan on info_type it1  (cost=0.00..2.41 rows=1 width=4) (actual time=0.034..0.046 rows=1 loops=3)
                                                                                                   Filter: ((info)::text = 'genres'::text)
                                                                                                   Rows Removed by Filter: 112
                           ->  Hash  (cost=2.41..2.41 rows=1 width=4) (actual time=0.049..0.049 rows=1 loops=1)
                                 Buckets: 1024  Batches: 1  Memory Usage: 9kB
                                 ->  Seq Scan on info_type it2  (cost=0.00..2.41 rows=1 width=4) (actual time=0.027..0.029 rows=1 loops=1)
                                       Filter: ((info)::text = 'votes'::text)
                                       Rows Removed by Filter: 112
                     ->  Hash  (cost=2081.86..2081.86 rows=135086 width=12) (actual time=68.996..68.996 rows=135086 loops=1)
                           Buckets: 131072  Batches: 4  Memory Usage: 2471kB
                           ->  Seq Scan on complete_cast cc  (cost=0.00..2081.86 rows=135086 width=12) (actual time=0.021..27.422 rows=135086 loops=1)
               ->  Hash  (cost=1.05..1.05 rows=1 width=4) (actual time=0.019..0.019 rows=1 loops=1)
                     Buckets: 1024  Batches: 1  Memory Usage: 9kB
                     ->  Seq Scan on comp_cast_type cct2  (cost=0.00..1.05 rows=1 width=4) (actual time=0.009..0.009 rows=1 loops=1)
                           Filter: ((kind)::text = 'complete+verified'::text)
                           Rows Removed by Filter: 3
         ->  Hash  (cost=1.05..1.05 rows=2 width=4) (actual time=0.028..0.028 rows=2 loops=1)
               Buckets: 1024  Batches: 1  Memory Usage: 9kB
               ->  Seq Scan on comp_cast_type cct1  (cost=0.00..1.05 rows=2 width=4) (actual time=0.012..0.015 rows=2 loops=1)
                     Filter: ((kind)::text = ANY ('{cast,crew}'::text[]))
                     Rows Removed by Filter: 2
 Planning Time: 92.346 ms
 Execution Time: 6153.702 ms
(80 rows)

execute /home/pei/Project/benchmarks/imdb_job-postgres/skinner_explained/30b.sql_explained.sql
SET
SET
                                                                                                                   QUERY PLAN                                                                                                                    
-------------------------------------------------------------------------------------------------------------------------------------------------------------------------------------------------------------------------------------------------
 Aggregate  (cost=950168.28..950168.29 rows=1 width=128) (actual time=6172.997..6172.997 rows=1 loops=1)
   ->  Hash Join  (cost=933664.68..950168.27 rows=1 width=80) (actual time=6113.027..6172.962 rows=28 loops=1)
         Hash Cond: (cc.subject_id = cct1.id)
         ->  Hash Join  (cost=933663.61..950167.19 rows=1 width=84) (actual time=6112.937..6172.863 rows=28 loops=1)
               Hash Cond: (cc.status_id = cct2.id)
               ->  Hash Join  (cost=933662.55..950166.13 rows=1 width=88) (actual time=6112.855..6172.764 rows=108 loops=1)
                     Hash Cond: (t.id = cc.movie_id)
                     ->  Hash Join  (cost=929232.11..945073.68 rows=1 width=100) (actual time=6042.219..6090.132 rows=108 loops=1)
                           Hash Cond: (mi_idx.info_type_id = it2.id)
                           ->  Gather  (cost=929229.69..945071.25 rows=1 width=104) (actual time=6042.092..6091.815 rows=324 loops=1)
                                 Workers Planned: 2
                                 Workers Launched: 2
                                 ->  Parallel Hash Join  (cost=928229.69..944071.15 rows=1 width=104) (actual time=6048.035..6082.151 rows=108 loops=3)
                                       Hash Cond: (mi_idx.movie_id = t.id)
                                       ->  Parallel Seq Scan on movie_info_idx mi_idx  (cost=0.00..13685.15 rows=575015 width=13) (actual time=0.036..75.053 rows=460012 loops=3)
                                       ->  Parallel Hash  (cost=928229.67..928229.67 rows=1 width=91) (actual time=5950.735..5950.735 rows=36 loops=3)
                                             Buckets: 1024  Batches: 1  Memory Usage: 104kB
                                             ->  Parallel Hash Join  (cost=871161.79..928229.67 rows=1 width=91) (actual time=5899.374..5950.460 rows=36 loops=3)
                                                   Hash Cond: (t.id = mi.movie_id)
                                                   ->  Parallel Seq Scan on title t  (cost=0.00..57067.27 rows=161 width=21) (actual time=3.363..361.036 rows=178 loops=3)
                                                         Filter: ((production_year > 2000) AND (((title)::text ~~ '%Freddy%'::text) OR ((title)::text ~~ '%Jason%'::text) OR ((title)::text ~~ 'Saw%'::text)))
                                                         Rows Removed by Filter: 842593
                                                   ->  Parallel Hash  (cost=871161.78..871161.78 rows=1 width=70) (actual time=5589.079..5589.079 rows=4543 loops=3)
                                                         Buckets: 16384 (originally 1024)  Batches: 1 (originally 1)  Memory Usage: 1272kB
                                                         ->  Parallel Hash Join  (cost=791134.44..871161.78 rows=1 width=70) (actual time=5038.330..5552.881 rows=4543 loops=3)
                                                               Hash Cond: (n.id = ci.person_id)
                                                               ->  Parallel Seq Scan on name n  (cost=0.00..77318.68 rows=722307 width=19) (actual time=0.049..441.259 rows=579860 loops=3)
                                                                     Filter: ((gender)::text = 'm'::text)
                                                                     Rows Removed by Filter: 809304
                                                               ->  Parallel Hash  (cost=791134.42..791134.42 rows=1 width=59) (actual time=5037.626..5037.626 rows=7458 loops=3)
                                                                     Buckets: 32768 (originally 1024)  Batches: 1 (originally 1)  Memory Usage: 1912kB
                                                                     ->  Parallel Hash Join  (cost=291113.75..791134.42 rows=1 width=59) (actual time=3850.200..4982.739 rows=7458 loops=3)
                                                                           Hash Cond: (ci.movie_id = mi.movie_id)
                                                                           ->  Parallel Seq Scan on cast_info ci  (cost=0.00..498091.41 rows=514468 width=8) (actual time=199.534..2895.541 rows=414905 loops=3)
                                                                                 Filter: ((note)::text = ANY ('{(writer),"(head writer)","(written by)",(story),"(story editor)"}'::text[]))
                                                                                 Rows Removed by Filter: 11666543
                                                                           ->  Parallel Hash  (cost=291113.73..291113.73 rows=1 width=51) (actual time=2026.035..2026.035 rows=11309 loops=3)
                                                                                 Buckets: 65536 (originally 1024)  Batches: 1 (originally 1)  Memory Usage: 2808kB
                                                                                 ->  Hash Join  (cost=51720.34..291113.73 rows=1 width=51) (actual time=1833.743..1986.975 rows=11309 loops=3)
                                                                                       Hash Cond: (mi.info_type_id = it1.id)
                                                                                       ->  Parallel Hash Join  (cost=51717.91..291111.24 rows=25 width=55) (actual time=1449.934..1983.449 rows=11907 loops=3)
                                                                                             Hash Cond: (mi.movie_id = mk.movie_id)
                                                                                             ->  Parallel Seq Scan on movie_info mi  (cost=0.00..239253.38 rows=37295 width=51) (actual time=887.845..1410.172 rows=24349 loops=3)
                                                                                                   Filter: ((info)::text = ANY ('{Horror,Thriller}'::text[]))
                                                                                                   Rows Removed by Filter: 4920891
                                                                                             ->  Parallel Hash  (cost=51716.69..51716.69 rows=98 width=4) (actual time=562.005..562.005 rows=25571 loops=3)
                                                                                                   Buckets: 131072 (originally 1024)  Batches: 1 (originally 1)  Memory Usage: 5080kB
                                                                                                   ->  Hash Join  (cost=3464.78..51716.69 rows=98 width=4) (actual time=40.723..483.324 rows=25571 loops=3)
                                                                                                         Hash Cond: (mk.keyword_id = k.id)
                                                                                                         ->  Parallel Seq Scan on movie_keyword mk  (cost=0.00..43303.71 rows=1884971 width=8) (actual time=0.037..252.171 rows=1507977 loops=3)
                                                                                                         ->  Hash  (cost=3464.69..3464.69 rows=7 width=4) (actual time=40.563..40.564 rows=7 loops=3)
                                                                                                               Buckets: 1024  Batches: 1  Memory Usage: 9kB
                                                                                                               ->  Seq Scan on keyword k  (cost=0.00..3464.69 rows=7 width=4) (actual time=1.225..40.549 rows=7 loops=3)
                                                                                                                     Filter: ((keyword)::text = ANY ('{murder,violence,blood,gore,death,female-nudity,hospital}'::text[]))
                                                                                                                     Rows Removed by Filter: 134163
                                                                                       ->  Hash  (cost=2.41..2.41 rows=1 width=4) (actual time=0.061..0.061 rows=1 loops=3)
                                                                                             Buckets: 1024  Batches: 1  Memory Usage: 9kB
                                                                                             ->  Seq Scan on info_type it1  (cost=0.00..2.41 rows=1 width=4) (actual time=0.030..0.043 rows=1 loops=3)
                                                                                                   Filter: ((info)::text = 'genres'::text)
                                                                                                   Rows Removed by Filter: 112
                           ->  Hash  (cost=2.41..2.41 rows=1 width=4) (actual time=0.041..0.041 rows=1 loops=1)
                                 Buckets: 1024  Batches: 1  Memory Usage: 9kB
                                 ->  Seq Scan on info_type it2  (cost=0.00..2.41 rows=1 width=4) (actual time=0.028..0.031 rows=1 loops=1)
                                       Filter: ((info)::text = 'votes'::text)
                                       Rows Removed by Filter: 112
                     ->  Hash  (cost=2081.86..2081.86 rows=135086 width=12) (actual time=68.448..68.448 rows=135086 loops=1)
                           Buckets: 131072  Batches: 4  Memory Usage: 2471kB
                           ->  Seq Scan on complete_cast cc  (cost=0.00..2081.86 rows=135086 width=12) (actual time=0.013..27.026 rows=135086 loops=1)
               ->  Hash  (cost=1.05..1.05 rows=1 width=4) (actual time=0.019..0.019 rows=1 loops=1)
                     Buckets: 1024  Batches: 1  Memory Usage: 9kB
                     ->  Seq Scan on comp_cast_type cct2  (cost=0.00..1.05 rows=1 width=4) (actual time=0.009..0.009 rows=1 loops=1)
                           Filter: ((kind)::text = 'complete+verified'::text)
                           Rows Removed by Filter: 3
         ->  Hash  (cost=1.05..1.05 rows=2 width=4) (actual time=0.028..0.028 rows=2 loops=1)
               Buckets: 1024  Batches: 1  Memory Usage: 9kB
               ->  Seq Scan on comp_cast_type cct1  (cost=0.00..1.05 rows=2 width=4) (actual time=0.014..0.016 rows=2 loops=1)
                     Filter: ((kind)::text = ANY ('{cast,crew}'::text[]))
                     Rows Removed by Filter: 2
 Planning Time: 91.591 ms
 Execution Time: 6175.810 ms
(80 rows)

execute /home/pei/Project/benchmarks/imdb_job-postgres/skinner_explained/30c.sql_explained.sql
SET
SET
                                                                                                                   QUERY PLAN                                                                                                                    
-------------------------------------------------------------------------------------------------------------------------------------------------------------------------------------------------------------------------------------------------
 Aggregate  (cost=974687.78..974687.79 rows=1 width=128) (actual time=7046.330..7046.330 rows=1 loops=1)
   ->  Hash Join  (cost=958184.19..974687.77 rows=1 width=80) (actual time=6824.343..7041.742 rows=8024 loops=1)
         Hash Cond: (cc.status_id = cct2.id)
         ->  Hash Join  (cost=958183.12..974686.71 rows=1 width=84) (actual time=6824.241..7038.970 rows=14123 loops=1)
               Hash Cond: (cc.subject_id = cct1.id)
               ->  Hash Join  (cost=958182.06..974685.64 rows=1 width=88) (actual time=6824.159..7034.724 rows=18841 loops=1)
                     Hash Cond: (t.id = cc.movie_id)
                     ->  Hash Join  (cost=953751.63..969593.19 rows=1 width=100) (actual time=6744.010..6923.750 rows=26153 loops=1)
                           Hash Cond: (mi_idx.info_type_id = it2.id)
                           ->  Gather  (cost=953749.20..969590.76 rows=1 width=104) (actual time=6743.879..6911.084 rows=78897 loops=1)
                                 Workers Planned: 2
                                 Workers Launched: 2
                                 ->  Parallel Hash Join  (cost=952749.20..968590.66 rows=1 width=104) (actual time=6739.687..6890.016 rows=26299 loops=3)
                                       Hash Cond: (mi_idx.movie_id = t.id)
                                       ->  Parallel Seq Scan on movie_info_idx mi_idx  (cost=0.00..13685.15 rows=575015 width=13) (actual time=0.029..79.838 rows=460012 loops=3)
                                       ->  Parallel Hash  (cost=952749.19..952749.19 rows=1 width=91) (actual time=6734.929..6734.929 rows=9085 loops=3)
                                             Buckets: 32768 (originally 1024)  Batches: 1 (originally 1)  Memory Usage: 3064kB
                                             ->  Parallel Hash Join  (cost=872721.85..952749.19 rows=1 width=91) (actual time=6173.438..6701.862 rows=9085 loops=3)
                                                   Hash Cond: (n.id = ci.person_id)
                                                   ->  Parallel Seq Scan on name n  (cost=0.00..77318.68 rows=722307 width=19) (actual time=0.057..450.478 rows=579860 loops=3)
                                                         Filter: ((gender)::text = 'm'::text)
                                                         Rows Removed by Filter: 809304
                                                   ->  Parallel Hash  (cost=872721.83..872721.83 rows=1 width=80) (actual time=6172.864..6172.864 rows=15008 loops=3)
                                                         Buckets: 65536 (originally 1024)  Batches: 1 (originally 1)  Memory Usage: 4664kB
                                                         ->  Parallel Hash Join  (cost=372701.16..872721.83 rows=1 width=80) (actual time=4962.295..6137.110 rows=15008 loops=3)
                                                               Hash Cond: (ci.movie_id = t.id)
                                                               ->  Parallel Seq Scan on cast_info ci  (cost=0.00..498091.41 rows=514468 width=8) (actual time=252.504..2991.335 rows=414905 loops=3)
                                                                     Filter: ((note)::text = ANY ('{(writer),"(head writer)","(written by)",(story),"(story editor)"}'::text[]))
                                                                     Rows Removed by Filter: 11666543
                                                               ->  Parallel Hash  (cost=372701.14..372701.14 rows=1 width=72) (actual time=3077.038..3077.038 rows=22680 loops=3)
                                                                     Buckets: 131072 (originally 1024)  Batches: 1 (originally 1)  Memory Usage: 6936kB
                                                                     ->  Parallel Hash Join  (cost=322218.01..372701.14 rows=1 width=72) (actual time=2557.685..2965.579 rows=22680 loops=3)
                                                                           Hash Cond: (t.id = mi.movie_id)
                                                                           ->  Parallel Seq Scan on title t  (cost=0.00..46532.63 rows=1053463 width=21) (actual time=0.028..226.696 rows=842771 loops=3)
                                                                           ->  Parallel Hash  (cost=322218.00..322218.00 rows=1 width=51) (actual time=2555.792..2555.792 rows=22680 loops=3)
                                                                                 Buckets: 131072 (originally 1024)  Batches: 1 (originally 1)  Memory Usage: 5432kB
                                                                                 ->  Hash Join  (cost=51720.34..322218.00 rows=1 width=51) (actual time=2277.179..2507.595 rows=22680 loops=3)
                                                                                       Hash Cond: (mi.info_type_id = it1.id)
                                                                                       ->  Parallel Hash Join  (cost=51717.91..322215.41 rows=60 width=55) (actual time=1759.468..2501.227 rows=24129 loops=3)
                                                                                             Hash Cond: (mi.movie_id = mk.movie_id)
                                                                                             ->  Parallel Seq Scan on movie_info mi  (cost=0.00..270161.12 rows=89632 width=51) (actual time=1077.055..1910.751 rows=62990 loops=3)
                                                                                                   Filter: ((info)::text = ANY ('{Horror,Action,Sci-Fi,Thriller,Crime,War}'::text[]))
                                                                                                   Rows Removed by Filter: 4882250
                                                                                             ->  Parallel Hash  (cost=51716.69..51716.69 rows=98 width=4) (actual time=568.425..568.425 rows=25571 loops=3)
                                                                                                   Buckets: 131072 (originally 1024)  Batches: 1 (originally 1)  Memory Usage: 5080kB
                                                                                                   ->  Hash Join  (cost=3464.78..51716.69 rows=98 width=4) (actual time=41.013..485.560 rows=25571 loops=3)
                                                                                                         Hash Cond: (mk.keyword_id = k.id)
                                                                                                         ->  Parallel Seq Scan on movie_keyword mk  (cost=0.00..43303.71 rows=1884971 width=8) (actual time=0.045..252.930 rows=1507977 loops=3)
                                                                                                         ->  Hash  (cost=3464.69..3464.69 rows=7 width=4) (actual time=40.835..40.836 rows=7 loops=3)
                                                                                                               Buckets: 1024  Batches: 1  Memory Usage: 9kB
                                                                                                               ->  Seq Scan on keyword k  (cost=0.00..3464.69 rows=7 width=4) (actual time=1.248..40.821 rows=7 loops=3)
                                                                                                                     Filter: ((keyword)::text = ANY ('{murder,violence,blood,gore,death,female-nudity,hospital}'::text[]))
                                                                                                                     Rows Removed by Filter: 134163
                                                                                       ->  Hash  (cost=2.41..2.41 rows=1 width=4) (actual time=0.062..0.062 rows=1 loops=3)
                                                                                             Buckets: 1024  Batches: 1  Memory Usage: 9kB
                                                                                             ->  Seq Scan on info_type it1  (cost=0.00..2.41 rows=1 width=4) (actual time=0.031..0.043 rows=1 loops=3)
                                                                                                   Filter: ((info)::text = 'genres'::text)
                                                                                                   Rows Removed by Filter: 112
                           ->  Hash  (cost=2.41..2.41 rows=1 width=4) (actual time=0.049..0.049 rows=1 loops=1)
                                 Buckets: 1024  Batches: 1  Memory Usage: 9kB
                                 ->  Seq Scan on info_type it2  (cost=0.00..2.41 rows=1 width=4) (actual time=0.036..0.039 rows=1 loops=1)
                                       Filter: ((info)::text = 'votes'::text)
                                       Rows Removed by Filter: 112
                     ->  Hash  (cost=2081.86..2081.86 rows=135086 width=12) (actual time=69.521..69.521 rows=135086 loops=1)
                           Buckets: 131072  Batches: 4  Memory Usage: 2471kB
                           ->  Seq Scan on complete_cast cc  (cost=0.00..2081.86 rows=135086 width=12) (actual time=0.014..27.115 rows=135086 loops=1)
               ->  Hash  (cost=1.05..1.05 rows=1 width=4) (actual time=0.020..0.020 rows=1 loops=1)
                     Buckets: 1024  Batches: 1  Memory Usage: 9kB
                     ->  Seq Scan on comp_cast_type cct1  (cost=0.00..1.05 rows=1 width=4) (actual time=0.008..0.010 rows=1 loops=1)
                           Filter: ((kind)::text = 'cast'::text)
                           Rows Removed by Filter: 3
         ->  Hash  (cost=1.05..1.05 rows=1 width=4) (actual time=0.025..0.025 rows=1 loops=1)
               Buckets: 1024  Batches: 1  Memory Usage: 9kB
               ->  Seq Scan on comp_cast_type cct2  (cost=0.00..1.05 rows=1 width=4) (actual time=0.012..0.013 rows=1 loops=1)
                     Filter: ((kind)::text = 'complete+verified'::text)
                     Rows Removed by Filter: 3
 Planning Time: 92.409 ms
 Execution Time: 7052.180 ms
(78 rows)

execute /home/pei/Project/benchmarks/imdb_job-postgres/skinner_explained/31a.sql_explained.sql
SET
SET
                                                                                                             QUERY PLAN                                                                                                              
-------------------------------------------------------------------------------------------------------------------------------------------------------------------------------------------------------------------------------------
 Finalize Aggregate  (cost=975119.34..975119.35 rows=1 width=128) (actual time=6499.066..6499.066 rows=1 loops=1)
   ->  Gather  (cost=975119.11..975119.32 rows=2 width=128) (actual time=6497.797..6506.485 rows=3 loops=1)
         Workers Planned: 2
         Workers Launched: 2
         ->  Partial Aggregate  (cost=974119.11..974119.12 rows=1 width=128) (actual time=6489.760..6489.760 rows=1 loops=3)
               ->  Parallel Hash Join  (cost=923635.97..974119.10 rows=1 width=80) (actual time=6372.846..6489.460 rows=424 loops=3)
                     Hash Cond: (t.id = mi.movie_id)
                     ->  Parallel Seq Scan on title t  (cost=0.00..46532.63 rows=1053463 width=21) (actual time=0.017..235.626 rows=842771 loops=3)
                     ->  Parallel Hash  (cost=923635.96..923635.96 rows=1 width=83) (actual time=6139.484..6139.484 rows=424 loops=3)
                           Buckets: 1024  Batches: 1  Memory Usage: 136kB
                           ->  Parallel Hash Join  (cost=843608.62..923635.96 rows=1 width=83) (actual time=5614.194..6139.174 rows=424 loops=3)
                                 Hash Cond: (n.id = ci.person_id)
                                 ->  Parallel Seq Scan on name n  (cost=0.00..77318.68 rows=722307 width=19) (actual time=0.050..464.993 rows=579860 loops=3)
                                       Filter: ((gender)::text = 'm'::text)
                                       Rows Removed by Filter: 809304
                                 ->  Parallel Hash  (cost=843608.60..843608.60 rows=1 width=72) (actual time=5607.664..5607.664 rows=519 loops=3)
                                       Buckets: 1024  Batches: 1  Memory Usage: 168kB
                                       ->  Parallel Hash Join  (cost=343587.93..843608.60 rows=1 width=72) (actual time=4465.901..5607.353 rows=519 loops=3)
                                             Hash Cond: (ci.movie_id = mi.movie_id)
                                             ->  Parallel Seq Scan on cast_info ci  (cost=0.00..498091.41 rows=514468 width=8) (actual time=206.721..2962.201 rows=414905 loops=3)
                                                   Filter: ((note)::text = ANY ('{(writer),"(head writer)","(written by)",(story),"(story editor)"}'::text[]))
                                                   Rows Removed by Filter: 11666543
                                             ->  Parallel Hash  (cost=343587.91..343587.91 rows=1 width=64) (actual time=2594.442..2594.442 rows=508 loops=3)
                                                   Buckets: 1024  Batches: 1  Memory Usage: 136kB
                                                   ->  Parallel Hash Join  (cost=311072.34..343587.91 rows=1 width=64) (actual time=2369.326..2593.859 rows=508 loops=3)
                                                         Hash Cond: (mc.movie_id = mi.movie_id)
                                                         ->  Parallel Hash Join  (cost=4723.09..37238.26 rows=106 width=4) (actual time=22.471..290.571 rows=605 loops=3)
                                                               Hash Cond: (mc.company_id = cn.id)
                                                               ->  Parallel Seq Scan on movie_companies mc  (cost=0.00..29661.37 rows=1087137 width=8) (actual time=0.040..163.557 rows=869710 loops=3)
                                                               ->  Parallel Hash  (cost=4722.92..4722.92 rows=14 width=4) (actual time=17.844..17.844 rows=3 loops=3)
                                                                     Buckets: 1024  Batches: 1  Memory Usage: 104kB
                                                                     ->  Parallel Seq Scan on company_name cn  (cost=0.00..4722.92 rows=14 width=4) (actual time=1.355..17.782 rows=3 loops=3)
                                                                           Filter: ((name)::text ~~ 'Lionsgate%'::text)
                                                                           Rows Removed by Filter: 78329
                                                         ->  Parallel Hash  (cost=306349.24..306349.24 rows=1 width=60) (actual time=2302.504..2302.504 rows=10505 loops=3)
                                                               Buckets: 32768 (originally 1024)  Batches: 1 (originally 1)  Memory Usage: 2456kB
                                                               ->  Parallel Hash Join  (cost=291078.97..306349.24 rows=1 width=60) (actual time=2090.941..2279.343 rows=10505 loops=3)
                                                                     Hash Cond: (mi_idx.movie_id = mi.movie_id)
                                                                     ->  Hash Join  (cost=2.43..15253.60 rows=5089 width=9) (actual time=0.146..164.773 rows=153308 loops=3)
                                                                           Hash Cond: (mi_idx.info_type_id = it2.id)
                                                                           ->  Parallel Seq Scan on movie_info_idx mi_idx  (cost=0.00..13685.15 rows=575015 width=13) (actual time=0.037..80.414 rows=460012 loops=3)
                                                                           ->  Hash  (cost=2.41..2.41 rows=1 width=4) (actual time=0.040..0.040 rows=1 loops=3)
                                                                                 Buckets: 1024  Batches: 1  Memory Usage: 9kB
                                                                                 ->  Seq Scan on info_type it2  (cost=0.00..2.41 rows=1 width=4) (actual time=0.026..0.029 rows=1 loops=3)
                                                                                       Filter: ((info)::text = 'votes'::text)
                                                                                       Rows Removed by Filter: 112
                                                                     ->  Parallel Hash  (cost=291076.53..291076.53 rows=1 width=51) (actual time=2090.445..2090.445 rows=11309 loops=3)
                                                                           Buckets: 65536 (originally 1024)  Batches: 1 (originally 1)  Memory Usage: 2808kB
                                                                           ->  Parallel Hash Join  (cost=51720.34..291076.53 rows=1 width=51) (actual time=1889.816..2051.800 rows=11309 loops=3)
                                                                                 Hash Cond: (mi.movie_id = mk.movie_id)
                                                                                 ->  Hash Join  (cost=2.43..239357.37 rows=330 width=47) (actual time=1316.685..1467.793 rows=24086 loops=3)
                                                                                       Hash Cond: (mi.info_type_id = it1.id)
                                                                                       ->  Parallel Seq Scan on movie_info mi  (cost=0.00..239253.38 rows=37295 width=51) (actual time=919.677..1459.444 rows=24349 loops=3)
                                                                                             Filter: ((info)::text = ANY ('{Horror,Thriller}'::text[]))
                                                                                             Rows Removed by Filter: 4920891
                                                                                       ->  Hash  (cost=2.41..2.41 rows=1 width=4) (actual time=0.089..0.089 rows=1 loops=3)
                                                                                             Buckets: 1024  Batches: 1  Memory Usage: 9kB
                                                                                             ->  Seq Scan on info_type it1  (cost=0.00..2.41 rows=1 width=4) (actual time=0.049..0.061 rows=1 loops=3)
                                                                                                   Filter: ((info)::text = 'genres'::text)
                                                                                                   Rows Removed by Filter: 112
                                                                                 ->  Parallel Hash  (cost=51716.69..51716.69 rows=98 width=4) (actual time=573.050..573.050 rows=25571 loops=3)
                                                                                       Buckets: 131072 (originally 1024)  Batches: 1 (originally 1)  Memory Usage: 5080kB
                                                                                       ->  Hash Join  (cost=3464.78..51716.69 rows=98 width=4) (actual time=41.181..488.555 rows=25571 loops=3)
                                                                                             Hash Cond: (mk.keyword_id = k.id)
                                                                                             ->  Parallel Seq Scan on movie_keyword mk  (cost=0.00..43303.71 rows=1884971 width=8) (actual time=0.044..253.616 rows=1507977 loops=3)
                                                                                             ->  Hash  (cost=3464.69..3464.69 rows=7 width=4) (actual time=40.999..40.999 rows=7 loops=3)
                                                                                                   Buckets: 1024  Batches: 1  Memory Usage: 9kB
                                                                                                   ->  Seq Scan on keyword k  (cost=0.00..3464.69 rows=7 width=4) (actual time=1.253..40.973 rows=7 loops=3)
                                                                                                         Filter: ((keyword)::text = ANY ('{murder,violence,blood,gore,death,female-nudity,hospital}'::text[]))
                                                                                                         Rows Removed by Filter: 134163
 Planning Time: 119.756 ms
 Execution Time: 6507.564 ms
(72 rows)

execute /home/pei/Project/benchmarks/imdb_job-postgres/skinner_explained/31b.sql_explained.sql
SET
SET
                                                                                                    QUERY PLAN                                                                                                     
-------------------------------------------------------------------------------------------------------------------------------------------------------------------------------------------------------------------
 Finalize Aggregate  (cost=980989.91..980989.92 rows=1 width=128) (actual time=6393.776..6393.777 rows=1 loops=1)
   ->  Gather  (cost=980989.68..980989.89 rows=2 width=128) (actual time=6393.442..6401.120 rows=3 loops=1)
         Workers Planned: 2
         Workers Launched: 2
         ->  Partial Aggregate  (cost=979989.68..979989.69 rows=1 width=128) (actual time=6385.151..6385.151 rows=1 loops=3)
               ->  Parallel Hash Join  (cost=899962.33..979989.67 rows=1 width=80) (actual time=6072.193..6385.102 rows=28 loops=3)
                     Hash Cond: (n.id = ci.person_id)
                     ->  Parallel Seq Scan on name n  (cost=0.00..77318.68 rows=722307 width=19) (actual time=0.049..461.118 rows=579860 loops=3)
                           Filter: ((gender)::text = 'm'::text)
                           Rows Removed by Filter: 809304
                     ->  Parallel Hash  (cost=899962.31..899962.31 rows=1 width=69) (actual time=5866.306..5866.306 rows=28 loops=3)
                           Buckets: 1024  Batches: 1  Memory Usage: 104kB
                           ->  Parallel Hash Join  (cost=400520.12..899962.31 rows=1 width=69) (actual time=4851.832..5866.149 rows=28 loops=3)
                                 Hash Cond: (t.id = mi.movie_id)
                                 ->  Parallel Hash Join  (cost=57069.28..556511.17 rows=79 width=29) (actual time=2272.067..3428.495 rows=212 loops=3)
                                       Hash Cond: (ci.movie_id = t.id)
                                       ->  Parallel Seq Scan on cast_info ci  (cost=0.00..498091.41 rows=514468 width=8) (actual time=265.555..3008.215 rows=414905 loops=3)
                                             Filter: ((note)::text = ANY ('{(writer),"(head writer)","(written by)",(story),"(story editor)"}'::text[]))
                                             Rows Removed by Filter: 11666543
                                       ->  Parallel Hash  (cost=57067.27..57067.27 rows=161 width=21) (actual time=372.792..372.792 rows=178 loops=3)
                                             Buckets: 1024  Batches: 1  Memory Usage: 104kB
                                             ->  Parallel Seq Scan on title t  (cost=0.00..57067.27 rows=161 width=21) (actual time=3.355..372.472 rows=178 loops=3)
                                                   Filter: ((production_year > 2000) AND (((title)::text ~~ '%Freddy%'::text) OR ((title)::text ~~ '%Jason%'::text) OR ((title)::text ~~ 'Saw%'::text)))
                                                   Rows Removed by Filter: 842593
                                 ->  Parallel Hash  (cost=343450.83..343450.83 rows=1 width=64) (actual time=2437.522..2437.522 rows=87 loops=3)
                                       Buckets: 1024  Batches: 1  Memory Usage: 104kB
                                       ->  Parallel Hash Join  (cost=104094.63..343450.83 rows=1 width=64) (actual time=2304.433..2437.397 rows=87 loops=3)
                                             Hash Cond: (mi.movie_id = mi_idx.movie_id)
                                             ->  Hash Join  (cost=2.43..239357.37 rows=330 width=47) (actual time=1342.821..1496.201 rows=24086 loops=3)
                                                   Hash Cond: (mi.info_type_id = it1.id)
                                                   ->  Parallel Seq Scan on movie_info mi  (cost=0.00..239253.38 rows=37295 width=51) (actual time=937.386..1488.080 rows=24349 loops=3)
                                                         Filter: ((info)::text = ANY ('{Horror,Thriller}'::text[]))
                                                         Rows Removed by Filter: 4920891
                                                   ->  Hash  (cost=2.41..2.41 rows=1 width=4) (actual time=0.050..0.050 rows=1 loops=3)
                                                         Buckets: 1024  Batches: 1  Memory Usage: 9kB
                                                         ->  Seq Scan on info_type it1  (cost=0.00..2.41 rows=1 width=4) (actual time=0.017..0.029 rows=1 loops=3)
                                                               Filter: ((info)::text = 'genres'::text)
                                                               Rows Removed by Filter: 112
                                             ->  Parallel Hash  (cost=104092.19..104092.19 rows=1 width=17) (actual time=937.804..937.805 rows=105 loops=3)
                                                   Buckets: 1024  Batches: 1  Memory Usage: 104kB
                                                   ->  Parallel Hash Join  (cost=88821.93..104092.19 rows=1 width=17) (actual time=822.643..937.655 rows=105 loops=3)
                                                         Hash Cond: (mi_idx.movie_id = mk.movie_id)
                                                         ->  Hash Join  (cost=2.43..15253.60 rows=5089 width=9) (actual time=0.197..164.241 rows=153308 loops=3)
                                                               Hash Cond: (mi_idx.info_type_id = it2.id)
                                                               ->  Parallel Seq Scan on movie_info_idx mi_idx  (cost=0.00..13685.15 rows=575015 width=13) (actual time=0.032..80.930 rows=460012 loops=3)
                                                               ->  Hash  (cost=2.41..2.41 rows=1 width=4) (actual time=0.088..0.088 rows=1 loops=3)
                                                                     Buckets: 1024  Batches: 1  Memory Usage: 9kB
                                                                     ->  Seq Scan on info_type it2  (cost=0.00..2.41 rows=1 width=4) (actual time=0.058..0.061 rows=1 loops=3)
                                                                           Filter: ((info)::text = 'votes'::text)
                                                                           Rows Removed by Filter: 112
                                                         ->  Parallel Hash  (cost=88819.49..88819.49 rows=1 width=8) (actual time=757.428..757.428 rows=105 loops=3)
                                                               Buckets: 1024  Batches: 1  Memory Usage: 104kB
                                                               ->  Parallel Hash Join  (cost=40567.20..88819.49 rows=1 width=8) (actual time=377.664..757.307 rows=105 loops=3)
                                                                     Hash Cond: (mk.movie_id = mc.movie_id)
                                                                     ->  Hash Join  (cost=3464.78..51716.69 rows=98 width=4) (actual time=40.575..488.924 rows=25571 loops=3)
                                                                           Hash Cond: (mk.keyword_id = k.id)
                                                                           ->  Parallel Seq Scan on movie_keyword mk  (cost=0.00..43303.71 rows=1884971 width=8) (actual time=0.026..255.338 rows=1507977 loops=3)
                                                                           ->  Hash  (cost=3464.69..3464.69 rows=7 width=4) (actual time=40.417..40.417 rows=7 loops=3)
                                                                                 Buckets: 1024  Batches: 1  Memory Usage: 9kB
                                                                                 ->  Seq Scan on keyword k  (cost=0.00..3464.69 rows=7 width=4) (actual time=1.036..40.401 rows=7 loops=3)
                                                                                       Filter: ((keyword)::text = ANY ('{murder,violence,blood,gore,death,female-nudity,hospital}'::text[]))
                                                                                       Rows Removed by Filter: 134163
                                                                     ->  Parallel Hash  (cost=37102.41..37102.41 rows=1 width=4) (actual time=263.991..263.991 rows=45 loops=3)
                                                                           Buckets: 1024  Batches: 1  Memory Usage: 104kB
                                                                           ->  Parallel Hash Join  (cost=4723.09..37102.41 rows=1 width=4) (actual time=60.243..263.870 rows=45 loops=3)
                                                                                 Hash Cond: (mc.company_id = cn.id)
                                                                                 ->  Parallel Seq Scan on movie_companies mc  (cost=0.00..32379.21 rows=39 width=8) (actual time=1.240..240.610 rows=2654 loops=3)
                                                                                       Filter: ((note)::text ~~ '%(Blu-ray)%'::text)
                                                                                       Rows Removed by Filter: 867055
                                                                                 ->  Parallel Hash  (cost=4722.92..4722.92 rows=14 width=4) (actual time=22.364..22.364 rows=3 loops=3)
                                                                                       Buckets: 1024  Batches: 1  Memory Usage: 104kB
                                                                                       ->  Parallel Seq Scan on company_name cn  (cost=0.00..4722.92 rows=14 width=4) (actual time=3.655..22.297 rows=3 loops=3)
                                                                                             Filter: ((name)::text ~~ 'Lionsgate%'::text)
                                                                                             Rows Removed by Filter: 78329
 Planning Time: 124.027 ms
 Execution Time: 6402.294 ms
(76 rows)

execute /home/pei/Project/benchmarks/imdb_job-postgres/skinner_explained/31c.sql_explained.sql
SET
SET
                                                                                                             QUERY PLAN                                                                                                              
-------------------------------------------------------------------------------------------------------------------------------------------------------------------------------------------------------------------------------------
 Finalize Aggregate  (cost=1005633.28..1005633.29 rows=1 width=128) (actual time=7289.062..7289.062 rows=1 loops=1)
   ->  Gather  (cost=1005633.05..1005633.26 rows=2 width=128) (actual time=7287.299..7296.555 rows=3 loops=1)
         Workers Planned: 2
         Workers Launched: 2
         ->  Partial Aggregate  (cost=1004633.05..1004633.06 rows=1 width=128) (actual time=7279.124..7279.124 rows=1 loops=3)
               ->  Parallel Hash Join  (cost=954149.91..1004633.04 rows=1 width=80) (actual time=7123.518..7278.577 rows=942 loops=3)
                     Hash Cond: (t.id = mi.movie_id)
                     ->  Parallel Seq Scan on title t  (cost=0.00..46532.63 rows=1053463 width=21) (actual time=0.022..234.360 rows=842771 loops=3)
                     ->  Parallel Hash  (cost=954149.90..954149.90 rows=1 width=83) (actual time=6929.336..6929.336 rows=942 loops=3)
                           Buckets: 2048 (originally 1024)  Batches: 1 (originally 1)  Memory Usage: 280kB
                           ->  Parallel Hash Join  (cost=874660.64..954149.90 rows=1 width=83) (actual time=6364.402..6919.619 rows=942 loops=3)
                                 Hash Cond: (n.id = ci.person_id)
                                 ->  Parallel Seq Scan on name n  (cost=0.00..72977.55 rows=1736455 width=19) (actual time=0.047..381.134 rows=1389164 loops=3)
                                 ->  Parallel Hash  (cost=874660.62..874660.62 rows=1 width=72) (actual time=6358.145..6358.145 rows=942 loops=3)
                                       Buckets: 4096 (originally 1024)  Batches: 1 (originally 1)  Memory Usage: 344kB
                                       ->  Parallel Hash Join  (cost=374639.95..874660.62 rows=1 width=72) (actual time=5041.260..6175.960 rows=942 loops=3)
                                             Hash Cond: (ci.movie_id = mi.movie_id)
                                             ->  Parallel Seq Scan on cast_info ci  (cost=0.00..498091.41 rows=514468 width=8) (actual time=168.758..2953.048 rows=414905 loops=3)
                                                   Filter: ((note)::text = ANY ('{(writer),"(head writer)","(written by)",(story),"(story editor)"}'::text[]))
                                                   Rows Removed by Filter: 11666543
                                             ->  Parallel Hash  (cost=374639.93..374639.93 rows=1 width=64) (actual time=3175.420..3175.420 rows=947 loops=3)
                                                   Buckets: 4096 (originally 1024)  Batches: 1 (originally 1)  Memory Usage: 312kB
                                                   ->  Parallel Hash Join  (cost=342124.37..374639.93 rows=1 width=64) (actual time=2869.139..3097.224 rows=947 loops=3)
                                                         Hash Cond: (mc.movie_id = mi.movie_id)
                                                         ->  Parallel Hash Join  (cost=4723.09..37238.26 rows=106 width=4) (actual time=22.722..287.661 rows=605 loops=3)
                                                               Hash Cond: (mc.company_id = cn.id)
                                                               ->  Parallel Seq Scan on movie_companies mc  (cost=0.00..29661.37 rows=1087137 width=8) (actual time=0.048..160.577 rows=869710 loops=3)
                                                               ->  Parallel Hash  (cost=4722.92..4722.92 rows=14 width=4) (actual time=17.771..17.771 rows=3 loops=3)
                                                                     Buckets: 1024  Batches: 1  Memory Usage: 104kB
                                                                     ->  Parallel Seq Scan on company_name cn  (cost=0.00..4722.92 rows=14 width=4) (actual time=0.880..17.710 rows=3 loops=3)
                                                                           Filter: ((name)::text ~~ 'Lionsgate%'::text)
                                                                           Rows Removed by Filter: 78329
                                                         ->  Parallel Hash  (cost=337401.26..337401.26 rows=1 width=60) (actual time=2808.500..2808.500 rows=21129 loops=3)
                                                               Buckets: 65536 (originally 1024)  Batches: 1 (originally 1)  Memory Usage: 4856kB
                                                               ->  Parallel Hash Join  (cost=322130.99..337401.26 rows=1 width=60) (actual time=2557.112..2750.539 rows=21129 loops=3)
                                                                     Hash Cond: (mi_idx.movie_id = mi.movie_id)
                                                                     ->  Hash Join  (cost=2.43..15253.60 rows=5089 width=9) (actual time=0.155..164.425 rows=153308 loops=3)
                                                                           Hash Cond: (mi_idx.info_type_id = it2.id)
                                                                           ->  Parallel Seq Scan on movie_info_idx mi_idx  (cost=0.00..13685.15 rows=575015 width=13) (actual time=0.041..79.977 rows=460012 loops=3)
                                                                           ->  Hash  (cost=2.41..2.41 rows=1 width=4) (actual time=0.041..0.041 rows=1 loops=3)
                                                                                 Buckets: 1024  Batches: 1  Memory Usage: 9kB
                                                                                 ->  Seq Scan on info_type it2  (cost=0.00..2.41 rows=1 width=4) (actual time=0.027..0.030 rows=1 loops=3)
                                                                                       Filter: ((info)::text = 'votes'::text)
                                                                                       Rows Removed by Filter: 112
                                                                     ->  Parallel Hash  (cost=322128.55..322128.55 rows=1 width=51) (actual time=2556.702..2556.702 rows=22680 loops=3)
                                                                           Buckets: 131072 (originally 1024)  Batches: 1 (originally 1)  Memory Usage: 5432kB
                                                                           ->  Parallel Hash Join  (cost=51720.34..322128.55 rows=1 width=51) (actual time=2277.091..2515.951 rows=22680 loops=3)
                                                                                 Hash Cond: (mi.movie_id = mk.movie_id)
                                                                                 ->  Hash Join  (cost=2.43..270407.66 rows=793 width=47) (actual time=1707.703..1927.644 rows=62198 loops=3)
                                                                                       Hash Cond: (mi.info_type_id = it1.id)
                                                                                       ->  Parallel Seq Scan on movie_info mi  (cost=0.00..270161.12 rows=89632 width=51) (actual time=1076.320..1910.225 rows=62990 loops=3)
                                                                                             Filter: ((info)::text = ANY ('{Horror,Action,Sci-Fi,Thriller,Crime,War}'::text[]))
                                                                                             Rows Removed by Filter: 4882250
                                                                                       ->  Hash  (cost=2.41..2.41 rows=1 width=4) (actual time=0.082..0.082 rows=1 loops=3)
                                                                                             Buckets: 1024  Batches: 1  Memory Usage: 9kB
                                                                                             ->  Seq Scan on info_type it1  (cost=0.00..2.41 rows=1 width=4) (actual time=0.043..0.055 rows=1 loops=3)
                                                                                                   Filter: ((info)::text = 'genres'::text)
                                                                                                   Rows Removed by Filter: 112
                                                                                 ->  Parallel Hash  (cost=51716.69..51716.69 rows=98 width=4) (actual time=569.311..569.312 rows=25571 loops=3)
                                                                                       Buckets: 131072 (originally 1024)  Batches: 1 (originally 1)  Memory Usage: 5080kB
                                                                                       ->  Hash Join  (cost=3464.78..51716.69 rows=98 width=4) (actual time=41.434..484.530 rows=25571 loops=3)
                                                                                             Hash Cond: (mk.keyword_id = k.id)
                                                                                             ->  Parallel Seq Scan on movie_keyword mk  (cost=0.00..43303.71 rows=1884971 width=8) (actual time=0.086..252.761 rows=1507977 loops=3)
                                                                                             ->  Hash  (cost=3464.69..3464.69 rows=7 width=4) (actual time=41.235..41.236 rows=7 loops=3)
                                                                                                   Buckets: 1024  Batches: 1  Memory Usage: 9kB
                                                                                                   ->  Seq Scan on keyword k  (cost=0.00..3464.69 rows=7 width=4) (actual time=1.265..41.209 rows=7 loops=3)
                                                                                                         Filter: ((keyword)::text = ANY ('{murder,violence,blood,gore,death,female-nudity,hospital}'::text[]))
                                                                                                         Rows Removed by Filter: 134163
 Planning Time: 117.364 ms
 Execution Time: 7297.522 ms
(70 rows)

execute /home/pei/Project/benchmarks/imdb_job-postgres/skinner_explained/32a.sql_explained.sql
SET
SET
                                                                                                       QUERY PLAN                                                                                                       
------------------------------------------------------------------------------------------------------------------------------------------------------------------------------------------------------------------------
 Finalize Aggregate  (cost=75986.58..75986.59 rows=1 width=96) (actual time=395.446..395.446 rows=1 loops=1)
   ->  Gather  (cost=75986.36..75986.57 rows=2 width=96) (actual time=395.195..400.430 rows=3 loops=1)
         Workers Planned: 2
         Workers Launched: 2
         ->  Partial Aggregate  (cost=74986.36..74986.37 rows=1 width=96) (actual time=388.072..388.073 rows=1 loops=3)
               ->  Parallel Hash Join  (cost=24503.19..74986.33 rows=4 width=116) (actual time=388.067..388.068 rows=0 loops=3)
                     Hash Cond: (t2.id = ml.linked_movie_id)
                     ->  Parallel Seq Scan on title t2  (cost=0.00..46532.63 rows=1053463 width=21) (never executed)
                     ->  Parallel Hash  (cost=24503.14..24503.14 rows=4 width=103) (actual time=387.526..387.526 rows=0 loops=3)
                           Buckets: 1024  Batches: 1  Memory Usage: 0kB
                           ->  Hash Join  (cost=2676.61..24503.14 rows=4 width=103) (actual time=384.751..384.751 rows=0 loops=3)
                                 Hash Cond: (ml.link_type_id = lt.id)
                                 ->  Hash Join  (cost=2675.20..24501.72 rows=4 width=25) (actual time=384.634..384.634 rows=0 loops=3)
                                       Hash Cond: (mk.keyword_id = k.id)
                                       ->  Merge Join  (cost=49.07..20347.47 rows=582120 width=29) (actual time=2.005..353.714 rows=96064 loops=3)
                                             Merge Cond: (t1.id = ml.movie_id)
                                             ->  Merge Join  (cost=47.47..247535.04 rows=1884971 width=29) (actual time=1.846..299.678 rows=32619 loops=3)
                                                   Merge Cond: (mk.movie_id = t1.id)
                                                   ->  Parallel Index Scan using movie_id_movie_keyword on movie_keyword mk  (cost=0.43..115667.54 rows=1884971 width=8) (actual time=0.061..12.044 rows=32619 loops=3)
                                                   ->  Index Scan using title_pkey on title t1  (cost=0.43..102082.17 rows=2528312 width=21) (actual time=0.058..257.831 rows=187035 loops=3)
                                             ->  Index Scan using movie_id_movie_link on movie_link ml  (cost=0.29..959.51 rows=29997 width=12) (actual time=0.056..27.972 rows=120363 loops=3)
                                       ->  Hash  (cost=2626.12..2626.12 rows=1 width=4) (actual time=21.989..21.989 rows=1 loops=3)
                                             Buckets: 1024  Batches: 1  Memory Usage: 9kB
                                             ->  Seq Scan on keyword k  (cost=0.00..2626.12 rows=1 width=4) (actual time=21.409..21.969 rows=1 loops=3)
                                                   Filter: ((keyword)::text = '10,000-mile-club'::text)
                                                   Rows Removed by Filter: 134169
                                 ->  Hash  (cost=1.18..1.18 rows=18 width=86) (actual time=0.072..0.072 rows=18 loops=3)
                                       Buckets: 1024  Batches: 1  Memory Usage: 9kB
                                       ->  Seq Scan on link_type lt  (cost=0.00..1.18 rows=18 width=86) (actual time=0.043..0.046 rows=18 loops=3)
 Planning Time: 5.345 ms
 Execution Time: 401.054 ms
(31 rows)

execute /home/pei/Project/benchmarks/imdb_job-postgres/skinner_explained/32b.sql_explained.sql
SET
SET
                                                                                                      QUERY PLAN                                                                                                       
-----------------------------------------------------------------------------------------------------------------------------------------------------------------------------------------------------------------------
 Finalize Aggregate  (cost=75986.58..75986.59 rows=1 width=96) (actual time=769.158..769.158 rows=1 loops=1)
   ->  Gather  (cost=75986.36..75986.57 rows=2 width=96) (actual time=768.835..775.369 rows=3 loops=1)
         Workers Planned: 2
         Workers Launched: 2
         ->  Partial Aggregate  (cost=74986.36..74986.37 rows=1 width=96) (actual time=761.520..761.521 rows=1 loops=3)
               ->  Parallel Hash Join  (cost=24503.19..74986.33 rows=4 width=116) (actual time=391.774..759.944 rows=1463 loops=3)
                     Hash Cond: (t2.id = ml.linked_movie_id)
                     ->  Parallel Seq Scan on title t2  (cost=0.00..46532.63 rows=1053463 width=21) (actual time=0.012..237.519 rows=842771 loops=3)
                     ->  Parallel Hash  (cost=24503.14..24503.14 rows=4 width=103) (actual time=390.278..390.278 rows=1463 loops=3)
                           Buckets: 4096 (originally 1024)  Batches: 1 (originally 1)  Memory Usage: 408kB
                           ->  Hash Join  (cost=2676.61..24503.14 rows=4 width=103) (actual time=40.521..355.678 rows=1463 loops=3)
                                 Hash Cond: (ml.link_type_id = lt.id)
                                 ->  Hash Join  (cost=2675.20..24501.72 rows=4 width=25) (actual time=40.401..355.099 rows=1463 loops=3)
                                       Hash Cond: (mk.keyword_id = k.id)
                                       ->  Merge Join  (cost=49.07..20347.47 rows=582120 width=29) (actual time=1.920..323.935 rows=96064 loops=3)
                                             Merge Cond: (t1.id = ml.movie_id)
                                             ->  Merge Join  (cost=47.47..247535.04 rows=1884971 width=29) (actual time=1.765..271.775 rows=32619 loops=3)
                                                   Merge Cond: (mk.movie_id = t1.id)
                                                   ->  Parallel Index Scan using movie_id_movie_keyword on movie_keyword mk  (cost=0.43..115667.54 rows=1884971 width=8) (actual time=0.009..7.899 rows=32619 loops=3)
                                                   ->  Index Scan using title_pkey on title t1  (cost=0.43..102082.17 rows=2528312 width=21) (actual time=0.061..234.598 rows=187035 loops=3)
                                             ->  Index Scan using movie_id_movie_link on movie_link ml  (cost=0.29..959.51 rows=29997 width=12) (actual time=0.050..26.206 rows=120373 loops=3)
                                       ->  Hash  (cost=2626.12..2626.12 rows=1 width=4) (actual time=21.999..21.999 rows=1 loops=3)
                                             Buckets: 1024  Batches: 1  Memory Usage: 9kB
                                             ->  Seq Scan on keyword k  (cost=0.00..2626.12 rows=1 width=4) (actual time=1.085..21.985 rows=1 loops=3)
                                                   Filter: ((keyword)::text = 'character-name-in-title'::text)
                                                   Rows Removed by Filter: 134169
                                 ->  Hash  (cost=1.18..1.18 rows=18 width=86) (actual time=0.068..0.068 rows=18 loops=3)
                                       Buckets: 1024  Batches: 1  Memory Usage: 9kB
                                       ->  Seq Scan on link_type lt  (cost=0.00..1.18 rows=18 width=86) (actual time=0.037..0.040 rows=18 loops=3)
 Planning Time: 5.107 ms
 Execution Time: 775.996 ms
(31 rows)

execute /home/pei/Project/benchmarks/imdb_job-postgres/skinner_explained/33a.sql_explained.sql
SET
SET
                                                                                                                           QUERY PLAN                                                                                                                           
----------------------------------------------------------------------------------------------------------------------------------------------------------------------------------------------------------------------------------------------------------------
 Aggregate  (cost=154593.22..154593.23 rows=1 width=192) (actual time=1426.730..1426.730 rows=1 loops=1)
   ->  Hash Join  (cost=144214.38..154593.20 rows=1 width=82) (actual time=1426.698..1426.709 rows=8 loops=1)
         Hash Cond: (t2.kind_id = kt2.id)
         ->  Hash Join  (cost=144213.28..154592.10 rows=1 width=86) (actual time=1426.591..1426.601 rows=8 loops=1)
               Hash Cond: (mi_idx1.info_type_id = it1.id)
               ->  Hash Join  (cost=144210.85..154589.67 rows=2 width=90) (actual time=1426.483..1426.509 rows=24 loops=1)
                     Hash Cond: (t1.kind_id = kt1.id)
                     ->  Merge Join  (cost=144209.75..154588.52 rows=12 width=94) (actual time=1426.402..1426.421 rows=24 loops=1)
                           Merge Cond: (ml.movie_id = t1.id)
                           ->  Merge Join  (cost=144209.32..146403.23 rows=12 width=85) (actual time=1405.693..1405.706 rows=24 loops=1)
                                 Merge Cond: (mi_idx1.movie_id = ml.movie_id)
                                 ->  Index Scan using movie_id_movie_info_idx on movie_info_idx mi_idx1  (cost=0.43..43826.36 rows=1380035 width=13) (actual time=0.033..2.356 rows=8479 loops=1)
                                 ->  Sort  (cost=144208.90..144208.91 rows=4 width=72) (actual time=1402.390..1402.393 rows=22 loops=1)
                                       Sort Key: ml.movie_id
                                       Sort Method: quicksort  Memory: 26kB
                                       ->  Hash Join  (cost=137529.19..144208.86 rows=4 width=72) (actual time=1364.215..1402.302 rows=8 loops=1)
                                             Hash Cond: (cn1.id = mc1.company_id)
                                             ->  Seq Scan on company_name cn1  (cost=0.00..5932.46 rows=85390 width=23) (actual time=0.037..46.581 rows=84843 loops=1)
                                                   Filter: ((country_code)::text = '[us]'::text)
                                                   Rows Removed by Filter: 150154
                                             ->  Hash  (cost=137529.07..137529.07 rows=10 width=57) (actual time=1348.290..1348.290 rows=29 loops=1)
                                                   Buckets: 1024  Batches: 1  Memory Usage: 12kB
                                                   ->  Merge Join  (cost=132176.15..137529.07 rows=10 width=57) (actual time=1323.220..1348.268 rows=29 loops=1)
                                                         Merge Cond: (mc1.movie_id = ml.movie_id)
                                                         ->  Index Scan using movie_id_movie_companies on movie_companies mc1  (cost=0.43..131550.35 rows=2609129 width=8) (actual time=0.023..25.078 rows=61895 loops=1)
                                                         ->  Sort  (cost=132175.72..132175.73 rows=2 width=49) (actual time=1315.890..1315.893 rows=29 loops=1)
                                                               Sort Key: ml.movie_id
                                                               Sort Method: quicksort  Memory: 26kB
                                                               ->  Gather  (cost=127279.79..132175.71 rows=2 width=49) (actual time=1278.857..1316.215 rows=11 loops=1)
                                                                     Workers Planned: 1
                                                                     Workers Launched: 1
                                                                     ->  Parallel Hash Join  (cost=126279.79..131175.51 rows=1 width=49) (actual time=1274.644..1307.916 rows=6 loops=2)
                                                                           Hash Cond: (cn2.id = mc2.company_id)
                                                                           ->  Parallel Seq Scan on company_name cn2  (cost=0.00..4377.34 rows=138234 width=23) (actual time=0.011..21.022 rows=117498 loops=2)
                                                                           ->  Parallel Hash  (cost=126279.78..126279.78 rows=1 width=34) (actual time=1272.701..1272.701 rows=6 loops=2)
                                                                                 Buckets: 1024  Batches: 1  Memory Usage: 72kB
                                                                                 ->  Parallel Hash Join  (cost=92541.63..126279.78 rows=1 width=34) (actual time=882.019..1272.651 rows=6 loops=2)
                                                                                       Hash Cond: (mc2.movie_id = t2.id)
                                                                                       ->  Parallel Seq Scan on movie_companies mc2  (cost=0.00..29661.37 rows=1087137 width=8) (actual time=0.021..232.671 rows=1304564 loops=2)
                                                                                       ->  Parallel Hash  (cost=92541.62..92541.62 rows=1 width=42) (actual time=880.263..880.263 rows=3 loops=2)
                                                                                             Buckets: 1024  Batches: 1  Memory Usage: 72kB
                                                                                             ->  Hash Join  (cost=76393.09..92541.62 rows=1 width=42) (actual time=642.274..880.194 rows=3 loops=2)
                                                                                                   Hash Cond: (mi_idx2.info_type_id = it2.id)
                                                                                                   ->  Parallel Hash Join  (cost=76390.66..92538.93 rows=96 width=46) (actual time=629.365..880.052 rows=153 loops=2)
                                                                                                         Hash Cond: (mi_idx2.movie_id = t2.id)
                                                                                                         ->  Parallel Seq Scan on movie_info_idx mi_idx2  (cost=0.00..15122.68 rows=273383 width=13) (actual time=0.038..215.535 rows=327480 loops=2)
                                                                                                               Filter: ((info)::text < '3.0'::text)
                                                                                                               Rows Removed by Filter: 362537
                                                                                                         ->  Parallel Hash  (cost=76386.05..76386.05 rows=369 width=33) (actual time=629.048..629.048 rows=122 loops=2)
                                                                                                               Buckets: 1024  Batches: 1  Memory Usage: 72kB
                                                                                                               ->  Hash Join  (cost=75275.92..76386.05 rows=369 width=33) (actual time=564.005..628.267 rows=122 loops=2)
                                                                                                                     Hash Cond: (ml.link_type_id = lt.id)
                                                                                                                     ->  Merge Join  (cost=75274.64..76377.59 rows=2212 width=37) (actual time=563.706..627.907 rows=2166 loops=2)
                                                                                                                           Merge Cond: (t2.id = ml.linked_movie_id)
                                                                                                                           ->  Sort  (cost=72580.89..73046.92 rows=186410 width=25) (actual time=543.081..577.261 rows=222854 loops=2)
                                                                                                                                 Sort Key: t2.id
                                                                                                                                 Sort Method: external merge  Disk: 8104kB
                                                                                                                                 Worker 0:  Sort Method: external merge  Disk: 7872kB
                                                                                                                                 ->  Parallel Seq Scan on title t2  (cost=0.00..51799.95 rows=186410 width=25) (actual time=0.035..391.465 rows=222930 loops=2)
                                                                                                                                       Filter: ((production_year >= 2005) AND (production_year <= 2008))
                                                                                                                                       Rows Removed by Filter: 1041226
                                                                                                                           ->  Sort  (cost=2693.63..2768.62 rows=29997 width=12) (actual time=20.606..22.988 rows=29997 loops=2)
                                                                                                                                 Sort Key: ml.linked_movie_id
                                                                                                                                 Sort Method: quicksort  Memory: 2175kB
                                                                                                                                 Worker 0:  Sort Method: quicksort  Memory: 2175kB
                                                                                                                                 ->  Seq Scan on movie_link ml  (cost=0.00..462.97 rows=29997 width=12) (actual time=0.049..6.419 rows=29997 loops=2)
                                                                                                                     ->  Hash  (cost=1.25..1.25 rows=3 width=4) (actual time=0.058..0.058 rows=2 loops=2)
                                                                                                                           Buckets: 1024  Batches: 1  Memory Usage: 9kB
                                                                                                                           ->  Seq Scan on link_type lt  (cost=0.00..1.25 rows=3 width=4) (actual time=0.042..0.047 rows=2 loops=2)
                                                                                                                                 Filter: ((link)::text = ANY ('{sequel,follows,"followed by"}'::text[]))
                                                                                                                                 Rows Removed by Filter: 16
                                                                                                   ->  Hash  (cost=2.41..2.41 rows=1 width=4) (actual time=0.055..0.055 rows=1 loops=2)
                                                                                                         Buckets: 1024  Batches: 1  Memory Usage: 9kB
                                                                                                         ->  Seq Scan on info_type it2  (cost=0.00..2.41 rows=1 width=4) (actual time=0.038..0.040 rows=1 loops=2)
                                                                                                               Filter: ((info)::text = 'rating'::text)
                                                                                                               Rows Removed by Filter: 112
                           ->  Index Scan using title_pkey on title t1  (cost=0.43..102082.17 rows=2528312 width=25) (actual time=0.014..18.304 rows=22690 loops=1)
                     ->  Hash  (cost=1.09..1.09 rows=1 width=4) (actual time=0.020..0.020 rows=1 loops=1)
                           Buckets: 1024  Batches: 1  Memory Usage: 9kB
                           ->  Seq Scan on kind_type kt1  (cost=0.00..1.09 rows=1 width=4) (actual time=0.008..0.010 rows=1 loops=1)
                                 Filter: ((kind)::text = 'tv series'::text)
                                 Rows Removed by Filter: 6
               ->  Hash  (cost=2.41..2.41 rows=1 width=4) (actual time=0.034..0.034 rows=1 loops=1)
                     Buckets: 1024  Batches: 1  Memory Usage: 9kB
                     ->  Seq Scan on info_type it1  (cost=0.00..2.41 rows=1 width=4) (actual time=0.022..0.024 rows=1 loops=1)
                           Filter: ((info)::text = 'rating'::text)
                           Rows Removed by Filter: 112
         ->  Hash  (cost=1.09..1.09 rows=1 width=4) (actual time=0.049..0.049 rows=1 loops=1)
               Buckets: 1024  Batches: 1  Memory Usage: 9kB
               ->  Seq Scan on kind_type kt2  (cost=0.00..1.09 rows=1 width=4) (actual time=0.030..0.031 rows=1 loops=1)
                     Filter: ((kind)::text = 'tv series'::text)
                     Rows Removed by Filter: 6
 Planning Time: 112.290 ms
 Execution Time: 1430.354 ms
(94 rows)

execute /home/pei/Project/benchmarks/imdb_job-postgres/skinner_explained/33b.sql_explained.sql
SET
SET
                                                                                                                                    QUERY PLAN                                                                                                                                    
----------------------------------------------------------------------------------------------------------------------------------------------------------------------------------------------------------------------------------------------------------------------------------
 Aggregate  (cost=126526.42..126526.43 rows=1 width=192) (actual time=1265.656..1265.657 rows=1 loops=1)
   ->  Hash Join  (cost=121630.57..126526.40 rows=1 width=82) (actual time=1235.820..1265.637 rows=4 loops=1)
         Hash Cond: (mi_idx2.info_type_id = it2.id)
         ->  Hash Join  (cost=121628.15..126523.97 rows=1 width=86) (actual time=1235.710..1265.528 rows=8 loops=1)
               Hash Cond: (t2.kind_id = kt2.id)
               ->  Gather  (cost=121627.05..126522.87 rows=1 width=90) (actual time=1235.629..1270.079 rows=42 loops=1)
                     Workers Planned: 1
                     Workers Launched: 1
                     ->  Parallel Hash Join  (cost=120627.05..125522.77 rows=1 width=90) (actual time=1230.015..1258.921 rows=21 loops=2)
                           Hash Cond: (cn2.id = mc2.company_id)
                           ->  Parallel Seq Scan on company_name cn2  (cost=0.00..4377.34 rows=138234 width=23) (actual time=0.005..16.259 rows=117498 loops=2)
                           ->  Parallel Hash  (cost=120627.03..120627.03 rows=1 width=75) (actual time=1228.712..1228.712 rows=21 loops=2)
                                 Buckets: 1024  Batches: 1  Memory Usage: 72kB
                                 ->  Parallel Hash Join  (cost=86888.89..120627.03 rows=1 width=75) (actual time=933.036..1228.632 rows=21 loops=2)
                                       Hash Cond: (mc2.movie_id = t2.id)
                                       ->  Parallel Seq Scan on movie_companies mc2  (cost=0.00..29661.37 rows=1087137 width=8) (actual time=0.006..228.619 rows=1304564 loops=2)
                                       ->  Parallel Hash  (cost=86888.88..86888.88 rows=1 width=83) (actual time=840.981..840.981 rows=6 loops=2)
                                             Buckets: 1024  Batches: 1  Memory Usage: 72kB
                                             ->  Hash Join  (cost=70741.00..86888.88 rows=1 width=83) (actual time=650.588..840.926 rows=6 loops=2)
                                                   Hash Cond: (mi_idx1.info_type_id = it1.id)
                                                   ->  Parallel Hash Join  (cost=70738.57..86886.45 rows=1 width=87) (actual time=650.471..840.806 rows=18 loops=2)
                                                         Hash Cond: (mi_idx2.movie_id = t2.id)
                                                         ->  Parallel Seq Scan on movie_info_idx mi_idx2  (cost=0.00..15122.68 rows=273383 width=13) (actual time=0.018..212.423 rows=327480 loops=2)
                                                               Filter: ((info)::text < '3.0'::text)
                                                               Rows Removed by Filter: 362537
                                                         ->  Parallel Hash  (cost=70738.56..70738.56 rows=1 width=74) (actual time=594.596..594.596 rows=9 loops=2)
                                                               Buckets: 1024  Batches: 1  Memory Usage: 72kB
                                                               ->  Parallel Hash Join  (cost=21387.24..70738.56 rows=1 width=74) (actual time=357.678..594.510 rows=9 loops=2)
                                                                     Hash Cond: (t2.id = ml.linked_movie_id)
                                                                     ->  Parallel Seq Scan on title t2  (cost=0.00..49166.29 rows=49337 width=25) (actual time=0.036..348.397 rows=59782 loops=2)
                                                                           Filter: (production_year = 2007)
                                                                           Rows Removed by Filter: 1204374
                                                                     ->  Parallel Hash  (cost=21387.06..21387.06 rows=15 width=49) (actual time=232.031..232.031 rows=590 loops=2)
                                                                           Buckets: 1024  Batches: 1  Memory Usage: 168kB
                                                                           ->  Hash Join  (cost=14591.57..21387.06 rows=15 width=49) (actual time=141.752..231.554 rows=590 loops=2)
                                                                                 Hash Cond: (t1.kind_id = kt1.id)
                                                                                 ->  Merge Join  (cost=14590.47..21385.52 rows=102 width=53) (actual time=141.673..231.291 rows=716 loops=2)
                                                                                       Merge Cond: (t1.id = ml.movie_id)
                                                                                       ->  Parallel Index Scan using title_pkey on title t1  (cost=0.43..87333.68 rows=1053463 width=25) (actual time=0.030..80.224 rows=81444 loops=2)
                                                                                       ->  Sort  (cost=14590.04..14590.65 rows=246 width=44) (actual time=141.188..141.288 rows=1431 loops=2)
                                                                                             Sort Key: ml.movie_id
                                                                                             Sort Method: quicksort  Memory: 213kB
                                                                                             Worker 0:  Sort Method: quicksort  Memory: 213kB
                                                                                             ->  Hash Join  (cost=6611.72..14580.27 rows=246 width=44) (actual time=61.905..140.071 rows=1431 loops=2)
                                                                                                   Hash Cond: (mc1.company_id = cn1.id)
                                                                                                   ->  Merge Join  (cost=651.94..8551.02 rows=26465 width=29) (actual time=9.987..84.648 rows=29022 loops=2)
                                                                                                         Merge Cond: (ml.movie_id = mc1.movie_id)
                                                                                                         ->  Merge Join  (cost=651.06..2920.55 rows=5051 width=21) (actual time=9.871..35.336 rows=6192 loops=2)
                                                                                                               Merge Cond: (mi_idx1.movie_id = ml.movie_id)
                                                                                                               ->  Index Scan using movie_id_movie_info_idx on movie_info_idx mi_idx1  (cost=0.43..43826.36 rows=1380035 width=13) (actual time=0.030..16.191 rows=63901 loops=2)
                                                                                                               ->  Sort  (cost=650.63..654.80 rows=1666 width=8) (actual time=9.810..10.338 rows=6443 loops=2)
                                                                                                                     Sort Key: ml.movie_id
                                                                                                                     Sort Method: quicksort  Memory: 205kB
                                                                                                                     Worker 0:  Sort Method: quicksort  Memory: 205kB
                                                                                                                     ->  Hash Join  (cost=1.24..561.48 rows=1666 width=8) (actual time=0.132..8.701 rows=2315 loops=2)
                                                                                                                           Hash Cond: (ml.link_type_id = lt.id)
                                                                                                                           ->  Seq Scan on movie_link ml  (cost=0.00..462.97 rows=29997 width=12) (actual time=0.029..4.473 rows=29997 loops=2)
                                                                                                                           ->  Hash  (cost=1.23..1.23 rows=1 width=4) (actual time=0.038..0.039 rows=2 loops=2)
                                                                                                                                 Buckets: 1024  Batches: 1  Memory Usage: 9kB
                                                                                                                                 ->  Seq Scan on link_type lt  (cost=0.00..1.23 rows=1 width=4) (actual time=0.022..0.027 rows=2 loops=2)
                                                                                                                                       Filter: ((link)::text ~~ '%follow%'::text)
                                                                                                                                       Rows Removed by Filter: 16
                                                                                                         ->  Index Scan using movie_id_movie_companies on movie_companies mc1  (cost=0.43..131550.35 rows=2609129 width=8) (actual time=0.027..32.974 rows=111067 loops=2)
                                                                                                   ->  Hash  (cost=5932.46..5932.46 rows=2185 width=23) (actual time=51.894..51.894 rows=2340 loops=2)
                                                                                                         Buckets: 4096  Batches: 1  Memory Usage: 160kB
                                                                                                         ->  Seq Scan on company_name cn1  (cost=0.00..5932.46 rows=2185 width=23) (actual time=0.047..50.330 rows=2340 loops=2)
                                                                                                               Filter: ((country_code)::text = '[nl]'::text)
                                                                                                               Rows Removed by Filter: 232657
                                                                                 ->  Hash  (cost=1.09..1.09 rows=1 width=4) (actual time=0.027..0.027 rows=1 loops=2)
                                                                                       Buckets: 1024  Batches: 1  Memory Usage: 9kB
                                                                                       ->  Seq Scan on kind_type kt1  (cost=0.00..1.09 rows=1 width=4) (actual time=0.016..0.018 rows=1 loops=2)
                                                                                             Filter: ((kind)::text = 'tv series'::text)
                                                                                             Rows Removed by Filter: 6
                                                   ->  Hash  (cost=2.41..2.41 rows=1 width=4) (actual time=0.059..0.059 rows=1 loops=2)
                                                         Buckets: 1024  Batches: 1  Memory Usage: 9kB
                                                         ->  Seq Scan on info_type it1  (cost=0.00..2.41 rows=1 width=4) (actual time=0.038..0.040 rows=1 loops=2)
                                                               Filter: ((info)::text = 'rating'::text)
                                                               Rows Removed by Filter: 112
               ->  Hash  (cost=1.09..1.09 rows=1 width=4) (actual time=0.029..0.029 rows=1 loops=1)
                     Buckets: 1024  Batches: 1  Memory Usage: 9kB
                     ->  Seq Scan on kind_type kt2  (cost=0.00..1.09 rows=1 width=4) (actual time=0.017..0.019 rows=1 loops=1)
                           Filter: ((kind)::text = 'tv series'::text)
                           Rows Removed by Filter: 6
         ->  Hash  (cost=2.41..2.41 rows=1 width=4) (actual time=0.046..0.046 rows=1 loops=1)
               Buckets: 1024  Batches: 1  Memory Usage: 9kB
               ->  Seq Scan on info_type it2  (cost=0.00..2.41 rows=1 width=4) (actual time=0.025..0.028 rows=1 loops=1)
                     Filter: ((info)::text = 'rating'::text)
                     Rows Removed by Filter: 112
 Planning Time: 115.045 ms
 Execution Time: 1271.444 ms
(90 rows)

execute /home/pei/Project/benchmarks/imdb_job-postgres/skinner_explained/33c.sql_explained.sql
SET
SET
                                                                                                                                       QUERY PLAN                                                                                                                                        
-----------------------------------------------------------------------------------------------------------------------------------------------------------------------------------------------------------------------------------------------------------------------------------------
 Aggregate  (cost=141754.28..141754.29 rows=1 width=192) (actual time=1611.346..1611.346 rows=1 loops=1)
   ->  Hash Join  (cost=133569.54..141754.26 rows=1 width=82) (actual time=1497.598..1611.218 rows=114 loops=1)
         Hash Cond: (t1.kind_id = kt1.id)
         ->  Merge Join  (cost=133568.42..141753.15 rows=1 width=86) (actual time=1497.484..1611.062 rows=114 loops=1)
               Merge Cond: (t1.id = ml.movie_id)
               ->  Index Scan using title_pkey on title t1  (cost=0.43..102082.17 rows=2528312 width=25) (actual time=0.026..116.888 rows=152917 loops=1)
               ->  Sort  (cost=133567.99..133568.00 rows=1 width=77) (actual time=1476.725..1476.736 rows=114 loops=1)
                     Sort Key: mc1.movie_id
                     Sort Method: quicksort  Memory: 42kB
                     ->  Hash Join  (cost=131373.01..133567.98 rows=1 width=77) (actual time=1464.340..1476.588 rows=114 loops=1)
                           Hash Cond: (mi_idx1.info_type_id = it1.id)
                           ->  Merge Join  (cost=131370.59..133565.36 rows=70 width=81) (actual time=1464.254..1476.452 rows=342 loops=1)
                                 Merge Cond: (mi_idx1.movie_id = ml.movie_id)
                                 ->  Index Scan using movie_id_movie_info_idx on movie_info_idx mi_idx1  (cost=0.43..43826.36 rows=1380035 width=13) (actual time=0.025..9.059 rows=50698 loops=1)
                                 ->  Sort  (cost=131370.16..131370.22 rows=23 width=68) (actual time=1461.790..1461.817 rows=347 loops=1)
                                       Sort Key: mc1.movie_id
                                       Sort Method: quicksort  Memory: 42kB
                                       ->  Gather  (cost=124052.14..131369.64 rows=23 width=68) (actual time=1431.171..1478.424 rows=121 loops=1)
                                             Workers Planned: 1
                                             Workers Launched: 1
                                             ->  Hash Join  (cost=123052.14..130367.34 rows=14 width=68) (actual time=1426.293..1454.833 rows=60 loops=2)
                                                   Hash Cond: (t2.kind_id = kt2.id)
                                                   ->  Parallel Hash Join  (cost=123051.03..130366.03 rows=47 width=72) (actual time=1425.204..1454.633 rows=70 loops=2)
                                                         Hash Cond: (cn2.id = mc2.company_id)
                                                         ->  Parallel Seq Scan on company_name cn2  (cost=0.00..4377.34 rows=138234 width=23) (actual time=0.011..16.117 rows=117498 loops=2)
                                                         ->  Parallel Hash  (cost=123050.62..123050.62 rows=33 width=57) (actual time=1424.536..1424.537 rows=70 loops=2)
                                                               Buckets: 1024  Batches: 1  Memory Usage: 72kB
                                                               ->  Parallel Hash Join  (cost=89312.34..123050.62 rows=33 width=57) (actual time=1035.834..1424.457 rows=70 loops=2)
                                                                     Hash Cond: (mc2.movie_id = t2.id)
                                                                     ->  Parallel Seq Scan on movie_companies mc2  (cost=0.00..29661.37 rows=1087137 width=8) (actual time=0.008..229.245 rows=1304564 loops=2)
                                                                     ->  Parallel Hash  (cost=89311.94..89311.94 rows=32 width=65) (actual time=1034.580..1034.580 rows=38 loops=2)
                                                                           Buckets: 1024  Batches: 1  Memory Usage: 72kB
                                                                           ->  Parallel Hash Join  (cost=33182.88..89311.94 rows=32 width=65) (actual time=582.733..1034.455 rows=38 loops=2)
                                                                                 Hash Cond: (t2.id = ml.linked_movie_id)
                                                                                 ->  Parallel Seq Scan on title t2  (cost=0.00..51799.95 rows=432897 width=25) (actual time=0.016..405.349 rows=521400 loops=2)
                                                                                       Filter: ((production_year >= 2000) AND (production_year <= 2010))
                                                                                       Rows Removed by Filter: 742756
                                                                                 ->  Parallel Hash  (cost=33181.88..33181.88 rows=80 width=40) (actual time=572.785..572.785 rows=49 loops=2)
                                                                                       Buckets: 1024  Batches: 1  Memory Usage: 72kB
                                                                                       ->  Parallel Hash Join  (cost=26712.90..33181.88 rows=80 width=40) (actual time=501.562..572.585 rows=49 loops=2)
                                                                                             Hash Cond: (mc1.company_id = cn1.id)
                                                                                             ->  Hash Join  (cost=21066.29..27534.89 rows=149 width=25) (actual time=429.089..499.779 rows=63 loops=2)
                                                                                                   Hash Cond: (mi_idx2.info_type_id = it2.id)
                                                                                                   ->  Parallel Hash Join  (cost=21063.87..27486.73 rows=16791 width=29) (actual time=428.633..499.018 rows=6846 loops=2)
                                                                                                         Hash Cond: (ml.linked_movie_id = mi_idx2.movie_id)
                                                                                                         ->  Merge Join  (cost=869.16..5648.12 rows=10916 width=16) (actual time=9.281..39.491 rows=5049 loops=2)
                                                                                                               Merge Cond: (mc1.movie_id = ml.movie_id)
                                                                                                               ->  Parallel Index Scan using movie_id_movie_companies on movie_companies mc1  (cost=0.43..116330.44 rows=1087137 width=8) (actual time=0.017..22.824 rows=49939 loops=2)
                                                                                                               ->  Sort  (cost=868.72..881.22 rows=5000 width=8) (actual time=9.157..9.563 rows=6226 loops=2)
                                                                                                                     Sort Key: ml.movie_id
                                                                                                                     Sort Method: quicksort  Memory: 205kB
                                                                                                                     Worker 0:  Sort Method: quicksort  Memory: 205kB
                                                                                                                     ->  Hash Join  (cost=1.29..561.53 rows=5000 width=8) (actual time=0.086..8.176 rows=2315 loops=2)
                                                                                                                           Hash Cond: (ml.link_type_id = lt.id)
                                                                                                                           ->  Seq Scan on movie_link ml  (cost=0.00..462.97 rows=29997 width=12) (actual time=0.036..4.057 rows=29997 loops=2)
                                                                                                                           ->  Hash  (cost=1.25..1.25 rows=3 width=4) (actual time=0.032..0.032 rows=2 loops=2)
                                                                                                                                 Buckets: 1024  Batches: 1  Memory Usage: 9kB
                                                                                                                                 ->  Seq Scan on link_type lt  (cost=0.00..1.25 rows=3 width=4) (actual time=0.025..0.029 rows=2 loops=2)
                                                                                                                                       Filter: ((link)::text = ANY ('{sequel,follows,"followed by"}'::text[]))
                                                                                                                                       Rows Removed by Filter: 16
                                                                                                         ->  Parallel Hash  (cost=15122.68..15122.68 rows=291762 width=13) (actual time=376.629..376.629 rows=351960 loops=2)
                                                                                                               Buckets: 131072  Batches: 16  Memory Usage: 3360kB
                                                                                                               ->  Parallel Seq Scan on movie_info_idx mi_idx2  (cost=0.00..15122.68 rows=291762 width=13) (actual time=0.023..225.561 rows=351960 loops=2)
                                                                                                                     Filter: ((info)::text < '3.5'::text)
                                                                                                                     Rows Removed by Filter: 338058
                                                                                                   ->  Hash  (cost=2.41..2.41 rows=1 width=4) (actual time=0.060..0.060 rows=1 loops=2)
                                                                                                         Buckets: 1024  Batches: 1  Memory Usage: 9kB
                                                                                                         ->  Seq Scan on info_type it2  (cost=0.00..2.41 rows=1 width=4) (actual time=0.047..0.050 rows=1 loops=2)
                                                                                                               Filter: ((info)::text = 'rating'::text)
                                                                                                               Rows Removed by Filter: 112
                                                                                             ->  Parallel Hash  (cost=4722.92..4722.92 rows=73895 width=23) (actual time=71.261..71.261 rows=63115 loops=2)
                                                                                                   Buckets: 131072  Batches: 1  Memory Usage: 8256kB
                                                                                                   ->  Parallel Seq Scan on company_name cn1  (cost=0.00..4722.92 rows=73895 width=23) (actual time=0.033..38.068 rows=63115 loops=2)
                                                                                                         Filter: ((country_code)::text <> '[us]'::text)
                                                                                                         Rows Removed by Filter: 54384
                                                   ->  Hash  (cost=1.09..1.09 rows=2 width=4) (actual time=0.057..0.057 rows=2 loops=2)
                                                         Buckets: 1024  Batches: 1  Memory Usage: 9kB
                                                         ->  Seq Scan on kind_type kt2  (cost=0.00..1.09 rows=2 width=4) (actual time=0.036..0.038 rows=2 loops=2)
                                                               Filter: ((kind)::text = ANY ('{"tv series",episode}'::text[]))
                                                               Rows Removed by Filter: 5
                           ->  Hash  (cost=2.41..2.41 rows=1 width=4) (actual time=0.034..0.034 rows=1 loops=1)
                                 Buckets: 1024  Batches: 1  Memory Usage: 9kB
                                 ->  Seq Scan on info_type it1  (cost=0.00..2.41 rows=1 width=4) (actual time=0.022..0.024 rows=1 loops=1)
                                       Filter: ((info)::text = 'rating'::text)
                                       Rows Removed by Filter: 112
         ->  Hash  (cost=1.09..1.09 rows=2 width=4) (actual time=0.037..0.037 rows=2 loops=1)
               Buckets: 1024  Batches: 1  Memory Usage: 9kB
               ->  Seq Scan on kind_type kt1  (cost=0.00..1.09 rows=2 width=4) (actual time=0.014..0.017 rows=2 loops=1)
                     Filter: ((kind)::text = ANY ('{"tv series",episode}'::text[]))
                     Rows Removed by Filter: 5
 Planning Time: 109.499 ms
 Execution Time: 1629.262 ms
(92 rows)

execute /home/pei/Project/benchmarks/imdb_job-postgres/skinner_explained/3a.sql_explained.sql
SET
SET
                                                                                     QUERY PLAN                                                                                      
-------------------------------------------------------------------------------------------------------------------------------------------------------------------------------------
 Finalize Aggregate  (cost=389853.80..389853.81 rows=1 width=32) (actual time=3082.568..3082.568 rows=1 loops=1)
   ->  Gather  (cost=389853.58..389853.79 rows=2 width=32) (actual time=3082.171..3088.830 rows=3 loops=1)
         Workers Planned: 2
         Workers Launched: 2
         ->  Partial Aggregate  (cost=388853.58..388853.59 rows=1 width=32) (actual time=3075.415..3075.415 rows=1 loops=3)
               ->  Parallel Hash Join  (cost=337023.30..388853.51 rows=30 width=17) (actual time=2879.982..3075.319 rows=69 loops=3)
                     Hash Cond: (t.id = mi.movie_id)
                     ->  Parallel Seq Scan on title t  (cost=0.00..49166.29 rows=426207 width=21) (actual time=0.026..283.064 rows=337640 loops=3)
                           Filter: (production_year > 2005)
                           Rows Removed by Filter: 505131
                     ->  Parallel Hash  (cost=337022.38..337022.38 rows=74 width=8) (actual time=2743.054..2743.054 rows=589 loops=3)
                           Buckets: 1024  Batches: 1  Memory Usage: 104kB
                           ->  Parallel Hash Join  (cost=50880.48..337022.38 rows=74 width=8) (actual time=604.400..2742.462 rows=589 loops=3)
                                 Hash Cond: (mi.movie_id = mk.movie_id)
                                 ->  Parallel Seq Scan on movie_info mi  (cost=0.00..285615.00 rows=60182 width=4) (actual time=0.962..2132.393 rows=51299 loops=3)
                                       Filter: ((info)::text = ANY ('{Sweden,Norway,Germany,Denmark,Swedish,Denish,Norwegian,German}'::text[]))
                                       Rows Removed by Filter: 4893941
                                 ->  Parallel Hash  (cost=50878.20..50878.20 rows=182 width=4) (actual time=599.581..599.581 rows=4317 loops=3)
                                       Buckets: 16384 (originally 1024)  Batches: 1 (originally 1)  Memory Usage: 760kB
                                       ->  Hash Join  (cost=2626.29..50878.20 rows=182 width=4) (actual time=34.524..477.717 rows=4317 loops=3)
                                             Hash Cond: (mk.keyword_id = k.id)
                                             ->  Parallel Seq Scan on movie_keyword mk  (cost=0.00..43303.71 rows=1884971 width=8) (actual time=0.027..257.503 rows=1507977 loops=3)
                                             ->  Hash  (cost=2626.12..2626.12 rows=13 width=4) (actual time=33.936..33.936 rows=30 loops=3)
                                                   Buckets: 1024  Batches: 1  Memory Usage: 10kB
                                                   ->  Seq Scan on keyword k  (cost=0.00..2626.12 rows=13 width=4) (actual time=1.966..33.882 rows=30 loops=3)
                                                         Filter: ((keyword)::text ~~ '%sequel%'::text)
                                                         Rows Removed by Filter: 134140
 Planning Time: 3.740 ms
 Execution Time: 3089.224 ms
(29 rows)

execute /home/pei/Project/benchmarks/imdb_job-postgres/skinner_explained/3b.sql_explained.sql
SET
SET
                                                                                     QUERY PLAN                                                                                      
-------------------------------------------------------------------------------------------------------------------------------------------------------------------------------------
 Finalize Aggregate  (cost=340923.67..340923.68 rows=1 width=32) (actual time=2194.123..2194.123 rows=1 loops=1)
   ->  Gather  (cost=340923.45..340923.66 rows=2 width=32) (actual time=2193.810..2200.736 rows=3 loops=1)
         Workers Planned: 2
         Workers Launched: 2
         ->  Partial Aggregate  (cost=339923.45..339923.46 rows=1 width=32) (actual time=2187.218..2187.219 rows=1 loops=3)
               ->  Parallel Hash Join  (cost=290135.26..339923.45 rows=1 width=17) (actual time=2150.411..2187.196 rows=2 loops=3)
                     Hash Cond: (t.id = mi.movie_id)
                     ->  Parallel Seq Scan on title t  (cost=0.00..49166.29 rows=165838 width=21) (actual time=0.027..257.604 rows=130555 loops=3)
                           Filter: (production_year > 2010)
                           Rows Removed by Filter: 712215
                     ->  Parallel Hash  (cost=290135.24..290135.24 rows=1 width=8) (actual time=1911.780..1911.780 rows=7 loops=3)
                           Buckets: 1024  Batches: 1  Memory Usage: 104kB
                           ->  Parallel Hash Join  (cost=50880.48..290135.24 rows=1 width=8) (actual time=709.114..1911.656 rows=7 loops=3)
                                 Hash Cond: (mi.movie_id = mk.movie_id)
                                 ->  Parallel Seq Scan on movie_info mi  (cost=0.00..239253.38 rows=158 width=4) (actual time=74.869..1302.517 rows=762 loops=3)
                                       Filter: ((info)::text = 'Bulgaria'::text)
                                       Rows Removed by Filter: 4944478
                                 ->  Parallel Hash  (cost=50878.20..50878.20 rows=182 width=4) (actual time=608.490..608.491 rows=4317 loops=3)
                                       Buckets: 16384 (originally 1024)  Batches: 1 (originally 1)  Memory Usage: 760kB
                                       ->  Hash Join  (cost=2626.29..50878.20 rows=182 width=4) (actual time=34.323..480.979 rows=4317 loops=3)
                                             Hash Cond: (mk.keyword_id = k.id)
                                             ->  Parallel Seq Scan on movie_keyword mk  (cost=0.00..43303.71 rows=1884971 width=8) (actual time=0.027..261.373 rows=1507977 loops=3)
                                             ->  Hash  (cost=2626.12..2626.12 rows=13 width=4) (actual time=33.972..33.972 rows=30 loops=3)
                                                   Buckets: 1024  Batches: 1  Memory Usage: 10kB
                                                   ->  Seq Scan on keyword k  (cost=0.00..2626.12 rows=13 width=4) (actual time=1.963..33.922 rows=30 loops=3)
                                                         Filter: ((keyword)::text ~~ '%sequel%'::text)
                                                         Rows Removed by Filter: 134140
 Planning Time: 3.534 ms
 Execution Time: 2201.174 ms
(29 rows)

execute /home/pei/Project/benchmarks/imdb_job-postgres/skinner_explained/3c.sql_explained.sql
SET
SET
                                                                                     QUERY PLAN                                                                                      
-------------------------------------------------------------------------------------------------------------------------------------------------------------------------------------
 Finalize Aggregate  (cost=409155.23..409155.24 rows=1 width=32) (actual time=4203.028..4203.028 rows=1 loops=1)
   ->  Gather  (cost=409155.02..409155.23 rows=2 width=32) (actual time=4202.491..4209.461 rows=3 loops=1)
         Workers Planned: 2
         Workers Launched: 2
         ->  Partial Aggregate  (cost=408155.02..408155.03 rows=1 width=32) (actual time=4195.873..4195.873 rows=1 loops=3)
               ->  Parallel Hash Join  (cost=354417.68..408154.42 rows=241 width=17) (actual time=3831.594..4194.535 rows=2417 loops=3)
                     Hash Cond: (t.id = mi.movie_id)
                     ->  Parallel Seq Scan on title t  (cost=0.00..49166.29 rows=731112 width=21) (actual time=0.028..293.529 rows=583011 loops=3)
                           Filter: (production_year > 1990)
                           Rows Removed by Filter: 259760
                     ->  Parallel Hash  (cost=354413.34..354413.34 rows=347 width=8) (actual time=3824.324..3824.324 rows=4054 loops=3)
                           Buckets: 16384 (originally 1024)  Batches: 1 (originally 1)  Memory Usage: 760kB
                           ->  Parallel Hash Join  (cost=50880.48..354413.34 rows=347 width=8) (actual time=609.140..2915.688 rows=4054 loops=3)
                                 Hash Cond: (mi.movie_id = mk.movie_id)
                                 ->  Parallel Seq Scan on movie_info mi  (cost=0.00..301068.88 rows=281434 width=4) (actual time=1.061..2277.321 rows=235558 loops=3)
                                       Filter: ((info)::text = ANY ('{Sweden,Norway,Germany,Denmark,Swedish,Denish,Norwegian,German,USA,American}'::text[]))
                                       Rows Removed by Filter: 4709682
                                 ->  Parallel Hash  (cost=50878.20..50878.20 rows=182 width=4) (actual time=604.015..604.015 rows=4317 loops=3)
                                       Buckets: 16384 (originally 1024)  Batches: 1 (originally 1)  Memory Usage: 792kB
                                       ->  Hash Join  (cost=2626.29..50878.20 rows=182 width=4) (actual time=34.699..476.045 rows=4317 loops=3)
                                             Hash Cond: (mk.keyword_id = k.id)
                                             ->  Parallel Seq Scan on movie_keyword mk  (cost=0.00..43303.71 rows=1884971 width=8) (actual time=0.027..255.949 rows=1507977 loops=3)
                                             ->  Hash  (cost=2626.12..2626.12 rows=13 width=4) (actual time=33.864..33.864 rows=30 loops=3)
                                                   Buckets: 1024  Batches: 1  Memory Usage: 10kB
                                                   ->  Seq Scan on keyword k  (cost=0.00..2626.12 rows=13 width=4) (actual time=1.948..33.812 rows=30 loops=3)
                                                         Filter: ((keyword)::text ~~ '%sequel%'::text)
                                                         Rows Removed by Filter: 134140
 Planning Time: 3.772 ms
 Execution Time: 4209.861 ms
(29 rows)

execute /home/pei/Project/benchmarks/imdb_job-postgres/skinner_explained/4a.sql_explained.sql
SET
SET
                                                                                  QUERY PLAN                                                                                   
-------------------------------------------------------------------------------------------------------------------------------------------------------------------------------
 Aggregate  (cost=118372.74..118372.75 rows=1 width=64) (actual time=1169.746..1169.747 rows=1 loops=1)
   ->  Gather  (cost=67607.95..118372.73 rows=2 width=22) (actual time=910.302..1174.993 rows=740 loops=1)
         Workers Planned: 2
         Workers Launched: 2
         ->  Parallel Hash Join  (cost=66607.95..117372.53 rows=1 width=22) (actual time=904.749..1162.513 rows=247 loops=3)
               Hash Cond: (t.id = mi_idx.movie_id)
               ->  Parallel Seq Scan on title t  (cost=0.00..49166.29 rows=426207 width=21) (actual time=0.025..268.915 rows=337640 loops=3)
                     Filter: (production_year > 2005)
                     Rows Removed by Filter: 505131
               ->  Parallel Hash  (cost=66607.92..66607.92 rows=2 width=13) (actual time=847.472..847.472 rows=1940 loops=3)
                     Buckets: 8192 (originally 1024)  Batches: 1 (originally 1)  Memory Usage: 440kB
                     ->  Parallel Hash Join  (cost=50882.90..66607.92 rows=2 width=13) (actual time=600.071..794.588 rows=1940 loops=3)
                           Hash Cond: (mi_idx.movie_id = mk.movie_id)
                           ->  Hash Join  (cost=2.43..15720.19 rows=1934 width=9) (actual time=0.169..178.479 rows=117663 loops=3)
                                 Hash Cond: (mi_idx.info_type_id = it.id)
                                 ->  Parallel Seq Scan on movie_info_idx mi_idx  (cost=0.00..15122.68 rows=218500 width=13) (actual time=0.036..144.216 rows=174440 loops=3)
                                       Filter: ((info)::text > '5.0'::text)
                                       Rows Removed by Filter: 285572
                                 ->  Hash  (cost=2.41..2.41 rows=1 width=4) (actual time=0.060..0.061 rows=1 loops=3)
                                       Buckets: 1024  Batches: 1  Memory Usage: 9kB
                                       ->  Seq Scan on info_type it  (cost=0.00..2.41 rows=1 width=4) (actual time=0.042..0.045 rows=1 loops=3)
                                             Filter: ((info)::text = 'rating'::text)
                                             Rows Removed by Filter: 112
                           ->  Parallel Hash  (cost=50878.20..50878.20 rows=182 width=4) (actual time=599.000..599.000 rows=4317 loops=3)
                                 Buckets: 16384 (originally 1024)  Batches: 1 (originally 1)  Memory Usage: 760kB
                                 ->  Hash Join  (cost=2626.29..50878.20 rows=182 width=4) (actual time=34.916..470.809 rows=4317 loops=3)
                                       Hash Cond: (mk.keyword_id = k.id)
                                       ->  Parallel Seq Scan on movie_keyword mk  (cost=0.00..43303.71 rows=1884971 width=8) (actual time=0.026..251.153 rows=1507977 loops=3)
                                       ->  Hash  (cost=2626.12..2626.12 rows=13 width=4) (actual time=33.974..33.974 rows=30 loops=3)
                                             Buckets: 1024  Batches: 1  Memory Usage: 10kB
                                             ->  Seq Scan on keyword k  (cost=0.00..2626.12 rows=13 width=4) (actual time=1.982..33.923 rows=30 loops=3)
                                                   Filter: ((keyword)::text ~~ '%sequel%'::text)
                                                   Rows Removed by Filter: 134140
 Planning Time: 4.097 ms
 Execution Time: 1175.939 ms
(35 rows)

execute /home/pei/Project/benchmarks/imdb_job-postgres/skinner_explained/4b.sql_explained.sql
SET
SET
                                                                                  QUERY PLAN                                                                                   
-------------------------------------------------------------------------------------------------------------------------------------------------------------------------------
 Aggregate  (cost=116799.72..116799.73 rows=1 width=64) (actual time=878.018..878.019 rows=1 loops=1)
   ->  Gather  (cost=67011.42..116799.71 rows=1 width=22) (actual time=804.699..883.975 rows=6 loops=1)
         Workers Planned: 2
         Workers Launched: 2
         ->  Parallel Hash Join  (cost=66011.42..115799.61 rows=1 width=22) (actual time=826.133..871.417 rows=2 loops=3)
               Hash Cond: (t.id = mi_idx.movie_id)
               ->  Parallel Seq Scan on title t  (cost=0.00..49166.29 rows=165838 width=21) (actual time=0.025..250.255 rows=130555 loops=3)
                     Filter: (production_year > 2010)
                     Rows Removed by Filter: 712215
               ->  Parallel Hash  (cost=66011.41..66011.41 rows=1 width=13) (actual time=603.513..603.513 rows=7 loops=3)
                     Buckets: 1024  Batches: 1  Memory Usage: 104kB
                     ->  Parallel Hash Join  (cost=17758.80..66011.41 rows=1 width=13) (actual time=320.768..603.378 rows=7 loops=3)
                           Hash Cond: (mk.movie_id = mi_idx.movie_id)
                           ->  Hash Join  (cost=2626.29..50878.20 rows=182 width=4) (actual time=35.462..474.773 rows=4317 loops=3)
                                 Hash Cond: (mk.keyword_id = k.id)
                                 ->  Parallel Seq Scan on movie_keyword mk  (cost=0.00..43303.71 rows=1884971 width=8) (actual time=0.016..254.288 rows=1507977 loops=3)
                                 ->  Hash  (cost=2626.12..2626.12 rows=13 width=4) (actual time=34.697..34.698 rows=30 loops=3)
                                       Buckets: 1024  Batches: 1  Memory Usage: 10kB
                                       ->  Seq Scan on keyword k  (cost=0.00..2626.12 rows=13 width=4) (actual time=1.980..34.650 rows=30 loops=3)
                                             Filter: ((keyword)::text ~~ '%sequel%'::text)
                                             Rows Removed by Filter: 134140
                           ->  Parallel Hash  (cost=15132.23..15132.23 rows=23 width=9) (actual time=127.572..127.572 rows=102 loops=3)
                                 Buckets: 1024  Batches: 1  Memory Usage: 104kB
                                 ->  Hash Join  (cost=2.43..15132.23 rows=23 width=9) (actual time=1.503..127.440 rows=102 loops=3)
                                       Hash Cond: (mi_idx.info_type_id = it.id)
                                       ->  Parallel Seq Scan on movie_info_idx mi_idx  (cost=0.00..15122.68 rows=2615 width=13) (actual time=0.106..126.384 rows=2794 loops=3)
                                             Filter: ((info)::text > '9.0'::text)
                                             Rows Removed by Filter: 457218
                                       ->  Hash  (cost=2.41..2.41 rows=1 width=4) (actual time=0.067..0.067 rows=1 loops=3)
                                             Buckets: 1024  Batches: 1  Memory Usage: 9kB
                                             ->  Seq Scan on info_type it  (cost=0.00..2.41 rows=1 width=4) (actual time=0.042..0.045 rows=1 loops=3)
                                                   Filter: ((info)::text = 'rating'::text)
                                                   Rows Removed by Filter: 112
 Planning Time: 4.063 ms
 Execution Time: 884.453 ms
(35 rows)

execute /home/pei/Project/benchmarks/imdb_job-postgres/skinner_explained/4c.sql_explained.sql
SET
SET
                                                                                     QUERY PLAN                                                                                      
-------------------------------------------------------------------------------------------------------------------------------------------------------------------------------------
 Finalize Aggregate  (cost=119900.33..119900.34 rows=1 width=64) (actual time=1279.261..1279.261 rows=1 loops=1)
   ->  Gather  (cost=119900.11..119900.32 rows=2 width=64) (actual time=1278.838..1286.175 rows=3 loops=1)
         Workers Planned: 2
         Workers Launched: 2
         ->  Partial Aggregate  (cost=118900.11..118900.12 rows=1 width=64) (actual time=1272.118..1272.118 rows=1 loops=3)
               ->  Parallel Hash Join  (cost=66992.13..118900.10 rows=2 width=22) (actual time=900.029..1270.731 rows=1567 loops=3)
                     Hash Cond: (t.id = mi_idx.movie_id)
                     ->  Parallel Seq Scan on title t  (cost=0.00..49166.29 rows=731112 width=21) (actual time=0.028..293.473 rows=583011 loops=3)
                           Filter: (production_year > 1990)
                           Rows Removed by Filter: 259760
                     ->  Parallel Hash  (cost=66992.09..66992.09 rows=3 width=13) (actual time=898.188..898.188 rows=2697 loops=3)
                           Buckets: 8192 (originally 1024)  Batches: 1 (originally 1)  Memory Usage: 536kB
                           ->  Parallel Hash Join  (cost=50882.90..66992.09 rows=3 width=13) (actual time=608.292..833.496 rows=2697 loops=3)
                                 Hash Cond: (mi_idx.movie_id = mk.movie_id)
                                 ->  Hash Join  (cost=2.43..16099.73 rows=3167 width=9) (actual time=0.171..204.840 rows=149656 loops=3)
                                       Hash Cond: (mi_idx.info_type_id = it.id)
                                       ->  Parallel Seq Scan on movie_info_idx mi_idx  (cost=0.00..15122.68 rows=357862 width=13) (actual time=0.039..155.432 rows=287152 loops=3)
                                             Filter: ((info)::text > '2.0'::text)
                                             Rows Removed by Filter: 172860
                                       ->  Hash  (cost=2.41..2.41 rows=1 width=4) (actual time=0.062..0.062 rows=1 loops=3)
                                             Buckets: 1024  Batches: 1  Memory Usage: 9kB
                                             ->  Seq Scan on info_type it  (cost=0.00..2.41 rows=1 width=4) (actual time=0.043..0.046 rows=1 loops=3)
                                                   Filter: ((info)::text = 'rating'::text)
                                                   Rows Removed by Filter: 112
                                 ->  Parallel Hash  (cost=50878.20..50878.20 rows=182 width=4) (actual time=607.347..607.347 rows=4317 loops=3)
                                       Buckets: 16384 (originally 1024)  Batches: 1 (originally 1)  Memory Usage: 792kB
                                       ->  Hash Join  (cost=2626.29..50878.20 rows=182 width=4) (actual time=34.402..477.481 rows=4317 loops=3)
                                             Hash Cond: (mk.keyword_id = k.id)
                                             ->  Parallel Seq Scan on movie_keyword mk  (cost=0.00..43303.71 rows=1884971 width=8) (actual time=0.027..257.946 rows=1507977 loops=3)
                                             ->  Hash  (cost=2626.12..2626.12 rows=13 width=4) (actual time=34.099..34.099 rows=30 loops=3)
                                                   Buckets: 1024  Batches: 1  Memory Usage: 10kB
                                                   ->  Seq Scan on keyword k  (cost=0.00..2626.12 rows=13 width=4) (actual time=1.980..34.049 rows=30 loops=3)
                                                         Filter: ((keyword)::text ~~ '%sequel%'::text)
                                                         Rows Removed by Filter: 134140
 Planning Time: 4.043 ms
 Execution Time: 1286.658 ms
(36 rows)

execute /home/pei/Project/benchmarks/imdb_job-postgres/skinner_explained/5a.sql_explained.sql
SET
SET
                                                                                      QUERY PLAN                                                                                       
---------------------------------------------------------------------------------------------------------------------------------------------------------------------------------------
 Finalize Aggregate  (cost=372724.06..372724.07 rows=1 width=32) (actual time=261.549..261.549 rows=1 loops=1)
   ->  Gather  (cost=372723.84..372724.05 rows=2 width=32) (actual time=261.379..263.402 rows=3 loops=1)
         Workers Planned: 2
         Workers Launched: 2
         ->  Partial Aggregate  (cost=371723.84..371723.85 rows=1 width=32) (actual time=254.761..254.762 rows=1 loops=3)
               ->  Hash Join  (cost=85882.87..371723.72 rows=48 width=17) (actual time=254.759..254.759 rows=0 loops=3)
                     Hash Cond: (mi.info_type_id = it.id)
                     ->  Parallel Hash Join  (cost=85879.33..371720.05 rows=48 width=21) (actual time=254.474..254.474 rows=0 loops=3)
                           Hash Cond: (mi.movie_id = t.id)
                           ->  Parallel Seq Scan on movie_info mi  (cost=0.00..285615.00 rows=60182 width=8) (never executed)
                                 Filter: ((info)::text = ANY ('{Sweden,Norway,Germany,Denmark,Swedish,Denish,Norwegian,German}'::text[]))
                           ->  Parallel Hash  (cost=85877.27..85877.27 rows=165 width=25) (actual time=254.094..254.094 rows=0 loops=3)
                                 Buckets: 1024  Batches: 1  Memory Usage: 0kB
                                 ->  Parallel Hash Join  (cost=35112.01..85877.27 rows=165 width=25) (actual time=254.031..254.032 rows=0 loops=3)
                                       Hash Cond: (t.id = mc.movie_id)
                                       ->  Parallel Seq Scan on title t  (cost=0.00..49166.29 rows=426207 width=21) (never executed)
                                             Filter: (production_year > 2005)
                                       ->  Parallel Hash  (cost=35106.92..35106.92 rows=407 width=4) (actual time=253.987..253.987 rows=0 loops=3)
                                             Buckets: 1024  Batches: 1  Memory Usage: 0kB
                                             ->  Hash Join  (cost=1.06..35106.92 rows=407 width=4) (actual time=253.963..253.964 rows=0 loops=3)
                                                   Hash Cond: (mc.company_type_id = ct.id)
                                                   ->  Parallel Seq Scan on movie_companies mc  (cost=0.00..35097.06 rows=1629 width=8) (actual time=5.787..252.244 rows=8008 loops=3)
                                                         Filter: (((note)::text ~~ '%(theatrical)%'::text) AND ((note)::text ~~ '%(France)%'::text))
                                                         Rows Removed by Filter: 861701
                                                   ->  Hash  (cost=1.05..1.05 rows=1 width=4) (actual time=0.046..0.046 rows=1 loops=3)
                                                         Buckets: 1024  Batches: 1  Memory Usage: 9kB
                                                         ->  Seq Scan on company_type ct  (cost=0.00..1.05 rows=1 width=4) (actual time=0.034..0.036 rows=1 loops=3)
                                                               Filter: ((kind)::text = 'production companies'::text)
                                                               Rows Removed by Filter: 3
                     ->  Hash  (cost=2.13..2.13 rows=113 width=4) (actual time=0.091..0.091 rows=113 loops=3)
                           Buckets: 1024  Batches: 1  Memory Usage: 12kB
                           ->  Seq Scan on info_type it  (cost=0.00..2.13 rows=113 width=4) (actual time=0.030..0.044 rows=113 loops=3)
 Planning Time: 4.608 ms
 Execution Time: 263.846 ms
(34 rows)

execute /home/pei/Project/benchmarks/imdb_job-postgres/skinner_explained/5b.sql_explained.sql
SET
SET
                                                                                     QUERY PLAN                                                                                     
------------------------------------------------------------------------------------------------------------------------------------------------------------------------------------
 Finalize Aggregate  (cost=328691.22..328691.23 rows=1 width=32) (actual time=246.382..246.382 rows=1 loops=1)
   ->  Gather  (cost=328691.00..328691.21 rows=2 width=32) (actual time=246.235..248.250 rows=3 loops=1)
         Workers Planned: 2
         Workers Launched: 2
         ->  Partial Aggregate  (cost=327691.00..327691.01 rows=1 width=32) (actual time=239.878..239.879 rows=1 loops=3)
               ->  Hash Join  (cost=87607.92..327691.00 rows=1 width=17) (actual time=239.876..239.876 rows=0 loops=3)
                     Hash Cond: (mi.info_type_id = it.id)
                     ->  Parallel Hash Join  (cost=87604.38..327687.46 rows=1 width=21) (actual time=239.593..239.593 rows=0 loops=3)
                           Hash Cond: (mi.movie_id = t.id)
                           ->  Parallel Seq Scan on movie_info mi  (cost=0.00..239253.38 rows=221252 width=8) (never executed)
                                 Filter: ((info)::text = ANY ('{USA,America}'::text[]))
                           ->  Parallel Hash  (cost=87604.36..87604.36 rows=1 width=25) (actual time=239.230..239.230 rows=0 loops=3)
                                 Buckets: 1024  Batches: 1  Memory Usage: 0kB
                                 ->  Parallel Hash Join  (cost=37816.17..87604.36 rows=1 width=25) (actual time=239.146..239.147 rows=0 loops=3)
                                       Hash Cond: (t.id = mc.movie_id)
                                       ->  Parallel Seq Scan on title t  (cost=0.00..49166.29 rows=165838 width=21) (never executed)
                                             Filter: (production_year > 2010)
                                       ->  Parallel Hash  (cost=37816.09..37816.09 rows=6 width=4) (actual time=239.108..239.108 rows=0 loops=3)
                                             Buckets: 1024  Batches: 1  Memory Usage: 0kB
                                             ->  Hash Join  (cost=1.06..37816.09 rows=6 width=4) (actual time=239.081..239.081 rows=0 loops=3)
                                                   Hash Cond: (mc.company_type_id = ct.id)
                                                   ->  Parallel Seq Scan on movie_companies mc  (cost=0.00..37814.90 rows=25 width=8) (actual time=7.036..238.751 rows=473 loops=3)
                                                         Filter: (((note)::text ~~ '%(VHS)%'::text) AND ((note)::text ~~ '%(USA)%'::text) AND ((note)::text ~~ '%(1994)%'::text))
                                                         Rows Removed by Filter: 869237
                                                   ->  Hash  (cost=1.05..1.05 rows=1 width=4) (actual time=0.044..0.044 rows=1 loops=3)
                                                         Buckets: 1024  Batches: 1  Memory Usage: 9kB
                                                         ->  Seq Scan on company_type ct  (cost=0.00..1.05 rows=1 width=4) (actual time=0.033..0.034 rows=1 loops=3)
                                                               Filter: ((kind)::text = 'production companies'::text)
                                                               Rows Removed by Filter: 3
                     ->  Hash  (cost=2.13..2.13 rows=113 width=4) (actual time=0.090..0.090 rows=113 loops=3)
                           Buckets: 1024  Batches: 1  Memory Usage: 12kB
                           ->  Seq Scan on info_type it  (cost=0.00..2.13 rows=113 width=4) (actual time=0.026..0.040 rows=113 loops=3)
 Planning Time: 4.470 ms
 Execution Time: 248.709 ms
(34 rows)

execute /home/pei/Project/benchmarks/imdb_job-postgres/skinner_explained/5c.sql_explained.sql
SET
SET
                                                                                       QUERY PLAN                                                                                        
-----------------------------------------------------------------------------------------------------------------------------------------------------------------------------------------
 Finalize Aggregate  (cost=391106.63..391106.64 rows=1 width=32) (actual time=2947.473..2947.473 rows=1 loops=1)
   ->  Gather  (cost=391106.42..391106.63 rows=2 width=32) (actual time=2947.062..2952.731 rows=3 loops=1)
         Workers Planned: 2
         Workers Launched: 2
         ->  Partial Aggregate  (cost=390106.42..390106.43 rows=1 width=32) (actual time=2940.798..2940.799 rows=1 loops=3)
               ->  Hash Join  (cost=87874.47..390061.87 rows=17818 width=17) (actual time=730.730..2940.552 rows=223 loops=3)
                     Hash Cond: (mi.info_type_id = it.id)
                     ->  Parallel Hash Join  (cost=87870.93..390009.80 rows=17818 width=21) (actual time=730.452..2940.137 rows=223 loops=3)
                           Hash Cond: (mi.movie_id = t.id)
                           ->  Parallel Seq Scan on movie_info mi  (cost=0.00..301068.88 rows=281434 width=8) (actual time=1.287..2273.178 rows=235558 loops=3)
                                 Filter: ((info)::text = ANY ('{Sweden,Norway,Germany,Denmark,Swedish,Denish,Norwegian,German,USA,American}'::text[]))
                                 Rows Removed by Filter: 4709682
                           ->  Parallel Hash  (cost=87706.73..87706.73 rows=13136 width=25) (actual time=639.798..639.798 rows=256 loops=3)
                                 Buckets: 32768  Batches: 1  Memory Usage: 352kB
                                 ->  Parallel Hash Join  (cost=35744.04..87706.73 rows=13136 width=25) (actual time=306.220..639.187 rows=256 loops=3)
                                       Hash Cond: (t.id = mc.movie_id)
                                       ->  Parallel Seq Scan on title t  (cost=0.00..49166.29 rows=731112 width=21) (actual time=0.024..283.721 rows=583011 loops=3)
                                             Filter: (production_year > 1990)
                                             Rows Removed by Filter: 259760
                                       ->  Parallel Hash  (cost=35507.44..35507.44 rows=18928 width=4) (actual time=291.893..291.893 rows=266 loops=3)
                                             Buckets: 65536  Batches: 1  Memory Usage: 608kB
                                             ->  Hash Join  (cost=1.06..35507.44 rows=18928 width=4) (actual time=207.984..291.563 rows=266 loops=3)
                                                   Hash Cond: (mc.company_type_id = ct.id)
                                                   ->  Parallel Seq Scan on movie_companies mc  (cost=0.00..35097.06 rows=75712 width=8) (actual time=0.037..281.211 rows=98543 loops=3)
                                                         Filter: (((note)::text !~~ '%(TV)%'::text) AND ((note)::text ~~ '%(USA)%'::text))
                                                         Rows Removed by Filter: 771167
                                                   ->  Hash  (cost=1.05..1.05 rows=1 width=4) (actual time=0.044..0.045 rows=1 loops=3)
                                                         Buckets: 1024  Batches: 1  Memory Usage: 9kB
                                                         ->  Seq Scan on company_type ct  (cost=0.00..1.05 rows=1 width=4) (actual time=0.033..0.034 rows=1 loops=3)
                                                               Filter: ((kind)::text = 'production companies'::text)
                                                               Rows Removed by Filter: 3
                     ->  Hash  (cost=2.13..2.13 rows=113 width=4) (actual time=0.089..0.089 rows=113 loops=3)
                           Buckets: 1024  Batches: 1  Memory Usage: 12kB
                           ->  Seq Scan on info_type it  (cost=0.00..2.13 rows=113 width=4) (actual time=0.029..0.043 rows=113 loops=3)
 Planning Time: 4.376 ms
 Execution Time: 2953.177 ms
(36 rows)

execute /home/pei/Project/benchmarks/imdb_job-postgres/skinner_explained/6a.sql_explained.sql
SET
SET
                                                                                     QUERY PLAN                                                                                      
-------------------------------------------------------------------------------------------------------------------------------------------------------------------------------------
 Finalize Aggregate  (cost=622340.59..622340.60 rows=1 width=96) (actual time=5070.115..5070.116 rows=1 loops=1)
   ->  Gather  (cost=622340.37..622340.58 rows=2 width=96) (actual time=5069.850..5076.389 rows=3 loops=1)
         Workers Planned: 2
         Workers Launched: 2
         ->  Partial Aggregate  (cost=621340.37..621340.38 rows=1 width=96) (actual time=5062.789..5062.789 rows=1 loops=3)
               ->  Parallel Hash Join  (cost=571552.17..621340.36 rows=1 width=48) (actual time=5024.405..5062.758 rows=2 loops=3)
                     Hash Cond: (t.id = mk.movie_id)
                     ->  Parallel Seq Scan on title t  (cost=0.00..49166.29 rows=165838 width=21) (actual time=0.031..260.702 rows=130555 loops=3)
                           Filter: (production_year > 2010)
                           Rows Removed by Filter: 712215
                     ->  Parallel Hash  (cost=571552.15..571552.15 rows=1 width=39) (actual time=4784.361..4784.362 rows=2 loops=3)
                           Buckets: 1024  Batches: 1  Memory Usage: 40kB
                           ->  Parallel Hash Join  (cost=128199.08..571552.15 rows=1 width=39) (actual time=3625.348..4784.240 rows=2 loops=3)
                                 Hash Cond: (ci.movie_id = mk.movie_id)
                                 ->  Parallel Hash Join  (cost=77320.86..520668.25 rows=1511 width=19) (actual time=844.431..4321.115 rows=162 loops=3)
                                       Hash Cond: (ci.person_id = n.id)
                                       ->  Parallel Seq Scan on cast_info ci  (cost=0.00..403705.10 rows=15101810 width=8) (actual time=0.025..2334.195 rows=12081448 loops=3)
                                       ->  Parallel Hash  (cost=77318.68..77318.68 rows=174 width=19) (actual time=523.314..523.314 rows=1 loops=3)
                                             Buckets: 1024  Batches: 1  Memory Usage: 72kB
                                             ->  Parallel Seq Scan on name n  (cost=0.00..77318.68 rows=174 width=19) (actual time=210.286..523.232 rows=1 loops=3)
                                                   Filter: ((name)::text ~~ '%Downey%Robert%'::text)
                                                   Rows Removed by Filter: 1389163
                                 ->  Parallel Hash  (cost=50878.05..50878.05 rows=14 width=20) (actual time=463.018..463.018 rows=5 loops=3)
                                       Buckets: 1024  Batches: 1  Memory Usage: 104kB
                                       ->  Hash Join  (cost=2626.14..50878.05 rows=14 width=20) (actual time=141.769..462.951 rows=5 loops=3)
                                             Hash Cond: (mk.keyword_id = k.id)
                                             ->  Parallel Seq Scan on movie_keyword mk  (cost=0.00..43303.71 rows=1884971 width=8) (actual time=0.026..258.411 rows=1507977 loops=3)
                                             ->  Hash  (cost=2626.12..2626.12 rows=1 width=20) (actual time=22.113..22.113 rows=1 loops=3)
                                                   Buckets: 1024  Batches: 1  Memory Usage: 9kB
                                                   ->  Seq Scan on keyword k  (cost=0.00..2626.12 rows=1 width=20) (actual time=0.675..22.090 rows=1 loops=3)
                                                         Filter: ((keyword)::text = 'marvel-cinematic-universe'::text)
                                                         Rows Removed by Filter: 134169
 Planning Time: 4.984 ms
 Execution Time: 5077.012 ms
(34 rows)

execute /home/pei/Project/benchmarks/imdb_job-postgres/skinner_explained/6b.sql_explained.sql
SET
SET
                                                                                        QUERY PLAN                                                                                         
-------------------------------------------------------------------------------------------------------------------------------------------------------------------------------------------
 Finalize Aggregate  (cost=622719.90..622719.91 rows=1 width=96) (actual time=5045.380..5045.380 rows=1 loops=1)
   ->  Gather  (cost=622719.67..622719.88 rows=2 width=96) (actual time=5044.784..5050.879 rows=3 loops=1)
         Workers Planned: 2
         Workers Launched: 2
         ->  Partial Aggregate  (cost=621719.67..621719.68 rows=1 width=96) (actual time=5038.179..5038.180 rows=1 loops=3)
               ->  Parallel Hash Join  (cost=544400.32..621719.67 rows=1 width=48) (actual time=4889.595..5038.170 rows=4 loops=3)
                     Hash Cond: (n.id = ci.person_id)
                     ->  Parallel Seq Scan on name n  (cost=0.00..77318.68 rows=174 width=19) (actual time=199.202..496.360 rows=1 loops=3)
                           Filter: ((name)::text ~~ '%Downey%Robert%'::text)
                           Rows Removed by Filter: 1389163
                     ->  Parallel Hash  (cost=544400.31..544400.31 rows=1 width=37) (actual time=4541.141..4541.141 rows=128 loops=3)
                           Buckets: 1024  Batches: 1  Memory Usage: 104kB
                           ->  Parallel Hash Join  (cost=101052.25..544400.31 rows=1 width=37) (actual time=1032.984..4540.857 rows=128 loops=3)
                                 Hash Cond: (t.id = mk.movie_id)
                                 ->  Parallel Hash Join  (cost=49166.44..492513.86 rows=167 width=29) (actual time=250.350..3987.047 rows=1033 loops=3)
                                       Hash Cond: (ci.movie_id = t.id)
                                       ->  Parallel Seq Scan on cast_info ci  (cost=0.00..403705.10 rows=15101810 width=8) (actual time=0.031..2146.724 rows=12081448 loops=3)
                                       ->  Parallel Hash  (cost=49166.29..49166.29 rows=12 width=21) (actual time=235.222..235.223 rows=146 loops=3)
                                             Buckets: 1024  Batches: 1  Memory Usage: 104kB
                                             ->  Parallel Seq Scan on title t  (cost=0.00..49166.29 rows=12 width=21) (actual time=100.811..234.954 rows=146 loops=3)
                                                   Filter: (production_year > 2014)
                                                   Rows Removed by Filter: 842625
                                 ->  Parallel Hash  (cost=51884.41..51884.41 rows=112 width=20) (actual time=553.262..553.262 rows=11849 loops=3)
                                       Buckets: 65536 (originally 1024)  Batches: 1 (originally 1)  Memory Usage: 2744kB
                                       ->  Hash Join  (cost=3632.50..51884.41 rows=112 width=20) (actual time=44.264..486.516 rows=11849 loops=3)
                                             Hash Cond: (mk.keyword_id = k.id)
                                             ->  Parallel Seq Scan on movie_keyword mk  (cost=0.00..43303.71 rows=1884971 width=8) (actual time=0.026..253.630 rows=1507977 loops=3)
                                             ->  Hash  (cost=3632.40..3632.40 rows=8 width=20) (actual time=44.059..44.059 rows=8 loops=3)
                                                   Buckets: 1024  Batches: 1  Memory Usage: 9kB
                                                   ->  Seq Scan on keyword k  (cost=0.00..3632.40 rows=8 width=20) (actual time=0.198..44.035 rows=8 loops=3)
                                                         Filter: ((keyword)::text = ANY ('{superhero,sequel,second-part,marvel-comics,based-on-comic,tv-special,fight,violence}'::text[]))
                                                         Rows Removed by Filter: 134162
 Planning Time: 4.740 ms
 Execution Time: 5051.360 ms
(34 rows)

execute /home/pei/Project/benchmarks/imdb_job-postgres/skinner_explained/6c.sql_explained.sql
SET
SET
                                                                                     QUERY PLAN                                                                                      
-------------------------------------------------------------------------------------------------------------------------------------------------------------------------------------
 Finalize Aggregate  (cost=621712.31..621712.32 rows=1 width=96) (actual time=4957.815..4957.815 rows=1 loops=1)
   ->  Gather  (cost=621712.09..621712.30 rows=2 width=96) (actual time=4957.658..4963.543 rows=3 loops=1)
         Workers Planned: 2
         Workers Launched: 2
         ->  Partial Aggregate  (cost=620712.09..620712.10 rows=1 width=96) (actual time=4951.042..4951.042 rows=1 loops=3)
               ->  Parallel Hash Join  (cost=543392.73..620712.08 rows=1 width=48) (actual time=4804.324..4951.023 rows=1 loops=3)
                     Hash Cond: (n.id = ci.person_id)
                     ->  Parallel Seq Scan on name n  (cost=0.00..77318.68 rows=174 width=19) (actual time=196.602..490.002 rows=1 loops=3)
                           Filter: ((name)::text ~~ '%Downey%Robert%'::text)
                           Rows Removed by Filter: 1389163
                     ->  Parallel Hash  (cost=543392.72..543392.72 rows=1 width=37) (actual time=4460.330..4460.330 rows=11 loops=3)
                           Buckets: 1024  Batches: 1  Memory Usage: 104kB
                           ->  Parallel Hash Join  (cost=100044.67..543392.72 rows=1 width=37) (actual time=1084.977..4460.187 rows=11 loops=3)
                                 Hash Cond: (t.id = mk.movie_id)
                                 ->  Parallel Hash Join  (cost=49166.44..492513.86 rows=167 width=29) (actual time=251.922..4002.360 rows=1033 loops=3)
                                       Hash Cond: (ci.movie_id = t.id)
                                       ->  Parallel Seq Scan on cast_info ci  (cost=0.00..403705.10 rows=15101810 width=8) (actual time=0.033..2159.626 rows=12081448 loops=3)
                                       ->  Parallel Hash  (cost=49166.29..49166.29 rows=12 width=21) (actual time=233.756..233.757 rows=146 loops=3)
                                             Buckets: 1024  Batches: 1  Memory Usage: 104kB
                                             ->  Parallel Seq Scan on title t  (cost=0.00..49166.29 rows=12 width=21) (actual time=78.863..233.454 rows=146 loops=3)
                                                   Filter: (production_year > 2014)
                                                   Rows Removed by Filter: 842625
                                 ->  Parallel Hash  (cost=50878.05..50878.05 rows=14 width=20) (actual time=457.541..457.541 rows=5 loops=3)
                                       Buckets: 1024  Batches: 1  Memory Usage: 104kB
                                       ->  Hash Join  (cost=2626.14..50878.05 rows=14 width=20) (actual time=119.770..457.478 rows=5 loops=3)
                                             Hash Cond: (mk.keyword_id = k.id)
                                             ->  Parallel Seq Scan on movie_keyword mk  (cost=0.00..43303.71 rows=1884971 width=8) (actual time=0.025..253.184 rows=1507977 loops=3)
                                             ->  Hash  (cost=2626.12..2626.12 rows=1 width=20) (actual time=21.632..21.632 rows=1 loops=3)
                                                   Buckets: 1024  Batches: 1  Memory Usage: 9kB
                                                   ->  Seq Scan on keyword k  (cost=0.00..2626.12 rows=1 width=20) (actual time=0.639..21.610 rows=1 loops=3)
                                                         Filter: ((keyword)::text = 'marvel-cinematic-universe'::text)
                                                         Rows Removed by Filter: 134169
 Planning Time: 4.389 ms
 Execution Time: 4964.114 ms
(34 rows)

execute /home/pei/Project/benchmarks/imdb_job-postgres/skinner_explained/6d.sql_explained.sql
SET
SET
                                                                                        QUERY PLAN                                                                                         
-------------------------------------------------------------------------------------------------------------------------------------------------------------------------------------------
 Finalize Aggregate  (cost=624885.62..624885.63 rows=1 width=96) (actual time=4976.674..4976.674 rows=1 loops=1)
   ->  Gather  (cost=624885.39..624885.60 rows=2 width=96) (actual time=4976.081..4982.817 rows=3 loops=1)
         Workers Planned: 2
         Workers Launched: 2
         ->  Partial Aggregate  (cost=623885.39..623885.40 rows=1 width=96) (actual time=4969.355..4969.355 rows=1 loops=3)
               ->  Parallel Hash Join  (cost=572559.75..623885.39 rows=1 width=48) (actual time=4805.823..4969.287 rows=29 loops=3)
                     Hash Cond: (t.id = mk.movie_id)
                     ->  Parallel Seq Scan on title t  (cost=0.00..49166.29 rows=575821 width=21) (actual time=0.025..275.824 rows=460484 loops=3)
                           Filter: (production_year > 2000)
                           Rows Removed by Filter: 382286
                     ->  Parallel Hash  (cost=572559.74..572559.74 rows=1 width=39) (actual time=4645.058..4645.058 rows=37 loops=3)
                           Buckets: 1024  Batches: 1  Memory Usage: 104kB
                           ->  Parallel Hash Join  (cost=129206.67..572559.74 rows=1 width=39) (actual time=1343.107..4644.878 rows=37 loops=3)
                                 Hash Cond: (ci.movie_id = mk.movie_id)
                                 ->  Parallel Hash Join  (cost=77320.86..520668.25 rows=1511 width=19) (actual time=797.525..4099.205 rows=162 loops=3)
                                       Hash Cond: (ci.person_id = n.id)
                                       ->  Parallel Seq Scan on cast_info ci  (cost=0.00..403705.10 rows=15101810 width=8) (actual time=0.021..2146.747 rows=12081448 loops=3)
                                       ->  Parallel Hash  (cost=77318.68..77318.68 rows=174 width=19) (actual time=491.719..491.719 rows=1 loops=3)
                                             Buckets: 1024  Batches: 1  Memory Usage: 72kB
                                             ->  Parallel Seq Scan on name n  (cost=0.00..77318.68 rows=174 width=19) (actual time=197.309..491.676 rows=1 loops=3)
                                                   Filter: ((name)::text ~~ '%Downey%Robert%'::text)
                                                   Rows Removed by Filter: 1389163
                                 ->  Parallel Hash  (cost=51884.41..51884.41 rows=112 width=20) (actual time=545.492..545.492 rows=11849 loops=3)
                                       Buckets: 65536 (originally 1024)  Batches: 1 (originally 1)  Memory Usage: 2744kB
                                       ->  Hash Join  (cost=3632.50..51884.41 rows=112 width=20) (actual time=44.166..482.151 rows=11849 loops=3)
                                             Hash Cond: (mk.keyword_id = k.id)
                                             ->  Parallel Seq Scan on movie_keyword mk  (cost=0.00..43303.71 rows=1884971 width=8) (actual time=0.027..250.129 rows=1507977 loops=3)
                                             ->  Hash  (cost=3632.40..3632.40 rows=8 width=20) (actual time=43.716..43.716 rows=8 loops=3)
                                                   Buckets: 1024  Batches: 1  Memory Usage: 9kB
                                                   ->  Seq Scan on keyword k  (cost=0.00..3632.40 rows=8 width=20) (actual time=0.195..43.691 rows=8 loops=3)
                                                         Filter: ((keyword)::text = ANY ('{superhero,sequel,second-part,marvel-comics,based-on-comic,tv-special,fight,violence}'::text[]))
                                                         Rows Removed by Filter: 134162
 Planning Time: 4.793 ms
 Execution Time: 4983.299 ms
(34 rows)

execute /home/pei/Project/benchmarks/imdb_job-postgres/skinner_explained/6e.sql_explained.sql
SET
SET
                                                                                     QUERY PLAN                                                                                      
-------------------------------------------------------------------------------------------------------------------------------------------------------------------------------------
 Finalize Aggregate  (cost=623878.03..623878.04 rows=1 width=96) (actual time=4889.739..4889.740 rows=1 loops=1)
   ->  Gather  (cost=623877.81..623878.02 rows=2 width=96) (actual time=4889.548..4896.006 rows=3 loops=1)
         Workers Planned: 2
         Workers Launched: 2
         ->  Partial Aggregate  (cost=622877.81..622877.82 rows=1 width=96) (actual time=4882.959..4882.960 rows=1 loops=3)
               ->  Parallel Hash Join  (cost=571552.17..622877.80 rows=1 width=48) (actual time=4841.846..4882.927 rows=2 loops=3)
                     Hash Cond: (t.id = mk.movie_id)
                     ->  Parallel Seq Scan on title t  (cost=0.00..49166.29 rows=575821 width=21) (actual time=0.026..274.712 rows=460484 loops=3)
                           Filter: (production_year > 2000)
                           Rows Removed by Filter: 382286
                     ->  Parallel Hash  (cost=571552.15..571552.15 rows=1 width=39) (actual time=4561.303..4561.303 rows=2 loops=3)
                           Buckets: 1024  Batches: 1  Memory Usage: 40kB
                           ->  Parallel Hash Join  (cost=128199.08..571552.15 rows=1 width=39) (actual time=3462.021..4561.185 rows=2 loops=3)
                                 Hash Cond: (ci.movie_id = mk.movie_id)
                                 ->  Parallel Hash Join  (cost=77320.86..520668.25 rows=1511 width=19) (actual time=804.742..4102.255 rows=162 loops=3)
                                       Hash Cond: (ci.person_id = n.id)
                                       ->  Parallel Seq Scan on cast_info ci  (cost=0.00..403705.10 rows=15101810 width=8) (actual time=0.026..2138.518 rows=12081448 loops=3)
                                       ->  Parallel Hash  (cost=77318.68..77318.68 rows=174 width=19) (actual time=499.544..499.544 rows=1 loops=3)
                                             Buckets: 1024  Batches: 1  Memory Usage: 72kB
                                             ->  Parallel Seq Scan on name n  (cost=0.00..77318.68 rows=174 width=19) (actual time=200.479..499.485 rows=1 loops=3)
                                                   Filter: ((name)::text ~~ '%Downey%Robert%'::text)
                                                   Rows Removed by Filter: 1389163
                                 ->  Parallel Hash  (cost=50878.05..50878.05 rows=14 width=20) (actual time=458.823..458.824 rows=5 loops=3)
                                       Buckets: 1024  Batches: 1  Memory Usage: 104kB
                                       ->  Hash Join  (cost=2626.14..50878.05 rows=14 width=20) (actual time=173.544..458.759 rows=5 loops=3)
                                             Hash Cond: (mk.keyword_id = k.id)
                                             ->  Parallel Seq Scan on movie_keyword mk  (cost=0.00..43303.71 rows=1884971 width=8) (actual time=0.026..254.785 rows=1507977 loops=3)
                                             ->  Hash  (cost=2626.12..2626.12 rows=1 width=20) (actual time=21.942..21.942 rows=1 loops=3)
                                                   Buckets: 1024  Batches: 1  Memory Usage: 9kB
                                                   ->  Seq Scan on keyword k  (cost=0.00..2626.12 rows=1 width=20) (actual time=0.658..21.921 rows=1 loops=3)
                                                         Filter: ((keyword)::text = 'marvel-cinematic-universe'::text)
                                                         Rows Removed by Filter: 134169
 Planning Time: 4.395 ms
 Execution Time: 4896.608 ms
(34 rows)

execute /home/pei/Project/benchmarks/imdb_job-postgres/skinner_explained/6f.sql_explained.sql
SET
SET
                                                                                              QUERY PLAN                                                                                               
-------------------------------------------------------------------------------------------------------------------------------------------------------------------------------------------------------
 Finalize Aggregate  (cost=652048.60..652048.61 rows=1 width=96) (actual time=7028.453..7028.453 rows=1 loops=1)
   ->  Gather  (cost=652048.38..652048.59 rows=2 width=96) (actual time=7025.443..7148.435 rows=3 loops=1)
         Workers Planned: 2
         Workers Launched: 2
         ->  Partial Aggregate  (cost=651048.38..651048.39 rows=1 width=96) (actual time=7018.865..7018.865 rows=1 loops=3)
               ->  Parallel Hash Join  (cost=565020.96..651031.37 rows=2268 width=48) (actual time=6394.634..6911.319 rows=261826 loops=3)
                     Hash Cond: (n.id = ci.person_id)
                     ->  Parallel Seq Scan on name n  (cost=0.00..72977.55 rows=1736455 width=19) (actual time=0.055..383.830 rows=1389164 loops=3)
                     ->  Parallel Hash  (cost=564992.61..564992.61 rows=2268 width=37) (actual time=5477.966..5477.966 rows=261826 loops=3)
                           Buckets: 65536 (originally 8192)  Batches: 16 (originally 1)  Memory Usage: 3872kB
                           ->  Parallel Hash Join  (cost=104652.02..564992.61 rows=2268 width=37) (actual time=939.661..5247.374 rows=261826 loops=3)
                                 Hash Cond: (ci.movie_id = t.id)
                                 ->  Parallel Seq Scan on cast_info ci  (cost=0.00..403705.10 rows=15101810 width=8) (actual time=0.036..2192.658 rows=12081448 loops=3)
                                 ->  Parallel Hash  (cost=104651.25..104651.25 rows=62 width=41) (actual time=939.513..939.513 rows=4722 loops=3)
                                       Buckets: 16384 (originally 1024)  Batches: 1 (originally 1)  Memory Usage: 1304kB
                                       ->  Parallel Hash Join  (cost=51885.81..104651.25 rows=62 width=41) (actual time=546.414..884.094 rows=4722 loops=3)
                                             Hash Cond: (t.id = mk.movie_id)
                                             ->  Parallel Seq Scan on title t  (cost=0.00..49166.29 rows=575821 width=21) (actual time=0.024..272.921 rows=460484 loops=3)
                                                   Filter: (production_year > 2000)
                                                   Rows Removed by Filter: 382286
                                             ->  Parallel Hash  (cost=51884.41..51884.41 rows=112 width=20) (actual time=546.010..546.011 rows=11849 loops=3)
                                                   Buckets: 65536 (originally 1024)  Batches: 1 (originally 1)  Memory Usage: 2744kB
                                                   ->  Hash Join  (cost=3632.50..51884.41 rows=112 width=20) (actual time=44.314..485.484 rows=11849 loops=3)
                                                         Hash Cond: (mk.keyword_id = k.id)
                                                         ->  Parallel Seq Scan on movie_keyword mk  (cost=0.00..43303.71 rows=1884971 width=8) (actual time=0.026..253.664 rows=1507977 loops=3)
                                                         ->  Hash  (cost=3632.40..3632.40 rows=8 width=20) (actual time=44.022..44.022 rows=8 loops=3)
                                                               Buckets: 1024  Batches: 1  Memory Usage: 9kB
                                                               ->  Seq Scan on keyword k  (cost=0.00..3632.40 rows=8 width=20) (actual time=0.196..43.997 rows=8 loops=3)
                                                                     Filter: ((keyword)::text = ANY ('{superhero,sequel,second-part,marvel-comics,based-on-comic,tv-special,fight,violence}'::text[]))
                                                                     Rows Removed by Filter: 134162
 Planning Time: 4.814 ms
 Execution Time: 7150.200 ms
(32 rows)

execute /home/pei/Project/benchmarks/imdb_job-postgres/skinner_explained/7a.sql_explained.sql
SET
SET
                                                                                                                            QUERY PLAN                                                                                                                             
-------------------------------------------------------------------------------------------------------------------------------------------------------------------------------------------------------------------------------------------------------------------
 Finalize Aggregate  (cost=693399.56..693399.57 rows=1 width=64) (actual time=7277.628..7277.628 rows=1 loops=1)
   ->  Gather  (cost=693399.34..693399.55 rows=2 width=64) (actual time=7277.413..7282.760 rows=3 loops=1)
         Workers Planned: 2
         Workers Launched: 2
         ->  Partial Aggregate  (cost=692399.34..692399.35 rows=1 width=64) (actual time=7269.769..7269.769 rows=1 loops=3)
               ->  Parallel Hash Join  (cost=675186.31..692399.33 rows=1 width=32) (actual time=7224.927..7269.751 rows=11 loops=3)
                     Hash Cond: (an.person_id = n.id)
                     ->  Parallel Seq Scan on aka_name an  (cost=0.00..16090.49 rows=299338 width=4) (actual time=0.041..116.015 rows=224897 loops=3)
                           Filter: ((name)::text ~~ '%a%'::text)
                           Rows Removed by Filter: 75550
                     ->  Parallel Hash  (cost=675186.30..675186.30 rows=1 width=44) (actual time=7131.363..7131.363 rows=5 loops=3)
                           Buckets: 1024  Batches: 1  Memory Usage: 72kB
                           ->  Hash Join  (cost=622849.52..675186.30 rows=1 width=44) (actual time=7091.872..7131.271 rows=5 loops=3)
                                 Hash Cond: (t.id = ml.linked_movie_id)
                                 ->  Parallel Hash Join  (cost=622267.21..674603.97 rows=1 width=52) (actual time=6839.821..7120.291 rows=130 loops=3)
                                       Hash Cond: (t.id = ci.movie_id)
                                       ->  Parallel Seq Scan on title t  (cost=0.00..51799.95 rows=143147 width=21) (actual time=0.056..262.089 rows=113395 loops=3)
                                             Filter: ((production_year >= 1980) AND (production_year <= 1995))
                                             Rows Removed by Filter: 729375
                                       ->  Parallel Hash  (cost=622267.19..622267.19 rows=1 width=31) (actual time=6839.069..6839.069 rows=890 loops=3)
                                             Buckets: 4096 (originally 1024)  Batches: 1 (originally 1)  Memory Usage: 312kB
                                             ->  Parallel Hash Join  (cost=161930.27..622267.19 rows=1 width=31) (actual time=1086.926..4632.253 rows=890 loops=3)
                                                   Hash Cond: (ci.person_id = n.id)
                                                   ->  Parallel Seq Scan on cast_info ci  (cost=0.00..403705.10 rows=15101810 width=8) (actual time=0.034..2101.633 rows=12081448 loops=3)
                                                   ->  Parallel Hash  (cost=161930.25..161930.25 rows=1 width=23) (actual time=1054.588..1054.588 rows=6 loops=3)
                                                         Buckets: 1024  Batches: 1  Memory Usage: 104kB
                                                         ->  Parallel Hash Join  (cost=66488.22..161930.25 rows=1 width=23) (actual time=344.690..1054.493 rows=6 loops=3)
                                                               Hash Cond: (n.id = pi.person_id)
                                                               ->  Parallel Seq Scan on name n  (cost=0.00..94683.23 rows=202346 width=19) (actual time=0.052..718.986 rows=181097 loops=3)
                                                                     Filter: (((name_pcode_cf)::text >= 'A'::text) AND ((name_pcode_cf)::text <= 'F'::text) AND (((gender)::text = 'm'::text) OR (((gender)::text = 'f'::text) AND ((name)::text ~~ 'B%'::text))))
                                                                     Rows Removed by Filter: 1208067
                                                               ->  Parallel Hash  (cost=66488.21..66488.21 rows=1 width=4) (actual time=315.970..315.970 rows=21 loops=3)
                                                                     Buckets: 1024  Batches: 1  Memory Usage: 104kB
                                                                     ->  Hash Join  (cost=2.43..66488.21 rows=1 width=4) (actual time=6.944..315.900 rows=21 loops=3)
                                                                           Hash Cond: (pi.info_type_id = it.id)
                                                                           ->  Parallel Seq Scan on person_info pi  (cost=0.00..66485.75 rows=12 width=8) (actual time=6.834..315.763 rows=21 loops=3)
                                                                                 Filter: ((note)::text = 'Volker Boehm'::text)
                                                                                 Rows Removed by Filter: 987867
                                                                           ->  Hash  (cost=2.41..2.41 rows=1 width=4) (actual time=0.054..0.055 rows=1 loops=3)
                                                                                 Buckets: 1024  Batches: 1  Memory Usage: 9kB
                                                                                 ->  Seq Scan on info_type it  (cost=0.00..2.41 rows=1 width=4) (actual time=0.034..0.044 rows=1 loops=3)
                                                                                       Filter: ((info)::text = 'mini biography'::text)
                                                                                       Rows Removed by Filter: 112
                                 ->  Hash  (cost=561.48..561.48 rows=1666 width=4) (actual time=10.861..10.861 rows=5186 loops=3)
                                       Buckets: 8192 (originally 2048)  Batches: 1 (originally 1)  Memory Usage: 247kB
                                       ->  Hash Join  (cost=1.24..561.48 rows=1666 width=4) (actual time=0.190..9.194 rows=5186 loops=3)
                                             Hash Cond: (ml.link_type_id = lt.id)
                                             ->  Seq Scan on movie_link ml  (cost=0.00..462.97 rows=29997 width=8) (actual time=0.049..4.584 rows=29997 loops=3)
                                             ->  Hash  (cost=1.23..1.23 rows=1 width=4) (actual time=0.065..0.065 rows=1 loops=3)
                                                   Buckets: 1024  Batches: 1  Memory Usage: 9kB
                                                   ->  Seq Scan on link_type lt  (cost=0.00..1.23 rows=1 width=4) (actual time=0.030..0.032 rows=1 loops=3)
                                                         Filter: ((link)::text = 'features'::text)
                                                         Rows Removed by Filter: 17
 Planning Time: 14.816 ms
 Execution Time: 7283.534 ms
(55 rows)

execute /home/pei/Project/benchmarks/imdb_job-postgres/skinner_explained/7b.sql_explained.sql
SET
SET
                                                                                        QUERY PLAN                                                                                         
-------------------------------------------------------------------------------------------------------------------------------------------------------------------------------------------
 Finalize Aggregate  (cost=663974.41..663974.42 rows=1 width=64) (actual time=5167.887..5167.887 rows=1 loops=1)
   ->  Gather  (cost=663974.19..663974.40 rows=2 width=64) (actual time=5166.256..5173.040 rows=3 loops=1)
         Workers Planned: 2
         Workers Launched: 2
         ->  Partial Aggregate  (cost=662974.19..662974.20 rows=1 width=64) (actual time=5159.160..5159.161 rows=1 loops=3)
               ->  Parallel Hash Join  (cost=645761.16..662974.18 rows=1 width=32) (actual time=5121.639..5159.142 rows=5 loops=3)
                     Hash Cond: (an.person_id = n.id)
                     ->  Parallel Seq Scan on aka_name an  (cost=0.00..16090.49 rows=299338 width=4) (actual time=0.039..113.642 rows=224897 loops=3)
                           Filter: ((name)::text ~~ '%a%'::text)
                           Rows Removed by Filter: 75550
                     ->  Parallel Hash  (cost=645761.15..645761.15 rows=1 width=44) (actual time=5023.103..5023.103 rows=3 loops=3)
                           Buckets: 1024  Batches: 1  Memory Usage: 72kB
                           ->  Hash Join  (cost=201453.00..645761.15 rows=1 width=44) (actual time=4344.865..5022.838 rows=3 loops=3)
                                 Hash Cond: (t.id = ml.linked_movie_id)
                                 ->  Parallel Hash Join  (cost=200870.69..645178.82 rows=1 width=52) (actual time=3252.830..5011.965 rows=7 loops=3)
                                       Hash Cond: (n.id = pi.person_id)
                                       ->  Parallel Hash Join  (cost=134382.47..578648.77 rows=11153 width=48) (actual time=1025.149..4697.655 rows=11015 loops=3)
                                             Hash Cond: (ci.movie_id = t.id)
                                             ->  Parallel Hash Join  (cost=82162.96..525510.35 rows=350058 width=27) (actual time=476.665..4362.757 rows=304108 loops=3)
                                                   Hash Cond: (ci.person_id = n.id)
                                                   ->  Parallel Seq Scan on cast_info ci  (cost=0.00..403705.10 rows=15101810 width=8) (actual time=0.032..2174.939 rows=12081448 loops=3)
                                                   ->  Parallel Hash  (cost=81659.82..81659.82 rows=40251 width=19) (actual time=475.755..475.755 rows=30659 loops=3)
                                                         Buckets: 131072  Batches: 1  Memory Usage: 6080kB
                                                         ->  Parallel Seq Scan on name n  (cost=0.00..81659.82 rows=40251 width=19) (actual time=0.173..455.076 rows=30659 loops=3)
                                                               Filter: (((name_pcode_cf)::text ~~ 'D%'::text) AND ((gender)::text = 'm'::text))
                                                               Rows Removed by Filter: 1358505
                                             ->  Parallel Hash  (cost=51799.95..51799.95 rows=33565 width=21) (actual time=276.481..276.481 rows=25355 loops=3)
                                                   Buckets: 131072  Batches: 1  Memory Usage: 5344kB
                                                   ->  Parallel Seq Scan on title t  (cost=0.00..51799.95 rows=33565 width=21) (actual time=0.034..252.893 rows=25355 loops=3)
                                                         Filter: ((production_year >= 1980) AND (production_year <= 1984))
                                                         Rows Removed by Filter: 817416
                                       ->  Parallel Hash  (cost=66488.21..66488.21 rows=1 width=4) (actual time=312.998..312.999 rows=21 loops=3)
                                             Buckets: 1024  Batches: 1  Memory Usage: 104kB
                                             ->  Hash Join  (cost=2.43..66488.21 rows=1 width=4) (actual time=6.644..312.925 rows=21 loops=3)
                                                   Hash Cond: (pi.info_type_id = it.id)
                                                   ->  Parallel Seq Scan on person_info pi  (cost=0.00..66485.75 rows=12 width=8) (actual time=6.528..312.783 rows=21 loops=3)
                                                         Filter: ((note)::text = 'Volker Boehm'::text)
                                                         Rows Removed by Filter: 987867
                                                   ->  Hash  (cost=2.41..2.41 rows=1 width=4) (actual time=0.061..0.061 rows=1 loops=3)
                                                         Buckets: 1024  Batches: 1  Memory Usage: 9kB
                                                         ->  Seq Scan on info_type it  (cost=0.00..2.41 rows=1 width=4) (actual time=0.035..0.046 rows=1 loops=3)
                                                               Filter: ((info)::text = 'mini biography'::text)
                                                               Rows Removed by Filter: 112
                                 ->  Hash  (cost=561.48..561.48 rows=1666 width=4) (actual time=10.813..10.814 rows=5186 loops=3)
                                       Buckets: 8192 (originally 2048)  Batches: 1 (originally 1)  Memory Usage: 247kB
                                       ->  Hash Join  (cost=1.24..561.48 rows=1666 width=4) (actual time=0.175..9.151 rows=5186 loops=3)
                                             Hash Cond: (ml.link_type_id = lt.id)
                                             ->  Seq Scan on movie_link ml  (cost=0.00..462.97 rows=29997 width=8) (actual time=0.047..4.546 rows=29997 loops=3)
                                             ->  Hash  (cost=1.23..1.23 rows=1 width=4) (actual time=0.053..0.053 rows=1 loops=3)
                                                   Buckets: 1024  Batches: 1  Memory Usage: 9kB
                                                   ->  Seq Scan on link_type lt  (cost=0.00..1.23 rows=1 width=4) (actual time=0.029..0.031 rows=1 loops=3)
                                                         Filter: ((link)::text = 'features'::text)
                                                         Rows Removed by Filter: 17
 Planning Time: 14.189 ms
 Execution Time: 5173.742 ms
(55 rows)

execute /home/pei/Project/benchmarks/imdb_job-postgres/skinner_explained/7c.sql_explained.sql
SET
SET
                                                                                                                               QUERY PLAN                                                                                                                                
-------------------------------------------------------------------------------------------------------------------------------------------------------------------------------------------------------------------------------------------------------------------------
 Finalize Aggregate  (cost=697422.31..697422.32 rows=1 width=64) (actual time=8719.623..8719.624 rows=1 loops=1)
   ->  Gather  (cost=697422.09..697422.30 rows=2 width=64) (actual time=8713.491..9382.204 rows=3 loops=1)
         Workers Planned: 2
         Workers Launched: 2
         ->  Partial Aggregate  (cost=696422.09..696422.10 rows=1 width=64) (actual time=8706.442..8706.442 rows=1 loops=3)
               ->  Parallel Hash Join  (cost=678258.59..696422.08 rows=2 width=109) (actual time=8508.732..8579.184 rows=22728 loops=3)
                     Hash Cond: (an.person_id = n.id)
                     ->  Parallel Seq Scan on aka_name an  (cost=0.00..17029.39 rows=302423 width=4) (actual time=0.042..119.529 rows=228698 loops=3)
                           Filter: ((name IS NOT NULL) AND (((name)::text ~~ '%a%'::text) OR ((name)::text ~~ 'A%'::text)))
                           Rows Removed by Filter: 71749
                     ->  Parallel Hash  (cost=678258.58..678258.58 rows=1 width=121) (actual time=8304.646..8304.646 rows=13386 loops=3)
                           Buckets: 4096 (originally 1024)  Batches: 16 (originally 1)  Memory Usage: 2592kB
                           ->  Hash Join  (cost=624016.03..678258.58 rows=1 width=121) (actual time=7583.754..8213.479 rows=13386 loops=3)
                                 Hash Cond: (t.id = ml.linked_movie_id)
                                 ->  Parallel Hash Join  (cost=623371.14..677606.36 rows=189 width=129) (actual time=7565.156..8164.679 rows=176455 loops=3)
                                       Hash Cond: (t.id = ci.movie_id)
                                       ->  Parallel Seq Scan on title t  (cost=0.00..51799.95 rows=649194 width=4) (actual time=0.043..292.889 rows=518532 loops=3)
                                             Filter: ((production_year >= 1980) AND (production_year <= 2010))
                                             Rows Removed by Filter: 324238
                                       ->  Parallel Hash  (cost=623367.30..623367.30 rows=307 width=125) (actual time=7009.833..7009.834 rows=305764 loops=3)
                                             Buckets: 8192 (originally 1024)  Batches: 256 (originally 1)  Memory Usage: 3232kB
                                             ->  Parallel Hash Join  (cost=163029.14..623367.30 rows=307 width=125) (actual time=1309.651..5180.365 rows=305764 loops=3)
                                                   Hash Cond: (ci.person_id = n.id)
                                                   ->  Parallel Seq Scan on cast_info ci  (cost=0.00..403705.10 rows=15101810 width=8) (actual time=0.040..2143.130 rows=12081448 loops=3)
                                                   ->  Parallel Hash  (cost=163028.71..163028.71 rows=35 width=117) (actual time=1309.180..1309.181 rows=4354 loops=3)
                                                         Buckets: 16384 (originally 1024)  Batches: 1 (originally 1)  Memory Usage: 11416kB
                                                         ->  Parallel Hash Join  (cost=98354.03..163028.71 rows=35 width=117) (actual time=1206.229..1274.414 rows=4354 loops=3)
                                                               Hash Cond: (pi.person_id = n.id)
                                                               ->  Hash Join  (cost=2.43..63495.30 rows=306 width=98) (actual time=0.107..341.176 rows=28061 loops=3)
                                                                     Hash Cond: (pi.info_type_id = it.id)
                                                                     ->  Parallel Seq Scan on person_info pi  (cost=0.00..63398.60 rows=34617 width=102) (actual time=0.043..323.291 rows=28061 loops=3)
                                                                           Filter: (note IS NOT NULL)
                                                                           Rows Removed by Filter: 959827
                                                                     ->  Hash  (cost=2.41..2.41 rows=1 width=4) (actual time=0.051..0.052 rows=1 loops=3)
                                                                           Buckets: 1024  Batches: 1  Memory Usage: 9kB
                                                                           ->  Seq Scan on info_type it  (cost=0.00..2.41 rows=1 width=4) (actual time=0.039..0.049 rows=1 loops=3)
                                                                                 Filter: ((info)::text = 'mini biography'::text)
                                                                                 Rows Removed by Filter: 112
                                                               ->  Parallel Hash  (cost=94683.23..94683.23 rows=199790 width=19) (actual time=777.100..777.100 rows=169207 loops=3)
                                                                     Buckets: 65536  Batches: 8  Memory Usage: 4000kB
                                                                     ->  Parallel Seq Scan on name n  (cost=0.00..94683.23 rows=199790 width=19) (actual time=0.079..714.974 rows=169207 loops=3)
                                                                           Filter: (((name_pcode_cf)::text >= 'A'::text) AND ((name_pcode_cf)::text <= 'F'::text) AND (((gender)::text = 'm'::text) OR (((gender)::text = 'f'::text) AND ((name)::text ~~ 'A%'::text))))
                                                                           Rows Removed by Filter: 1219957
                                 ->  Hash  (cost=561.57..561.57 rows=6666 width=4) (actual time=18.281..18.281 rows=21505 loops=3)
                                       Buckets: 32768 (originally 8192)  Batches: 1 (originally 1)  Memory Usage: 1013kB
                                       ->  Hash Join  (cost=1.32..561.57 rows=6666 width=4) (actual time=0.164..11.535 rows=21505 loops=3)
                                             Hash Cond: (ml.link_type_id = lt.id)
                                             ->  Seq Scan on movie_link ml  (cost=0.00..462.97 rows=29997 width=8) (actual time=0.048..4.647 rows=29997 loops=3)
                                             ->  Hash  (cost=1.27..1.27 rows=4 width=4) (actual time=0.062..0.062 rows=4 loops=3)
                                                   Buckets: 1024  Batches: 1  Memory Usage: 9kB
                                                   ->  Seq Scan on link_type lt  (cost=0.00..1.27 rows=4 width=4) (actual time=0.031..0.035 rows=4 loops=3)
                                                         Filter: ((link)::text = ANY ('{references,"referenced in",features,"featured in"}'::text[]))
                                                         Rows Removed by Filter: 14
 Planning Time: 14.570 ms
 Execution Time: 9383.181 ms
(55 rows)

execute /home/pei/Project/benchmarks/imdb_job-postgres/skinner_explained/8a.sql_explained.sql
SET
SET
                                                                                             QUERY PLAN                                                                                             
----------------------------------------------------------------------------------------------------------------------------------------------------------------------------------------------------
 Finalize Aggregate  (cost=631023.55..631023.56 rows=1 width=64) (actual time=3704.673..3704.673 rows=1 loops=1)
   ->  Gather  (cost=631023.33..631023.54 rows=2 width=64) (actual time=3703.967..3710.933 rows=3 loops=1)
         Workers Planned: 2
         Workers Launched: 2
         ->  Partial Aggregate  (cost=630023.33..630023.34 rows=1 width=64) (actual time=3697.097..3697.097 rows=1 loops=3)
               ->  Parallel Hash Join  (cost=579540.20..630023.33 rows=1 width=33) (actual time=3546.913..3697.035 rows=21 loops=3)
                     Hash Cond: (t.id = ci.movie_id)
                     ->  Parallel Seq Scan on title t  (cost=0.00..46532.63 rows=1053463 width=21) (actual time=0.013..222.147 rows=842771 loops=3)
                     ->  Parallel Hash  (cost=579540.18..579540.18 rows=1 width=24) (actual time=3371.068..3371.068 rows=21 loops=3)
                           Buckets: 1024  Batches: 1  Memory Usage: 104kB
                           ->  Parallel Hash Join  (cost=563388.51..579540.18 rows=1 width=24) (actual time=3332.956..3370.942 rows=21 loops=3)
                                 Hash Cond: (an1.person_id = ci.person_id)
                                 ->  Parallel Hash Join  (cost=81879.04..98016.48 rows=3793 width=24) (actual time=499.090..615.732 rows=1344 loops=3)
                                       Hash Cond: (an1.person_id = n1.id)
                                       ->  Parallel Seq Scan on aka_name an1  (cost=0.00..15151.60 rows=375560 width=20) (actual time=0.033..71.970 rows=300448 loops=3)
                                       ->  Parallel Hash  (cost=81659.82..81659.82 rows=17538 width=4) (actual time=498.403..498.403 rows=6970 loops=3)
                                             Buckets: 65536  Batches: 1  Memory Usage: 1376kB
                                             ->  Parallel Seq Scan on name n1  (cost=0.00..81659.82 rows=17538 width=4) (actual time=0.228..492.560 rows=6970 loops=3)
                                                   Filter: (((name)::text ~~ '%Yo%'::text) AND ((name)::text !~~ '%Yu%'::text))
                                                   Rows Removed by Filter: 1382193
                                 ->  Parallel Hash  (cost=481509.44..481509.44 rows=2 width=12) (actual time=2754.834..2754.834 rows=2479 loops=3)
                                       Buckets: 8192 (originally 1024)  Batches: 1 (originally 1)  Memory Usage: 504kB
                                       ->  Hash Join  (cost=39896.72..481509.44 rows=2 width=12) (actual time=1091.664..2639.949 rows=2479 loops=3)
                                             Hash Cond: (ci.role_id = rt.id)
                                             ->  Parallel Hash Join  (cost=39895.56..481508.19 rows=25 width=16) (actual time=298.896..2638.429 rows=6533 loops=3)
                                                   Hash Cond: (ci.movie_id = mc.movie_id)
                                                   ->  Parallel Seq Scan on cast_info ci  (cost=0.00..441459.62 rows=40775 width=12) (actual time=0.742..2331.113 rows=31032 loops=3)
                                                         Filter: ((note)::text = '(voice: English version)'::text)
                                                         Rows Removed by Filter: 12050416
                                                   ->  Parallel Hash  (cost=39892.48..39892.48 rows=246 width=4) (actual time=297.718..297.718 rows=16109 loops=3)
                                                         Buckets: 65536 (originally 1024)  Batches: 1 (originally 1)  Memory Usage: 2968kB
                                                         ->  Parallel Hash Join  (cost=4773.19..39892.48 rows=246 width=4) (actual time=23.922..263.612 rows=16109 loops=3)
                                                               Hash Cond: (mc.company_id = cn.id)
                                                               ->  Parallel Seq Scan on movie_companies mc  (cost=0.00..35097.06 rows=8470 width=8) (actual time=0.062..233.330 rows=16299 loops=3)
                                                                     Filter: (((note)::text ~~ '%(Japan)%'::text) AND ((note)::text !~~ '%(USA)%'::text))
                                                                     Rows Removed by Filter: 853411
                                                               ->  Parallel Hash  (cost=4722.92..4722.92 rows=4022 width=4) (actual time=23.753..23.753 rows=2251 loops=3)
                                                                     Buckets: 8192  Batches: 1  Memory Usage: 384kB
                                                                     ->  Parallel Seq Scan on company_name cn  (cost=0.00..4722.92 rows=4022 width=4) (actual time=0.038..22.316 rows=2251 loops=3)
                                                                           Filter: ((country_code)::text = '[jp]'::text)
                                                                           Rows Removed by Filter: 76082
                                             ->  Hash  (cost=1.15..1.15 rows=1 width=4) (actual time=0.059..0.059 rows=1 loops=3)
                                                   Buckets: 1024  Batches: 1  Memory Usage: 9kB
                                                   ->  Seq Scan on role_type rt  (cost=0.00..1.15 rows=1 width=4) (actual time=0.039..0.042 rows=1 loops=3)
                                                         Filter: ((role)::text = 'actress'::text)
                                                         Rows Removed by Filter: 11
 Planning Time: 9.308 ms
 Execution Time: 3711.571 ms
(48 rows)

execute /home/pei/Project/benchmarks/imdb_job-postgres/skinner_explained/8b.sql_explained.sql
SET
SET
                                                                                                              QUERY PLAN                                                                                                              
--------------------------------------------------------------------------------------------------------------------------------------------------------------------------------------------------------------------------------------
 Finalize Aggregate  (cost=642938.22..642938.23 rows=1 width=64) (actual time=5098.954..5098.954 rows=1 loops=1)
   ->  Gather  (cost=642938.11..642938.22 rows=1 width=64) (actual time=5098.653..5104.094 rows=2 loops=1)
         Workers Planned: 1
         Workers Launched: 1
         ->  Partial Aggregate  (cost=641938.11..641938.12 rows=1 width=64) (actual time=5093.199..5093.199 rows=1 loops=2)
               ->  Hash Join  (cost=637200.09..641938.10 rows=1 width=33) (actual time=5083.325..5093.167 rows=3 loops=2)
                     Hash Cond: (ci.role_id = rt.id)
                     ->  Parallel Hash Join  (cost=637198.93..641936.94 rows=1 width=37) (actual time=5083.121..5092.961 rows=3 loops=2)
                           Hash Cond: (cn.id = mc.company_id)
                           ->  Parallel Seq Scan on company_name cn  (cost=0.00..4722.92 rows=4022 width=4) (actual time=0.010..22.050 rows=3376 loops=2)
                                 Filter: ((country_code)::text = '[jp]'::text)
                                 Rows Removed by Filter: 114122
                           ->  Parallel Hash  (cost=637198.91..637198.91 rows=1 width=41) (actual time=5070.056..5070.056 rows=3 loops=2)
                                 Buckets: 1024  Batches: 1  Memory Usage: 72kB
                                 ->  Parallel Hash Join  (cost=596664.89..637198.91 rows=1 width=41) (actual time=4856.909..5069.999 rows=3 loops=2)
                                       Hash Cond: (mc.movie_id = ci.movie_id)
                                       ->  Parallel Seq Scan on movie_companies mc  (cost=0.00..40532.74 rows=338 width=8) (actual time=0.091..355.845 rows=4284 loops=2)
                                             Filter: (((note)::text ~~ '%(Japan)%'::text) AND ((note)::text !~~ '%(USA)%'::text) AND (((note)::text ~~ '%(2006)%'::text) OR ((note)::text ~~ '%(2007)%'::text)))
                                             Rows Removed by Filter: 1300280
                                       ->  Parallel Hash  (cost=596664.88..596664.88 rows=1 width=45) (actual time=4713.113..4713.113 rows=4 loops=2)
                                             Buckets: 1024  Batches: 1  Memory Usage: 72kB
                                             ->  Parallel Hash Join  (cost=580513.21..596664.88 rows=1 width=45) (actual time=4674.974..4713.044 rows=4 loops=2)
                                                   Hash Cond: (an.person_id = ci.person_id)
                                                   ->  Parallel Hash Join  (cost=81879.04..98016.48 rows=3793 width=24) (actual time=733.859..906.438 rows=2016 loops=2)
                                                         Hash Cond: (an.person_id = n.id)
                                                         ->  Parallel Seq Scan on aka_name an  (cost=0.00..15151.60 rows=375560 width=20) (actual time=0.020..107.709 rows=450672 loops=2)
                                                         ->  Parallel Hash  (cost=81659.82..81659.82 rows=17538 width=4) (actual time=732.954..732.954 rows=10456 loops=2)
                                                               Buckets: 65536  Batches: 1  Memory Usage: 1376kB
                                                               ->  Parallel Seq Scan on name n  (cost=0.00..81659.82 rows=17538 width=4) (actual time=0.165..724.700 rows=10456 loops=2)
                                                                     Filter: (((name)::text ~~ '%Yo%'::text) AND ((name)::text !~~ '%Yu%'::text))
                                                                     Rows Removed by Filter: 2073290
                                                   ->  Parallel Hash  (cost=498634.15..498634.15 rows=1 width=33) (actual time=3806.262..3806.262 rows=113 loops=2)
                                                         Buckets: 1024  Batches: 1  Memory Usage: 72kB
                                                         ->  Parallel Hash Join  (cost=57067.49..498634.15 rows=1 width=33) (actual time=425.711..3806.079 rows=113 loops=2)
                                                               Hash Cond: (ci.movie_id = t.id)
                                                               ->  Parallel Seq Scan on cast_info ci  (cost=0.00..441459.62 rows=40775 width=12) (actual time=0.848..3418.182 rows=46548 loops=2)
                                                                     Filter: ((note)::text = '(voice: English version)'::text)
                                                                     Rows Removed by Filter: 18075624
                                                               ->  Parallel Hash  (cost=57067.27..57067.27 rows=18 width=21) (actual time=381.143..381.143 rows=4 loops=2)
                                                                     Buckets: 1024  Batches: 1  Memory Usage: 72kB
                                                                     ->  Parallel Seq Scan on title t  (cost=0.00..57067.27 rows=18 width=21) (actual time=285.033..381.078 rows=4 loops=2)
                                                                           Filter: ((production_year >= 2006) AND (production_year <= 2007) AND (((title)::text ~~ 'One Piece%'::text) OR ((title)::text ~~ 'Dragon Ball Z%'::text)))
                                                                           Rows Removed by Filter: 1264152
                     ->  Hash  (cost=1.15..1.15 rows=1 width=4) (actual time=0.046..0.046 rows=1 loops=2)
                           Buckets: 1024  Batches: 1  Memory Usage: 9kB
                           ->  Seq Scan on role_type rt  (cost=0.00..1.15 rows=1 width=4) (actual time=0.027..0.029 rows=1 loops=2)
                                 Filter: ((role)::text = 'actress'::text)
                                 Rows Removed by Filter: 11
 Planning Time: 9.438 ms
 Execution Time: 5104.788 ms
(50 rows)

execute /home/pei/Project/benchmarks/imdb_job-postgres/skinner_explained/8c.sql_explained.sql
SET
SET
                                                                                         QUERY PLAN                                                                                         
--------------------------------------------------------------------------------------------------------------------------------------------------------------------------------------------
 Finalize Aggregate  (cost=767932.80..767932.81 rows=1 width=64) (actual time=8110.476..8110.476 rows=1 loops=1)
   ->  Gather  (cost=767932.58..767932.79 rows=2 width=64) (actual time=8106.158..8264.749 rows=3 loops=1)
         Workers Planned: 2
         Workers Launched: 2
         ->  Partial Aggregate  (cost=766932.58..766932.59 rows=1 width=64) (actual time=8099.560..8099.561 rows=1 loops=3)
               ->  Parallel Hash Join  (cost=243772.58..752972.57 rows=2792002 width=33) (actual time=7584.844..7866.152 rows=829204 loops=3)
                     Hash Cond: (ci.person_id = a1.person_id)
                     ->  Parallel Hash Join  (cost=118006.90..594573.48 rows=1215217 width=21) (actual time=5644.145..5959.241 rows=656886 loops=3)
                           Hash Cond: (ci.movie_id = t.id)
                           ->  Hash Join  (cost=1.16..457349.15 rows=1258484 width=8) (actual time=2543.822..3941.103 rows=909648 loops=3)
                                 Hash Cond: (ci.role_id = rt.id)
                                 ->  Parallel Seq Scan on cast_info ci  (cost=0.00..403705.10 rows=15101810 width=12) (actual time=0.030..2140.197 rows=12081448 loops=3)
                                 ->  Hash  (cost=1.15..1.15 rows=1 width=4) (actual time=0.039..0.040 rows=1 loops=3)
                                       Buckets: 1024  Batches: 1  Memory Usage: 9kB
                                       ->  Seq Scan on role_type rt  (cost=0.00..1.15 rows=1 width=4) (actual time=0.036..0.037 rows=1 loops=3)
                                             Filter: ((role)::text = 'writer'::text)
                                             Rows Removed by Filter: 11
                           ->  Parallel Hash  (cost=110366.87..110366.87 rows=395029 width=25) (actual time=1451.927..1451.927 rows=384599 loops=3)
                                 Buckets: 65536  Batches: 32  Memory Usage: 2784kB
                                 ->  Parallel Hash Join  (cost=44347.81..110366.87 rows=395029 width=25) (actual time=1037.683..1317.585 rows=384599 loops=3)
                                       Hash Cond: (t.id = mc.movie_id)
                                       ->  Parallel Seq Scan on title t  (cost=0.00..46532.63 rows=1053463 width=21) (actual time=0.010..263.093 rows=842771 loops=3)
                                       ->  Parallel Hash  (cost=37865.94..37865.94 rows=395029 width=4) (actual time=501.724..501.725 rows=384599 loops=3)
                                             Buckets: 131072  Batches: 16  Memory Usage: 3904kB
                                             ->  Parallel Hash Join  (cost=5350.78..37865.94 rows=395029 width=4) (actual time=37.682..395.375 rows=384599 loops=3)
                                                   Hash Cond: (mc.company_id = cn.id)
                                                   ->  Parallel Seq Scan on movie_companies mc  (cost=0.00..29661.37 rows=1087137 width=8) (actual time=0.016..159.633 rows=869710 loops=3)
                                                   ->  Parallel Hash  (cost=4722.92..4722.92 rows=50229 width=4) (actual time=37.231..37.232 rows=28281 loops=3)
                                                         Buckets: 131072  Batches: 1  Memory Usage: 4416kB
                                                         ->  Parallel Seq Scan on company_name cn  (cost=0.00..4722.92 rows=50229 width=4) (actual time=0.030..23.534 rows=28281 loops=3)
                                                               Filter: ((country_code)::text = '[us]'::text)
                                                               Rows Removed by Filter: 50051
                     ->  Parallel Hash  (cost=118870.18..118870.18 rows=375560 width=24) (actual time=1415.974..1415.974 rows=300448 loops=3)
                           Buckets: 65536  Batches: 16  Memory Usage: 3872kB
                           ->  Parallel Hash Join  (cost=22047.10..118870.18 rows=375560 width=24) (actual time=955.226..1314.427 rows=300448 loops=3)
                                 Hash Cond: (n1.id = a1.person_id)
                                 ->  Parallel Seq Scan on name n1  (cost=0.00..72977.55 rows=1736455 width=4) (actual time=0.049..417.598 rows=1389164 loops=3)
                                 ->  Parallel Hash  (cost=15151.60..15151.60 rows=375560 width=20) (actual time=188.168..188.168 rows=300448 loops=3)
                                       Buckets: 65536  Batches: 16  Memory Usage: 3712kB
                                       ->  Parallel Seq Scan on aka_name a1  (cost=0.00..15151.60 rows=375560 width=20) (actual time=0.049..88.192 rows=300448 loops=3)
 Planning Time: 8.914 ms
 Execution Time: 8266.694 ms
(42 rows)

execute /home/pei/Project/benchmarks/imdb_job-postgres/skinner_explained/8d.sql_explained.sql
SET
SET
                                                                                         QUERY PLAN                                                                                         
--------------------------------------------------------------------------------------------------------------------------------------------------------------------------------------------
 Finalize Aggregate  (cost=767932.80..767932.81 rows=1 width=64) (actual time=7064.295..7064.296 rows=1 loops=1)
   ->  Gather  (cost=767932.58..767932.79 rows=2 width=64) (actual time=7060.608..7185.196 rows=3 loops=1)
         Workers Planned: 2
         Workers Launched: 2
         ->  Partial Aggregate  (cost=766932.58..766932.59 rows=1 width=64) (actual time=7053.545..7053.546 rows=1 loops=3)
               ->  Parallel Hash Join  (cost=243772.58..752972.57 rows=2792002 width=33) (actual time=6952.127..7022.765 rows=107668 loops=3)
                     Hash Cond: (ci.person_id = an1.person_id)
                     ->  Parallel Hash Join  (cost=118006.90..594573.48 rows=1215217 width=21) (actual time=5410.491..5506.667 rows=95179 loops=3)
                           Hash Cond: (ci.movie_id = t.id)
                           ->  Hash Join  (cost=1.16..457349.15 rows=1258484 width=8) (actual time=3047.650..3885.434 rows=92134 loops=3)
                                 Hash Cond: (ci.role_id = rt.id)
                                 ->  Parallel Seq Scan on cast_info ci  (cost=0.00..403705.10 rows=15101810 width=12) (actual time=0.042..2202.910 rows=12081448 loops=3)
                                 ->  Hash  (cost=1.15..1.15 rows=1 width=4) (actual time=0.035..0.035 rows=1 loops=3)
                                       Buckets: 1024  Batches: 1  Memory Usage: 9kB
                                       ->  Seq Scan on role_type rt  (cost=0.00..1.15 rows=1 width=4) (actual time=0.031..0.032 rows=1 loops=3)
                                             Filter: ((role)::text = 'costume designer'::text)
                                             Rows Removed by Filter: 11
                           ->  Parallel Hash  (cost=110366.87..110366.87 rows=395029 width=25) (actual time=1462.252..1462.252 rows=384599 loops=3)
                                 Buckets: 65536  Batches: 32  Memory Usage: 2784kB
                                 ->  Parallel Hash Join  (cost=44347.81..110366.87 rows=395029 width=25) (actual time=1058.859..1330.299 rows=384599 loops=3)
                                       Hash Cond: (t.id = mc.movie_id)
                                       ->  Parallel Seq Scan on title t  (cost=0.00..46532.63 rows=1053463 width=21) (actual time=0.014..265.302 rows=842771 loops=3)
                                       ->  Parallel Hash  (cost=37865.94..37865.94 rows=395029 width=4) (actual time=524.165..524.166 rows=384599 loops=3)
                                             Buckets: 131072  Batches: 16  Memory Usage: 3904kB
                                             ->  Parallel Hash Join  (cost=5350.78..37865.94 rows=395029 width=4) (actual time=35.699..392.495 rows=384599 loops=3)
                                                   Hash Cond: (mc.company_id = cn.id)
                                                   ->  Parallel Seq Scan on movie_companies mc  (cost=0.00..29661.37 rows=1087137 width=8) (actual time=0.018..159.683 rows=869710 loops=3)
                                                   ->  Parallel Hash  (cost=4722.92..4722.92 rows=50229 width=4) (actual time=35.440..35.440 rows=28281 loops=3)
                                                         Buckets: 131072  Batches: 1  Memory Usage: 4416kB
                                                         ->  Parallel Seq Scan on company_name cn  (cost=0.00..4722.92 rows=50229 width=4) (actual time=0.032..23.087 rows=28281 loops=3)
                                                               Filter: ((country_code)::text = '[us]'::text)
                                                               Rows Removed by Filter: 50051
                     ->  Parallel Hash  (cost=118870.18..118870.18 rows=375560 width=24) (actual time=1405.809..1405.810 rows=300448 loops=3)
                           Buckets: 65536  Batches: 16  Memory Usage: 3872kB
                           ->  Parallel Hash Join  (cost=22047.10..118870.18 rows=375560 width=24) (actual time=954.966..1303.863 rows=300448 loops=3)
                                 Hash Cond: (n1.id = an1.person_id)
                                 ->  Parallel Seq Scan on name n1  (cost=0.00..72977.55 rows=1736455 width=4) (actual time=0.050..418.914 rows=1389164 loops=3)
                                 ->  Parallel Hash  (cost=15151.60..15151.60 rows=375560 width=20) (actual time=187.323..187.323 rows=300448 loops=3)
                                       Buckets: 65536  Batches: 16  Memory Usage: 3680kB
                                       ->  Parallel Seq Scan on aka_name an1  (cost=0.00..15151.60 rows=375560 width=20) (actual time=0.043..88.412 rows=300448 loops=3)
 Planning Time: 8.815 ms
 Execution Time: 7185.873 ms
(42 rows)

execute /home/pei/Project/benchmarks/imdb_job-postgres/skinner_explained/9a.sql_explained.sql
SET
SET
                                                                                                    QUERY PLAN                                                                                                    
------------------------------------------------------------------------------------------------------------------------------------------------------------------------------------------------------------------
 Aggregate  (cost=727877.31..727877.32 rows=1 width=96) (actual time=4581.032..4581.033 rows=1 loops=1)
   ->  Gather  (cost=674329.47..727877.30 rows=1 width=49) (actual time=4317.579..4587.592 rows=121 loops=1)
         Workers Planned: 2
         Workers Launched: 2
         ->  Parallel Hash Join  (cost=673329.47..726877.20 rows=1 width=49) (actual time=4344.463..4573.678 rows=40 loops=3)
               Hash Cond: (t.id = ci.movie_id)
               ->  Parallel Seq Scan on title t  (cost=0.00..51799.95 rows=466073 width=21) (actual time=0.013..269.655 rows=369296 loops=3)
                     Filter: ((production_year >= 2005) AND (production_year <= 2015))
                     Rows Removed by Filter: 473475
               ->  Parallel Hash  (cost=673329.45..673329.45 rows=1 width=40) (actual time=4262.461..4262.461 rows=114 loops=3)
                     Buckets: 1024  Batches: 1  Memory Usage: 104kB
                     ->  Parallel Hash Join  (cost=668418.17..673329.45 rows=1 width=40) (actual time=4238.780..4262.306 rows=114 loops=3)
                           Hash Cond: (cn.id = mc.company_id)
                           ->  Parallel Seq Scan on company_name cn  (cost=0.00..4722.92 rows=50229 width=4) (actual time=0.007..20.562 rows=28281 loops=3)
                                 Filter: ((country_code)::text = '[us]'::text)
                                 Rows Removed by Filter: 50051
                           ->  Parallel Hash  (cost=668418.15..668418.15 rows=1 width=44) (actual time=4238.631..4238.631 rows=116 loops=3)
                                 Buckets: 1024  Batches: 1  Memory Usage: 104kB
                                 ->  Parallel Hash Join  (cost=613978.62..668418.15 rows=1 width=44) (actual time=3869.222..4238.508 rows=116 loops=3)
                                       Hash Cond: (chn.id = ci.person_role_id)
                                       ->  Parallel Seq Scan on char_name chn  (cost=0.00..49532.75 rows=1308475 width=20) (actual time=0.034..240.377 rows=1046780 loops=3)
                                       ->  Parallel Hash  (cost=613978.60..613978.60 rows=1 width=32) (actual time=3865.973..3865.973 rows=124 loops=3)
                                             Buckets: 1024  Batches: 1  Memory Usage: 104kB
                                             ->  Parallel Hash Join  (cost=578389.44..613978.60 rows=1 width=32) (actual time=3568.276..3865.855 rows=124 loops=3)
                                                   Hash Cond: (mc.movie_id = ci.movie_id)
                                                   ->  Parallel Seq Scan on movie_companies mc  (cost=0.00..35097.06 rows=131225 width=8) (actual time=0.027..283.660 rows=196998 loops=3)
                                                         Filter: ((note IS NOT NULL) AND (((note)::text ~~ '%(USA)%'::text) OR ((note)::text ~~ '%(worldwide)%'::text)))
                                                         Rows Removed by Filter: 672712
                                                   ->  Parallel Hash  (cost=578389.42..578389.42 rows=2 width=24) (actual time=3560.680..3560.680 rows=142 loops=3)
                                                         Buckets: 1024  Batches: 1  Memory Usage: 104kB
                                                         ->  Hash Join  (cost=97799.03..578389.42 rows=2 width=24) (actual time=1619.065..3560.538 rows=142 loops=3)
                                                               Hash Cond: (ci.role_id = rt.id)
                                                               ->  Parallel Hash Join  (cost=97797.87..578388.18 rows=19 width=28) (actual time=1618.957..3560.379 rows=142 loops=3)
                                                                     Hash Cond: (ci.person_id = n.id)
                                                                     ->  Parallel Seq Scan on cast_info ci  (cost=0.00..479214.15 rows=366974 width=16) (actual time=0.083..2817.781 rows=289159 loops=3)
                                                                           Filter: ((note)::text = ANY ('{(voice),"(voice: Japanese version)","(voice) (uncredited)","(voice: English version)"}'::text[]))
                                                                           Rows Removed by Filter: 11792289
                                                                     ->  Parallel Hash  (cost=97797.76..97797.76 rows=9 width=24) (actual time=700.643..700.643 rows=519 loops=3)
                                                                           Buckets: 1024  Batches: 1  Memory Usage: 104kB
                                                                           ->  Parallel Hash Join  (cost=81660.32..97797.76 rows=9 width=24) (actual time=581.711..700.147 rows=519 loops=3)
                                                                                 Hash Cond: (an.person_id = n.id)
                                                                                 ->  Parallel Seq Scan on aka_name an  (cost=0.00..15151.60 rows=375560 width=20) (actual time=0.035..74.197 rows=300448 loops=3)
                                                                                 ->  Parallel Hash  (cost=81659.82..81659.82 rows=40 width=4) (actual time=580.307..580.307 rows=2256 loops=3)
                                                                                       Buckets: 8192 (originally 1024)  Batches: 1 (originally 1)  Memory Usage: 472kB
                                                                                       ->  Parallel Seq Scan on name n  (cost=0.00..81659.82 rows=40 width=4) (actual time=215.594..511.175 rows=2256 loops=3)
                                                                                             Filter: (((name)::text ~~ '%Ang%'::text) AND ((gender)::text = 'f'::text))
                                                                                             Rows Removed by Filter: 1386908
                                                               ->  Hash  (cost=1.15..1.15 rows=1 width=4) (actual time=0.054..0.054 rows=1 loops=3)
                                                                     Buckets: 1024  Batches: 1  Memory Usage: 9kB
                                                                     ->  Seq Scan on role_type rt  (cost=0.00..1.15 rows=1 width=4) (actual time=0.035..0.037 rows=1 loops=3)
                                                                           Filter: ((role)::text = 'actress'::text)
                                                                           Rows Removed by Filter: 11
 Planning Time: 16.134 ms
 Execution Time: 4588.388 ms
(54 rows)

execute /home/pei/Project/benchmarks/imdb_job-postgres/skinner_explained/9b.sql_explained.sql
SET
SET
                                                                                                    QUERY PLAN                                                                                                    
------------------------------------------------------------------------------------------------------------------------------------------------------------------------------------------------------------------
 Aggregate  (cost=691306.83..691306.84 rows=1 width=128) (actual time=4329.521..4329.521 rows=1 loops=1)
   ->  Gather  (cost=638698.30..691306.82 rows=1 width=64) (actual time=4093.326..4336.160 rows=40 loops=1)
         Workers Planned: 2
         Workers Launched: 2
         ->  Parallel Hash Join  (cost=637698.30..690306.72 rows=1 width=64) (actual time=4157.892..4322.185 rows=13 loops=3)
               Hash Cond: (t.id = ci.movie_id)
               ->  Parallel Seq Scan on title t  (cost=0.00..51799.95 rows=215591 width=21) (actual time=0.027..257.209 rows=170942 loops=3)
                     Filter: ((production_year >= 2007) AND (production_year <= 2010))
                     Rows Removed by Filter: 671829
               ->  Parallel Hash  (cost=637698.28..637698.28 rows=1 width=55) (actual time=4043.620..4043.620 rows=31 loops=3)
                     Buckets: 1024  Batches: 1  Memory Usage: 104kB
                     ->  Parallel Hash Join  (cost=632787.00..637698.28 rows=1 width=55) (actual time=4020.527..4043.522 rows=31 loops=3)
                           Hash Cond: (cn.id = mc.company_id)
                           ->  Parallel Seq Scan on company_name cn  (cost=0.00..4722.92 rows=50229 width=4) (actual time=0.012..20.590 rows=28281 loops=3)
                                 Filter: ((country_code)::text = '[us]'::text)
                                 Rows Removed by Filter: 50051
                           ->  Parallel Hash  (cost=632786.98..632786.98 rows=1 width=59) (actual time=4019.972..4019.972 rows=31 loops=3)
                                 Buckets: 1024  Batches: 1  Memory Usage: 104kB
                                 ->  Parallel Hash Join  (cost=594815.82..632786.98 rows=1 width=59) (actual time=3785.389..4019.910 rows=31 loops=3)
                                       Hash Cond: (mc.movie_id = ci.movie_id)
                                       ->  Parallel Seq Scan on movie_companies mc  (cost=0.00..37814.90 rows=41669 width=8) (actual time=0.026..264.917 rows=66173 loops=3)
                                             Filter: (((note)::text ~~ '%(200%)%'::text) AND (((note)::text ~~ '%(USA)%'::text) OR ((note)::text ~~ '%(worldwide)%'::text)))
                                             Rows Removed by Filter: 803537
                                       ->  Parallel Hash  (cost=594815.80..594815.80 rows=1 width=51) (actual time=3746.757..3746.757 rows=79 loops=3)
                                             Buckets: 1024  Batches: 1  Memory Usage: 104kB
                                             ->  Parallel Hash Join  (cost=540376.27..594815.80 rows=1 width=51) (actual time=3376.460..3746.639 rows=79 loops=3)
                                                   Hash Cond: (chn.id = ci.person_role_id)
                                                   ->  Parallel Seq Scan on char_name chn  (cost=0.00..49532.75 rows=1308475 width=20) (actual time=0.045..241.267 rows=1046780 loops=3)
                                                   ->  Parallel Hash  (cost=540376.25..540376.25 rows=1 width=39) (actual time=3374.965..3374.965 rows=88 loops=3)
                                                         Buckets: 1024  Batches: 1  Memory Usage: 104kB
                                                         ->  Hash Join  (cost=97799.03..540376.25 rows=1 width=39) (actual time=1833.509..3374.850 rows=88 loops=3)
                                                               Hash Cond: (ci.role_id = rt.id)
                                                               ->  Parallel Hash Join  (cost=97797.87..540375.04 rows=15 width=43) (actual time=1833.402..3374.711 rows=88 loops=3)
                                                                     Hash Cond: (ci.person_id = n.id)
                                                                     ->  Parallel Seq Scan on cast_info ci  (cost=0.00..441459.62 rows=298009 width=16) (actual time=0.043..2330.044 rows=237943 loops=3)
                                                                           Filter: ((note)::text = '(voice)'::text)
                                                                           Rows Removed by Filter: 11843505
                                                                     ->  Parallel Hash  (cost=97797.76..97797.76 rows=9 width=39) (actual time=1009.688..1009.688 rows=432 loops=3)
                                                                           Buckets: 1024  Batches: 1  Memory Usage: 168kB
                                                                           ->  Parallel Hash Join  (cost=81660.32..97797.76 rows=9 width=39) (actual time=893.080..1009.217 rows=432 loops=3)
                                                                                 Hash Cond: (an.person_id = n.id)
                                                                                 ->  Parallel Seq Scan on aka_name an  (cost=0.00..15151.60 rows=375560 width=20) (actual time=0.039..73.103 rows=300448 loops=3)
                                                                                 ->  Parallel Hash  (cost=81659.82..81659.82 rows=40 width=19) (actual time=891.570..891.570 rows=1803 loops=3)
                                                                                       Buckets: 8192 (originally 1024)  Batches: 1 (originally 1)  Memory Usage: 504kB
                                                                                       ->  Parallel Seq Scan on name n  (cost=0.00..81659.82 rows=40 width=19) (actual time=216.878..502.332 rows=1803 loops=3)
                                                                                             Filter: (((name)::text ~~ '%Angel%'::text) AND ((gender)::text = 'f'::text))
                                                                                             Rows Removed by Filter: 1387361
                                                               ->  Hash  (cost=1.15..1.15 rows=1 width=4) (actual time=0.054..0.054 rows=1 loops=3)
                                                                     Buckets: 1024  Batches: 1  Memory Usage: 9kB
                                                                     ->  Seq Scan on role_type rt  (cost=0.00..1.15 rows=1 width=4) (actual time=0.032..0.034 rows=1 loops=3)
                                                                           Filter: ((role)::text = 'actress'::text)
                                                                           Rows Removed by Filter: 11
 Planning Time: 15.734 ms
 Execution Time: 4336.989 ms
(54 rows)

execute /home/pei/Project/benchmarks/imdb_job-postgres/skinner_explained/9c.sql_explained.sql
SET
SET
                                                                                                    QUERY PLAN                                                                                                    
------------------------------------------------------------------------------------------------------------------------------------------------------------------------------------------------------------------
 Finalize Aggregate  (cost=750479.65..750479.66 rows=1 width=128) (actual time=5204.840..5204.840 rows=1 loops=1)
   ->  Gather  (cost=750479.42..750479.63 rows=2 width=128) (actual time=5200.770..5275.242 rows=3 loops=1)
         Workers Planned: 2
         Workers Launched: 2
         ->  Partial Aggregate  (cost=749479.42..749479.43 rows=1 width=128) (actual time=5193.620..5193.620 rows=1 loops=3)
               ->  Parallel Hash Join  (cost=732915.55..749475.64 rows=378 width=64) (actual time=5078.654..5192.153 rows=2715 loops=3)
                     Hash Cond: (an.person_id = n.id)
                     ->  Parallel Seq Scan on aka_name an  (cost=0.00..15151.60 rows=375560 width=20) (actual time=0.027..71.694 rows=300448 loops=3)
                     ->  Parallel Hash  (cost=732913.48..732913.48 rows=165 width=56) (actual time=5076.223..5076.223 rows=1501 loops=3)
                           Buckets: 4096 (originally 1024)  Batches: 1 (originally 1)  Memory Usage: 536kB
                           ->  Parallel Hash Join  (cost=682429.67..732913.48 rows=165 width=56) (actual time=4721.796..5066.100 rows=1501 loops=3)
                                 Hash Cond: (t.id = ci.movie_id)
                                 ->  Parallel Seq Scan on title t  (cost=0.00..46532.63 rows=1053463 width=21) (actual time=0.024..221.347 rows=842771 loops=3)
                                 ->  Parallel Hash  (cost=682427.61..682427.61 rows=165 width=47) (actual time=4720.027..4720.027 rows=1501 loops=3)
                                       Buckets: 4096 (originally 1024)  Batches: 1 (originally 1)  Memory Usage: 472kB
                                       ->  Parallel Hash Join  (cost=648686.41..682427.61 rows=165 width=47) (actual time=4394.733..4675.233 rows=1501 loops=3)
                                             Hash Cond: (mc.company_id = cn.id)
                                             ->  Parallel Hash Join  (cost=643335.63..677075.64 rows=453 width=51) (actual time=4354.419..4633.409 rows=4128 loops=3)
                                                   Hash Cond: (mc.movie_id = ci.movie_id)
                                                   ->  Parallel Seq Scan on movie_companies mc  (cost=0.00..29661.37 rows=1087137 width=8) (actual time=0.018..155.448 rows=869710 loops=3)
                                                   ->  Parallel Hash  (cost=643333.50..643333.50 rows=170 width=43) (actual time=4353.208..4353.208 rows=1895 loops=3)
                                                         Buckets: 8192 (originally 1024)  Batches: 1 (originally 1)  Memory Usage: 600kB
                                                         ->  Parallel Hash Join  (cost=155467.08..643333.50 rows=170 width=43) (actual time=4098.853..4303.921 rows=1895 loops=3)
                                                               Hash Cond: (ci.person_role_id = chn.id)
                                                               ->  Hash Join  (cost=81911.39..562103.89 rows=353 width=31) (actual time=1444.959..3406.347 rows=2184 loops=3)
                                                                     Hash Cond: (ci.role_id = rt.id)
                                                                     ->  Parallel Hash Join  (cost=81910.23..562087.69 rows=4234 width=35) (actual time=1444.893..3405.467 rows=2185 loops=3)
                                                                           Hash Cond: (ci.person_id = n.id)
                                                                           ->  Parallel Seq Scan on cast_info ci  (cost=0.00..479214.15 rows=366974 width=16) (actual time=0.106..2826.921 rows=289159 loops=3)
                                                                                 Filter: ((note)::text = ANY ('{(voice),"(voice: Japanese version)","(voice) (uncredited)","(voice: English version)"}'::text[]))
                                                                                 Rows Removed by Filter: 11792289
                                                                           ->  Parallel Hash  (cost=81659.82..81659.82 rows=20033 width=19) (actual time=533.107..533.108 rows=16670 loops=3)
                                                                                 Buckets: 65536  Batches: 1  Memory Usage: 3296kB
                                                                                 ->  Parallel Seq Scan on name n  (cost=0.00..81659.82 rows=20033 width=19) (actual time=220.571..520.085 rows=16670 loops=3)
                                                                                       Filter: (((name)::text ~~ '%An%'::text) AND ((gender)::text = 'f'::text))
                                                                                       Rows Removed by Filter: 1372493
                                                                     ->  Hash  (cost=1.15..1.15 rows=1 width=4) (actual time=0.051..0.051 rows=1 loops=3)
                                                                           Buckets: 1024  Batches: 1  Memory Usage: 9kB
                                                                           ->  Seq Scan on role_type rt  (cost=0.00..1.15 rows=1 width=4) (actual time=0.046..0.048 rows=1 loops=3)
                                                                                 Filter: ((role)::text = 'actress'::text)
                                                                                 Rows Removed by Filter: 11
                                                               ->  Parallel Hash  (cost=49532.75..49532.75 rows=1308475 width=20) (actual time=667.403..667.403 rows=1046780 loops=3)
                                                                     Buckets: 65536  Batches: 64  Memory Usage: 3264kB
                                                                     ->  Parallel Seq Scan on char_name chn  (cost=0.00..49532.75 rows=1308475 width=20) (actual time=0.057..295.072 rows=1046780 loops=3)
                                             ->  Parallel Hash  (cost=4722.92..4722.92 rows=50229 width=4) (actual time=39.079..39.079 rows=28281 loops=3)
                                                   Buckets: 131072  Batches: 1  Memory Usage: 4384kB
                                                   ->  Parallel Seq Scan on company_name cn  (cost=0.00..4722.92 rows=50229 width=4) (actual time=0.037..25.248 rows=28281 loops=3)
                                                         Filter: ((country_code)::text = '[us]'::text)
                                                         Rows Removed by Filter: 50051
 Planning Time: 15.837 ms
 Execution Time: 5276.279 ms
(51 rows)

execute /home/pei/Project/benchmarks/imdb_job-postgres/skinner_explained/9d.sql_explained.sql
SET
SET
                                                                                                    QUERY PLAN                                                                                                    
------------------------------------------------------------------------------------------------------------------------------------------------------------------------------------------------------------------
 Finalize Aggregate  (cost=756571.53..756571.54 rows=1 width=128) (actual time=6574.671..6574.671 rows=1 loops=1)
   ->  Gather  (cost=756571.30..756571.51 rows=2 width=128) (actual time=6567.765..6784.704 rows=3 loops=1)
         Workers Planned: 2
         Workers Launched: 2
         ->  Partial Aggregate  (cost=755571.30..755571.31 rows=1 width=128) (actual time=6560.633..6560.634 rows=1 loops=3)
               ->  Parallel Hash Join  (cost=738933.47..755496.36 rows=7494 width=64) (actual time=6374.324..6487.755 rows=161027 loops=3)
                     Hash Cond: (an.person_id = n.id)
                     ->  Parallel Seq Scan on aka_name an  (cost=0.00..15151.60 rows=375560 width=20) (actual time=0.048..74.627 rows=300448 loops=3)
                     ->  Parallel Hash  (cost=738892.70..738892.70 rows=3262 width=56) (actual time=6184.298..6184.298 rows=57856 loops=3)
                           Buckets: 32768 (originally 8192)  Batches: 8 (originally 1)  Memory Usage: 2848kB
                           ->  Parallel Hash Join  (cost=688395.99..738892.70 rows=3262 width=56) (actual time=5881.926..6126.759 rows=57856 loops=3)
                                 Hash Cond: (t.id = ci.movie_id)
                                 ->  Parallel Seq Scan on title t  (cost=0.00..46532.63 rows=1053463 width=21) (actual time=0.022..225.474 rows=842771 loops=3)
                                 ->  Parallel Hash  (cost=688355.22..688355.22 rows=3262 width=47) (actual time=5329.129..5329.129 rows=57856 loops=3)
                                       Buckets: 65536 (originally 8192)  Batches: 8 (originally 1)  Memory Usage: 2432kB
                                       ->  Parallel Hash Join  (cost=654556.12..688355.22 rows=3262 width=47) (actual time=5024.951..5269.693 rows=57856 loops=3)
                                             Hash Cond: (mc.company_id = cn.id)
                                             ->  Parallel Hash Join  (cost=649205.34..682980.87 rows=8976 width=51) (actual time=4985.210..5200.123 rows=142133 loops=3)
                                                   Hash Cond: (mc.movie_id = ci.movie_id)
                                                   ->  Parallel Seq Scan on movie_companies mc  (cost=0.00..29661.37 rows=1087137 width=8) (actual time=0.030..155.778 rows=869710 loops=3)
                                                   ->  Parallel Hash  (cost=649163.11..649163.11 rows=3378 width=43) (actual time=4596.017..4596.017 rows=85164 loops=3)
                                                         Buckets: 65536 (originally 8192)  Batches: 8 (originally 1)  Memory Usage: 2976kB
                                                         ->  Parallel Hash Join  (cost=158158.83..649163.11 rows=3378 width=43) (actual time=4281.618..4502.348 rows=85164 loops=3)
                                                               Hash Cond: (ci.person_role_id = chn.id)
                                                               ->  Parallel Hash Join  (cost=84603.14..567826.09 rows=6986 width=31) (actual time=3463.062..3572.979 rows=92002 loops=3)
                                                                     Hash Cond: (ci.person_id = n.id)
                                                                     ->  Hash Join  (cost=1.16..480518.83 rows=30581 width=12) (actual time=903.256..2870.885 rows=92055 loops=3)
                                                                           Hash Cond: (ci.role_id = rt.id)
                                                                           ->  Parallel Seq Scan on cast_info ci  (cost=0.00..479214.15 rows=366974 width=16) (actual time=0.069..2807.695 rows=289159 loops=3)
                                                                                 Filter: ((note)::text = ANY ('{(voice),"(voice: Japanese version)","(voice) (uncredited)","(voice: English version)"}'::text[]))
                                                                                 Rows Removed by Filter: 11792289
                                                                           ->  Hash  (cost=1.15..1.15 rows=1 width=4) (actual time=0.041..0.041 rows=1 loops=3)
                                                                                 Buckets: 1024  Batches: 1  Memory Usage: 9kB
                                                                                 ->  Seq Scan on role_type rt  (cost=0.00..1.15 rows=1 width=4) (actual time=0.037..0.038 rows=1 loops=3)
                                                                                       Filter: ((role)::text = 'actress'::text)
                                                                                       Rows Removed by Filter: 11
                                                                     ->  Parallel Hash  (cost=77318.68..77318.68 rows=396664 width=19) (actual time=544.556..544.557 rows=320518 loops=3)
                                                                           Buckets: 65536  Batches: 16  Memory Usage: 3872kB
                                                                           ->  Parallel Seq Scan on name n  (cost=0.00..77318.68 rows=396664 width=19) (actual time=179.410..435.301 rows=320518 loops=3)
                                                                                 Filter: ((gender)::text = 'f'::text)
                                                                                 Rows Removed by Filter: 1068645
                                                               ->  Parallel Hash  (cost=49532.75..49532.75 rows=1308475 width=20) (actual time=659.025..659.025 rows=1046780 loops=3)
                                                                     Buckets: 65536  Batches: 64  Memory Usage: 3232kB
                                                                     ->  Parallel Seq Scan on char_name chn  (cost=0.00..49532.75 rows=1308475 width=20) (actual time=0.062..294.294 rows=1046780 loops=3)
                                             ->  Parallel Hash  (cost=4722.92..4722.92 rows=50229 width=4) (actual time=38.892..38.892 rows=28281 loops=3)
                                                   Buckets: 131072  Batches: 1  Memory Usage: 4384kB
                                                   ->  Parallel Seq Scan on company_name cn  (cost=0.00..4722.92 rows=50229 width=4) (actual time=0.029..24.937 rows=28281 loops=3)
                                                         Filter: ((country_code)::text = '[us]'::text)
                                                         Rows Removed by Filter: 50051
 Planning Time: 15.412 ms
 Execution Time: 6785.792 ms
(51 rows)

